{
  "event_id": "0",
  "provider": "Microsoft-Windows-Hyper-V-VmSwitch",
  "channel": "Microsoft-Windows-Hyper-V-VmSwitch-Operational",
  "source_file": "D:\\visual code file\\Project_4\\Event-Analyzer\\test\\Benign\\Logs_Win11_2023\\Microsoft-Windows-Hyper-V-VmSwitch-Operational.evtx",
  "event_record_id": 1,
  "xml": "<?xml version=\"1.0\" encoding=\"utf-8\"?>\n<Event xmlns=\"http://schemas.microsoft.com/win/2004/08/events/event\">\n  <System>\n    <Provider Name=\"Microsoft-Windows-Hyper-V-VmSwitch\" Guid=\"67DC0D66-3695-47C0-9642-33F76F7BD7AD\">\n    </Provider>\n    <EventID>0</EventID>\n    <Version>0</Version>\n    <Level>4</Level>\n    <Task>0</Task>\n    <Opcode>0</Opcode>\n    <Keywords>0x0</Keywords>\n    <TimeCreated SystemTime=\"2023-10-25T22:04:02.954980Z\">\n    </TimeCreated>\n    <EventRecordID>1</EventRecordID>\n    <Correlation>\n    </Correlation>\n    <Execution ProcessID=\"4\" ThreadID=\"140\">\n    </Execution>\n    <Channel>Microsoft-Windows-Hyper-V-VmSwitch-Operational</Channel>\n    <Computer>WinDevEval</Computer>\n    <Security UserID=\"S-1-5-18\">\n    </Security>\n  </System>\n  <EventData Name=\"VmSwitch Driver state\">\n    <Data Name=\"State\">Started Loading</Data>\n    <Data Name=\"Function\">DriverEntry</Data>\n    <Data Name=\"DriverObject\">0xffff988693b05e00</Data>\n  </EventData>\n</Event>\n",
  "json": "{\"Event\":{\"#attributes\":{\"xmlns\":\"http://schemas.microsoft.com/win/2004/08/events/event\"},\"System\":{\"Provider\":{\"#attributes\":{\"Name\":\"Microsoft-Windows-Hyper-V-VmSwitch\",\"Guid\":\"67DC0D66-3695-47C0-9642-33F76F7BD7AD\"}},\"EventID\":0,\"Version\":0,\"Level\":4,\"Task\":0,\"Opcode\":0,\"Keywords\":\"0x0\",\"TimeCreated\":{\"#attributes\":{\"SystemTime\":\"2023-10-25T22:04:02.954980Z\"}},\"EventRecordID\":1,\"Correlation\":null,\"Execution\":{\"#attributes\":{\"ProcessID\":4,\"ThreadID\":140}},\"Channel\":\"Microsoft-Windows-Hyper-V-VmSwitch-Operational\",\"Computer\":\"WinDevEval\",\"Security\":{\"#attributes\":{\"UserID\":\"S-1-5-18\"}}},\"EventData\":{\"#attributes\":{\"Name\":\"VmSwitch Driver state\"},\"State\":\"Started Loading\",\"Function\":\"DriverEntry\",\"DriverObject\":\"0xffff988693b05e00\"}}}",
  "xml_fields": {
    "provider": "Microsoft-Windows-Hyper-V-VmSwitch",
    "event_id": "0",
    "timestamp": "2023-10-25T22:04:02.954980Z",
    "event_record_id": "1",
    "level": "4",
    "task": "0",
    "opcode": "0",
    "keywords": "0x0",
    "channel": "Microsoft-Windows-Hyper-V-VmSwitch-Operational",
    "computer": "WinDevEval",
    "State": "Started Loading",
    "Function": "DriverEntry",
    "DriverObject": "0xffff988693b05e00"
  },
  "json_fields": {
    "provider": "Microsoft-Windows-Hyper-V-VmSwitch",
    "channel": "Microsoft-Windows-Hyper-V-VmSwitch-Operational",
    "event_id": "0",
    "timestamp": "2023-10-25T22:04:02.954980Z",
    "event_record_id": "1",
    "level": "4",
    "task": "0",
    "opcode": "0",
    "keywords": "0x0",
    "computer": "WinDevEval",
    "State": "Started Loading",
    "Function": "DriverEntry",
    "DriverObject": "0xffff988693b05e00"
  }
}