{
  "event_id": "0",
  "provider": "Microsoft-Windows-Windows Firewall With Advanced Security",
  "channel": "Microsoft-Windows-Windows Firewall With Advanced Security/FirewallDiagnostics",
  "source_file": "D:\\visual code file\\Project_4\\Event-Analyzer\\test\\Benign\\Logs_Win11\\Microsoft-Windows-Windows Firewall With Advanced Security%4FirewallDiagnostics.evtx",
  "event_record_id": 1,
  "xml": "<?xml version=\"1.0\" encoding=\"utf-8\"?>\n<Event xmlns=\"http://schemas.microsoft.com/win/2004/08/events/event\">\n  <System>\n    <Provider Name=\"Microsoft-Windows-Windows Firewall With Advanced Security\" Guid=\"D1BC9AFF-2ABF-4D71-9146-ECB2A986EB85\">\n    </Provider>\n    <EventID>0</EventID>\n    <Version>0</Version>\n    <Level>4</Level>\n    <Task>0</Task>\n    <Opcode>0</Opcode>\n    <Keywords>0x0</Keywords>\n    <TimeCreated SystemTime=\"2022-03-02T18:05:47.600435Z\">\n    </TimeCreated>\n    <EventRecordID>1</EventRecordID>\n    <Correlation>\n    </Correlation>\n    <Execution ProcessID=\"2736\" ThreadID=\"3736\">\n    </Execution>\n    <Channel>Microsoft-Windows-Windows Firewall With Advanced Security/FirewallDiagnostics</Channel>\n    <Computer>DESKTOP-6D0DBMB</Computer>\n    <Security UserID=\"S-1-5-19\">\n    </Security>\n  </System>\n  <EventData Name=\"FwThreadWaitTimeAndHoldTimeForFwLock\">\n    <Data Name=\"callersAppCommandLine\">MPSSVC</Data>\n    <Data Name=\"callerFunctionName\">FwProfileMgrUpdateCachedPolicy</Data>\n    <Data Name=\"threadWaitAndLockHoldTimeMs\">7094</Data>\n    <Data Name=\"fwLockHoldTimeMs\">7094</Data>\n  </EventData>\n</Event>\n",
  "json": "{\"Event\":{\"#attributes\":{\"xmlns\":\"http://schemas.microsoft.com/win/2004/08/events/event\"},\"System\":{\"Provider\":{\"#attributes\":{\"Name\":\"Microsoft-Windows-Windows Firewall With Advanced Security\",\"Guid\":\"D1BC9AFF-2ABF-4D71-9146-ECB2A986EB85\"}},\"EventID\":0,\"Version\":0,\"Level\":4,\"Task\":0,\"Opcode\":0,\"Keywords\":\"0x0\",\"TimeCreated\":{\"#attributes\":{\"SystemTime\":\"2022-03-02T18:05:47.600435Z\"}},\"EventRecordID\":1,\"Correlation\":null,\"Execution\":{\"#attributes\":{\"ProcessID\":2736,\"ThreadID\":3736}},\"Channel\":\"Microsoft-Windows-Windows Firewall With Advanced Security/FirewallDiagnostics\",\"Computer\":\"DESKTOP-6D0DBMB\",\"Security\":{\"#attributes\":{\"UserID\":\"S-1-5-19\"}}},\"EventData\":{\"#attributes\":{\"Name\":\"FwThreadWaitTimeAndHoldTimeForFwLock\"},\"callersAppCommandLine\":\"MPSSVC\",\"callerFunctionName\":\"FwProfileMgrUpdateCachedPolicy\",\"threadWaitAndLockHoldTimeMs\":7094,\"fwLockHoldTimeMs\":7094}}}",
  "xml_fields": {
    "provider": "Microsoft-Windows-Windows Firewall With Advanced Security",
    "event_id": "0",
    "timestamp": "2022-03-02T18:05:47.600435Z",
    "event_record_id": "1",
    "level": "4",
    "task": "0",
    "opcode": "0",
    "keywords": "0x0",
    "channel": "Microsoft-Windows-Windows Firewall With Advanced Security/FirewallDiagnostics",
    "computer": "DESKTOP-6D0DBMB",
    "callersAppCommandLine": "MPSSVC",
    "callerFunctionName": "FwProfileMgrUpdateCachedPolicy",
    "threadWaitAndLockHoldTimeMs": "7094",
    "fwLockHoldTimeMs": "7094"
  },
  "json_fields": {
    "provider": "Microsoft-Windows-Windows Firewall With Advanced Security",
    "channel": "Microsoft-Windows-Windows Firewall With Advanced Security/FirewallDiagnostics",
    "event_id": "0",
    "timestamp": "2022-03-02T18:05:47.600435Z",
    "event_record_id": "1",
    "level": "4",
    "task": "0",
    "opcode": "0",
    "keywords": "0x0",
    "computer": "DESKTOP-6D0DBMB",
    "callersAppCommandLine": "MPSSVC",
    "callerFunctionName": "FwProfileMgrUpdateCachedPolicy",
    "threadWaitAndLockHoldTimeMs": "7094",
    "fwLockHoldTimeMs": "7094"
  }
}