{
  "event_id": "0",
  "provider": "Microsoft-Windows-Perflib",
  "channel": "Microsoft-Windows-Perflib/Operational",
  "source_file": "D:\\visual code file\\Project_4\\Event-Analyzer\\test\\Benign\\Logs_Win11_2023\\Microsoft-Windows-Perflib%4Operational.evtx",
  "event_record_id": 1,
  "xml": "<?xml version=\"1.0\" encoding=\"utf-8\"?>\n<Event xmlns=\"http://schemas.microsoft.com/win/2004/08/events/event\">\n  <System>\n    <Provider Name=\"Microsoft-Windows-Perflib\" Guid=\"13B197BD-7CEE-4B4E-8DD0-59314CE374CE\">\n    </Provider>\n    <EventID>0</EventID>\n    <Version>0</Version>\n    <Level>5</Level>\n    <Task>0</Task>\n    <Opcode>0</Opcode>\n    <Keywords>0x4000000000000000</Keywords>\n    <TimeCreated SystemTime=\"2023-10-25T21:28:44.420298Z\">\n    </TimeCreated>\n    <EventRecordID>1</EventRecordID>\n    <Correlation>\n    </Correlation>\n    <Execution ProcessID=\"8208\" ThreadID=\"8204\">\n    </Execution>\n    <Channel>Microsoft-Windows-Perflib/Operational</Channel>\n    <Computer>WinDevEval</Computer>\n    <Security UserID=\"S-1-5-18\">\n    </Security>\n  </System>\n  <EventData Name=\"UnloadPerfCounterTextStrings-Begin\">\n    <Data Name=\"CommandLine\">xx WmiApRpl</Data>\n    <Data Name=\"Quiet\">true</Data>\n  </EventData>\n</Event>\n",
  "json": "{\"Event\":{\"#attributes\":{\"xmlns\":\"http://schemas.microsoft.com/win/2004/08/events/event\"},\"System\":{\"Provider\":{\"#attributes\":{\"Name\":\"Microsoft-Windows-Perflib\",\"Guid\":\"13B197BD-7CEE-4B4E-8DD0-59314CE374CE\"}},\"EventID\":0,\"Version\":0,\"Level\":5,\"Task\":0,\"Opcode\":0,\"Keywords\":\"0x4000000000000000\",\"TimeCreated\":{\"#attributes\":{\"SystemTime\":\"2023-10-25T21:28:44.420298Z\"}},\"EventRecordID\":1,\"Correlation\":null,\"Execution\":{\"#attributes\":{\"ProcessID\":8208,\"ThreadID\":8204}},\"Channel\":\"Microsoft-Windows-Perflib/Operational\",\"Computer\":\"WinDevEval\",\"Security\":{\"#attributes\":{\"UserID\":\"S-1-5-18\"}}},\"EventData\":{\"#attributes\":{\"Name\":\"UnloadPerfCounterTextStrings-Begin\"},\"CommandLine\":\"xx WmiApRpl\",\"Quiet\":true}}}",
  "xml_fields": {
    "provider": "Microsoft-Windows-Perflib",
    "event_id": "0",
    "timestamp": "2023-10-25T21:28:44.420298Z",
    "event_record_id": "1",
    "level": "5",
    "task": "0",
    "opcode": "0",
    "keywords": "0x4000000000000000",
    "channel": "Microsoft-Windows-Perflib/Operational",
    "computer": "WinDevEval",
    "CommandLine": "xx WmiApRpl",
    "Quiet": "true"
  },
  "json_fields": {
    "provider": "Microsoft-Windows-Perflib",
    "channel": "Microsoft-Windows-Perflib/Operational",
    "event_id": "0",
    "timestamp": "2023-10-25T21:28:44.420298Z",
    "event_record_id": "1",
    "level": "5",
    "task": "0",
    "opcode": "0",
    "keywords": "0x4000000000000000",
    "computer": "WinDevEval",
    "CommandLine": "xx WmiApRpl",
    "Quiet": "True"
  }
}