{
  "event_id": "10002",
  "provider": "Microsoft-Windows-RestartManager",
  "channel": "Application",
  "source_file": "D:\\visual code file\\Project_4\\Event-Analyzer\\test\\Benign\\Logs_Win11_2023\\Application.evtx",
  "event_record_id": 1463,
  "xml": "<?xml version=\"1.0\" encoding=\"utf-8\"?>\n<Event xmlns=\"http://schemas.microsoft.com/win/2004/08/events/event\">\n  <System>\n    <Provider Name=\"Microsoft-Windows-RestartManager\" Guid=\"0888E5EF-9B98-4695-979D-E92CE4247224\">\n    </Provider>\n    <EventID>10002</EventID>\n    <Version>0</Version>\n    <Level>4</Level>\n    <Task>0</Task>\n    <Opcode>0</Opcode>\n    <Keywords>0x8000000000000000</Keywords>\n    <TimeCreated SystemTime=\"2023-11-05T22:27:34.525203Z\">\n    </TimeCreated>\n    <EventRecordID>1463</EventRecordID>\n    <Correlation>\n    </Correlation>\n    <Execution ProcessID=\"1520\" ThreadID=\"5908\">\n    </Execution>\n    <Channel>Application</Channel>\n    <Computer>WinDev2310Eval</Computer>\n    <Security UserID=\"S-1-5-18\">\n    </Security>\n  </System>\n  <UserData>\n    <RmApplicationEvent xmlns=\"http://www.microsoft.com/2005/08/Windows/Reliability/RestartManager/\">\n      <RmSessionId>0</RmSessionId>\n      <FullPath>C:\\Program Files\\VMware\\VMware Tools\\vmtoolsd.exe</FullPath>\n      <DisplayName>VMware Tools</DisplayName>\n      <AppVersion>0</AppVersion>\n      <AppType>3</AppType>\n      <TSSessionId>0</TSSessionId>\n      <Status>262146</Status>\n      <Pid>3896</Pid>\n      <nFiles>0</nFiles>\n      <Files>\n        <File></File>\n      </Files>\n    </RmApplicationEvent>\n  </UserData>\n</Event>\n",
  "json": "{\"Event\":{\"#attributes\":{\"xmlns\":\"http://schemas.microsoft.com/win/2004/08/events/event\"},\"System\":{\"Provider\":{\"#attributes\":{\"Name\":\"Microsoft-Windows-RestartManager\",\"Guid\":\"0888E5EF-9B98-4695-979D-E92CE4247224\"}},\"EventID\":10002,\"Version\":0,\"Level\":4,\"Task\":0,\"Opcode\":0,\"Keywords\":\"0x8000000000000000\",\"TimeCreated\":{\"#attributes\":{\"SystemTime\":\"2023-11-05T22:27:34.525203Z\"}},\"EventRecordID\":1463,\"Correlation\":null,\"Execution\":{\"#attributes\":{\"ProcessID\":1520,\"ThreadID\":5908}},\"Channel\":\"Application\",\"Computer\":\"WinDev2310Eval\",\"Security\":{\"#attributes\":{\"UserID\":\"S-1-5-18\"}}},\"UserData\":{\"RmApplicationEvent\":{\"#attributes\":{\"xmlns\":\"http://www.microsoft.com/2005/08/Windows/Reliability/RestartManager/\"},\"RmSessionId\":0,\"FullPath\":\"C:\\\\Program Files\\\\VMware\\\\VMware Tools\\\\vmtoolsd.exe\",\"DisplayName\":\"VMware Tools\",\"AppVersion\":0,\"AppType\":3,\"TSSessionId\":0,\"Status\":262146,\"Pid\":3896,\"nFiles\":0,\"Files\":{\"File\":null}}}}}",
  "xml_fields": {
    "provider": "Microsoft-Windows-RestartManager",
    "event_id": "10002",
    "timestamp": "2023-11-05T22:27:34.525203Z",
    "event_record_id": "1463",
    "level": "4",
    "task": "0",
    "opcode": "0",
    "keywords": "0x8000000000000000",
    "channel": "Application",
    "computer": "WinDev2310Eval",
    "RmSessionId": "0",
    "FullPath": "C:\\Program Files\\VMware\\VMware Tools\\vmtoolsd.exe",
    "DisplayName": "VMware Tools",
    "AppVersion": "0",
    "AppType": "3",
    "TSSessionId": "0",
    "Status": "262146",
    "Pid": "3896",
    "nFiles": "0"
  },
  "json_fields": {
    "provider": "Microsoft-Windows-RestartManager",
    "channel": "Application",
    "event_id": "10002",
    "timestamp": "2023-11-05T22:27:34.525203Z",
    "event_record_id": "1463",
    "level": "4",
    "task": "0",
    "opcode": "0",
    "keywords": "0x8000000000000000",
    "computer": "WinDev2310Eval",
    "RmSessionId": "0",
    "FullPath": "C:\\Program Files\\VMware\\VMware Tools\\vmtoolsd.exe",
    "DisplayName": "VMware Tools",
    "AppVersion": "0",
    "AppType": "3",
    "TSSessionId": "0",
    "Status": "262146",
    "Pid": "3896",
    "nFiles": "0"
  }
}