{
  "event_id": "10002",
  "provider": "Microsoft-Windows-NetworkProfile",
  "channel": "Microsoft-Windows-NetworkProfile/Operational",
  "source_file": "D:\\visual code file\\Project_4\\Event-Analyzer\\test\\Benign\\Logs_Win11_2023\\Microsoft-Windows-NetworkProfile%4Operational.evtx",
  "event_record_id": 13,
  "xml": "<?xml version=\"1.0\" encoding=\"utf-8\"?>\n<Event xmlns=\"http://schemas.microsoft.com/win/2004/08/events/event\">\n  <System>\n    <Provider Name=\"Microsoft-Windows-NetworkProfile\" Guid=\"FBCFAC3F-8459-419F-8E48-1F0B49CDB85E\">\n    </Provider>\n    <EventID>10002</EventID>\n    <Version>0</Version>\n    <Level>4</Level>\n    <Task>0</Task>\n    <Opcode>0</Opcode>\n    <Keywords>0x4000200000000020</Keywords>\n    <TimeCreated SystemTime=\"2023-10-25T21:24:15.252893Z\">\n    </TimeCreated>\n    <EventRecordID>13</EventRecordID>\n    <Correlation ActivityID=\"DE03B784-07C3-0001-12DB-03DEC307DA01\">\n    </Correlation>\n    <Execution ProcessID=\"1664\" ThreadID=\"1716\">\n    </Execution>\n    <Channel>Microsoft-Windows-NetworkProfile/Operational</Channel>\n    <Computer>WinDevEval</Computer>\n    <Security UserID=\"S-1-5-20\">\n    </Security>\n  </System>\n  <EventData>\n    <Data Name=\"Name\">Network</Data>\n    <Data Name=\"Description\">Network</Data>\n    <Data Name=\"Guid\">CCA758A9-AB99-4B7F-9121-7579AC97B62E</Data>\n    <Data Name=\"Type\">0</Data>\n    <Data Name=\"State\">9</Data>\n    <Data Name=\"Category\">1</Data>\n  </EventData>\n</Event>\n",
  "json": "{\"Event\":{\"#attributes\":{\"xmlns\":\"http://schemas.microsoft.com/win/2004/08/events/event\"},\"System\":{\"Provider\":{\"#attributes\":{\"Name\":\"Microsoft-Windows-NetworkProfile\",\"Guid\":\"FBCFAC3F-8459-419F-8E48-1F0B49CDB85E\"}},\"EventID\":10002,\"Version\":0,\"Level\":4,\"Task\":0,\"Opcode\":0,\"Keywords\":\"0x4000200000000020\",\"TimeCreated\":{\"#attributes\":{\"SystemTime\":\"2023-10-25T21:24:15.252893Z\"}},\"EventRecordID\":13,\"Correlation\":{\"#attributes\":{\"ActivityID\":\"DE03B784-07C3-0001-12DB-03DEC307DA01\"}},\"Execution\":{\"#attributes\":{\"ProcessID\":1664,\"ThreadID\":1716}},\"Channel\":\"Microsoft-Windows-NetworkProfile/Operational\",\"Computer\":\"WinDevEval\",\"Security\":{\"#attributes\":{\"UserID\":\"S-1-5-20\"}}},\"EventData\":{\"Name\":\"Network\",\"Description\":\"Network\",\"Guid\":\"CCA758A9-AB99-4B7F-9121-7579AC97B62E\",\"Type\":0,\"State\":9,\"Category\":1}}}",
  "xml_fields": {
    "provider": "Microsoft-Windows-NetworkProfile",
    "event_id": "10002",
    "timestamp": "2023-10-25T21:24:15.252893Z",
    "event_record_id": "13",
    "level": "4",
    "task": "0",
    "opcode": "0",
    "keywords": "0x4000200000000020",
    "channel": "Microsoft-Windows-NetworkProfile/Operational",
    "computer": "WinDevEval",
    "Name": "Network",
    "Description": "Network",
    "Guid": "CCA758A9-AB99-4B7F-9121-7579AC97B62E",
    "Type": "0",
    "State": "9",
    "Category": "1"
  },
  "json_fields": {
    "provider": "Microsoft-Windows-NetworkProfile",
    "channel": "Microsoft-Windows-NetworkProfile/Operational",
    "event_id": "10002",
    "timestamp": "2023-10-25T21:24:15.252893Z",
    "event_record_id": "13",
    "level": "4",
    "task": "0",
    "opcode": "0",
    "keywords": "0x4000200000000020",
    "computer": "WinDevEval",
    "Name": "Network",
    "Description": "Network",
    "Guid": "CCA758A9-AB99-4B7F-9121-7579AC97B62E",
    "Type": "0",
    "State": "9",
    "Category": "1"
  }
}