{
  "event_id": "10005",
  "provider": "Microsoft-Windows-RestartManager",
  "channel": "Application",
  "source_file": "D:\\visual code file\\Project_4\\Event-Analyzer\\test\\Benign\\Logs_Win11_2023\\Application.evtx",
  "event_record_id": 1455,
  "xml": "<?xml version=\"1.0\" encoding=\"utf-8\"?>\n<Event xmlns=\"http://schemas.microsoft.com/win/2004/08/events/event\">\n  <System>\n    <Provider Name=\"Microsoft-Windows-RestartManager\" Guid=\"0888E5EF-9B98-4695-979D-E92CE4247224\">\n    </Provider>\n    <EventID>10005</EventID>\n    <Version>0</Version>\n    <Level>4</Level>\n    <Task>0</Task>\n    <Opcode>0</Opcode>\n    <Keywords>0x8000000000000000</Keywords>\n    <TimeCreated SystemTime=\"2023-11-05T22:27:32.759392Z\">\n    </TimeCreated>\n    <EventRecordID>1455</EventRecordID>\n    <Correlation>\n    </Correlation>\n    <Execution ProcessID=\"5140\" ThreadID=\"5984\">\n    </Execution>\n    <Channel>Application</Channel>\n    <Computer>WinDev2310Eval</Computer>\n    <Security UserID=\"S-1-5-18\">\n    </Security>\n  </System>\n  <UserData>\n    <RmRestartEvent xmlns=\"http://www.microsoft.com/2005/08/Windows/Reliability/RestartManager/\">\n      <RmSessionId>0</RmSessionId>\n      <nApplications>1</nApplications>\n      <Applications>\n        <Application>MSOOBE EXE</Application>\n      </Applications>\n      <RebootReasons>2</RebootReasons>\n    </RmRestartEvent>\n  </UserData>\n</Event>\n",
  "json": "{\"Event\":{\"#attributes\":{\"xmlns\":\"http://schemas.microsoft.com/win/2004/08/events/event\"},\"System\":{\"Provider\":{\"#attributes\":{\"Name\":\"Microsoft-Windows-RestartManager\",\"Guid\":\"0888E5EF-9B98-4695-979D-E92CE4247224\"}},\"EventID\":10005,\"Version\":0,\"Level\":4,\"Task\":0,\"Opcode\":0,\"Keywords\":\"0x8000000000000000\",\"TimeCreated\":{\"#attributes\":{\"SystemTime\":\"2023-11-05T22:27:32.759392Z\"}},\"EventRecordID\":1455,\"Correlation\":null,\"Execution\":{\"#attributes\":{\"ProcessID\":5140,\"ThreadID\":5984}},\"Channel\":\"Application\",\"Computer\":\"WinDev2310Eval\",\"Security\":{\"#attributes\":{\"UserID\":\"S-1-5-18\"}}},\"UserData\":{\"RmRestartEvent\":{\"#attributes\":{\"xmlns\":\"http://www.microsoft.com/2005/08/Windows/Reliability/RestartManager/\"},\"RmSessionId\":0,\"nApplications\":1,\"Applications\":{\"Application\":\"MSOOBE EXE\"},\"RebootReasons\":2}}}}",
  "xml_fields": {
    "provider": "Microsoft-Windows-RestartManager",
    "event_id": "10005",
    "timestamp": "2023-11-05T22:27:32.759392Z",
    "event_record_id": "1455",
    "level": "4",
    "task": "0",
    "opcode": "0",
    "keywords": "0x8000000000000000",
    "channel": "Application",
    "computer": "WinDev2310Eval",
    "RmSessionId": "0",
    "nApplications": "1",
    "Application": "MSOOBE EXE",
    "RebootReasons": "2"
  },
  "json_fields": {
    "provider": "Microsoft-Windows-RestartManager",
    "channel": "Application",
    "event_id": "10005",
    "timestamp": "2023-11-05T22:27:32.759392Z",
    "event_record_id": "1455",
    "level": "4",
    "task": "0",
    "opcode": "0",
    "keywords": "0x8000000000000000",
    "computer": "WinDev2310Eval",
    "RmSessionId": "0",
    "nApplications": "1",
    "Application": "MSOOBE EXE",
    "RebootReasons": "2"
  }
}