{
  "event_id": "10000",
  "provider": "Microsoft-Windows-RestartManager",
  "channel": "Application",
  "source_file": "D:\\visual code file\\Project_4\\Event-Analyzer\\test\\Logs\\Application.evtx",
  "event_record_id": 64,
  "xml": "<?xml version=\"1.0\" encoding=\"utf-8\"?>\n<Event xmlns=\"http://schemas.microsoft.com/win/2004/08/events/event\">\n  <System>\n    <Provider Name=\"Microsoft-Windows-RestartManager\" Guid=\"0888E5EF-9B98-4695-979D-E92CE4247224\">\n    </Provider>\n    <EventID>10000</EventID>\n    <Version>0</Version>\n    <Level>4</Level>\n    <Task>0</Task>\n    <Opcode>0</Opcode>\n    <Keywords>0x8000000000000000</Keywords>\n    <TimeCreated SystemTime=\"2024-11-04T12:39:29.026716Z\">\n    </TimeCreated>\n    <EventRecordID>64</EventRecordID>\n    <Correlation>\n    </Correlation>\n    <Execution ProcessID=\"6464\" ThreadID=\"5356\">\n    </Execution>\n    <Channel>Application</Channel>\n    <Computer>DESKTOP-P9H5FTA</Computer>\n    <Security UserID=\"S-1-5-18\">\n    </Security>\n  </System>\n  <UserData>\n    <RmSessionEvent xmlns=\"http://www.microsoft.com/2005/08/Windows/Reliability/RestartManager/\">\n      <RmSessionId>0</RmSessionId>\n      <UTCStartTime>2024-11-04T12:39:29.017774Z</UTCStartTime>\n    </RmSessionEvent>\n  </UserData>\n</Event>\n",
  "json": "{\"Event\":{\"#attributes\":{\"xmlns\":\"http://schemas.microsoft.com/win/2004/08/events/event\"},\"System\":{\"Provider\":{\"#attributes\":{\"Name\":\"Microsoft-Windows-RestartManager\",\"Guid\":\"0888E5EF-9B98-4695-979D-E92CE4247224\"}},\"EventID\":10000,\"Version\":0,\"Level\":4,\"Task\":0,\"Opcode\":0,\"Keywords\":\"0x8000000000000000\",\"TimeCreated\":{\"#attributes\":{\"SystemTime\":\"2024-11-04T12:39:29.026716Z\"}},\"EventRecordID\":64,\"Correlation\":null,\"Execution\":{\"#attributes\":{\"ProcessID\":6464,\"ThreadID\":5356}},\"Channel\":\"Application\",\"Computer\":\"DESKTOP-P9H5FTA\",\"Security\":{\"#attributes\":{\"UserID\":\"S-1-5-18\"}}},\"UserData\":{\"RmSessionEvent\":{\"#attributes\":{\"xmlns\":\"http://www.microsoft.com/2005/08/Windows/Reliability/RestartManager/\"},\"RmSessionId\":0,\"UTCStartTime\":\"2024-11-04T12:39:29.017774Z\"}}}}",
  "xml_fields": {
    "provider": "Microsoft-Windows-RestartManager",
    "event_id": "10000",
    "timestamp": "2024-11-04T12:39:29.026716Z",
    "event_record_id": "64",
    "level": "4",
    "task": "0",
    "opcode": "0",
    "keywords": "0x8000000000000000",
    "channel": "Application",
    "computer": "DESKTOP-P9H5FTA",
    "RmSessionId": "0",
    "UTCStartTime": "2024-11-04T12:39:29.017774Z"
  },
  "json_fields": {
    "provider": "Microsoft-Windows-RestartManager",
    "channel": "Application",
    "event_id": "10000",
    "timestamp": "2024-11-04T12:39:29.026716Z",
    "event_record_id": "64",
    "level": "4",
    "task": "0",
    "opcode": "0",
    "keywords": "0x8000000000000000",
    "computer": "DESKTOP-P9H5FTA",
    "RmSessionId": "0",
    "UTCStartTime": "2024-11-04T12:39:29.017774Z"
  }
}