{
  "event_id": "1000",
  "provider": "Microsoft-Windows-Privacy-Auditing-CPSS",
  "channel": "Microsoft-Windows-Privacy-Auditing/Operational",
  "source_file": "D:\\visual code file\\Project_4\\Event-Analyzer\\test\\Benign\\Logs_Win11_2023\\Microsoft-Windows-Privacy-Auditing%4Operational.evtx",
  "event_record_id": 1,
  "xml": "<?xml version=\"1.0\" encoding=\"utf-8\"?>\n<Event xmlns=\"http://schemas.microsoft.com/win/2004/08/events/event\">\n  <System>\n    <Provider Name=\"Microsoft-Windows-Privacy-Auditing-CPSS\" Guid=\"15F4CD44-CA53-5422-DB17-4E76821B5A69\">\n    </Provider>\n    <EventID>1000</EventID>\n    <Version>0</Version>\n    <Level>4</Level>\n    <Task>10</Task>\n    <Opcode>0</Opcode>\n    <Keywords>0x8000000000000001</Keywords>\n    <TimeCreated SystemTime=\"2023-10-26T04:17:21.725904Z\">\n    </TimeCreated>\n    <EventRecordID>1</EventRecordID>\n    <Correlation>\n    </Correlation>\n    <Execution ProcessID=\"2748\" ThreadID=\"2976\">\n    </Execution>\n    <Channel>Microsoft-Windows-Privacy-Auditing/Operational</Channel>\n    <Computer>WIN-OQ6R0RVA4NF</Computer>\n    <Security UserID=\"S-1-5-18\">\n    </Security>\n  </System>\n  <EventData>\n    <Data Name=\"ProcessUserSid\">S-1-5-18</Data>\n    <Data Name=\"ProcessName\">svchost.exe</Data>\n    <Data Name=\"ProcessAppPackageFullName\"></Data>\n    <Data Name=\"OldSettingValue\">NULL</Data>\n    <Data Name=\"NewSettingValue\">false</Data>\n    <Data Name=\"TargetUserSid\"></Data>\n    <Data Name=\"HResult\">0x0</Data>\n    <Data Name=\"Component\">TailoredExperiencesWithDiagnosticDataEnabled</Data>\n    <Data Name=\"Area\">Area</Data>\n    <Data Name=\"SubArea\">SubArea</Data>\n    <Data Name=\"ID\">ID</Data>\n    <Data Name=\"Justification\">Projection overrode CPSS value</Data>\n    <Data Name=\"TestCode\">false</Data>\n  </EventData>\n</Event>\n",
  "json": "{\"Event\":{\"#attributes\":{\"xmlns\":\"http://schemas.microsoft.com/win/2004/08/events/event\"},\"System\":{\"Provider\":{\"#attributes\":{\"Name\":\"Microsoft-Windows-Privacy-Auditing-CPSS\",\"Guid\":\"15F4CD44-CA53-5422-DB17-4E76821B5A69\"}},\"EventID\":1000,\"Version\":0,\"Level\":4,\"Task\":10,\"Opcode\":0,\"Keywords\":\"0x8000000000000001\",\"TimeCreated\":{\"#attributes\":{\"SystemTime\":\"2023-10-26T04:17:21.725904Z\"}},\"EventRecordID\":1,\"Correlation\":null,\"Execution\":{\"#attributes\":{\"ProcessID\":2748,\"ThreadID\":2976}},\"Channel\":\"Microsoft-Windows-Privacy-Auditing/Operational\",\"Computer\":\"WIN-OQ6R0RVA4NF\",\"Security\":{\"#attributes\":{\"UserID\":\"S-1-5-18\"}}},\"EventData\":{\"ProcessUserSid\":\"S-1-5-18\",\"ProcessName\":\"svchost.exe\",\"ProcessAppPackageFullName\":\"\",\"OldSettingValue\":\"NULL\",\"NewSettingValue\":\"false\",\"TargetUserSid\":\"\",\"HResult\":\"0x0\",\"Component\":\"TailoredExperiencesWithDiagnosticDataEnabled\",\"Area\":\"Area\",\"SubArea\":\"SubArea\",\"ID\":\"ID\",\"Justification\":\"Projection overrode CPSS value\",\"TestCode\":false}}}",
  "xml_fields": {
    "provider": "Microsoft-Windows-Privacy-Auditing-CPSS",
    "event_id": "1000",
    "timestamp": "2023-10-26T04:17:21.725904Z",
    "event_record_id": "1",
    "level": "4",
    "task": "10",
    "opcode": "0",
    "keywords": "0x8000000000000001",
    "channel": "Microsoft-Windows-Privacy-Auditing/Operational",
    "computer": "WIN-OQ6R0RVA4NF",
    "ProcessUserSid": "S-1-5-18",
    "ProcessName": "svchost.exe",
    "ProcessAppPackageFullName": "",
    "OldSettingValue": "NULL",
    "NewSettingValue": "false",
    "TargetUserSid": "",
    "HResult": "0x0",
    "Component": "TailoredExperiencesWithDiagnosticDataEnabled",
    "Area": "Area",
    "SubArea": "SubArea",
    "ID": "ID",
    "Justification": "Projection overrode CPSS value",
    "TestCode": "false"
  },
  "json_fields": {
    "provider": "Microsoft-Windows-Privacy-Auditing-CPSS",
    "channel": "Microsoft-Windows-Privacy-Auditing/Operational",
    "event_id": "1000",
    "timestamp": "2023-10-26T04:17:21.725904Z",
    "event_record_id": "1",
    "level": "4",
    "task": "10",
    "opcode": "0",
    "keywords": "0x8000000000000001",
    "computer": "WIN-OQ6R0RVA4NF",
    "ProcessUserSid": "S-1-5-18",
    "ProcessName": "svchost.exe",
    "ProcessAppPackageFullName": "",
    "OldSettingValue": "NULL",
    "NewSettingValue": "false",
    "TargetUserSid": "",
    "HResult": "0x0",
    "Component": "TailoredExperiencesWithDiagnosticDataEnabled",
    "Area": "Area",
    "SubArea": "SubArea",
    "ID": "ID",
    "Justification": "Projection overrode CPSS value",
    "TestCode": "False"
  }
}