{
  "event_id": "1000",
  "provider": "Application Error",
  "channel": "Application",
  "source_file": "D:\\visual code file\\Project_4\\Event-Analyzer\\test\\Logs\\Application.evtx",
  "event_record_id": 628,
  "xml": "<?xml version=\"1.0\" encoding=\"utf-8\"?>\n<Event xmlns=\"http://schemas.microsoft.com/win/2004/08/events/event\">\n  <System>\n    <Provider Name=\"Application Error\">\n    </Provider>\n    <EventID Qualifiers=\"0\">1000</EventID>\n    <Version>0</Version>\n    <Level>2</Level>\n    <Task>100</Task>\n    <Opcode>0</Opcode>\n    <Keywords>0x80000000000000</Keywords>\n    <TimeCreated SystemTime=\"2025-01-24T10:39:55.781166Z\">\n    </TimeCreated>\n    <EventRecordID>628</EventRecordID>\n    <Correlation>\n    </Correlation>\n    <Execution ProcessID=\"0\" ThreadID=\"0\">\n    </Execution>\n    <Channel>Application</Channel>\n    <Computer>CTO-FILESVR</Computer>\n    <Security>\n    </Security>\n  </System>\n  <EventData>\n    <Data>wuauclt.exe</Data>\n    <Data>10.0.19041.3635</Data>\n    <Data>35946a52</Data>\n    <Data>KERNELBASE.dll</Data>\n    <Data>10.0.19041.1949</Data>\n    <Data>cb12e58e</Data>\n    <Data>c0000409</Data>\n    <Data>000000000010fb62</Data>\n    <Data>207c</Data>\n    <Data>01db6e4bf3c01677</Data>\n    <Data>C:\\Windows\\system32\\wuauclt.exe</Data>\n    <Data>C:\\Windows\\System32\\KERNELBASE.dll</Data>\n    <Data>a9910d4e-9815-4228-8410-2e3e6b76d83d</Data>\n    <Data>\n    </Data>\n    <Data>\n    </Data>\n    <Binary></Binary>\n  </EventData>\n</Event>\n",
  "json": "{\"Event\":{\"#attributes\":{\"xmlns\":\"http://schemas.microsoft.com/win/2004/08/events/event\"},\"System\":{\"Provider\":{\"#attributes\":{\"Name\":\"Application Error\"}},\"EventID\":{\"#attributes\":{\"Qualifiers\":0},\"#text\":1000},\"Version\":0,\"Level\":2,\"Task\":100,\"Opcode\":0,\"Keywords\":\"0x80000000000000\",\"TimeCreated\":{\"#attributes\":{\"SystemTime\":\"2025-01-24T10:39:55.781166Z\"}},\"EventRecordID\":628,\"Correlation\":null,\"Execution\":{\"#attributes\":{\"ProcessID\":0,\"ThreadID\":0}},\"Channel\":\"Application\",\"Computer\":\"CTO-FILESVR\",\"Security\":null},\"EventData\":{\"Data\":{\"#text\":[\"wuauclt.exe\",\"10.0.19041.3635\",\"35946a52\",\"KERNELBASE.dll\",\"10.0.19041.1949\",\"cb12e58e\",\"c0000409\",\"000000000010fb62\",\"207c\",\"01db6e4bf3c01677\",\"C:\\\\Windows\\\\system32\\\\wuauclt.exe\",\"C:\\\\Windows\\\\System32\\\\KERNELBASE.dll\",\"a9910d4e-9815-4228-8410-2e3e6b76d83d\",\"\",\"\"]},\"Binary\":null}}}",
  "xml_fields": {
    "provider": "Application Error",
    "event_id": "1000",
    "timestamp": "2025-01-24T10:39:55.781166Z",
    "event_record_id": "628",
    "level": "2",
    "task": "100",
    "opcode": "0",
    "keywords": "0x80000000000000",
    "channel": "Application",
    "computer": "CTO-FILESVR",
    "_data_0": "wuauclt.exe",
    "_data_1": "10.0.19041.3635",
    "_data_2": "35946a52",
    "_data_3": "KERNELBASE.dll",
    "_data_4": "10.0.19041.1949",
    "_data_5": "cb12e58e",
    "_data_6": "c0000409",
    "_data_7": "000000000010fb62",
    "_data_8": "207c",
    "_data_9": "01db6e4bf3c01677",
    "_data_10": "C:\\Windows\\system32\\wuauclt.exe",
    "_data_11": "C:\\Windows\\System32\\KERNELBASE.dll",
    "_data_12": "a9910d4e-9815-4228-8410-2e3e6b76d83d",
    "_data_13": "\n    ",
    "_data_14": "\n    "
  },
  "json_fields": {
    "provider": "Application Error",
    "channel": "Application",
    "event_id": "1000",
    "timestamp": "2025-01-24T10:39:55.781166Z",
    "event_record_id": "628",
    "level": "2",
    "task": "100",
    "opcode": "0",
    "keywords": "0x80000000000000",
    "computer": "CTO-FILESVR",
    "_data_0": "wuauclt.exe",
    "_data_1": "10.0.19041.3635",
    "_data_2": "35946a52",
    "_data_3": "KERNELBASE.dll",
    "_data_4": "10.0.19041.1949",
    "_data_5": "cb12e58e",
    "_data_6": "c0000409",
    "_data_7": "000000000010fb62",
    "_data_8": "207c",
    "_data_9": "01db6e4bf3c01677",
    "_data_10": "C:\\Windows\\system32\\wuauclt.exe",
    "_data_11": "C:\\Windows\\System32\\KERNELBASE.dll",
    "_data_12": "a9910d4e-9815-4228-8410-2e3e6b76d83d",
    "_data_13": "",
    "_data_14": ""
  }
}