{
  "event_id": "10002",
  "provider": "Microsoft-Windows-Winsrv",
  "channel": "Application",
  "source_file": "D:\\visual code file\\Project_4\\Event-Analyzer\\test\\Benign\\win2022-0-20348-azure\\Application.evtx",
  "event_record_id": 452,
  "xml": "<?xml version=\"1.0\" encoding=\"utf-8\"?>\n<Event xmlns=\"http://schemas.microsoft.com/win/2004/08/events/event\">\n  <System>\n    <Provider Name=\"Microsoft-Windows-Winsrv\" Guid=\"9D55B53D-449B-4824-A637-24F9D69AA02F\">\n    </Provider>\n    <EventID>10002</EventID>\n    <Version>0</Version>\n    <Level>4</Level>\n    <Task>0</Task>\n    <Opcode>0</Opcode>\n    <Keywords>0x8000000000000000</Keywords>\n    <TimeCreated SystemTime=\"2022-09-18T09:23:52.618136Z\">\n    </TimeCreated>\n    <EventRecordID>452</EventRecordID>\n    <Correlation>\n    </Correlation>\n    <Execution ProcessID=\"4536\" ThreadID=\"772\">\n    </Execution>\n    <Channel>Application</Channel>\n    <Computer>Agamemnon</Computer>\n    <Security UserID=\"S-1-5-18\">\n    </Security>\n  </System>\n  <UserData>\n    <HungAppEvent xmlns=\"http://manifests.microsoft.com/win/2004/08/windows/winsrv\">\n      <AppName>msedge.exe</AppName>\n    </HungAppEvent>\n  </UserData>\n</Event>\n",
  "json": "{\"Event\":{\"#attributes\":{\"xmlns\":\"http://schemas.microsoft.com/win/2004/08/events/event\"},\"System\":{\"Provider\":{\"#attributes\":{\"Name\":\"Microsoft-Windows-Winsrv\",\"Guid\":\"9D55B53D-449B-4824-A637-24F9D69AA02F\"}},\"EventID\":10002,\"Version\":0,\"Level\":4,\"Task\":0,\"Opcode\":0,\"Keywords\":\"0x8000000000000000\",\"TimeCreated\":{\"#attributes\":{\"SystemTime\":\"2022-09-18T09:23:52.618136Z\"}},\"EventRecordID\":452,\"Correlation\":null,\"Execution\":{\"#attributes\":{\"ProcessID\":4536,\"ThreadID\":772}},\"Channel\":\"Application\",\"Computer\":\"Agamemnon\",\"Security\":{\"#attributes\":{\"UserID\":\"S-1-5-18\"}}},\"UserData\":{\"HungAppEvent\":{\"#attributes\":{\"xmlns\":\"http://manifests.microsoft.com/win/2004/08/windows/winsrv\"},\"AppName\":\"msedge.exe\"}}}}",
  "xml_fields": {
    "provider": "Microsoft-Windows-Winsrv",
    "event_id": "10002",
    "timestamp": "2022-09-18T09:23:52.618136Z",
    "event_record_id": "452",
    "level": "4",
    "task": "0",
    "opcode": "0",
    "keywords": "0x8000000000000000",
    "channel": "Application",
    "computer": "Agamemnon",
    "AppName": "msedge.exe"
  },
  "json_fields": {
    "provider": "Microsoft-Windows-Winsrv",
    "channel": "Application",
    "event_id": "10002",
    "timestamp": "2022-09-18T09:23:52.618136Z",
    "event_record_id": "452",
    "level": "4",
    "task": "0",
    "opcode": "0",
    "keywords": "0x8000000000000000",
    "computer": "Agamemnon",
    "AppName": "msedge.exe"
  }
}