{
  "event_id": "10000",
  "provider": "Microsoft-Windows-DriverFrameworks-UserMode",
  "channel": "System",
  "source_file": "D:\\visual code file\\Project_4\\Event-Analyzer\\test\\Benign\\Logs_Win11\\System.evtx",
  "event_record_id": 229,
  "xml": "<?xml version=\"1.0\" encoding=\"utf-8\"?>\n<Event xmlns=\"http://schemas.microsoft.com/win/2004/08/events/event\">\n  <System>\n    <Provider Name=\"Microsoft-Windows-DriverFrameworks-UserMode\" Guid=\"2E35AAEB-857F-4BEB-A418-2E6C0E54D988\">\n    </Provider>\n    <EventID>10000</EventID>\n    <Version>1</Version>\n    <Level>4</Level>\n    <Task>48</Task>\n    <Opcode>1</Opcode>\n    <Keywords>0x2000000000000000</Keywords>\n    <TimeCreated SystemTime=\"2022-03-01T16:50:18.370680Z\">\n    </TimeCreated>\n    <EventRecordID>229</EventRecordID>\n    <Correlation>\n    </Correlation>\n    <Execution ProcessID=\"7376\" ThreadID=\"6552\">\n    </Execution>\n    <Channel>System</Channel>\n    <Computer>DESKTOP-6D0DBMB</Computer>\n    <Security UserID=\"S-1-5-18\">\n    </Security>\n  </System>\n  <UserData>\n    <UMDFDeviceInstallBegin xmlns=\"http://www.microsoft.com/DriverFrameworks/UserMode/Event\">\n      <DeviceId>SWD\\WPDBUSENUM\\_??_USBSTOR#DISK&amp;VEN_SANDISK&amp;PROD_CRUZER_BLADE&amp;REV_1.26#4C532000030418114212&amp;0#{53F56307-B6BF-11D0-94F2-00A0C91EFB8B}</DeviceId>\n      <FrameworkVersion>2.33.0</FrameworkVersion>\n    </UMDFDeviceInstallBegin>\n  </UserData>\n</Event>\n",
  "json": "{\"Event\":{\"#attributes\":{\"xmlns\":\"http://schemas.microsoft.com/win/2004/08/events/event\"},\"System\":{\"Provider\":{\"#attributes\":{\"Name\":\"Microsoft-Windows-DriverFrameworks-UserMode\",\"Guid\":\"2E35AAEB-857F-4BEB-A418-2E6C0E54D988\"}},\"EventID\":10000,\"Version\":1,\"Level\":4,\"Task\":48,\"Opcode\":1,\"Keywords\":\"0x2000000000000000\",\"TimeCreated\":{\"#attributes\":{\"SystemTime\":\"2022-03-01T16:50:18.370680Z\"}},\"EventRecordID\":229,\"Correlation\":null,\"Execution\":{\"#attributes\":{\"ProcessID\":7376,\"ThreadID\":6552}},\"Channel\":\"System\",\"Computer\":\"DESKTOP-6D0DBMB\",\"Security\":{\"#attributes\":{\"UserID\":\"S-1-5-18\"}}},\"UserData\":{\"UMDFDeviceInstallBegin\":{\"#attributes\":{\"xmlns\":\"http://www.microsoft.com/DriverFrameworks/UserMode/Event\"},\"DeviceId\":\"SWD\\\\WPDBUSENUM\\\\_??_USBSTOR#DISK&VEN_SANDISK&PROD_CRUZER_BLADE&REV_1.26#4C532000030418114212&0#{53F56307-B6BF-11D0-94F2-00A0C91EFB8B}\",\"FrameworkVersion\":\"2.33.0\"}}}}",
  "xml_fields": {
    "provider": "Microsoft-Windows-DriverFrameworks-UserMode",
    "event_id": "10000",
    "timestamp": "2022-03-01T16:50:18.370680Z",
    "event_record_id": "229",
    "level": "4",
    "task": "48",
    "opcode": "1",
    "keywords": "0x2000000000000000",
    "channel": "System",
    "computer": "DESKTOP-6D0DBMB",
    "DeviceId": "SWD\\WPDBUSENUM\\_??_USBSTOR#DISK&VEN_SANDISK&PROD_CRUZER_BLADE&REV_1.26#4C532000030418114212&0#{53F56307-B6BF-11D0-94F2-00A0C91EFB8B}",
    "FrameworkVersion": "2.33.0"
  },
  "json_fields": {
    "provider": "Microsoft-Windows-DriverFrameworks-UserMode",
    "channel": "System",
    "event_id": "10000",
    "timestamp": "2022-03-01T16:50:18.370680Z",
    "event_record_id": "229",
    "level": "4",
    "task": "48",
    "opcode": "1",
    "keywords": "0x2000000000000000",
    "computer": "DESKTOP-6D0DBMB",
    "DeviceId": "SWD\\WPDBUSENUM\\_??_USBSTOR#DISK&VEN_SANDISK&PROD_CRUZER_BLADE&REV_1.26#4C532000030418114212&0#{53F56307-B6BF-11D0-94F2-00A0C91EFB8B}",
    "FrameworkVersion": "2.33.0"
  }
}