{
  "event_id": "1000",
  "provider": "Microsoft-Windows-Privacy-Auditing-TailoredExperiences",
  "channel": "Microsoft-Windows-Privacy-Auditing/Operational",
  "source_file": "D:\\visual code file\\Project_4\\Event-Analyzer\\test\\Logs\\Microsoft-Windows-Privacy-Auditing%4Operational.evtx",
  "event_record_id": 38,
  "xml": "<?xml version=\"1.0\" encoding=\"utf-8\"?>\n<Event xmlns=\"http://schemas.microsoft.com/win/2004/08/events/event\">\n  <System>\n    <Provider Name=\"Microsoft-Windows-Privacy-Auditing-TailoredExperiences\" Guid=\"1BD672B8-445E-53FC-35EF-09F53672C385\">\n    </Provider>\n    <EventID>1000</EventID>\n    <Version>0</Version>\n    <Level>4</Level>\n    <Task>10</Task>\n    <Opcode>0</Opcode>\n    <Keywords>0x8000000000000001</Keywords>\n    <TimeCreated SystemTime=\"2024-11-04T12:46:59.047444Z\">\n    </TimeCreated>\n    <EventRecordID>38</EventRecordID>\n    <Correlation>\n    </Correlation>\n    <Execution ProcessID=\"5216\" ThreadID=\"3664\">\n    </Execution>\n    <Channel>Microsoft-Windows-Privacy-Auditing/Operational</Channel>\n    <Computer>DESKTOP-P9H5FTA</Computer>\n    <Security UserID=\"S-1-5-18\">\n    </Security>\n  </System>\n  <EventData>\n    <Data Name=\"CallerUserSid\">S-1-5-18</Data>\n    <Data Name=\"CallerProcessName\">OOBE</Data>\n    <Data Name=\"CallerAppPackageFamilyName\">NULL</Data>\n    <Data Name=\"OldConsentValue\">Unknown</Data>\n    <Data Name=\"NewConsentValue\">Disabled</Data>\n    <Data Name=\"SetByHigherAuthority\">false</Data>\n    <Data Name=\"EffectiveConsentValue\">Disabled</Data>\n    <Data Name=\"TargetUserSid\">NULL</Data>\n    <Data Name=\"ConsentID\">NULL</Data>\n    <Data Name=\"AppPackageFamilyName\">NULL</Data>\n    <Data Name=\"HResult\">0x0</Data>\n    <Data Name=\"SettingName\">TailoredExperiences</Data>\n  </EventData>\n</Event>\n",
  "json": "{\"Event\":{\"#attributes\":{\"xmlns\":\"http://schemas.microsoft.com/win/2004/08/events/event\"},\"System\":{\"Provider\":{\"#attributes\":{\"Name\":\"Microsoft-Windows-Privacy-Auditing-TailoredExperiences\",\"Guid\":\"1BD672B8-445E-53FC-35EF-09F53672C385\"}},\"EventID\":1000,\"Version\":0,\"Level\":4,\"Task\":10,\"Opcode\":0,\"Keywords\":\"0x8000000000000001\",\"TimeCreated\":{\"#attributes\":{\"SystemTime\":\"2024-11-04T12:46:59.047444Z\"}},\"EventRecordID\":38,\"Correlation\":null,\"Execution\":{\"#attributes\":{\"ProcessID\":5216,\"ThreadID\":3664}},\"Channel\":\"Microsoft-Windows-Privacy-Auditing/Operational\",\"Computer\":\"DESKTOP-P9H5FTA\",\"Security\":{\"#attributes\":{\"UserID\":\"S-1-5-18\"}}},\"EventData\":{\"CallerUserSid\":\"S-1-5-18\",\"CallerProcessName\":\"OOBE\",\"CallerAppPackageFamilyName\":\"NULL\",\"OldConsentValue\":\"Unknown\",\"NewConsentValue\":\"Disabled\",\"SetByHigherAuthority\":false,\"EffectiveConsentValue\":\"Disabled\",\"TargetUserSid\":\"NULL\",\"ConsentID\":\"NULL\",\"AppPackageFamilyName\":\"NULL\",\"HResult\":\"0x0\",\"SettingName\":\"TailoredExperiences\"}}}",
  "xml_fields": {
    "provider": "Microsoft-Windows-Privacy-Auditing-TailoredExperiences",
    "event_id": "1000",
    "timestamp": "2024-11-04T12:46:59.047444Z",
    "event_record_id": "38",
    "level": "4",
    "task": "10",
    "opcode": "0",
    "keywords": "0x8000000000000001",
    "channel": "Microsoft-Windows-Privacy-Auditing/Operational",
    "computer": "DESKTOP-P9H5FTA",
    "CallerUserSid": "S-1-5-18",
    "CallerProcessName": "OOBE",
    "CallerAppPackageFamilyName": "NULL",
    "OldConsentValue": "Unknown",
    "NewConsentValue": "Disabled",
    "SetByHigherAuthority": "false",
    "EffectiveConsentValue": "Disabled",
    "TargetUserSid": "NULL",
    "ConsentID": "NULL",
    "AppPackageFamilyName": "NULL",
    "HResult": "0x0",
    "SettingName": "TailoredExperiences"
  },
  "json_fields": {
    "provider": "Microsoft-Windows-Privacy-Auditing-TailoredExperiences",
    "channel": "Microsoft-Windows-Privacy-Auditing/Operational",
    "event_id": "1000",
    "timestamp": "2024-11-04T12:46:59.047444Z",
    "event_record_id": "38",
    "level": "4",
    "task": "10",
    "opcode": "0",
    "keywords": "0x8000000000000001",
    "computer": "DESKTOP-P9H5FTA",
    "CallerUserSid": "S-1-5-18",
    "CallerProcessName": "OOBE",
    "CallerAppPackageFamilyName": "NULL",
    "OldConsentValue": "Unknown",
    "NewConsentValue": "Disabled",
    "SetByHigherAuthority": "False",
    "EffectiveConsentValue": "Disabled",
    "TargetUserSid": "NULL",
    "ConsentID": "NULL",
    "AppPackageFamilyName": "NULL",
    "HResult": "0x0",
    "SettingName": "TailoredExperiences"
  }
}