{
  "event_id": "1000",
  "provider": "Microsoft-Windows-Kernel-PnP",
  "channel": "Microsoft-Windows-Kernel-PnP/Device Management",
  "source_file": "D:\\visual code file\\Project_4\\Event-Analyzer\\test\\Benign\\Logs_Win11_2023\\Microsoft-Windows-Kernel-PnP%4Device Management.evtx",
  "event_record_id": 9,
  "xml": "<?xml version=\"1.0\" encoding=\"utf-8\"?>\n<Event xmlns=\"http://schemas.microsoft.com/win/2004/08/events/event\">\n  <System>\n    <Provider Name=\"Microsoft-Windows-Kernel-PnP\" Guid=\"9C205A39-1250-487D-ABD7-E831C6290539\">\n    </Provider>\n    <EventID>1000</EventID>\n    <Version>0</Version>\n    <Level>3</Level>\n    <Task>0</Task>\n    <Opcode>0</Opcode>\n    <Keywords>0x100000000000000</Keywords>\n    <TimeCreated SystemTime=\"2023-10-25T22:50:39.838632Z\">\n    </TimeCreated>\n    <EventRecordID>9</EventRecordID>\n    <Correlation>\n    </Correlation>\n    <Execution ProcessID=\"4\" ThreadID=\"384\">\n    </Execution>\n    <Channel>Microsoft-Windows-Kernel-PnP/Device Management</Channel>\n    <Computer>WinDevEval</Computer>\n    <Security UserID=\"S-1-5-18\">\n    </Security>\n  </System>\n  <EventData>\n    <Data Name=\"DeviceInstanceId\">ACPI\\VMW0003\\4&amp;1bd7f811&amp;0</Data>\n    <Data Name=\"VetoType\">6</Data>\n    <Data Name=\"VetoName\">ACPI\\VMW0003\\4&amp;1bd7f811&amp;0\\Driver\\i8042prt</Data>\n  </EventData>\n</Event>\n",
  "json": "{\"Event\":{\"#attributes\":{\"xmlns\":\"http://schemas.microsoft.com/win/2004/08/events/event\"},\"System\":{\"Provider\":{\"#attributes\":{\"Name\":\"Microsoft-Windows-Kernel-PnP\",\"Guid\":\"9C205A39-1250-487D-ABD7-E831C6290539\"}},\"EventID\":1000,\"Version\":0,\"Level\":3,\"Task\":0,\"Opcode\":0,\"Keywords\":\"0x100000000000000\",\"TimeCreated\":{\"#attributes\":{\"SystemTime\":\"2023-10-25T22:50:39.838632Z\"}},\"EventRecordID\":9,\"Correlation\":null,\"Execution\":{\"#attributes\":{\"ProcessID\":4,\"ThreadID\":384}},\"Channel\":\"Microsoft-Windows-Kernel-PnP/Device Management\",\"Computer\":\"WinDevEval\",\"Security\":{\"#attributes\":{\"UserID\":\"S-1-5-18\"}}},\"EventData\":{\"DeviceInstanceId\":\"ACPI\\\\VMW0003\\\\4&1bd7f811&0\",\"VetoType\":6,\"VetoName\":\"ACPI\\\\VMW0003\\\\4&1bd7f811&0\\\\Driver\\\\i8042prt\"}}}",
  "xml_fields": {
    "provider": "Microsoft-Windows-Kernel-PnP",
    "event_id": "1000",
    "timestamp": "2023-10-25T22:50:39.838632Z",
    "event_record_id": "9",
    "level": "3",
    "task": "0",
    "opcode": "0",
    "keywords": "0x100000000000000",
    "channel": "Microsoft-Windows-Kernel-PnP/Device Management",
    "computer": "WinDevEval",
    "DeviceInstanceId": "ACPI\\VMW0003\\4&1bd7f811&0",
    "VetoType": "6",
    "VetoName": "ACPI\\VMW0003\\4&1bd7f811&0\\Driver\\i8042prt"
  },
  "json_fields": {
    "provider": "Microsoft-Windows-Kernel-PnP",
    "channel": "Microsoft-Windows-Kernel-PnP/Device Management",
    "event_id": "1000",
    "timestamp": "2023-10-25T22:50:39.838632Z",
    "event_record_id": "9",
    "level": "3",
    "task": "0",
    "opcode": "0",
    "keywords": "0x100000000000000",
    "computer": "WinDevEval",
    "DeviceInstanceId": "ACPI\\VMW0003\\4&1bd7f811&0",
    "VetoType": "6",
    "VetoName": "ACPI\\VMW0003\\4&1bd7f811&0\\Driver\\i8042prt"
  }
}