{
  "event_id": "10001",
  "provider": "Microsoft-Windows-Wcmsvc",
  "channel": "Microsoft-Windows-Wcmsvc/Operational",
  "source_file": "D:\\visual code file\\Project_4\\Event-Analyzer\\test\\Logs\\Microsoft-Windows-Wcmsvc%4Operational.evtx",
  "event_record_id": 1,
  "xml": "<?xml version=\"1.0\" encoding=\"utf-8\"?>\n<Event xmlns=\"http://schemas.microsoft.com/win/2004/08/events/event\">\n  <System>\n    <Provider Name=\"Microsoft-Windows-Wcmsvc\" Guid=\"67D07935-283A-4791-8F8D-FA9117F3E6F2\">\n    </Provider>\n    <EventID>10001</EventID>\n    <Version>0</Version>\n    <Level>4</Level>\n    <Task>0</Task>\n    <Opcode>0</Opcode>\n    <Keywords>0x8000000000000000</Keywords>\n    <TimeCreated SystemTime=\"2024-11-05T01:33:09.711985Z\">\n    </TimeCreated>\n    <EventRecordID>1</EventRecordID>\n    <Correlation>\n    </Correlation>\n    <Execution ProcessID=\"64\" ThreadID=\"2092\">\n    </Execution>\n    <Channel>Microsoft-Windows-Wcmsvc/Operational</Channel>\n    <Computer>WIN-5LCFHVCO531</Computer>\n    <Security UserID=\"S-1-5-19\">\n    </Security>\n  </System>\n  <EventData>\n  </EventData>\n</Event>\n",
  "json": "{\"Event\":{\"#attributes\":{\"xmlns\":\"http://schemas.microsoft.com/win/2004/08/events/event\"},\"System\":{\"Provider\":{\"#attributes\":{\"Name\":\"Microsoft-Windows-Wcmsvc\",\"Guid\":\"67D07935-283A-4791-8F8D-FA9117F3E6F2\"}},\"EventID\":10001,\"Version\":0,\"Level\":4,\"Task\":0,\"Opcode\":0,\"Keywords\":\"0x8000000000000000\",\"TimeCreated\":{\"#attributes\":{\"SystemTime\":\"2024-11-05T01:33:09.711985Z\"}},\"EventRecordID\":1,\"Correlation\":null,\"Execution\":{\"#attributes\":{\"ProcessID\":64,\"ThreadID\":2092}},\"Channel\":\"Microsoft-Windows-Wcmsvc/Operational\",\"Computer\":\"WIN-5LCFHVCO531\",\"Security\":{\"#attributes\":{\"UserID\":\"S-1-5-19\"}}},\"EventData\":null}}",
  "xml_fields": {
    "provider": "Microsoft-Windows-Wcmsvc",
    "event_id": "10001",
    "timestamp": "2024-11-05T01:33:09.711985Z",
    "event_record_id": "1",
    "level": "4",
    "task": "0",
    "opcode": "0",
    "keywords": "0x8000000000000000",
    "channel": "Microsoft-Windows-Wcmsvc/Operational",
    "computer": "WIN-5LCFHVCO531"
  },
  "json_fields": {
    "provider": "Microsoft-Windows-Wcmsvc",
    "channel": "Microsoft-Windows-Wcmsvc/Operational",
    "event_id": "10001",
    "timestamp": "2024-11-05T01:33:09.711985Z",
    "event_record_id": "1",
    "level": "4",
    "task": "0",
    "opcode": "0",
    "keywords": "0x8000000000000000",
    "computer": "WIN-5LCFHVCO531"
  }
}