{
  "event_id": "1000",
  "provider": "Microsoft-Windows-Diagnostics-Networking",
  "channel": "Microsoft-Windows-Diagnostics-Networking/Operational",
  "source_file": "D:\\visual code file\\Project_4\\Event-Analyzer\\test\\Benign\\win7-x86\\Microsoft-Windows-Diagnostics-Networking%4Operational.evtx",
  "event_record_id": 1,
  "xml": "<?xml version=\"1.0\" encoding=\"utf-8\"?>\n<Event xmlns=\"http://schemas.microsoft.com/win/2004/08/events/event\">\n  <System>\n    <Provider Name=\"Microsoft-Windows-Diagnostics-Networking\" Guid=\"36C23E18-0E66-11D9-BBEB-505054503030\">\n    </Provider>\n    <EventID>1000</EventID>\n    <Version>0</Version>\n    <Level>4</Level>\n    <Task>1</Task>\n    <Opcode>1</Opcode>\n    <Keywords>0x8000400000000001</Keywords>\n    <TimeCreated SystemTime=\"2022-04-04T10:15:11.675037Z\">\n    </TimeCreated>\n    <EventRecordID>1</EventRecordID>\n    <Correlation ActivityID=\"E849CECD-555B-4340-9380-0F2A4B71F2DA\">\n    </Correlation>\n    <Execution ProcessID=\"1104\" ThreadID=\"1136\">\n    </Execution>\n    <Channel>Microsoft-Windows-Diagnostics-Networking/Operational</Channel>\n    <Computer>evtx-PC</Computer>\n    <Security UserID=\"S-1-5-19\">\n    </Security>\n  </System>\n  <EventData>\n    <Data Name=\"HelperClassName\">WinInetHelperClass</Data>\n    <Data Name=\"NumberOfAttributes\">3</Data>\n    <Data Name=\"HelperClassAttributes\">URL=\"https://github.com/NextronSystems/evtx-baseline\"; UseWinHTTP=1; AppID=\"C:\\Program Files\\Internet Explorer\\iexplore.exe\"; </Data>\n  </EventData>\n</Event>\n",
  "json": "{\"Event\":{\"#attributes\":{\"xmlns\":\"http://schemas.microsoft.com/win/2004/08/events/event\"},\"System\":{\"Provider\":{\"#attributes\":{\"Name\":\"Microsoft-Windows-Diagnostics-Networking\",\"Guid\":\"36C23E18-0E66-11D9-BBEB-505054503030\"}},\"EventID\":1000,\"Version\":0,\"Level\":4,\"Task\":1,\"Opcode\":1,\"Keywords\":\"0x8000400000000001\",\"TimeCreated\":{\"#attributes\":{\"SystemTime\":\"2022-04-04T10:15:11.675037Z\"}},\"EventRecordID\":1,\"Correlation\":{\"#attributes\":{\"ActivityID\":\"E849CECD-555B-4340-9380-0F2A4B71F2DA\"}},\"Execution\":{\"#attributes\":{\"ProcessID\":1104,\"ThreadID\":1136}},\"Channel\":\"Microsoft-Windows-Diagnostics-Networking/Operational\",\"Computer\":\"evtx-PC\",\"Security\":{\"#attributes\":{\"UserID\":\"S-1-5-19\"}}},\"EventData\":{\"HelperClassName\":\"WinInetHelperClass\",\"NumberOfAttributes\":3,\"HelperClassAttributes\":\"URL=\\\"https://github.com/NextronSystems/evtx-baseline\\\"; UseWinHTTP=1; AppID=\\\"C:\\\\Program Files\\\\Internet Explorer\\\\iexplore.exe\\\"; \"}}}",
  "xml_fields": {
    "provider": "Microsoft-Windows-Diagnostics-Networking",
    "event_id": "1000",
    "timestamp": "2022-04-04T10:15:11.675037Z",
    "event_record_id": "1",
    "level": "4",
    "task": "1",
    "opcode": "1",
    "keywords": "0x8000400000000001",
    "channel": "Microsoft-Windows-Diagnostics-Networking/Operational",
    "computer": "evtx-PC",
    "HelperClassName": "WinInetHelperClass",
    "NumberOfAttributes": "3",
    "HelperClassAttributes": "URL=\"https://github.com/NextronSystems/evtx-baseline\"; UseWinHTTP=1; AppID=\"C:\\Program Files\\Internet Explorer\\iexplore.exe\"; "
  },
  "json_fields": {
    "provider": "Microsoft-Windows-Diagnostics-Networking",
    "channel": "Microsoft-Windows-Diagnostics-Networking/Operational",
    "event_id": "1000",
    "timestamp": "2022-04-04T10:15:11.675037Z",
    "event_record_id": "1",
    "level": "4",
    "task": "1",
    "opcode": "1",
    "keywords": "0x8000400000000001",
    "computer": "evtx-PC",
    "HelperClassName": "WinInetHelperClass",
    "NumberOfAttributes": "3",
    "HelperClassAttributes": "URL=\"https://github.com/NextronSystems/evtx-baseline\"; UseWinHTTP=1; AppID=\"C:\\Program Files\\Internet Explorer\\iexplore.exe\"; "
  }
}