{
  "event_id": "10000",
  "provider": "Microsoft-Windows-NetworkProfile",
  "channel": "Microsoft-Windows-NetworkProfile/Operational",
  "source_file": "D:\\visual code file\\Project_4\\Event-Analyzer\\test\\Logs\\Microsoft-Windows-NetworkProfile%4Operational.evtx",
  "event_record_id": 3,
  "xml": "<?xml version=\"1.0\" encoding=\"utf-8\"?>\n<Event xmlns=\"http://schemas.microsoft.com/win/2004/08/events/event\">\n  <System>\n    <Provider Name=\"Microsoft-Windows-NetworkProfile\" Guid=\"FBCFAC3F-8459-419F-8E48-1F0B49CDB85E\">\n    </Provider>\n    <EventID>10000</EventID>\n    <Version>0</Version>\n    <Level>4</Level>\n    <Task>0</Task>\n    <Opcode>0</Opcode>\n    <Keywords>0x4000200000000020</Keywords>\n    <TimeCreated SystemTime=\"2024-11-05T01:34:16.804639Z\">\n    </TimeCreated>\n    <EventRecordID>3</EventRecordID>\n    <Correlation>\n    </Correlation>\n    <Execution ProcessID=\"1968\" ThreadID=\"2100\">\n    </Execution>\n    <Channel>Microsoft-Windows-NetworkProfile/Operational</Channel>\n    <Computer>DESKTOP-P9H5FTA</Computer>\n    <Security UserID=\"S-1-5-19\">\n    </Security>\n  </System>\n  <EventData>\n    <Data Name=\"Name\">Network</Data>\n    <Data Name=\"Description\">Network</Data>\n    <Data Name=\"Guid\">E12EC1A9-D10A-4A6D-BA2C-7981C09EB439</Data>\n    <Data Name=\"Type\">0</Data>\n    <Data Name=\"State\">1</Data>\n    <Data Name=\"Category\">0</Data>\n  </EventData>\n</Event>\n",
  "json": "{\"Event\":{\"#attributes\":{\"xmlns\":\"http://schemas.microsoft.com/win/2004/08/events/event\"},\"System\":{\"Provider\":{\"#attributes\":{\"Name\":\"Microsoft-Windows-NetworkProfile\",\"Guid\":\"FBCFAC3F-8459-419F-8E48-1F0B49CDB85E\"}},\"EventID\":10000,\"Version\":0,\"Level\":4,\"Task\":0,\"Opcode\":0,\"Keywords\":\"0x4000200000000020\",\"TimeCreated\":{\"#attributes\":{\"SystemTime\":\"2024-11-05T01:34:16.804639Z\"}},\"EventRecordID\":3,\"Correlation\":null,\"Execution\":{\"#attributes\":{\"ProcessID\":1968,\"ThreadID\":2100}},\"Channel\":\"Microsoft-Windows-NetworkProfile/Operational\",\"Computer\":\"DESKTOP-P9H5FTA\",\"Security\":{\"#attributes\":{\"UserID\":\"S-1-5-19\"}}},\"EventData\":{\"Name\":\"Network\",\"Description\":\"Network\",\"Guid\":\"E12EC1A9-D10A-4A6D-BA2C-7981C09EB439\",\"Type\":0,\"State\":1,\"Category\":0}}}",
  "xml_fields": {
    "provider": "Microsoft-Windows-NetworkProfile",
    "event_id": "10000",
    "timestamp": "2024-11-05T01:34:16.804639Z",
    "event_record_id": "3",
    "level": "4",
    "task": "0",
    "opcode": "0",
    "keywords": "0x4000200000000020",
    "channel": "Microsoft-Windows-NetworkProfile/Operational",
    "computer": "DESKTOP-P9H5FTA",
    "Name": "Network",
    "Description": "Network",
    "Guid": "E12EC1A9-D10A-4A6D-BA2C-7981C09EB439",
    "Type": "0",
    "State": "1",
    "Category": "0"
  },
  "json_fields": {
    "provider": "Microsoft-Windows-NetworkProfile",
    "channel": "Microsoft-Windows-NetworkProfile/Operational",
    "event_id": "10000",
    "timestamp": "2024-11-05T01:34:16.804639Z",
    "event_record_id": "3",
    "level": "4",
    "task": "0",
    "opcode": "0",
    "keywords": "0x4000200000000020",
    "computer": "DESKTOP-P9H5FTA",
    "Name": "Network",
    "Description": "Network",
    "Guid": "E12EC1A9-D10A-4A6D-BA2C-7981C09EB439",
    "Type": "0",
    "State": "1",
    "Category": "0"
  }
}