{
  "event_id": "1001",
  "provider": "Microsoft-Windows-StorageManagement-WSP-Host",
  "channel": "Microsoft-Windows-StorageManagement/Operational",
  "source_file": "D:\\visual code file\\Project_4\\Event-Analyzer\\test\\Benign\\Logs_Win11\\Microsoft-Windows-StorageManagement%4Operational.evtx",
  "event_record_id": 5,
  "xml": "<?xml version=\"1.0\" encoding=\"utf-8\"?>\n<Event xmlns=\"http://schemas.microsoft.com/win/2004/08/events/event\">\n  <System>\n    <Provider Name=\"Microsoft-Windows-StorageManagement-WSP-Host\" Guid=\"595F33EA-D4AF-4F4D-B4DD-9DACDD17FC6E\">\n    </Provider>\n    <EventID>1001</EventID>\n    <Version>1</Version>\n    <Level>4</Level>\n    <Task>0</Task>\n    <Opcode>0</Opcode>\n    <Keywords>0x8000000000000000</Keywords>\n    <TimeCreated SystemTime=\"2022-03-02T18:08:51.629443Z\">\n    </TimeCreated>\n    <EventRecordID>5</EventRecordID>\n    <Correlation>\n    </Correlation>\n    <Execution ProcessID=\"10400\" ThreadID=\"8560\">\n    </Execution>\n    <Channel>Microsoft-Windows-StorageManagement/Operational</Channel>\n    <Computer>DESKTOP-6D0DBMB</Computer>\n    <Security UserID=\"S-1-5-20\">\n    </Security>\n  </System>\n  <EventData>\n    <Data Name=\"ProviderName\">MISpace</Data>\n    <Data Name=\"ProviderDLL\">mispace.dll</Data>\n  </EventData>\n</Event>\n",
  "json": "{\"Event\":{\"#attributes\":{\"xmlns\":\"http://schemas.microsoft.com/win/2004/08/events/event\"},\"System\":{\"Provider\":{\"#attributes\":{\"Name\":\"Microsoft-Windows-StorageManagement-WSP-Host\",\"Guid\":\"595F33EA-D4AF-4F4D-B4DD-9DACDD17FC6E\"}},\"EventID\":1001,\"Version\":1,\"Level\":4,\"Task\":0,\"Opcode\":0,\"Keywords\":\"0x8000000000000000\",\"TimeCreated\":{\"#attributes\":{\"SystemTime\":\"2022-03-02T18:08:51.629443Z\"}},\"EventRecordID\":5,\"Correlation\":null,\"Execution\":{\"#attributes\":{\"ProcessID\":10400,\"ThreadID\":8560}},\"Channel\":\"Microsoft-Windows-StorageManagement/Operational\",\"Computer\":\"DESKTOP-6D0DBMB\",\"Security\":{\"#attributes\":{\"UserID\":\"S-1-5-20\"}}},\"EventData\":{\"ProviderName\":\"MISpace\",\"ProviderDLL\":\"mispace.dll\"}}}",
  "xml_fields": {
    "provider": "Microsoft-Windows-StorageManagement-WSP-Host",
    "event_id": "1001",
    "timestamp": "2022-03-02T18:08:51.629443Z",
    "event_record_id": "5",
    "level": "4",
    "task": "0",
    "opcode": "0",
    "keywords": "0x8000000000000000",
    "channel": "Microsoft-Windows-StorageManagement/Operational",
    "computer": "DESKTOP-6D0DBMB",
    "ProviderName": "MISpace",
    "ProviderDLL": "mispace.dll"
  },
  "json_fields": {
    "provider": "Microsoft-Windows-StorageManagement-WSP-Host",
    "channel": "Microsoft-Windows-StorageManagement/Operational",
    "event_id": "1001",
    "timestamp": "2022-03-02T18:08:51.629443Z",
    "event_record_id": "5",
    "level": "4",
    "task": "0",
    "opcode": "0",
    "keywords": "0x8000000000000000",
    "computer": "DESKTOP-6D0DBMB",
    "ProviderName": "MISpace",
    "ProviderDLL": "mispace.dll"
  }
}