{
  "event_id": "1001",
  "provider": "Microsoft-Windows-Hyper-V-Compute",
  "channel": "Microsoft-Windows-Hyper-V-Compute-Admin",
  "source_file": "D:\\visual code file\\Project_4\\Event-Analyzer\\test\\Benign\\Logs_Win11_2023\\Microsoft-Windows-Hyper-V-Compute-Admin.evtx",
  "event_record_id": 1,
  "xml": "<?xml version=\"1.0\" encoding=\"utf-8\"?>\n<Event xmlns=\"http://schemas.microsoft.com/win/2004/08/events/event\">\n  <System>\n    <Provider Name=\"Microsoft-Windows-Hyper-V-Compute\" Guid=\"17103E3F-3C6E-4677-BB17-3B267EB5BE57\">\n    </Provider>\n    <EventID>1001</EventID>\n    <Version>0</Version>\n    <Level>4</Level>\n    <Task>0</Task>\n    <Opcode>0</Opcode>\n    <Keywords>0x8000000000000000</Keywords>\n    <TimeCreated SystemTime=\"2023-11-05T23:16:25.887020Z\">\n    </TimeCreated>\n    <EventRecordID>1</EventRecordID>\n    <Correlation>\n    </Correlation>\n    <Execution ProcessID=\"7344\" ThreadID=\"8544\">\n    </Execution>\n    <Channel>Microsoft-Windows-Hyper-V-Compute-Admin</Channel>\n    <Computer>WinDev2310Eval</Computer>\n    <Security UserID=\"S-1-5-18\">\n    </Security>\n  </System>\n  <UserData>\n    <VmlEventLog xmlns=\"http://www.microsoft.com/Windows/Virtualization/Events\">\n    </VmlEventLog>\n  </UserData>\n</Event>\n",
  "json": "{\"Event\":{\"#attributes\":{\"xmlns\":\"http://schemas.microsoft.com/win/2004/08/events/event\"},\"System\":{\"Provider\":{\"#attributes\":{\"Name\":\"Microsoft-Windows-Hyper-V-Compute\",\"Guid\":\"17103E3F-3C6E-4677-BB17-3B267EB5BE57\"}},\"EventID\":1001,\"Version\":0,\"Level\":4,\"Task\":0,\"Opcode\":0,\"Keywords\":\"0x8000000000000000\",\"TimeCreated\":{\"#attributes\":{\"SystemTime\":\"2023-11-05T23:16:25.887020Z\"}},\"EventRecordID\":1,\"Correlation\":null,\"Execution\":{\"#attributes\":{\"ProcessID\":7344,\"ThreadID\":8544}},\"Channel\":\"Microsoft-Windows-Hyper-V-Compute-Admin\",\"Computer\":\"WinDev2310Eval\",\"Security\":{\"#attributes\":{\"UserID\":\"S-1-5-18\"}}},\"UserData\":{\"VmlEventLog\":{\"#attributes\":{\"xmlns\":\"http://www.microsoft.com/Windows/Virtualization/Events\"}}}}}",
  "xml_fields": {
    "provider": "Microsoft-Windows-Hyper-V-Compute",
    "event_id": "1001",
    "timestamp": "2023-11-05T23:16:25.887020Z",
    "event_record_id": "1",
    "level": "4",
    "task": "0",
    "opcode": "0",
    "keywords": "0x8000000000000000",
    "channel": "Microsoft-Windows-Hyper-V-Compute-Admin",
    "computer": "WinDev2310Eval"
  },
  "json_fields": {
    "provider": "Microsoft-Windows-Hyper-V-Compute",
    "channel": "Microsoft-Windows-Hyper-V-Compute-Admin",
    "event_id": "1001",
    "timestamp": "2023-11-05T23:16:25.887020Z",
    "event_record_id": "1",
    "level": "4",
    "task": "0",
    "opcode": "0",
    "keywords": "0x8000000000000000",
    "computer": "WinDev2310Eval"
  }
}