{
  "event_id": "10016",
  "provider": "Microsoft-Windows-DistributedCOM",
  "channel": "System",
  "source_file": "D:\\visual code file\\Project_4\\Event-Analyzer\\test\\Logs\\System.evtx",
  "event_record_id": 1200,
  "xml": "<?xml version=\"1.0\" encoding=\"utf-8\"?>\n<Event xmlns=\"http://schemas.microsoft.com/win/2004/08/events/event\">\n  <System>\n    <Provider Name=\"Microsoft-Windows-DistributedCOM\" Guid=\"{1B562E86-B7AA-4131-BADC-B6F3A001407E}\" EventSourceName=\"DCOM\">\n    </Provider>\n    <EventID Qualifiers=\"0\">10016</EventID>\n    <Version>0</Version>\n    <Level>3</Level>\n    <Task>0</Task>\n    <Opcode>0</Opcode>\n    <Keywords>0x8080000000000000</Keywords>\n    <TimeCreated SystemTime=\"2025-01-24T10:52:09.255005Z\">\n    </TimeCreated>\n    <EventRecordID>1200</EventRecordID>\n    <Correlation ActivityID=\"CB094979-2A0E-49E3-AFBC-C7D367DCE122\">\n    </Correlation>\n    <Execution ProcessID=\"928\" ThreadID=\"1772\">\n    </Execution>\n    <Channel>System</Channel>\n    <Computer>CTO-FILESVR</Computer>\n    <Security UserID=\"S-1-5-20\">\n    </Security>\n  </System>\n  <EventData>\n    <Data Name=\"param1\">machine-default</Data>\n    <Data Name=\"param2\">Local</Data>\n    <Data Name=\"param3\">Activation</Data>\n    <Data Name=\"param4\">{F87B28F1-DA9A-4F35-8EC0-800EFCF26B83}</Data>\n    <Data Name=\"param5\">{0868DC9B-D9A2-4F64-9362-133CEA201299}</Data>\n    <Data Name=\"param6\">NT AUTHORITY</Data>\n    <Data Name=\"param7\">NETWORK SERVICE</Data>\n    <Data Name=\"param8\">S-1-5-20</Data>\n    <Data Name=\"param9\">LocalHost (Using LRPC)</Data>\n    <Data Name=\"param10\">Unavailable</Data>\n    <Data Name=\"param11\">Unavailable</Data>\n  </EventData>\n</Event>\n",
  "json": "{\"Event\":{\"#attributes\":{\"xmlns\":\"http://schemas.microsoft.com/win/2004/08/events/event\"},\"System\":{\"Provider\":{\"#attributes\":{\"Name\":\"Microsoft-Windows-DistributedCOM\",\"Guid\":\"{1B562E86-B7AA-4131-BADC-B6F3A001407E}\",\"EventSourceName\":\"DCOM\"}},\"EventID\":{\"#attributes\":{\"Qualifiers\":0},\"#text\":10016},\"Version\":0,\"Level\":3,\"Task\":0,\"Opcode\":0,\"Keywords\":\"0x8080000000000000\",\"TimeCreated\":{\"#attributes\":{\"SystemTime\":\"2025-01-24T10:52:09.255005Z\"}},\"EventRecordID\":1200,\"Correlation\":{\"#attributes\":{\"ActivityID\":\"CB094979-2A0E-49E3-AFBC-C7D367DCE122\"}},\"Execution\":{\"#attributes\":{\"ProcessID\":928,\"ThreadID\":1772}},\"Channel\":\"System\",\"Computer\":\"CTO-FILESVR\",\"Security\":{\"#attributes\":{\"UserID\":\"S-1-5-20\"}}},\"EventData\":{\"param1\":\"machine-default\",\"param2\":\"Local\",\"param3\":\"Activation\",\"param4\":\"{F87B28F1-DA9A-4F35-8EC0-800EFCF26B83}\",\"param5\":\"{0868DC9B-D9A2-4F64-9362-133CEA201299}\",\"param6\":\"NT AUTHORITY\",\"param7\":\"NETWORK SERVICE\",\"param8\":\"S-1-5-20\",\"param9\":\"LocalHost (Using LRPC)\",\"param10\":\"Unavailable\",\"param11\":\"Unavailable\"}}}",
  "xml_fields": {
    "provider": "Microsoft-Windows-DistributedCOM",
    "event_id": "10016",
    "timestamp": "2025-01-24T10:52:09.255005Z",
    "event_record_id": "1200",
    "level": "3",
    "task": "0",
    "opcode": "0",
    "keywords": "0x8080000000000000",
    "channel": "System",
    "computer": "CTO-FILESVR",
    "param1": "machine-default",
    "param2": "Local",
    "param3": "Activation",
    "param4": "{F87B28F1-DA9A-4F35-8EC0-800EFCF26B83}",
    "param5": "{0868DC9B-D9A2-4F64-9362-133CEA201299}",
    "param6": "NT AUTHORITY",
    "param7": "NETWORK SERVICE",
    "param8": "S-1-5-20",
    "param9": "LocalHost (Using LRPC)",
    "param10": "Unavailable",
    "param11": "Unavailable"
  },
  "json_fields": {
    "provider": "Microsoft-Windows-DistributedCOM",
    "channel": "System",
    "event_id": "10016",
    "timestamp": "2025-01-24T10:52:09.255005Z",
    "event_record_id": "1200",
    "level": "3",
    "task": "0",
    "opcode": "0",
    "keywords": "0x8080000000000000",
    "computer": "CTO-FILESVR",
    "param1": "machine-default",
    "param2": "Local",
    "param3": "Activation",
    "param4": "{F87B28F1-DA9A-4F35-8EC0-800EFCF26B83}",
    "param5": "{0868DC9B-D9A2-4F64-9362-133CEA201299}",
    "param6": "NT AUTHORITY",
    "param7": "NETWORK SERVICE",
    "param8": "S-1-5-20",
    "param9": "LocalHost (Using LRPC)",
    "param10": "Unavailable",
    "param11": "Unavailable"
  }
}