{
  "event_id": "1001",
  "provider": "Microsoft-Windows-SMBServer",
  "channel": "Microsoft-Windows-SMBServer/Operational",
  "source_file": "D:\\visual code file\\Project_4\\Event-Analyzer\\test\\Benign\\win2022-0-20348-azure\\Microsoft-Windows-SMBServer%4Operational.evtx",
  "event_record_id": 25,
  "xml": "<?xml version=\"1.0\" encoding=\"utf-8\"?>\n<Event xmlns=\"http://schemas.microsoft.com/win/2004/08/events/event\">\n  <System>\n    <Provider Name=\"Microsoft-Windows-SMBServer\" Guid=\"D48CE617-33A2-4BC3-A5C7-11AA4F29619E\">\n    </Provider>\n    <EventID>1001</EventID>\n    <Version>1</Version>\n    <Level>4</Level>\n    <Task>1001</Task>\n    <Opcode>0</Opcode>\n    <Keywords>0x2000000000000008</Keywords>\n    <TimeCreated SystemTime=\"2022-09-18T10:48:47.341596Z\">\n    </TimeCreated>\n    <EventRecordID>25</EventRecordID>\n    <Correlation>\n    </Correlation>\n    <Execution ProcessID=\"9292\" ThreadID=\"6584\">\n    </Execution>\n    <Channel>Microsoft-Windows-SMBServer/Operational</Channel>\n    <Computer>Agamemnon</Computer>\n    <Security>\n    </Security>\n  </System>\n  <UserData>\n    <EventData xmlns=\"Smb2Namespace\">\n    </EventData>\n  </UserData>\n</Event>\n",
  "json": "{\"Event\":{\"#attributes\":{\"xmlns\":\"http://schemas.microsoft.com/win/2004/08/events/event\"},\"System\":{\"Provider\":{\"#attributes\":{\"Name\":\"Microsoft-Windows-SMBServer\",\"Guid\":\"D48CE617-33A2-4BC3-A5C7-11AA4F29619E\"}},\"EventID\":1001,\"Version\":1,\"Level\":4,\"Task\":1001,\"Opcode\":0,\"Keywords\":\"0x2000000000000008\",\"TimeCreated\":{\"#attributes\":{\"SystemTime\":\"2022-09-18T10:48:47.341596Z\"}},\"EventRecordID\":25,\"Correlation\":null,\"Execution\":{\"#attributes\":{\"ProcessID\":9292,\"ThreadID\":6584}},\"Channel\":\"Microsoft-Windows-SMBServer/Operational\",\"Computer\":\"Agamemnon\",\"Security\":null},\"UserData\":{\"EventData\":{\"#attributes\":{\"xmlns\":\"Smb2Namespace\"}}}}}",
  "xml_fields": {
    "provider": "Microsoft-Windows-SMBServer",
    "event_id": "1001",
    "timestamp": "2022-09-18T10:48:47.341596Z",
    "event_record_id": "25",
    "level": "4",
    "task": "1001",
    "opcode": "0",
    "keywords": "0x2000000000000008",
    "channel": "Microsoft-Windows-SMBServer/Operational",
    "computer": "Agamemnon"
  },
  "json_fields": {
    "provider": "Microsoft-Windows-SMBServer",
    "channel": "Microsoft-Windows-SMBServer/Operational",
    "event_id": "1001",
    "timestamp": "2022-09-18T10:48:47.341596Z",
    "event_record_id": "25",
    "level": "4",
    "task": "1001",
    "opcode": "0",
    "keywords": "0x2000000000000008",
    "computer": "Agamemnon"
  }
}