{
  "event_id": "1001",
  "provider": "Windows Error Reporting",
  "channel": "Application",
  "source_file": "D:\\visual code file\\Project_4\\Event-Analyzer\\test\\Logs\\Application.evtx",
  "event_record_id": 195,
  "xml": "<?xml version=\"1.0\" encoding=\"utf-8\"?>\n<Event xmlns=\"http://schemas.microsoft.com/win/2004/08/events/event\">\n  <System>\n    <Provider Name=\"Windows Error Reporting\">\n    </Provider>\n    <EventID Qualifiers=\"0\">1001</EventID>\n    <Version>0</Version>\n    <Level>4</Level>\n    <Task>0</Task>\n    <Opcode>0</Opcode>\n    <Keywords>0x80000000000000</Keywords>\n    <TimeCreated SystemTime=\"2024-11-04T13:15:02.822351Z\">\n    </TimeCreated>\n    <EventRecordID>195</EventRecordID>\n    <Correlation>\n    </Correlation>\n    <Execution ProcessID=\"0\" ThreadID=\"0\">\n    </Execution>\n    <Channel>Application</Channel>\n    <Computer>DESKTOP-P9H5FTA</Computer>\n    <Security>\n    </Security>\n  </System>\n  <EventData>\n    <Data>\n    </Data>\n    <Data>0</Data>\n    <Data>StoreAgentScanForUpdatesFailure0</Data>\n    <Data>Not available</Data>\n    <Data>0</Data>\n    <Data>Update;</Data>\n    <Data>8024001e</Data>\n    <Data>19045</Data>\n    <Data>2006</Data>\n    <Data>Windows.Desktop</Data>\n    <Data>\n    </Data>\n    <Data>\n    </Data>\n    <Data>\n    </Data>\n    <Data>\n    </Data>\n    <Data>\n    </Data>\n    <Data>\n    </Data>\n    <Data>\\\\?\\C:\\ProgramData\\Microsoft\\Windows\\WER\\ReportQueue\\NonCritical_Update;_e1b962c69c66b664122b340d1385fb659afdb15_00000000_a677c9c8-578e-4074-a58c-c64f46b1d57c</Data>\n    <Data>\n    </Data>\n    <Data>0</Data>\n    <Data>a677c9c8-578e-4074-a58c-c64f46b1d57c</Data>\n    <Data>4</Data>\n    <Data>\n    </Data>\n    <Data>0</Data>\n    <Binary></Binary>\n  </EventData>\n</Event>\n",
  "json": "{\"Event\":{\"#attributes\":{\"xmlns\":\"http://schemas.microsoft.com/win/2004/08/events/event\"},\"System\":{\"Provider\":{\"#attributes\":{\"Name\":\"Windows Error Reporting\"}},\"EventID\":{\"#attributes\":{\"Qualifiers\":0},\"#text\":1001},\"Version\":0,\"Level\":4,\"Task\":0,\"Opcode\":0,\"Keywords\":\"0x80000000000000\",\"TimeCreated\":{\"#attributes\":{\"SystemTime\":\"2024-11-04T13:15:02.822351Z\"}},\"EventRecordID\":195,\"Correlation\":null,\"Execution\":{\"#attributes\":{\"ProcessID\":0,\"ThreadID\":0}},\"Channel\":\"Application\",\"Computer\":\"DESKTOP-P9H5FTA\",\"Security\":null},\"EventData\":{\"Data\":{\"#text\":[\"\",\"0\",\"StoreAgentScanForUpdatesFailure0\",\"Not available\",\"0\",\"Update;\",\"8024001e\",\"19045\",\"2006\",\"Windows.Desktop\",\"\",\"\",\"\",\"\",\"\",\"\",\"\\\\\\\\?\\\\C:\\\\ProgramData\\\\Microsoft\\\\Windows\\\\WER\\\\ReportQueue\\\\NonCritical_Update;_e1b962c69c66b664122b340d1385fb659afdb15_00000000_a677c9c8-578e-4074-a58c-c64f46b1d57c\",\"\",\"0\",\"a677c9c8-578e-4074-a58c-c64f46b1d57c\",\"4\",\"\",\"0\"]},\"Binary\":null}}}",
  "xml_fields": {
    "provider": "Windows Error Reporting",
    "event_id": "1001",
    "timestamp": "2024-11-04T13:15:02.822351Z",
    "event_record_id": "195",
    "level": "4",
    "task": "0",
    "opcode": "0",
    "keywords": "0x80000000000000",
    "channel": "Application",
    "computer": "DESKTOP-P9H5FTA",
    "_data_0": "\n    ",
    "_data_1": "0",
    "_data_2": "StoreAgentScanForUpdatesFailure0",
    "_data_3": "Not available",
    "_data_4": "0",
    "_data_5": "Update;",
    "_data_6": "8024001e",
    "_data_7": "19045",
    "_data_8": "2006",
    "_data_9": "Windows.Desktop",
    "_data_10": "\n    ",
    "_data_11": "\n    ",
    "_data_12": "\n    ",
    "_data_13": "\n    ",
    "_data_14": "\n    ",
    "_data_15": "\n    ",
    "_data_16": "\\\\?\\C:\\ProgramData\\Microsoft\\Windows\\WER\\ReportQueue\\NonCritical_Update;_e1b962c69c66b664122b340d1385fb659afdb15_00000000_a677c9c8-578e-4074-a58c-c64f46b1d57c",
    "_data_17": "\n    ",
    "_data_18": "0",
    "_data_19": "a677c9c8-578e-4074-a58c-c64f46b1d57c",
    "_data_20": "4",
    "_data_21": "\n    ",
    "_data_22": "0"
  },
  "json_fields": {
    "provider": "Windows Error Reporting",
    "channel": "Application",
    "event_id": "1001",
    "timestamp": "2024-11-04T13:15:02.822351Z",
    "event_record_id": "195",
    "level": "4",
    "task": "0",
    "opcode": "0",
    "keywords": "0x80000000000000",
    "computer": "DESKTOP-P9H5FTA",
    "_data_0": "",
    "_data_1": "0",
    "_data_2": "StoreAgentScanForUpdatesFailure0",
    "_data_3": "Not available",
    "_data_4": "0",
    "_data_5": "Update;",
    "_data_6": "8024001e",
    "_data_7": "19045",
    "_data_8": "2006",
    "_data_9": "Windows.Desktop",
    "_data_10": "",
    "_data_11": "",
    "_data_12": "",
    "_data_13": "",
    "_data_14": "",
    "_data_15": "",
    "_data_16": "\\\\?\\C:\\ProgramData\\Microsoft\\Windows\\WER\\ReportQueue\\NonCritical_Update;_e1b962c69c66b664122b340d1385fb659afdb15_00000000_a677c9c8-578e-4074-a58c-c64f46b1d57c",
    "_data_17": "",
    "_data_18": "0",
    "_data_19": "a677c9c8-578e-4074-a58c-c64f46b1d57c",
    "_data_20": "4",
    "_data_21": "",
    "_data_22": "0"
  }
}