{
  "event_id": "10010",
  "provider": "Microsoft-Windows-DistributedCOM",
  "channel": "System",
  "source_file": "D:\\visual code file\\Project_4\\Event-Analyzer\\test\\Benign\\Logs_Client\\System.evtx",
  "event_record_id": 904,
  "xml": "<?xml version=\"1.0\" encoding=\"utf-8\"?>\n<Event xmlns=\"http://schemas.microsoft.com/win/2004/08/events/event\">\n  <System>\n    <Provider Name=\"Microsoft-Windows-DistributedCOM\" Guid=\"{1B562E86-B7AA-4131-BADC-B6F3A001407E}\" EventSourceName=\"DCOM\">\n    </Provider>\n    <EventID Qualifiers=\"0\">10010</EventID>\n    <Version>0</Version>\n    <Level>2</Level>\n    <Task>0</Task>\n    <Opcode>0</Opcode>\n    <Keywords>0x8080000000000000</Keywords>\n    <TimeCreated SystemTime=\"2022-02-08T12:32:42.485517Z\">\n    </TimeCreated>\n    <EventRecordID>904</EventRecordID>\n    <Correlation ActivityID=\"FEF5821A-CC7F-443E-9658-90FEF6B1A88E\">\n    </Correlation>\n    <Execution ProcessID=\"972\" ThreadID=\"5324\">\n    </Execution>\n    <Channel>System</Channel>\n    <Computer>DESKTOP-A8CALR3</Computer>\n    <Security UserID=\"S-1-5-21-1402826787-2759305201-2932496751-1001\">\n    </Security>\n  </System>\n  <EventData>\n    <Data Name=\"param1\">{9BA05972-F6A8-11CF-A442-00A0C90A8F39}</Data>\n  </EventData>\n</Event>\n",
  "json": "{\"Event\":{\"#attributes\":{\"xmlns\":\"http://schemas.microsoft.com/win/2004/08/events/event\"},\"System\":{\"Provider\":{\"#attributes\":{\"Name\":\"Microsoft-Windows-DistributedCOM\",\"Guid\":\"{1B562E86-B7AA-4131-BADC-B6F3A001407E}\",\"EventSourceName\":\"DCOM\"}},\"EventID\":{\"#attributes\":{\"Qualifiers\":0},\"#text\":10010},\"Version\":0,\"Level\":2,\"Task\":0,\"Opcode\":0,\"Keywords\":\"0x8080000000000000\",\"TimeCreated\":{\"#attributes\":{\"SystemTime\":\"2022-02-08T12:32:42.485517Z\"}},\"EventRecordID\":904,\"Correlation\":{\"#attributes\":{\"ActivityID\":\"FEF5821A-CC7F-443E-9658-90FEF6B1A88E\"}},\"Execution\":{\"#attributes\":{\"ProcessID\":972,\"ThreadID\":5324}},\"Channel\":\"System\",\"Computer\":\"DESKTOP-A8CALR3\",\"Security\":{\"#attributes\":{\"UserID\":\"S-1-5-21-1402826787-2759305201-2932496751-1001\"}}},\"EventData\":{\"param1\":\"{9BA05972-F6A8-11CF-A442-00A0C90A8F39}\"}}}",
  "xml_fields": {
    "provider": "Microsoft-Windows-DistributedCOM",
    "event_id": "10010",
    "timestamp": "2022-02-08T12:32:42.485517Z",
    "event_record_id": "904",
    "level": "2",
    "task": "0",
    "opcode": "0",
    "keywords": "0x8080000000000000",
    "channel": "System",
    "computer": "DESKTOP-A8CALR3",
    "param1": "{9BA05972-F6A8-11CF-A442-00A0C90A8F39}"
  },
  "json_fields": {
    "provider": "Microsoft-Windows-DistributedCOM",
    "channel": "System",
    "event_id": "10010",
    "timestamp": "2022-02-08T12:32:42.485517Z",
    "event_record_id": "904",
    "level": "2",
    "task": "0",
    "opcode": "0",
    "keywords": "0x8080000000000000",
    "computer": "DESKTOP-A8CALR3",
    "param1": "{9BA05972-F6A8-11CF-A442-00A0C90A8F39}"
  }
}