{
  "event_id": "1001",
  "provider": "Microsoft-Windows-Windows Defender",
  "channel": "Microsoft-Windows-Windows Defender/Operational",
  "source_file": "D:\\visual code file\\Project_4\\Event-Analyzer\\test\\Logs\\Microsoft-Windows-Windows Defender%4Operational.evtx",
  "event_record_id": 162,
  "xml": "<?xml version=\"1.0\" encoding=\"utf-8\"?>\n<Event xmlns=\"http://schemas.microsoft.com/win/2004/08/events/event\">\n  <System>\n    <Provider Name=\"Microsoft-Windows-Windows Defender\" Guid=\"11CD958A-C507-4EF3-B3F2-5FD9DFBD2C78\">\n    </Provider>\n    <EventID>1001</EventID>\n    <Version>0</Version>\n    <Level>4</Level>\n    <Task>0</Task>\n    <Opcode>0</Opcode>\n    <Keywords>0x8000000000000000</Keywords>\n    <TimeCreated SystemTime=\"2025-01-24T10:23:44.546839Z\">\n    </TimeCreated>\n    <EventRecordID>162</EventRecordID>\n    <Correlation ActivityID=\"4ECFFBDA-2901-4298-B5D7-F07D4CD6F2BB\">\n    </Correlation>\n    <Execution ProcessID=\"3000\" ThreadID=\"7160\">\n    </Execution>\n    <Channel>Microsoft-Windows-Windows Defender/Operational</Channel>\n    <Computer>CTO-FILESVR</Computer>\n    <Security UserID=\"S-1-5-18\">\n    </Security>\n  </System>\n  <EventData>\n    <Data Name=\"Product Name\">Microsoft Defender Antivirus</Data>\n    <Data Name=\"Product Version\">4.18.24090.11</Data>\n    <Data Name=\"Scan ID\">{F1A82CFE-189B-45F6-89FB-4FB12B0462C2}</Data>\n    <Data Name=\"Scan Type Index\">1</Data>\n    <Data Name=\"Scan Type\">Antimalware</Data>\n    <Data Name=\"Scan Parameters Index\">1</Data>\n    <Data Name=\"Scan Parameters\">Quick Scan</Data>\n    <Data Name=\"Domain\">NT AUTHORITY</Data>\n    <Data Name=\"User\">NETWORK SERVICE</Data>\n    <Data Name=\"SID\">S-1-5-20</Data>\n    <Data Name=\"Scan Time Hours\">0</Data>\n    <Data Name=\"Scan Time Minutes\">00</Data>\n    <Data Name=\"Scan Time Seconds\">20</Data>\n  </EventData>\n</Event>\n",
  "json": "{\"Event\":{\"#attributes\":{\"xmlns\":\"http://schemas.microsoft.com/win/2004/08/events/event\"},\"System\":{\"Provider\":{\"#attributes\":{\"Name\":\"Microsoft-Windows-Windows Defender\",\"Guid\":\"11CD958A-C507-4EF3-B3F2-5FD9DFBD2C78\"}},\"EventID\":1001,\"Version\":0,\"Level\":4,\"Task\":0,\"Opcode\":0,\"Keywords\":\"0x8000000000000000\",\"TimeCreated\":{\"#attributes\":{\"SystemTime\":\"2025-01-24T10:23:44.546839Z\"}},\"EventRecordID\":162,\"Correlation\":{\"#attributes\":{\"ActivityID\":\"4ECFFBDA-2901-4298-B5D7-F07D4CD6F2BB\"}},\"Execution\":{\"#attributes\":{\"ProcessID\":3000,\"ThreadID\":7160}},\"Channel\":\"Microsoft-Windows-Windows Defender/Operational\",\"Computer\":\"CTO-FILESVR\",\"Security\":{\"#attributes\":{\"UserID\":\"S-1-5-18\"}}},\"EventData\":{\"Product Name\":\"Microsoft Defender Antivirus\",\"Product Version\":\"4.18.24090.11\",\"Scan ID\":\"{F1A82CFE-189B-45F6-89FB-4FB12B0462C2}\",\"Scan Type Index\":\"1\",\"Scan Type\":\"Antimalware\",\"Scan Parameters Index\":\"1\",\"Scan Parameters\":\"Quick Scan\",\"Domain\":\"NT AUTHORITY\",\"User\":\"NETWORK SERVICE\",\"SID\":\"S-1-5-20\",\"Scan Time Hours\":\"0\",\"Scan Time Minutes\":\"00\",\"Scan Time Seconds\":\"20\"}}}",
  "xml_fields": {
    "provider": "Microsoft-Windows-Windows Defender",
    "event_id": "1001",
    "timestamp": "2025-01-24T10:23:44.546839Z",
    "event_record_id": "162",
    "level": "4",
    "task": "0",
    "opcode": "0",
    "keywords": "0x8000000000000000",
    "channel": "Microsoft-Windows-Windows Defender/Operational",
    "computer": "CTO-FILESVR",
    "Product Name": "Microsoft Defender Antivirus",
    "Product Version": "4.18.24090.11",
    "Scan ID": "{F1A82CFE-189B-45F6-89FB-4FB12B0462C2}",
    "Scan Type Index": "1",
    "Scan Type": "Antimalware",
    "Scan Parameters Index": "1",
    "Scan Parameters": "Quick Scan",
    "Domain": "NT AUTHORITY",
    "User": "NETWORK SERVICE",
    "SID": "S-1-5-20",
    "Scan Time Hours": "0",
    "Scan Time Minutes": "00",
    "Scan Time Seconds": "20"
  },
  "json_fields": {
    "provider": "Microsoft-Windows-Windows Defender",
    "channel": "Microsoft-Windows-Windows Defender/Operational",
    "event_id": "1001",
    "timestamp": "2025-01-24T10:23:44.546839Z",
    "event_record_id": "162",
    "level": "4",
    "task": "0",
    "opcode": "0",
    "keywords": "0x8000000000000000",
    "computer": "CTO-FILESVR",
    "Product Name": "Microsoft Defender Antivirus",
    "Product Version": "4.18.24090.11",
    "Scan ID": "{F1A82CFE-189B-45F6-89FB-4FB12B0462C2}",
    "Scan Type Index": "1",
    "Scan Type": "Antimalware",
    "Scan Parameters Index": "1",
    "Scan Parameters": "Quick Scan",
    "Domain": "NT AUTHORITY",
    "User": "NETWORK SERVICE",
    "SID": "S-1-5-20",
    "Scan Time Hours": "0",
    "Scan Time Minutes": "00",
    "Scan Time Seconds": "20"
  }
}