{
  "event_id": "10010",
  "provider": "Microsoft-Windows-RestartManager",
  "channel": "Application",
  "source_file": "D:\\visual code file\\Project_4\\Event-Analyzer\\test\\Benign\\Logs_Win11_2023\\Application.evtx",
  "event_record_id": 1593,
  "xml": "<?xml version=\"1.0\" encoding=\"utf-8\"?>\n<Event xmlns=\"http://schemas.microsoft.com/win/2004/08/events/event\">\n  <System>\n    <Provider Name=\"Microsoft-Windows-RestartManager\" Guid=\"0888E5EF-9B98-4695-979D-E92CE4247224\">\n    </Provider>\n    <EventID>10010</EventID>\n    <Version>0</Version>\n    <Level>3</Level>\n    <Task>0</Task>\n    <Opcode>0</Opcode>\n    <Keywords>0x8000000000000000</Keywords>\n    <TimeCreated SystemTime=\"2023-11-05T22:41:58.653660Z\">\n    </TimeCreated>\n    <EventRecordID>1593</EventRecordID>\n    <Correlation>\n    </Correlation>\n    <Execution ProcessID=\"6576\" ThreadID=\"7344\">\n    </Execution>\n    <Channel>Application</Channel>\n    <Computer>WinDev2310Eval</Computer>\n    <Security UserID=\"S-1-5-18\">\n    </Security>\n  </System>\n  <UserData>\n    <RmUnsupportedRestartEvent xmlns=\"http://www.microsoft.com/2005/08/Windows/Reliability/RestartManager/\">\n      <RmSessionId>0</RmSessionId>\n      <Pid>6212</Pid>\n      <FullPath>C:\\Program Files\\WindowsApps\\MicrosoftWindows.Client.WebExperience_423.23500.0.0_x64__cw5n1h2txyewy\\Dashboard\\Widgets.exe</FullPath>\n      <DisplayName>Widgets</DisplayName>\n      <AppVersion>0</AppVersion>\n      <AppType>0</AppType>\n      <TSSessionId>1</TSSessionId>\n      <Status>67108865</Status>\n      <Reason>1</Reason>\n    </RmUnsupportedRestartEvent>\n  </UserData>\n</Event>\n",
  "json": "{\"Event\":{\"#attributes\":{\"xmlns\":\"http://schemas.microsoft.com/win/2004/08/events/event\"},\"System\":{\"Provider\":{\"#attributes\":{\"Name\":\"Microsoft-Windows-RestartManager\",\"Guid\":\"0888E5EF-9B98-4695-979D-E92CE4247224\"}},\"EventID\":10010,\"Version\":0,\"Level\":3,\"Task\":0,\"Opcode\":0,\"Keywords\":\"0x8000000000000000\",\"TimeCreated\":{\"#attributes\":{\"SystemTime\":\"2023-11-05T22:41:58.653660Z\"}},\"EventRecordID\":1593,\"Correlation\":null,\"Execution\":{\"#attributes\":{\"ProcessID\":6576,\"ThreadID\":7344}},\"Channel\":\"Application\",\"Computer\":\"WinDev2310Eval\",\"Security\":{\"#attributes\":{\"UserID\":\"S-1-5-18\"}}},\"UserData\":{\"RmUnsupportedRestartEvent\":{\"#attributes\":{\"xmlns\":\"http://www.microsoft.com/2005/08/Windows/Reliability/RestartManager/\"},\"RmSessionId\":0,\"Pid\":6212,\"FullPath\":\"C:\\\\Program Files\\\\WindowsApps\\\\MicrosoftWindows.Client.WebExperience_423.23500.0.0_x64__cw5n1h2txyewy\\\\Dashboard\\\\Widgets.exe\",\"DisplayName\":\"Widgets\",\"AppVersion\":0,\"AppType\":0,\"TSSessionId\":1,\"Status\":67108865,\"Reason\":1}}}}",
  "xml_fields": {
    "provider": "Microsoft-Windows-RestartManager",
    "event_id": "10010",
    "timestamp": "2023-11-05T22:41:58.653660Z",
    "event_record_id": "1593",
    "level": "3",
    "task": "0",
    "opcode": "0",
    "keywords": "0x8000000000000000",
    "channel": "Application",
    "computer": "WinDev2310Eval",
    "RmSessionId": "0",
    "Pid": "6212",
    "FullPath": "C:\\Program Files\\WindowsApps\\MicrosoftWindows.Client.WebExperience_423.23500.0.0_x64__cw5n1h2txyewy\\Dashboard\\Widgets.exe",
    "DisplayName": "Widgets",
    "AppVersion": "0",
    "AppType": "0",
    "TSSessionId": "1",
    "Status": "67108865",
    "Reason": "1"
  },
  "json_fields": {
    "provider": "Microsoft-Windows-RestartManager",
    "channel": "Application",
    "event_id": "10010",
    "timestamp": "2023-11-05T22:41:58.653660Z",
    "event_record_id": "1593",
    "level": "3",
    "task": "0",
    "opcode": "0",
    "keywords": "0x8000000000000000",
    "computer": "WinDev2310Eval",
    "RmSessionId": "0",
    "Pid": "6212",
    "FullPath": "C:\\Program Files\\WindowsApps\\MicrosoftWindows.Client.WebExperience_423.23500.0.0_x64__cw5n1h2txyewy\\Dashboard\\Widgets.exe",
    "DisplayName": "Widgets",
    "AppVersion": "0",
    "AppType": "0",
    "TSSessionId": "1",
    "Status": "67108865",
    "Reason": "1"
  }
}