{
  "event_id": "1001",
  "provider": "Microsoft-Windows-Storsvc",
  "channel": "Microsoft-Windows-Storsvc/Diagnostic",
  "source_file": "D:\\visual code file\\Project_4\\Event-Analyzer\\test\\Benign\\Logs_Win11\\Microsoft-Windows-Storsvc%4Diagnostic.evtx",
  "event_record_id": 1,
  "xml": "<?xml version=\"1.0\" encoding=\"utf-8\"?>\n<Event xmlns=\"http://schemas.microsoft.com/win/2004/08/events/event\">\n  <System>\n    <Provider Name=\"Microsoft-Windows-Storsvc\" Guid=\"A963A23C-0058-521D-71EC-A1CCE6173F21\">\n    </Provider>\n    <EventID>1001</EventID>\n    <Version>0</Version>\n    <Level>4</Level>\n    <Task>0</Task>\n    <Opcode>0</Opcode>\n    <Keywords>0x8000000000000000</Keywords>\n    <TimeCreated SystemTime=\"2022-03-01T16:50:18.472107Z\">\n    </TimeCreated>\n    <EventRecordID>1</EventRecordID>\n    <Correlation ActivityID=\"7F58167F-2D8B-0005-6017-587F8B2DD801\">\n    </Correlation>\n    <Execution ProcessID=\"4760\" ThreadID=\"6788\">\n    </Execution>\n    <Channel>Microsoft-Windows-Storsvc/Diagnostic</Channel>\n    <Computer>DESKTOP-6D0DBMB</Computer>\n    <Security UserID=\"S-1-5-18\">\n    </Security>\n  </System>\n  <EventData>\n    <Data Name=\"Version\">2</Data>\n    <Data Name=\"DiskNumber\">1</Data>\n    <Data Name=\"VendorId\">SanDisk </Data>\n    <Data Name=\"ProductId\">Cruzer Blade    </Data>\n    <Data Name=\"ProductRevision\">1.26</Data>\n    <Data Name=\"SerialNumber\">4C532000030418114212</Data>\n    <Data Name=\"ParentId\">USB\\VID_0781&amp;PID_5567\\4C532000030418114212</Data>\n    <Data Name=\"FileSystem\">FAT32</Data>\n    <Data Name=\"BusType\">7</Data>\n    <Data Name=\"PartitionStyle\">0</Data>\n    <Data Name=\"VolumeCount\">1</Data>\n    <Data Name=\"ContainsRawVolumes\">false</Data>\n    <Data Name=\"Size\">8004304896</Data>\n  </EventData>\n</Event>\n",
  "json": "{\"Event\":{\"#attributes\":{\"xmlns\":\"http://schemas.microsoft.com/win/2004/08/events/event\"},\"System\":{\"Provider\":{\"#attributes\":{\"Name\":\"Microsoft-Windows-Storsvc\",\"Guid\":\"A963A23C-0058-521D-71EC-A1CCE6173F21\"}},\"EventID\":1001,\"Version\":0,\"Level\":4,\"Task\":0,\"Opcode\":0,\"Keywords\":\"0x8000000000000000\",\"TimeCreated\":{\"#attributes\":{\"SystemTime\":\"2022-03-01T16:50:18.472107Z\"}},\"EventRecordID\":1,\"Correlation\":{\"#attributes\":{\"ActivityID\":\"7F58167F-2D8B-0005-6017-587F8B2DD801\"}},\"Execution\":{\"#attributes\":{\"ProcessID\":4760,\"ThreadID\":6788}},\"Channel\":\"Microsoft-Windows-Storsvc/Diagnostic\",\"Computer\":\"DESKTOP-6D0DBMB\",\"Security\":{\"#attributes\":{\"UserID\":\"S-1-5-18\"}}},\"EventData\":{\"Version\":2,\"DiskNumber\":1,\"VendorId\":\"SanDisk \",\"ProductId\":\"Cruzer Blade    \",\"ProductRevision\":\"1.26\",\"SerialNumber\":\"4C532000030418114212\",\"ParentId\":\"USB\\\\VID_0781&PID_5567\\\\4C532000030418114212\",\"FileSystem\":\"FAT32\",\"BusType\":7,\"PartitionStyle\":0,\"VolumeCount\":1,\"ContainsRawVolumes\":false,\"Size\":8004304896}}}",
  "xml_fields": {
    "provider": "Microsoft-Windows-Storsvc",
    "event_id": "1001",
    "timestamp": "2022-03-01T16:50:18.472107Z",
    "event_record_id": "1",
    "level": "4",
    "task": "0",
    "opcode": "0",
    "keywords": "0x8000000000000000",
    "channel": "Microsoft-Windows-Storsvc/Diagnostic",
    "computer": "DESKTOP-6D0DBMB",
    "Version": "2",
    "DiskNumber": "1",
    "VendorId": "SanDisk ",
    "ProductId": "Cruzer Blade    ",
    "ProductRevision": "1.26",
    "SerialNumber": "4C532000030418114212",
    "ParentId": "USB\\VID_0781&PID_5567\\4C532000030418114212",
    "FileSystem": "FAT32",
    "BusType": "7",
    "PartitionStyle": "0",
    "VolumeCount": "1",
    "ContainsRawVolumes": "false",
    "Size": "8004304896"
  },
  "json_fields": {
    "provider": "Microsoft-Windows-Storsvc",
    "channel": "Microsoft-Windows-Storsvc/Diagnostic",
    "event_id": "1001",
    "timestamp": "2022-03-01T16:50:18.472107Z",
    "event_record_id": "1",
    "level": "4",
    "task": "0",
    "opcode": "0",
    "keywords": "0x8000000000000000",
    "computer": "DESKTOP-6D0DBMB",
    "Version": "2",
    "DiskNumber": "1",
    "VendorId": "SanDisk ",
    "ProductId": "Cruzer Blade    ",
    "ProductRevision": "1.26",
    "SerialNumber": "4C532000030418114212",
    "ParentId": "USB\\VID_0781&PID_5567\\4C532000030418114212",
    "FileSystem": "FAT32",
    "BusType": "7",
    "PartitionStyle": "0",
    "VolumeCount": "1",
    "ContainsRawVolumes": "False",
    "Size": "8004304896"
  }
}