{
  "event_id": "1001",
  "provider": "Microsoft-Windows-Diagnosis-PLA",
  "channel": "Microsoft-Windows-Diagnosis-PLA/Operational",
  "source_file": "D:\\visual code file\\Project_4\\Event-Analyzer\\test\\Benign\\win2022-0-20348-azure\\Microsoft-Windows-Diagnosis-PLA%4Operational.evtx",
  "event_record_id": 3,
  "xml": "<?xml version=\"1.0\" encoding=\"utf-8\"?>\n<Event xmlns=\"http://schemas.microsoft.com/win/2004/08/events/event\">\n  <System>\n    <Provider Name=\"Microsoft-Windows-Diagnosis-PLA\" Guid=\"E4D53F84-7DE3-11D8-9435-505054503030\">\n    </Provider>\n    <EventID>1001</EventID>\n    <Version>0</Version>\n    <Level>4</Level>\n    <Task>0</Task>\n    <Opcode>0</Opcode>\n    <Keywords>0x8000000000000000</Keywords>\n    <TimeCreated SystemTime=\"2022-09-18T09:14:03.339452Z\">\n    </TimeCreated>\n    <EventRecordID>3</EventRecordID>\n    <Correlation>\n    </Correlation>\n    <Execution ProcessID=\"420\" ThreadID=\"3320\">\n    </Execution>\n    <Channel>Microsoft-Windows-Diagnosis-PLA/Operational</Channel>\n    <Computer>Agamemnon</Computer>\n    <Security UserID=\"S-1-5-19\">\n    </Security>\n  </System>\n  <UserData>\n    <DataCollectorSetEdit xmlns=\"http://www.microsoft.com/Windows/Diagnosis/PLA/events\">\n      <Name>GAEvents</Name>\n      <UserName>NT AUTHORITY\\LOCAL SERVICE</UserName>\n    </DataCollectorSetEdit>\n  </UserData>\n</Event>\n",
  "json": "{\"Event\":{\"#attributes\":{\"xmlns\":\"http://schemas.microsoft.com/win/2004/08/events/event\"},\"System\":{\"Provider\":{\"#attributes\":{\"Name\":\"Microsoft-Windows-Diagnosis-PLA\",\"Guid\":\"E4D53F84-7DE3-11D8-9435-505054503030\"}},\"EventID\":1001,\"Version\":0,\"Level\":4,\"Task\":0,\"Opcode\":0,\"Keywords\":\"0x8000000000000000\",\"TimeCreated\":{\"#attributes\":{\"SystemTime\":\"2022-09-18T09:14:03.339452Z\"}},\"EventRecordID\":3,\"Correlation\":null,\"Execution\":{\"#attributes\":{\"ProcessID\":420,\"ThreadID\":3320}},\"Channel\":\"Microsoft-Windows-Diagnosis-PLA/Operational\",\"Computer\":\"Agamemnon\",\"Security\":{\"#attributes\":{\"UserID\":\"S-1-5-19\"}}},\"UserData\":{\"DataCollectorSetEdit\":{\"#attributes\":{\"xmlns\":\"http://www.microsoft.com/Windows/Diagnosis/PLA/events\"},\"Name\":\"GAEvents\",\"UserName\":\"NT AUTHORITY\\\\LOCAL SERVICE\"}}}}",
  "xml_fields": {
    "provider": "Microsoft-Windows-Diagnosis-PLA",
    "event_id": "1001",
    "timestamp": "2022-09-18T09:14:03.339452Z",
    "event_record_id": "3",
    "level": "4",
    "task": "0",
    "opcode": "0",
    "keywords": "0x8000000000000000",
    "channel": "Microsoft-Windows-Diagnosis-PLA/Operational",
    "computer": "Agamemnon",
    "Name": "GAEvents",
    "UserName": "NT AUTHORITY\\LOCAL SERVICE"
  },
  "json_fields": {
    "provider": "Microsoft-Windows-Diagnosis-PLA",
    "channel": "Microsoft-Windows-Diagnosis-PLA/Operational",
    "event_id": "1001",
    "timestamp": "2022-09-18T09:14:03.339452Z",
    "event_record_id": "3",
    "level": "4",
    "task": "0",
    "opcode": "0",
    "keywords": "0x8000000000000000",
    "computer": "Agamemnon",
    "Name": "GAEvents",
    "UserName": "NT AUTHORITY\\LOCAL SERVICE"
  }
}