{
  "event_id": "1002",
  "provider": "Microsoft-Windows-Storsvc",
  "channel": "Microsoft-Windows-Storsvc/Diagnostic",
  "source_file": "D:\\visual code file\\Project_4\\Event-Analyzer\\test\\Logs\\Microsoft-Windows-Storsvc%4Diagnostic.evtx",
  "event_record_id": 1,
  "xml": "<?xml version=\"1.0\" encoding=\"utf-8\"?>\n<Event xmlns=\"http://schemas.microsoft.com/win/2004/08/events/event\">\n  <System>\n    <Provider Name=\"Microsoft-Windows-Storsvc\" Guid=\"A963A23C-0058-521D-71EC-A1CCE6173F21\">\n    </Provider>\n    <EventID>1002</EventID>\n    <Version>0</Version>\n    <Level>4</Level>\n    <Task>0</Task>\n    <Opcode>0</Opcode>\n    <Keywords>0x8000000000000000</Keywords>\n    <TimeCreated SystemTime=\"2024-11-05T01:33:24.547019Z\">\n    </TimeCreated>\n    <EventRecordID>1</EventRecordID>\n    <Correlation ActivityID=\"A40B4835-2F22-0000-5550-0BA4222FDB01\">\n    </Correlation>\n    <Execution ProcessID=\"5116\" ThreadID=\"1228\">\n    </Execution>\n    <Channel>Microsoft-Windows-Storsvc/Diagnostic</Channel>\n    <Computer>WIN-5LCFHVCO531</Computer>\n    <Security UserID=\"S-1-5-18\">\n    </Security>\n  </System>\n  <EventData>\n    <Data Name=\"Version\">2</Data>\n    <Data Name=\"Epoch\">0</Data>\n    <Data Name=\"DiskIndex\">0</Data>\n    <Data Name=\"TotalDisks\">1</Data>\n    <Data Name=\"DiskNumber\">0</Data>\n    <Data Name=\"VendorId\"></Data>\n    <Data Name=\"ProductId\">VMware Virtual NVMe Disk</Data>\n    <Data Name=\"ProductRevision\">1.0</Data>\n    <Data Name=\"SerialNumber\">VMWare NVME_0000</Data>\n    <Data Name=\"ParentId\">PCI\\VEN_15AD&amp;DEV_07F0&amp;SUBSYS_07F015AD&amp;REV_00\\4&amp;3B50545D&amp;0&amp;00B8</Data>\n    <Data Name=\"FileSystem\">NTFS</Data>\n    <Data Name=\"BusType\">17</Data>\n    <Data Name=\"PartitionStyle\">1</Data>\n    <Data Name=\"VolumeCount\">2</Data>\n    <Data Name=\"ContainsRawVolumes\">false</Data>\n    <Data Name=\"Size\">64424509440</Data>\n  </EventData>\n</Event>\n",
  "json": "{\"Event\":{\"#attributes\":{\"xmlns\":\"http://schemas.microsoft.com/win/2004/08/events/event\"},\"System\":{\"Provider\":{\"#attributes\":{\"Name\":\"Microsoft-Windows-Storsvc\",\"Guid\":\"A963A23C-0058-521D-71EC-A1CCE6173F21\"}},\"EventID\":1002,\"Version\":0,\"Level\":4,\"Task\":0,\"Opcode\":0,\"Keywords\":\"0x8000000000000000\",\"TimeCreated\":{\"#attributes\":{\"SystemTime\":\"2024-11-05T01:33:24.547019Z\"}},\"EventRecordID\":1,\"Correlation\":{\"#attributes\":{\"ActivityID\":\"A40B4835-2F22-0000-5550-0BA4222FDB01\"}},\"Execution\":{\"#attributes\":{\"ProcessID\":5116,\"ThreadID\":1228}},\"Channel\":\"Microsoft-Windows-Storsvc/Diagnostic\",\"Computer\":\"WIN-5LCFHVCO531\",\"Security\":{\"#attributes\":{\"UserID\":\"S-1-5-18\"}}},\"EventData\":{\"Version\":2,\"Epoch\":0,\"DiskIndex\":0,\"TotalDisks\":1,\"DiskNumber\":0,\"VendorId\":\"\",\"ProductId\":\"VMware Virtual NVMe Disk\",\"ProductRevision\":\"1.0\",\"SerialNumber\":\"VMWare NVME_0000\",\"ParentId\":\"PCI\\\\VEN_15AD&DEV_07F0&SUBSYS_07F015AD&REV_00\\\\4&3B50545D&0&00B8\",\"FileSystem\":\"NTFS\",\"BusType\":17,\"PartitionStyle\":1,\"VolumeCount\":2,\"ContainsRawVolumes\":false,\"Size\":64424509440}}}",
  "xml_fields": {
    "provider": "Microsoft-Windows-Storsvc",
    "event_id": "1002",
    "timestamp": "2024-11-05T01:33:24.547019Z",
    "event_record_id": "1",
    "level": "4",
    "task": "0",
    "opcode": "0",
    "keywords": "0x8000000000000000",
    "channel": "Microsoft-Windows-Storsvc/Diagnostic",
    "computer": "WIN-5LCFHVCO531",
    "Version": "2",
    "Epoch": "0",
    "DiskIndex": "0",
    "TotalDisks": "1",
    "DiskNumber": "0",
    "VendorId": "",
    "ProductId": "VMware Virtual NVMe Disk",
    "ProductRevision": "1.0",
    "SerialNumber": "VMWare NVME_0000",
    "ParentId": "PCI\\VEN_15AD&DEV_07F0&SUBSYS_07F015AD&REV_00\\4&3B50545D&0&00B8",
    "FileSystem": "NTFS",
    "BusType": "17",
    "PartitionStyle": "1",
    "VolumeCount": "2",
    "ContainsRawVolumes": "false",
    "Size": "64424509440"
  },
  "json_fields": {
    "provider": "Microsoft-Windows-Storsvc",
    "channel": "Microsoft-Windows-Storsvc/Diagnostic",
    "event_id": "1002",
    "timestamp": "2024-11-05T01:33:24.547019Z",
    "event_record_id": "1",
    "level": "4",
    "task": "0",
    "opcode": "0",
    "keywords": "0x8000000000000000",
    "computer": "WIN-5LCFHVCO531",
    "Version": "2",
    "Epoch": "0",
    "DiskIndex": "0",
    "TotalDisks": "1",
    "DiskNumber": "0",
    "VendorId": "",
    "ProductId": "VMware Virtual NVMe Disk",
    "ProductRevision": "1.0",
    "SerialNumber": "VMWare NVME_0000",
    "ParentId": "PCI\\VEN_15AD&DEV_07F0&SUBSYS_07F015AD&REV_00\\4&3B50545D&0&00B8",
    "FileSystem": "NTFS",
    "BusType": "17",
    "PartitionStyle": "1",
    "VolumeCount": "2",
    "ContainsRawVolumes": "False",
    "Size": "64424509440"
  }
}