{
  "event_id": "1002",
  "provider": "Microsoft-Windows-Privacy-Auditing",
  "channel": "Microsoft-Windows-Privacy-Auditing/Operational",
  "source_file": "D:\\visual code file\\Project_4\\Event-Analyzer\\test\\Logs\\Microsoft-Windows-Privacy-Auditing%4Operational.evtx",
  "event_record_id": 42,
  "xml": "<?xml version=\"1.0\" encoding=\"utf-8\"?>\n<Event xmlns=\"http://schemas.microsoft.com/win/2004/08/events/event\">\n  <System>\n    <Provider Name=\"Microsoft-Windows-Privacy-Auditing\" Guid=\"D67FBB76-D18A-5AE3-24A3-8C1DB52D6C62\">\n    </Provider>\n    <EventID>1002</EventID>\n    <Version>0</Version>\n    <Level>4</Level>\n    <Task>10</Task>\n    <Opcode>0</Opcode>\n    <Keywords>0x8000000000000002</Keywords>\n    <TimeCreated SystemTime=\"2024-11-04T12:46:59.062057Z\">\n    </TimeCreated>\n    <EventRecordID>42</EventRecordID>\n    <Correlation>\n    </Correlation>\n    <Execution ProcessID=\"4752\" ThreadID=\"1260\">\n    </Execution>\n    <Channel>Microsoft-Windows-Privacy-Auditing/Operational</Channel>\n    <Computer>DESKTOP-P9H5FTA</Computer>\n    <Security UserID=\"S-1-5-18\">\n    </Security>\n  </System>\n  <EventData>\n    <Data Name=\"CallerUserSid\">S-1-5-21-3088055692-629932344-1786574096-1001</Data>\n    <Data Name=\"CallerProcessName\">UserOOBEBroker.exe</Data>\n    <Data Name=\"CallerAppPackageFamilyName\"></Data>\n    <Data Name=\"OldConsentValue\">Undefined</Data>\n    <Data Name=\"NewConsentValue\">Deny</Data>\n    <Data Name=\"SetByHigherAuthority\">true</Data>\n    <Data Name=\"EffectiveConsentValue\">Deny</Data>\n    <Data Name=\"TargetUserSid\">S-1-5-21-3088055692-629932344-1786574096-1001</Data>\n    <Data Name=\"ConsentID\"></Data>\n    <Data Name=\"AppPackageFamilyName\">NULL</Data>\n    <Data Name=\"HResult\">0x0</Data>\n    <Data Name=\"SettingName\">location</Data>\n  </EventData>\n</Event>\n",
  "json": "{\"Event\":{\"#attributes\":{\"xmlns\":\"http://schemas.microsoft.com/win/2004/08/events/event\"},\"System\":{\"Provider\":{\"#attributes\":{\"Name\":\"Microsoft-Windows-Privacy-Auditing\",\"Guid\":\"D67FBB76-D18A-5AE3-24A3-8C1DB52D6C62\"}},\"EventID\":1002,\"Version\":0,\"Level\":4,\"Task\":10,\"Opcode\":0,\"Keywords\":\"0x8000000000000002\",\"TimeCreated\":{\"#attributes\":{\"SystemTime\":\"2024-11-04T12:46:59.062057Z\"}},\"EventRecordID\":42,\"Correlation\":null,\"Execution\":{\"#attributes\":{\"ProcessID\":4752,\"ThreadID\":1260}},\"Channel\":\"Microsoft-Windows-Privacy-Auditing/Operational\",\"Computer\":\"DESKTOP-P9H5FTA\",\"Security\":{\"#attributes\":{\"UserID\":\"S-1-5-18\"}}},\"EventData\":{\"CallerUserSid\":\"S-1-5-21-3088055692-629932344-1786574096-1001\",\"CallerProcessName\":\"UserOOBEBroker.exe\",\"CallerAppPackageFamilyName\":\"\",\"OldConsentValue\":\"Undefined\",\"NewConsentValue\":\"Deny\",\"SetByHigherAuthority\":true,\"EffectiveConsentValue\":\"Deny\",\"TargetUserSid\":\"S-1-5-21-3088055692-629932344-1786574096-1001\",\"ConsentID\":\"\",\"AppPackageFamilyName\":\"NULL\",\"HResult\":\"0x0\",\"SettingName\":\"location\"}}}",
  "xml_fields": {
    "provider": "Microsoft-Windows-Privacy-Auditing",
    "event_id": "1002",
    "timestamp": "2024-11-04T12:46:59.062057Z",
    "event_record_id": "42",
    "level": "4",
    "task": "10",
    "opcode": "0",
    "keywords": "0x8000000000000002",
    "channel": "Microsoft-Windows-Privacy-Auditing/Operational",
    "computer": "DESKTOP-P9H5FTA",
    "CallerUserSid": "S-1-5-21-3088055692-629932344-1786574096-1001",
    "CallerProcessName": "UserOOBEBroker.exe",
    "CallerAppPackageFamilyName": "",
    "OldConsentValue": "Undefined",
    "NewConsentValue": "Deny",
    "SetByHigherAuthority": "true",
    "EffectiveConsentValue": "Deny",
    "TargetUserSid": "S-1-5-21-3088055692-629932344-1786574096-1001",
    "ConsentID": "",
    "AppPackageFamilyName": "NULL",
    "HResult": "0x0",
    "SettingName": "location"
  },
  "json_fields": {
    "provider": "Microsoft-Windows-Privacy-Auditing",
    "channel": "Microsoft-Windows-Privacy-Auditing/Operational",
    "event_id": "1002",
    "timestamp": "2024-11-04T12:46:59.062057Z",
    "event_record_id": "42",
    "level": "4",
    "task": "10",
    "opcode": "0",
    "keywords": "0x8000000000000002",
    "computer": "DESKTOP-P9H5FTA",
    "CallerUserSid": "S-1-5-21-3088055692-629932344-1786574096-1001",
    "CallerProcessName": "UserOOBEBroker.exe",
    "CallerAppPackageFamilyName": "",
    "OldConsentValue": "Undefined",
    "NewConsentValue": "Deny",
    "SetByHigherAuthority": "True",
    "EffectiveConsentValue": "Deny",
    "TargetUserSid": "S-1-5-21-3088055692-629932344-1786574096-1001",
    "ConsentID": "",
    "AppPackageFamilyName": "NULL",
    "HResult": "0x0",
    "SettingName": "location"
  }
}