{
  "event_id": "1002",
  "provider": "Microsoft-Windows-Privacy-Auditing-CPSS",
  "channel": "Microsoft-Windows-Privacy-Auditing/Operational",
  "source_file": "D:\\visual code file\\Project_4\\Event-Analyzer\\test\\Benign\\Logs_Win11\\Microsoft-Windows-Privacy-Auditing%4Operational.evtx",
  "event_record_id": 41,
  "xml": "<?xml version=\"1.0\" encoding=\"utf-8\"?>\n<Event xmlns=\"http://schemas.microsoft.com/win/2004/08/events/event\">\n  <System>\n    <Provider Name=\"Microsoft-Windows-Privacy-Auditing-CPSS\" Guid=\"15F4CD44-CA53-5422-DB17-4E76821B5A69\">\n    </Provider>\n    <EventID>1002</EventID>\n    <Version>0</Version>\n    <Level>4</Level>\n    <Task>10</Task>\n    <Opcode>0</Opcode>\n    <Keywords>0x8000000000000002</Keywords>\n    <TimeCreated SystemTime=\"2022-03-01T16:47:08.379331Z\">\n    </TimeCreated>\n    <EventRecordID>41</EventRecordID>\n    <Correlation>\n    </Correlation>\n    <Execution ProcessID=\"2620\" ThreadID=\"780\">\n    </Execution>\n    <Channel>Microsoft-Windows-Privacy-Auditing/Operational</Channel>\n    <Computer>DESKTOP-6D0DBMB</Computer>\n    <Security UserID=\"S-1-5-21-1671613982-9707084-2312793148-1001\">\n    </Security>\n  </System>\n  <EventData>\n    <Data Name=\"ProcessUserSid\">S-1-5-21-1671613982-9707084-2312793148-1001</Data>\n    <Data Name=\"ProcessName\">UserOOBEBroker.exe</Data>\n    <Data Name=\"ProcessAppPackageFullName\"></Data>\n    <Data Name=\"OldSettingValue\">NULL</Data>\n    <Data Name=\"NewSettingValue\">0</Data>\n    <Data Name=\"TargetUserSid\">S-1-5-21-1671613982-9707084-2312793148-1001</Data>\n    <Data Name=\"HResult\">0x0</Data>\n    <Data Name=\"Component\">AdvertisingInfo</Data>\n    <Data Name=\"Area\">Area</Data>\n    <Data Name=\"SubArea\">SubArea</Data>\n    <Data Name=\"ID\">ID</Data>\n    <Data Name=\"Justification\">NULL</Data>\n    <Data Name=\"TestCode\">false</Data>\n  </EventData>\n</Event>\n",
  "json": "{\"Event\":{\"#attributes\":{\"xmlns\":\"http://schemas.microsoft.com/win/2004/08/events/event\"},\"System\":{\"Provider\":{\"#attributes\":{\"Name\":\"Microsoft-Windows-Privacy-Auditing-CPSS\",\"Guid\":\"15F4CD44-CA53-5422-DB17-4E76821B5A69\"}},\"EventID\":1002,\"Version\":0,\"Level\":4,\"Task\":10,\"Opcode\":0,\"Keywords\":\"0x8000000000000002\",\"TimeCreated\":{\"#attributes\":{\"SystemTime\":\"2022-03-01T16:47:08.379331Z\"}},\"EventRecordID\":41,\"Correlation\":null,\"Execution\":{\"#attributes\":{\"ProcessID\":2620,\"ThreadID\":780}},\"Channel\":\"Microsoft-Windows-Privacy-Auditing/Operational\",\"Computer\":\"DESKTOP-6D0DBMB\",\"Security\":{\"#attributes\":{\"UserID\":\"S-1-5-21-1671613982-9707084-2312793148-1001\"}}},\"EventData\":{\"ProcessUserSid\":\"S-1-5-21-1671613982-9707084-2312793148-1001\",\"ProcessName\":\"UserOOBEBroker.exe\",\"ProcessAppPackageFullName\":\"\",\"OldSettingValue\":\"NULL\",\"NewSettingValue\":\"0\",\"TargetUserSid\":\"S-1-5-21-1671613982-9707084-2312793148-1001\",\"HResult\":\"0x0\",\"Component\":\"AdvertisingInfo\",\"Area\":\"Area\",\"SubArea\":\"SubArea\",\"ID\":\"ID\",\"Justification\":\"NULL\",\"TestCode\":false}}}",
  "xml_fields": {
    "provider": "Microsoft-Windows-Privacy-Auditing-CPSS",
    "event_id": "1002",
    "timestamp": "2022-03-01T16:47:08.379331Z",
    "event_record_id": "41",
    "level": "4",
    "task": "10",
    "opcode": "0",
    "keywords": "0x8000000000000002",
    "channel": "Microsoft-Windows-Privacy-Auditing/Operational",
    "computer": "DESKTOP-6D0DBMB",
    "ProcessUserSid": "S-1-5-21-1671613982-9707084-2312793148-1001",
    "ProcessName": "UserOOBEBroker.exe",
    "ProcessAppPackageFullName": "",
    "OldSettingValue": "NULL",
    "NewSettingValue": "0",
    "TargetUserSid": "S-1-5-21-1671613982-9707084-2312793148-1001",
    "HResult": "0x0",
    "Component": "AdvertisingInfo",
    "Area": "Area",
    "SubArea": "SubArea",
    "ID": "ID",
    "Justification": "NULL",
    "TestCode": "false"
  },
  "json_fields": {
    "provider": "Microsoft-Windows-Privacy-Auditing-CPSS",
    "channel": "Microsoft-Windows-Privacy-Auditing/Operational",
    "event_id": "1002",
    "timestamp": "2022-03-01T16:47:08.379331Z",
    "event_record_id": "41",
    "level": "4",
    "task": "10",
    "opcode": "0",
    "keywords": "0x8000000000000002",
    "computer": "DESKTOP-6D0DBMB",
    "ProcessUserSid": "S-1-5-21-1671613982-9707084-2312793148-1001",
    "ProcessName": "UserOOBEBroker.exe",
    "ProcessAppPackageFullName": "",
    "OldSettingValue": "NULL",
    "NewSettingValue": "0",
    "TargetUserSid": "S-1-5-21-1671613982-9707084-2312793148-1001",
    "HResult": "0x0",
    "Component": "AdvertisingInfo",
    "Area": "Area",
    "SubArea": "SubArea",
    "ID": "ID",
    "Justification": "NULL",
    "TestCode": "False"
  }
}