{
  "event_id": "1002",
  "provider": "Microsoft-Windows-Windows Defender",
  "channel": "Microsoft-Windows-Windows Defender/Operational",
  "source_file": "D:\\visual code file\\Project_4\\Event-Analyzer\\test\\Benign\\Logs_Client\\Microsoft-Windows-Windows Defender%4Operational.evtx",
  "event_record_id": 128,
  "xml": "<?xml version=\"1.0\" encoding=\"utf-8\"?>\n<Event xmlns=\"http://schemas.microsoft.com/win/2004/08/events/event\">\n  <System>\n    <Provider Name=\"Microsoft-Windows-Windows Defender\" Guid=\"11CD958A-C507-4EF3-B3F2-5FD9DFBD2C78\">\n    </Provider>\n    <EventID>1002</EventID>\n    <Version>0</Version>\n    <Level>3</Level>\n    <Task>0</Task>\n    <Opcode>0</Opcode>\n    <Keywords>0x8000000000000000</Keywords>\n    <TimeCreated SystemTime=\"2022-02-08T12:07:07.089005Z\">\n    </TimeCreated>\n    <EventRecordID>128</EventRecordID>\n    <Correlation>\n    </Correlation>\n    <Execution ProcessID=\"2356\" ThreadID=\"4384\">\n    </Execution>\n    <Channel>Microsoft-Windows-Windows Defender/Operational</Channel>\n    <Computer>DESKTOP-A8CALR3</Computer>\n    <Security UserID=\"S-1-5-18\">\n    </Security>\n  </System>\n  <EventData>\n    <Data Name=\"Product Name\">Microsoft Defender Antivirus</Data>\n    <Data Name=\"Product Version\">4.18.2111.5</Data>\n    <Data Name=\"Scan ID\">{ECDBC78F-4E9B-48AD-8003-EC50013D7476}</Data>\n    <Data Name=\"Scan Type Index\">1</Data>\n    <Data Name=\"Scan Type\">Antimalware</Data>\n    <Data Name=\"Scan Parameters Index\">1</Data>\n    <Data Name=\"Scan Parameters\">Quick Scan</Data>\n    <Data Name=\"Domain\">NT AUTHORITY</Data>\n    <Data Name=\"User\">SYSTEM</Data>\n    <Data Name=\"SID\">S-1-5-18</Data>\n  </EventData>\n</Event>\n",
  "json": "{\"Event\":{\"#attributes\":{\"xmlns\":\"http://schemas.microsoft.com/win/2004/08/events/event\"},\"System\":{\"Provider\":{\"#attributes\":{\"Name\":\"Microsoft-Windows-Windows Defender\",\"Guid\":\"11CD958A-C507-4EF3-B3F2-5FD9DFBD2C78\"}},\"EventID\":1002,\"Version\":0,\"Level\":3,\"Task\":0,\"Opcode\":0,\"Keywords\":\"0x8000000000000000\",\"TimeCreated\":{\"#attributes\":{\"SystemTime\":\"2022-02-08T12:07:07.089005Z\"}},\"EventRecordID\":128,\"Correlation\":null,\"Execution\":{\"#attributes\":{\"ProcessID\":2356,\"ThreadID\":4384}},\"Channel\":\"Microsoft-Windows-Windows Defender/Operational\",\"Computer\":\"DESKTOP-A8CALR3\",\"Security\":{\"#attributes\":{\"UserID\":\"S-1-5-18\"}}},\"EventData\":{\"Product Name\":\"Microsoft Defender Antivirus\",\"Product Version\":\"4.18.2111.5\",\"Scan ID\":\"{ECDBC78F-4E9B-48AD-8003-EC50013D7476}\",\"Scan Type Index\":\"1\",\"Scan Type\":\"Antimalware\",\"Scan Parameters Index\":\"1\",\"Scan Parameters\":\"Quick Scan\",\"Domain\":\"NT AUTHORITY\",\"User\":\"SYSTEM\",\"SID\":\"S-1-5-18\"}}}",
  "xml_fields": {
    "provider": "Microsoft-Windows-Windows Defender",
    "event_id": "1002",
    "timestamp": "2022-02-08T12:07:07.089005Z",
    "event_record_id": "128",
    "level": "3",
    "task": "0",
    "opcode": "0",
    "keywords": "0x8000000000000000",
    "channel": "Microsoft-Windows-Windows Defender/Operational",
    "computer": "DESKTOP-A8CALR3",
    "Product Name": "Microsoft Defender Antivirus",
    "Product Version": "4.18.2111.5",
    "Scan ID": "{ECDBC78F-4E9B-48AD-8003-EC50013D7476}",
    "Scan Type Index": "1",
    "Scan Type": "Antimalware",
    "Scan Parameters Index": "1",
    "Scan Parameters": "Quick Scan",
    "Domain": "NT AUTHORITY",
    "User": "SYSTEM",
    "SID": "S-1-5-18"
  },
  "json_fields": {
    "provider": "Microsoft-Windows-Windows Defender",
    "channel": "Microsoft-Windows-Windows Defender/Operational",
    "event_id": "1002",
    "timestamp": "2022-02-08T12:07:07.089005Z",
    "event_record_id": "128",
    "level": "3",
    "task": "0",
    "opcode": "0",
    "keywords": "0x8000000000000000",
    "computer": "DESKTOP-A8CALR3",
    "Product Name": "Microsoft Defender Antivirus",
    "Product Version": "4.18.2111.5",
    "Scan ID": "{ECDBC78F-4E9B-48AD-8003-EC50013D7476}",
    "Scan Type Index": "1",
    "Scan Type": "Antimalware",
    "Scan Parameters Index": "1",
    "Scan Parameters": "Quick Scan",
    "Domain": "NT AUTHORITY",
    "User": "SYSTEM",
    "SID": "S-1-5-18"
  }
}