{
  "event_id": "1002",
  "provider": "Microsoft-Windows-Winlogon",
  "channel": "Application",
  "source_file": "D:\\visual code file\\Project_4\\Event-Analyzer\\test\\Benign\\Logs_Client\\Application.evtx",
  "event_record_id": 522,
  "xml": "<?xml version=\"1.0\" encoding=\"utf-8\"?>\n<Event xmlns=\"http://schemas.microsoft.com/win/2004/08/events/event\">\n  <System>\n    <Provider Name=\"Microsoft-Windows-Winlogon\" Guid=\"{DBE9B383-7CF3-4331-91CC-A3CB16A3B538}\" EventSourceName=\"Wlclntfy\">\n    </Provider>\n    <EventID Qualifiers=\"16384\">1002</EventID>\n    <Version>0</Version>\n    <Level>4</Level>\n    <Task>0</Task>\n    <Opcode>0</Opcode>\n    <Keywords>0x80000000000000</Keywords>\n    <TimeCreated SystemTime=\"2022-02-08T11:52:55.214825Z\">\n    </TimeCreated>\n    <EventRecordID>522</EventRecordID>\n    <Correlation>\n    </Correlation>\n    <Execution ProcessID=\"0\" ThreadID=\"0\">\n    </Execution>\n    <Channel>Application</Channel>\n    <Computer>DESKTOP-A8CALR3</Computer>\n    <Security>\n    </Security>\n  </System>\n  <EventData>\n    <Data>explorer.exe</Data>\n    <Binary></Binary>\n  </EventData>\n</Event>\n",
  "json": "{\"Event\":{\"#attributes\":{\"xmlns\":\"http://schemas.microsoft.com/win/2004/08/events/event\"},\"System\":{\"Provider\":{\"#attributes\":{\"Name\":\"Microsoft-Windows-Winlogon\",\"Guid\":\"{DBE9B383-7CF3-4331-91CC-A3CB16A3B538}\",\"EventSourceName\":\"Wlclntfy\"}},\"EventID\":{\"#attributes\":{\"Qualifiers\":16384},\"#text\":1002},\"Version\":0,\"Level\":4,\"Task\":0,\"Opcode\":0,\"Keywords\":\"0x80000000000000\",\"TimeCreated\":{\"#attributes\":{\"SystemTime\":\"2022-02-08T11:52:55.214825Z\"}},\"EventRecordID\":522,\"Correlation\":null,\"Execution\":{\"#attributes\":{\"ProcessID\":0,\"ThreadID\":0}},\"Channel\":\"Application\",\"Computer\":\"DESKTOP-A8CALR3\",\"Security\":null},\"EventData\":{\"Data\":{\"#text\":\"explorer.exe\"},\"Binary\":null}}}",
  "xml_fields": {
    "provider": "Microsoft-Windows-Winlogon",
    "event_id": "1002",
    "timestamp": "2022-02-08T11:52:55.214825Z",
    "event_record_id": "522",
    "level": "4",
    "task": "0",
    "opcode": "0",
    "keywords": "0x80000000000000",
    "channel": "Application",
    "computer": "DESKTOP-A8CALR3",
    "_data_0": "explorer.exe"
  },
  "json_fields": {
    "provider": "Microsoft-Windows-Winlogon",
    "channel": "Application",
    "event_id": "1002",
    "timestamp": "2022-02-08T11:52:55.214825Z",
    "event_record_id": "522",
    "level": "4",
    "task": "0",
    "opcode": "0",
    "keywords": "0x80000000000000",
    "computer": "DESKTOP-A8CALR3",
    "Data": "explorer.exe"
  }
}