{
  "event_id": "10024",
  "provider": "Microsoft-Windows-Search",
  "channel": "Application",
  "source_file": "D:\\visual code file\\Project_4\\Event-Analyzer\\test\\Benign\\Logs_Win11\\Application.evtx",
  "event_record_id": 794,
  "xml": "<?xml version=\"1.0\" encoding=\"utf-8\"?>\n<Event xmlns=\"http://schemas.microsoft.com/win/2004/08/events/event\">\n  <System>\n    <Provider Name=\"Microsoft-Windows-Search\" Guid=\"{CA4E628D-8567-4896-AB6B-835B221F373F}\" EventSourceName=\"Windows Search Service\">\n    </Provider>\n    <EventID Qualifiers=\"32768\">10024</EventID>\n    <Version>0</Version>\n    <Level>3</Level>\n    <Task>3</Task>\n    <Opcode>0</Opcode>\n    <Keywords>0x80000000000000</Keywords>\n    <TimeCreated SystemTime=\"2022-03-01T19:24:55.867987Z\">\n    </TimeCreated>\n    <EventRecordID>794</EventRecordID>\n    <Correlation>\n    </Correlation>\n    <Execution ProcessID=\"6444\" ThreadID=\"0\">\n    </Execution>\n    <Channel>Application</Channel>\n    <Computer>DESKTOP-6D0DBMB</Computer>\n    <Security>\n    </Security>\n  </System>\n  <EventData>\n    <Data Name=\"ExtraInfo\">\n</Data>\n    <Data Name=\"FilterHostProcessID\">4860</Data>\n  </EventData>\n</Event>\n",
  "json": "{\"Event\":{\"#attributes\":{\"xmlns\":\"http://schemas.microsoft.com/win/2004/08/events/event\"},\"System\":{\"Provider\":{\"#attributes\":{\"Name\":\"Microsoft-Windows-Search\",\"Guid\":\"{CA4E628D-8567-4896-AB6B-835B221F373F}\",\"EventSourceName\":\"Windows Search Service\"}},\"EventID\":{\"#attributes\":{\"Qualifiers\":32768},\"#text\":10024},\"Version\":0,\"Level\":3,\"Task\":3,\"Opcode\":0,\"Keywords\":\"0x80000000000000\",\"TimeCreated\":{\"#attributes\":{\"SystemTime\":\"2022-03-01T19:24:55.867987Z\"}},\"EventRecordID\":794,\"Correlation\":null,\"Execution\":{\"#attributes\":{\"ProcessID\":6444,\"ThreadID\":0}},\"Channel\":\"Application\",\"Computer\":\"DESKTOP-6D0DBMB\",\"Security\":null},\"EventData\":{\"ExtraInfo\":\"\\n\",\"FilterHostProcessID\":\"4860\"}}}",
  "xml_fields": {
    "provider": "Microsoft-Windows-Search",
    "event_id": "10024",
    "timestamp": "2022-03-01T19:24:55.867987Z",
    "event_record_id": "794",
    "level": "3",
    "task": "3",
    "opcode": "0",
    "keywords": "0x80000000000000",
    "channel": "Application",
    "computer": "DESKTOP-6D0DBMB",
    "ExtraInfo": "\n",
    "FilterHostProcessID": "4860"
  },
  "json_fields": {
    "provider": "Microsoft-Windows-Search",
    "channel": "Application",
    "event_id": "10024",
    "timestamp": "2022-03-01T19:24:55.867987Z",
    "event_record_id": "794",
    "level": "3",
    "task": "3",
    "opcode": "0",
    "keywords": "0x80000000000000",
    "computer": "DESKTOP-6D0DBMB",
    "ExtraInfo": "\n",
    "FilterHostProcessID": "4860"
  }
}