{
  "event_id": "10023",
  "provider": "Microsoft-Windows-Search",
  "channel": "Application",
  "source_file": "D:\\visual code file\\Project_4\\Event-Analyzer\\test\\Logs\\Application.evtx",
  "event_record_id": 584,
  "xml": "<?xml version=\"1.0\" encoding=\"utf-8\"?>\n<Event xmlns=\"http://schemas.microsoft.com/win/2004/08/events/event\">\n  <System>\n    <Provider Name=\"Microsoft-Windows-Search\" Guid=\"{CA4E628D-8567-4896-AB6B-835B221F373F}\" EventSourceName=\"Windows Search Service\">\n    </Provider>\n    <EventID Qualifiers=\"32768\">10023</EventID>\n    <Version>0</Version>\n    <Level>3</Level>\n    <Task>3</Task>\n    <Opcode>0</Opcode>\n    <Keywords>0x80000000000000</Keywords>\n    <TimeCreated SystemTime=\"2025-01-24T10:14:12.121745Z\">\n    </TimeCreated>\n    <EventRecordID>584</EventRecordID>\n    <Correlation>\n    </Correlation>\n    <Execution ProcessID=\"0\" ThreadID=\"0\">\n    </Execution>\n    <Channel>Application</Channel>\n    <Computer>CTO-FILESVR</Computer>\n    <Security>\n    </Security>\n  </System>\n  <EventData>\n    <Data Name=\"ExtraInfo\">\n</Data>\n    <Data Name=\"ProtocolHostProcessID\">8312</Data>\n    <Data Name=\"FilterHostProcessID\">8340</Data>\n  </EventData>\n</Event>\n",
  "json": "{\"Event\":{\"#attributes\":{\"xmlns\":\"http://schemas.microsoft.com/win/2004/08/events/event\"},\"System\":{\"Provider\":{\"#attributes\":{\"Name\":\"Microsoft-Windows-Search\",\"Guid\":\"{CA4E628D-8567-4896-AB6B-835B221F373F}\",\"EventSourceName\":\"Windows Search Service\"}},\"EventID\":{\"#attributes\":{\"Qualifiers\":32768},\"#text\":10023},\"Version\":0,\"Level\":3,\"Task\":3,\"Opcode\":0,\"Keywords\":\"0x80000000000000\",\"TimeCreated\":{\"#attributes\":{\"SystemTime\":\"2025-01-24T10:14:12.121745Z\"}},\"EventRecordID\":584,\"Correlation\":null,\"Execution\":{\"#attributes\":{\"ProcessID\":0,\"ThreadID\":0}},\"Channel\":\"Application\",\"Computer\":\"CTO-FILESVR\",\"Security\":null},\"EventData\":{\"ExtraInfo\":\"\\n\",\"ProtocolHostProcessID\":\"8312\",\"FilterHostProcessID\":\"8340\"}}}",
  "xml_fields": {
    "provider": "Microsoft-Windows-Search",
    "event_id": "10023",
    "timestamp": "2025-01-24T10:14:12.121745Z",
    "event_record_id": "584",
    "level": "3",
    "task": "3",
    "opcode": "0",
    "keywords": "0x80000000000000",
    "channel": "Application",
    "computer": "CTO-FILESVR",
    "ExtraInfo": "\n",
    "ProtocolHostProcessID": "8312",
    "FilterHostProcessID": "8340"
  },
  "json_fields": {
    "provider": "Microsoft-Windows-Search",
    "channel": "Application",
    "event_id": "10023",
    "timestamp": "2025-01-24T10:14:12.121745Z",
    "event_record_id": "584",
    "level": "3",
    "task": "3",
    "opcode": "0",
    "keywords": "0x80000000000000",
    "computer": "CTO-FILESVR",
    "ExtraInfo": "\n",
    "ProtocolHostProcessID": "8312",
    "FilterHostProcessID": "8340"
  }
}