{
  "event_id": "1003",
  "provider": "Microsoft-Windows-SmartScreen",
  "channel": "Microsoft-Windows-SmartScreen/Debug",
  "source_file": "D:\\visual code file\\Project_4\\Event-Analyzer\\test\\Logs\\Microsoft-Windows-SmartScreen%4Debug.evtx",
  "event_record_id": 1,
  "xml": "<?xml version=\"1.0\" encoding=\"utf-8\"?>\n<Event xmlns=\"http://schemas.microsoft.com/win/2004/08/events/event\">\n  <System>\n    <Provider Name=\"Microsoft-Windows-SmartScreen\" Guid=\"3CB2A168-FE34-4A4E-BDAD-DCF422F34473\">\n    </Provider>\n    <EventID>1003</EventID>\n    <Version>0</Version>\n    <Level>5</Level>\n    <Task>0</Task>\n    <Opcode>0</Opcode>\n    <Keywords>0x8000000000000000</Keywords>\n    <TimeCreated SystemTime=\"2025-01-24T10:15:23.489438Z\">\n    </TimeCreated>\n    <EventRecordID>1</EventRecordID>\n    <Correlation>\n    </Correlation>\n    <Execution ProcessID=\"9228\" ThreadID=\"636\">\n    </Execution>\n    <Channel>Microsoft-Windows-SmartScreen/Debug</Channel>\n    <Computer>CTO-FILESVR</Computer>\n    <Security UserID=\"S-1-5-21-3088055692-629932344-1786574096-1003\">\n    </Security>\n  </System>\n  <EventData>\n    <Data Name=\"Data\">{\"$type\":\"scenario\",\"name\":\"onAllowedZoneCheck\"}</Data>\n  </EventData>\n</Event>\n",
  "json": "{\"Event\":{\"#attributes\":{\"xmlns\":\"http://schemas.microsoft.com/win/2004/08/events/event\"},\"System\":{\"Provider\":{\"#attributes\":{\"Name\":\"Microsoft-Windows-SmartScreen\",\"Guid\":\"3CB2A168-FE34-4A4E-BDAD-DCF422F34473\"}},\"EventID\":1003,\"Version\":0,\"Level\":5,\"Task\":0,\"Opcode\":0,\"Keywords\":\"0x8000000000000000\",\"TimeCreated\":{\"#attributes\":{\"SystemTime\":\"2025-01-24T10:15:23.489438Z\"}},\"EventRecordID\":1,\"Correlation\":null,\"Execution\":{\"#attributes\":{\"ProcessID\":9228,\"ThreadID\":636}},\"Channel\":\"Microsoft-Windows-SmartScreen/Debug\",\"Computer\":\"CTO-FILESVR\",\"Security\":{\"#attributes\":{\"UserID\":\"S-1-5-21-3088055692-629932344-1786574096-1003\"}}},\"EventData\":{\"Data\":\"{\\\"$type\\\":\\\"scenario\\\",\\\"name\\\":\\\"onAllowedZoneCheck\\\"}\"}}}",
  "xml_fields": {
    "provider": "Microsoft-Windows-SmartScreen",
    "event_id": "1003",
    "timestamp": "2025-01-24T10:15:23.489438Z",
    "event_record_id": "1",
    "level": "5",
    "task": "0",
    "opcode": "0",
    "keywords": "0x8000000000000000",
    "channel": "Microsoft-Windows-SmartScreen/Debug",
    "computer": "CTO-FILESVR",
    "Data": "{\"$type\":\"scenario\",\"name\":\"onAllowedZoneCheck\"}"
  },
  "json_fields": {
    "provider": "Microsoft-Windows-SmartScreen",
    "channel": "Microsoft-Windows-SmartScreen/Debug",
    "event_id": "1003",
    "timestamp": "2025-01-24T10:15:23.489438Z",
    "event_record_id": "1",
    "level": "5",
    "task": "0",
    "opcode": "0",
    "keywords": "0x8000000000000000",
    "computer": "CTO-FILESVR",
    "Data": "{\"$type\":\"scenario\",\"name\":\"onAllowedZoneCheck\"}"
  }
}