{
  "event_id": "1003",
  "provider": "Microsoft-Windows-KnownFolders",
  "channel": "Microsoft-Windows-Known Folders API Service",
  "source_file": "D:\\visual code file\\Project_4\\Event-Analyzer\\test\\Benign\\Logs_Win11_2023\\Microsoft-Windows-Known Folders API Service.evtx",
  "event_record_id": 39,
  "xml": "<?xml version=\"1.0\" encoding=\"utf-8\"?>\n<Event xmlns=\"http://schemas.microsoft.com/win/2004/08/events/event\">\n  <System>\n    <Provider Name=\"Microsoft-Windows-KnownFolders\" Guid=\"8939299F-2315-4C5C-9B91-ABB86AA0627D\">\n    </Provider>\n    <EventID>1003</EventID>\n    <Version>0</Version>\n    <Level>3</Level>\n    <Task>0</Task>\n    <Opcode>0</Opcode>\n    <Keywords>0x8000000000000000</Keywords>\n    <TimeCreated SystemTime=\"2023-11-06T00:34:40.675514Z\">\n    </TimeCreated>\n    <EventRecordID>39</EventRecordID>\n    <Correlation>\n    </Correlation>\n    <Execution ProcessID=\"10960\" ThreadID=\"7120\">\n    </Execution>\n    <Channel>Microsoft-Windows-Known Folders API Service</Channel>\n    <Computer>WinDev2310Eval</Computer>\n    <Security UserID=\"S-1-5-18\">\n    </Security>\n  </System>\n  <EventData>\n    <Data Name=\"hrError\">0x80070002</Data>\n    <Data Name=\"FolderId\">4C5C32FF-BB9D-43B0-B5B4-2D72E54EAAA4</Data>\n    <Data Name=\"Path\">C:\\Windows\\system32\\config\\systemprofile\\Saved Games</Data>\n  </EventData>\n</Event>\n",
  "json": "{\"Event\":{\"#attributes\":{\"xmlns\":\"http://schemas.microsoft.com/win/2004/08/events/event\"},\"System\":{\"Provider\":{\"#attributes\":{\"Name\":\"Microsoft-Windows-KnownFolders\",\"Guid\":\"8939299F-2315-4C5C-9B91-ABB86AA0627D\"}},\"EventID\":1003,\"Version\":0,\"Level\":3,\"Task\":0,\"Opcode\":0,\"Keywords\":\"0x8000000000000000\",\"TimeCreated\":{\"#attributes\":{\"SystemTime\":\"2023-11-06T00:34:40.675514Z\"}},\"EventRecordID\":39,\"Correlation\":null,\"Execution\":{\"#attributes\":{\"ProcessID\":10960,\"ThreadID\":7120}},\"Channel\":\"Microsoft-Windows-Known Folders API Service\",\"Computer\":\"WinDev2310Eval\",\"Security\":{\"#attributes\":{\"UserID\":\"S-1-5-18\"}}},\"EventData\":{\"hrError\":\"0x80070002\",\"FolderId\":\"4C5C32FF-BB9D-43B0-B5B4-2D72E54EAAA4\",\"Path\":\"C:\\\\Windows\\\\system32\\\\config\\\\systemprofile\\\\Saved Games\"}}}",
  "xml_fields": {
    "provider": "Microsoft-Windows-KnownFolders",
    "event_id": "1003",
    "timestamp": "2023-11-06T00:34:40.675514Z",
    "event_record_id": "39",
    "level": "3",
    "task": "0",
    "opcode": "0",
    "keywords": "0x8000000000000000",
    "channel": "Microsoft-Windows-Known Folders API Service",
    "computer": "WinDev2310Eval",
    "hrError": "0x80070002",
    "FolderId": "4C5C32FF-BB9D-43B0-B5B4-2D72E54EAAA4",
    "Path": "C:\\Windows\\system32\\config\\systemprofile\\Saved Games"
  },
  "json_fields": {
    "provider": "Microsoft-Windows-KnownFolders",
    "channel": "Microsoft-Windows-Known Folders API Service",
    "event_id": "1003",
    "timestamp": "2023-11-06T00:34:40.675514Z",
    "event_record_id": "39",
    "level": "3",
    "task": "0",
    "opcode": "0",
    "keywords": "0x8000000000000000",
    "computer": "WinDev2310Eval",
    "hrError": "0x80070002",
    "FolderId": "4C5C32FF-BB9D-43B0-B5B4-2D72E54EAAA4",
    "Path": "C:\\Windows\\system32\\config\\systemprofile\\Saved Games"
  }
}