{
  "event_id": "1003",
  "provider": "Microsoft-Windows-Diagnosis-PLA",
  "channel": "Microsoft-Windows-Diagnosis-PLA/Operational",
  "source_file": "D:\\visual code file\\Project_4\\Event-Analyzer\\test\\Benign\\win2022-0-20348-azure\\Microsoft-Windows-Diagnosis-PLA%4Operational.evtx",
  "event_record_id": 5,
  "xml": "<?xml version=\"1.0\" encoding=\"utf-8\"?>\n<Event xmlns=\"http://schemas.microsoft.com/win/2004/08/events/event\">\n  <System>\n    <Provider Name=\"Microsoft-Windows-Diagnosis-PLA\" Guid=\"E4D53F84-7DE3-11D8-9435-505054503030\">\n    </Provider>\n    <EventID>1003</EventID>\n    <Version>0</Version>\n    <Level>4</Level>\n    <Task>0</Task>\n    <Opcode>0</Opcode>\n    <Keywords>0x8000000000000000</Keywords>\n    <TimeCreated SystemTime=\"2022-09-18T09:14:04.654384Z\">\n    </TimeCreated>\n    <EventRecordID>5</EventRecordID>\n    <Correlation>\n    </Correlation>\n    <Execution ProcessID=\"2792\" ThreadID=\"3432\">\n    </Execution>\n    <Channel>Microsoft-Windows-Diagnosis-PLA/Operational</Channel>\n    <Computer>Agamemnon</Computer>\n    <Security UserID=\"S-1-5-18\">\n    </Security>\n  </System>\n  <UserData>\n    <DataCollectorSetStart xmlns=\"http://www.microsoft.com/Windows/Diagnosis/PLA/events\">\n      <Name>GAEvents</Name>\n      <Key>0xd44_0xd3c_0x33476f08</Key>\n      <UserName>WORKGROUP\\Agamemnon$</UserName>\n    </DataCollectorSetStart>\n  </UserData>\n</Event>\n",
  "json": "{\"Event\":{\"#attributes\":{\"xmlns\":\"http://schemas.microsoft.com/win/2004/08/events/event\"},\"System\":{\"Provider\":{\"#attributes\":{\"Name\":\"Microsoft-Windows-Diagnosis-PLA\",\"Guid\":\"E4D53F84-7DE3-11D8-9435-505054503030\"}},\"EventID\":1003,\"Version\":0,\"Level\":4,\"Task\":0,\"Opcode\":0,\"Keywords\":\"0x8000000000000000\",\"TimeCreated\":{\"#attributes\":{\"SystemTime\":\"2022-09-18T09:14:04.654384Z\"}},\"EventRecordID\":5,\"Correlation\":null,\"Execution\":{\"#attributes\":{\"ProcessID\":2792,\"ThreadID\":3432}},\"Channel\":\"Microsoft-Windows-Diagnosis-PLA/Operational\",\"Computer\":\"Agamemnon\",\"Security\":{\"#attributes\":{\"UserID\":\"S-1-5-18\"}}},\"UserData\":{\"DataCollectorSetStart\":{\"#attributes\":{\"xmlns\":\"http://www.microsoft.com/Windows/Diagnosis/PLA/events\"},\"Name\":\"GAEvents\",\"Key\":\"0xd44_0xd3c_0x33476f08\",\"UserName\":\"WORKGROUP\\\\Agamemnon$\"}}}}",
  "xml_fields": {
    "provider": "Microsoft-Windows-Diagnosis-PLA",
    "event_id": "1003",
    "timestamp": "2022-09-18T09:14:04.654384Z",
    "event_record_id": "5",
    "level": "4",
    "task": "0",
    "opcode": "0",
    "keywords": "0x8000000000000000",
    "channel": "Microsoft-Windows-Diagnosis-PLA/Operational",
    "computer": "Agamemnon",
    "Name": "GAEvents",
    "Key": "0xd44_0xd3c_0x33476f08",
    "UserName": "WORKGROUP\\Agamemnon$"
  },
  "json_fields": {
    "provider": "Microsoft-Windows-Diagnosis-PLA",
    "channel": "Microsoft-Windows-Diagnosis-PLA/Operational",
    "event_id": "1003",
    "timestamp": "2022-09-18T09:14:04.654384Z",
    "event_record_id": "5",
    "level": "4",
    "task": "0",
    "opcode": "0",
    "keywords": "0x8000000000000000",
    "computer": "Agamemnon",
    "Name": "GAEvents",
    "Key": "0xd44_0xd3c_0x33476f08",
    "UserName": "WORKGROUP\\Agamemnon$"
  }
}