{
  "event_id": "1004",
  "provider": "Microsoft-Windows-Search",
  "channel": "Application",
  "source_file": "D:\\visual code file\\Project_4\\Event-Analyzer\\test\\Logs\\Application.evtx",
  "event_record_id": 36,
  "xml": "<?xml version=\"1.0\" encoding=\"utf-8\"?>\n<Event xmlns=\"http://schemas.microsoft.com/win/2004/08/events/event\">\n  <System>\n    <Provider Name=\"Microsoft-Windows-Search\" Guid=\"{CA4E628D-8567-4896-AB6B-835B221F373F}\" EventSourceName=\"Windows Search Service\">\n    </Provider>\n    <EventID Qualifiers=\"16384\">1004</EventID>\n    <Version>0</Version>\n    <Level>4</Level>\n    <Task>1</Task>\n    <Opcode>0</Opcode>\n    <Keywords>0x80000000000000</Keywords>\n    <TimeCreated SystemTime=\"2024-11-05T01:34:20.795159Z\">\n    </TimeCreated>\n    <EventRecordID>36</EventRecordID>\n    <Correlation>\n    </Correlation>\n    <Execution ProcessID=\"0\" ThreadID=\"0\">\n    </Execution>\n    <Channel>Application</Channel>\n    <Computer>DESKTOP-P9H5FTA</Computer>\n    <Security>\n    </Security>\n  </System>\n  <EventData>\n    <Data Name=\"ExtraInfo\">\n</Data>\n    <Data Name=\"Reason\">Full Index Reset</Data>\n  </EventData>\n</Event>\n",
  "json": "{\"Event\":{\"#attributes\":{\"xmlns\":\"http://schemas.microsoft.com/win/2004/08/events/event\"},\"System\":{\"Provider\":{\"#attributes\":{\"Name\":\"Microsoft-Windows-Search\",\"Guid\":\"{CA4E628D-8567-4896-AB6B-835B221F373F}\",\"EventSourceName\":\"Windows Search Service\"}},\"EventID\":{\"#attributes\":{\"Qualifiers\":16384},\"#text\":1004},\"Version\":0,\"Level\":4,\"Task\":1,\"Opcode\":0,\"Keywords\":\"0x80000000000000\",\"TimeCreated\":{\"#attributes\":{\"SystemTime\":\"2024-11-05T01:34:20.795159Z\"}},\"EventRecordID\":36,\"Correlation\":null,\"Execution\":{\"#attributes\":{\"ProcessID\":0,\"ThreadID\":0}},\"Channel\":\"Application\",\"Computer\":\"DESKTOP-P9H5FTA\",\"Security\":null},\"EventData\":{\"ExtraInfo\":\"\\n\",\"Reason\":\"Full Index Reset\"}}}",
  "xml_fields": {
    "provider": "Microsoft-Windows-Search",
    "event_id": "1004",
    "timestamp": "2024-11-05T01:34:20.795159Z",
    "event_record_id": "36",
    "level": "4",
    "task": "1",
    "opcode": "0",
    "keywords": "0x80000000000000",
    "channel": "Application",
    "computer": "DESKTOP-P9H5FTA",
    "ExtraInfo": "\n",
    "Reason": "Full Index Reset"
  },
  "json_fields": {
    "provider": "Microsoft-Windows-Search",
    "channel": "Application",
    "event_id": "1004",
    "timestamp": "2024-11-05T01:34:20.795159Z",
    "event_record_id": "36",
    "level": "4",
    "task": "1",
    "opcode": "0",
    "keywords": "0x80000000000000",
    "computer": "DESKTOP-P9H5FTA",
    "ExtraInfo": "\n",
    "Reason": "Full Index Reset"
  }
}