{
  "event_id": "1005",
  "provider": "Microsoft-Windows-ModernDeployment-Diagnostics-Provider",
  "channel": "Microsoft-Windows-ModernDeployment-Diagnostics-Provider/ManagementService",
  "source_file": "D:\\visual code file\\Project_4\\Event-Analyzer\\test\\Benign\\Logs_Client\\Microsoft-Windows-ModernDeployment-Diagnostics-Provider%4ManagementService.evtx",
  "event_record_id": 8,
  "xml": "<?xml version=\"1.0\" encoding=\"utf-8\"?>\n<Event xmlns=\"http://schemas.microsoft.com/win/2004/08/events/event\">\n  <System>\n    <Provider Name=\"Microsoft-Windows-ModernDeployment-Diagnostics-Provider\" Guid=\"BAB3AD92-FB96-5902-450B-B8421BDEC7BD\">\n    </Provider>\n    <EventID>1005</EventID>\n    <Version>0</Version>\n    <Level>2</Level>\n    <Task>0</Task>\n    <Opcode>0</Opcode>\n    <Keywords>0x1000000000000000</Keywords>\n    <TimeCreated SystemTime=\"2022-02-07T10:55:07.266660Z\">\n    </TimeCreated>\n    <EventRecordID>8</EventRecordID>\n    <Correlation>\n    </Correlation>\n    <Execution ProcessID=\"952\" ThreadID=\"2320\">\n    </Execution>\n    <Channel>Microsoft-Windows-ModernDeployment-Diagnostics-Provider/ManagementService</Channel>\n    <Computer>DESKTOP-A8CALR3</Computer>\n    <Security UserID=\"S-1-5-18\">\n    </Security>\n  </System>\n  <EventData>\n    <Data Name=\"HRESULT\">0x80072f76</Data>\n    <Data Name=\"File\">onecoreuap\\admin\\moderndeployment\\autopilot\\commonutils\\ddsnetworkwrapper.cpp</Data>\n    <Data Name=\"Line\">411</Data>\n    <Data Name=\"Message\">NULL</Data>\n  </EventData>\n</Event>\n",
  "json": "{\"Event\":{\"#attributes\":{\"xmlns\":\"http://schemas.microsoft.com/win/2004/08/events/event\"},\"System\":{\"Provider\":{\"#attributes\":{\"Name\":\"Microsoft-Windows-ModernDeployment-Diagnostics-Provider\",\"Guid\":\"BAB3AD92-FB96-5902-450B-B8421BDEC7BD\"}},\"EventID\":1005,\"Version\":0,\"Level\":2,\"Task\":0,\"Opcode\":0,\"Keywords\":\"0x1000000000000000\",\"TimeCreated\":{\"#attributes\":{\"SystemTime\":\"2022-02-07T10:55:07.266660Z\"}},\"EventRecordID\":8,\"Correlation\":null,\"Execution\":{\"#attributes\":{\"ProcessID\":952,\"ThreadID\":2320}},\"Channel\":\"Microsoft-Windows-ModernDeployment-Diagnostics-Provider/ManagementService\",\"Computer\":\"DESKTOP-A8CALR3\",\"Security\":{\"#attributes\":{\"UserID\":\"S-1-5-18\"}}},\"EventData\":{\"HRESULT\":\"0x80072f76\",\"File\":\"onecoreuap\\\\admin\\\\moderndeployment\\\\autopilot\\\\commonutils\\\\ddsnetworkwrapper.cpp\",\"Line\":411,\"Message\":\"NULL\"}}}",
  "xml_fields": {
    "provider": "Microsoft-Windows-ModernDeployment-Diagnostics-Provider",
    "event_id": "1005",
    "timestamp": "2022-02-07T10:55:07.266660Z",
    "event_record_id": "8",
    "level": "2",
    "task": "0",
    "opcode": "0",
    "keywords": "0x1000000000000000",
    "channel": "Microsoft-Windows-ModernDeployment-Diagnostics-Provider/ManagementService",
    "computer": "DESKTOP-A8CALR3",
    "HRESULT": "0x80072f76",
    "File": "onecoreuap\\admin\\moderndeployment\\autopilot\\commonutils\\ddsnetworkwrapper.cpp",
    "Line": "411",
    "Message": "NULL"
  },
  "json_fields": {
    "provider": "Microsoft-Windows-ModernDeployment-Diagnostics-Provider",
    "channel": "Microsoft-Windows-ModernDeployment-Diagnostics-Provider/ManagementService",
    "event_id": "1005",
    "timestamp": "2022-02-07T10:55:07.266660Z",
    "event_record_id": "8",
    "level": "2",
    "task": "0",
    "opcode": "0",
    "keywords": "0x1000000000000000",
    "computer": "DESKTOP-A8CALR3",
    "HRESULT": "0x80072f76",
    "File": "onecoreuap\\admin\\moderndeployment\\autopilot\\commonutils\\ddsnetworkwrapper.cpp",
    "Line": "411",
    "Message": "NULL"
  }
}