{
  "event_id": "1005",
  "provider": "Microsoft-Windows-PushNotifications-Platform",
  "channel": "Microsoft-Windows-PushNotification-Platform/Operational",
  "source_file": "D:\\visual code file\\Project_4\\Event-Analyzer\\test\\Logs\\Microsoft-Windows-PushNotification-Platform%4Operational.evtx",
  "event_record_id": 159,
  "xml": "<?xml version=\"1.0\" encoding=\"utf-8\"?>\n<Event xmlns=\"http://schemas.microsoft.com/win/2004/08/events/event\">\n  <System>\n    <Provider Name=\"Microsoft-Windows-PushNotifications-Platform\" Guid=\"88CD9180-4491-4640-B571-E3BEE2527943\">\n    </Provider>\n    <EventID>1005</EventID>\n    <Version>0</Version>\n    <Level>4</Level>\n    <Task>9</Task>\n    <Opcode>0</Opcode>\n    <Keywords>0x8000000006818100</Keywords>\n    <TimeCreated SystemTime=\"2024-11-04T12:43:36.043444Z\">\n    </TimeCreated>\n    <EventRecordID>159</EventRecordID>\n    <Correlation>\n    </Correlation>\n    <Execution ProcessID=\"2812\" ThreadID=\"1844\">\n    </Execution>\n    <Channel>Microsoft-Windows-PushNotification-Platform/Operational</Channel>\n    <Computer>DESKTOP-P9H5FTA</Computer>\n    <Security UserID=\"S-1-5-18\">\n    </Security>\n  </System>\n  <EventData>\n    <Data Name=\"Status\">7</Data>\n  </EventData>\n</Event>\n",
  "json": "{\"Event\":{\"#attributes\":{\"xmlns\":\"http://schemas.microsoft.com/win/2004/08/events/event\"},\"System\":{\"Provider\":{\"#attributes\":{\"Name\":\"Microsoft-Windows-PushNotifications-Platform\",\"Guid\":\"88CD9180-4491-4640-B571-E3BEE2527943\"}},\"EventID\":1005,\"Version\":0,\"Level\":4,\"Task\":9,\"Opcode\":0,\"Keywords\":\"0x8000000006818100\",\"TimeCreated\":{\"#attributes\":{\"SystemTime\":\"2024-11-04T12:43:36.043444Z\"}},\"EventRecordID\":159,\"Correlation\":null,\"Execution\":{\"#attributes\":{\"ProcessID\":2812,\"ThreadID\":1844}},\"Channel\":\"Microsoft-Windows-PushNotification-Platform/Operational\",\"Computer\":\"DESKTOP-P9H5FTA\",\"Security\":{\"#attributes\":{\"UserID\":\"S-1-5-18\"}}},\"EventData\":{\"Status\":7}}}",
  "xml_fields": {
    "provider": "Microsoft-Windows-PushNotifications-Platform",
    "event_id": "1005",
    "timestamp": "2024-11-04T12:43:36.043444Z",
    "event_record_id": "159",
    "level": "4",
    "task": "9",
    "opcode": "0",
    "keywords": "0x8000000006818100",
    "channel": "Microsoft-Windows-PushNotification-Platform/Operational",
    "computer": "DESKTOP-P9H5FTA",
    "Status": "7"
  },
  "json_fields": {
    "provider": "Microsoft-Windows-PushNotifications-Platform",
    "channel": "Microsoft-Windows-PushNotification-Platform/Operational",
    "event_id": "1005",
    "timestamp": "2024-11-04T12:43:36.043444Z",
    "event_record_id": "159",
    "level": "4",
    "task": "9",
    "opcode": "0",
    "keywords": "0x8000000006818100",
    "computer": "DESKTOP-P9H5FTA",
    "Status": "7"
  }
}