{
  "event_id": "1005",
  "provider": "Microsoft-Windows-Diagnosis-PLA",
  "channel": "Microsoft-Windows-Diagnosis-PLA/Operational",
  "source_file": "D:\\visual code file\\Project_4\\Event-Analyzer\\test\\Benign\\win2022-0-20348-azure\\Microsoft-Windows-Diagnosis-PLA%4Operational.evtx",
  "event_record_id": 7,
  "xml": "<?xml version=\"1.0\" encoding=\"utf-8\"?>\n<Event xmlns=\"http://schemas.microsoft.com/win/2004/08/events/event\">\n  <System>\n    <Provider Name=\"Microsoft-Windows-Diagnosis-PLA\" Guid=\"E4D53F84-7DE3-11D8-9435-505054503030\">\n    </Provider>\n    <EventID>1005</EventID>\n    <Version>0</Version>\n    <Level>4</Level>\n    <Task>0</Task>\n    <Opcode>0</Opcode>\n    <Keywords>0x8000000000000000</Keywords>\n    <TimeCreated SystemTime=\"2022-09-18T09:24:34.299834Z\">\n    </TimeCreated>\n    <EventRecordID>7</EventRecordID>\n    <Correlation>\n    </Correlation>\n    <Execution ProcessID=\"2792\" ThreadID=\"3372\">\n    </Execution>\n    <Channel>Microsoft-Windows-Diagnosis-PLA/Operational</Channel>\n    <Computer>Agamemnon</Computer>\n    <Security UserID=\"S-1-5-18\">\n    </Security>\n  </System>\n  <UserData>\n    <DataCollectorSetStop xmlns=\"http://www.microsoft.com/Windows/Diagnosis/PLA/events\">\n      <Name>RTEvents</Name>\n    </DataCollectorSetStop>\n  </UserData>\n</Event>\n",
  "json": "{\"Event\":{\"#attributes\":{\"xmlns\":\"http://schemas.microsoft.com/win/2004/08/events/event\"},\"System\":{\"Provider\":{\"#attributes\":{\"Name\":\"Microsoft-Windows-Diagnosis-PLA\",\"Guid\":\"E4D53F84-7DE3-11D8-9435-505054503030\"}},\"EventID\":1005,\"Version\":0,\"Level\":4,\"Task\":0,\"Opcode\":0,\"Keywords\":\"0x8000000000000000\",\"TimeCreated\":{\"#attributes\":{\"SystemTime\":\"2022-09-18T09:24:34.299834Z\"}},\"EventRecordID\":7,\"Correlation\":null,\"Execution\":{\"#attributes\":{\"ProcessID\":2792,\"ThreadID\":3372}},\"Channel\":\"Microsoft-Windows-Diagnosis-PLA/Operational\",\"Computer\":\"Agamemnon\",\"Security\":{\"#attributes\":{\"UserID\":\"S-1-5-18\"}}},\"UserData\":{\"DataCollectorSetStop\":{\"#attributes\":{\"xmlns\":\"http://www.microsoft.com/Windows/Diagnosis/PLA/events\"},\"Name\":\"RTEvents\"}}}}",
  "xml_fields": {
    "provider": "Microsoft-Windows-Diagnosis-PLA",
    "event_id": "1005",
    "timestamp": "2022-09-18T09:24:34.299834Z",
    "event_record_id": "7",
    "level": "4",
    "task": "0",
    "opcode": "0",
    "keywords": "0x8000000000000000",
    "channel": "Microsoft-Windows-Diagnosis-PLA/Operational",
    "computer": "Agamemnon",
    "Name": "RTEvents"
  },
  "json_fields": {
    "provider": "Microsoft-Windows-Diagnosis-PLA",
    "channel": "Microsoft-Windows-Diagnosis-PLA/Operational",
    "event_id": "1005",
    "timestamp": "2022-09-18T09:24:34.299834Z",
    "event_record_id": "7",
    "level": "4",
    "task": "0",
    "opcode": "0",
    "keywords": "0x8000000000000000",
    "computer": "Agamemnon",
    "Name": "RTEvents"
  }
}