{
  "event_id": "1006",
  "provider": "Microsoft-Windows-Partition",
  "channel": "Microsoft-Windows-Partition/Diagnostic",
  "source_file": "D:\\visual code file\\Project_4\\Event-Analyzer\\test\\Logs\\Microsoft-Windows-Partition%4Diagnostic.evtx",
  "event_record_id": 1,
  "xml": "<?xml version=\"1.0\" encoding=\"utf-8\"?>\n<Event xmlns=\"http://schemas.microsoft.com/win/2004/08/events/event\">\n  <System>\n    <Provider Name=\"Microsoft-Windows-Partition\" Guid=\"412BDFF2-A8C4-470D-8F33-63FE0D8C20E2\">\n    </Provider>\n    <EventID>1006</EventID>\n    <Version>4</Version>\n    <Level>4</Level>\n    <Task>0</Task>\n    <Opcode>0</Opcode>\n    <Keywords>0x8000000000000000</Keywords>\n    <TimeCreated SystemTime=\"2024-11-05T01:33:00.967487Z\">\n    </TimeCreated>\n    <EventRecordID>1</EventRecordID>\n    <Correlation>\n    </Correlation>\n    <Execution ProcessID=\"4\" ThreadID=\"228\">\n    </Execution>\n    <Channel>Microsoft-Windows-Partition/Diagnostic</Channel>\n    <Computer>WIN-5LCFHVCO531</Computer>\n    <Security UserID=\"S-1-5-18\">\n    </Security>\n  </System>\n  <EventData>\n    <Data Name=\"DiskNumber\">0</Data>\n    <Data Name=\"Flags\">538976528</Data>\n    <Data Name=\"Characteristics\">262400</Data>\n    <Data Name=\"IsSystemCritical\">true</Data>\n    <Data Name=\"PagingCount\">0</Data>\n    <Data Name=\"HibernationCount\">0</Data>\n    <Data Name=\"DumpCount\">0</Data>\n    <Data Name=\"BytesPerSector\">512</Data>\n    <Data Name=\"Capacity\">64424509440</Data>\n    <Data Name=\"BusType\">17</Data>\n    <Data Name=\"Manufacturer\">NULL</Data>\n    <Data Name=\"Model\">VMware Virtual NVMe Disk</Data>\n    <Data Name=\"Revision\">1.0</Data>\n    <Data Name=\"SerialNumber\">VMWare NVME_0000</Data>\n    <Data Name=\"Location\">nvme0</Data>\n    <Data Name=\"ParentId\">PCI\\VEN_15AD&amp;DEV_07F0&amp;SUBSYS_07F015AD&amp;REV_00\\4&amp;3b50545d&amp;0&amp;00B8</Data>\n    <Data Name=\"Socket\">-1</Data>\n    <Data Name=\"Slot\">224</Data>\n    <Data Name=\"Bus\">19</Data>\n    <Data Name=\"Device\">0</Data>\n    <Data Name=\"Function\">0</Data>\n    <Data Name=\"Adapter\">3</Data>\n    <Data Name=\"Port\">0</Data>\n    <Data Name=\"Target\">0</Data>\n    <Data Name=\"Lun\">0</Data>\n    <Data Name=\"IoctlSupport\">63983</Data>\n    <Data Name=\"IdFlags\">4</Data>\n    <Data Name=\"DiskId\">7B6F1752-BD95-6E22-E3A5-6EE8419ECAD7</Data>\n    <Data Name=\"AdapterId\">E27835C7-9B15-11EF-9769-806E6F6E6963</Data>\n    <Data Name=\"RegistryId\">E27835D3-9B15-11EF-9769-806E6F6E6963</Data>\n    <Data Name=\"PoolId\">00000000-0000-0000-0000-000000000000</Data>\n    <Data Name=\"FirmwareSupportsUpgrade\">false</Data>\n    <Data Name=\"FirmwareSlotCount\">1</Data>\n    <Data Name=\"StorageIdCount\">1</Data>\n    <Data Name=\"StorageIdCodeSet\">3</Data>\n    <Data Name=\"StorageIdType\">8</Data>\n    <Data Name=\"StorageIdAssociation\">0</Data>\n    <Data Name=\"StorageIdBytes\">68</Data>\n    <Data Name=\"StorageId\">31354144564D77617265205669727475616C204E564D65204469736B0000000000000000000000000000000030303031564D57617265204E564D455F3030303000000000</Data>\n    <Data Name=\"WriteCacheType\">0</Data>\n    <Data Name=\"WriteCacheEnabled\">0</Data>\n    <Data Name=\"WriteCacheChangeable\">0</Data>\n    <Data Name=\"WriteThroughSupported\">0</Data>\n    <Data Name=\"FlushCacheSupported\">false</Data>\n    <Data Name=\"IsPowerProtected\">false</Data>\n    <Data Name=\"NVCacheEnabled\">false</Data>\n    <Data Name=\"BytesPerLogicalSector\">512</Data>\n    <Data Name=\"BytesPerPhysicalSector\">4096</Data>\n    <Data Name=\"BytesOffsetForSectorAlignment\">0</Data>\n    <Data Name=\"IncursSeekPenalty\">false</Data>\n    <Data Name=\"IsTrimSupported\">false</Data>\n    <Data Name=\"IsThinProvisioned\">false</Data>\n    <Data Name=\"OptimalUnmapGranularity\">0</Data>\n    <Data Name=\"UnmapAlignment\">0</Data>\n    <Data Name=\"NumberOfLogicalCopies\">0</Data>\n    <Data Name=\"NumberOfPhysicalCopies\">0</Data>\n    <Data Name=\"FaultTolerance\">0</Data>\n    <Data Name=\"NumberOfColumns\">0</Data>\n    <Data Name=\"InterleaveBytes\">0</Data>\n    <Data Name=\"HybridSupported\">false</Data>\n    <Data Name=\"HybridCacheBytes\">0</Data>\n    <Data Name=\"AdapterMaximumTransferBytes\">1048576</Data>\n    <Data Name=\"AdapterMaximumTransferPages\">513</Data>\n    <Data Name=\"AdapterAlignmentMask\">3</Data>\n    <Data Name=\"AdapterSerialNumber\">VMWare NVME_0000</Data>\n    <Data Name=\"PortDriver\">1</Data>\n    <Data Name=\"UserRemovalPolicy\">false</Data>\n    <Data Name=\"PartitionStyle\">1</Data>\n    <Data Name=\"PartitionCount\">3</Data>\n    <Data Name=\"PartitionTableBytes\">480</Data>\n    <Data Name=\"PartitionTable\">010000000300000090E038AC89696242970DC0DCBDF624CE0044000000000000007AFFFF0E0000008000000000000000010000000000000000001000000000000000400600000000010000000000000028732AC11FF8D211BA4B00A0C93EC93BE3BC27D28BB6B04FB41ADCD3D786015E00000000000000804500460049002000730079007300740065006D00200070006100720074006900740069006F006E000000000000000000000000000000000000000000000000000000000000000000010000000000000000005006000000000000000100000000020000000000000016E3C9E35C0BB84D817DF92DF00215AE529C336E1740B44D9F2FB0A4B59E684300000000000000804D006900630072006F0073006F0066007400200072006500730065007200760065006400200070006100720074006900740069006F006E0000000000000000000000000000000000010000000000000000005007000000000000A0F80E0000000300000000000000A2A0D0EBE5B9334487C068B6B72699C72118CAF15128114E905330D9F871AE8E00000000000000004200610073006900630020006400610074006100200070006100720074006900740069006F006E000000000000000000000000000000000000000000000000000000000000000000</Data>\n    <Data Name=\"MbrBytes\">0</Data>\n    <Data Name=\"Mbr\"></Data>\n    <Data Name=\"Vbr0Bytes\">0</Data>\n    <Data Name=\"Vbr0\"></Data>\n    <Data Name=\"Vbr1Bytes\">0</Data>\n    <Data Name=\"Vbr1\"></Data>\n    <Data Name=\"Vbr2Bytes\">0</Data>\n    <Data Name=\"Vbr2\"></Data>\n    <Data Name=\"Vbr3Size\">0</Data>\n    <Data Name=\"Vbr3\"></Data>\n  </EventData>\n</Event>\n",
  "json": "{\"Event\":{\"#attributes\":{\"xmlns\":\"http://schemas.microsoft.com/win/2004/08/events/event\"},\"System\":{\"Provider\":{\"#attributes\":{\"Name\":\"Microsoft-Windows-Partition\",\"Guid\":\"412BDFF2-A8C4-470D-8F33-63FE0D8C20E2\"}},\"EventID\":1006,\"Version\":4,\"Level\":4,\"Task\":0,\"Opcode\":0,\"Keywords\":\"0x8000000000000000\",\"TimeCreated\":{\"#attributes\":{\"SystemTime\":\"2024-11-05T01:33:00.967487Z\"}},\"EventRecordID\":1,\"Correlation\":null,\"Execution\":{\"#attributes\":{\"ProcessID\":4,\"ThreadID\":228}},\"Channel\":\"Microsoft-Windows-Partition/Diagnostic\",\"Computer\":\"WIN-5LCFHVCO531\",\"Security\":{\"#attributes\":{\"UserID\":\"S-1-5-18\"}}},\"EventData\":{\"DiskNumber\":0,\"Flags\":538976528,\"Characteristics\":262400,\"IsSystemCritical\":true,\"PagingCount\":0,\"HibernationCount\":0,\"DumpCount\":0,\"BytesPerSector\":512,\"Capacity\":64424509440,\"BusType\":17,\"Manufacturer\":\"NULL\",\"Model\":\"VMware Virtual NVMe Disk\",\"Revision\":\"1.0\",\"SerialNumber\":\"VMWare NVME_0000\",\"Location\":\"nvme0\",\"ParentId\":\"PCI\\\\VEN_15AD&DEV_07F0&SUBSYS_07F015AD&REV_00\\\\4&3b50545d&0&00B8\",\"Socket\":-1,\"Slot\":224,\"Bus\":19,\"Device\":0,\"Function\":0,\"Adapter\":3,\"Port\":0,\"Target\":0,\"Lun\":0,\"IoctlSupport\":63983,\"IdFlags\":4,\"DiskId\":\"7B6F1752-BD95-6E22-E3A5-6EE8419ECAD7\",\"AdapterId\":\"E27835C7-9B15-11EF-9769-806E6F6E6963\",\"RegistryId\":\"E27835D3-9B15-11EF-9769-806E6F6E6963\",\"PoolId\":\"00000000-0000-0000-0000-000000000000\",\"FirmwareSupportsUpgrade\":false,\"FirmwareSlotCount\":1,\"StorageIdCount\":1,\"StorageIdCodeSet\":3,\"StorageIdType\":8,\"StorageIdAssociation\":0,\"StorageIdBytes\":68,\"StorageId\":\"31354144564D77617265205669727475616C204E564D65204469736B0000000000000000000000000000000030303031564D57617265204E564D455F3030303000000000\",\"WriteCacheType\":0,\"WriteCacheEnabled\":0,\"WriteCacheChangeable\":0,\"WriteThroughSupported\":0,\"FlushCacheSupported\":false,\"IsPowerProtected\":false,\"NVCacheEnabled\":false,\"BytesPerLogicalSector\":512,\"BytesPerPhysicalSector\":4096,\"BytesOffsetForSectorAlignment\":0,\"IncursSeekPenalty\":false,\"IsTrimSupported\":false,\"IsThinProvisioned\":false,\"OptimalUnmapGranularity\":0,\"UnmapAlignment\":0,\"NumberOfLogicalCopies\":0,\"NumberOfPhysicalCopies\":0,\"FaultTolerance\":0,\"NumberOfColumns\":0,\"InterleaveBytes\":0,\"HybridSupported\":false,\"HybridCacheBytes\":0,\"AdapterMaximumTransferBytes\":1048576,\"AdapterMaximumTransferPages\":513,\"AdapterAlignmentMask\":3,\"AdapterSerialNumber\":\"VMWare NVME_0000\",\"PortDriver\":1,\"UserRemovalPolicy\":false,\"PartitionStyle\":1,\"PartitionCount\":3,\"PartitionTableBytes\":480,\"PartitionTable\":\"010000000300000090E038AC89696242970DC0DCBDF624CE0044000000000000007AFFFF0E0000008000000000000000010000000000000000001000000000000000400600000000010000000000000028732AC11FF8D211BA4B00A0C93EC93BE3BC27D28BB6B04FB41ADCD3D786015E00000000000000804500460049002000730079007300740065006D00200070006100720074006900740069006F006E000000000000000000000000000000000000000000000000000000000000000000010000000000000000005006000000000000000100000000020000000000000016E3C9E35C0BB84D817DF92DF00215AE529C336E1740B44D9F2FB0A4B59E684300000000000000804D006900630072006F0073006F0066007400200072006500730065007200760065006400200070006100720074006900740069006F006E0000000000000000000000000000000000010000000000000000005007000000000000A0F80E0000000300000000000000A2A0D0EBE5B9334487C068B6B72699C72118CAF15128114E905330D9F871AE8E00000000000000004200610073006900630020006400610074006100200070006100720074006900740069006F006E000000000000000000000000000000000000000000000000000000000000000000\",\"MbrBytes\":0,\"Mbr\":\"\",\"Vbr0Bytes\":0,\"Vbr0\":\"\",\"Vbr1Bytes\":0,\"Vbr1\":\"\",\"Vbr2Bytes\":0,\"Vbr2\":\"\",\"Vbr3Size\":0,\"Vbr3\":\"\"}}}",
  "xml_fields": {
    "provider": "Microsoft-Windows-Partition",
    "event_id": "1006",
    "timestamp": "2024-11-05T01:33:00.967487Z",
    "event_record_id": "1",
    "level": "4",
    "task": "0",
    "opcode": "0",
    "keywords": "0x8000000000000000",
    "channel": "Microsoft-Windows-Partition/Diagnostic",
    "computer": "WIN-5LCFHVCO531",
    "DiskNumber": "0",
    "Flags": "538976528",
    "Characteristics": "262400",
    "IsSystemCritical": "true",
    "PagingCount": "0",
    "HibernationCount": "0",
    "DumpCount": "0",
    "BytesPerSector": "512",
    "Capacity": "64424509440",
    "BusType": "17",
    "Manufacturer": "NULL",
    "Model": "VMware Virtual NVMe Disk",
    "Revision": "1.0",
    "SerialNumber": "VMWare NVME_0000",
    "Location": "nvme0",
    "ParentId": "PCI\\VEN_15AD&DEV_07F0&SUBSYS_07F015AD&REV_00\\4&3b50545d&0&00B8",
    "Socket": "-1",
    "Slot": "224",
    "Bus": "19",
    "Device": "0",
    "Function": "0",
    "Adapter": "3",
    "Port": "0",
    "Target": "0",
    "Lun": "0",
    "IoctlSupport": "63983",
    "IdFlags": "4",
    "DiskId": "7B6F1752-BD95-6E22-E3A5-6EE8419ECAD7",
    "AdapterId": "E27835C7-9B15-11EF-9769-806E6F6E6963",
    "RegistryId": "E27835D3-9B15-11EF-9769-806E6F6E6963",
    "PoolId": "00000000-0000-0000-0000-000000000000",
    "FirmwareSupportsUpgrade": "false",
    "FirmwareSlotCount": "1",
    "StorageIdCount": "1",
    "StorageIdCodeSet": "3",
    "StorageIdType": "8",
    "StorageIdAssociation": "0",
    "StorageIdBytes": "68",
    "StorageId": "31354144564D77617265205669727475616C204E564D65204469736B0000000000000000000000000000000030303031564D57617265204E564D455F3030303000000000",
    "WriteCacheType": "0",
    "WriteCacheEnabled": "0",
    "WriteCacheChangeable": "0",
    "WriteThroughSupported": "0",
    "FlushCacheSupported": "false",
    "IsPowerProtected": "false",
    "NVCacheEnabled": "false",
    "BytesPerLogicalSector": "512",
    "BytesPerPhysicalSector": "4096",
    "BytesOffsetForSectorAlignment": "0",
    "IncursSeekPenalty": "false",
    "IsTrimSupported": "false",
    "IsThinProvisioned": "false",
    "OptimalUnmapGranularity": "0",
    "UnmapAlignment": "0",
    "NumberOfLogicalCopies": "0",
    "NumberOfPhysicalCopies": "0",
    "FaultTolerance": "0",
    "NumberOfColumns": "0",
    "InterleaveBytes": "0",
    "HybridSupported": "false",
    "HybridCacheBytes": "0",
    "AdapterMaximumTransferBytes": "1048576",
    "AdapterMaximumTransferPages": "513",
    "AdapterAlignmentMask": "3",
    "AdapterSerialNumber": "VMWare NVME_0000",
    "PortDriver": "1",
    "UserRemovalPolicy": "false",
    "PartitionStyle": "1",
    "PartitionCount": "3",
    "PartitionTableBytes": "480",
    "PartitionTable": "010000000300000090E038AC89696242970DC0DCBDF624CE0044000000000000007AFFFF0E0000008000000000000000010000000000000000001000000000000000400600000000010000000000000028732AC11FF8D211BA4B00A0C93EC93BE3BC27D28BB6B04FB41ADCD3D786015E00000000000000804500460049002000730079007300740065006D00200070006100720074006900740069006F006E000000000000000000000000000000000000000000000000000000000000000000010000000000000000005006000000000000000100000000020000000000000016E3C9E35C0BB84D817DF92DF00215AE529C336E1740B44D9F2FB0A4B59E684300000000000000804D006900630072006F0073006F0066007400200072006500730065007200760065006400200070006100720074006900740069006F006E0000000000000000000000000000000000010000000000000000005007000000000000A0F80E0000000300000000000000A2A0D0EBE5B9334487C068B6B72699C72118CAF15128114E905330D9F871AE8E00000000000000004200610073006900630020006400610074006100200070006100720074006900740069006F006E000000000000000000000000000000000000000000000000000000000000000000",
    "MbrBytes": "0",
    "Mbr": "",
    "Vbr0Bytes": "0",
    "Vbr0": "",
    "Vbr1Bytes": "0",
    "Vbr1": "",
    "Vbr2Bytes": "0",
    "Vbr2": "",
    "Vbr3Size": "0",
    "Vbr3": ""
  },
  "json_fields": {
    "provider": "Microsoft-Windows-Partition",
    "channel": "Microsoft-Windows-Partition/Diagnostic",
    "event_id": "1006",
    "timestamp": "2024-11-05T01:33:00.967487Z",
    "event_record_id": "1",
    "level": "4",
    "task": "0",
    "opcode": "0",
    "keywords": "0x8000000000000000",
    "computer": "WIN-5LCFHVCO531",
    "DiskNumber": "0",
    "Flags": "538976528",
    "Characteristics": "262400",
    "IsSystemCritical": "True",
    "PagingCount": "0",
    "HibernationCount": "0",
    "DumpCount": "0",
    "BytesPerSector": "512",
    "Capacity": "64424509440",
    "BusType": "17",
    "Manufacturer": "NULL",
    "Model": "VMware Virtual NVMe Disk",
    "Revision": "1.0",
    "SerialNumber": "VMWare NVME_0000",
    "Location": "nvme0",
    "ParentId": "PCI\\VEN_15AD&DEV_07F0&SUBSYS_07F015AD&REV_00\\4&3b50545d&0&00B8",
    "Socket": "-1",
    "Slot": "224",
    "Bus": "19",
    "Device": "0",
    "Function": "0",
    "Adapter": "3",
    "Port": "0",
    "Target": "0",
    "Lun": "0",
    "IoctlSupport": "63983",
    "IdFlags": "4",
    "DiskId": "7B6F1752-BD95-6E22-E3A5-6EE8419ECAD7",
    "AdapterId": "E27835C7-9B15-11EF-9769-806E6F6E6963",
    "RegistryId": "E27835D3-9B15-11EF-9769-806E6F6E6963",
    "PoolId": "00000000-0000-0000-0000-000000000000",
    "FirmwareSupportsUpgrade": "False",
    "FirmwareSlotCount": "1",
    "StorageIdCount": "1",
    "StorageIdCodeSet": "3",
    "StorageIdType": "8",
    "StorageIdAssociation": "0",
    "StorageIdBytes": "68",
    "StorageId": "31354144564D77617265205669727475616C204E564D65204469736B0000000000000000000000000000000030303031564D57617265204E564D455F3030303000000000",
    "WriteCacheType": "0",
    "WriteCacheEnabled": "0",
    "WriteCacheChangeable": "0",
    "WriteThroughSupported": "0",
    "FlushCacheSupported": "False",
    "IsPowerProtected": "False",
    "NVCacheEnabled": "False",
    "BytesPerLogicalSector": "512",
    "BytesPerPhysicalSector": "4096",
    "BytesOffsetForSectorAlignment": "0",
    "IncursSeekPenalty": "False",
    "IsTrimSupported": "False",
    "IsThinProvisioned": "False",
    "OptimalUnmapGranularity": "0",
    "UnmapAlignment": "0",
    "NumberOfLogicalCopies": "0",
    "NumberOfPhysicalCopies": "0",
    "FaultTolerance": "0",
    "NumberOfColumns": "0",
    "InterleaveBytes": "0",
    "HybridSupported": "False",
    "HybridCacheBytes": "0",
    "AdapterMaximumTransferBytes": "1048576",
    "AdapterMaximumTransferPages": "513",
    "AdapterAlignmentMask": "3",
    "AdapterSerialNumber": "VMWare NVME_0000",
    "PortDriver": "1",
    "UserRemovalPolicy": "False",
    "PartitionStyle": "1",
    "PartitionCount": "3",
    "PartitionTableBytes": "480",
    "PartitionTable": "010000000300000090E038AC89696242970DC0DCBDF624CE0044000000000000007AFFFF0E0000008000000000000000010000000000000000001000000000000000400600000000010000000000000028732AC11FF8D211BA4B00A0C93EC93BE3BC27D28BB6B04FB41ADCD3D786015E00000000000000804500460049002000730079007300740065006D00200070006100720074006900740069006F006E000000000000000000000000000000000000000000000000000000000000000000010000000000000000005006000000000000000100000000020000000000000016E3C9E35C0BB84D817DF92DF00215AE529C336E1740B44D9F2FB0A4B59E684300000000000000804D006900630072006F0073006F0066007400200072006500730065007200760065006400200070006100720074006900740069006F006E0000000000000000000000000000000000010000000000000000005007000000000000A0F80E0000000300000000000000A2A0D0EBE5B9334487C068B6B72699C72118CAF15128114E905330D9F871AE8E00000000000000004200610073006900630020006400610074006100200070006100720074006900740069006F006E000000000000000000000000000000000000000000000000000000000000000000",
    "MbrBytes": "0",
    "Mbr": "",
    "Vbr0Bytes": "0",
    "Vbr0": "",
    "Vbr1Bytes": "0",
    "Vbr1": "",
    "Vbr2Bytes": "0",
    "Vbr2": "",
    "Vbr3Size": "0",
    "Vbr3": ""
  }
}