{
  "event_id": "1006",
  "provider": "Microsoft-Windows-Wcmsvc",
  "channel": "Microsoft-Windows-Wcmsvc/Operational",
  "source_file": "D:\\visual code file\\Project_4\\Event-Analyzer\\test\\Logs\\Microsoft-Windows-Wcmsvc%4Operational.evtx",
  "event_record_id": 15,
  "xml": "<?xml version=\"1.0\" encoding=\"utf-8\"?>\n<Event xmlns=\"http://schemas.microsoft.com/win/2004/08/events/event\">\n  <System>\n    <Provider Name=\"Microsoft-Windows-Wcmsvc\" Guid=\"67D07935-283A-4791-8F8D-FA9117F3E6F2\">\n    </Provider>\n    <EventID>1006</EventID>\n    <Version>0</Version>\n    <Level>4</Level>\n    <Task>0</Task>\n    <Opcode>0</Opcode>\n    <Keywords>0x8000000000000020</Keywords>\n    <TimeCreated SystemTime=\"2024-11-04T12:34:57.072244Z\">\n    </TimeCreated>\n    <EventRecordID>15</EventRecordID>\n    <Correlation>\n    </Correlation>\n    <Execution ProcessID=\"2684\" ThreadID=\"2744\">\n    </Execution>\n    <Channel>Microsoft-Windows-Wcmsvc/Operational</Channel>\n    <Computer>DESKTOP-P9H5FTA</Computer>\n    <Security UserID=\"S-1-5-19\">\n    </Security>\n  </System>\n  <EventData>\n    <Data Name=\"Reason\">1</Data>\n  </EventData>\n</Event>\n",
  "json": "{\"Event\":{\"#attributes\":{\"xmlns\":\"http://schemas.microsoft.com/win/2004/08/events/event\"},\"System\":{\"Provider\":{\"#attributes\":{\"Name\":\"Microsoft-Windows-Wcmsvc\",\"Guid\":\"67D07935-283A-4791-8F8D-FA9117F3E6F2\"}},\"EventID\":1006,\"Version\":0,\"Level\":4,\"Task\":0,\"Opcode\":0,\"Keywords\":\"0x8000000000000020\",\"TimeCreated\":{\"#attributes\":{\"SystemTime\":\"2024-11-04T12:34:57.072244Z\"}},\"EventRecordID\":15,\"Correlation\":null,\"Execution\":{\"#attributes\":{\"ProcessID\":2684,\"ThreadID\":2744}},\"Channel\":\"Microsoft-Windows-Wcmsvc/Operational\",\"Computer\":\"DESKTOP-P9H5FTA\",\"Security\":{\"#attributes\":{\"UserID\":\"S-1-5-19\"}}},\"EventData\":{\"Reason\":1}}}",
  "xml_fields": {
    "provider": "Microsoft-Windows-Wcmsvc",
    "event_id": "1006",
    "timestamp": "2024-11-04T12:34:57.072244Z",
    "event_record_id": "15",
    "level": "4",
    "task": "0",
    "opcode": "0",
    "keywords": "0x8000000000000020",
    "channel": "Microsoft-Windows-Wcmsvc/Operational",
    "computer": "DESKTOP-P9H5FTA",
    "Reason": "1"
  },
  "json_fields": {
    "provider": "Microsoft-Windows-Wcmsvc",
    "channel": "Microsoft-Windows-Wcmsvc/Operational",
    "event_id": "1006",
    "timestamp": "2024-11-04T12:34:57.072244Z",
    "event_record_id": "15",
    "level": "4",
    "task": "0",
    "opcode": "0",
    "keywords": "0x8000000000000020",
    "computer": "DESKTOP-P9H5FTA",
    "Reason": "1"
  }
}