{
  "event_id": "1007",
  "provider": "Microsoft-Windows-Partition",
  "channel": "Microsoft-Windows-Partition/Diagnostic",
  "source_file": "D:\\visual code file\\Project_4\\Event-Analyzer\\test\\Benign\\Logs_Win11\\Microsoft-Windows-Partition%4Diagnostic.evtx",
  "event_record_id": 2,
  "xml": "<?xml version=\"1.0\" encoding=\"utf-8\"?>\n<Event xmlns=\"http://schemas.microsoft.com/win/2004/08/events/event\">\n  <System>\n    <Provider Name=\"Microsoft-Windows-Partition\" Guid=\"412BDFF2-A8C4-470D-8F33-63FE0D8C20E2\">\n    </Provider>\n    <EventID>1007</EventID>\n    <Version>0</Version>\n    <Level>4</Level>\n    <Task>0</Task>\n    <Opcode>0</Opcode>\n    <Keywords>0x8000000000000000</Keywords>\n    <TimeCreated SystemTime=\"2022-03-01T16:42:05.518220Z\">\n    </TimeCreated>\n    <EventRecordID>2</EventRecordID>\n    <Correlation>\n    </Correlation>\n    <Execution ProcessID=\"4\" ThreadID=\"200\">\n    </Execution>\n    <Channel>Microsoft-Windows-Partition/Diagnostic</Channel>\n    <Computer>WIN-KPO4DDU11AB</Computer>\n    <Security UserID=\"S-1-5-18\">\n    </Security>\n  </System>\n  <EventData>\n    <Data Name=\"SpStatus\">3221225659</Data>\n    <Data Name=\"OperationStatus\">0</Data>\n    <Data Name=\"WnfStatus\">0</Data>\n  </EventData>\n</Event>\n",
  "json": "{\"Event\":{\"#attributes\":{\"xmlns\":\"http://schemas.microsoft.com/win/2004/08/events/event\"},\"System\":{\"Provider\":{\"#attributes\":{\"Name\":\"Microsoft-Windows-Partition\",\"Guid\":\"412BDFF2-A8C4-470D-8F33-63FE0D8C20E2\"}},\"EventID\":1007,\"Version\":0,\"Level\":4,\"Task\":0,\"Opcode\":0,\"Keywords\":\"0x8000000000000000\",\"TimeCreated\":{\"#attributes\":{\"SystemTime\":\"2022-03-01T16:42:05.518220Z\"}},\"EventRecordID\":2,\"Correlation\":null,\"Execution\":{\"#attributes\":{\"ProcessID\":4,\"ThreadID\":200}},\"Channel\":\"Microsoft-Windows-Partition/Diagnostic\",\"Computer\":\"WIN-KPO4DDU11AB\",\"Security\":{\"#attributes\":{\"UserID\":\"S-1-5-18\"}}},\"EventData\":{\"SpStatus\":3221225659,\"OperationStatus\":0,\"WnfStatus\":0}}}",
  "xml_fields": {
    "provider": "Microsoft-Windows-Partition",
    "event_id": "1007",
    "timestamp": "2022-03-01T16:42:05.518220Z",
    "event_record_id": "2",
    "level": "4",
    "task": "0",
    "opcode": "0",
    "keywords": "0x8000000000000000",
    "channel": "Microsoft-Windows-Partition/Diagnostic",
    "computer": "WIN-KPO4DDU11AB",
    "SpStatus": "3221225659",
    "OperationStatus": "0",
    "WnfStatus": "0"
  },
  "json_fields": {
    "provider": "Microsoft-Windows-Partition",
    "channel": "Microsoft-Windows-Partition/Diagnostic",
    "event_id": "1007",
    "timestamp": "2022-03-01T16:42:05.518220Z",
    "event_record_id": "2",
    "level": "4",
    "task": "0",
    "opcode": "0",
    "keywords": "0x8000000000000000",
    "computer": "WIN-KPO4DDU11AB",
    "SpStatus": "3221225659",
    "OperationStatus": "0",
    "WnfStatus": "0"
  }
}