{
  "event_id": "1008",
  "provider": "Microsoft-Windows-Privacy-Auditing",
  "channel": "Microsoft-Windows-Privacy-Auditing/Operational",
  "source_file": "D:\\visual code file\\Project_4\\Event-Analyzer\\test\\Logs\\Microsoft-Windows-Privacy-Auditing%4Operational.evtx",
  "event_record_id": 3,
  "xml": "<?xml version=\"1.0\" encoding=\"utf-8\"?>\n<Event xmlns=\"http://schemas.microsoft.com/win/2004/08/events/event\">\n  <System>\n    <Provider Name=\"Microsoft-Windows-Privacy-Auditing\" Guid=\"D67FBB76-D18A-5AE3-24A3-8C1DB52D6C62\">\n    </Provider>\n    <EventID>1008</EventID>\n    <Version>0</Version>\n    <Level>4</Level>\n    <Task>20</Task>\n    <Opcode>0</Opcode>\n    <Keywords>0x8000000000000002</Keywords>\n    <TimeCreated SystemTime=\"2024-11-04T12:35:00.206363Z\">\n    </TimeCreated>\n    <EventRecordID>3</EventRecordID>\n    <Correlation ActivityID=\"CC60C7CA-2F22-0001-22CD-60CC222FDB01\">\n    </Correlation>\n    <Execution ProcessID=\"4856\" ThreadID=\"4884\">\n    </Execution>\n    <Channel>Microsoft-Windows-Privacy-Auditing/Operational</Channel>\n    <Computer>DESKTOP-P9H5FTA</Computer>\n    <Security UserID=\"S-1-5-18\">\n    </Security>\n  </System>\n  <EventData>\n    <Data Name=\"NewConsentValue\">Allow</Data>\n    <Data Name=\"TargetUserSid\">S-1-5-21-3088055692-629932344-1786574096-1000</Data>\n    <Data Name=\"ConsentID\"></Data>\n    <Data Name=\"AppPackageFamilyName\">NULL</Data>\n    <Data Name=\"HResult\">0x0</Data>\n    <Data Name=\"SettingName\">cellularData</Data>\n    <Data Name=\"Migrated\">false</Data>\n    <Data Name=\"Suppressed\">false</Data>\n  </EventData>\n</Event>\n",
  "json": "{\"Event\":{\"#attributes\":{\"xmlns\":\"http://schemas.microsoft.com/win/2004/08/events/event\"},\"System\":{\"Provider\":{\"#attributes\":{\"Name\":\"Microsoft-Windows-Privacy-Auditing\",\"Guid\":\"D67FBB76-D18A-5AE3-24A3-8C1DB52D6C62\"}},\"EventID\":1008,\"Version\":0,\"Level\":4,\"Task\":20,\"Opcode\":0,\"Keywords\":\"0x8000000000000002\",\"TimeCreated\":{\"#attributes\":{\"SystemTime\":\"2024-11-04T12:35:00.206363Z\"}},\"EventRecordID\":3,\"Correlation\":{\"#attributes\":{\"ActivityID\":\"CC60C7CA-2F22-0001-22CD-60CC222FDB01\"}},\"Execution\":{\"#attributes\":{\"ProcessID\":4856,\"ThreadID\":4884}},\"Channel\":\"Microsoft-Windows-Privacy-Auditing/Operational\",\"Computer\":\"DESKTOP-P9H5FTA\",\"Security\":{\"#attributes\":{\"UserID\":\"S-1-5-18\"}}},\"EventData\":{\"NewConsentValue\":\"Allow\",\"TargetUserSid\":\"S-1-5-21-3088055692-629932344-1786574096-1000\",\"ConsentID\":\"\",\"AppPackageFamilyName\":\"NULL\",\"HResult\":\"0x0\",\"SettingName\":\"cellularData\",\"Migrated\":false,\"Suppressed\":false}}}",
  "xml_fields": {
    "provider": "Microsoft-Windows-Privacy-Auditing",
    "event_id": "1008",
    "timestamp": "2024-11-04T12:35:00.206363Z",
    "event_record_id": "3",
    "level": "4",
    "task": "20",
    "opcode": "0",
    "keywords": "0x8000000000000002",
    "channel": "Microsoft-Windows-Privacy-Auditing/Operational",
    "computer": "DESKTOP-P9H5FTA",
    "NewConsentValue": "Allow",
    "TargetUserSid": "S-1-5-21-3088055692-629932344-1786574096-1000",
    "ConsentID": "",
    "AppPackageFamilyName": "NULL",
    "HResult": "0x0",
    "SettingName": "cellularData",
    "Migrated": "false",
    "Suppressed": "false"
  },
  "json_fields": {
    "provider": "Microsoft-Windows-Privacy-Auditing",
    "channel": "Microsoft-Windows-Privacy-Auditing/Operational",
    "event_id": "1008",
    "timestamp": "2024-11-04T12:35:00.206363Z",
    "event_record_id": "3",
    "level": "4",
    "task": "20",
    "opcode": "0",
    "keywords": "0x8000000000000002",
    "computer": "DESKTOP-P9H5FTA",
    "NewConsentValue": "Allow",
    "TargetUserSid": "S-1-5-21-3088055692-629932344-1786574096-1000",
    "ConsentID": "",
    "AppPackageFamilyName": "NULL",
    "HResult": "0x0",
    "SettingName": "cellularData",
    "Migrated": "False",
    "Suppressed": "False"
  }
}