{
  "event_id": "1009",
  "provider": "Microsoft-Windows-ReadyBoost",
  "channel": "Microsoft-Windows-ReadyBoost/Operational",
  "source_file": "D:\\visual code file\\Project_4\\Event-Analyzer\\test\\Benign\\Logs_Win11_2023\\Microsoft-Windows-ReadyBoost%4Operational.evtx",
  "event_record_id": 7,
  "xml": "<?xml version=\"1.0\" encoding=\"utf-8\"?>\n<Event xmlns=\"http://schemas.microsoft.com/win/2004/08/events/event\">\n  <System>\n    <Provider Name=\"Microsoft-Windows-ReadyBoost\" Guid=\"E6307A09-292C-497E-AAD6-498F68E2B619\">\n    </Provider>\n    <EventID>1009</EventID>\n    <Version>0</Version>\n    <Level>4</Level>\n    <Task>1019</Task>\n    <Opcode>0</Opcode>\n    <Keywords>0x8000000000004000</Keywords>\n    <TimeCreated SystemTime=\"2023-10-25T21:22:34.627310Z\">\n    </TimeCreated>\n    <EventRecordID>7</EventRecordID>\n    <Correlation>\n    </Correlation>\n    <Execution ProcessID=\"2740\" ThreadID=\"2832\">\n    </Execution>\n    <Channel>Microsoft-Windows-ReadyBoost/Operational</Channel>\n    <Computer>WinDevEval</Computer>\n    <Security UserID=\"S-1-5-18\">\n    </Security>\n  </System>\n  <EventData>\n    <Data Name=\"DeviceName\">Unknown Unknown</Data>\n    <Data Name=\"IntValue\">96</Data>\n    <Data Name=\"SecondIntValue\">235</Data>\n  </EventData>\n</Event>\n",
  "json": "{\"Event\":{\"#attributes\":{\"xmlns\":\"http://schemas.microsoft.com/win/2004/08/events/event\"},\"System\":{\"Provider\":{\"#attributes\":{\"Name\":\"Microsoft-Windows-ReadyBoost\",\"Guid\":\"E6307A09-292C-497E-AAD6-498F68E2B619\"}},\"EventID\":1009,\"Version\":0,\"Level\":4,\"Task\":1019,\"Opcode\":0,\"Keywords\":\"0x8000000000004000\",\"TimeCreated\":{\"#attributes\":{\"SystemTime\":\"2023-10-25T21:22:34.627310Z\"}},\"EventRecordID\":7,\"Correlation\":null,\"Execution\":{\"#attributes\":{\"ProcessID\":2740,\"ThreadID\":2832}},\"Channel\":\"Microsoft-Windows-ReadyBoost/Operational\",\"Computer\":\"WinDevEval\",\"Security\":{\"#attributes\":{\"UserID\":\"S-1-5-18\"}}},\"EventData\":{\"DeviceName\":\"Unknown Unknown\",\"IntValue\":96,\"SecondIntValue\":235}}}",
  "xml_fields": {
    "provider": "Microsoft-Windows-ReadyBoost",
    "event_id": "1009",
    "timestamp": "2023-10-25T21:22:34.627310Z",
    "event_record_id": "7",
    "level": "4",
    "task": "1019",
    "opcode": "0",
    "keywords": "0x8000000000004000",
    "channel": "Microsoft-Windows-ReadyBoost/Operational",
    "computer": "WinDevEval",
    "DeviceName": "Unknown Unknown",
    "IntValue": "96",
    "SecondIntValue": "235"
  },
  "json_fields": {
    "provider": "Microsoft-Windows-ReadyBoost",
    "channel": "Microsoft-Windows-ReadyBoost/Operational",
    "event_id": "1009",
    "timestamp": "2023-10-25T21:22:34.627310Z",
    "event_record_id": "7",
    "level": "4",
    "task": "1019",
    "opcode": "0",
    "keywords": "0x8000000000004000",
    "computer": "WinDevEval",
    "DeviceName": "Unknown Unknown",
    "IntValue": "96",
    "SecondIntValue": "235"
  }
}