{
  "event_id": "1009",
  "provider": "Microsoft-Windows-DHCPv6-Client",
  "channel": "Microsoft-Windows-Dhcpv6-Client/Admin",
  "source_file": "D:\\visual code file\\Project_4\\Event-Analyzer\\test\\Logs\\Microsoft-Windows-Dhcpv6-Client%4Admin.evtx",
  "event_record_id": 1,
  "xml": "<?xml version=\"1.0\" encoding=\"utf-8\"?>\n<Event xmlns=\"http://schemas.microsoft.com/win/2004/08/events/event\">\n  <System>\n    <Provider Name=\"Microsoft-Windows-DHCPv6-Client\" Guid=\"6A1F2B00-6A90-4C38-95A5-5CAB3B056778\">\n    </Provider>\n    <EventID>1009</EventID>\n    <Version>0</Version>\n    <Level>4</Level>\n    <Task>4</Task>\n    <Opcode>98</Opcode>\n    <Keywords>0x8000000000000000</Keywords>\n    <TimeCreated SystemTime=\"2025-01-06T12:56:28.335301Z\">\n    </TimeCreated>\n    <EventRecordID>1</EventRecordID>\n    <Correlation>\n    </Correlation>\n    <Execution ProcessID=\"1344\" ThreadID=\"1448\">\n    </Execution>\n    <Channel>Microsoft-Windows-Dhcpv6-Client/Admin</Channel>\n    <Computer>cyberjunkie-test</Computer>\n    <Security UserID=\"S-1-5-19\">\n    </Security>\n  </System>\n  <EventData>\n    <Data Name=\"HWLength\">6</Data>\n    <Data Name=\"HWAddress\">000C29EEB83C</Data>\n    <Data Name=\"DUIDLength\">14</Data>\n    <Data Name=\"DUID\">000100012EBB2E2F000C29EEB83C</Data>\n    <Data Name=\"NewHWLength\">6</Data>\n    <Data Name=\"NewHWAddress\">000C298C1F7B</Data>\n    <Data Name=\"NewDUIDLength\">14</Data>\n    <Data Name=\"NewDUID\">000100012F0D8B54000C298C1F7B</Data>\n  </EventData>\n</Event>\n",
  "json": "{\"Event\":{\"#attributes\":{\"xmlns\":\"http://schemas.microsoft.com/win/2004/08/events/event\"},\"System\":{\"Provider\":{\"#attributes\":{\"Name\":\"Microsoft-Windows-DHCPv6-Client\",\"Guid\":\"6A1F2B00-6A90-4C38-95A5-5CAB3B056778\"}},\"EventID\":1009,\"Version\":0,\"Level\":4,\"Task\":4,\"Opcode\":98,\"Keywords\":\"0x8000000000000000\",\"TimeCreated\":{\"#attributes\":{\"SystemTime\":\"2025-01-06T12:56:28.335301Z\"}},\"EventRecordID\":1,\"Correlation\":null,\"Execution\":{\"#attributes\":{\"ProcessID\":1344,\"ThreadID\":1448}},\"Channel\":\"Microsoft-Windows-Dhcpv6-Client/Admin\",\"Computer\":\"cyberjunkie-test\",\"Security\":{\"#attributes\":{\"UserID\":\"S-1-5-19\"}}},\"EventData\":{\"HWLength\":6,\"HWAddress\":\"000C29EEB83C\",\"DUIDLength\":14,\"DUID\":\"000100012EBB2E2F000C29EEB83C\",\"NewHWLength\":6,\"NewHWAddress\":\"000C298C1F7B\",\"NewDUIDLength\":14,\"NewDUID\":\"000100012F0D8B54000C298C1F7B\"}}}",
  "xml_fields": {
    "provider": "Microsoft-Windows-DHCPv6-Client",
    "event_id": "1009",
    "timestamp": "2025-01-06T12:56:28.335301Z",
    "event_record_id": "1",
    "level": "4",
    "task": "4",
    "opcode": "98",
    "keywords": "0x8000000000000000",
    "channel": "Microsoft-Windows-Dhcpv6-Client/Admin",
    "computer": "cyberjunkie-test",
    "HWLength": "6",
    "HWAddress": "000C29EEB83C",
    "DUIDLength": "14",
    "DUID": "000100012EBB2E2F000C29EEB83C",
    "NewHWLength": "6",
    "NewHWAddress": "000C298C1F7B",
    "NewDUIDLength": "14",
    "NewDUID": "000100012F0D8B54000C298C1F7B"
  },
  "json_fields": {
    "provider": "Microsoft-Windows-DHCPv6-Client",
    "channel": "Microsoft-Windows-Dhcpv6-Client/Admin",
    "event_id": "1009",
    "timestamp": "2025-01-06T12:56:28.335301Z",
    "event_record_id": "1",
    "level": "4",
    "task": "4",
    "opcode": "98",
    "keywords": "0x8000000000000000",
    "computer": "cyberjunkie-test",
    "HWLength": "6",
    "HWAddress": "000C29EEB83C",
    "DUIDLength": "14",
    "DUID": "000100012EBB2E2F000C29EEB83C",
    "NewHWLength": "6",
    "NewHWAddress": "000C298C1F7B",
    "NewDUIDLength": "14",
    "NewDUID": "000100012F0D8B54000C298C1F7B"
  }
}