{
  "event_id": "1009",
  "provider": "Microsoft-Windows-Wcmsvc",
  "channel": "Microsoft-Windows-Wcmsvc/Operational",
  "source_file": "D:\\visual code file\\Project_4\\Event-Analyzer\\test\\Logs\\Microsoft-Windows-Wcmsvc%4Operational.evtx",
  "event_record_id": 6,
  "xml": "<?xml version=\"1.0\" encoding=\"utf-8\"?>\n<Event xmlns=\"http://schemas.microsoft.com/win/2004/08/events/event\">\n  <System>\n    <Provider Name=\"Microsoft-Windows-Wcmsvc\" Guid=\"67D07935-283A-4791-8F8D-FA9117F3E6F2\">\n    </Provider>\n    <EventID>1009</EventID>\n    <Version>0</Version>\n    <Level>4</Level>\n    <Task>0</Task>\n    <Opcode>0</Opcode>\n    <Keywords>0x8000000000000020</Keywords>\n    <TimeCreated SystemTime=\"2024-11-05T01:33:11.237177Z\">\n    </TimeCreated>\n    <EventRecordID>6</EventRecordID>\n    <Correlation>\n    </Correlation>\n    <Execution ProcessID=\"64\" ThreadID=\"2124\">\n    </Execution>\n    <Channel>Microsoft-Windows-Wcmsvc/Operational</Channel>\n    <Computer>WIN-5LCFHVCO531</Computer>\n    <Security UserID=\"S-1-5-19\">\n    </Security>\n  </System>\n  <EventData>\n    <Data Name=\"InterfaceGuid\">B7061870-333D-43DA-8FA1-39E4745BFF17</Data>\n    <Data Name=\"MediaType\">1</Data>\n  </EventData>\n</Event>\n",
  "json": "{\"Event\":{\"#attributes\":{\"xmlns\":\"http://schemas.microsoft.com/win/2004/08/events/event\"},\"System\":{\"Provider\":{\"#attributes\":{\"Name\":\"Microsoft-Windows-Wcmsvc\",\"Guid\":\"67D07935-283A-4791-8F8D-FA9117F3E6F2\"}},\"EventID\":1009,\"Version\":0,\"Level\":4,\"Task\":0,\"Opcode\":0,\"Keywords\":\"0x8000000000000020\",\"TimeCreated\":{\"#attributes\":{\"SystemTime\":\"2024-11-05T01:33:11.237177Z\"}},\"EventRecordID\":6,\"Correlation\":null,\"Execution\":{\"#attributes\":{\"ProcessID\":64,\"ThreadID\":2124}},\"Channel\":\"Microsoft-Windows-Wcmsvc/Operational\",\"Computer\":\"WIN-5LCFHVCO531\",\"Security\":{\"#attributes\":{\"UserID\":\"S-1-5-19\"}}},\"EventData\":{\"InterfaceGuid\":\"B7061870-333D-43DA-8FA1-39E4745BFF17\",\"MediaType\":1}}}",
  "xml_fields": {
    "provider": "Microsoft-Windows-Wcmsvc",
    "event_id": "1009",
    "timestamp": "2024-11-05T01:33:11.237177Z",
    "event_record_id": "6",
    "level": "4",
    "task": "0",
    "opcode": "0",
    "keywords": "0x8000000000000020",
    "channel": "Microsoft-Windows-Wcmsvc/Operational",
    "computer": "WIN-5LCFHVCO531",
    "InterfaceGuid": "B7061870-333D-43DA-8FA1-39E4745BFF17",
    "MediaType": "1"
  },
  "json_fields": {
    "provider": "Microsoft-Windows-Wcmsvc",
    "channel": "Microsoft-Windows-Wcmsvc/Operational",
    "event_id": "1009",
    "timestamp": "2024-11-05T01:33:11.237177Z",
    "event_record_id": "6",
    "level": "4",
    "task": "0",
    "opcode": "0",
    "keywords": "0x8000000000000020",
    "computer": "WIN-5LCFHVCO531",
    "InterfaceGuid": "B7061870-333D-43DA-8FA1-39E4745BFF17",
    "MediaType": "1"
  }
}