{
  "event_id": "100",
  "provider": "Microsoft-Windows-VolumeSnapshot-Driver",
  "channel": "Microsoft-Windows-VolumeSnapshot-Driver/Operational",
  "source_file": "D:\\visual code file\\Project_4\\Event-Analyzer\\test\\Logs\\Microsoft-Windows-VolumeSnapshot-Driver%4Operational.evtx",
  "event_record_id": 1,
  "xml": "<?xml version=\"1.0\" encoding=\"utf-8\"?>\n<Event xmlns=\"http://schemas.microsoft.com/win/2004/08/events/event\">\n  <System>\n    <Provider Name=\"Microsoft-Windows-VolumeSnapshot-Driver\" Guid=\"67FE2216-727A-40CB-94B2-C02211EDB34A\">\n    </Provider>\n    <EventID>100</EventID>\n    <Version>0</Version>\n    <Level>4</Level>\n    <Task>0</Task>\n    <Opcode>1</Opcode>\n    <Keywords>0x4000000000000000</Keywords>\n    <TimeCreated SystemTime=\"2024-11-05T01:33:00.973842Z\">\n    </TimeCreated>\n    <EventRecordID>1</EventRecordID>\n    <Correlation>\n    </Correlation>\n    <Execution ProcessID=\"4\" ThreadID=\"276\">\n    </Execution>\n    <Channel>Microsoft-Windows-VolumeSnapshot-Driver/Operational</Channel>\n    <Computer>WIN-5LCFHVCO531</Computer>\n    <Security UserID=\"S-1-5-18\">\n    </Security>\n  </System>\n  <EventData>\n    <Data Name=\"TargetVolumeGuid\">D227BCE3-B68B-4FB0-B41A-DCD3D786015E</Data>\n    <Data Name=\"SourceFile\">0x1</Data>\n    <Data Name=\"SourceLine\">38489</Data>\n    <Data Name=\"SourceTag\">124</Data>\n  </EventData>\n</Event>\n",
  "json": "{\"Event\":{\"#attributes\":{\"xmlns\":\"http://schemas.microsoft.com/win/2004/08/events/event\"},\"System\":{\"Provider\":{\"#attributes\":{\"Name\":\"Microsoft-Windows-VolumeSnapshot-Driver\",\"Guid\":\"67FE2216-727A-40CB-94B2-C02211EDB34A\"}},\"EventID\":100,\"Version\":0,\"Level\":4,\"Task\":0,\"Opcode\":1,\"Keywords\":\"0x4000000000000000\",\"TimeCreated\":{\"#attributes\":{\"SystemTime\":\"2024-11-05T01:33:00.973842Z\"}},\"EventRecordID\":1,\"Correlation\":null,\"Execution\":{\"#attributes\":{\"ProcessID\":4,\"ThreadID\":276}},\"Channel\":\"Microsoft-Windows-VolumeSnapshot-Driver/Operational\",\"Computer\":\"WIN-5LCFHVCO531\",\"Security\":{\"#attributes\":{\"UserID\":\"S-1-5-18\"}}},\"EventData\":{\"TargetVolumeGuid\":\"D227BCE3-B68B-4FB0-B41A-DCD3D786015E\",\"SourceFile\":\"0x1\",\"SourceLine\":38489,\"SourceTag\":124}}}",
  "xml_fields": {
    "provider": "Microsoft-Windows-VolumeSnapshot-Driver",
    "event_id": "100",
    "timestamp": "2024-11-05T01:33:00.973842Z",
    "event_record_id": "1",
    "level": "4",
    "task": "0",
    "opcode": "1",
    "keywords": "0x4000000000000000",
    "channel": "Microsoft-Windows-VolumeSnapshot-Driver/Operational",
    "computer": "WIN-5LCFHVCO531",
    "TargetVolumeGuid": "D227BCE3-B68B-4FB0-B41A-DCD3D786015E",
    "SourceFile": "0x1",
    "SourceLine": "38489",
    "SourceTag": "124"
  },
  "json_fields": {
    "provider": "Microsoft-Windows-VolumeSnapshot-Driver",
    "channel": "Microsoft-Windows-VolumeSnapshot-Driver/Operational",
    "event_id": "100",
    "timestamp": "2024-11-05T01:33:00.973842Z",
    "event_record_id": "1",
    "level": "4",
    "task": "0",
    "opcode": "1",
    "keywords": "0x4000000000000000",
    "computer": "WIN-5LCFHVCO531",
    "TargetVolumeGuid": "D227BCE3-B68B-4FB0-B41A-DCD3D786015E",
    "SourceFile": "0x1",
    "SourceLine": "38489",
    "SourceTag": "124"
  }
}