{
  "event_id": "100",
  "provider": "Microsoft-Windows-Application-Experience",
  "channel": "Microsoft-Windows-Application-Experience/Program-Compatibility-Assistant",
  "source_file": "D:\\visual code file\\Project_4\\Event-Analyzer\\test\\Benign\\win7-x86\\Microsoft-Windows-Application-Experience%4Program-Compatibility-Assistant.evtx",
  "event_record_id": 1,
  "xml": "<?xml version=\"1.0\" encoding=\"utf-8\"?>\n<Event xmlns=\"http://schemas.microsoft.com/win/2004/08/events/event\">\n  <System>\n    <Provider Name=\"Microsoft-Windows-Application-Experience\" Guid=\"EEF54E71-0661-422D-9A98-82FD4940B820\">\n    </Provider>\n    <EventID>100</EventID>\n    <Version>0</Version>\n    <Level>4</Level>\n    <Task>0</Task>\n    <Opcode>0</Opcode>\n    <Keywords>0x2000000000000000</Keywords>\n    <TimeCreated SystemTime=\"2022-04-04T12:39:19.277112Z\">\n    </TimeCreated>\n    <EventRecordID>1</EventRecordID>\n    <Correlation ActivityID=\"4CD1FB4A-A068-447A-BBF1-33AE893353AF\">\n    </Correlation>\n    <Execution ProcessID=\"4080\" ThreadID=\"5492\">\n    </Execution>\n    <Channel>Microsoft-Windows-Application-Experience/Program-Compatibility-Assistant</Channel>\n    <Computer>evtx-PC</Computer>\n    <Security UserID=\"S-1-5-21-712794737-353456615-3249761964-1001\">\n    </Security>\n  </System>\n  <UserData>\n    <HelpedUserEvent xmlns:auto-ns2=\"http://schemas.microsoft.com/win/2004/08/events\" xmlns=\"http://www.microsoft.com/Windows/Diagnosis/PCA/events\">\n      <ApplicationName>WinDirStat 1.1.2</ApplicationName>\n      <ApplicationVersion>1.1.2.79</ApplicationVersion>\n      <ExecutablePath>C:\\Users\\evtx\\Downloads\\windirstat1_1_2_setup.exe</ExecutablePath>\n      <ScenarioId>1</ScenarioId>\n      <UserAction>Reported the program works correctly</UserAction>\n      <UserActionID>200</UserActionID>\n      <CompatibilityLayer>None</CompatibilityLayer>\n      <FileID>00006fa92dd2ca691c11dfbfc0a239e34369897a7fab</FileID>\n      <ProgramID>0000da39a3ee5e6b4b0d3255bfef95601890afd80709</ProgramID>\n    </HelpedUserEvent>\n  </UserData>\n</Event>\n",
  "json": "{\"Event\":{\"#attributes\":{\"xmlns\":\"http://schemas.microsoft.com/win/2004/08/events/event\"},\"System\":{\"Provider\":{\"#attributes\":{\"Name\":\"Microsoft-Windows-Application-Experience\",\"Guid\":\"EEF54E71-0661-422D-9A98-82FD4940B820\"}},\"EventID\":100,\"Version\":0,\"Level\":4,\"Task\":0,\"Opcode\":0,\"Keywords\":\"0x2000000000000000\",\"TimeCreated\":{\"#attributes\":{\"SystemTime\":\"2022-04-04T12:39:19.277112Z\"}},\"EventRecordID\":1,\"Correlation\":{\"#attributes\":{\"ActivityID\":\"4CD1FB4A-A068-447A-BBF1-33AE893353AF\"}},\"Execution\":{\"#attributes\":{\"ProcessID\":4080,\"ThreadID\":5492}},\"Channel\":\"Microsoft-Windows-Application-Experience/Program-Compatibility-Assistant\",\"Computer\":\"evtx-PC\",\"Security\":{\"#attributes\":{\"UserID\":\"S-1-5-21-712794737-353456615-3249761964-1001\"}}},\"UserData\":{\"HelpedUserEvent\":{\"#attributes\":{\"xmlns:auto-ns2\":\"http://schemas.microsoft.com/win/2004/08/events\",\"xmlns\":\"http://www.microsoft.com/Windows/Diagnosis/PCA/events\"},\"ApplicationName\":\"WinDirStat 1.1.2\",\"ApplicationVersion\":\"1.1.2.79\",\"ExecutablePath\":\"C:\\\\Users\\\\evtx\\\\Downloads\\\\windirstat1_1_2_setup.exe\",\"ScenarioId\":\"1\",\"UserAction\":\"Reported the program works correctly\",\"UserActionID\":\"200\",\"CompatibilityLayer\":\"None\",\"FileID\":\"00006fa92dd2ca691c11dfbfc0a239e34369897a7fab\",\"ProgramID\":\"0000da39a3ee5e6b4b0d3255bfef95601890afd80709\"}}}}",
  "xml_fields": {
    "provider": "Microsoft-Windows-Application-Experience",
    "event_id": "100",
    "timestamp": "2022-04-04T12:39:19.277112Z",
    "event_record_id": "1",
    "level": "4",
    "task": "0",
    "opcode": "0",
    "keywords": "0x2000000000000000",
    "channel": "Microsoft-Windows-Application-Experience/Program-Compatibility-Assistant",
    "computer": "evtx-PC",
    "ApplicationName": "WinDirStat 1.1.2",
    "ApplicationVersion": "1.1.2.79",
    "ExecutablePath": "C:\\Users\\evtx\\Downloads\\windirstat1_1_2_setup.exe",
    "ScenarioId": "1",
    "UserAction": "Reported the program works correctly",
    "UserActionID": "200",
    "CompatibilityLayer": "None",
    "FileID": "00006fa92dd2ca691c11dfbfc0a239e34369897a7fab",
    "ProgramID": "0000da39a3ee5e6b4b0d3255bfef95601890afd80709"
  },
  "json_fields": {
    "provider": "Microsoft-Windows-Application-Experience",
    "channel": "Microsoft-Windows-Application-Experience/Program-Compatibility-Assistant",
    "event_id": "100",
    "timestamp": "2022-04-04T12:39:19.277112Z",
    "event_record_id": "1",
    "level": "4",
    "task": "0",
    "opcode": "0",
    "keywords": "0x2000000000000000",
    "computer": "evtx-PC",
    "ApplicationName": "WinDirStat 1.1.2",
    "ApplicationVersion": "1.1.2.79",
    "ExecutablePath": "C:\\Users\\evtx\\Downloads\\windirstat1_1_2_setup.exe",
    "ScenarioId": "1",
    "UserAction": "Reported the program works correctly",
    "UserActionID": "200",
    "CompatibilityLayer": "None",
    "FileID": "00006fa92dd2ca691c11dfbfc0a239e34369897a7fab",
    "ProgramID": "0000da39a3ee5e6b4b0d3255bfef95601890afd80709"
  }
}