{
  "event_id": "100",
  "provider": "Microsoft-Windows-StateRepository",
  "channel": "Microsoft-Windows-StateRepository/Operational",
  "source_file": "D:\\visual code file\\Project_4\\Event-Analyzer\\test\\Benign\\Logs_Client\\Microsoft-Windows-StateRepository%4Operational.evtx",
  "event_record_id": 34,
  "xml": "<?xml version=\"1.0\" encoding=\"utf-8\"?>\n<Event xmlns=\"http://schemas.microsoft.com/win/2004/08/events/event\">\n  <System>\n    <Provider Name=\"Microsoft-Windows-StateRepository\" Guid=\"89592015-D996-4636-8F61-066B5D4DD739\">\n    </Provider>\n    <EventID>100</EventID>\n    <Version>0</Version>\n    <Level>2</Level>\n    <Task>1</Task>\n    <Opcode>0</Opcode>\n    <Keywords>0x4000000000000001</Keywords>\n    <TimeCreated SystemTime=\"2022-02-07T10:52:29.126642Z\">\n    </TimeCreated>\n    <EventRecordID>34</EventRecordID>\n    <Correlation>\n    </Correlation>\n    <Execution ProcessID=\"1240\" ThreadID=\"2052\">\n    </Execution>\n    <Channel>Microsoft-Windows-StateRepository/Operational</Channel>\n    <Computer>WIN-VR474TJ38H3</Computer>\n    <Security UserID=\"S-1-5-18\">\n    </Security>\n  </System>\n  <EventData>\n    <Data Name=\"ErrorCode\">0x11</Data>\n    <Data Name=\"SQL\">statement aborts at 9: [SELECT _UserID FROM User WHERE UserSid=?;] database schema has changed</Data>\n  </EventData>\n</Event>\n",
  "json": "{\"Event\":{\"#attributes\":{\"xmlns\":\"http://schemas.microsoft.com/win/2004/08/events/event\"},\"System\":{\"Provider\":{\"#attributes\":{\"Name\":\"Microsoft-Windows-StateRepository\",\"Guid\":\"89592015-D996-4636-8F61-066B5D4DD739\"}},\"EventID\":100,\"Version\":0,\"Level\":2,\"Task\":1,\"Opcode\":0,\"Keywords\":\"0x4000000000000001\",\"TimeCreated\":{\"#attributes\":{\"SystemTime\":\"2022-02-07T10:52:29.126642Z\"}},\"EventRecordID\":34,\"Correlation\":null,\"Execution\":{\"#attributes\":{\"ProcessID\":1240,\"ThreadID\":2052}},\"Channel\":\"Microsoft-Windows-StateRepository/Operational\",\"Computer\":\"WIN-VR474TJ38H3\",\"Security\":{\"#attributes\":{\"UserID\":\"S-1-5-18\"}}},\"EventData\":{\"ErrorCode\":\"0x11\",\"SQL\":\"statement aborts at 9: [SELECT _UserID FROM User WHERE UserSid=?;] database schema has changed\"}}}",
  "xml_fields": {
    "provider": "Microsoft-Windows-StateRepository",
    "event_id": "100",
    "timestamp": "2022-02-07T10:52:29.126642Z",
    "event_record_id": "34",
    "level": "2",
    "task": "1",
    "opcode": "0",
    "keywords": "0x4000000000000001",
    "channel": "Microsoft-Windows-StateRepository/Operational",
    "computer": "WIN-VR474TJ38H3",
    "ErrorCode": "0x11",
    "SQL": "statement aborts at 9: [SELECT _UserID FROM User WHERE UserSid=?;] database schema has changed"
  },
  "json_fields": {
    "provider": "Microsoft-Windows-StateRepository",
    "channel": "Microsoft-Windows-StateRepository/Operational",
    "event_id": "100",
    "timestamp": "2022-02-07T10:52:29.126642Z",
    "event_record_id": "34",
    "level": "2",
    "task": "1",
    "opcode": "0",
    "keywords": "0x4000000000000001",
    "computer": "WIN-VR474TJ38H3",
    "ErrorCode": "0x11",
    "SQL": "statement aborts at 9: [SELECT _UserID FROM User WHERE UserSid=?;] database schema has changed"
  }
}