{
  "event_id": "100",
  "provider": "Microsoft-Windows-TaskScheduler",
  "channel": "Microsoft-Windows-TaskScheduler/Operational",
  "source_file": "D:\\visual code file\\Project_4\\Event-Analyzer\\test\\Benign\\Logs_Win11_2023\\Microsoft-Windows-TaskScheduler%4Operational.evtx",
  "event_record_id": 2,
  "xml": "<?xml version=\"1.0\" encoding=\"utf-8\"?>\n<Event xmlns=\"http://schemas.microsoft.com/win/2004/08/events/event\">\n  <System>\n    <Provider Name=\"Microsoft-Windows-TaskScheduler\" Guid=\"DE7B24EA-73C8-4A09-985D-5BDADCFA9017\">\n    </Provider>\n    <EventID>100</EventID>\n    <Version>0</Version>\n    <Level>4</Level>\n    <Task>100</Task>\n    <Opcode>1</Opcode>\n    <Keywords>0x8000000000000001</Keywords>\n    <TimeCreated SystemTime=\"2023-11-05T22:51:37.685055Z\">\n    </TimeCreated>\n    <EventRecordID>2</EventRecordID>\n    <Correlation ActivityID=\"FC5547C0-1E78-47DA-BC40-DF3E7BFD1917\">\n    </Correlation>\n    <Execution ProcessID=\"1392\" ThreadID=\"9476\">\n    </Execution>\n    <Channel>Microsoft-Windows-TaskScheduler/Operational</Channel>\n    <Computer>WinDev2310Eval</Computer>\n    <Security UserID=\"S-1-5-18\">\n    </Security>\n  </System>\n  <EventData Name=\"TaskStartEvent\">\n    <Data Name=\"TaskName\">\\Microsoft\\Windows\\Flighting\\FeatureConfig\\ReconcileFeatures</Data>\n    <Data Name=\"UserContext\">NT AUTHORITY\\SYSTEM</Data>\n    <Data Name=\"InstanceId\">FC5547C0-1E78-47DA-BC40-DF3E7BFD1917</Data>\n  </EventData>\n</Event>\n",
  "json": "{\"Event\":{\"#attributes\":{\"xmlns\":\"http://schemas.microsoft.com/win/2004/08/events/event\"},\"System\":{\"Provider\":{\"#attributes\":{\"Name\":\"Microsoft-Windows-TaskScheduler\",\"Guid\":\"DE7B24EA-73C8-4A09-985D-5BDADCFA9017\"}},\"EventID\":100,\"Version\":0,\"Level\":4,\"Task\":100,\"Opcode\":1,\"Keywords\":\"0x8000000000000001\",\"TimeCreated\":{\"#attributes\":{\"SystemTime\":\"2023-11-05T22:51:37.685055Z\"}},\"EventRecordID\":2,\"Correlation\":{\"#attributes\":{\"ActivityID\":\"FC5547C0-1E78-47DA-BC40-DF3E7BFD1917\"}},\"Execution\":{\"#attributes\":{\"ProcessID\":1392,\"ThreadID\":9476}},\"Channel\":\"Microsoft-Windows-TaskScheduler/Operational\",\"Computer\":\"WinDev2310Eval\",\"Security\":{\"#attributes\":{\"UserID\":\"S-1-5-18\"}}},\"EventData\":{\"#attributes\":{\"Name\":\"TaskStartEvent\"},\"TaskName\":\"\\\\Microsoft\\\\Windows\\\\Flighting\\\\FeatureConfig\\\\ReconcileFeatures\",\"UserContext\":\"NT AUTHORITY\\\\SYSTEM\",\"InstanceId\":\"FC5547C0-1E78-47DA-BC40-DF3E7BFD1917\"}}}",
  "xml_fields": {
    "provider": "Microsoft-Windows-TaskScheduler",
    "event_id": "100",
    "timestamp": "2023-11-05T22:51:37.685055Z",
    "event_record_id": "2",
    "level": "4",
    "task": "100",
    "opcode": "1",
    "keywords": "0x8000000000000001",
    "channel": "Microsoft-Windows-TaskScheduler/Operational",
    "computer": "WinDev2310Eval",
    "TaskName": "\\Microsoft\\Windows\\Flighting\\FeatureConfig\\ReconcileFeatures",
    "UserContext": "NT AUTHORITY\\SYSTEM",
    "InstanceId": "FC5547C0-1E78-47DA-BC40-DF3E7BFD1917"
  },
  "json_fields": {
    "provider": "Microsoft-Windows-TaskScheduler",
    "channel": "Microsoft-Windows-TaskScheduler/Operational",
    "event_id": "100",
    "timestamp": "2023-11-05T22:51:37.685055Z",
    "event_record_id": "2",
    "level": "4",
    "task": "100",
    "opcode": "1",
    "keywords": "0x8000000000000001",
    "computer": "WinDev2310Eval",
    "TaskName": "\\Microsoft\\Windows\\Flighting\\FeatureConfig\\ReconcileFeatures",
    "UserContext": "NT AUTHORITY\\SYSTEM",
    "InstanceId": "FC5547C0-1E78-47DA-BC40-DF3E7BFD1917"
  }
}