{
  "event_id": "100",
  "provider": "Microsoft-Windows-Diagnostics-Performance",
  "channel": "Microsoft-Windows-Diagnostics-Performance/Operational",
  "source_file": "D:\\visual code file\\Project_4\\Event-Analyzer\\test\\Logs\\Microsoft-Windows-Diagnostics-Performance%4Operational.evtx",
  "event_record_id": 1,
  "xml": "<?xml version=\"1.0\" encoding=\"utf-8\"?>\n<Event xmlns=\"http://schemas.microsoft.com/win/2004/08/events/event\">\n  <System>\n    <Provider Name=\"Microsoft-Windows-Diagnostics-Performance\" Guid=\"CFC18EC0-96B1-4EBA-961B-622CAEE05B0A\">\n    </Provider>\n    <EventID>100</EventID>\n    <Version>2</Version>\n    <Level>3</Level>\n    <Task>4002</Task>\n    <Opcode>34</Opcode>\n    <Keywords>0x8000000000010000</Keywords>\n    <TimeCreated SystemTime=\"2024-11-04T12:36:29.587987Z\">\n    </TimeCreated>\n    <EventRecordID>1</EventRecordID>\n    <Correlation ActivityID=\"CC60C7CA-2F22-0000-F0D1-60CC222FDB01\">\n    </Correlation>\n    <Execution ProcessID=\"2628\" ThreadID=\"3244\">\n    </Execution>\n    <Channel>Microsoft-Windows-Diagnostics-Performance/Operational</Channel>\n    <Computer>DESKTOP-P9H5FTA</Computer>\n    <Security UserID=\"S-1-5-19\">\n    </Security>\n  </System>\n  <EventData>\n    <Data Name=\"BootTsVersion\">2</Data>\n    <Data Name=\"BootStartTime\">2024-11-05T01:34:04.184980Z</Data>\n    <Data Name=\"BootEndTime\">2024-11-05T01:34:04.184980Z</Data>\n    <Data Name=\"SystemBootInstance\">1</Data>\n    <Data Name=\"UserBootInstance\">1</Data>\n    <Data Name=\"BootTime\">72079</Data>\n    <Data Name=\"MainPathBootTime\">52879</Data>\n    <Data Name=\"BootKernelInitTime\">37</Data>\n    <Data Name=\"BootDriverInitTime\">215</Data>\n    <Data Name=\"BootDevicesInitTime\">3709</Data>\n    <Data Name=\"BootPrefetchInitTime\">0</Data>\n    <Data Name=\"BootPrefetchBytes\">0</Data>\n    <Data Name=\"BootAutoChkTime\">0</Data>\n    <Data Name=\"BootSmssInitTime\">865</Data>\n    <Data Name=\"BootCriticalServicesInitTime\">671</Data>\n    <Data Name=\"BootUserProfileProcessingTime\">269</Data>\n    <Data Name=\"BootMachineProfileProcessingTime\">723</Data>\n    <Data Name=\"BootExplorerInitTime\">0</Data>\n    <Data Name=\"BootNumStartupApps\">0</Data>\n    <Data Name=\"BootPostBootTime\">19200</Data>\n    <Data Name=\"BootIsRebootAfterInstall\">false</Data>\n    <Data Name=\"BootRootCauseStepImprovementBits\">0</Data>\n    <Data Name=\"BootRootCauseGradualImprovementBits\">0</Data>\n    <Data Name=\"BootRootCauseStepDegradationBits\">0</Data>\n    <Data Name=\"BootRootCauseGradualDegradationBits\">0</Data>\n    <Data Name=\"BootIsDegradation\">false</Data>\n    <Data Name=\"BootIsStepDegradation\">false</Data>\n    <Data Name=\"BootIsGradualDegradation\">false</Data>\n    <Data Name=\"BootImprovementDelta\">0</Data>\n    <Data Name=\"BootDegradationDelta\">0</Data>\n    <Data Name=\"BootIsRootCauseIdentified\">false</Data>\n    <Data Name=\"OSLoaderDuration\">359</Data>\n    <Data Name=\"BootPNPInitStartTimeMS\">37</Data>\n    <Data Name=\"BootPNPInitDuration\">3988</Data>\n    <Data Name=\"OtherKernelInitDuration\">76</Data>\n    <Data Name=\"SystemPNPInitStartTimeMS\">4054</Data>\n    <Data Name=\"SystemPNPInitDuration\">173</Data>\n    <Data Name=\"SessionInitStartTimeMS\">4238</Data>\n    <Data Name=\"Session0InitDuration\">153</Data>\n    <Data Name=\"Session1InitDuration\">53</Data>\n    <Data Name=\"SessionInitOtherDuration\">658</Data>\n    <Data Name=\"WinLogonStartTimeMS\">5103</Data>\n    <Data Name=\"OtherLogonInitActivityDuration\">46783</Data>\n    <Data Name=\"UserLogonWaitDuration\">323</Data>\n  </EventData>\n</Event>\n",
  "json": "{\"Event\":{\"#attributes\":{\"xmlns\":\"http://schemas.microsoft.com/win/2004/08/events/event\"},\"System\":{\"Provider\":{\"#attributes\":{\"Name\":\"Microsoft-Windows-Diagnostics-Performance\",\"Guid\":\"CFC18EC0-96B1-4EBA-961B-622CAEE05B0A\"}},\"EventID\":100,\"Version\":2,\"Level\":3,\"Task\":4002,\"Opcode\":34,\"Keywords\":\"0x8000000000010000\",\"TimeCreated\":{\"#attributes\":{\"SystemTime\":\"2024-11-04T12:36:29.587987Z\"}},\"EventRecordID\":1,\"Correlation\":{\"#attributes\":{\"ActivityID\":\"CC60C7CA-2F22-0000-F0D1-60CC222FDB01\"}},\"Execution\":{\"#attributes\":{\"ProcessID\":2628,\"ThreadID\":3244}},\"Channel\":\"Microsoft-Windows-Diagnostics-Performance/Operational\",\"Computer\":\"DESKTOP-P9H5FTA\",\"Security\":{\"#attributes\":{\"UserID\":\"S-1-5-19\"}}},\"EventData\":{\"BootTsVersion\":2,\"BootStartTime\":\"2024-11-05T01:34:04.184980Z\",\"BootEndTime\":\"2024-11-05T01:34:04.184980Z\",\"SystemBootInstance\":1,\"UserBootInstance\":1,\"BootTime\":72079,\"MainPathBootTime\":52879,\"BootKernelInitTime\":37,\"BootDriverInitTime\":215,\"BootDevicesInitTime\":3709,\"BootPrefetchInitTime\":0,\"BootPrefetchBytes\":0,\"BootAutoChkTime\":0,\"BootSmssInitTime\":865,\"BootCriticalServicesInitTime\":671,\"BootUserProfileProcessingTime\":269,\"BootMachineProfileProcessingTime\":723,\"BootExplorerInitTime\":0,\"BootNumStartupApps\":0,\"BootPostBootTime\":19200,\"BootIsRebootAfterInstall\":false,\"BootRootCauseStepImprovementBits\":0,\"BootRootCauseGradualImprovementBits\":0,\"BootRootCauseStepDegradationBits\":0,\"BootRootCauseGradualDegradationBits\":0,\"BootIsDegradation\":false,\"BootIsStepDegradation\":false,\"BootIsGradualDegradation\":false,\"BootImprovementDelta\":0,\"BootDegradationDelta\":0,\"BootIsRootCauseIdentified\":false,\"OSLoaderDuration\":359,\"BootPNPInitStartTimeMS\":37,\"BootPNPInitDuration\":3988,\"OtherKernelInitDuration\":76,\"SystemPNPInitStartTimeMS\":4054,\"SystemPNPInitDuration\":173,\"SessionInitStartTimeMS\":4238,\"Session0InitDuration\":153,\"Session1InitDuration\":53,\"SessionInitOtherDuration\":658,\"WinLogonStartTimeMS\":5103,\"OtherLogonInitActivityDuration\":46783,\"UserLogonWaitDuration\":323}}}",
  "xml_fields": {
    "provider": "Microsoft-Windows-Diagnostics-Performance",
    "event_id": "100",
    "timestamp": "2024-11-04T12:36:29.587987Z",
    "event_record_id": "1",
    "level": "3",
    "task": "4002",
    "opcode": "34",
    "keywords": "0x8000000000010000",
    "channel": "Microsoft-Windows-Diagnostics-Performance/Operational",
    "computer": "DESKTOP-P9H5FTA",
    "BootTsVersion": "2",
    "BootStartTime": "2024-11-05T01:34:04.184980Z",
    "BootEndTime": "2024-11-05T01:34:04.184980Z",
    "SystemBootInstance": "1",
    "UserBootInstance": "1",
    "BootTime": "72079",
    "MainPathBootTime": "52879",
    "BootKernelInitTime": "37",
    "BootDriverInitTime": "215",
    "BootDevicesInitTime": "3709",
    "BootPrefetchInitTime": "0",
    "BootPrefetchBytes": "0",
    "BootAutoChkTime": "0",
    "BootSmssInitTime": "865",
    "BootCriticalServicesInitTime": "671",
    "BootUserProfileProcessingTime": "269",
    "BootMachineProfileProcessingTime": "723",
    "BootExplorerInitTime": "0",
    "BootNumStartupApps": "0",
    "BootPostBootTime": "19200",
    "BootIsRebootAfterInstall": "false",
    "BootRootCauseStepImprovementBits": "0",
    "BootRootCauseGradualImprovementBits": "0",
    "BootRootCauseStepDegradationBits": "0",
    "BootRootCauseGradualDegradationBits": "0",
    "BootIsDegradation": "false",
    "BootIsStepDegradation": "false",
    "BootIsGradualDegradation": "false",
    "BootImprovementDelta": "0",
    "BootDegradationDelta": "0",
    "BootIsRootCauseIdentified": "false",
    "OSLoaderDuration": "359",
    "BootPNPInitStartTimeMS": "37",
    "BootPNPInitDuration": "3988",
    "OtherKernelInitDuration": "76",
    "SystemPNPInitStartTimeMS": "4054",
    "SystemPNPInitDuration": "173",
    "SessionInitStartTimeMS": "4238",
    "Session0InitDuration": "153",
    "Session1InitDuration": "53",
    "SessionInitOtherDuration": "658",
    "WinLogonStartTimeMS": "5103",
    "OtherLogonInitActivityDuration": "46783",
    "UserLogonWaitDuration": "323"
  },
  "json_fields": {
    "provider": "Microsoft-Windows-Diagnostics-Performance",
    "channel": "Microsoft-Windows-Diagnostics-Performance/Operational",
    "event_id": "100",
    "timestamp": "2024-11-04T12:36:29.587987Z",
    "event_record_id": "1",
    "level": "3",
    "task": "4002",
    "opcode": "34",
    "keywords": "0x8000000000010000",
    "computer": "DESKTOP-P9H5FTA",
    "BootTsVersion": "2",
    "BootStartTime": "2024-11-05T01:34:04.184980Z",
    "BootEndTime": "2024-11-05T01:34:04.184980Z",
    "SystemBootInstance": "1",
    "UserBootInstance": "1",
    "BootTime": "72079",
    "MainPathBootTime": "52879",
    "BootKernelInitTime": "37",
    "BootDriverInitTime": "215",
    "BootDevicesInitTime": "3709",
    "BootPrefetchInitTime": "0",
    "BootPrefetchBytes": "0",
    "BootAutoChkTime": "0",
    "BootSmssInitTime": "865",
    "BootCriticalServicesInitTime": "671",
    "BootUserProfileProcessingTime": "269",
    "BootMachineProfileProcessingTime": "723",
    "BootExplorerInitTime": "0",
    "BootNumStartupApps": "0",
    "BootPostBootTime": "19200",
    "BootIsRebootAfterInstall": "False",
    "BootRootCauseStepImprovementBits": "0",
    "BootRootCauseGradualImprovementBits": "0",
    "BootRootCauseStepDegradationBits": "0",
    "BootRootCauseGradualDegradationBits": "0",
    "BootIsDegradation": "False",
    "BootIsStepDegradation": "False",
    "BootIsGradualDegradation": "False",
    "BootImprovementDelta": "0",
    "BootDegradationDelta": "0",
    "BootIsRootCauseIdentified": "False",
    "OSLoaderDuration": "359",
    "BootPNPInitStartTimeMS": "37",
    "BootPNPInitDuration": "3988",
    "OtherKernelInitDuration": "76",
    "SystemPNPInitStartTimeMS": "4054",
    "SystemPNPInitDuration": "173",
    "SessionInitStartTimeMS": "4238",
    "Session0InitDuration": "153",
    "Session1InitDuration": "53",
    "SessionInitOtherDuration": "658",
    "WinLogonStartTimeMS": "5103",
    "OtherLogonInitActivityDuration": "46783",
    "UserLogonWaitDuration": "323"
  }
}