{
  "event_id": "100",
  "provider": "Microsoft-Windows-Security-SPP-UX-Notifications",
  "channel": "Microsoft-Windows-Security-SPP-UX-Notifications/ActionCenter",
  "source_file": "D:\\visual code file\\Project_4\\Event-Analyzer\\test\\Logs\\Microsoft-Windows-Security-SPP-UX-Notifications%4ActionCenter.evtx",
  "event_record_id": 1,
  "xml": "<?xml version=\"1.0\" encoding=\"utf-8\"?>\n<Event xmlns=\"http://schemas.microsoft.com/win/2004/08/events/event\">\n  <System>\n    <Provider Name=\"Microsoft-Windows-Security-SPP-UX-Notifications\" Guid=\"C4EFC9BB-2570-4821-8923-1BAD317D2D4B\">\n    </Provider>\n    <EventID>100</EventID>\n    <Version>0</Version>\n    <Level>3</Level>\n    <Task>0</Task>\n    <Opcode>0</Opcode>\n    <Keywords>0x8000000000000000</Keywords>\n    <TimeCreated SystemTime=\"2024-11-04T12:48:54.995846Z\">\n    </TimeCreated>\n    <EventRecordID>1</EventRecordID>\n    <Correlation>\n    </Correlation>\n    <Execution ProcessID=\"7304\" ThreadID=\"7300\">\n    </Execution>\n    <Channel>Microsoft-Windows-Security-SPP-UX-Notifications/ActionCenter</Channel>\n    <Computer>DESKTOP-P9H5FTA</Computer>\n    <Security UserID=\"S-1-5-20\">\n    </Security>\n  </System>\n  <EventData>\n    <Data Name=\"hc_stateid\">2</Data>\n  </EventData>\n</Event>\n",
  "json": "{\"Event\":{\"#attributes\":{\"xmlns\":\"http://schemas.microsoft.com/win/2004/08/events/event\"},\"System\":{\"Provider\":{\"#attributes\":{\"Name\":\"Microsoft-Windows-Security-SPP-UX-Notifications\",\"Guid\":\"C4EFC9BB-2570-4821-8923-1BAD317D2D4B\"}},\"EventID\":100,\"Version\":0,\"Level\":3,\"Task\":0,\"Opcode\":0,\"Keywords\":\"0x8000000000000000\",\"TimeCreated\":{\"#attributes\":{\"SystemTime\":\"2024-11-04T12:48:54.995846Z\"}},\"EventRecordID\":1,\"Correlation\":null,\"Execution\":{\"#attributes\":{\"ProcessID\":7304,\"ThreadID\":7300}},\"Channel\":\"Microsoft-Windows-Security-SPP-UX-Notifications/ActionCenter\",\"Computer\":\"DESKTOP-P9H5FTA\",\"Security\":{\"#attributes\":{\"UserID\":\"S-1-5-20\"}}},\"EventData\":{\"hc_stateid\":2}}}",
  "xml_fields": {
    "provider": "Microsoft-Windows-Security-SPP-UX-Notifications",
    "event_id": "100",
    "timestamp": "2024-11-04T12:48:54.995846Z",
    "event_record_id": "1",
    "level": "3",
    "task": "0",
    "opcode": "0",
    "keywords": "0x8000000000000000",
    "channel": "Microsoft-Windows-Security-SPP-UX-Notifications/ActionCenter",
    "computer": "DESKTOP-P9H5FTA",
    "hc_stateid": "2"
  },
  "json_fields": {
    "provider": "Microsoft-Windows-Security-SPP-UX-Notifications",
    "channel": "Microsoft-Windows-Security-SPP-UX-Notifications/ActionCenter",
    "event_id": "100",
    "timestamp": "2024-11-04T12:48:54.995846Z",
    "event_record_id": "1",
    "level": "3",
    "task": "0",
    "opcode": "0",
    "keywords": "0x8000000000000000",
    "computer": "DESKTOP-P9H5FTA",
    "hc_stateid": "2"
  }
}