{
  "event_id": "100",
  "provider": "Microsoft-Windows-ModernDeployment-Diagnostics-Provider",
  "channel": "Microsoft-Windows-ModernDeployment-Diagnostics-Provider/Autopilot",
  "source_file": "D:\\visual code file\\Project_4\\Event-Analyzer\\test\\Logs\\Microsoft-Windows-ModernDeployment-Diagnostics-Provider%4Autopilot.evtx",
  "event_record_id": 8,
  "xml": "<?xml version=\"1.0\" encoding=\"utf-8\"?>\n<Event xmlns=\"http://schemas.microsoft.com/win/2004/08/events/event\">\n  <System>\n    <Provider Name=\"Microsoft-Windows-ModernDeployment-Diagnostics-Provider\" Guid=\"BAB3AD92-FB96-5902-450B-B8421BDEC7BD\">\n    </Provider>\n    <EventID>100</EventID>\n    <Version>0</Version>\n    <Level>3</Level>\n    <Task>0</Task>\n    <Opcode>0</Opcode>\n    <Keywords>0x4000000000000000</Keywords>\n    <TimeCreated SystemTime=\"2024-11-04T12:35:15.428693Z\">\n    </TimeCreated>\n    <EventRecordID>8</EventRecordID>\n    <Correlation>\n    </Correlation>\n    <Execution ProcessID=\"5416\" ThreadID=\"6212\">\n    </Execution>\n    <Channel>Microsoft-Windows-ModernDeployment-Diagnostics-Provider/Autopilot</Channel>\n    <Computer>DESKTOP-P9H5FTA</Computer>\n    <Security UserID=\"S-1-5-18\">\n    </Security>\n  </System>\n  <EventData>\n    <Data Name=\"Message1\">CloudAssignedLanguage</Data>\n  </EventData>\n</Event>\n",
  "json": "{\"Event\":{\"#attributes\":{\"xmlns\":\"http://schemas.microsoft.com/win/2004/08/events/event\"},\"System\":{\"Provider\":{\"#attributes\":{\"Name\":\"Microsoft-Windows-ModernDeployment-Diagnostics-Provider\",\"Guid\":\"BAB3AD92-FB96-5902-450B-B8421BDEC7BD\"}},\"EventID\":100,\"Version\":0,\"Level\":3,\"Task\":0,\"Opcode\":0,\"Keywords\":\"0x4000000000000000\",\"TimeCreated\":{\"#attributes\":{\"SystemTime\":\"2024-11-04T12:35:15.428693Z\"}},\"EventRecordID\":8,\"Correlation\":null,\"Execution\":{\"#attributes\":{\"ProcessID\":5416,\"ThreadID\":6212}},\"Channel\":\"Microsoft-Windows-ModernDeployment-Diagnostics-Provider/Autopilot\",\"Computer\":\"DESKTOP-P9H5FTA\",\"Security\":{\"#attributes\":{\"UserID\":\"S-1-5-18\"}}},\"EventData\":{\"Message1\":\"CloudAssignedLanguage\"}}}",
  "xml_fields": {
    "provider": "Microsoft-Windows-ModernDeployment-Diagnostics-Provider",
    "event_id": "100",
    "timestamp": "2024-11-04T12:35:15.428693Z",
    "event_record_id": "8",
    "level": "3",
    "task": "0",
    "opcode": "0",
    "keywords": "0x4000000000000000",
    "channel": "Microsoft-Windows-ModernDeployment-Diagnostics-Provider/Autopilot",
    "computer": "DESKTOP-P9H5FTA",
    "Message1": "CloudAssignedLanguage"
  },
  "json_fields": {
    "provider": "Microsoft-Windows-ModernDeployment-Diagnostics-Provider",
    "channel": "Microsoft-Windows-ModernDeployment-Diagnostics-Provider/Autopilot",
    "event_id": "100",
    "timestamp": "2024-11-04T12:35:15.428693Z",
    "event_record_id": "8",
    "level": "3",
    "task": "0",
    "opcode": "0",
    "keywords": "0x4000000000000000",
    "computer": "DESKTOP-P9H5FTA",
    "Message1": "CloudAssignedLanguage"
  }
}