{
  "event_id": "100",
  "provider": "Microsoft-Windows-Diagnosis-Scheduled",
  "channel": "Microsoft-Windows-Diagnosis-Scheduled/Operational",
  "source_file": "D:\\visual code file\\Project_4\\Event-Analyzer\\test\\Benign\\win2022-evtx\\Microsoft-Windows-Diagnosis-Scheduled%4Operational.evtx",
  "event_record_id": 6,
  "xml": "<?xml version=\"1.0\" encoding=\"utf-8\"?>\n<Event xmlns=\"http://schemas.microsoft.com/win/2004/08/events/event\">\n  <System>\n    <Provider Name=\"Microsoft-Windows-Diagnosis-Scheduled\" Guid=\"40AB57C2-1C53-4DF9-9324-FF7CF898A02C\">\n    </Provider>\n    <EventID>100</EventID>\n    <Version>0</Version>\n    <Level>1</Level>\n    <Task>0</Task>\n    <Opcode>0</Opcode>\n    <Keywords>0x8000000400000000</Keywords>\n    <TimeCreated SystemTime=\"2022-04-04T07:40:22.888110Z\">\n    </TimeCreated>\n    <EventRecordID>6</EventRecordID>\n    <Correlation>\n    </Correlation>\n    <Execution ProcessID=\"4124\" ThreadID=\"4192\">\n    </Execution>\n    <Channel>Microsoft-Windows-Diagnosis-Scheduled/Operational</Channel>\n    <Computer>WIN-TKC15D7KHUR</Computer>\n    <Security UserID=\"S-1-5-21-1958040314-2592322477-2606035944-500\">\n    </Security>\n  </System>\n  <EventData>\n    <Data Name=\"hc_stateid\">0</Data>\n  </EventData>\n</Event>\n",
  "json": "{\"Event\":{\"#attributes\":{\"xmlns\":\"http://schemas.microsoft.com/win/2004/08/events/event\"},\"System\":{\"Provider\":{\"#attributes\":{\"Name\":\"Microsoft-Windows-Diagnosis-Scheduled\",\"Guid\":\"40AB57C2-1C53-4DF9-9324-FF7CF898A02C\"}},\"EventID\":100,\"Version\":0,\"Level\":1,\"Task\":0,\"Opcode\":0,\"Keywords\":\"0x8000000400000000\",\"TimeCreated\":{\"#attributes\":{\"SystemTime\":\"2022-04-04T07:40:22.888110Z\"}},\"EventRecordID\":6,\"Correlation\":null,\"Execution\":{\"#attributes\":{\"ProcessID\":4124,\"ThreadID\":4192}},\"Channel\":\"Microsoft-Windows-Diagnosis-Scheduled/Operational\",\"Computer\":\"WIN-TKC15D7KHUR\",\"Security\":{\"#attributes\":{\"UserID\":\"S-1-5-21-1958040314-2592322477-2606035944-500\"}}},\"EventData\":{\"hc_stateid\":0}}}",
  "xml_fields": {
    "provider": "Microsoft-Windows-Diagnosis-Scheduled",
    "event_id": "100",
    "timestamp": "2022-04-04T07:40:22.888110Z",
    "event_record_id": "6",
    "level": "1",
    "task": "0",
    "opcode": "0",
    "keywords": "0x8000000400000000",
    "channel": "Microsoft-Windows-Diagnosis-Scheduled/Operational",
    "computer": "WIN-TKC15D7KHUR",
    "hc_stateid": "0"
  },
  "json_fields": {
    "provider": "Microsoft-Windows-Diagnosis-Scheduled",
    "channel": "Microsoft-Windows-Diagnosis-Scheduled/Operational",
    "event_id": "100",
    "timestamp": "2022-04-04T07:40:22.888110Z",
    "event_record_id": "6",
    "level": "1",
    "task": "0",
    "opcode": "0",
    "keywords": "0x8000000400000000",
    "computer": "WIN-TKC15D7KHUR",
    "hc_stateid": "0"
  }
}