{
  "event_id": "1010",
  "provider": "Microsoft-Windows-SMBServer",
  "channel": "Microsoft-Windows-SMBServer/Operational",
  "source_file": "D:\\visual code file\\Project_4\\Event-Analyzer\\test\\Logs\\Microsoft-Windows-SMBServer%4Operational.evtx",
  "event_record_id": 3,
  "xml": "<?xml version=\"1.0\" encoding=\"utf-8\"?>\n<Event xmlns=\"http://schemas.microsoft.com/win/2004/08/events/event\">\n  <System>\n    <Provider Name=\"Microsoft-Windows-SMBServer\" Guid=\"D48CE617-33A2-4BC3-A5C7-11AA4F29619E\">\n    </Provider>\n    <EventID>1010</EventID>\n    <Version>0</Version>\n    <Level>4</Level>\n    <Task>1010</Task>\n    <Opcode>0</Opcode>\n    <Keywords>0x2000000000000008</Keywords>\n    <TimeCreated SystemTime=\"2024-11-05T01:33:11.216440Z\">\n    </TimeCreated>\n    <EventRecordID>3</EventRecordID>\n    <Correlation>\n    </Correlation>\n    <Execution ProcessID=\"4\" ThreadID=\"228\">\n    </Execution>\n    <Channel>Microsoft-Windows-SMBServer/Operational</Channel>\n    <Computer>WIN-5LCFHVCO531</Computer>\n    <Security UserID=\"S-1-5-18\">\n    </Security>\n  </System>\n  <UserData>\n    <EventData xmlns=\"Smb2Namespace\">\n      <NameLength>16</NameLength>\n      <Name>WIN-5LCFHVCO531 </Name>\n      <DomainNameLength>9</DomainNameLength>\n      <DomainName>WORKGROUP</DomainName>\n      <TransportNameLength>18</TransportNameLength>\n      <TransportName>\\Device\\NetbiosSmb</TransportName>\n      <TransportFlags>0x1</TransportFlags>\n    </EventData>\n  </UserData>\n</Event>\n",
  "json": "{\"Event\":{\"#attributes\":{\"xmlns\":\"http://schemas.microsoft.com/win/2004/08/events/event\"},\"System\":{\"Provider\":{\"#attributes\":{\"Name\":\"Microsoft-Windows-SMBServer\",\"Guid\":\"D48CE617-33A2-4BC3-A5C7-11AA4F29619E\"}},\"EventID\":1010,\"Version\":0,\"Level\":4,\"Task\":1010,\"Opcode\":0,\"Keywords\":\"0x2000000000000008\",\"TimeCreated\":{\"#attributes\":{\"SystemTime\":\"2024-11-05T01:33:11.216440Z\"}},\"EventRecordID\":3,\"Correlation\":null,\"Execution\":{\"#attributes\":{\"ProcessID\":4,\"ThreadID\":228}},\"Channel\":\"Microsoft-Windows-SMBServer/Operational\",\"Computer\":\"WIN-5LCFHVCO531\",\"Security\":{\"#attributes\":{\"UserID\":\"S-1-5-18\"}}},\"UserData\":{\"EventData\":{\"#attributes\":{\"xmlns\":\"Smb2Namespace\"},\"NameLength\":16,\"Name\":\"WIN-5LCFHVCO531 \",\"DomainNameLength\":9,\"DomainName\":\"WORKGROUP\",\"TransportNameLength\":18,\"TransportName\":\"\\\\Device\\\\NetbiosSmb\",\"TransportFlags\":\"0x1\"}}}}",
  "xml_fields": {
    "provider": "Microsoft-Windows-SMBServer",
    "event_id": "1010",
    "timestamp": "2024-11-05T01:33:11.216440Z",
    "event_record_id": "3",
    "level": "4",
    "task": "1010",
    "opcode": "0",
    "keywords": "0x2000000000000008",
    "channel": "Microsoft-Windows-SMBServer/Operational",
    "computer": "WIN-5LCFHVCO531",
    "NameLength": "16",
    "Name": "WIN-5LCFHVCO531 ",
    "DomainNameLength": "9",
    "DomainName": "WORKGROUP",
    "TransportNameLength": "18",
    "TransportName": "\\Device\\NetbiosSmb",
    "TransportFlags": "0x1"
  },
  "json_fields": {
    "provider": "Microsoft-Windows-SMBServer",
    "channel": "Microsoft-Windows-SMBServer/Operational",
    "event_id": "1010",
    "timestamp": "2024-11-05T01:33:11.216440Z",
    "event_record_id": "3",
    "level": "4",
    "task": "1010",
    "opcode": "0",
    "keywords": "0x2000000000000008",
    "computer": "WIN-5LCFHVCO531",
    "NameLength": "16",
    "Name": "WIN-5LCFHVCO531 ",
    "DomainNameLength": "9",
    "DomainName": "WORKGROUP",
    "TransportNameLength": "18",
    "TransportName": "\\Device\\NetbiosSmb",
    "TransportFlags": "0x1"
  }
}