{
  "event_id": "1011",
  "provider": "Microsoft-Windows-SMBServer",
  "channel": "Microsoft-Windows-SMBServer/Operational",
  "source_file": "D:\\visual code file\\Project_4\\Event-Analyzer\\test\\Benign\\Logs_Client\\Microsoft-Windows-SMBServer%4Operational.evtx",
  "event_record_id": 17,
  "xml": "<?xml version=\"1.0\" encoding=\"utf-8\"?>\n<Event xmlns=\"http://schemas.microsoft.com/win/2004/08/events/event\">\n  <System>\n    <Provider Name=\"Microsoft-Windows-SMBServer\" Guid=\"D48CE617-33A2-4BC3-A5C7-11AA4F29619E\">\n    </Provider>\n    <EventID>1011</EventID>\n    <Version>0</Version>\n    <Level>4</Level>\n    <Task>1011</Task>\n    <Opcode>0</Opcode>\n    <Keywords>0x2000000000000008</Keywords>\n    <TimeCreated SystemTime=\"2022-02-07T14:20:44.771804Z\">\n    </TimeCreated>\n    <EventRecordID>17</EventRecordID>\n    <Correlation>\n    </Correlation>\n    <Execution ProcessID=\"4\" ThreadID=\"212\">\n    </Execution>\n    <Channel>Microsoft-Windows-SMBServer/Operational</Channel>\n    <Computer>DESKTOP-A8CALR3</Computer>\n    <Security UserID=\"S-1-5-18\">\n    </Security>\n  </System>\n  <UserData>\n    <EventData xmlns=\"Smb2Namespace\">\n      <NameLength>0</NameLength>\n      <Name></Name>\n      <DomainNameLength>0</DomainNameLength>\n      <DomainName></DomainName>\n      <TransportNameLength>58</TransportNameLength>\n      <TransportName>\\Device\\NetBT_Tcpip_{30A7B0B4-0051-42B2-B744-B59A5A9ED8CC}</TransportName>\n    </EventData>\n  </UserData>\n</Event>\n",
  "json": "{\"Event\":{\"#attributes\":{\"xmlns\":\"http://schemas.microsoft.com/win/2004/08/events/event\"},\"System\":{\"Provider\":{\"#attributes\":{\"Name\":\"Microsoft-Windows-SMBServer\",\"Guid\":\"D48CE617-33A2-4BC3-A5C7-11AA4F29619E\"}},\"EventID\":1011,\"Version\":0,\"Level\":4,\"Task\":1011,\"Opcode\":0,\"Keywords\":\"0x2000000000000008\",\"TimeCreated\":{\"#attributes\":{\"SystemTime\":\"2022-02-07T14:20:44.771804Z\"}},\"EventRecordID\":17,\"Correlation\":null,\"Execution\":{\"#attributes\":{\"ProcessID\":4,\"ThreadID\":212}},\"Channel\":\"Microsoft-Windows-SMBServer/Operational\",\"Computer\":\"DESKTOP-A8CALR3\",\"Security\":{\"#attributes\":{\"UserID\":\"S-1-5-18\"}}},\"UserData\":{\"EventData\":{\"#attributes\":{\"xmlns\":\"Smb2Namespace\"},\"NameLength\":0,\"Name\":null,\"DomainNameLength\":0,\"DomainName\":null,\"TransportNameLength\":58,\"TransportName\":\"\\\\Device\\\\NetBT_Tcpip_{30A7B0B4-0051-42B2-B744-B59A5A9ED8CC}\"}}}}",
  "xml_fields": {
    "provider": "Microsoft-Windows-SMBServer",
    "event_id": "1011",
    "timestamp": "2022-02-07T14:20:44.771804Z",
    "event_record_id": "17",
    "level": "4",
    "task": "1011",
    "opcode": "0",
    "keywords": "0x2000000000000008",
    "channel": "Microsoft-Windows-SMBServer/Operational",
    "computer": "DESKTOP-A8CALR3",
    "NameLength": "0",
    "DomainNameLength": "0",
    "TransportNameLength": "58",
    "TransportName": "\\Device\\NetBT_Tcpip_{30A7B0B4-0051-42B2-B744-B59A5A9ED8CC}"
  },
  "json_fields": {
    "provider": "Microsoft-Windows-SMBServer",
    "channel": "Microsoft-Windows-SMBServer/Operational",
    "event_id": "1011",
    "timestamp": "2022-02-07T14:20:44.771804Z",
    "event_record_id": "17",
    "level": "4",
    "task": "1011",
    "opcode": "0",
    "keywords": "0x2000000000000008",
    "computer": "DESKTOP-A8CALR3",
    "NameLength": "0",
    "DomainNameLength": "0",
    "TransportNameLength": "58",
    "TransportName": "\\Device\\NetBT_Tcpip_{30A7B0B4-0051-42B2-B744-B59A5A9ED8CC}"
  }
}