{
  "event_id": "1013",
  "provider": "Microsoft-Windows-Windows Defender",
  "channel": "Microsoft-Windows-Windows Defender/Operational",
  "source_file": "D:\\visual code file\\Project_4\\Event-Analyzer\\test\\Logs\\Microsoft-Windows-Windows Defender%4Operational.evtx",
  "event_record_id": 14,
  "xml": "<?xml version=\"1.0\" encoding=\"utf-8\"?>\n<Event xmlns=\"http://schemas.microsoft.com/win/2004/08/events/event\">\n  <System>\n    <Provider Name=\"Microsoft-Windows-Windows Defender\" Guid=\"11CD958A-C507-4EF3-B3F2-5FD9DFBD2C78\">\n    </Provider>\n    <EventID>1013</EventID>\n    <Version>0</Version>\n    <Level>4</Level>\n    <Task>0</Task>\n    <Opcode>0</Opcode>\n    <Keywords>0x8000000000000000</Keywords>\n    <TimeCreated SystemTime=\"2025-01-06T12:25:42.411845Z\">\n    </TimeCreated>\n    <EventRecordID>14</EventRecordID>\n    <Correlation>\n    </Correlation>\n    <Execution ProcessID=\"2924\" ThreadID=\"4524\">\n    </Execution>\n    <Channel>Microsoft-Windows-Windows Defender/Operational</Channel>\n    <Computer>cyberjunkie-test</Computer>\n    <Security UserID=\"S-1-5-18\">\n    </Security>\n  </System>\n  <EventData>\n    <Data Name=\"Product Name\">%%827</Data>\n    <Data Name=\"Product Version\">4.18.1909.6</Data>\n    <Data Name=\"Timestamp\">12/22/2024 4:25:42 AM</Data>\n    <Data Name=\"Unused\"></Data>\n    <Data Name=\"Unused2\"></Data>\n    <Data Name=\"Unused3\"></Data>\n    <Data Name=\"Unused4\"></Data>\n    <Data Name=\"Domain\">NT AUTHORITY</Data>\n    <Data Name=\"User\">SYSTEM</Data>\n    <Data Name=\"SID\">S-1-5-18</Data>\n  </EventData>\n</Event>\n",
  "json": "{\"Event\":{\"#attributes\":{\"xmlns\":\"http://schemas.microsoft.com/win/2004/08/events/event\"},\"System\":{\"Provider\":{\"#attributes\":{\"Name\":\"Microsoft-Windows-Windows Defender\",\"Guid\":\"11CD958A-C507-4EF3-B3F2-5FD9DFBD2C78\"}},\"EventID\":1013,\"Version\":0,\"Level\":4,\"Task\":0,\"Opcode\":0,\"Keywords\":\"0x8000000000000000\",\"TimeCreated\":{\"#attributes\":{\"SystemTime\":\"2025-01-06T12:25:42.411845Z\"}},\"EventRecordID\":14,\"Correlation\":null,\"Execution\":{\"#attributes\":{\"ProcessID\":2924,\"ThreadID\":4524}},\"Channel\":\"Microsoft-Windows-Windows Defender/Operational\",\"Computer\":\"cyberjunkie-test\",\"Security\":{\"#attributes\":{\"UserID\":\"S-1-5-18\"}}},\"EventData\":{\"Product Name\":\"%%827\",\"Product Version\":\"4.18.1909.6\",\"Timestamp\":\"12/22/2024 4:25:42 AM\",\"Unused\":\"\",\"Unused2\":\"\",\"Unused3\":\"\",\"Unused4\":\"\",\"Domain\":\"NT AUTHORITY\",\"User\":\"SYSTEM\",\"SID\":\"S-1-5-18\"}}}",
  "xml_fields": {
    "provider": "Microsoft-Windows-Windows Defender",
    "event_id": "1013",
    "timestamp": "2025-01-06T12:25:42.411845Z",
    "event_record_id": "14",
    "level": "4",
    "task": "0",
    "opcode": "0",
    "keywords": "0x8000000000000000",
    "channel": "Microsoft-Windows-Windows Defender/Operational",
    "computer": "cyberjunkie-test",
    "Product Name": "%%827",
    "Product Version": "4.18.1909.6",
    "Timestamp": "12/22/2024 4:25:42 AM",
    "Unused": "",
    "Unused2": "",
    "Unused3": "",
    "Unused4": "",
    "Domain": "NT AUTHORITY",
    "User": "SYSTEM",
    "SID": "S-1-5-18"
  },
  "json_fields": {
    "provider": "Microsoft-Windows-Windows Defender",
    "channel": "Microsoft-Windows-Windows Defender/Operational",
    "event_id": "1013",
    "timestamp": "2025-01-06T12:25:42.411845Z",
    "event_record_id": "14",
    "level": "4",
    "task": "0",
    "opcode": "0",
    "keywords": "0x8000000000000000",
    "computer": "cyberjunkie-test",
    "Product Name": "%%827",
    "Product Version": "4.18.1909.6",
    "Timestamp": "12/22/2024 4:25:42 AM",
    "Unused": "",
    "Unused2": "",
    "Unused3": "",
    "Unused4": "",
    "Domain": "NT AUTHORITY",
    "User": "SYSTEM",
    "SID": "S-1-5-18"
  }
}