{
  "event_id": "1013",
  "provider": "Microsoft-Windows-Privacy-Auditing",
  "channel": "Microsoft-Windows-Privacy-Auditing/Operational",
  "source_file": "D:\\visual code file\\Project_4\\Event-Analyzer\\test\\Benign\\win2022-0-20348-azure\\Microsoft-Windows-Privacy-Auditing%4Operational.evtx",
  "event_record_id": 2,
  "xml": "<?xml version=\"1.0\" encoding=\"utf-8\"?>\n<Event xmlns=\"http://schemas.microsoft.com/win/2004/08/events/event\">\n  <System>\n    <Provider Name=\"Microsoft-Windows-Privacy-Auditing\" Guid=\"D67FBB76-D18A-5AE3-24A3-8C1DB52D6C62\">\n    </Provider>\n    <EventID>1013</EventID>\n    <Version>0</Version>\n    <Level>2</Level>\n    <Task>30</Task>\n    <Opcode>0</Opcode>\n    <Keywords>0x8000000000000044</Keywords>\n    <TimeCreated SystemTime=\"2022-09-08T21:02:22.303303Z\">\n    </TimeCreated>\n    <EventRecordID>2</EventRecordID>\n    <Correlation ActivityID=\"2D2A63B6-C3C6-0000-BB86-2A2DC6C3D801\">\n    </Correlation>\n    <Execution ProcessID=\"4624\" ThreadID=\"4672\">\n    </Execution>\n    <Channel>Microsoft-Windows-Privacy-Auditing/Operational</Channel>\n    <Computer>WIN-06FB45IHQ35</Computer>\n    <Security UserID=\"S-1-5-18\">\n    </Security>\n  </System>\n  <EventData>\n    <Data Name=\"NewConsentValue\">Allow</Data>\n    <Data Name=\"TargetUserSid\">S-1-5-21-780613846-3260660134-2396965080-500</Data>\n    <Data Name=\"AppPackageFamilyName\">Microsoft.Windows.StartMenuExperienceHost_cw5n1h2txyewy</Data>\n    <Data Name=\"HResult\">0x8000ffff</Data>\n    <Data Name=\"SettingName\">cellularData</Data>\n    <Data Name=\"Migrated\">false</Data>\n  </EventData>\n</Event>\n",
  "json": "{\"Event\":{\"#attributes\":{\"xmlns\":\"http://schemas.microsoft.com/win/2004/08/events/event\"},\"System\":{\"Provider\":{\"#attributes\":{\"Name\":\"Microsoft-Windows-Privacy-Auditing\",\"Guid\":\"D67FBB76-D18A-5AE3-24A3-8C1DB52D6C62\"}},\"EventID\":1013,\"Version\":0,\"Level\":2,\"Task\":30,\"Opcode\":0,\"Keywords\":\"0x8000000000000044\",\"TimeCreated\":{\"#attributes\":{\"SystemTime\":\"2022-09-08T21:02:22.303303Z\"}},\"EventRecordID\":2,\"Correlation\":{\"#attributes\":{\"ActivityID\":\"2D2A63B6-C3C6-0000-BB86-2A2DC6C3D801\"}},\"Execution\":{\"#attributes\":{\"ProcessID\":4624,\"ThreadID\":4672}},\"Channel\":\"Microsoft-Windows-Privacy-Auditing/Operational\",\"Computer\":\"WIN-06FB45IHQ35\",\"Security\":{\"#attributes\":{\"UserID\":\"S-1-5-18\"}}},\"EventData\":{\"NewConsentValue\":\"Allow\",\"TargetUserSid\":\"S-1-5-21-780613846-3260660134-2396965080-500\",\"AppPackageFamilyName\":\"Microsoft.Windows.StartMenuExperienceHost_cw5n1h2txyewy\",\"HResult\":\"0x8000ffff\",\"SettingName\":\"cellularData\",\"Migrated\":false}}}",
  "xml_fields": {
    "provider": "Microsoft-Windows-Privacy-Auditing",
    "event_id": "1013",
    "timestamp": "2022-09-08T21:02:22.303303Z",
    "event_record_id": "2",
    "level": "2",
    "task": "30",
    "opcode": "0",
    "keywords": "0x8000000000000044",
    "channel": "Microsoft-Windows-Privacy-Auditing/Operational",
    "computer": "WIN-06FB45IHQ35",
    "NewConsentValue": "Allow",
    "TargetUserSid": "S-1-5-21-780613846-3260660134-2396965080-500",
    "AppPackageFamilyName": "Microsoft.Windows.StartMenuExperienceHost_cw5n1h2txyewy",
    "HResult": "0x8000ffff",
    "SettingName": "cellularData",
    "Migrated": "false"
  },
  "json_fields": {
    "provider": "Microsoft-Windows-Privacy-Auditing",
    "channel": "Microsoft-Windows-Privacy-Auditing/Operational",
    "event_id": "1013",
    "timestamp": "2022-09-08T21:02:22.303303Z",
    "event_record_id": "2",
    "level": "2",
    "task": "30",
    "opcode": "0",
    "keywords": "0x8000000000000044",
    "computer": "WIN-06FB45IHQ35",
    "NewConsentValue": "Allow",
    "TargetUserSid": "S-1-5-21-780613846-3260660134-2396965080-500",
    "AppPackageFamilyName": "Microsoft.Windows.StartMenuExperienceHost_cw5n1h2txyewy",
    "HResult": "0x8000ffff",
    "SettingName": "cellularData",
    "Migrated": "False"
  }
}