{
  "event_id": "1014",
  "provider": "Microsoft-Windows-Security-SPP",
  "channel": "Application",
  "source_file": "D:\\visual code file\\Project_4\\Event-Analyzer\\test\\Benign\\Win2022-AD\\Application.evtx",
  "event_record_id": 25,
  "xml": "<?xml version=\"1.0\" encoding=\"utf-8\"?>\n<Event xmlns=\"http://schemas.microsoft.com/win/2004/08/events/event\">\n  <System>\n    <Provider Name=\"Microsoft-Windows-Security-SPP\" Guid=\"{E23B33B0-C8C9-472C-A5F9-F2BDFEA0F156}\" EventSourceName=\"Software Protection Platform Service\">\n    </Provider>\n    <EventID Qualifiers=\"49152\">1014</EventID>\n    <Version>0</Version>\n    <Level>2</Level>\n    <Task>0</Task>\n    <Opcode>0</Opcode>\n    <Keywords>0x80000000000000</Keywords>\n    <TimeCreated SystemTime=\"2022-04-07T16:48:32.201999Z\">\n    </TimeCreated>\n    <EventRecordID>25</EventRecordID>\n    <Correlation>\n    </Correlation>\n    <Execution ProcessID=\"0\" ThreadID=\"0\">\n    </Execution>\n    <Channel>Application</Channel>\n    <Computer>WIN-FPV0DSIC9O6</Computer>\n    <Security>\n    </Security>\n  </System>\n  <EventData>\n    <Data>hr=0x80072EE7</Data>\n    <Data>c1a197b6-ba5e-4394-b9bf-b659a6c1b873</Data>\n    <Binary></Binary>\n  </EventData>\n</Event>\n",
  "json": "{\"Event\":{\"#attributes\":{\"xmlns\":\"http://schemas.microsoft.com/win/2004/08/events/event\"},\"System\":{\"Provider\":{\"#attributes\":{\"Name\":\"Microsoft-Windows-Security-SPP\",\"Guid\":\"{E23B33B0-C8C9-472C-A5F9-F2BDFEA0F156}\",\"EventSourceName\":\"Software Protection Platform Service\"}},\"EventID\":{\"#attributes\":{\"Qualifiers\":49152},\"#text\":1014},\"Version\":0,\"Level\":2,\"Task\":0,\"Opcode\":0,\"Keywords\":\"0x80000000000000\",\"TimeCreated\":{\"#attributes\":{\"SystemTime\":\"2022-04-07T16:48:32.201999Z\"}},\"EventRecordID\":25,\"Correlation\":null,\"Execution\":{\"#attributes\":{\"ProcessID\":0,\"ThreadID\":0}},\"Channel\":\"Application\",\"Computer\":\"WIN-FPV0DSIC9O6\",\"Security\":null},\"EventData\":{\"Data\":{\"#text\":[\"hr=0x80072EE7\",\"c1a197b6-ba5e-4394-b9bf-b659a6c1b873\"]},\"Binary\":null}}}",
  "xml_fields": {
    "provider": "Microsoft-Windows-Security-SPP",
    "event_id": "1014",
    "timestamp": "2022-04-07T16:48:32.201999Z",
    "event_record_id": "25",
    "level": "2",
    "task": "0",
    "opcode": "0",
    "keywords": "0x80000000000000",
    "channel": "Application",
    "computer": "WIN-FPV0DSIC9O6",
    "_data_0": "hr=0x80072EE7",
    "_data_1": "c1a197b6-ba5e-4394-b9bf-b659a6c1b873"
  },
  "json_fields": {
    "provider": "Microsoft-Windows-Security-SPP",
    "channel": "Application",
    "event_id": "1014",
    "timestamp": "2022-04-07T16:48:32.201999Z",
    "event_record_id": "25",
    "level": "2",
    "task": "0",
    "opcode": "0",
    "keywords": "0x80000000000000",
    "computer": "WIN-FPV0DSIC9O6",
    "_data_0": "hr=0x80072EE7",
    "_data_1": "c1a197b6-ba5e-4394-b9bf-b659a6c1b873"
  }
}