{
  "event_id": "1014",
  "provider": "Microsoft-Windows-DNS-Client",
  "channel": "System",
  "source_file": "D:\\visual code file\\Project_4\\Event-Analyzer\\test\\Logs\\System.evtx",
  "event_record_id": 1047,
  "xml": "<?xml version=\"1.0\" encoding=\"utf-8\"?>\n<Event xmlns=\"http://schemas.microsoft.com/win/2004/08/events/event\">\n  <System>\n    <Provider Name=\"Microsoft-Windows-DNS-Client\" Guid=\"1C95126E-7EEA-49A9-A3FE-A378B03DDB4D\">\n    </Provider>\n    <EventID>1014</EventID>\n    <Version>0</Version>\n    <Level>3</Level>\n    <Task>1014</Task>\n    <Opcode>0</Opcode>\n    <Keywords>0x4000000010000000</Keywords>\n    <TimeCreated SystemTime=\"2025-01-24T10:37:59.152989Z\">\n    </TimeCreated>\n    <EventRecordID>1047</EventRecordID>\n    <Correlation>\n    </Correlation>\n    <Execution ProcessID=\"2456\" ThreadID=\"10480\">\n    </Execution>\n    <Channel>System</Channel>\n    <Computer>CTO-FILESVR</Computer>\n    <Security UserID=\"S-1-5-20\">\n    </Security>\n  </System>\n  <EventData>\n    <Data Name=\"QueryName\">wpad</Data>\n    <Data Name=\"AddressLength\">128</Data>\n    <Data Name=\"Address\">02000000AC114F02000000000000000000000000000000000000000000000000000000000000000000000000000000000000000000000000000000000000000000000000000000000000000000000000000000000000000000000000000000000000000000000000000000000000000000000000000000000000000000000000</Data>\n  </EventData>\n</Event>\n",
  "json": "{\"Event\":{\"#attributes\":{\"xmlns\":\"http://schemas.microsoft.com/win/2004/08/events/event\"},\"System\":{\"Provider\":{\"#attributes\":{\"Name\":\"Microsoft-Windows-DNS-Client\",\"Guid\":\"1C95126E-7EEA-49A9-A3FE-A378B03DDB4D\"}},\"EventID\":1014,\"Version\":0,\"Level\":3,\"Task\":1014,\"Opcode\":0,\"Keywords\":\"0x4000000010000000\",\"TimeCreated\":{\"#attributes\":{\"SystemTime\":\"2025-01-24T10:37:59.152989Z\"}},\"EventRecordID\":1047,\"Correlation\":null,\"Execution\":{\"#attributes\":{\"ProcessID\":2456,\"ThreadID\":10480}},\"Channel\":\"System\",\"Computer\":\"CTO-FILESVR\",\"Security\":{\"#attributes\":{\"UserID\":\"S-1-5-20\"}}},\"EventData\":{\"QueryName\":\"wpad\",\"AddressLength\":128,\"Address\":\"02000000AC114F02000000000000000000000000000000000000000000000000000000000000000000000000000000000000000000000000000000000000000000000000000000000000000000000000000000000000000000000000000000000000000000000000000000000000000000000000000000000000000000000000\"}}}",
  "xml_fields": {
    "provider": "Microsoft-Windows-DNS-Client",
    "event_id": "1014",
    "timestamp": "2025-01-24T10:37:59.152989Z",
    "event_record_id": "1047",
    "level": "3",
    "task": "1014",
    "opcode": "0",
    "keywords": "0x4000000010000000",
    "channel": "System",
    "computer": "CTO-FILESVR",
    "QueryName": "wpad",
    "AddressLength": "128",
    "Address": "02000000AC114F02000000000000000000000000000000000000000000000000000000000000000000000000000000000000000000000000000000000000000000000000000000000000000000000000000000000000000000000000000000000000000000000000000000000000000000000000000000000000000000000000"
  },
  "json_fields": {
    "provider": "Microsoft-Windows-DNS-Client",
    "channel": "System",
    "event_id": "1014",
    "timestamp": "2025-01-24T10:37:59.152989Z",
    "event_record_id": "1047",
    "level": "3",
    "task": "1014",
    "opcode": "0",
    "keywords": "0x4000000010000000",
    "computer": "CTO-FILESVR",
    "QueryName": "wpad",
    "AddressLength": "128",
    "Address": "02000000AC114F02000000000000000000000000000000000000000000000000000000000000000000000000000000000000000000000000000000000000000000000000000000000000000000000000000000000000000000000000000000000000000000000000000000000000000000000000000000000000000000000000"
  }
}