{
  "event_id": "1014",
  "provider": "Microsoft-Windows-Resource-Exhaustion-Resolver",
  "channel": "Microsoft-Windows-Resource-Exhaustion-Resolver/Operational",
  "source_file": "D:\\visual code file\\Project_4\\Event-Analyzer\\test\\Benign\\Logs_Client\\Microsoft-Windows-Resource-Exhaustion-Resolver%4Operational.evtx",
  "event_record_id": 3,
  "xml": "<?xml version=\"1.0\" encoding=\"utf-8\"?>\n<Event xmlns=\"http://schemas.microsoft.com/win/2004/08/events/event\">\n  <System>\n    <Provider Name=\"Microsoft-Windows-Resource-Exhaustion-Resolver\" Guid=\"91F5FB12-FDEA-4095-85D5-614B495CD9DE\">\n    </Provider>\n    <EventID>1014</EventID>\n    <Version>0</Version>\n    <Level>4</Level>\n    <Task>5</Task>\n    <Opcode>41</Opcode>\n    <Keywords>0x8000000000004000</Keywords>\n    <TimeCreated SystemTime=\"2022-02-07T15:17:05.145188Z\">\n    </TimeCreated>\n    <EventRecordID>3</EventRecordID>\n    <Correlation ActivityID=\"5C915B73-CA9A-4EA3-970A-709F2F34361E\">\n    </Correlation>\n    <Execution ProcessID=\"6696\" ThreadID=\"5128\">\n    </Execution>\n    <Channel>Microsoft-Windows-Resource-Exhaustion-Resolver/Operational</Channel>\n    <Computer>DESKTOP-A8CALR3</Computer>\n    <Security UserID=\"S-1-5-21-1402826787-2759305201-2932496751-1001\">\n    </Security>\n  </System>\n  <UserData>\n    <DroppedLeakDiagnosisEventInfo xmlns=\"http://www.microsoft.com/Windows/Resource/Exhaustion/Resolver/Event\">\n      <ProcessImageName>SkypeApp.exe</ProcessImageName>\n      <ProcessId>3596</ProcessId>\n      <ProcessCreationTime>2022-02-07T14:16:32.778745Z</ProcessCreationTime>\n      <DropReasonCode>16</DropReasonCode>\n    </DroppedLeakDiagnosisEventInfo>\n  </UserData>\n</Event>\n",
  "json": "{\"Event\":{\"#attributes\":{\"xmlns\":\"http://schemas.microsoft.com/win/2004/08/events/event\"},\"System\":{\"Provider\":{\"#attributes\":{\"Name\":\"Microsoft-Windows-Resource-Exhaustion-Resolver\",\"Guid\":\"91F5FB12-FDEA-4095-85D5-614B495CD9DE\"}},\"EventID\":1014,\"Version\":0,\"Level\":4,\"Task\":5,\"Opcode\":41,\"Keywords\":\"0x8000000000004000\",\"TimeCreated\":{\"#attributes\":{\"SystemTime\":\"2022-02-07T15:17:05.145188Z\"}},\"EventRecordID\":3,\"Correlation\":{\"#attributes\":{\"ActivityID\":\"5C915B73-CA9A-4EA3-970A-709F2F34361E\"}},\"Execution\":{\"#attributes\":{\"ProcessID\":6696,\"ThreadID\":5128}},\"Channel\":\"Microsoft-Windows-Resource-Exhaustion-Resolver/Operational\",\"Computer\":\"DESKTOP-A8CALR3\",\"Security\":{\"#attributes\":{\"UserID\":\"S-1-5-21-1402826787-2759305201-2932496751-1001\"}}},\"UserData\":{\"DroppedLeakDiagnosisEventInfo\":{\"#attributes\":{\"xmlns\":\"http://www.microsoft.com/Windows/Resource/Exhaustion/Resolver/Event\"},\"ProcessImageName\":\"SkypeApp.exe\",\"ProcessId\":3596,\"ProcessCreationTime\":\"2022-02-07T14:16:32.778745Z\",\"DropReasonCode\":16}}}}",
  "xml_fields": {
    "provider": "Microsoft-Windows-Resource-Exhaustion-Resolver",
    "event_id": "1014",
    "timestamp": "2022-02-07T15:17:05.145188Z",
    "event_record_id": "3",
    "level": "4",
    "task": "5",
    "opcode": "41",
    "keywords": "0x8000000000004000",
    "channel": "Microsoft-Windows-Resource-Exhaustion-Resolver/Operational",
    "computer": "DESKTOP-A8CALR3",
    "ProcessImageName": "SkypeApp.exe",
    "ProcessId": "3596",
    "ProcessCreationTime": "2022-02-07T14:16:32.778745Z",
    "DropReasonCode": "16"
  },
  "json_fields": {
    "provider": "Microsoft-Windows-Resource-Exhaustion-Resolver",
    "channel": "Microsoft-Windows-Resource-Exhaustion-Resolver/Operational",
    "event_id": "1014",
    "timestamp": "2022-02-07T15:17:05.145188Z",
    "event_record_id": "3",
    "level": "4",
    "task": "5",
    "opcode": "41",
    "keywords": "0x8000000000004000",
    "computer": "DESKTOP-A8CALR3",
    "ProcessImageName": "SkypeApp.exe",
    "ProcessId": "3596",
    "ProcessCreationTime": "2022-02-07T14:16:32.778745Z",
    "DropReasonCode": "16"
  }
}