{
  "event_id": "1015",
  "provider": "Microsoft-Windows-ReadyBoost",
  "channel": "Microsoft-Windows-ReadyBoost/Operational",
  "source_file": "D:\\visual code file\\Project_4\\Event-Analyzer\\test\\Benign\\Logs_Client\\Microsoft-Windows-ReadyBoost%4Operational.evtx",
  "event_record_id": 6,
  "xml": "<?xml version=\"1.0\" encoding=\"utf-8\"?>\n<Event xmlns=\"http://schemas.microsoft.com/win/2004/08/events/event\">\n  <System>\n    <Provider Name=\"Microsoft-Windows-ReadyBoost\" Guid=\"E6307A09-292C-497E-AAD6-498F68E2B619\">\n    </Provider>\n    <EventID>1015</EventID>\n    <Version>2</Version>\n    <Level>4</Level>\n    <Task>1016</Task>\n    <Opcode>0</Opcode>\n    <Keywords>0x8000000000002000</Keywords>\n    <TimeCreated SystemTime=\"2022-02-07T10:55:23.476788Z\">\n    </TimeCreated>\n    <EventRecordID>6</EventRecordID>\n    <Correlation>\n    </Correlation>\n    <Execution ProcessID=\"412\" ThreadID=\"3920\">\n    </Execution>\n    <Channel>Microsoft-Windows-ReadyBoost/Operational</Channel>\n    <Computer>DESKTOP-A8CALR3</Computer>\n    <Security UserID=\"S-1-5-18\">\n    </Security>\n  </System>\n  <EventData>\n    <Data Name=\"RB_IoReadBytes\">903900672</Data>\n    <Data Name=\"RB_CacheHitBytes\">0</Data>\n    <Data Name=\"RB_PrefetchBytes\">0</Data>\n    <Data Name=\"RB_CacheHitPercentage\">0.0</Data>\n    <Data Name=\"RB_IoReadCount\">34695</Data>\n    <Data Name=\"RB_CacheHitCount\">0</Data>\n    <Data Name=\"RB_PrefetchReadCount\">0</Data>\n    <Data Name=\"RB_PrefetchDiskTimeUs\">0</Data>\n    <Data Name=\"RB_SyncPrefetchIoBytes\">0</Data>\n    <Data Name=\"RB_SyncPrefetchIoCount\">0</Data>\n    <Data Name=\"RB_SyncPhaseDurationUs\">0</Data>\n    <Data Name=\"RB_PostSyncPhasePendCount\">0</Data>\n    <Data Name=\"RB_Flags\">38</Data>\n  </EventData>\n</Event>\n",
  "json": "{\"Event\":{\"#attributes\":{\"xmlns\":\"http://schemas.microsoft.com/win/2004/08/events/event\"},\"System\":{\"Provider\":{\"#attributes\":{\"Name\":\"Microsoft-Windows-ReadyBoost\",\"Guid\":\"E6307A09-292C-497E-AAD6-498F68E2B619\"}},\"EventID\":1015,\"Version\":2,\"Level\":4,\"Task\":1016,\"Opcode\":0,\"Keywords\":\"0x8000000000002000\",\"TimeCreated\":{\"#attributes\":{\"SystemTime\":\"2022-02-07T10:55:23.476788Z\"}},\"EventRecordID\":6,\"Correlation\":null,\"Execution\":{\"#attributes\":{\"ProcessID\":412,\"ThreadID\":3920}},\"Channel\":\"Microsoft-Windows-ReadyBoost/Operational\",\"Computer\":\"DESKTOP-A8CALR3\",\"Security\":{\"#attributes\":{\"UserID\":\"S-1-5-18\"}}},\"EventData\":{\"RB_IoReadBytes\":903900672,\"RB_CacheHitBytes\":0,\"RB_PrefetchBytes\":0,\"RB_CacheHitPercentage\":\"0.0\",\"RB_IoReadCount\":34695,\"RB_CacheHitCount\":0,\"RB_PrefetchReadCount\":0,\"RB_PrefetchDiskTimeUs\":0,\"RB_SyncPrefetchIoBytes\":0,\"RB_SyncPrefetchIoCount\":0,\"RB_SyncPhaseDurationUs\":0,\"RB_PostSyncPhasePendCount\":0,\"RB_Flags\":38}}}",
  "xml_fields": {
    "provider": "Microsoft-Windows-ReadyBoost",
    "event_id": "1015",
    "timestamp": "2022-02-07T10:55:23.476788Z",
    "event_record_id": "6",
    "level": "4",
    "task": "1016",
    "opcode": "0",
    "keywords": "0x8000000000002000",
    "channel": "Microsoft-Windows-ReadyBoost/Operational",
    "computer": "DESKTOP-A8CALR3",
    "RB_IoReadBytes": "903900672",
    "RB_CacheHitBytes": "0",
    "RB_PrefetchBytes": "0",
    "RB_CacheHitPercentage": "0.0",
    "RB_IoReadCount": "34695",
    "RB_CacheHitCount": "0",
    "RB_PrefetchReadCount": "0",
    "RB_PrefetchDiskTimeUs": "0",
    "RB_SyncPrefetchIoBytes": "0",
    "RB_SyncPrefetchIoCount": "0",
    "RB_SyncPhaseDurationUs": "0",
    "RB_PostSyncPhasePendCount": "0",
    "RB_Flags": "38"
  },
  "json_fields": {
    "provider": "Microsoft-Windows-ReadyBoost",
    "channel": "Microsoft-Windows-ReadyBoost/Operational",
    "event_id": "1015",
    "timestamp": "2022-02-07T10:55:23.476788Z",
    "event_record_id": "6",
    "level": "4",
    "task": "1016",
    "opcode": "0",
    "keywords": "0x8000000000002000",
    "computer": "DESKTOP-A8CALR3",
    "RB_IoReadBytes": "903900672",
    "RB_CacheHitBytes": "0",
    "RB_PrefetchBytes": "0",
    "RB_CacheHitPercentage": "0.0",
    "RB_IoReadCount": "34695",
    "RB_CacheHitCount": "0",
    "RB_PrefetchReadCount": "0",
    "RB_PrefetchDiskTimeUs": "0",
    "RB_SyncPrefetchIoBytes": "0",
    "RB_SyncPrefetchIoCount": "0",
    "RB_SyncPhaseDurationUs": "0",
    "RB_PostSyncPhasePendCount": "0",
    "RB_Flags": "38"
  }
}