{
  "event_id": "10154",
  "provider": "Microsoft-Windows-WinRM",
  "channel": "System",
  "source_file": "D:\\visual code file\\Project_4\\Event-Analyzer\\test\\Benign\\Win2022-AD\\System.evtx",
  "event_record_id": 729,
  "xml": "<?xml version=\"1.0\" encoding=\"utf-8\"?>\n<Event xmlns=\"http://schemas.microsoft.com/win/2004/08/events/event\">\n  <System>\n    <Provider Name=\"Microsoft-Windows-WinRM\" Guid=\"{A7975C8F-AC13-49F1-87DA-5A984A4AB417}\" EventSourceName=\"WinRM\">\n    </Provider>\n    <EventID Qualifiers=\"7\">10154</EventID>\n    <Version>0</Version>\n    <Level>3</Level>\n    <Task>0</Task>\n    <Opcode>0</Opcode>\n    <Keywords>0x80000000000000</Keywords>\n    <TimeCreated SystemTime=\"2022-04-07T08:14:55.575381Z\">\n    </TimeCreated>\n    <EventRecordID>729</EventRecordID>\n    <Correlation>\n    </Correlation>\n    <Execution ProcessID=\"0\" ThreadID=\"0\">\n    </Execution>\n    <Channel>System</Channel>\n    <Computer>WIN-FPV0DSIC9O6.sigma.fr</Computer>\n    <Security>\n    </Security>\n  </System>\n  <EventData>\n    <Data Name=\"spn1\">WSMAN/WIN-FPV0DSIC9O6.sigma.fr</Data>\n    <Data Name=\"spn2\">WSMAN/WIN-FPV0DSIC9O6</Data>\n    <Data Name=\"error\">1355</Data>\n  </EventData>\n</Event>\n",
  "json": "{\"Event\":{\"#attributes\":{\"xmlns\":\"http://schemas.microsoft.com/win/2004/08/events/event\"},\"System\":{\"Provider\":{\"#attributes\":{\"Name\":\"Microsoft-Windows-WinRM\",\"Guid\":\"{A7975C8F-AC13-49F1-87DA-5A984A4AB417}\",\"EventSourceName\":\"WinRM\"}},\"EventID\":{\"#attributes\":{\"Qualifiers\":7},\"#text\":10154},\"Version\":0,\"Level\":3,\"Task\":0,\"Opcode\":0,\"Keywords\":\"0x80000000000000\",\"TimeCreated\":{\"#attributes\":{\"SystemTime\":\"2022-04-07T08:14:55.575381Z\"}},\"EventRecordID\":729,\"Correlation\":null,\"Execution\":{\"#attributes\":{\"ProcessID\":0,\"ThreadID\":0}},\"Channel\":\"System\",\"Computer\":\"WIN-FPV0DSIC9O6.sigma.fr\",\"Security\":null},\"EventData\":{\"spn1\":\"WSMAN/WIN-FPV0DSIC9O6.sigma.fr\",\"spn2\":\"WSMAN/WIN-FPV0DSIC9O6\",\"error\":\"1355\"}}}",
  "xml_fields": {
    "provider": "Microsoft-Windows-WinRM",
    "event_id": "10154",
    "timestamp": "2022-04-07T08:14:55.575381Z",
    "event_record_id": "729",
    "level": "3",
    "task": "0",
    "opcode": "0",
    "keywords": "0x80000000000000",
    "channel": "System",
    "computer": "WIN-FPV0DSIC9O6.sigma.fr",
    "spn1": "WSMAN/WIN-FPV0DSIC9O6.sigma.fr",
    "spn2": "WSMAN/WIN-FPV0DSIC9O6",
    "error": "1355"
  },
  "json_fields": {
    "provider": "Microsoft-Windows-WinRM",
    "channel": "System",
    "event_id": "10154",
    "timestamp": "2022-04-07T08:14:55.575381Z",
    "event_record_id": "729",
    "level": "3",
    "task": "0",
    "opcode": "0",
    "keywords": "0x80000000000000",
    "computer": "WIN-FPV0DSIC9O6.sigma.fr",
    "spn1": "WSMAN/WIN-FPV0DSIC9O6.sigma.fr",
    "spn2": "WSMAN/WIN-FPV0DSIC9O6",
    "error": "1355"
  }
}