{
  "event_id": "1017",
  "provider": "Microsoft-Windows-ReadyBoost",
  "channel": "Microsoft-Windows-ReadyBoost/Operational",
  "source_file": "D:\\visual code file\\Project_4\\Event-Analyzer\\test\\Benign\\Logs_Win11_2023\\Microsoft-Windows-ReadyBoost%4Operational.evtx",
  "event_record_id": 4,
  "xml": "<?xml version=\"1.0\" encoding=\"utf-8\"?>\n<Event xmlns=\"http://schemas.microsoft.com/win/2004/08/events/event\">\n  <System>\n    <Provider Name=\"Microsoft-Windows-ReadyBoost\" Guid=\"E6307A09-292C-497E-AAD6-498F68E2B619\">\n    </Provider>\n    <EventID>1017</EventID>\n    <Version>1</Version>\n    <Level>4</Level>\n    <Task>1019</Task>\n    <Opcode>0</Opcode>\n    <Keywords>0x8000000000004000</Keywords>\n    <TimeCreated SystemTime=\"2023-10-26T04:17:59.788230Z\">\n    </TimeCreated>\n    <EventRecordID>4</EventRecordID>\n    <Correlation>\n    </Correlation>\n    <Execution ProcessID=\"1060\" ThreadID=\"1880\">\n    </Execution>\n    <Channel>Microsoft-Windows-ReadyBoost/Operational</Channel>\n    <Computer>WIN-OQ6R0RVA4NF</Computer>\n    <Security UserID=\"S-1-5-18\">\n    </Security>\n  </System>\n  <EventData>\n    <Data Name=\"DeviceName\">Unknown Unknown</Data>\n  </EventData>\n</Event>\n",
  "json": "{\"Event\":{\"#attributes\":{\"xmlns\":\"http://schemas.microsoft.com/win/2004/08/events/event\"},\"System\":{\"Provider\":{\"#attributes\":{\"Name\":\"Microsoft-Windows-ReadyBoost\",\"Guid\":\"E6307A09-292C-497E-AAD6-498F68E2B619\"}},\"EventID\":1017,\"Version\":1,\"Level\":4,\"Task\":1019,\"Opcode\":0,\"Keywords\":\"0x8000000000004000\",\"TimeCreated\":{\"#attributes\":{\"SystemTime\":\"2023-10-26T04:17:59.788230Z\"}},\"EventRecordID\":4,\"Correlation\":null,\"Execution\":{\"#attributes\":{\"ProcessID\":1060,\"ThreadID\":1880}},\"Channel\":\"Microsoft-Windows-ReadyBoost/Operational\",\"Computer\":\"WIN-OQ6R0RVA4NF\",\"Security\":{\"#attributes\":{\"UserID\":\"S-1-5-18\"}}},\"EventData\":{\"DeviceName\":\"Unknown Unknown\"}}}",
  "xml_fields": {
    "provider": "Microsoft-Windows-ReadyBoost",
    "event_id": "1017",
    "timestamp": "2023-10-26T04:17:59.788230Z",
    "event_record_id": "4",
    "level": "4",
    "task": "1019",
    "opcode": "0",
    "keywords": "0x8000000000004000",
    "channel": "Microsoft-Windows-ReadyBoost/Operational",
    "computer": "WIN-OQ6R0RVA4NF",
    "DeviceName": "Unknown Unknown"
  },
  "json_fields": {
    "provider": "Microsoft-Windows-ReadyBoost",
    "channel": "Microsoft-Windows-ReadyBoost/Operational",
    "event_id": "1017",
    "timestamp": "2023-10-26T04:17:59.788230Z",
    "event_record_id": "4",
    "level": "4",
    "task": "1019",
    "opcode": "0",
    "keywords": "0x8000000000004000",
    "computer": "WIN-OQ6R0RVA4NF",
    "DeviceName": "Unknown Unknown"
  }
}