{
  "event_id": "1018",
  "provider": "Microsoft-Windows-ReadyBoost",
  "channel": "Microsoft-Windows-ReadyBoost/Operational",
  "source_file": "D:\\visual code file\\Project_4\\Event-Analyzer\\test\\Benign\\Logs_Client\\Microsoft-Windows-ReadyBoost%4Operational.evtx",
  "event_record_id": 14,
  "xml": "<?xml version=\"1.0\" encoding=\"utf-8\"?>\n<Event xmlns=\"http://schemas.microsoft.com/win/2004/08/events/event\">\n  <System>\n    <Provider Name=\"Microsoft-Windows-ReadyBoost\" Guid=\"E6307A09-292C-497E-AAD6-498F68E2B619\">\n    </Provider>\n    <EventID>1018</EventID>\n    <Version>1</Version>\n    <Level>4</Level>\n    <Task>1016</Task>\n    <Opcode>0</Opcode>\n    <Keywords>0x8000000000002000</Keywords>\n    <TimeCreated SystemTime=\"2022-02-07T15:18:27.612358Z\">\n    </TimeCreated>\n    <EventRecordID>14</EventRecordID>\n    <Correlation>\n    </Correlation>\n    <Execution ProcessID=\"1008\" ThreadID=\"1832\">\n    </Execution>\n    <Channel>Microsoft-Windows-ReadyBoost/Operational</Channel>\n    <Computer>DESKTOP-A8CALR3</Computer>\n    <Security UserID=\"S-1-5-18\">\n    </Security>\n  </System>\n  <EventData>\n    <Data Name=\"DiskAssessmentTimestamp\">2022-02-07T16:18:25.856868Z</Data>\n    <Data Name=\"ErrorCode\">0</Data>\n    <Data Name=\"Duration (ms)\">1734</Data>\n  </EventData>\n</Event>\n",
  "json": "{\"Event\":{\"#attributes\":{\"xmlns\":\"http://schemas.microsoft.com/win/2004/08/events/event\"},\"System\":{\"Provider\":{\"#attributes\":{\"Name\":\"Microsoft-Windows-ReadyBoost\",\"Guid\":\"E6307A09-292C-497E-AAD6-498F68E2B619\"}},\"EventID\":1018,\"Version\":1,\"Level\":4,\"Task\":1016,\"Opcode\":0,\"Keywords\":\"0x8000000000002000\",\"TimeCreated\":{\"#attributes\":{\"SystemTime\":\"2022-02-07T15:18:27.612358Z\"}},\"EventRecordID\":14,\"Correlation\":null,\"Execution\":{\"#attributes\":{\"ProcessID\":1008,\"ThreadID\":1832}},\"Channel\":\"Microsoft-Windows-ReadyBoost/Operational\",\"Computer\":\"DESKTOP-A8CALR3\",\"Security\":{\"#attributes\":{\"UserID\":\"S-1-5-18\"}}},\"EventData\":{\"DiskAssessmentTimestamp\":\"2022-02-07T16:18:25.856868Z\",\"ErrorCode\":0,\"Duration (ms)\":1734}}}",
  "xml_fields": {
    "provider": "Microsoft-Windows-ReadyBoost",
    "event_id": "1018",
    "timestamp": "2022-02-07T15:18:27.612358Z",
    "event_record_id": "14",
    "level": "4",
    "task": "1016",
    "opcode": "0",
    "keywords": "0x8000000000002000",
    "channel": "Microsoft-Windows-ReadyBoost/Operational",
    "computer": "DESKTOP-A8CALR3",
    "DiskAssessmentTimestamp": "2022-02-07T16:18:25.856868Z",
    "ErrorCode": "0",
    "Duration (ms)": "1734"
  },
  "json_fields": {
    "provider": "Microsoft-Windows-ReadyBoost",
    "channel": "Microsoft-Windows-ReadyBoost/Operational",
    "event_id": "1018",
    "timestamp": "2022-02-07T15:18:27.612358Z",
    "event_record_id": "14",
    "level": "4",
    "task": "1016",
    "opcode": "0",
    "keywords": "0x8000000000002000",
    "computer": "DESKTOP-A8CALR3",
    "DiskAssessmentTimestamp": "2022-02-07T16:18:25.856868Z",
    "ErrorCode": "0",
    "Duration (ms)": "1734"
  }
}