{
  "event_id": "101",
  "provider": "Microsoft-Windows-Kernel-Cache",
  "channel": "Microsoft-Windows-Kernel-Cache/Operational",
  "source_file": "D:\\visual code file\\Project_4\\Event-Analyzer\\test\\Benign\\Logs_Win11\\Microsoft-Windows-Kernel-Cache%4Operational.evtx",
  "event_record_id": 1,
  "xml": "<?xml version=\"1.0\" encoding=\"utf-8\"?>\n<Event xmlns=\"http://schemas.microsoft.com/win/2004/08/events/event\">\n  <System>\n    <Provider Name=\"Microsoft-Windows-Kernel-Cache\" Guid=\"A2D34BF1-70AB-5B21-C819-5A0DD42748FD\">\n    </Provider>\n    <EventID>101</EventID>\n    <Version>0</Version>\n    <Level>4</Level>\n    <Task>101</Task>\n    <Opcode>0</Opcode>\n    <Keywords>0x8000000000000000</Keywords>\n    <TimeCreated SystemTime=\"2022-03-01T16:42:05.519247Z\">\n    </TimeCreated>\n    <EventRecordID>1</EventRecordID>\n    <Correlation>\n    </Correlation>\n    <Execution ProcessID=\"4\" ThreadID=\"196\">\n    </Execution>\n    <Channel>Microsoft-Windows-Kernel-Cache/Operational</Channel>\n    <Computer>WIN-KPO4DDU11AB</Computer>\n    <Security UserID=\"S-1-5-18\">\n    </Security>\n  </System>\n  <EventData>\n    <Data Name=\"VolumeDeviceGuid\">4A4B25B1-8AA6-412B-8C46-2E87F31C2941</Data>\n  </EventData>\n</Event>\n",
  "json": "{\"Event\":{\"#attributes\":{\"xmlns\":\"http://schemas.microsoft.com/win/2004/08/events/event\"},\"System\":{\"Provider\":{\"#attributes\":{\"Name\":\"Microsoft-Windows-Kernel-Cache\",\"Guid\":\"A2D34BF1-70AB-5B21-C819-5A0DD42748FD\"}},\"EventID\":101,\"Version\":0,\"Level\":4,\"Task\":101,\"Opcode\":0,\"Keywords\":\"0x8000000000000000\",\"TimeCreated\":{\"#attributes\":{\"SystemTime\":\"2022-03-01T16:42:05.519247Z\"}},\"EventRecordID\":1,\"Correlation\":null,\"Execution\":{\"#attributes\":{\"ProcessID\":4,\"ThreadID\":196}},\"Channel\":\"Microsoft-Windows-Kernel-Cache/Operational\",\"Computer\":\"WIN-KPO4DDU11AB\",\"Security\":{\"#attributes\":{\"UserID\":\"S-1-5-18\"}}},\"EventData\":{\"VolumeDeviceGuid\":\"4A4B25B1-8AA6-412B-8C46-2E87F31C2941\"}}}",
  "xml_fields": {
    "provider": "Microsoft-Windows-Kernel-Cache",
    "event_id": "101",
    "timestamp": "2022-03-01T16:42:05.519247Z",
    "event_record_id": "1",
    "level": "4",
    "task": "101",
    "opcode": "0",
    "keywords": "0x8000000000000000",
    "channel": "Microsoft-Windows-Kernel-Cache/Operational",
    "computer": "WIN-KPO4DDU11AB",
    "VolumeDeviceGuid": "4A4B25B1-8AA6-412B-8C46-2E87F31C2941"
  },
  "json_fields": {
    "provider": "Microsoft-Windows-Kernel-Cache",
    "channel": "Microsoft-Windows-Kernel-Cache/Operational",
    "event_id": "101",
    "timestamp": "2022-03-01T16:42:05.519247Z",
    "event_record_id": "1",
    "level": "4",
    "task": "101",
    "opcode": "0",
    "keywords": "0x8000000000000000",
    "computer": "WIN-KPO4DDU11AB",
    "VolumeDeviceGuid": "4A4B25B1-8AA6-412B-8C46-2E87F31C2941"
  }
}