{
  "event_id": "101",
  "provider": "Microsoft-Windows-Diagnostics-Performance",
  "channel": "Microsoft-Windows-Diagnostics-Performance/Operational",
  "source_file": "D:\\visual code file\\Project_4\\Event-Analyzer\\test\\Logs\\Microsoft-Windows-Diagnostics-Performance%4Operational.evtx",
  "event_record_id": 15,
  "xml": "<?xml version=\"1.0\" encoding=\"utf-8\"?>\n<Event xmlns=\"http://schemas.microsoft.com/win/2004/08/events/event\">\n  <System>\n    <Provider Name=\"Microsoft-Windows-Diagnostics-Performance\" Guid=\"CFC18EC0-96B1-4EBA-961B-622CAEE05B0A\">\n    </Provider>\n    <EventID>101</EventID>\n    <Version>1</Version>\n    <Level>3</Level>\n    <Task>4002</Task>\n    <Opcode>33</Opcode>\n    <Keywords>0x8000000000010000</Keywords>\n    <TimeCreated SystemTime=\"2025-01-06T12:44:35.905656Z\">\n    </TimeCreated>\n    <EventRecordID>15</EventRecordID>\n    <Correlation ActivityID=\"704B402E-6038-0002-8F49-4B703860DB01\">\n    </Correlation>\n    <Execution ProcessID=\"2848\" ThreadID=\"3360\">\n    </Execution>\n    <Channel>Microsoft-Windows-Diagnostics-Performance/Operational</Channel>\n    <Computer>cyberjunkie-test</Computer>\n    <Security UserID=\"S-1-5-19\">\n    </Security>\n  </System>\n  <EventData>\n    <Data Name=\"StartTime\">2025-01-06T12:42:25.597649Z</Data>\n    <Data Name=\"NameLength\">12</Data>\n    <Data Name=\"Name\">MsMpEng.exe</Data>\n    <Data Name=\"FriendlyNameLength\">31</Data>\n    <Data Name=\"FriendlyName\">Antimalware Service Executable</Data>\n    <Data Name=\"VersionLength\">35</Data>\n    <Data Name=\"Version\">4.18.1909.6 (WinBuild.160101.0800)</Data>\n    <Data Name=\"TotalTime\">5052</Data>\n    <Data Name=\"DegradationTime\">52</Data>\n    <Data Name=\"PathLength\">46</Data>\n    <Data Name=\"Path\">C:\\Program Files\\Windows Defender\\MsMpEng.exe</Data>\n    <Data Name=\"ProductNameLength\">37</Data>\n    <Data Name=\"ProductName\">Microsoft\u00ae Windows\u00ae Operating System</Data>\n    <Data Name=\"CompanyNameLength\">22</Data>\n    <Data Name=\"CompanyName\">Microsoft Corporation</Data>\n  </EventData>\n</Event>\n",
  "json": "{\"Event\":{\"#attributes\":{\"xmlns\":\"http://schemas.microsoft.com/win/2004/08/events/event\"},\"System\":{\"Provider\":{\"#attributes\":{\"Name\":\"Microsoft-Windows-Diagnostics-Performance\",\"Guid\":\"CFC18EC0-96B1-4EBA-961B-622CAEE05B0A\"}},\"EventID\":101,\"Version\":1,\"Level\":3,\"Task\":4002,\"Opcode\":33,\"Keywords\":\"0x8000000000010000\",\"TimeCreated\":{\"#attributes\":{\"SystemTime\":\"2025-01-06T12:44:35.905656Z\"}},\"EventRecordID\":15,\"Correlation\":{\"#attributes\":{\"ActivityID\":\"704B402E-6038-0002-8F49-4B703860DB01\"}},\"Execution\":{\"#attributes\":{\"ProcessID\":2848,\"ThreadID\":3360}},\"Channel\":\"Microsoft-Windows-Diagnostics-Performance/Operational\",\"Computer\":\"cyberjunkie-test\",\"Security\":{\"#attributes\":{\"UserID\":\"S-1-5-19\"}}},\"EventData\":{\"StartTime\":\"2025-01-06T12:42:25.597649Z\",\"NameLength\":12,\"Name\":\"MsMpEng.exe\",\"FriendlyNameLength\":31,\"FriendlyName\":\"Antimalware Service Executable\",\"VersionLength\":35,\"Version\":\"4.18.1909.6 (WinBuild.160101.0800)\",\"TotalTime\":5052,\"DegradationTime\":52,\"PathLength\":46,\"Path\":\"C:\\\\Program Files\\\\Windows Defender\\\\MsMpEng.exe\",\"ProductNameLength\":37,\"ProductName\":\"Microsoft\u00ae Windows\u00ae Operating System\",\"CompanyNameLength\":22,\"CompanyName\":\"Microsoft Corporation\"}}}",
  "xml_fields": {
    "provider": "Microsoft-Windows-Diagnostics-Performance",
    "event_id": "101",
    "timestamp": "2025-01-06T12:44:35.905656Z",
    "event_record_id": "15",
    "level": "3",
    "task": "4002",
    "opcode": "33",
    "keywords": "0x8000000000010000",
    "channel": "Microsoft-Windows-Diagnostics-Performance/Operational",
    "computer": "cyberjunkie-test",
    "StartTime": "2025-01-06T12:42:25.597649Z",
    "NameLength": "12",
    "Name": "MsMpEng.exe",
    "FriendlyNameLength": "31",
    "FriendlyName": "Antimalware Service Executable",
    "VersionLength": "35",
    "Version": "4.18.1909.6 (WinBuild.160101.0800)",
    "TotalTime": "5052",
    "DegradationTime": "52",
    "PathLength": "46",
    "Path": "C:\\Program Files\\Windows Defender\\MsMpEng.exe",
    "ProductNameLength": "37",
    "ProductName": "Microsoft\u00ae Windows\u00ae Operating System",
    "CompanyNameLength": "22",
    "CompanyName": "Microsoft Corporation"
  },
  "json_fields": {
    "provider": "Microsoft-Windows-Diagnostics-Performance",
    "channel": "Microsoft-Windows-Diagnostics-Performance/Operational",
    "event_id": "101",
    "timestamp": "2025-01-06T12:44:35.905656Z",
    "event_record_id": "15",
    "level": "3",
    "task": "4002",
    "opcode": "33",
    "keywords": "0x8000000000010000",
    "computer": "cyberjunkie-test",
    "StartTime": "2025-01-06T12:42:25.597649Z",
    "NameLength": "12",
    "Name": "MsMpEng.exe",
    "FriendlyNameLength": "31",
    "FriendlyName": "Antimalware Service Executable",
    "VersionLength": "35",
    "Version": "4.18.1909.6 (WinBuild.160101.0800)",
    "TotalTime": "5052",
    "DegradationTime": "52",
    "PathLength": "46",
    "Path": "C:\\Program Files\\Windows Defender\\MsMpEng.exe",
    "ProductNameLength": "37",
    "ProductName": "Microsoft\u00ae Windows\u00ae Operating System",
    "CompanyNameLength": "22",
    "CompanyName": "Microsoft Corporation"
  }
}