{
  "event_id": "101",
  "provider": "Microsoft-Windows-CoreSystem-SmsRouter",
  "channel": "Microsoft-Windows-CoreSystem-SmsRouter-Events/Operational",
  "source_file": "D:\\visual code file\\Project_4\\Event-Analyzer\\test\\Logs\\Microsoft-Windows-CoreSystem-SmsRouter-Events%4Operational.evtx",
  "event_record_id": 4,
  "xml": "<?xml version=\"1.0\" encoding=\"utf-8\"?>\n<Event xmlns=\"http://schemas.microsoft.com/win/2004/08/events/event\">\n  <System>\n    <Provider Name=\"Microsoft-Windows-CoreSystem-SmsRouter\" Guid=\"A9C11050-9E93-4FA4-8FE0-7C4750A345B2\">\n    </Provider>\n    <EventID>101</EventID>\n    <Version>0</Version>\n    <Level>4</Level>\n    <Task>1</Task>\n    <Opcode>2</Opcode>\n    <Keywords>0x8000000000000002</Keywords>\n    <TimeCreated SystemTime=\"2024-11-04T12:38:02.571000Z\">\n    </TimeCreated>\n    <EventRecordID>4</EventRecordID>\n    <Correlation>\n    </Correlation>\n    <Execution ProcessID=\"5332\" ThreadID=\"1020\">\n    </Execution>\n    <Channel>Microsoft-Windows-CoreSystem-SmsRouter-Events/Operational</Channel>\n    <Computer>DESKTOP-P9H5FTA</Computer>\n    <Security UserID=\"S-1-5-19\">\n    </Security>\n  </System>\n  <EventData>\n  </EventData>\n</Event>\n",
  "json": "{\"Event\":{\"#attributes\":{\"xmlns\":\"http://schemas.microsoft.com/win/2004/08/events/event\"},\"System\":{\"Provider\":{\"#attributes\":{\"Name\":\"Microsoft-Windows-CoreSystem-SmsRouter\",\"Guid\":\"A9C11050-9E93-4FA4-8FE0-7C4750A345B2\"}},\"EventID\":101,\"Version\":0,\"Level\":4,\"Task\":1,\"Opcode\":2,\"Keywords\":\"0x8000000000000002\",\"TimeCreated\":{\"#attributes\":{\"SystemTime\":\"2024-11-04T12:38:02.571000Z\"}},\"EventRecordID\":4,\"Correlation\":null,\"Execution\":{\"#attributes\":{\"ProcessID\":5332,\"ThreadID\":1020}},\"Channel\":\"Microsoft-Windows-CoreSystem-SmsRouter-Events/Operational\",\"Computer\":\"DESKTOP-P9H5FTA\",\"Security\":{\"#attributes\":{\"UserID\":\"S-1-5-19\"}}},\"EventData\":null}}",
  "xml_fields": {
    "provider": "Microsoft-Windows-CoreSystem-SmsRouter",
    "event_id": "101",
    "timestamp": "2024-11-04T12:38:02.571000Z",
    "event_record_id": "4",
    "level": "4",
    "task": "1",
    "opcode": "2",
    "keywords": "0x8000000000000002",
    "channel": "Microsoft-Windows-CoreSystem-SmsRouter-Events/Operational",
    "computer": "DESKTOP-P9H5FTA"
  },
  "json_fields": {
    "provider": "Microsoft-Windows-CoreSystem-SmsRouter",
    "channel": "Microsoft-Windows-CoreSystem-SmsRouter-Events/Operational",
    "event_id": "101",
    "timestamp": "2024-11-04T12:38:02.571000Z",
    "event_record_id": "4",
    "level": "4",
    "task": "1",
    "opcode": "2",
    "keywords": "0x8000000000000002",
    "computer": "DESKTOP-P9H5FTA"
  }
}