{
  "event_id": "101",
  "provider": "Microsoft-Windows-Hyper-V-Guest-Drivers-Dynamic-Memory",
  "channel": "Microsoft-Windows-Hyper-V-Guest-Drivers/Admin",
  "source_file": "D:\\visual code file\\Project_4\\Event-Analyzer\\test\\Benign\\win2022-0-20348-azure\\Microsoft-Windows-Hyper-V-Guest-Drivers%4Admin.evtx",
  "event_record_id": 1,
  "xml": "<?xml version=\"1.0\" encoding=\"utf-8\"?>\n<Event xmlns=\"http://schemas.microsoft.com/win/2004/08/events/event\">\n  <System>\n    <Provider Name=\"Microsoft-Windows-Hyper-V-Guest-Drivers-Dynamic-Memory\" Guid=\"BA2FFB5C-E20A-4FB9-91B4-45F61B4B66A0\">\n    </Provider>\n    <EventID>101</EventID>\n    <Version>0</Version>\n    <Level>4</Level>\n    <Task>0</Task>\n    <Opcode>0</Opcode>\n    <Keywords>0x800000000000000</Keywords>\n    <TimeCreated SystemTime=\"2022-09-08T21:00:25.883224Z\">\n    </TimeCreated>\n    <EventRecordID>1</EventRecordID>\n    <Correlation>\n    </Correlation>\n    <Execution ProcessID=\"4\" ThreadID=\"312\">\n    </Execution>\n    <Channel>Microsoft-Windows-Hyper-V-Guest-Drivers/Admin</Channel>\n    <Computer>WIN-06FB45IHQ35</Computer>\n    <Security UserID=\"S-1-5-18\">\n    </Security>\n  </System>\n  <EventData>\n    <Data Name=\"HighestHotAddPage\">0x2ffffffff</Data>\n    <Data Name=\"MinPageCount\">0</Data>\n    <Data Name=\"IsHighestPageDetermined\">false</Data>\n    <Data Name=\"SupportsHotAdd\">true</Data>\n    <Data Name=\"SupportsHotRemove\">true</Data>\n    <Data Name=\"SupportsContiguousAllocations\">true</Data>\n    <Data Name=\"SupportsFastContiguousAllocations\">true</Data>\n    <Data Name=\"SupportsHugePageAllocations\">true</Data>\n  </EventData>\n</Event>\n",
  "json": "{\"Event\":{\"#attributes\":{\"xmlns\":\"http://schemas.microsoft.com/win/2004/08/events/event\"},\"System\":{\"Provider\":{\"#attributes\":{\"Name\":\"Microsoft-Windows-Hyper-V-Guest-Drivers-Dynamic-Memory\",\"Guid\":\"BA2FFB5C-E20A-4FB9-91B4-45F61B4B66A0\"}},\"EventID\":101,\"Version\":0,\"Level\":4,\"Task\":0,\"Opcode\":0,\"Keywords\":\"0x800000000000000\",\"TimeCreated\":{\"#attributes\":{\"SystemTime\":\"2022-09-08T21:00:25.883224Z\"}},\"EventRecordID\":1,\"Correlation\":null,\"Execution\":{\"#attributes\":{\"ProcessID\":4,\"ThreadID\":312}},\"Channel\":\"Microsoft-Windows-Hyper-V-Guest-Drivers/Admin\",\"Computer\":\"WIN-06FB45IHQ35\",\"Security\":{\"#attributes\":{\"UserID\":\"S-1-5-18\"}}},\"EventData\":{\"HighestHotAddPage\":\"0x2ffffffff\",\"MinPageCount\":0,\"IsHighestPageDetermined\":false,\"SupportsHotAdd\":true,\"SupportsHotRemove\":true,\"SupportsContiguousAllocations\":true,\"SupportsFastContiguousAllocations\":true,\"SupportsHugePageAllocations\":true}}}",
  "xml_fields": {
    "provider": "Microsoft-Windows-Hyper-V-Guest-Drivers-Dynamic-Memory",
    "event_id": "101",
    "timestamp": "2022-09-08T21:00:25.883224Z",
    "event_record_id": "1",
    "level": "4",
    "task": "0",
    "opcode": "0",
    "keywords": "0x800000000000000",
    "channel": "Microsoft-Windows-Hyper-V-Guest-Drivers/Admin",
    "computer": "WIN-06FB45IHQ35",
    "HighestHotAddPage": "0x2ffffffff",
    "MinPageCount": "0",
    "IsHighestPageDetermined": "false",
    "SupportsHotAdd": "true",
    "SupportsHotRemove": "true",
    "SupportsContiguousAllocations": "true",
    "SupportsFastContiguousAllocations": "true",
    "SupportsHugePageAllocations": "true"
  },
  "json_fields": {
    "provider": "Microsoft-Windows-Hyper-V-Guest-Drivers-Dynamic-Memory",
    "channel": "Microsoft-Windows-Hyper-V-Guest-Drivers/Admin",
    "event_id": "101",
    "timestamp": "2022-09-08T21:00:25.883224Z",
    "event_record_id": "1",
    "level": "4",
    "task": "0",
    "opcode": "0",
    "keywords": "0x800000000000000",
    "computer": "WIN-06FB45IHQ35",
    "HighestHotAddPage": "0x2ffffffff",
    "MinPageCount": "0",
    "IsHighestPageDetermined": "False",
    "SupportsHotAdd": "True",
    "SupportsHotRemove": "True",
    "SupportsContiguousAllocations": "True",
    "SupportsFastContiguousAllocations": "True",
    "SupportsHugePageAllocations": "True"
  }
}