{
  "event_id": "1022",
  "provider": "Microsoft-Windows-PushNotifications-Platform",
  "channel": "Microsoft-Windows-PushNotification-Platform/Operational",
  "source_file": "D:\\visual code file\\Project_4\\Event-Analyzer\\test\\Logs\\Microsoft-Windows-PushNotification-Platform%4Operational.evtx",
  "event_record_id": 141,
  "xml": "<?xml version=\"1.0\" encoding=\"utf-8\"?>\n<Event xmlns=\"http://schemas.microsoft.com/win/2004/08/events/event\">\n  <System>\n    <Provider Name=\"Microsoft-Windows-PushNotifications-Platform\" Guid=\"88CD9180-4491-4640-B571-E3BEE2527943\">\n    </Provider>\n    <EventID>1022</EventID>\n    <Version>0</Version>\n    <Level>4</Level>\n    <Task>0</Task>\n    <Opcode>0</Opcode>\n    <Keywords>0x8000000006800100</Keywords>\n    <TimeCreated SystemTime=\"2024-11-04T12:43:19.732355Z\">\n    </TimeCreated>\n    <EventRecordID>141</EventRecordID>\n    <Correlation>\n    </Correlation>\n    <Execution ProcessID=\"2812\" ThreadID=\"3244\">\n    </Execution>\n    <Channel>Microsoft-Windows-PushNotification-Platform/Operational</Channel>\n    <Computer>DESKTOP-P9H5FTA</Computer>\n    <Security UserID=\"S-1-5-18\">\n    </Security>\n  </System>\n  <EventData>\n  </EventData>\n</Event>\n",
  "json": "{\"Event\":{\"#attributes\":{\"xmlns\":\"http://schemas.microsoft.com/win/2004/08/events/event\"},\"System\":{\"Provider\":{\"#attributes\":{\"Name\":\"Microsoft-Windows-PushNotifications-Platform\",\"Guid\":\"88CD9180-4491-4640-B571-E3BEE2527943\"}},\"EventID\":1022,\"Version\":0,\"Level\":4,\"Task\":0,\"Opcode\":0,\"Keywords\":\"0x8000000006800100\",\"TimeCreated\":{\"#attributes\":{\"SystemTime\":\"2024-11-04T12:43:19.732355Z\"}},\"EventRecordID\":141,\"Correlation\":null,\"Execution\":{\"#attributes\":{\"ProcessID\":2812,\"ThreadID\":3244}},\"Channel\":\"Microsoft-Windows-PushNotification-Platform/Operational\",\"Computer\":\"DESKTOP-P9H5FTA\",\"Security\":{\"#attributes\":{\"UserID\":\"S-1-5-18\"}}},\"EventData\":null}}",
  "xml_fields": {
    "provider": "Microsoft-Windows-PushNotifications-Platform",
    "event_id": "1022",
    "timestamp": "2024-11-04T12:43:19.732355Z",
    "event_record_id": "141",
    "level": "4",
    "task": "0",
    "opcode": "0",
    "keywords": "0x8000000006800100",
    "channel": "Microsoft-Windows-PushNotification-Platform/Operational",
    "computer": "DESKTOP-P9H5FTA"
  },
  "json_fields": {
    "provider": "Microsoft-Windows-PushNotifications-Platform",
    "channel": "Microsoft-Windows-PushNotification-Platform/Operational",
    "event_id": "1022",
    "timestamp": "2024-11-04T12:43:19.732355Z",
    "event_record_id": "141",
    "level": "4",
    "task": "0",
    "opcode": "0",
    "keywords": "0x8000000006800100",
    "computer": "DESKTOP-P9H5FTA"
  }
}