{
  "event_id": "1023",
  "provider": "Microsoft-Windows-Perflib",
  "channel": "Application",
  "source_file": "D:\\visual code file\\Project_4\\Event-Analyzer\\test\\Benign\\Win2022-AD\\Application.evtx",
  "event_record_id": 107,
  "xml": "<?xml version=\"1.0\" encoding=\"utf-8\"?>\n<Event xmlns=\"http://schemas.microsoft.com/win/2004/08/events/event\">\n  <System>\n    <Provider Name=\"Microsoft-Windows-Perflib\" Guid=\"13B197BD-7CEE-4B4E-8DD0-59314CE374CE\">\n    </Provider>\n    <EventID>1023</EventID>\n    <Version>1</Version>\n    <Level>2</Level>\n    <Task>0</Task>\n    <Opcode>0</Opcode>\n    <Keywords>0x8000000000000000</Keywords>\n    <TimeCreated SystemTime=\"2022-04-07T08:15:12.496963Z\">\n    </TimeCreated>\n    <EventRecordID>107</EventRecordID>\n    <Correlation>\n    </Correlation>\n    <Execution ProcessID=\"2644\" ThreadID=\"3324\">\n    </Execution>\n    <Channel>Application</Channel>\n    <Computer>WIN-FPV0DSIC9O6.sigma.fr</Computer>\n    <Security UserID=\"S-1-5-18\">\n    </Security>\n  </System>\n  <EventData>\n    <Data Name=\"Library\">C:\\Windows\\system32\\ntdsperf.dll</Data>\n    <Data Name=\"Win32Error\">126</Data>\n  </EventData>\n</Event>\n",
  "json": "{\"Event\":{\"#attributes\":{\"xmlns\":\"http://schemas.microsoft.com/win/2004/08/events/event\"},\"System\":{\"Provider\":{\"#attributes\":{\"Name\":\"Microsoft-Windows-Perflib\",\"Guid\":\"13B197BD-7CEE-4B4E-8DD0-59314CE374CE\"}},\"EventID\":1023,\"Version\":1,\"Level\":2,\"Task\":0,\"Opcode\":0,\"Keywords\":\"0x8000000000000000\",\"TimeCreated\":{\"#attributes\":{\"SystemTime\":\"2022-04-07T08:15:12.496963Z\"}},\"EventRecordID\":107,\"Correlation\":null,\"Execution\":{\"#attributes\":{\"ProcessID\":2644,\"ThreadID\":3324}},\"Channel\":\"Application\",\"Computer\":\"WIN-FPV0DSIC9O6.sigma.fr\",\"Security\":{\"#attributes\":{\"UserID\":\"S-1-5-18\"}}},\"EventData\":{\"Library\":\"C:\\\\Windows\\\\system32\\\\ntdsperf.dll\",\"Win32Error\":126}}}",
  "xml_fields": {
    "provider": "Microsoft-Windows-Perflib",
    "event_id": "1023",
    "timestamp": "2022-04-07T08:15:12.496963Z",
    "event_record_id": "107",
    "level": "2",
    "task": "0",
    "opcode": "0",
    "keywords": "0x8000000000000000",
    "channel": "Application",
    "computer": "WIN-FPV0DSIC9O6.sigma.fr",
    "Library": "C:\\Windows\\system32\\ntdsperf.dll",
    "Win32Error": "126"
  },
  "json_fields": {
    "provider": "Microsoft-Windows-Perflib",
    "channel": "Application",
    "event_id": "1023",
    "timestamp": "2022-04-07T08:15:12.496963Z",
    "event_record_id": "107",
    "level": "2",
    "task": "0",
    "opcode": "0",
    "keywords": "0x8000000000000000",
    "computer": "WIN-FPV0DSIC9O6.sigma.fr",
    "Library": "C:\\Windows\\system32\\ntdsperf.dll",
    "Win32Error": "126"
  }
}