{
  "event_id": "1023",
  "provider": "Microsoft-Windows-PushNotifications-Platform",
  "channel": "Microsoft-Windows-PushNotification-Platform/Operational",
  "source_file": "D:\\visual code file\\Project_4\\Event-Analyzer\\test\\Benign\\Logs_Client\\Microsoft-Windows-PushNotification-Platform%4Operational.evtx",
  "event_record_id": 482,
  "xml": "<?xml version=\"1.0\" encoding=\"utf-8\"?>\n<Event xmlns=\"http://schemas.microsoft.com/win/2004/08/events/event\">\n  <System>\n    <Provider Name=\"Microsoft-Windows-PushNotifications-Platform\" Guid=\"88CD9180-4491-4640-B571-E3BEE2527943\">\n    </Provider>\n    <EventID>1023</EventID>\n    <Version>0</Version>\n    <Level>4</Level>\n    <Task>0</Task>\n    <Opcode>0</Opcode>\n    <Keywords>0x8000000006800100</Keywords>\n    <TimeCreated SystemTime=\"2022-02-07T15:08:58.682544Z\">\n    </TimeCreated>\n    <EventRecordID>482</EventRecordID>\n    <Correlation>\n    </Correlation>\n    <Execution ProcessID=\"944\" ThreadID=\"992\">\n    </Execution>\n    <Channel>Microsoft-Windows-PushNotification-Platform/Operational</Channel>\n    <Computer>DESKTOP-A8CALR3</Computer>\n    <Security UserID=\"S-1-5-18\">\n    </Security>\n  </System>\n  <EventData>\n    <Data Name=\"WorkItemName\">ConnectWork</Data>\n  </EventData>\n</Event>\n",
  "json": "{\"Event\":{\"#attributes\":{\"xmlns\":\"http://schemas.microsoft.com/win/2004/08/events/event\"},\"System\":{\"Provider\":{\"#attributes\":{\"Name\":\"Microsoft-Windows-PushNotifications-Platform\",\"Guid\":\"88CD9180-4491-4640-B571-E3BEE2527943\"}},\"EventID\":1023,\"Version\":0,\"Level\":4,\"Task\":0,\"Opcode\":0,\"Keywords\":\"0x8000000006800100\",\"TimeCreated\":{\"#attributes\":{\"SystemTime\":\"2022-02-07T15:08:58.682544Z\"}},\"EventRecordID\":482,\"Correlation\":null,\"Execution\":{\"#attributes\":{\"ProcessID\":944,\"ThreadID\":992}},\"Channel\":\"Microsoft-Windows-PushNotification-Platform/Operational\",\"Computer\":\"DESKTOP-A8CALR3\",\"Security\":{\"#attributes\":{\"UserID\":\"S-1-5-18\"}}},\"EventData\":{\"WorkItemName\":\"ConnectWork\"}}}",
  "xml_fields": {
    "provider": "Microsoft-Windows-PushNotifications-Platform",
    "event_id": "1023",
    "timestamp": "2022-02-07T15:08:58.682544Z",
    "event_record_id": "482",
    "level": "4",
    "task": "0",
    "opcode": "0",
    "keywords": "0x8000000006800100",
    "channel": "Microsoft-Windows-PushNotification-Platform/Operational",
    "computer": "DESKTOP-A8CALR3",
    "WorkItemName": "ConnectWork"
  },
  "json_fields": {
    "provider": "Microsoft-Windows-PushNotifications-Platform",
    "channel": "Microsoft-Windows-PushNotification-Platform/Operational",
    "event_id": "1023",
    "timestamp": "2022-02-07T15:08:58.682544Z",
    "event_record_id": "482",
    "level": "4",
    "task": "0",
    "opcode": "0",
    "keywords": "0x8000000006800100",
    "computer": "DESKTOP-A8CALR3",
    "WorkItemName": "ConnectWork"
  }
}