{
  "event_id": "1025",
  "provider": "Microsoft-Windows-TPM-WMI",
  "channel": "System",
  "source_file": "D:\\visual code file\\Project_4\\Event-Analyzer\\test\\Benign\\Logs_Win11\\System.evtx",
  "event_record_id": 452,
  "xml": "<?xml version=\"1.0\" encoding=\"utf-8\"?>\n<Event xmlns=\"http://schemas.microsoft.com/win/2004/08/events/event\">\n  <System>\n    <Provider Name=\"Microsoft-Windows-TPM-WMI\" Guid=\"7D5387B0-CBE0-11DA-A94D-0800200C9A66\">\n    </Provider>\n    <EventID>1025</EventID>\n    <Version>0</Version>\n    <Level>4</Level>\n    <Task>0</Task>\n    <Opcode>0</Opcode>\n    <Keywords>0x8000000000000000</Keywords>\n    <TimeCreated SystemTime=\"2022-03-01T19:17:49.343667Z\">\n    </TimeCreated>\n    <EventRecordID>452</EventRecordID>\n    <Correlation>\n    </Correlation>\n    <Execution ProcessID=\"2508\" ThreadID=\"2472\">\n    </Execution>\n    <Channel>System</Channel>\n    <Computer>DESKTOP-6D0DBMB</Computer>\n    <Security UserID=\"S-1-5-18\">\n    </Security>\n  </System>\n  <EventData>\n  </EventData>\n</Event>\n",
  "json": "{\"Event\":{\"#attributes\":{\"xmlns\":\"http://schemas.microsoft.com/win/2004/08/events/event\"},\"System\":{\"Provider\":{\"#attributes\":{\"Name\":\"Microsoft-Windows-TPM-WMI\",\"Guid\":\"7D5387B0-CBE0-11DA-A94D-0800200C9A66\"}},\"EventID\":1025,\"Version\":0,\"Level\":4,\"Task\":0,\"Opcode\":0,\"Keywords\":\"0x8000000000000000\",\"TimeCreated\":{\"#attributes\":{\"SystemTime\":\"2022-03-01T19:17:49.343667Z\"}},\"EventRecordID\":452,\"Correlation\":null,\"Execution\":{\"#attributes\":{\"ProcessID\":2508,\"ThreadID\":2472}},\"Channel\":\"System\",\"Computer\":\"DESKTOP-6D0DBMB\",\"Security\":{\"#attributes\":{\"UserID\":\"S-1-5-18\"}}},\"EventData\":null}}",
  "xml_fields": {
    "provider": "Microsoft-Windows-TPM-WMI",
    "event_id": "1025",
    "timestamp": "2022-03-01T19:17:49.343667Z",
    "event_record_id": "452",
    "level": "4",
    "task": "0",
    "opcode": "0",
    "keywords": "0x8000000000000000",
    "channel": "System",
    "computer": "DESKTOP-6D0DBMB"
  },
  "json_fields": {
    "provider": "Microsoft-Windows-TPM-WMI",
    "channel": "System",
    "event_id": "1025",
    "timestamp": "2022-03-01T19:17:49.343667Z",
    "event_record_id": "452",
    "level": "4",
    "task": "0",
    "opcode": "0",
    "keywords": "0x8000000000000000",
    "computer": "DESKTOP-6D0DBMB"
  }
}