{
  "event_id": "1027",
  "provider": "Microsoft-Windows-SMBServer",
  "channel": "Microsoft-Windows-SMBServer/Operational",
  "source_file": "D:\\visual code file\\Project_4\\Event-Analyzer\\test\\Logs\\Microsoft-Windows-SMBServer%4Operational.evtx",
  "event_record_id": 2,
  "xml": "<?xml version=\"1.0\" encoding=\"utf-8\"?>\n<Event xmlns=\"http://schemas.microsoft.com/win/2004/08/events/event\">\n  <System>\n    <Provider Name=\"Microsoft-Windows-SMBServer\" Guid=\"D48CE617-33A2-4BC3-A5C7-11AA4F29619E\">\n    </Provider>\n    <EventID>1027</EventID>\n    <Version>0</Version>\n    <Level>4</Level>\n    <Task>1027</Task>\n    <Opcode>0</Opcode>\n    <Keywords>0x2000000000000008</Keywords>\n    <TimeCreated SystemTime=\"2024-11-05T01:33:10.880748Z\">\n    </TimeCreated>\n    <EventRecordID>2</EventRecordID>\n    <Correlation>\n    </Correlation>\n    <Execution ProcessID=\"2684\" ThreadID=\"2824\">\n    </Execution>\n    <Channel>Microsoft-Windows-SMBServer/Operational</Channel>\n    <Computer>WIN-5LCFHVCO531</Computer>\n    <Security UserID=\"S-1-5-18\">\n    </Security>\n  </System>\n  <UserData>\n    <EventData xmlns=\"Smb2Namespace\">\n    </EventData>\n  </UserData>\n</Event>\n",
  "json": "{\"Event\":{\"#attributes\":{\"xmlns\":\"http://schemas.microsoft.com/win/2004/08/events/event\"},\"System\":{\"Provider\":{\"#attributes\":{\"Name\":\"Microsoft-Windows-SMBServer\",\"Guid\":\"D48CE617-33A2-4BC3-A5C7-11AA4F29619E\"}},\"EventID\":1027,\"Version\":0,\"Level\":4,\"Task\":1027,\"Opcode\":0,\"Keywords\":\"0x2000000000000008\",\"TimeCreated\":{\"#attributes\":{\"SystemTime\":\"2024-11-05T01:33:10.880748Z\"}},\"EventRecordID\":2,\"Correlation\":null,\"Execution\":{\"#attributes\":{\"ProcessID\":2684,\"ThreadID\":2824}},\"Channel\":\"Microsoft-Windows-SMBServer/Operational\",\"Computer\":\"WIN-5LCFHVCO531\",\"Security\":{\"#attributes\":{\"UserID\":\"S-1-5-18\"}}},\"UserData\":{\"EventData\":{\"#attributes\":{\"xmlns\":\"Smb2Namespace\"}}}}}",
  "xml_fields": {
    "provider": "Microsoft-Windows-SMBServer",
    "event_id": "1027",
    "timestamp": "2024-11-05T01:33:10.880748Z",
    "event_record_id": "2",
    "level": "4",
    "task": "1027",
    "opcode": "0",
    "keywords": "0x2000000000000008",
    "channel": "Microsoft-Windows-SMBServer/Operational",
    "computer": "WIN-5LCFHVCO531"
  },
  "json_fields": {
    "provider": "Microsoft-Windows-SMBServer",
    "channel": "Microsoft-Windows-SMBServer/Operational",
    "event_id": "1027",
    "timestamp": "2024-11-05T01:33:10.880748Z",
    "event_record_id": "2",
    "level": "4",
    "task": "1027",
    "opcode": "0",
    "keywords": "0x2000000000000008",
    "computer": "WIN-5LCFHVCO531"
  }
}