{
  "event_id": "102",
  "provider": "Microsoft-Windows-Security-Audit-Configuration-Client",
  "channel": "Microsoft-Windows-Security-Audit-Configuration-Client/Operational",
  "source_file": "D:\\visual code file\\Project_4\\Event-Analyzer\\test\\Benign\\Logs_Win11_2023\\Microsoft-Windows-Security-Audit-Configuration-Client%4Operational.evtx",
  "event_record_id": 1,
  "xml": "<?xml version=\"1.0\" encoding=\"utf-8\"?>\n<Event xmlns=\"http://schemas.microsoft.com/win/2004/08/events/event\">\n  <System>\n    <Provider Name=\"Microsoft-Windows-Security-Audit-Configuration-Client\" Guid=\"08466062-AED4-4834-8B04-CDDB414504E5\">\n    </Provider>\n    <EventID>102</EventID>\n    <Version>0</Version>\n    <Level>4</Level>\n    <Task>0</Task>\n    <Opcode>0</Opcode>\n    <Keywords>0x8000000000000000</Keywords>\n    <TimeCreated SystemTime=\"2023-11-05T22:41:58.185361Z\">\n    </TimeCreated>\n    <EventRecordID>1</EventRecordID>\n    <Correlation ActivityID=\"4ED97AE1-CFAF-4470-B4DB-FC7CCFFE6084\">\n    </Correlation>\n    <Execution ProcessID=\"1132\" ThreadID=\"2268\">\n    </Execution>\n    <Channel>Microsoft-Windows-Security-Audit-Configuration-Client/Operational</Channel>\n    <Computer>WinDev2310Eval</Computer>\n    <Security UserID=\"S-1-5-18\">\n    </Security>\n  </System>\n  <EventData>\n    <Data Name=\"GPOList\">Local Group Policy\n</Data>\n  </EventData>\n</Event>\n",
  "json": "{\"Event\":{\"#attributes\":{\"xmlns\":\"http://schemas.microsoft.com/win/2004/08/events/event\"},\"System\":{\"Provider\":{\"#attributes\":{\"Name\":\"Microsoft-Windows-Security-Audit-Configuration-Client\",\"Guid\":\"08466062-AED4-4834-8B04-CDDB414504E5\"}},\"EventID\":102,\"Version\":0,\"Level\":4,\"Task\":0,\"Opcode\":0,\"Keywords\":\"0x8000000000000000\",\"TimeCreated\":{\"#attributes\":{\"SystemTime\":\"2023-11-05T22:41:58.185361Z\"}},\"EventRecordID\":1,\"Correlation\":{\"#attributes\":{\"ActivityID\":\"4ED97AE1-CFAF-4470-B4DB-FC7CCFFE6084\"}},\"Execution\":{\"#attributes\":{\"ProcessID\":1132,\"ThreadID\":2268}},\"Channel\":\"Microsoft-Windows-Security-Audit-Configuration-Client/Operational\",\"Computer\":\"WinDev2310Eval\",\"Security\":{\"#attributes\":{\"UserID\":\"S-1-5-18\"}}},\"EventData\":{\"GPOList\":\"Local Group Policy\\n\"}}}",
  "xml_fields": {
    "provider": "Microsoft-Windows-Security-Audit-Configuration-Client",
    "event_id": "102",
    "timestamp": "2023-11-05T22:41:58.185361Z",
    "event_record_id": "1",
    "level": "4",
    "task": "0",
    "opcode": "0",
    "keywords": "0x8000000000000000",
    "channel": "Microsoft-Windows-Security-Audit-Configuration-Client/Operational",
    "computer": "WinDev2310Eval",
    "GPOList": "Local Group Policy\n"
  },
  "json_fields": {
    "provider": "Microsoft-Windows-Security-Audit-Configuration-Client",
    "channel": "Microsoft-Windows-Security-Audit-Configuration-Client/Operational",
    "event_id": "102",
    "timestamp": "2023-11-05T22:41:58.185361Z",
    "event_record_id": "1",
    "level": "4",
    "task": "0",
    "opcode": "0",
    "keywords": "0x8000000000000000",
    "computer": "WinDev2310Eval",
    "GPOList": "Local Group Policy\n"
  }
}