{
  "event_id": "102",
  "provider": "Microsoft-Windows-CoreSystem-SmsRouter",
  "channel": "Microsoft-Windows-CoreSystem-SmsRouter-Events/Operational",
  "source_file": "D:\\visual code file\\Project_4\\Event-Analyzer\\test\\Benign\\Logs_Win11\\Microsoft-Windows-CoreSystem-SmsRouter-Events%4Operational.evtx",
  "event_record_id": 3,
  "xml": "<?xml version=\"1.0\" encoding=\"utf-8\"?>\n<Event xmlns=\"http://schemas.microsoft.com/win/2004/08/events/event\">\n  <System>\n    <Provider Name=\"Microsoft-Windows-CoreSystem-SmsRouter\" Guid=\"A9C11050-9E93-4FA4-8FE0-7C4750A345B2\">\n    </Provider>\n    <EventID>102</EventID>\n    <Version>0</Version>\n    <Level>2</Level>\n    <Task>1</Task>\n    <Opcode>0</Opcode>\n    <Keywords>0x8000000000000001</Keywords>\n    <TimeCreated SystemTime=\"2022-03-01T16:44:10.712894Z\">\n    </TimeCreated>\n    <EventRecordID>3</EventRecordID>\n    <Correlation>\n    </Correlation>\n    <Execution ProcessID=\"6960\" ThreadID=\"6980\">\n    </Execution>\n    <Channel>Microsoft-Windows-CoreSystem-SmsRouter-Events/Operational</Channel>\n    <Computer>DESKTOP-6D0DBMB</Computer>\n    <Security UserID=\"S-1-5-19\">\n    </Security>\n  </System>\n  <EventData>\n    <Data Name=\"AnsiStringName\">CSmsDeviceManager::Initialize</Data>\n    <Data Name=\"LineNumber\">1633</Data>\n    <Data Name=\"HResultName\">-2147221005</Data>\n    <Data Name=\"Context\">Failed to load CLSIDFromProgID(\"CellularAPI\"), Ignoring the error</Data>\n  </EventData>\n</Event>\n",
  "json": "{\"Event\":{\"#attributes\":{\"xmlns\":\"http://schemas.microsoft.com/win/2004/08/events/event\"},\"System\":{\"Provider\":{\"#attributes\":{\"Name\":\"Microsoft-Windows-CoreSystem-SmsRouter\",\"Guid\":\"A9C11050-9E93-4FA4-8FE0-7C4750A345B2\"}},\"EventID\":102,\"Version\":0,\"Level\":2,\"Task\":1,\"Opcode\":0,\"Keywords\":\"0x8000000000000001\",\"TimeCreated\":{\"#attributes\":{\"SystemTime\":\"2022-03-01T16:44:10.712894Z\"}},\"EventRecordID\":3,\"Correlation\":null,\"Execution\":{\"#attributes\":{\"ProcessID\":6960,\"ThreadID\":6980}},\"Channel\":\"Microsoft-Windows-CoreSystem-SmsRouter-Events/Operational\",\"Computer\":\"DESKTOP-6D0DBMB\",\"Security\":{\"#attributes\":{\"UserID\":\"S-1-5-19\"}}},\"EventData\":{\"AnsiStringName\":\"CSmsDeviceManager::Initialize\",\"LineNumber\":1633,\"HResultName\":-2147221005,\"Context\":\"Failed to load CLSIDFromProgID(\\\"CellularAPI\\\"), Ignoring the error\"}}}",
  "xml_fields": {
    "provider": "Microsoft-Windows-CoreSystem-SmsRouter",
    "event_id": "102",
    "timestamp": "2022-03-01T16:44:10.712894Z",
    "event_record_id": "3",
    "level": "2",
    "task": "1",
    "opcode": "0",
    "keywords": "0x8000000000000001",
    "channel": "Microsoft-Windows-CoreSystem-SmsRouter-Events/Operational",
    "computer": "DESKTOP-6D0DBMB",
    "AnsiStringName": "CSmsDeviceManager::Initialize",
    "LineNumber": "1633",
    "HResultName": "-2147221005",
    "Context": "Failed to load CLSIDFromProgID(\"CellularAPI\"), Ignoring the error"
  },
  "json_fields": {
    "provider": "Microsoft-Windows-CoreSystem-SmsRouter",
    "channel": "Microsoft-Windows-CoreSystem-SmsRouter-Events/Operational",
    "event_id": "102",
    "timestamp": "2022-03-01T16:44:10.712894Z",
    "event_record_id": "3",
    "level": "2",
    "task": "1",
    "opcode": "0",
    "keywords": "0x8000000000000001",
    "computer": "DESKTOP-6D0DBMB",
    "AnsiStringName": "CSmsDeviceManager::Initialize",
    "LineNumber": "1633",
    "HResultName": "-2147221005",
    "Context": "Failed to load CLSIDFromProgID(\"CellularAPI\"), Ignoring the error"
  }
}