{
  "event_id": "102",
  "provider": "Microsoft-Windows-DirectoryServices-Deployment",
  "channel": "Microsoft-Windows-DirectoryServices-Deployment/Operational",
  "source_file": "D:\\visual code file\\Project_4\\Event-Analyzer\\test\\Benign\\Win2022-AD\\Microsoft-Windows-DirectoryServices-Deployment%4Operational.evtx",
  "event_record_id": 27,
  "xml": "<?xml version=\"1.0\" encoding=\"utf-8\"?>\n<Event xmlns=\"http://schemas.microsoft.com/win/2004/08/events/event\">\n  <System>\n    <Provider Name=\"Microsoft-Windows-DirectoryServices-Deployment\" Guid=\"71B4B0DA-68D5-4925-9F9B-61750F989527\">\n    </Provider>\n    <EventID>102</EventID>\n    <Version>0</Version>\n    <Level>2</Level>\n    <Task>2</Task>\n    <Opcode>0</Opcode>\n    <Keywords>0x4000000000000000</Keywords>\n    <TimeCreated SystemTime=\"2022-04-07T17:09:55.286862Z\">\n    </TimeCreated>\n    <EventRecordID>27</EventRecordID>\n    <Correlation ActivityID=\"DD7B0B6A-4A9E-0000-98A1-7BDD9E4AD801\">\n    </Correlation>\n    <Execution ProcessID=\"1460\" ThreadID=\"1000\">\n    </Execution>\n    <Channel>Microsoft-Windows-DirectoryServices-Deployment/Operational</Channel>\n    <Computer>WIN-FPV0DSIC9O6</Computer>\n    <Security UserID=\"S-1-5-21-2121334350-1110938707-2888912545-500\">\n    </Security>\n  </System>\n  <EventData>\n    <Data Name=\"Prop_UnicodeString\">SelectDeploymentOperationViewModel.ValidateDomainName: Invalid Domain Name</Data>\n  </EventData>\n</Event>\n",
  "json": "{\"Event\":{\"#attributes\":{\"xmlns\":\"http://schemas.microsoft.com/win/2004/08/events/event\"},\"System\":{\"Provider\":{\"#attributes\":{\"Name\":\"Microsoft-Windows-DirectoryServices-Deployment\",\"Guid\":\"71B4B0DA-68D5-4925-9F9B-61750F989527\"}},\"EventID\":102,\"Version\":0,\"Level\":2,\"Task\":2,\"Opcode\":0,\"Keywords\":\"0x4000000000000000\",\"TimeCreated\":{\"#attributes\":{\"SystemTime\":\"2022-04-07T17:09:55.286862Z\"}},\"EventRecordID\":27,\"Correlation\":{\"#attributes\":{\"ActivityID\":\"DD7B0B6A-4A9E-0000-98A1-7BDD9E4AD801\"}},\"Execution\":{\"#attributes\":{\"ProcessID\":1460,\"ThreadID\":1000}},\"Channel\":\"Microsoft-Windows-DirectoryServices-Deployment/Operational\",\"Computer\":\"WIN-FPV0DSIC9O6\",\"Security\":{\"#attributes\":{\"UserID\":\"S-1-5-21-2121334350-1110938707-2888912545-500\"}}},\"EventData\":{\"Prop_UnicodeString\":\"SelectDeploymentOperationViewModel.ValidateDomainName: Invalid Domain Name\"}}}",
  "xml_fields": {
    "provider": "Microsoft-Windows-DirectoryServices-Deployment",
    "event_id": "102",
    "timestamp": "2022-04-07T17:09:55.286862Z",
    "event_record_id": "27",
    "level": "2",
    "task": "2",
    "opcode": "0",
    "keywords": "0x4000000000000000",
    "channel": "Microsoft-Windows-DirectoryServices-Deployment/Operational",
    "computer": "WIN-FPV0DSIC9O6",
    "Prop_UnicodeString": "SelectDeploymentOperationViewModel.ValidateDomainName: Invalid Domain Name"
  },
  "json_fields": {
    "provider": "Microsoft-Windows-DirectoryServices-Deployment",
    "channel": "Microsoft-Windows-DirectoryServices-Deployment/Operational",
    "event_id": "102",
    "timestamp": "2022-04-07T17:09:55.286862Z",
    "event_record_id": "27",
    "level": "2",
    "task": "2",
    "opcode": "0",
    "keywords": "0x4000000000000000",
    "computer": "WIN-FPV0DSIC9O6",
    "Prop_UnicodeString": "SelectDeploymentOperationViewModel.ValidateDomainName: Invalid Domain Name"
  }
}