{
  "event_id": "102",
  "provider": "Microsoft-Windows-Diagnosis-Scripted",
  "channel": "Microsoft-Windows-Diagnosis-Scripted/Operational",
  "source_file": "D:\\visual code file\\Project_4\\Event-Analyzer\\test\\Benign\\win2022-evtx\\Microsoft-Windows-Diagnosis-Scripted%4Operational.evtx",
  "event_record_id": 2,
  "xml": "<?xml version=\"1.0\" encoding=\"utf-8\"?>\n<Event xmlns=\"http://schemas.microsoft.com/win/2004/08/events/event\">\n  <System>\n    <Provider Name=\"Microsoft-Windows-Diagnosis-Scripted\" Guid=\"E1DD7E52-621D-44E3-A1AD-0370C2B25946\">\n    </Provider>\n    <EventID>102</EventID>\n    <Version>0</Version>\n    <Level>4</Level>\n    <Task>0</Task>\n    <Opcode>0</Opcode>\n    <Keywords>0x4000000800000000</Keywords>\n    <TimeCreated SystemTime=\"2022-04-04T07:40:10.131933Z\">\n    </TimeCreated>\n    <EventRecordID>2</EventRecordID>\n    <Correlation>\n    </Correlation>\n    <Execution ProcessID=\"4124\" ThreadID=\"4192\">\n    </Execution>\n    <Channel>Microsoft-Windows-Diagnosis-Scripted/Operational</Channel>\n    <Computer>WIN-TKC15D7KHUR</Computer>\n    <Security UserID=\"S-1-5-21-1958040314-2592322477-2606035944-500\">\n    </Security>\n  </System>\n  <EventData>\n    <Data Name=\"PackagePath\">C:\\Windows\\diagnostics\\scheduled\\Maintenance</Data>\n  </EventData>\n</Event>\n",
  "json": "{\"Event\":{\"#attributes\":{\"xmlns\":\"http://schemas.microsoft.com/win/2004/08/events/event\"},\"System\":{\"Provider\":{\"#attributes\":{\"Name\":\"Microsoft-Windows-Diagnosis-Scripted\",\"Guid\":\"E1DD7E52-621D-44E3-A1AD-0370C2B25946\"}},\"EventID\":102,\"Version\":0,\"Level\":4,\"Task\":0,\"Opcode\":0,\"Keywords\":\"0x4000000800000000\",\"TimeCreated\":{\"#attributes\":{\"SystemTime\":\"2022-04-04T07:40:10.131933Z\"}},\"EventRecordID\":2,\"Correlation\":null,\"Execution\":{\"#attributes\":{\"ProcessID\":4124,\"ThreadID\":4192}},\"Channel\":\"Microsoft-Windows-Diagnosis-Scripted/Operational\",\"Computer\":\"WIN-TKC15D7KHUR\",\"Security\":{\"#attributes\":{\"UserID\":\"S-1-5-21-1958040314-2592322477-2606035944-500\"}}},\"EventData\":{\"PackagePath\":\"C:\\\\Windows\\\\diagnostics\\\\scheduled\\\\Maintenance\"}}}",
  "xml_fields": {
    "provider": "Microsoft-Windows-Diagnosis-Scripted",
    "event_id": "102",
    "timestamp": "2022-04-04T07:40:10.131933Z",
    "event_record_id": "2",
    "level": "4",
    "task": "0",
    "opcode": "0",
    "keywords": "0x4000000800000000",
    "channel": "Microsoft-Windows-Diagnosis-Scripted/Operational",
    "computer": "WIN-TKC15D7KHUR",
    "PackagePath": "C:\\Windows\\diagnostics\\scheduled\\Maintenance"
  },
  "json_fields": {
    "provider": "Microsoft-Windows-Diagnosis-Scripted",
    "channel": "Microsoft-Windows-Diagnosis-Scripted/Operational",
    "event_id": "102",
    "timestamp": "2022-04-04T07:40:10.131933Z",
    "event_record_id": "2",
    "level": "4",
    "task": "0",
    "opcode": "0",
    "keywords": "0x4000000800000000",
    "computer": "WIN-TKC15D7KHUR",
    "PackagePath": "C:\\Windows\\diagnostics\\scheduled\\Maintenance"
  }
}