{
  "event_id": "102",
  "provider": "Microsoft-Windows-Diagnostics-Performance",
  "channel": "Microsoft-Windows-Diagnostics-Performance/Operational",
  "source_file": "D:\\visual code file\\Project_4\\Event-Analyzer\\test\\Benign\\Logs_Win11_2023\\Microsoft-Windows-Diagnostics-Performance%4Operational.evtx",
  "event_record_id": 25,
  "xml": "<?xml version=\"1.0\" encoding=\"utf-8\"?>\n<Event xmlns=\"http://schemas.microsoft.com/win/2004/08/events/event\">\n  <System>\n    <Provider Name=\"Microsoft-Windows-Diagnostics-Performance\" Guid=\"CFC18EC0-96B1-4EBA-961B-622CAEE05B0A\">\n    </Provider>\n    <EventID>102</EventID>\n    <Version>1</Version>\n    <Level>3</Level>\n    <Task>4002</Task>\n    <Opcode>33</Opcode>\n    <Keywords>0x8000000000010000</Keywords>\n    <TimeCreated SystemTime=\"2023-10-25T22:05:44.601509Z\">\n    </TimeCreated>\n    <EventRecordID>25</EventRecordID>\n    <Correlation ActivityID=\"028F2288-078F-0001-413E-8F028F07DA01\">\n    </Correlation>\n    <Execution ProcessID=\"2484\" ThreadID=\"3796\">\n    </Execution>\n    <Channel>Microsoft-Windows-Diagnostics-Performance/Operational</Channel>\n    <Computer>WinDevEval</Computer>\n    <Security UserID=\"S-1-5-19\">\n    </Security>\n  </System>\n  <EventData>\n    <Data Name=\"StartTime\">2023-10-25T22:02:56.552302Z</Data>\n    <Data Name=\"NameLength\">7</Data>\n    <Data Name=\"Name\">VfpExt</Data>\n    <Data Name=\"FriendlyNameLength\">30</Data>\n    <Data Name=\"FriendlyName\">Microsoft Azure VFP Extension</Data>\n    <Data Name=\"VersionLength\">36</Data>\n    <Data Name=\"Version\">10.0.22621.1 (WinBuild.160101.0800)</Data>\n    <Data Name=\"TotalTime\">8403</Data>\n    <Data Name=\"DegradationTime\">6903</Data>\n    <Data Name=\"PathLength\">39</Data>\n    <Data Name=\"Path\">C:\\Windows\\system32\\drivers\\vfpext.sys</Data>\n    <Data Name=\"ProductNameLength\">37</Data>\n    <Data Name=\"ProductName\">Microsoft\u00ae Windows\u00ae Operating System</Data>\n    <Data Name=\"CompanyNameLength\">22</Data>\n    <Data Name=\"CompanyName\">Microsoft Corporation</Data>\n  </EventData>\n</Event>\n",
  "json": "{\"Event\":{\"#attributes\":{\"xmlns\":\"http://schemas.microsoft.com/win/2004/08/events/event\"},\"System\":{\"Provider\":{\"#attributes\":{\"Name\":\"Microsoft-Windows-Diagnostics-Performance\",\"Guid\":\"CFC18EC0-96B1-4EBA-961B-622CAEE05B0A\"}},\"EventID\":102,\"Version\":1,\"Level\":3,\"Task\":4002,\"Opcode\":33,\"Keywords\":\"0x8000000000010000\",\"TimeCreated\":{\"#attributes\":{\"SystemTime\":\"2023-10-25T22:05:44.601509Z\"}},\"EventRecordID\":25,\"Correlation\":{\"#attributes\":{\"ActivityID\":\"028F2288-078F-0001-413E-8F028F07DA01\"}},\"Execution\":{\"#attributes\":{\"ProcessID\":2484,\"ThreadID\":3796}},\"Channel\":\"Microsoft-Windows-Diagnostics-Performance/Operational\",\"Computer\":\"WinDevEval\",\"Security\":{\"#attributes\":{\"UserID\":\"S-1-5-19\"}}},\"EventData\":{\"StartTime\":\"2023-10-25T22:02:56.552302Z\",\"NameLength\":7,\"Name\":\"VfpExt\",\"FriendlyNameLength\":30,\"FriendlyName\":\"Microsoft Azure VFP Extension\",\"VersionLength\":36,\"Version\":\"10.0.22621.1 (WinBuild.160101.0800)\",\"TotalTime\":8403,\"DegradationTime\":6903,\"PathLength\":39,\"Path\":\"C:\\\\Windows\\\\system32\\\\drivers\\\\vfpext.sys\",\"ProductNameLength\":37,\"ProductName\":\"Microsoft\u00ae Windows\u00ae Operating System\",\"CompanyNameLength\":22,\"CompanyName\":\"Microsoft Corporation\"}}}",
  "xml_fields": {
    "provider": "Microsoft-Windows-Diagnostics-Performance",
    "event_id": "102",
    "timestamp": "2023-10-25T22:05:44.601509Z",
    "event_record_id": "25",
    "level": "3",
    "task": "4002",
    "opcode": "33",
    "keywords": "0x8000000000010000",
    "channel": "Microsoft-Windows-Diagnostics-Performance/Operational",
    "computer": "WinDevEval",
    "StartTime": "2023-10-25T22:02:56.552302Z",
    "NameLength": "7",
    "Name": "VfpExt",
    "FriendlyNameLength": "30",
    "FriendlyName": "Microsoft Azure VFP Extension",
    "VersionLength": "36",
    "Version": "10.0.22621.1 (WinBuild.160101.0800)",
    "TotalTime": "8403",
    "DegradationTime": "6903",
    "PathLength": "39",
    "Path": "C:\\Windows\\system32\\drivers\\vfpext.sys",
    "ProductNameLength": "37",
    "ProductName": "Microsoft\u00ae Windows\u00ae Operating System",
    "CompanyNameLength": "22",
    "CompanyName": "Microsoft Corporation"
  },
  "json_fields": {
    "provider": "Microsoft-Windows-Diagnostics-Performance",
    "channel": "Microsoft-Windows-Diagnostics-Performance/Operational",
    "event_id": "102",
    "timestamp": "2023-10-25T22:05:44.601509Z",
    "event_record_id": "25",
    "level": "3",
    "task": "4002",
    "opcode": "33",
    "keywords": "0x8000000000010000",
    "computer": "WinDevEval",
    "StartTime": "2023-10-25T22:02:56.552302Z",
    "NameLength": "7",
    "Name": "VfpExt",
    "FriendlyNameLength": "30",
    "FriendlyName": "Microsoft Azure VFP Extension",
    "VersionLength": "36",
    "Version": "10.0.22621.1 (WinBuild.160101.0800)",
    "TotalTime": "8403",
    "DegradationTime": "6903",
    "PathLength": "39",
    "Path": "C:\\Windows\\system32\\drivers\\vfpext.sys",
    "ProductNameLength": "37",
    "ProductName": "Microsoft\u00ae Windows\u00ae Operating System",
    "CompanyNameLength": "22",
    "CompanyName": "Microsoft Corporation"
  }
}