{
  "event_id": "102",
  "provider": "Microsoft-Windows-Kernel-Cache",
  "channel": "Microsoft-Windows-Kernel-Cache/Operational",
  "source_file": "D:\\visual code file\\Project_4\\Event-Analyzer\\test\\Benign\\Logs_Win11\\Microsoft-Windows-Kernel-Cache%4Operational.evtx",
  "event_record_id": 26,
  "xml": "<?xml version=\"1.0\" encoding=\"utf-8\"?>\n<Event xmlns=\"http://schemas.microsoft.com/win/2004/08/events/event\">\n  <System>\n    <Provider Name=\"Microsoft-Windows-Kernel-Cache\" Guid=\"A2D34BF1-70AB-5B21-C819-5A0DD42748FD\">\n    </Provider>\n    <EventID>102</EventID>\n    <Version>3</Version>\n    <Level>4</Level>\n    <Task>102</Task>\n    <Opcode>0</Opcode>\n    <Keywords>0x8000000000000000</Keywords>\n    <TimeCreated SystemTime=\"2022-03-01T16:58:50.985736Z\">\n    </TimeCreated>\n    <EventRecordID>26</EventRecordID>\n    <Correlation>\n    </Correlation>\n    <Execution ProcessID=\"4\" ThreadID=\"440\">\n    </Execution>\n    <Channel>Microsoft-Windows-Kernel-Cache/Operational</Channel>\n    <Computer>DESKTOP-6D0DBMB</Computer>\n    <Security UserID=\"S-1-5-18\">\n    </Security>\n  </System>\n  <EventData>\n    <Data Name=\"PeriodDurationMicroSec\">914364760</Data>\n    <Data Name=\"EventSamples\">1</Data>\n    <Data Name=\"TotalNumberOfMappedVacbs\">1725</Data>\n    <Data Name=\"TotalPartitionSamples\">1</Data>\n    <Data Name=\"TotalVolumeSamples\">0</Data>\n    <Data Name=\"TotalPagesYetToWrite\">4</Data>\n    <Data Name=\"TotalDirtyPages\">4</Data>\n    <Data Name=\"TotalAvailablePages\">1595352</Data>\n    <Data Name=\"TotalNumberWorkerThreads\">4</Data>\n    <Data Name=\"TotalNumberActiveWorkerThreads\">0</Data>\n    <Data Name=\"TotalAverageAvailablePages\">1600381</Data>\n    <Data Name=\"TotalAverageDirtyPages\">42</Data>\n    <Data Name=\"CcCopyReadCalls\">201264</Data>\n    <Data Name=\"CcAsyncCopyReadCalls\">5967</Data>\n    <Data Name=\"CcCopyWriteCalls\">89883</Data>\n    <Data Name=\"CcSetValidDataCalls\">3000</Data>\n    <Data Name=\"CcFlushCacheCalls\">29063</Data>\n    <Data Name=\"NumberOfNUMANodes\">1</Data>\n  </EventData>\n</Event>\n",
  "json": "{\"Event\":{\"#attributes\":{\"xmlns\":\"http://schemas.microsoft.com/win/2004/08/events/event\"},\"System\":{\"Provider\":{\"#attributes\":{\"Name\":\"Microsoft-Windows-Kernel-Cache\",\"Guid\":\"A2D34BF1-70AB-5B21-C819-5A0DD42748FD\"}},\"EventID\":102,\"Version\":3,\"Level\":4,\"Task\":102,\"Opcode\":0,\"Keywords\":\"0x8000000000000000\",\"TimeCreated\":{\"#attributes\":{\"SystemTime\":\"2022-03-01T16:58:50.985736Z\"}},\"EventRecordID\":26,\"Correlation\":null,\"Execution\":{\"#attributes\":{\"ProcessID\":4,\"ThreadID\":440}},\"Channel\":\"Microsoft-Windows-Kernel-Cache/Operational\",\"Computer\":\"DESKTOP-6D0DBMB\",\"Security\":{\"#attributes\":{\"UserID\":\"S-1-5-18\"}}},\"EventData\":{\"PeriodDurationMicroSec\":914364760,\"EventSamples\":1,\"TotalNumberOfMappedVacbs\":1725,\"TotalPartitionSamples\":1,\"TotalVolumeSamples\":0,\"TotalPagesYetToWrite\":4,\"TotalDirtyPages\":4,\"TotalAvailablePages\":1595352,\"TotalNumberWorkerThreads\":4,\"TotalNumberActiveWorkerThreads\":0,\"TotalAverageAvailablePages\":1600381,\"TotalAverageDirtyPages\":42,\"CcCopyReadCalls\":201264,\"CcAsyncCopyReadCalls\":5967,\"CcCopyWriteCalls\":89883,\"CcSetValidDataCalls\":3000,\"CcFlushCacheCalls\":29063,\"NumberOfNUMANodes\":1}}}",
  "xml_fields": {
    "provider": "Microsoft-Windows-Kernel-Cache",
    "event_id": "102",
    "timestamp": "2022-03-01T16:58:50.985736Z",
    "event_record_id": "26",
    "level": "4",
    "task": "102",
    "opcode": "0",
    "keywords": "0x8000000000000000",
    "channel": "Microsoft-Windows-Kernel-Cache/Operational",
    "computer": "DESKTOP-6D0DBMB",
    "PeriodDurationMicroSec": "914364760",
    "EventSamples": "1",
    "TotalNumberOfMappedVacbs": "1725",
    "TotalPartitionSamples": "1",
    "TotalVolumeSamples": "0",
    "TotalPagesYetToWrite": "4",
    "TotalDirtyPages": "4",
    "TotalAvailablePages": "1595352",
    "TotalNumberWorkerThreads": "4",
    "TotalNumberActiveWorkerThreads": "0",
    "TotalAverageAvailablePages": "1600381",
    "TotalAverageDirtyPages": "42",
    "CcCopyReadCalls": "201264",
    "CcAsyncCopyReadCalls": "5967",
    "CcCopyWriteCalls": "89883",
    "CcSetValidDataCalls": "3000",
    "CcFlushCacheCalls": "29063",
    "NumberOfNUMANodes": "1"
  },
  "json_fields": {
    "provider": "Microsoft-Windows-Kernel-Cache",
    "channel": "Microsoft-Windows-Kernel-Cache/Operational",
    "event_id": "102",
    "timestamp": "2022-03-01T16:58:50.985736Z",
    "event_record_id": "26",
    "level": "4",
    "task": "102",
    "opcode": "0",
    "keywords": "0x8000000000000000",
    "computer": "DESKTOP-6D0DBMB",
    "PeriodDurationMicroSec": "914364760",
    "EventSamples": "1",
    "TotalNumberOfMappedVacbs": "1725",
    "TotalPartitionSamples": "1",
    "TotalVolumeSamples": "0",
    "TotalPagesYetToWrite": "4",
    "TotalDirtyPages": "4",
    "TotalAvailablePages": "1595352",
    "TotalNumberWorkerThreads": "4",
    "TotalNumberActiveWorkerThreads": "0",
    "TotalAverageAvailablePages": "1600381",
    "TotalAverageDirtyPages": "42",
    "CcCopyReadCalls": "201264",
    "CcAsyncCopyReadCalls": "5967",
    "CcCopyWriteCalls": "89883",
    "CcSetValidDataCalls": "3000",
    "CcFlushCacheCalls": "29063",
    "NumberOfNUMANodes": "1"
  }
}