{
  "event_id": "1030",
  "provider": "Microsoft-Windows-WFP",
  "channel": "Microsoft-Windows-WFP/Operational",
  "source_file": "D:\\visual code file\\Project_4\\Event-Analyzer\\test\\Benign\\Logs_Client\\Microsoft-Windows-WFP%4Operational.evtx",
  "event_record_id": 1,
  "xml": "<?xml version=\"1.0\" encoding=\"utf-8\"?>\n<Event xmlns=\"http://schemas.microsoft.com/win/2004/08/events/event\">\n  <System>\n    <Provider Name=\"Microsoft-Windows-WFP\" Guid=\"0C478C5B-0351-41B1-8C58-4A6737DA32E3\">\n    </Provider>\n    <EventID>1030</EventID>\n    <Version>0</Version>\n    <Level>3</Level>\n    <Task>0</Task>\n    <Opcode>0</Opcode>\n    <Keywords>0x4000004000000000</Keywords>\n    <TimeCreated SystemTime=\"2022-02-07T15:13:09.211126Z\">\n    </TimeCreated>\n    <EventRecordID>1</EventRecordID>\n    <Correlation>\n    </Correlation>\n    <Execution ProcessID=\"1668\" ThreadID=\"6676\">\n    </Execution>\n    <Channel>Microsoft-Windows-WFP/Operational</Channel>\n    <Computer>DESKTOP-A8CALR3</Computer>\n    <Security UserID=\"S-1-5-19\">\n    </Security>\n  </System>\n  <EventData>\n    <Data Name=\"ProcessId\">2328</Data>\n    <Data Name=\"TxnTimeInMSec\">5953</Data>\n    <Data Name=\"CommitTimeInMSec\">5906</Data>\n    <Data Name=\"WatchdogTimeoutInMSec\">500</Data>\n  </EventData>\n</Event>\n",
  "json": "{\"Event\":{\"#attributes\":{\"xmlns\":\"http://schemas.microsoft.com/win/2004/08/events/event\"},\"System\":{\"Provider\":{\"#attributes\":{\"Name\":\"Microsoft-Windows-WFP\",\"Guid\":\"0C478C5B-0351-41B1-8C58-4A6737DA32E3\"}},\"EventID\":1030,\"Version\":0,\"Level\":3,\"Task\":0,\"Opcode\":0,\"Keywords\":\"0x4000004000000000\",\"TimeCreated\":{\"#attributes\":{\"SystemTime\":\"2022-02-07T15:13:09.211126Z\"}},\"EventRecordID\":1,\"Correlation\":null,\"Execution\":{\"#attributes\":{\"ProcessID\":1668,\"ThreadID\":6676}},\"Channel\":\"Microsoft-Windows-WFP/Operational\",\"Computer\":\"DESKTOP-A8CALR3\",\"Security\":{\"#attributes\":{\"UserID\":\"S-1-5-19\"}}},\"EventData\":{\"ProcessId\":2328,\"TxnTimeInMSec\":5953,\"CommitTimeInMSec\":5906,\"WatchdogTimeoutInMSec\":500}}}",
  "xml_fields": {
    "provider": "Microsoft-Windows-WFP",
    "event_id": "1030",
    "timestamp": "2022-02-07T15:13:09.211126Z",
    "event_record_id": "1",
    "level": "3",
    "task": "0",
    "opcode": "0",
    "keywords": "0x4000004000000000",
    "channel": "Microsoft-Windows-WFP/Operational",
    "computer": "DESKTOP-A8CALR3",
    "ProcessId": "2328",
    "TxnTimeInMSec": "5953",
    "CommitTimeInMSec": "5906",
    "WatchdogTimeoutInMSec": "500"
  },
  "json_fields": {
    "provider": "Microsoft-Windows-WFP",
    "channel": "Microsoft-Windows-WFP/Operational",
    "event_id": "1030",
    "timestamp": "2022-02-07T15:13:09.211126Z",
    "event_record_id": "1",
    "level": "3",
    "task": "0",
    "opcode": "0",
    "keywords": "0x4000004000000000",
    "computer": "DESKTOP-A8CALR3",
    "ProcessId": "2328",
    "TxnTimeInMSec": "5953",
    "CommitTimeInMSec": "5906",
    "WatchdogTimeoutInMSec": "500"
  }
}