{
  "event_id": "1034",
  "provider": "Microsoft-Windows-TPM-WMI",
  "channel": "System",
  "source_file": "D:\\visual code file\\Project_4\\Event-Analyzer\\test\\Benign\\Logs_Win11_2023\\System.evtx",
  "event_record_id": 1724,
  "xml": "<?xml version=\"1.0\" encoding=\"utf-8\"?>\n<Event xmlns=\"http://schemas.microsoft.com/win/2004/08/events/event\">\n  <System>\n    <Provider Name=\"Microsoft-Windows-TPM-WMI\" Guid=\"7D5387B0-CBE0-11DA-A94D-0800200C9A66\">\n    </Provider>\n    <EventID>1034</EventID>\n    <Version>0</Version>\n    <Level>4</Level>\n    <Task>0</Task>\n    <Opcode>0</Opcode>\n    <Keywords>0x8000000000000000</Keywords>\n    <TimeCreated SystemTime=\"2023-11-05T22:27:36.527418Z\">\n    </TimeCreated>\n    <EventRecordID>1724</EventRecordID>\n    <Correlation>\n    </Correlation>\n    <Execution ProcessID=\"1092\" ThreadID=\"956\">\n    </Execution>\n    <Channel>System</Channel>\n    <Computer>WinDev2310Eval</Computer>\n    <Security UserID=\"S-1-5-18\">\n    </Security>\n  </System>\n  <EventData>\n  </EventData>\n</Event>\n",
  "json": "{\"Event\":{\"#attributes\":{\"xmlns\":\"http://schemas.microsoft.com/win/2004/08/events/event\"},\"System\":{\"Provider\":{\"#attributes\":{\"Name\":\"Microsoft-Windows-TPM-WMI\",\"Guid\":\"7D5387B0-CBE0-11DA-A94D-0800200C9A66\"}},\"EventID\":1034,\"Version\":0,\"Level\":4,\"Task\":0,\"Opcode\":0,\"Keywords\":\"0x8000000000000000\",\"TimeCreated\":{\"#attributes\":{\"SystemTime\":\"2023-11-05T22:27:36.527418Z\"}},\"EventRecordID\":1724,\"Correlation\":null,\"Execution\":{\"#attributes\":{\"ProcessID\":1092,\"ThreadID\":956}},\"Channel\":\"System\",\"Computer\":\"WinDev2310Eval\",\"Security\":{\"#attributes\":{\"UserID\":\"S-1-5-18\"}}},\"EventData\":null}}",
  "xml_fields": {
    "provider": "Microsoft-Windows-TPM-WMI",
    "event_id": "1034",
    "timestamp": "2023-11-05T22:27:36.527418Z",
    "event_record_id": "1724",
    "level": "4",
    "task": "0",
    "opcode": "0",
    "keywords": "0x8000000000000000",
    "channel": "System",
    "computer": "WinDev2310Eval"
  },
  "json_fields": {
    "provider": "Microsoft-Windows-TPM-WMI",
    "channel": "System",
    "event_id": "1034",
    "timestamp": "2023-11-05T22:27:36.527418Z",
    "event_record_id": "1724",
    "level": "4",
    "task": "0",
    "opcode": "0",
    "keywords": "0x8000000000000000",
    "computer": "WinDev2310Eval"
  }
}