{
  "event_id": "103",
  "provider": "Microsoft-Windows-DirectoryServices-Deployment",
  "channel": "Microsoft-Windows-DirectoryServices-Deployment/Operational",
  "source_file": "D:\\visual code file\\Project_4\\Event-Analyzer\\test\\Benign\\Win2022-AD\\Microsoft-Windows-DirectoryServices-Deployment%4Operational.evtx",
  "event_record_id": 13,
  "xml": "<?xml version=\"1.0\" encoding=\"utf-8\"?>\n<Event xmlns=\"http://schemas.microsoft.com/win/2004/08/events/event\">\n  <System>\n    <Provider Name=\"Microsoft-Windows-DirectoryServices-Deployment\" Guid=\"71B4B0DA-68D5-4925-9F9B-61750F989527\">\n    </Provider>\n    <EventID>103</EventID>\n    <Version>0</Version>\n    <Level>4</Level>\n    <Task>1</Task>\n    <Opcode>0</Opcode>\n    <Keywords>0x4000000000000000</Keywords>\n    <TimeCreated SystemTime=\"2022-04-07T17:09:41.360663Z\">\n    </TimeCreated>\n    <EventRecordID>13</EventRecordID>\n    <Correlation ActivityID=\"DD7B0B6A-4A9E-0001-C18E-7BDD9E4AD801\">\n    </Correlation>\n    <Execution ProcessID=\"5272\" ThreadID=\"4972\">\n    </Execution>\n    <Channel>Microsoft-Windows-DirectoryServices-Deployment/Operational</Channel>\n    <Computer>WIN-FPV0DSIC9O6</Computer>\n    <Security UserID=\"S-1-5-21-2121334350-1110938707-2888912545-500\">\n    </Security>\n  </System>\n  <EventData>\n    <Data Name=\"Prop_UnicodeString\">Enter method: DeepTasks.EnsureAddsComponentInstallState</Data>\n  </EventData>\n</Event>\n",
  "json": "{\"Event\":{\"#attributes\":{\"xmlns\":\"http://schemas.microsoft.com/win/2004/08/events/event\"},\"System\":{\"Provider\":{\"#attributes\":{\"Name\":\"Microsoft-Windows-DirectoryServices-Deployment\",\"Guid\":\"71B4B0DA-68D5-4925-9F9B-61750F989527\"}},\"EventID\":103,\"Version\":0,\"Level\":4,\"Task\":1,\"Opcode\":0,\"Keywords\":\"0x4000000000000000\",\"TimeCreated\":{\"#attributes\":{\"SystemTime\":\"2022-04-07T17:09:41.360663Z\"}},\"EventRecordID\":13,\"Correlation\":{\"#attributes\":{\"ActivityID\":\"DD7B0B6A-4A9E-0001-C18E-7BDD9E4AD801\"}},\"Execution\":{\"#attributes\":{\"ProcessID\":5272,\"ThreadID\":4972}},\"Channel\":\"Microsoft-Windows-DirectoryServices-Deployment/Operational\",\"Computer\":\"WIN-FPV0DSIC9O6\",\"Security\":{\"#attributes\":{\"UserID\":\"S-1-5-21-2121334350-1110938707-2888912545-500\"}}},\"EventData\":{\"Prop_UnicodeString\":\"Enter method: DeepTasks.EnsureAddsComponentInstallState\"}}}",
  "xml_fields": {
    "provider": "Microsoft-Windows-DirectoryServices-Deployment",
    "event_id": "103",
    "timestamp": "2022-04-07T17:09:41.360663Z",
    "event_record_id": "13",
    "level": "4",
    "task": "1",
    "opcode": "0",
    "keywords": "0x4000000000000000",
    "channel": "Microsoft-Windows-DirectoryServices-Deployment/Operational",
    "computer": "WIN-FPV0DSIC9O6",
    "Prop_UnicodeString": "Enter method: DeepTasks.EnsureAddsComponentInstallState"
  },
  "json_fields": {
    "provider": "Microsoft-Windows-DirectoryServices-Deployment",
    "channel": "Microsoft-Windows-DirectoryServices-Deployment/Operational",
    "event_id": "103",
    "timestamp": "2022-04-07T17:09:41.360663Z",
    "event_record_id": "13",
    "level": "4",
    "task": "1",
    "opcode": "0",
    "keywords": "0x4000000000000000",
    "computer": "WIN-FPV0DSIC9O6",
    "Prop_UnicodeString": "Enter method: DeepTasks.EnsureAddsComponentInstallState"
  }
}