{
  "event_id": "103",
  "provider": "Microsoft-Windows-Kernel-Cache",
  "channel": "Microsoft-Windows-Kernel-Cache/Operational",
  "source_file": "D:\\visual code file\\Project_4\\Event-Analyzer\\test\\Benign\\Logs_Win11\\Microsoft-Windows-Kernel-Cache%4Operational.evtx",
  "event_record_id": 27,
  "xml": "<?xml version=\"1.0\" encoding=\"utf-8\"?>\n<Event xmlns=\"http://schemas.microsoft.com/win/2004/08/events/event\">\n  <System>\n    <Provider Name=\"Microsoft-Windows-Kernel-Cache\" Guid=\"A2D34BF1-70AB-5B21-C819-5A0DD42748FD\">\n    </Provider>\n    <EventID>103</EventID>\n    <Version>1</Version>\n    <Level>4</Level>\n    <Task>103</Task>\n    <Opcode>0</Opcode>\n    <Keywords>0x8000000000000000</Keywords>\n    <TimeCreated SystemTime=\"2022-03-01T16:58:50.985739Z\">\n    </TimeCreated>\n    <EventRecordID>27</EventRecordID>\n    <Correlation>\n    </Correlation>\n    <Execution ProcessID=\"4\" ThreadID=\"440\">\n    </Execution>\n    <Channel>Microsoft-Windows-Kernel-Cache/Operational</Channel>\n    <Computer>DESKTOP-6D0DBMB</Computer>\n    <Security UserID=\"S-1-5-18\">\n    </Security>\n  </System>\n  <EventData>\n    <Data Name=\"VolumeDeviceGuid\">4A4B25B1-8AA6-412B-8C46-2E87F31C2941</Data>\n    <Data Name=\"PeriodDurationMicroSec\">914364760</Data>\n    <Data Name=\"TotalDirtyPages\">480991628</Data>\n    <Data Name=\"MaxDirtyPages\">51098</Data>\n    <Data Name=\"DirtyPageSamples\">84304</Data>\n    <Data Name=\"TotalPagesQueuedToDisk\">3503163</Data>\n    <Data Name=\"MaxPagesQueuedToDisk\">6754</Data>\n    <Data Name=\"PagesQueuedToDiskSamples\">14446</Data>\n    <Data Name=\"TotalLoggedPagesQueuedToDisk\">138087</Data>\n    <Data Name=\"MaxLoggedPagesQueuedToDisk\">104</Data>\n    <Data Name=\"LoggedPagesQueuedToDiskSamples\">14443</Data>\n    <Data Name=\"ReadTotalBytes\">33099850564</Data>\n    <Data Name=\"ReadPagedInTotalBytes\">762290919</Data>\n    <Data Name=\"ReadAheadTotalBytes\">0</Data>\n    <Data Name=\"CacheHitRatio\">97</Data>\n    <Data Name=\"TotalWrites\">92519</Data>\n    <Data Name=\"TotalHardThrottleWrites\">0</Data>\n    <Data Name=\"TotalSoftThrottleWrites\">0</Data>\n    <Data Name=\"TotalSynchronousReadIoCount\">193747</Data>\n    <Data Name=\"TotalSynchronousNonBlockingReadIoCount\">1354</Data>\n    <Data Name=\"TotalFailedSynchronousNonBlockingReadIoCount\">5955</Data>\n    <Data Name=\"SynchronousReadIoMaxLatency\">417880</Data>\n    <Data Name=\"SynchronousReadIoNonBlockingMaxLatency\">0</Data>\n    <Data Name=\"TotalSynchronousWriteIoCount\">87015</Data>\n    <Data Name=\"TotalSynchronousNonBlockingWriteIoCount\">306</Data>\n    <Data Name=\"TotalFailedSynchronousNonBlockingWriteIoCount\">1</Data>\n    <Data Name=\"SynchronousWriteIoMaxLatency\">1520474</Data>\n    <Data Name=\"SynchronousWriteIoNonBlockingMaxLatency\">0</Data>\n    <Data Name=\"TotalAsynchronousReadIoCount\">5938</Data>\n    <Data Name=\"AsynchronousReadIoMaxLatency\">1539276</Data>\n  </EventData>\n</Event>\n",
  "json": "{\"Event\":{\"#attributes\":{\"xmlns\":\"http://schemas.microsoft.com/win/2004/08/events/event\"},\"System\":{\"Provider\":{\"#attributes\":{\"Name\":\"Microsoft-Windows-Kernel-Cache\",\"Guid\":\"A2D34BF1-70AB-5B21-C819-5A0DD42748FD\"}},\"EventID\":103,\"Version\":1,\"Level\":4,\"Task\":103,\"Opcode\":0,\"Keywords\":\"0x8000000000000000\",\"TimeCreated\":{\"#attributes\":{\"SystemTime\":\"2022-03-01T16:58:50.985739Z\"}},\"EventRecordID\":27,\"Correlation\":null,\"Execution\":{\"#attributes\":{\"ProcessID\":4,\"ThreadID\":440}},\"Channel\":\"Microsoft-Windows-Kernel-Cache/Operational\",\"Computer\":\"DESKTOP-6D0DBMB\",\"Security\":{\"#attributes\":{\"UserID\":\"S-1-5-18\"}}},\"EventData\":{\"VolumeDeviceGuid\":\"4A4B25B1-8AA6-412B-8C46-2E87F31C2941\",\"PeriodDurationMicroSec\":914364760,\"TotalDirtyPages\":480991628,\"MaxDirtyPages\":51098,\"DirtyPageSamples\":84304,\"TotalPagesQueuedToDisk\":3503163,\"MaxPagesQueuedToDisk\":6754,\"PagesQueuedToDiskSamples\":14446,\"TotalLoggedPagesQueuedToDisk\":138087,\"MaxLoggedPagesQueuedToDisk\":104,\"LoggedPagesQueuedToDiskSamples\":14443,\"ReadTotalBytes\":33099850564,\"ReadPagedInTotalBytes\":762290919,\"ReadAheadTotalBytes\":0,\"CacheHitRatio\":97,\"TotalWrites\":92519,\"TotalHardThrottleWrites\":0,\"TotalSoftThrottleWrites\":0,\"TotalSynchronousReadIoCount\":193747,\"TotalSynchronousNonBlockingReadIoCount\":1354,\"TotalFailedSynchronousNonBlockingReadIoCount\":5955,\"SynchronousReadIoMaxLatency\":417880,\"SynchronousReadIoNonBlockingMaxLatency\":0,\"TotalSynchronousWriteIoCount\":87015,\"TotalSynchronousNonBlockingWriteIoCount\":306,\"TotalFailedSynchronousNonBlockingWriteIoCount\":1,\"SynchronousWriteIoMaxLatency\":1520474,\"SynchronousWriteIoNonBlockingMaxLatency\":0,\"TotalAsynchronousReadIoCount\":5938,\"AsynchronousReadIoMaxLatency\":1539276}}}",
  "xml_fields": {
    "provider": "Microsoft-Windows-Kernel-Cache",
    "event_id": "103",
    "timestamp": "2022-03-01T16:58:50.985739Z",
    "event_record_id": "27",
    "level": "4",
    "task": "103",
    "opcode": "0",
    "keywords": "0x8000000000000000",
    "channel": "Microsoft-Windows-Kernel-Cache/Operational",
    "computer": "DESKTOP-6D0DBMB",
    "VolumeDeviceGuid": "4A4B25B1-8AA6-412B-8C46-2E87F31C2941",
    "PeriodDurationMicroSec": "914364760",
    "TotalDirtyPages": "480991628",
    "MaxDirtyPages": "51098",
    "DirtyPageSamples": "84304",
    "TotalPagesQueuedToDisk": "3503163",
    "MaxPagesQueuedToDisk": "6754",
    "PagesQueuedToDiskSamples": "14446",
    "TotalLoggedPagesQueuedToDisk": "138087",
    "MaxLoggedPagesQueuedToDisk": "104",
    "LoggedPagesQueuedToDiskSamples": "14443",
    "ReadTotalBytes": "33099850564",
    "ReadPagedInTotalBytes": "762290919",
    "ReadAheadTotalBytes": "0",
    "CacheHitRatio": "97",
    "TotalWrites": "92519",
    "TotalHardThrottleWrites": "0",
    "TotalSoftThrottleWrites": "0",
    "TotalSynchronousReadIoCount": "193747",
    "TotalSynchronousNonBlockingReadIoCount": "1354",
    "TotalFailedSynchronousNonBlockingReadIoCount": "5955",
    "SynchronousReadIoMaxLatency": "417880",
    "SynchronousReadIoNonBlockingMaxLatency": "0",
    "TotalSynchronousWriteIoCount": "87015",
    "TotalSynchronousNonBlockingWriteIoCount": "306",
    "TotalFailedSynchronousNonBlockingWriteIoCount": "1",
    "SynchronousWriteIoMaxLatency": "1520474",
    "SynchronousWriteIoNonBlockingMaxLatency": "0",
    "TotalAsynchronousReadIoCount": "5938",
    "AsynchronousReadIoMaxLatency": "1539276"
  },
  "json_fields": {
    "provider": "Microsoft-Windows-Kernel-Cache",
    "channel": "Microsoft-Windows-Kernel-Cache/Operational",
    "event_id": "103",
    "timestamp": "2022-03-01T16:58:50.985739Z",
    "event_record_id": "27",
    "level": "4",
    "task": "103",
    "opcode": "0",
    "keywords": "0x8000000000000000",
    "computer": "DESKTOP-6D0DBMB",
    "VolumeDeviceGuid": "4A4B25B1-8AA6-412B-8C46-2E87F31C2941",
    "PeriodDurationMicroSec": "914364760",
    "TotalDirtyPages": "480991628",
    "MaxDirtyPages": "51098",
    "DirtyPageSamples": "84304",
    "TotalPagesQueuedToDisk": "3503163",
    "MaxPagesQueuedToDisk": "6754",
    "PagesQueuedToDiskSamples": "14446",
    "TotalLoggedPagesQueuedToDisk": "138087",
    "MaxLoggedPagesQueuedToDisk": "104",
    "LoggedPagesQueuedToDiskSamples": "14443",
    "ReadTotalBytes": "33099850564",
    "ReadPagedInTotalBytes": "762290919",
    "ReadAheadTotalBytes": "0",
    "CacheHitRatio": "97",
    "TotalWrites": "92519",
    "TotalHardThrottleWrites": "0",
    "TotalSoftThrottleWrites": "0",
    "TotalSynchronousReadIoCount": "193747",
    "TotalSynchronousNonBlockingReadIoCount": "1354",
    "TotalFailedSynchronousNonBlockingReadIoCount": "5955",
    "SynchronousReadIoMaxLatency": "417880",
    "SynchronousReadIoNonBlockingMaxLatency": "0",
    "TotalSynchronousWriteIoCount": "87015",
    "TotalSynchronousNonBlockingWriteIoCount": "306",
    "TotalFailedSynchronousNonBlockingWriteIoCount": "1",
    "SynchronousWriteIoMaxLatency": "1520474",
    "SynchronousWriteIoNonBlockingMaxLatency": "0",
    "TotalAsynchronousReadIoCount": "5938",
    "AsynchronousReadIoMaxLatency": "1539276"
  }
}