{
  "event_id": "103",
  "provider": "Microsoft-Windows-TaskScheduler",
  "channel": "Microsoft-Windows-TaskScheduler/Operational",
  "source_file": "D:\\visual code file\\Project_4\\Event-Analyzer\\test\\Benign\\Win2022-AD\\Microsoft-Windows-TaskScheduler%4Operational.evtx",
  "event_record_id": 222,
  "xml": "<?xml version=\"1.0\" encoding=\"utf-8\"?>\n<Event xmlns=\"http://schemas.microsoft.com/win/2004/08/events/event\">\n  <System>\n    <Provider Name=\"Microsoft-Windows-TaskScheduler\" Guid=\"DE7B24EA-73C8-4A09-985D-5BDADCFA9017\">\n    </Provider>\n    <EventID>103</EventID>\n    <Version>0</Version>\n    <Level>2</Level>\n    <Task>103</Task>\n    <Opcode>102</Opcode>\n    <Keywords>0x8000000000000001</Keywords>\n    <TimeCreated SystemTime=\"2022-04-07T08:22:38.306588Z\">\n    </TimeCreated>\n    <EventRecordID>222</EventRecordID>\n    <Correlation ActivityID=\"BEE218ED-471A-49E1-AB1D-588C507AED05\">\n    </Correlation>\n    <Execution ProcessID=\"1592\" ThreadID=\"4332\">\n    </Execution>\n    <Channel>Microsoft-Windows-TaskScheduler/Operational</Channel>\n    <Computer>WIN-FPV0DSIC9O6.sigma.fr</Computer>\n    <Security UserID=\"S-1-5-18\">\n    </Security>\n  </System>\n  <EventData Name=\"TaskFailureEvent\">\n    <Data Name=\"TaskName\">\\Microsoft\\Windows\\Wininet\\CacheTask</Data>\n    <Data Name=\"InstanceId\">BEE218ED-471A-49E1-AB1D-588C507AED05</Data>\n    <Data Name=\"UserContext\"></Data>\n    <Data Name=\"ResultCode\">2147942404</Data>\n  </EventData>\n</Event>\n",
  "json": "{\"Event\":{\"#attributes\":{\"xmlns\":\"http://schemas.microsoft.com/win/2004/08/events/event\"},\"System\":{\"Provider\":{\"#attributes\":{\"Name\":\"Microsoft-Windows-TaskScheduler\",\"Guid\":\"DE7B24EA-73C8-4A09-985D-5BDADCFA9017\"}},\"EventID\":103,\"Version\":0,\"Level\":2,\"Task\":103,\"Opcode\":102,\"Keywords\":\"0x8000000000000001\",\"TimeCreated\":{\"#attributes\":{\"SystemTime\":\"2022-04-07T08:22:38.306588Z\"}},\"EventRecordID\":222,\"Correlation\":{\"#attributes\":{\"ActivityID\":\"BEE218ED-471A-49E1-AB1D-588C507AED05\"}},\"Execution\":{\"#attributes\":{\"ProcessID\":1592,\"ThreadID\":4332}},\"Channel\":\"Microsoft-Windows-TaskScheduler/Operational\",\"Computer\":\"WIN-FPV0DSIC9O6.sigma.fr\",\"Security\":{\"#attributes\":{\"UserID\":\"S-1-5-18\"}}},\"EventData\":{\"#attributes\":{\"Name\":\"TaskFailureEvent\"},\"TaskName\":\"\\\\Microsoft\\\\Windows\\\\Wininet\\\\CacheTask\",\"InstanceId\":\"BEE218ED-471A-49E1-AB1D-588C507AED05\",\"UserContext\":\"\",\"ResultCode\":2147942404}}}",
  "xml_fields": {
    "provider": "Microsoft-Windows-TaskScheduler",
    "event_id": "103",
    "timestamp": "2022-04-07T08:22:38.306588Z",
    "event_record_id": "222",
    "level": "2",
    "task": "103",
    "opcode": "102",
    "keywords": "0x8000000000000001",
    "channel": "Microsoft-Windows-TaskScheduler/Operational",
    "computer": "WIN-FPV0DSIC9O6.sigma.fr",
    "TaskName": "\\Microsoft\\Windows\\Wininet\\CacheTask",
    "InstanceId": "BEE218ED-471A-49E1-AB1D-588C507AED05",
    "UserContext": "",
    "ResultCode": "2147942404"
  },
  "json_fields": {
    "provider": "Microsoft-Windows-TaskScheduler",
    "channel": "Microsoft-Windows-TaskScheduler/Operational",
    "event_id": "103",
    "timestamp": "2022-04-07T08:22:38.306588Z",
    "event_record_id": "222",
    "level": "2",
    "task": "103",
    "opcode": "102",
    "keywords": "0x8000000000000001",
    "computer": "WIN-FPV0DSIC9O6.sigma.fr",
    "TaskName": "\\Microsoft\\Windows\\Wininet\\CacheTask",
    "InstanceId": "BEE218ED-471A-49E1-AB1D-588C507AED05",
    "UserContext": "",
    "ResultCode": "2147942404"
  }
}