{
  "event_id": "103",
  "provider": "Microsoft-Windows-Diagnostics-Performance",
  "channel": "Microsoft-Windows-Diagnostics-Performance/Operational",
  "source_file": "D:\\visual code file\\Project_4\\Event-Analyzer\\test\\Logs\\Microsoft-Windows-Diagnostics-Performance%4Operational.evtx",
  "event_record_id": 4,
  "xml": "<?xml version=\"1.0\" encoding=\"utf-8\"?>\n<Event xmlns=\"http://schemas.microsoft.com/win/2004/08/events/event\">\n  <System>\n    <Provider Name=\"Microsoft-Windows-Diagnostics-Performance\" Guid=\"CFC18EC0-96B1-4EBA-961B-622CAEE05B0A\">\n    </Provider>\n    <EventID>103</EventID>\n    <Version>1</Version>\n    <Level>3</Level>\n    <Task>4002</Task>\n    <Opcode>33</Opcode>\n    <Keywords>0x8000000000010000</Keywords>\n    <TimeCreated SystemTime=\"2024-11-04T12:41:47.796560Z\">\n    </TimeCreated>\n    <EventRecordID>4</EventRecordID>\n    <Correlation ActivityID=\"ABFE7217-2EB6-0001-9E78-FEABB62EDB01\">\n    </Correlation>\n    <Execution ProcessID=\"2672\" ThreadID=\"60\">\n    </Execution>\n    <Channel>Microsoft-Windows-Diagnostics-Performance/Operational</Channel>\n    <Computer>DESKTOP-P9H5FTA</Computer>\n    <Security UserID=\"S-1-5-19\">\n    </Security>\n  </System>\n  <EventData>\n    <Data Name=\"StartTime\">2024-11-04T12:40:04.206645Z</Data>\n    <Data Name=\"NameLength\">21</Data>\n    <Data Name=\"Name\">audioendpointbuilder</Data>\n    <Data Name=\"FriendlyNameLength\">31</Data>\n    <Data Name=\"FriendlyName\">Windows Audio Endpoint Builder</Data>\n    <Data Name=\"VersionLength\">36</Data>\n    <Data Name=\"Version\">10.0.19041.1 (WinBuild.160101.0800)</Data>\n    <Data Name=\"TotalTime\">2002</Data>\n    <Data Name=\"DegradationTime\">2</Data>\n    <Data Name=\"PathLength\">45</Data>\n    <Data Name=\"Path\">C:\\Windows\\System32\\AudioEndpointBuilder.dll</Data>\n    <Data Name=\"ProductNameLength\">37</Data>\n    <Data Name=\"ProductName\">Microsoft\u00ae Windows\u00ae Operating System</Data>\n    <Data Name=\"CompanyNameLength\">22</Data>\n    <Data Name=\"CompanyName\">Microsoft Corporation</Data>\n  </EventData>\n</Event>\n",
  "json": "{\"Event\":{\"#attributes\":{\"xmlns\":\"http://schemas.microsoft.com/win/2004/08/events/event\"},\"System\":{\"Provider\":{\"#attributes\":{\"Name\":\"Microsoft-Windows-Diagnostics-Performance\",\"Guid\":\"CFC18EC0-96B1-4EBA-961B-622CAEE05B0A\"}},\"EventID\":103,\"Version\":1,\"Level\":3,\"Task\":4002,\"Opcode\":33,\"Keywords\":\"0x8000000000010000\",\"TimeCreated\":{\"#attributes\":{\"SystemTime\":\"2024-11-04T12:41:47.796560Z\"}},\"EventRecordID\":4,\"Correlation\":{\"#attributes\":{\"ActivityID\":\"ABFE7217-2EB6-0001-9E78-FEABB62EDB01\"}},\"Execution\":{\"#attributes\":{\"ProcessID\":2672,\"ThreadID\":60}},\"Channel\":\"Microsoft-Windows-Diagnostics-Performance/Operational\",\"Computer\":\"DESKTOP-P9H5FTA\",\"Security\":{\"#attributes\":{\"UserID\":\"S-1-5-19\"}}},\"EventData\":{\"StartTime\":\"2024-11-04T12:40:04.206645Z\",\"NameLength\":21,\"Name\":\"audioendpointbuilder\",\"FriendlyNameLength\":31,\"FriendlyName\":\"Windows Audio Endpoint Builder\",\"VersionLength\":36,\"Version\":\"10.0.19041.1 (WinBuild.160101.0800)\",\"TotalTime\":2002,\"DegradationTime\":2,\"PathLength\":45,\"Path\":\"C:\\\\Windows\\\\System32\\\\AudioEndpointBuilder.dll\",\"ProductNameLength\":37,\"ProductName\":\"Microsoft\u00ae Windows\u00ae Operating System\",\"CompanyNameLength\":22,\"CompanyName\":\"Microsoft Corporation\"}}}",
  "xml_fields": {
    "provider": "Microsoft-Windows-Diagnostics-Performance",
    "event_id": "103",
    "timestamp": "2024-11-04T12:41:47.796560Z",
    "event_record_id": "4",
    "level": "3",
    "task": "4002",
    "opcode": "33",
    "keywords": "0x8000000000010000",
    "channel": "Microsoft-Windows-Diagnostics-Performance/Operational",
    "computer": "DESKTOP-P9H5FTA",
    "StartTime": "2024-11-04T12:40:04.206645Z",
    "NameLength": "21",
    "Name": "audioendpointbuilder",
    "FriendlyNameLength": "31",
    "FriendlyName": "Windows Audio Endpoint Builder",
    "VersionLength": "36",
    "Version": "10.0.19041.1 (WinBuild.160101.0800)",
    "TotalTime": "2002",
    "DegradationTime": "2",
    "PathLength": "45",
    "Path": "C:\\Windows\\System32\\AudioEndpointBuilder.dll",
    "ProductNameLength": "37",
    "ProductName": "Microsoft\u00ae Windows\u00ae Operating System",
    "CompanyNameLength": "22",
    "CompanyName": "Microsoft Corporation"
  },
  "json_fields": {
    "provider": "Microsoft-Windows-Diagnostics-Performance",
    "channel": "Microsoft-Windows-Diagnostics-Performance/Operational",
    "event_id": "103",
    "timestamp": "2024-11-04T12:41:47.796560Z",
    "event_record_id": "4",
    "level": "3",
    "task": "4002",
    "opcode": "33",
    "keywords": "0x8000000000010000",
    "computer": "DESKTOP-P9H5FTA",
    "StartTime": "2024-11-04T12:40:04.206645Z",
    "NameLength": "21",
    "Name": "audioendpointbuilder",
    "FriendlyNameLength": "31",
    "FriendlyName": "Windows Audio Endpoint Builder",
    "VersionLength": "36",
    "Version": "10.0.19041.1 (WinBuild.160101.0800)",
    "TotalTime": "2002",
    "DegradationTime": "2",
    "PathLength": "45",
    "Path": "C:\\Windows\\System32\\AudioEndpointBuilder.dll",
    "ProductNameLength": "37",
    "ProductName": "Microsoft\u00ae Windows\u00ae Operating System",
    "CompanyNameLength": "22",
    "CompanyName": "Microsoft Corporation"
  }
}