{
  "event_id": "1040",
  "provider": "Microsoft-Windows-SMBServer",
  "channel": "Microsoft-Windows-SMBServer/Operational",
  "source_file": "D:\\visual code file\\Project_4\\Event-Analyzer\\test\\Benign\\Logs_Win11_2023\\Microsoft-Windows-SMBServer%4Operational.evtx",
  "event_record_id": 3,
  "xml": "<?xml version=\"1.0\" encoding=\"utf-8\"?>\n<Event xmlns=\"http://schemas.microsoft.com/win/2004/08/events/event\">\n  <System>\n    <Provider Name=\"Microsoft-Windows-SMBServer\" Guid=\"D48CE617-33A2-4BC3-A5C7-11AA4F29619E\">\n    </Provider>\n    <EventID>1040</EventID>\n    <Version>0</Version>\n    <Level>4</Level>\n    <Task>0</Task>\n    <Opcode>0</Opcode>\n    <Keywords>0x2000000000000200</Keywords>\n    <TimeCreated SystemTime=\"2023-10-26T04:17:21.667506Z\">\n    </TimeCreated>\n    <EventRecordID>3</EventRecordID>\n    <Correlation>\n    </Correlation>\n    <Execution ProcessID=\"4\" ThreadID=\"136\">\n    </Execution>\n    <Channel>Microsoft-Windows-SMBServer/Operational</Channel>\n    <Computer>WIN-OQ6R0RVA4NF</Computer>\n    <Security UserID=\"S-1-5-18\">\n    </Security>\n  </System>\n  <UserData>\n    <EventData xmlns=\"Smb2Namespace\">\n      <NotificationType>3</NotificationType>\n      <InterfaceIndex>0</InterfaceIndex>\n    </EventData>\n  </UserData>\n</Event>\n",
  "json": "{\"Event\":{\"#attributes\":{\"xmlns\":\"http://schemas.microsoft.com/win/2004/08/events/event\"},\"System\":{\"Provider\":{\"#attributes\":{\"Name\":\"Microsoft-Windows-SMBServer\",\"Guid\":\"D48CE617-33A2-4BC3-A5C7-11AA4F29619E\"}},\"EventID\":1040,\"Version\":0,\"Level\":4,\"Task\":0,\"Opcode\":0,\"Keywords\":\"0x2000000000000200\",\"TimeCreated\":{\"#attributes\":{\"SystemTime\":\"2023-10-26T04:17:21.667506Z\"}},\"EventRecordID\":3,\"Correlation\":null,\"Execution\":{\"#attributes\":{\"ProcessID\":4,\"ThreadID\":136}},\"Channel\":\"Microsoft-Windows-SMBServer/Operational\",\"Computer\":\"WIN-OQ6R0RVA4NF\",\"Security\":{\"#attributes\":{\"UserID\":\"S-1-5-18\"}}},\"UserData\":{\"EventData\":{\"#attributes\":{\"xmlns\":\"Smb2Namespace\"},\"NotificationType\":3,\"InterfaceIndex\":0}}}}",
  "xml_fields": {
    "provider": "Microsoft-Windows-SMBServer",
    "event_id": "1040",
    "timestamp": "2023-10-26T04:17:21.667506Z",
    "event_record_id": "3",
    "level": "4",
    "task": "0",
    "opcode": "0",
    "keywords": "0x2000000000000200",
    "channel": "Microsoft-Windows-SMBServer/Operational",
    "computer": "WIN-OQ6R0RVA4NF",
    "NotificationType": "3",
    "InterfaceIndex": "0"
  },
  "json_fields": {
    "provider": "Microsoft-Windows-SMBServer",
    "channel": "Microsoft-Windows-SMBServer/Operational",
    "event_id": "1040",
    "timestamp": "2023-10-26T04:17:21.667506Z",
    "event_record_id": "3",
    "level": "4",
    "task": "0",
    "opcode": "0",
    "keywords": "0x2000000000000200",
    "computer": "WIN-OQ6R0RVA4NF",
    "NotificationType": "3",
    "InterfaceIndex": "0"
  }
}