{
  "event_id": "10400",
  "provider": "Microsoft-Windows-NDIS",
  "channel": "System",
  "source_file": "D:\\visual code file\\Project_4\\Event-Analyzer\\test\\Benign\\Logs_Win11_2023\\System.evtx",
  "event_record_id": 2130,
  "xml": "<?xml version=\"1.0\" encoding=\"utf-8\"?>\n<Event xmlns=\"http://schemas.microsoft.com/win/2004/08/events/event\">\n  <System>\n    <Provider Name=\"Microsoft-Windows-NDIS\" Guid=\"CDEAD503-17F5-4A3E-B7AE-DF8CC2902EB9\">\n    </Provider>\n    <EventID>10400</EventID>\n    <Version>0</Version>\n    <Level>3</Level>\n    <Task>0</Task>\n    <Opcode>0</Opcode>\n    <Keywords>0x2000000000000000</Keywords>\n    <TimeCreated SystemTime=\"2023-11-06T00:48:47.114838Z\">\n    </TimeCreated>\n    <EventRecordID>2130</EventRecordID>\n    <Correlation ActivityID=\"3D03B11E-98A0-4304-84E2-CD3AAE8EFE1D\">\n    </Correlation>\n    <Execution ProcessID=\"4\" ThreadID=\"368\">\n    </Execution>\n    <Channel>System</Channel>\n    <Computer>WinDev2310Eval</Computer>\n    <Security>\n    </Security>\n  </System>\n  <EventData>\n    <Data Name=\"IfGuid\">3D03B11E-98A0-4304-84E2-CD3AAE8EFE1D</Data>\n    <Data Name=\"IfIndex\">4</Data>\n    <Data Name=\"IfLuid\">1689399649632256</Data>\n    <Data Name=\"AdapterName\">Intel(R) PRO/1000 MT Network Connection #2</Data>\n    <Data Name=\"ResetReason\">1</Data>\n    <Data Name=\"ResetCount\">1</Data>\n  </EventData>\n</Event>\n",
  "json": "{\"Event\":{\"#attributes\":{\"xmlns\":\"http://schemas.microsoft.com/win/2004/08/events/event\"},\"System\":{\"Provider\":{\"#attributes\":{\"Name\":\"Microsoft-Windows-NDIS\",\"Guid\":\"CDEAD503-17F5-4A3E-B7AE-DF8CC2902EB9\"}},\"EventID\":10400,\"Version\":0,\"Level\":3,\"Task\":0,\"Opcode\":0,\"Keywords\":\"0x2000000000000000\",\"TimeCreated\":{\"#attributes\":{\"SystemTime\":\"2023-11-06T00:48:47.114838Z\"}},\"EventRecordID\":2130,\"Correlation\":{\"#attributes\":{\"ActivityID\":\"3D03B11E-98A0-4304-84E2-CD3AAE8EFE1D\"}},\"Execution\":{\"#attributes\":{\"ProcessID\":4,\"ThreadID\":368}},\"Channel\":\"System\",\"Computer\":\"WinDev2310Eval\",\"Security\":null},\"EventData\":{\"IfGuid\":\"3D03B11E-98A0-4304-84E2-CD3AAE8EFE1D\",\"IfIndex\":4,\"IfLuid\":1689399649632256,\"AdapterName\":\"Intel(R) PRO/1000 MT Network Connection #2\",\"ResetReason\":1,\"ResetCount\":1}}}",
  "xml_fields": {
    "provider": "Microsoft-Windows-NDIS",
    "event_id": "10400",
    "timestamp": "2023-11-06T00:48:47.114838Z",
    "event_record_id": "2130",
    "level": "3",
    "task": "0",
    "opcode": "0",
    "keywords": "0x2000000000000000",
    "channel": "System",
    "computer": "WinDev2310Eval",
    "IfGuid": "3D03B11E-98A0-4304-84E2-CD3AAE8EFE1D",
    "IfIndex": "4",
    "IfLuid": "1689399649632256",
    "AdapterName": "Intel(R) PRO/1000 MT Network Connection #2",
    "ResetReason": "1",
    "ResetCount": "1"
  },
  "json_fields": {
    "provider": "Microsoft-Windows-NDIS",
    "channel": "System",
    "event_id": "10400",
    "timestamp": "2023-11-06T00:48:47.114838Z",
    "event_record_id": "2130",
    "level": "3",
    "task": "0",
    "opcode": "0",
    "keywords": "0x2000000000000000",
    "computer": "WinDev2310Eval",
    "IfGuid": "3D03B11E-98A0-4304-84E2-CD3AAE8EFE1D",
    "IfIndex": "4",
    "IfLuid": "1689399649632256",
    "AdapterName": "Intel(R) PRO/1000 MT Network Connection #2",
    "ResetReason": "1",
    "ResetCount": "1"
  }
}