{
  "event_id": "1040",
  "provider": "Microsoft-Windows-Security-SPP",
  "channel": "Application",
  "source_file": "D:\\visual code file\\Project_4\\Event-Analyzer\\test\\Malicious\\EVTX-ATTACK-SAMPLES\\Execution\\rogue_msi_url_1040_1042.evtx",
  "event_record_id": 5,
  "xml": "<?xml version=\"1.0\" encoding=\"utf-8\"?>\n<Event xmlns=\"http://schemas.microsoft.com/win/2004/08/events/event\">\n  <System>\n    <Provider Name=\"Microsoft-Windows-Security-SPP\" Guid=\"{E23B33B0-C8C9-472C-A5F9-F2BDFEA0F156}\" EventSourceName=\"Software Protection Platform Service\">\n    </Provider>\n    <EventID Qualifiers=\"16384\">1040</EventID>\n    <Version>0</Version>\n    <Level>4</Level>\n    <Task>0</Task>\n    <Opcode>0</Opcode>\n    <Keywords>0x80000000000000</Keywords>\n    <TimeCreated SystemTime=\"2019-03-23T18:35:40.000000Z\">\n    </TimeCreated>\n    <EventRecordID>2575</EventRecordID>\n    <Correlation>\n    </Correlation>\n    <Execution ProcessID=\"0\" ThreadID=\"0\">\n    </Execution>\n    <Channel>Application</Channel>\n    <Computer>User-PC</Computer>\n    <Security>\n    </Security>\n  </System>\n  <EventData>\n    <Data>55c92734-d682-4d71-983e-d6ec3f16059f</Data>\n    <Data>e838d943-63ed-4a0b-9fb1-47152908acc9</Data>\n    <Binary>580000000A002A0000000000020001000100000001000000010001000100E86146A99ED652C8FC4D1E07FD0A396A6C3A0D0001000101000201000301000401000500000601000700000801000901000A01000C01000000002A0000000000020001000100000001000000010001000100E86146A99ED652C8FC4D1E07FD0A396A02D6</Binary>\n  </EventData>\n</Event>\n",
  "json": "{\"Event\":{\"#attributes\":{\"xmlns\":\"http://schemas.microsoft.com/win/2004/08/events/event\"},\"System\":{\"Provider\":{\"#attributes\":{\"Name\":\"Microsoft-Windows-Security-SPP\",\"Guid\":\"{E23B33B0-C8C9-472C-A5F9-F2BDFEA0F156}\",\"EventSourceName\":\"Software Protection Platform Service\"}},\"EventID\":{\"#attributes\":{\"Qualifiers\":16384},\"#text\":1040},\"Version\":0,\"Level\":4,\"Task\":0,\"Opcode\":0,\"Keywords\":\"0x80000000000000\",\"TimeCreated\":{\"#attributes\":{\"SystemTime\":\"2019-03-23T18:35:40.000000Z\"}},\"EventRecordID\":2575,\"Correlation\":null,\"Execution\":{\"#attributes\":{\"ProcessID\":0,\"ThreadID\":0}},\"Channel\":\"Application\",\"Computer\":\"User-PC\",\"Security\":null},\"EventData\":{\"Data\":{\"#text\":[\"55c92734-d682-4d71-983e-d6ec3f16059f\",\"e838d943-63ed-4a0b-9fb1-47152908acc9\"]},\"Binary\":\"580000000A002A0000000000020001000100000001000000010001000100E86146A99ED652C8FC4D1E07FD0A396A6C3A0D0001000101000201000301000401000500000601000700000801000901000A01000C01000000002A0000000000020001000100000001000000010001000100E86146A99ED652C8FC4D1E07FD0A396A02D6\"}}}",
  "xml_fields": {
    "provider": "Microsoft-Windows-Security-SPP",
    "event_id": "1040",
    "timestamp": "2019-03-23T18:35:40.000000Z",
    "event_record_id": "2575",
    "level": "4",
    "task": "0",
    "opcode": "0",
    "keywords": "0x80000000000000",
    "channel": "Application",
    "computer": "User-PC",
    "_data_0": "55c92734-d682-4d71-983e-d6ec3f16059f",
    "_data_1": "e838d943-63ed-4a0b-9fb1-47152908acc9",
    "Binary": "580000000A002A0000000000020001000100000001000000010001000100E86146A99ED652C8FC4D1E07FD0A396A6C3A0D0001000101000201000301000401000500000601000700000801000901000A01000C01000000002A0000000000020001000100000001000000010001000100E86146A99ED652C8FC4D1E07FD0A396A02D6"
  },
  "json_fields": {
    "provider": "Microsoft-Windows-Security-SPP",
    "channel": "Application",
    "event_id": "1040",
    "timestamp": "2019-03-23T18:35:40.000000Z",
    "event_record_id": "2575",
    "level": "4",
    "task": "0",
    "opcode": "0",
    "keywords": "0x80000000000000",
    "computer": "User-PC",
    "_data_0": "55c92734-d682-4d71-983e-d6ec3f16059f",
    "_data_1": "e838d943-63ed-4a0b-9fb1-47152908acc9",
    "Binary": "580000000A002A0000000000020001000100000001000000010001000100E86146A99ED652C8FC4D1E07FD0A396A6C3A0D0001000101000201000301000401000500000601000700000801000901000A01000C01000000002A0000000000020001000100000001000000010001000100E86146A99ED652C8FC4D1E07FD0A396A02D6"
  }
}