{
  "event_id": "104",
  "provider": "Microsoft-Windows-DirectoryServices-Deployment",
  "channel": "Microsoft-Windows-DirectoryServices-Deployment/Operational",
  "source_file": "D:\\visual code file\\Project_4\\Event-Analyzer\\test\\Benign\\Win2022-AD\\Microsoft-Windows-DirectoryServices-Deployment%4Operational.evtx",
  "event_record_id": 128,
  "xml": "<?xml version=\"1.0\" encoding=\"utf-8\"?>\n<Event xmlns=\"http://schemas.microsoft.com/win/2004/08/events/event\">\n  <System>\n    <Provider Name=\"Microsoft-Windows-DirectoryServices-Deployment\" Guid=\"71B4B0DA-68D5-4925-9F9B-61750F989527\">\n    </Provider>\n    <EventID>104</EventID>\n    <Version>0</Version>\n    <Level>3</Level>\n    <Task>1</Task>\n    <Opcode>0</Opcode>\n    <Keywords>0x4000000000000000</Keywords>\n    <TimeCreated SystemTime=\"2022-04-07T17:10:43.778531Z\">\n    </TimeCreated>\n    <EventRecordID>128</EventRecordID>\n    <Correlation ActivityID=\"DD7B0B6A-4A9E-0001-F797-7BDD9E4AD801\">\n    </Correlation>\n    <Execution ProcessID=\"5272\" ThreadID=\"1872\">\n    </Execution>\n    <Channel>Microsoft-Windows-DirectoryServices-Deployment/Operational</Channel>\n    <Computer>WIN-FPV0DSIC9O6</Computer>\n    <Security UserID=\"S-1-5-21-2121334350-1110938707-2888912545-500\">\n    </Security>\n  </System>\n  <EventData>\n    <Data Name=\"Prop_UnicodeString\">Windows Server 2022 domain controllers have a default for the security setting named \"Allow cryptography algorithms compatible with Windows NT 4.0\" that prevents weaker cryptography algorithms when establishing security channel sessions.\r\n\r\nFor more information about this setting, see Knowledge Base article 942564 (http://go.microsoft.com/fwlink/?LinkId=104751).</Data>\n  </EventData>\n</Event>\n",
  "json": "{\"Event\":{\"#attributes\":{\"xmlns\":\"http://schemas.microsoft.com/win/2004/08/events/event\"},\"System\":{\"Provider\":{\"#attributes\":{\"Name\":\"Microsoft-Windows-DirectoryServices-Deployment\",\"Guid\":\"71B4B0DA-68D5-4925-9F9B-61750F989527\"}},\"EventID\":104,\"Version\":0,\"Level\":3,\"Task\":1,\"Opcode\":0,\"Keywords\":\"0x4000000000000000\",\"TimeCreated\":{\"#attributes\":{\"SystemTime\":\"2022-04-07T17:10:43.778531Z\"}},\"EventRecordID\":128,\"Correlation\":{\"#attributes\":{\"ActivityID\":\"DD7B0B6A-4A9E-0001-F797-7BDD9E4AD801\"}},\"Execution\":{\"#attributes\":{\"ProcessID\":5272,\"ThreadID\":1872}},\"Channel\":\"Microsoft-Windows-DirectoryServices-Deployment/Operational\",\"Computer\":\"WIN-FPV0DSIC9O6\",\"Security\":{\"#attributes\":{\"UserID\":\"S-1-5-21-2121334350-1110938707-2888912545-500\"}}},\"EventData\":{\"Prop_UnicodeString\":\"Windows Server 2022 domain controllers have a default for the security setting named \\\"Allow cryptography algorithms compatible with Windows NT 4.0\\\" that prevents weaker cryptography algorithms when establishing security channel sessions.\\r\\n\\r\\nFor more information about this setting, see Knowledge Base article 942564 (http://go.microsoft.com/fwlink/?LinkId=104751).\"}}}",
  "xml_fields": {
    "provider": "Microsoft-Windows-DirectoryServices-Deployment",
    "event_id": "104",
    "timestamp": "2022-04-07T17:10:43.778531Z",
    "event_record_id": "128",
    "level": "3",
    "task": "1",
    "opcode": "0",
    "keywords": "0x4000000000000000",
    "channel": "Microsoft-Windows-DirectoryServices-Deployment/Operational",
    "computer": "WIN-FPV0DSIC9O6",
    "Prop_UnicodeString": "Windows Server 2022 domain controllers have a default for the security setting named \"Allow cryptography algorithms compatible with Windows NT 4.0\" that prevents weaker cryptography algorithms when establishing security channel sessions.\n\nFor more information about this setting, see Knowledge Base article 942564 (http://go.microsoft.com/fwlink/?LinkId=104751)."
  },
  "json_fields": {
    "provider": "Microsoft-Windows-DirectoryServices-Deployment",
    "channel": "Microsoft-Windows-DirectoryServices-Deployment/Operational",
    "event_id": "104",
    "timestamp": "2022-04-07T17:10:43.778531Z",
    "event_record_id": "128",
    "level": "3",
    "task": "1",
    "opcode": "0",
    "keywords": "0x4000000000000000",
    "computer": "WIN-FPV0DSIC9O6",
    "Prop_UnicodeString": "Windows Server 2022 domain controllers have a default for the security setting named \"Allow cryptography algorithms compatible with Windows NT 4.0\" that prevents weaker cryptography algorithms when establishing security channel sessions.\r\n\r\nFor more information about this setting, see Knowledge Base article 942564 (http://go.microsoft.com/fwlink/?LinkId=104751)."
  }
}