{
  "event_id": "104",
  "provider": "Microsoft-Windows-Eventlog",
  "channel": "System",
  "source_file": "D:\\visual code file\\Project_4\\Event-Analyzer\\test\\Logs\\System.evtx",
  "event_record_id": 988,
  "xml": "<?xml version=\"1.0\" encoding=\"utf-8\"?>\n<Event xmlns=\"http://schemas.microsoft.com/win/2004/08/events/event\">\n  <System>\n    <Provider Name=\"Microsoft-Windows-Eventlog\" Guid=\"{fc65ddd8-d6ef-4962-83d5-6e5cfe9ce148}\">\n    </Provider>\n    <EventID>104</EventID>\n    <Version>0</Version>\n    <Level>4</Level>\n    <Task>104</Task>\n    <Opcode>0</Opcode>\n    <Keywords>0x8000000000000000</Keywords>\n    <TimeCreated SystemTime=\"2025-01-24T10:28:46.919605Z\">\n    </TimeCreated>\n    <EventRecordID>988</EventRecordID>\n    <Correlation>\n    </Correlation>\n    <Execution ProcessID=\"1224\" ThreadID=\"5048\">\n    </Execution>\n    <Channel>System</Channel>\n    <Computer>CTO-FILESVR</Computer>\n    <Security UserID=\"S-1-5-21-3088055692-629932344-1786574096-1003\">\n    </Security>\n  </System>\n  <UserData>\n    <LogFileCleared xmlns=\"http://manifests.microsoft.com/win/2004/08/windows/eventlog\">\n      <SubjectUserName>Dutch</SubjectUserName>\n      <SubjectDomainName>CTO-FILESVR</SubjectDomainName>\n      <Channel>System</Channel>\n      <BackupPath></BackupPath>\n    </LogFileCleared>\n  </UserData>\n</Event>\n",
  "json": "{\"Event\":{\"#attributes\":{\"xmlns\":\"http://schemas.microsoft.com/win/2004/08/events/event\"},\"System\":{\"Provider\":{\"#attributes\":{\"Name\":\"Microsoft-Windows-Eventlog\",\"Guid\":\"{fc65ddd8-d6ef-4962-83d5-6e5cfe9ce148}\"}},\"EventID\":104,\"Version\":0,\"Level\":4,\"Task\":104,\"Opcode\":0,\"Keywords\":\"0x8000000000000000\",\"TimeCreated\":{\"#attributes\":{\"SystemTime\":\"2025-01-24T10:28:46.919605Z\"}},\"EventRecordID\":988,\"Correlation\":null,\"Execution\":{\"#attributes\":{\"ProcessID\":1224,\"ThreadID\":5048}},\"Channel\":\"System\",\"Computer\":\"CTO-FILESVR\",\"Security\":{\"#attributes\":{\"UserID\":\"S-1-5-21-3088055692-629932344-1786574096-1003\"}}},\"UserData\":{\"LogFileCleared\":{\"#attributes\":{\"xmlns\":\"http://manifests.microsoft.com/win/2004/08/windows/eventlog\"},\"SubjectUserName\":\"Dutch\",\"SubjectDomainName\":\"CTO-FILESVR\",\"Channel\":\"System\",\"BackupPath\":null}}}}",
  "xml_fields": {
    "provider": "Microsoft-Windows-Eventlog",
    "event_id": "104",
    "timestamp": "2025-01-24T10:28:46.919605Z",
    "event_record_id": "988",
    "level": "4",
    "task": "104",
    "opcode": "0",
    "keywords": "0x8000000000000000",
    "channel": "System",
    "computer": "CTO-FILESVR",
    "SubjectUserName": "Dutch",
    "SubjectDomainName": "CTO-FILESVR",
    "Channel": "System"
  },
  "json_fields": {
    "provider": "Microsoft-Windows-Eventlog",
    "channel": "System",
    "event_id": "104",
    "timestamp": "2025-01-24T10:28:46.919605Z",
    "event_record_id": "988",
    "level": "4",
    "task": "104",
    "opcode": "0",
    "keywords": "0x8000000000000000",
    "computer": "CTO-FILESVR",
    "SubjectUserName": "Dutch",
    "SubjectDomainName": "CTO-FILESVR",
    "Channel": "System"
  }
}