{
  "event_id": "1056",
  "provider": "Microsoft-Windows-TerminalServices-RemoteConnectionManager",
  "channel": "System",
  "source_file": "D:\\visual code file\\Project_4\\Event-Analyzer\\test\\Benign\\win2022-0-20348-azure\\System.evtx",
  "event_record_id": 871,
  "xml": "<?xml version=\"1.0\" encoding=\"utf-8\"?>\n<Event xmlns=\"http://schemas.microsoft.com/win/2004/08/events/event\">\n  <System>\n    <Provider Name=\"Microsoft-Windows-TerminalServices-RemoteConnectionManager\" Guid=\"{C76BAA63-AE81-421C-B425-340B4B24157F}\" EventSourceName=\"TermService\">\n    </Provider>\n    <EventID Qualifiers=\"49152\">1056</EventID>\n    <Version>0</Version>\n    <Level>4</Level>\n    <Task>0</Task>\n    <Opcode>0</Opcode>\n    <Keywords>0x80000000000000</Keywords>\n    <TimeCreated SystemTime=\"2022-09-18T09:13:22.788772Z\">\n    </TimeCreated>\n    <EventRecordID>871</EventRecordID>\n    <Correlation>\n    </Correlation>\n    <Execution ProcessID=\"0\" ThreadID=\"0\">\n    </Execution>\n    <Channel>System</Channel>\n    <Computer>Agamemnon</Computer>\n    <Security>\n    </Security>\n  </System>\n  <EventData>\n    <Data>Agamemnon</Data>\n    <Binary>085A6DB026D51D8A2AC40AD78A4EEE54D16266A5</Binary>\n  </EventData>\n</Event>\n",
  "json": "{\"Event\":{\"#attributes\":{\"xmlns\":\"http://schemas.microsoft.com/win/2004/08/events/event\"},\"System\":{\"Provider\":{\"#attributes\":{\"Name\":\"Microsoft-Windows-TerminalServices-RemoteConnectionManager\",\"Guid\":\"{C76BAA63-AE81-421C-B425-340B4B24157F}\",\"EventSourceName\":\"TermService\"}},\"EventID\":{\"#attributes\":{\"Qualifiers\":49152},\"#text\":1056},\"Version\":0,\"Level\":4,\"Task\":0,\"Opcode\":0,\"Keywords\":\"0x80000000000000\",\"TimeCreated\":{\"#attributes\":{\"SystemTime\":\"2022-09-18T09:13:22.788772Z\"}},\"EventRecordID\":871,\"Correlation\":null,\"Execution\":{\"#attributes\":{\"ProcessID\":0,\"ThreadID\":0}},\"Channel\":\"System\",\"Computer\":\"Agamemnon\",\"Security\":null},\"EventData\":{\"Data\":{\"#text\":\"Agamemnon\"},\"Binary\":\"085A6DB026D51D8A2AC40AD78A4EEE54D16266A5\"}}}",
  "xml_fields": {
    "provider": "Microsoft-Windows-TerminalServices-RemoteConnectionManager",
    "event_id": "1056",
    "timestamp": "2022-09-18T09:13:22.788772Z",
    "event_record_id": "871",
    "level": "4",
    "task": "0",
    "opcode": "0",
    "keywords": "0x80000000000000",
    "channel": "System",
    "computer": "Agamemnon",
    "_data_0": "Agamemnon",
    "Binary": "085A6DB026D51D8A2AC40AD78A4EEE54D16266A5"
  },
  "json_fields": {
    "provider": "Microsoft-Windows-TerminalServices-RemoteConnectionManager",
    "channel": "System",
    "event_id": "1056",
    "timestamp": "2022-09-18T09:13:22.788772Z",
    "event_record_id": "871",
    "level": "4",
    "task": "0",
    "opcode": "0",
    "keywords": "0x80000000000000",
    "computer": "Agamemnon",
    "Data": "Agamemnon",
    "Binary": "085A6DB026D51D8A2AC40AD78A4EEE54D16266A5"
  }
}