{
  "event_id": "105",
  "provider": "Microsoft-Windows-StateRepository",
  "channel": "Microsoft-Windows-StateRepository/Operational",
  "source_file": "D:\\visual code file\\Project_4\\Event-Analyzer\\test\\Logs\\Microsoft-Windows-StateRepository%4Operational.evtx",
  "event_record_id": 106,
  "xml": "<?xml version=\"1.0\" encoding=\"utf-8\"?>\n<Event xmlns=\"http://schemas.microsoft.com/win/2004/08/events/event\">\n  <System>\n    <Provider Name=\"Microsoft-Windows-StateRepository\" Guid=\"89592015-D996-4636-8F61-066B5D4DD739\">\n    </Provider>\n    <EventID>105</EventID>\n    <Version>0</Version>\n    <Level>4</Level>\n    <Task>1</Task>\n    <Opcode>0</Opcode>\n    <Keywords>0x4000000000000001</Keywords>\n    <TimeCreated SystemTime=\"2024-11-05T01:34:13.688627Z\">\n    </TimeCreated>\n    <EventRecordID>106</EventRecordID>\n    <Correlation>\n    </Correlation>\n    <Execution ProcessID=\"1296\" ThreadID=\"1316\">\n    </Execution>\n    <Channel>Microsoft-Windows-StateRepository/Operational</Channel>\n    <Computer>DESKTOP-P9H5FTA</Computer>\n    <Security UserID=\"S-1-5-18\">\n    </Security>\n  </System>\n  <EventData>\n    <Data Name=\"ErrorCode\">0x11b</Data>\n    <Data Name=\"SQL\">recovered 208 frames from WAL file C:\\ProgramData\\Microsoft\\Windows\\AppRepository\\StateRepository-Machine.srd-wal</Data>\n  </EventData>\n</Event>\n",
  "json": "{\"Event\":{\"#attributes\":{\"xmlns\":\"http://schemas.microsoft.com/win/2004/08/events/event\"},\"System\":{\"Provider\":{\"#attributes\":{\"Name\":\"Microsoft-Windows-StateRepository\",\"Guid\":\"89592015-D996-4636-8F61-066B5D4DD739\"}},\"EventID\":105,\"Version\":0,\"Level\":4,\"Task\":1,\"Opcode\":0,\"Keywords\":\"0x4000000000000001\",\"TimeCreated\":{\"#attributes\":{\"SystemTime\":\"2024-11-05T01:34:13.688627Z\"}},\"EventRecordID\":106,\"Correlation\":null,\"Execution\":{\"#attributes\":{\"ProcessID\":1296,\"ThreadID\":1316}},\"Channel\":\"Microsoft-Windows-StateRepository/Operational\",\"Computer\":\"DESKTOP-P9H5FTA\",\"Security\":{\"#attributes\":{\"UserID\":\"S-1-5-18\"}}},\"EventData\":{\"ErrorCode\":\"0x11b\",\"SQL\":\"recovered 208 frames from WAL file C:\\\\ProgramData\\\\Microsoft\\\\Windows\\\\AppRepository\\\\StateRepository-Machine.srd-wal\"}}}",
  "xml_fields": {
    "provider": "Microsoft-Windows-StateRepository",
    "event_id": "105",
    "timestamp": "2024-11-05T01:34:13.688627Z",
    "event_record_id": "106",
    "level": "4",
    "task": "1",
    "opcode": "0",
    "keywords": "0x4000000000000001",
    "channel": "Microsoft-Windows-StateRepository/Operational",
    "computer": "DESKTOP-P9H5FTA",
    "ErrorCode": "0x11b",
    "SQL": "recovered 208 frames from WAL file C:\\ProgramData\\Microsoft\\Windows\\AppRepository\\StateRepository-Machine.srd-wal"
  },
  "json_fields": {
    "provider": "Microsoft-Windows-StateRepository",
    "channel": "Microsoft-Windows-StateRepository/Operational",
    "event_id": "105",
    "timestamp": "2024-11-05T01:34:13.688627Z",
    "event_record_id": "106",
    "level": "4",
    "task": "1",
    "opcode": "0",
    "keywords": "0x4000000000000001",
    "computer": "DESKTOP-P9H5FTA",
    "ErrorCode": "0x11b",
    "SQL": "recovered 208 frames from WAL file C:\\ProgramData\\Microsoft\\Windows\\AppRepository\\StateRepository-Machine.srd-wal"
  }
}