{
  "event_id": "105",
  "provider": "Microsoft-Windows-Immersive-Shell",
  "channel": "Microsoft-Windows-TWinUI/Operational",
  "source_file": "D:\\visual code file\\Project_4\\Event-Analyzer\\test\\Logs\\Microsoft-Windows-TWinUI%4Operational.evtx",
  "event_record_id": 1,
  "xml": "<?xml version=\"1.0\" encoding=\"utf-8\"?>\n<Event xmlns=\"http://schemas.microsoft.com/win/2004/08/events/event\">\n  <System>\n    <Provider Name=\"Microsoft-Windows-Immersive-Shell\" Guid=\"315A8872-923E-4EA2-9889-33CD4754BF64\">\n    </Provider>\n    <EventID>105</EventID>\n    <Version>0</Version>\n    <Level>4</Level>\n    <Task>104</Task>\n    <Opcode>0</Opcode>\n    <Keywords>0x4000000000000000</Keywords>\n    <TimeCreated SystemTime=\"2024-11-04T12:39:49.210418Z\">\n    </TimeCreated>\n    <EventRecordID>1</EventRecordID>\n    <Correlation>\n    </Correlation>\n    <Execution ProcessID=\"4484\" ThreadID=\"4916\">\n    </Execution>\n    <Channel>Microsoft-Windows-TWinUI/Operational</Channel>\n    <Computer>DESKTOP-P9H5FTA</Computer>\n    <Security UserID=\"S-1-5-21-3088055692-629932344-1786574096-1000\">\n    </Security>\n  </System>\n  <EventData>\n  </EventData>\n</Event>\n",
  "json": "{\"Event\":{\"#attributes\":{\"xmlns\":\"http://schemas.microsoft.com/win/2004/08/events/event\"},\"System\":{\"Provider\":{\"#attributes\":{\"Name\":\"Microsoft-Windows-Immersive-Shell\",\"Guid\":\"315A8872-923E-4EA2-9889-33CD4754BF64\"}},\"EventID\":105,\"Version\":0,\"Level\":4,\"Task\":104,\"Opcode\":0,\"Keywords\":\"0x4000000000000000\",\"TimeCreated\":{\"#attributes\":{\"SystemTime\":\"2024-11-04T12:39:49.210418Z\"}},\"EventRecordID\":1,\"Correlation\":null,\"Execution\":{\"#attributes\":{\"ProcessID\":4484,\"ThreadID\":4916}},\"Channel\":\"Microsoft-Windows-TWinUI/Operational\",\"Computer\":\"DESKTOP-P9H5FTA\",\"Security\":{\"#attributes\":{\"UserID\":\"S-1-5-21-3088055692-629932344-1786574096-1000\"}}},\"EventData\":null}}",
  "xml_fields": {
    "provider": "Microsoft-Windows-Immersive-Shell",
    "event_id": "105",
    "timestamp": "2024-11-04T12:39:49.210418Z",
    "event_record_id": "1",
    "level": "4",
    "task": "104",
    "opcode": "0",
    "keywords": "0x4000000000000000",
    "channel": "Microsoft-Windows-TWinUI/Operational",
    "computer": "DESKTOP-P9H5FTA"
  },
  "json_fields": {
    "provider": "Microsoft-Windows-Immersive-Shell",
    "channel": "Microsoft-Windows-TWinUI/Operational",
    "event_id": "105",
    "timestamp": "2024-11-04T12:39:49.210418Z",
    "event_record_id": "1",
    "level": "4",
    "task": "104",
    "opcode": "0",
    "keywords": "0x4000000000000000",
    "computer": "DESKTOP-P9H5FTA"
  }
}