{
  "event_id": "105",
  "provider": "Microsoft-Windows-Kernel-Cache",
  "channel": "Microsoft-Windows-Kernel-Cache/Operational",
  "source_file": "D:\\visual code file\\Project_4\\Event-Analyzer\\test\\Benign\\Logs_Win11\\Microsoft-Windows-Kernel-Cache%4Operational.evtx",
  "event_record_id": 29,
  "xml": "<?xml version=\"1.0\" encoding=\"utf-8\"?>\n<Event xmlns=\"http://schemas.microsoft.com/win/2004/08/events/event\">\n  <System>\n    <Provider Name=\"Microsoft-Windows-Kernel-Cache\" Guid=\"A2D34BF1-70AB-5B21-C819-5A0DD42748FD\">\n    </Provider>\n    <EventID>105</EventID>\n    <Version>1</Version>\n    <Level>4</Level>\n    <Task>105</Task>\n    <Opcode>0</Opcode>\n    <Keywords>0x8000000000000000</Keywords>\n    <TimeCreated SystemTime=\"2022-03-01T16:58:50.985742Z\">\n    </TimeCreated>\n    <EventRecordID>29</EventRecordID>\n    <Correlation>\n    </Correlation>\n    <Execution ProcessID=\"4\" ThreadID=\"440\">\n    </Execution>\n    <Channel>Microsoft-Windows-Kernel-Cache/Operational</Channel>\n    <Computer>DESKTOP-6D0DBMB</Computer>\n    <Security UserID=\"S-1-5-18\">\n    </Security>\n  </System>\n  <EventData>\n    <Data Name=\"VolumeDeviceGuid\">4A4B25B1-8AA6-412B-8C46-2E87F31C2941</Data>\n    <Data Name=\"PeriodDurationMicroSec\">914364760</Data>\n    <Data Name=\"SynchronousWriteIoCountsBucket1\">78065</Data>\n    <Data Name=\"SynchronousWriteIoCountsBucket2\">7961</Data>\n    <Data Name=\"SynchronousWriteIoCountsBucket3\">849</Data>\n    <Data Name=\"SynchronousWriteIoCountsBucket4\">94</Data>\n    <Data Name=\"SynchronousWriteIoCountsBucket5\">32</Data>\n    <Data Name=\"SynchronousWriteIoCountsBucket6\">5</Data>\n    <Data Name=\"SynchronousWriteIoCountsBucket7\">3</Data>\n    <Data Name=\"SynchronousWriteIoCountsBucket8\">5</Data>\n    <Data Name=\"SynchronousWriteIoCountsBucket9\">0</Data>\n    <Data Name=\"SynchronousWriteIoCountsBucket10\">0</Data>\n    <Data Name=\"SynchronousWriteIoCountsBucket11\">0</Data>\n    <Data Name=\"SynchronousWriteIoCountsBucket12\">0</Data>\n    <Data Name=\"SynchronousWriteTotalLatencyBucket1\">299529</Data>\n    <Data Name=\"SynchronousWriteTotalLatencyBucket2\">3323069</Data>\n    <Data Name=\"SynchronousWriteTotalLatencyBucket3\">1499616</Data>\n    <Data Name=\"SynchronousWriteTotalLatencyBucket4\">679898</Data>\n    <Data Name=\"SynchronousWriteTotalLatencyBucket5\">944467</Data>\n    <Data Name=\"SynchronousWriteTotalLatencyBucket6\">411660</Data>\n    <Data Name=\"SynchronousWriteTotalLatencyBucket7\">497050</Data>\n    <Data Name=\"SynchronousWriteTotalLatencyBucket8\">5171025</Data>\n    <Data Name=\"SynchronousWriteTotalLatencyBucket9\">0</Data>\n    <Data Name=\"SynchronousWriteTotalLatencyBucket10\">0</Data>\n    <Data Name=\"SynchronousWriteTotalLatencyBucket11\">0</Data>\n    <Data Name=\"SynchronousWriteTotalLatencyBucket12\">0</Data>\n    <Data Name=\"SynchronousWriteNonBlockingIoCountsBucket1\">306</Data>\n    <Data Name=\"SynchronousWriteNonBlockingIoCountsBucket2\">0</Data>\n    <Data Name=\"SynchronousWriteNonBlockingIoCountsBucket3\">0</Data>\n    <Data Name=\"SynchronousWriteNonBlockingIoCountsBucket4\">0</Data>\n    <Data Name=\"SynchronousWriteNonBlockingIoCountsBucket5\">0</Data>\n    <Data Name=\"SynchronousWriteNonBlockingIoCountsBucket6\">0</Data>\n    <Data Name=\"SynchronousWriteNonBlockingIoCountsBucket7\">0</Data>\n    <Data Name=\"SynchronousWriteNonBlockingIoCountsBucket8\">0</Data>\n    <Data Name=\"SynchronousWriteNonBlockingIoCountsBucket9\">0</Data>\n    <Data Name=\"SynchronousWriteNonBlockingIoCountsBucket10\">0</Data>\n    <Data Name=\"SynchronousWriteNonBlockingIoCountsBucket11\">0</Data>\n    <Data Name=\"SynchronousWriteNonBlockingIoCountsBucket12\">0</Data>\n    <Data Name=\"SynchronousWriteNonBlockingTotalLatencyBucket1\">0</Data>\n    <Data Name=\"SynchronousWriteNonBlockingTotalLatencyBucket2\">0</Data>\n    <Data Name=\"SynchronousWriteNonBlockingTotalLatencyBucket3\">0</Data>\n    <Data Name=\"SynchronousWriteNonBlockingTotalLatencyBucket4\">0</Data>\n    <Data Name=\"SynchronousWriteNonBlockingTotalLatencyBucket5\">0</Data>\n    <Data Name=\"SynchronousWriteNonBlockingTotalLatencyBucket6\">0</Data>\n    <Data Name=\"SynchronousWriteNonBlockingTotalLatencyBucket7\">0</Data>\n    <Data Name=\"SynchronousWriteNonBlockingTotalLatencyBucket8\">0</Data>\n    <Data Name=\"SynchronousWriteNonBlockingTotalLatencyBucket9\">0</Data>\n    <Data Name=\"SynchronousWriteNonBlockingTotalLatencyBucket10\">0</Data>\n    <Data Name=\"SynchronousWriteNonBlockingTotalLatencyBucket11\">0</Data>\n    <Data Name=\"SynchronousWriteNonBlockingTotalLatencyBucket12\">0</Data>\n  </EventData>\n</Event>\n",
  "json": "{\"Event\":{\"#attributes\":{\"xmlns\":\"http://schemas.microsoft.com/win/2004/08/events/event\"},\"System\":{\"Provider\":{\"#attributes\":{\"Name\":\"Microsoft-Windows-Kernel-Cache\",\"Guid\":\"A2D34BF1-70AB-5B21-C819-5A0DD42748FD\"}},\"EventID\":105,\"Version\":1,\"Level\":4,\"Task\":105,\"Opcode\":0,\"Keywords\":\"0x8000000000000000\",\"TimeCreated\":{\"#attributes\":{\"SystemTime\":\"2022-03-01T16:58:50.985742Z\"}},\"EventRecordID\":29,\"Correlation\":null,\"Execution\":{\"#attributes\":{\"ProcessID\":4,\"ThreadID\":440}},\"Channel\":\"Microsoft-Windows-Kernel-Cache/Operational\",\"Computer\":\"DESKTOP-6D0DBMB\",\"Security\":{\"#attributes\":{\"UserID\":\"S-1-5-18\"}}},\"EventData\":{\"VolumeDeviceGuid\":\"4A4B25B1-8AA6-412B-8C46-2E87F31C2941\",\"PeriodDurationMicroSec\":914364760,\"SynchronousWriteIoCountsBucket1\":78065,\"SynchronousWriteIoCountsBucket2\":7961,\"SynchronousWriteIoCountsBucket3\":849,\"SynchronousWriteIoCountsBucket4\":94,\"SynchronousWriteIoCountsBucket5\":32,\"SynchronousWriteIoCountsBucket6\":5,\"SynchronousWriteIoCountsBucket7\":3,\"SynchronousWriteIoCountsBucket8\":5,\"SynchronousWriteIoCountsBucket9\":0,\"SynchronousWriteIoCountsBucket10\":0,\"SynchronousWriteIoCountsBucket11\":0,\"SynchronousWriteIoCountsBucket12\":0,\"SynchronousWriteTotalLatencyBucket1\":299529,\"SynchronousWriteTotalLatencyBucket2\":3323069,\"SynchronousWriteTotalLatencyBucket3\":1499616,\"SynchronousWriteTotalLatencyBucket4\":679898,\"SynchronousWriteTotalLatencyBucket5\":944467,\"SynchronousWriteTotalLatencyBucket6\":411660,\"SynchronousWriteTotalLatencyBucket7\":497050,\"SynchronousWriteTotalLatencyBucket8\":5171025,\"SynchronousWriteTotalLatencyBucket9\":0,\"SynchronousWriteTotalLatencyBucket10\":0,\"SynchronousWriteTotalLatencyBucket11\":0,\"SynchronousWriteTotalLatencyBucket12\":0,\"SynchronousWriteNonBlockingIoCountsBucket1\":306,\"SynchronousWriteNonBlockingIoCountsBucket2\":0,\"SynchronousWriteNonBlockingIoCountsBucket3\":0,\"SynchronousWriteNonBlockingIoCountsBucket4\":0,\"SynchronousWriteNonBlockingIoCountsBucket5\":0,\"SynchronousWriteNonBlockingIoCountsBucket6\":0,\"SynchronousWriteNonBlockingIoCountsBucket7\":0,\"SynchronousWriteNonBlockingIoCountsBucket8\":0,\"SynchronousWriteNonBlockingIoCountsBucket9\":0,\"SynchronousWriteNonBlockingIoCountsBucket10\":0,\"SynchronousWriteNonBlockingIoCountsBucket11\":0,\"SynchronousWriteNonBlockingIoCountsBucket12\":0,\"SynchronousWriteNonBlockingTotalLatencyBucket1\":0,\"SynchronousWriteNonBlockingTotalLatencyBucket2\":0,\"SynchronousWriteNonBlockingTotalLatencyBucket3\":0,\"SynchronousWriteNonBlockingTotalLatencyBucket4\":0,\"SynchronousWriteNonBlockingTotalLatencyBucket5\":0,\"SynchronousWriteNonBlockingTotalLatencyBucket6\":0,\"SynchronousWriteNonBlockingTotalLatencyBucket7\":0,\"SynchronousWriteNonBlockingTotalLatencyBucket8\":0,\"SynchronousWriteNonBlockingTotalLatencyBucket9\":0,\"SynchronousWriteNonBlockingTotalLatencyBucket10\":0,\"SynchronousWriteNonBlockingTotalLatencyBucket11\":0,\"SynchronousWriteNonBlockingTotalLatencyBucket12\":0}}}",
  "xml_fields": {
    "provider": "Microsoft-Windows-Kernel-Cache",
    "event_id": "105",
    "timestamp": "2022-03-01T16:58:50.985742Z",
    "event_record_id": "29",
    "level": "4",
    "task": "105",
    "opcode": "0",
    "keywords": "0x8000000000000000",
    "channel": "Microsoft-Windows-Kernel-Cache/Operational",
    "computer": "DESKTOP-6D0DBMB",
    "VolumeDeviceGuid": "4A4B25B1-8AA6-412B-8C46-2E87F31C2941",
    "PeriodDurationMicroSec": "914364760",
    "SynchronousWriteIoCountsBucket1": "78065",
    "SynchronousWriteIoCountsBucket2": "7961",
    "SynchronousWriteIoCountsBucket3": "849",
    "SynchronousWriteIoCountsBucket4": "94",
    "SynchronousWriteIoCountsBucket5": "32",
    "SynchronousWriteIoCountsBucket6": "5",
    "SynchronousWriteIoCountsBucket7": "3",
    "SynchronousWriteIoCountsBucket8": "5",
    "SynchronousWriteIoCountsBucket9": "0",
    "SynchronousWriteIoCountsBucket10": "0",
    "SynchronousWriteIoCountsBucket11": "0",
    "SynchronousWriteIoCountsBucket12": "0",
    "SynchronousWriteTotalLatencyBucket1": "299529",
    "SynchronousWriteTotalLatencyBucket2": "3323069",
    "SynchronousWriteTotalLatencyBucket3": "1499616",
    "SynchronousWriteTotalLatencyBucket4": "679898",
    "SynchronousWriteTotalLatencyBucket5": "944467",
    "SynchronousWriteTotalLatencyBucket6": "411660",
    "SynchronousWriteTotalLatencyBucket7": "497050",
    "SynchronousWriteTotalLatencyBucket8": "5171025",
    "SynchronousWriteTotalLatencyBucket9": "0",
    "SynchronousWriteTotalLatencyBucket10": "0",
    "SynchronousWriteTotalLatencyBucket11": "0",
    "SynchronousWriteTotalLatencyBucket12": "0",
    "SynchronousWriteNonBlockingIoCountsBucket1": "306",
    "SynchronousWriteNonBlockingIoCountsBucket2": "0",
    "SynchronousWriteNonBlockingIoCountsBucket3": "0",
    "SynchronousWriteNonBlockingIoCountsBucket4": "0",
    "SynchronousWriteNonBlockingIoCountsBucket5": "0",
    "SynchronousWriteNonBlockingIoCountsBucket6": "0",
    "SynchronousWriteNonBlockingIoCountsBucket7": "0",
    "SynchronousWriteNonBlockingIoCountsBucket8": "0",
    "SynchronousWriteNonBlockingIoCountsBucket9": "0",
    "SynchronousWriteNonBlockingIoCountsBucket10": "0",
    "SynchronousWriteNonBlockingIoCountsBucket11": "0",
    "SynchronousWriteNonBlockingIoCountsBucket12": "0",
    "SynchronousWriteNonBlockingTotalLatencyBucket1": "0",
    "SynchronousWriteNonBlockingTotalLatencyBucket2": "0",
    "SynchronousWriteNonBlockingTotalLatencyBucket3": "0",
    "SynchronousWriteNonBlockingTotalLatencyBucket4": "0",
    "SynchronousWriteNonBlockingTotalLatencyBucket5": "0",
    "SynchronousWriteNonBlockingTotalLatencyBucket6": "0",
    "SynchronousWriteNonBlockingTotalLatencyBucket7": "0",
    "SynchronousWriteNonBlockingTotalLatencyBucket8": "0",
    "SynchronousWriteNonBlockingTotalLatencyBucket9": "0",
    "SynchronousWriteNonBlockingTotalLatencyBucket10": "0",
    "SynchronousWriteNonBlockingTotalLatencyBucket11": "0",
    "SynchronousWriteNonBlockingTotalLatencyBucket12": "0"
  },
  "json_fields": {
    "provider": "Microsoft-Windows-Kernel-Cache",
    "channel": "Microsoft-Windows-Kernel-Cache/Operational",
    "event_id": "105",
    "timestamp": "2022-03-01T16:58:50.985742Z",
    "event_record_id": "29",
    "level": "4",
    "task": "105",
    "opcode": "0",
    "keywords": "0x8000000000000000",
    "computer": "DESKTOP-6D0DBMB",
    "VolumeDeviceGuid": "4A4B25B1-8AA6-412B-8C46-2E87F31C2941",
    "PeriodDurationMicroSec": "914364760",
    "SynchronousWriteIoCountsBucket1": "78065",
    "SynchronousWriteIoCountsBucket2": "7961",
    "SynchronousWriteIoCountsBucket3": "849",
    "SynchronousWriteIoCountsBucket4": "94",
    "SynchronousWriteIoCountsBucket5": "32",
    "SynchronousWriteIoCountsBucket6": "5",
    "SynchronousWriteIoCountsBucket7": "3",
    "SynchronousWriteIoCountsBucket8": "5",
    "SynchronousWriteIoCountsBucket9": "0",
    "SynchronousWriteIoCountsBucket10": "0",
    "SynchronousWriteIoCountsBucket11": "0",
    "SynchronousWriteIoCountsBucket12": "0",
    "SynchronousWriteTotalLatencyBucket1": "299529",
    "SynchronousWriteTotalLatencyBucket2": "3323069",
    "SynchronousWriteTotalLatencyBucket3": "1499616",
    "SynchronousWriteTotalLatencyBucket4": "679898",
    "SynchronousWriteTotalLatencyBucket5": "944467",
    "SynchronousWriteTotalLatencyBucket6": "411660",
    "SynchronousWriteTotalLatencyBucket7": "497050",
    "SynchronousWriteTotalLatencyBucket8": "5171025",
    "SynchronousWriteTotalLatencyBucket9": "0",
    "SynchronousWriteTotalLatencyBucket10": "0",
    "SynchronousWriteTotalLatencyBucket11": "0",
    "SynchronousWriteTotalLatencyBucket12": "0",
    "SynchronousWriteNonBlockingIoCountsBucket1": "306",
    "SynchronousWriteNonBlockingIoCountsBucket2": "0",
    "SynchronousWriteNonBlockingIoCountsBucket3": "0",
    "SynchronousWriteNonBlockingIoCountsBucket4": "0",
    "SynchronousWriteNonBlockingIoCountsBucket5": "0",
    "SynchronousWriteNonBlockingIoCountsBucket6": "0",
    "SynchronousWriteNonBlockingIoCountsBucket7": "0",
    "SynchronousWriteNonBlockingIoCountsBucket8": "0",
    "SynchronousWriteNonBlockingIoCountsBucket9": "0",
    "SynchronousWriteNonBlockingIoCountsBucket10": "0",
    "SynchronousWriteNonBlockingIoCountsBucket11": "0",
    "SynchronousWriteNonBlockingIoCountsBucket12": "0",
    "SynchronousWriteNonBlockingTotalLatencyBucket1": "0",
    "SynchronousWriteNonBlockingTotalLatencyBucket2": "0",
    "SynchronousWriteNonBlockingTotalLatencyBucket3": "0",
    "SynchronousWriteNonBlockingTotalLatencyBucket4": "0",
    "SynchronousWriteNonBlockingTotalLatencyBucket5": "0",
    "SynchronousWriteNonBlockingTotalLatencyBucket6": "0",
    "SynchronousWriteNonBlockingTotalLatencyBucket7": "0",
    "SynchronousWriteNonBlockingTotalLatencyBucket8": "0",
    "SynchronousWriteNonBlockingTotalLatencyBucket9": "0",
    "SynchronousWriteNonBlockingTotalLatencyBucket10": "0",
    "SynchronousWriteNonBlockingTotalLatencyBucket11": "0",
    "SynchronousWriteNonBlockingTotalLatencyBucket12": "0"
  }
}