{
  "event_id": "105",
  "provider": "Microsoft-Windows-Diagnosis-DPS",
  "channel": "Microsoft-Windows-Diagnosis-DPS/Operational",
  "source_file": "D:\\visual code file\\Project_4\\Event-Analyzer\\test\\Logs\\Microsoft-Windows-Diagnosis-DPS%4Operational.evtx",
  "event_record_id": 2,
  "xml": "<?xml version=\"1.0\" encoding=\"utf-8\"?>\n<Event xmlns=\"http://schemas.microsoft.com/win/2004/08/events/event\">\n  <System>\n    <Provider Name=\"Microsoft-Windows-Diagnosis-DPS\" Guid=\"6BBA3851-2C7E-4DEA-8F54-31E5AFD029E3\">\n    </Provider>\n    <EventID>105</EventID>\n    <Version>0</Version>\n    <Level>4</Level>\n    <Task>1</Task>\n    <Opcode>13</Opcode>\n    <Keywords>0x4000000800000000</Keywords>\n    <TimeCreated SystemTime=\"2024-11-04T12:36:29.096472Z\">\n    </TimeCreated>\n    <EventRecordID>2</EventRecordID>\n    <Correlation ActivityID=\"B919B4B0-05D4-43E7-817A-4F9000899161\">\n    </Correlation>\n    <Execution ProcessID=\"2628\" ThreadID=\"4520\">\n    </Execution>\n    <Channel>Microsoft-Windows-Diagnosis-DPS/Operational</Channel>\n    <Computer>DESKTOP-P9H5FTA</Computer>\n    <Security UserID=\"S-1-5-19\">\n    </Security>\n  </System>\n  <EventData>\n    <Data Name=\"ScenarioId\">86432A0B-3C7D-4DDF-A89C-172FAA90485D</Data>\n    <Data Name=\"InstanceId\">B919B4B0-05D4-43E7-817A-4F9000899161</Data>\n    <Data Name=\"OriginalActivityId\">86432A0B-3C7D-4DDF-A89C-172FAA90485D</Data>\n    <Data Name=\"DiagnosticModuleImageName\">%SystemRoot%\\system32\\diagperf.dll</Data>\n    <Data Name=\"DiagnosticModuleId\">C8544339-5BE9-4F25-862E-485F1B1A6935</Data>\n  </EventData>\n</Event>\n",
  "json": "{\"Event\":{\"#attributes\":{\"xmlns\":\"http://schemas.microsoft.com/win/2004/08/events/event\"},\"System\":{\"Provider\":{\"#attributes\":{\"Name\":\"Microsoft-Windows-Diagnosis-DPS\",\"Guid\":\"6BBA3851-2C7E-4DEA-8F54-31E5AFD029E3\"}},\"EventID\":105,\"Version\":0,\"Level\":4,\"Task\":1,\"Opcode\":13,\"Keywords\":\"0x4000000800000000\",\"TimeCreated\":{\"#attributes\":{\"SystemTime\":\"2024-11-04T12:36:29.096472Z\"}},\"EventRecordID\":2,\"Correlation\":{\"#attributes\":{\"ActivityID\":\"B919B4B0-05D4-43E7-817A-4F9000899161\"}},\"Execution\":{\"#attributes\":{\"ProcessID\":2628,\"ThreadID\":4520}},\"Channel\":\"Microsoft-Windows-Diagnosis-DPS/Operational\",\"Computer\":\"DESKTOP-P9H5FTA\",\"Security\":{\"#attributes\":{\"UserID\":\"S-1-5-19\"}}},\"EventData\":{\"ScenarioId\":\"86432A0B-3C7D-4DDF-A89C-172FAA90485D\",\"InstanceId\":\"B919B4B0-05D4-43E7-817A-4F9000899161\",\"OriginalActivityId\":\"86432A0B-3C7D-4DDF-A89C-172FAA90485D\",\"DiagnosticModuleImageName\":\"%SystemRoot%\\\\system32\\\\diagperf.dll\",\"DiagnosticModuleId\":\"C8544339-5BE9-4F25-862E-485F1B1A6935\"}}}",
  "xml_fields": {
    "provider": "Microsoft-Windows-Diagnosis-DPS",
    "event_id": "105",
    "timestamp": "2024-11-04T12:36:29.096472Z",
    "event_record_id": "2",
    "level": "4",
    "task": "1",
    "opcode": "13",
    "keywords": "0x4000000800000000",
    "channel": "Microsoft-Windows-Diagnosis-DPS/Operational",
    "computer": "DESKTOP-P9H5FTA",
    "ScenarioId": "86432A0B-3C7D-4DDF-A89C-172FAA90485D",
    "InstanceId": "B919B4B0-05D4-43E7-817A-4F9000899161",
    "OriginalActivityId": "86432A0B-3C7D-4DDF-A89C-172FAA90485D",
    "DiagnosticModuleImageName": "%SystemRoot%\\system32\\diagperf.dll",
    "DiagnosticModuleId": "C8544339-5BE9-4F25-862E-485F1B1A6935"
  },
  "json_fields": {
    "provider": "Microsoft-Windows-Diagnosis-DPS",
    "channel": "Microsoft-Windows-Diagnosis-DPS/Operational",
    "event_id": "105",
    "timestamp": "2024-11-04T12:36:29.096472Z",
    "event_record_id": "2",
    "level": "4",
    "task": "1",
    "opcode": "13",
    "keywords": "0x4000000800000000",
    "computer": "DESKTOP-P9H5FTA",
    "ScenarioId": "86432A0B-3C7D-4DDF-A89C-172FAA90485D",
    "InstanceId": "B919B4B0-05D4-43E7-817A-4F9000899161",
    "OriginalActivityId": "86432A0B-3C7D-4DDF-A89C-172FAA90485D",
    "DiagnosticModuleImageName": "%SystemRoot%\\system32\\diagperf.dll",
    "DiagnosticModuleId": "C8544339-5BE9-4F25-862E-485F1B1A6935"
  }
}