{
  "event_id": "106",
  "provider": "Microsoft-Windows-Forwarding",
  "channel": "Microsoft-Windows-Forwarding/Operational",
  "source_file": "D:\\visual code file\\Project_4\\Event-Analyzer\\test\\Benign\\Win2022-AD\\Microsoft-Windows-Forwarding%4Operational.evtx",
  "event_record_id": 1,
  "xml": "<?xml version=\"1.0\" encoding=\"utf-8\"?>\n<Event xmlns=\"http://schemas.microsoft.com/win/2004/08/events/event\">\n  <System>\n    <Provider Name=\"Microsoft-Windows-Forwarding\" Guid=\"699E309C-E782-4400-98C8-E21D162D7B7B\">\n    </Provider>\n    <EventID>106</EventID>\n    <Version>0</Version>\n    <Level>4</Level>\n    <Task>0</Task>\n    <Opcode>0</Opcode>\n    <Keywords>0x8000000000000000</Keywords>\n    <TimeCreated SystemTime=\"2022-04-07T17:08:03.755313Z\">\n    </TimeCreated>\n    <EventRecordID>1</EventRecordID>\n    <Correlation ActivityID=\"DD7B0B6A-4A9E-0000-F00E-7BDD9E4AD801\">\n    </Correlation>\n    <Execution ProcessID=\"2576\" ThreadID=\"1316\">\n    </Execution>\n    <Channel>Microsoft-Windows-Forwarding/Operational</Channel>\n    <Computer>WIN-FPV0DSIC9O6</Computer>\n    <Security UserID=\"S-1-5-20\">\n    </Security>\n  </System>\n  <EventData Name=\"SubscriptionPolicyChanged\">\n  </EventData>\n</Event>\n",
  "json": "{\"Event\":{\"#attributes\":{\"xmlns\":\"http://schemas.microsoft.com/win/2004/08/events/event\"},\"System\":{\"Provider\":{\"#attributes\":{\"Name\":\"Microsoft-Windows-Forwarding\",\"Guid\":\"699E309C-E782-4400-98C8-E21D162D7B7B\"}},\"EventID\":106,\"Version\":0,\"Level\":4,\"Task\":0,\"Opcode\":0,\"Keywords\":\"0x8000000000000000\",\"TimeCreated\":{\"#attributes\":{\"SystemTime\":\"2022-04-07T17:08:03.755313Z\"}},\"EventRecordID\":1,\"Correlation\":{\"#attributes\":{\"ActivityID\":\"DD7B0B6A-4A9E-0000-F00E-7BDD9E4AD801\"}},\"Execution\":{\"#attributes\":{\"ProcessID\":2576,\"ThreadID\":1316}},\"Channel\":\"Microsoft-Windows-Forwarding/Operational\",\"Computer\":\"WIN-FPV0DSIC9O6\",\"Security\":{\"#attributes\":{\"UserID\":\"S-1-5-20\"}}},\"EventData\":{\"#attributes\":{\"Name\":\"SubscriptionPolicyChanged\"}}}}",
  "xml_fields": {
    "provider": "Microsoft-Windows-Forwarding",
    "event_id": "106",
    "timestamp": "2022-04-07T17:08:03.755313Z",
    "event_record_id": "1",
    "level": "4",
    "task": "0",
    "opcode": "0",
    "keywords": "0x8000000000000000",
    "channel": "Microsoft-Windows-Forwarding/Operational",
    "computer": "WIN-FPV0DSIC9O6"
  },
  "json_fields": {
    "provider": "Microsoft-Windows-Forwarding",
    "channel": "Microsoft-Windows-Forwarding/Operational",
    "event_id": "106",
    "timestamp": "2022-04-07T17:08:03.755313Z",
    "event_record_id": "1",
    "level": "4",
    "task": "0",
    "opcode": "0",
    "keywords": "0x8000000000000000",
    "computer": "WIN-FPV0DSIC9O6"
  }
}