{
  "event_id": "107",
  "provider": "Microsoft-Windows-TaskScheduler",
  "channel": "Microsoft-Windows-TaskScheduler/Operational",
  "source_file": "D:\\visual code file\\Project_4\\Event-Analyzer\\test\\Benign\\Logs_Win11_2023\\Microsoft-Windows-TaskScheduler%4Operational.evtx",
  "event_record_id": 43,
  "xml": "<?xml version=\"1.0\" encoding=\"utf-8\"?>\n<Event xmlns=\"http://schemas.microsoft.com/win/2004/08/events/event\">\n  <System>\n    <Provider Name=\"Microsoft-Windows-TaskScheduler\" Guid=\"DE7B24EA-73C8-4A09-985D-5BDADCFA9017\">\n    </Provider>\n    <EventID>107</EventID>\n    <Version>0</Version>\n    <Level>4</Level>\n    <Task>107</Task>\n    <Opcode>0</Opcode>\n    <Keywords>0x8000000000000000</Keywords>\n    <TimeCreated SystemTime=\"2023-11-05T23:05:56.982660Z\">\n    </TimeCreated>\n    <EventRecordID>43</EventRecordID>\n    <Correlation ActivityID=\"0D505C4B-2043-4D5E-995B-D5DED345E303\">\n    </Correlation>\n    <Execution ProcessID=\"1392\" ThreadID=\"1208\">\n    </Execution>\n    <Channel>Microsoft-Windows-TaskScheduler/Operational</Channel>\n    <Computer>WinDev2310Eval</Computer>\n    <Security UserID=\"S-1-5-18\">\n    </Security>\n  </System>\n  <EventData Name=\"TimeTriggerEvent\">\n    <Data Name=\"TaskName\">\\MicrosoftEdgeUpdateTaskMachineCore</Data>\n    <Data Name=\"InstanceId\">0D505C4B-2043-4D5E-995B-D5DED345E303</Data>\n  </EventData>\n</Event>\n",
  "json": "{\"Event\":{\"#attributes\":{\"xmlns\":\"http://schemas.microsoft.com/win/2004/08/events/event\"},\"System\":{\"Provider\":{\"#attributes\":{\"Name\":\"Microsoft-Windows-TaskScheduler\",\"Guid\":\"DE7B24EA-73C8-4A09-985D-5BDADCFA9017\"}},\"EventID\":107,\"Version\":0,\"Level\":4,\"Task\":107,\"Opcode\":0,\"Keywords\":\"0x8000000000000000\",\"TimeCreated\":{\"#attributes\":{\"SystemTime\":\"2023-11-05T23:05:56.982660Z\"}},\"EventRecordID\":43,\"Correlation\":{\"#attributes\":{\"ActivityID\":\"0D505C4B-2043-4D5E-995B-D5DED345E303\"}},\"Execution\":{\"#attributes\":{\"ProcessID\":1392,\"ThreadID\":1208}},\"Channel\":\"Microsoft-Windows-TaskScheduler/Operational\",\"Computer\":\"WinDev2310Eval\",\"Security\":{\"#attributes\":{\"UserID\":\"S-1-5-18\"}}},\"EventData\":{\"#attributes\":{\"Name\":\"TimeTriggerEvent\"},\"TaskName\":\"\\\\MicrosoftEdgeUpdateTaskMachineCore\",\"InstanceId\":\"0D505C4B-2043-4D5E-995B-D5DED345E303\"}}}",
  "xml_fields": {
    "provider": "Microsoft-Windows-TaskScheduler",
    "event_id": "107",
    "timestamp": "2023-11-05T23:05:56.982660Z",
    "event_record_id": "43",
    "level": "4",
    "task": "107",
    "opcode": "0",
    "keywords": "0x8000000000000000",
    "channel": "Microsoft-Windows-TaskScheduler/Operational",
    "computer": "WinDev2310Eval",
    "TaskName": "\\MicrosoftEdgeUpdateTaskMachineCore",
    "InstanceId": "0D505C4B-2043-4D5E-995B-D5DED345E303"
  },
  "json_fields": {
    "provider": "Microsoft-Windows-TaskScheduler",
    "channel": "Microsoft-Windows-TaskScheduler/Operational",
    "event_id": "107",
    "timestamp": "2023-11-05T23:05:56.982660Z",
    "event_record_id": "43",
    "level": "4",
    "task": "107",
    "opcode": "0",
    "keywords": "0x8000000000000000",
    "computer": "WinDev2310Eval",
    "TaskName": "\\MicrosoftEdgeUpdateTaskMachineCore",
    "InstanceId": "0D505C4B-2043-4D5E-995B-D5DED345E303"
  }
}