{
  "event_id": "108",
  "provider": "Microsoft-Windows-TaskScheduler",
  "channel": "Microsoft-Windows-TaskScheduler/Operational",
  "source_file": "D:\\visual code file\\Project_4\\Event-Analyzer\\test\\Benign\\Logs_Win11_2023\\Microsoft-Windows-TaskScheduler%4Operational.evtx",
  "event_record_id": 176,
  "xml": "<?xml version=\"1.0\" encoding=\"utf-8\"?>\n<Event xmlns=\"http://schemas.microsoft.com/win/2004/08/events/event\">\n  <System>\n    <Provider Name=\"Microsoft-Windows-TaskScheduler\" Guid=\"DE7B24EA-73C8-4A09-985D-5BDADCFA9017\">\n    </Provider>\n    <EventID>108</EventID>\n    <Version>0</Version>\n    <Level>4</Level>\n    <Task>108</Task>\n    <Opcode>0</Opcode>\n    <Keywords>0x8000000000000000</Keywords>\n    <TimeCreated SystemTime=\"2023-11-05T23:14:49.532410Z\">\n    </TimeCreated>\n    <EventRecordID>176</EventRecordID>\n    <Correlation ActivityID=\"8786D1DB-DA59-4375-B2AB-AF2A1A646825\">\n    </Correlation>\n    <Execution ProcessID=\"1392\" ThreadID=\"4664\">\n    </Execution>\n    <Channel>Microsoft-Windows-TaskScheduler/Operational</Channel>\n    <Computer>WinDev2310Eval</Computer>\n    <Security UserID=\"S-1-5-18\">\n    </Security>\n  </System>\n  <EventData Name=\"EventTriggerEvent\">\n    <Data Name=\"TaskName\">\\Microsoft\\Windows\\RemoteAssistance\\RemoteAssistanceTask</Data>\n    <Data Name=\"InstanceId\">8786D1DB-DA59-4375-B2AB-AF2A1A646825</Data>\n  </EventData>\n</Event>\n",
  "json": "{\"Event\":{\"#attributes\":{\"xmlns\":\"http://schemas.microsoft.com/win/2004/08/events/event\"},\"System\":{\"Provider\":{\"#attributes\":{\"Name\":\"Microsoft-Windows-TaskScheduler\",\"Guid\":\"DE7B24EA-73C8-4A09-985D-5BDADCFA9017\"}},\"EventID\":108,\"Version\":0,\"Level\":4,\"Task\":108,\"Opcode\":0,\"Keywords\":\"0x8000000000000000\",\"TimeCreated\":{\"#attributes\":{\"SystemTime\":\"2023-11-05T23:14:49.532410Z\"}},\"EventRecordID\":176,\"Correlation\":{\"#attributes\":{\"ActivityID\":\"8786D1DB-DA59-4375-B2AB-AF2A1A646825\"}},\"Execution\":{\"#attributes\":{\"ProcessID\":1392,\"ThreadID\":4664}},\"Channel\":\"Microsoft-Windows-TaskScheduler/Operational\",\"Computer\":\"WinDev2310Eval\",\"Security\":{\"#attributes\":{\"UserID\":\"S-1-5-18\"}}},\"EventData\":{\"#attributes\":{\"Name\":\"EventTriggerEvent\"},\"TaskName\":\"\\\\Microsoft\\\\Windows\\\\RemoteAssistance\\\\RemoteAssistanceTask\",\"InstanceId\":\"8786D1DB-DA59-4375-B2AB-AF2A1A646825\"}}}",
  "xml_fields": {
    "provider": "Microsoft-Windows-TaskScheduler",
    "event_id": "108",
    "timestamp": "2023-11-05T23:14:49.532410Z",
    "event_record_id": "176",
    "level": "4",
    "task": "108",
    "opcode": "0",
    "keywords": "0x8000000000000000",
    "channel": "Microsoft-Windows-TaskScheduler/Operational",
    "computer": "WinDev2310Eval",
    "TaskName": "\\Microsoft\\Windows\\RemoteAssistance\\RemoteAssistanceTask",
    "InstanceId": "8786D1DB-DA59-4375-B2AB-AF2A1A646825"
  },
  "json_fields": {
    "provider": "Microsoft-Windows-TaskScheduler",
    "channel": "Microsoft-Windows-TaskScheduler/Operational",
    "event_id": "108",
    "timestamp": "2023-11-05T23:14:49.532410Z",
    "event_record_id": "176",
    "level": "4",
    "task": "108",
    "opcode": "0",
    "keywords": "0x8000000000000000",
    "computer": "WinDev2310Eval",
    "TaskName": "\\Microsoft\\Windows\\RemoteAssistance\\RemoteAssistanceTask",
    "InstanceId": "8786D1DB-DA59-4375-B2AB-AF2A1A646825"
  }
}