{
  "event_id": "1097",
  "provider": "Microsoft-Windows-AAD",
  "channel": "Microsoft-Windows-AAD/Operational",
  "source_file": "D:\\visual code file\\Project_4\\Event-Analyzer\\test\\Logs\\Microsoft-Windows-AAD%4Operational.evtx",
  "event_record_id": 2,
  "xml": "<?xml version=\"1.0\" encoding=\"utf-8\"?>\n<Event xmlns=\"http://schemas.microsoft.com/win/2004/08/events/event\">\n  <System>\n    <Provider Name=\"Microsoft-Windows-AAD\" Guid=\"4DE9BC9C-B27A-43C9-8994-0915F1A5E24F\">\n    </Provider>\n    <EventID>1097</EventID>\n    <Version>0</Version>\n    <Level>3</Level>\n    <Task>103</Task>\n    <Opcode>0</Opcode>\n    <Keywords>0x4000000000000030</Keywords>\n    <TimeCreated SystemTime=\"2024-11-04T12:47:44.497321Z\">\n    </TimeCreated>\n    <EventRecordID>2</EventRecordID>\n    <Correlation ActivityID=\"ABFE7217-2EB6-0001-8586-FEABB62EDB01\">\n    </Correlation>\n    <Execution ProcessID=\"4120\" ThreadID=\"3660\">\n    </Execution>\n    <Channel>Microsoft-Windows-AAD/Operational</Channel>\n    <Computer>DESKTOP-P9H5FTA</Computer>\n    <Security UserID=\"S-1-5-21-3088055692-629932344-1786574096-1001\">\n    </Security>\n  </System>\n  <EventData>\n    <Data Name=\"Error\">2326069467</Data>\n    <Data Name=\"ErrorMessage\">The cache has been partitioned successfully.</Data>\n    <Data Name=\"AdditionalInformation\">Logged at CachePartitioning.cpp, line: 35, method: CachePartitioning::Apply.</Data>\n  </EventData>\n</Event>\n",
  "json": "{\"Event\":{\"#attributes\":{\"xmlns\":\"http://schemas.microsoft.com/win/2004/08/events/event\"},\"System\":{\"Provider\":{\"#attributes\":{\"Name\":\"Microsoft-Windows-AAD\",\"Guid\":\"4DE9BC9C-B27A-43C9-8994-0915F1A5E24F\"}},\"EventID\":1097,\"Version\":0,\"Level\":3,\"Task\":103,\"Opcode\":0,\"Keywords\":\"0x4000000000000030\",\"TimeCreated\":{\"#attributes\":{\"SystemTime\":\"2024-11-04T12:47:44.497321Z\"}},\"EventRecordID\":2,\"Correlation\":{\"#attributes\":{\"ActivityID\":\"ABFE7217-2EB6-0001-8586-FEABB62EDB01\"}},\"Execution\":{\"#attributes\":{\"ProcessID\":4120,\"ThreadID\":3660}},\"Channel\":\"Microsoft-Windows-AAD/Operational\",\"Computer\":\"DESKTOP-P9H5FTA\",\"Security\":{\"#attributes\":{\"UserID\":\"S-1-5-21-3088055692-629932344-1786574096-1001\"}}},\"EventData\":{\"Error\":2326069467,\"ErrorMessage\":\"The cache has been partitioned successfully.\",\"AdditionalInformation\":\"Logged at CachePartitioning.cpp, line: 35, method: CachePartitioning::Apply.\"}}}",
  "xml_fields": {
    "provider": "Microsoft-Windows-AAD",
    "event_id": "1097",
    "timestamp": "2024-11-04T12:47:44.497321Z",
    "event_record_id": "2",
    "level": "3",
    "task": "103",
    "opcode": "0",
    "keywords": "0x4000000000000030",
    "channel": "Microsoft-Windows-AAD/Operational",
    "computer": "DESKTOP-P9H5FTA",
    "Error": "2326069467",
    "ErrorMessage": "The cache has been partitioned successfully.",
    "AdditionalInformation": "Logged at CachePartitioning.cpp, line: 35, method: CachePartitioning::Apply."
  },
  "json_fields": {
    "provider": "Microsoft-Windows-AAD",
    "channel": "Microsoft-Windows-AAD/Operational",
    "event_id": "1097",
    "timestamp": "2024-11-04T12:47:44.497321Z",
    "event_record_id": "2",
    "level": "3",
    "task": "103",
    "opcode": "0",
    "keywords": "0x4000000000000030",
    "computer": "DESKTOP-P9H5FTA",
    "Error": "2326069467",
    "ErrorMessage": "The cache has been partitioned successfully.",
    "AdditionalInformation": "Logged at CachePartitioning.cpp, line: 35, method: CachePartitioning::Apply."
  }
}