{
  "event_id": "109",
  "provider": "Microsoft-Windows-Kernel-Power",
  "channel": "System",
  "source_file": "D:\\visual code file\\Project_4\\Event-Analyzer\\test\\Logs\\System.evtx",
  "event_record_id": 1097,
  "xml": "<?xml version=\"1.0\" encoding=\"utf-8\"?>\n<Event xmlns=\"http://schemas.microsoft.com/win/2004/08/events/event\">\n  <System>\n    <Provider Name=\"Microsoft-Windows-Kernel-Power\" Guid=\"331C3B3A-2005-44C2-AC5E-77220C37D6B4\">\n    </Provider>\n    <EventID>109</EventID>\n    <Version>0</Version>\n    <Level>4</Level>\n    <Task>103</Task>\n    <Opcode>0</Opcode>\n    <Keywords>0x8000400000000404</Keywords>\n    <TimeCreated SystemTime=\"2025-01-24T10:49:45.845349Z\">\n    </TimeCreated>\n    <EventRecordID>1097</EventRecordID>\n    <Correlation>\n    </Correlation>\n    <Execution ProcessID=\"520\" ThreadID=\"524\">\n    </Execution>\n    <Channel>System</Channel>\n    <Computer>CTO-FILESVR</Computer>\n    <Security>\n    </Security>\n  </System>\n  <EventData>\n    <Data Name=\"ShutdownActionType\">5</Data>\n    <Data Name=\"ShutdownEventCode\">0</Data>\n    <Data Name=\"ShutdownReason\">5</Data>\n  </EventData>\n</Event>\n",
  "json": "{\"Event\":{\"#attributes\":{\"xmlns\":\"http://schemas.microsoft.com/win/2004/08/events/event\"},\"System\":{\"Provider\":{\"#attributes\":{\"Name\":\"Microsoft-Windows-Kernel-Power\",\"Guid\":\"331C3B3A-2005-44C2-AC5E-77220C37D6B4\"}},\"EventID\":109,\"Version\":0,\"Level\":4,\"Task\":103,\"Opcode\":0,\"Keywords\":\"0x8000400000000404\",\"TimeCreated\":{\"#attributes\":{\"SystemTime\":\"2025-01-24T10:49:45.845349Z\"}},\"EventRecordID\":1097,\"Correlation\":null,\"Execution\":{\"#attributes\":{\"ProcessID\":520,\"ThreadID\":524}},\"Channel\":\"System\",\"Computer\":\"CTO-FILESVR\",\"Security\":null},\"EventData\":{\"ShutdownActionType\":5,\"ShutdownEventCode\":0,\"ShutdownReason\":5}}}",
  "xml_fields": {
    "provider": "Microsoft-Windows-Kernel-Power",
    "event_id": "109",
    "timestamp": "2025-01-24T10:49:45.845349Z",
    "event_record_id": "1097",
    "level": "4",
    "task": "103",
    "opcode": "0",
    "keywords": "0x8000400000000404",
    "channel": "System",
    "computer": "CTO-FILESVR",
    "ShutdownActionType": "5",
    "ShutdownEventCode": "0",
    "ShutdownReason": "5"
  },
  "json_fields": {
    "provider": "Microsoft-Windows-Kernel-Power",
    "channel": "System",
    "event_id": "109",
    "timestamp": "2025-01-24T10:49:45.845349Z",
    "event_record_id": "1097",
    "level": "4",
    "task": "103",
    "opcode": "0",
    "keywords": "0x8000400000000404",
    "computer": "CTO-FILESVR",
    "ShutdownActionType": "5",
    "ShutdownEventCode": "0",
    "ShutdownReason": "5"
  }
}