{
  "event_id": "10",
  "provider": "AuroraAgent",
  "channel": "Application",
  "source_file": "D:\\visual code file\\Project_4\\Event-Analyzer\\test\\Benign\\win2022-0-20348-azure\\Application.evtx",
  "event_record_id": 679,
  "xml": "<?xml version=\"1.0\" encoding=\"utf-8\"?>\n<Event xmlns=\"http://schemas.microsoft.com/win/2004/08/events/event\">\n  <System>\n    <Provider Name=\"AuroraAgent\">\n    </Provider>\n    <EventID Qualifiers=\"0\">10</EventID>\n    <Version>0</Version>\n    <Level>4</Level>\n    <Task>0</Task>\n    <Opcode>0</Opcode>\n    <Keywords>0x80000000000000</Keywords>\n    <TimeCreated SystemTime=\"2022-09-18T10:44:13.278497Z\">\n    </TimeCreated>\n    <EventRecordID>679</EventRecordID>\n    <Correlation>\n    </Correlation>\n    <Execution ProcessID=\"0\" ThreadID=\"0\">\n    </Execution>\n    <Channel>Application</Channel>\n    <Computer>Agamemnon</Computer>\n    <Security>\n    </Security>\n  </System>\n  <EventData>\n    <Data>Sigma rule match found: Rare GrantedAccess Flags on LSASS Access (see Details tab for more information)</Data>\n    <Data>Module: Sigma</Data>\n    <Data>Rule_Title: Rare GrantedAccess Flags on LSASS Access</Data>\n    <Data>Rule_Author: Florian Roth</Data>\n    <Data>Rule_Description: Detects process access to LSASS memory with suspicious access flags 0x410 and 0x01410 (spin-off of similar rule)</Data>\n    <Data>Rule_FalsePositives: Legitimate software accessing LSASS process for legitimate reason</Data>\n    <Data>Rule_Id: 678dfc63-fefb-47a5-a04c-26bcf8cc9f65</Data>\n    <Data>Rule_Level: medium</Data>\n    <Data>Rule_Link: https://github.com/SigmaHQ/sigma/blob/0.22-120-geb87ed8f4/rules/windows/process_access/proc_access_win_rare_proc_access_lsass.yml</Data>\n    <Data>Rule_Modified: 2022/08/13</Data>\n    <Data>Rule_Path: public\\windows\\process_access\\proc_access_win_rare_proc_access_lsass.yml</Data>\n    <Data>Rule_References: https://docs.microsoft.com/en-us/windows/win32/procthread/process-security-and-access-rights, https://onedrive.live.com/view.aspx?resid=D026B4699190F1E6!2843&amp;ithint=file%2cpptx&amp;app=PowerPoint&amp;authkey=!AMvCRTKB_V1J5ow, https://cyberwardog.blogspot.com/2017/03/chronicles-of-threat-hunter-hunting-for_22.html, https://www.slideshare.net/heirhabarov/hunting-for-credentials-dumping-in-windows-environment, http://security-research.dyndns.org/pub/slides/FIRST2017/FIRST-2017_Tom-Ueltschi_Sysmon_FINAL_notes.pdf</Data>\n    <Data>Rule_Sigtype: public</Data>\n    <Data>CallTrace: C:\\Windows\\SYSTEM32\\ntdll.dll+9fc34|C:\\Windows\\System32\\wow64.dll+12ba5|C:\\Windows\\System32\\wow64.dll+6e1a|C:\\Windows\\System32\\wow64cpu.dll+17ba|C:\\Windows\\System32\\wow64cpu.dll+11c9|C:\\Windows\\System32\\wow64.dll+df5d|C:\\Windows\\System32\\wow64.dll+d79d|C:\\Windows\\SYSTEM32\\ntdll.dll+d78e4|C:\\Windows\\SYSTEM32\\ntdll.dll+78058|C:\\Windows\\SYSTEM32\\ntdll.dll+9d975|C:\\Windows\\SYSTEM32\\ntdll.dll+77e5e|C:\\Windows\\SYSTEM32\\ntdll.dll+73e6c|C:\\Windows\\System32\\KERNELBASE.dll+118428|C:\\xampp\\xampp-control.exe+21f34a|C:\\xampp\\xampp-control.exe+21f4a7|C:\\xampp\\xampp-control.exe+21f6f3|C:\\xampp\\xampp-control.exe+229ff9|C:\\xampp\\xampp-control.exe+c2a82|C:\\Windows\\System32\\user32.dll+48f43|C:\\Windows\\System32\\user32.dll+2973a|C:\\Windows\\System32\\user32.dll+28245|C:\\Windows\\System32\\user32.dll+27d70|C:\\xampp\\xampp-control.exe+1ff498</Data>\n    <Data>Computer: Agamemnon</Data>\n    <Data>Correlation_ActivityID: {00000000-0000-0000-0000-000000000000}</Data>\n    <Data>DesiredAccess: 1040</Data>\n    <Data>EventID: 5</Data>\n    <Data>GrantedAccess: 0x410</Data>\n    <Data>Keywords: 0x0</Data>\n    <Data>Level: 4</Data>\n    <Data>Match_Strings: 10 in GrantedAccess, \\lsass.exe in TargetImage</Data>\n    <Data>Opcode: 0</Data>\n    <Data>Provider_Guid: {E02A841C-75A3-4FA7-AFC8-AE09CF9B7F23}</Data>\n    <Data>Provider_Name: Microsoft-Windows-Kernel-Audit-API-Calls</Data>\n    <Data>ReturnCode: 3221225506</Data>\n    <Data>Security_UserID: S-1-5-21-3574161147-2844031704-266979156-500</Data>\n    <Data>SourceCommandLine: \"C:\\xampp\\xampp-control.exe\" </Data>\n    <Data>SourceImage: C:\\xampp\\xampp-control.exe</Data>\n    <Data>SourceProcessId: 4928</Data>\n    <Data>SourceThreadId: 7228</Data>\n    <Data>SourceUser: Agamemnon\\neo</Data>\n    <Data>TargetImage: C:\\Windows\\System32\\lsass.exe</Data>\n    <Data>TargetProcessId: 728</Data>\n    <Data>TargetUser: NT AUTHORITY\\SYSTEM</Data>\n    <Data>Task: 0</Data>\n    <Data>TimeCreated_SystemTime: 2022-09-18T10:44:10.9874878Z</Data>\n    <Data>Version: 0</Data>\n    <Data>Winversion: 20348</Data>\n    <Binary></Binary>\n  </EventData>\n</Event>\n",
  "json": "{\"Event\":{\"#attributes\":{\"xmlns\":\"http://schemas.microsoft.com/win/2004/08/events/event\"},\"System\":{\"Provider\":{\"#attributes\":{\"Name\":\"AuroraAgent\"}},\"EventID\":{\"#attributes\":{\"Qualifiers\":0},\"#text\":10},\"Version\":0,\"Level\":4,\"Task\":0,\"Opcode\":0,\"Keywords\":\"0x80000000000000\",\"TimeCreated\":{\"#attributes\":{\"SystemTime\":\"2022-09-18T10:44:13.278497Z\"}},\"EventRecordID\":679,\"Correlation\":null,\"Execution\":{\"#attributes\":{\"ProcessID\":0,\"ThreadID\":0}},\"Channel\":\"Application\",\"Computer\":\"Agamemnon\",\"Security\":null},\"EventData\":{\"Data\":{\"#text\":[\"Sigma rule match found: Rare GrantedAccess Flags on LSASS Access (see Details tab for more information)\",\"Module: Sigma\",\"Rule_Title: Rare GrantedAccess Flags on LSASS Access\",\"Rule_Author: Florian Roth\",\"Rule_Description: Detects process access to LSASS memory with suspicious access flags 0x410 and 0x01410 (spin-off of similar rule)\",\"Rule_FalsePositives: Legitimate software accessing LSASS process for legitimate reason\",\"Rule_Id: 678dfc63-fefb-47a5-a04c-26bcf8cc9f65\",\"Rule_Level: medium\",\"Rule_Link: https://github.com/SigmaHQ/sigma/blob/0.22-120-geb87ed8f4/rules/windows/process_access/proc_access_win_rare_proc_access_lsass.yml\",\"Rule_Modified: 2022/08/13\",\"Rule_Path: public\\\\windows\\\\process_access\\\\proc_access_win_rare_proc_access_lsass.yml\",\"Rule_References: https://docs.microsoft.com/en-us/windows/win32/procthread/process-security-and-access-rights, https://onedrive.live.com/view.aspx?resid=D026B4699190F1E6!2843&ithint=file%2cpptx&app=PowerPoint&authkey=!AMvCRTKB_V1J5ow, https://cyberwardog.blogspot.com/2017/03/chronicles-of-threat-hunter-hunting-for_22.html, https://www.slideshare.net/heirhabarov/hunting-for-credentials-dumping-in-windows-environment, http://security-research.dyndns.org/pub/slides/FIRST2017/FIRST-2017_Tom-Ueltschi_Sysmon_FINAL_notes.pdf\",\"Rule_Sigtype: public\",\"CallTrace: C:\\\\Windows\\\\SYSTEM32\\\\ntdll.dll+9fc34|C:\\\\Windows\\\\System32\\\\wow64.dll+12ba5|C:\\\\Windows\\\\System32\\\\wow64.dll+6e1a|C:\\\\Windows\\\\System32\\\\wow64cpu.dll+17ba|C:\\\\Windows\\\\System32\\\\wow64cpu.dll+11c9|C:\\\\Windows\\\\System32\\\\wow64.dll+df5d|C:\\\\Windows\\\\System32\\\\wow64.dll+d79d|C:\\\\Windows\\\\SYSTEM32\\\\ntdll.dll+d78e4|C:\\\\Windows\\\\SYSTEM32\\\\ntdll.dll+78058|C:\\\\Windows\\\\SYSTEM32\\\\ntdll.dll+9d975|C:\\\\Windows\\\\SYSTEM32\\\\ntdll.dll+77e5e|C:\\\\Windows\\\\SYSTEM32\\\\ntdll.dll+73e6c|C:\\\\Windows\\\\System32\\\\KERNELBASE.dll+118428|C:\\\\xampp\\\\xampp-control.exe+21f34a|C:\\\\xampp\\\\xampp-control.exe+21f4a7|C:\\\\xampp\\\\xampp-control.exe+21f6f3|C:\\\\xampp\\\\xampp-control.exe+229ff9|C:\\\\xampp\\\\xampp-control.exe+c2a82|C:\\\\Windows\\\\System32\\\\user32.dll+48f43|C:\\\\Windows\\\\System32\\\\user32.dll+2973a|C:\\\\Windows\\\\System32\\\\user32.dll+28245|C:\\\\Windows\\\\System32\\\\user32.dll+27d70|C:\\\\xampp\\\\xampp-control.exe+1ff498\",\"Computer: Agamemnon\",\"Correlation_ActivityID: {00000000-0000-0000-0000-000000000000}\",\"DesiredAccess: 1040\",\"EventID: 5\",\"GrantedAccess: 0x410\",\"Keywords: 0x0\",\"Level: 4\",\"Match_Strings: 10 in GrantedAccess, \\\\lsass.exe in TargetImage\",\"Opcode: 0\",\"Provider_Guid: {E02A841C-75A3-4FA7-AFC8-AE09CF9B7F23}\",\"Provider_Name: Microsoft-Windows-Kernel-Audit-API-Calls\",\"ReturnCode: 3221225506\",\"Security_UserID: S-1-5-21-3574161147-2844031704-266979156-500\",\"SourceCommandLine: \\\"C:\\\\xampp\\\\xampp-control.exe\\\" \",\"SourceImage: C:\\\\xampp\\\\xampp-control.exe\",\"SourceProcessId: 4928\",\"SourceThreadId: 7228\",\"SourceUser: Agamemnon\\\\neo\",\"TargetImage: C:\\\\Windows\\\\System32\\\\lsass.exe\",\"TargetProcessId: 728\",\"TargetUser: NT AUTHORITY\\\\SYSTEM\",\"Task: 0\",\"TimeCreated_SystemTime: 2022-09-18T10:44:10.9874878Z\",\"Version: 0\",\"Winversion: 20348\"]},\"Binary\":null}}}",
  "xml_fields": {
    "provider": "AuroraAgent",
    "event_id": "10",
    "timestamp": "2022-09-18T10:44:13.278497Z",
    "event_record_id": "679",
    "level": "4",
    "task": "0",
    "opcode": "0",
    "keywords": "0x80000000000000",
    "channel": "Application",
    "computer": "Agamemnon",
    "_data_0": "Sigma rule match found: Rare GrantedAccess Flags on LSASS Access (see Details tab for more information)",
    "_data_1": "Module: Sigma",
    "_data_2": "Rule_Title: Rare GrantedAccess Flags on LSASS Access",
    "_data_3": "Rule_Author: Florian Roth",
    "_data_4": "Rule_Description: Detects process access to LSASS memory with suspicious access flags 0x410 and 0x01410 (spin-off of similar rule)",
    "_data_5": "Rule_FalsePositives: Legitimate software accessing LSASS process for legitimate reason",
    "_data_6": "Rule_Id: 678dfc63-fefb-47a5-a04c-26bcf8cc9f65",
    "_data_7": "Rule_Level: medium",
    "_data_8": "Rule_Link: https://github.com/SigmaHQ/sigma/blob/0.22-120-geb87ed8f4/rules/windows/process_access/proc_access_win_rare_proc_access_lsass.yml",
    "_data_9": "Rule_Modified: 2022/08/13",
    "_data_10": "Rule_Path: public\\windows\\process_access\\proc_access_win_rare_proc_access_lsass.yml",
    "_data_11": "Rule_References: https://docs.microsoft.com/en-us/windows/win32/procthread/process-security-and-access-rights, https://onedrive.live.com/view.aspx?resid=D026B4699190F1E6!2843&ithint=file%2cpptx&app=PowerPoint&authkey=!AMvCRTKB_V1J5ow, https://cyberwardog.blogspot.com/2017/03/chronicles-of-threat-hunter-hunting-for_22.html, https://www.slideshare.net/heirhabarov/hunting-for-credentials-dumping-in-windows-environment, http://security-research.dyndns.org/pub/slides/FIRST2017/FIRST-2017_Tom-Ueltschi_Sysmon_FINAL_notes.pdf",
    "_data_12": "Rule_Sigtype: public",
    "_data_13": "CallTrace: C:\\Windows\\SYSTEM32\\ntdll.dll+9fc34|C:\\Windows\\System32\\wow64.dll+12ba5|C:\\Windows\\System32\\wow64.dll+6e1a|C:\\Windows\\System32\\wow64cpu.dll+17ba|C:\\Windows\\System32\\wow64cpu.dll+11c9|C:\\Windows\\System32\\wow64.dll+df5d|C:\\Windows\\System32\\wow64.dll+d79d|C:\\Windows\\SYSTEM32\\ntdll.dll+d78e4|C:\\Windows\\SYSTEM32\\ntdll.dll+78058|C:\\Windows\\SYSTEM32\\ntdll.dll+9d975|C:\\Windows\\SYSTEM32\\ntdll.dll+77e5e|C:\\Windows\\SYSTEM32\\ntdll.dll+73e6c|C:\\Windows\\System32\\KERNELBASE.dll+118428|C:\\xampp\\xampp-control.exe+21f34a|C:\\xampp\\xampp-control.exe+21f4a7|C:\\xampp\\xampp-control.exe+21f6f3|C:\\xampp\\xampp-control.exe+229ff9|C:\\xampp\\xampp-control.exe+c2a82|C:\\Windows\\System32\\user32.dll+48f43|C:\\Windows\\System32\\user32.dll+2973a|C:\\Windows\\System32\\user32.dll+28245|C:\\Windows\\System32\\user32.dll+27d70|C:\\xampp\\xampp-control.exe+1ff498",
    "_data_14": "Computer: Agamemnon",
    "_data_15": "Correlation_ActivityID: {00000000-0000-0000-0000-000000000000}",
    "_data_16": "DesiredAccess: 1040",
    "_data_17": "EventID: 5",
    "_data_18": "GrantedAccess: 0x410",
    "_data_19": "Keywords: 0x0",
    "_data_20": "Level: 4",
    "_data_21": "Match_Strings: 10 in GrantedAccess, \\lsass.exe in TargetImage",
    "_data_22": "Opcode: 0",
    "_data_23": "Provider_Guid: {E02A841C-75A3-4FA7-AFC8-AE09CF9B7F23}",
    "_data_24": "Provider_Name: Microsoft-Windows-Kernel-Audit-API-Calls",
    "_data_25": "ReturnCode: 3221225506",
    "_data_26": "Security_UserID: S-1-5-21-3574161147-2844031704-266979156-500",
    "_data_27": "SourceCommandLine: \"C:\\xampp\\xampp-control.exe\" ",
    "_data_28": "SourceImage: C:\\xampp\\xampp-control.exe",
    "_data_29": "SourceProcessId: 4928",
    "_data_30": "SourceThreadId: 7228",
    "_data_31": "SourceUser: Agamemnon\\neo",
    "_data_32": "TargetImage: C:\\Windows\\System32\\lsass.exe",
    "_data_33": "TargetProcessId: 728",
    "_data_34": "TargetUser: NT AUTHORITY\\SYSTEM",
    "_data_35": "Task: 0",
    "_data_36": "TimeCreated_SystemTime: 2022-09-18T10:44:10.9874878Z",
    "_data_37": "Version: 0",
    "_data_38": "Winversion: 20348"
  },
  "json_fields": {
    "provider": "AuroraAgent",
    "channel": "Application",
    "event_id": "10",
    "timestamp": "2022-09-18T10:44:13.278497Z",
    "event_record_id": "679",
    "level": "4",
    "task": "0",
    "opcode": "0",
    "keywords": "0x80000000000000",
    "computer": "Agamemnon",
    "_data_0": "Sigma rule match found: Rare GrantedAccess Flags on LSASS Access (see Details tab for more information)",
    "_data_1": "Module: Sigma",
    "_data_2": "Rule_Title: Rare GrantedAccess Flags on LSASS Access",
    "_data_3": "Rule_Author: Florian Roth",
    "_data_4": "Rule_Description: Detects process access to LSASS memory with suspicious access flags 0x410 and 0x01410 (spin-off of similar rule)",
    "_data_5": "Rule_FalsePositives: Legitimate software accessing LSASS process for legitimate reason",
    "_data_6": "Rule_Id: 678dfc63-fefb-47a5-a04c-26bcf8cc9f65",
    "_data_7": "Rule_Level: medium",
    "_data_8": "Rule_Link: https://github.com/SigmaHQ/sigma/blob/0.22-120-geb87ed8f4/rules/windows/process_access/proc_access_win_rare_proc_access_lsass.yml",
    "_data_9": "Rule_Modified: 2022/08/13",
    "_data_10": "Rule_Path: public\\windows\\process_access\\proc_access_win_rare_proc_access_lsass.yml",
    "_data_11": "Rule_References: https://docs.microsoft.com/en-us/windows/win32/procthread/process-security-and-access-rights, https://onedrive.live.com/view.aspx?resid=D026B4699190F1E6!2843&ithint=file%2cpptx&app=PowerPoint&authkey=!AMvCRTKB_V1J5ow, https://cyberwardog.blogspot.com/2017/03/chronicles-of-threat-hunter-hunting-for_22.html, https://www.slideshare.net/heirhabarov/hunting-for-credentials-dumping-in-windows-environment, http://security-research.dyndns.org/pub/slides/FIRST2017/FIRST-2017_Tom-Ueltschi_Sysmon_FINAL_notes.pdf",
    "_data_12": "Rule_Sigtype: public",
    "_data_13": "CallTrace: C:\\Windows\\SYSTEM32\\ntdll.dll+9fc34|C:\\Windows\\System32\\wow64.dll+12ba5|C:\\Windows\\System32\\wow64.dll+6e1a|C:\\Windows\\System32\\wow64cpu.dll+17ba|C:\\Windows\\System32\\wow64cpu.dll+11c9|C:\\Windows\\System32\\wow64.dll+df5d|C:\\Windows\\System32\\wow64.dll+d79d|C:\\Windows\\SYSTEM32\\ntdll.dll+d78e4|C:\\Windows\\SYSTEM32\\ntdll.dll+78058|C:\\Windows\\SYSTEM32\\ntdll.dll+9d975|C:\\Windows\\SYSTEM32\\ntdll.dll+77e5e|C:\\Windows\\SYSTEM32\\ntdll.dll+73e6c|C:\\Windows\\System32\\KERNELBASE.dll+118428|C:\\xampp\\xampp-control.exe+21f34a|C:\\xampp\\xampp-control.exe+21f4a7|C:\\xampp\\xampp-control.exe+21f6f3|C:\\xampp\\xampp-control.exe+229ff9|C:\\xampp\\xampp-control.exe+c2a82|C:\\Windows\\System32\\user32.dll+48f43|C:\\Windows\\System32\\user32.dll+2973a|C:\\Windows\\System32\\user32.dll+28245|C:\\Windows\\System32\\user32.dll+27d70|C:\\xampp\\xampp-control.exe+1ff498",
    "_data_14": "Computer: Agamemnon",
    "_data_15": "Correlation_ActivityID: {00000000-0000-0000-0000-000000000000}",
    "_data_16": "DesiredAccess: 1040",
    "_data_17": "EventID: 5",
    "_data_18": "GrantedAccess: 0x410",
    "_data_19": "Keywords: 0x0",
    "_data_20": "Level: 4",
    "_data_21": "Match_Strings: 10 in GrantedAccess, \\lsass.exe in TargetImage",
    "_data_22": "Opcode: 0",
    "_data_23": "Provider_Guid: {E02A841C-75A3-4FA7-AFC8-AE09CF9B7F23}",
    "_data_24": "Provider_Name: Microsoft-Windows-Kernel-Audit-API-Calls",
    "_data_25": "ReturnCode: 3221225506",
    "_data_26": "Security_UserID: S-1-5-21-3574161147-2844031704-266979156-500",
    "_data_27": "SourceCommandLine: \"C:\\xampp\\xampp-control.exe\" ",
    "_data_28": "SourceImage: C:\\xampp\\xampp-control.exe",
    "_data_29": "SourceProcessId: 4928",
    "_data_30": "SourceThreadId: 7228",
    "_data_31": "SourceUser: Agamemnon\\neo",
    "_data_32": "TargetImage: C:\\Windows\\System32\\lsass.exe",
    "_data_33": "TargetProcessId: 728",
    "_data_34": "TargetUser: NT AUTHORITY\\SYSTEM",
    "_data_35": "Task: 0",
    "_data_36": "TimeCreated_SystemTime: 2022-09-18T10:44:10.9874878Z",
    "_data_37": "Version: 0",
    "_data_38": "Winversion: 20348"
  }
}