{
  "event_id": "10",
  "provider": "Microsoft-Windows-Kernel-Dump",
  "channel": "Microsoft-Windows-Kernel-Dump/Operational",
  "source_file": "D:\\visual code file\\Project_4\\Event-Analyzer\\test\\Benign\\Logs_Win11_2023\\Microsoft-Windows-Kernel-Dump%4Operational.evtx",
  "event_record_id": 2,
  "xml": "<?xml version=\"1.0\" encoding=\"utf-8\"?>\n<Event xmlns=\"http://schemas.microsoft.com/win/2004/08/events/event\">\n  <System>\n    <Provider Name=\"Microsoft-Windows-Kernel-Dump\" Guid=\"17D2A329-4539-5F4D-3435-F510634CE3B9\">\n    </Provider>\n    <EventID>10</EventID>\n    <Version>0</Version>\n    <Level>4</Level>\n    <Task>2</Task>\n    <Opcode>20</Opcode>\n    <Keywords>0x8000000000000000</Keywords>\n    <TimeCreated SystemTime=\"2023-10-26T04:21:30.575000Z\">\n    </TimeCreated>\n    <EventRecordID>2</EventRecordID>\n    <Correlation>\n    </Correlation>\n    <Execution ProcessID=\"416\" ThreadID=\"428\">\n    </Execution>\n    <Channel>Microsoft-Windows-Kernel-Dump/Operational</Channel>\n    <Computer>WinDevEval</Computer>\n    <Security UserID=\"S-1-5-18\">\n    </Security>\n  </System>\n  <EventData>\n  </EventData>\n</Event>\n",
  "json": "{\"Event\":{\"#attributes\":{\"xmlns\":\"http://schemas.microsoft.com/win/2004/08/events/event\"},\"System\":{\"Provider\":{\"#attributes\":{\"Name\":\"Microsoft-Windows-Kernel-Dump\",\"Guid\":\"17D2A329-4539-5F4D-3435-F510634CE3B9\"}},\"EventID\":10,\"Version\":0,\"Level\":4,\"Task\":2,\"Opcode\":20,\"Keywords\":\"0x8000000000000000\",\"TimeCreated\":{\"#attributes\":{\"SystemTime\":\"2023-10-26T04:21:30.575000Z\"}},\"EventRecordID\":2,\"Correlation\":null,\"Execution\":{\"#attributes\":{\"ProcessID\":416,\"ThreadID\":428}},\"Channel\":\"Microsoft-Windows-Kernel-Dump/Operational\",\"Computer\":\"WinDevEval\",\"Security\":{\"#attributes\":{\"UserID\":\"S-1-5-18\"}}},\"EventData\":null}}",
  "xml_fields": {
    "provider": "Microsoft-Windows-Kernel-Dump",
    "event_id": "10",
    "timestamp": "2023-10-26T04:21:30.575000Z",
    "event_record_id": "2",
    "level": "4",
    "task": "2",
    "opcode": "20",
    "keywords": "0x8000000000000000",
    "channel": "Microsoft-Windows-Kernel-Dump/Operational",
    "computer": "WinDevEval"
  },
  "json_fields": {
    "provider": "Microsoft-Windows-Kernel-Dump",
    "channel": "Microsoft-Windows-Kernel-Dump/Operational",
    "event_id": "10",
    "timestamp": "2023-10-26T04:21:30.575000Z",
    "event_record_id": "2",
    "level": "4",
    "task": "2",
    "opcode": "20",
    "keywords": "0x8000000000000000",
    "computer": "WinDevEval"
  }
}