{
  "event_id": "10",
  "provider": "Microsoft-Windows-Security-Mitigations",
  "channel": "Microsoft-Windows-Security-Mitigations/KernelMode",
  "source_file": "D:\\visual code file\\Project_4\\Event-Analyzer\\test\\Benign\\Logs_Client\\Microsoft-Windows-Security-Mitigations%4KernelMode.evtx",
  "event_record_id": 5,
  "xml": "<?xml version=\"1.0\" encoding=\"utf-8\"?>\n<Event xmlns=\"http://schemas.microsoft.com/win/2004/08/events/event\">\n  <System>\n    <Provider Name=\"Microsoft-Windows-Security-Mitigations\" Guid=\"FAE10392-F0AF-4AC0-B8FF-9F4D920C3CDF\">\n    </Provider>\n    <EventID>10</EventID>\n    <Version>0</Version>\n    <Level>3</Level>\n    <Task>5</Task>\n    <Opcode>0</Opcode>\n    <Keywords>0x8000000000000000</Keywords>\n    <TimeCreated SystemTime=\"2022-02-08T11:53:10.096215Z\">\n    </TimeCreated>\n    <EventRecordID>5</EventRecordID>\n    <Correlation>\n    </Correlation>\n    <Execution ProcessID=\"3808\" ThreadID=\"4656\">\n    </Execution>\n    <Channel>Microsoft-Windows-Security-Mitigations/KernelMode</Channel>\n    <Computer>DESKTOP-A8CALR3</Computer>\n    <Security UserID=\"S-1-5-21-1402826787-2759305201-2932496751-1001\">\n    </Security>\n  </System>\n  <EventData>\n    <Data Name=\"ProcessPathLength\">92</Data>\n    <Data Name=\"ProcessPath\">\\Device\\HarddiskVolume2\\Program Files (x86)\\Dropbox\\Client\\141.4.3299\\QtWebEngineProcess.exe</Data>\n    <Data Name=\"ProcessCommandLineLength\">512</Data>\n    <Data Name=\"ProcessCommandLine\">\"C:\\Program Files (x86)\\Dropbox\\Client\\141.4.3299\\QtWebEngineProcess.exe\" --type=renderer --disable-gpu-memory-buffer-video-frames --enable-threaded-compositing --use-gl=egl --enable-features=AllowContentInitiatedDataUrlNavigations --disable-features=BackgroundFetch,MojoVideoCapture,SurfaceSynchronization,UsePdfCompositorServiceForPrint,UserActivationV2,VizDisplayCompositor --disable-databases --service-pipe-token=11942989953460111428 --lang=en-DE --webengine-schemes=dbx-local:hs;qrc:sLV --device-scale-fact</Data>\n    <Data Name=\"CallingProcessId\">3808</Data>\n    <Data Name=\"CallingProcessCreateTime\">2022-02-08T11:53:03.015722Z</Data>\n    <Data Name=\"CallingProcessStartKey\">1688849860264580</Data>\n    <Data Name=\"CallingProcessSignatureLevel\">0</Data>\n    <Data Name=\"CallingProcessSectionSignatureLevel\">0</Data>\n    <Data Name=\"CallingProcessProtection\">0</Data>\n    <Data Name=\"CallingThreadId\">4656</Data>\n    <Data Name=\"CallingThreadCreateTime\">2022-02-08T11:53:03.015725Z</Data>\n  </EventData>\n</Event>\n",
  "json": "{\"Event\":{\"#attributes\":{\"xmlns\":\"http://schemas.microsoft.com/win/2004/08/events/event\"},\"System\":{\"Provider\":{\"#attributes\":{\"Name\":\"Microsoft-Windows-Security-Mitigations\",\"Guid\":\"FAE10392-F0AF-4AC0-B8FF-9F4D920C3CDF\"}},\"EventID\":10,\"Version\":0,\"Level\":3,\"Task\":5,\"Opcode\":0,\"Keywords\":\"0x8000000000000000\",\"TimeCreated\":{\"#attributes\":{\"SystemTime\":\"2022-02-08T11:53:10.096215Z\"}},\"EventRecordID\":5,\"Correlation\":null,\"Execution\":{\"#attributes\":{\"ProcessID\":3808,\"ThreadID\":4656}},\"Channel\":\"Microsoft-Windows-Security-Mitigations/KernelMode\",\"Computer\":\"DESKTOP-A8CALR3\",\"Security\":{\"#attributes\":{\"UserID\":\"S-1-5-21-1402826787-2759305201-2932496751-1001\"}}},\"EventData\":{\"ProcessPathLength\":92,\"ProcessPath\":\"\\\\Device\\\\HarddiskVolume2\\\\Program Files (x86)\\\\Dropbox\\\\Client\\\\141.4.3299\\\\QtWebEngineProcess.exe\",\"ProcessCommandLineLength\":512,\"ProcessCommandLine\":\"\\\"C:\\\\Program Files (x86)\\\\Dropbox\\\\Client\\\\141.4.3299\\\\QtWebEngineProcess.exe\\\" --type=renderer --disable-gpu-memory-buffer-video-frames --enable-threaded-compositing --use-gl=egl --enable-features=AllowContentInitiatedDataUrlNavigations --disable-features=BackgroundFetch,MojoVideoCapture,SurfaceSynchronization,UsePdfCompositorServiceForPrint,UserActivationV2,VizDisplayCompositor --disable-databases --service-pipe-token=11942989953460111428 --lang=en-DE --webengine-schemes=dbx-local:hs;qrc:sLV --device-scale-fact\",\"CallingProcessId\":3808,\"CallingProcessCreateTime\":\"2022-02-08T11:53:03.015722Z\",\"CallingProcessStartKey\":1688849860264580,\"CallingProcessSignatureLevel\":0,\"CallingProcessSectionSignatureLevel\":0,\"CallingProcessProtection\":0,\"CallingThreadId\":4656,\"CallingThreadCreateTime\":\"2022-02-08T11:53:03.015725Z\"}}}",
  "xml_fields": {
    "provider": "Microsoft-Windows-Security-Mitigations",
    "event_id": "10",
    "timestamp": "2022-02-08T11:53:10.096215Z",
    "event_record_id": "5",
    "level": "3",
    "task": "5",
    "opcode": "0",
    "keywords": "0x8000000000000000",
    "channel": "Microsoft-Windows-Security-Mitigations/KernelMode",
    "computer": "DESKTOP-A8CALR3",
    "ProcessPathLength": "92",
    "ProcessPath": "\\Device\\HarddiskVolume2\\Program Files (x86)\\Dropbox\\Client\\141.4.3299\\QtWebEngineProcess.exe",
    "ProcessCommandLineLength": "512",
    "ProcessCommandLine": "\"C:\\Program Files (x86)\\Dropbox\\Client\\141.4.3299\\QtWebEngineProcess.exe\" --type=renderer --disable-gpu-memory-buffer-video-frames --enable-threaded-compositing --use-gl=egl --enable-features=AllowContentInitiatedDataUrlNavigations --disable-features=BackgroundFetch,MojoVideoCapture,SurfaceSynchronization,UsePdfCompositorServiceForPrint,UserActivationV2,VizDisplayCompositor --disable-databases --service-pipe-token=11942989953460111428 --lang=en-DE --webengine-schemes=dbx-local:hs;qrc:sLV --device-scale-fact",
    "CallingProcessId": "3808",
    "CallingProcessCreateTime": "2022-02-08T11:53:03.015722Z",
    "CallingProcessStartKey": "1688849860264580",
    "CallingProcessSignatureLevel": "0",
    "CallingProcessSectionSignatureLevel": "0",
    "CallingProcessProtection": "0",
    "CallingThreadId": "4656",
    "CallingThreadCreateTime": "2022-02-08T11:53:03.015725Z"
  },
  "json_fields": {
    "provider": "Microsoft-Windows-Security-Mitigations",
    "channel": "Microsoft-Windows-Security-Mitigations/KernelMode",
    "event_id": "10",
    "timestamp": "2022-02-08T11:53:10.096215Z",
    "event_record_id": "5",
    "level": "3",
    "task": "5",
    "opcode": "0",
    "keywords": "0x8000000000000000",
    "computer": "DESKTOP-A8CALR3",
    "ProcessPathLength": "92",
    "ProcessPath": "\\Device\\HarddiskVolume2\\Program Files (x86)\\Dropbox\\Client\\141.4.3299\\QtWebEngineProcess.exe",
    "ProcessCommandLineLength": "512",
    "ProcessCommandLine": "\"C:\\Program Files (x86)\\Dropbox\\Client\\141.4.3299\\QtWebEngineProcess.exe\" --type=renderer --disable-gpu-memory-buffer-video-frames --enable-threaded-compositing --use-gl=egl --enable-features=AllowContentInitiatedDataUrlNavigations --disable-features=BackgroundFetch,MojoVideoCapture,SurfaceSynchronization,UsePdfCompositorServiceForPrint,UserActivationV2,VizDisplayCompositor --disable-databases --service-pipe-token=11942989953460111428 --lang=en-DE --webengine-schemes=dbx-local:hs;qrc:sLV --device-scale-fact",
    "CallingProcessId": "3808",
    "CallingProcessCreateTime": "2022-02-08T11:53:03.015722Z",
    "CallingProcessStartKey": "1688849860264580",
    "CallingProcessSignatureLevel": "0",
    "CallingProcessSectionSignatureLevel": "0",
    "CallingProcessProtection": "0",
    "CallingThreadId": "4656",
    "CallingThreadCreateTime": "2022-02-08T11:53:03.015725Z"
  }
}