{
  "event_id": "10",
  "provider": "Microsoft-Windows-AppReadiness",
  "channel": "Microsoft-Windows-AppReadiness/Admin",
  "source_file": "D:\\visual code file\\Project_4\\Event-Analyzer\\test\\Logs\\Microsoft-Windows-AppReadiness%4Admin.evtx",
  "event_record_id": 1222,
  "xml": "<?xml version=\"1.0\" encoding=\"utf-8\"?>\n<Event xmlns=\"http://schemas.microsoft.com/win/2004/08/events/event\">\n  <System>\n    <Provider Name=\"Microsoft-Windows-AppReadiness\" Guid=\"F0BE35F8-237B-4814-86B5-ADE51192E503\">\n    </Provider>\n    <EventID>10</EventID>\n    <Version>0</Version>\n    <Level>2</Level>\n    <Task>6</Task>\n    <Opcode>0</Opcode>\n    <Keywords>0x8000000000000080</Keywords>\n    <TimeCreated SystemTime=\"2025-01-24T10:52:57.403665Z\">\n    </TimeCreated>\n    <EventRecordID>1222</EventRecordID>\n    <Correlation>\n    </Correlation>\n    <Execution ProcessID=\"4820\" ThreadID=\"4856\">\n    </Execution>\n    <Channel>Microsoft-Windows-AppReadiness/Admin</Channel>\n    <Computer>CTO-FILESVR</Computer>\n    <Security UserID=\"S-1-5-18\">\n    </Security>\n  </System>\n  <EventData>\n    <Data Name=\"User\">S-1-5-21-3088055692-629932344-1786574096-1003</Data>\n    <Data Name=\"Operation\">RegisterPackageAsync</Data>\n    <Data Name=\"PackageId\">Microsoft.WindowsAlarms_2021.2411.2.0_neutral_~_8wekyb3d8bbwe</Data>\n    <Data Name=\"Result\">-2147009293</Data>\n    <Data Name=\"Error\">Windows cannot install package Microsoft.WindowsAlarms_11.2411.2.0_x64__8wekyb3d8bbwe because this package depends on a framework that could not be found. Provide the framework \"Microsoft.WindowsAppRuntime.1.5\" published by \"CN=Microsoft Corporation, O=Microsoft Corporation, L=Redmond, S=Washington, C=US\", with neutral or x64 processor architecture and minimum version 5001.178.1908.0, along with this package to install. The frameworks with name \"Microsoft.WindowsAppRuntime.1.5\" currently installed are: {Microsoft.WindowsAppRuntime.1.5_5001.373.1736.0_x86__8wekyb3d8bbwe Microsoft.WindowsAppRuntime.1.5_5001.373.1736.0_x64__8wekyb3d8bbwe}</Data>\n  </EventData>\n</Event>\n",
  "json": "{\"Event\":{\"#attributes\":{\"xmlns\":\"http://schemas.microsoft.com/win/2004/08/events/event\"},\"System\":{\"Provider\":{\"#attributes\":{\"Name\":\"Microsoft-Windows-AppReadiness\",\"Guid\":\"F0BE35F8-237B-4814-86B5-ADE51192E503\"}},\"EventID\":10,\"Version\":0,\"Level\":2,\"Task\":6,\"Opcode\":0,\"Keywords\":\"0x8000000000000080\",\"TimeCreated\":{\"#attributes\":{\"SystemTime\":\"2025-01-24T10:52:57.403665Z\"}},\"EventRecordID\":1222,\"Correlation\":null,\"Execution\":{\"#attributes\":{\"ProcessID\":4820,\"ThreadID\":4856}},\"Channel\":\"Microsoft-Windows-AppReadiness/Admin\",\"Computer\":\"CTO-FILESVR\",\"Security\":{\"#attributes\":{\"UserID\":\"S-1-5-18\"}}},\"EventData\":{\"User\":\"S-1-5-21-3088055692-629932344-1786574096-1003\",\"Operation\":\"RegisterPackageAsync\",\"PackageId\":\"Microsoft.WindowsAlarms_2021.2411.2.0_neutral_~_8wekyb3d8bbwe\",\"Result\":-2147009293,\"Error\":\"Windows cannot install package Microsoft.WindowsAlarms_11.2411.2.0_x64__8wekyb3d8bbwe because this package depends on a framework that could not be found. Provide the framework \\\"Microsoft.WindowsAppRuntime.1.5\\\" published by \\\"CN=Microsoft Corporation, O=Microsoft Corporation, L=Redmond, S=Washington, C=US\\\", with neutral or x64 processor architecture and minimum version 5001.178.1908.0, along with this package to install. The frameworks with name \\\"Microsoft.WindowsAppRuntime.1.5\\\" currently installed are: {Microsoft.WindowsAppRuntime.1.5_5001.373.1736.0_x86__8wekyb3d8bbwe Microsoft.WindowsAppRuntime.1.5_5001.373.1736.0_x64__8wekyb3d8bbwe}\"}}}",
  "xml_fields": {
    "provider": "Microsoft-Windows-AppReadiness",
    "event_id": "10",
    "timestamp": "2025-01-24T10:52:57.403665Z",
    "event_record_id": "1222",
    "level": "2",
    "task": "6",
    "opcode": "0",
    "keywords": "0x8000000000000080",
    "channel": "Microsoft-Windows-AppReadiness/Admin",
    "computer": "CTO-FILESVR",
    "User": "S-1-5-21-3088055692-629932344-1786574096-1003",
    "Operation": "RegisterPackageAsync",
    "PackageId": "Microsoft.WindowsAlarms_2021.2411.2.0_neutral_~_8wekyb3d8bbwe",
    "Result": "-2147009293",
    "Error": "Windows cannot install package Microsoft.WindowsAlarms_11.2411.2.0_x64__8wekyb3d8bbwe because this package depends on a framework that could not be found. Provide the framework \"Microsoft.WindowsAppRuntime.1.5\" published by \"CN=Microsoft Corporation, O=Microsoft Corporation, L=Redmond, S=Washington, C=US\", with neutral or x64 processor architecture and minimum version 5001.178.1908.0, along with this package to install. The frameworks with name \"Microsoft.WindowsAppRuntime.1.5\" currently installed are: {Microsoft.WindowsAppRuntime.1.5_5001.373.1736.0_x86__8wekyb3d8bbwe Microsoft.WindowsAppRuntime.1.5_5001.373.1736.0_x64__8wekyb3d8bbwe}"
  },
  "json_fields": {
    "provider": "Microsoft-Windows-AppReadiness",
    "channel": "Microsoft-Windows-AppReadiness/Admin",
    "event_id": "10",
    "timestamp": "2025-01-24T10:52:57.403665Z",
    "event_record_id": "1222",
    "level": "2",
    "task": "6",
    "opcode": "0",
    "keywords": "0x8000000000000080",
    "computer": "CTO-FILESVR",
    "User": "S-1-5-21-3088055692-629932344-1786574096-1003",
    "Operation": "RegisterPackageAsync",
    "PackageId": "Microsoft.WindowsAlarms_2021.2411.2.0_neutral_~_8wekyb3d8bbwe",
    "Result": "-2147009293",
    "Error": "Windows cannot install package Microsoft.WindowsAlarms_11.2411.2.0_x64__8wekyb3d8bbwe because this package depends on a framework that could not be found. Provide the framework \"Microsoft.WindowsAppRuntime.1.5\" published by \"CN=Microsoft Corporation, O=Microsoft Corporation, L=Redmond, S=Washington, C=US\", with neutral or x64 processor architecture and minimum version 5001.178.1908.0, along with this package to install. The frameworks with name \"Microsoft.WindowsAppRuntime.1.5\" currently installed are: {Microsoft.WindowsAppRuntime.1.5_5001.373.1736.0_x86__8wekyb3d8bbwe Microsoft.WindowsAppRuntime.1.5_5001.373.1736.0_x64__8wekyb3d8bbwe}"
  }
}