{
  "event_id": "10",
  "provider": "Microsoft-Windows-StorageManagement",
  "channel": "Microsoft-Windows-StorageManagement/Operational",
  "source_file": "D:\\visual code file\\Project_4\\Event-Analyzer\\test\\Benign\\Win2022-AD\\Microsoft-Windows-StorageManagement%4Operational.evtx",
  "event_record_id": 32,
  "xml": "<?xml version=\"1.0\" encoding=\"utf-8\"?>\n<Event xmlns=\"http://schemas.microsoft.com/win/2004/08/events/event\">\n  <System>\n    <Provider Name=\"Microsoft-Windows-StorageManagement\" Guid=\"7E58E69A-E361-4F06-B880-AD2F4B64C944\">\n    </Provider>\n    <EventID>10</EventID>\n    <Version>1</Version>\n    <Level>4</Level>\n    <Task>0</Task>\n    <Opcode>0</Opcode>\n    <Keywords>0x8000000000000000</Keywords>\n    <TimeCreated SystemTime=\"2022-04-07T17:21:56.507539Z\">\n    </TimeCreated>\n    <EventRecordID>32</EventRecordID>\n    <Correlation ActivityID=\"6A6EB88B-BE60-41F2-9027-B2C90D761FF6\">\n    </Correlation>\n    <Execution ProcessID=\"892\" ThreadID=\"4220\">\n    </Execution>\n    <Channel>Microsoft-Windows-StorageManagement/Operational</Channel>\n    <Computer>WIN-FPV0DSIC9O6.sigma.fr</Computer>\n    <Security UserID=\"S-1-5-21-2121334350-1110938707-2888912545-500\">\n    </Security>\n  </System>\n  <EventData>\n    <Data Name=\"ClassName\">SPACES_PhysicalDisk</Data>\n    <Data Name=\"OperationTime_msecs\">16</Data>\n  </EventData>\n</Event>\n",
  "json": "{\"Event\":{\"#attributes\":{\"xmlns\":\"http://schemas.microsoft.com/win/2004/08/events/event\"},\"System\":{\"Provider\":{\"#attributes\":{\"Name\":\"Microsoft-Windows-StorageManagement\",\"Guid\":\"7E58E69A-E361-4F06-B880-AD2F4B64C944\"}},\"EventID\":10,\"Version\":1,\"Level\":4,\"Task\":0,\"Opcode\":0,\"Keywords\":\"0x8000000000000000\",\"TimeCreated\":{\"#attributes\":{\"SystemTime\":\"2022-04-07T17:21:56.507539Z\"}},\"EventRecordID\":32,\"Correlation\":{\"#attributes\":{\"ActivityID\":\"6A6EB88B-BE60-41F2-9027-B2C90D761FF6\"}},\"Execution\":{\"#attributes\":{\"ProcessID\":892,\"ThreadID\":4220}},\"Channel\":\"Microsoft-Windows-StorageManagement/Operational\",\"Computer\":\"WIN-FPV0DSIC9O6.sigma.fr\",\"Security\":{\"#attributes\":{\"UserID\":\"S-1-5-21-2121334350-1110938707-2888912545-500\"}}},\"EventData\":{\"ClassName\":\"SPACES_PhysicalDisk\",\"OperationTime_msecs\":16}}}",
  "xml_fields": {
    "provider": "Microsoft-Windows-StorageManagement",
    "event_id": "10",
    "timestamp": "2022-04-07T17:21:56.507539Z",
    "event_record_id": "32",
    "level": "4",
    "task": "0",
    "opcode": "0",
    "keywords": "0x8000000000000000",
    "channel": "Microsoft-Windows-StorageManagement/Operational",
    "computer": "WIN-FPV0DSIC9O6.sigma.fr",
    "ClassName": "SPACES_PhysicalDisk",
    "OperationTime_msecs": "16"
  },
  "json_fields": {
    "provider": "Microsoft-Windows-StorageManagement",
    "channel": "Microsoft-Windows-StorageManagement/Operational",
    "event_id": "10",
    "timestamp": "2022-04-07T17:21:56.507539Z",
    "event_record_id": "32",
    "level": "4",
    "task": "0",
    "opcode": "0",
    "keywords": "0x8000000000000000",
    "computer": "WIN-FPV0DSIC9O6.sigma.fr",
    "ClassName": "SPACES_PhysicalDisk",
    "OperationTime_msecs": "16"
  }
}