{
  "event_id": "10",
  "provider": "Microsoft-Windows-Provisioning-Diagnostics-Provider",
  "channel": "Microsoft-Windows-Provisioning-Diagnostics-Provider/Admin",
  "source_file": "D:\\visual code file\\Project_4\\Event-Analyzer\\test\\Benign\\Logs_Client\\Microsoft-Windows-Provisioning-Diagnostics-Provider%4Admin.evtx",
  "event_record_id": 22,
  "xml": "<?xml version=\"1.0\" encoding=\"utf-8\"?>\n<Event xmlns=\"http://schemas.microsoft.com/win/2004/08/events/event\">\n  <System>\n    <Provider Name=\"Microsoft-Windows-Provisioning-Diagnostics-Provider\" Guid=\"ED8B9BD3-F66E-4FF2-B86B-75C7925F72A9\">\n    </Provider>\n    <EventID>10</EventID>\n    <Version>0</Version>\n    <Level>4</Level>\n    <Task>0</Task>\n    <Opcode>0</Opcode>\n    <Keywords>0x8000000000000000</Keywords>\n    <TimeCreated SystemTime=\"2022-02-07T10:53:54.518501Z\">\n    </TimeCreated>\n    <EventRecordID>22</EventRecordID>\n    <Correlation>\n    </Correlation>\n    <Execution ProcessID=\"2880\" ThreadID=\"2876\">\n    </Execution>\n    <Channel>Microsoft-Windows-Provisioning-Diagnostics-Provider/Admin</Channel>\n    <Computer>WIN-VR474TJ38H3</Computer>\n    <Security UserID=\"S-1-5-18\">\n    </Security>\n  </System>\n  <EventData>\n    <Data Name=\"Message1\">PowerSettings</Data>\n    <Data Name=\"Message2\">MCSF/Power/Controls/EnergyEstimationEnabled</Data>\n  </EventData>\n</Event>\n",
  "json": "{\"Event\":{\"#attributes\":{\"xmlns\":\"http://schemas.microsoft.com/win/2004/08/events/event\"},\"System\":{\"Provider\":{\"#attributes\":{\"Name\":\"Microsoft-Windows-Provisioning-Diagnostics-Provider\",\"Guid\":\"ED8B9BD3-F66E-4FF2-B86B-75C7925F72A9\"}},\"EventID\":10,\"Version\":0,\"Level\":4,\"Task\":0,\"Opcode\":0,\"Keywords\":\"0x8000000000000000\",\"TimeCreated\":{\"#attributes\":{\"SystemTime\":\"2022-02-07T10:53:54.518501Z\"}},\"EventRecordID\":22,\"Correlation\":null,\"Execution\":{\"#attributes\":{\"ProcessID\":2880,\"ThreadID\":2876}},\"Channel\":\"Microsoft-Windows-Provisioning-Diagnostics-Provider/Admin\",\"Computer\":\"WIN-VR474TJ38H3\",\"Security\":{\"#attributes\":{\"UserID\":\"S-1-5-18\"}}},\"EventData\":{\"Message1\":\"PowerSettings\",\"Message2\":\"MCSF/Power/Controls/EnergyEstimationEnabled\"}}}",
  "xml_fields": {
    "provider": "Microsoft-Windows-Provisioning-Diagnostics-Provider",
    "event_id": "10",
    "timestamp": "2022-02-07T10:53:54.518501Z",
    "event_record_id": "22",
    "level": "4",
    "task": "0",
    "opcode": "0",
    "keywords": "0x8000000000000000",
    "channel": "Microsoft-Windows-Provisioning-Diagnostics-Provider/Admin",
    "computer": "WIN-VR474TJ38H3",
    "Message1": "PowerSettings",
    "Message2": "MCSF/Power/Controls/EnergyEstimationEnabled"
  },
  "json_fields": {
    "provider": "Microsoft-Windows-Provisioning-Diagnostics-Provider",
    "channel": "Microsoft-Windows-Provisioning-Diagnostics-Provider/Admin",
    "event_id": "10",
    "timestamp": "2022-02-07T10:53:54.518501Z",
    "event_record_id": "22",
    "level": "4",
    "task": "0",
    "opcode": "0",
    "keywords": "0x8000000000000000",
    "computer": "WIN-VR474TJ38H3",
    "Message1": "PowerSettings",
    "Message2": "MCSF/Power/Controls/EnergyEstimationEnabled"
  }
}