{
  "event_id": "10",
  "provider": "Microsoft-Windows-WinRM",
  "channel": "Microsoft-Windows-WinRM/Operational",
  "source_file": "D:\\visual code file\\Project_4\\Event-Analyzer\\test\\Benign\\win2022-0-20348-azure\\Microsoft-Windows-WinRM%4Operational.evtx",
  "event_record_id": 37,
  "xml": "<?xml version=\"1.0\" encoding=\"utf-8\"?>\n<Event xmlns=\"http://schemas.microsoft.com/win/2004/08/events/event\">\n  <System>\n    <Provider Name=\"Microsoft-Windows-WinRM\" Guid=\"A7975C8F-AC13-49F1-87DA-5A984A4AB417\">\n    </Provider>\n    <EventID>10</EventID>\n    <Version>0</Version>\n    <Level>4</Level>\n    <Task>5</Task>\n    <Opcode>0</Opcode>\n    <Keywords>0x4000000000000002</Keywords>\n    <TimeCreated SystemTime=\"2022-09-18T09:47:13.433006Z\">\n    </TimeCreated>\n    <EventRecordID>37</EventRecordID>\n    <Correlation ActivityID=\"1A75463C-9592-4179-9503-AADA9BD3B9ED\">\n    </Correlation>\n    <Execution ProcessID=\"3852\" ThreadID=\"8144\">\n    </Execution>\n    <Channel>Microsoft-Windows-WinRM/Operational</Channel>\n    <Computer>Agamemnon</Computer>\n    <Security UserID=\"S-1-5-21-3574161147-2844031704-266979156-500\">\n    </Security>\n  </System>\n  <EventData>\n    <Data Name=\"optionCode\">34</Data>\n    <Data Name=\"optionName\">WSMAN_OPTION_USE_INTEARACTIVE_TOKEN</Data>\n    <Data Name=\"optionValue\">1</Data>\n  </EventData>\n</Event>\n",
  "json": "{\"Event\":{\"#attributes\":{\"xmlns\":\"http://schemas.microsoft.com/win/2004/08/events/event\"},\"System\":{\"Provider\":{\"#attributes\":{\"Name\":\"Microsoft-Windows-WinRM\",\"Guid\":\"A7975C8F-AC13-49F1-87DA-5A984A4AB417\"}},\"EventID\":10,\"Version\":0,\"Level\":4,\"Task\":5,\"Opcode\":0,\"Keywords\":\"0x4000000000000002\",\"TimeCreated\":{\"#attributes\":{\"SystemTime\":\"2022-09-18T09:47:13.433006Z\"}},\"EventRecordID\":37,\"Correlation\":{\"#attributes\":{\"ActivityID\":\"1A75463C-9592-4179-9503-AADA9BD3B9ED\"}},\"Execution\":{\"#attributes\":{\"ProcessID\":3852,\"ThreadID\":8144}},\"Channel\":\"Microsoft-Windows-WinRM/Operational\",\"Computer\":\"Agamemnon\",\"Security\":{\"#attributes\":{\"UserID\":\"S-1-5-21-3574161147-2844031704-266979156-500\"}}},\"EventData\":{\"optionCode\":34,\"optionName\":\"WSMAN_OPTION_USE_INTEARACTIVE_TOKEN\",\"optionValue\":\"1\"}}}",
  "xml_fields": {
    "provider": "Microsoft-Windows-WinRM",
    "event_id": "10",
    "timestamp": "2022-09-18T09:47:13.433006Z",
    "event_record_id": "37",
    "level": "4",
    "task": "5",
    "opcode": "0",
    "keywords": "0x4000000000000002",
    "channel": "Microsoft-Windows-WinRM/Operational",
    "computer": "Agamemnon",
    "optionCode": "34",
    "optionName": "WSMAN_OPTION_USE_INTEARACTIVE_TOKEN",
    "optionValue": "1"
  },
  "json_fields": {
    "provider": "Microsoft-Windows-WinRM",
    "channel": "Microsoft-Windows-WinRM/Operational",
    "event_id": "10",
    "timestamp": "2022-09-18T09:47:13.433006Z",
    "event_record_id": "37",
    "level": "4",
    "task": "5",
    "opcode": "0",
    "keywords": "0x4000000000000002",
    "computer": "Agamemnon",
    "optionCode": "34",
    "optionName": "WSMAN_OPTION_USE_INTEARACTIVE_TOKEN",
    "optionValue": "1"
  }
}