{
  "event_id": "1102",
  "provider": "Microsoft-Windows-Eventlog",
  "channel": "Security",
  "source_file": "D:\\visual code file\\Project_4\\Event-Analyzer\\test\\Logs\\Security.evtx",
  "event_record_id": 4419,
  "xml": "<?xml version=\"1.0\" encoding=\"utf-8\"?>\n<Event xmlns=\"http://schemas.microsoft.com/win/2004/08/events/event\">\n  <System>\n    <Provider Name=\"Microsoft-Windows-Eventlog\" Guid=\"{fc65ddd8-d6ef-4962-83d5-6e5cfe9ce148}\">\n    </Provider>\n    <EventID>1102</EventID>\n    <Version>0</Version>\n    <Level>4</Level>\n    <Task>104</Task>\n    <Opcode>0</Opcode>\n    <Keywords>0x4020000000000000</Keywords>\n    <TimeCreated SystemTime=\"2025-01-24T10:28:41.933849Z\">\n    </TimeCreated>\n    <EventRecordID>4419</EventRecordID>\n    <Correlation>\n    </Correlation>\n    <Execution ProcessID=\"1224\" ThreadID=\"8060\">\n    </Execution>\n    <Channel>Security</Channel>\n    <Computer>CTO-FILESVR</Computer>\n    <Security>\n    </Security>\n  </System>\n  <UserData>\n    <LogFileCleared xmlns=\"http://manifests.microsoft.com/win/2004/08/windows/eventlog\">\n      <SubjectUserSid>S-1-5-21-3088055692-629932344-1786574096-1003</SubjectUserSid>\n      <SubjectUserName>Dutch</SubjectUserName>\n      <SubjectDomainName>CTO-FILESVR</SubjectDomainName>\n      <SubjectLogonId>0xe1d52</SubjectLogonId>\n    </LogFileCleared>\n  </UserData>\n</Event>\n",
  "json": "{\"Event\":{\"#attributes\":{\"xmlns\":\"http://schemas.microsoft.com/win/2004/08/events/event\"},\"System\":{\"Provider\":{\"#attributes\":{\"Name\":\"Microsoft-Windows-Eventlog\",\"Guid\":\"{fc65ddd8-d6ef-4962-83d5-6e5cfe9ce148}\"}},\"EventID\":1102,\"Version\":0,\"Level\":4,\"Task\":104,\"Opcode\":0,\"Keywords\":\"0x4020000000000000\",\"TimeCreated\":{\"#attributes\":{\"SystemTime\":\"2025-01-24T10:28:41.933849Z\"}},\"EventRecordID\":4419,\"Correlation\":null,\"Execution\":{\"#attributes\":{\"ProcessID\":1224,\"ThreadID\":8060}},\"Channel\":\"Security\",\"Computer\":\"CTO-FILESVR\",\"Security\":null},\"UserData\":{\"LogFileCleared\":{\"#attributes\":{\"xmlns\":\"http://manifests.microsoft.com/win/2004/08/windows/eventlog\"},\"SubjectUserSid\":\"S-1-5-21-3088055692-629932344-1786574096-1003\",\"SubjectUserName\":\"Dutch\",\"SubjectDomainName\":\"CTO-FILESVR\",\"SubjectLogonId\":\"0xe1d52\"}}}}",
  "xml_fields": {
    "provider": "Microsoft-Windows-Eventlog",
    "event_id": "1102",
    "timestamp": "2025-01-24T10:28:41.933849Z",
    "event_record_id": "4419",
    "level": "4",
    "task": "104",
    "opcode": "0",
    "keywords": "0x4020000000000000",
    "channel": "Security",
    "computer": "CTO-FILESVR",
    "SubjectUserSid": "S-1-5-21-3088055692-629932344-1786574096-1003",
    "SubjectUserName": "Dutch",
    "SubjectDomainName": "CTO-FILESVR",
    "SubjectLogonId": "0xe1d52"
  },
  "json_fields": {
    "provider": "Microsoft-Windows-Eventlog",
    "channel": "Security",
    "event_id": "1102",
    "timestamp": "2025-01-24T10:28:41.933849Z",
    "event_record_id": "4419",
    "level": "4",
    "task": "104",
    "opcode": "0",
    "keywords": "0x4020000000000000",
    "computer": "CTO-FILESVR",
    "SubjectUserSid": "S-1-5-21-3088055692-629932344-1786574096-1003",
    "SubjectUserName": "Dutch",
    "SubjectDomainName": "CTO-FILESVR",
    "SubjectLogonId": "0xe1d52"
  }
}