{
  "event_id": "1104",
  "provider": "Microsoft-Windows-AAD",
  "channel": "Microsoft-Windows-AAD/Operational",
  "source_file": "D:\\visual code file\\Project_4\\Event-Analyzer\\test\\Logs\\Microsoft-Windows-AAD%4Operational.evtx",
  "event_record_id": 1,
  "xml": "<?xml version=\"1.0\" encoding=\"utf-8\"?>\n<Event xmlns=\"http://schemas.microsoft.com/win/2004/08/events/event\">\n  <System>\n    <Provider Name=\"Microsoft-Windows-AAD\" Guid=\"4DE9BC9C-B27A-43C9-8994-0915F1A5E24F\">\n    </Provider>\n    <EventID>1104</EventID>\n    <Version>0</Version>\n    <Level>2</Level>\n    <Task>101</Task>\n    <Opcode>0</Opcode>\n    <Keywords>0x4000000000000012</Keywords>\n    <TimeCreated SystemTime=\"2024-11-05T01:33:11.087535Z\">\n    </TimeCreated>\n    <EventRecordID>1</EventRecordID>\n    <Correlation ActivityID=\"A40B4835-2F22-0000-0549-0BA4222FDB01\">\n    </Correlation>\n    <Execution ProcessID=\"652\" ThreadID=\"736\">\n    </Execution>\n    <Channel>Microsoft-Windows-AAD/Operational</Channel>\n    <Computer>WIN-5LCFHVCO531</Computer>\n    <Security UserID=\"S-1-5-18\">\n    </Security>\n  </System>\n  <EventData>\n    <Data Name=\"API\">GenericCallPkg</Data>\n    <Data Name=\"Result\">3221521489</Data>\n  </EventData>\n</Event>\n",
  "json": "{\"Event\":{\"#attributes\":{\"xmlns\":\"http://schemas.microsoft.com/win/2004/08/events/event\"},\"System\":{\"Provider\":{\"#attributes\":{\"Name\":\"Microsoft-Windows-AAD\",\"Guid\":\"4DE9BC9C-B27A-43C9-8994-0915F1A5E24F\"}},\"EventID\":1104,\"Version\":0,\"Level\":2,\"Task\":101,\"Opcode\":0,\"Keywords\":\"0x4000000000000012\",\"TimeCreated\":{\"#attributes\":{\"SystemTime\":\"2024-11-05T01:33:11.087535Z\"}},\"EventRecordID\":1,\"Correlation\":{\"#attributes\":{\"ActivityID\":\"A40B4835-2F22-0000-0549-0BA4222FDB01\"}},\"Execution\":{\"#attributes\":{\"ProcessID\":652,\"ThreadID\":736}},\"Channel\":\"Microsoft-Windows-AAD/Operational\",\"Computer\":\"WIN-5LCFHVCO531\",\"Security\":{\"#attributes\":{\"UserID\":\"S-1-5-18\"}}},\"EventData\":{\"API\":\"GenericCallPkg\",\"Result\":3221521489}}}",
  "xml_fields": {
    "provider": "Microsoft-Windows-AAD",
    "event_id": "1104",
    "timestamp": "2024-11-05T01:33:11.087535Z",
    "event_record_id": "1",
    "level": "2",
    "task": "101",
    "opcode": "0",
    "keywords": "0x4000000000000012",
    "channel": "Microsoft-Windows-AAD/Operational",
    "computer": "WIN-5LCFHVCO531",
    "API": "GenericCallPkg",
    "Result": "3221521489"
  },
  "json_fields": {
    "provider": "Microsoft-Windows-AAD",
    "channel": "Microsoft-Windows-AAD/Operational",
    "event_id": "1104",
    "timestamp": "2024-11-05T01:33:11.087535Z",
    "event_record_id": "1",
    "level": "2",
    "task": "101",
    "opcode": "0",
    "keywords": "0x4000000000000012",
    "computer": "WIN-5LCFHVCO531",
    "API": "GenericCallPkg",
    "Result": "3221521489"
  }
}