{
  "event_id": "1108",
  "provider": "Microsoft-Windows-Biometrics",
  "channel": "Microsoft-Windows-Biometrics/Operational",
  "source_file": "D:\\visual code file\\Project_4\\Event-Analyzer\\test\\Benign\\Logs_Client\\Microsoft-Windows-Biometrics%4Operational.evtx",
  "event_record_id": 4,
  "xml": "<?xml version=\"1.0\" encoding=\"utf-8\"?>\n<Event xmlns=\"http://schemas.microsoft.com/win/2004/08/events/event\">\n  <System>\n    <Provider Name=\"Microsoft-Windows-Biometrics\" Guid=\"A0E3D8EA-C34F-4419-A1DB-90435B8B21D0\">\n    </Provider>\n    <EventID>1108</EventID>\n    <Version>0</Version>\n    <Level>5</Level>\n    <Task>1</Task>\n    <Opcode>0</Opcode>\n    <Keywords>0x8000000000000000</Keywords>\n    <TimeCreated SystemTime=\"2022-02-07T11:59:41.171540Z\">\n    </TimeCreated>\n    <EventRecordID>4</EventRecordID>\n    <Correlation>\n    </Correlation>\n    <Execution ProcessID=\"5044\" ThreadID=\"1484\">\n    </Execution>\n    <Channel>Microsoft-Windows-Biometrics/Operational</Channel>\n    <Computer>DESKTOP-A8CALR3</Computer>\n    <Security UserID=\"S-1-5-18\">\n    </Security>\n  </System>\n  <EventData>\n    <Data Name=\"BiometricSensor\">Analog NUI Voice Virtual Sensor (\\Voice\\Virtual Sensors\\{F25AB4A2-593A-4A89-B9FF-8144BEA81E15})</Data>\n    <Data Name=\"SensorAdapter\">NUIVoiceWBSAdapters.dll</Data>\n    <Data Name=\"EngineAdapter\">NUIVoiceWBSAdapters.dll</Data>\n    <Data Name=\"StorageAdapter\">WinBioStorageAdapter.dll</Data>\n    <Data Name=\"DatabaseID\">51F39552-1075-4199-B513-0C10EA185DB0</Data>\n    <Data Name=\"SensorMode\">1</Data>\n    <Data Name=\"SensorPool\">1</Data>\n    <Data Name=\"IsolationLevel\">0</Data>\n    <Data Name=\"IsolationSensorAdapter\">-</Data>\n    <Data Name=\"IsolationEngineAdapter\">-</Data>\n    <Data Name=\"IsolationStorageAdapter\">-</Data>\n  </EventData>\n</Event>\n",
  "json": "{\"Event\":{\"#attributes\":{\"xmlns\":\"http://schemas.microsoft.com/win/2004/08/events/event\"},\"System\":{\"Provider\":{\"#attributes\":{\"Name\":\"Microsoft-Windows-Biometrics\",\"Guid\":\"A0E3D8EA-C34F-4419-A1DB-90435B8B21D0\"}},\"EventID\":1108,\"Version\":0,\"Level\":5,\"Task\":1,\"Opcode\":0,\"Keywords\":\"0x8000000000000000\",\"TimeCreated\":{\"#attributes\":{\"SystemTime\":\"2022-02-07T11:59:41.171540Z\"}},\"EventRecordID\":4,\"Correlation\":null,\"Execution\":{\"#attributes\":{\"ProcessID\":5044,\"ThreadID\":1484}},\"Channel\":\"Microsoft-Windows-Biometrics/Operational\",\"Computer\":\"DESKTOP-A8CALR3\",\"Security\":{\"#attributes\":{\"UserID\":\"S-1-5-18\"}}},\"EventData\":{\"BiometricSensor\":\"Analog NUI Voice Virtual Sensor (\\\\Voice\\\\Virtual Sensors\\\\{F25AB4A2-593A-4A89-B9FF-8144BEA81E15})\",\"SensorAdapter\":\"NUIVoiceWBSAdapters.dll\",\"EngineAdapter\":\"NUIVoiceWBSAdapters.dll\",\"StorageAdapter\":\"WinBioStorageAdapter.dll\",\"DatabaseID\":\"51F39552-1075-4199-B513-0C10EA185DB0\",\"SensorMode\":1,\"SensorPool\":1,\"IsolationLevel\":0,\"IsolationSensorAdapter\":\"-\",\"IsolationEngineAdapter\":\"-\",\"IsolationStorageAdapter\":\"-\"}}}",
  "xml_fields": {
    "provider": "Microsoft-Windows-Biometrics",
    "event_id": "1108",
    "timestamp": "2022-02-07T11:59:41.171540Z",
    "event_record_id": "4",
    "level": "5",
    "task": "1",
    "opcode": "0",
    "keywords": "0x8000000000000000",
    "channel": "Microsoft-Windows-Biometrics/Operational",
    "computer": "DESKTOP-A8CALR3",
    "BiometricSensor": "Analog NUI Voice Virtual Sensor (\\Voice\\Virtual Sensors\\{F25AB4A2-593A-4A89-B9FF-8144BEA81E15})",
    "SensorAdapter": "NUIVoiceWBSAdapters.dll",
    "EngineAdapter": "NUIVoiceWBSAdapters.dll",
    "StorageAdapter": "WinBioStorageAdapter.dll",
    "DatabaseID": "51F39552-1075-4199-B513-0C10EA185DB0",
    "SensorMode": "1",
    "SensorPool": "1",
    "IsolationLevel": "0",
    "IsolationSensorAdapter": "-",
    "IsolationEngineAdapter": "-",
    "IsolationStorageAdapter": "-"
  },
  "json_fields": {
    "provider": "Microsoft-Windows-Biometrics",
    "channel": "Microsoft-Windows-Biometrics/Operational",
    "event_id": "1108",
    "timestamp": "2022-02-07T11:59:41.171540Z",
    "event_record_id": "4",
    "level": "5",
    "task": "1",
    "opcode": "0",
    "keywords": "0x8000000000000000",
    "computer": "DESKTOP-A8CALR3",
    "BiometricSensor": "Analog NUI Voice Virtual Sensor (\\Voice\\Virtual Sensors\\{F25AB4A2-593A-4A89-B9FF-8144BEA81E15})",
    "SensorAdapter": "NUIVoiceWBSAdapters.dll",
    "EngineAdapter": "NUIVoiceWBSAdapters.dll",
    "StorageAdapter": "WinBioStorageAdapter.dll",
    "DatabaseID": "51F39552-1075-4199-B513-0C10EA185DB0",
    "SensorMode": "1",
    "SensorPool": "1",
    "IsolationLevel": "0",
    "IsolationSensorAdapter": "-",
    "IsolationEngineAdapter": "-",
    "IsolationStorageAdapter": "-"
  }
}