{
  "event_id": "1109",
  "provider": "Microsoft-Windows-Biometrics",
  "channel": "Microsoft-Windows-Biometrics/Operational",
  "source_file": "D:\\visual code file\\Project_4\\Event-Analyzer\\test\\Logs\\Microsoft-Windows-Biometrics%4Operational.evtx",
  "event_record_id": 3,
  "xml": "<?xml version=\"1.0\" encoding=\"utf-8\"?>\n<Event xmlns=\"http://schemas.microsoft.com/win/2004/08/events/event\">\n  <System>\n    <Provider Name=\"Microsoft-Windows-Biometrics\" Guid=\"A0E3D8EA-C34F-4419-A1DB-90435B8B21D0\">\n    </Provider>\n    <EventID>1109</EventID>\n    <Version>0</Version>\n    <Level>4</Level>\n    <Task>1</Task>\n    <Opcode>0</Opcode>\n    <Keywords>0x8000000000000000</Keywords>\n    <TimeCreated SystemTime=\"2024-11-04T12:46:34.691949Z\">\n    </TimeCreated>\n    <EventRecordID>3</EventRecordID>\n    <Correlation>\n    </Correlation>\n    <Execution ProcessID=\"5972\" ThreadID=\"5404\">\n    </Execution>\n    <Channel>Microsoft-Windows-Biometrics/Operational</Channel>\n    <Computer>DESKTOP-P9H5FTA</Computer>\n    <Security UserID=\"S-1-5-18\">\n    </Security>\n  </System>\n  <EventData>\n    <Data Name=\"BiometricSensor\">Windows Hello Face Virtual Software Device (\\Bootstrap\\Virtual Sensors\\{0527b250-7514-4321-8b68-41c65f956998})</Data>\n    <Data Name=\"SensorAdapter\">FaceBootstrapAdapter.dll</Data>\n    <Data Name=\"EngineAdapter\">FaceBootstrapAdapter.dll</Data>\n    <Data Name=\"StorageAdapter\">FaceBootstrapAdapter.dll</Data>\n    <Data Name=\"DatabaseID\">DC576DA6-D676-4A15-906D-C0CEAF949543</Data>\n    <Data Name=\"SensorMode\">1</Data>\n    <Data Name=\"SensorPool\">1</Data>\n    <Data Name=\"IsolationLevel\">0</Data>\n    <Data Name=\"IsolationSensorAdapter\">-</Data>\n    <Data Name=\"IsolationEngineAdapter\">-</Data>\n    <Data Name=\"IsolationStorageAdapter\">-</Data>\n    <Data Name=\"ErrorCode\">0x80004001</Data>\n  </EventData>\n</Event>\n",
  "json": "{\"Event\":{\"#attributes\":{\"xmlns\":\"http://schemas.microsoft.com/win/2004/08/events/event\"},\"System\":{\"Provider\":{\"#attributes\":{\"Name\":\"Microsoft-Windows-Biometrics\",\"Guid\":\"A0E3D8EA-C34F-4419-A1DB-90435B8B21D0\"}},\"EventID\":1109,\"Version\":0,\"Level\":4,\"Task\":1,\"Opcode\":0,\"Keywords\":\"0x8000000000000000\",\"TimeCreated\":{\"#attributes\":{\"SystemTime\":\"2024-11-04T12:46:34.691949Z\"}},\"EventRecordID\":3,\"Correlation\":null,\"Execution\":{\"#attributes\":{\"ProcessID\":5972,\"ThreadID\":5404}},\"Channel\":\"Microsoft-Windows-Biometrics/Operational\",\"Computer\":\"DESKTOP-P9H5FTA\",\"Security\":{\"#attributes\":{\"UserID\":\"S-1-5-18\"}}},\"EventData\":{\"BiometricSensor\":\"Windows Hello Face Virtual Software Device (\\\\Bootstrap\\\\Virtual Sensors\\\\{0527b250-7514-4321-8b68-41c65f956998})\",\"SensorAdapter\":\"FaceBootstrapAdapter.dll\",\"EngineAdapter\":\"FaceBootstrapAdapter.dll\",\"StorageAdapter\":\"FaceBootstrapAdapter.dll\",\"DatabaseID\":\"DC576DA6-D676-4A15-906D-C0CEAF949543\",\"SensorMode\":1,\"SensorPool\":1,\"IsolationLevel\":0,\"IsolationSensorAdapter\":\"-\",\"IsolationEngineAdapter\":\"-\",\"IsolationStorageAdapter\":\"-\",\"ErrorCode\":\"0x80004001\"}}}",
  "xml_fields": {
    "provider": "Microsoft-Windows-Biometrics",
    "event_id": "1109",
    "timestamp": "2024-11-04T12:46:34.691949Z",
    "event_record_id": "3",
    "level": "4",
    "task": "1",
    "opcode": "0",
    "keywords": "0x8000000000000000",
    "channel": "Microsoft-Windows-Biometrics/Operational",
    "computer": "DESKTOP-P9H5FTA",
    "BiometricSensor": "Windows Hello Face Virtual Software Device (\\Bootstrap\\Virtual Sensors\\{0527b250-7514-4321-8b68-41c65f956998})",
    "SensorAdapter": "FaceBootstrapAdapter.dll",
    "EngineAdapter": "FaceBootstrapAdapter.dll",
    "StorageAdapter": "FaceBootstrapAdapter.dll",
    "DatabaseID": "DC576DA6-D676-4A15-906D-C0CEAF949543",
    "SensorMode": "1",
    "SensorPool": "1",
    "IsolationLevel": "0",
    "IsolationSensorAdapter": "-",
    "IsolationEngineAdapter": "-",
    "IsolationStorageAdapter": "-",
    "ErrorCode": "0x80004001"
  },
  "json_fields": {
    "provider": "Microsoft-Windows-Biometrics",
    "channel": "Microsoft-Windows-Biometrics/Operational",
    "event_id": "1109",
    "timestamp": "2024-11-04T12:46:34.691949Z",
    "event_record_id": "3",
    "level": "4",
    "task": "1",
    "opcode": "0",
    "keywords": "0x8000000000000000",
    "computer": "DESKTOP-P9H5FTA",
    "BiometricSensor": "Windows Hello Face Virtual Software Device (\\Bootstrap\\Virtual Sensors\\{0527b250-7514-4321-8b68-41c65f956998})",
    "SensorAdapter": "FaceBootstrapAdapter.dll",
    "EngineAdapter": "FaceBootstrapAdapter.dll",
    "StorageAdapter": "FaceBootstrapAdapter.dll",
    "DatabaseID": "DC576DA6-D676-4A15-906D-C0CEAF949543",
    "SensorMode": "1",
    "SensorPool": "1",
    "IsolationLevel": "0",
    "IsolationSensorAdapter": "-",
    "IsolationEngineAdapter": "-",
    "IsolationStorageAdapter": "-",
    "ErrorCode": "0x80004001"
  }
}