{
  "event_id": "1117",
  "provider": "Microsoft-Windows-Windows Defender",
  "channel": "Microsoft-Windows-Windows Defender/Operational",
  "source_file": "D:\\visual code file\\Project_4\\Event-Analyzer\\test\\Malicious\\EVTX-to-MITRE-Attack-master\\Antivirus\\ID1116-1117-Defender threat detected.evtx",
  "event_record_id": 5,
  "xml": "<?xml version=\"1.0\" encoding=\"utf-8\"?>\n<Event xmlns=\"http://schemas.microsoft.com/win/2004/08/events/event\">\n  <System>\n    <Provider Name=\"Microsoft-Windows-Windows Defender\" Guid=\"{11cd958a-c507-4ef3-b3f2-5fd9dfbd2c78}\">\n    </Provider>\n    <EventID>1117</EventID>\n    <Version>0</Version>\n    <Level>4</Level>\n    <Task>0</Task>\n    <Opcode>0</Opcode>\n    <Keywords>0x8000000000000000</Keywords>\n    <TimeCreated SystemTime=\"2020-12-11T12:28:44.2711826Z\">\n    </TimeCreated>\n    <EventRecordID>176</EventRecordID>\n    <Correlation ActivityID=\"{4806894f-1a1a-4209-9335-fef253edb24d}\">\n    </Correlation>\n    <Execution ProcessID=\"4172\" ThreadID=\"3144\">\n    </Execution>\n    <Channel>Microsoft-Windows-Windows Defender/Operational</Channel>\n    <Computer>WIN10-client01.offsec.lan</Computer>\n    <Security UserID=\"S-1-5-18\">\n    </Security>\n  </System>\n  <EventData>\n    <Data Name=\"Product Name\">Microsoft Defender Antivirus</Data>\n    <Data Name=\"Product Version\">4.18.2011.6</Data>\n    <Data Name=\"Detection ID\">{CF1B6DE9-9DA5-4BC8-A6F1-CE75B59116B5}</Data>\n    <Data Name=\"Detection Time\">2020-12-11T12:28:01.490Z</Data>\n    <Data Name=\"Unused\">\n    </Data>\n    <Data Name=\"Unused2\">\n    </Data>\n    <Data Name=\"Threat ID\">2147729891</Data>\n    <Data Name=\"Threat Name\">HackTool:Win32/Mimikatz.D</Data>\n    <Data Name=\"Severity ID\">4</Data>\n    <Data Name=\"Severity Name\">High</Data>\n    <Data Name=\"Category ID\">34</Data>\n    <Data Name=\"Category Name\">Tool</Data>\n    <Data Name=\"FWLink\">https://go.microsoft.com/fwlink/?linkid=37020&amp;name=HackTool:Win32/Mimikatz.D&amp;threatid=2147729891&amp;enterprise=0</Data>\n    <Data Name=\"Status Code\">3</Data>\n    <Data Name=\"Status Description\">\n    </Data>\n    <Data Name=\"State\">2</Data>\n    <Data Name=\"Source ID\">3</Data>\n    <Data Name=\"Source Name\">Real-Time Protection</Data>\n    <Data Name=\"Process Name\">C:\\Windows\\explorer.exe</Data>\n    <Data Name=\"Detection User\">OFFSEC\\admmig</Data>\n    <Data Name=\"Unused3\">\n    </Data>\n    <Data Name=\"Path\">file:_C:\\Users\\admmig\\Documents\\mimikatz.exe</Data>\n    <Data Name=\"Origin ID\">1</Data>\n    <Data Name=\"Origin Name\">Local machine</Data>\n    <Data Name=\"Execution ID\">1</Data>\n    <Data Name=\"Execution Name\">Suspended</Data>\n    <Data Name=\"Type ID\">0</Data>\n    <Data Name=\"Type Name\">Concrete</Data>\n    <Data Name=\"Pre Execution Status\">0</Data>\n    <Data Name=\"Action ID\">2</Data>\n    <Data Name=\"Action Name\">Quarantine</Data>\n    <Data Name=\"Unused4\">\n    </Data>\n    <Data Name=\"Error Code\">0x00000000</Data>\n    <Data Name=\"Error Description\">The operation completed successfully. </Data>\n    <Data Name=\"Unused5\">\n    </Data>\n    <Data Name=\"Post Clean Status\">0</Data>\n    <Data Name=\"Additional Actions ID\">0</Data>\n    <Data Name=\"Additional Actions String\">No additional actions required</Data>\n    <Data Name=\"Remediation User\">NT AUTHORITY\\SYSTEM</Data>\n    <Data Name=\"Unused6\">\n    </Data>\n    <Data Name=\"Security intelligence Version\">AV: 1.327.2245.0, AS: 1.327.2245.0, NIS: 1.327.2245.0</Data>\n    <Data Name=\"Engine Version\">AM: 1.1.17600.5, NIS: 1.1.17600.5</Data>\n  </EventData>\n</Event>\n",
  "json": "{\"Event\":{\"#attributes\":{\"xmlns\":\"http://schemas.microsoft.com/win/2004/08/events/event\"},\"System\":{\"Provider\":{\"#attributes\":{\"Name\":\"Microsoft-Windows-Windows Defender\",\"Guid\":\"{11cd958a-c507-4ef3-b3f2-5fd9dfbd2c78}\"}},\"EventID\":\"1117\",\"Version\":\"0\",\"Level\":\"4\",\"Task\":\"0\",\"Opcode\":\"0\",\"Keywords\":\"0x8000000000000000\",\"TimeCreated\":{\"#attributes\":{\"SystemTime\":\"2020-12-11T12:28:44.2711826Z\"}},\"EventRecordID\":\"176\",\"Correlation\":{\"#attributes\":{\"ActivityID\":\"{4806894f-1a1a-4209-9335-fef253edb24d}\"}},\"Execution\":{\"#attributes\":{\"ProcessID\":\"4172\",\"ThreadID\":\"3144\"}},\"Channel\":\"Microsoft-Windows-Windows Defender/Operational\",\"Computer\":\"WIN10-client01.offsec.lan\",\"Security\":{\"#attributes\":{\"UserID\":\"S-1-5-18\"}}},\"EventData\":{\"Product Name\":\"Microsoft Defender Antivirus\",\"Product Version\":\"4.18.2011.6\",\"Detection ID\":\"{CF1B6DE9-9DA5-4BC8-A6F1-CE75B59116B5}\",\"Detection Time\":\"2020-12-11T12:28:01.490Z\",\"Unused\":\"\",\"Unused2\":\"\",\"Threat ID\":\"2147729891\",\"Threat Name\":\"HackTool:Win32/Mimikatz.D\",\"Severity ID\":\"4\",\"Severity Name\":\"High\",\"Category ID\":\"34\",\"Category Name\":\"Tool\",\"FWLink\":\"https://go.microsoft.com/fwlink/?linkid=37020&name=HackTool:Win32/Mimikatz.D&threatid=2147729891&enterprise=0\",\"Status Code\":\"3\",\"Status Description\":\"\",\"State\":\"2\",\"Source ID\":\"3\",\"Source Name\":\"Real-Time Protection\",\"Process Name\":\"C:\\\\Windows\\\\explorer.exe\",\"Detection User\":\"OFFSEC\\\\admmig\",\"Unused3\":\"\",\"Path\":\"file:_C:\\\\Users\\\\admmig\\\\Documents\\\\mimikatz.exe\",\"Origin ID\":\"1\",\"Origin Name\":\"Local machine\",\"Execution ID\":\"1\",\"Execution Name\":\"Suspended\",\"Type ID\":\"0\",\"Type Name\":\"Concrete\",\"Pre Execution Status\":\"0\",\"Action ID\":\"2\",\"Action Name\":\"Quarantine\",\"Unused4\":\"\",\"Error Code\":\"0x00000000\",\"Error Description\":\"The operation completed successfully. \",\"Unused5\":\"\",\"Post Clean Status\":\"0\",\"Additional Actions ID\":\"0\",\"Additional Actions String\":\"No additional actions required\",\"Remediation User\":\"NT AUTHORITY\\\\SYSTEM\",\"Unused6\":\"\",\"Security intelligence Version\":\"AV: 1.327.2245.0, AS: 1.327.2245.0, NIS: 1.327.2245.0\",\"Engine Version\":\"AM: 1.1.17600.5, NIS: 1.1.17600.5\"}}}",
  "xml_fields": {
    "provider": "Microsoft-Windows-Windows Defender",
    "event_id": "1117",
    "timestamp": "2020-12-11T12:28:44.2711826Z",
    "event_record_id": "176",
    "level": "4",
    "task": "0",
    "opcode": "0",
    "keywords": "0x8000000000000000",
    "channel": "Microsoft-Windows-Windows Defender/Operational",
    "computer": "WIN10-client01.offsec.lan",
    "Product Name": "Microsoft Defender Antivirus",
    "Product Version": "4.18.2011.6",
    "Detection ID": "{CF1B6DE9-9DA5-4BC8-A6F1-CE75B59116B5}",
    "Detection Time": "2020-12-11T12:28:01.490Z",
    "Unused": "\n    ",
    "Unused2": "\n    ",
    "Threat ID": "2147729891",
    "Threat Name": "HackTool:Win32/Mimikatz.D",
    "Severity ID": "4",
    "Severity Name": "High",
    "Category ID": "34",
    "Category Name": "Tool",
    "FWLink": "https://go.microsoft.com/fwlink/?linkid=37020&name=HackTool:Win32/Mimikatz.D&threatid=2147729891&enterprise=0",
    "Status Code": "3",
    "Status Description": "\n    ",
    "State": "2",
    "Source ID": "3",
    "Source Name": "Real-Time Protection",
    "Process Name": "C:\\Windows\\explorer.exe",
    "Detection User": "OFFSEC\\admmig",
    "Unused3": "\n    ",
    "Path": "file:_C:\\Users\\admmig\\Documents\\mimikatz.exe",
    "Origin ID": "1",
    "Origin Name": "Local machine",
    "Execution ID": "1",
    "Execution Name": "Suspended",
    "Type ID": "0",
    "Type Name": "Concrete",
    "Pre Execution Status": "0",
    "Action ID": "2",
    "Action Name": "Quarantine",
    "Unused4": "\n    ",
    "Error Code": "0x00000000",
    "Error Description": "The operation completed successfully. ",
    "Unused5": "\n    ",
    "Post Clean Status": "0",
    "Additional Actions ID": "0",
    "Additional Actions String": "No additional actions required",
    "Remediation User": "NT AUTHORITY\\SYSTEM",
    "Unused6": "\n    ",
    "Security intelligence Version": "AV: 1.327.2245.0, AS: 1.327.2245.0, NIS: 1.327.2245.0",
    "Engine Version": "AM: 1.1.17600.5, NIS: 1.1.17600.5"
  },
  "json_fields": {
    "provider": "Microsoft-Windows-Windows Defender",
    "channel": "Microsoft-Windows-Windows Defender/Operational",
    "event_id": "1117",
    "timestamp": "2020-12-11T12:28:44.2711826Z",
    "event_record_id": "176",
    "level": "4",
    "task": "0",
    "opcode": "0",
    "keywords": "0x8000000000000000",
    "computer": "WIN10-client01.offsec.lan",
    "Product Name": "Microsoft Defender Antivirus",
    "Product Version": "4.18.2011.6",
    "Detection ID": "{CF1B6DE9-9DA5-4BC8-A6F1-CE75B59116B5}",
    "Detection Time": "2020-12-11T12:28:01.490Z",
    "Unused": "",
    "Unused2": "",
    "Threat ID": "2147729891",
    "Threat Name": "HackTool:Win32/Mimikatz.D",
    "Severity ID": "4",
    "Severity Name": "High",
    "Category ID": "34",
    "Category Name": "Tool",
    "FWLink": "https://go.microsoft.com/fwlink/?linkid=37020&name=HackTool:Win32/Mimikatz.D&threatid=2147729891&enterprise=0",
    "Status Code": "3",
    "Status Description": "",
    "State": "2",
    "Source ID": "3",
    "Source Name": "Real-Time Protection",
    "Process Name": "C:\\Windows\\explorer.exe",
    "Detection User": "OFFSEC\\admmig",
    "Unused3": "",
    "Path": "file:_C:\\Users\\admmig\\Documents\\mimikatz.exe",
    "Origin ID": "1",
    "Origin Name": "Local machine",
    "Execution ID": "1",
    "Execution Name": "Suspended",
    "Type ID": "0",
    "Type Name": "Concrete",
    "Pre Execution Status": "0",
    "Action ID": "2",
    "Action Name": "Quarantine",
    "Unused4": "",
    "Error Code": "0x00000000",
    "Error Description": "The operation completed successfully. ",
    "Unused5": "",
    "Post Clean Status": "0",
    "Additional Actions ID": "0",
    "Additional Actions String": "No additional actions required",
    "Remediation User": "NT AUTHORITY\\SYSTEM",
    "Unused6": "",
    "Security intelligence Version": "AV: 1.327.2245.0, AS: 1.327.2245.0, NIS: 1.327.2245.0",
    "Engine Version": "AM: 1.1.17600.5, NIS: 1.1.17600.5"
  }
}