{
  "event_id": "1117",
  "provider": "Microsoft-Windows-PushNotifications-Platform",
  "channel": "Microsoft-Windows-PushNotification-Platform/Operational",
  "source_file": "D:\\visual code file\\Project_4\\Event-Analyzer\\test\\Logs\\Microsoft-Windows-PushNotification-Platform%4Operational.evtx",
  "event_record_id": 426,
  "xml": "<?xml version=\"1.0\" encoding=\"utf-8\"?>\n<Event xmlns=\"http://schemas.microsoft.com/win/2004/08/events/event\">\n  <System>\n    <Provider Name=\"Microsoft-Windows-PushNotifications-Platform\" Guid=\"88CD9180-4491-4640-B571-E3BEE2527943\">\n    </Provider>\n    <EventID>1117</EventID>\n    <Version>0</Version>\n    <Level>4</Level>\n    <Task>0</Task>\n    <Opcode>0</Opcode>\n    <Keywords>0x800000000a004000</Keywords>\n    <TimeCreated SystemTime=\"2024-11-04T13:13:44.299481Z\">\n    </TimeCreated>\n    <EventRecordID>426</EventRecordID>\n    <Correlation>\n    </Correlation>\n    <Execution ProcessID=\"2812\" ThreadID=\"1644\">\n    </Execution>\n    <Channel>Microsoft-Windows-PushNotification-Platform/Operational</Channel>\n    <Computer>DESKTOP-P9H5FTA</Computer>\n    <Security UserID=\"S-1-5-18\">\n    </Security>\n  </System>\n  <EventData>\n    <Data Name=\"Error\">2147952453</Data>\n  </EventData>\n</Event>\n",
  "json": "{\"Event\":{\"#attributes\":{\"xmlns\":\"http://schemas.microsoft.com/win/2004/08/events/event\"},\"System\":{\"Provider\":{\"#attributes\":{\"Name\":\"Microsoft-Windows-PushNotifications-Platform\",\"Guid\":\"88CD9180-4491-4640-B571-E3BEE2527943\"}},\"EventID\":1117,\"Version\":0,\"Level\":4,\"Task\":0,\"Opcode\":0,\"Keywords\":\"0x800000000a004000\",\"TimeCreated\":{\"#attributes\":{\"SystemTime\":\"2024-11-04T13:13:44.299481Z\"}},\"EventRecordID\":426,\"Correlation\":null,\"Execution\":{\"#attributes\":{\"ProcessID\":2812,\"ThreadID\":1644}},\"Channel\":\"Microsoft-Windows-PushNotification-Platform/Operational\",\"Computer\":\"DESKTOP-P9H5FTA\",\"Security\":{\"#attributes\":{\"UserID\":\"S-1-5-18\"}}},\"EventData\":{\"Error\":2147952453}}}",
  "xml_fields": {
    "provider": "Microsoft-Windows-PushNotifications-Platform",
    "event_id": "1117",
    "timestamp": "2024-11-04T13:13:44.299481Z",
    "event_record_id": "426",
    "level": "4",
    "task": "0",
    "opcode": "0",
    "keywords": "0x800000000a004000",
    "channel": "Microsoft-Windows-PushNotification-Platform/Operational",
    "computer": "DESKTOP-P9H5FTA",
    "Error": "2147952453"
  },
  "json_fields": {
    "provider": "Microsoft-Windows-PushNotifications-Platform",
    "channel": "Microsoft-Windows-PushNotification-Platform/Operational",
    "event_id": "1117",
    "timestamp": "2024-11-04T13:13:44.299481Z",
    "event_record_id": "426",
    "level": "4",
    "task": "0",
    "opcode": "0",
    "keywords": "0x800000000a004000",
    "computer": "DESKTOP-P9H5FTA",
    "Error": "2147952453"
  }
}