{
  "event_id": "111",
  "provider": "Microsoft-Windows-TaskScheduler",
  "channel": "Microsoft-Windows-TaskScheduler/Operational",
  "source_file": "D:\\visual code file\\Project_4\\Event-Analyzer\\test\\Benign\\Win2022-AD\\Microsoft-Windows-TaskScheduler%4Operational.evtx",
  "event_record_id": 365,
  "xml": "<?xml version=\"1.0\" encoding=\"utf-8\"?>\n<Event xmlns=\"http://schemas.microsoft.com/win/2004/08/events/event\">\n  <System>\n    <Provider Name=\"Microsoft-Windows-TaskScheduler\" Guid=\"DE7B24EA-73C8-4A09-985D-5BDADCFA9017\">\n    </Provider>\n    <EventID>111</EventID>\n    <Version>0</Version>\n    <Level>4</Level>\n    <Task>111</Task>\n    <Opcode>103</Opcode>\n    <Keywords>0x8000000000000001</Keywords>\n    <TimeCreated SystemTime=\"2022-04-07T08:33:19.002123Z\">\n    </TimeCreated>\n    <EventRecordID>365</EventRecordID>\n    <Correlation ActivityID=\"83D2FA51-E515-48BB-B8E7-4CFA587C54C8\">\n    </Correlation>\n    <Execution ProcessID=\"1536\" ThreadID=\"1704\">\n    </Execution>\n    <Channel>Microsoft-Windows-TaskScheduler/Operational</Channel>\n    <Computer>WIN-FPV0DSIC9O6.sigma.fr</Computer>\n    <Security UserID=\"S-1-5-18\">\n    </Security>\n  </System>\n  <EventData Name=\"TaskTerminationEvent\">\n    <Data Name=\"TaskName\">\\Microsoft\\Windows\\UpdateOrchestrator\\MusUx_LogonUpdateResults</Data>\n    <Data Name=\"InstanceId\">83D2FA51-E515-48BB-B8E7-4CFA587C54C8</Data>\n  </EventData>\n</Event>\n",
  "json": "{\"Event\":{\"#attributes\":{\"xmlns\":\"http://schemas.microsoft.com/win/2004/08/events/event\"},\"System\":{\"Provider\":{\"#attributes\":{\"Name\":\"Microsoft-Windows-TaskScheduler\",\"Guid\":\"DE7B24EA-73C8-4A09-985D-5BDADCFA9017\"}},\"EventID\":111,\"Version\":0,\"Level\":4,\"Task\":111,\"Opcode\":103,\"Keywords\":\"0x8000000000000001\",\"TimeCreated\":{\"#attributes\":{\"SystemTime\":\"2022-04-07T08:33:19.002123Z\"}},\"EventRecordID\":365,\"Correlation\":{\"#attributes\":{\"ActivityID\":\"83D2FA51-E515-48BB-B8E7-4CFA587C54C8\"}},\"Execution\":{\"#attributes\":{\"ProcessID\":1536,\"ThreadID\":1704}},\"Channel\":\"Microsoft-Windows-TaskScheduler/Operational\",\"Computer\":\"WIN-FPV0DSIC9O6.sigma.fr\",\"Security\":{\"#attributes\":{\"UserID\":\"S-1-5-18\"}}},\"EventData\":{\"#attributes\":{\"Name\":\"TaskTerminationEvent\"},\"TaskName\":\"\\\\Microsoft\\\\Windows\\\\UpdateOrchestrator\\\\MusUx_LogonUpdateResults\",\"InstanceId\":\"83D2FA51-E515-48BB-B8E7-4CFA587C54C8\"}}}",
  "xml_fields": {
    "provider": "Microsoft-Windows-TaskScheduler",
    "event_id": "111",
    "timestamp": "2022-04-07T08:33:19.002123Z",
    "event_record_id": "365",
    "level": "4",
    "task": "111",
    "opcode": "103",
    "keywords": "0x8000000000000001",
    "channel": "Microsoft-Windows-TaskScheduler/Operational",
    "computer": "WIN-FPV0DSIC9O6.sigma.fr",
    "TaskName": "\\Microsoft\\Windows\\UpdateOrchestrator\\MusUx_LogonUpdateResults",
    "InstanceId": "83D2FA51-E515-48BB-B8E7-4CFA587C54C8"
  },
  "json_fields": {
    "provider": "Microsoft-Windows-TaskScheduler",
    "channel": "Microsoft-Windows-TaskScheduler/Operational",
    "event_id": "111",
    "timestamp": "2022-04-07T08:33:19.002123Z",
    "event_record_id": "365",
    "level": "4",
    "task": "111",
    "opcode": "103",
    "keywords": "0x8000000000000001",
    "computer": "WIN-FPV0DSIC9O6.sigma.fr",
    "TaskName": "\\Microsoft\\Windows\\UpdateOrchestrator\\MusUx_LogonUpdateResults",
    "InstanceId": "83D2FA51-E515-48BB-B8E7-4CFA587C54C8"
  }
}