{
  "event_id": "1129",
  "provider": "Microsoft-Windows-GroupPolicy",
  "channel": "System",
  "source_file": "D:\\visual code file\\Project_4\\Event-Analyzer\\test\\Benign\\Win2022-AD\\System.evtx",
  "event_record_id": 1248,
  "xml": "<?xml version=\"1.0\" encoding=\"utf-8\"?>\n<Event xmlns=\"http://schemas.microsoft.com/win/2004/08/events/event\">\n  <System>\n    <Provider Name=\"Microsoft-Windows-GroupPolicy\" Guid=\"AEA1B4FA-97D1-45F2-A64C-4D69FFFD92C9\">\n    </Provider>\n    <EventID>1129</EventID>\n    <Version>0</Version>\n    <Level>2</Level>\n    <Task>0</Task>\n    <Opcode>0</Opcode>\n    <Keywords>0x8000000000000000</Keywords>\n    <TimeCreated SystemTime=\"2022-04-07T16:54:20.570703Z\">\n    </TimeCreated>\n    <EventRecordID>1248</EventRecordID>\n    <Correlation ActivityID=\"4EAE1C53-AE1E-4B00-8001-CA2AA5ED5F18\">\n    </Correlation>\n    <Execution ProcessID=\"1352\" ThreadID=\"3688\">\n    </Execution>\n    <Channel>System</Channel>\n    <Computer>WIN-FPV0DSIC9O6.sigma.fr</Computer>\n    <Security UserID=\"S-1-5-18\">\n    </Security>\n  </System>\n  <EventData>\n    <Data Name=\"SupportInfo1\">1</Data>\n    <Data Name=\"SupportInfo2\">2044</Data>\n    <Data Name=\"ProcessingMode\">1</Data>\n    <Data Name=\"ProcessingTimeInMilliseconds\">4093</Data>\n    <Data Name=\"ErrorCode\">1222</Data>\n    <Data Name=\"ErrorDescription\">The network is not present or not started. </Data>\n  </EventData>\n</Event>\n",
  "json": "{\"Event\":{\"#attributes\":{\"xmlns\":\"http://schemas.microsoft.com/win/2004/08/events/event\"},\"System\":{\"Provider\":{\"#attributes\":{\"Name\":\"Microsoft-Windows-GroupPolicy\",\"Guid\":\"AEA1B4FA-97D1-45F2-A64C-4D69FFFD92C9\"}},\"EventID\":1129,\"Version\":0,\"Level\":2,\"Task\":0,\"Opcode\":0,\"Keywords\":\"0x8000000000000000\",\"TimeCreated\":{\"#attributes\":{\"SystemTime\":\"2022-04-07T16:54:20.570703Z\"}},\"EventRecordID\":1248,\"Correlation\":{\"#attributes\":{\"ActivityID\":\"4EAE1C53-AE1E-4B00-8001-CA2AA5ED5F18\"}},\"Execution\":{\"#attributes\":{\"ProcessID\":1352,\"ThreadID\":3688}},\"Channel\":\"System\",\"Computer\":\"WIN-FPV0DSIC9O6.sigma.fr\",\"Security\":{\"#attributes\":{\"UserID\":\"S-1-5-18\"}}},\"EventData\":{\"SupportInfo1\":1,\"SupportInfo2\":2044,\"ProcessingMode\":1,\"ProcessingTimeInMilliseconds\":4093,\"ErrorCode\":1222,\"ErrorDescription\":\"The network is not present or not started. \"}}}",
  "xml_fields": {
    "provider": "Microsoft-Windows-GroupPolicy",
    "event_id": "1129",
    "timestamp": "2022-04-07T16:54:20.570703Z",
    "event_record_id": "1248",
    "level": "2",
    "task": "0",
    "opcode": "0",
    "keywords": "0x8000000000000000",
    "channel": "System",
    "computer": "WIN-FPV0DSIC9O6.sigma.fr",
    "SupportInfo1": "1",
    "SupportInfo2": "2044",
    "ProcessingMode": "1",
    "ProcessingTimeInMilliseconds": "4093",
    "ErrorCode": "1222",
    "ErrorDescription": "The network is not present or not started. "
  },
  "json_fields": {
    "provider": "Microsoft-Windows-GroupPolicy",
    "channel": "System",
    "event_id": "1129",
    "timestamp": "2022-04-07T16:54:20.570703Z",
    "event_record_id": "1248",
    "level": "2",
    "task": "0",
    "opcode": "0",
    "keywords": "0x8000000000000000",
    "computer": "WIN-FPV0DSIC9O6.sigma.fr",
    "SupportInfo1": "1",
    "SupportInfo2": "2044",
    "ProcessingMode": "1",
    "ProcessingTimeInMilliseconds": "4093",
    "ErrorCode": "1222",
    "ErrorDescription": "The network is not present or not started. "
  }
}