{
  "event_id": "112",
  "provider": "Microsoft-Windows-ServerManager-DeploymentProvider",
  "channel": "Microsoft-Windows-ServerManager-DeploymentProvider/Operational",
  "source_file": "D:\\visual code file\\Project_4\\Event-Analyzer\\test\\Benign\\win2022-0-20348-azure\\Microsoft-Windows-ServerManager-DeploymentProvider%4Operational.evtx",
  "event_record_id": 11,
  "xml": "<?xml version=\"1.0\" encoding=\"utf-8\"?>\n<Event xmlns=\"http://schemas.microsoft.com/win/2004/08/events/event\">\n  <System>\n    <Provider Name=\"Microsoft-Windows-ServerManager-DeploymentProvider\" Guid=\"66AF9A38-2D94-11E0-A076-8534E0D72085\">\n    </Provider>\n    <EventID>112</EventID>\n    <Version>0</Version>\n    <Level>4</Level>\n    <Task>2</Task>\n    <Opcode>0</Opcode>\n    <Keywords>0x8000000000000000</Keywords>\n    <TimeCreated SystemTime=\"2022-09-08T21:02:45.834145Z\">\n    </TimeCreated>\n    <EventRecordID>11</EventRecordID>\n    <Correlation ActivityID=\"0725F421-9BFA-419E-8FCC-1BCFB329172F\">\n    </Correlation>\n    <Execution ProcessID=\"2536\" ThreadID=\"3784\">\n    </Execution>\n    <Channel>Microsoft-Windows-ServerManager-DeploymentProvider/Operational</Channel>\n    <Computer>WIN-06FB45IHQ35</Computer>\n    <Security UserID=\"S-1-5-18\">\n    </Security>\n  </System>\n  <EventData>\n    <Data Name=\"restartRequired\">false</Data>\n    <Data Name=\"requestGuid\">7F4A9A4C-D003-9DC4-5133-A6CF52CE644C</Data>\n  </EventData>\n</Event>\n",
  "json": "{\"Event\":{\"#attributes\":{\"xmlns\":\"http://schemas.microsoft.com/win/2004/08/events/event\"},\"System\":{\"Provider\":{\"#attributes\":{\"Name\":\"Microsoft-Windows-ServerManager-DeploymentProvider\",\"Guid\":\"66AF9A38-2D94-11E0-A076-8534E0D72085\"}},\"EventID\":112,\"Version\":0,\"Level\":4,\"Task\":2,\"Opcode\":0,\"Keywords\":\"0x8000000000000000\",\"TimeCreated\":{\"#attributes\":{\"SystemTime\":\"2022-09-08T21:02:45.834145Z\"}},\"EventRecordID\":11,\"Correlation\":{\"#attributes\":{\"ActivityID\":\"0725F421-9BFA-419E-8FCC-1BCFB329172F\"}},\"Execution\":{\"#attributes\":{\"ProcessID\":2536,\"ThreadID\":3784}},\"Channel\":\"Microsoft-Windows-ServerManager-DeploymentProvider/Operational\",\"Computer\":\"WIN-06FB45IHQ35\",\"Security\":{\"#attributes\":{\"UserID\":\"S-1-5-18\"}}},\"EventData\":{\"restartRequired\":false,\"requestGuid\":\"7F4A9A4C-D003-9DC4-5133-A6CF52CE644C\"}}}",
  "xml_fields": {
    "provider": "Microsoft-Windows-ServerManager-DeploymentProvider",
    "event_id": "112",
    "timestamp": "2022-09-08T21:02:45.834145Z",
    "event_record_id": "11",
    "level": "4",
    "task": "2",
    "opcode": "0",
    "keywords": "0x8000000000000000",
    "channel": "Microsoft-Windows-ServerManager-DeploymentProvider/Operational",
    "computer": "WIN-06FB45IHQ35",
    "restartRequired": "false",
    "requestGuid": "7F4A9A4C-D003-9DC4-5133-A6CF52CE644C"
  },
  "json_fields": {
    "provider": "Microsoft-Windows-ServerManager-DeploymentProvider",
    "channel": "Microsoft-Windows-ServerManager-DeploymentProvider/Operational",
    "event_id": "112",
    "timestamp": "2022-09-08T21:02:45.834145Z",
    "event_record_id": "11",
    "level": "4",
    "task": "2",
    "opcode": "0",
    "keywords": "0x8000000000000000",
    "computer": "WIN-06FB45IHQ35",
    "restartRequired": "False",
    "requestGuid": "7F4A9A4C-D003-9DC4-5133-A6CF52CE644C"
  }
}