{
  "event_id": "112",
  "provider": "Microsoft-Windows-HttpService",
  "channel": "System",
  "source_file": "D:\\visual code file\\Project_4\\Event-Analyzer\\test\\Benign\\Logs_Win11_2023\\System.evtx",
  "event_record_id": 1687,
  "xml": "<?xml version=\"1.0\" encoding=\"utf-8\"?>\n<Event xmlns=\"http://schemas.microsoft.com/win/2004/08/events/event\">\n  <System>\n    <Provider Name=\"Microsoft-Windows-HttpService\" Guid=\"DD5EF90A-6398-47A4-AD34-4DCECDEF795F\">\n    </Provider>\n    <EventID>112</EventID>\n    <Version>0</Version>\n    <Level>4</Level>\n    <Task>3</Task>\n    <Opcode>121</Opcode>\n    <Keywords>0x4000000000000001</Keywords>\n    <TimeCreated SystemTime=\"2023-11-06T06:25:42.192450Z\">\n    </TimeCreated>\n    <EventRecordID>1687</EventRecordID>\n    <Correlation>\n    </Correlation>\n    <Execution ProcessID=\"4\" ThreadID=\"228\">\n    </Execution>\n    <Channel>System</Channel>\n    <Computer>WinDev2310Eval</Computer>\n    <Security UserID=\"S-1-5-18\">\n    </Security>\n  </System>\n  <EventData>\n    <Data Name=\"Url\">http://*:5357/</Data>\n    <Data Name=\"ReserveStatus\">0</Data>\n    <Data Name=\"ProcessId\">4</Data>\n    <Data Name=\"ExecutablePath\"></Data>\n    <Data Name=\"UserSid\">S-1-5-18</Data>\n  </EventData>\n</Event>\n",
  "json": "{\"Event\":{\"#attributes\":{\"xmlns\":\"http://schemas.microsoft.com/win/2004/08/events/event\"},\"System\":{\"Provider\":{\"#attributes\":{\"Name\":\"Microsoft-Windows-HttpService\",\"Guid\":\"DD5EF90A-6398-47A4-AD34-4DCECDEF795F\"}},\"EventID\":112,\"Version\":0,\"Level\":4,\"Task\":3,\"Opcode\":121,\"Keywords\":\"0x4000000000000001\",\"TimeCreated\":{\"#attributes\":{\"SystemTime\":\"2023-11-06T06:25:42.192450Z\"}},\"EventRecordID\":1687,\"Correlation\":null,\"Execution\":{\"#attributes\":{\"ProcessID\":4,\"ThreadID\":228}},\"Channel\":\"System\",\"Computer\":\"WinDev2310Eval\",\"Security\":{\"#attributes\":{\"UserID\":\"S-1-5-18\"}}},\"EventData\":{\"Url\":\"http://*:5357/\",\"ReserveStatus\":0,\"ProcessId\":4,\"ExecutablePath\":\"\",\"UserSid\":\"S-1-5-18\"}}}",
  "xml_fields": {
    "provider": "Microsoft-Windows-HttpService",
    "event_id": "112",
    "timestamp": "2023-11-06T06:25:42.192450Z",
    "event_record_id": "1687",
    "level": "4",
    "task": "3",
    "opcode": "121",
    "keywords": "0x4000000000000001",
    "channel": "System",
    "computer": "WinDev2310Eval",
    "Url": "http://*:5357/",
    "ReserveStatus": "0",
    "ProcessId": "4",
    "ExecutablePath": "",
    "UserSid": "S-1-5-18"
  },
  "json_fields": {
    "provider": "Microsoft-Windows-HttpService",
    "channel": "System",
    "event_id": "112",
    "timestamp": "2023-11-06T06:25:42.192450Z",
    "event_record_id": "1687",
    "level": "4",
    "task": "3",
    "opcode": "121",
    "keywords": "0x4000000000000001",
    "computer": "WinDev2310Eval",
    "Url": "http://*:5357/",
    "ReserveStatus": "0",
    "ProcessId": "4",
    "ExecutablePath": "",
    "UserSid": "S-1-5-18"
  }
}