{
  "event_id": "1143",
  "provider": "Microsoft-Windows-TerminalServices-RemoteConnectionManager",
  "channel": "Microsoft-Windows-TerminalServices-RemoteConnectionManager/Operational",
  "source_file": "D:\\visual code file\\Project_4\\Event-Analyzer\\test\\Benign\\win2022-0-20348-azure\\Microsoft-Windows-TerminalServices-RemoteConnectionManager%4Operational.evtx",
  "event_record_id": 43,
  "xml": "<?xml version=\"1.0\" encoding=\"utf-8\"?>\n<Event xmlns=\"http://schemas.microsoft.com/win/2004/08/events/event\">\n  <System>\n    <Provider Name=\"Microsoft-Windows-TerminalServices-RemoteConnectionManager\" Guid=\"C76BAA63-AE81-421C-B425-340B4B24157F\">\n    </Provider>\n    <EventID>1143</EventID>\n    <Version>0</Version>\n    <Level>4</Level>\n    <Task>0</Task>\n    <Opcode>0</Opcode>\n    <Keywords>0x1000000000000000</Keywords>\n    <TimeCreated SystemTime=\"2022-09-08T21:30:46.846741Z\">\n    </TimeCreated>\n    <EventRecordID>43</EventRecordID>\n    <Correlation>\n    </Correlation>\n    <Execution ProcessID=\"1684\" ThreadID=\"2212\">\n    </Execution>\n    <Channel>Microsoft-Windows-TerminalServices-RemoteConnectionManager/Operational</Channel>\n    <Computer>WIN-06FB45IHQ35</Computer>\n    <Security UserID=\"S-1-5-18\">\n    </Security>\n  </System>\n  <EventData>\n  </EventData>\n</Event>\n",
  "json": "{\"Event\":{\"#attributes\":{\"xmlns\":\"http://schemas.microsoft.com/win/2004/08/events/event\"},\"System\":{\"Provider\":{\"#attributes\":{\"Name\":\"Microsoft-Windows-TerminalServices-RemoteConnectionManager\",\"Guid\":\"C76BAA63-AE81-421C-B425-340B4B24157F\"}},\"EventID\":1143,\"Version\":0,\"Level\":4,\"Task\":0,\"Opcode\":0,\"Keywords\":\"0x1000000000000000\",\"TimeCreated\":{\"#attributes\":{\"SystemTime\":\"2022-09-08T21:30:46.846741Z\"}},\"EventRecordID\":43,\"Correlation\":null,\"Execution\":{\"#attributes\":{\"ProcessID\":1684,\"ThreadID\":2212}},\"Channel\":\"Microsoft-Windows-TerminalServices-RemoteConnectionManager/Operational\",\"Computer\":\"WIN-06FB45IHQ35\",\"Security\":{\"#attributes\":{\"UserID\":\"S-1-5-18\"}}},\"EventData\":null}}",
  "xml_fields": {
    "provider": "Microsoft-Windows-TerminalServices-RemoteConnectionManager",
    "event_id": "1143",
    "timestamp": "2022-09-08T21:30:46.846741Z",
    "event_record_id": "43",
    "level": "4",
    "task": "0",
    "opcode": "0",
    "keywords": "0x1000000000000000",
    "channel": "Microsoft-Windows-TerminalServices-RemoteConnectionManager/Operational",
    "computer": "WIN-06FB45IHQ35"
  },
  "json_fields": {
    "provider": "Microsoft-Windows-TerminalServices-RemoteConnectionManager",
    "channel": "Microsoft-Windows-TerminalServices-RemoteConnectionManager/Operational",
    "event_id": "1143",
    "timestamp": "2022-09-08T21:30:46.846741Z",
    "event_record_id": "43",
    "level": "4",
    "task": "0",
    "opcode": "0",
    "keywords": "0x1000000000000000",
    "computer": "WIN-06FB45IHQ35"
  }
}