{
  "event_id": "1149",
  "provider": "Microsoft-Windows-TerminalServices-RemoteConnectionManager",
  "channel": "Microsoft-Windows-TerminalServices-RemoteConnectionManager/Operational",
  "source_file": "D:\\visual code file\\Project_4\\Event-Analyzer\\test\\Logs\\Microsoft-Windows-TerminalServices-RemoteConnectionManager%4Operational.evtx",
  "event_record_id": 22,
  "xml": "<?xml version=\"1.0\" encoding=\"utf-8\"?>\n<Event xmlns=\"http://schemas.microsoft.com/win/2004/08/events/event\">\n  <System>\n    <Provider Name=\"Microsoft-Windows-TerminalServices-RemoteConnectionManager\" Guid=\"C76BAA63-AE81-421C-B425-340B4B24157F\">\n    </Provider>\n    <EventID>1149</EventID>\n    <Version>0</Version>\n    <Level>4</Level>\n    <Task>0</Task>\n    <Opcode>0</Opcode>\n    <Keywords>0x1000000000000000</Keywords>\n    <TimeCreated SystemTime=\"2025-01-24T10:15:14.456012Z\">\n    </TimeCreated>\n    <EventRecordID>22</EventRecordID>\n    <Correlation ActivityID=\"F420E308-0D88-44F1-A6B8-8A0C82150000\">\n    </Correlation>\n    <Execution ProcessID=\"428\" ThreadID=\"1128\">\n    </Execution>\n    <Channel>Microsoft-Windows-TerminalServices-RemoteConnectionManager/Operational</Channel>\n    <Computer>CTO-FILESVR</Computer>\n    <Security UserID=\"S-1-5-20\">\n    </Security>\n  </System>\n  <UserData>\n    <EventXML xmlns=\"Event_NS\">\n      <Param1>Dutch</Param1>\n      <Param2></Param2>\n      <Param3>0:0:fe80::d18c:695%1989170785</Param3>\n    </EventXML>\n  </UserData>\n</Event>\n",
  "json": "{\"Event\":{\"#attributes\":{\"xmlns\":\"http://schemas.microsoft.com/win/2004/08/events/event\"},\"System\":{\"Provider\":{\"#attributes\":{\"Name\":\"Microsoft-Windows-TerminalServices-RemoteConnectionManager\",\"Guid\":\"C76BAA63-AE81-421C-B425-340B4B24157F\"}},\"EventID\":1149,\"Version\":0,\"Level\":4,\"Task\":0,\"Opcode\":0,\"Keywords\":\"0x1000000000000000\",\"TimeCreated\":{\"#attributes\":{\"SystemTime\":\"2025-01-24T10:15:14.456012Z\"}},\"EventRecordID\":22,\"Correlation\":{\"#attributes\":{\"ActivityID\":\"F420E308-0D88-44F1-A6B8-8A0C82150000\"}},\"Execution\":{\"#attributes\":{\"ProcessID\":428,\"ThreadID\":1128}},\"Channel\":\"Microsoft-Windows-TerminalServices-RemoteConnectionManager/Operational\",\"Computer\":\"CTO-FILESVR\",\"Security\":{\"#attributes\":{\"UserID\":\"S-1-5-20\"}}},\"UserData\":{\"EventXML\":{\"#attributes\":{\"xmlns\":\"Event_NS\"},\"Param1\":\"Dutch\",\"Param2\":null,\"Param3\":\"0:0:fe80::d18c:695%1989170785\"}}}}",
  "xml_fields": {
    "provider": "Microsoft-Windows-TerminalServices-RemoteConnectionManager",
    "event_id": "1149",
    "timestamp": "2025-01-24T10:15:14.456012Z",
    "event_record_id": "22",
    "level": "4",
    "task": "0",
    "opcode": "0",
    "keywords": "0x1000000000000000",
    "channel": "Microsoft-Windows-TerminalServices-RemoteConnectionManager/Operational",
    "computer": "CTO-FILESVR",
    "Param1": "Dutch",
    "Param3": "0:0:fe80::d18c:695%1989170785"
  },
  "json_fields": {
    "provider": "Microsoft-Windows-TerminalServices-RemoteConnectionManager",
    "channel": "Microsoft-Windows-TerminalServices-RemoteConnectionManager/Operational",
    "event_id": "1149",
    "timestamp": "2025-01-24T10:15:14.456012Z",
    "event_record_id": "22",
    "level": "4",
    "task": "0",
    "opcode": "0",
    "keywords": "0x1000000000000000",
    "computer": "CTO-FILESVR",
    "Param1": "Dutch",
    "Param3": "0:0:fe80::d18c:695%1989170785"
  }
}