{
  "event_id": "114",
  "provider": "Microsoft-Windows-TaskScheduler",
  "channel": "Microsoft-Windows-TaskScheduler/Operational",
  "source_file": "D:\\visual code file\\Project_4\\Event-Analyzer\\test\\Benign\\Logs_Win11_2023\\Microsoft-Windows-TaskScheduler%4Operational.evtx",
  "event_record_id": 952,
  "xml": "<?xml version=\"1.0\" encoding=\"utf-8\"?>\n<Event xmlns=\"http://schemas.microsoft.com/win/2004/08/events/event\">\n  <System>\n    <Provider Name=\"Microsoft-Windows-TaskScheduler\" Guid=\"DE7B24EA-73C8-4A09-985D-5BDADCFA9017\">\n    </Provider>\n    <EventID>114</EventID>\n    <Version>0</Version>\n    <Level>3</Level>\n    <Task>114</Task>\n    <Opcode>0</Opcode>\n    <Keywords>0x8000000000000000</Keywords>\n    <TimeCreated SystemTime=\"2023-11-06T01:13:11.711464Z\">\n    </TimeCreated>\n    <EventRecordID>952</EventRecordID>\n    <Correlation ActivityID=\"4250BEAC-9026-4DC4-BC86-1EBC803297D7\">\n    </Correlation>\n    <Execution ProcessID=\"1392\" ThreadID=\"14508\">\n    </Execution>\n    <Channel>Microsoft-Windows-TaskScheduler/Operational</Channel>\n    <Computer>WinDev2310Eval</Computer>\n    <Security UserID=\"S-1-5-18\">\n    </Security>\n  </System>\n  <EventData Name=\"MissedTaskLaunched\">\n    <Data Name=\"TaskName\">\\Microsoft\\Windows\\DeviceDirectoryClient\\IntegrityCheck</Data>\n    <Data Name=\"InstanceId\">4250BEAC-9026-4DC4-BC86-1EBC803297D7</Data>\n  </EventData>\n</Event>\n",
  "json": "{\"Event\":{\"#attributes\":{\"xmlns\":\"http://schemas.microsoft.com/win/2004/08/events/event\"},\"System\":{\"Provider\":{\"#attributes\":{\"Name\":\"Microsoft-Windows-TaskScheduler\",\"Guid\":\"DE7B24EA-73C8-4A09-985D-5BDADCFA9017\"}},\"EventID\":114,\"Version\":0,\"Level\":3,\"Task\":114,\"Opcode\":0,\"Keywords\":\"0x8000000000000000\",\"TimeCreated\":{\"#attributes\":{\"SystemTime\":\"2023-11-06T01:13:11.711464Z\"}},\"EventRecordID\":952,\"Correlation\":{\"#attributes\":{\"ActivityID\":\"4250BEAC-9026-4DC4-BC86-1EBC803297D7\"}},\"Execution\":{\"#attributes\":{\"ProcessID\":1392,\"ThreadID\":14508}},\"Channel\":\"Microsoft-Windows-TaskScheduler/Operational\",\"Computer\":\"WinDev2310Eval\",\"Security\":{\"#attributes\":{\"UserID\":\"S-1-5-18\"}}},\"EventData\":{\"#attributes\":{\"Name\":\"MissedTaskLaunched\"},\"TaskName\":\"\\\\Microsoft\\\\Windows\\\\DeviceDirectoryClient\\\\IntegrityCheck\",\"InstanceId\":\"4250BEAC-9026-4DC4-BC86-1EBC803297D7\"}}}",
  "xml_fields": {
    "provider": "Microsoft-Windows-TaskScheduler",
    "event_id": "114",
    "timestamp": "2023-11-06T01:13:11.711464Z",
    "event_record_id": "952",
    "level": "3",
    "task": "114",
    "opcode": "0",
    "keywords": "0x8000000000000000",
    "channel": "Microsoft-Windows-TaskScheduler/Operational",
    "computer": "WinDev2310Eval",
    "TaskName": "\\Microsoft\\Windows\\DeviceDirectoryClient\\IntegrityCheck",
    "InstanceId": "4250BEAC-9026-4DC4-BC86-1EBC803297D7"
  },
  "json_fields": {
    "provider": "Microsoft-Windows-TaskScheduler",
    "channel": "Microsoft-Windows-TaskScheduler/Operational",
    "event_id": "114",
    "timestamp": "2023-11-06T01:13:11.711464Z",
    "event_record_id": "952",
    "level": "3",
    "task": "114",
    "opcode": "0",
    "keywords": "0x8000000000000000",
    "computer": "WinDev2310Eval",
    "TaskName": "\\Microsoft\\Windows\\DeviceDirectoryClient\\IntegrityCheck",
    "InstanceId": "4250BEAC-9026-4DC4-BC86-1EBC803297D7"
  }
}