{
  "event_id": "114",
  "provider": "Microsoft-Windows-HttpService",
  "channel": "System",
  "source_file": "D:\\visual code file\\Project_4\\Event-Analyzer\\test\\Benign\\Logs_Win11_2023\\System.evtx",
  "event_record_id": 1477,
  "xml": "<?xml version=\"1.0\" encoding=\"utf-8\"?>\n<Event xmlns=\"http://schemas.microsoft.com/win/2004/08/events/event\">\n  <System>\n    <Provider Name=\"Microsoft-Windows-HttpService\" Guid=\"DD5EF90A-6398-47A4-AD34-4DCECDEF795F\">\n    </Provider>\n    <EventID>114</EventID>\n    <Version>0</Version>\n    <Level>4</Level>\n    <Task>5</Task>\n    <Opcode>123</Opcode>\n    <Keywords>0x4000000000000040</Keywords>\n    <TimeCreated SystemTime=\"2023-10-25T22:56:15.387118Z\">\n    </TimeCreated>\n    <EventRecordID>1477</EventRecordID>\n    <Correlation>\n    </Correlation>\n    <Execution ProcessID=\"3840\" ThreadID=\"3904\">\n    </Execution>\n    <Channel>System</Channel>\n    <Computer>WinDev2310Eval</Computer>\n    <Security UserID=\"S-1-5-19\">\n    </Security>\n  </System>\n  <EventData>\n    <Data Name=\"UrlGroupId\">18302628886170566657</Data>\n    <Data Name=\"Url\">http://*:5357/31383106-803d-411b-9763-a28cdc0f0c3f/</Data>\n    <Data Name=\"ProcessId\">3840</Data>\n    <Data Name=\"ExecutablePath\">\\Device\\HarddiskVolume4\\Windows\\System32\\svchost.exe</Data>\n    <Data Name=\"UserSid\">S-1-5-19</Data>\n  </EventData>\n</Event>\n",
  "json": "{\"Event\":{\"#attributes\":{\"xmlns\":\"http://schemas.microsoft.com/win/2004/08/events/event\"},\"System\":{\"Provider\":{\"#attributes\":{\"Name\":\"Microsoft-Windows-HttpService\",\"Guid\":\"DD5EF90A-6398-47A4-AD34-4DCECDEF795F\"}},\"EventID\":114,\"Version\":0,\"Level\":4,\"Task\":5,\"Opcode\":123,\"Keywords\":\"0x4000000000000040\",\"TimeCreated\":{\"#attributes\":{\"SystemTime\":\"2023-10-25T22:56:15.387118Z\"}},\"EventRecordID\":1477,\"Correlation\":null,\"Execution\":{\"#attributes\":{\"ProcessID\":3840,\"ThreadID\":3904}},\"Channel\":\"System\",\"Computer\":\"WinDev2310Eval\",\"Security\":{\"#attributes\":{\"UserID\":\"S-1-5-19\"}}},\"EventData\":{\"UrlGroupId\":18302628886170566657,\"Url\":\"http://*:5357/31383106-803d-411b-9763-a28cdc0f0c3f/\",\"ProcessId\":3840,\"ExecutablePath\":\"\\\\Device\\\\HarddiskVolume4\\\\Windows\\\\System32\\\\svchost.exe\",\"UserSid\":\"S-1-5-19\"}}}",
  "xml_fields": {
    "provider": "Microsoft-Windows-HttpService",
    "event_id": "114",
    "timestamp": "2023-10-25T22:56:15.387118Z",
    "event_record_id": "1477",
    "level": "4",
    "task": "5",
    "opcode": "123",
    "keywords": "0x4000000000000040",
    "channel": "System",
    "computer": "WinDev2310Eval",
    "UrlGroupId": "18302628886170566657",
    "Url": "http://*:5357/31383106-803d-411b-9763-a28cdc0f0c3f/",
    "ProcessId": "3840",
    "ExecutablePath": "\\Device\\HarddiskVolume4\\Windows\\System32\\svchost.exe",
    "UserSid": "S-1-5-19"
  },
  "json_fields": {
    "provider": "Microsoft-Windows-HttpService",
    "channel": "System",
    "event_id": "114",
    "timestamp": "2023-10-25T22:56:15.387118Z",
    "event_record_id": "1477",
    "level": "4",
    "task": "5",
    "opcode": "123",
    "keywords": "0x4000000000000040",
    "computer": "WinDev2310Eval",
    "UrlGroupId": "18302628886170566657",
    "Url": "http://*:5357/31383106-803d-411b-9763-a28cdc0f0c3f/",
    "ProcessId": "3840",
    "ExecutablePath": "\\Device\\HarddiskVolume4\\Windows\\System32\\svchost.exe",
    "UserSid": "S-1-5-19"
  }
}