{
  "event_id": "1151",
  "provider": "Microsoft-Windows-Windows Defender",
  "channel": "Microsoft-Windows-Windows Defender/Operational",
  "source_file": "D:\\visual code file\\Project_4\\Event-Analyzer\\test\\Malicious\\EVTX-to-MITRE-Attack-master\\Antivirus\\ID1151-Defender health status.evtx",
  "event_record_id": 1,
  "xml": "<?xml version=\"1.0\" encoding=\"utf-8\"?>\n<Event xmlns=\"http://schemas.microsoft.com/win/2004/08/events/event\">\n  <System>\n    <Provider Name=\"Microsoft-Windows-Windows Defender\" Guid=\"{11cd958a-c507-4ef3-b3f2-5fd9dfbd2c78}\">\n    </Provider>\n    <EventID>1151</EventID>\n    <Version>0</Version>\n    <Level>4</Level>\n    <Task>0</Task>\n    <Opcode>0</Opcode>\n    <Keywords>0x8000000000000000</Keywords>\n    <TimeCreated SystemTime=\"2020-06-23T09:35:56.825510000Z\">\n    </TimeCreated>\n    <EventRecordID>2189</EventRecordID>\n    <Correlation>\n    </Correlation>\n    <Execution ProcessID=\"3332\" ThreadID=\"4432\">\n    </Execution>\n    <Channel>Microsoft-Windows-Windows Defender/Operational</Channel>\n    <Computer>WIN10-client01.offsec.lan</Computer>\n    <Security UserID=\"S-1-5-18\">\n    </Security>\n  </System>\n  <EventData>\n    <Data Name=\"Product Name\">%%827</Data>\n    <Data Name=\"Platform version\">4.18.2005.5</Data>\n    <Data Name=\"Unused\">\n    </Data>\n    <Data Name=\"Engine version\">1.1.17100.2</Data>\n    <Data Name=\"NRI engine version\">1.1.17100.2</Data>\n    <Data Name=\"AV security intelligence version\">1.317.992.0</Data>\n    <Data Name=\"AS security intelligence version\">1.317.992.0</Data>\n    <Data Name=\"NRI security intelligence version\">1.317.992.0</Data>\n    <Data Name=\"RTP state\">%%901</Data>\n    <Data Name=\"OA state\">%%901</Data>\n    <Data Name=\"IOAV state\">%%901</Data>\n    <Data Name=\"BM state\">%%901</Data>\n    <Data Name=\"Last AV security intelligence age\">14</Data>\n    <Data Name=\"Last AS security intelligence age\">14</Data>\n    <Data Name=\"Last quick scan age\">27</Data>\n    <Data Name=\"Last full scan age\">4294967295</Data>\n    <Data Name=\"AV security intelligence creation time\">6/9/2020 5:53:46 AM</Data>\n    <Data Name=\"AS security intelligence creation time\">6/9/2020 5:53:46 AM</Data>\n    <Data Name=\"Last quick scan start time\">5/26/2020 9:38:30 AM</Data>\n    <Data Name=\"Last quick scan end time\">5/26/2020 9:41:24 AM</Data>\n    <Data Name=\"Last quick scan source\">2</Data>\n    <Data Name=\"Last full scan start time\">1/1/1601 12:00:00 AM</Data>\n    <Data Name=\"Last full scan end time\">1/1/1601 12:00:00 AM</Data>\n    <Data Name=\"Last full scan source\">0</Data>\n    <Data Name=\"Product status\">0x00080080</Data>\n  </EventData>\n</Event>\n",
  "json": "{\"Event\":{\"#attributes\":{\"xmlns\":\"http://schemas.microsoft.com/win/2004/08/events/event\"},\"System\":{\"Provider\":{\"#attributes\":{\"Name\":\"Microsoft-Windows-Windows Defender\",\"Guid\":\"{11cd958a-c507-4ef3-b3f2-5fd9dfbd2c78}\"}},\"EventID\":\"1151\",\"Version\":\"0\",\"Level\":\"4\",\"Task\":\"0\",\"Opcode\":\"0\",\"Keywords\":\"0x8000000000000000\",\"TimeCreated\":{\"#attributes\":{\"SystemTime\":\"2020-06-23T09:35:56.825510000Z\"}},\"EventRecordID\":\"2189\",\"Correlation\":null,\"Execution\":{\"#attributes\":{\"ProcessID\":\"3332\",\"ThreadID\":\"4432\"}},\"Channel\":\"Microsoft-Windows-Windows Defender/Operational\",\"Computer\":\"WIN10-client01.offsec.lan\",\"Security\":{\"#attributes\":{\"UserID\":\"S-1-5-18\"}}},\"EventData\":{\"Product Name\":\"%%827\",\"Platform version\":\"4.18.2005.5\",\"Unused\":\"\",\"Engine version\":\"1.1.17100.2\",\"NRI engine version\":\"1.1.17100.2\",\"AV security intelligence version\":\"1.317.992.0\",\"AS security intelligence version\":\"1.317.992.0\",\"NRI security intelligence version\":\"1.317.992.0\",\"RTP state\":\"%%901\",\"OA state\":\"%%901\",\"IOAV state\":\"%%901\",\"BM state\":\"%%901\",\"Last AV security intelligence age\":\"14\",\"Last AS security intelligence age\":\"14\",\"Last quick scan age\":\"27\",\"Last full scan age\":\"4294967295\",\"AV security intelligence creation time\":\"6/9/2020 5:53:46 AM\",\"AS security intelligence creation time\":\"6/9/2020 5:53:46 AM\",\"Last quick scan start time\":\"5/26/2020 9:38:30 AM\",\"Last quick scan end time\":\"5/26/2020 9:41:24 AM\",\"Last quick scan source\":\"2\",\"Last full scan start time\":\"1/1/1601 12:00:00 AM\",\"Last full scan end time\":\"1/1/1601 12:00:00 AM\",\"Last full scan source\":\"0\",\"Product status\":\"0x00080080\"}}}",
  "xml_fields": {
    "provider": "Microsoft-Windows-Windows Defender",
    "event_id": "1151",
    "timestamp": "2020-06-23T09:35:56.825510000Z",
    "event_record_id": "2189",
    "level": "4",
    "task": "0",
    "opcode": "0",
    "keywords": "0x8000000000000000",
    "channel": "Microsoft-Windows-Windows Defender/Operational",
    "computer": "WIN10-client01.offsec.lan",
    "Product Name": "%%827",
    "Platform version": "4.18.2005.5",
    "Unused": "\n    ",
    "Engine version": "1.1.17100.2",
    "NRI engine version": "1.1.17100.2",
    "AV security intelligence version": "1.317.992.0",
    "AS security intelligence version": "1.317.992.0",
    "NRI security intelligence version": "1.317.992.0",
    "RTP state": "%%901",
    "OA state": "%%901",
    "IOAV state": "%%901",
    "BM state": "%%901",
    "Last AV security intelligence age": "14",
    "Last AS security intelligence age": "14",
    "Last quick scan age": "27",
    "Last full scan age": "4294967295",
    "AV security intelligence creation time": "6/9/2020 5:53:46 AM",
    "AS security intelligence creation time": "6/9/2020 5:53:46 AM",
    "Last quick scan start time": "5/26/2020 9:38:30 AM",
    "Last quick scan end time": "5/26/2020 9:41:24 AM",
    "Last quick scan source": "2",
    "Last full scan start time": "1/1/1601 12:00:00 AM",
    "Last full scan end time": "1/1/1601 12:00:00 AM",
    "Last full scan source": "0",
    "Product status": "0x00080080"
  },
  "json_fields": {
    "provider": "Microsoft-Windows-Windows Defender",
    "channel": "Microsoft-Windows-Windows Defender/Operational",
    "event_id": "1151",
    "timestamp": "2020-06-23T09:35:56.825510000Z",
    "event_record_id": "2189",
    "level": "4",
    "task": "0",
    "opcode": "0",
    "keywords": "0x8000000000000000",
    "computer": "WIN10-client01.offsec.lan",
    "Product Name": "%%827",
    "Platform version": "4.18.2005.5",
    "Unused": "",
    "Engine version": "1.1.17100.2",
    "NRI engine version": "1.1.17100.2",
    "AV security intelligence version": "1.317.992.0",
    "AS security intelligence version": "1.317.992.0",
    "NRI security intelligence version": "1.317.992.0",
    "RTP state": "%%901",
    "OA state": "%%901",
    "IOAV state": "%%901",
    "BM state": "%%901",
    "Last AV security intelligence age": "14",
    "Last AS security intelligence age": "14",
    "Last quick scan age": "27",
    "Last full scan age": "4294967295",
    "AV security intelligence creation time": "6/9/2020 5:53:46 AM",
    "AS security intelligence creation time": "6/9/2020 5:53:46 AM",
    "Last quick scan start time": "5/26/2020 9:38:30 AM",
    "Last quick scan end time": "5/26/2020 9:41:24 AM",
    "Last quick scan source": "2",
    "Last full scan start time": "1/1/1601 12:00:00 AM",
    "Last full scan end time": "1/1/1601 12:00:00 AM",
    "Last full scan source": "0",
    "Product status": "0x00080080"
  }
}