{
  "event_id": "115",
  "provider": "Microsoft-Windows-VolumeSnapshot-Driver",
  "channel": "Microsoft-Windows-VolumeSnapshot-Driver/Operational",
  "source_file": "D:\\visual code file\\Project_4\\Event-Analyzer\\test\\Benign\\Win2022-AD\\Microsoft-Windows-VolumeSnapshot-Driver%4Operational.evtx",
  "event_record_id": 10,
  "xml": "<?xml version=\"1.0\" encoding=\"utf-8\"?>\n<Event xmlns=\"http://schemas.microsoft.com/win/2004/08/events/event\">\n  <System>\n    <Provider Name=\"Microsoft-Windows-VolumeSnapshot-Driver\" Guid=\"67FE2216-727A-40CB-94B2-C02211EDB34A\">\n    </Provider>\n    <EventID>115</EventID>\n    <Version>0</Version>\n    <Level>4</Level>\n    <Task>0</Task>\n    <Opcode>2</Opcode>\n    <Keywords>0x4000000000000000</Keywords>\n    <TimeCreated SystemTime=\"2022-04-07T16:45:03.737712Z\">\n    </TimeCreated>\n    <EventRecordID>10</EventRecordID>\n    <Correlation>\n    </Correlation>\n    <Execution ProcessID=\"4\" ThreadID=\"32\">\n    </Execution>\n    <Channel>Microsoft-Windows-VolumeSnapshot-Driver/Operational</Channel>\n    <Computer>WIN-FPV0DSIC9O6</Computer>\n    <Security UserID=\"S-1-5-18\">\n    </Security>\n  </System>\n  <EventData>\n    <Data Name=\"TargetVolumeGuid\">E856EAFF-60EA-4D9C-8467-32D0B50DBFFC</Data>\n    <Data Name=\"SourceFile\">0x1</Data>\n    <Data Name=\"SourceLine\">38322</Data>\n    <Data Name=\"SourceTag\">122</Data>\n  </EventData>\n</Event>\n",
  "json": "{\"Event\":{\"#attributes\":{\"xmlns\":\"http://schemas.microsoft.com/win/2004/08/events/event\"},\"System\":{\"Provider\":{\"#attributes\":{\"Name\":\"Microsoft-Windows-VolumeSnapshot-Driver\",\"Guid\":\"67FE2216-727A-40CB-94B2-C02211EDB34A\"}},\"EventID\":115,\"Version\":0,\"Level\":4,\"Task\":0,\"Opcode\":2,\"Keywords\":\"0x4000000000000000\",\"TimeCreated\":{\"#attributes\":{\"SystemTime\":\"2022-04-07T16:45:03.737712Z\"}},\"EventRecordID\":10,\"Correlation\":null,\"Execution\":{\"#attributes\":{\"ProcessID\":4,\"ThreadID\":32}},\"Channel\":\"Microsoft-Windows-VolumeSnapshot-Driver/Operational\",\"Computer\":\"WIN-FPV0DSIC9O6\",\"Security\":{\"#attributes\":{\"UserID\":\"S-1-5-18\"}}},\"EventData\":{\"TargetVolumeGuid\":\"E856EAFF-60EA-4D9C-8467-32D0B50DBFFC\",\"SourceFile\":\"0x1\",\"SourceLine\":38322,\"SourceTag\":122}}}",
  "xml_fields": {
    "provider": "Microsoft-Windows-VolumeSnapshot-Driver",
    "event_id": "115",
    "timestamp": "2022-04-07T16:45:03.737712Z",
    "event_record_id": "10",
    "level": "4",
    "task": "0",
    "opcode": "2",
    "keywords": "0x4000000000000000",
    "channel": "Microsoft-Windows-VolumeSnapshot-Driver/Operational",
    "computer": "WIN-FPV0DSIC9O6",
    "TargetVolumeGuid": "E856EAFF-60EA-4D9C-8467-32D0B50DBFFC",
    "SourceFile": "0x1",
    "SourceLine": "38322",
    "SourceTag": "122"
  },
  "json_fields": {
    "provider": "Microsoft-Windows-VolumeSnapshot-Driver",
    "channel": "Microsoft-Windows-VolumeSnapshot-Driver/Operational",
    "event_id": "115",
    "timestamp": "2022-04-07T16:45:03.737712Z",
    "event_record_id": "10",
    "level": "4",
    "task": "0",
    "opcode": "2",
    "keywords": "0x4000000000000000",
    "computer": "WIN-FPV0DSIC9O6",
    "TargetVolumeGuid": "E856EAFF-60EA-4D9C-8467-32D0B50DBFFC",
    "SourceFile": "0x1",
    "SourceLine": "38322",
    "SourceTag": "122"
  }
}