{
  "event_id": "115",
  "provider": "Microsoft-Windows-Diagnosis-DPS",
  "channel": "Microsoft-Windows-Diagnosis-DPS/Operational",
  "source_file": "D:\\visual code file\\Project_4\\Event-Analyzer\\test\\Logs\\Microsoft-Windows-Diagnosis-DPS%4Operational.evtx",
  "event_record_id": 14,
  "xml": "<?xml version=\"1.0\" encoding=\"utf-8\"?>\n<Event xmlns=\"http://schemas.microsoft.com/win/2004/08/events/event\">\n  <System>\n    <Provider Name=\"Microsoft-Windows-Diagnosis-DPS\" Guid=\"6BBA3851-2C7E-4DEA-8F54-31E5AFD029E3\">\n    </Provider>\n    <EventID>115</EventID>\n    <Version>0</Version>\n    <Level>4</Level>\n    <Task>1</Task>\n    <Opcode>15</Opcode>\n    <Keywords>0x4000000800000000</Keywords>\n    <TimeCreated SystemTime=\"2025-01-06T12:17:57.081006Z\">\n    </TimeCreated>\n    <EventRecordID>14</EventRecordID>\n    <Correlation ActivityID=\"9F48508C-39FE-4823-A447-0F9D309FFA5E\">\n    </Correlation>\n    <Execution ProcessID=\"2672\" ThreadID=\"60\">\n    </Execution>\n    <Channel>Microsoft-Windows-Diagnosis-DPS/Operational</Channel>\n    <Computer>DESKTOP-P9H5FTA</Computer>\n    <Security UserID=\"S-1-5-19\">\n    </Security>\n  </System>\n  <EventData>\n    <Data Name=\"ScenarioId\">50CE107B-E1A1-4571-91C2-9150755FDE09</Data>\n    <Data Name=\"InstanceId\">9F48508C-39FE-4823-A447-0F9D309FFA5E</Data>\n    <Data Name=\"OriginalActivityId\">00000000-0000-0000-0000-000000000000</Data>\n    <Data Name=\"DiagnosticModuleImageName\">%WINDIR%\\SYSTEM32\\DXGWDI.DLL</Data>\n    <Data Name=\"ResolutionId\">7A54F16F-A73A-4258-BA46-A1E998A6AA74</Data>\n    <Data Name=\"ResolutionSID\">S-1-5-21-3088055692-629932344-1786574096-1001</Data>\n    <Data Name=\"ResolutionSessionId\">2</Data>\n    <Data Name=\"ResolutionExpirationDate\">1601-01-01T00:00:00.000000Z</Data>\n    <Data Name=\"DiagnosticModuleId\">7A54F16F-A73A-4258-BA46-A1E998A6AA74</Data>\n  </EventData>\n</Event>\n",
  "json": "{\"Event\":{\"#attributes\":{\"xmlns\":\"http://schemas.microsoft.com/win/2004/08/events/event\"},\"System\":{\"Provider\":{\"#attributes\":{\"Name\":\"Microsoft-Windows-Diagnosis-DPS\",\"Guid\":\"6BBA3851-2C7E-4DEA-8F54-31E5AFD029E3\"}},\"EventID\":115,\"Version\":0,\"Level\":4,\"Task\":1,\"Opcode\":15,\"Keywords\":\"0x4000000800000000\",\"TimeCreated\":{\"#attributes\":{\"SystemTime\":\"2025-01-06T12:17:57.081006Z\"}},\"EventRecordID\":14,\"Correlation\":{\"#attributes\":{\"ActivityID\":\"9F48508C-39FE-4823-A447-0F9D309FFA5E\"}},\"Execution\":{\"#attributes\":{\"ProcessID\":2672,\"ThreadID\":60}},\"Channel\":\"Microsoft-Windows-Diagnosis-DPS/Operational\",\"Computer\":\"DESKTOP-P9H5FTA\",\"Security\":{\"#attributes\":{\"UserID\":\"S-1-5-19\"}}},\"EventData\":{\"ScenarioId\":\"50CE107B-E1A1-4571-91C2-9150755FDE09\",\"InstanceId\":\"9F48508C-39FE-4823-A447-0F9D309FFA5E\",\"OriginalActivityId\":\"00000000-0000-0000-0000-000000000000\",\"DiagnosticModuleImageName\":\"%WINDIR%\\\\SYSTEM32\\\\DXGWDI.DLL\",\"ResolutionId\":\"7A54F16F-A73A-4258-BA46-A1E998A6AA74\",\"ResolutionSID\":\"S-1-5-21-3088055692-629932344-1786574096-1001\",\"ResolutionSessionId\":2,\"ResolutionExpirationDate\":\"1601-01-01T00:00:00.000000Z\",\"DiagnosticModuleId\":\"7A54F16F-A73A-4258-BA46-A1E998A6AA74\"}}}",
  "xml_fields": {
    "provider": "Microsoft-Windows-Diagnosis-DPS",
    "event_id": "115",
    "timestamp": "2025-01-06T12:17:57.081006Z",
    "event_record_id": "14",
    "level": "4",
    "task": "1",
    "opcode": "15",
    "keywords": "0x4000000800000000",
    "channel": "Microsoft-Windows-Diagnosis-DPS/Operational",
    "computer": "DESKTOP-P9H5FTA",
    "ScenarioId": "50CE107B-E1A1-4571-91C2-9150755FDE09",
    "InstanceId": "9F48508C-39FE-4823-A447-0F9D309FFA5E",
    "OriginalActivityId": "00000000-0000-0000-0000-000000000000",
    "DiagnosticModuleImageName": "%WINDIR%\\SYSTEM32\\DXGWDI.DLL",
    "ResolutionId": "7A54F16F-A73A-4258-BA46-A1E998A6AA74",
    "ResolutionSID": "S-1-5-21-3088055692-629932344-1786574096-1001",
    "ResolutionSessionId": "2",
    "ResolutionExpirationDate": "1601-01-01T00:00:00.000000Z",
    "DiagnosticModuleId": "7A54F16F-A73A-4258-BA46-A1E998A6AA74"
  },
  "json_fields": {
    "provider": "Microsoft-Windows-Diagnosis-DPS",
    "channel": "Microsoft-Windows-Diagnosis-DPS/Operational",
    "event_id": "115",
    "timestamp": "2025-01-06T12:17:57.081006Z",
    "event_record_id": "14",
    "level": "4",
    "task": "1",
    "opcode": "15",
    "keywords": "0x4000000800000000",
    "computer": "DESKTOP-P9H5FTA",
    "ScenarioId": "50CE107B-E1A1-4571-91C2-9150755FDE09",
    "InstanceId": "9F48508C-39FE-4823-A447-0F9D309FFA5E",
    "OriginalActivityId": "00000000-0000-0000-0000-000000000000",
    "DiagnosticModuleImageName": "%WINDIR%\\SYSTEM32\\DXGWDI.DLL",
    "ResolutionId": "7A54F16F-A73A-4258-BA46-A1E998A6AA74",
    "ResolutionSID": "S-1-5-21-3088055692-629932344-1786574096-1001",
    "ResolutionSessionId": "2",
    "ResolutionExpirationDate": "1601-01-01T00:00:00.000000Z",
    "DiagnosticModuleId": "7A54F16F-A73A-4258-BA46-A1E998A6AA74"
  }
}