{
  "event_id": "118",
  "provider": "Microsoft-Windows-TaskScheduler",
  "channel": "Microsoft-Windows-TaskScheduler/Operational",
  "source_file": "D:\\visual code file\\Project_4\\Event-Analyzer\\test\\Benign\\Win2022-AD\\Microsoft-Windows-TaskScheduler%4Operational.evtx",
  "event_record_id": 25,
  "xml": "<?xml version=\"1.0\" encoding=\"utf-8\"?>\n<Event xmlns=\"http://schemas.microsoft.com/win/2004/08/events/event\">\n  <System>\n    <Provider Name=\"Microsoft-Windows-TaskScheduler\" Guid=\"DE7B24EA-73C8-4A09-985D-5BDADCFA9017\">\n    </Provider>\n    <EventID>118</EventID>\n    <Version>0</Version>\n    <Level>4</Level>\n    <Task>118</Task>\n    <Opcode>0</Opcode>\n    <Keywords>0x8000000000000000</Keywords>\n    <TimeCreated SystemTime=\"2022-04-07T08:14:43.678499Z\">\n    </TimeCreated>\n    <EventRecordID>25</EventRecordID>\n    <Correlation ActivityID=\"6F763BAC-E09B-4673-96FA-F8CFF9788B53\">\n    </Correlation>\n    <Execution ProcessID=\"1592\" ThreadID=\"1888\">\n    </Execution>\n    <Channel>Microsoft-Windows-TaskScheduler/Operational</Channel>\n    <Computer>WIN-FPV0DSIC9O6.sigma.fr</Computer>\n    <Security UserID=\"S-1-5-18\">\n    </Security>\n  </System>\n  <EventData Name=\"BootTrigger\">\n    <Data Name=\"TaskName\">\\Microsoft\\Windows\\CertificateServicesClient\\SystemTask</Data>\n    <Data Name=\"InstanceId\">6F763BAC-E09B-4673-96FA-F8CFF9788B53</Data>\n  </EventData>\n</Event>\n",
  "json": "{\"Event\":{\"#attributes\":{\"xmlns\":\"http://schemas.microsoft.com/win/2004/08/events/event\"},\"System\":{\"Provider\":{\"#attributes\":{\"Name\":\"Microsoft-Windows-TaskScheduler\",\"Guid\":\"DE7B24EA-73C8-4A09-985D-5BDADCFA9017\"}},\"EventID\":118,\"Version\":0,\"Level\":4,\"Task\":118,\"Opcode\":0,\"Keywords\":\"0x8000000000000000\",\"TimeCreated\":{\"#attributes\":{\"SystemTime\":\"2022-04-07T08:14:43.678499Z\"}},\"EventRecordID\":25,\"Correlation\":{\"#attributes\":{\"ActivityID\":\"6F763BAC-E09B-4673-96FA-F8CFF9788B53\"}},\"Execution\":{\"#attributes\":{\"ProcessID\":1592,\"ThreadID\":1888}},\"Channel\":\"Microsoft-Windows-TaskScheduler/Operational\",\"Computer\":\"WIN-FPV0DSIC9O6.sigma.fr\",\"Security\":{\"#attributes\":{\"UserID\":\"S-1-5-18\"}}},\"EventData\":{\"#attributes\":{\"Name\":\"BootTrigger\"},\"TaskName\":\"\\\\Microsoft\\\\Windows\\\\CertificateServicesClient\\\\SystemTask\",\"InstanceId\":\"6F763BAC-E09B-4673-96FA-F8CFF9788B53\"}}}",
  "xml_fields": {
    "provider": "Microsoft-Windows-TaskScheduler",
    "event_id": "118",
    "timestamp": "2022-04-07T08:14:43.678499Z",
    "event_record_id": "25",
    "level": "4",
    "task": "118",
    "opcode": "0",
    "keywords": "0x8000000000000000",
    "channel": "Microsoft-Windows-TaskScheduler/Operational",
    "computer": "WIN-FPV0DSIC9O6.sigma.fr",
    "TaskName": "\\Microsoft\\Windows\\CertificateServicesClient\\SystemTask",
    "InstanceId": "6F763BAC-E09B-4673-96FA-F8CFF9788B53"
  },
  "json_fields": {
    "provider": "Microsoft-Windows-TaskScheduler",
    "channel": "Microsoft-Windows-TaskScheduler/Operational",
    "event_id": "118",
    "timestamp": "2022-04-07T08:14:43.678499Z",
    "event_record_id": "25",
    "level": "4",
    "task": "118",
    "opcode": "0",
    "keywords": "0x8000000000000000",
    "computer": "WIN-FPV0DSIC9O6.sigma.fr",
    "TaskName": "\\Microsoft\\Windows\\CertificateServicesClient\\SystemTask",
    "InstanceId": "6F763BAC-E09B-4673-96FA-F8CFF9788B53"
  }
}