{
  "event_id": "119",
  "provider": "Microsoft-Windows-TaskScheduler",
  "channel": "Microsoft-Windows-TaskScheduler/Operational",
  "source_file": "D:\\visual code file\\Project_4\\Event-Analyzer\\test\\Benign\\Logs_Win11_2023\\Microsoft-Windows-TaskScheduler%4Operational.evtx",
  "event_record_id": 753,
  "xml": "<?xml version=\"1.0\" encoding=\"utf-8\"?>\n<Event xmlns=\"http://schemas.microsoft.com/win/2004/08/events/event\">\n  <System>\n    <Provider Name=\"Microsoft-Windows-TaskScheduler\" Guid=\"DE7B24EA-73C8-4A09-985D-5BDADCFA9017\">\n    </Provider>\n    <EventID>119</EventID>\n    <Version>0</Version>\n    <Level>4</Level>\n    <Task>119</Task>\n    <Opcode>0</Opcode>\n    <Keywords>0x8000000000000000</Keywords>\n    <TimeCreated SystemTime=\"2023-11-06T00:32:24.196585Z\">\n    </TimeCreated>\n    <EventRecordID>753</EventRecordID>\n    <Correlation ActivityID=\"100C8667-0708-42C9-9516-D7C5A267008B\">\n    </Correlation>\n    <Execution ProcessID=\"1392\" ThreadID=\"12192\">\n    </Execution>\n    <Channel>Microsoft-Windows-TaskScheduler/Operational</Channel>\n    <Computer>WinDev2310Eval</Computer>\n    <Security UserID=\"S-1-5-18\">\n    </Security>\n  </System>\n  <EventData Name=\"LogonTrigger\">\n    <Data Name=\"TaskName\">\\Microsoft\\Windows\\LanguageComponentsInstaller\\ReconcileLanguageResources</Data>\n    <Data Name=\"UserName\">WINDEV2310EVAL\\User</Data>\n    <Data Name=\"InstanceId\">100C8667-0708-42C9-9516-D7C5A267008B</Data>\n  </EventData>\n</Event>\n",
  "json": "{\"Event\":{\"#attributes\":{\"xmlns\":\"http://schemas.microsoft.com/win/2004/08/events/event\"},\"System\":{\"Provider\":{\"#attributes\":{\"Name\":\"Microsoft-Windows-TaskScheduler\",\"Guid\":\"DE7B24EA-73C8-4A09-985D-5BDADCFA9017\"}},\"EventID\":119,\"Version\":0,\"Level\":4,\"Task\":119,\"Opcode\":0,\"Keywords\":\"0x8000000000000000\",\"TimeCreated\":{\"#attributes\":{\"SystemTime\":\"2023-11-06T00:32:24.196585Z\"}},\"EventRecordID\":753,\"Correlation\":{\"#attributes\":{\"ActivityID\":\"100C8667-0708-42C9-9516-D7C5A267008B\"}},\"Execution\":{\"#attributes\":{\"ProcessID\":1392,\"ThreadID\":12192}},\"Channel\":\"Microsoft-Windows-TaskScheduler/Operational\",\"Computer\":\"WinDev2310Eval\",\"Security\":{\"#attributes\":{\"UserID\":\"S-1-5-18\"}}},\"EventData\":{\"#attributes\":{\"Name\":\"LogonTrigger\"},\"TaskName\":\"\\\\Microsoft\\\\Windows\\\\LanguageComponentsInstaller\\\\ReconcileLanguageResources\",\"UserName\":\"WINDEV2310EVAL\\\\User\",\"InstanceId\":\"100C8667-0708-42C9-9516-D7C5A267008B\"}}}",
  "xml_fields": {
    "provider": "Microsoft-Windows-TaskScheduler",
    "event_id": "119",
    "timestamp": "2023-11-06T00:32:24.196585Z",
    "event_record_id": "753",
    "level": "4",
    "task": "119",
    "opcode": "0",
    "keywords": "0x8000000000000000",
    "channel": "Microsoft-Windows-TaskScheduler/Operational",
    "computer": "WinDev2310Eval",
    "TaskName": "\\Microsoft\\Windows\\LanguageComponentsInstaller\\ReconcileLanguageResources",
    "UserName": "WINDEV2310EVAL\\User",
    "InstanceId": "100C8667-0708-42C9-9516-D7C5A267008B"
  },
  "json_fields": {
    "provider": "Microsoft-Windows-TaskScheduler",
    "channel": "Microsoft-Windows-TaskScheduler/Operational",
    "event_id": "119",
    "timestamp": "2023-11-06T00:32:24.196585Z",
    "event_record_id": "753",
    "level": "4",
    "task": "119",
    "opcode": "0",
    "keywords": "0x8000000000000000",
    "computer": "WinDev2310Eval",
    "TaskName": "\\Microsoft\\Windows\\LanguageComponentsInstaller\\ReconcileLanguageResources",
    "UserName": "WINDEV2310EVAL\\User",
    "InstanceId": "100C8667-0708-42C9-9516-D7C5A267008B"
  }
}