{
  "event_id": "11",
  "provider": "AuroraAgent",
  "channel": "Application",
  "source_file": "D:\\visual code file\\Project_4\\Event-Analyzer\\test\\Benign\\win2022-0-20348-azure\\Application.evtx",
  "event_record_id": 712,
  "xml": "<?xml version=\"1.0\" encoding=\"utf-8\"?>\n<Event xmlns=\"http://schemas.microsoft.com/win/2004/08/events/event\">\n  <System>\n    <Provider Name=\"AuroraAgent\">\n    </Provider>\n    <EventID Qualifiers=\"0\">11</EventID>\n    <Version>0</Version>\n    <Level>3</Level>\n    <Task>0</Task>\n    <Opcode>0</Opcode>\n    <Keywords>0x80000000000000</Keywords>\n    <TimeCreated SystemTime=\"2022-09-18T11:01:31.515392Z\">\n    </TimeCreated>\n    <EventRecordID>712</EventRecordID>\n    <Correlation>\n    </Correlation>\n    <Execution ProcessID=\"0\" ThreadID=\"0\">\n    </Execution>\n    <Channel>Application</Channel>\n    <Computer>Agamemnon</Computer>\n    <Security>\n    </Security>\n  </System>\n  <EventData>\n    <Data>Sigma rule match found: Windows Shell File Write to Suspicious Folder (see Details tab for more information)</Data>\n    <Data>Module: Sigma</Data>\n    <Data>Rule_Title: Windows Shell File Write to Suspicious Folder</Data>\n    <Data>Rule_Author: Florian Roth</Data>\n    <Data>Rule_Description: Detects a Windows executable that writes files to suspicious folders</Data>\n    <Data>Rule_FalsePositives: Unknown</Data>\n    <Data>Rule_Id: 1277f594-a7d1-4f28-a2d3-73af5cbeab43</Data>\n    <Data>Rule_Level: high</Data>\n    <Data>Rule_Link: https://github.com/SigmaHQ/sigma/blob/0.22-120-geb87ed8f4/rules/windows/file_event/file_event_win_win_shell_write_susp_directory.yml</Data>\n    <Data>Rule_Modified: 2022/07/14</Data>\n    <Data>Rule_Path: public\\windows\\file_event\\file_event_win_win_shell_write_susp_directory.yml</Data>\n    <Data>Rule_References: Internal Research</Data>\n    <Data>Rule_Sigtype: public</Data>\n    <Data>CommandLine: \"C:\\Windows\\System32\\WindowsPowerShell\\v1.0\\powershell.exe\" </Data>\n    <Data>Company: Microsoft Corporation</Data>\n    <Data>Computer: Agamemnon</Data>\n    <Data>Correlation_ActivityID: {00000000-0000-0000-0000-000000000000}</Data>\n    <Data>CreateAttributes: 0x80</Data>\n    <Data>CreateOptions: 0x2200021</Data>\n    <Data>Description: Windows PowerShell</Data>\n    <Data>EventID: 30</Data>\n    <Data>Execution_ThreadID: 268</Data>\n    <Data>FileCreationDate: 2021-05-08T08:16:08</Data>\n    <Data>FileName: \\Device\\HarddiskVolume4\\Users\\Public\\Downloads\\evtx</Data>\n    <Data>FileObject: 0xFFFFBA839BE34CC0</Data>\n    <Data>FileVersion: 10.0.20348.1 (WinBuild.160101.0800)</Data>\n    <Data>Hashes: MD5=2E0CCB27064856E3D55017FA2D33A7B9,SHA1=5B1A36A8B206FE9DAECE7E2CD702CDD4E10BB895,SHA256=1C84C8632C5269F24876ED9F49FA810B49F77E1E92E8918FC164C34B020F9A94,IMPHASH=BF7A6E7A62C3F5B2E8E069438AC1DD3D</Data>\n    <Data>Image: C:\\Windows\\System32\\WindowsPowerShell\\v1.0\\powershell.exe</Data>\n    <Data>ImageAge: 498d02h32m48s</Data>\n    <Data>Irp: 0xFFFFBA839C7CD148</Data>\n    <Data>IssuingThreadId: 268</Data>\n    <Data>Keywords: 0x8000000000001000</Data>\n    <Data>Level: 4</Data>\n    <Data>Match_Strings: \\powershell.exe in Image, C:\\Users\\Public in TargetFilename</Data>\n    <Data>Opcode: 0</Data>\n    <Data>OriginalFileName: PowerShell.EXE</Data>\n    <Data>ParentCommandLine: C:\\Windows\\Explorer.EXE</Data>\n    <Data>ParentImage: C:\\Windows\\explorer.exe</Data>\n    <Data>ProcessId: 9792</Data>\n    <Data>Product: Microsoft\u00ae Windows\u00ae Operating System</Data>\n    <Data>Provider_Guid: {EDD08927-9CC4-4E65-B970-C2560FB5C289}</Data>\n    <Data>Provider_Name: Microsoft-Windows-Kernel-File</Data>\n    <Data>Security_UserID: S-1-5-21-3574161147-2844031704-266979156-500</Data>\n    <Data>ShareAccess: 0x3</Data>\n    <Data>TargetFilename: C:\\Users\\Public\\Downloads\\evtx</Data>\n    <Data>Task: 30</Data>\n    <Data>TimeCreated_SystemTime: 2022-09-18T11:01:31.4123318Z</Data>\n    <Data>Timestamp: 2083-11-19T16:19:06</Data>\n    <Data>User: Agamemnon\\neo</Data>\n    <Data>Version: 1</Data>\n    <Data>Winversion: 20348</Data>\n    <Binary></Binary>\n  </EventData>\n</Event>\n",
  "json": "{\"Event\":{\"#attributes\":{\"xmlns\":\"http://schemas.microsoft.com/win/2004/08/events/event\"},\"System\":{\"Provider\":{\"#attributes\":{\"Name\":\"AuroraAgent\"}},\"EventID\":{\"#attributes\":{\"Qualifiers\":0},\"#text\":11},\"Version\":0,\"Level\":3,\"Task\":0,\"Opcode\":0,\"Keywords\":\"0x80000000000000\",\"TimeCreated\":{\"#attributes\":{\"SystemTime\":\"2022-09-18T11:01:31.515392Z\"}},\"EventRecordID\":712,\"Correlation\":null,\"Execution\":{\"#attributes\":{\"ProcessID\":0,\"ThreadID\":0}},\"Channel\":\"Application\",\"Computer\":\"Agamemnon\",\"Security\":null},\"EventData\":{\"Data\":{\"#text\":[\"Sigma rule match found: Windows Shell File Write to Suspicious Folder (see Details tab for more information)\",\"Module: Sigma\",\"Rule_Title: Windows Shell File Write to Suspicious Folder\",\"Rule_Author: Florian Roth\",\"Rule_Description: Detects a Windows executable that writes files to suspicious folders\",\"Rule_FalsePositives: Unknown\",\"Rule_Id: 1277f594-a7d1-4f28-a2d3-73af5cbeab43\",\"Rule_Level: high\",\"Rule_Link: https://github.com/SigmaHQ/sigma/blob/0.22-120-geb87ed8f4/rules/windows/file_event/file_event_win_win_shell_write_susp_directory.yml\",\"Rule_Modified: 2022/07/14\",\"Rule_Path: public\\\\windows\\\\file_event\\\\file_event_win_win_shell_write_susp_directory.yml\",\"Rule_References: Internal Research\",\"Rule_Sigtype: public\",\"CommandLine: \\\"C:\\\\Windows\\\\System32\\\\WindowsPowerShell\\\\v1.0\\\\powershell.exe\\\" \",\"Company: Microsoft Corporation\",\"Computer: Agamemnon\",\"Correlation_ActivityID: {00000000-0000-0000-0000-000000000000}\",\"CreateAttributes: 0x80\",\"CreateOptions: 0x2200021\",\"Description: Windows PowerShell\",\"EventID: 30\",\"Execution_ThreadID: 268\",\"FileCreationDate: 2021-05-08T08:16:08\",\"FileName: \\\\Device\\\\HarddiskVolume4\\\\Users\\\\Public\\\\Downloads\\\\evtx\",\"FileObject: 0xFFFFBA839BE34CC0\",\"FileVersion: 10.0.20348.1 (WinBuild.160101.0800)\",\"Hashes: MD5=2E0CCB27064856E3D55017FA2D33A7B9,SHA1=5B1A36A8B206FE9DAECE7E2CD702CDD4E10BB895,SHA256=1C84C8632C5269F24876ED9F49FA810B49F77E1E92E8918FC164C34B020F9A94,IMPHASH=BF7A6E7A62C3F5B2E8E069438AC1DD3D\",\"Image: C:\\\\Windows\\\\System32\\\\WindowsPowerShell\\\\v1.0\\\\powershell.exe\",\"ImageAge: 498d02h32m48s\",\"Irp: 0xFFFFBA839C7CD148\",\"IssuingThreadId: 268\",\"Keywords: 0x8000000000001000\",\"Level: 4\",\"Match_Strings: \\\\powershell.exe in Image, C:\\\\Users\\\\Public in TargetFilename\",\"Opcode: 0\",\"OriginalFileName: PowerShell.EXE\",\"ParentCommandLine: C:\\\\Windows\\\\Explorer.EXE\",\"ParentImage: C:\\\\Windows\\\\explorer.exe\",\"ProcessId: 9792\",\"Product: Microsoft\u00ae Windows\u00ae Operating System\",\"Provider_Guid: {EDD08927-9CC4-4E65-B970-C2560FB5C289}\",\"Provider_Name: Microsoft-Windows-Kernel-File\",\"Security_UserID: S-1-5-21-3574161147-2844031704-266979156-500\",\"ShareAccess: 0x3\",\"TargetFilename: C:\\\\Users\\\\Public\\\\Downloads\\\\evtx\",\"Task: 30\",\"TimeCreated_SystemTime: 2022-09-18T11:01:31.4123318Z\",\"Timestamp: 2083-11-19T16:19:06\",\"User: Agamemnon\\\\neo\",\"Version: 1\",\"Winversion: 20348\"]},\"Binary\":null}}}",
  "xml_fields": {
    "provider": "AuroraAgent",
    "event_id": "11",
    "timestamp": "2022-09-18T11:01:31.515392Z",
    "event_record_id": "712",
    "level": "3",
    "task": "0",
    "opcode": "0",
    "keywords": "0x80000000000000",
    "channel": "Application",
    "computer": "Agamemnon",
    "_data_0": "Sigma rule match found: Windows Shell File Write to Suspicious Folder (see Details tab for more information)",
    "_data_1": "Module: Sigma",
    "_data_2": "Rule_Title: Windows Shell File Write to Suspicious Folder",
    "_data_3": "Rule_Author: Florian Roth",
    "_data_4": "Rule_Description: Detects a Windows executable that writes files to suspicious folders",
    "_data_5": "Rule_FalsePositives: Unknown",
    "_data_6": "Rule_Id: 1277f594-a7d1-4f28-a2d3-73af5cbeab43",
    "_data_7": "Rule_Level: high",
    "_data_8": "Rule_Link: https://github.com/SigmaHQ/sigma/blob/0.22-120-geb87ed8f4/rules/windows/file_event/file_event_win_win_shell_write_susp_directory.yml",
    "_data_9": "Rule_Modified: 2022/07/14",
    "_data_10": "Rule_Path: public\\windows\\file_event\\file_event_win_win_shell_write_susp_directory.yml",
    "_data_11": "Rule_References: Internal Research",
    "_data_12": "Rule_Sigtype: public",
    "_data_13": "CommandLine: \"C:\\Windows\\System32\\WindowsPowerShell\\v1.0\\powershell.exe\" ",
    "_data_14": "Company: Microsoft Corporation",
    "_data_15": "Computer: Agamemnon",
    "_data_16": "Correlation_ActivityID: {00000000-0000-0000-0000-000000000000}",
    "_data_17": "CreateAttributes: 0x80",
    "_data_18": "CreateOptions: 0x2200021",
    "_data_19": "Description: Windows PowerShell",
    "_data_20": "EventID: 30",
    "_data_21": "Execution_ThreadID: 268",
    "_data_22": "FileCreationDate: 2021-05-08T08:16:08",
    "_data_23": "FileName: \\Device\\HarddiskVolume4\\Users\\Public\\Downloads\\evtx",
    "_data_24": "FileObject: 0xFFFFBA839BE34CC0",
    "_data_25": "FileVersion: 10.0.20348.1 (WinBuild.160101.0800)",
    "_data_26": "Hashes: MD5=2E0CCB27064856E3D55017FA2D33A7B9,SHA1=5B1A36A8B206FE9DAECE7E2CD702CDD4E10BB895,SHA256=1C84C8632C5269F24876ED9F49FA810B49F77E1E92E8918FC164C34B020F9A94,IMPHASH=BF7A6E7A62C3F5B2E8E069438AC1DD3D",
    "_data_27": "Image: C:\\Windows\\System32\\WindowsPowerShell\\v1.0\\powershell.exe",
    "_data_28": "ImageAge: 498d02h32m48s",
    "_data_29": "Irp: 0xFFFFBA839C7CD148",
    "_data_30": "IssuingThreadId: 268",
    "_data_31": "Keywords: 0x8000000000001000",
    "_data_32": "Level: 4",
    "_data_33": "Match_Strings: \\powershell.exe in Image, C:\\Users\\Public in TargetFilename",
    "_data_34": "Opcode: 0",
    "_data_35": "OriginalFileName: PowerShell.EXE",
    "_data_36": "ParentCommandLine: C:\\Windows\\Explorer.EXE",
    "_data_37": "ParentImage: C:\\Windows\\explorer.exe",
    "_data_38": "ProcessId: 9792",
    "_data_39": "Product: Microsoft\u00ae Windows\u00ae Operating System",
    "_data_40": "Provider_Guid: {EDD08927-9CC4-4E65-B970-C2560FB5C289}",
    "_data_41": "Provider_Name: Microsoft-Windows-Kernel-File",
    "_data_42": "Security_UserID: S-1-5-21-3574161147-2844031704-266979156-500",
    "_data_43": "ShareAccess: 0x3",
    "_data_44": "TargetFilename: C:\\Users\\Public\\Downloads\\evtx",
    "_data_45": "Task: 30",
    "_data_46": "TimeCreated_SystemTime: 2022-09-18T11:01:31.4123318Z",
    "_data_47": "Timestamp: 2083-11-19T16:19:06",
    "_data_48": "User: Agamemnon\\neo",
    "_data_49": "Version: 1",
    "_data_50": "Winversion: 20348"
  },
  "json_fields": {
    "provider": "AuroraAgent",
    "channel": "Application",
    "event_id": "11",
    "timestamp": "2022-09-18T11:01:31.515392Z",
    "event_record_id": "712",
    "level": "3",
    "task": "0",
    "opcode": "0",
    "keywords": "0x80000000000000",
    "computer": "Agamemnon",
    "_data_0": "Sigma rule match found: Windows Shell File Write to Suspicious Folder (see Details tab for more information)",
    "_data_1": "Module: Sigma",
    "_data_2": "Rule_Title: Windows Shell File Write to Suspicious Folder",
    "_data_3": "Rule_Author: Florian Roth",
    "_data_4": "Rule_Description: Detects a Windows executable that writes files to suspicious folders",
    "_data_5": "Rule_FalsePositives: Unknown",
    "_data_6": "Rule_Id: 1277f594-a7d1-4f28-a2d3-73af5cbeab43",
    "_data_7": "Rule_Level: high",
    "_data_8": "Rule_Link: https://github.com/SigmaHQ/sigma/blob/0.22-120-geb87ed8f4/rules/windows/file_event/file_event_win_win_shell_write_susp_directory.yml",
    "_data_9": "Rule_Modified: 2022/07/14",
    "_data_10": "Rule_Path: public\\windows\\file_event\\file_event_win_win_shell_write_susp_directory.yml",
    "_data_11": "Rule_References: Internal Research",
    "_data_12": "Rule_Sigtype: public",
    "_data_13": "CommandLine: \"C:\\Windows\\System32\\WindowsPowerShell\\v1.0\\powershell.exe\" ",
    "_data_14": "Company: Microsoft Corporation",
    "_data_15": "Computer: Agamemnon",
    "_data_16": "Correlation_ActivityID: {00000000-0000-0000-0000-000000000000}",
    "_data_17": "CreateAttributes: 0x80",
    "_data_18": "CreateOptions: 0x2200021",
    "_data_19": "Description: Windows PowerShell",
    "_data_20": "EventID: 30",
    "_data_21": "Execution_ThreadID: 268",
    "_data_22": "FileCreationDate: 2021-05-08T08:16:08",
    "_data_23": "FileName: \\Device\\HarddiskVolume4\\Users\\Public\\Downloads\\evtx",
    "_data_24": "FileObject: 0xFFFFBA839BE34CC0",
    "_data_25": "FileVersion: 10.0.20348.1 (WinBuild.160101.0800)",
    "_data_26": "Hashes: MD5=2E0CCB27064856E3D55017FA2D33A7B9,SHA1=5B1A36A8B206FE9DAECE7E2CD702CDD4E10BB895,SHA256=1C84C8632C5269F24876ED9F49FA810B49F77E1E92E8918FC164C34B020F9A94,IMPHASH=BF7A6E7A62C3F5B2E8E069438AC1DD3D",
    "_data_27": "Image: C:\\Windows\\System32\\WindowsPowerShell\\v1.0\\powershell.exe",
    "_data_28": "ImageAge: 498d02h32m48s",
    "_data_29": "Irp: 0xFFFFBA839C7CD148",
    "_data_30": "IssuingThreadId: 268",
    "_data_31": "Keywords: 0x8000000000001000",
    "_data_32": "Level: 4",
    "_data_33": "Match_Strings: \\powershell.exe in Image, C:\\Users\\Public in TargetFilename",
    "_data_34": "Opcode: 0",
    "_data_35": "OriginalFileName: PowerShell.EXE",
    "_data_36": "ParentCommandLine: C:\\Windows\\Explorer.EXE",
    "_data_37": "ParentImage: C:\\Windows\\explorer.exe",
    "_data_38": "ProcessId: 9792",
    "_data_39": "Product: Microsoft\u00ae Windows\u00ae Operating System",
    "_data_40": "Provider_Guid: {EDD08927-9CC4-4E65-B970-C2560FB5C289}",
    "_data_41": "Provider_Name: Microsoft-Windows-Kernel-File",
    "_data_42": "Security_UserID: S-1-5-21-3574161147-2844031704-266979156-500",
    "_data_43": "ShareAccess: 0x3",
    "_data_44": "TargetFilename: C:\\Users\\Public\\Downloads\\evtx",
    "_data_45": "Task: 30",
    "_data_46": "TimeCreated_SystemTime: 2022-09-18T11:01:31.4123318Z",
    "_data_47": "Timestamp: 2083-11-19T16:19:06",
    "_data_48": "User: Agamemnon\\neo",
    "_data_49": "Version: 1",
    "_data_50": "Winversion: 20348"
  }
}