{
  "event_id": "11",
  "provider": "Microsoft-Windows-Crypto-NCrypt",
  "channel": "Microsoft-Windows-Crypto-NCrypt/Operational",
  "source_file": "D:\\visual code file\\Project_4\\Event-Analyzer\\test\\Benign\\Logs_Win11_2023\\Microsoft-Windows-Crypto-NCrypt%4Operational.evtx",
  "event_record_id": 29,
  "xml": "<?xml version=\"1.0\" encoding=\"utf-8\"?>\n<Event xmlns=\"http://schemas.microsoft.com/win/2004/08/events/event\">\n  <System>\n    <Provider Name=\"Microsoft-Windows-Crypto-NCrypt\" Guid=\"E8ED09DC-100C-45E2-9FC8-B53399EC1F70\">\n    </Provider>\n    <EventID>11</EventID>\n    <Version>0</Version>\n    <Level>5</Level>\n    <Task>11</Task>\n    <Opcode>0</Opcode>\n    <Keywords>0x8000000000000001</Keywords>\n    <TimeCreated SystemTime=\"2023-11-05T22:28:56.224021Z\">\n    </TimeCreated>\n    <EventRecordID>29</EventRecordID>\n    <Correlation>\n    </Correlation>\n    <Execution ProcessID=\"808\" ThreadID=\"856\">\n    </Execution>\n    <Channel>Microsoft-Windows-Crypto-NCrypt/Operational</Channel>\n    <Computer>WinDev2310Eval</Computer>\n    <Security UserID=\"S-1-5-19\">\n    </Security>\n  </System>\n  <EventData>\n    <Data Name=\"ProviderName\">Microsoft Software Key Storage Provider</Data>\n    <Data Name=\"Flags\">0x40</Data>\n    <Data Name=\"DeletionType\">0x0</Data>\n    <Data Name=\"KeyName\">Microsoft Connected Devices Platform device certificate</Data>\n    <Data Name=\"KeyFileName\">de7cf8a7901d2ad13e5c67c29e5d1662_31383106-803d-411b-9763-a28cdc0f0c3f</Data>\n    <Data Name=\"ProcessName\">C:\\Windows\\System32\\svchost.exe</Data>\n    <Data Name=\"ProcessId\">0x1528</Data>\n    <Data Name=\"ThreadId\">0x358</Data>\n    <Data Name=\"UserId\">S-1-5-19</Data>\n    <Data Name=\"ServiceTag\">CDPSvc</Data>\n    <Data Name=\"Status\">0x0</Data>\n  </EventData>\n</Event>\n",
  "json": "{\"Event\":{\"#attributes\":{\"xmlns\":\"http://schemas.microsoft.com/win/2004/08/events/event\"},\"System\":{\"Provider\":{\"#attributes\":{\"Name\":\"Microsoft-Windows-Crypto-NCrypt\",\"Guid\":\"E8ED09DC-100C-45E2-9FC8-B53399EC1F70\"}},\"EventID\":11,\"Version\":0,\"Level\":5,\"Task\":11,\"Opcode\":0,\"Keywords\":\"0x8000000000000001\",\"TimeCreated\":{\"#attributes\":{\"SystemTime\":\"2023-11-05T22:28:56.224021Z\"}},\"EventRecordID\":29,\"Correlation\":null,\"Execution\":{\"#attributes\":{\"ProcessID\":808,\"ThreadID\":856}},\"Channel\":\"Microsoft-Windows-Crypto-NCrypt/Operational\",\"Computer\":\"WinDev2310Eval\",\"Security\":{\"#attributes\":{\"UserID\":\"S-1-5-19\"}}},\"EventData\":{\"ProviderName\":\"Microsoft Software Key Storage Provider\",\"Flags\":\"0x40\",\"DeletionType\":\"0x0\",\"KeyName\":\"Microsoft Connected Devices Platform device certificate\",\"KeyFileName\":\"de7cf8a7901d2ad13e5c67c29e5d1662_31383106-803d-411b-9763-a28cdc0f0c3f\",\"ProcessName\":\"C:\\\\Windows\\\\System32\\\\svchost.exe\",\"ProcessId\":\"0x1528\",\"ThreadId\":\"0x358\",\"UserId\":\"S-1-5-19\",\"ServiceTag\":\"CDPSvc\",\"Status\":\"0x0\"}}}",
  "xml_fields": {
    "provider": "Microsoft-Windows-Crypto-NCrypt",
    "event_id": "11",
    "timestamp": "2023-11-05T22:28:56.224021Z",
    "event_record_id": "29",
    "level": "5",
    "task": "11",
    "opcode": "0",
    "keywords": "0x8000000000000001",
    "channel": "Microsoft-Windows-Crypto-NCrypt/Operational",
    "computer": "WinDev2310Eval",
    "ProviderName": "Microsoft Software Key Storage Provider",
    "Flags": "0x40",
    "DeletionType": "0x0",
    "KeyName": "Microsoft Connected Devices Platform device certificate",
    "KeyFileName": "de7cf8a7901d2ad13e5c67c29e5d1662_31383106-803d-411b-9763-a28cdc0f0c3f",
    "ProcessName": "C:\\Windows\\System32\\svchost.exe",
    "ProcessId": "0x1528",
    "ThreadId": "0x358",
    "UserId": "S-1-5-19",
    "ServiceTag": "CDPSvc",
    "Status": "0x0"
  },
  "json_fields": {
    "provider": "Microsoft-Windows-Crypto-NCrypt",
    "channel": "Microsoft-Windows-Crypto-NCrypt/Operational",
    "event_id": "11",
    "timestamp": "2023-11-05T22:28:56.224021Z",
    "event_record_id": "29",
    "level": "5",
    "task": "11",
    "opcode": "0",
    "keywords": "0x8000000000000001",
    "computer": "WinDev2310Eval",
    "ProviderName": "Microsoft Software Key Storage Provider",
    "Flags": "0x40",
    "DeletionType": "0x0",
    "KeyName": "Microsoft Connected Devices Platform device certificate",
    "KeyFileName": "de7cf8a7901d2ad13e5c67c29e5d1662_31383106-803d-411b-9763-a28cdc0f0c3f",
    "ProcessName": "C:\\Windows\\System32\\svchost.exe",
    "ProcessId": "0x1528",
    "ThreadId": "0x358",
    "UserId": "S-1-5-19",
    "ServiceTag": "CDPSvc",
    "Status": "0x0"
  }
}