{
  "event_id": "11",
  "provider": "Microsoft-Windows-RPC-Events",
  "channel": "Application",
  "source_file": "D:\\visual code file\\Project_4\\Event-Analyzer\\test\\Benign\\win7-x86\\Application.evtx",
  "event_record_id": 117,
  "xml": "<?xml version=\"1.0\" encoding=\"utf-8\"?>\n<Event xmlns=\"http://schemas.microsoft.com/win/2004/08/events/event\">\n  <System>\n    <Provider Name=\"Microsoft-Windows-RPC-Events\" Guid=\"F4AED7C7-A898-4627-B053-44A7CAA12FCD\">\n    </Provider>\n    <EventID>11</EventID>\n    <Version>0</Version>\n    <Level>3</Level>\n    <Task>0</Task>\n    <Opcode>0</Opcode>\n    <Keywords>0x8000000000000000</Keywords>\n    <TimeCreated SystemTime=\"2022-04-04T10:09:12.967875Z\">\n    </TimeCreated>\n    <EventRecordID>117</EventRecordID>\n    <Correlation>\n    </Correlation>\n    <Execution ProcessID=\"952\" ThreadID=\"276\">\n    </Execution>\n    <Channel>Application</Channel>\n    <Computer>evtx-PC</Computer>\n    <Security UserID=\"S-1-5-19\">\n    </Security>\n  </System>\n  <EventData>\n    <Data Name=\"ApplicationName\">C:\\Windows\\System32\\svchost.exe -k LocalServiceNetworkRestricted</Data>\n    <Data Name=\"ProcessId\">952</Data>\n    <Data Name=\"InterfaceId\">3F31C91E-2545-4B7B-9311-9529E8BFFEF6</Data>\n    <Data Name=\"Method\">10</Data>\n  </EventData>\n</Event>\n",
  "json": "{\"Event\":{\"#attributes\":{\"xmlns\":\"http://schemas.microsoft.com/win/2004/08/events/event\"},\"System\":{\"Provider\":{\"#attributes\":{\"Name\":\"Microsoft-Windows-RPC-Events\",\"Guid\":\"F4AED7C7-A898-4627-B053-44A7CAA12FCD\"}},\"EventID\":11,\"Version\":0,\"Level\":3,\"Task\":0,\"Opcode\":0,\"Keywords\":\"0x8000000000000000\",\"TimeCreated\":{\"#attributes\":{\"SystemTime\":\"2022-04-04T10:09:12.967875Z\"}},\"EventRecordID\":117,\"Correlation\":null,\"Execution\":{\"#attributes\":{\"ProcessID\":952,\"ThreadID\":276}},\"Channel\":\"Application\",\"Computer\":\"evtx-PC\",\"Security\":{\"#attributes\":{\"UserID\":\"S-1-5-19\"}}},\"EventData\":{\"ApplicationName\":\"C:\\\\Windows\\\\System32\\\\svchost.exe -k LocalServiceNetworkRestricted\",\"ProcessId\":\"952\",\"InterfaceId\":\"3F31C91E-2545-4B7B-9311-9529E8BFFEF6\",\"Method\":10}}}",
  "xml_fields": {
    "provider": "Microsoft-Windows-RPC-Events",
    "event_id": "11",
    "timestamp": "2022-04-04T10:09:12.967875Z",
    "event_record_id": "117",
    "level": "3",
    "task": "0",
    "opcode": "0",
    "keywords": "0x8000000000000000",
    "channel": "Application",
    "computer": "evtx-PC",
    "ApplicationName": "C:\\Windows\\System32\\svchost.exe -k LocalServiceNetworkRestricted",
    "ProcessId": "952",
    "InterfaceId": "3F31C91E-2545-4B7B-9311-9529E8BFFEF6",
    "Method": "10"
  },
  "json_fields": {
    "provider": "Microsoft-Windows-RPC-Events",
    "channel": "Application",
    "event_id": "11",
    "timestamp": "2022-04-04T10:09:12.967875Z",
    "event_record_id": "117",
    "level": "3",
    "task": "0",
    "opcode": "0",
    "keywords": "0x8000000000000000",
    "computer": "evtx-PC",
    "ApplicationName": "C:\\Windows\\System32\\svchost.exe -k LocalServiceNetworkRestricted",
    "ProcessId": "952",
    "InterfaceId": "3F31C91E-2545-4B7B-9311-9529E8BFFEF6",
    "Method": "10"
  }
}