{
  "event_id": "1205",
  "provider": "Microsoft-Windows-PushNotifications-Platform",
  "channel": "Microsoft-Windows-PushNotification-Platform/Operational",
  "source_file": "D:\\visual code file\\Project_4\\Event-Analyzer\\test\\Logs\\Microsoft-Windows-PushNotification-Platform%4Operational.evtx",
  "event_record_id": 536,
  "xml": "<?xml version=\"1.0\" encoding=\"utf-8\"?>\n<Event xmlns=\"http://schemas.microsoft.com/win/2004/08/events/event\">\n  <System>\n    <Provider Name=\"Microsoft-Windows-PushNotifications-Platform\" Guid=\"88CD9180-4491-4640-B571-E3BEE2527943\">\n    </Provider>\n    <EventID>1205</EventID>\n    <Version>0</Version>\n    <Level>4</Level>\n    <Task>8</Task>\n    <Opcode>1</Opcode>\n    <Keywords>0x8000000000600000</Keywords>\n    <TimeCreated SystemTime=\"2025-01-06T12:18:03.953440Z\">\n    </TimeCreated>\n    <EventRecordID>536</EventRecordID>\n    <Correlation>\n    </Correlation>\n    <Execution ProcessID=\"2812\" ThreadID=\"1644\">\n    </Execution>\n    <Channel>Microsoft-Windows-PushNotification-Platform/Operational</Channel>\n    <Computer>DESKTOP-P9H5FTA</Computer>\n    <Security UserID=\"S-1-5-18\">\n    </Security>\n  </System>\n  <EventData>\n    <Data Name=\"ConnectionType\">1</Data>\n  </EventData>\n</Event>\n",
  "json": "{\"Event\":{\"#attributes\":{\"xmlns\":\"http://schemas.microsoft.com/win/2004/08/events/event\"},\"System\":{\"Provider\":{\"#attributes\":{\"Name\":\"Microsoft-Windows-PushNotifications-Platform\",\"Guid\":\"88CD9180-4491-4640-B571-E3BEE2527943\"}},\"EventID\":1205,\"Version\":0,\"Level\":4,\"Task\":8,\"Opcode\":1,\"Keywords\":\"0x8000000000600000\",\"TimeCreated\":{\"#attributes\":{\"SystemTime\":\"2025-01-06T12:18:03.953440Z\"}},\"EventRecordID\":536,\"Correlation\":null,\"Execution\":{\"#attributes\":{\"ProcessID\":2812,\"ThreadID\":1644}},\"Channel\":\"Microsoft-Windows-PushNotification-Platform/Operational\",\"Computer\":\"DESKTOP-P9H5FTA\",\"Security\":{\"#attributes\":{\"UserID\":\"S-1-5-18\"}}},\"EventData\":{\"ConnectionType\":1}}}",
  "xml_fields": {
    "provider": "Microsoft-Windows-PushNotifications-Platform",
    "event_id": "1205",
    "timestamp": "2025-01-06T12:18:03.953440Z",
    "event_record_id": "536",
    "level": "4",
    "task": "8",
    "opcode": "1",
    "keywords": "0x8000000000600000",
    "channel": "Microsoft-Windows-PushNotification-Platform/Operational",
    "computer": "DESKTOP-P9H5FTA",
    "ConnectionType": "1"
  },
  "json_fields": {
    "provider": "Microsoft-Windows-PushNotifications-Platform",
    "channel": "Microsoft-Windows-PushNotification-Platform/Operational",
    "event_id": "1205",
    "timestamp": "2025-01-06T12:18:03.953440Z",
    "event_record_id": "536",
    "level": "4",
    "task": "8",
    "opcode": "1",
    "keywords": "0x8000000000600000",
    "computer": "DESKTOP-P9H5FTA",
    "ConnectionType": "1"
  }
}