{
  "event_id": "1206",
  "provider": "Microsoft-Windows-PushNotifications-Platform",
  "channel": "Microsoft-Windows-PushNotification-Platform/Operational",
  "source_file": "D:\\visual code file\\Project_4\\Event-Analyzer\\test\\Benign\\Logs_Client\\Microsoft-Windows-PushNotification-Platform%4Operational.evtx",
  "event_record_id": 481,
  "xml": "<?xml version=\"1.0\" encoding=\"utf-8\"?>\n<Event xmlns=\"http://schemas.microsoft.com/win/2004/08/events/event\">\n  <System>\n    <Provider Name=\"Microsoft-Windows-PushNotifications-Platform\" Guid=\"88CD9180-4491-4640-B571-E3BEE2527943\">\n    </Provider>\n    <EventID>1206</EventID>\n    <Version>0</Version>\n    <Level>4</Level>\n    <Task>8</Task>\n    <Opcode>2</Opcode>\n    <Keywords>0x8000000000600000</Keywords>\n    <TimeCreated SystemTime=\"2022-02-07T15:08:58.659083Z\">\n    </TimeCreated>\n    <EventRecordID>481</EventRecordID>\n    <Correlation>\n    </Correlation>\n    <Execution ProcessID=\"944\" ThreadID=\"1384\">\n    </Execution>\n    <Channel>Microsoft-Windows-PushNotification-Platform/Operational</Channel>\n    <Computer>DESKTOP-A8CALR3</Computer>\n    <Security UserID=\"S-1-5-18\">\n    </Security>\n  </System>\n  <EventData>\n    <Data Name=\"ConnectionType\">0</Data>\n  </EventData>\n</Event>\n",
  "json": "{\"Event\":{\"#attributes\":{\"xmlns\":\"http://schemas.microsoft.com/win/2004/08/events/event\"},\"System\":{\"Provider\":{\"#attributes\":{\"Name\":\"Microsoft-Windows-PushNotifications-Platform\",\"Guid\":\"88CD9180-4491-4640-B571-E3BEE2527943\"}},\"EventID\":1206,\"Version\":0,\"Level\":4,\"Task\":8,\"Opcode\":2,\"Keywords\":\"0x8000000000600000\",\"TimeCreated\":{\"#attributes\":{\"SystemTime\":\"2022-02-07T15:08:58.659083Z\"}},\"EventRecordID\":481,\"Correlation\":null,\"Execution\":{\"#attributes\":{\"ProcessID\":944,\"ThreadID\":1384}},\"Channel\":\"Microsoft-Windows-PushNotification-Platform/Operational\",\"Computer\":\"DESKTOP-A8CALR3\",\"Security\":{\"#attributes\":{\"UserID\":\"S-1-5-18\"}}},\"EventData\":{\"ConnectionType\":0}}}",
  "xml_fields": {
    "provider": "Microsoft-Windows-PushNotifications-Platform",
    "event_id": "1206",
    "timestamp": "2022-02-07T15:08:58.659083Z",
    "event_record_id": "481",
    "level": "4",
    "task": "8",
    "opcode": "2",
    "keywords": "0x8000000000600000",
    "channel": "Microsoft-Windows-PushNotification-Platform/Operational",
    "computer": "DESKTOP-A8CALR3",
    "ConnectionType": "0"
  },
  "json_fields": {
    "provider": "Microsoft-Windows-PushNotifications-Platform",
    "channel": "Microsoft-Windows-PushNotification-Platform/Operational",
    "event_id": "1206",
    "timestamp": "2022-02-07T15:08:58.659083Z",
    "event_record_id": "481",
    "level": "4",
    "task": "8",
    "opcode": "2",
    "keywords": "0x8000000000600000",
    "computer": "DESKTOP-A8CALR3",
    "ConnectionType": "0"
  }
}