{
  "event_id": "1207",
  "provider": "Microsoft-Windows-PushNotifications-Platform",
  "channel": "Microsoft-Windows-PushNotification-Platform/Operational",
  "source_file": "D:\\visual code file\\Project_4\\Event-Analyzer\\test\\Logs\\Microsoft-Windows-PushNotification-Platform%4Operational.evtx",
  "event_record_id": 1618,
  "xml": "<?xml version=\"1.0\" encoding=\"utf-8\"?>\n<Event xmlns=\"http://schemas.microsoft.com/win/2004/08/events/event\">\n  <System>\n    <Provider Name=\"Microsoft-Windows-PushNotifications-Platform\" Guid=\"88CD9180-4491-4640-B571-E3BEE2527943\">\n    </Provider>\n    <EventID>1207</EventID>\n    <Version>0</Version>\n    <Level>4</Level>\n    <Task>9</Task>\n    <Opcode>1</Opcode>\n    <Keywords>0x8000000000418000</Keywords>\n    <TimeCreated SystemTime=\"2025-01-24T10:53:21.555743Z\">\n    </TimeCreated>\n    <EventRecordID>1618</EventRecordID>\n    <Correlation>\n    </Correlation>\n    <Execution ProcessID=\"3024\" ThreadID=\"8364\">\n    </Execution>\n    <Channel>Microsoft-Windows-PushNotification-Platform/Operational</Channel>\n    <Computer>CTO-FILESVR</Computer>\n    <Security UserID=\"S-1-5-18\">\n    </Security>\n  </System>\n  <EventData>\n    <Data Name=\"ConnectionType\">0</Data>\n    <Data Name=\"HostName\">client.wns.windows.com</Data>\n  </EventData>\n</Event>\n",
  "json": "{\"Event\":{\"#attributes\":{\"xmlns\":\"http://schemas.microsoft.com/win/2004/08/events/event\"},\"System\":{\"Provider\":{\"#attributes\":{\"Name\":\"Microsoft-Windows-PushNotifications-Platform\",\"Guid\":\"88CD9180-4491-4640-B571-E3BEE2527943\"}},\"EventID\":1207,\"Version\":0,\"Level\":4,\"Task\":9,\"Opcode\":1,\"Keywords\":\"0x8000000000418000\",\"TimeCreated\":{\"#attributes\":{\"SystemTime\":\"2025-01-24T10:53:21.555743Z\"}},\"EventRecordID\":1618,\"Correlation\":null,\"Execution\":{\"#attributes\":{\"ProcessID\":3024,\"ThreadID\":8364}},\"Channel\":\"Microsoft-Windows-PushNotification-Platform/Operational\",\"Computer\":\"CTO-FILESVR\",\"Security\":{\"#attributes\":{\"UserID\":\"S-1-5-18\"}}},\"EventData\":{\"ConnectionType\":0,\"HostName\":\"client.wns.windows.com\"}}}",
  "xml_fields": {
    "provider": "Microsoft-Windows-PushNotifications-Platform",
    "event_id": "1207",
    "timestamp": "2025-01-24T10:53:21.555743Z",
    "event_record_id": "1618",
    "level": "4",
    "task": "9",
    "opcode": "1",
    "keywords": "0x8000000000418000",
    "channel": "Microsoft-Windows-PushNotification-Platform/Operational",
    "computer": "CTO-FILESVR",
    "ConnectionType": "0",
    "HostName": "client.wns.windows.com"
  },
  "json_fields": {
    "provider": "Microsoft-Windows-PushNotifications-Platform",
    "channel": "Microsoft-Windows-PushNotification-Platform/Operational",
    "event_id": "1207",
    "timestamp": "2025-01-24T10:53:21.555743Z",
    "event_record_id": "1618",
    "level": "4",
    "task": "9",
    "opcode": "1",
    "keywords": "0x8000000000418000",
    "computer": "CTO-FILESVR",
    "ConnectionType": "0",
    "HostName": "client.wns.windows.com"
  }
}