{
  "event_id": "120",
  "provider": "Microsoft-Windows-ServerManager-MultiMachine",
  "channel": "Microsoft-Windows-ServerManager-MultiMachine/Operational",
  "source_file": "D:\\visual code file\\Project_4\\Event-Analyzer\\test\\Benign\\win2022-0-20348-azure\\Microsoft-Windows-ServerManager-MultiMachine%4Operational.evtx",
  "event_record_id": 930,
  "xml": "<?xml version=\"1.0\" encoding=\"utf-8\"?>\n<Event xmlns=\"http://schemas.microsoft.com/win/2004/08/events/event\">\n  <System>\n    <Provider Name=\"Microsoft-Windows-ServerManager-MultiMachine\" Guid=\"D8D37081-10BD-4A89-A971-1CDA6899BDB3\">\n    </Provider>\n    <EventID>120</EventID>\n    <Version>0</Version>\n    <Level>4</Level>\n    <Task>13</Task>\n    <Opcode>0</Opcode>\n    <Keywords>0x2000000000000000</Keywords>\n    <TimeCreated SystemTime=\"2022-09-18T09:55:54.428067Z\">\n    </TimeCreated>\n    <EventRecordID>930</EventRecordID>\n    <Correlation>\n    </Correlation>\n    <Execution ProcessID=\"6028\" ThreadID=\"6032\">\n    </Execution>\n    <Channel>Microsoft-Windows-ServerManager-MultiMachine/Operational</Channel>\n    <Computer>Agamemnon</Computer>\n    <Security UserID=\"S-1-5-21-3574161147-2844031704-266979156-500\">\n    </Security>\n  </System>\n  <EventData>\n    <Data Name=\"Description\">Configure the role</Data>\n    <Data Name=\"Source\">Wizard</Data>\n  </EventData>\n</Event>\n",
  "json": "{\"Event\":{\"#attributes\":{\"xmlns\":\"http://schemas.microsoft.com/win/2004/08/events/event\"},\"System\":{\"Provider\":{\"#attributes\":{\"Name\":\"Microsoft-Windows-ServerManager-MultiMachine\",\"Guid\":\"D8D37081-10BD-4A89-A971-1CDA6899BDB3\"}},\"EventID\":120,\"Version\":0,\"Level\":4,\"Task\":13,\"Opcode\":0,\"Keywords\":\"0x2000000000000000\",\"TimeCreated\":{\"#attributes\":{\"SystemTime\":\"2022-09-18T09:55:54.428067Z\"}},\"EventRecordID\":930,\"Correlation\":null,\"Execution\":{\"#attributes\":{\"ProcessID\":6028,\"ThreadID\":6032}},\"Channel\":\"Microsoft-Windows-ServerManager-MultiMachine/Operational\",\"Computer\":\"Agamemnon\",\"Security\":{\"#attributes\":{\"UserID\":\"S-1-5-21-3574161147-2844031704-266979156-500\"}}},\"EventData\":{\"Description\":\"Configure the role\",\"Source\":\"Wizard\"}}}",
  "xml_fields": {
    "provider": "Microsoft-Windows-ServerManager-MultiMachine",
    "event_id": "120",
    "timestamp": "2022-09-18T09:55:54.428067Z",
    "event_record_id": "930",
    "level": "4",
    "task": "13",
    "opcode": "0",
    "keywords": "0x2000000000000000",
    "channel": "Microsoft-Windows-ServerManager-MultiMachine/Operational",
    "computer": "Agamemnon",
    "Description": "Configure the role",
    "Source": "Wizard"
  },
  "json_fields": {
    "provider": "Microsoft-Windows-ServerManager-MultiMachine",
    "channel": "Microsoft-Windows-ServerManager-MultiMachine/Operational",
    "event_id": "120",
    "timestamp": "2022-09-18T09:55:54.428067Z",
    "event_record_id": "930",
    "level": "4",
    "task": "13",
    "opcode": "0",
    "keywords": "0x2000000000000000",
    "computer": "Agamemnon",
    "Description": "Configure the role",
    "Source": "Wizard"
  }
}