{
  "event_id": "120",
  "provider": "Microsoft-Windows-Diagnosis-DPS",
  "channel": "Microsoft-Windows-Diagnosis-DPS/Operational",
  "source_file": "D:\\visual code file\\Project_4\\Event-Analyzer\\test\\Benign\\Logs_Win11_2023\\Microsoft-Windows-Diagnosis-DPS%4Operational.evtx",
  "event_record_id": 34,
  "xml": "<?xml version=\"1.0\" encoding=\"utf-8\"?>\n<Event xmlns=\"http://schemas.microsoft.com/win/2004/08/events/event\">\n  <System>\n    <Provider Name=\"Microsoft-Windows-Diagnosis-DPS\" Guid=\"6BBA3851-2C7E-4DEA-8F54-31E5AFD029E3\">\n    </Provider>\n    <EventID>120</EventID>\n    <Version>0</Version>\n    <Level>4</Level>\n    <Task>1</Task>\n    <Opcode>16</Opcode>\n    <Keywords>0x4000000800000000</Keywords>\n    <TimeCreated SystemTime=\"2023-10-25T22:50:15.569431Z\">\n    </TimeCreated>\n    <EventRecordID>34</EventRecordID>\n    <Correlation ActivityID=\"13443185-CF4B-4989-8B2A-A73BBD6A6B1A\">\n    </Correlation>\n    <Execution ProcessID=\"2912\" ThreadID=\"3572\">\n    </Execution>\n    <Channel>Microsoft-Windows-Diagnosis-DPS/Operational</Channel>\n    <Computer>WinDevEval</Computer>\n    <Security UserID=\"S-1-5-19\">\n    </Security>\n  </System>\n  <EventData>\n    <Data Name=\"ScenarioId\">3A5D4378-9D2F-4393-B1E5-34F5FA9A1140</Data>\n    <Data Name=\"InstanceId\">13443185-CF4B-4989-8B2A-A73BBD6A6B1A</Data>\n    <Data Name=\"OriginalActivityId\">8E76E1FB-2E89-4557-8E7A-927267F0975C</Data>\n    <Data Name=\"DiagnosticModuleImageName\">%SystemRoot%\\system32\\diagperf.dll</Data>\n    <Data Name=\"ResolutionId\">B171AB1C-60E9-4301-A338-BEAB1C70B3E9</Data>\n    <Data Name=\"ResolutionSID\">S-1-1-0</Data>\n    <Data Name=\"ResolutionSessionId\">0</Data>\n    <Data Name=\"ResolutionExpirationDate\">2024-01-23T22:50:15.559312Z</Data>\n    <Data Name=\"DiagnosticModuleId\">B171AB1C-60E9-4301-A338-BEAB1C70B3E9</Data>\n  </EventData>\n</Event>\n",
  "json": "{\"Event\":{\"#attributes\":{\"xmlns\":\"http://schemas.microsoft.com/win/2004/08/events/event\"},\"System\":{\"Provider\":{\"#attributes\":{\"Name\":\"Microsoft-Windows-Diagnosis-DPS\",\"Guid\":\"6BBA3851-2C7E-4DEA-8F54-31E5AFD029E3\"}},\"EventID\":120,\"Version\":0,\"Level\":4,\"Task\":1,\"Opcode\":16,\"Keywords\":\"0x4000000800000000\",\"TimeCreated\":{\"#attributes\":{\"SystemTime\":\"2023-10-25T22:50:15.569431Z\"}},\"EventRecordID\":34,\"Correlation\":{\"#attributes\":{\"ActivityID\":\"13443185-CF4B-4989-8B2A-A73BBD6A6B1A\"}},\"Execution\":{\"#attributes\":{\"ProcessID\":2912,\"ThreadID\":3572}},\"Channel\":\"Microsoft-Windows-Diagnosis-DPS/Operational\",\"Computer\":\"WinDevEval\",\"Security\":{\"#attributes\":{\"UserID\":\"S-1-5-19\"}}},\"EventData\":{\"ScenarioId\":\"3A5D4378-9D2F-4393-B1E5-34F5FA9A1140\",\"InstanceId\":\"13443185-CF4B-4989-8B2A-A73BBD6A6B1A\",\"OriginalActivityId\":\"8E76E1FB-2E89-4557-8E7A-927267F0975C\",\"DiagnosticModuleImageName\":\"%SystemRoot%\\\\system32\\\\diagperf.dll\",\"ResolutionId\":\"B171AB1C-60E9-4301-A338-BEAB1C70B3E9\",\"ResolutionSID\":\"S-1-1-0\",\"ResolutionSessionId\":0,\"ResolutionExpirationDate\":\"2024-01-23T22:50:15.559312Z\",\"DiagnosticModuleId\":\"B171AB1C-60E9-4301-A338-BEAB1C70B3E9\"}}}",
  "xml_fields": {
    "provider": "Microsoft-Windows-Diagnosis-DPS",
    "event_id": "120",
    "timestamp": "2023-10-25T22:50:15.569431Z",
    "event_record_id": "34",
    "level": "4",
    "task": "1",
    "opcode": "16",
    "keywords": "0x4000000800000000",
    "channel": "Microsoft-Windows-Diagnosis-DPS/Operational",
    "computer": "WinDevEval",
    "ScenarioId": "3A5D4378-9D2F-4393-B1E5-34F5FA9A1140",
    "InstanceId": "13443185-CF4B-4989-8B2A-A73BBD6A6B1A",
    "OriginalActivityId": "8E76E1FB-2E89-4557-8E7A-927267F0975C",
    "DiagnosticModuleImageName": "%SystemRoot%\\system32\\diagperf.dll",
    "ResolutionId": "B171AB1C-60E9-4301-A338-BEAB1C70B3E9",
    "ResolutionSID": "S-1-1-0",
    "ResolutionSessionId": "0",
    "ResolutionExpirationDate": "2024-01-23T22:50:15.559312Z",
    "DiagnosticModuleId": "B171AB1C-60E9-4301-A338-BEAB1C70B3E9"
  },
  "json_fields": {
    "provider": "Microsoft-Windows-Diagnosis-DPS",
    "channel": "Microsoft-Windows-Diagnosis-DPS/Operational",
    "event_id": "120",
    "timestamp": "2023-10-25T22:50:15.569431Z",
    "event_record_id": "34",
    "level": "4",
    "task": "1",
    "opcode": "16",
    "keywords": "0x4000000800000000",
    "computer": "WinDevEval",
    "ScenarioId": "3A5D4378-9D2F-4393-B1E5-34F5FA9A1140",
    "InstanceId": "13443185-CF4B-4989-8B2A-A73BBD6A6B1A",
    "OriginalActivityId": "8E76E1FB-2E89-4557-8E7A-927267F0975C",
    "DiagnosticModuleImageName": "%SystemRoot%\\system32\\diagperf.dll",
    "ResolutionId": "B171AB1C-60E9-4301-A338-BEAB1C70B3E9",
    "ResolutionSID": "S-1-1-0",
    "ResolutionSessionId": "0",
    "ResolutionExpirationDate": "2024-01-23T22:50:15.559312Z",
    "DiagnosticModuleId": "B171AB1C-60E9-4301-A338-BEAB1C70B3E9"
  }
}