{
  "event_id": "1215",
  "provider": "Microsoft-Windows-AAD",
  "channel": "Microsoft-Windows-AAD/Operational",
  "source_file": "D:\\visual code file\\Project_4\\Event-Analyzer\\test\\Benign\\Logs_Win11\\Microsoft-Windows-AAD%4Operational.evtx",
  "event_record_id": 1,
  "xml": "<?xml version=\"1.0\" encoding=\"utf-8\"?>\n<Event xmlns=\"http://schemas.microsoft.com/win/2004/08/events/event\">\n  <System>\n    <Provider Name=\"Microsoft-Windows-AAD\" Guid=\"4DE9BC9C-B27A-43C9-8994-0915F1A5E24F\">\n    </Provider>\n    <EventID>1215</EventID>\n    <Version>0</Version>\n    <Level>2</Level>\n    <Task>107</Task>\n    <Opcode>2</Opcode>\n    <Keywords>0x4000000000000012</Keywords>\n    <TimeCreated SystemTime=\"2022-03-01T16:42:16.378763Z\">\n    </TimeCreated>\n    <EventRecordID>1</EventRecordID>\n    <Correlation>\n    </Correlation>\n    <Execution ProcessID=\"2920\" ThreadID=\"3352\">\n    </Execution>\n    <Channel>Microsoft-Windows-AAD/Operational</Channel>\n    <Computer>WIN-KPO4DDU11AB</Computer>\n    <Security UserID=\"S-1-5-18\">\n    </Security>\n  </System>\n  <EventData>\n    <Data Name=\"Result\">-2147186428</Data>\n  </EventData>\n</Event>\n",
  "json": "{\"Event\":{\"#attributes\":{\"xmlns\":\"http://schemas.microsoft.com/win/2004/08/events/event\"},\"System\":{\"Provider\":{\"#attributes\":{\"Name\":\"Microsoft-Windows-AAD\",\"Guid\":\"4DE9BC9C-B27A-43C9-8994-0915F1A5E24F\"}},\"EventID\":1215,\"Version\":0,\"Level\":2,\"Task\":107,\"Opcode\":2,\"Keywords\":\"0x4000000000000012\",\"TimeCreated\":{\"#attributes\":{\"SystemTime\":\"2022-03-01T16:42:16.378763Z\"}},\"EventRecordID\":1,\"Correlation\":null,\"Execution\":{\"#attributes\":{\"ProcessID\":2920,\"ThreadID\":3352}},\"Channel\":\"Microsoft-Windows-AAD/Operational\",\"Computer\":\"WIN-KPO4DDU11AB\",\"Security\":{\"#attributes\":{\"UserID\":\"S-1-5-18\"}}},\"EventData\":{\"Result\":-2147186428}}}",
  "xml_fields": {
    "provider": "Microsoft-Windows-AAD",
    "event_id": "1215",
    "timestamp": "2022-03-01T16:42:16.378763Z",
    "event_record_id": "1",
    "level": "2",
    "task": "107",
    "opcode": "2",
    "keywords": "0x4000000000000012",
    "channel": "Microsoft-Windows-AAD/Operational",
    "computer": "WIN-KPO4DDU11AB",
    "Result": "-2147186428"
  },
  "json_fields": {
    "provider": "Microsoft-Windows-AAD",
    "channel": "Microsoft-Windows-AAD/Operational",
    "event_id": "1215",
    "timestamp": "2022-03-01T16:42:16.378763Z",
    "event_record_id": "1",
    "level": "2",
    "task": "107",
    "opcode": "2",
    "keywords": "0x4000000000000012",
    "computer": "WIN-KPO4DDU11AB",
    "Result": "-2147186428"
  }
}