{
  "event_id": "1223",
  "provider": "Microsoft-Windows-PushNotifications-Platform",
  "channel": "Microsoft-Windows-PushNotification-Platform/Operational",
  "source_file": "D:\\visual code file\\Project_4\\Event-Analyzer\\test\\Logs\\Microsoft-Windows-PushNotification-Platform%4Operational.evtx",
  "event_record_id": 1627,
  "xml": "<?xml version=\"1.0\" encoding=\"utf-8\"?>\n<Event xmlns=\"http://schemas.microsoft.com/win/2004/08/events/event\">\n  <System>\n    <Provider Name=\"Microsoft-Windows-PushNotifications-Platform\" Guid=\"88CD9180-4491-4640-B571-E3BEE2527943\">\n    </Provider>\n    <EventID>1223</EventID>\n    <Version>0</Version>\n    <Level>5</Level>\n    <Task>0</Task>\n    <Opcode>0</Opcode>\n    <Keywords>0x8000000006400000</Keywords>\n    <TimeCreated SystemTime=\"2025-01-24T10:53:21.811800Z\">\n    </TimeCreated>\n    <EventRecordID>1627</EventRecordID>\n    <Correlation>\n    </Correlation>\n    <Execution ProcessID=\"3024\" ThreadID=\"8364\">\n    </Execution>\n    <Channel>Microsoft-Windows-PushNotification-Platform/Operational</Channel>\n    <Computer>CTO-FILESVR</Computer>\n    <Security UserID=\"S-1-5-18\">\n    </Security>\n  </System>\n  <EventData>\n    <Data Name=\"Verb\">CNT</Data>\n    <Data Name=\"TrID\">1</Data>\n    <Data Name=\"Namespace\">CON</Data>\n    <Data Name=\"CorrelationVector\">Lmu+b3pH8k2qSZqZ.1</Data>\n    <Data Name=\"Bytes\">278</Data>\n    <Data Name=\"Payload\">436F6E746578743A20323032633931353061353030316334310D0A0D0A3C636F6E6E6563743E3C7665723E323C2F7665723E3C6167656E743E3C6F733E57696E646F77733C2F6F733E3C6F735665723E31302E302E302E302E31393034353C2F6F735665723E3C70726F633E7836343C2F70726F633E3C6C6369643E656E2D55533C2F6C6369643E3C67656F49643E3234343C2F67656F49643E3C616F61633E303C2F616F61633E3C646576696365547970653E313C2F646576696365547970653E3C6465766963654E616D653E564D7761726532302C313C2F6465766963654E616D653E3C666F6C6C6F7752657472793E747275653C2F666F6C6C6F7752657472793E3C2F6167656E743E3C2F636F6E6E6563743E</Data>\n    <Data Name=\"ConnectionType\">0</Data>\n  </EventData>\n</Event>\n",
  "json": "{\"Event\":{\"#attributes\":{\"xmlns\":\"http://schemas.microsoft.com/win/2004/08/events/event\"},\"System\":{\"Provider\":{\"#attributes\":{\"Name\":\"Microsoft-Windows-PushNotifications-Platform\",\"Guid\":\"88CD9180-4491-4640-B571-E3BEE2527943\"}},\"EventID\":1223,\"Version\":0,\"Level\":5,\"Task\":0,\"Opcode\":0,\"Keywords\":\"0x8000000006400000\",\"TimeCreated\":{\"#attributes\":{\"SystemTime\":\"2025-01-24T10:53:21.811800Z\"}},\"EventRecordID\":1627,\"Correlation\":null,\"Execution\":{\"#attributes\":{\"ProcessID\":3024,\"ThreadID\":8364}},\"Channel\":\"Microsoft-Windows-PushNotification-Platform/Operational\",\"Computer\":\"CTO-FILESVR\",\"Security\":{\"#attributes\":{\"UserID\":\"S-1-5-18\"}}},\"EventData\":{\"Verb\":\"CNT\",\"TrID\":1,\"Namespace\":\"CON\",\"CorrelationVector\":\"Lmu+b3pH8k2qSZqZ.1\",\"Bytes\":278,\"Payload\":\"436F6E746578743A20323032633931353061353030316334310D0A0D0A3C636F6E6E6563743E3C7665723E323C2F7665723E3C6167656E743E3C6F733E57696E646F77733C2F6F733E3C6F735665723E31302E302E302E302E31393034353C2F6F735665723E3C70726F633E7836343C2F70726F633E3C6C6369643E656E2D55533C2F6C6369643E3C67656F49643E3234343C2F67656F49643E3C616F61633E303C2F616F61633E3C646576696365547970653E313C2F646576696365547970653E3C6465766963654E616D653E564D7761726532302C313C2F6465766963654E616D653E3C666F6C6C6F7752657472793E747275653C2F666F6C6C6F7752657472793E3C2F6167656E743E3C2F636F6E6E6563743E\",\"ConnectionType\":0}}}",
  "xml_fields": {
    "provider": "Microsoft-Windows-PushNotifications-Platform",
    "event_id": "1223",
    "timestamp": "2025-01-24T10:53:21.811800Z",
    "event_record_id": "1627",
    "level": "5",
    "task": "0",
    "opcode": "0",
    "keywords": "0x8000000006400000",
    "channel": "Microsoft-Windows-PushNotification-Platform/Operational",
    "computer": "CTO-FILESVR",
    "Verb": "CNT",
    "TrID": "1",
    "Namespace": "CON",
    "CorrelationVector": "Lmu+b3pH8k2qSZqZ.1",
    "Bytes": "278",
    "Payload": "436F6E746578743A20323032633931353061353030316334310D0A0D0A3C636F6E6E6563743E3C7665723E323C2F7665723E3C6167656E743E3C6F733E57696E646F77733C2F6F733E3C6F735665723E31302E302E302E302E31393034353C2F6F735665723E3C70726F633E7836343C2F70726F633E3C6C6369643E656E2D55533C2F6C6369643E3C67656F49643E3234343C2F67656F49643E3C616F61633E303C2F616F61633E3C646576696365547970653E313C2F646576696365547970653E3C6465766963654E616D653E564D7761726532302C313C2F6465766963654E616D653E3C666F6C6C6F7752657472793E747275653C2F666F6C6C6F7752657472793E3C2F6167656E743E3C2F636F6E6E6563743E",
    "ConnectionType": "0"
  },
  "json_fields": {
    "provider": "Microsoft-Windows-PushNotifications-Platform",
    "channel": "Microsoft-Windows-PushNotification-Platform/Operational",
    "event_id": "1223",
    "timestamp": "2025-01-24T10:53:21.811800Z",
    "event_record_id": "1627",
    "level": "5",
    "task": "0",
    "opcode": "0",
    "keywords": "0x8000000006400000",
    "computer": "CTO-FILESVR",
    "Verb": "CNT",
    "TrID": "1",
    "Namespace": "CON",
    "CorrelationVector": "Lmu+b3pH8k2qSZqZ.1",
    "Bytes": "278",
    "Payload": "436F6E746578743A20323032633931353061353030316334310D0A0D0A3C636F6E6E6563743E3C7665723E323C2F7665723E3C6167656E743E3C6F733E57696E646F77733C2F6F733E3C6F735665723E31302E302E302E302E31393034353C2F6F735665723E3C70726F633E7836343C2F70726F633E3C6C6369643E656E2D55533C2F6C6369643E3C67656F49643E3234343C2F67656F49643E3C616F61633E303C2F616F61633E3C646576696365547970653E313C2F646576696365547970653E3C6465766963654E616D653E564D7761726532302C313C2F6465766963654E616D653E3C666F6C6C6F7752657472793E747275653C2F666F6C6C6F7752657472793E3C2F6167656E743E3C2F636F6E6E6563743E",
    "ConnectionType": "0"
  }
}