{
  "event_id": "12289",
  "provider": "Microsoft-Windows-Crypto-DPAPI",
  "channel": "Microsoft-Windows-Crypto-DPAPI/Operational",
  "source_file": "D:\\visual code file\\Project_4\\Event-Analyzer\\test\\Logs\\Microsoft-Windows-Crypto-DPAPI%4Operational.evtx",
  "event_record_id": 3,
  "xml": "<?xml version=\"1.0\" encoding=\"utf-8\"?>\n<Event xmlns=\"http://schemas.microsoft.com/win/2004/08/events/event\">\n  <System>\n    <Provider Name=\"Microsoft-Windows-Crypto-DPAPI\" Guid=\"89FE8F40-CDCE-464E-8217-15EF97D4C7C3\">\n    </Provider>\n    <EventID>12289</EventID>\n    <Version>0</Version>\n    <Level>4</Level>\n    <Task>8</Task>\n    <Opcode>0</Opcode>\n    <Keywords>0x8000000000000008</Keywords>\n    <TimeCreated SystemTime=\"2024-11-05T01:34:15.310280Z\">\n    </TimeCreated>\n    <EventRecordID>3</EventRecordID>\n    <Correlation ActivityID=\"CC60C7CA-2F22-0000-8AC8-60CC222FDB01\">\n    </Correlation>\n    <Execution ProcessID=\"652\" ThreadID=\"752\">\n    </Execution>\n    <Channel>Microsoft-Windows-Crypto-DPAPI/Operational</Channel>\n    <Computer>DESKTOP-P9H5FTA</Computer>\n    <Security UserID=\"S-1-5-18\">\n    </Security>\n  </System>\n  <EventData>\n    <Data Name=\"CredKeyIdentifier\">5C32F1C04E43821C31DD8528932E9DA00F58EBEFF8772726A217B82B7061E523</Data>\n    <Data Name=\"UserName\">defaultuser0</Data>\n    <Data Name=\"UserSid\">S-1-5-21-3088055692-629932344-1786574096-1000</Data>\n  </EventData>\n</Event>\n",
  "json": "{\"Event\":{\"#attributes\":{\"xmlns\":\"http://schemas.microsoft.com/win/2004/08/events/event\"},\"System\":{\"Provider\":{\"#attributes\":{\"Name\":\"Microsoft-Windows-Crypto-DPAPI\",\"Guid\":\"89FE8F40-CDCE-464E-8217-15EF97D4C7C3\"}},\"EventID\":12289,\"Version\":0,\"Level\":4,\"Task\":8,\"Opcode\":0,\"Keywords\":\"0x8000000000000008\",\"TimeCreated\":{\"#attributes\":{\"SystemTime\":\"2024-11-05T01:34:15.310280Z\"}},\"EventRecordID\":3,\"Correlation\":{\"#attributes\":{\"ActivityID\":\"CC60C7CA-2F22-0000-8AC8-60CC222FDB01\"}},\"Execution\":{\"#attributes\":{\"ProcessID\":652,\"ThreadID\":752}},\"Channel\":\"Microsoft-Windows-Crypto-DPAPI/Operational\",\"Computer\":\"DESKTOP-P9H5FTA\",\"Security\":{\"#attributes\":{\"UserID\":\"S-1-5-18\"}}},\"EventData\":{\"CredKeyIdentifier\":\"5C32F1C04E43821C31DD8528932E9DA00F58EBEFF8772726A217B82B7061E523\",\"UserName\":\"defaultuser0\",\"UserSid\":\"S-1-5-21-3088055692-629932344-1786574096-1000\"}}}",
  "xml_fields": {
    "provider": "Microsoft-Windows-Crypto-DPAPI",
    "event_id": "12289",
    "timestamp": "2024-11-05T01:34:15.310280Z",
    "event_record_id": "3",
    "level": "4",
    "task": "8",
    "opcode": "0",
    "keywords": "0x8000000000000008",
    "channel": "Microsoft-Windows-Crypto-DPAPI/Operational",
    "computer": "DESKTOP-P9H5FTA",
    "CredKeyIdentifier": "5C32F1C04E43821C31DD8528932E9DA00F58EBEFF8772726A217B82B7061E523",
    "UserName": "defaultuser0",
    "UserSid": "S-1-5-21-3088055692-629932344-1786574096-1000"
  },
  "json_fields": {
    "provider": "Microsoft-Windows-Crypto-DPAPI",
    "channel": "Microsoft-Windows-Crypto-DPAPI/Operational",
    "event_id": "12289",
    "timestamp": "2024-11-05T01:34:15.310280Z",
    "event_record_id": "3",
    "level": "4",
    "task": "8",
    "opcode": "0",
    "keywords": "0x8000000000000008",
    "computer": "DESKTOP-P9H5FTA",
    "CredKeyIdentifier": "5C32F1C04E43821C31DD8528932E9DA00F58EBEFF8772726A217B82B7061E523",
    "UserName": "defaultuser0",
    "UserSid": "S-1-5-21-3088055692-629932344-1786574096-1000"
  }
}