{
  "event_id": "12288",
  "provider": "Microsoft-Windows-Security-SPP",
  "channel": "Application",
  "source_file": "D:\\visual code file\\Project_4\\Event-Analyzer\\test\\Benign\\win2022-0-20348-azure\\Application.evtx",
  "event_record_id": 396,
  "xml": "<?xml version=\"1.0\" encoding=\"utf-8\"?>\n<Event xmlns=\"http://schemas.microsoft.com/win/2004/08/events/event\">\n  <System>\n    <Provider Name=\"Microsoft-Windows-Security-SPP\" Guid=\"{E23B33B0-C8C9-472C-A5F9-F2BDFEA0F156}\" EventSourceName=\"Software Protection Platform Service\">\n    </Provider>\n    <EventID Qualifiers=\"16384\">12288</EventID>\n    <Version>0</Version>\n    <Level>4</Level>\n    <Task>0</Task>\n    <Opcode>0</Opcode>\n    <Keywords>0x80000000000000</Keywords>\n    <TimeCreated SystemTime=\"2022-09-18T09:16:05.011416Z\">\n    </TimeCreated>\n    <EventRecordID>396</EventRecordID>\n    <Correlation>\n    </Correlation>\n    <Execution ProcessID=\"0\" ThreadID=\"0\">\n    </Execution>\n    <Channel>Application</Channel>\n    <Computer>Agamemnon</Computer>\n    <Security>\n    </Security>\n  </System>\n  <EventData>\n    <Data>0x00000000, 0x00000000, azkms.core.windows.net:1688, ef2b014f-306a-47d0-9ca8-90cfbf5f08d5, 2022/09/18 09:16, 1, 5, 0, 19b5e0fb-4431-46bc-bac1-2f1873e4ae73, 5</Data>\n    <Binary>0000060050D3837462CFC0D8EFA09A359B13BBED1CBA2B6BC7E3638711122E0C5C276D10C5E15EAC3484CBC95AB2C366198EEFBE7639B7A8576E17FD5F55A3F30108EDD0C00F1FD17471C26728A4E51B665783783FFC596D57B8D3EB23B2565F88D649EE7ACE478353B4CB84CABDBA42BBDD1FC1DEB99E4A1A8E02B6DF4C7F12ECCE7981AFE2E6C87F05BD75DC9162C00F48FA853DF321AACE4ED6A5BED576CCC8ADEEE03F2D9B1B368E4F891E787277B4E367B4FD9B0408A4D06CC87FC82C76980BE991391632C050B06D41EA2ACB5EBF120C1A1B445EB376D14F43E0BA4A00C893B7B389C763F80C547FD1ACA69553A60572AA603466827EBC84428280947BA7041922</Binary>\n  </EventData>\n</Event>\n",
  "json": "{\"Event\":{\"#attributes\":{\"xmlns\":\"http://schemas.microsoft.com/win/2004/08/events/event\"},\"System\":{\"Provider\":{\"#attributes\":{\"Name\":\"Microsoft-Windows-Security-SPP\",\"Guid\":\"{E23B33B0-C8C9-472C-A5F9-F2BDFEA0F156}\",\"EventSourceName\":\"Software Protection Platform Service\"}},\"EventID\":{\"#attributes\":{\"Qualifiers\":16384},\"#text\":12288},\"Version\":0,\"Level\":4,\"Task\":0,\"Opcode\":0,\"Keywords\":\"0x80000000000000\",\"TimeCreated\":{\"#attributes\":{\"SystemTime\":\"2022-09-18T09:16:05.011416Z\"}},\"EventRecordID\":396,\"Correlation\":null,\"Execution\":{\"#attributes\":{\"ProcessID\":0,\"ThreadID\":0}},\"Channel\":\"Application\",\"Computer\":\"Agamemnon\",\"Security\":null},\"EventData\":{\"Data\":{\"#text\":\"0x00000000, 0x00000000, azkms.core.windows.net:1688, ef2b014f-306a-47d0-9ca8-90cfbf5f08d5, 2022/09/18 09:16, 1, 5, 0, 19b5e0fb-4431-46bc-bac1-2f1873e4ae73, 5\"},\"Binary\":\"0000060050D3837462CFC0D8EFA09A359B13BBED1CBA2B6BC7E3638711122E0C5C276D10C5E15EAC3484CBC95AB2C366198EEFBE7639B7A8576E17FD5F55A3F30108EDD0C00F1FD17471C26728A4E51B665783783FFC596D57B8D3EB23B2565F88D649EE7ACE478353B4CB84CABDBA42BBDD1FC1DEB99E4A1A8E02B6DF4C7F12ECCE7981AFE2E6C87F05BD75DC9162C00F48FA853DF321AACE4ED6A5BED576CCC8ADEEE03F2D9B1B368E4F891E787277B4E367B4FD9B0408A4D06CC87FC82C76980BE991391632C050B06D41EA2ACB5EBF120C1A1B445EB376D14F43E0BA4A00C893B7B389C763F80C547FD1ACA69553A60572AA603466827EBC84428280947BA7041922\"}}}",
  "xml_fields": {
    "provider": "Microsoft-Windows-Security-SPP",
    "event_id": "12288",
    "timestamp": "2022-09-18T09:16:05.011416Z",
    "event_record_id": "396",
    "level": "4",
    "task": "0",
    "opcode": "0",
    "keywords": "0x80000000000000",
    "channel": "Application",
    "computer": "Agamemnon",
    "_data_0": "0x00000000, 0x00000000, azkms.core.windows.net:1688, ef2b014f-306a-47d0-9ca8-90cfbf5f08d5, 2022/09/18 09:16, 1, 5, 0, 19b5e0fb-4431-46bc-bac1-2f1873e4ae73, 5",
    "Binary": "0000060050D3837462CFC0D8EFA09A359B13BBED1CBA2B6BC7E3638711122E0C5C276D10C5E15EAC3484CBC95AB2C366198EEFBE7639B7A8576E17FD5F55A3F30108EDD0C00F1FD17471C26728A4E51B665783783FFC596D57B8D3EB23B2565F88D649EE7ACE478353B4CB84CABDBA42BBDD1FC1DEB99E4A1A8E02B6DF4C7F12ECCE7981AFE2E6C87F05BD75DC9162C00F48FA853DF321AACE4ED6A5BED576CCC8ADEEE03F2D9B1B368E4F891E787277B4E367B4FD9B0408A4D06CC87FC82C76980BE991391632C050B06D41EA2ACB5EBF120C1A1B445EB376D14F43E0BA4A00C893B7B389C763F80C547FD1ACA69553A60572AA603466827EBC84428280947BA7041922"
  },
  "json_fields": {
    "provider": "Microsoft-Windows-Security-SPP",
    "channel": "Application",
    "event_id": "12288",
    "timestamp": "2022-09-18T09:16:05.011416Z",
    "event_record_id": "396",
    "level": "4",
    "task": "0",
    "opcode": "0",
    "keywords": "0x80000000000000",
    "computer": "Agamemnon",
    "Data": "0x00000000, 0x00000000, azkms.core.windows.net:1688, ef2b014f-306a-47d0-9ca8-90cfbf5f08d5, 2022/09/18 09:16, 1, 5, 0, 19b5e0fb-4431-46bc-bac1-2f1873e4ae73, 5",
    "Binary": "0000060050D3837462CFC0D8EFA09A359B13BBED1CBA2B6BC7E3638711122E0C5C276D10C5E15EAC3484CBC95AB2C366198EEFBE7639B7A8576E17FD5F55A3F30108EDD0C00F1FD17471C26728A4E51B665783783FFC596D57B8D3EB23B2565F88D649EE7ACE478353B4CB84CABDBA42BBDD1FC1DEB99E4A1A8E02B6DF4C7F12ECCE7981AFE2E6C87F05BD75DC9162C00F48FA853DF321AACE4ED6A5BED576CCC8ADEEE03F2D9B1B368E4F891E787277B4E367B4FD9B0408A4D06CC87FC82C76980BE991391632C050B06D41EA2ACB5EBF120C1A1B445EB376D14F43E0BA4A00C893B7B389C763F80C547FD1ACA69553A60572AA603466827EBC84428280947BA7041922"
  }
}