{
  "event_id": "12289",
  "provider": "Microsoft-Windows-Security-SPP",
  "channel": "Application",
  "source_file": "D:\\visual code file\\Project_4\\Event-Analyzer\\test\\Benign\\win2022-0-20348-azure\\Application.evtx",
  "event_record_id": 397,
  "xml": "<?xml version=\"1.0\" encoding=\"utf-8\"?>\n<Event xmlns=\"http://schemas.microsoft.com/win/2004/08/events/event\">\n  <System>\n    <Provider Name=\"Microsoft-Windows-Security-SPP\" Guid=\"{E23B33B0-C8C9-472C-A5F9-F2BDFEA0F156}\" EventSourceName=\"Software Protection Platform Service\">\n    </Provider>\n    <EventID Qualifiers=\"16384\">12289</EventID>\n    <Version>0</Version>\n    <Level>4</Level>\n    <Task>0</Task>\n    <Opcode>0</Opcode>\n    <Keywords>0x80000000000000</Keywords>\n    <TimeCreated SystemTime=\"2022-09-18T09:16:05.777047Z\">\n    </TimeCreated>\n    <EventRecordID>397</EventRecordID>\n    <Correlation>\n    </Correlation>\n    <Execution ProcessID=\"0\" ThreadID=\"0\">\n    </Execution>\n    <Channel>Application</Channel>\n    <Computer>Agamemnon</Computer>\n    <Security>\n    </Security>\n  </System>\n  <EventData>\n    <Data>0x00000000, 0x00000000, 1, 0, 50, 120, 10080, 2022/09/18 09:16</Data>\n    <Binary>00000600ECFF19E0A32FE4FAFE581219B4EB9D866215AD0DFB985CBAC54AE8E47782534EDC5F7B97BAFE2620239C33D3427D3E3724A66BF827CF658448CAA0A07EAB6135DAE5A9E311AC5407454775E8919DE6AD5170133BEBD714A2D2D45956B69B1B2109170BE1A9637809DDB8918C1195CE69EDFE069760DC33C902A3AF3C8EEC3291D1488275854152FE5081BF738DCE9884209F8AA4B20639D9F1062925B89B3536E8FE02649DA34DABAF8A54BC38F43C858840A147C67B88C0D01831846A5402C6C83E50F6E250B0B77445C5804B7A6092C855FAB414F70E6F70E5919E528626ABA2C7ADD3E0CD95B8D158AB7DB12AD87F6C5AFD461C52651B102244BD006F11E0</Binary>\n  </EventData>\n</Event>\n",
  "json": "{\"Event\":{\"#attributes\":{\"xmlns\":\"http://schemas.microsoft.com/win/2004/08/events/event\"},\"System\":{\"Provider\":{\"#attributes\":{\"Name\":\"Microsoft-Windows-Security-SPP\",\"Guid\":\"{E23B33B0-C8C9-472C-A5F9-F2BDFEA0F156}\",\"EventSourceName\":\"Software Protection Platform Service\"}},\"EventID\":{\"#attributes\":{\"Qualifiers\":16384},\"#text\":12289},\"Version\":0,\"Level\":4,\"Task\":0,\"Opcode\":0,\"Keywords\":\"0x80000000000000\",\"TimeCreated\":{\"#attributes\":{\"SystemTime\":\"2022-09-18T09:16:05.777047Z\"}},\"EventRecordID\":397,\"Correlation\":null,\"Execution\":{\"#attributes\":{\"ProcessID\":0,\"ThreadID\":0}},\"Channel\":\"Application\",\"Computer\":\"Agamemnon\",\"Security\":null},\"EventData\":{\"Data\":{\"#text\":\"0x00000000, 0x00000000, 1, 0, 50, 120, 10080, 2022/09/18 09:16\"},\"Binary\":\"00000600ECFF19E0A32FE4FAFE581219B4EB9D866215AD0DFB985CBAC54AE8E47782534EDC5F7B97BAFE2620239C33D3427D3E3724A66BF827CF658448CAA0A07EAB6135DAE5A9E311AC5407454775E8919DE6AD5170133BEBD714A2D2D45956B69B1B2109170BE1A9637809DDB8918C1195CE69EDFE069760DC33C902A3AF3C8EEC3291D1488275854152FE5081BF738DCE9884209F8AA4B20639D9F1062925B89B3536E8FE02649DA34DABAF8A54BC38F43C858840A147C67B88C0D01831846A5402C6C83E50F6E250B0B77445C5804B7A6092C855FAB414F70E6F70E5919E528626ABA2C7ADD3E0CD95B8D158AB7DB12AD87F6C5AFD461C52651B102244BD006F11E0\"}}}",
  "xml_fields": {
    "provider": "Microsoft-Windows-Security-SPP",
    "event_id": "12289",
    "timestamp": "2022-09-18T09:16:05.777047Z",
    "event_record_id": "397",
    "level": "4",
    "task": "0",
    "opcode": "0",
    "keywords": "0x80000000000000",
    "channel": "Application",
    "computer": "Agamemnon",
    "_data_0": "0x00000000, 0x00000000, 1, 0, 50, 120, 10080, 2022/09/18 09:16",
    "Binary": "00000600ECFF19E0A32FE4FAFE581219B4EB9D866215AD0DFB985CBAC54AE8E47782534EDC5F7B97BAFE2620239C33D3427D3E3724A66BF827CF658448CAA0A07EAB6135DAE5A9E311AC5407454775E8919DE6AD5170133BEBD714A2D2D45956B69B1B2109170BE1A9637809DDB8918C1195CE69EDFE069760DC33C902A3AF3C8EEC3291D1488275854152FE5081BF738DCE9884209F8AA4B20639D9F1062925B89B3536E8FE02649DA34DABAF8A54BC38F43C858840A147C67B88C0D01831846A5402C6C83E50F6E250B0B77445C5804B7A6092C855FAB414F70E6F70E5919E528626ABA2C7ADD3E0CD95B8D158AB7DB12AD87F6C5AFD461C52651B102244BD006F11E0"
  },
  "json_fields": {
    "provider": "Microsoft-Windows-Security-SPP",
    "channel": "Application",
    "event_id": "12289",
    "timestamp": "2022-09-18T09:16:05.777047Z",
    "event_record_id": "397",
    "level": "4",
    "task": "0",
    "opcode": "0",
    "keywords": "0x80000000000000",
    "computer": "Agamemnon",
    "Data": "0x00000000, 0x00000000, 1, 0, 50, 120, 10080, 2022/09/18 09:16",
    "Binary": "00000600ECFF19E0A32FE4FAFE581219B4EB9D866215AD0DFB985CBAC54AE8E47782534EDC5F7B97BAFE2620239C33D3427D3E3724A66BF827CF658448CAA0A07EAB6135DAE5A9E311AC5407454775E8919DE6AD5170133BEBD714A2D2D45956B69B1B2109170BE1A9637809DDB8918C1195CE69EDFE069760DC33C902A3AF3C8EEC3291D1488275854152FE5081BF738DCE9884209F8AA4B20639D9F1062925B89B3536E8FE02649DA34DABAF8A54BC38F43C858840A147C67B88C0D01831846A5402C6C83E50F6E250B0B77445C5804B7A6092C855FAB414F70E6F70E5919E528626ABA2C7ADD3E0CD95B8D158AB7DB12AD87F6C5AFD461C52651B102244BD006F11E0"
  }
}