{
  "event_id": "1230",
  "provider": "Microsoft-Windows-AppXDeployment-Server",
  "channel": "Microsoft-Windows-AppXDeploymentServer/Operational",
  "source_file": "D:\\visual code file\\Project_4\\Event-Analyzer\\test\\Logs\\Microsoft-Windows-AppXDeploymentServer%4Operational.evtx",
  "event_record_id": 11356,
  "xml": "<?xml version=\"1.0\" encoding=\"utf-8\"?>\n<Event xmlns=\"http://schemas.microsoft.com/win/2004/08/events/event\">\n  <System>\n    <Provider Name=\"Microsoft-Windows-AppXDeployment-Server\" Guid=\"3F471139-ACB7-4A01-B7A7-FF5DA4BA2D43\">\n    </Provider>\n    <EventID>1230</EventID>\n    <Version>0</Version>\n    <Level>3</Level>\n    <Task>5</Task>\n    <Opcode>0</Opcode>\n    <Keywords>0x4000000000000001</Keywords>\n    <TimeCreated SystemTime=\"2025-01-24T10:46:13.513116Z\">\n    </TimeCreated>\n    <EventRecordID>11356</EventRecordID>\n    <Correlation ActivityID=\"8D345FF6-6E47-0002-C68F-348D476EDB01\">\n    </Correlation>\n    <Execution ProcessID=\"3908\" ThreadID=\"7292\">\n    </Execution>\n    <Channel>Microsoft-Windows-AppXDeploymentServer/Operational</Channel>\n    <Computer>CTO-FILESVR</Computer>\n    <Security UserID=\"S-1-5-18\">\n    </Security>\n  </System>\n  <EventData>\n    <Data Name=\"Path\">\\Program Files\\WindowsApps\\Microsoft.WindowsAppRuntime.1.5_5001.373.1736.0_x86__8wekyb3d8bbwe\\Microsoft.UI.Xaml\\Assets\\NoiseAsset_256x256_PNG.png;</Data>\n  </EventData>\n</Event>\n",
  "json": "{\"Event\":{\"#attributes\":{\"xmlns\":\"http://schemas.microsoft.com/win/2004/08/events/event\"},\"System\":{\"Provider\":{\"#attributes\":{\"Name\":\"Microsoft-Windows-AppXDeployment-Server\",\"Guid\":\"3F471139-ACB7-4A01-B7A7-FF5DA4BA2D43\"}},\"EventID\":1230,\"Version\":0,\"Level\":3,\"Task\":5,\"Opcode\":0,\"Keywords\":\"0x4000000000000001\",\"TimeCreated\":{\"#attributes\":{\"SystemTime\":\"2025-01-24T10:46:13.513116Z\"}},\"EventRecordID\":11356,\"Correlation\":{\"#attributes\":{\"ActivityID\":\"8D345FF6-6E47-0002-C68F-348D476EDB01\"}},\"Execution\":{\"#attributes\":{\"ProcessID\":3908,\"ThreadID\":7292}},\"Channel\":\"Microsoft-Windows-AppXDeploymentServer/Operational\",\"Computer\":\"CTO-FILESVR\",\"Security\":{\"#attributes\":{\"UserID\":\"S-1-5-18\"}}},\"EventData\":{\"Path\":\"\\\\Program Files\\\\WindowsApps\\\\Microsoft.WindowsAppRuntime.1.5_5001.373.1736.0_x86__8wekyb3d8bbwe\\\\Microsoft.UI.Xaml\\\\Assets\\\\NoiseAsset_256x256_PNG.png;\"}}}",
  "xml_fields": {
    "provider": "Microsoft-Windows-AppXDeployment-Server",
    "event_id": "1230",
    "timestamp": "2025-01-24T10:46:13.513116Z",
    "event_record_id": "11356",
    "level": "3",
    "task": "5",
    "opcode": "0",
    "keywords": "0x4000000000000001",
    "channel": "Microsoft-Windows-AppXDeploymentServer/Operational",
    "computer": "CTO-FILESVR",
    "Path": "\\Program Files\\WindowsApps\\Microsoft.WindowsAppRuntime.1.5_5001.373.1736.0_x86__8wekyb3d8bbwe\\Microsoft.UI.Xaml\\Assets\\NoiseAsset_256x256_PNG.png;"
  },
  "json_fields": {
    "provider": "Microsoft-Windows-AppXDeployment-Server",
    "channel": "Microsoft-Windows-AppXDeploymentServer/Operational",
    "event_id": "1230",
    "timestamp": "2025-01-24T10:46:13.513116Z",
    "event_record_id": "11356",
    "level": "3",
    "task": "5",
    "opcode": "0",
    "keywords": "0x4000000000000001",
    "computer": "CTO-FILESVR",
    "Path": "\\Program Files\\WindowsApps\\Microsoft.WindowsAppRuntime.1.5_5001.373.1736.0_x86__8wekyb3d8bbwe\\Microsoft.UI.Xaml\\Assets\\NoiseAsset_256x256_PNG.png;"
  }
}