{
  "event_id": "12306",
  "provider": "Microsoft-Windows-Security-SPP",
  "channel": "Application",
  "source_file": "D:\\visual code file\\Project_4\\Event-Analyzer\\test\\Benign\\Logs_Win11_2023\\Application.evtx",
  "event_record_id": 1424,
  "xml": "<?xml version=\"1.0\" encoding=\"utf-8\"?>\n<Event xmlns=\"http://schemas.microsoft.com/win/2004/08/events/event\">\n  <System>\n    <Provider Name=\"Microsoft-Windows-Security-SPP\" Guid=\"{E23B33B0-C8C9-472C-A5F9-F2BDFEA0F156}\" EventSourceName=\"Software Protection Platform Service\">\n    </Provider>\n    <EventID Qualifiers=\"16384\">12306</EventID>\n    <Version>0</Version>\n    <Level>4</Level>\n    <Task>0</Task>\n    <Opcode>0</Opcode>\n    <Keywords>0x80000000000000</Keywords>\n    <TimeCreated SystemTime=\"2023-10-25T22:55:35.790597Z\">\n    </TimeCreated>\n    <EventRecordID>1424</EventRecordID>\n    <Correlation>\n    </Correlation>\n    <Execution ProcessID=\"4244\" ThreadID=\"0\">\n    </Execution>\n    <Channel>Application</Channel>\n    <Computer>WinDevEval</Computer>\n    <Security>\n    </Security>\n  </System>\n  <EventData>\n    <Data>55c92734-d682-4d71-983e-d6ec3f16059f</Data>\n    <Data>(null)</Data>\n    <Data>1</Data>\n    <Binary></Binary>\n  </EventData>\n</Event>\n",
  "json": "{\"Event\":{\"#attributes\":{\"xmlns\":\"http://schemas.microsoft.com/win/2004/08/events/event\"},\"System\":{\"Provider\":{\"#attributes\":{\"Name\":\"Microsoft-Windows-Security-SPP\",\"Guid\":\"{E23B33B0-C8C9-472C-A5F9-F2BDFEA0F156}\",\"EventSourceName\":\"Software Protection Platform Service\"}},\"EventID\":{\"#attributes\":{\"Qualifiers\":16384},\"#text\":12306},\"Version\":0,\"Level\":4,\"Task\":0,\"Opcode\":0,\"Keywords\":\"0x80000000000000\",\"TimeCreated\":{\"#attributes\":{\"SystemTime\":\"2023-10-25T22:55:35.790597Z\"}},\"EventRecordID\":1424,\"Correlation\":null,\"Execution\":{\"#attributes\":{\"ProcessID\":4244,\"ThreadID\":0}},\"Channel\":\"Application\",\"Computer\":\"WinDevEval\",\"Security\":null},\"EventData\":{\"Data\":{\"#text\":[\"55c92734-d682-4d71-983e-d6ec3f16059f\",\"(null)\",\"1\"]},\"Binary\":null}}}",
  "xml_fields": {
    "provider": "Microsoft-Windows-Security-SPP",
    "event_id": "12306",
    "timestamp": "2023-10-25T22:55:35.790597Z",
    "event_record_id": "1424",
    "level": "4",
    "task": "0",
    "opcode": "0",
    "keywords": "0x80000000000000",
    "channel": "Application",
    "computer": "WinDevEval",
    "_data_0": "55c92734-d682-4d71-983e-d6ec3f16059f",
    "_data_1": "(null)",
    "_data_2": "1"
  },
  "json_fields": {
    "provider": "Microsoft-Windows-Security-SPP",
    "channel": "Application",
    "event_id": "12306",
    "timestamp": "2023-10-25T22:55:35.790597Z",
    "event_record_id": "1424",
    "level": "4",
    "task": "0",
    "opcode": "0",
    "keywords": "0x80000000000000",
    "computer": "WinDevEval",
    "_data_0": "55c92734-d682-4d71-983e-d6ec3f16059f",
    "_data_1": "(null)",
    "_data_2": "1"
  }
}