{
  "event_id": "1246",
  "provider": "Microsoft-Windows-PushNotifications-Platform",
  "channel": "Microsoft-Windows-PushNotification-Platform/Operational",
  "source_file": "D:\\visual code file\\Project_4\\Event-Analyzer\\test\\Benign\\Logs_Client\\Microsoft-Windows-PushNotification-Platform%4Operational.evtx",
  "event_record_id": 473,
  "xml": "<?xml version=\"1.0\" encoding=\"utf-8\"?>\n<Event xmlns=\"http://schemas.microsoft.com/win/2004/08/events/event\">\n  <System>\n    <Provider Name=\"Microsoft-Windows-PushNotifications-Platform\" Guid=\"88CD9180-4491-4640-B571-E3BEE2527943\">\n    </Provider>\n    <EventID>1246</EventID>\n    <Version>0</Version>\n    <Level>3</Level>\n    <Task>0</Task>\n    <Opcode>0</Opcode>\n    <Keywords>0x800000000a400000</Keywords>\n    <TimeCreated SystemTime=\"2022-02-07T14:20:45.107600Z\">\n    </TimeCreated>\n    <EventRecordID>473</EventRecordID>\n    <Correlation>\n    </Correlation>\n    <Execution ProcessID=\"944\" ThreadID=\"5712\">\n    </Execution>\n    <Channel>Microsoft-Windows-PushNotification-Platform/Operational</Channel>\n    <Computer>DESKTOP-A8CALR3</Computer>\n    <Security UserID=\"S-1-5-18\">\n    </Security>\n  </System>\n  <EventData>\n  </EventData>\n</Event>\n",
  "json": "{\"Event\":{\"#attributes\":{\"xmlns\":\"http://schemas.microsoft.com/win/2004/08/events/event\"},\"System\":{\"Provider\":{\"#attributes\":{\"Name\":\"Microsoft-Windows-PushNotifications-Platform\",\"Guid\":\"88CD9180-4491-4640-B571-E3BEE2527943\"}},\"EventID\":1246,\"Version\":0,\"Level\":3,\"Task\":0,\"Opcode\":0,\"Keywords\":\"0x800000000a400000\",\"TimeCreated\":{\"#attributes\":{\"SystemTime\":\"2022-02-07T14:20:45.107600Z\"}},\"EventRecordID\":473,\"Correlation\":null,\"Execution\":{\"#attributes\":{\"ProcessID\":944,\"ThreadID\":5712}},\"Channel\":\"Microsoft-Windows-PushNotification-Platform/Operational\",\"Computer\":\"DESKTOP-A8CALR3\",\"Security\":{\"#attributes\":{\"UserID\":\"S-1-5-18\"}}},\"EventData\":null}}",
  "xml_fields": {
    "provider": "Microsoft-Windows-PushNotifications-Platform",
    "event_id": "1246",
    "timestamp": "2022-02-07T14:20:45.107600Z",
    "event_record_id": "473",
    "level": "3",
    "task": "0",
    "opcode": "0",
    "keywords": "0x800000000a400000",
    "channel": "Microsoft-Windows-PushNotification-Platform/Operational",
    "computer": "DESKTOP-A8CALR3"
  },
  "json_fields": {
    "provider": "Microsoft-Windows-PushNotifications-Platform",
    "channel": "Microsoft-Windows-PushNotification-Platform/Operational",
    "event_id": "1246",
    "timestamp": "2022-02-07T14:20:45.107600Z",
    "event_record_id": "473",
    "level": "3",
    "task": "0",
    "opcode": "0",
    "keywords": "0x800000000a400000",
    "computer": "DESKTOP-A8CALR3"
  }
}