{
  "event_id": "1262",
  "provider": "Microsoft-Windows-PushNotifications-Platform",
  "channel": "Microsoft-Windows-PushNotification-Platform/Operational",
  "source_file": "D:\\visual code file\\Project_4\\Event-Analyzer\\test\\Benign\\Logs_Win11_2023\\Microsoft-Windows-PushNotification-Platform%4Operational.evtx",
  "event_record_id": 2379,
  "xml": "<?xml version=\"1.0\" encoding=\"utf-8\"?>\n<Event xmlns=\"http://schemas.microsoft.com/win/2004/08/events/event\">\n  <System>\n    <Provider Name=\"Microsoft-Windows-PushNotifications-Platform\" Guid=\"88CD9180-4491-4640-B571-E3BEE2527943\">\n    </Provider>\n    <EventID>1262</EventID>\n    <Version>0</Version>\n    <Level>4</Level>\n    <Task>0</Task>\n    <Opcode>0</Opcode>\n    <Keywords>0x8000000000400000</Keywords>\n    <TimeCreated SystemTime=\"2023-11-05T22:31:33.631380Z\">\n    </TimeCreated>\n    <EventRecordID>2379</EventRecordID>\n    <Correlation>\n    </Correlation>\n    <Execution ProcessID=\"3280\" ThreadID=\"1712\">\n    </Execution>\n    <Channel>Microsoft-Windows-PushNotification-Platform/Operational</Channel>\n    <Computer>WinDev2310Eval</Computer>\n    <Security UserID=\"S-1-5-18\">\n    </Security>\n  </System>\n  <EventData>\n    <Data Name=\"DeviceId\">0018800CFC3A4A31</Data>\n    <Data Name=\"UserId\">17056889</Data>\n    <Data Name=\"UserType\">2</Data>\n  </EventData>\n</Event>\n",
  "json": "{\"Event\":{\"#attributes\":{\"xmlns\":\"http://schemas.microsoft.com/win/2004/08/events/event\"},\"System\":{\"Provider\":{\"#attributes\":{\"Name\":\"Microsoft-Windows-PushNotifications-Platform\",\"Guid\":\"88CD9180-4491-4640-B571-E3BEE2527943\"}},\"EventID\":1262,\"Version\":0,\"Level\":4,\"Task\":0,\"Opcode\":0,\"Keywords\":\"0x8000000000400000\",\"TimeCreated\":{\"#attributes\":{\"SystemTime\":\"2023-11-05T22:31:33.631380Z\"}},\"EventRecordID\":2379,\"Correlation\":null,\"Execution\":{\"#attributes\":{\"ProcessID\":3280,\"ThreadID\":1712}},\"Channel\":\"Microsoft-Windows-PushNotification-Platform/Operational\",\"Computer\":\"WinDev2310Eval\",\"Security\":{\"#attributes\":{\"UserID\":\"S-1-5-18\"}}},\"EventData\":{\"DeviceId\":\"0018800CFC3A4A31\",\"UserId\":17056889,\"UserType\":2}}}",
  "xml_fields": {
    "provider": "Microsoft-Windows-PushNotifications-Platform",
    "event_id": "1262",
    "timestamp": "2023-11-05T22:31:33.631380Z",
    "event_record_id": "2379",
    "level": "4",
    "task": "0",
    "opcode": "0",
    "keywords": "0x8000000000400000",
    "channel": "Microsoft-Windows-PushNotification-Platform/Operational",
    "computer": "WinDev2310Eval",
    "DeviceId": "0018800CFC3A4A31",
    "UserId": "17056889",
    "UserType": "2"
  },
  "json_fields": {
    "provider": "Microsoft-Windows-PushNotifications-Platform",
    "channel": "Microsoft-Windows-PushNotification-Platform/Operational",
    "event_id": "1262",
    "timestamp": "2023-11-05T22:31:33.631380Z",
    "event_record_id": "2379",
    "level": "4",
    "task": "0",
    "opcode": "0",
    "keywords": "0x8000000000400000",
    "computer": "WinDev2310Eval",
    "DeviceId": "0018800CFC3A4A31",
    "UserId": "17056889",
    "UserType": "2"
  }
}