{
  "event_id": "1268",
  "provider": "Microsoft-Windows-PushNotifications-Platform",
  "channel": "Microsoft-Windows-PushNotification-Platform/Operational",
  "source_file": "D:\\visual code file\\Project_4\\Event-Analyzer\\test\\Logs\\Microsoft-Windows-PushNotification-Platform%4Operational.evtx",
  "event_record_id": 1634,
  "xml": "<?xml version=\"1.0\" encoding=\"utf-8\"?>\n<Event xmlns=\"http://schemas.microsoft.com/win/2004/08/events/event\">\n  <System>\n    <Provider Name=\"Microsoft-Windows-PushNotifications-Platform\" Guid=\"88CD9180-4491-4640-B571-E3BEE2527943\">\n    </Provider>\n    <EventID>1268</EventID>\n    <Version>0</Version>\n    <Level>5</Level>\n    <Task>0</Task>\n    <Opcode>0</Opcode>\n    <Keywords>0x8000000006400000</Keywords>\n    <TimeCreated SystemTime=\"2025-01-24T10:53:21.887524Z\">\n    </TimeCreated>\n    <EventRecordID>1634</EventRecordID>\n    <Correlation>\n    </Correlation>\n    <Execution ProcessID=\"3024\" ThreadID=\"8364\">\n    </Execution>\n    <Channel>Microsoft-Windows-PushNotification-Platform/Operational</Channel>\n    <Computer>CTO-FILESVR</Computer>\n    <Security UserID=\"S-1-5-18\">\n    </Security>\n  </System>\n  <EventData>\n    <Data Name=\"Verb\">CNT</Data>\n    <Data Name=\"TrID\">1</Data>\n    <Data Name=\"Namespace\">CON</Data>\n    <Data Name=\"CorrelationVector\">Lmu+b3pH8k2qSZqZ.1.0</Data>\n    <Data Name=\"Bytes\">236</Data>\n    <Data Name=\"Payload\">434E54203120434F4E003233360D0A436F6E746578743A20323032633931353061353030316334310D0A4D532D43563A204C6D752B62337048386B3271535A715A2E312E300D0A0D0A3C636F6E6E6563742D726573706F6E73653E3C7665723E313C2F7665723E3C73657373696F6E3E3C69643E4D7470312E3631342F33343338323039352E35343230633934332D383763372D623235332D343137332D3338323264333930663732653C2F69643E3C74696D656F75743E323030303C2F74696D656F75743E3C2F73657373696F6E3E3C716F73746573743E66616C73653C2F716F73746573743E3C2F636F</Data>\n    <Data Name=\"ConnectionType\">0</Data>\n  </EventData>\n</Event>\n",
  "json": "{\"Event\":{\"#attributes\":{\"xmlns\":\"http://schemas.microsoft.com/win/2004/08/events/event\"},\"System\":{\"Provider\":{\"#attributes\":{\"Name\":\"Microsoft-Windows-PushNotifications-Platform\",\"Guid\":\"88CD9180-4491-4640-B571-E3BEE2527943\"}},\"EventID\":1268,\"Version\":0,\"Level\":5,\"Task\":0,\"Opcode\":0,\"Keywords\":\"0x8000000006400000\",\"TimeCreated\":{\"#attributes\":{\"SystemTime\":\"2025-01-24T10:53:21.887524Z\"}},\"EventRecordID\":1634,\"Correlation\":null,\"Execution\":{\"#attributes\":{\"ProcessID\":3024,\"ThreadID\":8364}},\"Channel\":\"Microsoft-Windows-PushNotification-Platform/Operational\",\"Computer\":\"CTO-FILESVR\",\"Security\":{\"#attributes\":{\"UserID\":\"S-1-5-18\"}}},\"EventData\":{\"Verb\":\"CNT\",\"TrID\":1,\"Namespace\":\"CON\",\"CorrelationVector\":\"Lmu+b3pH8k2qSZqZ.1.0\",\"Bytes\":236,\"Payload\":\"434E54203120434F4E003233360D0A436F6E746578743A20323032633931353061353030316334310D0A4D532D43563A204C6D752B62337048386B3271535A715A2E312E300D0A0D0A3C636F6E6E6563742D726573706F6E73653E3C7665723E313C2F7665723E3C73657373696F6E3E3C69643E4D7470312E3631342F33343338323039352E35343230633934332D383763372D623235332D343137332D3338323264333930663732653C2F69643E3C74696D656F75743E323030303C2F74696D656F75743E3C2F73657373696F6E3E3C716F73746573743E66616C73653C2F716F73746573743E3C2F636F\",\"ConnectionType\":0}}}",
  "xml_fields": {
    "provider": "Microsoft-Windows-PushNotifications-Platform",
    "event_id": "1268",
    "timestamp": "2025-01-24T10:53:21.887524Z",
    "event_record_id": "1634",
    "level": "5",
    "task": "0",
    "opcode": "0",
    "keywords": "0x8000000006400000",
    "channel": "Microsoft-Windows-PushNotification-Platform/Operational",
    "computer": "CTO-FILESVR",
    "Verb": "CNT",
    "TrID": "1",
    "Namespace": "CON",
    "CorrelationVector": "Lmu+b3pH8k2qSZqZ.1.0",
    "Bytes": "236",
    "Payload": "434E54203120434F4E003233360D0A436F6E746578743A20323032633931353061353030316334310D0A4D532D43563A204C6D752B62337048386B3271535A715A2E312E300D0A0D0A3C636F6E6E6563742D726573706F6E73653E3C7665723E313C2F7665723E3C73657373696F6E3E3C69643E4D7470312E3631342F33343338323039352E35343230633934332D383763372D623235332D343137332D3338323264333930663732653C2F69643E3C74696D656F75743E323030303C2F74696D656F75743E3C2F73657373696F6E3E3C716F73746573743E66616C73653C2F716F73746573743E3C2F636F",
    "ConnectionType": "0"
  },
  "json_fields": {
    "provider": "Microsoft-Windows-PushNotifications-Platform",
    "channel": "Microsoft-Windows-PushNotification-Platform/Operational",
    "event_id": "1268",
    "timestamp": "2025-01-24T10:53:21.887524Z",
    "event_record_id": "1634",
    "level": "5",
    "task": "0",
    "opcode": "0",
    "keywords": "0x8000000006400000",
    "computer": "CTO-FILESVR",
    "Verb": "CNT",
    "TrID": "1",
    "Namespace": "CON",
    "CorrelationVector": "Lmu+b3pH8k2qSZqZ.1.0",
    "Bytes": "236",
    "Payload": "434E54203120434F4E003233360D0A436F6E746578743A20323032633931353061353030316334310D0A4D532D43563A204C6D752B62337048386B3271535A715A2E312E300D0A0D0A3C636F6E6E6563742D726573706F6E73653E3C7665723E313C2F7665723E3C73657373696F6E3E3C69643E4D7470312E3631342F33343338323039352E35343230633934332D383763372D623235332D343137332D3338323264333930663732653C2F69643E3C74696D656F75743E323030303C2F74696D656F75743E3C2F73657373696F6E3E3C716F73746573743E66616C73653C2F716F73746573743E3C2F636F",
    "ConnectionType": "0"
  }
}