{
  "event_id": "1281",
  "provider": "Microsoft-Windows-TPM-WMI",
  "channel": "System",
  "source_file": "D:\\visual code file\\Project_4\\Event-Analyzer\\test\\Benign\\Logs_Client\\System.evtx",
  "event_record_id": 194,
  "xml": "<?xml version=\"1.0\" encoding=\"utf-8\"?>\n<Event xmlns=\"http://schemas.microsoft.com/win/2004/08/events/event\">\n  <System>\n    <Provider Name=\"Microsoft-Windows-TPM-WMI\" Guid=\"7D5387B0-CBE0-11DA-A94D-0800200C9A66\">\n    </Provider>\n    <EventID>1281</EventID>\n    <Version>0</Version>\n    <Level>4</Level>\n    <Task>0</Task>\n    <Opcode>0</Opcode>\n    <Keywords>0x8000000000000000</Keywords>\n    <TimeCreated SystemTime=\"2022-02-07T10:54:57.846271Z\">\n    </TimeCreated>\n    <EventRecordID>194</EventRecordID>\n    <Correlation>\n    </Correlation>\n    <Execution ProcessID=\"952\" ThreadID=\"972\">\n    </Execution>\n    <Channel>System</Channel>\n    <Computer>DESKTOP-A8CALR3</Computer>\n    <Security UserID=\"S-1-5-18\">\n    </Security>\n  </System>\n  <EventData>\n  </EventData>\n</Event>\n",
  "json": "{\"Event\":{\"#attributes\":{\"xmlns\":\"http://schemas.microsoft.com/win/2004/08/events/event\"},\"System\":{\"Provider\":{\"#attributes\":{\"Name\":\"Microsoft-Windows-TPM-WMI\",\"Guid\":\"7D5387B0-CBE0-11DA-A94D-0800200C9A66\"}},\"EventID\":1281,\"Version\":0,\"Level\":4,\"Task\":0,\"Opcode\":0,\"Keywords\":\"0x8000000000000000\",\"TimeCreated\":{\"#attributes\":{\"SystemTime\":\"2022-02-07T10:54:57.846271Z\"}},\"EventRecordID\":194,\"Correlation\":null,\"Execution\":{\"#attributes\":{\"ProcessID\":952,\"ThreadID\":972}},\"Channel\":\"System\",\"Computer\":\"DESKTOP-A8CALR3\",\"Security\":{\"#attributes\":{\"UserID\":\"S-1-5-18\"}}},\"EventData\":null}}",
  "xml_fields": {
    "provider": "Microsoft-Windows-TPM-WMI",
    "event_id": "1281",
    "timestamp": "2022-02-07T10:54:57.846271Z",
    "event_record_id": "194",
    "level": "4",
    "task": "0",
    "opcode": "0",
    "keywords": "0x8000000000000000",
    "channel": "System",
    "computer": "DESKTOP-A8CALR3"
  },
  "json_fields": {
    "provider": "Microsoft-Windows-TPM-WMI",
    "channel": "System",
    "event_id": "1281",
    "timestamp": "2022-02-07T10:54:57.846271Z",
    "event_record_id": "194",
    "level": "4",
    "task": "0",
    "opcode": "0",
    "keywords": "0x8000000000000000",
    "computer": "DESKTOP-A8CALR3"
  }
}