{
  "event_id": "1295",
  "provider": "Microsoft-Windows-ServerManager-DeploymentProvider",
  "channel": "Microsoft-Windows-ServerManager-DeploymentProvider/Operational",
  "source_file": "D:\\visual code file\\Project_4\\Event-Analyzer\\test\\Benign\\win2022-0-20348-azure\\Microsoft-Windows-ServerManager-DeploymentProvider%4Operational.evtx",
  "event_record_id": 69,
  "xml": "<?xml version=\"1.0\" encoding=\"utf-8\"?>\n<Event xmlns=\"http://schemas.microsoft.com/win/2004/08/events/event\">\n  <System>\n    <Provider Name=\"Microsoft-Windows-ServerManager-DeploymentProvider\" Guid=\"66AF9A38-2D94-11E0-A076-8534E0D72085\">\n    </Provider>\n    <EventID>1295</EventID>\n    <Version>0</Version>\n    <Level>4</Level>\n    <Task>8</Task>\n    <Opcode>0</Opcode>\n    <Keywords>0x8000000000000000</Keywords>\n    <TimeCreated SystemTime=\"2022-09-18T09:50:00.439938Z\">\n    </TimeCreated>\n    <EventRecordID>69</EventRecordID>\n    <Correlation ActivityID=\"22BF0876-EA54-459C-ACD4-9B5C642DDA8A\">\n    </Correlation>\n    <Execution ProcessID=\"7688\" ThreadID=\"6308\">\n    </Execution>\n    <Channel>Microsoft-Windows-ServerManager-DeploymentProvider/Operational</Channel>\n    <Computer>Agamemnon</Computer>\n    <Security UserID=\"S-1-5-21-3574161147-2844031704-266979156-500\">\n    </Security>\n  </System>\n  <EventData>\n    <Data Name=\"message\">30985027_2894327234</Data>\n    <Data Name=\"message2\">FALSE</Data>\n    <Data Name=\"ErrorCode\">0</Data>\n  </EventData>\n</Event>\n",
  "json": "{\"Event\":{\"#attributes\":{\"xmlns\":\"http://schemas.microsoft.com/win/2004/08/events/event\"},\"System\":{\"Provider\":{\"#attributes\":{\"Name\":\"Microsoft-Windows-ServerManager-DeploymentProvider\",\"Guid\":\"66AF9A38-2D94-11E0-A076-8534E0D72085\"}},\"EventID\":1295,\"Version\":0,\"Level\":4,\"Task\":8,\"Opcode\":0,\"Keywords\":\"0x8000000000000000\",\"TimeCreated\":{\"#attributes\":{\"SystemTime\":\"2022-09-18T09:50:00.439938Z\"}},\"EventRecordID\":69,\"Correlation\":{\"#attributes\":{\"ActivityID\":\"22BF0876-EA54-459C-ACD4-9B5C642DDA8A\"}},\"Execution\":{\"#attributes\":{\"ProcessID\":7688,\"ThreadID\":6308}},\"Channel\":\"Microsoft-Windows-ServerManager-DeploymentProvider/Operational\",\"Computer\":\"Agamemnon\",\"Security\":{\"#attributes\":{\"UserID\":\"S-1-5-21-3574161147-2844031704-266979156-500\"}}},\"EventData\":{\"message\":\"30985027_2894327234\",\"message2\":\"FALSE\",\"ErrorCode\":0}}}",
  "xml_fields": {
    "provider": "Microsoft-Windows-ServerManager-DeploymentProvider",
    "event_id": "1295",
    "timestamp": "2022-09-18T09:50:00.439938Z",
    "event_record_id": "69",
    "level": "4",
    "task": "8",
    "opcode": "0",
    "keywords": "0x8000000000000000",
    "channel": "Microsoft-Windows-ServerManager-DeploymentProvider/Operational",
    "computer": "Agamemnon",
    "message": "30985027_2894327234",
    "message2": "FALSE",
    "ErrorCode": "0"
  },
  "json_fields": {
    "provider": "Microsoft-Windows-ServerManager-DeploymentProvider",
    "channel": "Microsoft-Windows-ServerManager-DeploymentProvider/Operational",
    "event_id": "1295",
    "timestamp": "2022-09-18T09:50:00.439938Z",
    "event_record_id": "69",
    "level": "4",
    "task": "8",
    "opcode": "0",
    "keywords": "0x8000000000000000",
    "computer": "Agamemnon",
    "message": "30985027_2894327234",
    "message2": "FALSE",
    "ErrorCode": "0"
  }
}