{
  "event_id": "129",
  "provider": "Microsoft-Windows-TaskScheduler",
  "channel": "Microsoft-Windows-TaskScheduler/Operational",
  "source_file": "D:\\visual code file\\Project_4\\Event-Analyzer\\test\\Benign\\Logs_Win11_2023\\Microsoft-Windows-TaskScheduler%4Operational.evtx",
  "event_record_id": 1,
  "xml": "<?xml version=\"1.0\" encoding=\"utf-8\"?>\n<Event xmlns=\"http://schemas.microsoft.com/win/2004/08/events/event\">\n  <System>\n    <Provider Name=\"Microsoft-Windows-TaskScheduler\" Guid=\"DE7B24EA-73C8-4A09-985D-5BDADCFA9017\">\n    </Provider>\n    <EventID>129</EventID>\n    <Version>0</Version>\n    <Level>4</Level>\n    <Task>129</Task>\n    <Opcode>0</Opcode>\n    <Keywords>0x8000000000000000</Keywords>\n    <TimeCreated SystemTime=\"2023-11-05T22:51:37.684096Z\">\n    </TimeCreated>\n    <EventRecordID>1</EventRecordID>\n    <Correlation>\n    </Correlation>\n    <Execution ProcessID=\"1392\" ThreadID=\"9476\">\n    </Execution>\n    <Channel>Microsoft-Windows-TaskScheduler/Operational</Channel>\n    <Computer>WinDev2310Eval</Computer>\n    <Security UserID=\"S-1-5-18\">\n    </Security>\n  </System>\n  <EventData Name=\"CreatedTaskProcess\">\n    <Data Name=\"TaskName\">\\Microsoft\\Windows\\Flighting\\FeatureConfig\\ReconcileFeatures</Data>\n    <Data Name=\"Path\">taskhostw.exe</Data>\n    <Data Name=\"ProcessID\">8636</Data>\n    <Data Name=\"Priority\">16384</Data>\n  </EventData>\n</Event>\n",
  "json": "{\"Event\":{\"#attributes\":{\"xmlns\":\"http://schemas.microsoft.com/win/2004/08/events/event\"},\"System\":{\"Provider\":{\"#attributes\":{\"Name\":\"Microsoft-Windows-TaskScheduler\",\"Guid\":\"DE7B24EA-73C8-4A09-985D-5BDADCFA9017\"}},\"EventID\":129,\"Version\":0,\"Level\":4,\"Task\":129,\"Opcode\":0,\"Keywords\":\"0x8000000000000000\",\"TimeCreated\":{\"#attributes\":{\"SystemTime\":\"2023-11-05T22:51:37.684096Z\"}},\"EventRecordID\":1,\"Correlation\":null,\"Execution\":{\"#attributes\":{\"ProcessID\":1392,\"ThreadID\":9476}},\"Channel\":\"Microsoft-Windows-TaskScheduler/Operational\",\"Computer\":\"WinDev2310Eval\",\"Security\":{\"#attributes\":{\"UserID\":\"S-1-5-18\"}}},\"EventData\":{\"#attributes\":{\"Name\":\"CreatedTaskProcess\"},\"TaskName\":\"\\\\Microsoft\\\\Windows\\\\Flighting\\\\FeatureConfig\\\\ReconcileFeatures\",\"Path\":\"taskhostw.exe\",\"ProcessID\":8636,\"Priority\":16384}}}",
  "xml_fields": {
    "provider": "Microsoft-Windows-TaskScheduler",
    "event_id": "129",
    "timestamp": "2023-11-05T22:51:37.684096Z",
    "event_record_id": "1",
    "level": "4",
    "task": "129",
    "opcode": "0",
    "keywords": "0x8000000000000000",
    "channel": "Microsoft-Windows-TaskScheduler/Operational",
    "computer": "WinDev2310Eval",
    "TaskName": "\\Microsoft\\Windows\\Flighting\\FeatureConfig\\ReconcileFeatures",
    "Path": "taskhostw.exe",
    "ProcessID": "8636",
    "Priority": "16384"
  },
  "json_fields": {
    "provider": "Microsoft-Windows-TaskScheduler",
    "channel": "Microsoft-Windows-TaskScheduler/Operational",
    "event_id": "129",
    "timestamp": "2023-11-05T22:51:37.684096Z",
    "event_record_id": "1",
    "level": "4",
    "task": "129",
    "opcode": "0",
    "keywords": "0x8000000000000000",
    "computer": "WinDev2310Eval",
    "TaskName": "\\Microsoft\\Windows\\Flighting\\FeatureConfig\\ReconcileFeatures",
    "Path": "taskhostw.exe",
    "ProcessID": "8636",
    "Priority": "16384"
  }
}