{
  "event_id": "12",
  "provider": "Microsoft-Windows-Security-Mitigations",
  "channel": "Microsoft-Windows-Security-Mitigations/KernelMode",
  "source_file": "D:\\visual code file\\Project_4\\Event-Analyzer\\test\\Benign\\Logs_Client\\Microsoft-Windows-Security-Mitigations%4KernelMode.evtx",
  "event_record_id": 7,
  "xml": "<?xml version=\"1.0\" encoding=\"utf-8\"?>\n<Event xmlns=\"http://schemas.microsoft.com/win/2004/08/events/event\">\n  <System>\n    <Provider Name=\"Microsoft-Windows-Security-Mitigations\" Guid=\"FAE10392-F0AF-4AC0-B8FF-9F4D920C3CDF\">\n    </Provider>\n    <EventID>12</EventID>\n    <Version>0</Version>\n    <Level>3</Level>\n    <Task>6</Task>\n    <Opcode>0</Opcode>\n    <Keywords>0x8000000000000000</Keywords>\n    <TimeCreated SystemTime=\"2022-02-08T11:54:37.756601Z\">\n    </TimeCreated>\n    <EventRecordID>7</EventRecordID>\n    <Correlation>\n    </Correlation>\n    <Execution ProcessID=\"2288\" ThreadID=\"2788\">\n    </Execution>\n    <Channel>Microsoft-Windows-Security-Mitigations/KernelMode</Channel>\n    <Computer>DESKTOP-A8CALR3</Computer>\n    <Security UserID=\"S-1-5-18\">\n    </Security>\n  </System>\n  <EventData>\n    <Data Name=\"ProcessPathLength\">52</Data>\n    <Data Name=\"ProcessPath\">\\Device\\HarddiskVolume2\\Windows\\System32\\svchost.exe</Data>\n    <Data Name=\"ProcessCommandLineLength\">44</Data>\n    <Data Name=\"ProcessCommandLine\">C:\\Windows\\System32\\svchost.exe -k utcsvc -p</Data>\n    <Data Name=\"ProcessId\">2288</Data>\n    <Data Name=\"ProcessCreateTime\">2022-02-08T08:03:58.360040Z</Data>\n    <Data Name=\"ProcessStartKey\">1688849860263975</Data>\n    <Data Name=\"ProcessSignatureLevel\">8</Data>\n    <Data Name=\"ProcessSectionSignatureLevel\">8</Data>\n    <Data Name=\"ProcessProtection\">0</Data>\n    <Data Name=\"TargetThreadId\">2788</Data>\n    <Data Name=\"TargetThreadCreateTime\">2022-02-08T11:51:23.672728Z</Data>\n    <Data Name=\"RequiredSignatureLevel\">8</Data>\n    <Data Name=\"SignatureLevel\">0</Data>\n    <Data Name=\"ImageNameLength\">34</Data>\n    <Data Name=\"ImageName\">\\Program Files\\Bonjour\\mdnsNSP.dll</Data>\n  </EventData>\n</Event>\n",
  "json": "{\"Event\":{\"#attributes\":{\"xmlns\":\"http://schemas.microsoft.com/win/2004/08/events/event\"},\"System\":{\"Provider\":{\"#attributes\":{\"Name\":\"Microsoft-Windows-Security-Mitigations\",\"Guid\":\"FAE10392-F0AF-4AC0-B8FF-9F4D920C3CDF\"}},\"EventID\":12,\"Version\":0,\"Level\":3,\"Task\":6,\"Opcode\":0,\"Keywords\":\"0x8000000000000000\",\"TimeCreated\":{\"#attributes\":{\"SystemTime\":\"2022-02-08T11:54:37.756601Z\"}},\"EventRecordID\":7,\"Correlation\":null,\"Execution\":{\"#attributes\":{\"ProcessID\":2288,\"ThreadID\":2788}},\"Channel\":\"Microsoft-Windows-Security-Mitigations/KernelMode\",\"Computer\":\"DESKTOP-A8CALR3\",\"Security\":{\"#attributes\":{\"UserID\":\"S-1-5-18\"}}},\"EventData\":{\"ProcessPathLength\":52,\"ProcessPath\":\"\\\\Device\\\\HarddiskVolume2\\\\Windows\\\\System32\\\\svchost.exe\",\"ProcessCommandLineLength\":44,\"ProcessCommandLine\":\"C:\\\\Windows\\\\System32\\\\svchost.exe -k utcsvc -p\",\"ProcessId\":2288,\"ProcessCreateTime\":\"2022-02-08T08:03:58.360040Z\",\"ProcessStartKey\":1688849860263975,\"ProcessSignatureLevel\":8,\"ProcessSectionSignatureLevel\":8,\"ProcessProtection\":0,\"TargetThreadId\":2788,\"TargetThreadCreateTime\":\"2022-02-08T11:51:23.672728Z\",\"RequiredSignatureLevel\":8,\"SignatureLevel\":0,\"ImageNameLength\":34,\"ImageName\":\"\\\\Program Files\\\\Bonjour\\\\mdnsNSP.dll\"}}}",
  "xml_fields": {
    "provider": "Microsoft-Windows-Security-Mitigations",
    "event_id": "12",
    "timestamp": "2022-02-08T11:54:37.756601Z",
    "event_record_id": "7",
    "level": "3",
    "task": "6",
    "opcode": "0",
    "keywords": "0x8000000000000000",
    "channel": "Microsoft-Windows-Security-Mitigations/KernelMode",
    "computer": "DESKTOP-A8CALR3",
    "ProcessPathLength": "52",
    "ProcessPath": "\\Device\\HarddiskVolume2\\Windows\\System32\\svchost.exe",
    "ProcessCommandLineLength": "44",
    "ProcessCommandLine": "C:\\Windows\\System32\\svchost.exe -k utcsvc -p",
    "ProcessId": "2288",
    "ProcessCreateTime": "2022-02-08T08:03:58.360040Z",
    "ProcessStartKey": "1688849860263975",
    "ProcessSignatureLevel": "8",
    "ProcessSectionSignatureLevel": "8",
    "ProcessProtection": "0",
    "TargetThreadId": "2788",
    "TargetThreadCreateTime": "2022-02-08T11:51:23.672728Z",
    "RequiredSignatureLevel": "8",
    "SignatureLevel": "0",
    "ImageNameLength": "34",
    "ImageName": "\\Program Files\\Bonjour\\mdnsNSP.dll"
  },
  "json_fields": {
    "provider": "Microsoft-Windows-Security-Mitigations",
    "channel": "Microsoft-Windows-Security-Mitigations/KernelMode",
    "event_id": "12",
    "timestamp": "2022-02-08T11:54:37.756601Z",
    "event_record_id": "7",
    "level": "3",
    "task": "6",
    "opcode": "0",
    "keywords": "0x8000000000000000",
    "computer": "DESKTOP-A8CALR3",
    "ProcessPathLength": "52",
    "ProcessPath": "\\Device\\HarddiskVolume2\\Windows\\System32\\svchost.exe",
    "ProcessCommandLineLength": "44",
    "ProcessCommandLine": "C:\\Windows\\System32\\svchost.exe -k utcsvc -p",
    "ProcessId": "2288",
    "ProcessCreateTime": "2022-02-08T08:03:58.360040Z",
    "ProcessStartKey": "1688849860263975",
    "ProcessSignatureLevel": "8",
    "ProcessSectionSignatureLevel": "8",
    "ProcessProtection": "0",
    "TargetThreadId": "2788",
    "TargetThreadCreateTime": "2022-02-08T11:51:23.672728Z",
    "RequiredSignatureLevel": "8",
    "SignatureLevel": "0",
    "ImageNameLength": "34",
    "ImageName": "\\Program Files\\Bonjour\\mdnsNSP.dll"
  }
}