{
  "event_id": "12",
  "provider": "Microsoft-Windows-Sysmon",
  "channel": "Microsoft-Windows-Sysmon/Operational",
  "source_file": "D:\\visual code file\\Project_4\\Event-Analyzer\\test\\Malicious\\EVTX-to-MITRE-Attack-master\\TA0009-Collection\\T1125-Video capture\\ID13-RDP shadow session configuration enabled (registry).evtx",
  "event_record_id": 1,
  "xml": "<?xml version=\"1.0\" encoding=\"utf-8\"?>\n<Event xmlns=\"http://schemas.microsoft.com/win/2004/08/events/event\">\n  <System>\n    <Provider Name=\"Microsoft-Windows-Sysmon\" Guid=\"5770385F-C22A-43E0-BF4C-06F5698FFBD9\">\n    </Provider>\n    <EventID>12</EventID>\n    <Version>2</Version>\n    <Level>4</Level>\n    <Task>12</Task>\n    <Opcode>0</Opcode>\n    <Keywords>0x8000000000000000</Keywords>\n    <TimeCreated SystemTime=\"2021-12-17T22:44:18.475428Z\">\n    </TimeCreated>\n    <EventRecordID>598393</EventRecordID>\n    <Correlation>\n    </Correlation>\n    <Execution ProcessID=\"1160\" ThreadID=\"1856\">\n    </Execution>\n    <Channel>Microsoft-Windows-Sysmon/Operational</Channel>\n    <Computer>FS03.offsec.lan</Computer>\n    <Security UserID=\"S-1-5-18\">\n    </Security>\n  </System>\n  <EventData>\n    <Data Name=\"RuleName\">technique_id=T1076,technique_name=Remote Desktop Protocol</Data>\n    <Data Name=\"EventType\">CreateKey</Data>\n    <Data Name=\"UtcTime\">2021-12-17 22:44:18.475</Data>\n    <Data Name=\"ProcessGuid\">7CF65FC7-12C2-61BD-EA04-000000001400</Data>\n    <Data Name=\"ProcessId\">2848</Data>\n    <Data Name=\"Image\">C:\\Windows\\system32\\reg.exe</Data>\n    <Data Name=\"TargetObject\">HKLM\\SOFTWARE\\Policies\\Microsoft\\Windows NT\\Terminal Services</Data>\n  </EventData>\n</Event>\n",
  "json": "{\"Event\":{\"#attributes\":{\"xmlns\":\"http://schemas.microsoft.com/win/2004/08/events/event\"},\"System\":{\"Provider\":{\"#attributes\":{\"Name\":\"Microsoft-Windows-Sysmon\",\"Guid\":\"5770385F-C22A-43E0-BF4C-06F5698FFBD9\"}},\"EventID\":12,\"Version\":2,\"Level\":4,\"Task\":12,\"Opcode\":0,\"Keywords\":\"0x8000000000000000\",\"TimeCreated\":{\"#attributes\":{\"SystemTime\":\"2021-12-17T22:44:18.475428Z\"}},\"EventRecordID\":598393,\"Correlation\":null,\"Execution\":{\"#attributes\":{\"ProcessID\":1160,\"ThreadID\":1856}},\"Channel\":\"Microsoft-Windows-Sysmon/Operational\",\"Computer\":\"FS03.offsec.lan\",\"Security\":{\"#attributes\":{\"UserID\":\"S-1-5-18\"}}},\"EventData\":{\"RuleName\":\"technique_id=T1076,technique_name=Remote Desktop Protocol\",\"EventType\":\"CreateKey\",\"UtcTime\":\"2021-12-17 22:44:18.475\",\"ProcessGuid\":\"7CF65FC7-12C2-61BD-EA04-000000001400\",\"ProcessId\":2848,\"Image\":\"C:\\\\Windows\\\\system32\\\\reg.exe\",\"TargetObject\":\"HKLM\\\\SOFTWARE\\\\Policies\\\\Microsoft\\\\Windows NT\\\\Terminal Services\"}}}",
  "xml_fields": {
    "provider": "Microsoft-Windows-Sysmon",
    "event_id": "12",
    "timestamp": "2021-12-17T22:44:18.475428Z",
    "event_record_id": "598393",
    "level": "4",
    "task": "12",
    "opcode": "0",
    "keywords": "0x8000000000000000",
    "channel": "Microsoft-Windows-Sysmon/Operational",
    "computer": "FS03.offsec.lan",
    "RuleName": "technique_id=T1076,technique_name=Remote Desktop Protocol",
    "EventType": "CreateKey",
    "UtcTime": "2021-12-17 22:44:18.475",
    "ProcessGuid": "7CF65FC7-12C2-61BD-EA04-000000001400",
    "ProcessId": "2848",
    "Image": "C:\\Windows\\system32\\reg.exe",
    "TargetObject": "HKLM\\SOFTWARE\\Policies\\Microsoft\\Windows NT\\Terminal Services"
  },
  "json_fields": {
    "provider": "Microsoft-Windows-Sysmon",
    "channel": "Microsoft-Windows-Sysmon/Operational",
    "event_id": "12",
    "timestamp": "2021-12-17T22:44:18.475428Z",
    "event_record_id": "598393",
    "level": "4",
    "task": "12",
    "opcode": "0",
    "keywords": "0x8000000000000000",
    "computer": "FS03.offsec.lan",
    "RuleName": "technique_id=T1076,technique_name=Remote Desktop Protocol",
    "EventType": "CreateKey",
    "UtcTime": "2021-12-17 22:44:18.475",
    "ProcessGuid": "7CF65FC7-12C2-61BD-EA04-000000001400",
    "ProcessId": "2848",
    "Image": "C:\\Windows\\system32\\reg.exe",
    "TargetObject": "HKLM\\SOFTWARE\\Policies\\Microsoft\\Windows NT\\Terminal Services"
  }
}