{
  "event_id": "12",
  "provider": "Microsoft-Windows-Kernel-General",
  "channel": "System",
  "source_file": "D:\\visual code file\\Project_4\\Event-Analyzer\\test\\Logs\\System.evtx",
  "event_record_id": 1099,
  "xml": "<?xml version=\"1.0\" encoding=\"utf-8\"?>\n<Event xmlns=\"http://schemas.microsoft.com/win/2004/08/events/event\">\n  <System>\n    <Provider Name=\"Microsoft-Windows-Kernel-General\" Guid=\"A68CA8B7-004F-D7B6-A698-07E2DE0F1F5D\">\n    </Provider>\n    <EventID>12</EventID>\n    <Version>0</Version>\n    <Level>4</Level>\n    <Task>1</Task>\n    <Opcode>0</Opcode>\n    <Keywords>0x8000000000000080</Keywords>\n    <TimeCreated SystemTime=\"2025-01-24T10:49:58.497701Z\">\n    </TimeCreated>\n    <EventRecordID>1099</EventRecordID>\n    <Correlation>\n    </Correlation>\n    <Execution ProcessID=\"4\" ThreadID=\"8\">\n    </Execution>\n    <Channel>System</Channel>\n    <Computer>CTO-FILESVR</Computer>\n    <Security UserID=\"S-1-5-18\">\n    </Security>\n  </System>\n  <EventData>\n    <Data Name=\"MajorVersion\">10</Data>\n    <Data Name=\"MinorVersion\">0</Data>\n    <Data Name=\"BuildVersion\">19041</Data>\n    <Data Name=\"QfeVersion\">5369</Data>\n    <Data Name=\"ServiceVersion\">0</Data>\n    <Data Name=\"BootMode\">0</Data>\n    <Data Name=\"StartTime\">2025-01-24T10:49:56.500000Z</Data>\n  </EventData>\n</Event>\n",
  "json": "{\"Event\":{\"#attributes\":{\"xmlns\":\"http://schemas.microsoft.com/win/2004/08/events/event\"},\"System\":{\"Provider\":{\"#attributes\":{\"Name\":\"Microsoft-Windows-Kernel-General\",\"Guid\":\"A68CA8B7-004F-D7B6-A698-07E2DE0F1F5D\"}},\"EventID\":12,\"Version\":0,\"Level\":4,\"Task\":1,\"Opcode\":0,\"Keywords\":\"0x8000000000000080\",\"TimeCreated\":{\"#attributes\":{\"SystemTime\":\"2025-01-24T10:49:58.497701Z\"}},\"EventRecordID\":1099,\"Correlation\":null,\"Execution\":{\"#attributes\":{\"ProcessID\":4,\"ThreadID\":8}},\"Channel\":\"System\",\"Computer\":\"CTO-FILESVR\",\"Security\":{\"#attributes\":{\"UserID\":\"S-1-5-18\"}}},\"EventData\":{\"MajorVersion\":10,\"MinorVersion\":0,\"BuildVersion\":19041,\"QfeVersion\":5369,\"ServiceVersion\":0,\"BootMode\":0,\"StartTime\":\"2025-01-24T10:49:56.500000Z\"}}}",
  "xml_fields": {
    "provider": "Microsoft-Windows-Kernel-General",
    "event_id": "12",
    "timestamp": "2025-01-24T10:49:58.497701Z",
    "event_record_id": "1099",
    "level": "4",
    "task": "1",
    "opcode": "0",
    "keywords": "0x8000000000000080",
    "channel": "System",
    "computer": "CTO-FILESVR",
    "MajorVersion": "10",
    "MinorVersion": "0",
    "BuildVersion": "19041",
    "QfeVersion": "5369",
    "ServiceVersion": "0",
    "BootMode": "0",
    "StartTime": "2025-01-24T10:49:56.500000Z"
  },
  "json_fields": {
    "provider": "Microsoft-Windows-Kernel-General",
    "channel": "System",
    "event_id": "12",
    "timestamp": "2025-01-24T10:49:58.497701Z",
    "event_record_id": "1099",
    "level": "4",
    "task": "1",
    "opcode": "0",
    "keywords": "0x8000000000000080",
    "computer": "CTO-FILESVR",
    "MajorVersion": "10",
    "MinorVersion": "0",
    "BuildVersion": "19041",
    "QfeVersion": "5369",
    "ServiceVersion": "0",
    "BootMode": "0",
    "StartTime": "2025-01-24T10:49:56.500000Z"
  }
}