{
  "event_id": "12",
  "provider": "Microsoft-Windows-UserModePowerService",
  "channel": "System",
  "source_file": "D:\\visual code file\\Project_4\\Event-Analyzer\\test\\Logs\\System.evtx",
  "event_record_id": 1142,
  "xml": "<?xml version=\"1.0\" encoding=\"utf-8\"?>\n<Event xmlns=\"http://schemas.microsoft.com/win/2004/08/events/event\">\n  <System>\n    <Provider Name=\"Microsoft-Windows-UserModePowerService\" Guid=\"CE8DEE0B-D539-4000-B0F8-77BED049C590\">\n    </Provider>\n    <EventID>12</EventID>\n    <Version>0</Version>\n    <Level>4</Level>\n    <Task>10</Task>\n    <Opcode>0</Opcode>\n    <Keywords>0x4000000000000000</Keywords>\n    <TimeCreated SystemTime=\"2025-01-24T10:50:15.050330Z\">\n    </TimeCreated>\n    <EventRecordID>1142</EventRecordID>\n    <Correlation>\n    </Correlation>\n    <Execution ProcessID=\"812\" ThreadID=\"528\">\n    </Execution>\n    <Channel>System</Channel>\n    <Computer>CTO-FILESVR</Computer>\n    <Security UserID=\"S-1-5-18\">\n    </Security>\n  </System>\n  <EventData>\n    <Data Name=\"ProcessPath\">C:\\Windows\\WinSxS\\amd64_microsoft-windows-servicingstack_31bf3856ad364e35_10.0.19041.5363_none_7e1ab0d27c839437\\TiWorker.exe</Data>\n    <Data Name=\"ProcessPid\">1844</Data>\n    <Data Name=\"OldSchemeGuid\">381B4222-F694-41F0-9685-FF5BB260DF2E</Data>\n    <Data Name=\"NewSchemeGuid\">381B4222-F694-41F0-9685-FF5BB260DF2E</Data>\n  </EventData>\n</Event>\n",
  "json": "{\"Event\":{\"#attributes\":{\"xmlns\":\"http://schemas.microsoft.com/win/2004/08/events/event\"},\"System\":{\"Provider\":{\"#attributes\":{\"Name\":\"Microsoft-Windows-UserModePowerService\",\"Guid\":\"CE8DEE0B-D539-4000-B0F8-77BED049C590\"}},\"EventID\":12,\"Version\":0,\"Level\":4,\"Task\":10,\"Opcode\":0,\"Keywords\":\"0x4000000000000000\",\"TimeCreated\":{\"#attributes\":{\"SystemTime\":\"2025-01-24T10:50:15.050330Z\"}},\"EventRecordID\":1142,\"Correlation\":null,\"Execution\":{\"#attributes\":{\"ProcessID\":812,\"ThreadID\":528}},\"Channel\":\"System\",\"Computer\":\"CTO-FILESVR\",\"Security\":{\"#attributes\":{\"UserID\":\"S-1-5-18\"}}},\"EventData\":{\"ProcessPath\":\"C:\\\\Windows\\\\WinSxS\\\\amd64_microsoft-windows-servicingstack_31bf3856ad364e35_10.0.19041.5363_none_7e1ab0d27c839437\\\\TiWorker.exe\",\"ProcessPid\":1844,\"OldSchemeGuid\":\"381B4222-F694-41F0-9685-FF5BB260DF2E\",\"NewSchemeGuid\":\"381B4222-F694-41F0-9685-FF5BB260DF2E\"}}}",
  "xml_fields": {
    "provider": "Microsoft-Windows-UserModePowerService",
    "event_id": "12",
    "timestamp": "2025-01-24T10:50:15.050330Z",
    "event_record_id": "1142",
    "level": "4",
    "task": "10",
    "opcode": "0",
    "keywords": "0x4000000000000000",
    "channel": "System",
    "computer": "CTO-FILESVR",
    "ProcessPath": "C:\\Windows\\WinSxS\\amd64_microsoft-windows-servicingstack_31bf3856ad364e35_10.0.19041.5363_none_7e1ab0d27c839437\\TiWorker.exe",
    "ProcessPid": "1844",
    "OldSchemeGuid": "381B4222-F694-41F0-9685-FF5BB260DF2E",
    "NewSchemeGuid": "381B4222-F694-41F0-9685-FF5BB260DF2E"
  },
  "json_fields": {
    "provider": "Microsoft-Windows-UserModePowerService",
    "channel": "System",
    "event_id": "12",
    "timestamp": "2025-01-24T10:50:15.050330Z",
    "event_record_id": "1142",
    "level": "4",
    "task": "10",
    "opcode": "0",
    "keywords": "0x4000000000000000",
    "computer": "CTO-FILESVR",
    "ProcessPath": "C:\\Windows\\WinSxS\\amd64_microsoft-windows-servicingstack_31bf3856ad364e35_10.0.19041.5363_none_7e1ab0d27c839437\\TiWorker.exe",
    "ProcessPid": "1844",
    "OldSchemeGuid": "381B4222-F694-41F0-9685-FF5BB260DF2E",
    "NewSchemeGuid": "381B4222-F694-41F0-9685-FF5BB260DF2E"
  }
}