{
  "event_id": "1300",
  "provider": "Microsoft-Windows-ServerManager-DeploymentProvider",
  "channel": "Microsoft-Windows-ServerManager-DeploymentProvider/Operational",
  "source_file": "D:\\visual code file\\Project_4\\Event-Analyzer\\test\\Benign\\win2022-0-20348-azure\\Microsoft-Windows-ServerManager-DeploymentProvider%4Operational.evtx",
  "event_record_id": 16,
  "xml": "<?xml version=\"1.0\" encoding=\"utf-8\"?>\n<Event xmlns=\"http://schemas.microsoft.com/win/2004/08/events/event\">\n  <System>\n    <Provider Name=\"Microsoft-Windows-ServerManager-DeploymentProvider\" Guid=\"66AF9A38-2D94-11E0-A076-8534E0D72085\">\n    </Provider>\n    <EventID>1300</EventID>\n    <Version>0</Version>\n    <Level>4</Level>\n    <Task>2</Task>\n    <Opcode>0</Opcode>\n    <Keywords>0x8000000000000000</Keywords>\n    <TimeCreated SystemTime=\"2022-09-08T21:13:45.333938Z\">\n    </TimeCreated>\n    <EventRecordID>16</EventRecordID>\n    <Correlation ActivityID=\"2EC5A3B7-DFCC-470D-A0D2-D3EC4A5A3203\">\n    </Correlation>\n    <Execution ProcessID=\"3608\" ThreadID=\"6084\">\n    </Execution>\n    <Channel>Microsoft-Windows-ServerManager-DeploymentProvider/Operational</Channel>\n    <Computer>WIN-06FB45IHQ35</Computer>\n    <Security UserID=\"S-1-5-18\">\n    </Security>\n  </System>\n  <EventData>\n    <Data Name=\"value\">266</Data>\n  </EventData>\n</Event>\n",
  "json": "{\"Event\":{\"#attributes\":{\"xmlns\":\"http://schemas.microsoft.com/win/2004/08/events/event\"},\"System\":{\"Provider\":{\"#attributes\":{\"Name\":\"Microsoft-Windows-ServerManager-DeploymentProvider\",\"Guid\":\"66AF9A38-2D94-11E0-A076-8534E0D72085\"}},\"EventID\":1300,\"Version\":0,\"Level\":4,\"Task\":2,\"Opcode\":0,\"Keywords\":\"0x8000000000000000\",\"TimeCreated\":{\"#attributes\":{\"SystemTime\":\"2022-09-08T21:13:45.333938Z\"}},\"EventRecordID\":16,\"Correlation\":{\"#attributes\":{\"ActivityID\":\"2EC5A3B7-DFCC-470D-A0D2-D3EC4A5A3203\"}},\"Execution\":{\"#attributes\":{\"ProcessID\":3608,\"ThreadID\":6084}},\"Channel\":\"Microsoft-Windows-ServerManager-DeploymentProvider/Operational\",\"Computer\":\"WIN-06FB45IHQ35\",\"Security\":{\"#attributes\":{\"UserID\":\"S-1-5-18\"}}},\"EventData\":{\"value\":266}}}",
  "xml_fields": {
    "provider": "Microsoft-Windows-ServerManager-DeploymentProvider",
    "event_id": "1300",
    "timestamp": "2022-09-08T21:13:45.333938Z",
    "event_record_id": "16",
    "level": "4",
    "task": "2",
    "opcode": "0",
    "keywords": "0x8000000000000000",
    "channel": "Microsoft-Windows-ServerManager-DeploymentProvider/Operational",
    "computer": "WIN-06FB45IHQ35",
    "value": "266"
  },
  "json_fields": {
    "provider": "Microsoft-Windows-ServerManager-DeploymentProvider",
    "channel": "Microsoft-Windows-ServerManager-DeploymentProvider/Operational",
    "event_id": "1300",
    "timestamp": "2022-09-08T21:13:45.333938Z",
    "event_record_id": "16",
    "level": "4",
    "task": "2",
    "opcode": "0",
    "keywords": "0x8000000000000000",
    "computer": "WIN-06FB45IHQ35",
    "value": "266"
  }
}