{
  "event_id": "1309",
  "provider": "Microsoft-Windows-ServerManager-DeploymentProvider",
  "channel": "Microsoft-Windows-ServerManager-DeploymentProvider/Operational",
  "source_file": "D:\\visual code file\\Project_4\\Event-Analyzer\\test\\Benign\\win2022-0-20348-azure\\Microsoft-Windows-ServerManager-DeploymentProvider%4Operational.evtx",
  "event_record_id": 8,
  "xml": "<?xml version=\"1.0\" encoding=\"utf-8\"?>\n<Event xmlns=\"http://schemas.microsoft.com/win/2004/08/events/event\">\n  <System>\n    <Provider Name=\"Microsoft-Windows-ServerManager-DeploymentProvider\" Guid=\"66AF9A38-2D94-11E0-A076-8534E0D72085\">\n    </Provider>\n    <EventID>1309</EventID>\n    <Version>0</Version>\n    <Level>3</Level>\n    <Task>2</Task>\n    <Opcode>0</Opcode>\n    <Keywords>0x8000000000000000</Keywords>\n    <TimeCreated SystemTime=\"2022-09-08T21:02:44.195762Z\">\n    </TimeCreated>\n    <EventRecordID>8</EventRecordID>\n    <Correlation ActivityID=\"64825D25-AFCC-47D5-AFDD-F9DBBF4E82B2\">\n    </Correlation>\n    <Execution ProcessID=\"2536\" ThreadID=\"3784\">\n    </Execution>\n    <Channel>Microsoft-Windows-ServerManager-DeploymentProvider/Operational</Channel>\n    <Computer>WIN-06FB45IHQ35</Computer>\n    <Security UserID=\"S-1-5-18\">\n    </Security>\n  </System>\n  <EventData>\n    <Data Name=\"ptzMessage1\">PowerShell-V2</Data>\n    <Data Name=\"ptzMessage2\">NET-Framework-Core</Data>\n  </EventData>\n</Event>\n",
  "json": "{\"Event\":{\"#attributes\":{\"xmlns\":\"http://schemas.microsoft.com/win/2004/08/events/event\"},\"System\":{\"Provider\":{\"#attributes\":{\"Name\":\"Microsoft-Windows-ServerManager-DeploymentProvider\",\"Guid\":\"66AF9A38-2D94-11E0-A076-8534E0D72085\"}},\"EventID\":1309,\"Version\":0,\"Level\":3,\"Task\":2,\"Opcode\":0,\"Keywords\":\"0x8000000000000000\",\"TimeCreated\":{\"#attributes\":{\"SystemTime\":\"2022-09-08T21:02:44.195762Z\"}},\"EventRecordID\":8,\"Correlation\":{\"#attributes\":{\"ActivityID\":\"64825D25-AFCC-47D5-AFDD-F9DBBF4E82B2\"}},\"Execution\":{\"#attributes\":{\"ProcessID\":2536,\"ThreadID\":3784}},\"Channel\":\"Microsoft-Windows-ServerManager-DeploymentProvider/Operational\",\"Computer\":\"WIN-06FB45IHQ35\",\"Security\":{\"#attributes\":{\"UserID\":\"S-1-5-18\"}}},\"EventData\":{\"ptzMessage1\":\"PowerShell-V2\",\"ptzMessage2\":\"NET-Framework-Core\"}}}",
  "xml_fields": {
    "provider": "Microsoft-Windows-ServerManager-DeploymentProvider",
    "event_id": "1309",
    "timestamp": "2022-09-08T21:02:44.195762Z",
    "event_record_id": "8",
    "level": "3",
    "task": "2",
    "opcode": "0",
    "keywords": "0x8000000000000000",
    "channel": "Microsoft-Windows-ServerManager-DeploymentProvider/Operational",
    "computer": "WIN-06FB45IHQ35",
    "ptzMessage1": "PowerShell-V2",
    "ptzMessage2": "NET-Framework-Core"
  },
  "json_fields": {
    "provider": "Microsoft-Windows-ServerManager-DeploymentProvider",
    "channel": "Microsoft-Windows-ServerManager-DeploymentProvider/Operational",
    "event_id": "1309",
    "timestamp": "2022-09-08T21:02:44.195762Z",
    "event_record_id": "8",
    "level": "3",
    "task": "2",
    "opcode": "0",
    "keywords": "0x8000000000000000",
    "computer": "WIN-06FB45IHQ35",
    "ptzMessage1": "PowerShell-V2",
    "ptzMessage2": "NET-Framework-Core"
  }
}