{
  "event_id": "130",
  "provider": "Microsoft-Windows-Diagnosis-DPS",
  "channel": "Microsoft-Windows-Diagnosis-DPS/Operational",
  "source_file": "D:\\visual code file\\Project_4\\Event-Analyzer\\test\\Logs\\Microsoft-Windows-Diagnosis-DPS%4Operational.evtx",
  "event_record_id": 16,
  "xml": "<?xml version=\"1.0\" encoding=\"utf-8\"?>\n<Event xmlns=\"http://schemas.microsoft.com/win/2004/08/events/event\">\n  <System>\n    <Provider Name=\"Microsoft-Windows-Diagnosis-DPS\" Guid=\"6BBA3851-2C7E-4DEA-8F54-31E5AFD029E3\">\n    </Provider>\n    <EventID>130</EventID>\n    <Version>0</Version>\n    <Level>4</Level>\n    <Task>1</Task>\n    <Opcode>19</Opcode>\n    <Keywords>0x4000000800000000</Keywords>\n    <TimeCreated SystemTime=\"2025-01-06T12:18:00.840459Z\">\n    </TimeCreated>\n    <EventRecordID>16</EventRecordID>\n    <Correlation ActivityID=\"9F48508C-39FE-4823-A447-0F9D309FFA5E\">\n    </Correlation>\n    <Execution ProcessID=\"2672\" ThreadID=\"60\">\n    </Execution>\n    <Channel>Microsoft-Windows-Diagnosis-DPS/Operational</Channel>\n    <Computer>DESKTOP-P9H5FTA</Computer>\n    <Security UserID=\"S-1-5-19\">\n    </Security>\n  </System>\n  <EventData>\n    <Data Name=\"ScenarioId\">50CE107B-E1A1-4571-91C2-9150755FDE09</Data>\n    <Data Name=\"InstanceId\">9F48508C-39FE-4823-A447-0F9D309FFA5E</Data>\n    <Data Name=\"OriginalActivityId\">00000000-0000-0000-0000-000000000000</Data>\n    <Data Name=\"DiagnosticModuleImageName\">%WINDIR%\\SYSTEM32\\DXGWDI.DLL</Data>\n    <Data Name=\"DiagnosticModuleId\">7A54F16F-A73A-4258-BA46-A1E998A6AA74</Data>\n  </EventData>\n</Event>\n",
  "json": "{\"Event\":{\"#attributes\":{\"xmlns\":\"http://schemas.microsoft.com/win/2004/08/events/event\"},\"System\":{\"Provider\":{\"#attributes\":{\"Name\":\"Microsoft-Windows-Diagnosis-DPS\",\"Guid\":\"6BBA3851-2C7E-4DEA-8F54-31E5AFD029E3\"}},\"EventID\":130,\"Version\":0,\"Level\":4,\"Task\":1,\"Opcode\":19,\"Keywords\":\"0x4000000800000000\",\"TimeCreated\":{\"#attributes\":{\"SystemTime\":\"2025-01-06T12:18:00.840459Z\"}},\"EventRecordID\":16,\"Correlation\":{\"#attributes\":{\"ActivityID\":\"9F48508C-39FE-4823-A447-0F9D309FFA5E\"}},\"Execution\":{\"#attributes\":{\"ProcessID\":2672,\"ThreadID\":60}},\"Channel\":\"Microsoft-Windows-Diagnosis-DPS/Operational\",\"Computer\":\"DESKTOP-P9H5FTA\",\"Security\":{\"#attributes\":{\"UserID\":\"S-1-5-19\"}}},\"EventData\":{\"ScenarioId\":\"50CE107B-E1A1-4571-91C2-9150755FDE09\",\"InstanceId\":\"9F48508C-39FE-4823-A447-0F9D309FFA5E\",\"OriginalActivityId\":\"00000000-0000-0000-0000-000000000000\",\"DiagnosticModuleImageName\":\"%WINDIR%\\\\SYSTEM32\\\\DXGWDI.DLL\",\"DiagnosticModuleId\":\"7A54F16F-A73A-4258-BA46-A1E998A6AA74\"}}}",
  "xml_fields": {
    "provider": "Microsoft-Windows-Diagnosis-DPS",
    "event_id": "130",
    "timestamp": "2025-01-06T12:18:00.840459Z",
    "event_record_id": "16",
    "level": "4",
    "task": "1",
    "opcode": "19",
    "keywords": "0x4000000800000000",
    "channel": "Microsoft-Windows-Diagnosis-DPS/Operational",
    "computer": "DESKTOP-P9H5FTA",
    "ScenarioId": "50CE107B-E1A1-4571-91C2-9150755FDE09",
    "InstanceId": "9F48508C-39FE-4823-A447-0F9D309FFA5E",
    "OriginalActivityId": "00000000-0000-0000-0000-000000000000",
    "DiagnosticModuleImageName": "%WINDIR%\\SYSTEM32\\DXGWDI.DLL",
    "DiagnosticModuleId": "7A54F16F-A73A-4258-BA46-A1E998A6AA74"
  },
  "json_fields": {
    "provider": "Microsoft-Windows-Diagnosis-DPS",
    "channel": "Microsoft-Windows-Diagnosis-DPS/Operational",
    "event_id": "130",
    "timestamp": "2025-01-06T12:18:00.840459Z",
    "event_record_id": "16",
    "level": "4",
    "task": "1",
    "opcode": "19",
    "keywords": "0x4000000800000000",
    "computer": "DESKTOP-P9H5FTA",
    "ScenarioId": "50CE107B-E1A1-4571-91C2-9150755FDE09",
    "InstanceId": "9F48508C-39FE-4823-A447-0F9D309FFA5E",
    "OriginalActivityId": "00000000-0000-0000-0000-000000000000",
    "DiagnosticModuleImageName": "%WINDIR%\\SYSTEM32\\DXGWDI.DLL",
    "DiagnosticModuleId": "7A54F16F-A73A-4258-BA46-A1E998A6AA74"
  }
}