{
  "event_id": "1310",
  "provider": "Microsoft-Windows-PushNotifications-Platform",
  "channel": "Microsoft-Windows-PushNotification-Platform/Operational",
  "source_file": "D:\\visual code file\\Project_4\\Event-Analyzer\\test\\Benign\\Logs_Win11_2023\\Microsoft-Windows-PushNotification-Platform%4Operational.evtx",
  "event_record_id": 2331,
  "xml": "<?xml version=\"1.0\" encoding=\"utf-8\"?>\n<Event xmlns=\"http://schemas.microsoft.com/win/2004/08/events/event\">\n  <System>\n    <Provider Name=\"Microsoft-Windows-PushNotifications-Platform\" Guid=\"88CD9180-4491-4640-B571-E3BEE2527943\">\n    </Provider>\n    <EventID>1310</EventID>\n    <Version>0</Version>\n    <Level>4</Level>\n    <Task>0</Task>\n    <Opcode>0</Opcode>\n    <Keywords>0x8000000000400000</Keywords>\n    <TimeCreated SystemTime=\"2023-11-05T22:31:10.794558Z\">\n    </TimeCreated>\n    <EventRecordID>2331</EventRecordID>\n    <Correlation ActivityID=\"59A0D65F-1037-0000-90E3-A0593710DA01\">\n    </Correlation>\n    <Execution ProcessID=\"3280\" ThreadID=\"1712\">\n    </Execution>\n    <Channel>Microsoft-Windows-PushNotification-Platform/Operational</Channel>\n    <Computer>WinDev2310Eval</Computer>\n    <Security UserID=\"S-1-5-18\">\n    </Security>\n  </System>\n  <EventData>\n    <Data Name=\"ConnectionType\">1</Data>\n    <Data Name=\"OldIndex\">0</Data>\n    <Data Name=\"OldAddressFamily\">0</Data>\n    <Data Name=\"NewIndex\">4</Data>\n    <Data Name=\"NewAddressFamily\">0</Data>\n    <Data Name=\"NewPhysicalMediumType\">14</Data>\n  </EventData>\n</Event>\n",
  "json": "{\"Event\":{\"#attributes\":{\"xmlns\":\"http://schemas.microsoft.com/win/2004/08/events/event\"},\"System\":{\"Provider\":{\"#attributes\":{\"Name\":\"Microsoft-Windows-PushNotifications-Platform\",\"Guid\":\"88CD9180-4491-4640-B571-E3BEE2527943\"}},\"EventID\":1310,\"Version\":0,\"Level\":4,\"Task\":0,\"Opcode\":0,\"Keywords\":\"0x8000000000400000\",\"TimeCreated\":{\"#attributes\":{\"SystemTime\":\"2023-11-05T22:31:10.794558Z\"}},\"EventRecordID\":2331,\"Correlation\":{\"#attributes\":{\"ActivityID\":\"59A0D65F-1037-0000-90E3-A0593710DA01\"}},\"Execution\":{\"#attributes\":{\"ProcessID\":3280,\"ThreadID\":1712}},\"Channel\":\"Microsoft-Windows-PushNotification-Platform/Operational\",\"Computer\":\"WinDev2310Eval\",\"Security\":{\"#attributes\":{\"UserID\":\"S-1-5-18\"}}},\"EventData\":{\"ConnectionType\":1,\"OldIndex\":0,\"OldAddressFamily\":0,\"NewIndex\":4,\"NewAddressFamily\":0,\"NewPhysicalMediumType\":14}}}",
  "xml_fields": {
    "provider": "Microsoft-Windows-PushNotifications-Platform",
    "event_id": "1310",
    "timestamp": "2023-11-05T22:31:10.794558Z",
    "event_record_id": "2331",
    "level": "4",
    "task": "0",
    "opcode": "0",
    "keywords": "0x8000000000400000",
    "channel": "Microsoft-Windows-PushNotification-Platform/Operational",
    "computer": "WinDev2310Eval",
    "ConnectionType": "1",
    "OldIndex": "0",
    "OldAddressFamily": "0",
    "NewIndex": "4",
    "NewAddressFamily": "0",
    "NewPhysicalMediumType": "14"
  },
  "json_fields": {
    "provider": "Microsoft-Windows-PushNotifications-Platform",
    "channel": "Microsoft-Windows-PushNotification-Platform/Operational",
    "event_id": "1310",
    "timestamp": "2023-11-05T22:31:10.794558Z",
    "event_record_id": "2331",
    "level": "4",
    "task": "0",
    "opcode": "0",
    "keywords": "0x8000000000400000",
    "computer": "WinDev2310Eval",
    "ConnectionType": "1",
    "OldIndex": "0",
    "OldAddressFamily": "0",
    "NewIndex": "4",
    "NewAddressFamily": "0",
    "NewPhysicalMediumType": "14"
  }
}