{
  "event_id": "135",
  "provider": "Microsoft-Windows-Diagnosis-DPS",
  "channel": "Microsoft-Windows-Diagnosis-DPS/Operational",
  "source_file": "D:\\visual code file\\Project_4\\Event-Analyzer\\test\\Logs\\Microsoft-Windows-Diagnosis-DPS%4Operational.evtx",
  "event_record_id": 17,
  "xml": "<?xml version=\"1.0\" encoding=\"utf-8\"?>\n<Event xmlns=\"http://schemas.microsoft.com/win/2004/08/events/event\">\n  <System>\n    <Provider Name=\"Microsoft-Windows-Diagnosis-DPS\" Guid=\"6BBA3851-2C7E-4DEA-8F54-31E5AFD029E3\">\n    </Provider>\n    <EventID>135</EventID>\n    <Version>0</Version>\n    <Level>2</Level>\n    <Task>1</Task>\n    <Opcode>20</Opcode>\n    <Keywords>0x4000000800000000</Keywords>\n    <TimeCreated SystemTime=\"2024-11-04T13:15:02.929513Z\">\n    </TimeCreated>\n    <EventRecordID>17</EventRecordID>\n    <Correlation ActivityID=\"BFDC1F22-9824-449C-BABF-A2A7710BD474\">\n    </Correlation>\n    <Execution ProcessID=\"2672\" ThreadID=\"2720\">\n    </Execution>\n    <Channel>Microsoft-Windows-Diagnosis-DPS/Operational</Channel>\n    <Computer>DESKTOP-P9H5FTA</Computer>\n    <Security UserID=\"S-1-5-19\">\n    </Security>\n  </System>\n  <EventData>\n    <Data Name=\"ScenarioId\">FD5AA730-B53F-4B39-84E5-CB4303621D74</Data>\n    <Data Name=\"InstanceId\">BFDC1F22-9824-449C-BABF-A2A7710BD474</Data>\n    <Data Name=\"OriginalActivityId\">00000000-0000-0000-0000-000000000000</Data>\n    <Data Name=\"StatusCode\">2147943515</Data>\n    <Data Name=\"DiagnosticModuleImageName\">%SystemRoot%\\system32\\perftrack.dll</Data>\n    <Data Name=\"DiagnosticModuleId\">9C5A40DA-B965-4FC3-8781-88DD50A6299D</Data>\n  </EventData>\n</Event>\n",
  "json": "{\"Event\":{\"#attributes\":{\"xmlns\":\"http://schemas.microsoft.com/win/2004/08/events/event\"},\"System\":{\"Provider\":{\"#attributes\":{\"Name\":\"Microsoft-Windows-Diagnosis-DPS\",\"Guid\":\"6BBA3851-2C7E-4DEA-8F54-31E5AFD029E3\"}},\"EventID\":135,\"Version\":0,\"Level\":2,\"Task\":1,\"Opcode\":20,\"Keywords\":\"0x4000000800000000\",\"TimeCreated\":{\"#attributes\":{\"SystemTime\":\"2024-11-04T13:15:02.929513Z\"}},\"EventRecordID\":17,\"Correlation\":{\"#attributes\":{\"ActivityID\":\"BFDC1F22-9824-449C-BABF-A2A7710BD474\"}},\"Execution\":{\"#attributes\":{\"ProcessID\":2672,\"ThreadID\":2720}},\"Channel\":\"Microsoft-Windows-Diagnosis-DPS/Operational\",\"Computer\":\"DESKTOP-P9H5FTA\",\"Security\":{\"#attributes\":{\"UserID\":\"S-1-5-19\"}}},\"EventData\":{\"ScenarioId\":\"FD5AA730-B53F-4B39-84E5-CB4303621D74\",\"InstanceId\":\"BFDC1F22-9824-449C-BABF-A2A7710BD474\",\"OriginalActivityId\":\"00000000-0000-0000-0000-000000000000\",\"StatusCode\":2147943515,\"DiagnosticModuleImageName\":\"%SystemRoot%\\\\system32\\\\perftrack.dll\",\"DiagnosticModuleId\":\"9C5A40DA-B965-4FC3-8781-88DD50A6299D\"}}}",
  "xml_fields": {
    "provider": "Microsoft-Windows-Diagnosis-DPS",
    "event_id": "135",
    "timestamp": "2024-11-04T13:15:02.929513Z",
    "event_record_id": "17",
    "level": "2",
    "task": "1",
    "opcode": "20",
    "keywords": "0x4000000800000000",
    "channel": "Microsoft-Windows-Diagnosis-DPS/Operational",
    "computer": "DESKTOP-P9H5FTA",
    "ScenarioId": "FD5AA730-B53F-4B39-84E5-CB4303621D74",
    "InstanceId": "BFDC1F22-9824-449C-BABF-A2A7710BD474",
    "OriginalActivityId": "00000000-0000-0000-0000-000000000000",
    "StatusCode": "2147943515",
    "DiagnosticModuleImageName": "%SystemRoot%\\system32\\perftrack.dll",
    "DiagnosticModuleId": "9C5A40DA-B965-4FC3-8781-88DD50A6299D"
  },
  "json_fields": {
    "provider": "Microsoft-Windows-Diagnosis-DPS",
    "channel": "Microsoft-Windows-Diagnosis-DPS/Operational",
    "event_id": "135",
    "timestamp": "2024-11-04T13:15:02.929513Z",
    "event_record_id": "17",
    "level": "2",
    "task": "1",
    "opcode": "20",
    "keywords": "0x4000000800000000",
    "computer": "DESKTOP-P9H5FTA",
    "ScenarioId": "FD5AA730-B53F-4B39-84E5-CB4303621D74",
    "InstanceId": "BFDC1F22-9824-449C-BABF-A2A7710BD474",
    "OriginalActivityId": "00000000-0000-0000-0000-000000000000",
    "StatusCode": "2147943515",
    "DiagnosticModuleImageName": "%SystemRoot%\\system32\\perftrack.dll",
    "DiagnosticModuleId": "9C5A40DA-B965-4FC3-8781-88DD50A6299D"
  }
}