{
  "event_id": "135",
  "provider": "Microsoft-Windows-RemoteDesktopServices-RdpCoreTS",
  "channel": "Microsoft-Windows-RemoteDesktopServices-RdpCoreTS/Operational",
  "source_file": "D:\\visual code file\\Project_4\\Event-Analyzer\\test\\Logs\\Microsoft-Windows-RemoteDesktopServices-RdpCoreTS%4Operational.evtx",
  "event_record_id": 50,
  "xml": "<?xml version=\"1.0\" encoding=\"utf-8\"?>\n<Event xmlns=\"http://schemas.microsoft.com/win/2004/08/events/event\">\n  <System>\n    <Provider Name=\"Microsoft-Windows-RemoteDesktopServices-RdpCoreTS\" Guid=\"1139C61B-B549-4251-8ED3-27250A1EDEC8\">\n    </Provider>\n    <EventID>135</EventID>\n    <Version>0</Version>\n    <Level>4</Level>\n    <Task>4</Task>\n    <Opcode>15</Opcode>\n    <Keywords>0x4000000000000000</Keywords>\n    <TimeCreated SystemTime=\"2025-01-24T10:15:14.458304Z\">\n    </TimeCreated>\n    <EventRecordID>50</EventRecordID>\n    <Correlation ActivityID=\"F420E308-0D88-44F1-A6B8-8A0C82150000\">\n    </Correlation>\n    <Execution ProcessID=\"428\" ThreadID=\"1928\">\n    </Execution>\n    <Channel>Microsoft-Windows-RemoteDesktopServices-RdpCoreTS/Operational</Channel>\n    <Computer>CTO-FILESVR</Computer>\n    <Security UserID=\"S-1-5-20\">\n    </Security>\n  </System>\n  <EventData>\n    <Data Name=\"TunnelID\">3</Data>\n    <Data Name=\"TransportType\">TCP: Reason Code: 2 (Forced by Server Configuration)</Data>\n  </EventData>\n</Event>\n",
  "json": "{\"Event\":{\"#attributes\":{\"xmlns\":\"http://schemas.microsoft.com/win/2004/08/events/event\"},\"System\":{\"Provider\":{\"#attributes\":{\"Name\":\"Microsoft-Windows-RemoteDesktopServices-RdpCoreTS\",\"Guid\":\"1139C61B-B549-4251-8ED3-27250A1EDEC8\"}},\"EventID\":135,\"Version\":0,\"Level\":4,\"Task\":4,\"Opcode\":15,\"Keywords\":\"0x4000000000000000\",\"TimeCreated\":{\"#attributes\":{\"SystemTime\":\"2025-01-24T10:15:14.458304Z\"}},\"EventRecordID\":50,\"Correlation\":{\"#attributes\":{\"ActivityID\":\"F420E308-0D88-44F1-A6B8-8A0C82150000\"}},\"Execution\":{\"#attributes\":{\"ProcessID\":428,\"ThreadID\":1928}},\"Channel\":\"Microsoft-Windows-RemoteDesktopServices-RdpCoreTS/Operational\",\"Computer\":\"CTO-FILESVR\",\"Security\":{\"#attributes\":{\"UserID\":\"S-1-5-20\"}}},\"EventData\":{\"TunnelID\":3,\"TransportType\":\"TCP: Reason Code: 2 (Forced by Server Configuration)\"}}}",
  "xml_fields": {
    "provider": "Microsoft-Windows-RemoteDesktopServices-RdpCoreTS",
    "event_id": "135",
    "timestamp": "2025-01-24T10:15:14.458304Z",
    "event_record_id": "50",
    "level": "4",
    "task": "4",
    "opcode": "15",
    "keywords": "0x4000000000000000",
    "channel": "Microsoft-Windows-RemoteDesktopServices-RdpCoreTS/Operational",
    "computer": "CTO-FILESVR",
    "TunnelID": "3",
    "TransportType": "TCP: Reason Code: 2 (Forced by Server Configuration)"
  },
  "json_fields": {
    "provider": "Microsoft-Windows-RemoteDesktopServices-RdpCoreTS",
    "channel": "Microsoft-Windows-RemoteDesktopServices-RdpCoreTS/Operational",
    "event_id": "135",
    "timestamp": "2025-01-24T10:15:14.458304Z",
    "event_record_id": "50",
    "level": "4",
    "task": "4",
    "opcode": "15",
    "keywords": "0x4000000000000000",
    "computer": "CTO-FILESVR",
    "TunnelID": "3",
    "TransportType": "TCP: Reason Code: 2 (Forced by Server Configuration)"
  }
}