{
  "event_id": "136",
  "provider": "Microsoft-Windows-ServerManager-MultiMachine",
  "channel": "Microsoft-Windows-ServerManager-MultiMachine/Operational",
  "source_file": "D:\\visual code file\\Project_4\\Event-Analyzer\\test\\Benign\\win2022-0-20348-azure\\Microsoft-Windows-ServerManager-MultiMachine%4Operational.evtx",
  "event_record_id": 825,
  "xml": "<?xml version=\"1.0\" encoding=\"utf-8\"?>\n<Event xmlns=\"http://schemas.microsoft.com/win/2004/08/events/event\">\n  <System>\n    <Provider Name=\"Microsoft-Windows-ServerManager-MultiMachine\" Guid=\"D8D37081-10BD-4A89-A971-1CDA6899BDB3\">\n    </Provider>\n    <EventID>136</EventID>\n    <Version>0</Version>\n    <Level>4</Level>\n    <Task>10</Task>\n    <Opcode>0</Opcode>\n    <Keywords>0x2000000000000000</Keywords>\n    <TimeCreated SystemTime=\"2022-09-18T09:49:54.726041Z\">\n    </TimeCreated>\n    <EventRecordID>825</EventRecordID>\n    <Correlation ActivityID=\"F2BEEF37-C712-4043-B9AC-924745E2E21F\">\n    </Correlation>\n    <Execution ProcessID=\"3852\" ThreadID=\"392\">\n    </Execution>\n    <Channel>Microsoft-Windows-ServerManager-MultiMachine/Operational</Channel>\n    <Computer>Agamemnon</Computer>\n    <Security UserID=\"S-1-5-21-3574161147-2844031704-266979156-500\">\n    </Security>\n  </System>\n  <EventData>\n    <Data Name=\"MachineName\">Agamemnon</Data>\n    <Data Name=\"OperationName\">GetServerEventDetail</Data>\n    <Data Name=\"MessageId\">(None)</Data>\n    <Data Name=\"Message\">Events from 'WebServer.Events.xml' could not be enumerated.\r\n</Data>\n  </EventData>\n</Event>\n",
  "json": "{\"Event\":{\"#attributes\":{\"xmlns\":\"http://schemas.microsoft.com/win/2004/08/events/event\"},\"System\":{\"Provider\":{\"#attributes\":{\"Name\":\"Microsoft-Windows-ServerManager-MultiMachine\",\"Guid\":\"D8D37081-10BD-4A89-A971-1CDA6899BDB3\"}},\"EventID\":136,\"Version\":0,\"Level\":4,\"Task\":10,\"Opcode\":0,\"Keywords\":\"0x2000000000000000\",\"TimeCreated\":{\"#attributes\":{\"SystemTime\":\"2022-09-18T09:49:54.726041Z\"}},\"EventRecordID\":825,\"Correlation\":{\"#attributes\":{\"ActivityID\":\"F2BEEF37-C712-4043-B9AC-924745E2E21F\"}},\"Execution\":{\"#attributes\":{\"ProcessID\":3852,\"ThreadID\":392}},\"Channel\":\"Microsoft-Windows-ServerManager-MultiMachine/Operational\",\"Computer\":\"Agamemnon\",\"Security\":{\"#attributes\":{\"UserID\":\"S-1-5-21-3574161147-2844031704-266979156-500\"}}},\"EventData\":{\"MachineName\":\"Agamemnon\",\"OperationName\":\"GetServerEventDetail\",\"MessageId\":\"(None)\",\"Message\":\"Events from 'WebServer.Events.xml' could not be enumerated.\\r\\n\"}}}",
  "xml_fields": {
    "provider": "Microsoft-Windows-ServerManager-MultiMachine",
    "event_id": "136",
    "timestamp": "2022-09-18T09:49:54.726041Z",
    "event_record_id": "825",
    "level": "4",
    "task": "10",
    "opcode": "0",
    "keywords": "0x2000000000000000",
    "channel": "Microsoft-Windows-ServerManager-MultiMachine/Operational",
    "computer": "Agamemnon",
    "MachineName": "Agamemnon",
    "OperationName": "GetServerEventDetail",
    "MessageId": "(None)",
    "Message": "Events from 'WebServer.Events.xml' could not be enumerated.\n"
  },
  "json_fields": {
    "provider": "Microsoft-Windows-ServerManager-MultiMachine",
    "channel": "Microsoft-Windows-ServerManager-MultiMachine/Operational",
    "event_id": "136",
    "timestamp": "2022-09-18T09:49:54.726041Z",
    "event_record_id": "825",
    "level": "4",
    "task": "10",
    "opcode": "0",
    "keywords": "0x2000000000000000",
    "computer": "Agamemnon",
    "MachineName": "Agamemnon",
    "OperationName": "GetServerEventDetail",
    "MessageId": "(None)",
    "Message": "Events from 'WebServer.Events.xml' could not be enumerated.\r\n"
  }
}