{
  "event_id": "137",
  "provider": "Microsoft-Windows-Time-Service",
  "channel": "System",
  "source_file": "D:\\visual code file\\Project_4\\Event-Analyzer\\test\\Benign\\Logs_Win11\\System.evtx",
  "event_record_id": 244,
  "xml": "<?xml version=\"1.0\" encoding=\"utf-8\"?>\n<Event xmlns=\"http://schemas.microsoft.com/win/2004/08/events/event\">\n  <System>\n    <Provider Name=\"Microsoft-Windows-Time-Service\" Guid=\"06EDCFEB-0FD0-4E53-ACCA-A6F8BBF81BCB\">\n    </Provider>\n    <EventID>137</EventID>\n    <Version>0</Version>\n    <Level>4</Level>\n    <Task>0</Task>\n    <Opcode>0</Opcode>\n    <Keywords>0x8000000000000000</Keywords>\n    <TimeCreated SystemTime=\"2022-03-01T17:00:00.785395Z\">\n    </TimeCreated>\n    <EventRecordID>244</EventRecordID>\n    <Correlation>\n    </Correlation>\n    <Execution ProcessID=\"1684\" ThreadID=\"5044\">\n    </Execution>\n    <Channel>System</Channel>\n    <Computer>DESKTOP-6D0DBMB</Computer>\n    <Security UserID=\"S-1-5-19\">\n    </Security>\n  </System>\n  <EventData Name=\"TMP_EVENT_MANUAL_PEER_SUCCESS_ERROR\">\n    <Data Name=\"ManualPeer\">time.windows.com,0x9</Data>\n  </EventData>\n</Event>\n",
  "json": "{\"Event\":{\"#attributes\":{\"xmlns\":\"http://schemas.microsoft.com/win/2004/08/events/event\"},\"System\":{\"Provider\":{\"#attributes\":{\"Name\":\"Microsoft-Windows-Time-Service\",\"Guid\":\"06EDCFEB-0FD0-4E53-ACCA-A6F8BBF81BCB\"}},\"EventID\":137,\"Version\":0,\"Level\":4,\"Task\":0,\"Opcode\":0,\"Keywords\":\"0x8000000000000000\",\"TimeCreated\":{\"#attributes\":{\"SystemTime\":\"2022-03-01T17:00:00.785395Z\"}},\"EventRecordID\":244,\"Correlation\":null,\"Execution\":{\"#attributes\":{\"ProcessID\":1684,\"ThreadID\":5044}},\"Channel\":\"System\",\"Computer\":\"DESKTOP-6D0DBMB\",\"Security\":{\"#attributes\":{\"UserID\":\"S-1-5-19\"}}},\"EventData\":{\"#attributes\":{\"Name\":\"TMP_EVENT_MANUAL_PEER_SUCCESS_ERROR\"},\"ManualPeer\":\"time.windows.com,0x9\"}}}",
  "xml_fields": {
    "provider": "Microsoft-Windows-Time-Service",
    "event_id": "137",
    "timestamp": "2022-03-01T17:00:00.785395Z",
    "event_record_id": "244",
    "level": "4",
    "task": "0",
    "opcode": "0",
    "keywords": "0x8000000000000000",
    "channel": "System",
    "computer": "DESKTOP-6D0DBMB",
    "ManualPeer": "time.windows.com,0x9"
  },
  "json_fields": {
    "provider": "Microsoft-Windows-Time-Service",
    "channel": "System",
    "event_id": "137",
    "timestamp": "2022-03-01T17:00:00.785395Z",
    "event_record_id": "244",
    "level": "4",
    "task": "0",
    "opcode": "0",
    "keywords": "0x8000000000000000",
    "computer": "DESKTOP-6D0DBMB",
    "ManualPeer": "time.windows.com,0x9"
  }
}