{
  "event_id": "139",
  "provider": "Microsoft-Windows-Time-Service",
  "channel": "System",
  "source_file": "D:\\visual code file\\Project_4\\Event-Analyzer\\test\\Benign\\Win2022-AD\\System.evtx",
  "event_record_id": 732,
  "xml": "<?xml version=\"1.0\" encoding=\"utf-8\"?>\n<Event xmlns=\"http://schemas.microsoft.com/win/2004/08/events/event\">\n  <System>\n    <Provider Name=\"Microsoft-Windows-Time-Service\" Guid=\"06EDCFEB-0FD0-4E53-ACCA-A6F8BBF81BCB\">\n    </Provider>\n    <EventID>139</EventID>\n    <Version>0</Version>\n    <Level>4</Level>\n    <Task>0</Task>\n    <Opcode>0</Opcode>\n    <Keywords>0x8000000000000000</Keywords>\n    <TimeCreated SystemTime=\"2022-04-07T08:15:02.579368Z\">\n    </TimeCreated>\n    <EventRecordID>732</EventRecordID>\n    <Correlation>\n    </Correlation>\n    <Execution ProcessID=\"796\" ThreadID=\"3176\">\n    </Execution>\n    <Channel>System</Channel>\n    <Computer>WIN-FPV0DSIC9O6.sigma.fr</Computer>\n    <Security UserID=\"S-1-5-19\">\n    </Security>\n  </System>\n  <EventData Name=\"TMP_EVENT_START_ADVERTISING\">\n  </EventData>\n</Event>\n",
  "json": "{\"Event\":{\"#attributes\":{\"xmlns\":\"http://schemas.microsoft.com/win/2004/08/events/event\"},\"System\":{\"Provider\":{\"#attributes\":{\"Name\":\"Microsoft-Windows-Time-Service\",\"Guid\":\"06EDCFEB-0FD0-4E53-ACCA-A6F8BBF81BCB\"}},\"EventID\":139,\"Version\":0,\"Level\":4,\"Task\":0,\"Opcode\":0,\"Keywords\":\"0x8000000000000000\",\"TimeCreated\":{\"#attributes\":{\"SystemTime\":\"2022-04-07T08:15:02.579368Z\"}},\"EventRecordID\":732,\"Correlation\":null,\"Execution\":{\"#attributes\":{\"ProcessID\":796,\"ThreadID\":3176}},\"Channel\":\"System\",\"Computer\":\"WIN-FPV0DSIC9O6.sigma.fr\",\"Security\":{\"#attributes\":{\"UserID\":\"S-1-5-19\"}}},\"EventData\":{\"#attributes\":{\"Name\":\"TMP_EVENT_START_ADVERTISING\"}}}}",
  "xml_fields": {
    "provider": "Microsoft-Windows-Time-Service",
    "event_id": "139",
    "timestamp": "2022-04-07T08:15:02.579368Z",
    "event_record_id": "732",
    "level": "4",
    "task": "0",
    "opcode": "0",
    "keywords": "0x8000000000000000",
    "channel": "System",
    "computer": "WIN-FPV0DSIC9O6.sigma.fr"
  },
  "json_fields": {
    "provider": "Microsoft-Windows-Time-Service",
    "channel": "System",
    "event_id": "139",
    "timestamp": "2022-04-07T08:15:02.579368Z",
    "event_record_id": "732",
    "level": "4",
    "task": "0",
    "opcode": "0",
    "keywords": "0x8000000000000000",
    "computer": "WIN-FPV0DSIC9O6.sigma.fr"
  }
}