{
  "event_id": "139",
  "provider": "Microsoft-Windows-RemoteDesktopServices-RdpCoreTS",
  "channel": "Microsoft-Windows-RemoteDesktopServices-RdpCoreTS/Operational",
  "source_file": "D:\\visual code file\\Project_4\\Event-Analyzer\\test\\Benign\\win2022-0-20348-azure\\Microsoft-Windows-RemoteDesktopServices-RdpCoreTS%4Operational.evtx",
  "event_record_id": 604,
  "xml": "<?xml version=\"1.0\" encoding=\"utf-8\"?>\n<Event xmlns=\"http://schemas.microsoft.com/win/2004/08/events/event\">\n  <System>\n    <Provider Name=\"Microsoft-Windows-RemoteDesktopServices-RdpCoreTS\" Guid=\"1139C61B-B549-4251-8ED3-27250A1EDEC8\">\n    </Provider>\n    <EventID>139</EventID>\n    <Version>0</Version>\n    <Level>3</Level>\n    <Task>4</Task>\n    <Opcode>14</Opcode>\n    <Keywords>0x4000000000000000</Keywords>\n    <TimeCreated SystemTime=\"2022-09-18T11:22:58.572007Z\">\n    </TimeCreated>\n    <EventRecordID>604</EventRecordID>\n    <Correlation ActivityID=\"F4207E16-0FC5-47BF-9956-8111AB7A0000\">\n    </Correlation>\n    <Execution ProcessID=\"860\" ThreadID=\"5988\">\n    </Execution>\n    <Channel>Microsoft-Windows-RemoteDesktopServices-RdpCoreTS/Operational</Channel>\n    <Computer>Agamemnon</Computer>\n    <Security UserID=\"S-1-5-20\">\n    </Security>\n  </System>\n  <EventData>\n    <Data Name=\"ResultCode\">0x80090304</Data>\n    <Data Name=\"IPString\">137.135.80.110</Data>\n  </EventData>\n</Event>\n",
  "json": "{\"Event\":{\"#attributes\":{\"xmlns\":\"http://schemas.microsoft.com/win/2004/08/events/event\"},\"System\":{\"Provider\":{\"#attributes\":{\"Name\":\"Microsoft-Windows-RemoteDesktopServices-RdpCoreTS\",\"Guid\":\"1139C61B-B549-4251-8ED3-27250A1EDEC8\"}},\"EventID\":139,\"Version\":0,\"Level\":3,\"Task\":4,\"Opcode\":14,\"Keywords\":\"0x4000000000000000\",\"TimeCreated\":{\"#attributes\":{\"SystemTime\":\"2022-09-18T11:22:58.572007Z\"}},\"EventRecordID\":604,\"Correlation\":{\"#attributes\":{\"ActivityID\":\"F4207E16-0FC5-47BF-9956-8111AB7A0000\"}},\"Execution\":{\"#attributes\":{\"ProcessID\":860,\"ThreadID\":5988}},\"Channel\":\"Microsoft-Windows-RemoteDesktopServices-RdpCoreTS/Operational\",\"Computer\":\"Agamemnon\",\"Security\":{\"#attributes\":{\"UserID\":\"S-1-5-20\"}}},\"EventData\":{\"ResultCode\":\"0x80090304\",\"IPString\":\"137.135.80.110\"}}}",
  "xml_fields": {
    "provider": "Microsoft-Windows-RemoteDesktopServices-RdpCoreTS",
    "event_id": "139",
    "timestamp": "2022-09-18T11:22:58.572007Z",
    "event_record_id": "604",
    "level": "3",
    "task": "4",
    "opcode": "14",
    "keywords": "0x4000000000000000",
    "channel": "Microsoft-Windows-RemoteDesktopServices-RdpCoreTS/Operational",
    "computer": "Agamemnon",
    "ResultCode": "0x80090304",
    "IPString": "137.135.80.110"
  },
  "json_fields": {
    "provider": "Microsoft-Windows-RemoteDesktopServices-RdpCoreTS",
    "channel": "Microsoft-Windows-RemoteDesktopServices-RdpCoreTS/Operational",
    "event_id": "139",
    "timestamp": "2022-09-18T11:22:58.572007Z",
    "event_record_id": "604",
    "level": "3",
    "task": "4",
    "opcode": "14",
    "keywords": "0x4000000000000000",
    "computer": "Agamemnon",
    "ResultCode": "0x80090304",
    "IPString": "137.135.80.110"
  }
}