{
  "event_id": "13",
  "provider": "Microsoft-Windows-Servicing",
  "channel": "Setup",
  "source_file": "D:\\visual code file\\Project_4\\Event-Analyzer\\test\\Benign\\win2022-0-20348-azure\\Setup.evtx",
  "event_record_id": 84,
  "xml": "<?xml version=\"1.0\" encoding=\"utf-8\"?>\n<Event xmlns=\"http://schemas.microsoft.com/win/2004/08/events/event\">\n  <System>\n    <Provider Name=\"Microsoft-Windows-Servicing\" Guid=\"BD12F3B8-FC40-4A61-A307-B7A013A069C1\">\n    </Provider>\n    <EventID>13</EventID>\n    <Version>0</Version>\n    <Level>0</Level>\n    <Task>1</Task>\n    <Opcode>0</Opcode>\n    <Keywords>0x8000000000000000</Keywords>\n    <TimeCreated SystemTime=\"2022-09-18T09:49:39.302280Z\">\n    </TimeCreated>\n    <EventRecordID>84</EventRecordID>\n    <Correlation>\n    </Correlation>\n    <Execution ProcessID=\"7440\" ThreadID=\"7776\">\n    </Execution>\n    <Channel>Setup</Channel>\n    <Computer>Agamemnon</Computer>\n    <Security UserID=\"S-1-5-18\">\n    </Security>\n  </System>\n  <UserData>\n    <CbsUpdateChangeState xmlns=\"http://manifests.microsoft.com/win/2004/08/windows/setup_provider\">\n      <UpdateName>BITS</UpdateName>\n      <PackageIdentifier>LightweightServer</PackageIdentifier>\n      <ErrorCode>0x0</ErrorCode>\n      <Client>DISM Package Manager Provider</Client>\n    </CbsUpdateChangeState>\n  </UserData>\n</Event>\n",
  "json": "{\"Event\":{\"#attributes\":{\"xmlns\":\"http://schemas.microsoft.com/win/2004/08/events/event\"},\"System\":{\"Provider\":{\"#attributes\":{\"Name\":\"Microsoft-Windows-Servicing\",\"Guid\":\"BD12F3B8-FC40-4A61-A307-B7A013A069C1\"}},\"EventID\":13,\"Version\":0,\"Level\":0,\"Task\":1,\"Opcode\":0,\"Keywords\":\"0x8000000000000000\",\"TimeCreated\":{\"#attributes\":{\"SystemTime\":\"2022-09-18T09:49:39.302280Z\"}},\"EventRecordID\":84,\"Correlation\":null,\"Execution\":{\"#attributes\":{\"ProcessID\":7440,\"ThreadID\":7776}},\"Channel\":\"Setup\",\"Computer\":\"Agamemnon\",\"Security\":{\"#attributes\":{\"UserID\":\"S-1-5-18\"}}},\"UserData\":{\"CbsUpdateChangeState\":{\"#attributes\":{\"xmlns\":\"http://manifests.microsoft.com/win/2004/08/windows/setup_provider\"},\"UpdateName\":\"BITS\",\"PackageIdentifier\":\"LightweightServer\",\"ErrorCode\":\"0x0\",\"Client\":\"DISM Package Manager Provider\"}}}}",
  "xml_fields": {
    "provider": "Microsoft-Windows-Servicing",
    "event_id": "13",
    "timestamp": "2022-09-18T09:49:39.302280Z",
    "event_record_id": "84",
    "level": "0",
    "task": "1",
    "opcode": "0",
    "keywords": "0x8000000000000000",
    "channel": "Setup",
    "computer": "Agamemnon",
    "UpdateName": "BITS",
    "PackageIdentifier": "LightweightServer",
    "ErrorCode": "0x0",
    "Client": "DISM Package Manager Provider"
  },
  "json_fields": {
    "provider": "Microsoft-Windows-Servicing",
    "channel": "Setup",
    "event_id": "13",
    "timestamp": "2022-09-18T09:49:39.302280Z",
    "event_record_id": "84",
    "level": "0",
    "task": "1",
    "opcode": "0",
    "keywords": "0x8000000000000000",
    "computer": "Agamemnon",
    "UpdateName": "BITS",
    "PackageIdentifier": "LightweightServer",
    "ErrorCode": "0x0",
    "Client": "DISM Package Manager Provider"
  }
}