{
  "event_id": "13",
  "provider": "Microsoft-Windows-Kernel-General",
  "channel": "System",
  "source_file": "D:\\visual code file\\Project_4\\Event-Analyzer\\test\\Logs\\System.evtx",
  "event_record_id": 1098,
  "xml": "<?xml version=\"1.0\" encoding=\"utf-8\"?>\n<Event xmlns=\"http://schemas.microsoft.com/win/2004/08/events/event\">\n  <System>\n    <Provider Name=\"Microsoft-Windows-Kernel-General\" Guid=\"A68CA8B7-004F-D7B6-A698-07E2DE0F1F5D\">\n    </Provider>\n    <EventID>13</EventID>\n    <Version>0</Version>\n    <Level>4</Level>\n    <Task>2</Task>\n    <Opcode>0</Opcode>\n    <Keywords>0x8000000000000080</Keywords>\n    <TimeCreated SystemTime=\"2025-01-24T10:49:46.484213Z\">\n    </TimeCreated>\n    <EventRecordID>1098</EventRecordID>\n    <Correlation>\n    </Correlation>\n    <Execution ProcessID=\"4\" ThreadID=\"6112\">\n    </Execution>\n    <Channel>System</Channel>\n    <Computer>CTO-FILESVR</Computer>\n    <Security>\n    </Security>\n  </System>\n  <EventData>\n    <Data Name=\"StopTime\">2025-01-24T10:49:46.484208Z</Data>\n  </EventData>\n</Event>\n",
  "json": "{\"Event\":{\"#attributes\":{\"xmlns\":\"http://schemas.microsoft.com/win/2004/08/events/event\"},\"System\":{\"Provider\":{\"#attributes\":{\"Name\":\"Microsoft-Windows-Kernel-General\",\"Guid\":\"A68CA8B7-004F-D7B6-A698-07E2DE0F1F5D\"}},\"EventID\":13,\"Version\":0,\"Level\":4,\"Task\":2,\"Opcode\":0,\"Keywords\":\"0x8000000000000080\",\"TimeCreated\":{\"#attributes\":{\"SystemTime\":\"2025-01-24T10:49:46.484213Z\"}},\"EventRecordID\":1098,\"Correlation\":null,\"Execution\":{\"#attributes\":{\"ProcessID\":4,\"ThreadID\":6112}},\"Channel\":\"System\",\"Computer\":\"CTO-FILESVR\",\"Security\":null},\"EventData\":{\"StopTime\":\"2025-01-24T10:49:46.484208Z\"}}}",
  "xml_fields": {
    "provider": "Microsoft-Windows-Kernel-General",
    "event_id": "13",
    "timestamp": "2025-01-24T10:49:46.484213Z",
    "event_record_id": "1098",
    "level": "4",
    "task": "2",
    "opcode": "0",
    "keywords": "0x8000000000000080",
    "channel": "System",
    "computer": "CTO-FILESVR",
    "StopTime": "2025-01-24T10:49:46.484208Z"
  },
  "json_fields": {
    "provider": "Microsoft-Windows-Kernel-General",
    "channel": "System",
    "event_id": "13",
    "timestamp": "2025-01-24T10:49:46.484213Z",
    "event_record_id": "1098",
    "level": "4",
    "task": "2",
    "opcode": "0",
    "keywords": "0x8000000000000080",
    "computer": "CTO-FILESVR",
    "StopTime": "2025-01-24T10:49:46.484208Z"
  }
}