{
  "event_id": "1403",
  "provider": "Microsoft-Windows-ShellCommon-StartLayoutPopulation",
  "channel": "Microsoft-Windows-ShellCommon-StartLayoutPopulation/Operational",
  "source_file": "D:\\visual code file\\Project_4\\Event-Analyzer\\test\\Logs\\Microsoft-Windows-ShellCommon-StartLayoutPopulation%4Operational.evtx",
  "event_record_id": 53,
  "xml": "<?xml version=\"1.0\" encoding=\"utf-8\"?>\n<Event xmlns=\"http://schemas.microsoft.com/win/2004/08/events/event\">\n  <System>\n    <Provider Name=\"Microsoft-Windows-ShellCommon-StartLayoutPopulation\" Guid=\"97CA8142-10B1-4BAA-9FBB-70A7D11231C3\">\n    </Provider>\n    <EventID>1403</EventID>\n    <Version>0</Version>\n    <Level>4</Level>\n    <Task>1002</Task>\n    <Opcode>0</Opcode>\n    <Keywords>0x4000000000000000</Keywords>\n    <TimeCreated SystemTime=\"2024-11-04T12:47:42.939886Z\">\n    </TimeCreated>\n    <EventRecordID>53</EventRecordID>\n    <Correlation>\n    </Correlation>\n    <Execution ProcessID=\"2088\" ThreadID=\"564\">\n    </Execution>\n    <Channel>Microsoft-Windows-ShellCommon-StartLayoutPopulation/Operational</Channel>\n    <Computer>DESKTOP-P9H5FTA</Computer>\n    <Security UserID=\"S-1-5-21-3088055692-629932344-1786574096-1001\">\n    </Security>\n  </System>\n  <EventData>\n  </EventData>\n</Event>\n",
  "json": "{\"Event\":{\"#attributes\":{\"xmlns\":\"http://schemas.microsoft.com/win/2004/08/events/event\"},\"System\":{\"Provider\":{\"#attributes\":{\"Name\":\"Microsoft-Windows-ShellCommon-StartLayoutPopulation\",\"Guid\":\"97CA8142-10B1-4BAA-9FBB-70A7D11231C3\"}},\"EventID\":1403,\"Version\":0,\"Level\":4,\"Task\":1002,\"Opcode\":0,\"Keywords\":\"0x4000000000000000\",\"TimeCreated\":{\"#attributes\":{\"SystemTime\":\"2024-11-04T12:47:42.939886Z\"}},\"EventRecordID\":53,\"Correlation\":null,\"Execution\":{\"#attributes\":{\"ProcessID\":2088,\"ThreadID\":564}},\"Channel\":\"Microsoft-Windows-ShellCommon-StartLayoutPopulation/Operational\",\"Computer\":\"DESKTOP-P9H5FTA\",\"Security\":{\"#attributes\":{\"UserID\":\"S-1-5-21-3088055692-629932344-1786574096-1001\"}}},\"EventData\":null}}",
  "xml_fields": {
    "provider": "Microsoft-Windows-ShellCommon-StartLayoutPopulation",
    "event_id": "1403",
    "timestamp": "2024-11-04T12:47:42.939886Z",
    "event_record_id": "53",
    "level": "4",
    "task": "1002",
    "opcode": "0",
    "keywords": "0x4000000000000000",
    "channel": "Microsoft-Windows-ShellCommon-StartLayoutPopulation/Operational",
    "computer": "DESKTOP-P9H5FTA"
  },
  "json_fields": {
    "provider": "Microsoft-Windows-ShellCommon-StartLayoutPopulation",
    "channel": "Microsoft-Windows-ShellCommon-StartLayoutPopulation/Operational",
    "event_id": "1403",
    "timestamp": "2024-11-04T12:47:42.939886Z",
    "event_record_id": "53",
    "level": "4",
    "task": "1002",
    "opcode": "0",
    "keywords": "0x4000000000000000",
    "computer": "DESKTOP-P9H5FTA"
  }
}