{
  "event_id": "142",
  "provider": "Microsoft-Windows-WinRM",
  "channel": "Microsoft-Windows-WinRM/Operational",
  "source_file": "D:\\visual code file\\Project_4\\Event-Analyzer\\test\\Logs\\Microsoft-Windows-WinRM%4Operational.evtx",
  "event_record_id": 4,
  "xml": "<?xml version=\"1.0\" encoding=\"utf-8\"?>\n<Event xmlns=\"http://schemas.microsoft.com/win/2004/08/events/event\">\n  <System>\n    <Provider Name=\"Microsoft-Windows-WinRM\" Guid=\"A7975C8F-AC13-49F1-87DA-5A984A4AB417\">\n    </Provider>\n    <EventID>142</EventID>\n    <Version>0</Version>\n    <Level>2</Level>\n    <Task>10</Task>\n    <Opcode>2</Opcode>\n    <Keywords>0x4000000000000002</Keywords>\n    <TimeCreated SystemTime=\"2024-11-04T12:36:07.942908Z\">\n    </TimeCreated>\n    <EventRecordID>4</EventRecordID>\n    <Correlation ActivityID=\"CC60C7CA-2F22-0001-01D2-60CC222FDB01\">\n    </Correlation>\n    <Execution ProcessID=\"3668\" ThreadID=\"7108\">\n    </Execution>\n    <Channel>Microsoft-Windows-WinRM/Operational</Channel>\n    <Computer>DESKTOP-P9H5FTA</Computer>\n    <Security UserID=\"S-1-5-18\">\n    </Security>\n  </System>\n  <EventData>\n    <Data Name=\"operationName\">Enumeration</Data>\n    <Data Name=\"errorCode\">2150858770</Data>\n  </EventData>\n</Event>\n",
  "json": "{\"Event\":{\"#attributes\":{\"xmlns\":\"http://schemas.microsoft.com/win/2004/08/events/event\"},\"System\":{\"Provider\":{\"#attributes\":{\"Name\":\"Microsoft-Windows-WinRM\",\"Guid\":\"A7975C8F-AC13-49F1-87DA-5A984A4AB417\"}},\"EventID\":142,\"Version\":0,\"Level\":2,\"Task\":10,\"Opcode\":2,\"Keywords\":\"0x4000000000000002\",\"TimeCreated\":{\"#attributes\":{\"SystemTime\":\"2024-11-04T12:36:07.942908Z\"}},\"EventRecordID\":4,\"Correlation\":{\"#attributes\":{\"ActivityID\":\"CC60C7CA-2F22-0001-01D2-60CC222FDB01\"}},\"Execution\":{\"#attributes\":{\"ProcessID\":3668,\"ThreadID\":7108}},\"Channel\":\"Microsoft-Windows-WinRM/Operational\",\"Computer\":\"DESKTOP-P9H5FTA\",\"Security\":{\"#attributes\":{\"UserID\":\"S-1-5-18\"}}},\"EventData\":{\"operationName\":\"Enumeration\",\"errorCode\":2150858770}}}",
  "xml_fields": {
    "provider": "Microsoft-Windows-WinRM",
    "event_id": "142",
    "timestamp": "2024-11-04T12:36:07.942908Z",
    "event_record_id": "4",
    "level": "2",
    "task": "10",
    "opcode": "2",
    "keywords": "0x4000000000000002",
    "channel": "Microsoft-Windows-WinRM/Operational",
    "computer": "DESKTOP-P9H5FTA",
    "operationName": "Enumeration",
    "errorCode": "2150858770"
  },
  "json_fields": {
    "provider": "Microsoft-Windows-WinRM",
    "channel": "Microsoft-Windows-WinRM/Operational",
    "event_id": "142",
    "timestamp": "2024-11-04T12:36:07.942908Z",
    "event_record_id": "4",
    "level": "2",
    "task": "10",
    "opcode": "2",
    "keywords": "0x4000000000000002",
    "computer": "DESKTOP-P9H5FTA",
    "operationName": "Enumeration",
    "errorCode": "2150858770"
  }
}