{
  "event_id": "142",
  "provider": "Microsoft-Windows-Ntfs",
  "channel": "Microsoft-Windows-Ntfs/Operational",
  "source_file": "D:\\visual code file\\Project_4\\Event-Analyzer\\test\\Logs\\Microsoft-Windows-Ntfs%4Operational.evtx",
  "event_record_id": 3,
  "xml": "<?xml version=\"1.0\" encoding=\"utf-8\"?>\n<Event xmlns=\"http://schemas.microsoft.com/win/2004/08/events/event\">\n  <System>\n    <Provider Name=\"Microsoft-Windows-Ntfs\" Guid=\"3FF37A1C-A68D-4D6E-8C9B-F79E8B16C482\">\n    </Provider>\n    <EventID>142</EventID>\n    <Version>0</Version>\n    <Level>4</Level>\n    <Task>0</Task>\n    <Opcode>0</Opcode>\n    <Keywords>0x4000000000200000</Keywords>\n    <TimeCreated SystemTime=\"2024-11-05T01:33:06.578670Z\">\n    </TimeCreated>\n    <EventRecordID>3</EventRecordID>\n    <Correlation>\n    </Correlation>\n    <Execution ProcessID=\"4\" ThreadID=\"276\">\n    </Execution>\n    <Channel>Microsoft-Windows-Ntfs/Operational</Channel>\n    <Computer>WIN-5LCFHVCO531</Computer>\n    <Security UserID=\"S-1-5-18\">\n    </Security>\n  </System>\n  <EventData>\n    <Data Name=\"VolumeGuid\">F1CA1821-2851-4E11-9053-30D9F871AE8E</Data>\n    <Data Name=\"VolumeNameLength\">2</Data>\n    <Data Name=\"VolumeName\">C:</Data>\n    <Data Name=\"LowestFreeSpaceInBytes\">52859822080</Data>\n    <Data Name=\"HighestFreeSpaceInBytes\">54473912320</Data>\n    <Data Name=\"IsBootVolume\">true</Data>\n  </EventData>\n</Event>\n",
  "json": "{\"Event\":{\"#attributes\":{\"xmlns\":\"http://schemas.microsoft.com/win/2004/08/events/event\"},\"System\":{\"Provider\":{\"#attributes\":{\"Name\":\"Microsoft-Windows-Ntfs\",\"Guid\":\"3FF37A1C-A68D-4D6E-8C9B-F79E8B16C482\"}},\"EventID\":142,\"Version\":0,\"Level\":4,\"Task\":0,\"Opcode\":0,\"Keywords\":\"0x4000000000200000\",\"TimeCreated\":{\"#attributes\":{\"SystemTime\":\"2024-11-05T01:33:06.578670Z\"}},\"EventRecordID\":3,\"Correlation\":null,\"Execution\":{\"#attributes\":{\"ProcessID\":4,\"ThreadID\":276}},\"Channel\":\"Microsoft-Windows-Ntfs/Operational\",\"Computer\":\"WIN-5LCFHVCO531\",\"Security\":{\"#attributes\":{\"UserID\":\"S-1-5-18\"}}},\"EventData\":{\"VolumeGuid\":\"F1CA1821-2851-4E11-9053-30D9F871AE8E\",\"VolumeNameLength\":2,\"VolumeName\":\"C:\",\"LowestFreeSpaceInBytes\":52859822080,\"HighestFreeSpaceInBytes\":54473912320,\"IsBootVolume\":true}}}",
  "xml_fields": {
    "provider": "Microsoft-Windows-Ntfs",
    "event_id": "142",
    "timestamp": "2024-11-05T01:33:06.578670Z",
    "event_record_id": "3",
    "level": "4",
    "task": "0",
    "opcode": "0",
    "keywords": "0x4000000000200000",
    "channel": "Microsoft-Windows-Ntfs/Operational",
    "computer": "WIN-5LCFHVCO531",
    "VolumeGuid": "F1CA1821-2851-4E11-9053-30D9F871AE8E",
    "VolumeNameLength": "2",
    "VolumeName": "C:",
    "LowestFreeSpaceInBytes": "52859822080",
    "HighestFreeSpaceInBytes": "54473912320",
    "IsBootVolume": "true"
  },
  "json_fields": {
    "provider": "Microsoft-Windows-Ntfs",
    "channel": "Microsoft-Windows-Ntfs/Operational",
    "event_id": "142",
    "timestamp": "2024-11-05T01:33:06.578670Z",
    "event_record_id": "3",
    "level": "4",
    "task": "0",
    "opcode": "0",
    "keywords": "0x4000000000200000",
    "computer": "WIN-5LCFHVCO531",
    "VolumeGuid": "F1CA1821-2851-4E11-9053-30D9F871AE8E",
    "VolumeNameLength": "2",
    "VolumeName": "C:",
    "LowestFreeSpaceInBytes": "52859822080",
    "HighestFreeSpaceInBytes": "54473912320",
    "IsBootVolume": "True"
  }
}