{
  "event_id": "144",
  "provider": "Microsoft-Windows-RemoteDesktopServices-RdpCoreTS",
  "channel": "Microsoft-Windows-RemoteDesktopServices-RdpCoreTS/Operational",
  "source_file": "D:\\visual code file\\Project_4\\Event-Analyzer\\test\\Benign\\win2022-0-20348-azure\\Microsoft-Windows-RemoteDesktopServices-RdpCoreTS%4Operational.evtx",
  "event_record_id": 677,
  "xml": "<?xml version=\"1.0\" encoding=\"utf-8\"?>\n<Event xmlns=\"http://schemas.microsoft.com/win/2004/08/events/event\">\n  <System>\n    <Provider Name=\"Microsoft-Windows-RemoteDesktopServices-RdpCoreTS\" Guid=\"1139C61B-B549-4251-8ED3-27250A1EDEC8\">\n    </Provider>\n    <EventID>144</EventID>\n    <Version>0</Version>\n    <Level>3</Level>\n    <Task>4</Task>\n    <Opcode>15</Opcode>\n    <Keywords>0x4000000000000000</Keywords>\n    <TimeCreated SystemTime=\"2022-09-18T13:02:36.581658Z\">\n    </TimeCreated>\n    <EventRecordID>677</EventRecordID>\n    <Correlation ActivityID=\"F420521E-9DC7-416A-AE0E-A1BF63340000\">\n    </Correlation>\n    <Execution ProcessID=\"860\" ThreadID=\"1756\">\n    </Execution>\n    <Channel>Microsoft-Windows-RemoteDesktopServices-RdpCoreTS/Operational</Channel>\n    <Computer>Agamemnon</Computer>\n    <Security UserID=\"S-1-5-20\">\n    </Security>\n  </System>\n  <EventData>\n  </EventData>\n</Event>\n",
  "json": "{\"Event\":{\"#attributes\":{\"xmlns\":\"http://schemas.microsoft.com/win/2004/08/events/event\"},\"System\":{\"Provider\":{\"#attributes\":{\"Name\":\"Microsoft-Windows-RemoteDesktopServices-RdpCoreTS\",\"Guid\":\"1139C61B-B549-4251-8ED3-27250A1EDEC8\"}},\"EventID\":144,\"Version\":0,\"Level\":3,\"Task\":4,\"Opcode\":15,\"Keywords\":\"0x4000000000000000\",\"TimeCreated\":{\"#attributes\":{\"SystemTime\":\"2022-09-18T13:02:36.581658Z\"}},\"EventRecordID\":677,\"Correlation\":{\"#attributes\":{\"ActivityID\":\"F420521E-9DC7-416A-AE0E-A1BF63340000\"}},\"Execution\":{\"#attributes\":{\"ProcessID\":860,\"ThreadID\":1756}},\"Channel\":\"Microsoft-Windows-RemoteDesktopServices-RdpCoreTS/Operational\",\"Computer\":\"Agamemnon\",\"Security\":{\"#attributes\":{\"UserID\":\"S-1-5-20\"}}},\"EventData\":null}}",
  "xml_fields": {
    "provider": "Microsoft-Windows-RemoteDesktopServices-RdpCoreTS",
    "event_id": "144",
    "timestamp": "2022-09-18T13:02:36.581658Z",
    "event_record_id": "677",
    "level": "3",
    "task": "4",
    "opcode": "15",
    "keywords": "0x4000000000000000",
    "channel": "Microsoft-Windows-RemoteDesktopServices-RdpCoreTS/Operational",
    "computer": "Agamemnon"
  },
  "json_fields": {
    "provider": "Microsoft-Windows-RemoteDesktopServices-RdpCoreTS",
    "channel": "Microsoft-Windows-RemoteDesktopServices-RdpCoreTS/Operational",
    "event_id": "144",
    "timestamp": "2022-09-18T13:02:36.581658Z",
    "event_record_id": "677",
    "level": "3",
    "task": "4",
    "opcode": "15",
    "keywords": "0x4000000000000000",
    "computer": "Agamemnon"
  }
}