{
  "event_id": "145",
  "provider": "Microsoft-Windows-Ntfs",
  "channel": "Microsoft-Windows-Ntfs/Operational",
  "source_file": "D:\\visual code file\\Project_4\\Event-Analyzer\\test\\Logs\\Microsoft-Windows-Ntfs%4Operational.evtx",
  "event_record_id": 1,
  "xml": "<?xml version=\"1.0\" encoding=\"utf-8\"?>\n<Event xmlns=\"http://schemas.microsoft.com/win/2004/08/events/event\">\n  <System>\n    <Provider Name=\"Microsoft-Windows-Ntfs\" Guid=\"3FF37A1C-A68D-4D6E-8C9B-F79E8B16C482\">\n    </Provider>\n    <EventID>145</EventID>\n    <Version>4</Version>\n    <Level>4</Level>\n    <Task>0</Task>\n    <Opcode>0</Opcode>\n    <Keywords>0x4000000000200000</Keywords>\n    <TimeCreated SystemTime=\"2024-11-05T01:33:00.995381Z\">\n    </TimeCreated>\n    <EventRecordID>1</EventRecordID>\n    <Correlation>\n    </Correlation>\n    <Execution ProcessID=\"4\" ThreadID=\"244\">\n    </Execution>\n    <Channel>Microsoft-Windows-Ntfs/Operational</Channel>\n    <Computer>WIN-5LCFHVCO531</Computer>\n    <Security UserID=\"S-1-5-18\">\n    </Security>\n  </System>\n  <EventData>\n    <Data Name=\"Version\">3</Data>\n    <Data Name=\"VolumeCorrelationId\">F1CA1821-2851-4E11-9053-30D9F871AE8E</Data>\n    <Data Name=\"VolumeNameLength\">2</Data>\n    <Data Name=\"VolumeName\">C:</Data>\n    <Data Name=\"IsBootVolume\">true</Data>\n    <Data Name=\"TierIndex\">0</Data>\n    <Data Name=\"DeviceGuid\">7B6F1752-BD95-6E22-E3A5-6EE8419ECAD7</Data>\n    <Data Name=\"VendorIdLength\">0</Data>\n    <Data Name=\"VendorId\"></Data>\n    <Data Name=\"ProductIdLength\">24</Data>\n    <Data Name=\"ProductId\">VMware Virtual NVMe Disk</Data>\n    <Data Name=\"ProductRevisionLength\">3</Data>\n    <Data Name=\"ProductRevision\">1.0</Data>\n    <Data Name=\"DeviceSerialNumberLength\">16</Data>\n    <Data Name=\"DeviceSerialNumber\">VMWare NVME_0000</Data>\n    <Data Name=\"BusType\">17</Data>\n    <Data Name=\"AdapterSerialNumberLength\">16</Data>\n    <Data Name=\"AdapterSerialNumber\">VMWare NVME_0000</Data>\n    <Data Name=\"MaxLatencyMs\">30000</Data>\n    <Data Name=\"ReadWriteLatencyBucket1\">5000000</Data>\n    <Data Name=\"ReadWriteLatencyBucket2\">30000000</Data>\n    <Data Name=\"ReadWriteLatencyBucket3\">100000000</Data>\n    <Data Name=\"ReadWriteLatencyBucket4\">0</Data>\n    <Data Name=\"ReadWriteLatencyBucket5\">0</Data>\n    <Data Name=\"ReadWriteLatencyBucket6\">0</Data>\n    <Data Name=\"ReadWriteLatencyBucket7\">0</Data>\n    <Data Name=\"TrimLatencyBucket1\">10000000</Data>\n    <Data Name=\"TrimLatencyBucket2\">50000000</Data>\n    <Data Name=\"TrimLatencyBucket3\">100000000</Data>\n    <Data Name=\"TrimLatencyBucket4\">0</Data>\n    <Data Name=\"TrimLatencyBucket5\">0</Data>\n    <Data Name=\"TrimLatencyBucket6\">0</Data>\n    <Data Name=\"TrimLatencyBucket7\">0</Data>\n    <Data Name=\"FlushLatencyBucket1\">10000000</Data>\n    <Data Name=\"FlushLatencyBucket2\">50000000</Data>\n    <Data Name=\"FlushLatencyBucket3\">100000000</Data>\n    <Data Name=\"FlushLatencyBucket4\">0</Data>\n    <Data Name=\"FlushLatencyBucket5\">0</Data>\n    <Data Name=\"FlushLatencyBucket6\">0</Data>\n    <Data Name=\"FlushLatencyBucket7\">0</Data>\n  </EventData>\n</Event>\n",
  "json": "{\"Event\":{\"#attributes\":{\"xmlns\":\"http://schemas.microsoft.com/win/2004/08/events/event\"},\"System\":{\"Provider\":{\"#attributes\":{\"Name\":\"Microsoft-Windows-Ntfs\",\"Guid\":\"3FF37A1C-A68D-4D6E-8C9B-F79E8B16C482\"}},\"EventID\":145,\"Version\":4,\"Level\":4,\"Task\":0,\"Opcode\":0,\"Keywords\":\"0x4000000000200000\",\"TimeCreated\":{\"#attributes\":{\"SystemTime\":\"2024-11-05T01:33:00.995381Z\"}},\"EventRecordID\":1,\"Correlation\":null,\"Execution\":{\"#attributes\":{\"ProcessID\":4,\"ThreadID\":244}},\"Channel\":\"Microsoft-Windows-Ntfs/Operational\",\"Computer\":\"WIN-5LCFHVCO531\",\"Security\":{\"#attributes\":{\"UserID\":\"S-1-5-18\"}}},\"EventData\":{\"Version\":3,\"VolumeCorrelationId\":\"F1CA1821-2851-4E11-9053-30D9F871AE8E\",\"VolumeNameLength\":2,\"VolumeName\":\"C:\",\"IsBootVolume\":true,\"TierIndex\":0,\"DeviceGuid\":\"7B6F1752-BD95-6E22-E3A5-6EE8419ECAD7\",\"VendorIdLength\":0,\"VendorId\":\"\",\"ProductIdLength\":24,\"ProductId\":\"VMware Virtual NVMe Disk\",\"ProductRevisionLength\":3,\"ProductRevision\":\"1.0\",\"DeviceSerialNumberLength\":16,\"DeviceSerialNumber\":\"VMWare NVME_0000\",\"BusType\":17,\"AdapterSerialNumberLength\":16,\"AdapterSerialNumber\":\"VMWare NVME_0000\",\"MaxLatencyMs\":30000,\"ReadWriteLatencyBucket1\":5000000,\"ReadWriteLatencyBucket2\":30000000,\"ReadWriteLatencyBucket3\":100000000,\"ReadWriteLatencyBucket4\":0,\"ReadWriteLatencyBucket5\":0,\"ReadWriteLatencyBucket6\":0,\"ReadWriteLatencyBucket7\":0,\"TrimLatencyBucket1\":10000000,\"TrimLatencyBucket2\":50000000,\"TrimLatencyBucket3\":100000000,\"TrimLatencyBucket4\":0,\"TrimLatencyBucket5\":0,\"TrimLatencyBucket6\":0,\"TrimLatencyBucket7\":0,\"FlushLatencyBucket1\":10000000,\"FlushLatencyBucket2\":50000000,\"FlushLatencyBucket3\":100000000,\"FlushLatencyBucket4\":0,\"FlushLatencyBucket5\":0,\"FlushLatencyBucket6\":0,\"FlushLatencyBucket7\":0}}}",
  "xml_fields": {
    "provider": "Microsoft-Windows-Ntfs",
    "event_id": "145",
    "timestamp": "2024-11-05T01:33:00.995381Z",
    "event_record_id": "1",
    "level": "4",
    "task": "0",
    "opcode": "0",
    "keywords": "0x4000000000200000",
    "channel": "Microsoft-Windows-Ntfs/Operational",
    "computer": "WIN-5LCFHVCO531",
    "Version": "3",
    "VolumeCorrelationId": "F1CA1821-2851-4E11-9053-30D9F871AE8E",
    "VolumeNameLength": "2",
    "VolumeName": "C:",
    "IsBootVolume": "true",
    "TierIndex": "0",
    "DeviceGuid": "7B6F1752-BD95-6E22-E3A5-6EE8419ECAD7",
    "VendorIdLength": "0",
    "VendorId": "",
    "ProductIdLength": "24",
    "ProductId": "VMware Virtual NVMe Disk",
    "ProductRevisionLength": "3",
    "ProductRevision": "1.0",
    "DeviceSerialNumberLength": "16",
    "DeviceSerialNumber": "VMWare NVME_0000",
    "BusType": "17",
    "AdapterSerialNumberLength": "16",
    "AdapterSerialNumber": "VMWare NVME_0000",
    "MaxLatencyMs": "30000",
    "ReadWriteLatencyBucket1": "5000000",
    "ReadWriteLatencyBucket2": "30000000",
    "ReadWriteLatencyBucket3": "100000000",
    "ReadWriteLatencyBucket4": "0",
    "ReadWriteLatencyBucket5": "0",
    "ReadWriteLatencyBucket6": "0",
    "ReadWriteLatencyBucket7": "0",
    "TrimLatencyBucket1": "10000000",
    "TrimLatencyBucket2": "50000000",
    "TrimLatencyBucket3": "100000000",
    "TrimLatencyBucket4": "0",
    "TrimLatencyBucket5": "0",
    "TrimLatencyBucket6": "0",
    "TrimLatencyBucket7": "0",
    "FlushLatencyBucket1": "10000000",
    "FlushLatencyBucket2": "50000000",
    "FlushLatencyBucket3": "100000000",
    "FlushLatencyBucket4": "0",
    "FlushLatencyBucket5": "0",
    "FlushLatencyBucket6": "0",
    "FlushLatencyBucket7": "0"
  },
  "json_fields": {
    "provider": "Microsoft-Windows-Ntfs",
    "channel": "Microsoft-Windows-Ntfs/Operational",
    "event_id": "145",
    "timestamp": "2024-11-05T01:33:00.995381Z",
    "event_record_id": "1",
    "level": "4",
    "task": "0",
    "opcode": "0",
    "keywords": "0x4000000000200000",
    "computer": "WIN-5LCFHVCO531",
    "Version": "3",
    "VolumeCorrelationId": "F1CA1821-2851-4E11-9053-30D9F871AE8E",
    "VolumeNameLength": "2",
    "VolumeName": "C:",
    "IsBootVolume": "True",
    "TierIndex": "0",
    "DeviceGuid": "7B6F1752-BD95-6E22-E3A5-6EE8419ECAD7",
    "VendorIdLength": "0",
    "VendorId": "",
    "ProductIdLength": "24",
    "ProductId": "VMware Virtual NVMe Disk",
    "ProductRevisionLength": "3",
    "ProductRevision": "1.0",
    "DeviceSerialNumberLength": "16",
    "DeviceSerialNumber": "VMWare NVME_0000",
    "BusType": "17",
    "AdapterSerialNumberLength": "16",
    "AdapterSerialNumber": "VMWare NVME_0000",
    "MaxLatencyMs": "30000",
    "ReadWriteLatencyBucket1": "5000000",
    "ReadWriteLatencyBucket2": "30000000",
    "ReadWriteLatencyBucket3": "100000000",
    "ReadWriteLatencyBucket4": "0",
    "ReadWriteLatencyBucket5": "0",
    "ReadWriteLatencyBucket6": "0",
    "ReadWriteLatencyBucket7": "0",
    "TrimLatencyBucket1": "10000000",
    "TrimLatencyBucket2": "50000000",
    "TrimLatencyBucket3": "100000000",
    "TrimLatencyBucket4": "0",
    "TrimLatencyBucket5": "0",
    "TrimLatencyBucket6": "0",
    "TrimLatencyBucket7": "0",
    "FlushLatencyBucket1": "10000000",
    "FlushLatencyBucket2": "50000000",
    "FlushLatencyBucket3": "100000000",
    "FlushLatencyBucket4": "0",
    "FlushLatencyBucket5": "0",
    "FlushLatencyBucket6": "0",
    "FlushLatencyBucket7": "0"
  }
}