{
  "event_id": "147",
  "provider": "Microsoft-Windows-Ntfs",
  "channel": "Microsoft-Windows-Ntfs/Operational",
  "source_file": "D:\\visual code file\\Project_4\\Event-Analyzer\\test\\Benign\\Logs_Win11_2023\\Microsoft-Windows-Ntfs%4Operational.evtx",
  "event_record_id": 204,
  "xml": "<?xml version=\"1.0\" encoding=\"utf-8\"?>\n<Event xmlns=\"http://schemas.microsoft.com/win/2004/08/events/event\">\n  <System>\n    <Provider Name=\"Microsoft-Windows-Ntfs\" Guid=\"3FF37A1C-A68D-4D6E-8C9B-F79E8B16C482\">\n    </Provider>\n    <EventID>147</EventID>\n    <Version>4</Version>\n    <Level>3</Level>\n    <Task>0</Task>\n    <Opcode>0</Opcode>\n    <Keywords>0x4001000000200000</Keywords>\n    <TimeCreated SystemTime=\"2023-11-06T00:16:12.627024Z\">\n    </TimeCreated>\n    <EventRecordID>204</EventRecordID>\n    <Correlation>\n    </Correlation>\n    <Execution ProcessID=\"4\" ThreadID=\"5900\">\n    </Execution>\n    <Channel>Microsoft-Windows-Ntfs/Operational</Channel>\n    <Computer>WinDev2310Eval</Computer>\n    <Security UserID=\"S-1-5-18\">\n    </Security>\n  </System>\n  <EventData>\n    <Data Name=\"VolumeCorrelationId\">7597D2A3-4404-4F99-B979-6233378A81BF</Data>\n    <Data Name=\"VolumeNameLength\">2</Data>\n    <Data Name=\"VolumeName\">C:</Data>\n    <Data Name=\"IsBootVolume\">true</Data>\n    <Data Name=\"MaxLatencyMs\">30000</Data>\n    <Data Name=\"ProcessId\">9532</Data>\n    <Data Name=\"ProcessName\">avg_antivirus_</Data>\n    <Data Name=\"FileNameLength\">57</Data>\n    <Data Name=\"FileName\">\\Windows\\Temp\\asw.d848456770fa0008\\vps_defs_boot-10b6.vpx</Data>\n    <Data Name=\"FileIdHigh\">0x0</Data>\n    <Data Name=\"FileIdLow\">0x500000004b06d</Data>\n    <Data Name=\"IoType\">5</Data>\n    <Data Name=\"IoTypeStr\">Write: NonPaging, Cached, Sync</Data>\n    <Data Name=\"IoSize\">130858725</Data>\n    <Data Name=\"FileOffset\">0</Data>\n    <Data Name=\"LatencyMs\">32388</Data>\n    <Data Name=\"StartingLcn\">14587067</Data>\n    <Data Name=\"ClustersCount\">31948</Data>\n    <Data Name=\"DeviceGuid\">22A04354-7C2B-11EE-936C-806E6F6E6963</Data>\n    <Data Name=\"VendorIdLength\">8</Data>\n    <Data Name=\"VendorId\">VMware, </Data>\n    <Data Name=\"ProductIdLength\">16</Data>\n    <Data Name=\"ProductId\">VMware Virtual S</Data>\n    <Data Name=\"ProductRevisionLength\">4</Data>\n    <Data Name=\"ProductRevision\">1.0 </Data>\n    <Data Name=\"DeviceSerialNumberLength\">0</Data>\n    <Data Name=\"DeviceSerialNumber\"></Data>\n    <Data Name=\"BusType\">10</Data>\n    <Data Name=\"AdapterSerialNumberLength\">0</Data>\n    <Data Name=\"AdapterSerialNumber\"></Data>\n  </EventData>\n</Event>\n",
  "json": "{\"Event\":{\"#attributes\":{\"xmlns\":\"http://schemas.microsoft.com/win/2004/08/events/event\"},\"System\":{\"Provider\":{\"#attributes\":{\"Name\":\"Microsoft-Windows-Ntfs\",\"Guid\":\"3FF37A1C-A68D-4D6E-8C9B-F79E8B16C482\"}},\"EventID\":147,\"Version\":4,\"Level\":3,\"Task\":0,\"Opcode\":0,\"Keywords\":\"0x4001000000200000\",\"TimeCreated\":{\"#attributes\":{\"SystemTime\":\"2023-11-06T00:16:12.627024Z\"}},\"EventRecordID\":204,\"Correlation\":null,\"Execution\":{\"#attributes\":{\"ProcessID\":4,\"ThreadID\":5900}},\"Channel\":\"Microsoft-Windows-Ntfs/Operational\",\"Computer\":\"WinDev2310Eval\",\"Security\":{\"#attributes\":{\"UserID\":\"S-1-5-18\"}}},\"EventData\":{\"VolumeCorrelationId\":\"7597D2A3-4404-4F99-B979-6233378A81BF\",\"VolumeNameLength\":2,\"VolumeName\":\"C:\",\"IsBootVolume\":true,\"MaxLatencyMs\":30000,\"ProcessId\":9532,\"ProcessName\":\"avg_antivirus_\",\"FileNameLength\":57,\"FileName\":\"\\\\Windows\\\\Temp\\\\asw.d848456770fa0008\\\\vps_defs_boot-10b6.vpx\",\"FileIdHigh\":\"0x0\",\"FileIdLow\":\"0x500000004b06d\",\"IoType\":5,\"IoTypeStr\":\"Write: NonPaging, Cached, Sync\",\"IoSize\":130858725,\"FileOffset\":0,\"LatencyMs\":32388,\"StartingLcn\":14587067,\"ClustersCount\":31948,\"DeviceGuid\":\"22A04354-7C2B-11EE-936C-806E6F6E6963\",\"VendorIdLength\":8,\"VendorId\":\"VMware, \",\"ProductIdLength\":16,\"ProductId\":\"VMware Virtual S\",\"ProductRevisionLength\":4,\"ProductRevision\":\"1.0 \",\"DeviceSerialNumberLength\":0,\"DeviceSerialNumber\":\"\",\"BusType\":10,\"AdapterSerialNumberLength\":0,\"AdapterSerialNumber\":\"\"}}}",
  "xml_fields": {
    "provider": "Microsoft-Windows-Ntfs",
    "event_id": "147",
    "timestamp": "2023-11-06T00:16:12.627024Z",
    "event_record_id": "204",
    "level": "3",
    "task": "0",
    "opcode": "0",
    "keywords": "0x4001000000200000",
    "channel": "Microsoft-Windows-Ntfs/Operational",
    "computer": "WinDev2310Eval",
    "VolumeCorrelationId": "7597D2A3-4404-4F99-B979-6233378A81BF",
    "VolumeNameLength": "2",
    "VolumeName": "C:",
    "IsBootVolume": "true",
    "MaxLatencyMs": "30000",
    "ProcessId": "9532",
    "ProcessName": "avg_antivirus_",
    "FileNameLength": "57",
    "FileName": "\\Windows\\Temp\\asw.d848456770fa0008\\vps_defs_boot-10b6.vpx",
    "FileIdHigh": "0x0",
    "FileIdLow": "0x500000004b06d",
    "IoType": "5",
    "IoTypeStr": "Write: NonPaging, Cached, Sync",
    "IoSize": "130858725",
    "FileOffset": "0",
    "LatencyMs": "32388",
    "StartingLcn": "14587067",
    "ClustersCount": "31948",
    "DeviceGuid": "22A04354-7C2B-11EE-936C-806E6F6E6963",
    "VendorIdLength": "8",
    "VendorId": "VMware, ",
    "ProductIdLength": "16",
    "ProductId": "VMware Virtual S",
    "ProductRevisionLength": "4",
    "ProductRevision": "1.0 ",
    "DeviceSerialNumberLength": "0",
    "DeviceSerialNumber": "",
    "BusType": "10",
    "AdapterSerialNumberLength": "0",
    "AdapterSerialNumber": ""
  },
  "json_fields": {
    "provider": "Microsoft-Windows-Ntfs",
    "channel": "Microsoft-Windows-Ntfs/Operational",
    "event_id": "147",
    "timestamp": "2023-11-06T00:16:12.627024Z",
    "event_record_id": "204",
    "level": "3",
    "task": "0",
    "opcode": "0",
    "keywords": "0x4001000000200000",
    "computer": "WinDev2310Eval",
    "VolumeCorrelationId": "7597D2A3-4404-4F99-B979-6233378A81BF",
    "VolumeNameLength": "2",
    "VolumeName": "C:",
    "IsBootVolume": "True",
    "MaxLatencyMs": "30000",
    "ProcessId": "9532",
    "ProcessName": "avg_antivirus_",
    "FileNameLength": "57",
    "FileName": "\\Windows\\Temp\\asw.d848456770fa0008\\vps_defs_boot-10b6.vpx",
    "FileIdHigh": "0x0",
    "FileIdLow": "0x500000004b06d",
    "IoType": "5",
    "IoTypeStr": "Write: NonPaging, Cached, Sync",
    "IoSize": "130858725",
    "FileOffset": "0",
    "LatencyMs": "32388",
    "StartingLcn": "14587067",
    "ClustersCount": "31948",
    "DeviceGuid": "22A04354-7C2B-11EE-936C-806E6F6E6963",
    "VendorIdLength": "8",
    "VendorId": "VMware, ",
    "ProductIdLength": "16",
    "ProductId": "VMware Virtual S",
    "ProductRevisionLength": "4",
    "ProductRevision": "1.0 ",
    "DeviceSerialNumberLength": "0",
    "DeviceSerialNumber": "",
    "BusType": "10",
    "AdapterSerialNumberLength": "0",
    "AdapterSerialNumber": ""
  }
}