{
  "event_id": "149",
  "provider": "Microsoft-Windows-Ntfs",
  "channel": "Microsoft-Windows-Ntfs/Operational",
  "source_file": "D:\\visual code file\\Project_4\\Event-Analyzer\\test\\Benign\\Logs_Win11_2023\\Microsoft-Windows-Ntfs%4Operational.evtx",
  "event_record_id": 225,
  "xml": "<?xml version=\"1.0\" encoding=\"utf-8\"?>\n<Event xmlns=\"http://schemas.microsoft.com/win/2004/08/events/event\">\n  <System>\n    <Provider Name=\"Microsoft-Windows-Ntfs\" Guid=\"3FF37A1C-A68D-4D6E-8C9B-F79E8B16C482\">\n    </Provider>\n    <EventID>149</EventID>\n    <Version>2</Version>\n    <Level>3</Level>\n    <Task>0</Task>\n    <Opcode>0</Opcode>\n    <Keywords>0x4001000000200000</Keywords>\n    <TimeCreated SystemTime=\"2023-11-06T00:32:10.363579Z\">\n    </TimeCreated>\n    <EventRecordID>225</EventRecordID>\n    <Correlation>\n    </Correlation>\n    <Execution ProcessID=\"4\" ThreadID=\"6652\">\n    </Execution>\n    <Channel>Microsoft-Windows-Ntfs/Operational</Channel>\n    <Computer>WinDev2310Eval</Computer>\n    <Security UserID=\"S-1-5-18\">\n    </Security>\n  </System>\n  <EventData>\n    <Data Name=\"VolumeCorrelationId\">7597D2A3-4404-4F99-B979-6233378A81BF</Data>\n    <Data Name=\"VolumeNameLength\">2</Data>\n    <Data Name=\"VolumeName\">C:</Data>\n    <Data Name=\"IsBootVolume\">true</Data>\n    <Data Name=\"DeviceGuid\">22A04354-7C2B-11EE-936C-806E6F6E6963</Data>\n    <Data Name=\"VendorIdLength\">8</Data>\n    <Data Name=\"VendorId\">VMware, </Data>\n    <Data Name=\"ProductIdLength\">16</Data>\n    <Data Name=\"ProductId\">VMware Virtual S</Data>\n    <Data Name=\"ProductRevisionLength\">4</Data>\n    <Data Name=\"ProductRevision\">1.0 </Data>\n    <Data Name=\"DeviceSerialNumberLength\">0</Data>\n    <Data Name=\"DeviceSerialNumber\"></Data>\n    <Data Name=\"BusType\">10</Data>\n    <Data Name=\"AdapterSerialNumberLength\">0</Data>\n    <Data Name=\"AdapterSerialNumber\"></Data>\n    <Data Name=\"SecondsElapsed\">3602</Data>\n    <Data Name=\"HighLatencyCount\">1</Data>\n    <Data Name=\"FailedWriteCount\">0</Data>\n    <Data Name=\"FailedReadCount\">0</Data>\n    <Data Name=\"BadClusterHotfixCount\">0</Data>\n    <Data Name=\"ValuesCount\">1</Data>\n    <Data Name=\"HighLatencyArray\">1</Data>\n    <Data Name=\"FailedWriteArray\">0</Data>\n    <Data Name=\"FailedReadArray\">0</Data>\n    <Data Name=\"BadClusterHotfixArray\">0</Data>\n    <Data Name=\"StatusArray\">0x0</Data>\n    <Data Name=\"TableIndexArray\">0</Data>\n  </EventData>\n</Event>\n",
  "json": "{\"Event\":{\"#attributes\":{\"xmlns\":\"http://schemas.microsoft.com/win/2004/08/events/event\"},\"System\":{\"Provider\":{\"#attributes\":{\"Name\":\"Microsoft-Windows-Ntfs\",\"Guid\":\"3FF37A1C-A68D-4D6E-8C9B-F79E8B16C482\"}},\"EventID\":149,\"Version\":2,\"Level\":3,\"Task\":0,\"Opcode\":0,\"Keywords\":\"0x4001000000200000\",\"TimeCreated\":{\"#attributes\":{\"SystemTime\":\"2023-11-06T00:32:10.363579Z\"}},\"EventRecordID\":225,\"Correlation\":null,\"Execution\":{\"#attributes\":{\"ProcessID\":4,\"ThreadID\":6652}},\"Channel\":\"Microsoft-Windows-Ntfs/Operational\",\"Computer\":\"WinDev2310Eval\",\"Security\":{\"#attributes\":{\"UserID\":\"S-1-5-18\"}}},\"EventData\":{\"VolumeCorrelationId\":\"7597D2A3-4404-4F99-B979-6233378A81BF\",\"VolumeNameLength\":2,\"VolumeName\":\"C:\",\"IsBootVolume\":true,\"DeviceGuid\":\"22A04354-7C2B-11EE-936C-806E6F6E6963\",\"VendorIdLength\":8,\"VendorId\":\"VMware, \",\"ProductIdLength\":16,\"ProductId\":\"VMware Virtual S\",\"ProductRevisionLength\":4,\"ProductRevision\":\"1.0 \",\"DeviceSerialNumberLength\":0,\"DeviceSerialNumber\":\"\",\"BusType\":10,\"AdapterSerialNumberLength\":0,\"AdapterSerialNumber\":\"\",\"SecondsElapsed\":3602,\"HighLatencyCount\":1,\"FailedWriteCount\":0,\"FailedReadCount\":0,\"BadClusterHotfixCount\":0,\"ValuesCount\":1,\"HighLatencyArray\":\"1\",\"FailedWriteArray\":\"0\",\"FailedReadArray\":\"0\",\"BadClusterHotfixArray\":\"0\",\"StatusArray\":\"0x0\",\"TableIndexArray\":\"0\"}}}",
  "xml_fields": {
    "provider": "Microsoft-Windows-Ntfs",
    "event_id": "149",
    "timestamp": "2023-11-06T00:32:10.363579Z",
    "event_record_id": "225",
    "level": "3",
    "task": "0",
    "opcode": "0",
    "keywords": "0x4001000000200000",
    "channel": "Microsoft-Windows-Ntfs/Operational",
    "computer": "WinDev2310Eval",
    "VolumeCorrelationId": "7597D2A3-4404-4F99-B979-6233378A81BF",
    "VolumeNameLength": "2",
    "VolumeName": "C:",
    "IsBootVolume": "true",
    "DeviceGuid": "22A04354-7C2B-11EE-936C-806E6F6E6963",
    "VendorIdLength": "8",
    "VendorId": "VMware, ",
    "ProductIdLength": "16",
    "ProductId": "VMware Virtual S",
    "ProductRevisionLength": "4",
    "ProductRevision": "1.0 ",
    "DeviceSerialNumberLength": "0",
    "DeviceSerialNumber": "",
    "BusType": "10",
    "AdapterSerialNumberLength": "0",
    "AdapterSerialNumber": "",
    "SecondsElapsed": "3602",
    "HighLatencyCount": "1",
    "FailedWriteCount": "0",
    "FailedReadCount": "0",
    "BadClusterHotfixCount": "0",
    "ValuesCount": "1",
    "HighLatencyArray": "1",
    "FailedWriteArray": "0",
    "FailedReadArray": "0",
    "BadClusterHotfixArray": "0",
    "StatusArray": "0x0",
    "TableIndexArray": "0"
  },
  "json_fields": {
    "provider": "Microsoft-Windows-Ntfs",
    "channel": "Microsoft-Windows-Ntfs/Operational",
    "event_id": "149",
    "timestamp": "2023-11-06T00:32:10.363579Z",
    "event_record_id": "225",
    "level": "3",
    "task": "0",
    "opcode": "0",
    "keywords": "0x4001000000200000",
    "computer": "WinDev2310Eval",
    "VolumeCorrelationId": "7597D2A3-4404-4F99-B979-6233378A81BF",
    "VolumeNameLength": "2",
    "VolumeName": "C:",
    "IsBootVolume": "True",
    "DeviceGuid": "22A04354-7C2B-11EE-936C-806E6F6E6963",
    "VendorIdLength": "8",
    "VendorId": "VMware, ",
    "ProductIdLength": "16",
    "ProductId": "VMware Virtual S",
    "ProductRevisionLength": "4",
    "ProductRevision": "1.0 ",
    "DeviceSerialNumberLength": "0",
    "DeviceSerialNumber": "",
    "BusType": "10",
    "AdapterSerialNumberLength": "0",
    "AdapterSerialNumber": "",
    "SecondsElapsed": "3602",
    "HighLatencyCount": "1",
    "FailedWriteCount": "0",
    "FailedReadCount": "0",
    "BadClusterHotfixCount": "0",
    "ValuesCount": "1",
    "HighLatencyArray": "1",
    "FailedWriteArray": "0",
    "FailedReadArray": "0",
    "BadClusterHotfixArray": "0",
    "StatusArray": "0x0",
    "TableIndexArray": "0"
  }
}