{
  "event_id": "14",
  "provider": "Microsoft-Windows-RPC",
  "channel": "None",
  "source_file": "D:\\visual code file\\Project_4\\Event-Analyzer\\test\\Malicious\\EVTX-ATTACK-SAMPLES\\Credential Access\\CA_PetiPotam_etw_rpc_efsr_5_6.evtx",
  "event_record_id": 81,
  "xml": "<?xml version=\"1.0\" encoding=\"utf-8\"?>\n<Event xmlns=\"http://schemas.microsoft.com/win/2004/08/events/event\">\n  <System>\n    <Provider Name=\"Microsoft-Windows-RPC\" Guid=\"{6ad52b32-d609-4be9-ae07-ce8dae937e39}\">\n    </Provider>\n    <EventID>14</EventID>\n    <Version>1</Version>\n    <Level>4</Level>\n    <Task>4</Task>\n    <Opcode>1</Opcode>\n    <Keywords>0x4000000000000000</Keywords>\n    <TimeCreated SystemTime=\"2021-08-17T12:26:49.864645Z\">\n    </TimeCreated>\n    <EventRecordID>1038</EventRecordID>\n    <Correlation>\n    </Correlation>\n    <Execution ProcessID=\"8212\" ThreadID=\"20832\">\n    </Execution>\n    <Channel>\n    </Channel>\n    <Computer>LAPTOP-JU4M3I0E</Computer>\n    <Security>\n    </Security>\n  </System>\n  <EventData>\n    <Data Name=\"InterfaceUuid\">35BD3360-1B35-4927-BAE4-B10E70D99EFF</Data>\n    <Data Name=\"TypeMgrUuid\">00000000-0000-0000-0000-000000000000</Data>\n    <Data Name=\"Flags\">83</Data>\n    <Data Name=\"Max Calls\">1234</Data>\n    <Data Name=\"SDSize\">164</Data>\n    <Data Name=\"SD\">0100048000000000000000000000000014000000020090000400000000001400FFFFF3EF01010000000000010000000000001400FFFFF3EF0101000000000005070000000000180000000080010200000000000F02000000010000000000380000000080010A00000000000F0300000000040000A127608F9ABB183463B677FF9DD5B66CE7321A680852439286A61FD898171B3B00000000000000000000000000000000</Data>\n  </EventData>\n</Event>\n",
  "json": "{\"Event\":{\"#attributes\":{\"xmlns\":\"http://schemas.microsoft.com/win/2004/08/events/event\"},\"System\":{\"Provider\":{\"#attributes\":{\"Name\":\"Microsoft-Windows-RPC\",\"Guid\":\"{6ad52b32-d609-4be9-ae07-ce8dae937e39}\"}},\"EventID\":14,\"Version\":1,\"Level\":4,\"Task\":4,\"Opcode\":1,\"Keywords\":\"0x4000000000000000\",\"TimeCreated\":{\"#attributes\":{\"SystemTime\":\"2021-08-17T12:26:49.864645Z\"}},\"EventRecordID\":1038,\"Correlation\":null,\"Execution\":{\"#attributes\":{\"ProcessID\":8212,\"ThreadID\":20832}},\"Channel\":null,\"Computer\":\"LAPTOP-JU4M3I0E\",\"Security\":null},\"EventData\":{\"InterfaceUuid\":\"35BD3360-1B35-4927-BAE4-B10E70D99EFF\",\"TypeMgrUuid\":\"00000000-0000-0000-0000-000000000000\",\"Flags\":83,\"Max Calls\":1234,\"SDSize\":164,\"SD\":\"0100048000000000000000000000000014000000020090000400000000001400FFFFF3EF01010000000000010000000000001400FFFFF3EF0101000000000005070000000000180000000080010200000000000F02000000010000000000380000000080010A00000000000F0300000000040000A127608F9ABB183463B677FF9DD5B66CE7321A680852439286A61FD898171B3B00000000000000000000000000000000\"}}}",
  "xml_fields": {
    "provider": "Microsoft-Windows-RPC",
    "event_id": "14",
    "timestamp": "2021-08-17T12:26:49.864645Z",
    "event_record_id": "1038",
    "level": "4",
    "task": "4",
    "opcode": "1",
    "keywords": "0x4000000000000000",
    "channel": "\n    ",
    "computer": "LAPTOP-JU4M3I0E",
    "InterfaceUuid": "35BD3360-1B35-4927-BAE4-B10E70D99EFF",
    "TypeMgrUuid": "00000000-0000-0000-0000-000000000000",
    "Flags": "83",
    "Max Calls": "1234",
    "SDSize": "164",
    "SD": "0100048000000000000000000000000014000000020090000400000000001400FFFFF3EF01010000000000010000000000001400FFFFF3EF0101000000000005070000000000180000000080010200000000000F02000000010000000000380000000080010A00000000000F0300000000040000A127608F9ABB183463B677FF9DD5B66CE7321A680852439286A61FD898171B3B00000000000000000000000000000000"
  },
  "json_fields": {
    "provider": "Microsoft-Windows-RPC",
    "event_id": "14",
    "timestamp": "2021-08-17T12:26:49.864645Z",
    "event_record_id": "1038",
    "level": "4",
    "task": "4",
    "opcode": "1",
    "keywords": "0x4000000000000000",
    "computer": "LAPTOP-JU4M3I0E",
    "InterfaceUuid": "35BD3360-1B35-4927-BAE4-B10E70D99EFF",
    "TypeMgrUuid": "00000000-0000-0000-0000-000000000000",
    "Flags": "83",
    "Max Calls": "1234",
    "SDSize": "164",
    "SD": "0100048000000000000000000000000014000000020090000400000000001400FFFFF3EF01010000000000010000000000001400FFFFF3EF0101000000000005070000000000180000000080010200000000000F02000000010000000000380000000080010A00000000000F0300000000040000A127608F9ABB183463B677FF9DD5B66CE7321A680852439286A61FD898171B3B00000000000000000000000000000000"
  }
}