{
  "event_id": "14",
  "provider": "Microsoft-Windows-Wininit",
  "channel": "System",
  "source_file": "D:\\visual code file\\Project_4\\Event-Analyzer\\test\\Logs\\System.evtx",
  "event_record_id": 1124,
  "xml": "<?xml version=\"1.0\" encoding=\"utf-8\"?>\n<Event xmlns=\"http://schemas.microsoft.com/win/2004/08/events/event\">\n  <System>\n    <Provider Name=\"Microsoft-Windows-Wininit\" Guid=\"206F6DEA-D3C5-4D10-BC72-989F03C8B84B\">\n    </Provider>\n    <EventID>14</EventID>\n    <Version>0</Version>\n    <Level>4</Level>\n    <Task>0</Task>\n    <Opcode>0</Opcode>\n    <Keywords>0x4000000000000000</Keywords>\n    <TimeCreated SystemTime=\"2025-01-24T10:50:05.455613Z\">\n    </TimeCreated>\n    <EventRecordID>1124</EventRecordID>\n    <Correlation>\n    </Correlation>\n    <Execution ProcessID=\"536\" ThreadID=\"540\">\n    </Execution>\n    <Channel>System</Channel>\n    <Computer>CTO-FILESVR</Computer>\n    <Security UserID=\"S-1-5-18\">\n    </Security>\n  </System>\n  <EventData>\n    <Data Name=\"Config\">0</Data>\n    <Data Name=\"IsTestConfig\">0</Data>\n  </EventData>\n</Event>\n",
  "json": "{\"Event\":{\"#attributes\":{\"xmlns\":\"http://schemas.microsoft.com/win/2004/08/events/event\"},\"System\":{\"Provider\":{\"#attributes\":{\"Name\":\"Microsoft-Windows-Wininit\",\"Guid\":\"206F6DEA-D3C5-4D10-BC72-989F03C8B84B\"}},\"EventID\":14,\"Version\":0,\"Level\":4,\"Task\":0,\"Opcode\":0,\"Keywords\":\"0x4000000000000000\",\"TimeCreated\":{\"#attributes\":{\"SystemTime\":\"2025-01-24T10:50:05.455613Z\"}},\"EventRecordID\":1124,\"Correlation\":null,\"Execution\":{\"#attributes\":{\"ProcessID\":536,\"ThreadID\":540}},\"Channel\":\"System\",\"Computer\":\"CTO-FILESVR\",\"Security\":{\"#attributes\":{\"UserID\":\"S-1-5-18\"}}},\"EventData\":{\"Config\":0,\"IsTestConfig\":0}}}",
  "xml_fields": {
    "provider": "Microsoft-Windows-Wininit",
    "event_id": "14",
    "timestamp": "2025-01-24T10:50:05.455613Z",
    "event_record_id": "1124",
    "level": "4",
    "task": "0",
    "opcode": "0",
    "keywords": "0x4000000000000000",
    "channel": "System",
    "computer": "CTO-FILESVR",
    "Config": "0",
    "IsTestConfig": "0"
  },
  "json_fields": {
    "provider": "Microsoft-Windows-Wininit",
    "channel": "System",
    "event_id": "14",
    "timestamp": "2025-01-24T10:50:05.455613Z",
    "event_record_id": "1124",
    "level": "4",
    "task": "0",
    "opcode": "0",
    "keywords": "0x4000000000000000",
    "computer": "CTO-FILESVR",
    "Config": "0",
    "IsTestConfig": "0"
  }
}