{
  "event_id": "14",
  "provider": "Microsoft-Windows-Sysmon",
  "channel": "Microsoft-Windows-Sysmon/Operational",
  "source_file": "D:\\visual code file\\Project_4\\Event-Analyzer\\test\\Benign\\Logs_Win11\\Microsoft-Windows-Sysmon%4Operational.evtx",
  "event_record_id": 1098384,
  "xml": "<?xml version=\"1.0\" encoding=\"utf-8\"?>\n<Event xmlns=\"http://schemas.microsoft.com/win/2004/08/events/event\">\n  <System>\n    <Provider Name=\"Microsoft-Windows-Sysmon\" Guid=\"5770385F-C22A-43E0-BF4C-06F5698FFBD9\">\n    </Provider>\n    <EventID>14</EventID>\n    <Version>2</Version>\n    <Level>4</Level>\n    <Task>14</Task>\n    <Opcode>0</Opcode>\n    <Keywords>0x8000000000000000</Keywords>\n    <TimeCreated SystemTime=\"2022-03-01T19:24:21.737724Z\">\n    </TimeCreated>\n    <EventRecordID>1098384</EventRecordID>\n    <Correlation>\n    </Correlation>\n    <Execution ProcessID=\"3196\" ThreadID=\"4536\">\n    </Execution>\n    <Channel>Microsoft-Windows-Sysmon/Operational</Channel>\n    <Computer>DESKTOP-6D0DBMB</Computer>\n    <Security UserID=\"S-1-5-18\">\n    </Security>\n  </System>\n  <EventData>\n    <Data Name=\"RuleName\">-</Data>\n    <Data Name=\"EventType\">RenameKey</Data>\n    <Data Name=\"UtcTime\">2022-03-01 19:24:21.727</Data>\n    <Data Name=\"ProcessGuid\">6A627BFB-7265-621E-2F01-000000000300</Data>\n    <Data Name=\"ProcessId\">8076</Data>\n    <Data Name=\"Image\">C:\\Program Files\\Common Files\\Microsoft Shared\\ClickToRun\\OfficeClickToRun.exe</Data>\n    <Data Name=\"TargetObject\">HKLM\\SOFTWARE\\Microsoft\\Office\\ClickToRun\\VREGISTRY_FC4EF5AF-A40A-4956-9AD1-3BFA0BA62E9E</Data>\n    <Data Name=\"NewName\">HKLM\\SOFTWARE\\Microsoft\\Office\\ClickToRun\\REGISTRY</Data>\n    <Data Name=\"User\">AUTORITE NT\\Syst\u00e8me</Data>\n  </EventData>\n</Event>\n",
  "json": "{\"Event\":{\"#attributes\":{\"xmlns\":\"http://schemas.microsoft.com/win/2004/08/events/event\"},\"System\":{\"Provider\":{\"#attributes\":{\"Name\":\"Microsoft-Windows-Sysmon\",\"Guid\":\"5770385F-C22A-43E0-BF4C-06F5698FFBD9\"}},\"EventID\":14,\"Version\":2,\"Level\":4,\"Task\":14,\"Opcode\":0,\"Keywords\":\"0x8000000000000000\",\"TimeCreated\":{\"#attributes\":{\"SystemTime\":\"2022-03-01T19:24:21.737724Z\"}},\"EventRecordID\":1098384,\"Correlation\":null,\"Execution\":{\"#attributes\":{\"ProcessID\":3196,\"ThreadID\":4536}},\"Channel\":\"Microsoft-Windows-Sysmon/Operational\",\"Computer\":\"DESKTOP-6D0DBMB\",\"Security\":{\"#attributes\":{\"UserID\":\"S-1-5-18\"}}},\"EventData\":{\"RuleName\":\"-\",\"EventType\":\"RenameKey\",\"UtcTime\":\"2022-03-01 19:24:21.727\",\"ProcessGuid\":\"6A627BFB-7265-621E-2F01-000000000300\",\"ProcessId\":8076,\"Image\":\"C:\\\\Program Files\\\\Common Files\\\\Microsoft Shared\\\\ClickToRun\\\\OfficeClickToRun.exe\",\"TargetObject\":\"HKLM\\\\SOFTWARE\\\\Microsoft\\\\Office\\\\ClickToRun\\\\VREGISTRY_FC4EF5AF-A40A-4956-9AD1-3BFA0BA62E9E\",\"NewName\":\"HKLM\\\\SOFTWARE\\\\Microsoft\\\\Office\\\\ClickToRun\\\\REGISTRY\",\"User\":\"AUTORITE NT\\\\Syst\u00e8me\"}}}",
  "xml_fields": {
    "provider": "Microsoft-Windows-Sysmon",
    "event_id": "14",
    "timestamp": "2022-03-01T19:24:21.737724Z",
    "event_record_id": "1098384",
    "level": "4",
    "task": "14",
    "opcode": "0",
    "keywords": "0x8000000000000000",
    "channel": "Microsoft-Windows-Sysmon/Operational",
    "computer": "DESKTOP-6D0DBMB",
    "RuleName": "-",
    "EventType": "RenameKey",
    "UtcTime": "2022-03-01 19:24:21.727",
    "ProcessGuid": "6A627BFB-7265-621E-2F01-000000000300",
    "ProcessId": "8076",
    "Image": "C:\\Program Files\\Common Files\\Microsoft Shared\\ClickToRun\\OfficeClickToRun.exe",
    "TargetObject": "HKLM\\SOFTWARE\\Microsoft\\Office\\ClickToRun\\VREGISTRY_FC4EF5AF-A40A-4956-9AD1-3BFA0BA62E9E",
    "NewName": "HKLM\\SOFTWARE\\Microsoft\\Office\\ClickToRun\\REGISTRY",
    "User": "AUTORITE NT\\Syst\u00e8me"
  },
  "json_fields": {
    "provider": "Microsoft-Windows-Sysmon",
    "channel": "Microsoft-Windows-Sysmon/Operational",
    "event_id": "14",
    "timestamp": "2022-03-01T19:24:21.737724Z",
    "event_record_id": "1098384",
    "level": "4",
    "task": "14",
    "opcode": "0",
    "keywords": "0x8000000000000000",
    "computer": "DESKTOP-6D0DBMB",
    "RuleName": "-",
    "EventType": "RenameKey",
    "UtcTime": "2022-03-01 19:24:21.727",
    "ProcessGuid": "6A627BFB-7265-621E-2F01-000000000300",
    "ProcessId": "8076",
    "Image": "C:\\Program Files\\Common Files\\Microsoft Shared\\ClickToRun\\OfficeClickToRun.exe",
    "TargetObject": "HKLM\\SOFTWARE\\Microsoft\\Office\\ClickToRun\\VREGISTRY_FC4EF5AF-A40A-4956-9AD1-3BFA0BA62E9E",
    "NewName": "HKLM\\SOFTWARE\\Microsoft\\Office\\ClickToRun\\REGISTRY",
    "User": "AUTORITE NT\\Syst\u00e8me"
  }
}