{
  "event_id": "1500",
  "provider": "Microsoft-Windows-GroupPolicy",
  "channel": "System",
  "source_file": "D:\\visual code file\\Project_4\\Event-Analyzer\\test\\Benign\\Logs_Client\\System.evtx",
  "event_record_id": 190,
  "xml": "<?xml version=\"1.0\" encoding=\"utf-8\"?>\n<Event xmlns=\"http://schemas.microsoft.com/win/2004/08/events/event\">\n  <System>\n    <Provider Name=\"Microsoft-Windows-GroupPolicy\" Guid=\"AEA1B4FA-97D1-45F2-A64C-4D69FFFD92C9\">\n    </Provider>\n    <EventID>1500</EventID>\n    <Version>0</Version>\n    <Level>4</Level>\n    <Task>0</Task>\n    <Opcode>1</Opcode>\n    <Keywords>0x8000000000000000</Keywords>\n    <TimeCreated SystemTime=\"2022-02-07T10:54:52.053175Z\">\n    </TimeCreated>\n    <EventRecordID>190</EventRecordID>\n    <Correlation ActivityID=\"62E58B4B-B995-4AE3-9317-0596733F1C6D\">\n    </Correlation>\n    <Execution ProcessID=\"952\" ThreadID=\"2964\">\n    </Execution>\n    <Channel>System</Channel>\n    <Computer>DESKTOP-A8CALR3</Computer>\n    <Security UserID=\"S-1-5-18\">\n    </Security>\n  </System>\n  <EventData>\n    <Data Name=\"SupportInfo1\">1</Data>\n    <Data Name=\"SupportInfo2\">4292</Data>\n    <Data Name=\"ProcessingMode\">1</Data>\n    <Data Name=\"ProcessingTimeInMilliseconds\">6562</Data>\n    <Data Name=\"DCName\"></Data>\n  </EventData>\n</Event>\n",
  "json": "{\"Event\":{\"#attributes\":{\"xmlns\":\"http://schemas.microsoft.com/win/2004/08/events/event\"},\"System\":{\"Provider\":{\"#attributes\":{\"Name\":\"Microsoft-Windows-GroupPolicy\",\"Guid\":\"AEA1B4FA-97D1-45F2-A64C-4D69FFFD92C9\"}},\"EventID\":1500,\"Version\":0,\"Level\":4,\"Task\":0,\"Opcode\":1,\"Keywords\":\"0x8000000000000000\",\"TimeCreated\":{\"#attributes\":{\"SystemTime\":\"2022-02-07T10:54:52.053175Z\"}},\"EventRecordID\":190,\"Correlation\":{\"#attributes\":{\"ActivityID\":\"62E58B4B-B995-4AE3-9317-0596733F1C6D\"}},\"Execution\":{\"#attributes\":{\"ProcessID\":952,\"ThreadID\":2964}},\"Channel\":\"System\",\"Computer\":\"DESKTOP-A8CALR3\",\"Security\":{\"#attributes\":{\"UserID\":\"S-1-5-18\"}}},\"EventData\":{\"SupportInfo1\":1,\"SupportInfo2\":4292,\"ProcessingMode\":1,\"ProcessingTimeInMilliseconds\":6562,\"DCName\":\"\"}}}",
  "xml_fields": {
    "provider": "Microsoft-Windows-GroupPolicy",
    "event_id": "1500",
    "timestamp": "2022-02-07T10:54:52.053175Z",
    "event_record_id": "190",
    "level": "4",
    "task": "0",
    "opcode": "1",
    "keywords": "0x8000000000000000",
    "channel": "System",
    "computer": "DESKTOP-A8CALR3",
    "SupportInfo1": "1",
    "SupportInfo2": "4292",
    "ProcessingMode": "1",
    "ProcessingTimeInMilliseconds": "6562",
    "DCName": ""
  },
  "json_fields": {
    "provider": "Microsoft-Windows-GroupPolicy",
    "channel": "System",
    "event_id": "1500",
    "timestamp": "2022-02-07T10:54:52.053175Z",
    "event_record_id": "190",
    "level": "4",
    "task": "0",
    "opcode": "1",
    "keywords": "0x8000000000000000",
    "computer": "DESKTOP-A8CALR3",
    "SupportInfo1": "1",
    "SupportInfo2": "4292",
    "ProcessingMode": "1",
    "ProcessingTimeInMilliseconds": "6562",
    "DCName": ""
  }
}