{
  "event_id": "1500",
  "provider": "Microsoft-Windows-User Profiles Service",
  "channel": "Application",
  "source_file": "D:\\visual code file\\Project_4\\Event-Analyzer\\test\\Benign\\win2022-0-20348-azure\\Application.evtx",
  "event_record_id": 528,
  "xml": "<?xml version=\"1.0\" encoding=\"utf-8\"?>\n<Event xmlns=\"http://schemas.microsoft.com/win/2004/08/events/event\">\n  <System>\n    <Provider Name=\"Microsoft-Windows-User Profiles Service\" Guid=\"89B1E9F0-5AFF-44A6-9B44-0A07A7CE5845\">\n    </Provider>\n    <EventID>1500</EventID>\n    <Version>0</Version>\n    <Level>2</Level>\n    <Task>0</Task>\n    <Opcode>0</Opcode>\n    <Keywords>0x8000000000000000</Keywords>\n    <TimeCreated SystemTime=\"2022-09-18T09:52:06.979258Z\">\n    </TimeCreated>\n    <EventRecordID>528</EventRecordID>\n    <Correlation>\n    </Correlation>\n    <Execution ProcessID=\"1484\" ThreadID=\"1764\">\n    </Execution>\n    <Channel>Application</Channel>\n    <Computer>Agamemnon</Computer>\n    <Security UserID=\"S-1-5-82-3876422241-1344743610-1729199087-774402673-2621913236\">\n    </Security>\n  </System>\n  <EventData>\n    <Data Name=\"Error\">The group or resource is not in the correct state to perform the requested operation.\r\n</Data>\n  </EventData>\n</Event>\n",
  "json": "{\"Event\":{\"#attributes\":{\"xmlns\":\"http://schemas.microsoft.com/win/2004/08/events/event\"},\"System\":{\"Provider\":{\"#attributes\":{\"Name\":\"Microsoft-Windows-User Profiles Service\",\"Guid\":\"89B1E9F0-5AFF-44A6-9B44-0A07A7CE5845\"}},\"EventID\":1500,\"Version\":0,\"Level\":2,\"Task\":0,\"Opcode\":0,\"Keywords\":\"0x8000000000000000\",\"TimeCreated\":{\"#attributes\":{\"SystemTime\":\"2022-09-18T09:52:06.979258Z\"}},\"EventRecordID\":528,\"Correlation\":null,\"Execution\":{\"#attributes\":{\"ProcessID\":1484,\"ThreadID\":1764}},\"Channel\":\"Application\",\"Computer\":\"Agamemnon\",\"Security\":{\"#attributes\":{\"UserID\":\"S-1-5-82-3876422241-1344743610-1729199087-774402673-2621913236\"}}},\"EventData\":{\"Error\":\"The group or resource is not in the correct state to perform the requested operation.\\r\\n\"}}}",
  "xml_fields": {
    "provider": "Microsoft-Windows-User Profiles Service",
    "event_id": "1500",
    "timestamp": "2022-09-18T09:52:06.979258Z",
    "event_record_id": "528",
    "level": "2",
    "task": "0",
    "opcode": "0",
    "keywords": "0x8000000000000000",
    "channel": "Application",
    "computer": "Agamemnon",
    "Error": "The group or resource is not in the correct state to perform the requested operation.\n"
  },
  "json_fields": {
    "provider": "Microsoft-Windows-User Profiles Service",
    "channel": "Application",
    "event_id": "1500",
    "timestamp": "2022-09-18T09:52:06.979258Z",
    "event_record_id": "528",
    "level": "2",
    "task": "0",
    "opcode": "0",
    "keywords": "0x8000000000000000",
    "computer": "Agamemnon",
    "Error": "The group or resource is not in the correct state to perform the requested operation.\r\n"
  }
}