{
  "event_id": "15007",
  "provider": "Microsoft-Windows-HttpEvent",
  "channel": "System",
  "source_file": "D:\\visual code file\\Project_4\\Event-Analyzer\\test\\Logs\\System.evtx",
  "event_record_id": 1154,
  "xml": "<?xml version=\"1.0\" encoding=\"utf-8\"?>\n<Event xmlns=\"http://schemas.microsoft.com/win/2004/08/events/event\">\n  <System>\n    <Provider Name=\"Microsoft-Windows-HttpEvent\" Guid=\"{7b6bc78c-898b-4170-bbf8-1a469ea43fc5}\" EventSourceName=\"HTTP\">\n    </Provider>\n    <EventID Qualifiers=\"16384\">15007</EventID>\n    <Version>0</Version>\n    <Level>4</Level>\n    <Task>0</Task>\n    <Opcode>0</Opcode>\n    <Keywords>0x80000000000000</Keywords>\n    <TimeCreated SystemTime=\"2025-01-24T10:50:46.317624Z\">\n    </TimeCreated>\n    <EventRecordID>1154</EventRecordID>\n    <Correlation>\n    </Correlation>\n    <Execution ProcessID=\"4\" ThreadID=\"308\">\n    </Execution>\n    <Channel>System</Channel>\n    <Computer>CTO-FILESVR</Computer>\n    <Security>\n    </Security>\n  </System>\n  <EventData>\n    <Data Name=\"DeviceObject\"></Data>\n    <Data Name=\"Url\">https://+:3392/rdp/</Data>\n  </EventData>\n</Event>\n",
  "json": "{\"Event\":{\"#attributes\":{\"xmlns\":\"http://schemas.microsoft.com/win/2004/08/events/event\"},\"System\":{\"Provider\":{\"#attributes\":{\"Name\":\"Microsoft-Windows-HttpEvent\",\"Guid\":\"{7b6bc78c-898b-4170-bbf8-1a469ea43fc5}\",\"EventSourceName\":\"HTTP\"}},\"EventID\":{\"#attributes\":{\"Qualifiers\":16384},\"#text\":15007},\"Version\":0,\"Level\":4,\"Task\":0,\"Opcode\":0,\"Keywords\":\"0x80000000000000\",\"TimeCreated\":{\"#attributes\":{\"SystemTime\":\"2025-01-24T10:50:46.317624Z\"}},\"EventRecordID\":1154,\"Correlation\":null,\"Execution\":{\"#attributes\":{\"ProcessID\":4,\"ThreadID\":308}},\"Channel\":\"System\",\"Computer\":\"CTO-FILESVR\",\"Security\":null},\"EventData\":{\"DeviceObject\":\"\",\"Url\":\"https://+:3392/rdp/\"}}}",
  "xml_fields": {
    "provider": "Microsoft-Windows-HttpEvent",
    "event_id": "15007",
    "timestamp": "2025-01-24T10:50:46.317624Z",
    "event_record_id": "1154",
    "level": "4",
    "task": "0",
    "opcode": "0",
    "keywords": "0x80000000000000",
    "channel": "System",
    "computer": "CTO-FILESVR",
    "DeviceObject": "",
    "Url": "https://+:3392/rdp/"
  },
  "json_fields": {
    "provider": "Microsoft-Windows-HttpEvent",
    "channel": "System",
    "event_id": "15007",
    "timestamp": "2025-01-24T10:50:46.317624Z",
    "event_record_id": "1154",
    "level": "4",
    "task": "0",
    "opcode": "0",
    "keywords": "0x80000000000000",
    "computer": "CTO-FILESVR",
    "DeviceObject": "",
    "Url": "https://+:3392/rdp/"
  }
}