{
  "event_id": "1502",
  "provider": "Microsoft-Windows-GroupPolicy",
  "channel": "System",
  "source_file": "D:\\visual code file\\Project_4\\Event-Analyzer\\test\\Benign\\Logs_Win11\\System.evtx",
  "event_record_id": 240,
  "xml": "<?xml version=\"1.0\" encoding=\"utf-8\"?>\n<Event xmlns=\"http://schemas.microsoft.com/win/2004/08/events/event\">\n  <System>\n    <Provider Name=\"Microsoft-Windows-GroupPolicy\" Guid=\"AEA1B4FA-97D1-45F2-A64C-4D69FFFD92C9\">\n    </Provider>\n    <EventID>1502</EventID>\n    <Version>0</Version>\n    <Level>4</Level>\n    <Task>0</Task>\n    <Opcode>1</Opcode>\n    <Keywords>0x8000000000000000</Keywords>\n    <TimeCreated SystemTime=\"2022-03-01T16:58:35.985462Z\">\n    </TimeCreated>\n    <EventRecordID>240</EventRecordID>\n    <Correlation ActivityID=\"AA4AE3CE-BB15-46CE-981C-A252B5A76663\">\n    </Correlation>\n    <Execution ProcessID=\"2376\" ThreadID=\"4504\">\n    </Execution>\n    <Channel>System</Channel>\n    <Computer>DESKTOP-6D0DBMB</Computer>\n    <Security UserID=\"S-1-5-18\">\n    </Security>\n  </System>\n  <EventData>\n    <Data Name=\"SupportInfo1\">1</Data>\n    <Data Name=\"SupportInfo2\">4195</Data>\n    <Data Name=\"ProcessingMode\">0</Data>\n    <Data Name=\"ProcessingTimeInMilliseconds\">94</Data>\n    <Data Name=\"DCName\"></Data>\n    <Data Name=\"NumberOfGroupPolicyObjects\">1</Data>\n  </EventData>\n</Event>\n",
  "json": "{\"Event\":{\"#attributes\":{\"xmlns\":\"http://schemas.microsoft.com/win/2004/08/events/event\"},\"System\":{\"Provider\":{\"#attributes\":{\"Name\":\"Microsoft-Windows-GroupPolicy\",\"Guid\":\"AEA1B4FA-97D1-45F2-A64C-4D69FFFD92C9\"}},\"EventID\":1502,\"Version\":0,\"Level\":4,\"Task\":0,\"Opcode\":1,\"Keywords\":\"0x8000000000000000\",\"TimeCreated\":{\"#attributes\":{\"SystemTime\":\"2022-03-01T16:58:35.985462Z\"}},\"EventRecordID\":240,\"Correlation\":{\"#attributes\":{\"ActivityID\":\"AA4AE3CE-BB15-46CE-981C-A252B5A76663\"}},\"Execution\":{\"#attributes\":{\"ProcessID\":2376,\"ThreadID\":4504}},\"Channel\":\"System\",\"Computer\":\"DESKTOP-6D0DBMB\",\"Security\":{\"#attributes\":{\"UserID\":\"S-1-5-18\"}}},\"EventData\":{\"SupportInfo1\":1,\"SupportInfo2\":4195,\"ProcessingMode\":0,\"ProcessingTimeInMilliseconds\":94,\"DCName\":\"\",\"NumberOfGroupPolicyObjects\":1}}}",
  "xml_fields": {
    "provider": "Microsoft-Windows-GroupPolicy",
    "event_id": "1502",
    "timestamp": "2022-03-01T16:58:35.985462Z",
    "event_record_id": "240",
    "level": "4",
    "task": "0",
    "opcode": "1",
    "keywords": "0x8000000000000000",
    "channel": "System",
    "computer": "DESKTOP-6D0DBMB",
    "SupportInfo1": "1",
    "SupportInfo2": "4195",
    "ProcessingMode": "0",
    "ProcessingTimeInMilliseconds": "94",
    "DCName": "",
    "NumberOfGroupPolicyObjects": "1"
  },
  "json_fields": {
    "provider": "Microsoft-Windows-GroupPolicy",
    "channel": "System",
    "event_id": "1502",
    "timestamp": "2022-03-01T16:58:35.985462Z",
    "event_record_id": "240",
    "level": "4",
    "task": "0",
    "opcode": "1",
    "keywords": "0x8000000000000000",
    "computer": "DESKTOP-6D0DBMB",
    "SupportInfo1": "1",
    "SupportInfo2": "4195",
    "ProcessingMode": "0",
    "ProcessingTimeInMilliseconds": "94",
    "DCName": "",
    "NumberOfGroupPolicyObjects": "1"
  }
}