{
  "event_id": "1503",
  "provider": "Microsoft-Windows-GroupPolicy",
  "channel": "System",
  "source_file": "D:\\visual code file\\Project_4\\Event-Analyzer\\test\\Benign\\Win2022-AD\\System.evtx",
  "event_record_id": 1319,
  "xml": "<?xml version=\"1.0\" encoding=\"utf-8\"?>\n<Event xmlns=\"http://schemas.microsoft.com/win/2004/08/events/event\">\n  <System>\n    <Provider Name=\"Microsoft-Windows-GroupPolicy\" Guid=\"AEA1B4FA-97D1-45F2-A64C-4D69FFFD92C9\">\n    </Provider>\n    <EventID>1503</EventID>\n    <Version>0</Version>\n    <Level>4</Level>\n    <Task>0</Task>\n    <Opcode>1</Opcode>\n    <Keywords>0x8000000000000000</Keywords>\n    <TimeCreated SystemTime=\"2022-04-07T17:34:38.149825Z\">\n    </TimeCreated>\n    <EventRecordID>1319</EventRecordID>\n    <Correlation ActivityID=\"DCA9073D-A053-4D86-A71A-A22443FB751F\">\n    </Correlation>\n    <Execution ProcessID=\"1352\" ThreadID=\"1684\">\n    </Execution>\n    <Channel>System</Channel>\n    <Computer>WIN-FPV0DSIC9O6.sigma.fr</Computer>\n    <Security UserID=\"S-1-5-21-2121334350-1110938707-2888912545-500\">\n    </Security>\n  </System>\n  <EventData>\n    <Data Name=\"SupportInfo1\">1</Data>\n    <Data Name=\"SupportInfo2\">4195</Data>\n    <Data Name=\"ProcessingMode\">0</Data>\n    <Data Name=\"ProcessingTimeInMilliseconds\">671</Data>\n    <Data Name=\"DCName\">\\\\WIN-FPV0DSIC9O6.sigma.fr</Data>\n    <Data Name=\"NumberOfGroupPolicyObjects\">1</Data>\n  </EventData>\n</Event>\n",
  "json": "{\"Event\":{\"#attributes\":{\"xmlns\":\"http://schemas.microsoft.com/win/2004/08/events/event\"},\"System\":{\"Provider\":{\"#attributes\":{\"Name\":\"Microsoft-Windows-GroupPolicy\",\"Guid\":\"AEA1B4FA-97D1-45F2-A64C-4D69FFFD92C9\"}},\"EventID\":1503,\"Version\":0,\"Level\":4,\"Task\":0,\"Opcode\":1,\"Keywords\":\"0x8000000000000000\",\"TimeCreated\":{\"#attributes\":{\"SystemTime\":\"2022-04-07T17:34:38.149825Z\"}},\"EventRecordID\":1319,\"Correlation\":{\"#attributes\":{\"ActivityID\":\"DCA9073D-A053-4D86-A71A-A22443FB751F\"}},\"Execution\":{\"#attributes\":{\"ProcessID\":1352,\"ThreadID\":1684}},\"Channel\":\"System\",\"Computer\":\"WIN-FPV0DSIC9O6.sigma.fr\",\"Security\":{\"#attributes\":{\"UserID\":\"S-1-5-21-2121334350-1110938707-2888912545-500\"}}},\"EventData\":{\"SupportInfo1\":1,\"SupportInfo2\":4195,\"ProcessingMode\":0,\"ProcessingTimeInMilliseconds\":671,\"DCName\":\"\\\\\\\\WIN-FPV0DSIC9O6.sigma.fr\",\"NumberOfGroupPolicyObjects\":1}}}",
  "xml_fields": {
    "provider": "Microsoft-Windows-GroupPolicy",
    "event_id": "1503",
    "timestamp": "2022-04-07T17:34:38.149825Z",
    "event_record_id": "1319",
    "level": "4",
    "task": "0",
    "opcode": "1",
    "keywords": "0x8000000000000000",
    "channel": "System",
    "computer": "WIN-FPV0DSIC9O6.sigma.fr",
    "SupportInfo1": "1",
    "SupportInfo2": "4195",
    "ProcessingMode": "0",
    "ProcessingTimeInMilliseconds": "671",
    "DCName": "\\\\WIN-FPV0DSIC9O6.sigma.fr",
    "NumberOfGroupPolicyObjects": "1"
  },
  "json_fields": {
    "provider": "Microsoft-Windows-GroupPolicy",
    "channel": "System",
    "event_id": "1503",
    "timestamp": "2022-04-07T17:34:38.149825Z",
    "event_record_id": "1319",
    "level": "4",
    "task": "0",
    "opcode": "1",
    "keywords": "0x8000000000000000",
    "computer": "WIN-FPV0DSIC9O6.sigma.fr",
    "SupportInfo1": "1",
    "SupportInfo2": "4195",
    "ProcessingMode": "0",
    "ProcessingTimeInMilliseconds": "671",
    "DCName": "\\\\WIN-FPV0DSIC9O6.sigma.fr",
    "NumberOfGroupPolicyObjects": "1"
  }
}