{
  "event_id": "1509",
  "provider": "Microsoft-Windows-User Profiles General",
  "channel": "Application",
  "source_file": "D:\\visual code file\\Project_4\\Event-Analyzer\\test\\Benign\\win2022-0-20348-azure\\Application.evtx",
  "event_record_id": 525,
  "xml": "<?xml version=\"1.0\" encoding=\"utf-8\"?>\n<Event xmlns=\"http://schemas.microsoft.com/win/2004/08/events/event\">\n  <System>\n    <Provider Name=\"Microsoft-Windows-User Profiles General\" Guid=\"DB00DFB6-29F9-4A9C-9B3B-1F4F9E7D9770\">\n    </Provider>\n    <EventID>1509</EventID>\n    <Version>0</Version>\n    <Level>3</Level>\n    <Task>0</Task>\n    <Opcode>0</Opcode>\n    <Keywords>0x8000000000000000</Keywords>\n    <TimeCreated SystemTime=\"2022-09-18T09:52:06.306861Z\">\n    </TimeCreated>\n    <EventRecordID>525</EventRecordID>\n    <Correlation>\n    </Correlation>\n    <Execution ProcessID=\"1484\" ThreadID=\"1764\">\n    </Execution>\n    <Channel>Application</Channel>\n    <Computer>Agamemnon</Computer>\n    <Security UserID=\"S-1-5-82-3876422241-1344743610-1729199087-774402673-2621913236\">\n    </Security>\n  </System>\n  <EventData Name=\"EVENT_COPYERROR\">\n    <Data Name=\"Source\">C:\\Users\\Default\\NTUSER.DAT</Data>\n    <Data Name=\"Target\">C:\\Users\\.NET v4.5 Classic\\NTUSER.DAT</Data>\n    <Data Name=\"Error\">The process cannot access the file because it is being used by another process.\r\n</Data>\n  </EventData>\n</Event>\n",
  "json": "{\"Event\":{\"#attributes\":{\"xmlns\":\"http://schemas.microsoft.com/win/2004/08/events/event\"},\"System\":{\"Provider\":{\"#attributes\":{\"Name\":\"Microsoft-Windows-User Profiles General\",\"Guid\":\"DB00DFB6-29F9-4A9C-9B3B-1F4F9E7D9770\"}},\"EventID\":1509,\"Version\":0,\"Level\":3,\"Task\":0,\"Opcode\":0,\"Keywords\":\"0x8000000000000000\",\"TimeCreated\":{\"#attributes\":{\"SystemTime\":\"2022-09-18T09:52:06.306861Z\"}},\"EventRecordID\":525,\"Correlation\":null,\"Execution\":{\"#attributes\":{\"ProcessID\":1484,\"ThreadID\":1764}},\"Channel\":\"Application\",\"Computer\":\"Agamemnon\",\"Security\":{\"#attributes\":{\"UserID\":\"S-1-5-82-3876422241-1344743610-1729199087-774402673-2621913236\"}}},\"EventData\":{\"#attributes\":{\"Name\":\"EVENT_COPYERROR\"},\"Source\":\"C:\\\\Users\\\\Default\\\\NTUSER.DAT\",\"Target\":\"C:\\\\Users\\\\.NET v4.5 Classic\\\\NTUSER.DAT\",\"Error\":\"The process cannot access the file because it is being used by another process.\\r\\n\"}}}",
  "xml_fields": {
    "provider": "Microsoft-Windows-User Profiles General",
    "event_id": "1509",
    "timestamp": "2022-09-18T09:52:06.306861Z",
    "event_record_id": "525",
    "level": "3",
    "task": "0",
    "opcode": "0",
    "keywords": "0x8000000000000000",
    "channel": "Application",
    "computer": "Agamemnon",
    "Source": "C:\\Users\\Default\\NTUSER.DAT",
    "Target": "C:\\Users\\.NET v4.5 Classic\\NTUSER.DAT",
    "Error": "The process cannot access the file because it is being used by another process.\n"
  },
  "json_fields": {
    "provider": "Microsoft-Windows-User Profiles General",
    "channel": "Application",
    "event_id": "1509",
    "timestamp": "2022-09-18T09:52:06.306861Z",
    "event_record_id": "525",
    "level": "3",
    "task": "0",
    "opcode": "0",
    "keywords": "0x8000000000000000",
    "computer": "Agamemnon",
    "Source": "C:\\Users\\Default\\NTUSER.DAT",
    "Target": "C:\\Users\\.NET v4.5 Classic\\NTUSER.DAT",
    "Error": "The process cannot access the file because it is being used by another process.\r\n"
  }
}