{
  "event_id": "151",
  "provider": "Microsoft-Windows-Ntfs",
  "channel": "Microsoft-Windows-Ntfs/Operational",
  "source_file": "D:\\visual code file\\Project_4\\Event-Analyzer\\test\\Benign\\Logs_Client\\Microsoft-Windows-Ntfs%4Operational.evtx",
  "event_record_id": 21,
  "xml": "<?xml version=\"1.0\" encoding=\"utf-8\"?>\n<Event xmlns=\"http://schemas.microsoft.com/win/2004/08/events/event\">\n  <System>\n    <Provider Name=\"Microsoft-Windows-Ntfs\" Guid=\"3FF37A1C-A68D-4D6E-8C9B-F79E8B16C482\">\n    </Provider>\n    <EventID>151</EventID>\n    <Version>0</Version>\n    <Level>4</Level>\n    <Task>0</Task>\n    <Opcode>0</Opcode>\n    <Keywords>0x4000000000200000</Keywords>\n    <TimeCreated SystemTime=\"2022-02-07T14:13:48.799577Z\">\n    </TimeCreated>\n    <EventRecordID>21</EventRecordID>\n    <Correlation>\n    </Correlation>\n    <Execution ProcessID=\"4\" ThreadID=\"196\">\n    </Execution>\n    <Channel>Microsoft-Windows-Ntfs/Operational</Channel>\n    <Computer>DESKTOP-A8CALR3</Computer>\n    <Security UserID=\"S-1-5-18\">\n    </Security>\n  </System>\n  <EventData>\n    <Data Name=\"VolumeCorrelationId\">BE65655B-0000-0000-0000-300300000000</Data>\n    <Data Name=\"VolumeNameLength\">2</Data>\n    <Data Name=\"VolumeName\">C:</Data>\n    <Data Name=\"IsBootVolume\">true</Data>\n    <Data Name=\"SecondsElapsed\">7562</Data>\n    <Data Name=\"TotalCountDeleteFile\">13</Data>\n    <Data Name=\"TotalCountDeleteFileLogged\">13</Data>\n    <Data Name=\"ProcessName\">smss.exe</Data>\n    <Data Name=\"CountDeleteFile\">4</Data>\n  </EventData>\n</Event>\n",
  "json": "{\"Event\":{\"#attributes\":{\"xmlns\":\"http://schemas.microsoft.com/win/2004/08/events/event\"},\"System\":{\"Provider\":{\"#attributes\":{\"Name\":\"Microsoft-Windows-Ntfs\",\"Guid\":\"3FF37A1C-A68D-4D6E-8C9B-F79E8B16C482\"}},\"EventID\":151,\"Version\":0,\"Level\":4,\"Task\":0,\"Opcode\":0,\"Keywords\":\"0x4000000000200000\",\"TimeCreated\":{\"#attributes\":{\"SystemTime\":\"2022-02-07T14:13:48.799577Z\"}},\"EventRecordID\":21,\"Correlation\":null,\"Execution\":{\"#attributes\":{\"ProcessID\":4,\"ThreadID\":196}},\"Channel\":\"Microsoft-Windows-Ntfs/Operational\",\"Computer\":\"DESKTOP-A8CALR3\",\"Security\":{\"#attributes\":{\"UserID\":\"S-1-5-18\"}}},\"EventData\":{\"VolumeCorrelationId\":\"BE65655B-0000-0000-0000-300300000000\",\"VolumeNameLength\":2,\"VolumeName\":\"C:\",\"IsBootVolume\":true,\"SecondsElapsed\":7562,\"TotalCountDeleteFile\":13,\"TotalCountDeleteFileLogged\":13,\"ProcessName\":\"smss.exe\",\"CountDeleteFile\":4}}}",
  "xml_fields": {
    "provider": "Microsoft-Windows-Ntfs",
    "event_id": "151",
    "timestamp": "2022-02-07T14:13:48.799577Z",
    "event_record_id": "21",
    "level": "4",
    "task": "0",
    "opcode": "0",
    "keywords": "0x4000000000200000",
    "channel": "Microsoft-Windows-Ntfs/Operational",
    "computer": "DESKTOP-A8CALR3",
    "VolumeCorrelationId": "BE65655B-0000-0000-0000-300300000000",
    "VolumeNameLength": "2",
    "VolumeName": "C:",
    "IsBootVolume": "true",
    "SecondsElapsed": "7562",
    "TotalCountDeleteFile": "13",
    "TotalCountDeleteFileLogged": "13",
    "ProcessName": "smss.exe",
    "CountDeleteFile": "4"
  },
  "json_fields": {
    "provider": "Microsoft-Windows-Ntfs",
    "channel": "Microsoft-Windows-Ntfs/Operational",
    "event_id": "151",
    "timestamp": "2022-02-07T14:13:48.799577Z",
    "event_record_id": "21",
    "level": "4",
    "task": "0",
    "opcode": "0",
    "keywords": "0x4000000000200000",
    "computer": "DESKTOP-A8CALR3",
    "VolumeCorrelationId": "BE65655B-0000-0000-0000-300300000000",
    "VolumeNameLength": "2",
    "VolumeName": "C:",
    "IsBootVolume": "True",
    "SecondsElapsed": "7562",
    "TotalCountDeleteFile": "13",
    "TotalCountDeleteFileLogged": "13",
    "ProcessName": "smss.exe",
    "CountDeleteFile": "4"
  }
}