{
  "event_id": "1530",
  "provider": "Microsoft-Windows-User Profiles Service",
  "channel": "Application",
  "source_file": "D:\\visual code file\\Project_4\\Event-Analyzer\\test\\Benign\\win7-x86\\Application.evtx",
  "event_record_id": 196,
  "xml": "<?xml version=\"1.0\" encoding=\"utf-8\"?>\n<Event xmlns=\"http://schemas.microsoft.com/win/2004/08/events/event\">\n  <System>\n    <Provider Name=\"Microsoft-Windows-User Profiles Service\" Guid=\"89B1E9F0-5AFF-44A6-9B44-0A07A7CE5845\">\n    </Provider>\n    <EventID>1530</EventID>\n    <Version>0</Version>\n    <Level>3</Level>\n    <Task>0</Task>\n    <Opcode>0</Opcode>\n    <Keywords>0x8000000000000000</Keywords>\n    <TimeCreated SystemTime=\"2022-04-04T10:10:54.791117Z\">\n    </TimeCreated>\n    <EventRecordID>196</EventRecordID>\n    <Correlation>\n    </Correlation>\n    <Execution ProcessID=\"904\" ThreadID=\"1980\">\n    </Execution>\n    <Channel>Application</Channel>\n    <Computer>evtx-PC</Computer>\n    <Security UserID=\"S-1-5-18\">\n    </Security>\n  </System>\n  <EventData Name=\"EVENT_HIVE_LEAK\">\n    <Data Name=\"Detail\">1 user registry handles leaked from \\Registry\\User\\S-1-5-21-712794737-353456615-3249761964-1001:\nProcess 576 (\\Device\\HarddiskVolume2\\Windows\\System32\\winlogon.exe) has opened key \\REGISTRY\\USER\\S-1-5-21-712794737-353456615-3249761964-1001\n</Data>\n  </EventData>\n</Event>\n",
  "json": "{\"Event\":{\"#attributes\":{\"xmlns\":\"http://schemas.microsoft.com/win/2004/08/events/event\"},\"System\":{\"Provider\":{\"#attributes\":{\"Name\":\"Microsoft-Windows-User Profiles Service\",\"Guid\":\"89B1E9F0-5AFF-44A6-9B44-0A07A7CE5845\"}},\"EventID\":1530,\"Version\":0,\"Level\":3,\"Task\":0,\"Opcode\":0,\"Keywords\":\"0x8000000000000000\",\"TimeCreated\":{\"#attributes\":{\"SystemTime\":\"2022-04-04T10:10:54.791117Z\"}},\"EventRecordID\":196,\"Correlation\":null,\"Execution\":{\"#attributes\":{\"ProcessID\":904,\"ThreadID\":1980}},\"Channel\":\"Application\",\"Computer\":\"evtx-PC\",\"Security\":{\"#attributes\":{\"UserID\":\"S-1-5-18\"}}},\"EventData\":{\"#attributes\":{\"Name\":\"EVENT_HIVE_LEAK\"},\"Detail\":\"1 user registry handles leaked from \\\\Registry\\\\User\\\\S-1-5-21-712794737-353456615-3249761964-1001:\\nProcess 576 (\\\\Device\\\\HarddiskVolume2\\\\Windows\\\\System32\\\\winlogon.exe) has opened key \\\\REGISTRY\\\\USER\\\\S-1-5-21-712794737-353456615-3249761964-1001\\n\"}}}",
  "xml_fields": {
    "provider": "Microsoft-Windows-User Profiles Service",
    "event_id": "1530",
    "timestamp": "2022-04-04T10:10:54.791117Z",
    "event_record_id": "196",
    "level": "3",
    "task": "0",
    "opcode": "0",
    "keywords": "0x8000000000000000",
    "channel": "Application",
    "computer": "evtx-PC",
    "Detail": "1 user registry handles leaked from \\Registry\\User\\S-1-5-21-712794737-353456615-3249761964-1001:\nProcess 576 (\\Device\\HarddiskVolume2\\Windows\\System32\\winlogon.exe) has opened key \\REGISTRY\\USER\\S-1-5-21-712794737-353456615-3249761964-1001\n"
  },
  "json_fields": {
    "provider": "Microsoft-Windows-User Profiles Service",
    "channel": "Application",
    "event_id": "1530",
    "timestamp": "2022-04-04T10:10:54.791117Z",
    "event_record_id": "196",
    "level": "3",
    "task": "0",
    "opcode": "0",
    "keywords": "0x8000000000000000",
    "computer": "evtx-PC",
    "Detail": "1 user registry handles leaked from \\Registry\\User\\S-1-5-21-712794737-353456615-3249761964-1001:\nProcess 576 (\\Device\\HarddiskVolume2\\Windows\\System32\\winlogon.exe) has opened key \\REGISTRY\\USER\\S-1-5-21-712794737-353456615-3249761964-1001\n"
  }
}