{
  "event_id": "1532",
  "provider": "Microsoft-Windows-User Profiles Service",
  "channel": "Application",
  "source_file": "D:\\visual code file\\Project_4\\Event-Analyzer\\test\\Logs\\Application.evtx",
  "event_record_id": 71,
  "xml": "<?xml version=\"1.0\" encoding=\"utf-8\"?>\n<Event xmlns=\"http://schemas.microsoft.com/win/2004/08/events/event\">\n  <System>\n    <Provider Name=\"Microsoft-Windows-User Profiles Service\" Guid=\"89B1E9F0-5AFF-44A6-9B44-0A07A7CE5845\">\n    </Provider>\n    <EventID>1532</EventID>\n    <Version>0</Version>\n    <Level>4</Level>\n    <Task>0</Task>\n    <Opcode>0</Opcode>\n    <Keywords>0x8000000000000000</Keywords>\n    <TimeCreated SystemTime=\"2024-11-04T12:39:53.983849Z\">\n    </TimeCreated>\n    <EventRecordID>71</EventRecordID>\n    <Correlation>\n    </Correlation>\n    <Execution ProcessID=\"1832\" ThreadID=\"1052\">\n    </Execution>\n    <Channel>Application</Channel>\n    <Computer>DESKTOP-P9H5FTA</Computer>\n    <Security UserID=\"S-1-5-18\">\n    </Security>\n  </System>\n  <EventData>\n  </EventData>\n</Event>\n",
  "json": "{\"Event\":{\"#attributes\":{\"xmlns\":\"http://schemas.microsoft.com/win/2004/08/events/event\"},\"System\":{\"Provider\":{\"#attributes\":{\"Name\":\"Microsoft-Windows-User Profiles Service\",\"Guid\":\"89B1E9F0-5AFF-44A6-9B44-0A07A7CE5845\"}},\"EventID\":1532,\"Version\":0,\"Level\":4,\"Task\":0,\"Opcode\":0,\"Keywords\":\"0x8000000000000000\",\"TimeCreated\":{\"#attributes\":{\"SystemTime\":\"2024-11-04T12:39:53.983849Z\"}},\"EventRecordID\":71,\"Correlation\":null,\"Execution\":{\"#attributes\":{\"ProcessID\":1832,\"ThreadID\":1052}},\"Channel\":\"Application\",\"Computer\":\"DESKTOP-P9H5FTA\",\"Security\":{\"#attributes\":{\"UserID\":\"S-1-5-18\"}}},\"EventData\":null}}",
  "xml_fields": {
    "provider": "Microsoft-Windows-User Profiles Service",
    "event_id": "1532",
    "timestamp": "2024-11-04T12:39:53.983849Z",
    "event_record_id": "71",
    "level": "4",
    "task": "0",
    "opcode": "0",
    "keywords": "0x8000000000000000",
    "channel": "Application",
    "computer": "DESKTOP-P9H5FTA"
  },
  "json_fields": {
    "provider": "Microsoft-Windows-User Profiles Service",
    "channel": "Application",
    "event_id": "1532",
    "timestamp": "2024-11-04T12:39:53.983849Z",
    "event_record_id": "71",
    "level": "4",
    "task": "0",
    "opcode": "0",
    "keywords": "0x8000000000000000",
    "computer": "DESKTOP-P9H5FTA"
  }
}