{
  "event_id": "156",
  "provider": "Microsoft-Windows-Hyper-V-Hypervisor",
  "channel": "Microsoft-Windows-Hyper-V-Hypervisor-Admin",
  "source_file": "D:\\visual code file\\Project_4\\Event-Analyzer\\test\\Benign\\Logs_Win11_2023\\Microsoft-Windows-Hyper-V-Hypervisor-Admin.evtx",
  "event_record_id": 1,
  "xml": "<?xml version=\"1.0\" encoding=\"utf-8\"?>\n<Event xmlns=\"http://schemas.microsoft.com/win/2004/08/events/event\">\n  <System>\n    <Provider Name=\"Microsoft-Windows-Hyper-V-Hypervisor\" Guid=\"52FC89F8-995E-434C-A91E-199986449890\">\n    </Provider>\n    <EventID>156</EventID>\n    <Version>1</Version>\n    <Level>4</Level>\n    <Task>0</Task>\n    <Opcode>0</Opcode>\n    <Keywords>0x4000000000000000</Keywords>\n    <TimeCreated SystemTime=\"2023-10-25T22:02:56.881749Z\">\n    </TimeCreated>\n    <EventRecordID>1</EventRecordID>\n    <Correlation ActivityID=\"DAA177DC-626A-2B66-E046-B16800BC581C\">\n    </Correlation>\n    <Execution ProcessID=\"4\" ThreadID=\"8\">\n    </Execution>\n    <Channel>Microsoft-Windows-Hyper-V-Hypervisor-Admin</Channel>\n    <Computer>WinDevEval</Computer>\n    <Security UserID=\"S-1-5-18\">\n    </Security>\n  </System>\n  <EventData>\n    <Data Name=\"InitialAllocationNumaPolicy\">0</Data>\n  </EventData>\n</Event>\n",
  "json": "{\"Event\":{\"#attributes\":{\"xmlns\":\"http://schemas.microsoft.com/win/2004/08/events/event\"},\"System\":{\"Provider\":{\"#attributes\":{\"Name\":\"Microsoft-Windows-Hyper-V-Hypervisor\",\"Guid\":\"52FC89F8-995E-434C-A91E-199986449890\"}},\"EventID\":156,\"Version\":1,\"Level\":4,\"Task\":0,\"Opcode\":0,\"Keywords\":\"0x4000000000000000\",\"TimeCreated\":{\"#attributes\":{\"SystemTime\":\"2023-10-25T22:02:56.881749Z\"}},\"EventRecordID\":1,\"Correlation\":{\"#attributes\":{\"ActivityID\":\"DAA177DC-626A-2B66-E046-B16800BC581C\"}},\"Execution\":{\"#attributes\":{\"ProcessID\":4,\"ThreadID\":8}},\"Channel\":\"Microsoft-Windows-Hyper-V-Hypervisor-Admin\",\"Computer\":\"WinDevEval\",\"Security\":{\"#attributes\":{\"UserID\":\"S-1-5-18\"}}},\"EventData\":{\"InitialAllocationNumaPolicy\":0}}}",
  "xml_fields": {
    "provider": "Microsoft-Windows-Hyper-V-Hypervisor",
    "event_id": "156",
    "timestamp": "2023-10-25T22:02:56.881749Z",
    "event_record_id": "1",
    "level": "4",
    "task": "0",
    "opcode": "0",
    "keywords": "0x4000000000000000",
    "channel": "Microsoft-Windows-Hyper-V-Hypervisor-Admin",
    "computer": "WinDevEval",
    "InitialAllocationNumaPolicy": "0"
  },
  "json_fields": {
    "provider": "Microsoft-Windows-Hyper-V-Hypervisor",
    "channel": "Microsoft-Windows-Hyper-V-Hypervisor-Admin",
    "event_id": "156",
    "timestamp": "2023-10-25T22:02:56.881749Z",
    "event_record_id": "1",
    "level": "4",
    "task": "0",
    "opcode": "0",
    "keywords": "0x4000000000000000",
    "computer": "WinDevEval",
    "InitialAllocationNumaPolicy": "0"
  }
}