{
  "event_id": "156",
  "provider": "Microsoft-Windows-Ntfs",
  "channel": "Microsoft-Windows-Ntfs/Operational",
  "source_file": "D:\\visual code file\\Project_4\\Event-Analyzer\\test\\Benign\\Logs_Win11_2023\\Microsoft-Windows-Ntfs%4Operational.evtx",
  "event_record_id": 184,
  "xml": "<?xml version=\"1.0\" encoding=\"utf-8\"?>\n<Event xmlns=\"http://schemas.microsoft.com/win/2004/08/events/event\">\n  <System>\n    <Provider Name=\"Microsoft-Windows-Ntfs\" Guid=\"3FF37A1C-A68D-4D6E-8C9B-F79E8B16C482\">\n    </Provider>\n    <EventID>156</EventID>\n    <Version>0</Version>\n    <Level>4</Level>\n    <Task>0</Task>\n    <Opcode>0</Opcode>\n    <Keywords>0x4000000000200000</Keywords>\n    <TimeCreated SystemTime=\"2023-11-05T23:32:07.787566Z\">\n    </TimeCreated>\n    <EventRecordID>184</EventRecordID>\n    <Correlation>\n    </Correlation>\n    <Execution ProcessID=\"4\" ThreadID=\"4760\">\n    </Execution>\n    <Channel>Microsoft-Windows-Ntfs/Operational</Channel>\n    <Computer>WinDev2310Eval</Computer>\n    <Security UserID=\"S-1-5-18\">\n    </Security>\n  </System>\n  <EventData>\n    <Data Name=\"VolumeCorrelationId\">7597D2A3-4404-4F99-B979-6233378A81BF</Data>\n    <Data Name=\"VolumeNameLength\">2</Data>\n    <Data Name=\"VolumeName\">C:</Data>\n    <Data Name=\"IsBootVolume\">true</Data>\n    <Data Name=\"DeviceGuid\">22A04354-7C2B-11EE-936C-806E6F6E6963</Data>\n    <Data Name=\"VendorIdLength\">8</Data>\n    <Data Name=\"VendorId\">VMware, </Data>\n    <Data Name=\"ProductIdLength\">16</Data>\n    <Data Name=\"ProductId\">VMware Virtual S</Data>\n    <Data Name=\"ProductRevisionLength\">4</Data>\n    <Data Name=\"ProductRevision\">1.0 </Data>\n    <Data Name=\"DeviceSerialNumberLength\">0</Data>\n    <Data Name=\"DeviceSerialNumber\"></Data>\n    <Data Name=\"BusType\">10</Data>\n    <Data Name=\"AdapterSerialNumberLength\">0</Data>\n    <Data Name=\"AdapterSerialNumber\"></Data>\n    <Data Name=\"IntervalDurationMs\">3601467</Data>\n    <Data Name=\"IntervalDurationStr\">3601 s</Data>\n    <Data Name=\"VcbExAcquireCount\">218</Data>\n    <Data Name=\"VcbExMaxWaitDurationMs\">143</Data>\n    <Data Name=\"VcbExAvgWaitDurationMs\">1</Data>\n    <Data Name=\"VcbExMaxHoldDurationMs\">181</Data>\n    <Data Name=\"VcbExAvgHoldDurationMs\">0</Data>\n    <Data Name=\"VcbExMaxCombinedDurationMs\">181</Data>\n    <Data Name=\"VcbExAvgCombinedDurationMs\">2</Data>\n  </EventData>\n</Event>\n",
  "json": "{\"Event\":{\"#attributes\":{\"xmlns\":\"http://schemas.microsoft.com/win/2004/08/events/event\"},\"System\":{\"Provider\":{\"#attributes\":{\"Name\":\"Microsoft-Windows-Ntfs\",\"Guid\":\"3FF37A1C-A68D-4D6E-8C9B-F79E8B16C482\"}},\"EventID\":156,\"Version\":0,\"Level\":4,\"Task\":0,\"Opcode\":0,\"Keywords\":\"0x4000000000200000\",\"TimeCreated\":{\"#attributes\":{\"SystemTime\":\"2023-11-05T23:32:07.787566Z\"}},\"EventRecordID\":184,\"Correlation\":null,\"Execution\":{\"#attributes\":{\"ProcessID\":4,\"ThreadID\":4760}},\"Channel\":\"Microsoft-Windows-Ntfs/Operational\",\"Computer\":\"WinDev2310Eval\",\"Security\":{\"#attributes\":{\"UserID\":\"S-1-5-18\"}}},\"EventData\":{\"VolumeCorrelationId\":\"7597D2A3-4404-4F99-B979-6233378A81BF\",\"VolumeNameLength\":2,\"VolumeName\":\"C:\",\"IsBootVolume\":true,\"DeviceGuid\":\"22A04354-7C2B-11EE-936C-806E6F6E6963\",\"VendorIdLength\":8,\"VendorId\":\"VMware, \",\"ProductIdLength\":16,\"ProductId\":\"VMware Virtual S\",\"ProductRevisionLength\":4,\"ProductRevision\":\"1.0 \",\"DeviceSerialNumberLength\":0,\"DeviceSerialNumber\":\"\",\"BusType\":10,\"AdapterSerialNumberLength\":0,\"AdapterSerialNumber\":\"\",\"IntervalDurationMs\":3601467,\"IntervalDurationStr\":\"3601 s\",\"VcbExAcquireCount\":218,\"VcbExMaxWaitDurationMs\":143,\"VcbExAvgWaitDurationMs\":1,\"VcbExMaxHoldDurationMs\":181,\"VcbExAvgHoldDurationMs\":0,\"VcbExMaxCombinedDurationMs\":181,\"VcbExAvgCombinedDurationMs\":2}}}",
  "xml_fields": {
    "provider": "Microsoft-Windows-Ntfs",
    "event_id": "156",
    "timestamp": "2023-11-05T23:32:07.787566Z",
    "event_record_id": "184",
    "level": "4",
    "task": "0",
    "opcode": "0",
    "keywords": "0x4000000000200000",
    "channel": "Microsoft-Windows-Ntfs/Operational",
    "computer": "WinDev2310Eval",
    "VolumeCorrelationId": "7597D2A3-4404-4F99-B979-6233378A81BF",
    "VolumeNameLength": "2",
    "VolumeName": "C:",
    "IsBootVolume": "true",
    "DeviceGuid": "22A04354-7C2B-11EE-936C-806E6F6E6963",
    "VendorIdLength": "8",
    "VendorId": "VMware, ",
    "ProductIdLength": "16",
    "ProductId": "VMware Virtual S",
    "ProductRevisionLength": "4",
    "ProductRevision": "1.0 ",
    "DeviceSerialNumberLength": "0",
    "DeviceSerialNumber": "",
    "BusType": "10",
    "AdapterSerialNumberLength": "0",
    "AdapterSerialNumber": "",
    "IntervalDurationMs": "3601467",
    "IntervalDurationStr": "3601 s",
    "VcbExAcquireCount": "218",
    "VcbExMaxWaitDurationMs": "143",
    "VcbExAvgWaitDurationMs": "1",
    "VcbExMaxHoldDurationMs": "181",
    "VcbExAvgHoldDurationMs": "0",
    "VcbExMaxCombinedDurationMs": "181",
    "VcbExAvgCombinedDurationMs": "2"
  },
  "json_fields": {
    "provider": "Microsoft-Windows-Ntfs",
    "channel": "Microsoft-Windows-Ntfs/Operational",
    "event_id": "156",
    "timestamp": "2023-11-05T23:32:07.787566Z",
    "event_record_id": "184",
    "level": "4",
    "task": "0",
    "opcode": "0",
    "keywords": "0x4000000000200000",
    "computer": "WinDev2310Eval",
    "VolumeCorrelationId": "7597D2A3-4404-4F99-B979-6233378A81BF",
    "VolumeNameLength": "2",
    "VolumeName": "C:",
    "IsBootVolume": "True",
    "DeviceGuid": "22A04354-7C2B-11EE-936C-806E6F6E6963",
    "VendorIdLength": "8",
    "VendorId": "VMware, ",
    "ProductIdLength": "16",
    "ProductId": "VMware Virtual S",
    "ProductRevisionLength": "4",
    "ProductRevision": "1.0 ",
    "DeviceSerialNumberLength": "0",
    "DeviceSerialNumber": "",
    "BusType": "10",
    "AdapterSerialNumberLength": "0",
    "AdapterSerialNumber": "",
    "IntervalDurationMs": "3601467",
    "IntervalDurationStr": "3601 s",
    "VcbExAcquireCount": "218",
    "VcbExMaxWaitDurationMs": "143",
    "VcbExAvgWaitDurationMs": "1",
    "VcbExMaxHoldDurationMs": "181",
    "VcbExAvgHoldDurationMs": "0",
    "VcbExMaxCombinedDurationMs": "181",
    "VcbExAvgCombinedDurationMs": "2"
  }
}