{
  "event_id": "158",
  "provider": "Microsoft-Windows-Ntfs",
  "channel": "Microsoft-Windows-Ntfs/Operational",
  "source_file": "D:\\visual code file\\Project_4\\Event-Analyzer\\test\\Logs\\Microsoft-Windows-Ntfs%4Operational.evtx",
  "event_record_id": 9,
  "xml": "<?xml version=\"1.0\" encoding=\"utf-8\"?>\n<Event xmlns=\"http://schemas.microsoft.com/win/2004/08/events/event\">\n  <System>\n    <Provider Name=\"Microsoft-Windows-Ntfs\" Guid=\"3FF37A1C-A68D-4D6E-8C9B-F79E8B16C482\">\n    </Provider>\n    <EventID>158</EventID>\n    <Version>0</Version>\n    <Level>4</Level>\n    <Task>0</Task>\n    <Opcode>0</Opcode>\n    <Keywords>0x4000000000200000</Keywords>\n    <TimeCreated SystemTime=\"2024-11-04T12:34:39.070028Z\">\n    </TimeCreated>\n    <EventRecordID>9</EventRecordID>\n    <Correlation>\n    </Correlation>\n    <Execution ProcessID=\"4\" ThreadID=\"196\">\n    </Execution>\n    <Channel>Microsoft-Windows-Ntfs/Operational</Channel>\n    <Computer>DESKTOP-P9H5FTA</Computer>\n    <Security UserID=\"S-1-5-18\">\n    </Security>\n  </System>\n  <EventData>\n    <Data Name=\"VolumeCorrelationId\">F1CA1821-2851-4E11-9053-30D9F871AE8E</Data>\n    <Data Name=\"VolumeNameLength\">2</Data>\n    <Data Name=\"VolumeName\">C:</Data>\n    <Data Name=\"UserFileReads\">14760</Data>\n    <Data Name=\"UserFileReadBytes\">528727552</Data>\n    <Data Name=\"UserDiskReads\">14646</Data>\n    <Data Name=\"UserFileWrites\">13101</Data>\n    <Data Name=\"UserFileWriteBytes\">328892416</Data>\n    <Data Name=\"UserDiskWrites\">11229</Data>\n    <Data Name=\"MetaDataReads\">2294</Data>\n    <Data Name=\"MetaDataReadBytes\">15192064</Data>\n    <Data Name=\"MetaDataDiskReads\">2873</Data>\n    <Data Name=\"MetaDataWrites\">2039</Data>\n    <Data Name=\"MetaDataWriteBytes\">9793536</Data>\n    <Data Name=\"MetaDataDiskWrites\">2125</Data>\n    <Data Name=\"MftReads\">2082</Data>\n    <Data Name=\"MftReadBytes\">8556544</Data>\n    <Data Name=\"MftWrites\">2038</Data>\n    <Data Name=\"MftWriteBytes\">9306112</Data>\n    <Data Name=\"Mft2Writes\">0</Data>\n    <Data Name=\"Mft2WriteBytes\">0</Data>\n    <Data Name=\"RootIndexReads\">0</Data>\n    <Data Name=\"RootIndexReadBytes\">0</Data>\n    <Data Name=\"RootIndexWrites\">0</Data>\n    <Data Name=\"RootIndexWriteBytes\">0</Data>\n    <Data Name=\"BitmapReads\">2</Data>\n    <Data Name=\"BitmapReadBytes\">1945600</Data>\n    <Data Name=\"BitmapWrites\">0</Data>\n    <Data Name=\"BitmapWriteBytes\">0</Data>\n    <Data Name=\"MftBitmapReads\">1</Data>\n    <Data Name=\"MftBitmapReadBytes\">20480</Data>\n    <Data Name=\"MftBitmapWrites\">0</Data>\n    <Data Name=\"MftBitmapWriteBytes\">0</Data>\n    <Data Name=\"UserIndexReads\">696</Data>\n    <Data Name=\"UserIndexReadBytes\">2850816</Data>\n    <Data Name=\"UserIndexWrites\">64</Data>\n    <Data Name=\"UserIndexWriteBytes\">757760</Data>\n    <Data Name=\"LogFileReads\">8</Data>\n    <Data Name=\"LogFileReadBytes\">32768</Data>\n    <Data Name=\"LogFileWrites\">4772</Data>\n    <Data Name=\"LogFileWriteBytes\">30003200</Data>\n    <Data Name=\"LogFileFull\">0</Data>\n    <Data Name=\"LogFileFullReasonBucket1\">0</Data>\n    <Data Name=\"LogFileFullReasonBucket2\">0</Data>\n    <Data Name=\"LogFileFullReasonBucket3\">0</Data>\n    <Data Name=\"LogFileFullReasonBucket4\">0</Data>\n    <Data Name=\"LogFileFullReasonBucket5\">0</Data>\n    <Data Name=\"LogFileFullReasonBucket6\">0</Data>\n    <Data Name=\"LogFileFullReasonBucket7\">0</Data>\n    <Data Name=\"LogFileFullReasonBucket8\">0</Data>\n    <Data Name=\"LogFileFullReasonBucket9\">0</Data>\n    <Data Name=\"LogFileFullReasonBucket10\">0</Data>\n    <Data Name=\"LogFileFullReasonBucket11\">0</Data>\n    <Data Name=\"LogFileFullReasonBucket12\">0</Data>\n    <Data Name=\"LogFileFullReasonBucket13\">0</Data>\n    <Data Name=\"LogFileFullReasonBucket14\">0</Data>\n    <Data Name=\"LogFileFullReasonBucket15\">0</Data>\n    <Data Name=\"DiskResourceFailure\">0</Data>\n    <Data Name=\"VolumeTrimCount\">3</Data>\n    <Data Name=\"VolumeTrimTime\">0</Data>\n    <Data Name=\"VolumeTrimSize\">430284</Data>\n    <Data Name=\"AvgVolumeTrimTime\">0</Data>\n    <Data Name=\"AvgVolumeTrimSize\">143428</Data>\n    <Data Name=\"VolumeTrimSkippedCount\">0</Data>\n    <Data Name=\"VolumeTrimSkippedSize\">0</Data>\n    <Data Name=\"FileLevelTrimCount\">0</Data>\n    <Data Name=\"FileLevelTrimTime\">0</Data>\n    <Data Name=\"FileLevelTrimSize\">0</Data>\n    <Data Name=\"AvgFileLevelTrimTime\">0</Data>\n    <Data Name=\"AvgFileLevelTrimSize\">0</Data>\n    <Data Name=\"NtfsFillStatInfoFromMftRecordCalledCount\">0</Data>\n    <Data Name=\"NtfsFillStatInfoFromMftRecordBailedBecauseOfAttributeListCount\">0</Data>\n    <Data Name=\"NtfsFillStatInfoFromMftRecordBailedBecauseOfNonResReparsePointCount\">0</Data>\n  </EventData>\n</Event>\n",
  "json": "{\"Event\":{\"#attributes\":{\"xmlns\":\"http://schemas.microsoft.com/win/2004/08/events/event\"},\"System\":{\"Provider\":{\"#attributes\":{\"Name\":\"Microsoft-Windows-Ntfs\",\"Guid\":\"3FF37A1C-A68D-4D6E-8C9B-F79E8B16C482\"}},\"EventID\":158,\"Version\":0,\"Level\":4,\"Task\":0,\"Opcode\":0,\"Keywords\":\"0x4000000000200000\",\"TimeCreated\":{\"#attributes\":{\"SystemTime\":\"2024-11-04T12:34:39.070028Z\"}},\"EventRecordID\":9,\"Correlation\":null,\"Execution\":{\"#attributes\":{\"ProcessID\":4,\"ThreadID\":196}},\"Channel\":\"Microsoft-Windows-Ntfs/Operational\",\"Computer\":\"DESKTOP-P9H5FTA\",\"Security\":{\"#attributes\":{\"UserID\":\"S-1-5-18\"}}},\"EventData\":{\"VolumeCorrelationId\":\"F1CA1821-2851-4E11-9053-30D9F871AE8E\",\"VolumeNameLength\":2,\"VolumeName\":\"C:\",\"UserFileReads\":14760,\"UserFileReadBytes\":528727552,\"UserDiskReads\":14646,\"UserFileWrites\":13101,\"UserFileWriteBytes\":328892416,\"UserDiskWrites\":11229,\"MetaDataReads\":2294,\"MetaDataReadBytes\":15192064,\"MetaDataDiskReads\":2873,\"MetaDataWrites\":2039,\"MetaDataWriteBytes\":9793536,\"MetaDataDiskWrites\":2125,\"MftReads\":2082,\"MftReadBytes\":8556544,\"MftWrites\":2038,\"MftWriteBytes\":9306112,\"Mft2Writes\":0,\"Mft2WriteBytes\":0,\"RootIndexReads\":0,\"RootIndexReadBytes\":0,\"RootIndexWrites\":0,\"RootIndexWriteBytes\":0,\"BitmapReads\":2,\"BitmapReadBytes\":1945600,\"BitmapWrites\":0,\"BitmapWriteBytes\":0,\"MftBitmapReads\":1,\"MftBitmapReadBytes\":20480,\"MftBitmapWrites\":0,\"MftBitmapWriteBytes\":0,\"UserIndexReads\":696,\"UserIndexReadBytes\":2850816,\"UserIndexWrites\":64,\"UserIndexWriteBytes\":757760,\"LogFileReads\":8,\"LogFileReadBytes\":32768,\"LogFileWrites\":4772,\"LogFileWriteBytes\":30003200,\"LogFileFull\":0,\"LogFileFullReasonBucket1\":0,\"LogFileFullReasonBucket2\":0,\"LogFileFullReasonBucket3\":0,\"LogFileFullReasonBucket4\":0,\"LogFileFullReasonBucket5\":0,\"LogFileFullReasonBucket6\":0,\"LogFileFullReasonBucket7\":0,\"LogFileFullReasonBucket8\":0,\"LogFileFullReasonBucket9\":0,\"LogFileFullReasonBucket10\":0,\"LogFileFullReasonBucket11\":0,\"LogFileFullReasonBucket12\":0,\"LogFileFullReasonBucket13\":0,\"LogFileFullReasonBucket14\":0,\"LogFileFullReasonBucket15\":0,\"DiskResourceFailure\":0,\"VolumeTrimCount\":3,\"VolumeTrimTime\":0,\"VolumeTrimSize\":430284,\"AvgVolumeTrimTime\":0,\"AvgVolumeTrimSize\":143428,\"VolumeTrimSkippedCount\":0,\"VolumeTrimSkippedSize\":0,\"FileLevelTrimCount\":0,\"FileLevelTrimTime\":0,\"FileLevelTrimSize\":0,\"AvgFileLevelTrimTime\":0,\"AvgFileLevelTrimSize\":0,\"NtfsFillStatInfoFromMftRecordCalledCount\":0,\"NtfsFillStatInfoFromMftRecordBailedBecauseOfAttributeListCount\":0,\"NtfsFillStatInfoFromMftRecordBailedBecauseOfNonResReparsePointCount\":0}}}",
  "xml_fields": {
    "provider": "Microsoft-Windows-Ntfs",
    "event_id": "158",
    "timestamp": "2024-11-04T12:34:39.070028Z",
    "event_record_id": "9",
    "level": "4",
    "task": "0",
    "opcode": "0",
    "keywords": "0x4000000000200000",
    "channel": "Microsoft-Windows-Ntfs/Operational",
    "computer": "DESKTOP-P9H5FTA",
    "VolumeCorrelationId": "F1CA1821-2851-4E11-9053-30D9F871AE8E",
    "VolumeNameLength": "2",
    "VolumeName": "C:",
    "UserFileReads": "14760",
    "UserFileReadBytes": "528727552",
    "UserDiskReads": "14646",
    "UserFileWrites": "13101",
    "UserFileWriteBytes": "328892416",
    "UserDiskWrites": "11229",
    "MetaDataReads": "2294",
    "MetaDataReadBytes": "15192064",
    "MetaDataDiskReads": "2873",
    "MetaDataWrites": "2039",
    "MetaDataWriteBytes": "9793536",
    "MetaDataDiskWrites": "2125",
    "MftReads": "2082",
    "MftReadBytes": "8556544",
    "MftWrites": "2038",
    "MftWriteBytes": "9306112",
    "Mft2Writes": "0",
    "Mft2WriteBytes": "0",
    "RootIndexReads": "0",
    "RootIndexReadBytes": "0",
    "RootIndexWrites": "0",
    "RootIndexWriteBytes": "0",
    "BitmapReads": "2",
    "BitmapReadBytes": "1945600",
    "BitmapWrites": "0",
    "BitmapWriteBytes": "0",
    "MftBitmapReads": "1",
    "MftBitmapReadBytes": "20480",
    "MftBitmapWrites": "0",
    "MftBitmapWriteBytes": "0",
    "UserIndexReads": "696",
    "UserIndexReadBytes": "2850816",
    "UserIndexWrites": "64",
    "UserIndexWriteBytes": "757760",
    "LogFileReads": "8",
    "LogFileReadBytes": "32768",
    "LogFileWrites": "4772",
    "LogFileWriteBytes": "30003200",
    "LogFileFull": "0",
    "LogFileFullReasonBucket1": "0",
    "LogFileFullReasonBucket2": "0",
    "LogFileFullReasonBucket3": "0",
    "LogFileFullReasonBucket4": "0",
    "LogFileFullReasonBucket5": "0",
    "LogFileFullReasonBucket6": "0",
    "LogFileFullReasonBucket7": "0",
    "LogFileFullReasonBucket8": "0",
    "LogFileFullReasonBucket9": "0",
    "LogFileFullReasonBucket10": "0",
    "LogFileFullReasonBucket11": "0",
    "LogFileFullReasonBucket12": "0",
    "LogFileFullReasonBucket13": "0",
    "LogFileFullReasonBucket14": "0",
    "LogFileFullReasonBucket15": "0",
    "DiskResourceFailure": "0",
    "VolumeTrimCount": "3",
    "VolumeTrimTime": "0",
    "VolumeTrimSize": "430284",
    "AvgVolumeTrimTime": "0",
    "AvgVolumeTrimSize": "143428",
    "VolumeTrimSkippedCount": "0",
    "VolumeTrimSkippedSize": "0",
    "FileLevelTrimCount": "0",
    "FileLevelTrimTime": "0",
    "FileLevelTrimSize": "0",
    "AvgFileLevelTrimTime": "0",
    "AvgFileLevelTrimSize": "0",
    "NtfsFillStatInfoFromMftRecordCalledCount": "0",
    "NtfsFillStatInfoFromMftRecordBailedBecauseOfAttributeListCount": "0",
    "NtfsFillStatInfoFromMftRecordBailedBecauseOfNonResReparsePointCount": "0"
  },
  "json_fields": {
    "provider": "Microsoft-Windows-Ntfs",
    "channel": "Microsoft-Windows-Ntfs/Operational",
    "event_id": "158",
    "timestamp": "2024-11-04T12:34:39.070028Z",
    "event_record_id": "9",
    "level": "4",
    "task": "0",
    "opcode": "0",
    "keywords": "0x4000000000200000",
    "computer": "DESKTOP-P9H5FTA",
    "VolumeCorrelationId": "F1CA1821-2851-4E11-9053-30D9F871AE8E",
    "VolumeNameLength": "2",
    "VolumeName": "C:",
    "UserFileReads": "14760",
    "UserFileReadBytes": "528727552",
    "UserDiskReads": "14646",
    "UserFileWrites": "13101",
    "UserFileWriteBytes": "328892416",
    "UserDiskWrites": "11229",
    "MetaDataReads": "2294",
    "MetaDataReadBytes": "15192064",
    "MetaDataDiskReads": "2873",
    "MetaDataWrites": "2039",
    "MetaDataWriteBytes": "9793536",
    "MetaDataDiskWrites": "2125",
    "MftReads": "2082",
    "MftReadBytes": "8556544",
    "MftWrites": "2038",
    "MftWriteBytes": "9306112",
    "Mft2Writes": "0",
    "Mft2WriteBytes": "0",
    "RootIndexReads": "0",
    "RootIndexReadBytes": "0",
    "RootIndexWrites": "0",
    "RootIndexWriteBytes": "0",
    "BitmapReads": "2",
    "BitmapReadBytes": "1945600",
    "BitmapWrites": "0",
    "BitmapWriteBytes": "0",
    "MftBitmapReads": "1",
    "MftBitmapReadBytes": "20480",
    "MftBitmapWrites": "0",
    "MftBitmapWriteBytes": "0",
    "UserIndexReads": "696",
    "UserIndexReadBytes": "2850816",
    "UserIndexWrites": "64",
    "UserIndexWriteBytes": "757760",
    "LogFileReads": "8",
    "LogFileReadBytes": "32768",
    "LogFileWrites": "4772",
    "LogFileWriteBytes": "30003200",
    "LogFileFull": "0",
    "LogFileFullReasonBucket1": "0",
    "LogFileFullReasonBucket2": "0",
    "LogFileFullReasonBucket3": "0",
    "LogFileFullReasonBucket4": "0",
    "LogFileFullReasonBucket5": "0",
    "LogFileFullReasonBucket6": "0",
    "LogFileFullReasonBucket7": "0",
    "LogFileFullReasonBucket8": "0",
    "LogFileFullReasonBucket9": "0",
    "LogFileFullReasonBucket10": "0",
    "LogFileFullReasonBucket11": "0",
    "LogFileFullReasonBucket12": "0",
    "LogFileFullReasonBucket13": "0",
    "LogFileFullReasonBucket14": "0",
    "LogFileFullReasonBucket15": "0",
    "DiskResourceFailure": "0",
    "VolumeTrimCount": "3",
    "VolumeTrimTime": "0",
    "VolumeTrimSize": "430284",
    "AvgVolumeTrimTime": "0",
    "AvgVolumeTrimSize": "143428",
    "VolumeTrimSkippedCount": "0",
    "VolumeTrimSkippedSize": "0",
    "FileLevelTrimCount": "0",
    "FileLevelTrimTime": "0",
    "FileLevelTrimSize": "0",
    "AvgFileLevelTrimTime": "0",
    "AvgFileLevelTrimSize": "0",
    "NtfsFillStatInfoFromMftRecordCalledCount": "0",
    "NtfsFillStatInfoFromMftRecordBailedBecauseOfAttributeListCount": "0",
    "NtfsFillStatInfoFromMftRecordBailedBecauseOfNonResReparsePointCount": "0"
  }
}