{
  "event_id": "158",
  "provider": "Microsoft-Windows-Kernel-Boot",
  "channel": "Microsoft-Windows-Kernel-Boot/Operational",
  "source_file": "D:\\visual code file\\Project_4\\Event-Analyzer\\test\\Benign\\Logs_Win11_2023\\Microsoft-Windows-Kernel-Boot%4Operational.evtx",
  "event_record_id": 23,
  "xml": "<?xml version=\"1.0\" encoding=\"utf-8\"?>\n<Event xmlns=\"http://schemas.microsoft.com/win/2004/08/events/event\">\n  <System>\n    <Provider Name=\"Microsoft-Windows-Kernel-Boot\" Guid=\"15CA44FF-4D7A-4BAA-BBA5-0998955E531E\">\n    </Provider>\n    <EventID>158</EventID>\n    <Version>0</Version>\n    <Level>2</Level>\n    <Task>53</Task>\n    <Opcode>0</Opcode>\n    <Keywords>0x2000080000000000</Keywords>\n    <TimeCreated SystemTime=\"2023-10-25T22:02:56.882295Z\">\n    </TimeCreated>\n    <EventRecordID>23</EventRecordID>\n    <Correlation>\n    </Correlation>\n    <Execution ProcessID=\"4\" ThreadID=\"8\">\n    </Execution>\n    <Channel>Microsoft-Windows-Kernel-Boot/Operational</Channel>\n    <Computer>WinDevEval</Computer>\n    <Security UserID=\"S-1-5-18\">\n    </Security>\n  </System>\n  <EventData>\n    <Data Name=\"DiagCode\">1076887595</Data>\n    <Data Name=\"Status\">3221225659</Data>\n  </EventData>\n</Event>\n",
  "json": "{\"Event\":{\"#attributes\":{\"xmlns\":\"http://schemas.microsoft.com/win/2004/08/events/event\"},\"System\":{\"Provider\":{\"#attributes\":{\"Name\":\"Microsoft-Windows-Kernel-Boot\",\"Guid\":\"15CA44FF-4D7A-4BAA-BBA5-0998955E531E\"}},\"EventID\":158,\"Version\":0,\"Level\":2,\"Task\":53,\"Opcode\":0,\"Keywords\":\"0x2000080000000000\",\"TimeCreated\":{\"#attributes\":{\"SystemTime\":\"2023-10-25T22:02:56.882295Z\"}},\"EventRecordID\":23,\"Correlation\":null,\"Execution\":{\"#attributes\":{\"ProcessID\":4,\"ThreadID\":8}},\"Channel\":\"Microsoft-Windows-Kernel-Boot/Operational\",\"Computer\":\"WinDevEval\",\"Security\":{\"#attributes\":{\"UserID\":\"S-1-5-18\"}}},\"EventData\":{\"DiagCode\":1076887595,\"Status\":3221225659}}}",
  "xml_fields": {
    "provider": "Microsoft-Windows-Kernel-Boot",
    "event_id": "158",
    "timestamp": "2023-10-25T22:02:56.882295Z",
    "event_record_id": "23",
    "level": "2",
    "task": "53",
    "opcode": "0",
    "keywords": "0x2000080000000000",
    "channel": "Microsoft-Windows-Kernel-Boot/Operational",
    "computer": "WinDevEval",
    "DiagCode": "1076887595",
    "Status": "3221225659"
  },
  "json_fields": {
    "provider": "Microsoft-Windows-Kernel-Boot",
    "channel": "Microsoft-Windows-Kernel-Boot/Operational",
    "event_id": "158",
    "timestamp": "2023-10-25T22:02:56.882295Z",
    "event_record_id": "23",
    "level": "2",
    "task": "53",
    "opcode": "0",
    "keywords": "0x2000080000000000",
    "computer": "WinDevEval",
    "DiagCode": "1076887595",
    "Status": "3221225659"
  }
}