{
  "event_id": "159",
  "provider": "Microsoft-Windows-Ntfs",
  "channel": "Microsoft-Windows-Ntfs/Operational",
  "source_file": "D:\\visual code file\\Project_4\\Event-Analyzer\\test\\Benign\\Win2022-AD\\Microsoft-Windows-Ntfs%4Operational.evtx",
  "event_record_id": 6,
  "xml": "<?xml version=\"1.0\" encoding=\"utf-8\"?>\n<Event xmlns=\"http://schemas.microsoft.com/win/2004/08/events/event\">\n  <System>\n    <Provider Name=\"Microsoft-Windows-Ntfs\" Guid=\"3FF37A1C-A68D-4D6E-8C9B-F79E8B16C482\">\n    </Provider>\n    <EventID>159</EventID>\n    <Version>0</Version>\n    <Level>4</Level>\n    <Task>13</Task>\n    <Opcode>0</Opcode>\n    <Keywords>0x4000000000200000</Keywords>\n    <TimeCreated SystemTime=\"2022-04-07T16:45:02.361479Z\">\n    </TimeCreated>\n    <EventRecordID>6</EventRecordID>\n    <Correlation>\n    </Correlation>\n    <Execution ProcessID=\"4476\" ThreadID=\"4512\">\n    </Execution>\n    <Channel>Microsoft-Windows-Ntfs/Operational</Channel>\n    <Computer>WIN-FPV0DSIC9O6</Computer>\n    <Security UserID=\"S-1-5-18\">\n    </Security>\n  </System>\n  <EventData>\n    <Data Name=\"VolumeCorrelationId\">ADDC92DC-EB36-4896-AAEB-9547FEEB7B8C</Data>\n    <Data Name=\"VolumeNameLength\">2</Data>\n    <Data Name=\"VolumeName\">C:</Data>\n    <Data Name=\"FromSize\">102281</Data>\n    <Data Name=\"ToSize\">101756</Data>\n    <Data Name=\"DeviceGuid\">7B6F1752-BD95-6E22-E3A5-6EE8419ECAD7</Data>\n    <Data Name=\"VendorIdLength\">0</Data>\n    <Data Name=\"VendorId\"></Data>\n    <Data Name=\"ProductIdLength\">24</Data>\n    <Data Name=\"ProductId\">VMware Virtual NVMe Disk</Data>\n    <Data Name=\"ProductRevisionLength\">3</Data>\n    <Data Name=\"ProductRevision\">1.0</Data>\n    <Data Name=\"DeviceSerialNumberLength\">16</Data>\n    <Data Name=\"DeviceSerialNumber\">VMWare NVME_0000</Data>\n    <Data Name=\"BusType\">17</Data>\n    <Data Name=\"AdapterSerialNumberLength\">16</Data>\n    <Data Name=\"AdapterSerialNumber\">VMWare NVME_0000</Data>\n    <Data Name=\"VolumeSizeChangeOperation\">1</Data>\n    <Data Name=\"VolumeSizeChangeRequestType\">1</Data>\n    <Data Name=\"CombinedDurationMs\">0</Data>\n    <Data Name=\"Stage1DurationMs\">0</Data>\n    <Data Name=\"Stage2DurationMs\">0</Data>\n    <Data Name=\"Stage3DurationMs\">0</Data>\n  </EventData>\n</Event>\n",
  "json": "{\"Event\":{\"#attributes\":{\"xmlns\":\"http://schemas.microsoft.com/win/2004/08/events/event\"},\"System\":{\"Provider\":{\"#attributes\":{\"Name\":\"Microsoft-Windows-Ntfs\",\"Guid\":\"3FF37A1C-A68D-4D6E-8C9B-F79E8B16C482\"}},\"EventID\":159,\"Version\":0,\"Level\":4,\"Task\":13,\"Opcode\":0,\"Keywords\":\"0x4000000000200000\",\"TimeCreated\":{\"#attributes\":{\"SystemTime\":\"2022-04-07T16:45:02.361479Z\"}},\"EventRecordID\":6,\"Correlation\":null,\"Execution\":{\"#attributes\":{\"ProcessID\":4476,\"ThreadID\":4512}},\"Channel\":\"Microsoft-Windows-Ntfs/Operational\",\"Computer\":\"WIN-FPV0DSIC9O6\",\"Security\":{\"#attributes\":{\"UserID\":\"S-1-5-18\"}}},\"EventData\":{\"VolumeCorrelationId\":\"ADDC92DC-EB36-4896-AAEB-9547FEEB7B8C\",\"VolumeNameLength\":2,\"VolumeName\":\"C:\",\"FromSize\":102281,\"ToSize\":101756,\"DeviceGuid\":\"7B6F1752-BD95-6E22-E3A5-6EE8419ECAD7\",\"VendorIdLength\":0,\"VendorId\":\"\",\"ProductIdLength\":24,\"ProductId\":\"VMware Virtual NVMe Disk\",\"ProductRevisionLength\":3,\"ProductRevision\":\"1.0\",\"DeviceSerialNumberLength\":16,\"DeviceSerialNumber\":\"VMWare NVME_0000\",\"BusType\":17,\"AdapterSerialNumberLength\":16,\"AdapterSerialNumber\":\"VMWare NVME_0000\",\"VolumeSizeChangeOperation\":1,\"VolumeSizeChangeRequestType\":1,\"CombinedDurationMs\":0,\"Stage1DurationMs\":0,\"Stage2DurationMs\":0,\"Stage3DurationMs\":0}}}",
  "xml_fields": {
    "provider": "Microsoft-Windows-Ntfs",
    "event_id": "159",
    "timestamp": "2022-04-07T16:45:02.361479Z",
    "event_record_id": "6",
    "level": "4",
    "task": "13",
    "opcode": "0",
    "keywords": "0x4000000000200000",
    "channel": "Microsoft-Windows-Ntfs/Operational",
    "computer": "WIN-FPV0DSIC9O6",
    "VolumeCorrelationId": "ADDC92DC-EB36-4896-AAEB-9547FEEB7B8C",
    "VolumeNameLength": "2",
    "VolumeName": "C:",
    "FromSize": "102281",
    "ToSize": "101756",
    "DeviceGuid": "7B6F1752-BD95-6E22-E3A5-6EE8419ECAD7",
    "VendorIdLength": "0",
    "VendorId": "",
    "ProductIdLength": "24",
    "ProductId": "VMware Virtual NVMe Disk",
    "ProductRevisionLength": "3",
    "ProductRevision": "1.0",
    "DeviceSerialNumberLength": "16",
    "DeviceSerialNumber": "VMWare NVME_0000",
    "BusType": "17",
    "AdapterSerialNumberLength": "16",
    "AdapterSerialNumber": "VMWare NVME_0000",
    "VolumeSizeChangeOperation": "1",
    "VolumeSizeChangeRequestType": "1",
    "CombinedDurationMs": "0",
    "Stage1DurationMs": "0",
    "Stage2DurationMs": "0",
    "Stage3DurationMs": "0"
  },
  "json_fields": {
    "provider": "Microsoft-Windows-Ntfs",
    "channel": "Microsoft-Windows-Ntfs/Operational",
    "event_id": "159",
    "timestamp": "2022-04-07T16:45:02.361479Z",
    "event_record_id": "6",
    "level": "4",
    "task": "13",
    "opcode": "0",
    "keywords": "0x4000000000200000",
    "computer": "WIN-FPV0DSIC9O6",
    "VolumeCorrelationId": "ADDC92DC-EB36-4896-AAEB-9547FEEB7B8C",
    "VolumeNameLength": "2",
    "VolumeName": "C:",
    "FromSize": "102281",
    "ToSize": "101756",
    "DeviceGuid": "7B6F1752-BD95-6E22-E3A5-6EE8419ECAD7",
    "VendorIdLength": "0",
    "VendorId": "",
    "ProductIdLength": "24",
    "ProductId": "VMware Virtual NVMe Disk",
    "ProductRevisionLength": "3",
    "ProductRevision": "1.0",
    "DeviceSerialNumberLength": "16",
    "DeviceSerialNumber": "VMWare NVME_0000",
    "BusType": "17",
    "AdapterSerialNumberLength": "16",
    "AdapterSerialNumber": "VMWare NVME_0000",
    "VolumeSizeChangeOperation": "1",
    "VolumeSizeChangeRequestType": "1",
    "CombinedDurationMs": "0",
    "Stage1DurationMs": "0",
    "Stage2DurationMs": "0",
    "Stage3DurationMs": "0"
  }
}