{
  "event_id": "15",
  "provider": "Microsoft-Windows-Crypto-NCrypt",
  "channel": "Microsoft-Windows-Crypto-NCrypt/Operational",
  "source_file": "D:\\visual code file\\Project_4\\Event-Analyzer\\test\\Benign\\Logs_Win11_2023\\Microsoft-Windows-Crypto-NCrypt%4Operational.evtx",
  "event_record_id": 11,
  "xml": "<?xml version=\"1.0\" encoding=\"utf-8\"?>\n<Event xmlns=\"http://schemas.microsoft.com/win/2004/08/events/event\">\n  <System>\n    <Provider Name=\"Microsoft-Windows-Crypto-NCrypt\" Guid=\"E8ED09DC-100C-45E2-9FC8-B53399EC1F70\">\n    </Provider>\n    <EventID>15</EventID>\n    <Version>0</Version>\n    <Level>4</Level>\n    <Task>13</Task>\n    <Opcode>0</Opcode>\n    <Keywords>0x8000000000000008</Keywords>\n    <TimeCreated SystemTime=\"2023-10-25T21:29:25.367963Z\">\n    </TimeCreated>\n    <EventRecordID>11</EventRecordID>\n    <Correlation ActivityID=\"DE03B784-07C3-0003-F1B7-03DEC307DA01\">\n    </Correlation>\n    <Execution ProcessID=\"816\" ThreadID=\"872\">\n    </Execution>\n    <Channel>Microsoft-Windows-Crypto-NCrypt/Operational</Channel>\n    <Computer>WinDevEval</Computer>\n    <Security UserID=\"S-1-5-21-2533829718-189860685-2477588761-500\">\n    </Security>\n  </System>\n  <EventData>\n    <Data Name=\"Client\">msedgewebview2.exe</Data>\n    <Data Name=\"BindingStatusCode\">0x80090029</Data>\n    <Data Name=\"BindingStatusString\">-2146893783</Data>\n    <Data Name=\"InstanceBindingAttempts\">1</Data>\n    <Data Name=\"ImageBindingAttempts\">1</Data>\n    <Data Name=\"ActiveInstances\">1</Data>\n    <Data Name=\"ActiveInstancesMax\">1</Data>\n    <Data Name=\"InstancesLifetime\">1</Data>\n  </EventData>\n</Event>\n",
  "json": "{\"Event\":{\"#attributes\":{\"xmlns\":\"http://schemas.microsoft.com/win/2004/08/events/event\"},\"System\":{\"Provider\":{\"#attributes\":{\"Name\":\"Microsoft-Windows-Crypto-NCrypt\",\"Guid\":\"E8ED09DC-100C-45E2-9FC8-B53399EC1F70\"}},\"EventID\":15,\"Version\":0,\"Level\":4,\"Task\":13,\"Opcode\":0,\"Keywords\":\"0x8000000000000008\",\"TimeCreated\":{\"#attributes\":{\"SystemTime\":\"2023-10-25T21:29:25.367963Z\"}},\"EventRecordID\":11,\"Correlation\":{\"#attributes\":{\"ActivityID\":\"DE03B784-07C3-0003-F1B7-03DEC307DA01\"}},\"Execution\":{\"#attributes\":{\"ProcessID\":816,\"ThreadID\":872}},\"Channel\":\"Microsoft-Windows-Crypto-NCrypt/Operational\",\"Computer\":\"WinDevEval\",\"Security\":{\"#attributes\":{\"UserID\":\"S-1-5-21-2533829718-189860685-2477588761-500\"}}},\"EventData\":{\"Client\":\"msedgewebview2.exe\",\"BindingStatusCode\":\"0x80090029\",\"BindingStatusString\":-2146893783,\"InstanceBindingAttempts\":1,\"ImageBindingAttempts\":1,\"ActiveInstances\":1,\"ActiveInstancesMax\":1,\"InstancesLifetime\":1}}}",
  "xml_fields": {
    "provider": "Microsoft-Windows-Crypto-NCrypt",
    "event_id": "15",
    "timestamp": "2023-10-25T21:29:25.367963Z",
    "event_record_id": "11",
    "level": "4",
    "task": "13",
    "opcode": "0",
    "keywords": "0x8000000000000008",
    "channel": "Microsoft-Windows-Crypto-NCrypt/Operational",
    "computer": "WinDevEval",
    "Client": "msedgewebview2.exe",
    "BindingStatusCode": "0x80090029",
    "BindingStatusString": "-2146893783",
    "InstanceBindingAttempts": "1",
    "ImageBindingAttempts": "1",
    "ActiveInstances": "1",
    "ActiveInstancesMax": "1",
    "InstancesLifetime": "1"
  },
  "json_fields": {
    "provider": "Microsoft-Windows-Crypto-NCrypt",
    "channel": "Microsoft-Windows-Crypto-NCrypt/Operational",
    "event_id": "15",
    "timestamp": "2023-10-25T21:29:25.367963Z",
    "event_record_id": "11",
    "level": "4",
    "task": "13",
    "opcode": "0",
    "keywords": "0x8000000000000008",
    "computer": "WinDevEval",
    "Client": "msedgewebview2.exe",
    "BindingStatusCode": "0x80090029",
    "BindingStatusString": "-2146893783",
    "InstanceBindingAttempts": "1",
    "ImageBindingAttempts": "1",
    "ActiveInstances": "1",
    "ActiveInstancesMax": "1",
    "InstancesLifetime": "1"
  }
}