{
  "event_id": "15",
  "provider": "Microsoft-Windows-Wininit",
  "channel": "System",
  "source_file": "D:\\visual code file\\Project_4\\Event-Analyzer\\test\\Benign\\Logs_Win11_2023\\System.evtx",
  "event_record_id": 1527,
  "xml": "<?xml version=\"1.0\" encoding=\"utf-8\"?>\n<Event xmlns=\"http://schemas.microsoft.com/win/2004/08/events/event\">\n  <System>\n    <Provider Name=\"Microsoft-Windows-Wininit\" Guid=\"206F6DEA-D3C5-4D10-BC72-989F03C8B84B\">\n    </Provider>\n    <EventID>15</EventID>\n    <Version>0</Version>\n    <Level>3</Level>\n    <Task>0</Task>\n    <Opcode>0</Opcode>\n    <Keywords>0x4000000000000000</Keywords>\n    <TimeCreated SystemTime=\"2023-11-06T06:21:38.538403Z\">\n    </TimeCreated>\n    <EventRecordID>1527</EventRecordID>\n    <Correlation>\n    </Correlation>\n    <Execution ProcessID=\"680\" ThreadID=\"684\">\n    </Execution>\n    <Channel>System</Channel>\n    <Computer>WinDev2310Eval</Computer>\n    <Security UserID=\"S-1-5-18\">\n    </Security>\n  </System>\n  <EventData>\n  </EventData>\n</Event>\n",
  "json": "{\"Event\":{\"#attributes\":{\"xmlns\":\"http://schemas.microsoft.com/win/2004/08/events/event\"},\"System\":{\"Provider\":{\"#attributes\":{\"Name\":\"Microsoft-Windows-Wininit\",\"Guid\":\"206F6DEA-D3C5-4D10-BC72-989F03C8B84B\"}},\"EventID\":15,\"Version\":0,\"Level\":3,\"Task\":0,\"Opcode\":0,\"Keywords\":\"0x4000000000000000\",\"TimeCreated\":{\"#attributes\":{\"SystemTime\":\"2023-11-06T06:21:38.538403Z\"}},\"EventRecordID\":1527,\"Correlation\":null,\"Execution\":{\"#attributes\":{\"ProcessID\":680,\"ThreadID\":684}},\"Channel\":\"System\",\"Computer\":\"WinDev2310Eval\",\"Security\":{\"#attributes\":{\"UserID\":\"S-1-5-18\"}}},\"EventData\":null}}",
  "xml_fields": {
    "provider": "Microsoft-Windows-Wininit",
    "event_id": "15",
    "timestamp": "2023-11-06T06:21:38.538403Z",
    "event_record_id": "1527",
    "level": "3",
    "task": "0",
    "opcode": "0",
    "keywords": "0x4000000000000000",
    "channel": "System",
    "computer": "WinDev2310Eval"
  },
  "json_fields": {
    "provider": "Microsoft-Windows-Wininit",
    "channel": "System",
    "event_id": "15",
    "timestamp": "2023-11-06T06:21:38.538403Z",
    "event_record_id": "1527",
    "level": "3",
    "task": "0",
    "opcode": "0",
    "keywords": "0x4000000000000000",
    "computer": "WinDev2310Eval"
  }
}