{
  "event_id": "1600",
  "provider": "Microsoft-Windows-Biometrics",
  "channel": "Microsoft-Windows-Biometrics/Operational",
  "source_file": "D:\\visual code file\\Project_4\\Event-Analyzer\\test\\Logs\\Microsoft-Windows-Biometrics%4Operational.evtx",
  "event_record_id": 1,
  "xml": "<?xml version=\"1.0\" encoding=\"utf-8\"?>\n<Event xmlns=\"http://schemas.microsoft.com/win/2004/08/events/event\">\n  <System>\n    <Provider Name=\"Microsoft-Windows-Biometrics\" Guid=\"A0E3D8EA-C34F-4419-A1DB-90435B8B21D0\">\n    </Provider>\n    <EventID>1600</EventID>\n    <Version>0</Version>\n    <Level>4</Level>\n    <Task>1</Task>\n    <Opcode>0</Opcode>\n    <Keywords>0x8000000000000000</Keywords>\n    <TimeCreated SystemTime=\"2024-11-04T12:46:34.659719Z\">\n    </TimeCreated>\n    <EventRecordID>1</EventRecordID>\n    <Correlation>\n    </Correlation>\n    <Execution ProcessID=\"5972\" ThreadID=\"5404\">\n    </Execution>\n    <Channel>Microsoft-Windows-Biometrics/Operational</Channel>\n    <Computer>DESKTOP-P9H5FTA</Computer>\n    <Security UserID=\"S-1-5-18\">\n    </Security>\n  </System>\n  <EventData>\n    <Data Name=\"ErrorCode\">0x80070032</Data>\n  </EventData>\n</Event>\n",
  "json": "{\"Event\":{\"#attributes\":{\"xmlns\":\"http://schemas.microsoft.com/win/2004/08/events/event\"},\"System\":{\"Provider\":{\"#attributes\":{\"Name\":\"Microsoft-Windows-Biometrics\",\"Guid\":\"A0E3D8EA-C34F-4419-A1DB-90435B8B21D0\"}},\"EventID\":1600,\"Version\":0,\"Level\":4,\"Task\":1,\"Opcode\":0,\"Keywords\":\"0x8000000000000000\",\"TimeCreated\":{\"#attributes\":{\"SystemTime\":\"2024-11-04T12:46:34.659719Z\"}},\"EventRecordID\":1,\"Correlation\":null,\"Execution\":{\"#attributes\":{\"ProcessID\":5972,\"ThreadID\":5404}},\"Channel\":\"Microsoft-Windows-Biometrics/Operational\",\"Computer\":\"DESKTOP-P9H5FTA\",\"Security\":{\"#attributes\":{\"UserID\":\"S-1-5-18\"}}},\"EventData\":{\"ErrorCode\":\"0x80070032\"}}}",
  "xml_fields": {
    "provider": "Microsoft-Windows-Biometrics",
    "event_id": "1600",
    "timestamp": "2024-11-04T12:46:34.659719Z",
    "event_record_id": "1",
    "level": "4",
    "task": "1",
    "opcode": "0",
    "keywords": "0x8000000000000000",
    "channel": "Microsoft-Windows-Biometrics/Operational",
    "computer": "DESKTOP-P9H5FTA",
    "ErrorCode": "0x80070032"
  },
  "json_fields": {
    "provider": "Microsoft-Windows-Biometrics",
    "channel": "Microsoft-Windows-Biometrics/Operational",
    "event_id": "1600",
    "timestamp": "2024-11-04T12:46:34.659719Z",
    "event_record_id": "1",
    "level": "4",
    "task": "1",
    "opcode": "0",
    "keywords": "0x8000000000000000",
    "computer": "DESKTOP-P9H5FTA",
    "ErrorCode": "0x80070032"
  }
}