{
  "event_id": "161",
  "provider": "Microsoft-Windows-WinRM",
  "channel": "Microsoft-Windows-WinRM/Operational",
  "source_file": "D:\\visual code file\\Project_4\\Event-Analyzer\\test\\Logs\\Microsoft-Windows-WinRM%4Operational.evtx",
  "event_record_id": 3,
  "xml": "<?xml version=\"1.0\" encoding=\"utf-8\"?>\n<Event xmlns=\"http://schemas.microsoft.com/win/2004/08/events/event\">\n  <System>\n    <Provider Name=\"Microsoft-Windows-WinRM\" Guid=\"A7975C8F-AC13-49F1-87DA-5A984A4AB417\">\n    </Provider>\n    <EventID>161</EventID>\n    <Version>0</Version>\n    <Level>2</Level>\n    <Task>7</Task>\n    <Opcode>0</Opcode>\n    <Keywords>0x400000000000000a</Keywords>\n    <TimeCreated SystemTime=\"2024-11-04T12:36:07.942823Z\">\n    </TimeCreated>\n    <EventRecordID>3</EventRecordID>\n    <Correlation ActivityID=\"CC60C7CA-2F22-0001-1FD2-60CC222FDB01\">\n    </Correlation>\n    <Execution ProcessID=\"3668\" ThreadID=\"4444\">\n    </Execution>\n    <Channel>Microsoft-Windows-WinRM/Operational</Channel>\n    <Computer>DESKTOP-P9H5FTA</Computer>\n    <Security UserID=\"S-1-5-18\">\n    </Security>\n  </System>\n  <EventData>\n    <Data Name=\"authFailureMessage\">The client cannot connect to the destination specified in the request. Verify that the service on the destination is running and is accepting requests. Consult the logs and documentation for the WS-Management service running on the destination, most commonly IIS or WinRM. If the destination is the WinRM service, run the following command on the destination to analyze and configure the WinRM service: \"winrm quickconfig\".</Data>\n  </EventData>\n</Event>\n",
  "json": "{\"Event\":{\"#attributes\":{\"xmlns\":\"http://schemas.microsoft.com/win/2004/08/events/event\"},\"System\":{\"Provider\":{\"#attributes\":{\"Name\":\"Microsoft-Windows-WinRM\",\"Guid\":\"A7975C8F-AC13-49F1-87DA-5A984A4AB417\"}},\"EventID\":161,\"Version\":0,\"Level\":2,\"Task\":7,\"Opcode\":0,\"Keywords\":\"0x400000000000000a\",\"TimeCreated\":{\"#attributes\":{\"SystemTime\":\"2024-11-04T12:36:07.942823Z\"}},\"EventRecordID\":3,\"Correlation\":{\"#attributes\":{\"ActivityID\":\"CC60C7CA-2F22-0001-1FD2-60CC222FDB01\"}},\"Execution\":{\"#attributes\":{\"ProcessID\":3668,\"ThreadID\":4444}},\"Channel\":\"Microsoft-Windows-WinRM/Operational\",\"Computer\":\"DESKTOP-P9H5FTA\",\"Security\":{\"#attributes\":{\"UserID\":\"S-1-5-18\"}}},\"EventData\":{\"authFailureMessage\":\"The client cannot connect to the destination specified in the request. Verify that the service on the destination is running and is accepting requests. Consult the logs and documentation for the WS-Management service running on the destination, most commonly IIS or WinRM. If the destination is the WinRM service, run the following command on the destination to analyze and configure the WinRM service: \\\"winrm quickconfig\\\".\"}}}",
  "xml_fields": {
    "provider": "Microsoft-Windows-WinRM",
    "event_id": "161",
    "timestamp": "2024-11-04T12:36:07.942823Z",
    "event_record_id": "3",
    "level": "2",
    "task": "7",
    "opcode": "0",
    "keywords": "0x400000000000000a",
    "channel": "Microsoft-Windows-WinRM/Operational",
    "computer": "DESKTOP-P9H5FTA",
    "authFailureMessage": "The client cannot connect to the destination specified in the request. Verify that the service on the destination is running and is accepting requests. Consult the logs and documentation for the WS-Management service running on the destination, most commonly IIS or WinRM. If the destination is the WinRM service, run the following command on the destination to analyze and configure the WinRM service: \"winrm quickconfig\"."
  },
  "json_fields": {
    "provider": "Microsoft-Windows-WinRM",
    "channel": "Microsoft-Windows-WinRM/Operational",
    "event_id": "161",
    "timestamp": "2024-11-04T12:36:07.942823Z",
    "event_record_id": "3",
    "level": "2",
    "task": "7",
    "opcode": "0",
    "keywords": "0x400000000000000a",
    "computer": "DESKTOP-P9H5FTA",
    "authFailureMessage": "The client cannot connect to the destination specified in the request. Verify that the service on the destination is running and is accepting requests. Consult the logs and documentation for the WS-Management service running on the destination, most commonly IIS or WinRM. If the destination is the WinRM service, run the following command on the destination to analyze and configure the WinRM service: \"winrm quickconfig\"."
  }
}