{
  "event_id": "163",
  "provider": "Microsoft-Windows-RemoteDesktopServices-RdpCoreTS",
  "channel": "Microsoft-Windows-RemoteDesktopServices-RdpCoreTS/Operational",
  "source_file": "D:\\visual code file\\Project_4\\Event-Analyzer\\test\\Malicious\\EVTX-ATTACK-SAMPLES\\Other\\rdpcorets_148_mst120_bluekeep_rpdscan_full.evtx",
  "event_record_id": 512,
  "xml": "<?xml version=\"1.0\" encoding=\"utf-8\"?>\n<Event xmlns=\"http://schemas.microsoft.com/win/2004/08/events/event\">\n  <System>\n    <Provider Name=\"Microsoft-Windows-RemoteDesktopServices-RdpCoreTS\" Guid=\"1139C61B-B549-4251-8ED3-27250A1EDEC8\">\n    </Provider>\n    <EventID>163</EventID>\n    <Version>0</Version>\n    <Level>4</Level>\n    <Task>4</Task>\n    <Opcode>19</Opcode>\n    <Keywords>0x4000000000000000</Keywords>\n    <TimeCreated SystemTime=\"2019-08-28T14:22:27.573268Z\">\n    </TimeCreated>\n    <EventRecordID>1356</EventRecordID>\n    <Correlation ActivityID=\"F4201740-D459-489E-A55C-BFE842340000\">\n    </Correlation>\n    <Execution ProcessID=\"396\" ThreadID=\"1336\">\n    </Execution>\n    <Channel>Microsoft-Windows-RemoteDesktopServices-RdpCoreTS/Operational</Channel>\n    <Computer>MSEDGEWIN10</Computer>\n    <Security UserID=\"S-1-5-20\">\n    </Security>\n  </System>\n  <EventData>\n    <Data Name=\"ServerName\">MSEDGEWIN10</Data>\n  </EventData>\n</Event>\n",
  "json": "{\"Event\":{\"#attributes\":{\"xmlns\":\"http://schemas.microsoft.com/win/2004/08/events/event\"},\"System\":{\"Provider\":{\"#attributes\":{\"Name\":\"Microsoft-Windows-RemoteDesktopServices-RdpCoreTS\",\"Guid\":\"1139C61B-B549-4251-8ED3-27250A1EDEC8\"}},\"EventID\":163,\"Version\":0,\"Level\":4,\"Task\":4,\"Opcode\":19,\"Keywords\":\"0x4000000000000000\",\"TimeCreated\":{\"#attributes\":{\"SystemTime\":\"2019-08-28T14:22:27.573268Z\"}},\"EventRecordID\":1356,\"Correlation\":{\"#attributes\":{\"ActivityID\":\"F4201740-D459-489E-A55C-BFE842340000\"}},\"Execution\":{\"#attributes\":{\"ProcessID\":396,\"ThreadID\":1336}},\"Channel\":\"Microsoft-Windows-RemoteDesktopServices-RdpCoreTS/Operational\",\"Computer\":\"MSEDGEWIN10\",\"Security\":{\"#attributes\":{\"UserID\":\"S-1-5-20\"}}},\"EventData\":{\"ServerName\":\"MSEDGEWIN10\"}}}",
  "xml_fields": {
    "provider": "Microsoft-Windows-RemoteDesktopServices-RdpCoreTS",
    "event_id": "163",
    "timestamp": "2019-08-28T14:22:27.573268Z",
    "event_record_id": "1356",
    "level": "4",
    "task": "4",
    "opcode": "19",
    "keywords": "0x4000000000000000",
    "channel": "Microsoft-Windows-RemoteDesktopServices-RdpCoreTS/Operational",
    "computer": "MSEDGEWIN10",
    "ServerName": "MSEDGEWIN10"
  },
  "json_fields": {
    "provider": "Microsoft-Windows-RemoteDesktopServices-RdpCoreTS",
    "channel": "Microsoft-Windows-RemoteDesktopServices-RdpCoreTS/Operational",
    "event_id": "163",
    "timestamp": "2019-08-28T14:22:27.573268Z",
    "event_record_id": "1356",
    "level": "4",
    "task": "4",
    "opcode": "19",
    "keywords": "0x4000000000000000",
    "computer": "MSEDGEWIN10",
    "ServerName": "MSEDGEWIN10"
  }
}