{
  "event_id": "16403",
  "provider": "Microsoft-Windows-Bits-Client",
  "channel": "Microsoft-Windows-Bits-Client/Operational",
  "source_file": "D:\\visual code file\\Project_4\\Event-Analyzer\\test\\Logs\\Microsoft-Windows-Bits-Client%4Operational.evtx",
  "event_record_id": 4,
  "xml": "<?xml version=\"1.0\" encoding=\"utf-8\"?>\n<Event xmlns=\"http://schemas.microsoft.com/win/2004/08/events/event\">\n  <System>\n    <Provider Name=\"Microsoft-Windows-Bits-Client\" Guid=\"EF1CC15B-46C1-414E-BB95-E76B077BD51E\">\n    </Provider>\n    <EventID>16403</EventID>\n    <Version>0</Version>\n    <Level>4</Level>\n    <Task>0</Task>\n    <Opcode>0</Opcode>\n    <Keywords>0x4000000000000000</Keywords>\n    <TimeCreated SystemTime=\"2024-11-04T12:36:07.980852Z\">\n    </TimeCreated>\n    <EventRecordID>4</EventRecordID>\n    <Correlation>\n    </Correlation>\n    <Execution ProcessID=\"3668\" ThreadID=\"644\">\n    </Execution>\n    <Channel>Microsoft-Windows-Bits-Client/Operational</Channel>\n    <Computer>DESKTOP-P9H5FTA</Computer>\n    <Security UserID=\"S-1-5-19\">\n    </Security>\n  </System>\n  <EventData>\n    <Data Name=\"User\">NT AUTHORITY\\LOCAL SERVICE</Data>\n    <Data Name=\"jobTitle\">Font Download</Data>\n    <Data Name=\"jobId\">F019F1B7-A1D3-4A24-B08A-1B611E4D316B</Data>\n    <Data Name=\"jobOwner\">NT AUTHORITY\\LOCAL SERVICE</Data>\n    <Data Name=\"fileCount\">1</Data>\n    <Data Name=\"RemoteName\">https://fs.microsoft.com/fs/windows/config.json</Data>\n    <Data Name=\"LocalName\">\\\\?\\C:\\Windows\\ServiceProfiles\\LocalService\\AppData\\Local\\FontCache\\Fonts\\Download-1.tmp</Data>\n    <Data Name=\"processId\">2636</Data>\n    <Data Name=\"ClientProcessStartKey\">562949953421373</Data>\n  </EventData>\n</Event>\n",
  "json": "{\"Event\":{\"#attributes\":{\"xmlns\":\"http://schemas.microsoft.com/win/2004/08/events/event\"},\"System\":{\"Provider\":{\"#attributes\":{\"Name\":\"Microsoft-Windows-Bits-Client\",\"Guid\":\"EF1CC15B-46C1-414E-BB95-E76B077BD51E\"}},\"EventID\":16403,\"Version\":0,\"Level\":4,\"Task\":0,\"Opcode\":0,\"Keywords\":\"0x4000000000000000\",\"TimeCreated\":{\"#attributes\":{\"SystemTime\":\"2024-11-04T12:36:07.980852Z\"}},\"EventRecordID\":4,\"Correlation\":null,\"Execution\":{\"#attributes\":{\"ProcessID\":3668,\"ThreadID\":644}},\"Channel\":\"Microsoft-Windows-Bits-Client/Operational\",\"Computer\":\"DESKTOP-P9H5FTA\",\"Security\":{\"#attributes\":{\"UserID\":\"S-1-5-19\"}}},\"EventData\":{\"User\":\"NT AUTHORITY\\\\LOCAL SERVICE\",\"jobTitle\":\"Font Download\",\"jobId\":\"F019F1B7-A1D3-4A24-B08A-1B611E4D316B\",\"jobOwner\":\"NT AUTHORITY\\\\LOCAL SERVICE\",\"fileCount\":1,\"RemoteName\":\"https://fs.microsoft.com/fs/windows/config.json\",\"LocalName\":\"\\\\\\\\?\\\\C:\\\\Windows\\\\ServiceProfiles\\\\LocalService\\\\AppData\\\\Local\\\\FontCache\\\\Fonts\\\\Download-1.tmp\",\"processId\":2636,\"ClientProcessStartKey\":562949953421373}}}",
  "xml_fields": {
    "provider": "Microsoft-Windows-Bits-Client",
    "event_id": "16403",
    "timestamp": "2024-11-04T12:36:07.980852Z",
    "event_record_id": "4",
    "level": "4",
    "task": "0",
    "opcode": "0",
    "keywords": "0x4000000000000000",
    "channel": "Microsoft-Windows-Bits-Client/Operational",
    "computer": "DESKTOP-P9H5FTA",
    "User": "NT AUTHORITY\\LOCAL SERVICE",
    "jobTitle": "Font Download",
    "jobId": "F019F1B7-A1D3-4A24-B08A-1B611E4D316B",
    "jobOwner": "NT AUTHORITY\\LOCAL SERVICE",
    "fileCount": "1",
    "RemoteName": "https://fs.microsoft.com/fs/windows/config.json",
    "LocalName": "\\\\?\\C:\\Windows\\ServiceProfiles\\LocalService\\AppData\\Local\\FontCache\\Fonts\\Download-1.tmp",
    "processId": "2636",
    "ClientProcessStartKey": "562949953421373"
  },
  "json_fields": {
    "provider": "Microsoft-Windows-Bits-Client",
    "channel": "Microsoft-Windows-Bits-Client/Operational",
    "event_id": "16403",
    "timestamp": "2024-11-04T12:36:07.980852Z",
    "event_record_id": "4",
    "level": "4",
    "task": "0",
    "opcode": "0",
    "keywords": "0x4000000000000000",
    "computer": "DESKTOP-P9H5FTA",
    "User": "NT AUTHORITY\\LOCAL SERVICE",
    "jobTitle": "Font Download",
    "jobId": "F019F1B7-A1D3-4A24-B08A-1B611E4D316B",
    "jobOwner": "NT AUTHORITY\\LOCAL SERVICE",
    "fileCount": "1",
    "RemoteName": "https://fs.microsoft.com/fs/windows/config.json",
    "LocalName": "\\\\?\\C:\\Windows\\ServiceProfiles\\LocalService\\AppData\\Local\\FontCache\\Fonts\\Download-1.tmp",
    "processId": "2636",
    "ClientProcessStartKey": "562949953421373"
  }
}