{
  "event_id": "16647",
  "provider": "Microsoft-Windows-Directory-Services-SAM",
  "channel": "System",
  "source_file": "D:\\visual code file\\Project_4\\Event-Analyzer\\test\\Benign\\Win2022-AD\\System.evtx",
  "event_record_id": 696,
  "xml": "<?xml version=\"1.0\" encoding=\"utf-8\"?>\n<Event xmlns=\"http://schemas.microsoft.com/win/2004/08/events/event\">\n  <System>\n    <Provider Name=\"Microsoft-Windows-Directory-Services-SAM\" Guid=\"0D4FDC09-8C27-494A-BDA0-505E4FD8ADAE\">\n    </Provider>\n    <EventID>16647</EventID>\n    <Version>0</Version>\n    <Level>4</Level>\n    <Task>0</Task>\n    <Opcode>0</Opcode>\n    <Keywords>0x8000000000000000</Keywords>\n    <TimeCreated SystemTime=\"2022-04-07T08:14:41.496467Z\">\n    </TimeCreated>\n    <EventRecordID>696</EventRecordID>\n    <Correlation>\n    </Correlation>\n    <Execution ProcessID=\"648\" ThreadID=\"856\">\n    </Execution>\n    <Channel>System</Channel>\n    <Computer>WIN-FPV0DSIC9O6.sigma.fr</Computer>\n    <Security UserID=\"S-1-5-18\">\n    </Security>\n  </System>\n  <EventData Name=\"SAMMSG_REQUESTING_NEW_RID_POOL\">\n  </EventData>\n</Event>\n",
  "json": "{\"Event\":{\"#attributes\":{\"xmlns\":\"http://schemas.microsoft.com/win/2004/08/events/event\"},\"System\":{\"Provider\":{\"#attributes\":{\"Name\":\"Microsoft-Windows-Directory-Services-SAM\",\"Guid\":\"0D4FDC09-8C27-494A-BDA0-505E4FD8ADAE\"}},\"EventID\":16647,\"Version\":0,\"Level\":4,\"Task\":0,\"Opcode\":0,\"Keywords\":\"0x8000000000000000\",\"TimeCreated\":{\"#attributes\":{\"SystemTime\":\"2022-04-07T08:14:41.496467Z\"}},\"EventRecordID\":696,\"Correlation\":null,\"Execution\":{\"#attributes\":{\"ProcessID\":648,\"ThreadID\":856}},\"Channel\":\"System\",\"Computer\":\"WIN-FPV0DSIC9O6.sigma.fr\",\"Security\":{\"#attributes\":{\"UserID\":\"S-1-5-18\"}}},\"EventData\":{\"#attributes\":{\"Name\":\"SAMMSG_REQUESTING_NEW_RID_POOL\"}}}}",
  "xml_fields": {
    "provider": "Microsoft-Windows-Directory-Services-SAM",
    "event_id": "16647",
    "timestamp": "2022-04-07T08:14:41.496467Z",
    "event_record_id": "696",
    "level": "4",
    "task": "0",
    "opcode": "0",
    "keywords": "0x8000000000000000",
    "channel": "System",
    "computer": "WIN-FPV0DSIC9O6.sigma.fr"
  },
  "json_fields": {
    "provider": "Microsoft-Windows-Directory-Services-SAM",
    "channel": "System",
    "event_id": "16647",
    "timestamp": "2022-04-07T08:14:41.496467Z",
    "event_record_id": "696",
    "level": "4",
    "task": "0",
    "opcode": "0",
    "keywords": "0x8000000000000000",
    "computer": "WIN-FPV0DSIC9O6.sigma.fr"
  }
}