{
  "event_id": "16962",
  "provider": "Microsoft-Windows-Directory-Services-SAM",
  "channel": "System",
  "source_file": "D:\\visual code file\\Project_4\\Event-Analyzer\\test\\Logs\\System.evtx",
  "event_record_id": 1125,
  "xml": "<?xml version=\"1.0\" encoding=\"utf-8\"?>\n<Event xmlns=\"http://schemas.microsoft.com/win/2004/08/events/event\">\n  <System>\n    <Provider Name=\"Microsoft-Windows-Directory-Services-SAM\" Guid=\"0D4FDC09-8C27-494A-BDA0-505E4FD8ADAE\">\n    </Provider>\n    <EventID>16962</EventID>\n    <Version>0</Version>\n    <Level>4</Level>\n    <Task>0</Task>\n    <Opcode>0</Opcode>\n    <Keywords>0x8000000000000000</Keywords>\n    <TimeCreated SystemTime=\"2025-01-24T10:50:05.727979Z\">\n    </TimeCreated>\n    <EventRecordID>1125</EventRecordID>\n    <Correlation ActivityID=\"B61EC021-6E4D-0001-8EC0-1EB64D6EDB01\">\n    </Correlation>\n    <Execution ProcessID=\"696\" ThreadID=\"700\">\n    </Execution>\n    <Channel>System</Channel>\n    <Computer>CTO-FILESVR</Computer>\n    <Security UserID=\"S-1-5-18\">\n    </Security>\n  </System>\n  <EventData Name=\"SAMMSG_RESTRICT_REMOTE_SAM_DEFAULT_SD\">\n    <Data Name=\"Default SD String:\">O:SYG:SYD:(A;;RC;;;BA)</Data>\n  </EventData>\n</Event>\n",
  "json": "{\"Event\":{\"#attributes\":{\"xmlns\":\"http://schemas.microsoft.com/win/2004/08/events/event\"},\"System\":{\"Provider\":{\"#attributes\":{\"Name\":\"Microsoft-Windows-Directory-Services-SAM\",\"Guid\":\"0D4FDC09-8C27-494A-BDA0-505E4FD8ADAE\"}},\"EventID\":16962,\"Version\":0,\"Level\":4,\"Task\":0,\"Opcode\":0,\"Keywords\":\"0x8000000000000000\",\"TimeCreated\":{\"#attributes\":{\"SystemTime\":\"2025-01-24T10:50:05.727979Z\"}},\"EventRecordID\":1125,\"Correlation\":{\"#attributes\":{\"ActivityID\":\"B61EC021-6E4D-0001-8EC0-1EB64D6EDB01\"}},\"Execution\":{\"#attributes\":{\"ProcessID\":696,\"ThreadID\":700}},\"Channel\":\"System\",\"Computer\":\"CTO-FILESVR\",\"Security\":{\"#attributes\":{\"UserID\":\"S-1-5-18\"}}},\"EventData\":{\"#attributes\":{\"Name\":\"SAMMSG_RESTRICT_REMOTE_SAM_DEFAULT_SD\"},\"Default SD String:\":\"O:SYG:SYD:(A;;RC;;;BA)\"}}}",
  "xml_fields": {
    "provider": "Microsoft-Windows-Directory-Services-SAM",
    "event_id": "16962",
    "timestamp": "2025-01-24T10:50:05.727979Z",
    "event_record_id": "1125",
    "level": "4",
    "task": "0",
    "opcode": "0",
    "keywords": "0x8000000000000000",
    "channel": "System",
    "computer": "CTO-FILESVR",
    "Default SD String:": "O:SYG:SYD:(A;;RC;;;BA)"
  },
  "json_fields": {
    "provider": "Microsoft-Windows-Directory-Services-SAM",
    "channel": "System",
    "event_id": "16962",
    "timestamp": "2025-01-24T10:50:05.727979Z",
    "event_record_id": "1125",
    "level": "4",
    "task": "0",
    "opcode": "0",
    "keywords": "0x8000000000000000",
    "computer": "CTO-FILESVR",
    "Default SD String:": "O:SYG:SYD:(A;;RC;;;BA)"
  }
}