{
  "event_id": "169",
  "provider": "Microsoft-Windows-WinRM",
  "channel": "Microsoft-Windows-WinRM/Operational",
  "source_file": "D:\\visual code file\\Project_4\\Event-Analyzer\\test\\Malicious\\EVTX-ATTACK-SAMPLES\\Lateral Movement\\RemotePowerShell_MS_Windows-Remote_Management_EventID_169.evtx",
  "event_record_id": 1,
  "xml": "<?xml version=\"1.0\" encoding=\"utf-8\"?>\n<Event xmlns=\"http://schemas.microsoft.com/win/2004/08/events/event\">\n  <System>\n    <Provider Name=\"Microsoft-Windows-WinRM\" Guid=\"A7975C8F-AC13-49F1-87DA-5A984A4AB417\">\n    </Provider>\n    <EventID>169</EventID>\n    <Version>0</Version>\n    <Level>4</Level>\n    <Task>7</Task>\n    <Opcode>0</Opcode>\n    <Keywords>0x400000000000000c</Keywords>\n    <TimeCreated SystemTime=\"2019-05-20T15:54:31.706910Z\">\n    </TimeCreated>\n    <EventRecordID>834</EventRecordID>\n    <Correlation ActivityID=\"8534C364-2CC0-0001-BF4D-A5F46C0FD501\">\n    </Correlation>\n    <Execution ProcessID=\"1204\" ThreadID=\"3696\">\n    </Execution>\n    <Channel>Microsoft-Windows-WinRM/Operational</Channel>\n    <Computer>IEWIN7</Computer>\n    <Security UserID=\"S-1-5-20\">\n    </Security>\n  </System>\n  <EventData>\n    <Data Name=\"username\">iewin7\\ieuser</Data>\n    <Data Name=\"authenticationMechanism\">NTLM</Data>\n  </EventData>\n</Event>\n",
  "json": "{\"Event\":{\"#attributes\":{\"xmlns\":\"http://schemas.microsoft.com/win/2004/08/events/event\"},\"System\":{\"Provider\":{\"#attributes\":{\"Name\":\"Microsoft-Windows-WinRM\",\"Guid\":\"A7975C8F-AC13-49F1-87DA-5A984A4AB417\"}},\"EventID\":169,\"Version\":0,\"Level\":4,\"Task\":7,\"Opcode\":0,\"Keywords\":\"0x400000000000000c\",\"TimeCreated\":{\"#attributes\":{\"SystemTime\":\"2019-05-20T15:54:31.706910Z\"}},\"EventRecordID\":834,\"Correlation\":{\"#attributes\":{\"ActivityID\":\"8534C364-2CC0-0001-BF4D-A5F46C0FD501\"}},\"Execution\":{\"#attributes\":{\"ProcessID\":1204,\"ThreadID\":3696}},\"Channel\":\"Microsoft-Windows-WinRM/Operational\",\"Computer\":\"IEWIN7\",\"Security\":{\"#attributes\":{\"UserID\":\"S-1-5-20\"}}},\"EventData\":{\"username\":\"iewin7\\\\ieuser\",\"authenticationMechanism\":\"NTLM\"}}}",
  "xml_fields": {
    "provider": "Microsoft-Windows-WinRM",
    "event_id": "169",
    "timestamp": "2019-05-20T15:54:31.706910Z",
    "event_record_id": "834",
    "level": "4",
    "task": "7",
    "opcode": "0",
    "keywords": "0x400000000000000c",
    "channel": "Microsoft-Windows-WinRM/Operational",
    "computer": "IEWIN7",
    "username": "iewin7\\ieuser",
    "authenticationMechanism": "NTLM"
  },
  "json_fields": {
    "provider": "Microsoft-Windows-WinRM",
    "channel": "Microsoft-Windows-WinRM/Operational",
    "event_id": "169",
    "timestamp": "2019-05-20T15:54:31.706910Z",
    "event_record_id": "834",
    "level": "4",
    "task": "7",
    "opcode": "0",
    "keywords": "0x400000000000000c",
    "computer": "IEWIN7",
    "username": "iewin7\\ieuser",
    "authenticationMechanism": "NTLM"
  }
}