{
  "event_id": "16",
  "provider": "Microsoft-Windows-Kernel-General",
  "channel": "System",
  "source_file": "D:\\visual code file\\Project_4\\Event-Analyzer\\test\\Logs\\System.evtx",
  "event_record_id": 990,
  "xml": "<?xml version=\"1.0\" encoding=\"utf-8\"?>\n<Event xmlns=\"http://schemas.microsoft.com/win/2004/08/events/event\">\n  <System>\n    <Provider Name=\"Microsoft-Windows-Kernel-General\" Guid=\"A68CA8B7-004F-D7B6-A698-07E2DE0F1F5D\">\n    </Provider>\n    <EventID>16</EventID>\n    <Version>0</Version>\n    <Level>4</Level>\n    <Task>0</Task>\n    <Opcode>0</Opcode>\n    <Keywords>0x8000000000000000</Keywords>\n    <TimeCreated SystemTime=\"2025-01-24T10:28:58.767288Z\">\n    </TimeCreated>\n    <EventRecordID>990</EventRecordID>\n    <Correlation>\n    </Correlation>\n    <Execution ProcessID=\"3908\" ThreadID=\"7292\">\n    </Execution>\n    <Channel>System</Channel>\n    <Computer>CTO-FILESVR</Computer>\n    <Security UserID=\"S-1-5-21-3088055692-629932344-1786574096-1003\">\n    </Security>\n  </System>\n  <EventData>\n    <Data Name=\"HiveNameLength\">103</Data>\n    <Data Name=\"HiveName\">\\??\\C:\\Users\\Dutch\\AppData\\Local\\Packages\\Microsoft.XboxGameOverlay_8wekyb3d8bbwe\\Settings\\settings.dat</Data>\n    <Data Name=\"KeysUpdated\">3</Data>\n    <Data Name=\"DirtyPages\">1</Data>\n  </EventData>\n</Event>\n",
  "json": "{\"Event\":{\"#attributes\":{\"xmlns\":\"http://schemas.microsoft.com/win/2004/08/events/event\"},\"System\":{\"Provider\":{\"#attributes\":{\"Name\":\"Microsoft-Windows-Kernel-General\",\"Guid\":\"A68CA8B7-004F-D7B6-A698-07E2DE0F1F5D\"}},\"EventID\":16,\"Version\":0,\"Level\":4,\"Task\":0,\"Opcode\":0,\"Keywords\":\"0x8000000000000000\",\"TimeCreated\":{\"#attributes\":{\"SystemTime\":\"2025-01-24T10:28:58.767288Z\"}},\"EventRecordID\":990,\"Correlation\":null,\"Execution\":{\"#attributes\":{\"ProcessID\":3908,\"ThreadID\":7292}},\"Channel\":\"System\",\"Computer\":\"CTO-FILESVR\",\"Security\":{\"#attributes\":{\"UserID\":\"S-1-5-21-3088055692-629932344-1786574096-1003\"}}},\"EventData\":{\"HiveNameLength\":103,\"HiveName\":\"\\\\??\\\\C:\\\\Users\\\\Dutch\\\\AppData\\\\Local\\\\Packages\\\\Microsoft.XboxGameOverlay_8wekyb3d8bbwe\\\\Settings\\\\settings.dat\",\"KeysUpdated\":3,\"DirtyPages\":1}}}",
  "xml_fields": {
    "provider": "Microsoft-Windows-Kernel-General",
    "event_id": "16",
    "timestamp": "2025-01-24T10:28:58.767288Z",
    "event_record_id": "990",
    "level": "4",
    "task": "0",
    "opcode": "0",
    "keywords": "0x8000000000000000",
    "channel": "System",
    "computer": "CTO-FILESVR",
    "HiveNameLength": "103",
    "HiveName": "\\??\\C:\\Users\\Dutch\\AppData\\Local\\Packages\\Microsoft.XboxGameOverlay_8wekyb3d8bbwe\\Settings\\settings.dat",
    "KeysUpdated": "3",
    "DirtyPages": "1"
  },
  "json_fields": {
    "provider": "Microsoft-Windows-Kernel-General",
    "channel": "System",
    "event_id": "16",
    "timestamp": "2025-01-24T10:28:58.767288Z",
    "event_record_id": "990",
    "level": "4",
    "task": "0",
    "opcode": "0",
    "keywords": "0x8000000000000000",
    "computer": "CTO-FILESVR",
    "HiveNameLength": "103",
    "HiveName": "\\??\\C:\\Users\\Dutch\\AppData\\Local\\Packages\\Microsoft.XboxGameOverlay_8wekyb3d8bbwe\\Settings\\settings.dat",
    "KeysUpdated": "3",
    "DirtyPages": "1"
  }
}