{
  "event_id": "16",
  "provider": "Microsoft-Windows-RPC",
  "channel": "None",
  "source_file": "D:\\visual code file\\Project_4\\Event-Analyzer\\test\\Malicious\\EVTX-ATTACK-SAMPLES\\Credential Access\\CA_PetiPotam_etw_rpc_efsr_5_6.evtx",
  "event_record_id": 1579,
  "xml": "<?xml version=\"1.0\" encoding=\"utf-8\"?>\n<Event xmlns=\"http://schemas.microsoft.com/win/2004/08/events/event\">\n  <System>\n    <Provider Name=\"Microsoft-Windows-RPC\" Guid=\"{6ad52b32-d609-4be9-ae07-ce8dae937e39}\">\n    </Provider>\n    <EventID>16</EventID>\n    <Version>1</Version>\n    <Level>4</Level>\n    <Task>4</Task>\n    <Opcode>1</Opcode>\n    <Keywords>0x4000000000000000</Keywords>\n    <TimeCreated SystemTime=\"2021-08-17T12:26:51.403243Z\">\n    </TimeCreated>\n    <EventRecordID>22545</EventRecordID>\n    <Correlation>\n    </Correlation>\n    <Execution ProcessID=\"22776\" ThreadID=\"14080\">\n    </Execution>\n    <Channel>\n    </Channel>\n    <Computer>LAPTOP-JU4M3I0E</Computer>\n    <Security>\n    </Security>\n  </System>\n  <EventData>\n    <Data Name=\"Protocol\">ncalrpc</Data>\n    <Data Name=\"Endpoint\">OLEABC43694B467464B79E9512AD4BE</Data>\n    <Data Name=\"NetworkAddress\">NULL</Data>\n    <Data Name=\"PendingQueueSize\">11</Data>\n    <Data Name=\"EndpointFlags\">0</Data>\n    <Data Name=\"NicFlags\">0</Data>\n  </EventData>\n</Event>\n",
  "json": "{\"Event\":{\"#attributes\":{\"xmlns\":\"http://schemas.microsoft.com/win/2004/08/events/event\"},\"System\":{\"Provider\":{\"#attributes\":{\"Name\":\"Microsoft-Windows-RPC\",\"Guid\":\"{6ad52b32-d609-4be9-ae07-ce8dae937e39}\"}},\"EventID\":16,\"Version\":1,\"Level\":4,\"Task\":4,\"Opcode\":1,\"Keywords\":\"0x4000000000000000\",\"TimeCreated\":{\"#attributes\":{\"SystemTime\":\"2021-08-17T12:26:51.403243Z\"}},\"EventRecordID\":22545,\"Correlation\":null,\"Execution\":{\"#attributes\":{\"ProcessID\":22776,\"ThreadID\":14080}},\"Channel\":null,\"Computer\":\"LAPTOP-JU4M3I0E\",\"Security\":null},\"EventData\":{\"Protocol\":\"ncalrpc\",\"Endpoint\":\"OLEABC43694B467464B79E9512AD4BE\",\"NetworkAddress\":\"NULL\",\"PendingQueueSize\":11,\"EndpointFlags\":0,\"NicFlags\":0}}}",
  "xml_fields": {
    "provider": "Microsoft-Windows-RPC",
    "event_id": "16",
    "timestamp": "2021-08-17T12:26:51.403243Z",
    "event_record_id": "22545",
    "level": "4",
    "task": "4",
    "opcode": "1",
    "keywords": "0x4000000000000000",
    "channel": "\n    ",
    "computer": "LAPTOP-JU4M3I0E",
    "Protocol": "ncalrpc",
    "Endpoint": "OLEABC43694B467464B79E9512AD4BE",
    "NetworkAddress": "NULL",
    "PendingQueueSize": "11",
    "EndpointFlags": "0",
    "NicFlags": "0"
  },
  "json_fields": {
    "provider": "Microsoft-Windows-RPC",
    "event_id": "16",
    "timestamp": "2021-08-17T12:26:51.403243Z",
    "event_record_id": "22545",
    "level": "4",
    "task": "4",
    "opcode": "1",
    "keywords": "0x4000000000000000",
    "computer": "LAPTOP-JU4M3I0E",
    "Protocol": "ncalrpc",
    "Endpoint": "OLEABC43694B467464B79E9512AD4BE",
    "NetworkAddress": "NULL",
    "PendingQueueSize": "11",
    "EndpointFlags": "0",
    "NicFlags": "0"
  }
}