{
  "event_id": "16",
  "provider": "Microsoft-Windows-Sysmon",
  "channel": "Microsoft-Windows-Sysmon/Operational",
  "source_file": "D:\\visual code file\\Project_4\\Event-Analyzer\\test\\Malicious\\EVTX-ATTACK-SAMPLES\\Credential Access\\babyshark_mimikatz_powershell.evtx",
  "event_record_id": 1,
  "xml": "<?xml version=\"1.0\" encoding=\"utf-8\"?>\n<Event xmlns=\"http://schemas.microsoft.com/win/2004/08/events/event\">\n  <System>\n    <Provider Name=\"Microsoft-Windows-Sysmon\" Guid=\"5770385F-C22A-43E0-BF4C-06F5698FFBD9\">\n    </Provider>\n    <EventID>16</EventID>\n    <Version>3</Version>\n    <Level>4</Level>\n    <Task>16</Task>\n    <Opcode>0</Opcode>\n    <Keywords>0x8000000000000000</Keywords>\n    <TimeCreated SystemTime=\"2019-04-18T16:55:37.014980Z\">\n    </TimeCreated>\n    <EventRecordID>1</EventRecordID>\n    <Correlation>\n    </Correlation>\n    <Execution ProcessID=\"2000\" ThreadID=\"2548\">\n    </Execution>\n    <Channel>Microsoft-Windows-Sysmon/Operational</Channel>\n    <Computer>IEWIN7</Computer>\n    <Security UserID=\"S-1-5-21-3583694148-1414552638-2922671848-1000\">\n    </Security>\n  </System>\n  <EventData>\n    <Data Name=\"UtcTime\">2019-04-18 16:55:37.014</Data>\n    <Data Name=\"Configuration\">C:\\Users\\IEUser\\Desktop\\Sysmon.exe  -i</Data>\n    <Data Name=\"ConfigurationFileHash\"></Data>\n  </EventData>\n</Event>\n",
  "json": "{\"Event\":{\"#attributes\":{\"xmlns\":\"http://schemas.microsoft.com/win/2004/08/events/event\"},\"System\":{\"Provider\":{\"#attributes\":{\"Name\":\"Microsoft-Windows-Sysmon\",\"Guid\":\"5770385F-C22A-43E0-BF4C-06F5698FFBD9\"}},\"EventID\":16,\"Version\":3,\"Level\":4,\"Task\":16,\"Opcode\":0,\"Keywords\":\"0x8000000000000000\",\"TimeCreated\":{\"#attributes\":{\"SystemTime\":\"2019-04-18T16:55:37.014980Z\"}},\"EventRecordID\":1,\"Correlation\":null,\"Execution\":{\"#attributes\":{\"ProcessID\":2000,\"ThreadID\":2548}},\"Channel\":\"Microsoft-Windows-Sysmon/Operational\",\"Computer\":\"IEWIN7\",\"Security\":{\"#attributes\":{\"UserID\":\"S-1-5-21-3583694148-1414552638-2922671848-1000\"}}},\"EventData\":{\"UtcTime\":\"2019-04-18 16:55:37.014\",\"Configuration\":\"C:\\\\Users\\\\IEUser\\\\Desktop\\\\Sysmon.exe  -i\",\"ConfigurationFileHash\":\"\"}}}",
  "xml_fields": {
    "provider": "Microsoft-Windows-Sysmon",
    "event_id": "16",
    "timestamp": "2019-04-18T16:55:37.014980Z",
    "event_record_id": "1",
    "level": "4",
    "task": "16",
    "opcode": "0",
    "keywords": "0x8000000000000000",
    "channel": "Microsoft-Windows-Sysmon/Operational",
    "computer": "IEWIN7",
    "UtcTime": "2019-04-18 16:55:37.014",
    "Configuration": "C:\\Users\\IEUser\\Desktop\\Sysmon.exe  -i",
    "ConfigurationFileHash": ""
  },
  "json_fields": {
    "provider": "Microsoft-Windows-Sysmon",
    "channel": "Microsoft-Windows-Sysmon/Operational",
    "event_id": "16",
    "timestamp": "2019-04-18T16:55:37.014980Z",
    "event_record_id": "1",
    "level": "4",
    "task": "16",
    "opcode": "0",
    "keywords": "0x8000000000000000",
    "computer": "IEWIN7",
    "UtcTime": "2019-04-18 16:55:37.014",
    "Configuration": "C:\\Users\\IEUser\\Desktop\\Sysmon.exe  -i",
    "ConfigurationFileHash": ""
  }
}