{
  "event_id": "16",
  "provider": "Microsoft-Windows-Diagnosis-PCW",
  "channel": "Microsoft-Windows-Diagnosis-PCW/Operational",
  "source_file": "D:\\visual code file\\Project_4\\Event-Analyzer\\test\\Benign\\win2022-0-20348-azure\\Microsoft-Windows-Diagnosis-PCW%4Operational.evtx",
  "event_record_id": 1,
  "xml": "<?xml version=\"1.0\" encoding=\"utf-8\"?>\n<Event xmlns=\"http://schemas.microsoft.com/win/2004/08/events/event\">\n  <System>\n    <Provider Name=\"Microsoft-Windows-Diagnosis-PCW\" Guid=\"AABF8B86-7936-4FA2-ACB0-63127F879DBF\">\n    </Provider>\n    <EventID>16</EventID>\n    <Version>0</Version>\n    <Level>0</Level>\n    <Task>0</Task>\n    <Opcode>0</Opcode>\n    <Keywords>0x8000000000000800</Keywords>\n    <TimeCreated SystemTime=\"2022-09-18T09:14:27.852396Z\">\n    </TimeCreated>\n    <EventRecordID>1</EventRecordID>\n    <Correlation>\n    </Correlation>\n    <Execution ProcessID=\"388\" ThreadID=\"400\">\n    </Execution>\n    <Channel>Microsoft-Windows-Diagnosis-PCW/Operational</Channel>\n    <Computer>Agamemnon</Computer>\n    <Security UserID=\"S-1-5-18\">\n    </Security>\n  </System>\n  <EventData>\n    <Data Name=\"Error\">87</Data>\n    <Data Name=\"CounterSetGuid\">CD376BD3-9F6B-48C0-840E-1816B7A50FDC</Data>\n    <Data Name=\"InstanceName\">Default</Data>\n    <Data Name=\"InstanceId\">0</Data>\n    <Data Name=\"CounterId\">1</Data>\n  </EventData>\n</Event>\n",
  "json": "{\"Event\":{\"#attributes\":{\"xmlns\":\"http://schemas.microsoft.com/win/2004/08/events/event\"},\"System\":{\"Provider\":{\"#attributes\":{\"Name\":\"Microsoft-Windows-Diagnosis-PCW\",\"Guid\":\"AABF8B86-7936-4FA2-ACB0-63127F879DBF\"}},\"EventID\":16,\"Version\":0,\"Level\":0,\"Task\":0,\"Opcode\":0,\"Keywords\":\"0x8000000000000800\",\"TimeCreated\":{\"#attributes\":{\"SystemTime\":\"2022-09-18T09:14:27.852396Z\"}},\"EventRecordID\":1,\"Correlation\":null,\"Execution\":{\"#attributes\":{\"ProcessID\":388,\"ThreadID\":400}},\"Channel\":\"Microsoft-Windows-Diagnosis-PCW/Operational\",\"Computer\":\"Agamemnon\",\"Security\":{\"#attributes\":{\"UserID\":\"S-1-5-18\"}}},\"EventData\":{\"Error\":87,\"CounterSetGuid\":\"CD376BD3-9F6B-48C0-840E-1816B7A50FDC\",\"InstanceName\":\"Default\",\"InstanceId\":0,\"CounterId\":1}}}",
  "xml_fields": {
    "provider": "Microsoft-Windows-Diagnosis-PCW",
    "event_id": "16",
    "timestamp": "2022-09-18T09:14:27.852396Z",
    "event_record_id": "1",
    "level": "0",
    "task": "0",
    "opcode": "0",
    "keywords": "0x8000000000000800",
    "channel": "Microsoft-Windows-Diagnosis-PCW/Operational",
    "computer": "Agamemnon",
    "Error": "87",
    "CounterSetGuid": "CD376BD3-9F6B-48C0-840E-1816B7A50FDC",
    "InstanceName": "Default",
    "InstanceId": "0",
    "CounterId": "1"
  },
  "json_fields": {
    "provider": "Microsoft-Windows-Diagnosis-PCW",
    "channel": "Microsoft-Windows-Diagnosis-PCW/Operational",
    "event_id": "16",
    "timestamp": "2022-09-18T09:14:27.852396Z",
    "event_record_id": "1",
    "level": "0",
    "task": "0",
    "opcode": "0",
    "keywords": "0x8000000000000800",
    "computer": "Agamemnon",
    "Error": "87",
    "CounterSetGuid": "CD376BD3-9F6B-48C0-840E-1816B7A50FDC",
    "InstanceName": "Default",
    "InstanceId": "0",
    "CounterId": "1"
  }
}