{
  "event_id": "170",
  "provider": "Microsoft-Windows-Ntfs",
  "channel": "Microsoft-Windows-Ntfs/Operational",
  "source_file": "D:\\visual code file\\Project_4\\Event-Analyzer\\test\\Benign\\Logs_Win11_2023\\Microsoft-Windows-Ntfs%4Operational.evtx",
  "event_record_id": 185,
  "xml": "<?xml version=\"1.0\" encoding=\"utf-8\"?>\n<Event xmlns=\"http://schemas.microsoft.com/win/2004/08/events/event\">\n  <System>\n    <Provider Name=\"Microsoft-Windows-Ntfs\" Guid=\"3FF37A1C-A68D-4D6E-8C9B-F79E8B16C482\">\n    </Provider>\n    <EventID>170</EventID>\n    <Version>5</Version>\n    <Level>4</Level>\n    <Task>0</Task>\n    <Opcode>0</Opcode>\n    <Keywords>0x4001000000200000</Keywords>\n    <TimeCreated SystemTime=\"2023-11-05T23:32:07.787697Z\">\n    </TimeCreated>\n    <EventRecordID>185</EventRecordID>\n    <Correlation>\n    </Correlation>\n    <Execution ProcessID=\"4\" ThreadID=\"4760\">\n    </Execution>\n    <Channel>Microsoft-Windows-Ntfs/Operational</Channel>\n    <Computer>WinDev2310Eval</Computer>\n    <Security UserID=\"S-1-5-18\">\n    </Security>\n  </System>\n  <EventData>\n    <Data Name=\"VolumeCorrelationId\">7597D2A3-4404-4F99-B979-6233378A81BF</Data>\n    <Data Name=\"VolumeNameLength\">2</Data>\n    <Data Name=\"VolumeName\">C:</Data>\n    <Data Name=\"IsBootVolume\">true</Data>\n    <Data Name=\"DeviceGuid\">22A04354-7C2B-11EE-936C-806E6F6E6963</Data>\n    <Data Name=\"VendorIdLength\">8</Data>\n    <Data Name=\"VendorId\">VMware, </Data>\n    <Data Name=\"ProductIdLength\">16</Data>\n    <Data Name=\"ProductId\">VMware Virtual S</Data>\n    <Data Name=\"ProductRevisionLength\">4</Data>\n    <Data Name=\"ProductRevision\">1.0 </Data>\n    <Data Name=\"DeviceSerialNumberLength\">0</Data>\n    <Data Name=\"DeviceSerialNumber\"></Data>\n    <Data Name=\"BusType\">10</Data>\n    <Data Name=\"AdapterSerialNumberLength\">0</Data>\n    <Data Name=\"AdapterSerialNumber\"></Data>\n    <Data Name=\"IntervalDurationMs\">3601467</Data>\n    <Data Name=\"IntervalDurationStr\">3601 s</Data>\n    <Data Name=\"SummaryId\">36123844232</Data>\n    <Data Name=\"IoType\">1</Data>\n    <Data Name=\"IoTypeStr\">Write: NonPaging, NonCached, Sync</Data>\n    <Data Name=\"HighLatencyMs\">30000</Data>\n    <Data Name=\"HighLatencyStr\">30 s</Data>\n    <Data Name=\"HighLatencyIoCount\">0</Data>\n    <Data Name=\"TotalIoCount\">887</Data>\n    <Data Name=\"TotalIoTimeNs\">1633867800</Data>\n    <Data Name=\"AverageIops\">543</Data>\n    <Data Name=\"AverageLatencyNs\">1842015</Data>\n    <Data Name=\"AverageLatencyStr\">1 ms</Data>\n    <Data Name=\"MaxLatencyNs\">218841200</Data>\n    <Data Name=\"MaxLatencyStr\">218 ms</Data>\n    <Data Name=\"LatencyBuckets\">128 \u00b5s, 256 \u00b5s, 512 \u00b5s, 1 ms, 4 ms, 16 ms, 64 ms, 128 ms, 256 ms, 512 ms, 1 s, 2 s, 10 s, 20 s, 30 s, &gt; 30 s</Data>\n    <Data Name=\"IoCount0\">0</Data>\n    <Data Name=\"IoCount1\">1</Data>\n    <Data Name=\"IoCount2\">88</Data>\n    <Data Name=\"IoCount3\">540</Data>\n    <Data Name=\"IoCount4\">229</Data>\n    <Data Name=\"IoCount5\">20</Data>\n    <Data Name=\"IoCount6\">6</Data>\n    <Data Name=\"IoCount7\">1</Data>\n    <Data Name=\"IoCount8\">2</Data>\n    <Data Name=\"IoCount9\">0</Data>\n    <Data Name=\"IoCount10\">0</Data>\n    <Data Name=\"IoCount11\">0</Data>\n    <Data Name=\"IoCount12\">0</Data>\n    <Data Name=\"IoCount13\">0</Data>\n    <Data Name=\"IoCount14\">0</Data>\n    <Data Name=\"IoCount15\">0</Data>\n    <Data Name=\"TotalTimeNs0\">0</Data>\n    <Data Name=\"TotalTimeNs1\">251800</Data>\n    <Data Name=\"TotalTimeNs2\">37846900</Data>\n    <Data Name=\"TotalTimeNs3\">381647100</Data>\n    <Data Name=\"TotalTimeNs4\">374051200</Data>\n    <Data Name=\"TotalTimeNs5\">169263600</Data>\n    <Data Name=\"TotalTimeNs6\">146620900</Data>\n    <Data Name=\"TotalTimeNs7\">92837200</Data>\n    <Data Name=\"TotalTimeNs8\">431349100</Data>\n    <Data Name=\"TotalTimeNs9\">0</Data>\n    <Data Name=\"TotalTimeNs10\">0</Data>\n    <Data Name=\"TotalTimeNs11\">0</Data>\n    <Data Name=\"TotalTimeNs12\">0</Data>\n    <Data Name=\"TotalTimeNs13\">0</Data>\n    <Data Name=\"TotalTimeNs14\">0</Data>\n    <Data Name=\"TotalTimeNs15\">0</Data>\n    <Data Name=\"TotalBytes\">15134720</Data>\n    <Data Name=\"AverageBps\">9263124</Data>\n    <Data Name=\"TotalBytes0\">0</Data>\n    <Data Name=\"TotalBytes1\">4096</Data>\n    <Data Name=\"TotalBytes2\">535040</Data>\n    <Data Name=\"TotalBytes3\">6101504</Data>\n    <Data Name=\"TotalBytes4\">7692288</Data>\n    <Data Name=\"TotalBytes5\">613376</Data>\n    <Data Name=\"TotalBytes6\">176128</Data>\n    <Data Name=\"TotalBytes7\">4096</Data>\n    <Data Name=\"TotalBytes8\">8192</Data>\n    <Data Name=\"TotalBytes9\">0</Data>\n    <Data Name=\"TotalBytes10\">0</Data>\n    <Data Name=\"TotalBytes11\">0</Data>\n    <Data Name=\"TotalBytes12\">0</Data>\n    <Data Name=\"TotalBytes13\">0</Data>\n    <Data Name=\"TotalBytes14\">0</Data>\n    <Data Name=\"TotalBytes15\">0</Data>\n  </EventData>\n</Event>\n",
  "json": "{\"Event\":{\"#attributes\":{\"xmlns\":\"http://schemas.microsoft.com/win/2004/08/events/event\"},\"System\":{\"Provider\":{\"#attributes\":{\"Name\":\"Microsoft-Windows-Ntfs\",\"Guid\":\"3FF37A1C-A68D-4D6E-8C9B-F79E8B16C482\"}},\"EventID\":170,\"Version\":5,\"Level\":4,\"Task\":0,\"Opcode\":0,\"Keywords\":\"0x4001000000200000\",\"TimeCreated\":{\"#attributes\":{\"SystemTime\":\"2023-11-05T23:32:07.787697Z\"}},\"EventRecordID\":185,\"Correlation\":null,\"Execution\":{\"#attributes\":{\"ProcessID\":4,\"ThreadID\":4760}},\"Channel\":\"Microsoft-Windows-Ntfs/Operational\",\"Computer\":\"WinDev2310Eval\",\"Security\":{\"#attributes\":{\"UserID\":\"S-1-5-18\"}}},\"EventData\":{\"VolumeCorrelationId\":\"7597D2A3-4404-4F99-B979-6233378A81BF\",\"VolumeNameLength\":2,\"VolumeName\":\"C:\",\"IsBootVolume\":true,\"DeviceGuid\":\"22A04354-7C2B-11EE-936C-806E6F6E6963\",\"VendorIdLength\":8,\"VendorId\":\"VMware, \",\"ProductIdLength\":16,\"ProductId\":\"VMware Virtual S\",\"ProductRevisionLength\":4,\"ProductRevision\":\"1.0 \",\"DeviceSerialNumberLength\":0,\"DeviceSerialNumber\":\"\",\"BusType\":10,\"AdapterSerialNumberLength\":0,\"AdapterSerialNumber\":\"\",\"IntervalDurationMs\":3601467,\"IntervalDurationStr\":\"3601 s\",\"SummaryId\":36123844232,\"IoType\":1,\"IoTypeStr\":\"Write: NonPaging, NonCached, Sync\",\"HighLatencyMs\":30000,\"HighLatencyStr\":\"30 s\",\"HighLatencyIoCount\":0,\"TotalIoCount\":887,\"TotalIoTimeNs\":1633867800,\"AverageIops\":543,\"AverageLatencyNs\":1842015,\"AverageLatencyStr\":\"1 ms\",\"MaxLatencyNs\":218841200,\"MaxLatencyStr\":\"218 ms\",\"LatencyBuckets\":\"128 \u00b5s, 256 \u00b5s, 512 \u00b5s, 1 ms, 4 ms, 16 ms, 64 ms, 128 ms, 256 ms, 512 ms, 1 s, 2 s, 10 s, 20 s, 30 s, > 30 s\",\"IoCount0\":0,\"IoCount1\":1,\"IoCount2\":88,\"IoCount3\":540,\"IoCount4\":229,\"IoCount5\":20,\"IoCount6\":6,\"IoCount7\":1,\"IoCount8\":2,\"IoCount9\":0,\"IoCount10\":0,\"IoCount11\":0,\"IoCount12\":0,\"IoCount13\":0,\"IoCount14\":0,\"IoCount15\":0,\"TotalTimeNs0\":0,\"TotalTimeNs1\":251800,\"TotalTimeNs2\":37846900,\"TotalTimeNs3\":381647100,\"TotalTimeNs4\":374051200,\"TotalTimeNs5\":169263600,\"TotalTimeNs6\":146620900,\"TotalTimeNs7\":92837200,\"TotalTimeNs8\":431349100,\"TotalTimeNs9\":0,\"TotalTimeNs10\":0,\"TotalTimeNs11\":0,\"TotalTimeNs12\":0,\"TotalTimeNs13\":0,\"TotalTimeNs14\":0,\"TotalTimeNs15\":0,\"TotalBytes\":15134720,\"AverageBps\":9263124,\"TotalBytes0\":0,\"TotalBytes1\":4096,\"TotalBytes2\":535040,\"TotalBytes3\":6101504,\"TotalBytes4\":7692288,\"TotalBytes5\":613376,\"TotalBytes6\":176128,\"TotalBytes7\":4096,\"TotalBytes8\":8192,\"TotalBytes9\":0,\"TotalBytes10\":0,\"TotalBytes11\":0,\"TotalBytes12\":0,\"TotalBytes13\":0,\"TotalBytes14\":0,\"TotalBytes15\":0}}}",
  "xml_fields": {
    "provider": "Microsoft-Windows-Ntfs",
    "event_id": "170",
    "timestamp": "2023-11-05T23:32:07.787697Z",
    "event_record_id": "185",
    "level": "4",
    "task": "0",
    "opcode": "0",
    "keywords": "0x4001000000200000",
    "channel": "Microsoft-Windows-Ntfs/Operational",
    "computer": "WinDev2310Eval",
    "VolumeCorrelationId": "7597D2A3-4404-4F99-B979-6233378A81BF",
    "VolumeNameLength": "2",
    "VolumeName": "C:",
    "IsBootVolume": "true",
    "DeviceGuid": "22A04354-7C2B-11EE-936C-806E6F6E6963",
    "VendorIdLength": "8",
    "VendorId": "VMware, ",
    "ProductIdLength": "16",
    "ProductId": "VMware Virtual S",
    "ProductRevisionLength": "4",
    "ProductRevision": "1.0 ",
    "DeviceSerialNumberLength": "0",
    "DeviceSerialNumber": "",
    "BusType": "10",
    "AdapterSerialNumberLength": "0",
    "AdapterSerialNumber": "",
    "IntervalDurationMs": "3601467",
    "IntervalDurationStr": "3601 s",
    "SummaryId": "36123844232",
    "IoType": "1",
    "IoTypeStr": "Write: NonPaging, NonCached, Sync",
    "HighLatencyMs": "30000",
    "HighLatencyStr": "30 s",
    "HighLatencyIoCount": "0",
    "TotalIoCount": "887",
    "TotalIoTimeNs": "1633867800",
    "AverageIops": "543",
    "AverageLatencyNs": "1842015",
    "AverageLatencyStr": "1 ms",
    "MaxLatencyNs": "218841200",
    "MaxLatencyStr": "218 ms",
    "LatencyBuckets": "128 \u00b5s, 256 \u00b5s, 512 \u00b5s, 1 ms, 4 ms, 16 ms, 64 ms, 128 ms, 256 ms, 512 ms, 1 s, 2 s, 10 s, 20 s, 30 s, > 30 s",
    "IoCount0": "0",
    "IoCount1": "1",
    "IoCount2": "88",
    "IoCount3": "540",
    "IoCount4": "229",
    "IoCount5": "20",
    "IoCount6": "6",
    "IoCount7": "1",
    "IoCount8": "2",
    "IoCount9": "0",
    "IoCount10": "0",
    "IoCount11": "0",
    "IoCount12": "0",
    "IoCount13": "0",
    "IoCount14": "0",
    "IoCount15": "0",
    "TotalTimeNs0": "0",
    "TotalTimeNs1": "251800",
    "TotalTimeNs2": "37846900",
    "TotalTimeNs3": "381647100",
    "TotalTimeNs4": "374051200",
    "TotalTimeNs5": "169263600",
    "TotalTimeNs6": "146620900",
    "TotalTimeNs7": "92837200",
    "TotalTimeNs8": "431349100",
    "TotalTimeNs9": "0",
    "TotalTimeNs10": "0",
    "TotalTimeNs11": "0",
    "TotalTimeNs12": "0",
    "TotalTimeNs13": "0",
    "TotalTimeNs14": "0",
    "TotalTimeNs15": "0",
    "TotalBytes": "15134720",
    "AverageBps": "9263124",
    "TotalBytes0": "0",
    "TotalBytes1": "4096",
    "TotalBytes2": "535040",
    "TotalBytes3": "6101504",
    "TotalBytes4": "7692288",
    "TotalBytes5": "613376",
    "TotalBytes6": "176128",
    "TotalBytes7": "4096",
    "TotalBytes8": "8192",
    "TotalBytes9": "0",
    "TotalBytes10": "0",
    "TotalBytes11": "0",
    "TotalBytes12": "0",
    "TotalBytes13": "0",
    "TotalBytes14": "0",
    "TotalBytes15": "0"
  },
  "json_fields": {
    "provider": "Microsoft-Windows-Ntfs",
    "channel": "Microsoft-Windows-Ntfs/Operational",
    "event_id": "170",
    "timestamp": "2023-11-05T23:32:07.787697Z",
    "event_record_id": "185",
    "level": "4",
    "task": "0",
    "opcode": "0",
    "keywords": "0x4001000000200000",
    "computer": "WinDev2310Eval",
    "VolumeCorrelationId": "7597D2A3-4404-4F99-B979-6233378A81BF",
    "VolumeNameLength": "2",
    "VolumeName": "C:",
    "IsBootVolume": "True",
    "DeviceGuid": "22A04354-7C2B-11EE-936C-806E6F6E6963",
    "VendorIdLength": "8",
    "VendorId": "VMware, ",
    "ProductIdLength": "16",
    "ProductId": "VMware Virtual S",
    "ProductRevisionLength": "4",
    "ProductRevision": "1.0 ",
    "DeviceSerialNumberLength": "0",
    "DeviceSerialNumber": "",
    "BusType": "10",
    "AdapterSerialNumberLength": "0",
    "AdapterSerialNumber": "",
    "IntervalDurationMs": "3601467",
    "IntervalDurationStr": "3601 s",
    "SummaryId": "36123844232",
    "IoType": "1",
    "IoTypeStr": "Write: NonPaging, NonCached, Sync",
    "HighLatencyMs": "30000",
    "HighLatencyStr": "30 s",
    "HighLatencyIoCount": "0",
    "TotalIoCount": "887",
    "TotalIoTimeNs": "1633867800",
    "AverageIops": "543",
    "AverageLatencyNs": "1842015",
    "AverageLatencyStr": "1 ms",
    "MaxLatencyNs": "218841200",
    "MaxLatencyStr": "218 ms",
    "LatencyBuckets": "128 \u00b5s, 256 \u00b5s, 512 \u00b5s, 1 ms, 4 ms, 16 ms, 64 ms, 128 ms, 256 ms, 512 ms, 1 s, 2 s, 10 s, 20 s, 30 s, > 30 s",
    "IoCount0": "0",
    "IoCount1": "1",
    "IoCount2": "88",
    "IoCount3": "540",
    "IoCount4": "229",
    "IoCount5": "20",
    "IoCount6": "6",
    "IoCount7": "1",
    "IoCount8": "2",
    "IoCount9": "0",
    "IoCount10": "0",
    "IoCount11": "0",
    "IoCount12": "0",
    "IoCount13": "0",
    "IoCount14": "0",
    "IoCount15": "0",
    "TotalTimeNs0": "0",
    "TotalTimeNs1": "251800",
    "TotalTimeNs2": "37846900",
    "TotalTimeNs3": "381647100",
    "TotalTimeNs4": "374051200",
    "TotalTimeNs5": "169263600",
    "TotalTimeNs6": "146620900",
    "TotalTimeNs7": "92837200",
    "TotalTimeNs8": "431349100",
    "TotalTimeNs9": "0",
    "TotalTimeNs10": "0",
    "TotalTimeNs11": "0",
    "TotalTimeNs12": "0",
    "TotalTimeNs13": "0",
    "TotalTimeNs14": "0",
    "TotalTimeNs15": "0",
    "TotalBytes": "15134720",
    "AverageBps": "9263124",
    "TotalBytes0": "0",
    "TotalBytes1": "4096",
    "TotalBytes2": "535040",
    "TotalBytes3": "6101504",
    "TotalBytes4": "7692288",
    "TotalBytes5": "613376",
    "TotalBytes6": "176128",
    "TotalBytes7": "4096",
    "TotalBytes8": "8192",
    "TotalBytes9": "0",
    "TotalBytes10": "0",
    "TotalBytes11": "0",
    "TotalBytes12": "0",
    "TotalBytes13": "0",
    "TotalBytes14": "0",
    "TotalBytes15": "0"
  }
}