{
  "event_id": "171",
  "provider": "Microsoft-Windows-AppxPackagingOM",
  "channel": "Microsoft-Windows-AppxPackaging/Operational",
  "source_file": "D:\\visual code file\\Project_4\\Event-Analyzer\\test\\Benign\\Logs_Win11\\Microsoft-Windows-AppxPackaging%4Operational.evtx",
  "event_record_id": 377,
  "xml": "<?xml version=\"1.0\" encoding=\"utf-8\"?>\n<Event xmlns=\"http://schemas.microsoft.com/win/2004/08/events/event\">\n  <System>\n    <Provider Name=\"Microsoft-Windows-AppxPackagingOM\" Guid=\"BA723D81-0D0C-4F1E-80C8-54740F508DDF\">\n    </Provider>\n    <EventID>171</EventID>\n    <Version>0</Version>\n    <Level>4</Level>\n    <Task>2</Task>\n    <Opcode>0</Opcode>\n    <Keywords>0x8000000000000000</Keywords>\n    <TimeCreated SystemTime=\"2022-03-01T18:51:43.426719Z\">\n    </TimeCreated>\n    <EventRecordID>377</EventRecordID>\n    <Correlation>\n    </Correlation>\n    <Execution ProcessID=\"1680\" ThreadID=\"8992\">\n    </Execution>\n    <Channel>Microsoft-Windows-AppxPackaging/Operational</Channel>\n    <Computer>DESKTOP-6D0DBMB</Computer>\n    <Security UserID=\"S-1-5-21-1671613982-9707084-2312793148-1001\">\n    </Security>\n  </System>\n  <EventData>\n    <Data Name=\"packageFullName\">WinRAR.ShellExtension_1.0.0.1_x64__s4jet1zx4n14a</Data>\n  </EventData>\n</Event>\n",
  "json": "{\"Event\":{\"#attributes\":{\"xmlns\":\"http://schemas.microsoft.com/win/2004/08/events/event\"},\"System\":{\"Provider\":{\"#attributes\":{\"Name\":\"Microsoft-Windows-AppxPackagingOM\",\"Guid\":\"BA723D81-0D0C-4F1E-80C8-54740F508DDF\"}},\"EventID\":171,\"Version\":0,\"Level\":4,\"Task\":2,\"Opcode\":0,\"Keywords\":\"0x8000000000000000\",\"TimeCreated\":{\"#attributes\":{\"SystemTime\":\"2022-03-01T18:51:43.426719Z\"}},\"EventRecordID\":377,\"Correlation\":null,\"Execution\":{\"#attributes\":{\"ProcessID\":1680,\"ThreadID\":8992}},\"Channel\":\"Microsoft-Windows-AppxPackaging/Operational\",\"Computer\":\"DESKTOP-6D0DBMB\",\"Security\":{\"#attributes\":{\"UserID\":\"S-1-5-21-1671613982-9707084-2312793148-1001\"}}},\"EventData\":{\"packageFullName\":\"WinRAR.ShellExtension_1.0.0.1_x64__s4jet1zx4n14a\"}}}",
  "xml_fields": {
    "provider": "Microsoft-Windows-AppxPackagingOM",
    "event_id": "171",
    "timestamp": "2022-03-01T18:51:43.426719Z",
    "event_record_id": "377",
    "level": "4",
    "task": "2",
    "opcode": "0",
    "keywords": "0x8000000000000000",
    "channel": "Microsoft-Windows-AppxPackaging/Operational",
    "computer": "DESKTOP-6D0DBMB",
    "packageFullName": "WinRAR.ShellExtension_1.0.0.1_x64__s4jet1zx4n14a"
  },
  "json_fields": {
    "provider": "Microsoft-Windows-AppxPackagingOM",
    "channel": "Microsoft-Windows-AppxPackaging/Operational",
    "event_id": "171",
    "timestamp": "2022-03-01T18:51:43.426719Z",
    "event_record_id": "377",
    "level": "4",
    "task": "2",
    "opcode": "0",
    "keywords": "0x8000000000000000",
    "computer": "DESKTOP-6D0DBMB",
    "packageFullName": "WinRAR.ShellExtension_1.0.0.1_x64__s4jet1zx4n14a"
  }
}