{
  "event_id": "171",
  "provider": "Microsoft-Windows-Ntfs",
  "channel": "Microsoft-Windows-Ntfs/Operational",
  "source_file": "D:\\visual code file\\Project_4\\Event-Analyzer\\test\\Benign\\Logs_Win11\\Microsoft-Windows-Ntfs%4Operational.evtx",
  "event_record_id": 16,
  "xml": "<?xml version=\"1.0\" encoding=\"utf-8\"?>\n<Event xmlns=\"http://schemas.microsoft.com/win/2004/08/events/event\">\n  <System>\n    <Provider Name=\"Microsoft-Windows-Ntfs\" Guid=\"3FF37A1C-A68D-4D6E-8C9B-F79E8B16C482\">\n    </Provider>\n    <EventID>171</EventID>\n    <Version>2</Version>\n    <Level>4</Level>\n    <Task>0</Task>\n    <Opcode>0</Opcode>\n    <Keywords>0x4001000000200000</Keywords>\n    <TimeCreated SystemTime=\"2022-03-01T16:58:42.032390Z\">\n    </TimeCreated>\n    <EventRecordID>16</EventRecordID>\n    <Correlation>\n    </Correlation>\n    <Execution ProcessID=\"4\" ThreadID=\"4108\">\n    </Execution>\n    <Channel>Microsoft-Windows-Ntfs/Operational</Channel>\n    <Computer>DESKTOP-6D0DBMB</Computer>\n    <Security UserID=\"S-1-5-18\">\n    </Security>\n  </System>\n  <EventData>\n    <Data Name=\"VolumeCorrelationId\">4A4B25B1-8AA6-412B-8C46-2E87F31C2941</Data>\n    <Data Name=\"VolumeNameLength\">2</Data>\n    <Data Name=\"VolumeName\">C:</Data>\n    <Data Name=\"IsBootVolume\">true</Data>\n    <Data Name=\"PeriodDurationMicrosSec\">900753398</Data>\n    <Data Name=\"OperationCount\">2</Data>\n    <Data Name=\"RepostedOperationCount\">0</Data>\n    <Data Name=\"FailedOperationCount\">0</Data>\n    <Data Name=\"OperationRangeCount\">2</Data>\n    <Data Name=\"OperationByteCount\">0</Data>\n    <Data Name=\"OperationLongRangeByteCount\">18446744073709551614</Data>\n    <Data Name=\"UnalignedRangeCount\">0</Data>\n    <Data Name=\"BytesInUnalignedRanges\">0</Data>\n    <Data Name=\"OperationTrimExtentCount\">2</Data>\n    <Data Name=\"NonBlockAlignedTrimByteCount\">0</Data>\n    <Data Name=\"ReclaimedByteCount\">2030043136</Data>\n    <Data Name=\"ByteCountLabelsLength\">80</Data>\n    <Data Name=\"ByteCountLabels\">4 KB, 64 KB, 1 MB, 16 MB, 128 MB, 1 GB, 16 GB, 128 GB, 1 TB, 16 TB, 1 EB, 1+ EB</Data>\n    <Data Name=\"OperationCountBuckets1\">0</Data>\n    <Data Name=\"OperationCountBuckets2\">0</Data>\n    <Data Name=\"OperationCountBuckets3\">0</Data>\n    <Data Name=\"OperationCountBuckets4\">0</Data>\n    <Data Name=\"OperationCountBuckets5\">0</Data>\n    <Data Name=\"OperationCountBuckets6\">0</Data>\n    <Data Name=\"OperationCountBuckets7\">0</Data>\n    <Data Name=\"OperationCountBuckets8\">0</Data>\n    <Data Name=\"OperationCountBuckets9\">0</Data>\n    <Data Name=\"OperationCountBuckets10\">0</Data>\n    <Data Name=\"OperationCountBuckets11\">0</Data>\n    <Data Name=\"OperationCountBuckets12\">2</Data>\n    <Data Name=\"OperationByteCountBuckets1\">0</Data>\n    <Data Name=\"OperationByteCountBuckets2\">0</Data>\n    <Data Name=\"OperationByteCountBuckets3\">0</Data>\n    <Data Name=\"OperationByteCountBuckets4\">0</Data>\n    <Data Name=\"OperationByteCountBuckets5\">0</Data>\n    <Data Name=\"OperationByteCountBuckets6\">0</Data>\n    <Data Name=\"OperationByteCountBuckets7\">0</Data>\n    <Data Name=\"OperationByteCountBuckets8\">0</Data>\n    <Data Name=\"OperationByteCountBuckets9\">0</Data>\n    <Data Name=\"OperationByteCountBuckets10\">0</Data>\n    <Data Name=\"OperationByteCountBuckets11\">0</Data>\n    <Data Name=\"OperationByteCountBuckets12\">0</Data>\n    <Data Name=\"OperationBytesReclaimedBuckets1\">0</Data>\n    <Data Name=\"OperationBytesReclaimedBuckets2\">0</Data>\n    <Data Name=\"OperationBytesReclaimedBuckets3\">0</Data>\n    <Data Name=\"OperationBytesReclaimedBuckets4\">0</Data>\n    <Data Name=\"OperationBytesReclaimedBuckets5\">30</Data>\n    <Data Name=\"OperationBytesReclaimedBuckets6\">0</Data>\n    <Data Name=\"OperationBytesReclaimedBuckets7\">75</Data>\n    <Data Name=\"OperationBytesReclaimedBuckets8\">0</Data>\n    <Data Name=\"OperationBytesReclaimedBuckets9\">0</Data>\n    <Data Name=\"OperationBytesReclaimedBuckets10\">0</Data>\n    <Data Name=\"OperationBytesReclaimedBuckets11\">0</Data>\n    <Data Name=\"OperationBytesReclaimedBuckets12\">0</Data>\n    <Data Name=\"OperationLatencyBuckets1\">0</Data>\n    <Data Name=\"OperationLatencyBuckets2\">0</Data>\n    <Data Name=\"OperationLatencyBuckets3\">0</Data>\n    <Data Name=\"OperationLatencyBuckets4\">0</Data>\n    <Data Name=\"OperationLatencyBuckets5\">0</Data>\n    <Data Name=\"OperationLatencyBuckets6\">0</Data>\n    <Data Name=\"OperationLatencyBuckets7\">0</Data>\n    <Data Name=\"OperationLatencyBuckets8\">0</Data>\n    <Data Name=\"OperationLatencyBuckets9\">0</Data>\n    <Data Name=\"OperationLatencyBuckets10\">0</Data>\n    <Data Name=\"OperationLatencyBuckets11\">0</Data>\n    <Data Name=\"OperationLatencyBuckets12\">210</Data>\n    <Data Name=\"LatencyBucketLabelsLength\">79</Data>\n    <Data Name=\"LatencyBucketLabelsLabels\">256us, 1ms, 4ms, 16ms, 64ms, 128ms, 256ms, 2s, 6s, 10s, 20s, 1m, 5m, 15m, 15m+</Data>\n    <Data Name=\"OperationCountLatencyBuckets1\">2</Data>\n    <Data Name=\"OperationCountLatencyBuckets2\">0</Data>\n    <Data Name=\"OperationCountLatencyBuckets3\">0</Data>\n    <Data Name=\"OperationCountLatencyBuckets4\">0</Data>\n    <Data Name=\"OperationCountLatencyBuckets5\">0</Data>\n    <Data Name=\"OperationCountLatencyBuckets6\">0</Data>\n    <Data Name=\"OperationCountLatencyBuckets7\">0</Data>\n    <Data Name=\"OperationCountLatencyBuckets8\">0</Data>\n    <Data Name=\"OperationCountLatencyBuckets9\">0</Data>\n    <Data Name=\"OperationCountLatencyBuckets10\">0</Data>\n    <Data Name=\"OperationCountLatencyBuckets11\">0</Data>\n    <Data Name=\"OperationCountLatencyBuckets12\">0</Data>\n    <Data Name=\"OperationCountLatencyBuckets13\">0</Data>\n    <Data Name=\"OperationCountLatencyBuckets14\">0</Data>\n    <Data Name=\"OperationCountLatencyBuckets15\">0</Data>\n  </EventData>\n</Event>\n",
  "json": "{\"Event\":{\"#attributes\":{\"xmlns\":\"http://schemas.microsoft.com/win/2004/08/events/event\"},\"System\":{\"Provider\":{\"#attributes\":{\"Name\":\"Microsoft-Windows-Ntfs\",\"Guid\":\"3FF37A1C-A68D-4D6E-8C9B-F79E8B16C482\"}},\"EventID\":171,\"Version\":2,\"Level\":4,\"Task\":0,\"Opcode\":0,\"Keywords\":\"0x4001000000200000\",\"TimeCreated\":{\"#attributes\":{\"SystemTime\":\"2022-03-01T16:58:42.032390Z\"}},\"EventRecordID\":16,\"Correlation\":null,\"Execution\":{\"#attributes\":{\"ProcessID\":4,\"ThreadID\":4108}},\"Channel\":\"Microsoft-Windows-Ntfs/Operational\",\"Computer\":\"DESKTOP-6D0DBMB\",\"Security\":{\"#attributes\":{\"UserID\":\"S-1-5-18\"}}},\"EventData\":{\"VolumeCorrelationId\":\"4A4B25B1-8AA6-412B-8C46-2E87F31C2941\",\"VolumeNameLength\":2,\"VolumeName\":\"C:\",\"IsBootVolume\":true,\"PeriodDurationMicrosSec\":900753398,\"OperationCount\":2,\"RepostedOperationCount\":0,\"FailedOperationCount\":0,\"OperationRangeCount\":2,\"OperationByteCount\":0,\"OperationLongRangeByteCount\":18446744073709551614,\"UnalignedRangeCount\":0,\"BytesInUnalignedRanges\":0,\"OperationTrimExtentCount\":2,\"NonBlockAlignedTrimByteCount\":0,\"ReclaimedByteCount\":2030043136,\"ByteCountLabelsLength\":80,\"ByteCountLabels\":\"4 KB, 64 KB, 1 MB, 16 MB, 128 MB, 1 GB, 16 GB, 128 GB, 1 TB, 16 TB, 1 EB, 1+ EB\",\"OperationCountBuckets1\":0,\"OperationCountBuckets2\":0,\"OperationCountBuckets3\":0,\"OperationCountBuckets4\":0,\"OperationCountBuckets5\":0,\"OperationCountBuckets6\":0,\"OperationCountBuckets7\":0,\"OperationCountBuckets8\":0,\"OperationCountBuckets9\":0,\"OperationCountBuckets10\":0,\"OperationCountBuckets11\":0,\"OperationCountBuckets12\":2,\"OperationByteCountBuckets1\":0,\"OperationByteCountBuckets2\":0,\"OperationByteCountBuckets3\":0,\"OperationByteCountBuckets4\":0,\"OperationByteCountBuckets5\":0,\"OperationByteCountBuckets6\":0,\"OperationByteCountBuckets7\":0,\"OperationByteCountBuckets8\":0,\"OperationByteCountBuckets9\":0,\"OperationByteCountBuckets10\":0,\"OperationByteCountBuckets11\":0,\"OperationByteCountBuckets12\":0,\"OperationBytesReclaimedBuckets1\":0,\"OperationBytesReclaimedBuckets2\":0,\"OperationBytesReclaimedBuckets3\":0,\"OperationBytesReclaimedBuckets4\":0,\"OperationBytesReclaimedBuckets5\":30,\"OperationBytesReclaimedBuckets6\":0,\"OperationBytesReclaimedBuckets7\":75,\"OperationBytesReclaimedBuckets8\":0,\"OperationBytesReclaimedBuckets9\":0,\"OperationBytesReclaimedBuckets10\":0,\"OperationBytesReclaimedBuckets11\":0,\"OperationBytesReclaimedBuckets12\":0,\"OperationLatencyBuckets1\":0,\"OperationLatencyBuckets2\":0,\"OperationLatencyBuckets3\":0,\"OperationLatencyBuckets4\":0,\"OperationLatencyBuckets5\":0,\"OperationLatencyBuckets6\":0,\"OperationLatencyBuckets7\":0,\"OperationLatencyBuckets8\":0,\"OperationLatencyBuckets9\":0,\"OperationLatencyBuckets10\":0,\"OperationLatencyBuckets11\":0,\"OperationLatencyBuckets12\":210,\"LatencyBucketLabelsLength\":79,\"LatencyBucketLabelsLabels\":\"256us, 1ms, 4ms, 16ms, 64ms, 128ms, 256ms, 2s, 6s, 10s, 20s, 1m, 5m, 15m, 15m+\",\"OperationCountLatencyBuckets1\":2,\"OperationCountLatencyBuckets2\":0,\"OperationCountLatencyBuckets3\":0,\"OperationCountLatencyBuckets4\":0,\"OperationCountLatencyBuckets5\":0,\"OperationCountLatencyBuckets6\":0,\"OperationCountLatencyBuckets7\":0,\"OperationCountLatencyBuckets8\":0,\"OperationCountLatencyBuckets9\":0,\"OperationCountLatencyBuckets10\":0,\"OperationCountLatencyBuckets11\":0,\"OperationCountLatencyBuckets12\":0,\"OperationCountLatencyBuckets13\":0,\"OperationCountLatencyBuckets14\":0,\"OperationCountLatencyBuckets15\":0}}}",
  "xml_fields": {
    "provider": "Microsoft-Windows-Ntfs",
    "event_id": "171",
    "timestamp": "2022-03-01T16:58:42.032390Z",
    "event_record_id": "16",
    "level": "4",
    "task": "0",
    "opcode": "0",
    "keywords": "0x4001000000200000",
    "channel": "Microsoft-Windows-Ntfs/Operational",
    "computer": "DESKTOP-6D0DBMB",
    "VolumeCorrelationId": "4A4B25B1-8AA6-412B-8C46-2E87F31C2941",
    "VolumeNameLength": "2",
    "VolumeName": "C:",
    "IsBootVolume": "true",
    "PeriodDurationMicrosSec": "900753398",
    "OperationCount": "2",
    "RepostedOperationCount": "0",
    "FailedOperationCount": "0",
    "OperationRangeCount": "2",
    "OperationByteCount": "0",
    "OperationLongRangeByteCount": "18446744073709551614",
    "UnalignedRangeCount": "0",
    "BytesInUnalignedRanges": "0",
    "OperationTrimExtentCount": "2",
    "NonBlockAlignedTrimByteCount": "0",
    "ReclaimedByteCount": "2030043136",
    "ByteCountLabelsLength": "80",
    "ByteCountLabels": "4 KB, 64 KB, 1 MB, 16 MB, 128 MB, 1 GB, 16 GB, 128 GB, 1 TB, 16 TB, 1 EB, 1+ EB",
    "OperationCountBuckets1": "0",
    "OperationCountBuckets2": "0",
    "OperationCountBuckets3": "0",
    "OperationCountBuckets4": "0",
    "OperationCountBuckets5": "0",
    "OperationCountBuckets6": "0",
    "OperationCountBuckets7": "0",
    "OperationCountBuckets8": "0",
    "OperationCountBuckets9": "0",
    "OperationCountBuckets10": "0",
    "OperationCountBuckets11": "0",
    "OperationCountBuckets12": "2",
    "OperationByteCountBuckets1": "0",
    "OperationByteCountBuckets2": "0",
    "OperationByteCountBuckets3": "0",
    "OperationByteCountBuckets4": "0",
    "OperationByteCountBuckets5": "0",
    "OperationByteCountBuckets6": "0",
    "OperationByteCountBuckets7": "0",
    "OperationByteCountBuckets8": "0",
    "OperationByteCountBuckets9": "0",
    "OperationByteCountBuckets10": "0",
    "OperationByteCountBuckets11": "0",
    "OperationByteCountBuckets12": "0",
    "OperationBytesReclaimedBuckets1": "0",
    "OperationBytesReclaimedBuckets2": "0",
    "OperationBytesReclaimedBuckets3": "0",
    "OperationBytesReclaimedBuckets4": "0",
    "OperationBytesReclaimedBuckets5": "30",
    "OperationBytesReclaimedBuckets6": "0",
    "OperationBytesReclaimedBuckets7": "75",
    "OperationBytesReclaimedBuckets8": "0",
    "OperationBytesReclaimedBuckets9": "0",
    "OperationBytesReclaimedBuckets10": "0",
    "OperationBytesReclaimedBuckets11": "0",
    "OperationBytesReclaimedBuckets12": "0",
    "OperationLatencyBuckets1": "0",
    "OperationLatencyBuckets2": "0",
    "OperationLatencyBuckets3": "0",
    "OperationLatencyBuckets4": "0",
    "OperationLatencyBuckets5": "0",
    "OperationLatencyBuckets6": "0",
    "OperationLatencyBuckets7": "0",
    "OperationLatencyBuckets8": "0",
    "OperationLatencyBuckets9": "0",
    "OperationLatencyBuckets10": "0",
    "OperationLatencyBuckets11": "0",
    "OperationLatencyBuckets12": "210",
    "LatencyBucketLabelsLength": "79",
    "LatencyBucketLabelsLabels": "256us, 1ms, 4ms, 16ms, 64ms, 128ms, 256ms, 2s, 6s, 10s, 20s, 1m, 5m, 15m, 15m+",
    "OperationCountLatencyBuckets1": "2",
    "OperationCountLatencyBuckets2": "0",
    "OperationCountLatencyBuckets3": "0",
    "OperationCountLatencyBuckets4": "0",
    "OperationCountLatencyBuckets5": "0",
    "OperationCountLatencyBuckets6": "0",
    "OperationCountLatencyBuckets7": "0",
    "OperationCountLatencyBuckets8": "0",
    "OperationCountLatencyBuckets9": "0",
    "OperationCountLatencyBuckets10": "0",
    "OperationCountLatencyBuckets11": "0",
    "OperationCountLatencyBuckets12": "0",
    "OperationCountLatencyBuckets13": "0",
    "OperationCountLatencyBuckets14": "0",
    "OperationCountLatencyBuckets15": "0"
  },
  "json_fields": {
    "provider": "Microsoft-Windows-Ntfs",
    "channel": "Microsoft-Windows-Ntfs/Operational",
    "event_id": "171",
    "timestamp": "2022-03-01T16:58:42.032390Z",
    "event_record_id": "16",
    "level": "4",
    "task": "0",
    "opcode": "0",
    "keywords": "0x4001000000200000",
    "computer": "DESKTOP-6D0DBMB",
    "VolumeCorrelationId": "4A4B25B1-8AA6-412B-8C46-2E87F31C2941",
    "VolumeNameLength": "2",
    "VolumeName": "C:",
    "IsBootVolume": "True",
    "PeriodDurationMicrosSec": "900753398",
    "OperationCount": "2",
    "RepostedOperationCount": "0",
    "FailedOperationCount": "0",
    "OperationRangeCount": "2",
    "OperationByteCount": "0",
    "OperationLongRangeByteCount": "18446744073709551614",
    "UnalignedRangeCount": "0",
    "BytesInUnalignedRanges": "0",
    "OperationTrimExtentCount": "2",
    "NonBlockAlignedTrimByteCount": "0",
    "ReclaimedByteCount": "2030043136",
    "ByteCountLabelsLength": "80",
    "ByteCountLabels": "4 KB, 64 KB, 1 MB, 16 MB, 128 MB, 1 GB, 16 GB, 128 GB, 1 TB, 16 TB, 1 EB, 1+ EB",
    "OperationCountBuckets1": "0",
    "OperationCountBuckets2": "0",
    "OperationCountBuckets3": "0",
    "OperationCountBuckets4": "0",
    "OperationCountBuckets5": "0",
    "OperationCountBuckets6": "0",
    "OperationCountBuckets7": "0",
    "OperationCountBuckets8": "0",
    "OperationCountBuckets9": "0",
    "OperationCountBuckets10": "0",
    "OperationCountBuckets11": "0",
    "OperationCountBuckets12": "2",
    "OperationByteCountBuckets1": "0",
    "OperationByteCountBuckets2": "0",
    "OperationByteCountBuckets3": "0",
    "OperationByteCountBuckets4": "0",
    "OperationByteCountBuckets5": "0",
    "OperationByteCountBuckets6": "0",
    "OperationByteCountBuckets7": "0",
    "OperationByteCountBuckets8": "0",
    "OperationByteCountBuckets9": "0",
    "OperationByteCountBuckets10": "0",
    "OperationByteCountBuckets11": "0",
    "OperationByteCountBuckets12": "0",
    "OperationBytesReclaimedBuckets1": "0",
    "OperationBytesReclaimedBuckets2": "0",
    "OperationBytesReclaimedBuckets3": "0",
    "OperationBytesReclaimedBuckets4": "0",
    "OperationBytesReclaimedBuckets5": "30",
    "OperationBytesReclaimedBuckets6": "0",
    "OperationBytesReclaimedBuckets7": "75",
    "OperationBytesReclaimedBuckets8": "0",
    "OperationBytesReclaimedBuckets9": "0",
    "OperationBytesReclaimedBuckets10": "0",
    "OperationBytesReclaimedBuckets11": "0",
    "OperationBytesReclaimedBuckets12": "0",
    "OperationLatencyBuckets1": "0",
    "OperationLatencyBuckets2": "0",
    "OperationLatencyBuckets3": "0",
    "OperationLatencyBuckets4": "0",
    "OperationLatencyBuckets5": "0",
    "OperationLatencyBuckets6": "0",
    "OperationLatencyBuckets7": "0",
    "OperationLatencyBuckets8": "0",
    "OperationLatencyBuckets9": "0",
    "OperationLatencyBuckets10": "0",
    "OperationLatencyBuckets11": "0",
    "OperationLatencyBuckets12": "210",
    "LatencyBucketLabelsLength": "79",
    "LatencyBucketLabelsLabels": "256us, 1ms, 4ms, 16ms, 64ms, 128ms, 256ms, 2s, 6s, 10s, 20s, 1m, 5m, 15m, 15m+",
    "OperationCountLatencyBuckets1": "2",
    "OperationCountLatencyBuckets2": "0",
    "OperationCountLatencyBuckets3": "0",
    "OperationCountLatencyBuckets4": "0",
    "OperationCountLatencyBuckets5": "0",
    "OperationCountLatencyBuckets6": "0",
    "OperationCountLatencyBuckets7": "0",
    "OperationCountLatencyBuckets8": "0",
    "OperationCountLatencyBuckets9": "0",
    "OperationCountLatencyBuckets10": "0",
    "OperationCountLatencyBuckets11": "0",
    "OperationCountLatencyBuckets12": "0",
    "OperationCountLatencyBuckets13": "0",
    "OperationCountLatencyBuckets14": "0",
    "OperationCountLatencyBuckets15": "0"
  }
}