{
  "event_id": "172",
  "provider": "Microsoft-Windows-Kernel-Power",
  "channel": "System",
  "source_file": "D:\\visual code file\\Project_4\\Event-Analyzer\\test\\Logs\\System.evtx",
  "event_record_id": 1116,
  "xml": "<?xml version=\"1.0\" encoding=\"utf-8\"?>\n<Event xmlns=\"http://schemas.microsoft.com/win/2004/08/events/event\">\n  <System>\n    <Provider Name=\"Microsoft-Windows-Kernel-Power\" Guid=\"331C3B3A-2005-44C2-AC5E-77220C37D6B4\">\n    </Provider>\n    <EventID>172</EventID>\n    <Version>0</Version>\n    <Level>4</Level>\n    <Task>203</Task>\n    <Opcode>0</Opcode>\n    <Keywords>0x8000000000000404</Keywords>\n    <TimeCreated SystemTime=\"2025-01-24T10:50:03.412639Z\">\n    </TimeCreated>\n    <EventRecordID>1116</EventRecordID>\n    <Correlation>\n    </Correlation>\n    <Execution ProcessID=\"4\" ThreadID=\"292\">\n    </Execution>\n    <Channel>System</Channel>\n    <Computer>CTO-FILESVR</Computer>\n    <Security UserID=\"S-1-5-18\">\n    </Security>\n  </System>\n  <EventData>\n    <Data Name=\"State\">2</Data>\n    <Data Name=\"Reason\">6</Data>\n  </EventData>\n</Event>\n",
  "json": "{\"Event\":{\"#attributes\":{\"xmlns\":\"http://schemas.microsoft.com/win/2004/08/events/event\"},\"System\":{\"Provider\":{\"#attributes\":{\"Name\":\"Microsoft-Windows-Kernel-Power\",\"Guid\":\"331C3B3A-2005-44C2-AC5E-77220C37D6B4\"}},\"EventID\":172,\"Version\":0,\"Level\":4,\"Task\":203,\"Opcode\":0,\"Keywords\":\"0x8000000000000404\",\"TimeCreated\":{\"#attributes\":{\"SystemTime\":\"2025-01-24T10:50:03.412639Z\"}},\"EventRecordID\":1116,\"Correlation\":null,\"Execution\":{\"#attributes\":{\"ProcessID\":4,\"ThreadID\":292}},\"Channel\":\"System\",\"Computer\":\"CTO-FILESVR\",\"Security\":{\"#attributes\":{\"UserID\":\"S-1-5-18\"}}},\"EventData\":{\"State\":2,\"Reason\":6}}}",
  "xml_fields": {
    "provider": "Microsoft-Windows-Kernel-Power",
    "event_id": "172",
    "timestamp": "2025-01-24T10:50:03.412639Z",
    "event_record_id": "1116",
    "level": "4",
    "task": "203",
    "opcode": "0",
    "keywords": "0x8000000000000404",
    "channel": "System",
    "computer": "CTO-FILESVR",
    "State": "2",
    "Reason": "6"
  },
  "json_fields": {
    "provider": "Microsoft-Windows-Kernel-Power",
    "channel": "System",
    "event_id": "172",
    "timestamp": "2025-01-24T10:50:03.412639Z",
    "event_record_id": "1116",
    "level": "4",
    "task": "203",
    "opcode": "0",
    "keywords": "0x8000000000000404",
    "computer": "CTO-FILESVR",
    "State": "2",
    "Reason": "6"
  }
}