{
  "event_id": "17",
  "provider": "Microsoft-Windows-Program-Compatibility-Assistant",
  "channel": "Microsoft-Windows-Application-Experience/Program-Compatibility-Assistant",
  "source_file": "D:\\visual code file\\Project_4\\Event-Analyzer\\test\\Malicious\\EVTX-ATTACK-SAMPLES\\Execution\\Exec_via_cpl_Application_Experience_EventID_17_ControlPanelApplet.evtx",
  "event_record_id": 1,
  "xml": "<?xml version=\"1.0\" encoding=\"utf-8\"?>\n<Event xmlns=\"http://schemas.microsoft.com/win/2004/08/events/event\">\n  <System>\n    <Provider Name=\"Microsoft-Windows-Program-Compatibility-Assistant\" Guid=\"4CB314DF-C11F-47D7-9C04-65FB0051561B\">\n    </Provider>\n    <EventID>17</EventID>\n    <Version>0</Version>\n    <Level>4</Level>\n    <Task>0</Task>\n    <Opcode>0</Opcode>\n    <Keywords>0x4000000000000000</Keywords>\n    <TimeCreated SystemTime=\"2019-07-18T21:50:20.049401Z\">\n    </TimeCreated>\n    <EventRecordID>1</EventRecordID>\n    <Correlation>\n    </Correlation>\n    <Execution ProcessID=\"5020\" ThreadID=\"7468\">\n    </Execution>\n    <Channel>Microsoft-Windows-Application-Experience/Program-Compatibility-Assistant</Channel>\n    <Computer>MSEDGEWIN10</Computer>\n    <Security UserID=\"S-1-5-18\">\n    </Security>\n  </System>\n  <UserData>\n    <ResolverFiredEvent xmlns=\"http://www.microsoft.com/Windows/Diagnosis/PCA/events\">\n      <ExePath>C:\\Users\\IEUser\\Desktop\\procexp64.exe</ExePath>\n      <ResolverName>WrpKeyMitigation</ResolverName>\n    </ResolverFiredEvent>\n  </UserData>\n</Event>\n",
  "json": "{\"Event\":{\"#attributes\":{\"xmlns\":\"http://schemas.microsoft.com/win/2004/08/events/event\"},\"System\":{\"Provider\":{\"#attributes\":{\"Name\":\"Microsoft-Windows-Program-Compatibility-Assistant\",\"Guid\":\"4CB314DF-C11F-47D7-9C04-65FB0051561B\"}},\"EventID\":17,\"Version\":0,\"Level\":4,\"Task\":0,\"Opcode\":0,\"Keywords\":\"0x4000000000000000\",\"TimeCreated\":{\"#attributes\":{\"SystemTime\":\"2019-07-18T21:50:20.049401Z\"}},\"EventRecordID\":1,\"Correlation\":null,\"Execution\":{\"#attributes\":{\"ProcessID\":5020,\"ThreadID\":7468}},\"Channel\":\"Microsoft-Windows-Application-Experience/Program-Compatibility-Assistant\",\"Computer\":\"MSEDGEWIN10\",\"Security\":{\"#attributes\":{\"UserID\":\"S-1-5-18\"}}},\"UserData\":{\"ResolverFiredEvent\":{\"#attributes\":{\"xmlns\":\"http://www.microsoft.com/Windows/Diagnosis/PCA/events\"},\"ExePath\":\"C:\\\\Users\\\\IEUser\\\\Desktop\\\\procexp64.exe\",\"ResolverName\":\"WrpKeyMitigation\"}}}}",
  "xml_fields": {
    "provider": "Microsoft-Windows-Program-Compatibility-Assistant",
    "event_id": "17",
    "timestamp": "2019-07-18T21:50:20.049401Z",
    "event_record_id": "1",
    "level": "4",
    "task": "0",
    "opcode": "0",
    "keywords": "0x4000000000000000",
    "channel": "Microsoft-Windows-Application-Experience/Program-Compatibility-Assistant",
    "computer": "MSEDGEWIN10",
    "ExePath": "C:\\Users\\IEUser\\Desktop\\procexp64.exe",
    "ResolverName": "WrpKeyMitigation"
  },
  "json_fields": {
    "provider": "Microsoft-Windows-Program-Compatibility-Assistant",
    "channel": "Microsoft-Windows-Application-Experience/Program-Compatibility-Assistant",
    "event_id": "17",
    "timestamp": "2019-07-18T21:50:20.049401Z",
    "event_record_id": "1",
    "level": "4",
    "task": "0",
    "opcode": "0",
    "keywords": "0x4000000000000000",
    "computer": "MSEDGEWIN10",
    "ExePath": "C:\\Users\\IEUser\\Desktop\\procexp64.exe",
    "ResolverName": "WrpKeyMitigation"
  }
}