{
  "event_id": "181",
  "provider": "Microsoft-Windows-AppxPackagingOM",
  "channel": "Microsoft-Windows-AppxPackaging/Operational",
  "source_file": "D:\\visual code file\\Project_4\\Event-Analyzer\\test\\Benign\\Logs_Win11_2023\\Microsoft-Windows-AppxPackaging%4Operational.evtx",
  "event_record_id": 1753,
  "xml": "<?xml version=\"1.0\" encoding=\"utf-8\"?>\n<Event xmlns=\"http://schemas.microsoft.com/win/2004/08/events/event\">\n  <System>\n    <Provider Name=\"Microsoft-Windows-AppxPackagingOM\" Guid=\"BA723D81-0D0C-4F1E-80C8-54740F508DDF\">\n    </Provider>\n    <EventID>181</EventID>\n    <Version>0</Version>\n    <Level>4</Level>\n    <Task>2</Task>\n    <Opcode>0</Opcode>\n    <Keywords>0x8000000000000000</Keywords>\n    <TimeCreated SystemTime=\"2023-11-06T01:19:35.898053Z\">\n    </TimeCreated>\n    <EventRecordID>1753</EventRecordID>\n    <Correlation>\n    </Correlation>\n    <Execution ProcessID=\"2352\" ThreadID=\"11172\">\n    </Execution>\n    <Channel>Microsoft-Windows-AppxPackaging/Operational</Channel>\n    <Computer>WinDev2310Eval</Computer>\n    <Security UserID=\"S-1-5-21-1992711665-1655669231-58201500-1000\">\n    </Security>\n  </System>\n  <EventData>\n  </EventData>\n</Event>\n",
  "json": "{\"Event\":{\"#attributes\":{\"xmlns\":\"http://schemas.microsoft.com/win/2004/08/events/event\"},\"System\":{\"Provider\":{\"#attributes\":{\"Name\":\"Microsoft-Windows-AppxPackagingOM\",\"Guid\":\"BA723D81-0D0C-4F1E-80C8-54740F508DDF\"}},\"EventID\":181,\"Version\":0,\"Level\":4,\"Task\":2,\"Opcode\":0,\"Keywords\":\"0x8000000000000000\",\"TimeCreated\":{\"#attributes\":{\"SystemTime\":\"2023-11-06T01:19:35.898053Z\"}},\"EventRecordID\":1753,\"Correlation\":null,\"Execution\":{\"#attributes\":{\"ProcessID\":2352,\"ThreadID\":11172}},\"Channel\":\"Microsoft-Windows-AppxPackaging/Operational\",\"Computer\":\"WinDev2310Eval\",\"Security\":{\"#attributes\":{\"UserID\":\"S-1-5-21-1992711665-1655669231-58201500-1000\"}}},\"EventData\":null}}",
  "xml_fields": {
    "provider": "Microsoft-Windows-AppxPackagingOM",
    "event_id": "181",
    "timestamp": "2023-11-06T01:19:35.898053Z",
    "event_record_id": "1753",
    "level": "4",
    "task": "2",
    "opcode": "0",
    "keywords": "0x8000000000000000",
    "channel": "Microsoft-Windows-AppxPackaging/Operational",
    "computer": "WinDev2310Eval"
  },
  "json_fields": {
    "provider": "Microsoft-Windows-AppxPackagingOM",
    "channel": "Microsoft-Windows-AppxPackaging/Operational",
    "event_id": "181",
    "timestamp": "2023-11-06T01:19:35.898053Z",
    "event_record_id": "1753",
    "level": "4",
    "task": "2",
    "opcode": "0",
    "keywords": "0x8000000000000000",
    "computer": "WinDev2310Eval"
  }
}