{
  "event_id": "182",
  "provider": "Microsoft-Windows-ServerManager-MultiMachine",
  "channel": "Microsoft-Windows-ServerManager-MultiMachine/Operational",
  "source_file": "D:\\visual code file\\Project_4\\Event-Analyzer\\test\\Benign\\Win2022-AD\\Microsoft-Windows-ServerManager-MultiMachine%4Operational.evtx",
  "event_record_id": 684,
  "xml": "<?xml version=\"1.0\" encoding=\"utf-8\"?>\n<Event xmlns=\"http://schemas.microsoft.com/win/2004/08/events/event\">\n  <System>\n    <Provider Name=\"Microsoft-Windows-ServerManager-MultiMachine\" Guid=\"D8D37081-10BD-4A89-A971-1CDA6899BDB3\">\n    </Provider>\n    <EventID>182</EventID>\n    <Version>0</Version>\n    <Level>4</Level>\n    <Task>10</Task>\n    <Opcode>0</Opcode>\n    <Keywords>0x2000000000000000</Keywords>\n    <TimeCreated SystemTime=\"2022-04-07T17:21:34.452140Z\">\n    </TimeCreated>\n    <EventRecordID>684</EventRecordID>\n    <Correlation>\n    </Correlation>\n    <Execution ProcessID=\"4444\" ThreadID=\"4448\">\n    </Execution>\n    <Channel>Microsoft-Windows-ServerManager-MultiMachine/Operational</Channel>\n    <Computer>WIN-FPV0DSIC9O6.sigma.fr</Computer>\n    <Security UserID=\"S-1-5-21-2121334350-1110938707-2888912545-500\">\n    </Security>\n  </System>\n  <EventData>\n  </EventData>\n</Event>\n",
  "json": "{\"Event\":{\"#attributes\":{\"xmlns\":\"http://schemas.microsoft.com/win/2004/08/events/event\"},\"System\":{\"Provider\":{\"#attributes\":{\"Name\":\"Microsoft-Windows-ServerManager-MultiMachine\",\"Guid\":\"D8D37081-10BD-4A89-A971-1CDA6899BDB3\"}},\"EventID\":182,\"Version\":0,\"Level\":4,\"Task\":10,\"Opcode\":0,\"Keywords\":\"0x2000000000000000\",\"TimeCreated\":{\"#attributes\":{\"SystemTime\":\"2022-04-07T17:21:34.452140Z\"}},\"EventRecordID\":684,\"Correlation\":null,\"Execution\":{\"#attributes\":{\"ProcessID\":4444,\"ThreadID\":4448}},\"Channel\":\"Microsoft-Windows-ServerManager-MultiMachine/Operational\",\"Computer\":\"WIN-FPV0DSIC9O6.sigma.fr\",\"Security\":{\"#attributes\":{\"UserID\":\"S-1-5-21-2121334350-1110938707-2888912545-500\"}}},\"EventData\":null}}",
  "xml_fields": {
    "provider": "Microsoft-Windows-ServerManager-MultiMachine",
    "event_id": "182",
    "timestamp": "2022-04-07T17:21:34.452140Z",
    "event_record_id": "684",
    "level": "4",
    "task": "10",
    "opcode": "0",
    "keywords": "0x2000000000000000",
    "channel": "Microsoft-Windows-ServerManager-MultiMachine/Operational",
    "computer": "WIN-FPV0DSIC9O6.sigma.fr"
  },
  "json_fields": {
    "provider": "Microsoft-Windows-ServerManager-MultiMachine",
    "channel": "Microsoft-Windows-ServerManager-MultiMachine/Operational",
    "event_id": "182",
    "timestamp": "2022-04-07T17:21:34.452140Z",
    "event_record_id": "684",
    "level": "4",
    "task": "10",
    "opcode": "0",
    "keywords": "0x2000000000000000",
    "computer": "WIN-FPV0DSIC9O6.sigma.fr"
  }
}