{
  "event_id": "192",
  "provider": "Microsoft-Windows-ServerManager-MultiMachine",
  "channel": "Microsoft-Windows-ServerManager-MultiMachine/Operational",
  "source_file": "D:\\visual code file\\Project_4\\Event-Analyzer\\test\\Benign\\win2022-0-20348-azure\\Microsoft-Windows-ServerManager-MultiMachine%4Operational.evtx",
  "event_record_id": 43,
  "xml": "<?xml version=\"1.0\" encoding=\"utf-8\"?>\n<Event xmlns=\"http://schemas.microsoft.com/win/2004/08/events/event\">\n  <System>\n    <Provider Name=\"Microsoft-Windows-ServerManager-MultiMachine\" Guid=\"D8D37081-10BD-4A89-A971-1CDA6899BDB3\">\n    </Provider>\n    <EventID>192</EventID>\n    <Version>0</Version>\n    <Level>4</Level>\n    <Task>10</Task>\n    <Opcode>0</Opcode>\n    <Keywords>0x2000000000000000</Keywords>\n    <TimeCreated SystemTime=\"2022-09-08T21:03:52.620075Z\">\n    </TimeCreated>\n    <EventRecordID>43</EventRecordID>\n    <Correlation ActivityID=\"8E001157-A8F2-468B-9B7B-BD2A2F94B61A\">\n    </Correlation>\n    <Execution ProcessID=\"5708\" ThreadID=\"1088\">\n    </Execution>\n    <Channel>Microsoft-Windows-ServerManager-MultiMachine/Operational</Channel>\n    <Computer>WIN-06FB45IHQ35</Computer>\n    <Security UserID=\"S-1-5-21-780613846-3260660134-2396965080-500\">\n    </Security>\n  </System>\n  <EventData>\n    <Data Name=\"MachineName\">WIN-06FB45IHQ35</Data>\n    <Data Name=\"Count\">1</Data>\n  </EventData>\n</Event>\n",
  "json": "{\"Event\":{\"#attributes\":{\"xmlns\":\"http://schemas.microsoft.com/win/2004/08/events/event\"},\"System\":{\"Provider\":{\"#attributes\":{\"Name\":\"Microsoft-Windows-ServerManager-MultiMachine\",\"Guid\":\"D8D37081-10BD-4A89-A971-1CDA6899BDB3\"}},\"EventID\":192,\"Version\":0,\"Level\":4,\"Task\":10,\"Opcode\":0,\"Keywords\":\"0x2000000000000000\",\"TimeCreated\":{\"#attributes\":{\"SystemTime\":\"2022-09-08T21:03:52.620075Z\"}},\"EventRecordID\":43,\"Correlation\":{\"#attributes\":{\"ActivityID\":\"8E001157-A8F2-468B-9B7B-BD2A2F94B61A\"}},\"Execution\":{\"#attributes\":{\"ProcessID\":5708,\"ThreadID\":1088}},\"Channel\":\"Microsoft-Windows-ServerManager-MultiMachine/Operational\",\"Computer\":\"WIN-06FB45IHQ35\",\"Security\":{\"#attributes\":{\"UserID\":\"S-1-5-21-780613846-3260660134-2396965080-500\"}}},\"EventData\":{\"MachineName\":\"WIN-06FB45IHQ35\",\"Count\":1}}}",
  "xml_fields": {
    "provider": "Microsoft-Windows-ServerManager-MultiMachine",
    "event_id": "192",
    "timestamp": "2022-09-08T21:03:52.620075Z",
    "event_record_id": "43",
    "level": "4",
    "task": "10",
    "opcode": "0",
    "keywords": "0x2000000000000000",
    "channel": "Microsoft-Windows-ServerManager-MultiMachine/Operational",
    "computer": "WIN-06FB45IHQ35",
    "MachineName": "WIN-06FB45IHQ35",
    "Count": "1"
  },
  "json_fields": {
    "provider": "Microsoft-Windows-ServerManager-MultiMachine",
    "channel": "Microsoft-Windows-ServerManager-MultiMachine/Operational",
    "event_id": "192",
    "timestamp": "2022-09-08T21:03:52.620075Z",
    "event_record_id": "43",
    "level": "4",
    "task": "10",
    "opcode": "0",
    "keywords": "0x2000000000000000",
    "computer": "WIN-06FB45IHQ35",
    "MachineName": "WIN-06FB45IHQ35",
    "Count": "1"
  }
}