{
  "event_id": "19",
  "provider": "Microsoft-Windows-PushNotifications-Platform",
  "channel": "Microsoft-Windows-PushNotification-Platform/Operational",
  "source_file": "D:\\visual code file\\Project_4\\Event-Analyzer\\test\\Logs\\Microsoft-Windows-PushNotification-Platform%4Operational.evtx",
  "event_record_id": 117,
  "xml": "<?xml version=\"1.0\" encoding=\"utf-8\"?>\n<Event xmlns=\"http://schemas.microsoft.com/win/2004/08/events/event\">\n  <System>\n    <Provider Name=\"Microsoft-Windows-PushNotifications-Platform\" Guid=\"88CD9180-4491-4640-B571-E3BEE2527943\">\n    </Provider>\n    <EventID>19</EventID>\n    <Version>0</Version>\n    <Level>5</Level>\n    <Task>0</Task>\n    <Opcode>0</Opcode>\n    <Keywords>0x8000000000002000</Keywords>\n    <TimeCreated SystemTime=\"2024-11-04T12:40:16.005540Z\">\n    </TimeCreated>\n    <EventRecordID>117</EventRecordID>\n    <Correlation>\n    </Correlation>\n    <Execution ProcessID=\"3476\" ThreadID=\"3560\">\n    </Execution>\n    <Channel>Microsoft-Windows-PushNotification-Platform/Operational</Channel>\n    <Computer>DESKTOP-P9H5FTA</Computer>\n    <Security UserID=\"S-1-5-21-3088055692-629932344-1786574096-1000\">\n    </Security>\n  </System>\n  <EventData>\n    <Data Name=\"FileName\">onecoreuap\\base\\diagnosis\\platform\\notifications\\platform\\endpoint\\backgroundapplicationpolicymanager.cpp</Data>\n    <Data Name=\"FunctionName\">BackgroundApplicationPolicyManager::InitializeWnfCallbacks</Data>\n    <Data Name=\"LineNumber\">162</Data>\n    <Data Name=\"ErrorCode\">2147943568</Data>\n  </EventData>\n</Event>\n",
  "json": "{\"Event\":{\"#attributes\":{\"xmlns\":\"http://schemas.microsoft.com/win/2004/08/events/event\"},\"System\":{\"Provider\":{\"#attributes\":{\"Name\":\"Microsoft-Windows-PushNotifications-Platform\",\"Guid\":\"88CD9180-4491-4640-B571-E3BEE2527943\"}},\"EventID\":19,\"Version\":0,\"Level\":5,\"Task\":0,\"Opcode\":0,\"Keywords\":\"0x8000000000002000\",\"TimeCreated\":{\"#attributes\":{\"SystemTime\":\"2024-11-04T12:40:16.005540Z\"}},\"EventRecordID\":117,\"Correlation\":null,\"Execution\":{\"#attributes\":{\"ProcessID\":3476,\"ThreadID\":3560}},\"Channel\":\"Microsoft-Windows-PushNotification-Platform/Operational\",\"Computer\":\"DESKTOP-P9H5FTA\",\"Security\":{\"#attributes\":{\"UserID\":\"S-1-5-21-3088055692-629932344-1786574096-1000\"}}},\"EventData\":{\"FileName\":\"onecoreuap\\\\base\\\\diagnosis\\\\platform\\\\notifications\\\\platform\\\\endpoint\\\\backgroundapplicationpolicymanager.cpp\",\"FunctionName\":\"BackgroundApplicationPolicyManager::InitializeWnfCallbacks\",\"LineNumber\":162,\"ErrorCode\":2147943568}}}",
  "xml_fields": {
    "provider": "Microsoft-Windows-PushNotifications-Platform",
    "event_id": "19",
    "timestamp": "2024-11-04T12:40:16.005540Z",
    "event_record_id": "117",
    "level": "5",
    "task": "0",
    "opcode": "0",
    "keywords": "0x8000000000002000",
    "channel": "Microsoft-Windows-PushNotification-Platform/Operational",
    "computer": "DESKTOP-P9H5FTA",
    "FileName": "onecoreuap\\base\\diagnosis\\platform\\notifications\\platform\\endpoint\\backgroundapplicationpolicymanager.cpp",
    "FunctionName": "BackgroundApplicationPolicyManager::InitializeWnfCallbacks",
    "LineNumber": "162",
    "ErrorCode": "2147943568"
  },
  "json_fields": {
    "provider": "Microsoft-Windows-PushNotifications-Platform",
    "channel": "Microsoft-Windows-PushNotification-Platform/Operational",
    "event_id": "19",
    "timestamp": "2024-11-04T12:40:16.005540Z",
    "event_record_id": "117",
    "level": "5",
    "task": "0",
    "opcode": "0",
    "keywords": "0x8000000000002000",
    "computer": "DESKTOP-P9H5FTA",
    "FileName": "onecoreuap\\base\\diagnosis\\platform\\notifications\\platform\\endpoint\\backgroundapplicationpolicymanager.cpp",
    "FunctionName": "BackgroundApplicationPolicyManager::InitializeWnfCallbacks",
    "LineNumber": "162",
    "ErrorCode": "2147943568"
  }
}