{
  "event_id": "1",
  "provider": "AuroraAgent",
  "channel": "Application",
  "source_file": "D:\\visual code file\\Project_4\\Event-Analyzer\\test\\Benign\\win2022-0-20348-azure\\Application.evtx",
  "event_record_id": 718,
  "xml": "<?xml version=\"1.0\" encoding=\"utf-8\"?>\n<Event xmlns=\"http://schemas.microsoft.com/win/2004/08/events/event\">\n  <System>\n    <Provider Name=\"AuroraAgent\">\n    </Provider>\n    <EventID Qualifiers=\"0\">1</EventID>\n    <Version>0</Version>\n    <Level>4</Level>\n    <Task>0</Task>\n    <Opcode>0</Opcode>\n    <Keywords>0x80000000000000</Keywords>\n    <TimeCreated SystemTime=\"2022-09-18T11:02:36.675309Z\">\n    </TimeCreated>\n    <EventRecordID>718</EventRecordID>\n    <Correlation>\n    </Correlation>\n    <Execution ProcessID=\"0\" ThreadID=\"0\">\n    </Execution>\n    <Channel>Application</Channel>\n    <Computer>Agamemnon</Computer>\n    <Security>\n    </Security>\n  </System>\n  <EventData>\n    <Data>Sigma rule match found: Explorer Process Tree Break (see Details tab for more information)</Data>\n    <Data>Module: Sigma</Data>\n    <Data>Rule_Title: Explorer Process Tree Break</Data>\n    <Data>Rule_Author: Florian Roth, Nasreddine Bencherchali</Data>\n    <Data>Rule_Description: Detects a command line process that uses explorer.exe to launch arbitrary commands or binaries, which is similar to cmd.exe /c, only it breaks the process tree and makes its parent a new instance of explorer spawning from \"svchost\"</Data>\n    <Data>Rule_FalsePositives: Unknown how many legitimate software products use that method</Data>\n    <Data>Rule_Id: 949f1ffb-6e85-4f00-ae1e-c3c5b190d605</Data>\n    <Data>Rule_Level: medium</Data>\n    <Data>Rule_Link: https://github.com/SigmaHQ/sigma/blob/0.22-120-geb87ed8f4/rules/windows/process_creation/proc_creation_win_susp_explorer_break_proctree.yml</Data>\n    <Data>Rule_Modified: 2022/06/14</Data>\n    <Data>Rule_Path: public\\windows\\process_creation\\proc_creation_win_susp_explorer_break_proctree.yml</Data>\n    <Data>Rule_References: https://twitter.com/CyberRaiju/status/1273597319322058752, https://twitter.com/bohops/status/1276357235954909188?s=12, https://twitter.com/nas_bench/status/1535322450858233858, https://securityboulevard.com/2019/09/deobfuscating-ostap-trickbots-34000-line-javascript-downloader/</Data>\n    <Data>Rule_Sigtype: public</Data>\n    <Data>CommandLine: C:\\Windows\\explorer.exe /factory,{75dff2b7-6936-4c06-a8bb-676a7b00b24b} -Embedding</Data>\n    <Data>Company: Microsoft Corporation</Data>\n    <Data>Computer: Agamemnon</Data>\n    <Data>Correlation_ActivityID: {00000000-0000-0000-0000-000000000000}</Data>\n    <Data>CurrentDirectory: C:\\Windows\\system32\\</Data>\n    <Data>Description: Windows Explorer</Data>\n    <Data>EventID: 1</Data>\n    <Data>Execution_ProcessID: 2996</Data>\n    <Data>Execution_ThreadID: 4520</Data>\n    <Data>FileVersion: 10.0.20348.740 (WinBuild.160101.0800)</Data>\n    <Data>Hashes: SHA1=F05F5C6E0D36A0D62117F676014FAB534BFB3C36,MD5=B78C1196853BBC069D18018A6947DECA,SHA256=079935E23A762F2E078BAFA44C3BED10F1E565A16784039330F133DE82410802,IMPHASH=BECD30EE79098B21A5BA5E5CF0E18B83</Data>\n    <Data>Image: C:\\Windows\\explorer.exe</Data>\n    <Data>IntegrityLevel: High</Data>\n    <Data>Keywords: 0x8000000000000000</Data>\n    <Data>Level: 4</Data>\n    <Data>LogonGuid: {33bce98f-eae7-6326-4e38-290000000000}</Data>\n    <Data>LogonId: 0x29384E</Data>\n    <Data>Match_Strings: /factory,{75dff2b7-6936-4c06-a8bb-676a7b00b24b} in CommandLine</Data>\n    <Data>Opcode: 0</Data>\n    <Data>OriginalFileName: EXPLORER.EXE</Data>\n    <Data>ParentCommandLine: C:\\Windows\\system32\\svchost.exe -k DcomLaunch -p</Data>\n    <Data>ParentImage: C:\\Windows\\System32\\svchost.exe</Data>\n    <Data>ParentProcessGuid: {33bce98f-e9fc-6326-0d00-000000000600}</Data>\n    <Data>ParentProcessId: 828</Data>\n    <Data>ParentUser: NT AUTHORITY\\SYSTEM</Data>\n    <Data>ProcessGuid: {33bce98f-facc-6326-cc08-000000000600}</Data>\n    <Data>ProcessId: 6468</Data>\n    <Data>Provider_Guid: {5770385F-C22A-43E0-BF4C-06F5698FFBD9}</Data>\n    <Data>Provider_Name: Microsoft-Windows-Sysmon</Data>\n    <Data>RuleName: -</Data>\n    <Data>Security_UserID: S-1-5-18</Data>\n    <Data>Task: 1</Data>\n    <Data>TerminalSessionId: 2</Data>\n    <Data>TimeCreated_SystemTime: 2022-09-18T11:02:36.5973289Z</Data>\n    <Data>User: Agamemnon\\neo</Data>\n    <Data>UtcTime: 2022-09-18 11:02:36.601</Data>\n    <Data>Version: 5</Data>\n    <Data>Winversion: 20348</Data>\n    <Binary></Binary>\n  </EventData>\n</Event>\n",
  "json": "{\"Event\":{\"#attributes\":{\"xmlns\":\"http://schemas.microsoft.com/win/2004/08/events/event\"},\"System\":{\"Provider\":{\"#attributes\":{\"Name\":\"AuroraAgent\"}},\"EventID\":{\"#attributes\":{\"Qualifiers\":0},\"#text\":1},\"Version\":0,\"Level\":4,\"Task\":0,\"Opcode\":0,\"Keywords\":\"0x80000000000000\",\"TimeCreated\":{\"#attributes\":{\"SystemTime\":\"2022-09-18T11:02:36.675309Z\"}},\"EventRecordID\":718,\"Correlation\":null,\"Execution\":{\"#attributes\":{\"ProcessID\":0,\"ThreadID\":0}},\"Channel\":\"Application\",\"Computer\":\"Agamemnon\",\"Security\":null},\"EventData\":{\"Data\":{\"#text\":[\"Sigma rule match found: Explorer Process Tree Break (see Details tab for more information)\",\"Module: Sigma\",\"Rule_Title: Explorer Process Tree Break\",\"Rule_Author: Florian Roth, Nasreddine Bencherchali\",\"Rule_Description: Detects a command line process that uses explorer.exe to launch arbitrary commands or binaries, which is similar to cmd.exe /c, only it breaks the process tree and makes its parent a new instance of explorer spawning from \\\"svchost\\\"\",\"Rule_FalsePositives: Unknown how many legitimate software products use that method\",\"Rule_Id: 949f1ffb-6e85-4f00-ae1e-c3c5b190d605\",\"Rule_Level: medium\",\"Rule_Link: https://github.com/SigmaHQ/sigma/blob/0.22-120-geb87ed8f4/rules/windows/process_creation/proc_creation_win_susp_explorer_break_proctree.yml\",\"Rule_Modified: 2022/06/14\",\"Rule_Path: public\\\\windows\\\\process_creation\\\\proc_creation_win_susp_explorer_break_proctree.yml\",\"Rule_References: https://twitter.com/CyberRaiju/status/1273597319322058752, https://twitter.com/bohops/status/1276357235954909188?s=12, https://twitter.com/nas_bench/status/1535322450858233858, https://securityboulevard.com/2019/09/deobfuscating-ostap-trickbots-34000-line-javascript-downloader/\",\"Rule_Sigtype: public\",\"CommandLine: C:\\\\Windows\\\\explorer.exe /factory,{75dff2b7-6936-4c06-a8bb-676a7b00b24b} -Embedding\",\"Company: Microsoft Corporation\",\"Computer: Agamemnon\",\"Correlation_ActivityID: {00000000-0000-0000-0000-000000000000}\",\"CurrentDirectory: C:\\\\Windows\\\\system32\\\\\",\"Description: Windows Explorer\",\"EventID: 1\",\"Execution_ProcessID: 2996\",\"Execution_ThreadID: 4520\",\"FileVersion: 10.0.20348.740 (WinBuild.160101.0800)\",\"Hashes: SHA1=F05F5C6E0D36A0D62117F676014FAB534BFB3C36,MD5=B78C1196853BBC069D18018A6947DECA,SHA256=079935E23A762F2E078BAFA44C3BED10F1E565A16784039330F133DE82410802,IMPHASH=BECD30EE79098B21A5BA5E5CF0E18B83\",\"Image: C:\\\\Windows\\\\explorer.exe\",\"IntegrityLevel: High\",\"Keywords: 0x8000000000000000\",\"Level: 4\",\"LogonGuid: {33bce98f-eae7-6326-4e38-290000000000}\",\"LogonId: 0x29384E\",\"Match_Strings: /factory,{75dff2b7-6936-4c06-a8bb-676a7b00b24b} in CommandLine\",\"Opcode: 0\",\"OriginalFileName: EXPLORER.EXE\",\"ParentCommandLine: C:\\\\Windows\\\\system32\\\\svchost.exe -k DcomLaunch -p\",\"ParentImage: C:\\\\Windows\\\\System32\\\\svchost.exe\",\"ParentProcessGuid: {33bce98f-e9fc-6326-0d00-000000000600}\",\"ParentProcessId: 828\",\"ParentUser: NT AUTHORITY\\\\SYSTEM\",\"ProcessGuid: {33bce98f-facc-6326-cc08-000000000600}\",\"ProcessId: 6468\",\"Provider_Guid: {5770385F-C22A-43E0-BF4C-06F5698FFBD9}\",\"Provider_Name: Microsoft-Windows-Sysmon\",\"RuleName: -\",\"Security_UserID: S-1-5-18\",\"Task: 1\",\"TerminalSessionId: 2\",\"TimeCreated_SystemTime: 2022-09-18T11:02:36.5973289Z\",\"User: Agamemnon\\\\neo\",\"UtcTime: 2022-09-18 11:02:36.601\",\"Version: 5\",\"Winversion: 20348\"]},\"Binary\":null}}}",
  "xml_fields": {
    "provider": "AuroraAgent",
    "event_id": "1",
    "timestamp": "2022-09-18T11:02:36.675309Z",
    "event_record_id": "718",
    "level": "4",
    "task": "0",
    "opcode": "0",
    "keywords": "0x80000000000000",
    "channel": "Application",
    "computer": "Agamemnon",
    "_data_0": "Sigma rule match found: Explorer Process Tree Break (see Details tab for more information)",
    "_data_1": "Module: Sigma",
    "_data_2": "Rule_Title: Explorer Process Tree Break",
    "_data_3": "Rule_Author: Florian Roth, Nasreddine Bencherchali",
    "_data_4": "Rule_Description: Detects a command line process that uses explorer.exe to launch arbitrary commands or binaries, which is similar to cmd.exe /c, only it breaks the process tree and makes its parent a new instance of explorer spawning from \"svchost\"",
    "_data_5": "Rule_FalsePositives: Unknown how many legitimate software products use that method",
    "_data_6": "Rule_Id: 949f1ffb-6e85-4f00-ae1e-c3c5b190d605",
    "_data_7": "Rule_Level: medium",
    "_data_8": "Rule_Link: https://github.com/SigmaHQ/sigma/blob/0.22-120-geb87ed8f4/rules/windows/process_creation/proc_creation_win_susp_explorer_break_proctree.yml",
    "_data_9": "Rule_Modified: 2022/06/14",
    "_data_10": "Rule_Path: public\\windows\\process_creation\\proc_creation_win_susp_explorer_break_proctree.yml",
    "_data_11": "Rule_References: https://twitter.com/CyberRaiju/status/1273597319322058752, https://twitter.com/bohops/status/1276357235954909188?s=12, https://twitter.com/nas_bench/status/1535322450858233858, https://securityboulevard.com/2019/09/deobfuscating-ostap-trickbots-34000-line-javascript-downloader/",
    "_data_12": "Rule_Sigtype: public",
    "_data_13": "CommandLine: C:\\Windows\\explorer.exe /factory,{75dff2b7-6936-4c06-a8bb-676a7b00b24b} -Embedding",
    "_data_14": "Company: Microsoft Corporation",
    "_data_15": "Computer: Agamemnon",
    "_data_16": "Correlation_ActivityID: {00000000-0000-0000-0000-000000000000}",
    "_data_17": "CurrentDirectory: C:\\Windows\\system32\\",
    "_data_18": "Description: Windows Explorer",
    "_data_19": "EventID: 1",
    "_data_20": "Execution_ProcessID: 2996",
    "_data_21": "Execution_ThreadID: 4520",
    "_data_22": "FileVersion: 10.0.20348.740 (WinBuild.160101.0800)",
    "_data_23": "Hashes: SHA1=F05F5C6E0D36A0D62117F676014FAB534BFB3C36,MD5=B78C1196853BBC069D18018A6947DECA,SHA256=079935E23A762F2E078BAFA44C3BED10F1E565A16784039330F133DE82410802,IMPHASH=BECD30EE79098B21A5BA5E5CF0E18B83",
    "_data_24": "Image: C:\\Windows\\explorer.exe",
    "_data_25": "IntegrityLevel: High",
    "_data_26": "Keywords: 0x8000000000000000",
    "_data_27": "Level: 4",
    "_data_28": "LogonGuid: {33bce98f-eae7-6326-4e38-290000000000}",
    "_data_29": "LogonId: 0x29384E",
    "_data_30": "Match_Strings: /factory,{75dff2b7-6936-4c06-a8bb-676a7b00b24b} in CommandLine",
    "_data_31": "Opcode: 0",
    "_data_32": "OriginalFileName: EXPLORER.EXE",
    "_data_33": "ParentCommandLine: C:\\Windows\\system32\\svchost.exe -k DcomLaunch -p",
    "_data_34": "ParentImage: C:\\Windows\\System32\\svchost.exe",
    "_data_35": "ParentProcessGuid: {33bce98f-e9fc-6326-0d00-000000000600}",
    "_data_36": "ParentProcessId: 828",
    "_data_37": "ParentUser: NT AUTHORITY\\SYSTEM",
    "_data_38": "ProcessGuid: {33bce98f-facc-6326-cc08-000000000600}",
    "_data_39": "ProcessId: 6468",
    "_data_40": "Provider_Guid: {5770385F-C22A-43E0-BF4C-06F5698FFBD9}",
    "_data_41": "Provider_Name: Microsoft-Windows-Sysmon",
    "_data_42": "RuleName: -",
    "_data_43": "Security_UserID: S-1-5-18",
    "_data_44": "Task: 1",
    "_data_45": "TerminalSessionId: 2",
    "_data_46": "TimeCreated_SystemTime: 2022-09-18T11:02:36.5973289Z",
    "_data_47": "User: Agamemnon\\neo",
    "_data_48": "UtcTime: 2022-09-18 11:02:36.601",
    "_data_49": "Version: 5",
    "_data_50": "Winversion: 20348"
  },
  "json_fields": {
    "provider": "AuroraAgent",
    "channel": "Application",
    "event_id": "1",
    "timestamp": "2022-09-18T11:02:36.675309Z",
    "event_record_id": "718",
    "level": "4",
    "task": "0",
    "opcode": "0",
    "keywords": "0x80000000000000",
    "computer": "Agamemnon",
    "_data_0": "Sigma rule match found: Explorer Process Tree Break (see Details tab for more information)",
    "_data_1": "Module: Sigma",
    "_data_2": "Rule_Title: Explorer Process Tree Break",
    "_data_3": "Rule_Author: Florian Roth, Nasreddine Bencherchali",
    "_data_4": "Rule_Description: Detects a command line process that uses explorer.exe to launch arbitrary commands or binaries, which is similar to cmd.exe /c, only it breaks the process tree and makes its parent a new instance of explorer spawning from \"svchost\"",
    "_data_5": "Rule_FalsePositives: Unknown how many legitimate software products use that method",
    "_data_6": "Rule_Id: 949f1ffb-6e85-4f00-ae1e-c3c5b190d605",
    "_data_7": "Rule_Level: medium",
    "_data_8": "Rule_Link: https://github.com/SigmaHQ/sigma/blob/0.22-120-geb87ed8f4/rules/windows/process_creation/proc_creation_win_susp_explorer_break_proctree.yml",
    "_data_9": "Rule_Modified: 2022/06/14",
    "_data_10": "Rule_Path: public\\windows\\process_creation\\proc_creation_win_susp_explorer_break_proctree.yml",
    "_data_11": "Rule_References: https://twitter.com/CyberRaiju/status/1273597319322058752, https://twitter.com/bohops/status/1276357235954909188?s=12, https://twitter.com/nas_bench/status/1535322450858233858, https://securityboulevard.com/2019/09/deobfuscating-ostap-trickbots-34000-line-javascript-downloader/",
    "_data_12": "Rule_Sigtype: public",
    "_data_13": "CommandLine: C:\\Windows\\explorer.exe /factory,{75dff2b7-6936-4c06-a8bb-676a7b00b24b} -Embedding",
    "_data_14": "Company: Microsoft Corporation",
    "_data_15": "Computer: Agamemnon",
    "_data_16": "Correlation_ActivityID: {00000000-0000-0000-0000-000000000000}",
    "_data_17": "CurrentDirectory: C:\\Windows\\system32\\",
    "_data_18": "Description: Windows Explorer",
    "_data_19": "EventID: 1",
    "_data_20": "Execution_ProcessID: 2996",
    "_data_21": "Execution_ThreadID: 4520",
    "_data_22": "FileVersion: 10.0.20348.740 (WinBuild.160101.0800)",
    "_data_23": "Hashes: SHA1=F05F5C6E0D36A0D62117F676014FAB534BFB3C36,MD5=B78C1196853BBC069D18018A6947DECA,SHA256=079935E23A762F2E078BAFA44C3BED10F1E565A16784039330F133DE82410802,IMPHASH=BECD30EE79098B21A5BA5E5CF0E18B83",
    "_data_24": "Image: C:\\Windows\\explorer.exe",
    "_data_25": "IntegrityLevel: High",
    "_data_26": "Keywords: 0x8000000000000000",
    "_data_27": "Level: 4",
    "_data_28": "LogonGuid: {33bce98f-eae7-6326-4e38-290000000000}",
    "_data_29": "LogonId: 0x29384E",
    "_data_30": "Match_Strings: /factory,{75dff2b7-6936-4c06-a8bb-676a7b00b24b} in CommandLine",
    "_data_31": "Opcode: 0",
    "_data_32": "OriginalFileName: EXPLORER.EXE",
    "_data_33": "ParentCommandLine: C:\\Windows\\system32\\svchost.exe -k DcomLaunch -p",
    "_data_34": "ParentImage: C:\\Windows\\System32\\svchost.exe",
    "_data_35": "ParentProcessGuid: {33bce98f-e9fc-6326-0d00-000000000600}",
    "_data_36": "ParentProcessId: 828",
    "_data_37": "ParentUser: NT AUTHORITY\\SYSTEM",
    "_data_38": "ProcessGuid: {33bce98f-facc-6326-cc08-000000000600}",
    "_data_39": "ProcessId: 6468",
    "_data_40": "Provider_Guid: {5770385F-C22A-43E0-BF4C-06F5698FFBD9}",
    "_data_41": "Provider_Name: Microsoft-Windows-Sysmon",
    "_data_42": "RuleName: -",
    "_data_43": "Security_UserID: S-1-5-18",
    "_data_44": "Task: 1",
    "_data_45": "TerminalSessionId: 2",
    "_data_46": "TimeCreated_SystemTime: 2022-09-18T11:02:36.5973289Z",
    "_data_47": "User: Agamemnon\\neo",
    "_data_48": "UtcTime: 2022-09-18 11:02:36.601",
    "_data_49": "Version: 5",
    "_data_50": "Winversion: 20348"
  }
}