{
  "event_id": "1",
  "provider": "Microsoft-Windows-RPC",
  "channel": "None",
  "source_file": "D:\\visual code file\\Project_4\\Event-Analyzer\\test\\Malicious\\EVTX-ATTACK-SAMPLES\\Credential Access\\CA_PetiPotam_etw_rpc_efsr_5_6.evtx",
  "event_record_id": 1652,
  "xml": "<?xml version=\"1.0\" encoding=\"utf-8\"?>\n<Event xmlns=\"http://schemas.microsoft.com/win/2004/08/events/event\">\n  <System>\n    <Provider Name=\"Microsoft-Windows-RPC\" Guid=\"{6ad52b32-d609-4be9-ae07-ce8dae937e39}\">\n    </Provider>\n    <EventID>1</EventID>\n    <Version>1</Version>\n    <Level>2</Level>\n    <Task>1</Task>\n    <Opcode>2</Opcode>\n    <Keywords>0x8000000000000000</Keywords>\n    <TimeCreated SystemTime=\"2021-08-17T12:26:51.409973Z\">\n    </TimeCreated>\n    <EventRecordID>23542</EventRecordID>\n    <Correlation ActivityID=\"079B8F3E-9A9A-460B-B940-12D7F79D4017\">\n    </Correlation>\n    <Execution ProcessID=\"8212\" ThreadID=\"23588\">\n    </Execution>\n    <Channel>\n    </Channel>\n    <Computer>LAPTOP-JU4M3I0E</Computer>\n    <Security>\n    </Security>\n  </System>\n  <EventData>\n    <Data Name=\"ImageName\">Explorer.EXE</Data>\n    <Data Name=\"ComputerName\"></Data>\n    <Data Name=\"ProcessID\">8212</Data>\n    <Data Name=\"TimeStamp\">2021-08-17T12:26:51.409000Z</Data>\n    <Data Name=\"GeneratingComponent\">2</Data>\n    <Data Name=\"Status\">0x6ba</Data>\n    <Data Name=\"DetectionLocation\">1050</Data>\n    <Data Name=\"Flags\">0</Data>\n    <Data Name=\"NumberOfParameters\">2</Data>\n    <ComplexData Name=\"Params\">0300000000000004000000000000000000000003000000000000040000000000000000000000</ComplexData>\n  </EventData>\n</Event>\n",
  "json": "{\"Event\":{\"#attributes\":{\"xmlns\":\"http://schemas.microsoft.com/win/2004/08/events/event\"},\"System\":{\"Provider\":{\"#attributes\":{\"Name\":\"Microsoft-Windows-RPC\",\"Guid\":\"{6ad52b32-d609-4be9-ae07-ce8dae937e39}\"}},\"EventID\":1,\"Version\":1,\"Level\":2,\"Task\":1,\"Opcode\":2,\"Keywords\":\"0x8000000000000000\",\"TimeCreated\":{\"#attributes\":{\"SystemTime\":\"2021-08-17T12:26:51.409973Z\"}},\"EventRecordID\":23542,\"Correlation\":{\"#attributes\":{\"ActivityID\":\"079B8F3E-9A9A-460B-B940-12D7F79D4017\"}},\"Execution\":{\"#attributes\":{\"ProcessID\":8212,\"ThreadID\":23588}},\"Channel\":null,\"Computer\":\"LAPTOP-JU4M3I0E\",\"Security\":null},\"EventData\":{\"ImageName\":\"Explorer.EXE\",\"ComputerName\":\"\",\"ProcessID\":8212,\"TimeStamp\":\"2021-08-17T12:26:51.409000Z\",\"GeneratingComponent\":2,\"Status\":\"0x6ba\",\"DetectionLocation\":1050,\"Flags\":0,\"NumberOfParameters\":2,\"ComplexData\":{\"#attributes\":{\"Name\":\"Params\"},\"#text\":\"0300000000000004000000000000000000000003000000000000040000000000000000000000\"}}}}",
  "xml_fields": {
    "provider": "Microsoft-Windows-RPC",
    "event_id": "1",
    "timestamp": "2021-08-17T12:26:51.409973Z",
    "event_record_id": "23542",
    "level": "2",
    "task": "1",
    "opcode": "2",
    "keywords": "0x8000000000000000",
    "channel": "\n    ",
    "computer": "LAPTOP-JU4M3I0E",
    "ImageName": "Explorer.EXE",
    "ComputerName": "",
    "ProcessID": "8212",
    "TimeStamp": "2021-08-17T12:26:51.409000Z",
    "GeneratingComponent": "2",
    "Status": "0x6ba",
    "DetectionLocation": "1050",
    "Flags": "0",
    "NumberOfParameters": "2",
    "ComplexData": "0300000000000004000000000000000000000003000000000000040000000000000000000000"
  },
  "json_fields": {
    "provider": "Microsoft-Windows-RPC",
    "event_id": "1",
    "timestamp": "2021-08-17T12:26:51.409973Z",
    "event_record_id": "23542",
    "level": "2",
    "task": "1",
    "opcode": "2",
    "keywords": "0x8000000000000000",
    "computer": "LAPTOP-JU4M3I0E",
    "ImageName": "Explorer.EXE",
    "ComputerName": "",
    "ProcessID": "8212",
    "TimeStamp": "2021-08-17T12:26:51.409000Z",
    "GeneratingComponent": "2",
    "Status": "0x6ba",
    "DetectionLocation": "1050",
    "Flags": "0",
    "NumberOfParameters": "2",
    "ComplexData": "0300000000000004000000000000000000000003000000000000040000000000000000000000"
  }
}