{
  "event_id": "1",
  "provider": "Microsoft-Windows-DataIntegrityScan",
  "channel": "Microsoft-Windows-DataIntegrityScan/Admin",
  "source_file": "D:\\visual code file\\Project_4\\Event-Analyzer\\test\\Benign\\win2022-0-20348-azure\\Microsoft-Windows-DataIntegrityScan%4Admin.evtx",
  "event_record_id": 1,
  "xml": "<?xml version=\"1.0\" encoding=\"utf-8\"?>\n<Event xmlns=\"http://schemas.microsoft.com/win/2004/08/events/event\">\n  <System>\n    <Provider Name=\"Microsoft-Windows-DataIntegrityScan\" Guid=\"13BC4371-4E21-4E46-A84F-8C0FFB548CED\">\n    </Provider>\n    <EventID>1</EventID>\n    <Version>0</Version>\n    <Level>4</Level>\n    <Task>0</Task>\n    <Opcode>1</Opcode>\n    <Keywords>0x8000000000000000</Keywords>\n    <TimeCreated SystemTime=\"2022-09-18T09:15:59.164602Z\">\n    </TimeCreated>\n    <EventRecordID>1</EventRecordID>\n    <Correlation>\n    </Correlation>\n    <Execution ProcessID=\"2792\" ThreadID=\"2408\">\n    </Execution>\n    <Channel>Microsoft-Windows-DataIntegrityScan/Admin</Channel>\n    <Computer>Agamemnon</Computer>\n    <Security UserID=\"S-1-5-18\">\n    </Security>\n  </System>\n  <EventData>\n  </EventData>\n</Event>\n",
  "json": "{\"Event\":{\"#attributes\":{\"xmlns\":\"http://schemas.microsoft.com/win/2004/08/events/event\"},\"System\":{\"Provider\":{\"#attributes\":{\"Name\":\"Microsoft-Windows-DataIntegrityScan\",\"Guid\":\"13BC4371-4E21-4E46-A84F-8C0FFB548CED\"}},\"EventID\":1,\"Version\":0,\"Level\":4,\"Task\":0,\"Opcode\":1,\"Keywords\":\"0x8000000000000000\",\"TimeCreated\":{\"#attributes\":{\"SystemTime\":\"2022-09-18T09:15:59.164602Z\"}},\"EventRecordID\":1,\"Correlation\":null,\"Execution\":{\"#attributes\":{\"ProcessID\":2792,\"ThreadID\":2408}},\"Channel\":\"Microsoft-Windows-DataIntegrityScan/Admin\",\"Computer\":\"Agamemnon\",\"Security\":{\"#attributes\":{\"UserID\":\"S-1-5-18\"}}},\"EventData\":null}}",
  "xml_fields": {
    "provider": "Microsoft-Windows-DataIntegrityScan",
    "event_id": "1",
    "timestamp": "2022-09-18T09:15:59.164602Z",
    "event_record_id": "1",
    "level": "4",
    "task": "0",
    "opcode": "1",
    "keywords": "0x8000000000000000",
    "channel": "Microsoft-Windows-DataIntegrityScan/Admin",
    "computer": "Agamemnon"
  },
  "json_fields": {
    "provider": "Microsoft-Windows-DataIntegrityScan",
    "channel": "Microsoft-Windows-DataIntegrityScan/Admin",
    "event_id": "1",
    "timestamp": "2022-09-18T09:15:59.164602Z",
    "event_record_id": "1",
    "level": "4",
    "task": "0",
    "opcode": "1",
    "keywords": "0x8000000000000000",
    "computer": "Agamemnon"
  }
}