{
  "event_id": "1",
  "provider": "Microsoft-Windows-TZSync",
  "channel": "Microsoft-Windows-TZSync/Operational",
  "source_file": "D:\\visual code file\\Project_4\\Event-Analyzer\\test\\Benign\\win2022-evtx\\Microsoft-Windows-TZSync%4Operational.evtx",
  "event_record_id": 1,
  "xml": "<?xml version=\"1.0\" encoding=\"utf-8\"?>\n<Event xmlns=\"http://schemas.microsoft.com/win/2004/08/events/event\">\n  <System>\n    <Provider Name=\"Microsoft-Windows-TZSync\" Guid=\"3527CB55-1298-49D4-AB94-1243DB0FCAFF\">\n    </Provider>\n    <EventID>1</EventID>\n    <Version>0</Version>\n    <Level>4</Level>\n    <Task>0</Task>\n    <Opcode>1</Opcode>\n    <Keywords>0x4000000000000000</Keywords>\n    <TimeCreated SystemTime=\"2022-03-04T12:02:46.263550Z\">\n    </TimeCreated>\n    <EventRecordID>1</EventRecordID>\n    <Correlation>\n    </Correlation>\n    <Execution ProcessID=\"3048\" ThreadID=\"1588\">\n    </Execution>\n    <Channel>Microsoft-Windows-TZSync/Operational</Channel>\n    <Computer>WIN-TKC15D7KHUR</Computer>\n    <Security UserID=\"S-1-5-18\">\n    </Security>\n  </System>\n  <EventData>\n  </EventData>\n</Event>\n",
  "json": "{\"Event\":{\"#attributes\":{\"xmlns\":\"http://schemas.microsoft.com/win/2004/08/events/event\"},\"System\":{\"Provider\":{\"#attributes\":{\"Name\":\"Microsoft-Windows-TZSync\",\"Guid\":\"3527CB55-1298-49D4-AB94-1243DB0FCAFF\"}},\"EventID\":1,\"Version\":0,\"Level\":4,\"Task\":0,\"Opcode\":1,\"Keywords\":\"0x4000000000000000\",\"TimeCreated\":{\"#attributes\":{\"SystemTime\":\"2022-03-04T12:02:46.263550Z\"}},\"EventRecordID\":1,\"Correlation\":null,\"Execution\":{\"#attributes\":{\"ProcessID\":3048,\"ThreadID\":1588}},\"Channel\":\"Microsoft-Windows-TZSync/Operational\",\"Computer\":\"WIN-TKC15D7KHUR\",\"Security\":{\"#attributes\":{\"UserID\":\"S-1-5-18\"}}},\"EventData\":null}}",
  "xml_fields": {
    "provider": "Microsoft-Windows-TZSync",
    "event_id": "1",
    "timestamp": "2022-03-04T12:02:46.263550Z",
    "event_record_id": "1",
    "level": "4",
    "task": "0",
    "opcode": "1",
    "keywords": "0x4000000000000000",
    "channel": "Microsoft-Windows-TZSync/Operational",
    "computer": "WIN-TKC15D7KHUR"
  },
  "json_fields": {
    "provider": "Microsoft-Windows-TZSync",
    "channel": "Microsoft-Windows-TZSync/Operational",
    "event_id": "1",
    "timestamp": "2022-03-04T12:02:46.263550Z",
    "event_record_id": "1",
    "level": "4",
    "task": "0",
    "opcode": "1",
    "keywords": "0x4000000000000000",
    "computer": "WIN-TKC15D7KHUR"
  }
}