{
  "event_id": "1",
  "provider": "Microsoft-Windows-Security-LessPrivilegedAppContainer",
  "channel": "Microsoft-Windows-Security-LessPrivilegedAppContainer/Operational",
  "source_file": "D:\\visual code file\\Project_4\\Event-Analyzer\\test\\Benign\\Logs_Win11\\Microsoft-Windows-Security-LessPrivilegedAppContainer%4Operational.evtx",
  "event_record_id": 1,
  "xml": "<?xml version=\"1.0\" encoding=\"utf-8\"?>\n<Event xmlns=\"http://schemas.microsoft.com/win/2004/08/events/event\">\n  <System>\n    <Provider Name=\"Microsoft-Windows-Security-LessPrivilegedAppContainer\" Guid=\"45EEC9E5-4A1B-5446-7AD8-A4AB1313C437\">\n    </Provider>\n    <EventID>1</EventID>\n    <Version>0</Version>\n    <Level>2</Level>\n    <Task>1</Task>\n    <Opcode>0</Opcode>\n    <Keywords>0x8000000000000000</Keywords>\n    <TimeCreated SystemTime=\"2022-03-01T18:53:53.830677Z\">\n    </TimeCreated>\n    <EventRecordID>1</EventRecordID>\n    <Correlation>\n    </Correlation>\n    <Execution ProcessID=\"476\" ThreadID=\"1476\">\n    </Execution>\n    <Channel>Microsoft-Windows-Security-LessPrivilegedAppContainer/Operational</Channel>\n    <Computer>DESKTOP-6D0DBMB</Computer>\n    <Security UserID=\"S-1-5-18\">\n    </Security>\n  </System>\n  <EventData>\n    <Data Name=\"FailureTime\">2022-03-01T18:53:53.830671Z</Data>\n    <Data Name=\"StackHash\">0xda0a1afc</Data>\n  </EventData>\n</Event>\n",
  "json": "{\"Event\":{\"#attributes\":{\"xmlns\":\"http://schemas.microsoft.com/win/2004/08/events/event\"},\"System\":{\"Provider\":{\"#attributes\":{\"Name\":\"Microsoft-Windows-Security-LessPrivilegedAppContainer\",\"Guid\":\"45EEC9E5-4A1B-5446-7AD8-A4AB1313C437\"}},\"EventID\":1,\"Version\":0,\"Level\":2,\"Task\":1,\"Opcode\":0,\"Keywords\":\"0x8000000000000000\",\"TimeCreated\":{\"#attributes\":{\"SystemTime\":\"2022-03-01T18:53:53.830677Z\"}},\"EventRecordID\":1,\"Correlation\":null,\"Execution\":{\"#attributes\":{\"ProcessID\":476,\"ThreadID\":1476}},\"Channel\":\"Microsoft-Windows-Security-LessPrivilegedAppContainer/Operational\",\"Computer\":\"DESKTOP-6D0DBMB\",\"Security\":{\"#attributes\":{\"UserID\":\"S-1-5-18\"}}},\"EventData\":{\"FailureTime\":\"2022-03-01T18:53:53.830671Z\",\"StackHash\":\"0xda0a1afc\"}}}",
  "xml_fields": {
    "provider": "Microsoft-Windows-Security-LessPrivilegedAppContainer",
    "event_id": "1",
    "timestamp": "2022-03-01T18:53:53.830677Z",
    "event_record_id": "1",
    "level": "2",
    "task": "1",
    "opcode": "0",
    "keywords": "0x8000000000000000",
    "channel": "Microsoft-Windows-Security-LessPrivilegedAppContainer/Operational",
    "computer": "DESKTOP-6D0DBMB",
    "FailureTime": "2022-03-01T18:53:53.830671Z",
    "StackHash": "0xda0a1afc"
  },
  "json_fields": {
    "provider": "Microsoft-Windows-Security-LessPrivilegedAppContainer",
    "channel": "Microsoft-Windows-Security-LessPrivilegedAppContainer/Operational",
    "event_id": "1",
    "timestamp": "2022-03-01T18:53:53.830677Z",
    "event_record_id": "1",
    "level": "2",
    "task": "1",
    "opcode": "0",
    "keywords": "0x8000000000000000",
    "computer": "DESKTOP-6D0DBMB",
    "FailureTime": "2022-03-01T18:53:53.830671Z",
    "StackHash": "0xda0a1afc"
  }
}