{
  "event_id": "1",
  "provider": "Microsoft-Windows-Kernel-EventTracing",
  "channel": "Microsoft-Windows-Kernel-EventTracing/Admin",
  "source_file": "D:\\visual code file\\Project_4\\Event-Analyzer\\test\\Benign\\Logs_Win11_2023\\Microsoft-Windows-Kernel-EventTracing%4Admin.evtx",
  "event_record_id": 6,
  "xml": "<?xml version=\"1.0\" encoding=\"utf-8\"?>\n<Event xmlns=\"http://schemas.microsoft.com/win/2004/08/events/event\">\n  <System>\n    <Provider Name=\"Microsoft-Windows-Kernel-EventTracing\" Guid=\"B675EC37-BDB6-4648-BC92-F3FDC74D3CA2\">\n    </Provider>\n    <EventID>1</EventID>\n    <Version>0</Version>\n    <Level>3</Level>\n    <Task>1</Task>\n    <Opcode>10</Opcode>\n    <Keywords>0x8000000000000010</Keywords>\n    <TimeCreated SystemTime=\"2023-11-05T23:08:22.509422Z\">\n    </TimeCreated>\n    <EventRecordID>6</EventRecordID>\n    <Correlation>\n    </Correlation>\n    <Execution ProcessID=\"4\" ThreadID=\"9564\">\n    </Execution>\n    <Channel>Microsoft-Windows-Kernel-EventTracing/Admin</Channel>\n    <Computer>WinDev2310Eval</Computer>\n    <Security UserID=\"S-1-5-18\">\n    </Security>\n  </System>\n  <EventData>\n    <Data Name=\"SessionName\">PCA file tracing session</Data>\n    <Data Name=\"ErrorCode\">3221225864</Data>\n    <Data Name=\"LoggingMode\">8388864</Data>\n  </EventData>\n</Event>\n",
  "json": "{\"Event\":{\"#attributes\":{\"xmlns\":\"http://schemas.microsoft.com/win/2004/08/events/event\"},\"System\":{\"Provider\":{\"#attributes\":{\"Name\":\"Microsoft-Windows-Kernel-EventTracing\",\"Guid\":\"B675EC37-BDB6-4648-BC92-F3FDC74D3CA2\"}},\"EventID\":1,\"Version\":0,\"Level\":3,\"Task\":1,\"Opcode\":10,\"Keywords\":\"0x8000000000000010\",\"TimeCreated\":{\"#attributes\":{\"SystemTime\":\"2023-11-05T23:08:22.509422Z\"}},\"EventRecordID\":6,\"Correlation\":null,\"Execution\":{\"#attributes\":{\"ProcessID\":4,\"ThreadID\":9564}},\"Channel\":\"Microsoft-Windows-Kernel-EventTracing/Admin\",\"Computer\":\"WinDev2310Eval\",\"Security\":{\"#attributes\":{\"UserID\":\"S-1-5-18\"}}},\"EventData\":{\"SessionName\":\"PCA file tracing session\",\"ErrorCode\":3221225864,\"LoggingMode\":8388864}}}",
  "xml_fields": {
    "provider": "Microsoft-Windows-Kernel-EventTracing",
    "event_id": "1",
    "timestamp": "2023-11-05T23:08:22.509422Z",
    "event_record_id": "6",
    "level": "3",
    "task": "1",
    "opcode": "10",
    "keywords": "0x8000000000000010",
    "channel": "Microsoft-Windows-Kernel-EventTracing/Admin",
    "computer": "WinDev2310Eval",
    "SessionName": "PCA file tracing session",
    "ErrorCode": "3221225864",
    "LoggingMode": "8388864"
  },
  "json_fields": {
    "provider": "Microsoft-Windows-Kernel-EventTracing",
    "channel": "Microsoft-Windows-Kernel-EventTracing/Admin",
    "event_id": "1",
    "timestamp": "2023-11-05T23:08:22.509422Z",
    "event_record_id": "6",
    "level": "3",
    "task": "1",
    "opcode": "10",
    "keywords": "0x8000000000000010",
    "computer": "WinDev2310Eval",
    "SessionName": "PCA file tracing session",
    "ErrorCode": "3221225864",
    "LoggingMode": "8388864"
  }
}