{
  "event_id": "1",
  "provider": "Microsoft-Windows-OfflineFiles",
  "channel": "Microsoft-Windows-OfflineFiles/Operational",
  "source_file": "D:\\visual code file\\Project_4\\Event-Analyzer\\test\\Benign\\win7-x86\\Microsoft-Windows-OfflineFiles%4Operational.evtx",
  "event_record_id": 1,
  "xml": "<?xml version=\"1.0\" encoding=\"utf-8\"?>\n<Event xmlns=\"http://schemas.microsoft.com/win/2004/08/events/event\">\n  <System>\n    <Provider Name=\"Microsoft-Windows-OfflineFiles\" Guid=\"95353826-4FBE-41D4-9C42-F521C6E86360\">\n    </Provider>\n    <EventID>1</EventID>\n    <Version>0</Version>\n    <Level>4</Level>\n    <Task>0</Task>\n    <Opcode>0</Opcode>\n    <Keywords>0x4000000000000010</Keywords>\n    <TimeCreated SystemTime=\"2022-04-04T19:07:05.203125Z\">\n    </TimeCreated>\n    <EventRecordID>1</EventRecordID>\n    <Correlation>\n    </Correlation>\n    <Execution ProcessID=\"880\" ThreadID=\"972\">\n    </Execution>\n    <Channel>Microsoft-Windows-OfflineFiles/Operational</Channel>\n    <Computer>37L4247D28-05</Computer>\n    <Security UserID=\"S-1-5-18\">\n    </Security>\n  </System>\n  <EventData>\n  </EventData>\n</Event>\n",
  "json": "{\"Event\":{\"#attributes\":{\"xmlns\":\"http://schemas.microsoft.com/win/2004/08/events/event\"},\"System\":{\"Provider\":{\"#attributes\":{\"Name\":\"Microsoft-Windows-OfflineFiles\",\"Guid\":\"95353826-4FBE-41D4-9C42-F521C6E86360\"}},\"EventID\":1,\"Version\":0,\"Level\":4,\"Task\":0,\"Opcode\":0,\"Keywords\":\"0x4000000000000010\",\"TimeCreated\":{\"#attributes\":{\"SystemTime\":\"2022-04-04T19:07:05.203125Z\"}},\"EventRecordID\":1,\"Correlation\":null,\"Execution\":{\"#attributes\":{\"ProcessID\":880,\"ThreadID\":972}},\"Channel\":\"Microsoft-Windows-OfflineFiles/Operational\",\"Computer\":\"37L4247D28-05\",\"Security\":{\"#attributes\":{\"UserID\":\"S-1-5-18\"}}},\"EventData\":null}}",
  "xml_fields": {
    "provider": "Microsoft-Windows-OfflineFiles",
    "event_id": "1",
    "timestamp": "2022-04-04T19:07:05.203125Z",
    "event_record_id": "1",
    "level": "4",
    "task": "0",
    "opcode": "0",
    "keywords": "0x4000000000000010",
    "channel": "Microsoft-Windows-OfflineFiles/Operational",
    "computer": "37L4247D28-05"
  },
  "json_fields": {
    "provider": "Microsoft-Windows-OfflineFiles",
    "channel": "Microsoft-Windows-OfflineFiles/Operational",
    "event_id": "1",
    "timestamp": "2022-04-04T19:07:05.203125Z",
    "event_record_id": "1",
    "level": "4",
    "task": "0",
    "opcode": "0",
    "keywords": "0x4000000000000010",
    "computer": "37L4247D28-05"
  }
}