{
  "event_id": "1",
  "provider": "Microsoft-Windows-UniversalTelemetryClient",
  "channel": "Microsoft-Windows-UniversalTelemetryClient/Operational",
  "source_file": "D:\\visual code file\\Project_4\\Event-Analyzer\\test\\Logs\\Microsoft-Windows-UniversalTelemetryClient%4Operational.evtx",
  "event_record_id": 5,
  "xml": "<?xml version=\"1.0\" encoding=\"utf-8\"?>\n<Event xmlns=\"http://schemas.microsoft.com/win/2004/08/events/event\">\n  <System>\n    <Provider Name=\"Microsoft-Windows-UniversalTelemetryClient\" Guid=\"6489B27F-7C43-5886-1D00-0A61BB2A375B\">\n    </Provider>\n    <EventID>1</EventID>\n    <Version>0</Version>\n    <Level>4</Level>\n    <Task>1</Task>\n    <Opcode>0</Opcode>\n    <Keywords>0x8000000000010000</Keywords>\n    <TimeCreated SystemTime=\"2024-11-05T01:33:21.922633Z\">\n    </TimeCreated>\n    <EventRecordID>5</EventRecordID>\n    <Correlation>\n    </Correlation>\n    <Execution ProcessID=\"2552\" ThreadID=\"2852\">\n    </Execution>\n    <Channel>Microsoft-Windows-UniversalTelemetryClient/Operational</Channel>\n    <Computer>WIN-5LCFHVCO531</Computer>\n    <Security UserID=\"S-1-5-18\">\n    </Security>\n  </System>\n  <EventData>\n    <Data Name=\"Environment\">ServiceHost</Data>\n    <Data Name=\"IKey\">P-ARIA-af397ef28e484961ba48646a5d38cf54-77418283-d6f6-4a90-b0c8-37e0f5e7b087-7425</Data>\n    <Data Name=\"DiskSizeInBytes\">8388608</Data>\n    <Data Name=\"DailyUploadQuotaInBytes\">0</Data>\n    <Data Name=\"HRESULT\">0</Data>\n  </EventData>\n</Event>\n",
  "json": "{\"Event\":{\"#attributes\":{\"xmlns\":\"http://schemas.microsoft.com/win/2004/08/events/event\"},\"System\":{\"Provider\":{\"#attributes\":{\"Name\":\"Microsoft-Windows-UniversalTelemetryClient\",\"Guid\":\"6489B27F-7C43-5886-1D00-0A61BB2A375B\"}},\"EventID\":1,\"Version\":0,\"Level\":4,\"Task\":1,\"Opcode\":0,\"Keywords\":\"0x8000000000010000\",\"TimeCreated\":{\"#attributes\":{\"SystemTime\":\"2024-11-05T01:33:21.922633Z\"}},\"EventRecordID\":5,\"Correlation\":null,\"Execution\":{\"#attributes\":{\"ProcessID\":2552,\"ThreadID\":2852}},\"Channel\":\"Microsoft-Windows-UniversalTelemetryClient/Operational\",\"Computer\":\"WIN-5LCFHVCO531\",\"Security\":{\"#attributes\":{\"UserID\":\"S-1-5-18\"}}},\"EventData\":{\"Environment\":\"ServiceHost\",\"IKey\":\"P-ARIA-af397ef28e484961ba48646a5d38cf54-77418283-d6f6-4a90-b0c8-37e0f5e7b087-7425\",\"DiskSizeInBytes\":8388608,\"DailyUploadQuotaInBytes\":0,\"HRESULT\":0}}}",
  "xml_fields": {
    "provider": "Microsoft-Windows-UniversalTelemetryClient",
    "event_id": "1",
    "timestamp": "2024-11-05T01:33:21.922633Z",
    "event_record_id": "5",
    "level": "4",
    "task": "1",
    "opcode": "0",
    "keywords": "0x8000000000010000",
    "channel": "Microsoft-Windows-UniversalTelemetryClient/Operational",
    "computer": "WIN-5LCFHVCO531",
    "Environment": "ServiceHost",
    "IKey": "P-ARIA-af397ef28e484961ba48646a5d38cf54-77418283-d6f6-4a90-b0c8-37e0f5e7b087-7425",
    "DiskSizeInBytes": "8388608",
    "DailyUploadQuotaInBytes": "0",
    "HRESULT": "0"
  },
  "json_fields": {
    "provider": "Microsoft-Windows-UniversalTelemetryClient",
    "channel": "Microsoft-Windows-UniversalTelemetryClient/Operational",
    "event_id": "1",
    "timestamp": "2024-11-05T01:33:21.922633Z",
    "event_record_id": "5",
    "level": "4",
    "task": "1",
    "opcode": "0",
    "keywords": "0x8000000000010000",
    "computer": "WIN-5LCFHVCO531",
    "Environment": "ServiceHost",
    "IKey": "P-ARIA-af397ef28e484961ba48646a5d38cf54-77418283-d6f6-4a90-b0c8-37e0f5e7b087-7425",
    "DiskSizeInBytes": "8388608",
    "DailyUploadQuotaInBytes": "0",
    "HRESULT": "0"
  }
}