{
  "event_id": "1",
  "provider": "Microsoft-Windows-Crypto-NCrypt",
  "channel": "Microsoft-Windows-Crypto-NCrypt/Operational",
  "source_file": "D:\\visual code file\\Project_4\\Event-Analyzer\\test\\Benign\\Logs_Win11\\Microsoft-Windows-Crypto-NCrypt%4Operational.evtx",
  "event_record_id": 2,
  "xml": "<?xml version=\"1.0\" encoding=\"utf-8\"?>\n<Event xmlns=\"http://schemas.microsoft.com/win/2004/08/events/event\">\n  <System>\n    <Provider Name=\"Microsoft-Windows-Crypto-NCrypt\" Guid=\"E8ED09DC-100C-45E2-9FC8-B53399EC1F70\">\n    </Provider>\n    <EventID>1</EventID>\n    <Version>0</Version>\n    <Level>2</Level>\n    <Task>1</Task>\n    <Opcode>0</Opcode>\n    <Keywords>0x8000000000000001</Keywords>\n    <TimeCreated SystemTime=\"2022-03-01T16:43:49.457585Z\">\n    </TimeCreated>\n    <EventRecordID>2</EventRecordID>\n    <Correlation ActivityID=\"7F58167F-2D8B-0001-9D16-587F8B2DD801\">\n    </Correlation>\n    <Execution ProcessID=\"820\" ThreadID=\"948\">\n    </Execution>\n    <Channel>Microsoft-Windows-Crypto-NCrypt/Operational</Channel>\n    <Computer>DESKTOP-6D0DBMB</Computer>\n    <Security UserID=\"S-1-5-18\">\n    </Security>\n  </System>\n  <EventData>\n    <Data Name=\"OperationType\">16</Data>\n    <Data Name=\"ProviderName\">Microsoft Platform Crypto Provider</Data>\n    <Data Name=\"KeyName\">AIK-a3f7734a-3a1e-959d-bb04-269dd5d2e506</Data>\n    <Data Name=\"KeyType\"></Data>\n    <Data Name=\"AlgorithmName\"></Data>\n    <Data Name=\"Status\">0x80090011</Data>\n    <Data Name=\"ProcessName\">lsass.exe</Data>\n  </EventData>\n</Event>\n",
  "json": "{\"Event\":{\"#attributes\":{\"xmlns\":\"http://schemas.microsoft.com/win/2004/08/events/event\"},\"System\":{\"Provider\":{\"#attributes\":{\"Name\":\"Microsoft-Windows-Crypto-NCrypt\",\"Guid\":\"E8ED09DC-100C-45E2-9FC8-B53399EC1F70\"}},\"EventID\":1,\"Version\":0,\"Level\":2,\"Task\":1,\"Opcode\":0,\"Keywords\":\"0x8000000000000001\",\"TimeCreated\":{\"#attributes\":{\"SystemTime\":\"2022-03-01T16:43:49.457585Z\"}},\"EventRecordID\":2,\"Correlation\":{\"#attributes\":{\"ActivityID\":\"7F58167F-2D8B-0001-9D16-587F8B2DD801\"}},\"Execution\":{\"#attributes\":{\"ProcessID\":820,\"ThreadID\":948}},\"Channel\":\"Microsoft-Windows-Crypto-NCrypt/Operational\",\"Computer\":\"DESKTOP-6D0DBMB\",\"Security\":{\"#attributes\":{\"UserID\":\"S-1-5-18\"}}},\"EventData\":{\"OperationType\":16,\"ProviderName\":\"Microsoft Platform Crypto Provider\",\"KeyName\":\"AIK-a3f7734a-3a1e-959d-bb04-269dd5d2e506\",\"KeyType\":\"\",\"AlgorithmName\":\"\",\"Status\":\"0x80090011\",\"ProcessName\":\"lsass.exe\"}}}",
  "xml_fields": {
    "provider": "Microsoft-Windows-Crypto-NCrypt",
    "event_id": "1",
    "timestamp": "2022-03-01T16:43:49.457585Z",
    "event_record_id": "2",
    "level": "2",
    "task": "1",
    "opcode": "0",
    "keywords": "0x8000000000000001",
    "channel": "Microsoft-Windows-Crypto-NCrypt/Operational",
    "computer": "DESKTOP-6D0DBMB",
    "OperationType": "16",
    "ProviderName": "Microsoft Platform Crypto Provider",
    "KeyName": "AIK-a3f7734a-3a1e-959d-bb04-269dd5d2e506",
    "KeyType": "",
    "AlgorithmName": "",
    "Status": "0x80090011",
    "ProcessName": "lsass.exe"
  },
  "json_fields": {
    "provider": "Microsoft-Windows-Crypto-NCrypt",
    "channel": "Microsoft-Windows-Crypto-NCrypt/Operational",
    "event_id": "1",
    "timestamp": "2022-03-01T16:43:49.457585Z",
    "event_record_id": "2",
    "level": "2",
    "task": "1",
    "opcode": "0",
    "keywords": "0x8000000000000001",
    "computer": "DESKTOP-6D0DBMB",
    "OperationType": "16",
    "ProviderName": "Microsoft Platform Crypto Provider",
    "KeyName": "AIK-a3f7734a-3a1e-959d-bb04-269dd5d2e506",
    "KeyType": "",
    "AlgorithmName": "",
    "Status": "0x80090011",
    "ProcessName": "lsass.exe"
  }
}