{
  "event_id": "1",
  "provider": "Microsoft-Windows-Servicing",
  "channel": "Setup",
  "source_file": "D:\\visual code file\\Project_4\\Event-Analyzer\\test\\Logs\\Setup.evtx",
  "event_record_id": 1,
  "xml": "<?xml version=\"1.0\" encoding=\"utf-8\"?>\n<Event xmlns=\"http://schemas.microsoft.com/win/2004/08/events/event\">\n  <System>\n    <Provider Name=\"Microsoft-Windows-Servicing\" Guid=\"BD12F3B8-FC40-4A61-A307-B7A013A069C1\">\n    </Provider>\n    <EventID>1</EventID>\n    <Version>0</Version>\n    <Level>0</Level>\n    <Task>1</Task>\n    <Opcode>0</Opcode>\n    <Keywords>0x8000000000000000</Keywords>\n    <TimeCreated SystemTime=\"2024-11-04T12:39:07.470891Z\">\n    </TimeCreated>\n    <EventRecordID>1</EventRecordID>\n    <Correlation>\n    </Correlation>\n    <Execution ProcessID=\"6464\" ThreadID=\"5356\">\n    </Execution>\n    <Channel>Setup</Channel>\n    <Computer>DESKTOP-P9H5FTA</Computer>\n    <Security UserID=\"S-1-5-18\">\n    </Security>\n  </System>\n  <UserData>\n    <CbsPackageInitiateChanges xmlns=\"http://manifests.microsoft.com/win/2004/08/windows/setup_provider\">\n      <PackageIdentifier>KB5020683</PackageIdentifier>\n      <InitialPackageState>5000</InitialPackageState>\n      <InitialPackageStateTextized>Absent</InitialPackageStateTextized>\n      <IntendedPackageState>5112</IntendedPackageState>\n      <IntendedPackageStateTextized>Installed</IntendedPackageStateTextized>\n      <Client>WindowsUpdateAgent</Client>\n    </CbsPackageInitiateChanges>\n  </UserData>\n</Event>\n",
  "json": "{\"Event\":{\"#attributes\":{\"xmlns\":\"http://schemas.microsoft.com/win/2004/08/events/event\"},\"System\":{\"Provider\":{\"#attributes\":{\"Name\":\"Microsoft-Windows-Servicing\",\"Guid\":\"BD12F3B8-FC40-4A61-A307-B7A013A069C1\"}},\"EventID\":1,\"Version\":0,\"Level\":0,\"Task\":1,\"Opcode\":0,\"Keywords\":\"0x8000000000000000\",\"TimeCreated\":{\"#attributes\":{\"SystemTime\":\"2024-11-04T12:39:07.470891Z\"}},\"EventRecordID\":1,\"Correlation\":null,\"Execution\":{\"#attributes\":{\"ProcessID\":6464,\"ThreadID\":5356}},\"Channel\":\"Setup\",\"Computer\":\"DESKTOP-P9H5FTA\",\"Security\":{\"#attributes\":{\"UserID\":\"S-1-5-18\"}}},\"UserData\":{\"CbsPackageInitiateChanges\":{\"#attributes\":{\"xmlns\":\"http://manifests.microsoft.com/win/2004/08/windows/setup_provider\"},\"PackageIdentifier\":\"KB5020683\",\"InitialPackageState\":5000,\"InitialPackageStateTextized\":\"Absent\",\"IntendedPackageState\":5112,\"IntendedPackageStateTextized\":\"Installed\",\"Client\":\"WindowsUpdateAgent\"}}}}",
  "xml_fields": {
    "provider": "Microsoft-Windows-Servicing",
    "event_id": "1",
    "timestamp": "2024-11-04T12:39:07.470891Z",
    "event_record_id": "1",
    "level": "0",
    "task": "1",
    "opcode": "0",
    "keywords": "0x8000000000000000",
    "channel": "Setup",
    "computer": "DESKTOP-P9H5FTA",
    "PackageIdentifier": "KB5020683",
    "InitialPackageState": "5000",
    "InitialPackageStateTextized": "Absent",
    "IntendedPackageState": "5112",
    "IntendedPackageStateTextized": "Installed",
    "Client": "WindowsUpdateAgent"
  },
  "json_fields": {
    "provider": "Microsoft-Windows-Servicing",
    "channel": "Setup",
    "event_id": "1",
    "timestamp": "2024-11-04T12:39:07.470891Z",
    "event_record_id": "1",
    "level": "0",
    "task": "1",
    "opcode": "0",
    "keywords": "0x8000000000000000",
    "computer": "DESKTOP-P9H5FTA",
    "PackageIdentifier": "KB5020683",
    "InitialPackageState": "5000",
    "InitialPackageStateTextized": "Absent",
    "IntendedPackageState": "5112",
    "IntendedPackageStateTextized": "Installed",
    "Client": "WindowsUpdateAgent"
  }
}