{
  "event_id": "1",
  "provider": "Microsoft-Windows-UAC",
  "channel": "Microsoft-Windows-UAC/Operational",
  "source_file": "D:\\visual code file\\Project_4\\Event-Analyzer\\test\\Benign\\Logs_Client\\Microsoft-Windows-UAC%4Operational.evtx",
  "event_record_id": 1,
  "xml": "<?xml version=\"1.0\" encoding=\"utf-8\"?>\n<Event xmlns=\"http://schemas.microsoft.com/win/2004/08/events/event\">\n  <System>\n    <Provider Name=\"Microsoft-Windows-UAC\" Guid=\"E7558269-3FA5-46ED-9F4D-3C6E282DDE55\">\n    </Provider>\n    <EventID>1</EventID>\n    <Version>0</Version>\n    <Level>2</Level>\n    <Task>1</Task>\n    <Opcode>0</Opcode>\n    <Keywords>0x8000000000000000</Keywords>\n    <TimeCreated SystemTime=\"2022-02-07T12:06:27.926063Z\">\n    </TimeCreated>\n    <EventRecordID>1</EventRecordID>\n    <Correlation>\n    </Correlation>\n    <Execution ProcessID=\"3260\" ThreadID=\"4608\">\n    </Execution>\n    <Channel>Microsoft-Windows-UAC/Operational</Channel>\n    <Computer>DESKTOP-A8CALR3</Computer>\n    <Security UserID=\"S-1-5-21-1402826787-2759305201-2932496751-1001\">\n    </Security>\n  </System>\n  <EventData>\n  </EventData>\n</Event>\n",
  "json": "{\"Event\":{\"#attributes\":{\"xmlns\":\"http://schemas.microsoft.com/win/2004/08/events/event\"},\"System\":{\"Provider\":{\"#attributes\":{\"Name\":\"Microsoft-Windows-UAC\",\"Guid\":\"E7558269-3FA5-46ED-9F4D-3C6E282DDE55\"}},\"EventID\":1,\"Version\":0,\"Level\":2,\"Task\":1,\"Opcode\":0,\"Keywords\":\"0x8000000000000000\",\"TimeCreated\":{\"#attributes\":{\"SystemTime\":\"2022-02-07T12:06:27.926063Z\"}},\"EventRecordID\":1,\"Correlation\":null,\"Execution\":{\"#attributes\":{\"ProcessID\":3260,\"ThreadID\":4608}},\"Channel\":\"Microsoft-Windows-UAC/Operational\",\"Computer\":\"DESKTOP-A8CALR3\",\"Security\":{\"#attributes\":{\"UserID\":\"S-1-5-21-1402826787-2759305201-2932496751-1001\"}}},\"EventData\":null}}",
  "xml_fields": {
    "provider": "Microsoft-Windows-UAC",
    "event_id": "1",
    "timestamp": "2022-02-07T12:06:27.926063Z",
    "event_record_id": "1",
    "level": "2",
    "task": "1",
    "opcode": "0",
    "keywords": "0x8000000000000000",
    "channel": "Microsoft-Windows-UAC/Operational",
    "computer": "DESKTOP-A8CALR3"
  },
  "json_fields": {
    "provider": "Microsoft-Windows-UAC",
    "channel": "Microsoft-Windows-UAC/Operational",
    "event_id": "1",
    "timestamp": "2022-02-07T12:06:27.926063Z",
    "event_record_id": "1",
    "level": "2",
    "task": "1",
    "opcode": "0",
    "keywords": "0x8000000000000000",
    "computer": "DESKTOP-A8CALR3"
  }
}