{
  "event_id": "1",
  "provider": "Microsoft-Windows-Search-ProfileNotify",
  "channel": "Application",
  "source_file": "D:\\visual code file\\Project_4\\Event-Analyzer\\test\\Logs\\Application.evtx",
  "event_record_id": 142,
  "xml": "<?xml version=\"1.0\" encoding=\"utf-8\"?>\n<Event xmlns=\"http://schemas.microsoft.com/win/2004/08/events/event\">\n  <System>\n    <Provider Name=\"Microsoft-Windows-Search-ProfileNotify\" Guid=\"{FC6F77DD-769A-470E-BCF9-1B6555A118BE}\" EventSourceName=\"Windows Search Service Profile Notification\">\n    </Provider>\n    <EventID Qualifiers=\"16384\">1</EventID>\n    <Version>0</Version>\n    <Level>4</Level>\n    <Task>0</Task>\n    <Opcode>0</Opcode>\n    <Keywords>0x80000000000000</Keywords>\n    <TimeCreated SystemTime=\"2024-11-04T13:03:57.606102Z\">\n    </TimeCreated>\n    <EventRecordID>142</EventRecordID>\n    <Correlation>\n    </Correlation>\n    <Execution ProcessID=\"0\" ThreadID=\"0\">\n    </Execution>\n    <Channel>Application</Channel>\n    <Computer>DESKTOP-P9H5FTA</Computer>\n    <Security>\n    </Security>\n  </System>\n  <EventData>\n    <Data Name=\"User\">S-1-5-21-3088055692-629932344-1786574096-1000</Data>\n    <Binary></Binary>\n  </EventData>\n</Event>\n",
  "json": "{\"Event\":{\"#attributes\":{\"xmlns\":\"http://schemas.microsoft.com/win/2004/08/events/event\"},\"System\":{\"Provider\":{\"#attributes\":{\"Name\":\"Microsoft-Windows-Search-ProfileNotify\",\"Guid\":\"{FC6F77DD-769A-470E-BCF9-1B6555A118BE}\",\"EventSourceName\":\"Windows Search Service Profile Notification\"}},\"EventID\":{\"#attributes\":{\"Qualifiers\":16384},\"#text\":1},\"Version\":0,\"Level\":4,\"Task\":0,\"Opcode\":0,\"Keywords\":\"0x80000000000000\",\"TimeCreated\":{\"#attributes\":{\"SystemTime\":\"2024-11-04T13:03:57.606102Z\"}},\"EventRecordID\":142,\"Correlation\":null,\"Execution\":{\"#attributes\":{\"ProcessID\":0,\"ThreadID\":0}},\"Channel\":\"Application\",\"Computer\":\"DESKTOP-P9H5FTA\",\"Security\":null},\"EventData\":{\"User\":\"S-1-5-21-3088055692-629932344-1786574096-1000\",\"Binary\":null}}}",
  "xml_fields": {
    "provider": "Microsoft-Windows-Search-ProfileNotify",
    "event_id": "1",
    "timestamp": "2024-11-04T13:03:57.606102Z",
    "event_record_id": "142",
    "level": "4",
    "task": "0",
    "opcode": "0",
    "keywords": "0x80000000000000",
    "channel": "Application",
    "computer": "DESKTOP-P9H5FTA",
    "User": "S-1-5-21-3088055692-629932344-1786574096-1000"
  },
  "json_fields": {
    "provider": "Microsoft-Windows-Search-ProfileNotify",
    "channel": "Application",
    "event_id": "1",
    "timestamp": "2024-11-04T13:03:57.606102Z",
    "event_record_id": "142",
    "level": "4",
    "task": "0",
    "opcode": "0",
    "keywords": "0x80000000000000",
    "computer": "DESKTOP-P9H5FTA",
    "User": "S-1-5-21-3088055692-629932344-1786574096-1000"
  }
}