{
  "event_id": "1",
  "provider": "Microsoft-Windows-Security-Mitigations",
  "channel": "Microsoft-Windows-Security-Mitigations/KernelMode",
  "source_file": "D:\\visual code file\\Project_4\\Event-Analyzer\\test\\Benign\\win2022-0-20348-azure\\Microsoft-Windows-Security-Mitigations%4KernelMode.evtx",
  "event_record_id": 12,
  "xml": "<?xml version=\"1.0\" encoding=\"utf-8\"?>\n<Event xmlns=\"http://schemas.microsoft.com/win/2004/08/events/event\">\n  <System>\n    <Provider Name=\"Microsoft-Windows-Security-Mitigations\" Guid=\"FAE10392-F0AF-4AC0-B8FF-9F4D920C3CDF\">\n    </Provider>\n    <EventID>1</EventID>\n    <Version>0</Version>\n    <Level>0</Level>\n    <Task>1</Task>\n    <Opcode>0</Opcode>\n    <Keywords>0x8000000000000000</Keywords>\n    <TimeCreated SystemTime=\"2022-09-18T10:05:29.713376Z\">\n    </TimeCreated>\n    <EventRecordID>12</EventRecordID>\n    <Correlation>\n    </Correlation>\n    <Execution ProcessID=\"2660\" ThreadID=\"7216\">\n    </Execution>\n    <Channel>Microsoft-Windows-Security-Mitigations/KernelMode</Channel>\n    <Computer>Agamemnon</Computer>\n    <Security UserID=\"S-1-5-18\">\n    </Security>\n  </System>\n  <EventData>\n    <Data Name=\"ProcessPathLength\">52</Data>\n    <Data Name=\"ProcessPath\">\\Device\\HarddiskVolume4\\Windows\\System32\\spoolsv.exe</Data>\n    <Data Name=\"ProcessCommandLineLength\">31</Data>\n    <Data Name=\"ProcessCommandLine\">C:\\Windows\\System32\\spoolsv.exe</Data>\n    <Data Name=\"CallingProcessId\">2660</Data>\n    <Data Name=\"CallingProcessCreateTime\">2022-09-18T09:50:57.670556Z</Data>\n    <Data Name=\"CallingProcessStartKey\">1688849860263993</Data>\n    <Data Name=\"CallingProcessSignatureLevel\">0</Data>\n    <Data Name=\"CallingProcessSectionSignatureLevel\">0</Data>\n    <Data Name=\"CallingProcessProtection\">0</Data>\n    <Data Name=\"CallingThreadId\">7216</Data>\n    <Data Name=\"CallingThreadCreateTime\">2022-09-18T10:05:29.660936Z</Data>\n  </EventData>\n</Event>\n",
  "json": "{\"Event\":{\"#attributes\":{\"xmlns\":\"http://schemas.microsoft.com/win/2004/08/events/event\"},\"System\":{\"Provider\":{\"#attributes\":{\"Name\":\"Microsoft-Windows-Security-Mitigations\",\"Guid\":\"FAE10392-F0AF-4AC0-B8FF-9F4D920C3CDF\"}},\"EventID\":1,\"Version\":0,\"Level\":0,\"Task\":1,\"Opcode\":0,\"Keywords\":\"0x8000000000000000\",\"TimeCreated\":{\"#attributes\":{\"SystemTime\":\"2022-09-18T10:05:29.713376Z\"}},\"EventRecordID\":12,\"Correlation\":null,\"Execution\":{\"#attributes\":{\"ProcessID\":2660,\"ThreadID\":7216}},\"Channel\":\"Microsoft-Windows-Security-Mitigations/KernelMode\",\"Computer\":\"Agamemnon\",\"Security\":{\"#attributes\":{\"UserID\":\"S-1-5-18\"}}},\"EventData\":{\"ProcessPathLength\":52,\"ProcessPath\":\"\\\\Device\\\\HarddiskVolume4\\\\Windows\\\\System32\\\\spoolsv.exe\",\"ProcessCommandLineLength\":31,\"ProcessCommandLine\":\"C:\\\\Windows\\\\System32\\\\spoolsv.exe\",\"CallingProcessId\":2660,\"CallingProcessCreateTime\":\"2022-09-18T09:50:57.670556Z\",\"CallingProcessStartKey\":1688849860263993,\"CallingProcessSignatureLevel\":0,\"CallingProcessSectionSignatureLevel\":0,\"CallingProcessProtection\":0,\"CallingThreadId\":7216,\"CallingThreadCreateTime\":\"2022-09-18T10:05:29.660936Z\"}}}",
  "xml_fields": {
    "provider": "Microsoft-Windows-Security-Mitigations",
    "event_id": "1",
    "timestamp": "2022-09-18T10:05:29.713376Z",
    "event_record_id": "12",
    "level": "0",
    "task": "1",
    "opcode": "0",
    "keywords": "0x8000000000000000",
    "channel": "Microsoft-Windows-Security-Mitigations/KernelMode",
    "computer": "Agamemnon",
    "ProcessPathLength": "52",
    "ProcessPath": "\\Device\\HarddiskVolume4\\Windows\\System32\\spoolsv.exe",
    "ProcessCommandLineLength": "31",
    "ProcessCommandLine": "C:\\Windows\\System32\\spoolsv.exe",
    "CallingProcessId": "2660",
    "CallingProcessCreateTime": "2022-09-18T09:50:57.670556Z",
    "CallingProcessStartKey": "1688849860263993",
    "CallingProcessSignatureLevel": "0",
    "CallingProcessSectionSignatureLevel": "0",
    "CallingProcessProtection": "0",
    "CallingThreadId": "7216",
    "CallingThreadCreateTime": "2022-09-18T10:05:29.660936Z"
  },
  "json_fields": {
    "provider": "Microsoft-Windows-Security-Mitigations",
    "channel": "Microsoft-Windows-Security-Mitigations/KernelMode",
    "event_id": "1",
    "timestamp": "2022-09-18T10:05:29.713376Z",
    "event_record_id": "12",
    "level": "0",
    "task": "1",
    "opcode": "0",
    "keywords": "0x8000000000000000",
    "computer": "Agamemnon",
    "ProcessPathLength": "52",
    "ProcessPath": "\\Device\\HarddiskVolume4\\Windows\\System32\\spoolsv.exe",
    "ProcessCommandLineLength": "31",
    "ProcessCommandLine": "C:\\Windows\\System32\\spoolsv.exe",
    "CallingProcessId": "2660",
    "CallingProcessCreateTime": "2022-09-18T09:50:57.670556Z",
    "CallingProcessStartKey": "1688849860263993",
    "CallingProcessSignatureLevel": "0",
    "CallingProcessSectionSignatureLevel": "0",
    "CallingProcessProtection": "0",
    "CallingThreadId": "7216",
    "CallingThreadCreateTime": "2022-09-18T10:05:29.660936Z"
  }
}