{
  "event_id": "1",
  "provider": "Microsoft-Windows-Kernel-IO",
  "channel": "Microsoft-Windows-Kernel-IO/Operational",
  "source_file": "D:\\visual code file\\Project_4\\Event-Analyzer\\test\\Benign\\win2022-0-20348-azure\\Microsoft-Windows-Kernel-IO%4Operational.evtx",
  "event_record_id": 1,
  "xml": "<?xml version=\"1.0\" encoding=\"utf-8\"?>\n<Event xmlns=\"http://schemas.microsoft.com/win/2004/08/events/event\">\n  <System>\n    <Provider Name=\"Microsoft-Windows-Kernel-IO\" Guid=\"ABF1F586-2E50-4BA8-928D-49044E6F0DB7\">\n    </Provider>\n    <EventID>1</EventID>\n    <Version>0</Version>\n    <Level>4</Level>\n    <Task>1</Task>\n    <Opcode>1</Opcode>\n    <Keywords>0x8000000000000001</Keywords>\n    <TimeCreated SystemTime=\"2022-09-08T21:00:25.282890Z\">\n    </TimeCreated>\n    <EventRecordID>1</EventRecordID>\n    <Correlation>\n    </Correlation>\n    <Execution ProcessID=\"4\" ThreadID=\"8\">\n    </Execution>\n    <Channel>Microsoft-Windows-Kernel-IO/Operational</Channel>\n    <Computer>WIN-06FB45IHQ35</Computer>\n    <Security UserID=\"S-1-5-18\">\n    </Security>\n  </System>\n  <EventData>\n    <Data Name=\"VolumeGuid\">68741E8F-4339-4E95-A63C-7C7B9533A62C</Data>\n    <Data Name=\"VolumeNameLength\">2</Data>\n    <Data Name=\"VolumeName\">C:</Data>\n  </EventData>\n</Event>\n",
  "json": "{\"Event\":{\"#attributes\":{\"xmlns\":\"http://schemas.microsoft.com/win/2004/08/events/event\"},\"System\":{\"Provider\":{\"#attributes\":{\"Name\":\"Microsoft-Windows-Kernel-IO\",\"Guid\":\"ABF1F586-2E50-4BA8-928D-49044E6F0DB7\"}},\"EventID\":1,\"Version\":0,\"Level\":4,\"Task\":1,\"Opcode\":1,\"Keywords\":\"0x8000000000000001\",\"TimeCreated\":{\"#attributes\":{\"SystemTime\":\"2022-09-08T21:00:25.282890Z\"}},\"EventRecordID\":1,\"Correlation\":null,\"Execution\":{\"#attributes\":{\"ProcessID\":4,\"ThreadID\":8}},\"Channel\":\"Microsoft-Windows-Kernel-IO/Operational\",\"Computer\":\"WIN-06FB45IHQ35\",\"Security\":{\"#attributes\":{\"UserID\":\"S-1-5-18\"}}},\"EventData\":{\"VolumeGuid\":\"68741E8F-4339-4E95-A63C-7C7B9533A62C\",\"VolumeNameLength\":2,\"VolumeName\":\"C:\"}}}",
  "xml_fields": {
    "provider": "Microsoft-Windows-Kernel-IO",
    "event_id": "1",
    "timestamp": "2022-09-08T21:00:25.282890Z",
    "event_record_id": "1",
    "level": "4",
    "task": "1",
    "opcode": "1",
    "keywords": "0x8000000000000001",
    "channel": "Microsoft-Windows-Kernel-IO/Operational",
    "computer": "WIN-06FB45IHQ35",
    "VolumeGuid": "68741E8F-4339-4E95-A63C-7C7B9533A62C",
    "VolumeNameLength": "2",
    "VolumeName": "C:"
  },
  "json_fields": {
    "provider": "Microsoft-Windows-Kernel-IO",
    "channel": "Microsoft-Windows-Kernel-IO/Operational",
    "event_id": "1",
    "timestamp": "2022-09-08T21:00:25.282890Z",
    "event_record_id": "1",
    "level": "4",
    "task": "1",
    "opcode": "1",
    "keywords": "0x8000000000000001",
    "computer": "WIN-06FB45IHQ35",
    "VolumeGuid": "68741E8F-4339-4E95-A63C-7C7B9533A62C",
    "VolumeNameLength": "2",
    "VolumeName": "C:"
  }
}