{
  "event_id": "1",
  "provider": "Microsoft-Windows-Kernel-General",
  "channel": "System",
  "source_file": "D:\\visual code file\\Project_4\\Event-Analyzer\\test\\Logs\\System.evtx",
  "event_record_id": 1087,
  "xml": "<?xml version=\"1.0\" encoding=\"utf-8\"?>\n<Event xmlns=\"http://schemas.microsoft.com/win/2004/08/events/event\">\n  <System>\n    <Provider Name=\"Microsoft-Windows-Kernel-General\" Guid=\"A68CA8B7-004F-D7B6-A698-07E2DE0F1F5D\">\n    </Provider>\n    <EventID>1</EventID>\n    <Version>2</Version>\n    <Level>4</Level>\n    <Task>5</Task>\n    <Opcode>0</Opcode>\n    <Keywords>0x8000000000000010</Keywords>\n    <TimeCreated SystemTime=\"2025-01-24T10:49:44.509356Z\">\n    </TimeCreated>\n    <EventRecordID>1087</EventRecordID>\n    <Correlation>\n    </Correlation>\n    <Execution ProcessID=\"552\" ThreadID=\"11688\">\n    </Execution>\n    <Channel>System</Channel>\n    <Computer>CTO-FILESVR</Computer>\n    <Security UserID=\"S-1-5-19\">\n    </Security>\n  </System>\n  <EventData>\n    <Data Name=\"NewTime\">2025-01-24T10:49:44.509014Z</Data>\n    <Data Name=\"OldTime\">2025-01-24T10:49:44.499131Z</Data>\n    <Data Name=\"Reason\">1</Data>\n    <Data Name=\"ProcessName\">\\Device\\HarddiskVolume3\\Windows\\System32\\svchost.exe</Data>\n    <Data Name=\"ProcessID\">552</Data>\n  </EventData>\n</Event>\n",
  "json": "{\"Event\":{\"#attributes\":{\"xmlns\":\"http://schemas.microsoft.com/win/2004/08/events/event\"},\"System\":{\"Provider\":{\"#attributes\":{\"Name\":\"Microsoft-Windows-Kernel-General\",\"Guid\":\"A68CA8B7-004F-D7B6-A698-07E2DE0F1F5D\"}},\"EventID\":1,\"Version\":2,\"Level\":4,\"Task\":5,\"Opcode\":0,\"Keywords\":\"0x8000000000000010\",\"TimeCreated\":{\"#attributes\":{\"SystemTime\":\"2025-01-24T10:49:44.509356Z\"}},\"EventRecordID\":1087,\"Correlation\":null,\"Execution\":{\"#attributes\":{\"ProcessID\":552,\"ThreadID\":11688}},\"Channel\":\"System\",\"Computer\":\"CTO-FILESVR\",\"Security\":{\"#attributes\":{\"UserID\":\"S-1-5-19\"}}},\"EventData\":{\"NewTime\":\"2025-01-24T10:49:44.509014Z\",\"OldTime\":\"2025-01-24T10:49:44.499131Z\",\"Reason\":1,\"ProcessName\":\"\\\\Device\\\\HarddiskVolume3\\\\Windows\\\\System32\\\\svchost.exe\",\"ProcessID\":552}}}",
  "xml_fields": {
    "provider": "Microsoft-Windows-Kernel-General",
    "event_id": "1",
    "timestamp": "2025-01-24T10:49:44.509356Z",
    "event_record_id": "1087",
    "level": "4",
    "task": "5",
    "opcode": "0",
    "keywords": "0x8000000000000010",
    "channel": "System",
    "computer": "CTO-FILESVR",
    "NewTime": "2025-01-24T10:49:44.509014Z",
    "OldTime": "2025-01-24T10:49:44.499131Z",
    "Reason": "1",
    "ProcessName": "\\Device\\HarddiskVolume3\\Windows\\System32\\svchost.exe",
    "ProcessID": "552"
  },
  "json_fields": {
    "provider": "Microsoft-Windows-Kernel-General",
    "channel": "System",
    "event_id": "1",
    "timestamp": "2025-01-24T10:49:44.509356Z",
    "event_record_id": "1087",
    "level": "4",
    "task": "5",
    "opcode": "0",
    "keywords": "0x8000000000000010",
    "computer": "CTO-FILESVR",
    "NewTime": "2025-01-24T10:49:44.509014Z",
    "OldTime": "2025-01-24T10:49:44.499131Z",
    "Reason": "1",
    "ProcessName": "\\Device\\HarddiskVolume3\\Windows\\System32\\svchost.exe",
    "ProcessID": "552"
  }
}