{
  "event_id": "1",
  "provider": "Microsoft-Windows-WER-PayloadHealth",
  "channel": "Microsoft-Windows-WER-PayloadHealth/Operational",
  "source_file": "D:\\visual code file\\Project_4\\Event-Analyzer\\test\\Logs\\Microsoft-Windows-WER-PayloadHealth%4Operational.evtx",
  "event_record_id": 1,
  "xml": "<?xml version=\"1.0\" encoding=\"utf-8\"?>\n<Event xmlns=\"http://schemas.microsoft.com/win/2004/08/events/event\">\n  <System>\n    <Provider Name=\"Microsoft-Windows-WER-PayloadHealth\" Guid=\"4AFDDFDE-002D-51AC-C109-C3B7897858D0\">\n    </Provider>\n    <EventID>1</EventID>\n    <Version>0</Version>\n    <Level>4</Level>\n    <Task>1</Task>\n    <Opcode>0</Opcode>\n    <Keywords>0x8000000000000000</Keywords>\n    <TimeCreated SystemTime=\"2025-01-06T12:18:54.451643Z\">\n    </TimeCreated>\n    <EventRecordID>1</EventRecordID>\n    <Correlation>\n    </Correlation>\n    <Execution ProcessID=\"2736\" ThreadID=\"2392\">\n    </Execution>\n    <Channel>Microsoft-Windows-WER-PayloadHealth/Operational</Channel>\n    <Computer>cyberjunkie-test</Computer>\n    <Security UserID=\"S-1-5-21-3088055692-629932344-1786574096-1001\">\n    </Security>\n  </System>\n  <EventData Name=\"WER_PAYLOAD_HEALTH_SUCCESS\">\n    <Data Name=\"UploadDuration\">2625</Data>\n    <Data Name=\"PayloadSize\">4440</Data>\n    <Data Name=\"Protocol\">Watson</Data>\n    <Data Name=\"Stage\">s1event</Data>\n    <Data Name=\"BytesUploaded\">4440</Data>\n    <Data Name=\"ServerName\">umwatson.events.data.microsoft.com</Data>\n  </EventData>\n</Event>\n",
  "json": "{\"Event\":{\"#attributes\":{\"xmlns\":\"http://schemas.microsoft.com/win/2004/08/events/event\"},\"System\":{\"Provider\":{\"#attributes\":{\"Name\":\"Microsoft-Windows-WER-PayloadHealth\",\"Guid\":\"4AFDDFDE-002D-51AC-C109-C3B7897858D0\"}},\"EventID\":1,\"Version\":0,\"Level\":4,\"Task\":1,\"Opcode\":0,\"Keywords\":\"0x8000000000000000\",\"TimeCreated\":{\"#attributes\":{\"SystemTime\":\"2025-01-06T12:18:54.451643Z\"}},\"EventRecordID\":1,\"Correlation\":null,\"Execution\":{\"#attributes\":{\"ProcessID\":2736,\"ThreadID\":2392}},\"Channel\":\"Microsoft-Windows-WER-PayloadHealth/Operational\",\"Computer\":\"cyberjunkie-test\",\"Security\":{\"#attributes\":{\"UserID\":\"S-1-5-21-3088055692-629932344-1786574096-1001\"}}},\"EventData\":{\"#attributes\":{\"Name\":\"WER_PAYLOAD_HEALTH_SUCCESS\"},\"UploadDuration\":2625,\"PayloadSize\":4440,\"Protocol\":\"Watson\",\"Stage\":\"s1event\",\"BytesUploaded\":4440,\"ServerName\":\"umwatson.events.data.microsoft.com\"}}}",
  "xml_fields": {
    "provider": "Microsoft-Windows-WER-PayloadHealth",
    "event_id": "1",
    "timestamp": "2025-01-06T12:18:54.451643Z",
    "event_record_id": "1",
    "level": "4",
    "task": "1",
    "opcode": "0",
    "keywords": "0x8000000000000000",
    "channel": "Microsoft-Windows-WER-PayloadHealth/Operational",
    "computer": "cyberjunkie-test",
    "UploadDuration": "2625",
    "PayloadSize": "4440",
    "Protocol": "Watson",
    "Stage": "s1event",
    "BytesUploaded": "4440",
    "ServerName": "umwatson.events.data.microsoft.com"
  },
  "json_fields": {
    "provider": "Microsoft-Windows-WER-PayloadHealth",
    "channel": "Microsoft-Windows-WER-PayloadHealth/Operational",
    "event_id": "1",
    "timestamp": "2025-01-06T12:18:54.451643Z",
    "event_record_id": "1",
    "level": "4",
    "task": "1",
    "opcode": "0",
    "keywords": "0x8000000000000000",
    "computer": "cyberjunkie-test",
    "UploadDuration": "2625",
    "PayloadSize": "4440",
    "Protocol": "Watson",
    "Stage": "s1event",
    "BytesUploaded": "4440",
    "ServerName": "umwatson.events.data.microsoft.com"
  }
}