{
  "event_id": "1",
  "provider": "Microsoft-Windows-Winsock-WS2HELP",
  "channel": "Microsoft-Windows-Winsock-WS2HELP/Operational",
  "source_file": "D:\\visual code file\\Project_4\\Event-Analyzer\\test\\Malicious\\EVTX-ATTACK-SAMPLES\\Persistence\\Persistence_Winsock_Catalog Change EventId_1.evtx",
  "event_record_id": 1,
  "xml": "<?xml version=\"1.0\" encoding=\"utf-8\"?>\n<Event xmlns=\"http://schemas.microsoft.com/win/2004/08/events/event\">\n  <System>\n    <Provider Name=\"Microsoft-Windows-Winsock-WS2HELP\" Guid=\"D5C25F9A-4D47-493E-9184-40DD397A004D\">\n    </Provider>\n    <EventID>1</EventID>\n    <Version>0</Version>\n    <Level>0</Level>\n    <Task>0</Task>\n    <Opcode>0</Opcode>\n    <Keywords>0x8000000000000000</Keywords>\n    <TimeCreated SystemTime=\"2019-08-23T12:37:37.100800Z\">\n    </TimeCreated>\n    <EventRecordID>1</EventRecordID>\n    <Correlation>\n    </Correlation>\n    <Execution ProcessID=\"5180\" ThreadID=\"1088\">\n    </Execution>\n    <Channel>Microsoft-Windows-Winsock-WS2HELP/Operational</Channel>\n    <Computer>MSEDGEWIN10</Computer>\n    <Security UserID=\"S-1-5-18\">\n    </Security>\n  </System>\n  <EventData>\n    <Data Name=\"LSPName\">PROXYCAP LSP</Data>\n    <Data Name=\"Catalog\">32</Data>\n    <Data Name=\"Installer\">C:\\Windows\\System32\\MsiExec.exe</Data>\n    <Data Name=\"GUID\">7E35F09E-CF45-CF00-3594-397712626D0F</Data>\n    <Data Name=\"Category\">1016</Data>\n  </EventData>\n</Event>\n",
  "json": "{\"Event\":{\"#attributes\":{\"xmlns\":\"http://schemas.microsoft.com/win/2004/08/events/event\"},\"System\":{\"Provider\":{\"#attributes\":{\"Name\":\"Microsoft-Windows-Winsock-WS2HELP\",\"Guid\":\"D5C25F9A-4D47-493E-9184-40DD397A004D\"}},\"EventID\":1,\"Version\":0,\"Level\":0,\"Task\":0,\"Opcode\":0,\"Keywords\":\"0x8000000000000000\",\"TimeCreated\":{\"#attributes\":{\"SystemTime\":\"2019-08-23T12:37:37.100800Z\"}},\"EventRecordID\":1,\"Correlation\":null,\"Execution\":{\"#attributes\":{\"ProcessID\":5180,\"ThreadID\":1088}},\"Channel\":\"Microsoft-Windows-Winsock-WS2HELP/Operational\",\"Computer\":\"MSEDGEWIN10\",\"Security\":{\"#attributes\":{\"UserID\":\"S-1-5-18\"}}},\"EventData\":{\"LSPName\":\"PROXYCAP LSP\",\"Catalog\":32,\"Installer\":\"C:\\\\Windows\\\\System32\\\\MsiExec.exe\",\"GUID\":\"7E35F09E-CF45-CF00-3594-397712626D0F\",\"Category\":1016}}}",
  "xml_fields": {
    "provider": "Microsoft-Windows-Winsock-WS2HELP",
    "event_id": "1",
    "timestamp": "2019-08-23T12:37:37.100800Z",
    "event_record_id": "1",
    "level": "0",
    "task": "0",
    "opcode": "0",
    "keywords": "0x8000000000000000",
    "channel": "Microsoft-Windows-Winsock-WS2HELP/Operational",
    "computer": "MSEDGEWIN10",
    "LSPName": "PROXYCAP LSP",
    "Catalog": "32",
    "Installer": "C:\\Windows\\System32\\MsiExec.exe",
    "GUID": "7E35F09E-CF45-CF00-3594-397712626D0F",
    "Category": "1016"
  },
  "json_fields": {
    "provider": "Microsoft-Windows-Winsock-WS2HELP",
    "channel": "Microsoft-Windows-Winsock-WS2HELP/Operational",
    "event_id": "1",
    "timestamp": "2019-08-23T12:37:37.100800Z",
    "event_record_id": "1",
    "level": "0",
    "task": "0",
    "opcode": "0",
    "keywords": "0x8000000000000000",
    "computer": "MSEDGEWIN10",
    "LSPName": "PROXYCAP LSP",
    "Catalog": "32",
    "Installer": "C:\\Windows\\System32\\MsiExec.exe",
    "GUID": "7E35F09E-CF45-CF00-3594-397712626D0F",
    "Category": "1016"
  }
}