{
  "event_id": "1",
  "provider": "Microsoft-Windows-CloudStore",
  "channel": "Microsoft-Windows-CloudStore/Operational",
  "source_file": "D:\\visual code file\\Project_4\\Event-Analyzer\\test\\Logs\\Microsoft-Windows-CloudStore%4Operational.evtx",
  "event_record_id": 1,
  "xml": "<?xml version=\"1.0\" encoding=\"utf-8\"?>\n<Event xmlns=\"http://schemas.microsoft.com/win/2004/08/events/event\">\n  <System>\n    <Provider Name=\"Microsoft-Windows-CloudStore\" Guid=\"741BB90C-A7A3-49D6-BD82-1E6B858403F7\">\n    </Provider>\n    <EventID>1</EventID>\n    <Version>0</Version>\n    <Level>2</Level>\n    <Task>0</Task>\n    <Opcode>0</Opcode>\n    <Keywords>0x8000000000000000</Keywords>\n    <TimeCreated SystemTime=\"2024-11-05T01:34:19.613264Z\">\n    </TimeCreated>\n    <EventRecordID>1</EventRecordID>\n    <Correlation>\n    </Correlation>\n    <Execution ProcessID=\"1832\" ThreadID=\"1260\">\n    </Execution>\n    <Channel>Microsoft-Windows-CloudStore/Operational</Channel>\n    <Computer>DESKTOP-P9H5FTA</Computer>\n    <Security UserID=\"S-1-5-21-3088055692-629932344-1786574096-1000\">\n    </Security>\n  </System>\n  <EventData>\n    <Data Name=\"ProcessName\"></Data>\n    <Data Name=\"Type\">0</Data>\n    <Data Name=\"ErrorCode\">2147943712</Data>\n    <Data Name=\"File\">onecoreuap\\shell\\cloudstore\\common\\src\\effectivecontext.cpp</Data>\n    <Data Name=\"LineNumber\">414</Data>\n  </EventData>\n</Event>\n",
  "json": "{\"Event\":{\"#attributes\":{\"xmlns\":\"http://schemas.microsoft.com/win/2004/08/events/event\"},\"System\":{\"Provider\":{\"#attributes\":{\"Name\":\"Microsoft-Windows-CloudStore\",\"Guid\":\"741BB90C-A7A3-49D6-BD82-1E6B858403F7\"}},\"EventID\":1,\"Version\":0,\"Level\":2,\"Task\":0,\"Opcode\":0,\"Keywords\":\"0x8000000000000000\",\"TimeCreated\":{\"#attributes\":{\"SystemTime\":\"2024-11-05T01:34:19.613264Z\"}},\"EventRecordID\":1,\"Correlation\":null,\"Execution\":{\"#attributes\":{\"ProcessID\":1832,\"ThreadID\":1260}},\"Channel\":\"Microsoft-Windows-CloudStore/Operational\",\"Computer\":\"DESKTOP-P9H5FTA\",\"Security\":{\"#attributes\":{\"UserID\":\"S-1-5-21-3088055692-629932344-1786574096-1000\"}}},\"EventData\":{\"ProcessName\":\"\",\"Type\":0,\"ErrorCode\":2147943712,\"File\":\"onecoreuap\\\\shell\\\\cloudstore\\\\common\\\\src\\\\effectivecontext.cpp\",\"LineNumber\":414}}}",
  "xml_fields": {
    "provider": "Microsoft-Windows-CloudStore",
    "event_id": "1",
    "timestamp": "2024-11-05T01:34:19.613264Z",
    "event_record_id": "1",
    "level": "2",
    "task": "0",
    "opcode": "0",
    "keywords": "0x8000000000000000",
    "channel": "Microsoft-Windows-CloudStore/Operational",
    "computer": "DESKTOP-P9H5FTA",
    "ProcessName": "",
    "Type": "0",
    "ErrorCode": "2147943712",
    "File": "onecoreuap\\shell\\cloudstore\\common\\src\\effectivecontext.cpp",
    "LineNumber": "414"
  },
  "json_fields": {
    "provider": "Microsoft-Windows-CloudStore",
    "channel": "Microsoft-Windows-CloudStore/Operational",
    "event_id": "1",
    "timestamp": "2024-11-05T01:34:19.613264Z",
    "event_record_id": "1",
    "level": "2",
    "task": "0",
    "opcode": "0",
    "keywords": "0x8000000000000000",
    "computer": "DESKTOP-P9H5FTA",
    "ProcessName": "",
    "Type": "0",
    "ErrorCode": "2147943712",
    "File": "onecoreuap\\shell\\cloudstore\\common\\src\\effectivecontext.cpp",
    "LineNumber": "414"
  }
}