{
  "event_id": "1",
  "provider": "Windows-ApplicationModel-Store-SDK",
  "channel": "Microsoft-Windows-Store/Operational",
  "source_file": "D:\\visual code file\\Project_4\\Event-Analyzer\\test\\Logs\\Microsoft-Windows-Store%4Operational.evtx",
  "event_record_id": 5961,
  "xml": "<?xml version=\"1.0\" encoding=\"utf-8\"?>\n<Event xmlns=\"http://schemas.microsoft.com/win/2004/08/events/event\">\n  <System>\n    <Provider Name=\"Windows-ApplicationModel-Store-SDK\" Guid=\"FF79A477-C45F-4A52-8AE0-2B324346D4E4\">\n    </Provider>\n    <EventID>1</EventID>\n    <Version>0</Version>\n    <Level>2</Level>\n    <Task>1</Task>\n    <Opcode>0</Opcode>\n    <Keywords>0x8000000000000001</Keywords>\n    <TimeCreated SystemTime=\"2025-01-06T12:36:28.679101Z\">\n    </TimeCreated>\n    <EventRecordID>5961</EventRecordID>\n    <Correlation>\n    </Correlation>\n    <Execution ProcessID=\"8272\" ThreadID=\"3868\">\n    </Execution>\n    <Channel>Microsoft-Windows-Store/Operational</Channel>\n    <Computer>cyberjunkie-test</Computer>\n    <Security UserID=\"S-1-5-21-3088055692-629932344-1786574096-1002\">\n    </Security>\n  </System>\n  <EventData>\n    <Data Name=\"Message\">Corrupted PersistentPerUserCache index, creating a new one (userId = \"0\").</Data>\n    <Data Name=\"Line Number\">334</Data>\n    <Data Name=\"File Name\">.\\src\\Core\\WinStore.Core\\DataModel\\PersistentPerUserCache.CacheIndex.cs</Data>\n    <Data Name=\"Function\">LoadCacheEntriesAsync</Data>\n    <Data Name=\"Error Code\">-2147483648</Data>\n  </EventData>\n</Event>\n",
  "json": "{\"Event\":{\"#attributes\":{\"xmlns\":\"http://schemas.microsoft.com/win/2004/08/events/event\"},\"System\":{\"Provider\":{\"#attributes\":{\"Name\":\"Windows-ApplicationModel-Store-SDK\",\"Guid\":\"FF79A477-C45F-4A52-8AE0-2B324346D4E4\"}},\"EventID\":1,\"Version\":0,\"Level\":2,\"Task\":1,\"Opcode\":0,\"Keywords\":\"0x8000000000000001\",\"TimeCreated\":{\"#attributes\":{\"SystemTime\":\"2025-01-06T12:36:28.679101Z\"}},\"EventRecordID\":5961,\"Correlation\":null,\"Execution\":{\"#attributes\":{\"ProcessID\":8272,\"ThreadID\":3868}},\"Channel\":\"Microsoft-Windows-Store/Operational\",\"Computer\":\"cyberjunkie-test\",\"Security\":{\"#attributes\":{\"UserID\":\"S-1-5-21-3088055692-629932344-1786574096-1002\"}}},\"EventData\":{\"Message\":\"Corrupted PersistentPerUserCache index, creating a new one (userId = \\\"0\\\").\",\"Line Number\":334,\"File Name\":\".\\\\src\\\\Core\\\\WinStore.Core\\\\DataModel\\\\PersistentPerUserCache.CacheIndex.cs\",\"Function\":\"LoadCacheEntriesAsync\",\"Error Code\":-2147483648}}}",
  "xml_fields": {
    "provider": "Windows-ApplicationModel-Store-SDK",
    "event_id": "1",
    "timestamp": "2025-01-06T12:36:28.679101Z",
    "event_record_id": "5961",
    "level": "2",
    "task": "1",
    "opcode": "0",
    "keywords": "0x8000000000000001",
    "channel": "Microsoft-Windows-Store/Operational",
    "computer": "cyberjunkie-test",
    "Message": "Corrupted PersistentPerUserCache index, creating a new one (userId = \"0\").",
    "Line Number": "334",
    "File Name": ".\\src\\Core\\WinStore.Core\\DataModel\\PersistentPerUserCache.CacheIndex.cs",
    "Function": "LoadCacheEntriesAsync",
    "Error Code": "-2147483648"
  },
  "json_fields": {
    "provider": "Windows-ApplicationModel-Store-SDK",
    "channel": "Microsoft-Windows-Store/Operational",
    "event_id": "1",
    "timestamp": "2025-01-06T12:36:28.679101Z",
    "event_record_id": "5961",
    "level": "2",
    "task": "1",
    "opcode": "0",
    "keywords": "0x8000000000000001",
    "computer": "cyberjunkie-test",
    "Message": "Corrupted PersistentPerUserCache index, creating a new one (userId = \"0\").",
    "Line Number": "334",
    "File Name": ".\\src\\Core\\WinStore.Core\\DataModel\\PersistentPerUserCache.CacheIndex.cs",
    "Function": "LoadCacheEntriesAsync",
    "Error Code": "-2147483648"
  }
}