{
  "event_id": "2000",
  "provider": "Microsoft-Windows-Windows Defender",
  "channel": "Microsoft-Windows-Windows Defender/Operational",
  "source_file": "D:\\visual code file\\Project_4\\Event-Analyzer\\test\\Logs\\Microsoft-Windows-Windows Defender%4Operational.evtx",
  "event_record_id": 16,
  "xml": "<?xml version=\"1.0\" encoding=\"utf-8\"?>\n<Event xmlns=\"http://schemas.microsoft.com/win/2004/08/events/event\">\n  <System>\n    <Provider Name=\"Microsoft-Windows-Windows Defender\" Guid=\"11CD958A-C507-4EF3-B3F2-5FD9DFBD2C78\">\n    </Provider>\n    <EventID>2000</EventID>\n    <Version>0</Version>\n    <Level>4</Level>\n    <Task>0</Task>\n    <Opcode>0</Opcode>\n    <Keywords>0x8000000000000000</Keywords>\n    <TimeCreated SystemTime=\"2025-01-06T12:34:52.005598Z\">\n    </TimeCreated>\n    <EventRecordID>16</EventRecordID>\n    <Correlation>\n    </Correlation>\n    <Execution ProcessID=\"2924\" ThreadID=\"3216\">\n    </Execution>\n    <Channel>Microsoft-Windows-Windows Defender/Operational</Channel>\n    <Computer>cyberjunkie-test</Computer>\n    <Security UserID=\"S-1-5-18\">\n    </Security>\n  </System>\n  <EventData>\n    <Data Name=\"Product Name\">%%827</Data>\n    <Data Name=\"Product Version\">4.18.1909.6</Data>\n    <Data Name=\"Current security intelligence Version\">1.421.1216.0</Data>\n    <Data Name=\"Previous security intelligence Version\">1.303.25.0</Data>\n    <Data Name=\"Unused\"></Data>\n    <Data Name=\"Unused2\"></Data>\n    <Data Name=\"Unused3\"></Data>\n    <Data Name=\"Domain\">NT AUTHORITY</Data>\n    <Data Name=\"User\">SYSTEM</Data>\n    <Data Name=\"SID\">S-1-5-18</Data>\n    <Data Name=\"Security intelligence Type Index\">1</Data>\n    <Data Name=\"Security intelligence Type\">%%800</Data>\n    <Data Name=\"Update Type Index\">1</Data>\n    <Data Name=\"Update Type\">%%803</Data>\n    <Data Name=\"Current Engine Version\">1.1.24090.11</Data>\n    <Data Name=\"Previous Engine Version\">1.1.16400.2</Data>\n  </EventData>\n</Event>\n",
  "json": "{\"Event\":{\"#attributes\":{\"xmlns\":\"http://schemas.microsoft.com/win/2004/08/events/event\"},\"System\":{\"Provider\":{\"#attributes\":{\"Name\":\"Microsoft-Windows-Windows Defender\",\"Guid\":\"11CD958A-C507-4EF3-B3F2-5FD9DFBD2C78\"}},\"EventID\":2000,\"Version\":0,\"Level\":4,\"Task\":0,\"Opcode\":0,\"Keywords\":\"0x8000000000000000\",\"TimeCreated\":{\"#attributes\":{\"SystemTime\":\"2025-01-06T12:34:52.005598Z\"}},\"EventRecordID\":16,\"Correlation\":null,\"Execution\":{\"#attributes\":{\"ProcessID\":2924,\"ThreadID\":3216}},\"Channel\":\"Microsoft-Windows-Windows Defender/Operational\",\"Computer\":\"cyberjunkie-test\",\"Security\":{\"#attributes\":{\"UserID\":\"S-1-5-18\"}}},\"EventData\":{\"Product Name\":\"%%827\",\"Product Version\":\"4.18.1909.6\",\"Current security intelligence Version\":\"1.421.1216.0\",\"Previous security intelligence Version\":\"1.303.25.0\",\"Unused\":\"\",\"Unused2\":\"\",\"Unused3\":\"\",\"Domain\":\"NT AUTHORITY\",\"User\":\"SYSTEM\",\"SID\":\"S-1-5-18\",\"Security intelligence Type Index\":\"1\",\"Security intelligence Type\":\"%%800\",\"Update Type Index\":\"1\",\"Update Type\":\"%%803\",\"Current Engine Version\":\"1.1.24090.11\",\"Previous Engine Version\":\"1.1.16400.2\"}}}",
  "xml_fields": {
    "provider": "Microsoft-Windows-Windows Defender",
    "event_id": "2000",
    "timestamp": "2025-01-06T12:34:52.005598Z",
    "event_record_id": "16",
    "level": "4",
    "task": "0",
    "opcode": "0",
    "keywords": "0x8000000000000000",
    "channel": "Microsoft-Windows-Windows Defender/Operational",
    "computer": "cyberjunkie-test",
    "Product Name": "%%827",
    "Product Version": "4.18.1909.6",
    "Current security intelligence Version": "1.421.1216.0",
    "Previous security intelligence Version": "1.303.25.0",
    "Unused": "",
    "Unused2": "",
    "Unused3": "",
    "Domain": "NT AUTHORITY",
    "User": "SYSTEM",
    "SID": "S-1-5-18",
    "Security intelligence Type Index": "1",
    "Security intelligence Type": "%%800",
    "Update Type Index": "1",
    "Update Type": "%%803",
    "Current Engine Version": "1.1.24090.11",
    "Previous Engine Version": "1.1.16400.2"
  },
  "json_fields": {
    "provider": "Microsoft-Windows-Windows Defender",
    "channel": "Microsoft-Windows-Windows Defender/Operational",
    "event_id": "2000",
    "timestamp": "2025-01-06T12:34:52.005598Z",
    "event_record_id": "16",
    "level": "4",
    "task": "0",
    "opcode": "0",
    "keywords": "0x8000000000000000",
    "computer": "cyberjunkie-test",
    "Product Name": "%%827",
    "Product Version": "4.18.1909.6",
    "Current security intelligence Version": "1.421.1216.0",
    "Previous security intelligence Version": "1.303.25.0",
    "Unused": "",
    "Unused2": "",
    "Unused3": "",
    "Domain": "NT AUTHORITY",
    "User": "SYSTEM",
    "SID": "S-1-5-18",
    "Security intelligence Type Index": "1",
    "Security intelligence Type": "%%800",
    "Update Type Index": "1",
    "Update Type": "%%803",
    "Current Engine Version": "1.1.24090.11",
    "Previous Engine Version": "1.1.16400.2"
  }
}