{
  "event_id": "2000",
  "provider": "Microsoft-Windows-Install-Agent",
  "channel": "Microsoft-Windows-Store/Operational",
  "source_file": "D:\\visual code file\\Project_4\\Event-Analyzer\\test\\Logs\\Microsoft-Windows-Store%4Operational.evtx",
  "event_record_id": 755,
  "xml": "<?xml version=\"1.0\" encoding=\"utf-8\"?>\n<Event xmlns=\"http://schemas.microsoft.com/win/2004/08/events/event\">\n  <System>\n    <Provider Name=\"Microsoft-Windows-Install-Agent\" Guid=\"E0C6F6DE-258A-50E0-AC1A-103482D118BC\">\n    </Provider>\n    <EventID>2000</EventID>\n    <Version>0</Version>\n    <Level>4</Level>\n    <Task>2000</Task>\n    <Opcode>0</Opcode>\n    <Keywords>0x8000000020000000</Keywords>\n    <TimeCreated SystemTime=\"2024-11-04T13:03:44.566344Z\">\n    </TimeCreated>\n    <EventRecordID>755</EventRecordID>\n    <Correlation>\n    </Correlation>\n    <Execution ProcessID=\"2056\" ThreadID=\"3356\">\n    </Execution>\n    <Channel>Microsoft-Windows-Store/Operational</Channel>\n    <Computer>DESKTOP-P9H5FTA</Computer>\n    <Security UserID=\"S-1-5-18\">\n    </Security>\n  </System>\n  <EventData>\n    <Data Name=\"Process Name\">C:\\Windows\\system32\\taskhostw.exe</Data>\n    <Data Name=\"Module Name\">C:\\Windows\\System32\\InstallServiceTasks.dll</Data>\n    <Data Name=\"Build Name\">19041.1.amd64fre.vb_release.191206-1406</Data>\n  </EventData>\n</Event>\n",
  "json": "{\"Event\":{\"#attributes\":{\"xmlns\":\"http://schemas.microsoft.com/win/2004/08/events/event\"},\"System\":{\"Provider\":{\"#attributes\":{\"Name\":\"Microsoft-Windows-Install-Agent\",\"Guid\":\"E0C6F6DE-258A-50E0-AC1A-103482D118BC\"}},\"EventID\":2000,\"Version\":0,\"Level\":4,\"Task\":2000,\"Opcode\":0,\"Keywords\":\"0x8000000020000000\",\"TimeCreated\":{\"#attributes\":{\"SystemTime\":\"2024-11-04T13:03:44.566344Z\"}},\"EventRecordID\":755,\"Correlation\":null,\"Execution\":{\"#attributes\":{\"ProcessID\":2056,\"ThreadID\":3356}},\"Channel\":\"Microsoft-Windows-Store/Operational\",\"Computer\":\"DESKTOP-P9H5FTA\",\"Security\":{\"#attributes\":{\"UserID\":\"S-1-5-18\"}}},\"EventData\":{\"Process Name\":\"C:\\\\Windows\\\\system32\\\\taskhostw.exe\",\"Module Name\":\"C:\\\\Windows\\\\System32\\\\InstallServiceTasks.dll\",\"Build Name\":\"19041.1.amd64fre.vb_release.191206-1406\"}}}",
  "xml_fields": {
    "provider": "Microsoft-Windows-Install-Agent",
    "event_id": "2000",
    "timestamp": "2024-11-04T13:03:44.566344Z",
    "event_record_id": "755",
    "level": "4",
    "task": "2000",
    "opcode": "0",
    "keywords": "0x8000000020000000",
    "channel": "Microsoft-Windows-Store/Operational",
    "computer": "DESKTOP-P9H5FTA",
    "Process Name": "C:\\Windows\\system32\\taskhostw.exe",
    "Module Name": "C:\\Windows\\System32\\InstallServiceTasks.dll",
    "Build Name": "19041.1.amd64fre.vb_release.191206-1406"
  },
  "json_fields": {
    "provider": "Microsoft-Windows-Install-Agent",
    "channel": "Microsoft-Windows-Store/Operational",
    "event_id": "2000",
    "timestamp": "2024-11-04T13:03:44.566344Z",
    "event_record_id": "755",
    "level": "4",
    "task": "2000",
    "opcode": "0",
    "keywords": "0x8000000020000000",
    "computer": "DESKTOP-P9H5FTA",
    "Process Name": "C:\\Windows\\system32\\taskhostw.exe",
    "Module Name": "C:\\Windows\\System32\\InstallServiceTasks.dll",
    "Build Name": "19041.1.amd64fre.vb_release.191206-1406"
  }
}