{
  "event_id": "20003",
  "provider": "Microsoft-Windows-UserPnp",
  "channel": "System",
  "source_file": "D:\\visual code file\\Project_4\\Event-Analyzer\\test\\Benign\\Logs_Client\\System.evtx",
  "event_record_id": 291,
  "xml": "<?xml version=\"1.0\" encoding=\"utf-8\"?>\n<Event xmlns=\"http://schemas.microsoft.com/win/2004/08/events/event\">\n  <System>\n    <Provider Name=\"Microsoft-Windows-UserPnp\" Guid=\"96F4A050-7E31-453C-88BE-9634F4E02139\">\n    </Provider>\n    <EventID>20003</EventID>\n    <Version>0</Version>\n    <Level>4</Level>\n    <Task>7005</Task>\n    <Opcode>0</Opcode>\n    <Keywords>0x8000000000000000</Keywords>\n    <TimeCreated SystemTime=\"2022-02-07T12:07:29.157667Z\">\n    </TimeCreated>\n    <EventRecordID>291</EventRecordID>\n    <Correlation>\n    </Correlation>\n    <Execution ProcessID=\"3524\" ThreadID=\"5660\">\n    </Execution>\n    <Channel>System</Channel>\n    <Computer>DESKTOP-A8CALR3</Computer>\n    <Security UserID=\"S-1-5-18\">\n    </Security>\n  </System>\n  <UserData>\n    <AddServiceID xmlns=\"http://manifests.microsoft.com/win/2004/08/windows/userpnp\">\n      <ServiceName>VBoxGuest</ServiceName>\n      <DriverFileName>system32\\DRIVERS\\VBoxGuest.sys</DriverFileName>\n      <DeviceInstanceID>PCI\\VEN_80EE&amp;DEV_CAFE&amp;SUBSYS_00000000&amp;REV_00\\3&amp;267A616A&amp;0&amp;20</DeviceInstanceID>\n      <PrimaryService>true</PrimaryService>\n      <UpdateService>false</UpdateService>\n      <AddServiceStatus>0</AddServiceStatus>\n    </AddServiceID>\n  </UserData>\n</Event>\n",
  "json": "{\"Event\":{\"#attributes\":{\"xmlns\":\"http://schemas.microsoft.com/win/2004/08/events/event\"},\"System\":{\"Provider\":{\"#attributes\":{\"Name\":\"Microsoft-Windows-UserPnp\",\"Guid\":\"96F4A050-7E31-453C-88BE-9634F4E02139\"}},\"EventID\":20003,\"Version\":0,\"Level\":4,\"Task\":7005,\"Opcode\":0,\"Keywords\":\"0x8000000000000000\",\"TimeCreated\":{\"#attributes\":{\"SystemTime\":\"2022-02-07T12:07:29.157667Z\"}},\"EventRecordID\":291,\"Correlation\":null,\"Execution\":{\"#attributes\":{\"ProcessID\":3524,\"ThreadID\":5660}},\"Channel\":\"System\",\"Computer\":\"DESKTOP-A8CALR3\",\"Security\":{\"#attributes\":{\"UserID\":\"S-1-5-18\"}}},\"UserData\":{\"AddServiceID\":{\"#attributes\":{\"xmlns\":\"http://manifests.microsoft.com/win/2004/08/windows/userpnp\"},\"ServiceName\":\"VBoxGuest\",\"DriverFileName\":\"system32\\\\DRIVERS\\\\VBoxGuest.sys\",\"DeviceInstanceID\":\"PCI\\\\VEN_80EE&DEV_CAFE&SUBSYS_00000000&REV_00\\\\3&267A616A&0&20\",\"PrimaryService\":true,\"UpdateService\":false,\"AddServiceStatus\":0}}}}",
  "xml_fields": {
    "provider": "Microsoft-Windows-UserPnp",
    "event_id": "20003",
    "timestamp": "2022-02-07T12:07:29.157667Z",
    "event_record_id": "291",
    "level": "4",
    "task": "7005",
    "opcode": "0",
    "keywords": "0x8000000000000000",
    "channel": "System",
    "computer": "DESKTOP-A8CALR3",
    "ServiceName": "VBoxGuest",
    "DriverFileName": "system32\\DRIVERS\\VBoxGuest.sys",
    "DeviceInstanceID": "PCI\\VEN_80EE&DEV_CAFE&SUBSYS_00000000&REV_00\\3&267A616A&0&20",
    "PrimaryService": "true",
    "UpdateService": "false",
    "AddServiceStatus": "0"
  },
  "json_fields": {
    "provider": "Microsoft-Windows-UserPnp",
    "channel": "System",
    "event_id": "20003",
    "timestamp": "2022-02-07T12:07:29.157667Z",
    "event_record_id": "291",
    "level": "4",
    "task": "7005",
    "opcode": "0",
    "keywords": "0x8000000000000000",
    "computer": "DESKTOP-A8CALR3",
    "ServiceName": "VBoxGuest",
    "DriverFileName": "system32\\DRIVERS\\VBoxGuest.sys",
    "DeviceInstanceID": "PCI\\VEN_80EE&DEV_CAFE&SUBSYS_00000000&REV_00\\3&267A616A&0&20",
    "PrimaryService": "True",
    "UpdateService": "False",
    "AddServiceStatus": "0"
  }
}