{
  "event_id": "20002",
  "provider": "Microsoft-Windows-NetworkProfile",
  "channel": "Microsoft-Windows-NetworkProfile/Operational",
  "source_file": "D:\\visual code file\\Project_4\\Event-Analyzer\\test\\Logs\\Microsoft-Windows-NetworkProfile%4Operational.evtx",
  "event_record_id": 2,
  "xml": "<?xml version=\"1.0\" encoding=\"utf-8\"?>\n<Event xmlns=\"http://schemas.microsoft.com/win/2004/08/events/event\">\n  <System>\n    <Provider Name=\"Microsoft-Windows-NetworkProfile\" Guid=\"FBCFAC3F-8459-419F-8E48-1F0B49CDB85E\">\n    </Provider>\n    <EventID>20002</EventID>\n    <Version>0</Version>\n    <Level>4</Level>\n    <Task>0</Task>\n    <Opcode>0</Opcode>\n    <Keywords>0x4000000000000020</Keywords>\n    <TimeCreated SystemTime=\"2024-11-05T01:34:16.804141Z\">\n    </TimeCreated>\n    <EventRecordID>2</EventRecordID>\n    <Correlation>\n    </Correlation>\n    <Execution ProcessID=\"1968\" ThreadID=\"2100\">\n    </Execution>\n    <Channel>Microsoft-Windows-NetworkProfile/Operational</Channel>\n    <Computer>DESKTOP-P9H5FTA</Computer>\n    <Security UserID=\"S-1-5-19\">\n    </Security>\n  </System>\n  <EventData>\n    <Data Name=\"ProfileGuid\">E12EC1A9-D10A-4A6D-BA2C-7981C09EB439</Data>\n    <Data Name=\"InterfaceGuid\">B7061870-333D-43DA-8FA1-39E4745BFF17</Data>\n    <Data Name=\"Category\">0</Data>\n    <Data Name=\"ErrorCodev4\">0</Data>\n    <Data Name=\"ErrorCodev6\">0</Data>\n    <Data Name=\"Context\">3887</Data>\n  </EventData>\n</Event>\n",
  "json": "{\"Event\":{\"#attributes\":{\"xmlns\":\"http://schemas.microsoft.com/win/2004/08/events/event\"},\"System\":{\"Provider\":{\"#attributes\":{\"Name\":\"Microsoft-Windows-NetworkProfile\",\"Guid\":\"FBCFAC3F-8459-419F-8E48-1F0B49CDB85E\"}},\"EventID\":20002,\"Version\":0,\"Level\":4,\"Task\":0,\"Opcode\":0,\"Keywords\":\"0x4000000000000020\",\"TimeCreated\":{\"#attributes\":{\"SystemTime\":\"2024-11-05T01:34:16.804141Z\"}},\"EventRecordID\":2,\"Correlation\":null,\"Execution\":{\"#attributes\":{\"ProcessID\":1968,\"ThreadID\":2100}},\"Channel\":\"Microsoft-Windows-NetworkProfile/Operational\",\"Computer\":\"DESKTOP-P9H5FTA\",\"Security\":{\"#attributes\":{\"UserID\":\"S-1-5-19\"}}},\"EventData\":{\"ProfileGuid\":\"E12EC1A9-D10A-4A6D-BA2C-7981C09EB439\",\"InterfaceGuid\":\"B7061870-333D-43DA-8FA1-39E4745BFF17\",\"Category\":0,\"ErrorCodev4\":0,\"ErrorCodev6\":0,\"Context\":3887}}}",
  "xml_fields": {
    "provider": "Microsoft-Windows-NetworkProfile",
    "event_id": "20002",
    "timestamp": "2024-11-05T01:34:16.804141Z",
    "event_record_id": "2",
    "level": "4",
    "task": "0",
    "opcode": "0",
    "keywords": "0x4000000000000020",
    "channel": "Microsoft-Windows-NetworkProfile/Operational",
    "computer": "DESKTOP-P9H5FTA",
    "ProfileGuid": "E12EC1A9-D10A-4A6D-BA2C-7981C09EB439",
    "InterfaceGuid": "B7061870-333D-43DA-8FA1-39E4745BFF17",
    "Category": "0",
    "ErrorCodev4": "0",
    "ErrorCodev6": "0",
    "Context": "3887"
  },
  "json_fields": {
    "provider": "Microsoft-Windows-NetworkProfile",
    "channel": "Microsoft-Windows-NetworkProfile/Operational",
    "event_id": "20002",
    "timestamp": "2024-11-05T01:34:16.804141Z",
    "event_record_id": "2",
    "level": "4",
    "task": "0",
    "opcode": "0",
    "keywords": "0x4000000000000020",
    "computer": "DESKTOP-P9H5FTA",
    "ProfileGuid": "E12EC1A9-D10A-4A6D-BA2C-7981C09EB439",
    "InterfaceGuid": "B7061870-333D-43DA-8FA1-39E4745BFF17",
    "Category": "0",
    "ErrorCodev4": "0",
    "ErrorCodev6": "0",
    "Context": "3887"
  }
}