{
  "event_id": "20001",
  "provider": "Microsoft-Windows-UserPnp",
  "channel": "System",
  "source_file": "D:\\visual code file\\Project_4\\Event-Analyzer\\test\\Benign\\win7-x86\\System.evtx",
  "event_record_id": 115,
  "xml": "<?xml version=\"1.0\" encoding=\"utf-8\"?>\n<Event xmlns=\"http://schemas.microsoft.com/win/2004/08/events/event\">\n  <System>\n    <Provider Name=\"Microsoft-Windows-UserPnp\" Guid=\"96F4A050-7E31-453C-88BE-9634F4E02139\">\n    </Provider>\n    <EventID>20001</EventID>\n    <Version>0</Version>\n    <Level>4</Level>\n    <Task>7005</Task>\n    <Opcode>0</Opcode>\n    <Keywords>0x8000000000000000</Keywords>\n    <TimeCreated SystemTime=\"2022-04-04T19:07:06.312500Z\">\n    </TimeCreated>\n    <EventRecordID>115</EventRecordID>\n    <Correlation>\n    </Correlation>\n    <Execution ProcessID=\"1716\" ThreadID=\"1740\">\n    </Execution>\n    <Channel>System</Channel>\n    <Computer>37L4247D28-05</Computer>\n    <Security UserID=\"S-1-5-18\">\n    </Security>\n  </System>\n  <UserData>\n    <InstallDeviceID xmlns:auto-ns2=\"http://schemas.microsoft.com/win/2004/08/events\" xmlns=\"http://manifests.microsoft.com/win/2004/08/windows/userpnp\">\n      <DriverName>NULL Driver</DriverName>\n      <DriverVersion>0</DriverVersion>\n      <DriverProvider></DriverProvider>\n      <DeviceInstanceID>PCI\\VEN_80EE&amp;DEV_CAFE&amp;SUBSYS_00000000&amp;REV_00\\3&amp;267A616A&amp;0&amp;20</DeviceInstanceID>\n      <SetupClass>00000000-0000-0000-0000-000000000000</SetupClass>\n      <RebootOption>false</RebootOption>\n      <UpgradeDevice>false</UpgradeDevice>\n      <IsDriverOEM>false</IsDriverOEM>\n      <InstallStatus>0x0</InstallStatus>\n      <DriverDescription></DriverDescription>\n    </InstallDeviceID>\n  </UserData>\n</Event>\n",
  "json": "{\"Event\":{\"#attributes\":{\"xmlns\":\"http://schemas.microsoft.com/win/2004/08/events/event\"},\"System\":{\"Provider\":{\"#attributes\":{\"Name\":\"Microsoft-Windows-UserPnp\",\"Guid\":\"96F4A050-7E31-453C-88BE-9634F4E02139\"}},\"EventID\":20001,\"Version\":0,\"Level\":4,\"Task\":7005,\"Opcode\":0,\"Keywords\":\"0x8000000000000000\",\"TimeCreated\":{\"#attributes\":{\"SystemTime\":\"2022-04-04T19:07:06.312500Z\"}},\"EventRecordID\":115,\"Correlation\":null,\"Execution\":{\"#attributes\":{\"ProcessID\":1716,\"ThreadID\":1740}},\"Channel\":\"System\",\"Computer\":\"37L4247D28-05\",\"Security\":{\"#attributes\":{\"UserID\":\"S-1-5-18\"}}},\"UserData\":{\"InstallDeviceID\":{\"#attributes\":{\"xmlns:auto-ns2\":\"http://schemas.microsoft.com/win/2004/08/events\",\"xmlns\":\"http://manifests.microsoft.com/win/2004/08/windows/userpnp\"},\"DriverName\":\"NULL Driver\",\"DriverVersion\":\"0\",\"DriverProvider\":null,\"DeviceInstanceID\":\"PCI\\\\VEN_80EE&DEV_CAFE&SUBSYS_00000000&REV_00\\\\3&267A616A&0&20\",\"SetupClass\":\"00000000-0000-0000-0000-000000000000\",\"RebootOption\":false,\"UpgradeDevice\":false,\"IsDriverOEM\":false,\"InstallStatus\":\"0x0\",\"DriverDescription\":null}}}}",
  "xml_fields": {
    "provider": "Microsoft-Windows-UserPnp",
    "event_id": "20001",
    "timestamp": "2022-04-04T19:07:06.312500Z",
    "event_record_id": "115",
    "level": "4",
    "task": "7005",
    "opcode": "0",
    "keywords": "0x8000000000000000",
    "channel": "System",
    "computer": "37L4247D28-05",
    "DriverName": "NULL Driver",
    "DriverVersion": "0",
    "DeviceInstanceID": "PCI\\VEN_80EE&DEV_CAFE&SUBSYS_00000000&REV_00\\3&267A616A&0&20",
    "SetupClass": "00000000-0000-0000-0000-000000000000",
    "RebootOption": "false",
    "UpgradeDevice": "false",
    "IsDriverOEM": "false",
    "InstallStatus": "0x0"
  },
  "json_fields": {
    "provider": "Microsoft-Windows-UserPnp",
    "channel": "System",
    "event_id": "20001",
    "timestamp": "2022-04-04T19:07:06.312500Z",
    "event_record_id": "115",
    "level": "4",
    "task": "7005",
    "opcode": "0",
    "keywords": "0x8000000000000000",
    "computer": "37L4247D28-05",
    "DriverName": "NULL Driver",
    "DriverVersion": "0",
    "DeviceInstanceID": "PCI\\VEN_80EE&DEV_CAFE&SUBSYS_00000000&REV_00\\3&267A616A&0&20",
    "SetupClass": "00000000-0000-0000-0000-000000000000",
    "RebootOption": "False",
    "UpgradeDevice": "False",
    "IsDriverOEM": "False",
    "InstallStatus": "0x0"
  }
}