{
  "event_id": "2001",
  "provider": "Microsoft-Windows-Windows Defender",
  "channel": "Microsoft-Windows-Windows Defender/Operational",
  "source_file": "D:\\visual code file\\Project_4\\Event-Analyzer\\test\\Benign\\Logs_Win11\\Microsoft-Windows-Windows Defender%4Operational.evtx",
  "event_record_id": 37,
  "xml": "<?xml version=\"1.0\" encoding=\"utf-8\"?>\n<Event xmlns=\"http://schemas.microsoft.com/win/2004/08/events/event\">\n  <System>\n    <Provider Name=\"Microsoft-Windows-Windows Defender\" Guid=\"11CD958A-C507-4EF3-B3F2-5FD9DFBD2C78\">\n    </Provider>\n    <EventID>2001</EventID>\n    <Version>0</Version>\n    <Level>2</Level>\n    <Task>0</Task>\n    <Opcode>0</Opcode>\n    <Keywords>0x8000000000000000</Keywords>\n    <TimeCreated SystemTime=\"2022-03-01T19:29:39.794954Z\">\n    </TimeCreated>\n    <EventRecordID>37</EventRecordID>\n    <Correlation>\n    </Correlation>\n    <Execution ProcessID=\"3408\" ThreadID=\"1468\">\n    </Execution>\n    <Channel>Microsoft-Windows-Windows Defender/Operational</Channel>\n    <Computer>DESKTOP-6D0DBMB</Computer>\n    <Security UserID=\"S-1-5-18\">\n    </Security>\n  </System>\n  <EventData>\n    <Data Name=\"Product Name\">Antivirus Microsoft Defender</Data>\n    <Data Name=\"Product Version\">4.18.2104.10</Data>\n    <Data Name=\"Current security intelligence Version\"></Data>\n    <Data Name=\"Previous security intelligence Version\">1.359.1169.0</Data>\n    <Data Name=\"Update Source Index\">7</Data>\n    <Data Name=\"Update Source\">Serveur Microsoft Update</Data>\n    <Data Name=\"Unused\"></Data>\n    <Data Name=\"Domain\">AUTORITE NT</Data>\n    <Data Name=\"User\">Syst\u00e8me</Data>\n    <Data Name=\"SID\">S-1-5-18</Data>\n    <Data Name=\"Security intelligence Type Index\">1</Data>\n    <Data Name=\"Security intelligence Type\">Anti-virus</Data>\n    <Data Name=\"Update Type Index\">1</Data>\n    <Data Name=\"Update Type\">Complet</Data>\n    <Data Name=\"Current Engine Version\"></Data>\n    <Data Name=\"Previous Engine Version\">1.1.18900.3</Data>\n    <Data Name=\"Error Code\">0x80240022</Data>\n    <Data Name=\"Error Description\">Le programme ne peut pas rechercher les mises \u00e0 jour de d\u00e9finitions. </Data>\n    <Data Name=\"Update State Index\">3</Data>\n    <Data Name=\"Update State\">Installer</Data>\n    <Data Name=\"Source Path\">https://fe2cr.update.microsoft.com/v6/</Data>\n  </EventData>\n</Event>\n",
  "json": "{\"Event\":{\"#attributes\":{\"xmlns\":\"http://schemas.microsoft.com/win/2004/08/events/event\"},\"System\":{\"Provider\":{\"#attributes\":{\"Name\":\"Microsoft-Windows-Windows Defender\",\"Guid\":\"11CD958A-C507-4EF3-B3F2-5FD9DFBD2C78\"}},\"EventID\":2001,\"Version\":0,\"Level\":2,\"Task\":0,\"Opcode\":0,\"Keywords\":\"0x8000000000000000\",\"TimeCreated\":{\"#attributes\":{\"SystemTime\":\"2022-03-01T19:29:39.794954Z\"}},\"EventRecordID\":37,\"Correlation\":null,\"Execution\":{\"#attributes\":{\"ProcessID\":3408,\"ThreadID\":1468}},\"Channel\":\"Microsoft-Windows-Windows Defender/Operational\",\"Computer\":\"DESKTOP-6D0DBMB\",\"Security\":{\"#attributes\":{\"UserID\":\"S-1-5-18\"}}},\"EventData\":{\"Product Name\":\"Antivirus Microsoft Defender\",\"Product Version\":\"4.18.2104.10\",\"Current security intelligence Version\":\"\",\"Previous security intelligence Version\":\"1.359.1169.0\",\"Update Source Index\":\"7\",\"Update Source\":\"Serveur Microsoft Update\",\"Unused\":\"\",\"Domain\":\"AUTORITE NT\",\"User\":\"Syst\u00e8me\",\"SID\":\"S-1-5-18\",\"Security intelligence Type Index\":\"1\",\"Security intelligence Type\":\"Anti-virus\",\"Update Type Index\":\"1\",\"Update Type\":\"Complet\",\"Current Engine Version\":\"\",\"Previous Engine Version\":\"1.1.18900.3\",\"Error Code\":\"0x80240022\",\"Error Description\":\"Le programme ne peut pas rechercher les mises \u00e0 jour de d\u00e9finitions. \",\"Update State Index\":\"3\",\"Update State\":\"Installer\",\"Source Path\":\"https://fe2cr.update.microsoft.com/v6/\"}}}",
  "xml_fields": {
    "provider": "Microsoft-Windows-Windows Defender",
    "event_id": "2001",
    "timestamp": "2022-03-01T19:29:39.794954Z",
    "event_record_id": "37",
    "level": "2",
    "task": "0",
    "opcode": "0",
    "keywords": "0x8000000000000000",
    "channel": "Microsoft-Windows-Windows Defender/Operational",
    "computer": "DESKTOP-6D0DBMB",
    "Product Name": "Antivirus Microsoft Defender",
    "Product Version": "4.18.2104.10",
    "Current security intelligence Version": "",
    "Previous security intelligence Version": "1.359.1169.0",
    "Update Source Index": "7",
    "Update Source": "Serveur Microsoft Update",
    "Unused": "",
    "Domain": "AUTORITE NT",
    "User": "Syst\u00e8me",
    "SID": "S-1-5-18",
    "Security intelligence Type Index": "1",
    "Security intelligence Type": "Anti-virus",
    "Update Type Index": "1",
    "Update Type": "Complet",
    "Current Engine Version": "",
    "Previous Engine Version": "1.1.18900.3",
    "Error Code": "0x80240022",
    "Error Description": "Le programme ne peut pas rechercher les mises \u00e0 jour de d\u00e9finitions. ",
    "Update State Index": "3",
    "Update State": "Installer",
    "Source Path": "https://fe2cr.update.microsoft.com/v6/"
  },
  "json_fields": {
    "provider": "Microsoft-Windows-Windows Defender",
    "channel": "Microsoft-Windows-Windows Defender/Operational",
    "event_id": "2001",
    "timestamp": "2022-03-01T19:29:39.794954Z",
    "event_record_id": "37",
    "level": "2",
    "task": "0",
    "opcode": "0",
    "keywords": "0x8000000000000000",
    "computer": "DESKTOP-6D0DBMB",
    "Product Name": "Antivirus Microsoft Defender",
    "Product Version": "4.18.2104.10",
    "Current security intelligence Version": "",
    "Previous security intelligence Version": "1.359.1169.0",
    "Update Source Index": "7",
    "Update Source": "Serveur Microsoft Update",
    "Unused": "",
    "Domain": "AUTORITE NT",
    "User": "Syst\u00e8me",
    "SID": "S-1-5-18",
    "Security intelligence Type Index": "1",
    "Security intelligence Type": "Anti-virus",
    "Update Type Index": "1",
    "Update Type": "Complet",
    "Current Engine Version": "",
    "Previous Engine Version": "1.1.18900.3",
    "Error Code": "0x80240022",
    "Error Description": "Le programme ne peut pas rechercher les mises \u00e0 jour de d\u00e9finitions. ",
    "Update State Index": "3",
    "Update State": "Installer",
    "Source Path": "https://fe2cr.update.microsoft.com/v6/"
  }
}