{
  "event_id": "2001",
  "provider": "Microsoft-Windows-WebAuthN",
  "channel": "Microsoft-Windows-WebAuthN/Operational",
  "source_file": "D:\\visual code file\\Project_4\\Event-Analyzer\\test\\Logs\\Microsoft-Windows-WebAuthN%4Operational.evtx",
  "event_record_id": 3,
  "xml": "<?xml version=\"1.0\" encoding=\"utf-8\"?>\n<Event xmlns=\"http://schemas.microsoft.com/win/2004/08/events/event\">\n  <System>\n    <Provider Name=\"Microsoft-Windows-WebAuthN\" Guid=\"3AE1EA61-C002-47FB-B06C-4022A8C98929\">\n    </Provider>\n    <EventID>2001</EventID>\n    <Version>0</Version>\n    <Level>16</Level>\n    <Task>500</Task>\n    <Opcode>11</Opcode>\n    <Keywords>0x8000000000000002</Keywords>\n    <TimeCreated SystemTime=\"2024-11-04T12:39:54.660132Z\">\n    </TimeCreated>\n    <EventRecordID>3</EventRecordID>\n    <Correlation>\n    </Correlation>\n    <Execution ProcessID=\"1388\" ThreadID=\"3224\">\n    </Execution>\n    <Channel>Microsoft-Windows-WebAuthN/Operational</Channel>\n    <Computer>DESKTOP-P9H5FTA</Computer>\n    <Security UserID=\"S-1-5-20\">\n    </Security>\n  </System>\n  <EventData>\n  </EventData>\n</Event>\n",
  "json": "{\"Event\":{\"#attributes\":{\"xmlns\":\"http://schemas.microsoft.com/win/2004/08/events/event\"},\"System\":{\"Provider\":{\"#attributes\":{\"Name\":\"Microsoft-Windows-WebAuthN\",\"Guid\":\"3AE1EA61-C002-47FB-B06C-4022A8C98929\"}},\"EventID\":2001,\"Version\":0,\"Level\":16,\"Task\":500,\"Opcode\":11,\"Keywords\":\"0x8000000000000002\",\"TimeCreated\":{\"#attributes\":{\"SystemTime\":\"2024-11-04T12:39:54.660132Z\"}},\"EventRecordID\":3,\"Correlation\":null,\"Execution\":{\"#attributes\":{\"ProcessID\":1388,\"ThreadID\":3224}},\"Channel\":\"Microsoft-Windows-WebAuthN/Operational\",\"Computer\":\"DESKTOP-P9H5FTA\",\"Security\":{\"#attributes\":{\"UserID\":\"S-1-5-20\"}}},\"EventData\":null}}",
  "xml_fields": {
    "provider": "Microsoft-Windows-WebAuthN",
    "event_id": "2001",
    "timestamp": "2024-11-04T12:39:54.660132Z",
    "event_record_id": "3",
    "level": "16",
    "task": "500",
    "opcode": "11",
    "keywords": "0x8000000000000002",
    "channel": "Microsoft-Windows-WebAuthN/Operational",
    "computer": "DESKTOP-P9H5FTA"
  },
  "json_fields": {
    "provider": "Microsoft-Windows-WebAuthN",
    "channel": "Microsoft-Windows-WebAuthN/Operational",
    "event_id": "2001",
    "timestamp": "2024-11-04T12:39:54.660132Z",
    "event_record_id": "3",
    "level": "16",
    "task": "500",
    "opcode": "11",
    "keywords": "0x8000000000000002",
    "computer": "DESKTOP-P9H5FTA"
  }
}