{
  "event_id": "20010",
  "provider": "Microsoft-Windows-UserPnp",
  "channel": "System",
  "source_file": "D:\\visual code file\\Project_4\\Event-Analyzer\\test\\Benign\\win7-x86\\System.evtx",
  "event_record_id": 17,
  "xml": "<?xml version=\"1.0\" encoding=\"utf-8\"?>\n<Event xmlns=\"http://schemas.microsoft.com/win/2004/08/events/event\">\n  <System>\n    <Provider Name=\"Microsoft-Windows-UserPnp\" Guid=\"96F4A050-7E31-453C-88BE-9634F4E02139\">\n    </Provider>\n    <EventID>20010</EventID>\n    <Version>0</Version>\n    <Level>4</Level>\n    <Task>7010</Task>\n    <Opcode>0</Opcode>\n    <Keywords>0x8000000000000000</Keywords>\n    <TimeCreated SystemTime=\"2009-07-14T04:56:45.573539Z\">\n    </TimeCreated>\n    <EventRecordID>17</EventRecordID>\n    <Correlation>\n    </Correlation>\n    <Execution ProcessID=\"620\" ThreadID=\"880\">\n    </Execution>\n    <Channel>System</Channel>\n    <Computer>37L4247D28-05</Computer>\n    <Security UserID=\"S-1-5-18\">\n    </Security>\n  </System>\n  <UserData>\n    <INFO_PNP_STATE xmlns:auto-ns2=\"http://schemas.microsoft.com/win/2004/08/events\" xmlns=\"http://manifests.microsoft.com/win/2004/08/windows/userpnp\">\n      <InstallSubsystemState>false</InstallSubsystemState>\n      <CachingSubsystemState>false</CachingSubsystemState>\n    </INFO_PNP_STATE>\n  </UserData>\n</Event>\n",
  "json": "{\"Event\":{\"#attributes\":{\"xmlns\":\"http://schemas.microsoft.com/win/2004/08/events/event\"},\"System\":{\"Provider\":{\"#attributes\":{\"Name\":\"Microsoft-Windows-UserPnp\",\"Guid\":\"96F4A050-7E31-453C-88BE-9634F4E02139\"}},\"EventID\":20010,\"Version\":0,\"Level\":4,\"Task\":7010,\"Opcode\":0,\"Keywords\":\"0x8000000000000000\",\"TimeCreated\":{\"#attributes\":{\"SystemTime\":\"2009-07-14T04:56:45.573539Z\"}},\"EventRecordID\":17,\"Correlation\":null,\"Execution\":{\"#attributes\":{\"ProcessID\":620,\"ThreadID\":880}},\"Channel\":\"System\",\"Computer\":\"37L4247D28-05\",\"Security\":{\"#attributes\":{\"UserID\":\"S-1-5-18\"}}},\"UserData\":{\"INFO_PNP_STATE\":{\"#attributes\":{\"xmlns:auto-ns2\":\"http://schemas.microsoft.com/win/2004/08/events\",\"xmlns\":\"http://manifests.microsoft.com/win/2004/08/windows/userpnp\"},\"InstallSubsystemState\":false,\"CachingSubsystemState\":false}}}}",
  "xml_fields": {
    "provider": "Microsoft-Windows-UserPnp",
    "event_id": "20010",
    "timestamp": "2009-07-14T04:56:45.573539Z",
    "event_record_id": "17",
    "level": "4",
    "task": "7010",
    "opcode": "0",
    "keywords": "0x8000000000000000",
    "channel": "System",
    "computer": "37L4247D28-05",
    "InstallSubsystemState": "false",
    "CachingSubsystemState": "false"
  },
  "json_fields": {
    "provider": "Microsoft-Windows-UserPnp",
    "channel": "System",
    "event_id": "20010",
    "timestamp": "2009-07-14T04:56:45.573539Z",
    "event_record_id": "17",
    "level": "4",
    "task": "7010",
    "opcode": "0",
    "keywords": "0x8000000000000000",
    "computer": "37L4247D28-05",
    "InstallSubsystemState": "False",
    "CachingSubsystemState": "False"
  }
}