{
  "event_id": "2002",
  "provider": "Microsoft-Windows-Windows Firewall With Advanced Security",
  "channel": "Microsoft-Windows-Windows Firewall With Advanced Security/Firewall",
  "source_file": "D:\\visual code file\\Project_4\\Event-Analyzer\\test\\Benign\\Win2022-AD\\Microsoft-Windows-Windows Firewall With Advanced Security%4Firewall.evtx",
  "event_record_id": 200,
  "xml": "<?xml version=\"1.0\" encoding=\"utf-8\"?>\n<Event xmlns=\"http://schemas.microsoft.com/win/2004/08/events/event\">\n  <System>\n    <Provider Name=\"Microsoft-Windows-Windows Firewall With Advanced Security\" Guid=\"D1BC9AFF-2ABF-4D71-9146-ECB2A986EB85\">\n    </Provider>\n    <EventID>2002</EventID>\n    <Version>0</Version>\n    <Level>4</Level>\n    <Task>0</Task>\n    <Opcode>0</Opcode>\n    <Keywords>0x8000000000000000</Keywords>\n    <TimeCreated SystemTime=\"2022-04-07T08:10:58.195106Z\">\n    </TimeCreated>\n    <EventRecordID>200</EventRecordID>\n    <Correlation>\n    </Correlation>\n    <Execution ProcessID=\"1928\" ThreadID=\"3980\">\n    </Execution>\n    <Channel>Microsoft-Windows-Windows Firewall With Advanced Security/Firewall</Channel>\n    <Computer>WIN-FPV0DSIC9O6</Computer>\n    <Security UserID=\"S-1-5-19\">\n    </Security>\n  </System>\n  <EventData>\n    <Data Name=\"SettingType\">2</Data>\n    <Data Name=\"SettingValueSize\">4</Data>\n    <Data Name=\"SettingValue\">02000000</Data>\n    <Data Name=\"SettingValueDisplay\">(null)</Data>\n    <Data Name=\"Origin\">1</Data>\n    <Data Name=\"ModifyingUser\">S-1-5-80-3088073201-1464728630-1879813800-1107566885-823218052</Data>\n    <Data Name=\"ModifyingApplication\"></Data>\n  </EventData>\n</Event>\n",
  "json": "{\"Event\":{\"#attributes\":{\"xmlns\":\"http://schemas.microsoft.com/win/2004/08/events/event\"},\"System\":{\"Provider\":{\"#attributes\":{\"Name\":\"Microsoft-Windows-Windows Firewall With Advanced Security\",\"Guid\":\"D1BC9AFF-2ABF-4D71-9146-ECB2A986EB85\"}},\"EventID\":2002,\"Version\":0,\"Level\":4,\"Task\":0,\"Opcode\":0,\"Keywords\":\"0x8000000000000000\",\"TimeCreated\":{\"#attributes\":{\"SystemTime\":\"2022-04-07T08:10:58.195106Z\"}},\"EventRecordID\":200,\"Correlation\":null,\"Execution\":{\"#attributes\":{\"ProcessID\":1928,\"ThreadID\":3980}},\"Channel\":\"Microsoft-Windows-Windows Firewall With Advanced Security/Firewall\",\"Computer\":\"WIN-FPV0DSIC9O6\",\"Security\":{\"#attributes\":{\"UserID\":\"S-1-5-19\"}}},\"EventData\":{\"SettingType\":2,\"SettingValueSize\":4,\"SettingValue\":\"02000000\",\"SettingValueDisplay\":\"(null)\",\"Origin\":1,\"ModifyingUser\":\"S-1-5-80-3088073201-1464728630-1879813800-1107566885-823218052\",\"ModifyingApplication\":\"\"}}}",
  "xml_fields": {
    "provider": "Microsoft-Windows-Windows Firewall With Advanced Security",
    "event_id": "2002",
    "timestamp": "2022-04-07T08:10:58.195106Z",
    "event_record_id": "200",
    "level": "4",
    "task": "0",
    "opcode": "0",
    "keywords": "0x8000000000000000",
    "channel": "Microsoft-Windows-Windows Firewall With Advanced Security/Firewall",
    "computer": "WIN-FPV0DSIC9O6",
    "SettingType": "2",
    "SettingValueSize": "4",
    "SettingValue": "02000000",
    "SettingValueDisplay": "(null)",
    "Origin": "1",
    "ModifyingUser": "S-1-5-80-3088073201-1464728630-1879813800-1107566885-823218052",
    "ModifyingApplication": ""
  },
  "json_fields": {
    "provider": "Microsoft-Windows-Windows Firewall With Advanced Security",
    "channel": "Microsoft-Windows-Windows Firewall With Advanced Security/Firewall",
    "event_id": "2002",
    "timestamp": "2022-04-07T08:10:58.195106Z",
    "event_record_id": "200",
    "level": "4",
    "task": "0",
    "opcode": "0",
    "keywords": "0x8000000000000000",
    "computer": "WIN-FPV0DSIC9O6",
    "SettingType": "2",
    "SettingValueSize": "4",
    "SettingValue": "02000000",
    "SettingValueDisplay": "(null)",
    "Origin": "1",
    "ModifyingUser": "S-1-5-80-3088073201-1464728630-1879813800-1107566885-823218052",
    "ModifyingApplication": ""
  }
}