{
  "event_id": "2002",
  "provider": "Windows-ApplicationModel-Store-SDK",
  "channel": "Microsoft-Windows-Store/Operational",
  "source_file": "D:\\visual code file\\Project_4\\Event-Analyzer\\test\\Logs\\Microsoft-Windows-Store%4Operational.evtx",
  "event_record_id": 3685,
  "xml": "<?xml version=\"1.0\" encoding=\"utf-8\"?>\n<Event xmlns=\"http://schemas.microsoft.com/win/2004/08/events/event\">\n  <System>\n    <Provider Name=\"Windows-ApplicationModel-Store-SDK\" Guid=\"FF79A477-C45F-4A52-8AE0-2B324346D4E4\">\n    </Provider>\n    <EventID>2002</EventID>\n    <Version>0</Version>\n    <Level>4</Level>\n    <Task>2001</Task>\n    <Opcode>14</Opcode>\n    <Keywords>0x8000000000000002</Keywords>\n    <TimeCreated SystemTime=\"2025-01-06T12:26:26.083205Z\">\n    </TimeCreated>\n    <EventRecordID>3685</EventRecordID>\n    <Correlation ActivityID=\"D26AA892-20EA-42A2-8B6B-FC7400000000\">\n    </Correlation>\n    <Execution ProcessID=\"3328\" ThreadID=\"9380\">\n    </Execution>\n    <Channel>Microsoft-Windows-Store/Operational</Channel>\n    <Computer>cyberjunkie-test</Computer>\n    <Security UserID=\"S-1-5-21-3088055692-629932344-1786574096-1002\">\n    </Security>\n  </System>\n  <EventData>\n    <Data Name=\"Message\">Windows::Services::Store::StoreContextFactory::GetDefault() invoked. (CV:kqhq0uogokKLa/x0.2)</Data>\n    <Data Name=\"Function\">Windows::Services::Store::StoreContextFactory::GetDefault</Data>\n    <Data Name=\"Error Code\">-1</Data>\n    <Data Name=\"Source\">onecoreuap\\enduser\\winstore\\licensing\\winrt\\lib\\storecontext.cpp</Data>\n    <Data Name=\"Line Number\">57</Data>\n  </EventData>\n</Event>\n",
  "json": "{\"Event\":{\"#attributes\":{\"xmlns\":\"http://schemas.microsoft.com/win/2004/08/events/event\"},\"System\":{\"Provider\":{\"#attributes\":{\"Name\":\"Windows-ApplicationModel-Store-SDK\",\"Guid\":\"FF79A477-C45F-4A52-8AE0-2B324346D4E4\"}},\"EventID\":2002,\"Version\":0,\"Level\":4,\"Task\":2001,\"Opcode\":14,\"Keywords\":\"0x8000000000000002\",\"TimeCreated\":{\"#attributes\":{\"SystemTime\":\"2025-01-06T12:26:26.083205Z\"}},\"EventRecordID\":3685,\"Correlation\":{\"#attributes\":{\"ActivityID\":\"D26AA892-20EA-42A2-8B6B-FC7400000000\"}},\"Execution\":{\"#attributes\":{\"ProcessID\":3328,\"ThreadID\":9380}},\"Channel\":\"Microsoft-Windows-Store/Operational\",\"Computer\":\"cyberjunkie-test\",\"Security\":{\"#attributes\":{\"UserID\":\"S-1-5-21-3088055692-629932344-1786574096-1002\"}}},\"EventData\":{\"Message\":\"Windows::Services::Store::StoreContextFactory::GetDefault() invoked. (CV:kqhq0uogokKLa/x0.2)\",\"Function\":\"Windows::Services::Store::StoreContextFactory::GetDefault\",\"Error Code\":-1,\"Source\":\"onecoreuap\\\\enduser\\\\winstore\\\\licensing\\\\winrt\\\\lib\\\\storecontext.cpp\",\"Line Number\":57}}}",
  "xml_fields": {
    "provider": "Windows-ApplicationModel-Store-SDK",
    "event_id": "2002",
    "timestamp": "2025-01-06T12:26:26.083205Z",
    "event_record_id": "3685",
    "level": "4",
    "task": "2001",
    "opcode": "14",
    "keywords": "0x8000000000000002",
    "channel": "Microsoft-Windows-Store/Operational",
    "computer": "cyberjunkie-test",
    "Message": "Windows::Services::Store::StoreContextFactory::GetDefault() invoked. (CV:kqhq0uogokKLa/x0.2)",
    "Function": "Windows::Services::Store::StoreContextFactory::GetDefault",
    "Error Code": "-1",
    "Source": "onecoreuap\\enduser\\winstore\\licensing\\winrt\\lib\\storecontext.cpp",
    "Line Number": "57"
  },
  "json_fields": {
    "provider": "Windows-ApplicationModel-Store-SDK",
    "channel": "Microsoft-Windows-Store/Operational",
    "event_id": "2002",
    "timestamp": "2025-01-06T12:26:26.083205Z",
    "event_record_id": "3685",
    "level": "4",
    "task": "2001",
    "opcode": "14",
    "keywords": "0x8000000000000002",
    "computer": "cyberjunkie-test",
    "Message": "Windows::Services::Store::StoreContextFactory::GetDefault() invoked. (CV:kqhq0uogokKLa/x0.2)",
    "Function": "Windows::Services::Store::StoreContextFactory::GetDefault",
    "Error Code": "-1",
    "Source": "onecoreuap\\enduser\\winstore\\licensing\\winrt\\lib\\storecontext.cpp",
    "Line Number": "57"
  }
}