{
  "event_id": "2003",
  "provider": "Microsoft-Windows-Windows Firewall With Advanced Security",
  "channel": "Microsoft-Windows-Windows Firewall With Advanced Security/Firewall",
  "source_file": "D:\\visual code file\\Project_4\\Event-Analyzer\\test\\Malicious\\EVTX-to-MITRE-Attack-master\\TA0005-Defense Evasion\\T1562.004-Impair Defenses-Disable or Modify System Firewall\\ID2003-4950-Firewall disabled.evtx",
  "event_record_id": 3,
  "xml": "<?xml version=\"1.0\" encoding=\"utf-8\"?>\n<Event xmlns=\"http://schemas.microsoft.com/win/2004/08/events/event\">\n  <System>\n    <Provider Name=\"Microsoft-Windows-Windows Firewall With Advanced Security\" Guid=\"{D1BC9AFF-2ABF-4D71-9146-ECB2A986EB85}\">\n    </Provider>\n    <EventID>2003</EventID>\n    <Version>0</Version>\n    <Level>4</Level>\n    <Task>0</Task>\n    <Opcode>0</Opcode>\n    <Keywords>0x8000000000000000</Keywords>\n    <TimeCreated SystemTime=\"2021-06-03T19:39:52.893086100Z\">\n    </TimeCreated>\n    <EventRecordID>912</EventRecordID>\n    <Correlation>\n    </Correlation>\n    <Execution ProcessID=\"1000\" ThreadID=\"5464\">\n    </Execution>\n    <Channel>Microsoft-Windows-Windows Firewall With Advanced Security/Firewall</Channel>\n    <Computer>fs01.offsec.lan</Computer>\n    <Security UserID=\"S-1-5-19\">\n    </Security>\n  </System>\n  <EventData>\n    <Data Name=\"Profiles\">1</Data>\n    <Data Name=\"SettingType\">1</Data>\n    <Data Name=\"SettingValueSize\">4</Data>\n    <Data Name=\"SettingValue\">01000000</Data>\n    <Data Name=\"SettingValueString\">Yes</Data>\n    <Data Name=\"Origin\">1</Data>\n    <Data Name=\"ModifyingUser\">S-1-5-21-4230534742-2542757381-3142984815-1111</Data>\n    <Data Name=\"ModifyingApplication\">C:\\Windows\\System32\\wbem\\WmiPrvSE.exe</Data>\n  </EventData>\n</Event>\n",
  "json": "{\"Event\":{\"#attributes\":{\"xmlns\":\"http://schemas.microsoft.com/win/2004/08/events/event\"},\"System\":{\"Provider\":{\"#attributes\":{\"Name\":\"Microsoft-Windows-Windows Firewall With Advanced Security\",\"Guid\":\"{D1BC9AFF-2ABF-4D71-9146-ECB2A986EB85}\"}},\"EventID\":\"2003\",\"Version\":\"0\",\"Level\":\"4\",\"Task\":\"0\",\"Opcode\":\"0\",\"Keywords\":\"0x8000000000000000\",\"TimeCreated\":{\"#attributes\":{\"SystemTime\":\"2021-06-03T19:39:52.893086100Z\"}},\"EventRecordID\":\"912\",\"Correlation\":null,\"Execution\":{\"#attributes\":{\"ProcessID\":\"1000\",\"ThreadID\":\"5464\"}},\"Channel\":\"Microsoft-Windows-Windows Firewall With Advanced Security/Firewall\",\"Computer\":\"fs01.offsec.lan\",\"Security\":{\"#attributes\":{\"UserID\":\"S-1-5-19\"}}},\"EventData\":{\"Profiles\":\"1\",\"SettingType\":\"1\",\"SettingValueSize\":\"4\",\"SettingValue\":\"01000000\",\"SettingValueString\":\"Yes\",\"Origin\":\"1\",\"ModifyingUser\":\"S-1-5-21-4230534742-2542757381-3142984815-1111\",\"ModifyingApplication\":\"C:\\\\Windows\\\\System32\\\\wbem\\\\WmiPrvSE.exe\"}}}",
  "xml_fields": {
    "provider": "Microsoft-Windows-Windows Firewall With Advanced Security",
    "event_id": "2003",
    "timestamp": "2021-06-03T19:39:52.893086100Z",
    "event_record_id": "912",
    "level": "4",
    "task": "0",
    "opcode": "0",
    "keywords": "0x8000000000000000",
    "channel": "Microsoft-Windows-Windows Firewall With Advanced Security/Firewall",
    "computer": "fs01.offsec.lan",
    "Profiles": "1",
    "SettingType": "1",
    "SettingValueSize": "4",
    "SettingValue": "01000000",
    "SettingValueString": "Yes",
    "Origin": "1",
    "ModifyingUser": "S-1-5-21-4230534742-2542757381-3142984815-1111",
    "ModifyingApplication": "C:\\Windows\\System32\\wbem\\WmiPrvSE.exe"
  },
  "json_fields": {
    "provider": "Microsoft-Windows-Windows Firewall With Advanced Security",
    "channel": "Microsoft-Windows-Windows Firewall With Advanced Security/Firewall",
    "event_id": "2003",
    "timestamp": "2021-06-03T19:39:52.893086100Z",
    "event_record_id": "912",
    "level": "4",
    "task": "0",
    "opcode": "0",
    "keywords": "0x8000000000000000",
    "computer": "fs01.offsec.lan",
    "Profiles": "1",
    "SettingType": "1",
    "SettingValueSize": "4",
    "SettingValue": "01000000",
    "SettingValueString": "Yes",
    "Origin": "1",
    "ModifyingUser": "S-1-5-21-4230534742-2542757381-3142984815-1111",
    "ModifyingApplication": "C:\\Windows\\System32\\wbem\\WmiPrvSE.exe"
  }
}