{
  "event_id": "2003",
  "provider": "Microsoft-Windows-PushNotifications-Platform",
  "channel": "Microsoft-Windows-PushNotification-Platform/Operational",
  "source_file": "D:\\visual code file\\Project_4\\Event-Analyzer\\test\\Logs\\Microsoft-Windows-PushNotification-Platform%4Operational.evtx",
  "event_record_id": 1104,
  "xml": "<?xml version=\"1.0\" encoding=\"utf-8\"?>\n<Event xmlns=\"http://schemas.microsoft.com/win/2004/08/events/event\">\n  <System>\n    <Provider Name=\"Microsoft-Windows-PushNotifications-Platform\" Guid=\"88CD9180-4491-4640-B571-E3BEE2527943\">\n    </Provider>\n    <EventID>2003</EventID>\n    <Version>0</Version>\n    <Level>4</Level>\n    <Task>17</Task>\n    <Opcode>2</Opcode>\n    <Keywords>0x8000000000800200</Keywords>\n    <TimeCreated SystemTime=\"2025-01-24T10:01:28.434938Z\">\n    </TimeCreated>\n    <EventRecordID>1104</EventRecordID>\n    <Correlation>\n    </Correlation>\n    <Execution ProcessID=\"2932\" ThreadID=\"9512\">\n    </Execution>\n    <Channel>Microsoft-Windows-PushNotification-Platform/Operational</Channel>\n    <Computer>cyberjunkie-test</Computer>\n    <Security UserID=\"S-1-5-18\">\n    </Security>\n  </System>\n  <EventData>\n    <Data Name=\"ChannelId\">1;2822359092733192845</Data>\n    <Data Name=\"AppUserModelId\">Microsoft.Windows.PushToInstall</Data>\n    <Data Name=\"ErrorCode\">0</Data>\n  </EventData>\n</Event>\n",
  "json": "{\"Event\":{\"#attributes\":{\"xmlns\":\"http://schemas.microsoft.com/win/2004/08/events/event\"},\"System\":{\"Provider\":{\"#attributes\":{\"Name\":\"Microsoft-Windows-PushNotifications-Platform\",\"Guid\":\"88CD9180-4491-4640-B571-E3BEE2527943\"}},\"EventID\":2003,\"Version\":0,\"Level\":4,\"Task\":17,\"Opcode\":2,\"Keywords\":\"0x8000000000800200\",\"TimeCreated\":{\"#attributes\":{\"SystemTime\":\"2025-01-24T10:01:28.434938Z\"}},\"EventRecordID\":1104,\"Correlation\":null,\"Execution\":{\"#attributes\":{\"ProcessID\":2932,\"ThreadID\":9512}},\"Channel\":\"Microsoft-Windows-PushNotification-Platform/Operational\",\"Computer\":\"cyberjunkie-test\",\"Security\":{\"#attributes\":{\"UserID\":\"S-1-5-18\"}}},\"EventData\":{\"ChannelId\":\"1;2822359092733192845\",\"AppUserModelId\":\"Microsoft.Windows.PushToInstall\",\"ErrorCode\":0}}}",
  "xml_fields": {
    "provider": "Microsoft-Windows-PushNotifications-Platform",
    "event_id": "2003",
    "timestamp": "2025-01-24T10:01:28.434938Z",
    "event_record_id": "1104",
    "level": "4",
    "task": "17",
    "opcode": "2",
    "keywords": "0x8000000000800200",
    "channel": "Microsoft-Windows-PushNotification-Platform/Operational",
    "computer": "cyberjunkie-test",
    "ChannelId": "1;2822359092733192845",
    "AppUserModelId": "Microsoft.Windows.PushToInstall",
    "ErrorCode": "0"
  },
  "json_fields": {
    "provider": "Microsoft-Windows-PushNotifications-Platform",
    "channel": "Microsoft-Windows-PushNotification-Platform/Operational",
    "event_id": "2003",
    "timestamp": "2025-01-24T10:01:28.434938Z",
    "event_record_id": "1104",
    "level": "4",
    "task": "17",
    "opcode": "2",
    "keywords": "0x8000000000800200",
    "computer": "cyberjunkie-test",
    "ChannelId": "1;2822359092733192845",
    "AppUserModelId": "Microsoft.Windows.PushToInstall",
    "ErrorCode": "0"
  }
}