{
  "event_id": "2004",
  "provider": "Microsoft-Windows-Setup",
  "channel": "System",
  "source_file": "D:\\visual code file\\Project_4\\Event-Analyzer\\test\\Benign\\Logs_Win11\\System.evtx",
  "event_record_id": 136,
  "xml": "<?xml version=\"1.0\" encoding=\"utf-8\"?>\n<Event xmlns=\"http://schemas.microsoft.com/win/2004/08/events/event\">\n  <System>\n    <Provider Name=\"Microsoft-Windows-Setup\" Guid=\"75EBC33E-997F-49CF-B49F-ECC50184B75D\">\n    </Provider>\n    <EventID>2004</EventID>\n    <Version>0</Version>\n    <Level>4</Level>\n    <Task>4000</Task>\n    <Opcode>0</Opcode>\n    <Keywords>0x2000400000000000</Keywords>\n    <TimeCreated SystemTime=\"2022-03-01T16:43:21.010471Z\">\n    </TimeCreated>\n    <EventRecordID>136</EventRecordID>\n    <Correlation ActivityID=\"46047875-2D8B-0003-3A7C-04468B2DD801\">\n    </Correlation>\n    <Execution ProcessID=\"1428\" ThreadID=\"1432\">\n    </Execution>\n    <Channel>System</Channel>\n    <Computer>WIN-KPO4DDU11AB</Computer>\n    <Security UserID=\"S-1-5-18\">\n    </Security>\n  </System>\n  <EventData>\n    <Data Name=\"OSName\">Windows 10 Pro</Data>\n    <Data Name=\"OSEditionID\">Professional</Data>\n    <Data Name=\"OSmajorversion\">10</Data>\n    <Data Name=\"OSminorversion\">0</Data>\n    <Data Name=\"OSbuildversion\">22000</Data>\n    <Data Name=\"OSservicepackName\"></Data>\n    <Data Name=\"OSservicepackmajorversion\">0</Data>\n    <Data Name=\"OSservicepackminorversion\">0</Data>\n  </EventData>\n</Event>\n",
  "json": "{\"Event\":{\"#attributes\":{\"xmlns\":\"http://schemas.microsoft.com/win/2004/08/events/event\"},\"System\":{\"Provider\":{\"#attributes\":{\"Name\":\"Microsoft-Windows-Setup\",\"Guid\":\"75EBC33E-997F-49CF-B49F-ECC50184B75D\"}},\"EventID\":2004,\"Version\":0,\"Level\":4,\"Task\":4000,\"Opcode\":0,\"Keywords\":\"0x2000400000000000\",\"TimeCreated\":{\"#attributes\":{\"SystemTime\":\"2022-03-01T16:43:21.010471Z\"}},\"EventRecordID\":136,\"Correlation\":{\"#attributes\":{\"ActivityID\":\"46047875-2D8B-0003-3A7C-04468B2DD801\"}},\"Execution\":{\"#attributes\":{\"ProcessID\":1428,\"ThreadID\":1432}},\"Channel\":\"System\",\"Computer\":\"WIN-KPO4DDU11AB\",\"Security\":{\"#attributes\":{\"UserID\":\"S-1-5-18\"}}},\"EventData\":{\"OSName\":\"Windows 10 Pro\",\"OSEditionID\":\"Professional\",\"OSmajorversion\":10,\"OSminorversion\":0,\"OSbuildversion\":22000,\"OSservicepackName\":\"\",\"OSservicepackmajorversion\":0,\"OSservicepackminorversion\":0}}}",
  "xml_fields": {
    "provider": "Microsoft-Windows-Setup",
    "event_id": "2004",
    "timestamp": "2022-03-01T16:43:21.010471Z",
    "event_record_id": "136",
    "level": "4",
    "task": "4000",
    "opcode": "0",
    "keywords": "0x2000400000000000",
    "channel": "System",
    "computer": "WIN-KPO4DDU11AB",
    "OSName": "Windows 10 Pro",
    "OSEditionID": "Professional",
    "OSmajorversion": "10",
    "OSminorversion": "0",
    "OSbuildversion": "22000",
    "OSservicepackName": "",
    "OSservicepackmajorversion": "0",
    "OSservicepackminorversion": "0"
  },
  "json_fields": {
    "provider": "Microsoft-Windows-Setup",
    "channel": "System",
    "event_id": "2004",
    "timestamp": "2022-03-01T16:43:21.010471Z",
    "event_record_id": "136",
    "level": "4",
    "task": "4000",
    "opcode": "0",
    "keywords": "0x2000400000000000",
    "computer": "WIN-KPO4DDU11AB",
    "OSName": "Windows 10 Pro",
    "OSEditionID": "Professional",
    "OSmajorversion": "10",
    "OSminorversion": "0",
    "OSbuildversion": "22000",
    "OSservicepackName": "",
    "OSservicepackmajorversion": "0",
    "OSservicepackminorversion": "0"
  }
}