{
  "event_id": "2004",
  "provider": "Microsoft-Windows-Windows Firewall With Advanced Security",
  "channel": "Microsoft-Windows-Windows Firewall With Advanced Security/Firewall",
  "source_file": "D:\\visual code file\\Project_4\\Event-Analyzer\\test\\Logs\\Microsoft-Windows-Windows Firewall With Advanced Security%4Firewall.evtx",
  "event_record_id": 941,
  "xml": "<?xml version=\"1.0\" encoding=\"utf-8\"?>\n<Event xmlns=\"http://schemas.microsoft.com/win/2004/08/events/event\">\n  <System>\n    <Provider Name=\"Microsoft-Windows-Windows Firewall With Advanced Security\" Guid=\"D1BC9AFF-2ABF-4D71-9146-ECB2A986EB85\">\n    </Provider>\n    <EventID>2004</EventID>\n    <Version>0</Version>\n    <Level>4</Level>\n    <Task>0</Task>\n    <Opcode>0</Opcode>\n    <Keywords>0x8000020000000000</Keywords>\n    <TimeCreated SystemTime=\"2025-01-24T10:06:28.384225Z\">\n    </TimeCreated>\n    <EventRecordID>941</EventRecordID>\n    <Correlation>\n    </Correlation>\n    <Execution ProcessID=\"2844\" ThreadID=\"3604\">\n    </Execution>\n    <Channel>Microsoft-Windows-Windows Firewall With Advanced Security/Firewall</Channel>\n    <Computer>CTO-FILESVR</Computer>\n    <Security UserID=\"S-1-5-19\">\n    </Security>\n  </System>\n  <EventData>\n    <Data Name=\"RuleId\">{2C84410C-8A5E-4FF9-9B44-0095C56078B9}</Data>\n    <Data Name=\"RuleName\">@{Microsoft.Windows.StartMenuExperienceHost_10.0.19041.1023_neutral_neutral_cw5n1h2txyewy?ms-resource://Microsoft.Windows.StartMenuExperienceHost/StartMenuExperienceHost/PkgDisplayName}</Data>\n    <Data Name=\"Origin\">1</Data>\n    <Data Name=\"ApplicationPath\"></Data>\n    <Data Name=\"ServiceName\"></Data>\n    <Data Name=\"Direction\">1</Data>\n    <Data Name=\"Protocol\">256</Data>\n    <Data Name=\"LocalPorts\"></Data>\n    <Data Name=\"RemotePorts\"></Data>\n    <Data Name=\"Action\">3</Data>\n    <Data Name=\"Profiles\">6</Data>\n    <Data Name=\"LocalAddresses\">*</Data>\n    <Data Name=\"RemoteAddresses\">*</Data>\n    <Data Name=\"RemoteMachineAuthorizationList\"></Data>\n    <Data Name=\"RemoteUserAuthorizationList\"></Data>\n    <Data Name=\"EmbeddedContext\">@{Microsoft.Windows.StartMenuExperienceHost_10.0.19041.1023_neutral_neutral_cw5n1h2txyewy?ms-resource://Microsoft.Windows.StartMenuExperienceHost/StartMenuExperienceHost/PkgDisplayName}</Data>\n    <Data Name=\"Flags\">3</Data>\n    <Data Name=\"Active\">1</Data>\n    <Data Name=\"EdgeTraversal\">0</Data>\n    <Data Name=\"LooseSourceMapped\">0</Data>\n    <Data Name=\"SecurityOptions\">1</Data>\n    <Data Name=\"ModifyingUser\">S-1-5-80-3088073201-1464728630-1879813800-1107566885-823218052</Data>\n    <Data Name=\"ModifyingApplication\">C:\\Windows\\System32\\svchost.exe</Data>\n    <Data Name=\"SchemaVersion\">542</Data>\n    <Data Name=\"RuleStatus\">65536</Data>\n    <Data Name=\"LocalOnlyMapped\">0</Data>\n  </EventData>\n</Event>\n",
  "json": "{\"Event\":{\"#attributes\":{\"xmlns\":\"http://schemas.microsoft.com/win/2004/08/events/event\"},\"System\":{\"Provider\":{\"#attributes\":{\"Name\":\"Microsoft-Windows-Windows Firewall With Advanced Security\",\"Guid\":\"D1BC9AFF-2ABF-4D71-9146-ECB2A986EB85\"}},\"EventID\":2004,\"Version\":0,\"Level\":4,\"Task\":0,\"Opcode\":0,\"Keywords\":\"0x8000020000000000\",\"TimeCreated\":{\"#attributes\":{\"SystemTime\":\"2025-01-24T10:06:28.384225Z\"}},\"EventRecordID\":941,\"Correlation\":null,\"Execution\":{\"#attributes\":{\"ProcessID\":2844,\"ThreadID\":3604}},\"Channel\":\"Microsoft-Windows-Windows Firewall With Advanced Security/Firewall\",\"Computer\":\"CTO-FILESVR\",\"Security\":{\"#attributes\":{\"UserID\":\"S-1-5-19\"}}},\"EventData\":{\"RuleId\":\"{2C84410C-8A5E-4FF9-9B44-0095C56078B9}\",\"RuleName\":\"@{Microsoft.Windows.StartMenuExperienceHost_10.0.19041.1023_neutral_neutral_cw5n1h2txyewy?ms-resource://Microsoft.Windows.StartMenuExperienceHost/StartMenuExperienceHost/PkgDisplayName}\",\"Origin\":1,\"ApplicationPath\":\"\",\"ServiceName\":\"\",\"Direction\":1,\"Protocol\":256,\"LocalPorts\":\"\",\"RemotePorts\":\"\",\"Action\":3,\"Profiles\":6,\"LocalAddresses\":\"*\",\"RemoteAddresses\":\"*\",\"RemoteMachineAuthorizationList\":\"\",\"RemoteUserAuthorizationList\":\"\",\"EmbeddedContext\":\"@{Microsoft.Windows.StartMenuExperienceHost_10.0.19041.1023_neutral_neutral_cw5n1h2txyewy?ms-resource://Microsoft.Windows.StartMenuExperienceHost/StartMenuExperienceHost/PkgDisplayName}\",\"Flags\":3,\"Active\":1,\"EdgeTraversal\":0,\"LooseSourceMapped\":0,\"SecurityOptions\":1,\"ModifyingUser\":\"S-1-5-80-3088073201-1464728630-1879813800-1107566885-823218052\",\"ModifyingApplication\":\"C:\\\\Windows\\\\System32\\\\svchost.exe\",\"SchemaVersion\":542,\"RuleStatus\":65536,\"LocalOnlyMapped\":0}}}",
  "xml_fields": {
    "provider": "Microsoft-Windows-Windows Firewall With Advanced Security",
    "event_id": "2004",
    "timestamp": "2025-01-24T10:06:28.384225Z",
    "event_record_id": "941",
    "level": "4",
    "task": "0",
    "opcode": "0",
    "keywords": "0x8000020000000000",
    "channel": "Microsoft-Windows-Windows Firewall With Advanced Security/Firewall",
    "computer": "CTO-FILESVR",
    "RuleId": "{2C84410C-8A5E-4FF9-9B44-0095C56078B9}",
    "RuleName": "@{Microsoft.Windows.StartMenuExperienceHost_10.0.19041.1023_neutral_neutral_cw5n1h2txyewy?ms-resource://Microsoft.Windows.StartMenuExperienceHost/StartMenuExperienceHost/PkgDisplayName}",
    "Origin": "1",
    "ApplicationPath": "",
    "ServiceName": "",
    "Direction": "1",
    "Protocol": "256",
    "LocalPorts": "",
    "RemotePorts": "",
    "Action": "3",
    "Profiles": "6",
    "LocalAddresses": "*",
    "RemoteAddresses": "*",
    "RemoteMachineAuthorizationList": "",
    "RemoteUserAuthorizationList": "",
    "EmbeddedContext": "@{Microsoft.Windows.StartMenuExperienceHost_10.0.19041.1023_neutral_neutral_cw5n1h2txyewy?ms-resource://Microsoft.Windows.StartMenuExperienceHost/StartMenuExperienceHost/PkgDisplayName}",
    "Flags": "3",
    "Active": "1",
    "EdgeTraversal": "0",
    "LooseSourceMapped": "0",
    "SecurityOptions": "1",
    "ModifyingUser": "S-1-5-80-3088073201-1464728630-1879813800-1107566885-823218052",
    "ModifyingApplication": "C:\\Windows\\System32\\svchost.exe",
    "SchemaVersion": "542",
    "RuleStatus": "65536",
    "LocalOnlyMapped": "0"
  },
  "json_fields": {
    "provider": "Microsoft-Windows-Windows Firewall With Advanced Security",
    "channel": "Microsoft-Windows-Windows Firewall With Advanced Security/Firewall",
    "event_id": "2004",
    "timestamp": "2025-01-24T10:06:28.384225Z",
    "event_record_id": "941",
    "level": "4",
    "task": "0",
    "opcode": "0",
    "keywords": "0x8000020000000000",
    "computer": "CTO-FILESVR",
    "RuleId": "{2C84410C-8A5E-4FF9-9B44-0095C56078B9}",
    "RuleName": "@{Microsoft.Windows.StartMenuExperienceHost_10.0.19041.1023_neutral_neutral_cw5n1h2txyewy?ms-resource://Microsoft.Windows.StartMenuExperienceHost/StartMenuExperienceHost/PkgDisplayName}",
    "Origin": "1",
    "ApplicationPath": "",
    "ServiceName": "",
    "Direction": "1",
    "Protocol": "256",
    "LocalPorts": "",
    "RemotePorts": "",
    "Action": "3",
    "Profiles": "6",
    "LocalAddresses": "*",
    "RemoteAddresses": "*",
    "RemoteMachineAuthorizationList": "",
    "RemoteUserAuthorizationList": "",
    "EmbeddedContext": "@{Microsoft.Windows.StartMenuExperienceHost_10.0.19041.1023_neutral_neutral_cw5n1h2txyewy?ms-resource://Microsoft.Windows.StartMenuExperienceHost/StartMenuExperienceHost/PkgDisplayName}",
    "Flags": "3",
    "Active": "1",
    "EdgeTraversal": "0",
    "LooseSourceMapped": "0",
    "SecurityOptions": "1",
    "ModifyingUser": "S-1-5-80-3088073201-1464728630-1879813800-1107566885-823218052",
    "ModifyingApplication": "C:\\Windows\\System32\\svchost.exe",
    "SchemaVersion": "542",
    "RuleStatus": "65536",
    "LocalOnlyMapped": "0"
  }
}