{
  "event_id": "2004",
  "provider": "Microsoft-Windows-Resource-Exhaustion-Detector",
  "channel": "System",
  "source_file": "D:\\visual code file\\Project_4\\Event-Analyzer\\test\\Benign\\win2022-0-20348-azure\\System.evtx",
  "event_record_id": 903,
  "xml": "<?xml version=\"1.0\" encoding=\"utf-8\"?>\n<Event xmlns=\"http://schemas.microsoft.com/win/2004/08/events/event\">\n  <System>\n    <Provider Name=\"Microsoft-Windows-Resource-Exhaustion-Detector\" Guid=\"9988748E-C2E8-4054-85F6-0C3E1CAD2470\">\n    </Provider>\n    <EventID>2004</EventID>\n    <Version>0</Version>\n    <Level>3</Level>\n    <Task>3</Task>\n    <Opcode>33</Opcode>\n    <Keywords>0x8000000020000000</Keywords>\n    <TimeCreated SystemTime=\"2022-09-18T09:15:20.146308Z\">\n    </TimeCreated>\n    <EventRecordID>903</EventRecordID>\n    <Correlation ActivityID=\"E77994F4-1679-42A5-BB66-35907DCC197C\">\n    </Correlation>\n    <Execution ProcessID=\"1820\" ThreadID=\"3420\">\n    </Execution>\n    <Channel>System</Channel>\n    <Computer>Agamemnon</Computer>\n    <Security UserID=\"S-1-5-18\">\n    </Security>\n  </System>\n  <UserData>\n    <MemoryExhaustionInfo xmlns=\"http://www.microsoft.com/Windows/Resource/Exhaustion/Detector/Events\">\n      <SystemInfo>\n        <SystemCommitLimit>1609170944</SystemCommitLimit>\n        <SystemCommitCharge>1510522880</SystemCommitCharge>\n        <ProcessCommitCharge>1190469632</ProcessCommitCharge>\n        <PagedPoolUsage>67481600</PagedPoolUsage>\n        <PhysicalMemorySize>1072566272</PhysicalMemorySize>\n        <PhysicalMemoryUsage>1067823104</PhysicalMemoryUsage>\n        <NonPagedPoolUsage>62296064</NonPagedPoolUsage>\n        <Processes>65</Processes>\n      </SystemInfo>\n      <PagedPoolInfo>\n        <Tag_1>\n          <Name>CM25</Name>\n          <PoolUsed>13967360</PoolUsed>\n        </Tag_1>\n        <Tag_2>\n          <Name>MmSt</Name>\n          <PoolUsed>6746784</PoolUsed>\n        </Tag_2>\n        <Tag_3>\n          <Name>MmRe</Name>\n          <PoolUsed>3401264</PoolUsed>\n        </Tag_3>\n      </PagedPoolInfo>\n      <NonPagedPoolInfo>\n        <Tag_1>\n          <Name>EtwB</Name>\n          <PoolUsed>25846016</PoolUsed>\n        </Tag_1>\n        <Tag_2>\n          <Name>VNCn</Name>\n          <PoolUsed>2951696</PoolUsed>\n        </Tag_2>\n        <Tag_3>\n          <Name>Thre</Name>\n          <PoolUsed>2303104</PoolUsed>\n        </Tag_3>\n      </NonPagedPoolInfo>\n      <ProcessInfo>\n        <Process_1>\n          <Name>MsMpEng.exe</Name>\n          <ID>2072</ID>\n          <CreationTime>2022-09-18T09:13:15.841642Z</CreationTime>\n          <CommitCharge>673312768</CommitCharge>\n          <HandleCount>913</HandleCount>\n          <Version>0.0.0.0</Version>\n          <TypeInfo>65</TypeInfo>\n        </Process_1>\n        <Process_2>\n          <Name>WaAppAgent.exe</Name>\n          <ID>3632</ID>\n          <CreationTime>2022-09-18T09:13:41.949274Z</CreationTime>\n          <CommitCharge>61259776</CommitCharge>\n          <HandleCount>1024</HandleCount>\n          <Version>2.7.41491.1044</Version>\n          <TypeInfo>66</TypeInfo>\n        </Process_2>\n        <Process_3>\n          <Name>svchost.exe</Name>\n          <ID>388</ID>\n          <CreationTime>2022-09-18T09:12:41.205184Z</CreationTime>\n          <CommitCharge>54067200</CommitCharge>\n          <HandleCount>1939</HandleCount>\n          <Version>10.0.20348.558</Version>\n          <TypeInfo>67</TypeInfo>\n        </Process_3>\n        <Process_4>\n          <Name></Name>\n          <ID>0</ID>\n          <CreationTime>1601-01-01T00:00:00.000000Z</CreationTime>\n          <CommitCharge>0</CommitCharge>\n          <HandleCount>0</HandleCount>\n          <Version>0.0.0.0</Version>\n          <TypeInfo>0</TypeInfo>\n        </Process_4>\n        <Process_5>\n          <Name></Name>\n          <ID>0</ID>\n          <CreationTime>1601-01-01T00:00:00.000000Z</CreationTime>\n          <CommitCharge>0</CommitCharge>\n          <HandleCount>0</HandleCount>\n          <Version>0.0.0.0</Version>\n          <TypeInfo>0</TypeInfo>\n        </Process_5>\n        <Process_6>\n          <Name></Name>\n          <ID>0</ID>\n          <CreationTime>1601-01-01T00:00:00.000000Z</CreationTime>\n          <CommitCharge>0</CommitCharge>\n          <HandleCount>0</HandleCount>\n          <Version>0.0.0.0</Version>\n          <TypeInfo>0</TypeInfo>\n        </Process_6>\n      </ProcessInfo>\n      <ExhaustionEventInfo>\n        <Time>2022-09-18T09:15:19.023821Z</Time>\n      </ExhaustionEventInfo>\n    </MemoryExhaustionInfo>\n  </UserData>\n</Event>\n",
  "json": "{\"Event\":{\"#attributes\":{\"xmlns\":\"http://schemas.microsoft.com/win/2004/08/events/event\"},\"System\":{\"Provider\":{\"#attributes\":{\"Name\":\"Microsoft-Windows-Resource-Exhaustion-Detector\",\"Guid\":\"9988748E-C2E8-4054-85F6-0C3E1CAD2470\"}},\"EventID\":2004,\"Version\":0,\"Level\":3,\"Task\":3,\"Opcode\":33,\"Keywords\":\"0x8000000020000000\",\"TimeCreated\":{\"#attributes\":{\"SystemTime\":\"2022-09-18T09:15:20.146308Z\"}},\"EventRecordID\":903,\"Correlation\":{\"#attributes\":{\"ActivityID\":\"E77994F4-1679-42A5-BB66-35907DCC197C\"}},\"Execution\":{\"#attributes\":{\"ProcessID\":1820,\"ThreadID\":3420}},\"Channel\":\"System\",\"Computer\":\"Agamemnon\",\"Security\":{\"#attributes\":{\"UserID\":\"S-1-5-18\"}}},\"UserData\":{\"MemoryExhaustionInfo\":{\"#attributes\":{\"xmlns\":\"http://www.microsoft.com/Windows/Resource/Exhaustion/Detector/Events\"},\"SystemInfo\":{\"SystemCommitLimit\":1609170944,\"SystemCommitCharge\":1510522880,\"ProcessCommitCharge\":1190469632,\"PagedPoolUsage\":67481600,\"PhysicalMemorySize\":1072566272,\"PhysicalMemoryUsage\":1067823104,\"NonPagedPoolUsage\":62296064,\"Processes\":65},\"PagedPoolInfo\":{\"Tag_1\":{\"Name\":\"CM25\",\"PoolUsed\":13967360},\"Tag_2\":{\"Name\":\"MmSt\",\"PoolUsed\":6746784},\"Tag_3\":{\"Name\":\"MmRe\",\"PoolUsed\":3401264}},\"NonPagedPoolInfo\":{\"Tag_1\":{\"Name\":\"EtwB\",\"PoolUsed\":25846016},\"Tag_2\":{\"Name\":\"VNCn\",\"PoolUsed\":2951696},\"Tag_3\":{\"Name\":\"Thre\",\"PoolUsed\":2303104}},\"ProcessInfo\":{\"Process_1\":{\"Name\":\"MsMpEng.exe\",\"ID\":2072,\"CreationTime\":\"2022-09-18T09:13:15.841642Z\",\"CommitCharge\":673312768,\"HandleCount\":913,\"Version\":\"0.0.0.0\",\"TypeInfo\":65},\"Process_2\":{\"Name\":\"WaAppAgent.exe\",\"ID\":3632,\"CreationTime\":\"2022-09-18T09:13:41.949274Z\",\"CommitCharge\":61259776,\"HandleCount\":1024,\"Version\":\"2.7.41491.1044\",\"TypeInfo\":66},\"Process_3\":{\"Name\":\"svchost.exe\",\"ID\":388,\"CreationTime\":\"2022-09-18T09:12:41.205184Z\",\"CommitCharge\":54067200,\"HandleCount\":1939,\"Version\":\"10.0.20348.558\",\"TypeInfo\":67},\"Process_4\":{\"Name\":null,\"ID\":0,\"CreationTime\":\"1601-01-01T00:00:00.000000Z\",\"CommitCharge\":0,\"HandleCount\":0,\"Version\":\"0.0.0.0\",\"TypeInfo\":0},\"Process_5\":{\"Name\":null,\"ID\":0,\"CreationTime\":\"1601-01-01T00:00:00.000000Z\",\"CommitCharge\":0,\"HandleCount\":0,\"Version\":\"0.0.0.0\",\"TypeInfo\":0},\"Process_6\":{\"Name\":null,\"ID\":0,\"CreationTime\":\"1601-01-01T00:00:00.000000Z\",\"CommitCharge\":0,\"HandleCount\":0,\"Version\":\"0.0.0.0\",\"TypeInfo\":0}},\"ExhaustionEventInfo\":{\"Time\":\"2022-09-18T09:15:19.023821Z\"}}}}}",
  "xml_fields": {
    "provider": "Microsoft-Windows-Resource-Exhaustion-Detector",
    "event_id": "2004",
    "timestamp": "2022-09-18T09:15:20.146308Z",
    "event_record_id": "903",
    "level": "3",
    "task": "3",
    "opcode": "33",
    "keywords": "0x8000000020000000",
    "channel": "System",
    "computer": "Agamemnon",
    "SystemCommitLimit": "1609170944",
    "SystemCommitCharge": "1510522880",
    "ProcessCommitCharge": "1190469632",
    "PagedPoolUsage": "67481600",
    "PhysicalMemorySize": "1072566272",
    "PhysicalMemoryUsage": "1067823104",
    "NonPagedPoolUsage": "62296064",
    "Processes": "65",
    "Tag_1": {
      "Name": "EtwB",
      "PoolUsed": "25846016"
    },
    "Tag_2": {
      "Name": "VNCn",
      "PoolUsed": "2951696"
    },
    "Tag_3": {
      "Name": "Thre",
      "PoolUsed": "2303104"
    },
    "Process_1": {
      "Name": "MsMpEng.exe",
      "ID": "2072",
      "CreationTime": "2022-09-18T09:13:15.841642Z",
      "CommitCharge": "673312768",
      "HandleCount": "913",
      "Version": "0.0.0.0",
      "TypeInfo": "65"
    },
    "Process_2": {
      "Name": "WaAppAgent.exe",
      "ID": "3632",
      "CreationTime": "2022-09-18T09:13:41.949274Z",
      "CommitCharge": "61259776",
      "HandleCount": "1024",
      "Version": "2.7.41491.1044",
      "TypeInfo": "66"
    },
    "Process_3": {
      "Name": "svchost.exe",
      "ID": "388",
      "CreationTime": "2022-09-18T09:12:41.205184Z",
      "CommitCharge": "54067200",
      "HandleCount": "1939",
      "Version": "10.0.20348.558",
      "TypeInfo": "67"
    },
    "Process_4": {
      "Name": null,
      "ID": "0",
      "CreationTime": "1601-01-01T00:00:00.000000Z",
      "CommitCharge": "0",
      "HandleCount": "0",
      "Version": "0.0.0.0",
      "TypeInfo": "0"
    },
    "Process_5": {
      "Name": null,
      "ID": "0",
      "CreationTime": "1601-01-01T00:00:00.000000Z",
      "CommitCharge": "0",
      "HandleCount": "0",
      "Version": "0.0.0.0",
      "TypeInfo": "0"
    },
    "Process_6": {
      "Name": null,
      "ID": "0",
      "CreationTime": "1601-01-01T00:00:00.000000Z",
      "CommitCharge": "0",
      "HandleCount": "0",
      "Version": "0.0.0.0",
      "TypeInfo": "0"
    },
    "Time": "2022-09-18T09:15:19.023821Z"
  },
  "json_fields": {
    "provider": "Microsoft-Windows-Resource-Exhaustion-Detector",
    "channel": "System",
    "event_id": "2004",
    "timestamp": "2022-09-18T09:15:20.146308Z",
    "event_record_id": "903",
    "level": "3",
    "task": "3",
    "opcode": "33",
    "keywords": "0x8000000020000000",
    "computer": "Agamemnon",
    "SystemCommitLimit": "1609170944",
    "SystemCommitCharge": "1510522880",
    "ProcessCommitCharge": "1190469632",
    "PagedPoolUsage": "67481600",
    "PhysicalMemorySize": "1072566272",
    "PhysicalMemoryUsage": "1067823104",
    "NonPagedPoolUsage": "62296064",
    "Processes": "65",
    "Tag_1": "{'Name': 'EtwB', 'PoolUsed': 25846016}",
    "Tag_2": "{'Name': 'VNCn', 'PoolUsed': 2951696}",
    "Tag_3": "{'Name': 'Thre', 'PoolUsed': 2303104}",
    "Process_1": "{'Name': 'MsMpEng.exe', 'ID': 2072, 'CreationTime': '2022-09-18T09:13:15.841642Z', 'CommitCharge': 673312768, 'HandleCount': 913, 'Version': '0.0.0.0', 'TypeInfo': 65}",
    "Process_2": "{'Name': 'WaAppAgent.exe', 'ID': 3632, 'CreationTime': '2022-09-18T09:13:41.949274Z', 'CommitCharge': 61259776, 'HandleCount': 1024, 'Version': '2.7.41491.1044', 'TypeInfo': 66}",
    "Process_3": "{'Name': 'svchost.exe', 'ID': 388, 'CreationTime': '2022-09-18T09:12:41.205184Z', 'CommitCharge': 54067200, 'HandleCount': 1939, 'Version': '10.0.20348.558', 'TypeInfo': 67}",
    "Process_4": "{'Name': None, 'ID': 0, 'CreationTime': '1601-01-01T00:00:00.000000Z', 'CommitCharge': 0, 'HandleCount': 0, 'Version': '0.0.0.0', 'TypeInfo': 0}",
    "Process_5": "{'Name': None, 'ID': 0, 'CreationTime': '1601-01-01T00:00:00.000000Z', 'CommitCharge': 0, 'HandleCount': 0, 'Version': '0.0.0.0', 'TypeInfo': 0}",
    "Process_6": "{'Name': None, 'ID': 0, 'CreationTime': '1601-01-01T00:00:00.000000Z', 'CommitCharge': 0, 'HandleCount': 0, 'Version': '0.0.0.0', 'TypeInfo': 0}",
    "Time": "2022-09-18T09:15:19.023821Z"
  }
}