{
  "event_id": "2005",
  "provider": "Microsoft-Windows-Windows Firewall With Advanced Security",
  "channel": "Microsoft-Windows-Windows Firewall With Advanced Security/Firewall",
  "source_file": "D:\\visual code file\\Project_4\\Event-Analyzer\\test\\Logs\\Microsoft-Windows-Windows Firewall With Advanced Security%4Firewall.evtx",
  "event_record_id": 1055,
  "xml": "<?xml version=\"1.0\" encoding=\"utf-8\"?>\n<Event xmlns=\"http://schemas.microsoft.com/win/2004/08/events/event\">\n  <System>\n    <Provider Name=\"Microsoft-Windows-Windows Firewall With Advanced Security\" Guid=\"D1BC9AFF-2ABF-4D71-9146-ECB2A986EB85\">\n    </Provider>\n    <EventID>2005</EventID>\n    <Version>0</Version>\n    <Level>4</Level>\n    <Task>0</Task>\n    <Opcode>0</Opcode>\n    <Keywords>0x8000020000000000</Keywords>\n    <TimeCreated SystemTime=\"2025-01-24T10:09:07.050321Z\">\n    </TimeCreated>\n    <EventRecordID>1055</EventRecordID>\n    <Correlation>\n    </Correlation>\n    <Execution ProcessID=\"2844\" ThreadID=\"3604\">\n    </Execution>\n    <Channel>Microsoft-Windows-Windows Firewall With Advanced Security/Firewall</Channel>\n    <Computer>CTO-FILESVR</Computer>\n    <Security UserID=\"S-1-5-19\">\n    </Security>\n  </System>\n  <EventData>\n    <Data Name=\"RuleId\">FPS-LLMNR-Out-UDP</Data>\n    <Data Name=\"RuleName\">File and Printer Sharing (LLMNR-UDP-Out)</Data>\n    <Data Name=\"Origin\">1</Data>\n    <Data Name=\"ApplicationPath\">C:\\Windows\\system32\\svchost.exe</Data>\n    <Data Name=\"ServiceName\">dnscache</Data>\n    <Data Name=\"Direction\">2</Data>\n    <Data Name=\"Protocol\">17</Data>\n    <Data Name=\"LocalPorts\">*</Data>\n    <Data Name=\"RemotePorts\">5355</Data>\n    <Data Name=\"Action\">3</Data>\n    <Data Name=\"Profiles\">3</Data>\n    <Data Name=\"LocalAddresses\">*</Data>\n    <Data Name=\"RemoteAddresses\">LocalSubnet</Data>\n    <Data Name=\"RemoteMachineAuthorizationList\"></Data>\n    <Data Name=\"RemoteUserAuthorizationList\"></Data>\n    <Data Name=\"EmbeddedContext\">@FirewallAPI.dll,-28502</Data>\n    <Data Name=\"Flags\">0</Data>\n    <Data Name=\"Active\">0</Data>\n    <Data Name=\"EdgeTraversal\">0</Data>\n    <Data Name=\"LooseSourceMapped\">0</Data>\n    <Data Name=\"SecurityOptions\">0</Data>\n    <Data Name=\"ModifyingUser\">S-1-5-21-3088055692-629932344-1786574096-1003</Data>\n    <Data Name=\"ModifyingApplication\">C:\\Windows\\System32\\dllhost.exe</Data>\n    <Data Name=\"SchemaVersion\">542</Data>\n    <Data Name=\"RuleStatus\">65536</Data>\n    <Data Name=\"LocalOnlyMapped\">0</Data>\n  </EventData>\n</Event>\n",
  "json": "{\"Event\":{\"#attributes\":{\"xmlns\":\"http://schemas.microsoft.com/win/2004/08/events/event\"},\"System\":{\"Provider\":{\"#attributes\":{\"Name\":\"Microsoft-Windows-Windows Firewall With Advanced Security\",\"Guid\":\"D1BC9AFF-2ABF-4D71-9146-ECB2A986EB85\"}},\"EventID\":2005,\"Version\":0,\"Level\":4,\"Task\":0,\"Opcode\":0,\"Keywords\":\"0x8000020000000000\",\"TimeCreated\":{\"#attributes\":{\"SystemTime\":\"2025-01-24T10:09:07.050321Z\"}},\"EventRecordID\":1055,\"Correlation\":null,\"Execution\":{\"#attributes\":{\"ProcessID\":2844,\"ThreadID\":3604}},\"Channel\":\"Microsoft-Windows-Windows Firewall With Advanced Security/Firewall\",\"Computer\":\"CTO-FILESVR\",\"Security\":{\"#attributes\":{\"UserID\":\"S-1-5-19\"}}},\"EventData\":{\"RuleId\":\"FPS-LLMNR-Out-UDP\",\"RuleName\":\"File and Printer Sharing (LLMNR-UDP-Out)\",\"Origin\":1,\"ApplicationPath\":\"C:\\\\Windows\\\\system32\\\\svchost.exe\",\"ServiceName\":\"dnscache\",\"Direction\":2,\"Protocol\":17,\"LocalPorts\":\"*\",\"RemotePorts\":\"5355\",\"Action\":3,\"Profiles\":3,\"LocalAddresses\":\"*\",\"RemoteAddresses\":\"LocalSubnet\",\"RemoteMachineAuthorizationList\":\"\",\"RemoteUserAuthorizationList\":\"\",\"EmbeddedContext\":\"@FirewallAPI.dll,-28502\",\"Flags\":0,\"Active\":0,\"EdgeTraversal\":0,\"LooseSourceMapped\":0,\"SecurityOptions\":0,\"ModifyingUser\":\"S-1-5-21-3088055692-629932344-1786574096-1003\",\"ModifyingApplication\":\"C:\\\\Windows\\\\System32\\\\dllhost.exe\",\"SchemaVersion\":542,\"RuleStatus\":65536,\"LocalOnlyMapped\":0}}}",
  "xml_fields": {
    "provider": "Microsoft-Windows-Windows Firewall With Advanced Security",
    "event_id": "2005",
    "timestamp": "2025-01-24T10:09:07.050321Z",
    "event_record_id": "1055",
    "level": "4",
    "task": "0",
    "opcode": "0",
    "keywords": "0x8000020000000000",
    "channel": "Microsoft-Windows-Windows Firewall With Advanced Security/Firewall",
    "computer": "CTO-FILESVR",
    "RuleId": "FPS-LLMNR-Out-UDP",
    "RuleName": "File and Printer Sharing (LLMNR-UDP-Out)",
    "Origin": "1",
    "ApplicationPath": "C:\\Windows\\system32\\svchost.exe",
    "ServiceName": "dnscache",
    "Direction": "2",
    "Protocol": "17",
    "LocalPorts": "*",
    "RemotePorts": "5355",
    "Action": "3",
    "Profiles": "3",
    "LocalAddresses": "*",
    "RemoteAddresses": "LocalSubnet",
    "RemoteMachineAuthorizationList": "",
    "RemoteUserAuthorizationList": "",
    "EmbeddedContext": "@FirewallAPI.dll,-28502",
    "Flags": "0",
    "Active": "0",
    "EdgeTraversal": "0",
    "LooseSourceMapped": "0",
    "SecurityOptions": "0",
    "ModifyingUser": "S-1-5-21-3088055692-629932344-1786574096-1003",
    "ModifyingApplication": "C:\\Windows\\System32\\dllhost.exe",
    "SchemaVersion": "542",
    "RuleStatus": "65536",
    "LocalOnlyMapped": "0"
  },
  "json_fields": {
    "provider": "Microsoft-Windows-Windows Firewall With Advanced Security",
    "channel": "Microsoft-Windows-Windows Firewall With Advanced Security/Firewall",
    "event_id": "2005",
    "timestamp": "2025-01-24T10:09:07.050321Z",
    "event_record_id": "1055",
    "level": "4",
    "task": "0",
    "opcode": "0",
    "keywords": "0x8000020000000000",
    "computer": "CTO-FILESVR",
    "RuleId": "FPS-LLMNR-Out-UDP",
    "RuleName": "File and Printer Sharing (LLMNR-UDP-Out)",
    "Origin": "1",
    "ApplicationPath": "C:\\Windows\\system32\\svchost.exe",
    "ServiceName": "dnscache",
    "Direction": "2",
    "Protocol": "17",
    "LocalPorts": "*",
    "RemotePorts": "5355",
    "Action": "3",
    "Profiles": "3",
    "LocalAddresses": "*",
    "RemoteAddresses": "LocalSubnet",
    "RemoteMachineAuthorizationList": "",
    "RemoteUserAuthorizationList": "",
    "EmbeddedContext": "@FirewallAPI.dll,-28502",
    "Flags": "0",
    "Active": "0",
    "EdgeTraversal": "0",
    "LooseSourceMapped": "0",
    "SecurityOptions": "0",
    "ModifyingUser": "S-1-5-21-3088055692-629932344-1786574096-1003",
    "ModifyingApplication": "C:\\Windows\\System32\\dllhost.exe",
    "SchemaVersion": "542",
    "RuleStatus": "65536",
    "LocalOnlyMapped": "0"
  }
}