{
  "event_id": "2006",
  "provider": "Microsoft-Windows-Install-Agent",
  "channel": "Microsoft-Windows-Store/Operational",
  "source_file": "D:\\visual code file\\Project_4\\Event-Analyzer\\test\\Logs\\Microsoft-Windows-Store%4Operational.evtx",
  "event_record_id": 756,
  "xml": "<?xml version=\"1.0\" encoding=\"utf-8\"?>\n<Event xmlns=\"http://schemas.microsoft.com/win/2004/08/events/event\">\n  <System>\n    <Provider Name=\"Microsoft-Windows-Install-Agent\" Guid=\"E0C6F6DE-258A-50E0-AC1A-103482D118BC\">\n    </Provider>\n    <EventID>2006</EventID>\n    <Version>0</Version>\n    <Level>4</Level>\n    <Task>2002</Task>\n    <Opcode>14</Opcode>\n    <Keywords>0x8000000020000000</Keywords>\n    <TimeCreated SystemTime=\"2024-11-04T13:03:44.573390Z\">\n    </TimeCreated>\n    <EventRecordID>756</EventRecordID>\n    <Correlation>\n    </Correlation>\n    <Execution ProcessID=\"2056\" ThreadID=\"4156\">\n    </Execution>\n    <Channel>Microsoft-Windows-Store/Operational</Channel>\n    <Computer>DESKTOP-P9H5FTA</Computer>\n    <Security UserID=\"S-1-5-18\">\n    </Security>\n  </System>\n  <EventData>\n    <Data Name=\"Message\">Checking if update scan required for Device</Data>\n    <Data Name=\"Function\">ShouldExecuteSearchForAllUpdatesForDevice</Data>\n    <Data Name=\"Error Code\">-1</Data>\n    <Data Name=\"Source\">onecoreuap\\enduser\\winstore\\installservice\\lib\\scanforupdatesworker.cpp</Data>\n    <Data Name=\"Line Number\">176</Data>\n    <Data Name=\"CorrelationVector\">NULL</Data>\n    <Data Name=\"ProductId\">NULL</Data>\n  </EventData>\n</Event>\n",
  "json": "{\"Event\":{\"#attributes\":{\"xmlns\":\"http://schemas.microsoft.com/win/2004/08/events/event\"},\"System\":{\"Provider\":{\"#attributes\":{\"Name\":\"Microsoft-Windows-Install-Agent\",\"Guid\":\"E0C6F6DE-258A-50E0-AC1A-103482D118BC\"}},\"EventID\":2006,\"Version\":0,\"Level\":4,\"Task\":2002,\"Opcode\":14,\"Keywords\":\"0x8000000020000000\",\"TimeCreated\":{\"#attributes\":{\"SystemTime\":\"2024-11-04T13:03:44.573390Z\"}},\"EventRecordID\":756,\"Correlation\":null,\"Execution\":{\"#attributes\":{\"ProcessID\":2056,\"ThreadID\":4156}},\"Channel\":\"Microsoft-Windows-Store/Operational\",\"Computer\":\"DESKTOP-P9H5FTA\",\"Security\":{\"#attributes\":{\"UserID\":\"S-1-5-18\"}}},\"EventData\":{\"Message\":\"Checking if update scan required for Device\",\"Function\":\"ShouldExecuteSearchForAllUpdatesForDevice\",\"Error Code\":-1,\"Source\":\"onecoreuap\\\\enduser\\\\winstore\\\\installservice\\\\lib\\\\scanforupdatesworker.cpp\",\"Line Number\":176,\"CorrelationVector\":\"NULL\",\"ProductId\":\"NULL\"}}}",
  "xml_fields": {
    "provider": "Microsoft-Windows-Install-Agent",
    "event_id": "2006",
    "timestamp": "2024-11-04T13:03:44.573390Z",
    "event_record_id": "756",
    "level": "4",
    "task": "2002",
    "opcode": "14",
    "keywords": "0x8000000020000000",
    "channel": "Microsoft-Windows-Store/Operational",
    "computer": "DESKTOP-P9H5FTA",
    "Message": "Checking if update scan required for Device",
    "Function": "ShouldExecuteSearchForAllUpdatesForDevice",
    "Error Code": "-1",
    "Source": "onecoreuap\\enduser\\winstore\\installservice\\lib\\scanforupdatesworker.cpp",
    "Line Number": "176",
    "CorrelationVector": "NULL",
    "ProductId": "NULL"
  },
  "json_fields": {
    "provider": "Microsoft-Windows-Install-Agent",
    "channel": "Microsoft-Windows-Store/Operational",
    "event_id": "2006",
    "timestamp": "2024-11-04T13:03:44.573390Z",
    "event_record_id": "756",
    "level": "4",
    "task": "2002",
    "opcode": "14",
    "keywords": "0x8000000020000000",
    "computer": "DESKTOP-P9H5FTA",
    "Message": "Checking if update scan required for Device",
    "Function": "ShouldExecuteSearchForAllUpdatesForDevice",
    "Error Code": "-1",
    "Source": "onecoreuap\\enduser\\winstore\\installservice\\lib\\scanforupdatesworker.cpp",
    "Line Number": "176",
    "CorrelationVector": "NULL",
    "ProductId": "NULL"
  }
}