{
  "event_id": "2008",
  "provider": "Microsoft-Windows-Install-Agent",
  "channel": "Microsoft-Windows-Store/Operational",
  "source_file": "D:\\visual code file\\Project_4\\Event-Analyzer\\test\\Logs\\Microsoft-Windows-Store%4Operational.evtx",
  "event_record_id": 1551,
  "xml": "<?xml version=\"1.0\" encoding=\"utf-8\"?>\n<Event xmlns=\"http://schemas.microsoft.com/win/2004/08/events/event\">\n  <System>\n    <Provider Name=\"Microsoft-Windows-Install-Agent\" Guid=\"E0C6F6DE-258A-50E0-AC1A-103482D118BC\">\n    </Provider>\n    <EventID>2008</EventID>\n    <Version>0</Version>\n    <Level>2</Level>\n    <Task>2002</Task>\n    <Opcode>12</Opcode>\n    <Keywords>0x8000000020000000</Keywords>\n    <TimeCreated SystemTime=\"2024-11-04T13:15:02.831850Z\">\n    </TimeCreated>\n    <EventRecordID>1551</EventRecordID>\n    <Correlation>\n    </Correlation>\n    <Execution ProcessID=\"5844\" ThreadID=\"5184\">\n    </Execution>\n    <Channel>Microsoft-Windows-Store/Operational</Channel>\n    <Computer>DESKTOP-P9H5FTA</Computer>\n    <Security UserID=\"S-1-5-18\">\n    </Security>\n  </System>\n  <EventData>\n    <Data Name=\"Message\">Error attempting to scan for updates HResult = -2145124322, Identifer = Error\u00a0</Data>\n    <Data Name=\"Function\">InstallQueue2::CreateScanForAllUpdatesWork</Data>\n    <Data Name=\"Error Code\">0</Data>\n    <Data Name=\"Source\">onecoreuap\\enduser\\winstore\\installservice\\libqueue2\\installqueue2.cpp</Data>\n    <Data Name=\"Line Number\">1257</Data>\n    <Data Name=\"CorrelationVector\"></Data>\n    <Data Name=\"ProductId\"></Data>\n  </EventData>\n</Event>\n",
  "json": "{\"Event\":{\"#attributes\":{\"xmlns\":\"http://schemas.microsoft.com/win/2004/08/events/event\"},\"System\":{\"Provider\":{\"#attributes\":{\"Name\":\"Microsoft-Windows-Install-Agent\",\"Guid\":\"E0C6F6DE-258A-50E0-AC1A-103482D118BC\"}},\"EventID\":2008,\"Version\":0,\"Level\":2,\"Task\":2002,\"Opcode\":12,\"Keywords\":\"0x8000000020000000\",\"TimeCreated\":{\"#attributes\":{\"SystemTime\":\"2024-11-04T13:15:02.831850Z\"}},\"EventRecordID\":1551,\"Correlation\":null,\"Execution\":{\"#attributes\":{\"ProcessID\":5844,\"ThreadID\":5184}},\"Channel\":\"Microsoft-Windows-Store/Operational\",\"Computer\":\"DESKTOP-P9H5FTA\",\"Security\":{\"#attributes\":{\"UserID\":\"S-1-5-18\"}}},\"EventData\":{\"Message\":\"Error attempting to scan for updates HResult = -2145124322, Identifer = Error\u00a0\",\"Function\":\"InstallQueue2::CreateScanForAllUpdatesWork\",\"Error Code\":0,\"Source\":\"onecoreuap\\\\enduser\\\\winstore\\\\installservice\\\\libqueue2\\\\installqueue2.cpp\",\"Line Number\":1257,\"CorrelationVector\":\"\",\"ProductId\":\"\"}}}",
  "xml_fields": {
    "provider": "Microsoft-Windows-Install-Agent",
    "event_id": "2008",
    "timestamp": "2024-11-04T13:15:02.831850Z",
    "event_record_id": "1551",
    "level": "2",
    "task": "2002",
    "opcode": "12",
    "keywords": "0x8000000020000000",
    "channel": "Microsoft-Windows-Store/Operational",
    "computer": "DESKTOP-P9H5FTA",
    "Message": "Error attempting to scan for updates HResult = -2145124322, Identifer = Error\u00a0",
    "Function": "InstallQueue2::CreateScanForAllUpdatesWork",
    "Error Code": "0",
    "Source": "onecoreuap\\enduser\\winstore\\installservice\\libqueue2\\installqueue2.cpp",
    "Line Number": "1257",
    "CorrelationVector": "",
    "ProductId": ""
  },
  "json_fields": {
    "provider": "Microsoft-Windows-Install-Agent",
    "channel": "Microsoft-Windows-Store/Operational",
    "event_id": "2008",
    "timestamp": "2024-11-04T13:15:02.831850Z",
    "event_record_id": "1551",
    "level": "2",
    "task": "2002",
    "opcode": "12",
    "keywords": "0x8000000020000000",
    "computer": "DESKTOP-P9H5FTA",
    "Message": "Error attempting to scan for updates HResult = -2145124322, Identifer = Error\u00a0",
    "Function": "InstallQueue2::CreateScanForAllUpdatesWork",
    "Error Code": "0",
    "Source": "onecoreuap\\enduser\\winstore\\installservice\\libqueue2\\installqueue2.cpp",
    "Line Number": "1257",
    "CorrelationVector": "",
    "ProductId": ""
  }
}