{
  "event_id": "200",
  "provider": "Microsoft-Windows-Diagnostics-Performance",
  "channel": "Microsoft-Windows-Diagnostics-Performance/Operational",
  "source_file": "D:\\visual code file\\Project_4\\Event-Analyzer\\test\\Logs\\Microsoft-Windows-Diagnostics-Performance%4Operational.evtx",
  "event_record_id": 2,
  "xml": "<?xml version=\"1.0\" encoding=\"utf-8\"?>\n<Event xmlns=\"http://schemas.microsoft.com/win/2004/08/events/event\">\n  <System>\n    <Provider Name=\"Microsoft-Windows-Diagnostics-Performance\" Guid=\"CFC18EC0-96B1-4EBA-961B-622CAEE05B0A\">\n    </Provider>\n    <EventID>200</EventID>\n    <Version>1</Version>\n    <Level>3</Level>\n    <Task>4007</Task>\n    <Opcode>40</Opcode>\n    <Keywords>0x8000000000010000</Keywords>\n    <TimeCreated SystemTime=\"2024-11-04T12:41:47.708664Z\">\n    </TimeCreated>\n    <EventRecordID>2</EventRecordID>\n    <Correlation ActivityID=\"ABFE7217-2EB6-0001-9D78-FEABB62EDB01\">\n    </Correlation>\n    <Execution ProcessID=\"2672\" ThreadID=\"2912\">\n    </Execution>\n    <Channel>Microsoft-Windows-Diagnostics-Performance/Operational</Channel>\n    <Computer>DESKTOP-P9H5FTA</Computer>\n    <Security UserID=\"S-1-5-19\">\n    </Security>\n  </System>\n  <EventData>\n    <Data Name=\"ShutdownTsVersion\">1</Data>\n    <Data Name=\"ShutdownStartTime\">2024-11-05T01:39:48.799242Z</Data>\n    <Data Name=\"ShutdownEndTime\">2024-11-05T01:39:55.534891Z</Data>\n    <Data Name=\"ShutdownTime\">6735</Data>\n    <Data Name=\"ShutdownUserSessionTime\">581</Data>\n    <Data Name=\"ShutdownUserPolicyTime\">2</Data>\n    <Data Name=\"ShutdownUserProfilesTime\">18</Data>\n    <Data Name=\"ShutdownSystemSessionsTime\">5780</Data>\n    <Data Name=\"ShutdownPreShutdownNotificationsTime\">3909</Data>\n    <Data Name=\"ShutdownServicesTime\">1483</Data>\n    <Data Name=\"ShutdownKernelTime\">374</Data>\n    <Data Name=\"ShutdownRootCauseStepImprovementBits\">0</Data>\n    <Data Name=\"ShutdownRootCauseGradualImprovementBits\">0</Data>\n    <Data Name=\"ShutdownRootCauseStepDegradationBits\">0</Data>\n    <Data Name=\"ShutdownRootCauseGradualDegradationBits\">0</Data>\n    <Data Name=\"ShutdownIsDegradation\">false</Data>\n    <Data Name=\"ShutdownTimeChange\">0</Data>\n  </EventData>\n</Event>\n",
  "json": "{\"Event\":{\"#attributes\":{\"xmlns\":\"http://schemas.microsoft.com/win/2004/08/events/event\"},\"System\":{\"Provider\":{\"#attributes\":{\"Name\":\"Microsoft-Windows-Diagnostics-Performance\",\"Guid\":\"CFC18EC0-96B1-4EBA-961B-622CAEE05B0A\"}},\"EventID\":200,\"Version\":1,\"Level\":3,\"Task\":4007,\"Opcode\":40,\"Keywords\":\"0x8000000000010000\",\"TimeCreated\":{\"#attributes\":{\"SystemTime\":\"2024-11-04T12:41:47.708664Z\"}},\"EventRecordID\":2,\"Correlation\":{\"#attributes\":{\"ActivityID\":\"ABFE7217-2EB6-0001-9D78-FEABB62EDB01\"}},\"Execution\":{\"#attributes\":{\"ProcessID\":2672,\"ThreadID\":2912}},\"Channel\":\"Microsoft-Windows-Diagnostics-Performance/Operational\",\"Computer\":\"DESKTOP-P9H5FTA\",\"Security\":{\"#attributes\":{\"UserID\":\"S-1-5-19\"}}},\"EventData\":{\"ShutdownTsVersion\":1,\"ShutdownStartTime\":\"2024-11-05T01:39:48.799242Z\",\"ShutdownEndTime\":\"2024-11-05T01:39:55.534891Z\",\"ShutdownTime\":6735,\"ShutdownUserSessionTime\":581,\"ShutdownUserPolicyTime\":2,\"ShutdownUserProfilesTime\":18,\"ShutdownSystemSessionsTime\":5780,\"ShutdownPreShutdownNotificationsTime\":3909,\"ShutdownServicesTime\":1483,\"ShutdownKernelTime\":374,\"ShutdownRootCauseStepImprovementBits\":0,\"ShutdownRootCauseGradualImprovementBits\":0,\"ShutdownRootCauseStepDegradationBits\":0,\"ShutdownRootCauseGradualDegradationBits\":0,\"ShutdownIsDegradation\":false,\"ShutdownTimeChange\":0}}}",
  "xml_fields": {
    "provider": "Microsoft-Windows-Diagnostics-Performance",
    "event_id": "200",
    "timestamp": "2024-11-04T12:41:47.708664Z",
    "event_record_id": "2",
    "level": "3",
    "task": "4007",
    "opcode": "40",
    "keywords": "0x8000000000010000",
    "channel": "Microsoft-Windows-Diagnostics-Performance/Operational",
    "computer": "DESKTOP-P9H5FTA",
    "ShutdownTsVersion": "1",
    "ShutdownStartTime": "2024-11-05T01:39:48.799242Z",
    "ShutdownEndTime": "2024-11-05T01:39:55.534891Z",
    "ShutdownTime": "6735",
    "ShutdownUserSessionTime": "581",
    "ShutdownUserPolicyTime": "2",
    "ShutdownUserProfilesTime": "18",
    "ShutdownSystemSessionsTime": "5780",
    "ShutdownPreShutdownNotificationsTime": "3909",
    "ShutdownServicesTime": "1483",
    "ShutdownKernelTime": "374",
    "ShutdownRootCauseStepImprovementBits": "0",
    "ShutdownRootCauseGradualImprovementBits": "0",
    "ShutdownRootCauseStepDegradationBits": "0",
    "ShutdownRootCauseGradualDegradationBits": "0",
    "ShutdownIsDegradation": "false",
    "ShutdownTimeChange": "0"
  },
  "json_fields": {
    "provider": "Microsoft-Windows-Diagnostics-Performance",
    "channel": "Microsoft-Windows-Diagnostics-Performance/Operational",
    "event_id": "200",
    "timestamp": "2024-11-04T12:41:47.708664Z",
    "event_record_id": "2",
    "level": "3",
    "task": "4007",
    "opcode": "40",
    "keywords": "0x8000000000010000",
    "computer": "DESKTOP-P9H5FTA",
    "ShutdownTsVersion": "1",
    "ShutdownStartTime": "2024-11-05T01:39:48.799242Z",
    "ShutdownEndTime": "2024-11-05T01:39:55.534891Z",
    "ShutdownTime": "6735",
    "ShutdownUserSessionTime": "581",
    "ShutdownUserPolicyTime": "2",
    "ShutdownUserProfilesTime": "18",
    "ShutdownSystemSessionsTime": "5780",
    "ShutdownPreShutdownNotificationsTime": "3909",
    "ShutdownServicesTime": "1483",
    "ShutdownKernelTime": "374",
    "ShutdownRootCauseStepImprovementBits": "0",
    "ShutdownRootCauseGradualImprovementBits": "0",
    "ShutdownRootCauseStepDegradationBits": "0",
    "ShutdownRootCauseGradualDegradationBits": "0",
    "ShutdownIsDegradation": "False",
    "ShutdownTimeChange": "0"
  }
}