{
  "event_id": "2011",
  "provider": "Microsoft-Windows-Windows Defender",
  "channel": "Microsoft-Windows-Windows Defender/Operational",
  "source_file": "D:\\visual code file\\Project_4\\Event-Analyzer\\test\\Logs\\Microsoft-Windows-Windows Defender%4Operational.evtx",
  "event_record_id": 33,
  "xml": "<?xml version=\"1.0\" encoding=\"utf-8\"?>\n<Event xmlns=\"http://schemas.microsoft.com/win/2004/08/events/event\">\n  <System>\n    <Provider Name=\"Microsoft-Windows-Windows Defender\" Guid=\"11CD958A-C507-4EF3-B3F2-5FD9DFBD2C78\">\n    </Provider>\n    <EventID>2011</EventID>\n    <Version>0</Version>\n    <Level>4</Level>\n    <Task>0</Task>\n    <Opcode>0</Opcode>\n    <Keywords>0x8000000000000000</Keywords>\n    <TimeCreated SystemTime=\"2025-01-24T10:06:09.606208Z\">\n    </TimeCreated>\n    <EventRecordID>33</EventRecordID>\n    <Correlation>\n    </Correlation>\n    <Execution ProcessID=\"3224\" ThreadID=\"3624\">\n    </Execution>\n    <Channel>Microsoft-Windows-Windows Defender/Operational</Channel>\n    <Computer>CTO-FILESVR</Computer>\n    <Security UserID=\"S-1-5-18\">\n    </Security>\n  </System>\n  <EventData>\n    <Data Name=\"Product Name\">%%827</Data>\n    <Data Name=\"Product Version\">4.18.1909.6</Data>\n    <Data Name=\"Current security intelligence Version\">1.421.1216.0</Data>\n    <Data Name=\"Unused\"></Data>\n    <Data Name=\"Unused2\"></Data>\n    <Data Name=\"Unused3\"></Data>\n    <Data Name=\"Unused4\"></Data>\n    <Data Name=\"Domain\"></Data>\n    <Data Name=\"User\"></Data>\n    <Data Name=\"SID\"></Data>\n    <Data Name=\"Security intelligence Type Index\">1</Data>\n    <Data Name=\"Security intelligence Type\">%%800</Data>\n    <Data Name=\"Unused5\"></Data>\n    <Data Name=\"Unused6\"></Data>\n    <Data Name=\"Current Engine Version\">1.1.24090.11</Data>\n    <Data Name=\"Unused7\"></Data>\n    <Data Name=\"Unused8\"></Data>\n    <Data Name=\"Unused9\"></Data>\n    <Data Name=\"Unused10\"></Data>\n    <Data Name=\"Unused11\"></Data>\n    <Data Name=\"Unused12\"></Data>\n    <Data Name=\"Dynamic security intelligence Type Index\">1</Data>\n    <Data Name=\"Dynamic security intelligence Type\">%%863</Data>\n    <Data Name=\"Persistence Path\">C:\\ProgramData\\Microsoft\\Windows Defender\\Scans\\RtSigs\\data\\9f9b6f80f6cfea6f6abd8b2038a8a7255923fdb3</Data>\n    <Data Name=\"Dynamic security intelligence Version\">0.0.0.0</Data>\n    <Data Name=\"Dynamic security intelligence Compilation Timestamp\">1/6/2025 12:37:20 PM</Data>\n    <Data Name=\"Persistence Limit Type Index\">2</Data>\n    <Data Name=\"Persistence Limit Type\">%%870</Data>\n    <Data Name=\"Persistence Limit Value\">288000000</Data>\n    <Data Name=\"Removal Reason Index\">2</Data>\n    <Data Name=\"Removal Reason Value\">%%869</Data>\n  </EventData>\n</Event>\n",
  "json": "{\"Event\":{\"#attributes\":{\"xmlns\":\"http://schemas.microsoft.com/win/2004/08/events/event\"},\"System\":{\"Provider\":{\"#attributes\":{\"Name\":\"Microsoft-Windows-Windows Defender\",\"Guid\":\"11CD958A-C507-4EF3-B3F2-5FD9DFBD2C78\"}},\"EventID\":2011,\"Version\":0,\"Level\":4,\"Task\":0,\"Opcode\":0,\"Keywords\":\"0x8000000000000000\",\"TimeCreated\":{\"#attributes\":{\"SystemTime\":\"2025-01-24T10:06:09.606208Z\"}},\"EventRecordID\":33,\"Correlation\":null,\"Execution\":{\"#attributes\":{\"ProcessID\":3224,\"ThreadID\":3624}},\"Channel\":\"Microsoft-Windows-Windows Defender/Operational\",\"Computer\":\"CTO-FILESVR\",\"Security\":{\"#attributes\":{\"UserID\":\"S-1-5-18\"}}},\"EventData\":{\"Product Name\":\"%%827\",\"Product Version\":\"4.18.1909.6\",\"Current security intelligence Version\":\"1.421.1216.0\",\"Unused\":\"\",\"Unused2\":\"\",\"Unused3\":\"\",\"Unused4\":\"\",\"Domain\":\"\",\"User\":\"\",\"SID\":\"\",\"Security intelligence Type Index\":\"1\",\"Security intelligence Type\":\"%%800\",\"Unused5\":\"\",\"Unused6\":\"\",\"Current Engine Version\":\"1.1.24090.11\",\"Unused7\":\"\",\"Unused8\":\"\",\"Unused9\":\"\",\"Unused10\":\"\",\"Unused11\":\"\",\"Unused12\":\"\",\"Dynamic security intelligence Type Index\":\"1\",\"Dynamic security intelligence Type\":\"%%863\",\"Persistence Path\":\"C:\\\\ProgramData\\\\Microsoft\\\\Windows Defender\\\\Scans\\\\RtSigs\\\\data\\\\9f9b6f80f6cfea6f6abd8b2038a8a7255923fdb3\",\"Dynamic security intelligence Version\":\"0.0.0.0\",\"Dynamic security intelligence Compilation Timestamp\":\"1/6/2025 12:37:20 PM\",\"Persistence Limit Type Index\":\"2\",\"Persistence Limit Type\":\"%%870\",\"Persistence Limit Value\":\"288000000\",\"Removal Reason Index\":\"2\",\"Removal Reason Value\":\"%%869\"}}}",
  "xml_fields": {
    "provider": "Microsoft-Windows-Windows Defender",
    "event_id": "2011",
    "timestamp": "2025-01-24T10:06:09.606208Z",
    "event_record_id": "33",
    "level": "4",
    "task": "0",
    "opcode": "0",
    "keywords": "0x8000000000000000",
    "channel": "Microsoft-Windows-Windows Defender/Operational",
    "computer": "CTO-FILESVR",
    "Product Name": "%%827",
    "Product Version": "4.18.1909.6",
    "Current security intelligence Version": "1.421.1216.0",
    "Unused": "",
    "Unused2": "",
    "Unused3": "",
    "Unused4": "",
    "Domain": "",
    "User": "",
    "SID": "",
    "Security intelligence Type Index": "1",
    "Security intelligence Type": "%%800",
    "Unused5": "",
    "Unused6": "",
    "Current Engine Version": "1.1.24090.11",
    "Unused7": "",
    "Unused8": "",
    "Unused9": "",
    "Unused10": "",
    "Unused11": "",
    "Unused12": "",
    "Dynamic security intelligence Type Index": "1",
    "Dynamic security intelligence Type": "%%863",
    "Persistence Path": "C:\\ProgramData\\Microsoft\\Windows Defender\\Scans\\RtSigs\\data\\9f9b6f80f6cfea6f6abd8b2038a8a7255923fdb3",
    "Dynamic security intelligence Version": "0.0.0.0",
    "Dynamic security intelligence Compilation Timestamp": "1/6/2025 12:37:20 PM",
    "Persistence Limit Type Index": "2",
    "Persistence Limit Type": "%%870",
    "Persistence Limit Value": "288000000",
    "Removal Reason Index": "2",
    "Removal Reason Value": "%%869"
  },
  "json_fields": {
    "provider": "Microsoft-Windows-Windows Defender",
    "channel": "Microsoft-Windows-Windows Defender/Operational",
    "event_id": "2011",
    "timestamp": "2025-01-24T10:06:09.606208Z",
    "event_record_id": "33",
    "level": "4",
    "task": "0",
    "opcode": "0",
    "keywords": "0x8000000000000000",
    "computer": "CTO-FILESVR",
    "Product Name": "%%827",
    "Product Version": "4.18.1909.6",
    "Current security intelligence Version": "1.421.1216.0",
    "Unused": "",
    "Unused2": "",
    "Unused3": "",
    "Unused4": "",
    "Domain": "",
    "User": "",
    "SID": "",
    "Security intelligence Type Index": "1",
    "Security intelligence Type": "%%800",
    "Unused5": "",
    "Unused6": "",
    "Current Engine Version": "1.1.24090.11",
    "Unused7": "",
    "Unused8": "",
    "Unused9": "",
    "Unused10": "",
    "Unused11": "",
    "Unused12": "",
    "Dynamic security intelligence Type Index": "1",
    "Dynamic security intelligence Type": "%%863",
    "Persistence Path": "C:\\ProgramData\\Microsoft\\Windows Defender\\Scans\\RtSigs\\data\\9f9b6f80f6cfea6f6abd8b2038a8a7255923fdb3",
    "Dynamic security intelligence Version": "0.0.0.0",
    "Dynamic security intelligence Compilation Timestamp": "1/6/2025 12:37:20 PM",
    "Persistence Limit Type Index": "2",
    "Persistence Limit Type": "%%870",
    "Persistence Limit Value": "288000000",
    "Removal Reason Index": "2",
    "Removal Reason Value": "%%869"
  }
}