{
  "event_id": "2011",
  "provider": "Microsoft-Windows-Windows Firewall With Advanced Security",
  "channel": "Microsoft-Windows-Windows Firewall With Advanced Security/Firewall",
  "source_file": "D:\\visual code file\\Project_4\\Event-Analyzer\\test\\Benign\\win2022-0-20348-azure\\Microsoft-Windows-Windows Firewall With Advanced Security%4Firewall.evtx",
  "event_record_id": 376,
  "xml": "<?xml version=\"1.0\" encoding=\"utf-8\"?>\n<Event xmlns=\"http://schemas.microsoft.com/win/2004/08/events/event\">\n  <System>\n    <Provider Name=\"Microsoft-Windows-Windows Firewall With Advanced Security\" Guid=\"D1BC9AFF-2ABF-4D71-9146-ECB2A986EB85\">\n    </Provider>\n    <EventID>2011</EventID>\n    <Version>0</Version>\n    <Level>4</Level>\n    <Task>0</Task>\n    <Opcode>0</Opcode>\n    <Keywords>0x8000000000000000</Keywords>\n    <TimeCreated SystemTime=\"2022-09-18T10:07:03.212563Z\">\n    </TimeCreated>\n    <EventRecordID>376</EventRecordID>\n    <Correlation>\n    </Correlation>\n    <Execution ProcessID=\"1600\" ThreadID=\"2652\">\n    </Execution>\n    <Channel>Microsoft-Windows-Windows Firewall With Advanced Security/Firewall</Channel>\n    <Computer>Agamemnon</Computer>\n    <Security UserID=\"S-1-5-19\">\n    </Security>\n  </System>\n  <EventData>\n    <Data Name=\"ReasonCode\">64</Data>\n    <Data Name=\"ApplicationPath\">C:\\xampp\\apache\\bin\\httpd.exe</Data>\n    <Data Name=\"IPVersion\">0</Data>\n    <Data Name=\"Protocol\">6</Data>\n    <Data Name=\"Port\">8080</Data>\n    <Data Name=\"ProcessId\">7568</Data>\n    <Data Name=\"ModifyingUser\">S-1-5-21-3574161147-2844031704-266979156-500</Data>\n  </EventData>\n</Event>\n",
  "json": "{\"Event\":{\"#attributes\":{\"xmlns\":\"http://schemas.microsoft.com/win/2004/08/events/event\"},\"System\":{\"Provider\":{\"#attributes\":{\"Name\":\"Microsoft-Windows-Windows Firewall With Advanced Security\",\"Guid\":\"D1BC9AFF-2ABF-4D71-9146-ECB2A986EB85\"}},\"EventID\":2011,\"Version\":0,\"Level\":4,\"Task\":0,\"Opcode\":0,\"Keywords\":\"0x8000000000000000\",\"TimeCreated\":{\"#attributes\":{\"SystemTime\":\"2022-09-18T10:07:03.212563Z\"}},\"EventRecordID\":376,\"Correlation\":null,\"Execution\":{\"#attributes\":{\"ProcessID\":1600,\"ThreadID\":2652}},\"Channel\":\"Microsoft-Windows-Windows Firewall With Advanced Security/Firewall\",\"Computer\":\"Agamemnon\",\"Security\":{\"#attributes\":{\"UserID\":\"S-1-5-19\"}}},\"EventData\":{\"ReasonCode\":64,\"ApplicationPath\":\"C:\\\\xampp\\\\apache\\\\bin\\\\httpd.exe\",\"IPVersion\":0,\"Protocol\":6,\"Port\":8080,\"ProcessId\":7568,\"ModifyingUser\":\"S-1-5-21-3574161147-2844031704-266979156-500\"}}}",
  "xml_fields": {
    "provider": "Microsoft-Windows-Windows Firewall With Advanced Security",
    "event_id": "2011",
    "timestamp": "2022-09-18T10:07:03.212563Z",
    "event_record_id": "376",
    "level": "4",
    "task": "0",
    "opcode": "0",
    "keywords": "0x8000000000000000",
    "channel": "Microsoft-Windows-Windows Firewall With Advanced Security/Firewall",
    "computer": "Agamemnon",
    "ReasonCode": "64",
    "ApplicationPath": "C:\\xampp\\apache\\bin\\httpd.exe",
    "IPVersion": "0",
    "Protocol": "6",
    "Port": "8080",
    "ProcessId": "7568",
    "ModifyingUser": "S-1-5-21-3574161147-2844031704-266979156-500"
  },
  "json_fields": {
    "provider": "Microsoft-Windows-Windows Firewall With Advanced Security",
    "channel": "Microsoft-Windows-Windows Firewall With Advanced Security/Firewall",
    "event_id": "2011",
    "timestamp": "2022-09-18T10:07:03.212563Z",
    "event_record_id": "376",
    "level": "4",
    "task": "0",
    "opcode": "0",
    "keywords": "0x8000000000000000",
    "computer": "Agamemnon",
    "ReasonCode": "64",
    "ApplicationPath": "C:\\xampp\\apache\\bin\\httpd.exe",
    "IPVersion": "0",
    "Protocol": "6",
    "Port": "8080",
    "ProcessId": "7568",
    "ModifyingUser": "S-1-5-21-3574161147-2844031704-266979156-500"
  }
}