{
  "event_id": "2014",
  "provider": "Microsoft-Windows-Windows Defender",
  "channel": "Microsoft-Windows-Windows Defender/Operational",
  "source_file": "D:\\visual code file\\Project_4\\Event-Analyzer\\test\\Logs\\Microsoft-Windows-Windows Defender%4Operational.evtx",
  "event_record_id": 47,
  "xml": "<?xml version=\"1.0\" encoding=\"utf-8\"?>\n<Event xmlns=\"http://schemas.microsoft.com/win/2004/08/events/event\">\n  <System>\n    <Provider Name=\"Microsoft-Windows-Windows Defender\" Guid=\"11CD958A-C507-4EF3-B3F2-5FD9DFBD2C78\">\n    </Provider>\n    <EventID>2014</EventID>\n    <Version>0</Version>\n    <Level>4</Level>\n    <Task>0</Task>\n    <Opcode>0</Opcode>\n    <Keywords>0x8000000000000000</Keywords>\n    <TimeCreated SystemTime=\"2025-01-24T10:13:15.760903Z\">\n    </TimeCreated>\n    <EventRecordID>47</EventRecordID>\n    <Correlation>\n    </Correlation>\n    <Execution ProcessID=\"3000\" ThreadID=\"608\">\n    </Execution>\n    <Channel>Microsoft-Windows-Windows Defender/Operational</Channel>\n    <Computer>CTO-FILESVR</Computer>\n    <Security UserID=\"S-1-5-18\">\n    </Security>\n  </System>\n  <EventData>\n    <Data Name=\"Product Name\">Microsoft Defender Antivirus</Data>\n    <Data Name=\"Product Version\">4.18.24090.11</Data>\n  </EventData>\n</Event>\n",
  "json": "{\"Event\":{\"#attributes\":{\"xmlns\":\"http://schemas.microsoft.com/win/2004/08/events/event\"},\"System\":{\"Provider\":{\"#attributes\":{\"Name\":\"Microsoft-Windows-Windows Defender\",\"Guid\":\"11CD958A-C507-4EF3-B3F2-5FD9DFBD2C78\"}},\"EventID\":2014,\"Version\":0,\"Level\":4,\"Task\":0,\"Opcode\":0,\"Keywords\":\"0x8000000000000000\",\"TimeCreated\":{\"#attributes\":{\"SystemTime\":\"2025-01-24T10:13:15.760903Z\"}},\"EventRecordID\":47,\"Correlation\":null,\"Execution\":{\"#attributes\":{\"ProcessID\":3000,\"ThreadID\":608}},\"Channel\":\"Microsoft-Windows-Windows Defender/Operational\",\"Computer\":\"CTO-FILESVR\",\"Security\":{\"#attributes\":{\"UserID\":\"S-1-5-18\"}}},\"EventData\":{\"Product Name\":\"Microsoft Defender Antivirus\",\"Product Version\":\"4.18.24090.11\"}}}",
  "xml_fields": {
    "provider": "Microsoft-Windows-Windows Defender",
    "event_id": "2014",
    "timestamp": "2025-01-24T10:13:15.760903Z",
    "event_record_id": "47",
    "level": "4",
    "task": "0",
    "opcode": "0",
    "keywords": "0x8000000000000000",
    "channel": "Microsoft-Windows-Windows Defender/Operational",
    "computer": "CTO-FILESVR",
    "Product Name": "Microsoft Defender Antivirus",
    "Product Version": "4.18.24090.11"
  },
  "json_fields": {
    "provider": "Microsoft-Windows-Windows Defender",
    "channel": "Microsoft-Windows-Windows Defender/Operational",
    "event_id": "2014",
    "timestamp": "2025-01-24T10:13:15.760903Z",
    "event_record_id": "47",
    "level": "4",
    "task": "0",
    "opcode": "0",
    "keywords": "0x8000000000000000",
    "computer": "CTO-FILESVR",
    "Product Name": "Microsoft Defender Antivirus",
    "Product Version": "4.18.24090.11"
  }
}