{
  "event_id": "2015",
  "provider": "Microsoft-Windows-ServerManager-MultiMachine",
  "channel": "Microsoft-Windows-ServerManager-MultiMachine/Operational",
  "source_file": "D:\\visual code file\\Project_4\\Event-Analyzer\\test\\Benign\\win2022-0-20348-azure\\Microsoft-Windows-ServerManager-MultiMachine%4Operational.evtx",
  "event_record_id": 365,
  "xml": "<?xml version=\"1.0\" encoding=\"utf-8\"?>\n<Event xmlns=\"http://schemas.microsoft.com/win/2004/08/events/event\">\n  <System>\n    <Provider Name=\"Microsoft-Windows-ServerManager-MultiMachine\" Guid=\"D8D37081-10BD-4A89-A971-1CDA6899BDB3\">\n    </Provider>\n    <EventID>2015</EventID>\n    <Version>0</Version>\n    <Level>4</Level>\n    <Task>15</Task>\n    <Opcode>0</Opcode>\n    <Keywords>0x2000000000000000</Keywords>\n    <TimeCreated SystemTime=\"2022-09-18T09:40:17.840376Z\">\n    </TimeCreated>\n    <EventRecordID>365</EventRecordID>\n    <Correlation ActivityID=\"7A1A5327-347A-0001-485B-93D940CBD801\">\n    </Correlation>\n    <Execution ProcessID=\"3852\" ThreadID=\"5640\">\n    </Execution>\n    <Channel>Microsoft-Windows-ServerManager-MultiMachine/Operational</Channel>\n    <Computer>Agamemnon</Computer>\n    <Security UserID=\"S-1-5-21-3574161147-2844031704-266979156-500\">\n    </Security>\n  </System>\n  <EventData>\n    <Data Name=\"componentId\">16</Data>\n    <Data Name=\"displayName\">Active Directory Certificate Services</Data>\n  </EventData>\n</Event>\n",
  "json": "{\"Event\":{\"#attributes\":{\"xmlns\":\"http://schemas.microsoft.com/win/2004/08/events/event\"},\"System\":{\"Provider\":{\"#attributes\":{\"Name\":\"Microsoft-Windows-ServerManager-MultiMachine\",\"Guid\":\"D8D37081-10BD-4A89-A971-1CDA6899BDB3\"}},\"EventID\":2015,\"Version\":0,\"Level\":4,\"Task\":15,\"Opcode\":0,\"Keywords\":\"0x2000000000000000\",\"TimeCreated\":{\"#attributes\":{\"SystemTime\":\"2022-09-18T09:40:17.840376Z\"}},\"EventRecordID\":365,\"Correlation\":{\"#attributes\":{\"ActivityID\":\"7A1A5327-347A-0001-485B-93D940CBD801\"}},\"Execution\":{\"#attributes\":{\"ProcessID\":3852,\"ThreadID\":5640}},\"Channel\":\"Microsoft-Windows-ServerManager-MultiMachine/Operational\",\"Computer\":\"Agamemnon\",\"Security\":{\"#attributes\":{\"UserID\":\"S-1-5-21-3574161147-2844031704-266979156-500\"}}},\"EventData\":{\"componentId\":16,\"displayName\":\"Active Directory Certificate Services\"}}}",
  "xml_fields": {
    "provider": "Microsoft-Windows-ServerManager-MultiMachine",
    "event_id": "2015",
    "timestamp": "2022-09-18T09:40:17.840376Z",
    "event_record_id": "365",
    "level": "4",
    "task": "15",
    "opcode": "0",
    "keywords": "0x2000000000000000",
    "channel": "Microsoft-Windows-ServerManager-MultiMachine/Operational",
    "computer": "Agamemnon",
    "componentId": "16",
    "displayName": "Active Directory Certificate Services"
  },
  "json_fields": {
    "provider": "Microsoft-Windows-ServerManager-MultiMachine",
    "channel": "Microsoft-Windows-ServerManager-MultiMachine/Operational",
    "event_id": "2015",
    "timestamp": "2022-09-18T09:40:17.840376Z",
    "event_record_id": "365",
    "level": "4",
    "task": "15",
    "opcode": "0",
    "keywords": "0x2000000000000000",
    "computer": "Agamemnon",
    "componentId": "16",
    "displayName": "Active Directory Certificate Services"
  }
}