{
  "event_id": "201",
  "provider": "Microsoft-Windows-AppModel-Runtime",
  "channel": "Microsoft-Windows-AppModel-Runtime/Admin",
  "source_file": "D:\\visual code file\\Project_4\\Event-Analyzer\\test\\Logs\\Microsoft-Windows-AppModel-Runtime%4Admin.evtx",
  "event_record_id": 209,
  "xml": "<?xml version=\"1.0\" encoding=\"utf-8\"?>\n<Event xmlns=\"http://schemas.microsoft.com/win/2004/08/events/event\">\n  <System>\n    <Provider Name=\"Microsoft-Windows-AppModel-Runtime\" Guid=\"F1EF270A-0D32-4352-BA52-DBAB41E1D859\">\n    </Provider>\n    <EventID>201</EventID>\n    <Version>0</Version>\n    <Level>4</Level>\n    <Task>0</Task>\n    <Opcode>0</Opcode>\n    <Keywords>0x2000000000000004</Keywords>\n    <TimeCreated SystemTime=\"2024-11-04T12:48:47.784783Z\">\n    </TimeCreated>\n    <EventRecordID>209</EventRecordID>\n    <Correlation>\n    </Correlation>\n    <Execution ProcessID=\"3144\" ThreadID=\"4700\">\n    </Execution>\n    <Channel>Microsoft-Windows-AppModel-Runtime/Admin</Channel>\n    <Computer>DESKTOP-P9H5FTA</Computer>\n    <Security UserID=\"S-1-5-18\">\n    </Security>\n  </System>\n  <EventData>\n    <Data Name=\"ProcessID\">7900</Data>\n    <Data Name=\"PackageName\">Microsoft.MicrosoftEdge.Stable_130.0.2849.68_neutral__8wekyb3d8bbwe</Data>\n    <Data Name=\"ImageName\">identity_helper.exe</Data>\n    <Data Name=\"ApplicationName\">Microsoft.MicrosoftEdge.Stable_8wekyb3d8bbwe!App</Data>\n    <Data Name=\"Message\">[FinishPackageActivation]</Data>\n  </EventData>\n</Event>\n",
  "json": "{\"Event\":{\"#attributes\":{\"xmlns\":\"http://schemas.microsoft.com/win/2004/08/events/event\"},\"System\":{\"Provider\":{\"#attributes\":{\"Name\":\"Microsoft-Windows-AppModel-Runtime\",\"Guid\":\"F1EF270A-0D32-4352-BA52-DBAB41E1D859\"}},\"EventID\":201,\"Version\":0,\"Level\":4,\"Task\":0,\"Opcode\":0,\"Keywords\":\"0x2000000000000004\",\"TimeCreated\":{\"#attributes\":{\"SystemTime\":\"2024-11-04T12:48:47.784783Z\"}},\"EventRecordID\":209,\"Correlation\":null,\"Execution\":{\"#attributes\":{\"ProcessID\":3144,\"ThreadID\":4700}},\"Channel\":\"Microsoft-Windows-AppModel-Runtime/Admin\",\"Computer\":\"DESKTOP-P9H5FTA\",\"Security\":{\"#attributes\":{\"UserID\":\"S-1-5-18\"}}},\"EventData\":{\"ProcessID\":7900,\"PackageName\":\"Microsoft.MicrosoftEdge.Stable_130.0.2849.68_neutral__8wekyb3d8bbwe\",\"ImageName\":\"identity_helper.exe\",\"ApplicationName\":\"Microsoft.MicrosoftEdge.Stable_8wekyb3d8bbwe!App\",\"Message\":\"[FinishPackageActivation]\"}}}",
  "xml_fields": {
    "provider": "Microsoft-Windows-AppModel-Runtime",
    "event_id": "201",
    "timestamp": "2024-11-04T12:48:47.784783Z",
    "event_record_id": "209",
    "level": "4",
    "task": "0",
    "opcode": "0",
    "keywords": "0x2000000000000004",
    "channel": "Microsoft-Windows-AppModel-Runtime/Admin",
    "computer": "DESKTOP-P9H5FTA",
    "ProcessID": "7900",
    "PackageName": "Microsoft.MicrosoftEdge.Stable_130.0.2849.68_neutral__8wekyb3d8bbwe",
    "ImageName": "identity_helper.exe",
    "ApplicationName": "Microsoft.MicrosoftEdge.Stable_8wekyb3d8bbwe!App",
    "Message": "[FinishPackageActivation]"
  },
  "json_fields": {
    "provider": "Microsoft-Windows-AppModel-Runtime",
    "channel": "Microsoft-Windows-AppModel-Runtime/Admin",
    "event_id": "201",
    "timestamp": "2024-11-04T12:48:47.784783Z",
    "event_record_id": "209",
    "level": "4",
    "task": "0",
    "opcode": "0",
    "keywords": "0x2000000000000004",
    "computer": "DESKTOP-P9H5FTA",
    "ProcessID": "7900",
    "PackageName": "Microsoft.MicrosoftEdge.Stable_130.0.2849.68_neutral__8wekyb3d8bbwe",
    "ImageName": "identity_helper.exe",
    "ApplicationName": "Microsoft.MicrosoftEdge.Stable_8wekyb3d8bbwe!App",
    "Message": "[FinishPackageActivation]"
  }
}