{
  "event_id": "201",
  "provider": "Microsoft-Windows-TaskScheduler",
  "channel": "Microsoft-Windows-TaskScheduler/Operational",
  "source_file": "D:\\visual code file\\Project_4\\Event-Analyzer\\test\\Benign\\Logs_Win11_2023\\Microsoft-Windows-TaskScheduler%4Operational.evtx",
  "event_record_id": 5,
  "xml": "<?xml version=\"1.0\" encoding=\"utf-8\"?>\n<Event xmlns=\"http://schemas.microsoft.com/win/2004/08/events/event\">\n  <System>\n    <Provider Name=\"Microsoft-Windows-TaskScheduler\" Guid=\"DE7B24EA-73C8-4A09-985D-5BDADCFA9017\">\n    </Provider>\n    <EventID>201</EventID>\n    <Version>2</Version>\n    <Level>4</Level>\n    <Task>201</Task>\n    <Opcode>2</Opcode>\n    <Keywords>0x8000000000000000</Keywords>\n    <TimeCreated SystemTime=\"2023-11-05T22:51:38.591619Z\">\n    </TimeCreated>\n    <EventRecordID>5</EventRecordID>\n    <Correlation ActivityID=\"FC5547C0-1E78-47DA-BC40-DF3E7BFD1917\">\n    </Correlation>\n    <Execution ProcessID=\"1392\" ThreadID=\"2612\">\n    </Execution>\n    <Channel>Microsoft-Windows-TaskScheduler/Operational</Channel>\n    <Computer>WinDev2310Eval</Computer>\n    <Security UserID=\"S-1-5-18\">\n    </Security>\n  </System>\n  <EventData Name=\"ActionSuccess\">\n    <Data Name=\"TaskName\">\\Microsoft\\Windows\\Flighting\\FeatureConfig\\ReconcileFeatures</Data>\n    <Data Name=\"TaskInstanceId\">FC5547C0-1E78-47DA-BC40-DF3E7BFD1917</Data>\n    <Data Name=\"ActionName\">Feature Configuration Reconciliation Task Handler</Data>\n    <Data Name=\"ResultCode\">0</Data>\n    <Data Name=\"EnginePID\">8636</Data>\n  </EventData>\n</Event>\n",
  "json": "{\"Event\":{\"#attributes\":{\"xmlns\":\"http://schemas.microsoft.com/win/2004/08/events/event\"},\"System\":{\"Provider\":{\"#attributes\":{\"Name\":\"Microsoft-Windows-TaskScheduler\",\"Guid\":\"DE7B24EA-73C8-4A09-985D-5BDADCFA9017\"}},\"EventID\":201,\"Version\":2,\"Level\":4,\"Task\":201,\"Opcode\":2,\"Keywords\":\"0x8000000000000000\",\"TimeCreated\":{\"#attributes\":{\"SystemTime\":\"2023-11-05T22:51:38.591619Z\"}},\"EventRecordID\":5,\"Correlation\":{\"#attributes\":{\"ActivityID\":\"FC5547C0-1E78-47DA-BC40-DF3E7BFD1917\"}},\"Execution\":{\"#attributes\":{\"ProcessID\":1392,\"ThreadID\":2612}},\"Channel\":\"Microsoft-Windows-TaskScheduler/Operational\",\"Computer\":\"WinDev2310Eval\",\"Security\":{\"#attributes\":{\"UserID\":\"S-1-5-18\"}}},\"EventData\":{\"#attributes\":{\"Name\":\"ActionSuccess\"},\"TaskName\":\"\\\\Microsoft\\\\Windows\\\\Flighting\\\\FeatureConfig\\\\ReconcileFeatures\",\"TaskInstanceId\":\"FC5547C0-1E78-47DA-BC40-DF3E7BFD1917\",\"ActionName\":\"Feature Configuration Reconciliation Task Handler\",\"ResultCode\":0,\"EnginePID\":8636}}}",
  "xml_fields": {
    "provider": "Microsoft-Windows-TaskScheduler",
    "event_id": "201",
    "timestamp": "2023-11-05T22:51:38.591619Z",
    "event_record_id": "5",
    "level": "4",
    "task": "201",
    "opcode": "2",
    "keywords": "0x8000000000000000",
    "channel": "Microsoft-Windows-TaskScheduler/Operational",
    "computer": "WinDev2310Eval",
    "TaskName": "\\Microsoft\\Windows\\Flighting\\FeatureConfig\\ReconcileFeatures",
    "TaskInstanceId": "FC5547C0-1E78-47DA-BC40-DF3E7BFD1917",
    "ActionName": "Feature Configuration Reconciliation Task Handler",
    "ResultCode": "0",
    "EnginePID": "8636"
  },
  "json_fields": {
    "provider": "Microsoft-Windows-TaskScheduler",
    "channel": "Microsoft-Windows-TaskScheduler/Operational",
    "event_id": "201",
    "timestamp": "2023-11-05T22:51:38.591619Z",
    "event_record_id": "5",
    "level": "4",
    "task": "201",
    "opcode": "2",
    "keywords": "0x8000000000000000",
    "computer": "WinDev2310Eval",
    "TaskName": "\\Microsoft\\Windows\\Flighting\\FeatureConfig\\ReconcileFeatures",
    "TaskInstanceId": "FC5547C0-1E78-47DA-BC40-DF3E7BFD1917",
    "ActionName": "Feature Configuration Reconciliation Task Handler",
    "ResultCode": "0",
    "EnginePID": "8636"
  }
}