{
  "event_id": "2024",
  "provider": "Microsoft-Windows-LiveId",
  "channel": "Microsoft-Windows-LiveId/Operational",
  "source_file": "D:\\visual code file\\Project_4\\Event-Analyzer\\test\\Logs\\Microsoft-Windows-LiveId%4Operational.evtx",
  "event_record_id": 1,
  "xml": "<?xml version=\"1.0\" encoding=\"utf-8\"?>\n<Event xmlns=\"http://schemas.microsoft.com/win/2004/08/events/event\">\n  <System>\n    <Provider Name=\"Microsoft-Windows-LiveId\" Guid=\"05F02597-FE85-4E67-8542-69567AB8FD4F\">\n    </Provider>\n    <EventID>2024</EventID>\n    <Version>0</Version>\n    <Level>4</Level>\n    <Task>101</Task>\n    <Opcode>0</Opcode>\n    <Keywords>0x4000000000000010</Keywords>\n    <TimeCreated SystemTime=\"2024-11-05T01:33:22.112285Z\">\n    </TimeCreated>\n    <EventRecordID>1</EventRecordID>\n    <Correlation>\n    </Correlation>\n    <Execution ProcessID=\"4744\" ThreadID=\"4792\">\n    </Execution>\n    <Channel>Microsoft-Windows-LiveId/Operational</Channel>\n    <Computer>WIN-5LCFHVCO531</Computer>\n    <Security UserID=\"S-1-5-18\">\n    </Security>\n  </System>\n  <EventData>\n    <Data Name=\"Operation\">Service started</Data>\n    <Data Name=\"Details\">The service will auto stop if no requests received for some period of time.</Data>\n    <Data Name=\"Status\">0x0</Data>\n  </EventData>\n</Event>\n",
  "json": "{\"Event\":{\"#attributes\":{\"xmlns\":\"http://schemas.microsoft.com/win/2004/08/events/event\"},\"System\":{\"Provider\":{\"#attributes\":{\"Name\":\"Microsoft-Windows-LiveId\",\"Guid\":\"05F02597-FE85-4E67-8542-69567AB8FD4F\"}},\"EventID\":2024,\"Version\":0,\"Level\":4,\"Task\":101,\"Opcode\":0,\"Keywords\":\"0x4000000000000010\",\"TimeCreated\":{\"#attributes\":{\"SystemTime\":\"2024-11-05T01:33:22.112285Z\"}},\"EventRecordID\":1,\"Correlation\":null,\"Execution\":{\"#attributes\":{\"ProcessID\":4744,\"ThreadID\":4792}},\"Channel\":\"Microsoft-Windows-LiveId/Operational\",\"Computer\":\"WIN-5LCFHVCO531\",\"Security\":{\"#attributes\":{\"UserID\":\"S-1-5-18\"}}},\"EventData\":{\"Operation\":\"Service started\",\"Details\":\"The service will auto stop if no requests received for some period of time.\",\"Status\":\"0x0\"}}}",
  "xml_fields": {
    "provider": "Microsoft-Windows-LiveId",
    "event_id": "2024",
    "timestamp": "2024-11-05T01:33:22.112285Z",
    "event_record_id": "1",
    "level": "4",
    "task": "101",
    "opcode": "0",
    "keywords": "0x4000000000000010",
    "channel": "Microsoft-Windows-LiveId/Operational",
    "computer": "WIN-5LCFHVCO531",
    "Operation": "Service started",
    "Details": "The service will auto stop if no requests received for some period of time.",
    "Status": "0x0"
  },
  "json_fields": {
    "provider": "Microsoft-Windows-LiveId",
    "channel": "Microsoft-Windows-LiveId/Operational",
    "event_id": "2024",
    "timestamp": "2024-11-05T01:33:22.112285Z",
    "event_record_id": "1",
    "level": "4",
    "task": "101",
    "opcode": "0",
    "keywords": "0x4000000000000010",
    "computer": "WIN-5LCFHVCO531",
    "Operation": "Service started",
    "Details": "The service will auto stop if no requests received for some period of time.",
    "Status": "0x0"
  }
}