{
  "event_id": "2027",
  "provider": "Microsoft-Windows-StorageManagement-WSP-Spaces",
  "channel": "Microsoft-Windows-StorageManagement/Operational",
  "source_file": "D:\\visual code file\\Project_4\\Event-Analyzer\\test\\Benign\\Logs_Win11\\Microsoft-Windows-StorageManagement%4Operational.evtx",
  "event_record_id": 2,
  "xml": "<?xml version=\"1.0\" encoding=\"utf-8\"?>\n<Event xmlns=\"http://schemas.microsoft.com/win/2004/08/events/event\">\n  <System>\n    <Provider Name=\"Microsoft-Windows-StorageManagement-WSP-Spaces\" Guid=\"88C09888-118D-48FC-8863-E1C6D39CA4DF\">\n    </Provider>\n    <EventID>2027</EventID>\n    <Version>1</Version>\n    <Level>4</Level>\n    <Task>0</Task>\n    <Opcode>0</Opcode>\n    <Keywords>0x8000000000000000</Keywords>\n    <TimeCreated SystemTime=\"2022-03-02T18:08:51.627539Z\">\n    </TimeCreated>\n    <EventRecordID>2</EventRecordID>\n    <Correlation ActivityID=\"027A6110-2E60-0006-5E8D-7A02602ED801\">\n    </Correlation>\n    <Execution ProcessID=\"10400\" ThreadID=\"10404\">\n    </Execution>\n    <Channel>Microsoft-Windows-StorageManagement/Operational</Channel>\n    <Computer>DESKTOP-6D0DBMB</Computer>\n    <Security UserID=\"S-1-5-20\">\n    </Security>\n  </System>\n  <EventData>\n    <Data Name=\"Function\">SuInitializeEx</Data>\n    <Data Name=\"Runtime_msecs\">0</Data>\n  </EventData>\n</Event>\n",
  "json": "{\"Event\":{\"#attributes\":{\"xmlns\":\"http://schemas.microsoft.com/win/2004/08/events/event\"},\"System\":{\"Provider\":{\"#attributes\":{\"Name\":\"Microsoft-Windows-StorageManagement-WSP-Spaces\",\"Guid\":\"88C09888-118D-48FC-8863-E1C6D39CA4DF\"}},\"EventID\":2027,\"Version\":1,\"Level\":4,\"Task\":0,\"Opcode\":0,\"Keywords\":\"0x8000000000000000\",\"TimeCreated\":{\"#attributes\":{\"SystemTime\":\"2022-03-02T18:08:51.627539Z\"}},\"EventRecordID\":2,\"Correlation\":{\"#attributes\":{\"ActivityID\":\"027A6110-2E60-0006-5E8D-7A02602ED801\"}},\"Execution\":{\"#attributes\":{\"ProcessID\":10400,\"ThreadID\":10404}},\"Channel\":\"Microsoft-Windows-StorageManagement/Operational\",\"Computer\":\"DESKTOP-6D0DBMB\",\"Security\":{\"#attributes\":{\"UserID\":\"S-1-5-20\"}}},\"EventData\":{\"Function\":\"SuInitializeEx\",\"Runtime_msecs\":0}}}",
  "xml_fields": {
    "provider": "Microsoft-Windows-StorageManagement-WSP-Spaces",
    "event_id": "2027",
    "timestamp": "2022-03-02T18:08:51.627539Z",
    "event_record_id": "2",
    "level": "4",
    "task": "0",
    "opcode": "0",
    "keywords": "0x8000000000000000",
    "channel": "Microsoft-Windows-StorageManagement/Operational",
    "computer": "DESKTOP-6D0DBMB",
    "Function": "SuInitializeEx",
    "Runtime_msecs": "0"
  },
  "json_fields": {
    "provider": "Microsoft-Windows-StorageManagement-WSP-Spaces",
    "channel": "Microsoft-Windows-StorageManagement/Operational",
    "event_id": "2027",
    "timestamp": "2022-03-02T18:08:51.627539Z",
    "event_record_id": "2",
    "level": "4",
    "task": "0",
    "opcode": "0",
    "keywords": "0x8000000000000000",
    "computer": "DESKTOP-6D0DBMB",
    "Function": "SuInitializeEx",
    "Runtime_msecs": "0"
  }
}