{
  "event_id": "202",
  "provider": "Microsoft-Windows-TaskScheduler",
  "channel": "Microsoft-Windows-TaskScheduler/Operational",
  "source_file": "D:\\visual code file\\Project_4\\Event-Analyzer\\test\\Benign\\Win2022-AD\\Microsoft-Windows-TaskScheduler%4Operational.evtx",
  "event_record_id": 221,
  "xml": "<?xml version=\"1.0\" encoding=\"utf-8\"?>\n<Event xmlns=\"http://schemas.microsoft.com/win/2004/08/events/event\">\n  <System>\n    <Provider Name=\"Microsoft-Windows-TaskScheduler\" Guid=\"DE7B24EA-73C8-4A09-985D-5BDADCFA9017\">\n    </Provider>\n    <EventID>202</EventID>\n    <Version>1</Version>\n    <Level>2</Level>\n    <Task>202</Task>\n    <Opcode>102</Opcode>\n    <Keywords>0x8000000000000000</Keywords>\n    <TimeCreated SystemTime=\"2022-04-07T08:22:38.306585Z\">\n    </TimeCreated>\n    <EventRecordID>221</EventRecordID>\n    <Correlation ActivityID=\"BEE218ED-471A-49E1-AB1D-588C507AED05\">\n    </Correlation>\n    <Execution ProcessID=\"1592\" ThreadID=\"4332\">\n    </Execution>\n    <Channel>Microsoft-Windows-TaskScheduler/Operational</Channel>\n    <Computer>WIN-FPV0DSIC9O6.sigma.fr</Computer>\n    <Security UserID=\"S-1-5-18\">\n    </Security>\n  </System>\n  <EventData Name=\"ActionFailure\">\n    <Data Name=\"TaskName\">\\Microsoft\\Windows\\Wininet\\CacheTask</Data>\n    <Data Name=\"TaskInstanceId\">BEE218ED-471A-49E1-AB1D-588C507AED05</Data>\n    <Data Name=\"ActionName\">Wininet Cache task object</Data>\n    <Data Name=\"ResultCode\">2147942404</Data>\n    <Data Name=\"EnginePID\">4668</Data>\n  </EventData>\n</Event>\n",
  "json": "{\"Event\":{\"#attributes\":{\"xmlns\":\"http://schemas.microsoft.com/win/2004/08/events/event\"},\"System\":{\"Provider\":{\"#attributes\":{\"Name\":\"Microsoft-Windows-TaskScheduler\",\"Guid\":\"DE7B24EA-73C8-4A09-985D-5BDADCFA9017\"}},\"EventID\":202,\"Version\":1,\"Level\":2,\"Task\":202,\"Opcode\":102,\"Keywords\":\"0x8000000000000000\",\"TimeCreated\":{\"#attributes\":{\"SystemTime\":\"2022-04-07T08:22:38.306585Z\"}},\"EventRecordID\":221,\"Correlation\":{\"#attributes\":{\"ActivityID\":\"BEE218ED-471A-49E1-AB1D-588C507AED05\"}},\"Execution\":{\"#attributes\":{\"ProcessID\":1592,\"ThreadID\":4332}},\"Channel\":\"Microsoft-Windows-TaskScheduler/Operational\",\"Computer\":\"WIN-FPV0DSIC9O6.sigma.fr\",\"Security\":{\"#attributes\":{\"UserID\":\"S-1-5-18\"}}},\"EventData\":{\"#attributes\":{\"Name\":\"ActionFailure\"},\"TaskName\":\"\\\\Microsoft\\\\Windows\\\\Wininet\\\\CacheTask\",\"TaskInstanceId\":\"BEE218ED-471A-49E1-AB1D-588C507AED05\",\"ActionName\":\"Wininet Cache task object\",\"ResultCode\":2147942404,\"EnginePID\":4668}}}",
  "xml_fields": {
    "provider": "Microsoft-Windows-TaskScheduler",
    "event_id": "202",
    "timestamp": "2022-04-07T08:22:38.306585Z",
    "event_record_id": "221",
    "level": "2",
    "task": "202",
    "opcode": "102",
    "keywords": "0x8000000000000000",
    "channel": "Microsoft-Windows-TaskScheduler/Operational",
    "computer": "WIN-FPV0DSIC9O6.sigma.fr",
    "TaskName": "\\Microsoft\\Windows\\Wininet\\CacheTask",
    "TaskInstanceId": "BEE218ED-471A-49E1-AB1D-588C507AED05",
    "ActionName": "Wininet Cache task object",
    "ResultCode": "2147942404",
    "EnginePID": "4668"
  },
  "json_fields": {
    "provider": "Microsoft-Windows-TaskScheduler",
    "channel": "Microsoft-Windows-TaskScheduler/Operational",
    "event_id": "202",
    "timestamp": "2022-04-07T08:22:38.306585Z",
    "event_record_id": "221",
    "level": "2",
    "task": "202",
    "opcode": "102",
    "keywords": "0x8000000000000000",
    "computer": "WIN-FPV0DSIC9O6.sigma.fr",
    "TaskName": "\\Microsoft\\Windows\\Wininet\\CacheTask",
    "TaskInstanceId": "BEE218ED-471A-49E1-AB1D-588C507AED05",
    "ActionName": "Wininet Cache task object",
    "ResultCode": "2147942404",
    "EnginePID": "4668"
  }
}