{
  "event_id": "203",
  "provider": "Microsoft-Windows-TaskScheduler",
  "channel": "Microsoft-Windows-TaskScheduler/Operational",
  "source_file": "D:\\visual code file\\Project_4\\Event-Analyzer\\test\\Benign\\Logs_Win11_2023\\Microsoft-Windows-TaskScheduler%4Operational.evtx",
  "event_record_id": 928,
  "xml": "<?xml version=\"1.0\" encoding=\"utf-8\"?>\n<Event xmlns=\"http://schemas.microsoft.com/win/2004/08/events/event\">\n  <System>\n    <Provider Name=\"Microsoft-Windows-TaskScheduler\" Guid=\"DE7B24EA-73C8-4A09-985D-5BDADCFA9017\">\n    </Provider>\n    <EventID>203</EventID>\n    <Version>0</Version>\n    <Level>2</Level>\n    <Task>203</Task>\n    <Opcode>101</Opcode>\n    <Keywords>0x8000000000000000</Keywords>\n    <TimeCreated SystemTime=\"2023-11-06T01:06:15.745198Z\">\n    </TimeCreated>\n    <EventRecordID>928</EventRecordID>\n    <Correlation ActivityID=\"0EBFF706-5D1E-403C-8FEB-AA1502A28BF9\">\n    </Correlation>\n    <Execution ProcessID=\"1392\" ThreadID=\"16668\">\n    </Execution>\n    <Channel>Microsoft-Windows-TaskScheduler/Operational</Channel>\n    <Computer>WinDev2310Eval</Computer>\n    <Security UserID=\"S-1-5-18\">\n    </Security>\n  </System>\n  <EventData Name=\"ActionLaunchFailure\">\n    <Data Name=\"TaskName\">\\Microsoft\\Windows\\UpdateOrchestrator\\USO_UxBroker</Data>\n    <Data Name=\"TaskInstanceId\">0EBFF706-5D1E-403C-8FEB-AA1502A28BF9</Data>\n    <Data Name=\"ActionName\">%systemroot%\\system32\\MusNotification.exe</Data>\n    <Data Name=\"ResultCode\">2147942402</Data>\n  </EventData>\n</Event>\n",
  "json": "{\"Event\":{\"#attributes\":{\"xmlns\":\"http://schemas.microsoft.com/win/2004/08/events/event\"},\"System\":{\"Provider\":{\"#attributes\":{\"Name\":\"Microsoft-Windows-TaskScheduler\",\"Guid\":\"DE7B24EA-73C8-4A09-985D-5BDADCFA9017\"}},\"EventID\":203,\"Version\":0,\"Level\":2,\"Task\":203,\"Opcode\":101,\"Keywords\":\"0x8000000000000000\",\"TimeCreated\":{\"#attributes\":{\"SystemTime\":\"2023-11-06T01:06:15.745198Z\"}},\"EventRecordID\":928,\"Correlation\":{\"#attributes\":{\"ActivityID\":\"0EBFF706-5D1E-403C-8FEB-AA1502A28BF9\"}},\"Execution\":{\"#attributes\":{\"ProcessID\":1392,\"ThreadID\":16668}},\"Channel\":\"Microsoft-Windows-TaskScheduler/Operational\",\"Computer\":\"WinDev2310Eval\",\"Security\":{\"#attributes\":{\"UserID\":\"S-1-5-18\"}}},\"EventData\":{\"#attributes\":{\"Name\":\"ActionLaunchFailure\"},\"TaskName\":\"\\\\Microsoft\\\\Windows\\\\UpdateOrchestrator\\\\USO_UxBroker\",\"TaskInstanceId\":\"0EBFF706-5D1E-403C-8FEB-AA1502A28BF9\",\"ActionName\":\"%systemroot%\\\\system32\\\\MusNotification.exe\",\"ResultCode\":2147942402}}}",
  "xml_fields": {
    "provider": "Microsoft-Windows-TaskScheduler",
    "event_id": "203",
    "timestamp": "2023-11-06T01:06:15.745198Z",
    "event_record_id": "928",
    "level": "2",
    "task": "203",
    "opcode": "101",
    "keywords": "0x8000000000000000",
    "channel": "Microsoft-Windows-TaskScheduler/Operational",
    "computer": "WinDev2310Eval",
    "TaskName": "\\Microsoft\\Windows\\UpdateOrchestrator\\USO_UxBroker",
    "TaskInstanceId": "0EBFF706-5D1E-403C-8FEB-AA1502A28BF9",
    "ActionName": "%systemroot%\\system32\\MusNotification.exe",
    "ResultCode": "2147942402"
  },
  "json_fields": {
    "provider": "Microsoft-Windows-TaskScheduler",
    "channel": "Microsoft-Windows-TaskScheduler/Operational",
    "event_id": "203",
    "timestamp": "2023-11-06T01:06:15.745198Z",
    "event_record_id": "928",
    "level": "2",
    "task": "203",
    "opcode": "101",
    "keywords": "0x8000000000000000",
    "computer": "WinDev2310Eval",
    "TaskName": "\\Microsoft\\Windows\\UpdateOrchestrator\\USO_UxBroker",
    "TaskInstanceId": "0EBFF706-5D1E-403C-8FEB-AA1502A28BF9",
    "ActionName": "%systemroot%\\system32\\MusNotification.exe",
    "ResultCode": "2147942402"
  }
}