{
  "event_id": "203",
  "provider": "Microsoft-Windows-Diagnostics-Performance",
  "channel": "Microsoft-Windows-Diagnostics-Performance/Operational",
  "source_file": "D:\\visual code file\\Project_4\\Event-Analyzer\\test\\Logs\\Microsoft-Windows-Diagnostics-Performance%4Operational.evtx",
  "event_record_id": 6,
  "xml": "<?xml version=\"1.0\" encoding=\"utf-8\"?>\n<Event xmlns=\"http://schemas.microsoft.com/win/2004/08/events/event\">\n  <System>\n    <Provider Name=\"Microsoft-Windows-Diagnostics-Performance\" Guid=\"CFC18EC0-96B1-4EBA-961B-622CAEE05B0A\">\n    </Provider>\n    <EventID>203</EventID>\n    <Version>1</Version>\n    <Level>3</Level>\n    <Task>4007</Task>\n    <Opcode>41</Opcode>\n    <Keywords>0x8000000000010000</Keywords>\n    <TimeCreated SystemTime=\"2025-01-06T12:20:14.044939Z\">\n    </TimeCreated>\n    <EventRecordID>6</EventRecordID>\n    <Correlation ActivityID=\"96E8B229-2EBB-0001-DAC1-E896BB2EDB01\">\n    </Correlation>\n    <Execution ProcessID=\"348\" ThreadID=\"3580\">\n    </Execution>\n    <Channel>Microsoft-Windows-Diagnostics-Performance/Operational</Channel>\n    <Computer>cyberjunkie-test</Computer>\n    <Security UserID=\"S-1-5-19\">\n    </Security>\n  </System>\n  <EventData>\n    <Data Name=\"StartTime\">2024-11-04T13:14:49.294724Z</Data>\n    <Data Name=\"NameLength\">7</Data>\n    <Data Name=\"Name\">UsoSvc</Data>\n    <Data Name=\"FriendlyNameLength\">36</Data>\n    <Data Name=\"FriendlyName\">Update Session Orchestrator Service</Data>\n    <Data Name=\"VersionLength\">36</Data>\n    <Data Name=\"Version\">10.0.19041.1 (WinBuild.160101.0800)</Data>\n    <Data Name=\"TotalTime\">4933</Data>\n    <Data Name=\"DegradationTime\">933</Data>\n    <Data Name=\"PathLength\">31</Data>\n    <Data Name=\"Path\">C:\\Windows\\system32\\usosvc.dll</Data>\n    <Data Name=\"ProductNameLength\">37</Data>\n    <Data Name=\"ProductName\">Microsoft\u00ae Windows\u00ae Operating System</Data>\n    <Data Name=\"CompanyNameLength\">22</Data>\n    <Data Name=\"CompanyName\">Microsoft Corporation</Data>\n  </EventData>\n</Event>\n",
  "json": "{\"Event\":{\"#attributes\":{\"xmlns\":\"http://schemas.microsoft.com/win/2004/08/events/event\"},\"System\":{\"Provider\":{\"#attributes\":{\"Name\":\"Microsoft-Windows-Diagnostics-Performance\",\"Guid\":\"CFC18EC0-96B1-4EBA-961B-622CAEE05B0A\"}},\"EventID\":203,\"Version\":1,\"Level\":3,\"Task\":4007,\"Opcode\":41,\"Keywords\":\"0x8000000000010000\",\"TimeCreated\":{\"#attributes\":{\"SystemTime\":\"2025-01-06T12:20:14.044939Z\"}},\"EventRecordID\":6,\"Correlation\":{\"#attributes\":{\"ActivityID\":\"96E8B229-2EBB-0001-DAC1-E896BB2EDB01\"}},\"Execution\":{\"#attributes\":{\"ProcessID\":348,\"ThreadID\":3580}},\"Channel\":\"Microsoft-Windows-Diagnostics-Performance/Operational\",\"Computer\":\"cyberjunkie-test\",\"Security\":{\"#attributes\":{\"UserID\":\"S-1-5-19\"}}},\"EventData\":{\"StartTime\":\"2024-11-04T13:14:49.294724Z\",\"NameLength\":7,\"Name\":\"UsoSvc\",\"FriendlyNameLength\":36,\"FriendlyName\":\"Update Session Orchestrator Service\",\"VersionLength\":36,\"Version\":\"10.0.19041.1 (WinBuild.160101.0800)\",\"TotalTime\":4933,\"DegradationTime\":933,\"PathLength\":31,\"Path\":\"C:\\\\Windows\\\\system32\\\\usosvc.dll\",\"ProductNameLength\":37,\"ProductName\":\"Microsoft\u00ae Windows\u00ae Operating System\",\"CompanyNameLength\":22,\"CompanyName\":\"Microsoft Corporation\"}}}",
  "xml_fields": {
    "provider": "Microsoft-Windows-Diagnostics-Performance",
    "event_id": "203",
    "timestamp": "2025-01-06T12:20:14.044939Z",
    "event_record_id": "6",
    "level": "3",
    "task": "4007",
    "opcode": "41",
    "keywords": "0x8000000000010000",
    "channel": "Microsoft-Windows-Diagnostics-Performance/Operational",
    "computer": "cyberjunkie-test",
    "StartTime": "2024-11-04T13:14:49.294724Z",
    "NameLength": "7",
    "Name": "UsoSvc",
    "FriendlyNameLength": "36",
    "FriendlyName": "Update Session Orchestrator Service",
    "VersionLength": "36",
    "Version": "10.0.19041.1 (WinBuild.160101.0800)",
    "TotalTime": "4933",
    "DegradationTime": "933",
    "PathLength": "31",
    "Path": "C:\\Windows\\system32\\usosvc.dll",
    "ProductNameLength": "37",
    "ProductName": "Microsoft\u00ae Windows\u00ae Operating System",
    "CompanyNameLength": "22",
    "CompanyName": "Microsoft Corporation"
  },
  "json_fields": {
    "provider": "Microsoft-Windows-Diagnostics-Performance",
    "channel": "Microsoft-Windows-Diagnostics-Performance/Operational",
    "event_id": "203",
    "timestamp": "2025-01-06T12:20:14.044939Z",
    "event_record_id": "6",
    "level": "3",
    "task": "4007",
    "opcode": "41",
    "keywords": "0x8000000000010000",
    "computer": "cyberjunkie-test",
    "StartTime": "2024-11-04T13:14:49.294724Z",
    "NameLength": "7",
    "Name": "UsoSvc",
    "FriendlyNameLength": "36",
    "FriendlyName": "Update Session Orchestrator Service",
    "VersionLength": "36",
    "Version": "10.0.19041.1 (WinBuild.160101.0800)",
    "TotalTime": "4933",
    "DegradationTime": "933",
    "PathLength": "31",
    "Path": "C:\\Windows\\system32\\usosvc.dll",
    "ProductNameLength": "37",
    "ProductName": "Microsoft\u00ae Windows\u00ae Operating System",
    "CompanyNameLength": "22",
    "CompanyName": "Microsoft Corporation"
  }
}