{
  "event_id": "2041",
  "provider": "Microsoft-Windows-Windows Firewall With Advanced Security",
  "channel": "Network Isolation Operational",
  "source_file": "D:\\visual code file\\Project_4\\Event-Analyzer\\test\\Benign\\Logs_Win11_2023\\Network Isolation Operational.evtx",
  "event_record_id": 2,
  "xml": "<?xml version=\"1.0\" encoding=\"utf-8\"?>\n<Event xmlns=\"http://schemas.microsoft.com/win/2004/08/events/event\">\n  <System>\n    <Provider Name=\"Microsoft-Windows-Windows Firewall With Advanced Security\" Guid=\"D1BC9AFF-2ABF-4D71-9146-ECB2A986EB85\">\n    </Provider>\n    <EventID>2041</EventID>\n    <Version>0</Version>\n    <Level>4</Level>\n    <Task>0</Task>\n    <Opcode>0</Opcode>\n    <Keywords>0x800000000000010</Keywords>\n    <TimeCreated SystemTime=\"2023-11-05T23:50:01.862016Z\">\n    </TimeCreated>\n    <EventRecordID>2</EventRecordID>\n    <Correlation>\n    </Correlation>\n    <Execution ProcessID=\"2896\" ThreadID=\"9248\">\n    </Execution>\n    <Channel>Network Isolation Operational</Channel>\n    <Computer>WinDev2310Eval</Computer>\n    <Security UserID=\"S-1-5-19\">\n    </Security>\n  </System>\n  <EventData>\n    <Data Name=\"ChangeType\">2</Data>\n    <Data Name=\"Capability\">1</Data>\n    <Data Name=\"Profile\">4</Data>\n    <Data Name=\"IP Range Definition\">*</Data>\n  </EventData>\n</Event>\n",
  "json": "{\"Event\":{\"#attributes\":{\"xmlns\":\"http://schemas.microsoft.com/win/2004/08/events/event\"},\"System\":{\"Provider\":{\"#attributes\":{\"Name\":\"Microsoft-Windows-Windows Firewall With Advanced Security\",\"Guid\":\"D1BC9AFF-2ABF-4D71-9146-ECB2A986EB85\"}},\"EventID\":2041,\"Version\":0,\"Level\":4,\"Task\":0,\"Opcode\":0,\"Keywords\":\"0x800000000000010\",\"TimeCreated\":{\"#attributes\":{\"SystemTime\":\"2023-11-05T23:50:01.862016Z\"}},\"EventRecordID\":2,\"Correlation\":null,\"Execution\":{\"#attributes\":{\"ProcessID\":2896,\"ThreadID\":9248}},\"Channel\":\"Network Isolation Operational\",\"Computer\":\"WinDev2310Eval\",\"Security\":{\"#attributes\":{\"UserID\":\"S-1-5-19\"}}},\"EventData\":{\"ChangeType\":2,\"Capability\":1,\"Profile\":4,\"IP Range Definition\":\"*\"}}}",
  "xml_fields": {
    "provider": "Microsoft-Windows-Windows Firewall With Advanced Security",
    "event_id": "2041",
    "timestamp": "2023-11-05T23:50:01.862016Z",
    "event_record_id": "2",
    "level": "4",
    "task": "0",
    "opcode": "0",
    "keywords": "0x800000000000010",
    "channel": "Network Isolation Operational",
    "computer": "WinDev2310Eval",
    "ChangeType": "2",
    "Capability": "1",
    "Profile": "4",
    "IP Range Definition": "*"
  },
  "json_fields": {
    "provider": "Microsoft-Windows-Windows Firewall With Advanced Security",
    "channel": "Network Isolation Operational",
    "event_id": "2041",
    "timestamp": "2023-11-05T23:50:01.862016Z",
    "event_record_id": "2",
    "level": "4",
    "task": "0",
    "opcode": "0",
    "keywords": "0x800000000000010",
    "computer": "WinDev2310Eval",
    "ChangeType": "2",
    "Capability": "1",
    "Profile": "4",
    "IP Range Definition": "*"
  }
}