{
  "event_id": "2049",
  "provider": "Microsoft-Windows-SystemDataArchiver",
  "channel": "Microsoft-Windows-SystemDataArchiver/Diagnostic",
  "source_file": "D:\\visual code file\\Project_4\\Event-Analyzer\\test\\Benign\\win2022-0-20348-azure\\Microsoft-Windows-SystemDataArchiver%4Diagnostic.evtx",
  "event_record_id": 11,
  "xml": "<?xml version=\"1.0\" encoding=\"utf-8\"?>\n<Event xmlns=\"http://schemas.microsoft.com/win/2004/08/events/event\">\n  <System>\n    <Provider Name=\"Microsoft-Windows-SystemDataArchiver\" Guid=\"4389F802-0C4F-56D0-63C6-D77DB206D237\">\n    </Provider>\n    <EventID>2049</EventID>\n    <Version>0</Version>\n    <Level>5</Level>\n    <Task>0</Task>\n    <Opcode>0</Opcode>\n    <Keywords>0x8000000000000000</Keywords>\n    <TimeCreated SystemTime=\"2022-09-08T21:03:48.700122Z\">\n    </TimeCreated>\n    <EventRecordID>11</EventRecordID>\n    <Correlation ActivityID=\"73161A16-7843-4B41-B072-573DE64836CD\">\n    </Correlation>\n    <Execution ProcessID=\"3536\" ThreadID=\"2112\">\n    </Execution>\n    <Channel>Microsoft-Windows-SystemDataArchiver/Diagnostic</Channel>\n    <Computer>WIN-06FB45IHQ35</Computer>\n    <Security UserID=\"S-1-5-19\">\n    </Security>\n  </System>\n  <EventData>\n    <Data Name=\"LogString\">[SDP RPC] Successfully started RPC endpoint.</Data>\n  </EventData>\n</Event>\n",
  "json": "{\"Event\":{\"#attributes\":{\"xmlns\":\"http://schemas.microsoft.com/win/2004/08/events/event\"},\"System\":{\"Provider\":{\"#attributes\":{\"Name\":\"Microsoft-Windows-SystemDataArchiver\",\"Guid\":\"4389F802-0C4F-56D0-63C6-D77DB206D237\"}},\"EventID\":2049,\"Version\":0,\"Level\":5,\"Task\":0,\"Opcode\":0,\"Keywords\":\"0x8000000000000000\",\"TimeCreated\":{\"#attributes\":{\"SystemTime\":\"2022-09-08T21:03:48.700122Z\"}},\"EventRecordID\":11,\"Correlation\":{\"#attributes\":{\"ActivityID\":\"73161A16-7843-4B41-B072-573DE64836CD\"}},\"Execution\":{\"#attributes\":{\"ProcessID\":3536,\"ThreadID\":2112}},\"Channel\":\"Microsoft-Windows-SystemDataArchiver/Diagnostic\",\"Computer\":\"WIN-06FB45IHQ35\",\"Security\":{\"#attributes\":{\"UserID\":\"S-1-5-19\"}}},\"EventData\":{\"LogString\":\"[SDP RPC] Successfully started RPC endpoint.\"}}}",
  "xml_fields": {
    "provider": "Microsoft-Windows-SystemDataArchiver",
    "event_id": "2049",
    "timestamp": "2022-09-08T21:03:48.700122Z",
    "event_record_id": "11",
    "level": "5",
    "task": "0",
    "opcode": "0",
    "keywords": "0x8000000000000000",
    "channel": "Microsoft-Windows-SystemDataArchiver/Diagnostic",
    "computer": "WIN-06FB45IHQ35",
    "LogString": "[SDP RPC] Successfully started RPC endpoint."
  },
  "json_fields": {
    "provider": "Microsoft-Windows-SystemDataArchiver",
    "channel": "Microsoft-Windows-SystemDataArchiver/Diagnostic",
    "event_id": "2049",
    "timestamp": "2022-09-08T21:03:48.700122Z",
    "event_record_id": "11",
    "level": "5",
    "task": "0",
    "opcode": "0",
    "keywords": "0x8000000000000000",
    "computer": "WIN-06FB45IHQ35",
    "LogString": "[SDP RPC] Successfully started RPC endpoint."
  }
}