{
  "event_id": "204",
  "provider": "Microsoft-Windows-ServerManager-DeploymentProvider",
  "channel": "Microsoft-Windows-ServerManager-DeploymentProvider/Operational",
  "source_file": "D:\\visual code file\\Project_4\\Event-Analyzer\\test\\Benign\\win2022-0-20348-azure\\Microsoft-Windows-ServerManager-DeploymentProvider%4Operational.evtx",
  "event_record_id": 66,
  "xml": "<?xml version=\"1.0\" encoding=\"utf-8\"?>\n<Event xmlns=\"http://schemas.microsoft.com/win/2004/08/events/event\">\n  <System>\n    <Provider Name=\"Microsoft-Windows-ServerManager-DeploymentProvider\" Guid=\"66AF9A38-2D94-11E0-A076-8534E0D72085\">\n    </Provider>\n    <EventID>204</EventID>\n    <Version>0</Version>\n    <Level>4</Level>\n    <Task>4</Task>\n    <Opcode>0</Opcode>\n    <Keywords>0x8000000000000000</Keywords>\n    <TimeCreated SystemTime=\"2022-09-18T09:49:54.170096Z\">\n    </TimeCreated>\n    <EventRecordID>66</EventRecordID>\n    <Correlation ActivityID=\"E7FF79CC-8878-4086-A13D-37E02B5D42D3\">\n    </Correlation>\n    <Execution ProcessID=\"7688\" ThreadID=\"8164\">\n    </Execution>\n    <Channel>Microsoft-Windows-ServerManager-DeploymentProvider/Operational</Channel>\n    <Computer>Agamemnon</Computer>\n    <Security UserID=\"S-1-5-18\">\n    </Security>\n  </System>\n  <EventData>\n    <Data Name=\"serverComponentNames\">BITS;BITS-IIS-Ext;CMAK;DeviceHealthAttestationService;DNS;GPMC;Microsoft-Windows-Subsystem-Linux;NET-Framework-45-ASPNET;NET-WCF-HTTP-Activation45;Print-Server;Print-Services;Remote-Assistance;RemoteAccess;RPC-over-HTTP-Proxy;RSAT;RSAT-AD-AdminCenter;RSAT-AD-PowerShell;RSAT-AD-Tools;RSAT-ADCS;RSAT-ADCS-Mgmt;RSAT-ADDS;RSAT-ADDS-Tools;RSAT-Bits-Server;RSAT-DNS-Server;RSAT-Feature-Tools;RSAT-Print-Services;RSAT-RemoteAccess;RSAT-RemoteAccess-Mgmt;RSAT-RemoteAccess-PowerShell;RSAT-Role-Tools;RSAT-SMTP;RSAT-SNMP;Setup-and-Boot-Event-Collection;SMTP-Server;SNMP-Service;Telnet-Client;TFTP-Client;UpdateServices;UpdateServices-API;UpdateServices-RSAT;UpdateServices-Services;UpdateServices-UI;UpdateServices-WidDB;WAS;WAS-Config-APIs;WAS-Process-Model;Web-App-Dev;Web-Application-Proxy;Web-ASP;Web-Asp-Net45;Web-Basic-Auth;Web-CGI;Web-Client-Auth;Web-Common-Http;Web-Default-Doc;Web-Dir-Browsing;Web-Dyn-Compression;Web-Filtering;Web-Ftp-Server;Web-Ftp-Service;Web-Health;Web-Http-Errors;Web-Http-Logging;Web-Http-Redirect;Web-Http-Tracing;Web-Includes;Web-ISAPI-Ext;Web-ISAPI-Filter;Web-Lgcy-Mgmt-Console;Web-Log-Libraries;Web-Metabase;Web-Mgmt-Compat;Web-Mgmt-Console;Web-Mgmt-Tools;Web-Net-Ext45;Web-ODBC-Logging;Web-Performance;Web-Request-Monitor;Web-Scripting-Tools;Web-Security;Web-Server;Web-Stat-Compression;Web-Static-Content;Web-WebServer;Web-Windows-Auth;Windows-Internal-Database;WinRM-IIS-Ext;</Data>\n    <Data Name=\"requestGuid\">E9EC6F90-AB29-9F4A-862E-91A6AA5FA249</Data>\n  </EventData>\n</Event>\n",
  "json": "{\"Event\":{\"#attributes\":{\"xmlns\":\"http://schemas.microsoft.com/win/2004/08/events/event\"},\"System\":{\"Provider\":{\"#attributes\":{\"Name\":\"Microsoft-Windows-ServerManager-DeploymentProvider\",\"Guid\":\"66AF9A38-2D94-11E0-A076-8534E0D72085\"}},\"EventID\":204,\"Version\":0,\"Level\":4,\"Task\":4,\"Opcode\":0,\"Keywords\":\"0x8000000000000000\",\"TimeCreated\":{\"#attributes\":{\"SystemTime\":\"2022-09-18T09:49:54.170096Z\"}},\"EventRecordID\":66,\"Correlation\":{\"#attributes\":{\"ActivityID\":\"E7FF79CC-8878-4086-A13D-37E02B5D42D3\"}},\"Execution\":{\"#attributes\":{\"ProcessID\":7688,\"ThreadID\":8164}},\"Channel\":\"Microsoft-Windows-ServerManager-DeploymentProvider/Operational\",\"Computer\":\"Agamemnon\",\"Security\":{\"#attributes\":{\"UserID\":\"S-1-5-18\"}}},\"EventData\":{\"serverComponentNames\":\"BITS;BITS-IIS-Ext;CMAK;DeviceHealthAttestationService;DNS;GPMC;Microsoft-Windows-Subsystem-Linux;NET-Framework-45-ASPNET;NET-WCF-HTTP-Activation45;Print-Server;Print-Services;Remote-Assistance;RemoteAccess;RPC-over-HTTP-Proxy;RSAT;RSAT-AD-AdminCenter;RSAT-AD-PowerShell;RSAT-AD-Tools;RSAT-ADCS;RSAT-ADCS-Mgmt;RSAT-ADDS;RSAT-ADDS-Tools;RSAT-Bits-Server;RSAT-DNS-Server;RSAT-Feature-Tools;RSAT-Print-Services;RSAT-RemoteAccess;RSAT-RemoteAccess-Mgmt;RSAT-RemoteAccess-PowerShell;RSAT-Role-Tools;RSAT-SMTP;RSAT-SNMP;Setup-and-Boot-Event-Collection;SMTP-Server;SNMP-Service;Telnet-Client;TFTP-Client;UpdateServices;UpdateServices-API;UpdateServices-RSAT;UpdateServices-Services;UpdateServices-UI;UpdateServices-WidDB;WAS;WAS-Config-APIs;WAS-Process-Model;Web-App-Dev;Web-Application-Proxy;Web-ASP;Web-Asp-Net45;Web-Basic-Auth;Web-CGI;Web-Client-Auth;Web-Common-Http;Web-Default-Doc;Web-Dir-Browsing;Web-Dyn-Compression;Web-Filtering;Web-Ftp-Server;Web-Ftp-Service;Web-Health;Web-Http-Errors;Web-Http-Logging;Web-Http-Redirect;Web-Http-Tracing;Web-Includes;Web-ISAPI-Ext;Web-ISAPI-Filter;Web-Lgcy-Mgmt-Console;Web-Log-Libraries;Web-Metabase;Web-Mgmt-Compat;Web-Mgmt-Console;Web-Mgmt-Tools;Web-Net-Ext45;Web-ODBC-Logging;Web-Performance;Web-Request-Monitor;Web-Scripting-Tools;Web-Security;Web-Server;Web-Stat-Compression;Web-Static-Content;Web-WebServer;Web-Windows-Auth;Windows-Internal-Database;WinRM-IIS-Ext;\",\"requestGuid\":\"E9EC6F90-AB29-9F4A-862E-91A6AA5FA249\"}}}",
  "xml_fields": {
    "provider": "Microsoft-Windows-ServerManager-DeploymentProvider",
    "event_id": "204",
    "timestamp": "2022-09-18T09:49:54.170096Z",
    "event_record_id": "66",
    "level": "4",
    "task": "4",
    "opcode": "0",
    "keywords": "0x8000000000000000",
    "channel": "Microsoft-Windows-ServerManager-DeploymentProvider/Operational",
    "computer": "Agamemnon",
    "serverComponentNames": "BITS;BITS-IIS-Ext;CMAK;DeviceHealthAttestationService;DNS;GPMC;Microsoft-Windows-Subsystem-Linux;NET-Framework-45-ASPNET;NET-WCF-HTTP-Activation45;Print-Server;Print-Services;Remote-Assistance;RemoteAccess;RPC-over-HTTP-Proxy;RSAT;RSAT-AD-AdminCenter;RSAT-AD-PowerShell;RSAT-AD-Tools;RSAT-ADCS;RSAT-ADCS-Mgmt;RSAT-ADDS;RSAT-ADDS-Tools;RSAT-Bits-Server;RSAT-DNS-Server;RSAT-Feature-Tools;RSAT-Print-Services;RSAT-RemoteAccess;RSAT-RemoteAccess-Mgmt;RSAT-RemoteAccess-PowerShell;RSAT-Role-Tools;RSAT-SMTP;RSAT-SNMP;Setup-and-Boot-Event-Collection;SMTP-Server;SNMP-Service;Telnet-Client;TFTP-Client;UpdateServices;UpdateServices-API;UpdateServices-RSAT;UpdateServices-Services;UpdateServices-UI;UpdateServices-WidDB;WAS;WAS-Config-APIs;WAS-Process-Model;Web-App-Dev;Web-Application-Proxy;Web-ASP;Web-Asp-Net45;Web-Basic-Auth;Web-CGI;Web-Client-Auth;Web-Common-Http;Web-Default-Doc;Web-Dir-Browsing;Web-Dyn-Compression;Web-Filtering;Web-Ftp-Server;Web-Ftp-Service;Web-Health;Web-Http-Errors;Web-Http-Logging;Web-Http-Redirect;Web-Http-Tracing;Web-Includes;Web-ISAPI-Ext;Web-ISAPI-Filter;Web-Lgcy-Mgmt-Console;Web-Log-Libraries;Web-Metabase;Web-Mgmt-Compat;Web-Mgmt-Console;Web-Mgmt-Tools;Web-Net-Ext45;Web-ODBC-Logging;Web-Performance;Web-Request-Monitor;Web-Scripting-Tools;Web-Security;Web-Server;Web-Stat-Compression;Web-Static-Content;Web-WebServer;Web-Windows-Auth;Windows-Internal-Database;WinRM-IIS-Ext;",
    "requestGuid": "E9EC6F90-AB29-9F4A-862E-91A6AA5FA249"
  },
  "json_fields": {
    "provider": "Microsoft-Windows-ServerManager-DeploymentProvider",
    "channel": "Microsoft-Windows-ServerManager-DeploymentProvider/Operational",
    "event_id": "204",
    "timestamp": "2022-09-18T09:49:54.170096Z",
    "event_record_id": "66",
    "level": "4",
    "task": "4",
    "opcode": "0",
    "keywords": "0x8000000000000000",
    "computer": "Agamemnon",
    "serverComponentNames": "BITS;BITS-IIS-Ext;CMAK;DeviceHealthAttestationService;DNS;GPMC;Microsoft-Windows-Subsystem-Linux;NET-Framework-45-ASPNET;NET-WCF-HTTP-Activation45;Print-Server;Print-Services;Remote-Assistance;RemoteAccess;RPC-over-HTTP-Proxy;RSAT;RSAT-AD-AdminCenter;RSAT-AD-PowerShell;RSAT-AD-Tools;RSAT-ADCS;RSAT-ADCS-Mgmt;RSAT-ADDS;RSAT-ADDS-Tools;RSAT-Bits-Server;RSAT-DNS-Server;RSAT-Feature-Tools;RSAT-Print-Services;RSAT-RemoteAccess;RSAT-RemoteAccess-Mgmt;RSAT-RemoteAccess-PowerShell;RSAT-Role-Tools;RSAT-SMTP;RSAT-SNMP;Setup-and-Boot-Event-Collection;SMTP-Server;SNMP-Service;Telnet-Client;TFTP-Client;UpdateServices;UpdateServices-API;UpdateServices-RSAT;UpdateServices-Services;UpdateServices-UI;UpdateServices-WidDB;WAS;WAS-Config-APIs;WAS-Process-Model;Web-App-Dev;Web-Application-Proxy;Web-ASP;Web-Asp-Net45;Web-Basic-Auth;Web-CGI;Web-Client-Auth;Web-Common-Http;Web-Default-Doc;Web-Dir-Browsing;Web-Dyn-Compression;Web-Filtering;Web-Ftp-Server;Web-Ftp-Service;Web-Health;Web-Http-Errors;Web-Http-Logging;Web-Http-Redirect;Web-Http-Tracing;Web-Includes;Web-ISAPI-Ext;Web-ISAPI-Filter;Web-Lgcy-Mgmt-Console;Web-Log-Libraries;Web-Metabase;Web-Mgmt-Compat;Web-Mgmt-Console;Web-Mgmt-Tools;Web-Net-Ext45;Web-ODBC-Logging;Web-Performance;Web-Request-Monitor;Web-Scripting-Tools;Web-Security;Web-Server;Web-Stat-Compression;Web-Static-Content;Web-WebServer;Web-Windows-Auth;Windows-Internal-Database;WinRM-IIS-Ext;",
    "requestGuid": "E9EC6F90-AB29-9F4A-862E-91A6AA5FA249"
  }
}