{
  "event_id": "2051",
  "provider": "Microsoft-Windows-Windows Firewall With Advanced Security",
  "channel": "Microsoft-Windows-Windows Firewall With Advanced Security/Firewall",
  "source_file": "D:\\visual code file\\Project_4\\Event-Analyzer\\test\\Logs\\Microsoft-Windows-Windows Firewall With Advanced Security%4Firewall.evtx",
  "event_record_id": 1438,
  "xml": "<?xml version=\"1.0\" encoding=\"utf-8\"?>\n<Event xmlns=\"http://schemas.microsoft.com/win/2004/08/events/event\">\n  <System>\n    <Provider Name=\"Microsoft-Windows-Windows Firewall With Advanced Security\" Guid=\"D1BC9AFF-2ABF-4D71-9146-ECB2A986EB85\">\n    </Provider>\n    <EventID>2051</EventID>\n    <Version>0</Version>\n    <Level>4</Level>\n    <Task>0</Task>\n    <Opcode>0</Opcode>\n    <Keywords>0x8000000000000000</Keywords>\n    <TimeCreated SystemTime=\"2025-01-24T10:50:10.338374Z\">\n    </TimeCreated>\n    <EventRecordID>1438</EventRecordID>\n    <Correlation>\n    </Correlation>\n    <Execution ProcessID=\"2476\" ThreadID=\"2772\">\n    </Execution>\n    <Channel>Microsoft-Windows-Windows Firewall With Advanced Security/Firewall</Channel>\n    <Computer>CTO-FILESVR</Computer>\n    <Security UserID=\"S-1-5-19\">\n    </Security>\n  </System>\n  <EventData>\n    <Data Name=\"ErrorCode\">0</Data>\n    <Data Name=\"PolicyChange\">0</Data>\n  </EventData>\n</Event>\n",
  "json": "{\"Event\":{\"#attributes\":{\"xmlns\":\"http://schemas.microsoft.com/win/2004/08/events/event\"},\"System\":{\"Provider\":{\"#attributes\":{\"Name\":\"Microsoft-Windows-Windows Firewall With Advanced Security\",\"Guid\":\"D1BC9AFF-2ABF-4D71-9146-ECB2A986EB85\"}},\"EventID\":2051,\"Version\":0,\"Level\":4,\"Task\":0,\"Opcode\":0,\"Keywords\":\"0x8000000000000000\",\"TimeCreated\":{\"#attributes\":{\"SystemTime\":\"2025-01-24T10:50:10.338374Z\"}},\"EventRecordID\":1438,\"Correlation\":null,\"Execution\":{\"#attributes\":{\"ProcessID\":2476,\"ThreadID\":2772}},\"Channel\":\"Microsoft-Windows-Windows Firewall With Advanced Security/Firewall\",\"Computer\":\"CTO-FILESVR\",\"Security\":{\"#attributes\":{\"UserID\":\"S-1-5-19\"}}},\"EventData\":{\"ErrorCode\":0,\"PolicyChange\":0}}}",
  "xml_fields": {
    "provider": "Microsoft-Windows-Windows Firewall With Advanced Security",
    "event_id": "2051",
    "timestamp": "2025-01-24T10:50:10.338374Z",
    "event_record_id": "1438",
    "level": "4",
    "task": "0",
    "opcode": "0",
    "keywords": "0x8000000000000000",
    "channel": "Microsoft-Windows-Windows Firewall With Advanced Security/Firewall",
    "computer": "CTO-FILESVR",
    "ErrorCode": "0",
    "PolicyChange": "0"
  },
  "json_fields": {
    "provider": "Microsoft-Windows-Windows Firewall With Advanced Security",
    "channel": "Microsoft-Windows-Windows Firewall With Advanced Security/Firewall",
    "event_id": "2051",
    "timestamp": "2025-01-24T10:50:10.338374Z",
    "event_record_id": "1438",
    "level": "4",
    "task": "0",
    "opcode": "0",
    "keywords": "0x8000000000000000",
    "computer": "CTO-FILESVR",
    "ErrorCode": "0",
    "PolicyChange": "0"
  }
}