{
  "event_id": "20521",
  "provider": "Microsoft-Windows-TerminalServices-RemoteConnectionManager",
  "channel": "Microsoft-Windows-TerminalServices-RemoteConnectionManager/Admin",
  "source_file": "D:\\visual code file\\Project_4\\Event-Analyzer\\test\\Benign\\win2022-0-20348-azure\\Microsoft-Windows-TerminalServices-RemoteConnectionManager%4Admin.evtx",
  "event_record_id": 1,
  "xml": "<?xml version=\"1.0\" encoding=\"utf-8\"?>\n<Event xmlns=\"http://schemas.microsoft.com/win/2004/08/events/event\">\n  <System>\n    <Provider Name=\"Microsoft-Windows-TerminalServices-RemoteConnectionManager\" Guid=\"C76BAA63-AE81-421C-B425-340B4B24157F\">\n    </Provider>\n    <EventID>20521</EventID>\n    <Version>0</Version>\n    <Level>4</Level>\n    <Task>0</Task>\n    <Opcode>0</Opcode>\n    <Keywords>0x4000000000000000</Keywords>\n    <TimeCreated SystemTime=\"2022-09-18T09:18:32.156677Z\">\n    </TimeCreated>\n    <EventRecordID>1</EventRecordID>\n    <Correlation ActivityID=\"F420D64A-7171-4170-84F5-FCFDECE50000\">\n    </Correlation>\n    <Execution ProcessID=\"2364\" ThreadID=\"4144\">\n    </Execution>\n    <Channel>Microsoft-Windows-TerminalServices-RemoteConnectionManager/Admin</Channel>\n    <Computer>Agamemnon</Computer>\n    <Security UserID=\"S-1-5-20\">\n    </Security>\n  </System>\n  <UserData>\n    <EventXML xmlns=\"Event_NS\">\n      <Param1>RDP-Tcp</Param1>\n    </EventXML>\n  </UserData>\n</Event>\n",
  "json": "{\"Event\":{\"#attributes\":{\"xmlns\":\"http://schemas.microsoft.com/win/2004/08/events/event\"},\"System\":{\"Provider\":{\"#attributes\":{\"Name\":\"Microsoft-Windows-TerminalServices-RemoteConnectionManager\",\"Guid\":\"C76BAA63-AE81-421C-B425-340B4B24157F\"}},\"EventID\":20521,\"Version\":0,\"Level\":4,\"Task\":0,\"Opcode\":0,\"Keywords\":\"0x4000000000000000\",\"TimeCreated\":{\"#attributes\":{\"SystemTime\":\"2022-09-18T09:18:32.156677Z\"}},\"EventRecordID\":1,\"Correlation\":{\"#attributes\":{\"ActivityID\":\"F420D64A-7171-4170-84F5-FCFDECE50000\"}},\"Execution\":{\"#attributes\":{\"ProcessID\":2364,\"ThreadID\":4144}},\"Channel\":\"Microsoft-Windows-TerminalServices-RemoteConnectionManager/Admin\",\"Computer\":\"Agamemnon\",\"Security\":{\"#attributes\":{\"UserID\":\"S-1-5-20\"}}},\"UserData\":{\"EventXML\":{\"#attributes\":{\"xmlns\":\"Event_NS\"},\"Param1\":\"RDP-Tcp\"}}}}",
  "xml_fields": {
    "provider": "Microsoft-Windows-TerminalServices-RemoteConnectionManager",
    "event_id": "20521",
    "timestamp": "2022-09-18T09:18:32.156677Z",
    "event_record_id": "1",
    "level": "4",
    "task": "0",
    "opcode": "0",
    "keywords": "0x4000000000000000",
    "channel": "Microsoft-Windows-TerminalServices-RemoteConnectionManager/Admin",
    "computer": "Agamemnon",
    "Param1": "RDP-Tcp"
  },
  "json_fields": {
    "provider": "Microsoft-Windows-TerminalServices-RemoteConnectionManager",
    "channel": "Microsoft-Windows-TerminalServices-RemoteConnectionManager/Admin",
    "event_id": "20521",
    "timestamp": "2022-09-18T09:18:32.156677Z",
    "event_record_id": "1",
    "level": "4",
    "task": "0",
    "opcode": "0",
    "keywords": "0x4000000000000000",
    "computer": "Agamemnon",
    "Param1": "RDP-Tcp"
  }
}