{
  "event_id": "2052",
  "provider": "Microsoft-Windows-Windows Firewall With Advanced Security",
  "channel": "Microsoft-Windows-Windows Firewall With Advanced Security/Firewall",
  "source_file": "D:\\visual code file\\Project_4\\Event-Analyzer\\test\\Benign\\Logs_Win11_2023\\Microsoft-Windows-Windows Firewall With Advanced Security%4Firewall.evtx",
  "event_record_id": 389,
  "xml": "<?xml version=\"1.0\" encoding=\"utf-8\"?>\n<Event xmlns=\"http://schemas.microsoft.com/win/2004/08/events/event\">\n  <System>\n    <Provider Name=\"Microsoft-Windows-Windows Firewall With Advanced Security\" Guid=\"D1BC9AFF-2ABF-4D71-9146-ECB2A986EB85\">\n    </Provider>\n    <EventID>2052</EventID>\n    <Version>0</Version>\n    <Level>4</Level>\n    <Task>0</Task>\n    <Opcode>0</Opcode>\n    <Keywords>0x8000020000000000</Keywords>\n    <TimeCreated SystemTime=\"2023-10-25T21:42:03.298955Z\">\n    </TimeCreated>\n    <EventRecordID>389</EventRecordID>\n    <Correlation>\n    </Correlation>\n    <Execution ProcessID=\"2712\" ThreadID=\"3976\">\n    </Execution>\n    <Channel>Microsoft-Windows-Windows Firewall With Advanced Security/Firewall</Channel>\n    <Computer>WinDevEval</Computer>\n    <Security UserID=\"S-1-5-19\">\n    </Security>\n  </System>\n  <EventData>\n    <Data Name=\"RuleId\">{EC0D6562-0CEF-4F6A-8109-1057DE7BD7E2}</Data>\n    <Data Name=\"RuleName\">@{Microsoft.SecHealthUI_1000.22621.1.0_x64__8wekyb3d8bbwe?ms-resource://Microsoft.SecHealthUI/resources/PackageDisplayName}</Data>\n    <Data Name=\"ModifyingUser\">S-1-5-80-3088073201-1464728630-1879813800-1107566885-823218052</Data>\n    <Data Name=\"ModifyingApplication\">C:\\Windows\\System32\\svchost.exe</Data>\n    <Data Name=\"ErrorCode\">0</Data>\n  </EventData>\n</Event>\n",
  "json": "{\"Event\":{\"#attributes\":{\"xmlns\":\"http://schemas.microsoft.com/win/2004/08/events/event\"},\"System\":{\"Provider\":{\"#attributes\":{\"Name\":\"Microsoft-Windows-Windows Firewall With Advanced Security\",\"Guid\":\"D1BC9AFF-2ABF-4D71-9146-ECB2A986EB85\"}},\"EventID\":2052,\"Version\":0,\"Level\":4,\"Task\":0,\"Opcode\":0,\"Keywords\":\"0x8000020000000000\",\"TimeCreated\":{\"#attributes\":{\"SystemTime\":\"2023-10-25T21:42:03.298955Z\"}},\"EventRecordID\":389,\"Correlation\":null,\"Execution\":{\"#attributes\":{\"ProcessID\":2712,\"ThreadID\":3976}},\"Channel\":\"Microsoft-Windows-Windows Firewall With Advanced Security/Firewall\",\"Computer\":\"WinDevEval\",\"Security\":{\"#attributes\":{\"UserID\":\"S-1-5-19\"}}},\"EventData\":{\"RuleId\":\"{EC0D6562-0CEF-4F6A-8109-1057DE7BD7E2}\",\"RuleName\":\"@{Microsoft.SecHealthUI_1000.22621.1.0_x64__8wekyb3d8bbwe?ms-resource://Microsoft.SecHealthUI/resources/PackageDisplayName}\",\"ModifyingUser\":\"S-1-5-80-3088073201-1464728630-1879813800-1107566885-823218052\",\"ModifyingApplication\":\"C:\\\\Windows\\\\System32\\\\svchost.exe\",\"ErrorCode\":0}}}",
  "xml_fields": {
    "provider": "Microsoft-Windows-Windows Firewall With Advanced Security",
    "event_id": "2052",
    "timestamp": "2023-10-25T21:42:03.298955Z",
    "event_record_id": "389",
    "level": "4",
    "task": "0",
    "opcode": "0",
    "keywords": "0x8000020000000000",
    "channel": "Microsoft-Windows-Windows Firewall With Advanced Security/Firewall",
    "computer": "WinDevEval",
    "RuleId": "{EC0D6562-0CEF-4F6A-8109-1057DE7BD7E2}",
    "RuleName": "@{Microsoft.SecHealthUI_1000.22621.1.0_x64__8wekyb3d8bbwe?ms-resource://Microsoft.SecHealthUI/resources/PackageDisplayName}",
    "ModifyingUser": "S-1-5-80-3088073201-1464728630-1879813800-1107566885-823218052",
    "ModifyingApplication": "C:\\Windows\\System32\\svchost.exe",
    "ErrorCode": "0"
  },
  "json_fields": {
    "provider": "Microsoft-Windows-Windows Firewall With Advanced Security",
    "channel": "Microsoft-Windows-Windows Firewall With Advanced Security/Firewall",
    "event_id": "2052",
    "timestamp": "2023-10-25T21:42:03.298955Z",
    "event_record_id": "389",
    "level": "4",
    "task": "0",
    "opcode": "0",
    "keywords": "0x8000020000000000",
    "computer": "WinDevEval",
    "RuleId": "{EC0D6562-0CEF-4F6A-8109-1057DE7BD7E2}",
    "RuleName": "@{Microsoft.SecHealthUI_1000.22621.1.0_x64__8wekyb3d8bbwe?ms-resource://Microsoft.SecHealthUI/resources/PackageDisplayName}",
    "ModifyingUser": "S-1-5-80-3088073201-1464728630-1879813800-1107566885-823218052",
    "ModifyingApplication": "C:\\Windows\\System32\\svchost.exe",
    "ErrorCode": "0"
  }
}