{
  "event_id": "2064",
  "provider": "Microsoft-Windows-ActiveDirectory_DomainService",
  "channel": "Directory Service",
  "source_file": "D:\\visual code file\\Project_4\\Event-Analyzer\\test\\Benign\\Win2022-AD\\Directory Service.evtx",
  "event_record_id": 36,
  "xml": "<?xml version=\"1.0\" encoding=\"utf-8\"?>\n<Event xmlns=\"http://schemas.microsoft.com/win/2004/08/events/event\">\n  <System>\n    <Provider Name=\"Microsoft-Windows-ActiveDirectory_DomainService\" Guid=\"{0e8478c5-3605-4e8c-8497-1e730c959516}\" EventSourceName=\"NTDS General\">\n    </Provider>\n    <EventID Qualifiers=\"16384\">2064</EventID>\n    <Version>0</Version>\n    <Level>4</Level>\n    <Task>9</Task>\n    <Opcode>0</Opcode>\n    <Keywords>0x8080000000000000</Keywords>\n    <TimeCreated SystemTime=\"2022-04-07T08:12:40.292959Z\">\n    </TimeCreated>\n    <EventRecordID>36</EventRecordID>\n    <Correlation>\n    </Correlation>\n    <Execution ProcessID=\"648\" ThreadID=\"5696\">\n    </Execution>\n    <Channel>Directory Service</Channel>\n    <Computer>WIN-FPV0DSIC9O6</Computer>\n    <Security UserID=\"S-1-5-7\">\n    </Security>\n  </System>\n  <EventData>\n    <Data>\n    </Data>\n    <Binary></Binary>\n  </EventData>\n</Event>\n",
  "json": "{\"Event\":{\"#attributes\":{\"xmlns\":\"http://schemas.microsoft.com/win/2004/08/events/event\"},\"System\":{\"Provider\":{\"#attributes\":{\"Name\":\"Microsoft-Windows-ActiveDirectory_DomainService\",\"Guid\":\"{0e8478c5-3605-4e8c-8497-1e730c959516}\",\"EventSourceName\":\"NTDS General\"}},\"EventID\":{\"#attributes\":{\"Qualifiers\":16384},\"#text\":2064},\"Version\":0,\"Level\":4,\"Task\":9,\"Opcode\":0,\"Keywords\":\"0x8080000000000000\",\"TimeCreated\":{\"#attributes\":{\"SystemTime\":\"2022-04-07T08:12:40.292959Z\"}},\"EventRecordID\":36,\"Correlation\":null,\"Execution\":{\"#attributes\":{\"ProcessID\":648,\"ThreadID\":5696}},\"Channel\":\"Directory Service\",\"Computer\":\"WIN-FPV0DSIC9O6\",\"Security\":{\"#attributes\":{\"UserID\":\"S-1-5-7\"}}},\"EventData\":{\"Data\":{\"#text\":\"\"},\"Binary\":null}}}",
  "xml_fields": {
    "provider": "Microsoft-Windows-ActiveDirectory_DomainService",
    "event_id": "2064",
    "timestamp": "2022-04-07T08:12:40.292959Z",
    "event_record_id": "36",
    "level": "4",
    "task": "9",
    "opcode": "0",
    "keywords": "0x8080000000000000",
    "channel": "Directory Service",
    "computer": "WIN-FPV0DSIC9O6",
    "_data_0": "\n    "
  },
  "json_fields": {
    "provider": "Microsoft-Windows-ActiveDirectory_DomainService",
    "channel": "Directory Service",
    "event_id": "2064",
    "timestamp": "2022-04-07T08:12:40.292959Z",
    "event_record_id": "36",
    "level": "4",
    "task": "9",
    "opcode": "0",
    "keywords": "0x8080000000000000",
    "computer": "WIN-FPV0DSIC9O6",
    "Data": ""
  }
}