{
  "event_id": "206",
  "provider": "Microsoft-Windows-Application-Experience",
  "channel": "System",
  "source_file": "D:\\visual code file\\Project_4\\Event-Analyzer\\test\\Benign\\win7-x86\\System.evtx",
  "event_record_id": 390,
  "xml": "<?xml version=\"1.0\" encoding=\"utf-8\"?>\n<Event xmlns=\"http://schemas.microsoft.com/win/2004/08/events/event\">\n  <System>\n    <Provider Name=\"Microsoft-Windows-Application-Experience\" Guid=\"EEF54E71-0661-422D-9A98-82FD4940B820\">\n    </Provider>\n    <EventID>206</EventID>\n    <Version>0</Version>\n    <Level>4</Level>\n    <Task>0</Task>\n    <Opcode>0</Opcode>\n    <Keywords>0x8000000000000000</Keywords>\n    <TimeCreated SystemTime=\"2022-04-04T10:10:04.360453Z\">\n    </TimeCreated>\n    <EventRecordID>390</EventRecordID>\n    <Correlation>\n    </Correlation>\n    <Execution ProcessID=\"880\" ThreadID=\"1032\">\n    </Execution>\n    <Channel>System</Channel>\n    <Computer>evtx-PC</Computer>\n    <Security UserID=\"S-1-5-18\">\n    </Security>\n  </System>\n  <EventData>\n  </EventData>\n</Event>\n",
  "json": "{\"Event\":{\"#attributes\":{\"xmlns\":\"http://schemas.microsoft.com/win/2004/08/events/event\"},\"System\":{\"Provider\":{\"#attributes\":{\"Name\":\"Microsoft-Windows-Application-Experience\",\"Guid\":\"EEF54E71-0661-422D-9A98-82FD4940B820\"}},\"EventID\":206,\"Version\":0,\"Level\":4,\"Task\":0,\"Opcode\":0,\"Keywords\":\"0x8000000000000000\",\"TimeCreated\":{\"#attributes\":{\"SystemTime\":\"2022-04-04T10:10:04.360453Z\"}},\"EventRecordID\":390,\"Correlation\":null,\"Execution\":{\"#attributes\":{\"ProcessID\":880,\"ThreadID\":1032}},\"Channel\":\"System\",\"Computer\":\"evtx-PC\",\"Security\":{\"#attributes\":{\"UserID\":\"S-1-5-18\"}}},\"EventData\":null}}",
  "xml_fields": {
    "provider": "Microsoft-Windows-Application-Experience",
    "event_id": "206",
    "timestamp": "2022-04-04T10:10:04.360453Z",
    "event_record_id": "390",
    "level": "4",
    "task": "0",
    "opcode": "0",
    "keywords": "0x8000000000000000",
    "channel": "System",
    "computer": "evtx-PC"
  },
  "json_fields": {
    "provider": "Microsoft-Windows-Application-Experience",
    "channel": "System",
    "event_id": "206",
    "timestamp": "2022-04-04T10:10:04.360453Z",
    "event_record_id": "390",
    "level": "4",
    "task": "0",
    "opcode": "0",
    "keywords": "0x8000000000000000",
    "computer": "evtx-PC"
  }
}