{
  "event_id": "207",
  "provider": "Microsoft-Windows-StorageSpaces-Driver",
  "channel": "Microsoft-Windows-StorageSpaces-Driver/Operational",
  "source_file": "D:\\visual code file\\Project_4\\Event-Analyzer\\test\\Logs\\Microsoft-Windows-StorageSpaces-Driver%4Operational.evtx",
  "event_record_id": 1,
  "xml": "<?xml version=\"1.0\" encoding=\"utf-8\"?>\n<Event xmlns=\"http://schemas.microsoft.com/win/2004/08/events/event\">\n  <System>\n    <Provider Name=\"Microsoft-Windows-StorageSpaces-Driver\" Guid=\"595F7F52-C90A-4026-A125-8EB5E083F15E\">\n    </Provider>\n    <EventID>207</EventID>\n    <Version>0</Version>\n    <Level>4</Level>\n    <Task>0</Task>\n    <Opcode>0</Opcode>\n    <Keywords>0x8000000000000000</Keywords>\n    <TimeCreated SystemTime=\"2024-11-05T01:33:00.967300Z\">\n    </TimeCreated>\n    <EventRecordID>1</EventRecordID>\n    <Correlation>\n    </Correlation>\n    <Execution ProcessID=\"4\" ThreadID=\"228\">\n    </Execution>\n    <Channel>Microsoft-Windows-StorageSpaces-Driver/Operational</Channel>\n    <Computer>WIN-5LCFHVCO531</Computer>\n    <Security UserID=\"S-1-5-18\">\n    </Security>\n  </System>\n  <EventData>\n    <Data Name=\"DriveId\">7B6F1752-BD95-6E22-E3A5-6EE8419ECAD7</Data>\n    <Data Name=\"PoolId\">00000000-0000-0000-0000-000000000000</Data>\n    <Data Name=\"DeviceNumber\">0</Data>\n    <Data Name=\"DriveManufacturer\">NULL</Data>\n    <Data Name=\"DriveModel\">VMware Virtual NVMe Disk</Data>\n    <Data Name=\"DriveSerial\">VMWare NVME_0000</Data>\n  </EventData>\n</Event>\n",
  "json": "{\"Event\":{\"#attributes\":{\"xmlns\":\"http://schemas.microsoft.com/win/2004/08/events/event\"},\"System\":{\"Provider\":{\"#attributes\":{\"Name\":\"Microsoft-Windows-StorageSpaces-Driver\",\"Guid\":\"595F7F52-C90A-4026-A125-8EB5E083F15E\"}},\"EventID\":207,\"Version\":0,\"Level\":4,\"Task\":0,\"Opcode\":0,\"Keywords\":\"0x8000000000000000\",\"TimeCreated\":{\"#attributes\":{\"SystemTime\":\"2024-11-05T01:33:00.967300Z\"}},\"EventRecordID\":1,\"Correlation\":null,\"Execution\":{\"#attributes\":{\"ProcessID\":4,\"ThreadID\":228}},\"Channel\":\"Microsoft-Windows-StorageSpaces-Driver/Operational\",\"Computer\":\"WIN-5LCFHVCO531\",\"Security\":{\"#attributes\":{\"UserID\":\"S-1-5-18\"}}},\"EventData\":{\"DriveId\":\"7B6F1752-BD95-6E22-E3A5-6EE8419ECAD7\",\"PoolId\":\"00000000-0000-0000-0000-000000000000\",\"DeviceNumber\":0,\"DriveManufacturer\":\"NULL\",\"DriveModel\":\"VMware Virtual NVMe Disk\",\"DriveSerial\":\"VMWare NVME_0000\"}}}",
  "xml_fields": {
    "provider": "Microsoft-Windows-StorageSpaces-Driver",
    "event_id": "207",
    "timestamp": "2024-11-05T01:33:00.967300Z",
    "event_record_id": "1",
    "level": "4",
    "task": "0",
    "opcode": "0",
    "keywords": "0x8000000000000000",
    "channel": "Microsoft-Windows-StorageSpaces-Driver/Operational",
    "computer": "WIN-5LCFHVCO531",
    "DriveId": "7B6F1752-BD95-6E22-E3A5-6EE8419ECAD7",
    "PoolId": "00000000-0000-0000-0000-000000000000",
    "DeviceNumber": "0",
    "DriveManufacturer": "NULL",
    "DriveModel": "VMware Virtual NVMe Disk",
    "DriveSerial": "VMWare NVME_0000"
  },
  "json_fields": {
    "provider": "Microsoft-Windows-StorageSpaces-Driver",
    "channel": "Microsoft-Windows-StorageSpaces-Driver/Operational",
    "event_id": "207",
    "timestamp": "2024-11-05T01:33:00.967300Z",
    "event_record_id": "1",
    "level": "4",
    "task": "0",
    "opcode": "0",
    "keywords": "0x8000000000000000",
    "computer": "WIN-5LCFHVCO531",
    "DriveId": "7B6F1752-BD95-6E22-E3A5-6EE8419ECAD7",
    "PoolId": "00000000-0000-0000-0000-000000000000",
    "DeviceNumber": "0",
    "DriveManufacturer": "NULL",
    "DriveModel": "VMware Virtual NVMe Disk",
    "DriveSerial": "VMWare NVME_0000"
  }
}