{
  "event_id": "2082",
  "provider": "Microsoft-Windows-Windows Firewall With Advanced Security",
  "channel": "Microsoft-Windows-Windows Firewall With Advanced Security/Firewall",
  "source_file": "D:\\visual code file\\Project_4\\Event-Analyzer\\test\\Benign\\Logs_Win11_2023\\Microsoft-Windows-Windows Firewall With Advanced Security%4Firewall.evtx",
  "event_record_id": 1253,
  "xml": "<?xml version=\"1.0\" encoding=\"utf-8\"?>\n<Event xmlns=\"http://schemas.microsoft.com/win/2004/08/events/event\">\n  <System>\n    <Provider Name=\"Microsoft-Windows-Windows Firewall With Advanced Security\" Guid=\"D1BC9AFF-2ABF-4D71-9146-ECB2A986EB85\">\n    </Provider>\n    <EventID>2082</EventID>\n    <Version>0</Version>\n    <Level>4</Level>\n    <Task>0</Task>\n    <Opcode>0</Opcode>\n    <Keywords>0x8000000000000000</Keywords>\n    <TimeCreated SystemTime=\"2023-11-06T00:13:10.292158Z\">\n    </TimeCreated>\n    <EventRecordID>1253</EventRecordID>\n    <Correlation>\n    </Correlation>\n    <Execution ProcessID=\"2896\" ThreadID=\"8012\">\n    </Execution>\n    <Channel>Microsoft-Windows-Windows Firewall With Advanced Security/Firewall</Channel>\n    <Computer>WinDev2310Eval</Computer>\n    <Security UserID=\"S-1-5-19\">\n    </Security>\n  </System>\n  <EventData>\n    <Data Name=\"Profiles\">4</Data>\n    <Data Name=\"SettingType\">1</Data>\n    <Data Name=\"SettingValueSize\">4</Data>\n    <Data Name=\"SettingValue\">01000000</Data>\n    <Data Name=\"SettingValueString\">Yes</Data>\n    <Data Name=\"Origin\">1</Data>\n    <Data Name=\"ModifyingUser\">S-1-5-18</Data>\n    <Data Name=\"ModifyingApplication\">C:\\Program Files (x86)\\Avira\\Antivirus\\ccuac.exe</Data>\n    <Data Name=\"ErrorCode\">0</Data>\n  </EventData>\n</Event>\n",
  "json": "{\"Event\":{\"#attributes\":{\"xmlns\":\"http://schemas.microsoft.com/win/2004/08/events/event\"},\"System\":{\"Provider\":{\"#attributes\":{\"Name\":\"Microsoft-Windows-Windows Firewall With Advanced Security\",\"Guid\":\"D1BC9AFF-2ABF-4D71-9146-ECB2A986EB85\"}},\"EventID\":2082,\"Version\":0,\"Level\":4,\"Task\":0,\"Opcode\":0,\"Keywords\":\"0x8000000000000000\",\"TimeCreated\":{\"#attributes\":{\"SystemTime\":\"2023-11-06T00:13:10.292158Z\"}},\"EventRecordID\":1253,\"Correlation\":null,\"Execution\":{\"#attributes\":{\"ProcessID\":2896,\"ThreadID\":8012}},\"Channel\":\"Microsoft-Windows-Windows Firewall With Advanced Security/Firewall\",\"Computer\":\"WinDev2310Eval\",\"Security\":{\"#attributes\":{\"UserID\":\"S-1-5-19\"}}},\"EventData\":{\"Profiles\":4,\"SettingType\":1,\"SettingValueSize\":4,\"SettingValue\":\"01000000\",\"SettingValueString\":\"Yes\",\"Origin\":1,\"ModifyingUser\":\"S-1-5-18\",\"ModifyingApplication\":\"C:\\\\Program Files (x86)\\\\Avira\\\\Antivirus\\\\ccuac.exe\",\"ErrorCode\":0}}}",
  "xml_fields": {
    "provider": "Microsoft-Windows-Windows Firewall With Advanced Security",
    "event_id": "2082",
    "timestamp": "2023-11-06T00:13:10.292158Z",
    "event_record_id": "1253",
    "level": "4",
    "task": "0",
    "opcode": "0",
    "keywords": "0x8000000000000000",
    "channel": "Microsoft-Windows-Windows Firewall With Advanced Security/Firewall",
    "computer": "WinDev2310Eval",
    "Profiles": "4",
    "SettingType": "1",
    "SettingValueSize": "4",
    "SettingValue": "01000000",
    "SettingValueString": "Yes",
    "Origin": "1",
    "ModifyingUser": "S-1-5-18",
    "ModifyingApplication": "C:\\Program Files (x86)\\Avira\\Antivirus\\ccuac.exe",
    "ErrorCode": "0"
  },
  "json_fields": {
    "provider": "Microsoft-Windows-Windows Firewall With Advanced Security",
    "channel": "Microsoft-Windows-Windows Firewall With Advanced Security/Firewall",
    "event_id": "2082",
    "timestamp": "2023-11-06T00:13:10.292158Z",
    "event_record_id": "1253",
    "level": "4",
    "task": "0",
    "opcode": "0",
    "keywords": "0x8000000000000000",
    "computer": "WinDev2310Eval",
    "Profiles": "4",
    "SettingType": "1",
    "SettingValueSize": "4",
    "SettingValue": "01000000",
    "SettingValueString": "Yes",
    "Origin": "1",
    "ModifyingUser": "S-1-5-18",
    "ModifyingApplication": "C:\\Program Files (x86)\\Avira\\Antivirus\\ccuac.exe",
    "ErrorCode": "0"
  }
}