{
  "event_id": "2083",
  "provider": "Microsoft-Windows-Windows Firewall With Advanced Security",
  "channel": "Microsoft-Windows-Windows Firewall With Advanced Security/Firewall",
  "source_file": "D:\\visual code file\\Project_4\\Event-Analyzer\\test\\Benign\\Logs_Win11_2023\\Microsoft-Windows-Windows Firewall With Advanced Security%4Firewall.evtx",
  "event_record_id": 415,
  "xml": "<?xml version=\"1.0\" encoding=\"utf-8\"?>\n<Event xmlns=\"http://schemas.microsoft.com/win/2004/08/events/event\">\n  <System>\n    <Provider Name=\"Microsoft-Windows-Windows Firewall With Advanced Security\" Guid=\"D1BC9AFF-2ABF-4D71-9146-ECB2A986EB85\">\n    </Provider>\n    <EventID>2083</EventID>\n    <Version>0</Version>\n    <Level>4</Level>\n    <Task>0</Task>\n    <Opcode>0</Opcode>\n    <Keywords>0x8000000000000000</Keywords>\n    <TimeCreated SystemTime=\"2023-10-25T21:48:14.766485Z\">\n    </TimeCreated>\n    <EventRecordID>415</EventRecordID>\n    <Correlation>\n    </Correlation>\n    <Execution ProcessID=\"2732\" ThreadID=\"3444\">\n    </Execution>\n    <Channel>Microsoft-Windows-Windows Firewall With Advanced Security/Firewall</Channel>\n    <Computer>WinDevEval</Computer>\n    <Security UserID=\"S-1-5-19\">\n    </Security>\n  </System>\n  <EventData>\n    <Data Name=\"SettingType\">2</Data>\n    <Data Name=\"SettingValueSize\">4</Data>\n    <Data Name=\"SettingValue\">06000000</Data>\n    <Data Name=\"SettingValueDisplay\">(null),(null)</Data>\n    <Data Name=\"Origin\">1</Data>\n    <Data Name=\"ModifyingUser\">S-1-5-80-3088073201-1464728630-1879813800-1107566885-823218052</Data>\n    <Data Name=\"ModifyingApplication\"></Data>\n    <Data Name=\"ErrorCode\">0</Data>\n  </EventData>\n</Event>\n",
  "json": "{\"Event\":{\"#attributes\":{\"xmlns\":\"http://schemas.microsoft.com/win/2004/08/events/event\"},\"System\":{\"Provider\":{\"#attributes\":{\"Name\":\"Microsoft-Windows-Windows Firewall With Advanced Security\",\"Guid\":\"D1BC9AFF-2ABF-4D71-9146-ECB2A986EB85\"}},\"EventID\":2083,\"Version\":0,\"Level\":4,\"Task\":0,\"Opcode\":0,\"Keywords\":\"0x8000000000000000\",\"TimeCreated\":{\"#attributes\":{\"SystemTime\":\"2023-10-25T21:48:14.766485Z\"}},\"EventRecordID\":415,\"Correlation\":null,\"Execution\":{\"#attributes\":{\"ProcessID\":2732,\"ThreadID\":3444}},\"Channel\":\"Microsoft-Windows-Windows Firewall With Advanced Security/Firewall\",\"Computer\":\"WinDevEval\",\"Security\":{\"#attributes\":{\"UserID\":\"S-1-5-19\"}}},\"EventData\":{\"SettingType\":2,\"SettingValueSize\":4,\"SettingValue\":\"06000000\",\"SettingValueDisplay\":\"(null),(null)\",\"Origin\":1,\"ModifyingUser\":\"S-1-5-80-3088073201-1464728630-1879813800-1107566885-823218052\",\"ModifyingApplication\":\"\",\"ErrorCode\":0}}}",
  "xml_fields": {
    "provider": "Microsoft-Windows-Windows Firewall With Advanced Security",
    "event_id": "2083",
    "timestamp": "2023-10-25T21:48:14.766485Z",
    "event_record_id": "415",
    "level": "4",
    "task": "0",
    "opcode": "0",
    "keywords": "0x8000000000000000",
    "channel": "Microsoft-Windows-Windows Firewall With Advanced Security/Firewall",
    "computer": "WinDevEval",
    "SettingType": "2",
    "SettingValueSize": "4",
    "SettingValue": "06000000",
    "SettingValueDisplay": "(null),(null)",
    "Origin": "1",
    "ModifyingUser": "S-1-5-80-3088073201-1464728630-1879813800-1107566885-823218052",
    "ModifyingApplication": "",
    "ErrorCode": "0"
  },
  "json_fields": {
    "provider": "Microsoft-Windows-Windows Firewall With Advanced Security",
    "channel": "Microsoft-Windows-Windows Firewall With Advanced Security/Firewall",
    "event_id": "2083",
    "timestamp": "2023-10-25T21:48:14.766485Z",
    "event_record_id": "415",
    "level": "4",
    "task": "0",
    "opcode": "0",
    "keywords": "0x8000000000000000",
    "computer": "WinDevEval",
    "SettingType": "2",
    "SettingValueSize": "4",
    "SettingValue": "06000000",
    "SettingValueDisplay": "(null),(null)",
    "Origin": "1",
    "ModifyingUser": "S-1-5-80-3088073201-1464728630-1879813800-1107566885-823218052",
    "ModifyingApplication": "",
    "ErrorCode": "0"
  }
}