{
  "event_id": "2084",
  "provider": "Microsoft-Windows-Windows Firewall With Advanced Security",
  "channel": "Microsoft-Windows-Windows Firewall With Advanced Security/Firewall",
  "source_file": "D:\\visual code file\\Project_4\\Event-Analyzer\\test\\Benign\\Logs_Win11_2023\\Microsoft-Windows-Windows Firewall With Advanced Security%4Firewall.evtx",
  "event_record_id": 407,
  "xml": "<?xml version=\"1.0\" encoding=\"utf-8\"?>\n<Event xmlns=\"http://schemas.microsoft.com/win/2004/08/events/event\">\n  <System>\n    <Provider Name=\"Microsoft-Windows-Windows Firewall With Advanced Security\" Guid=\"D1BC9AFF-2ABF-4D71-9146-ECB2A986EB85\">\n    </Provider>\n    <EventID>2084</EventID>\n    <Version>0</Version>\n    <Level>4</Level>\n    <Task>0</Task>\n    <Opcode>0</Opcode>\n    <Keywords>0x8000000000000000</Keywords>\n    <TimeCreated SystemTime=\"2023-10-25T21:48:14.423112Z\">\n    </TimeCreated>\n    <EventRecordID>407</EventRecordID>\n    <Correlation>\n    </Correlation>\n    <Execution ProcessID=\"2732\" ThreadID=\"3064\">\n    </Execution>\n    <Channel>Microsoft-Windows-Windows Firewall With Advanced Security/Firewall</Channel>\n    <Computer>WinDevEval</Computer>\n    <Security UserID=\"S-1-5-19\">\n    </Security>\n  </System>\n  <EventData>\n    <Data Name=\"RuleName\">@{Microsoft.Windows.OOBENetworkCaptivePortal_10.0.21302.1000_neutral__cw5n1h2txyewy?ms-resource://Microsoft.Windows.OOBENetworkCaptivePortal/Resources/AppDisplayName}</Data>\n  </EventData>\n</Event>\n",
  "json": "{\"Event\":{\"#attributes\":{\"xmlns\":\"http://schemas.microsoft.com/win/2004/08/events/event\"},\"System\":{\"Provider\":{\"#attributes\":{\"Name\":\"Microsoft-Windows-Windows Firewall With Advanced Security\",\"Guid\":\"D1BC9AFF-2ABF-4D71-9146-ECB2A986EB85\"}},\"EventID\":2084,\"Version\":0,\"Level\":4,\"Task\":0,\"Opcode\":0,\"Keywords\":\"0x8000000000000000\",\"TimeCreated\":{\"#attributes\":{\"SystemTime\":\"2023-10-25T21:48:14.423112Z\"}},\"EventRecordID\":407,\"Correlation\":null,\"Execution\":{\"#attributes\":{\"ProcessID\":2732,\"ThreadID\":3064}},\"Channel\":\"Microsoft-Windows-Windows Firewall With Advanced Security/Firewall\",\"Computer\":\"WinDevEval\",\"Security\":{\"#attributes\":{\"UserID\":\"S-1-5-19\"}}},\"EventData\":{\"RuleName\":\"@{Microsoft.Windows.OOBENetworkCaptivePortal_10.0.21302.1000_neutral__cw5n1h2txyewy?ms-resource://Microsoft.Windows.OOBENetworkCaptivePortal/Resources/AppDisplayName}\"}}}",
  "xml_fields": {
    "provider": "Microsoft-Windows-Windows Firewall With Advanced Security",
    "event_id": "2084",
    "timestamp": "2023-10-25T21:48:14.423112Z",
    "event_record_id": "407",
    "level": "4",
    "task": "0",
    "opcode": "0",
    "keywords": "0x8000000000000000",
    "channel": "Microsoft-Windows-Windows Firewall With Advanced Security/Firewall",
    "computer": "WinDevEval",
    "RuleName": "@{Microsoft.Windows.OOBENetworkCaptivePortal_10.0.21302.1000_neutral__cw5n1h2txyewy?ms-resource://Microsoft.Windows.OOBENetworkCaptivePortal/Resources/AppDisplayName}"
  },
  "json_fields": {
    "provider": "Microsoft-Windows-Windows Firewall With Advanced Security",
    "channel": "Microsoft-Windows-Windows Firewall With Advanced Security/Firewall",
    "event_id": "2084",
    "timestamp": "2023-10-25T21:48:14.423112Z",
    "event_record_id": "407",
    "level": "4",
    "task": "0",
    "opcode": "0",
    "keywords": "0x8000000000000000",
    "computer": "WinDevEval",
    "RuleName": "@{Microsoft.Windows.OOBENetworkCaptivePortal_10.0.21302.1000_neutral__cw5n1h2txyewy?ms-resource://Microsoft.Windows.OOBENetworkCaptivePortal/Resources/AppDisplayName}"
  }
}