{
  "event_id": "208",
  "provider": "Microsoft-Windows-StorageSpaces-Driver",
  "channel": "Microsoft-Windows-StorageSpaces-Driver/Operational",
  "source_file": "D:\\visual code file\\Project_4\\Event-Analyzer\\test\\Benign\\Logs_Win11\\Microsoft-Windows-StorageSpaces-Driver%4Operational.evtx",
  "event_record_id": 6,
  "xml": "<?xml version=\"1.0\" encoding=\"utf-8\"?>\n<Event xmlns=\"http://schemas.microsoft.com/win/2004/08/events/event\">\n  <System>\n    <Provider Name=\"Microsoft-Windows-StorageSpaces-Driver\" Guid=\"595F7F52-C90A-4026-A125-8EB5E083F15E\">\n    </Provider>\n    <EventID>208</EventID>\n    <Version>0</Version>\n    <Level>3</Level>\n    <Task>0</Task>\n    <Opcode>0</Opcode>\n    <Keywords>0x8000000000000000</Keywords>\n    <TimeCreated SystemTime=\"2022-03-02T18:25:59.013805Z\">\n    </TimeCreated>\n    <EventRecordID>6</EventRecordID>\n    <Correlation>\n    </Correlation>\n    <Execution ProcessID=\"4\" ThreadID=\"492\">\n    </Execution>\n    <Channel>Microsoft-Windows-StorageSpaces-Driver/Operational</Channel>\n    <Computer>DESKTOP-6D0DBMB</Computer>\n    <Security UserID=\"S-1-5-18\">\n    </Security>\n  </System>\n  <EventData>\n    <Data Name=\"Status\">3221225486</Data>\n    <Data Name=\"DriveId\">00000000-0000-0000-0000-000000000000</Data>\n    <Data Name=\"PoolId\">00000000-0000-0000-0000-000000000000</Data>\n    <Data Name=\"DeviceNumber\">-1</Data>\n    <Data Name=\"DriveManufacturer\">NULL</Data>\n    <Data Name=\"DriveModel\">NULL</Data>\n    <Data Name=\"DriveSerial\">NULL</Data>\n  </EventData>\n</Event>\n",
  "json": "{\"Event\":{\"#attributes\":{\"xmlns\":\"http://schemas.microsoft.com/win/2004/08/events/event\"},\"System\":{\"Provider\":{\"#attributes\":{\"Name\":\"Microsoft-Windows-StorageSpaces-Driver\",\"Guid\":\"595F7F52-C90A-4026-A125-8EB5E083F15E\"}},\"EventID\":208,\"Version\":0,\"Level\":3,\"Task\":0,\"Opcode\":0,\"Keywords\":\"0x8000000000000000\",\"TimeCreated\":{\"#attributes\":{\"SystemTime\":\"2022-03-02T18:25:59.013805Z\"}},\"EventRecordID\":6,\"Correlation\":null,\"Execution\":{\"#attributes\":{\"ProcessID\":4,\"ThreadID\":492}},\"Channel\":\"Microsoft-Windows-StorageSpaces-Driver/Operational\",\"Computer\":\"DESKTOP-6D0DBMB\",\"Security\":{\"#attributes\":{\"UserID\":\"S-1-5-18\"}}},\"EventData\":{\"Status\":3221225486,\"DriveId\":\"00000000-0000-0000-0000-000000000000\",\"PoolId\":\"00000000-0000-0000-0000-000000000000\",\"DeviceNumber\":-1,\"DriveManufacturer\":\"NULL\",\"DriveModel\":\"NULL\",\"DriveSerial\":\"NULL\"}}}",
  "xml_fields": {
    "provider": "Microsoft-Windows-StorageSpaces-Driver",
    "event_id": "208",
    "timestamp": "2022-03-02T18:25:59.013805Z",
    "event_record_id": "6",
    "level": "3",
    "task": "0",
    "opcode": "0",
    "keywords": "0x8000000000000000",
    "channel": "Microsoft-Windows-StorageSpaces-Driver/Operational",
    "computer": "DESKTOP-6D0DBMB",
    "Status": "3221225486",
    "DriveId": "00000000-0000-0000-0000-000000000000",
    "PoolId": "00000000-0000-0000-0000-000000000000",
    "DeviceNumber": "-1",
    "DriveManufacturer": "NULL",
    "DriveModel": "NULL",
    "DriveSerial": "NULL"
  },
  "json_fields": {
    "provider": "Microsoft-Windows-StorageSpaces-Driver",
    "channel": "Microsoft-Windows-StorageSpaces-Driver/Operational",
    "event_id": "208",
    "timestamp": "2022-03-02T18:25:59.013805Z",
    "event_record_id": "6",
    "level": "3",
    "task": "0",
    "opcode": "0",
    "keywords": "0x8000000000000000",
    "computer": "DESKTOP-6D0DBMB",
    "Status": "3221225486",
    "DriveId": "00000000-0000-0000-0000-000000000000",
    "PoolId": "00000000-0000-0000-0000-000000000000",
    "DeviceNumber": "-1",
    "DriveManufacturer": "NULL",
    "DriveModel": "NULL",
    "DriveSerial": "NULL"
  }
}