{
  "event_id": "2099",
  "provider": "Microsoft-Windows-Windows Firewall With Advanced Security",
  "channel": "Microsoft-Windows-Windows Firewall With Advanced Security/Firewall",
  "source_file": "D:\\visual code file\\Project_4\\Event-Analyzer\\test\\Benign\\Logs_Win11_2023\\Microsoft-Windows-Windows Firewall With Advanced Security%4Firewall.evtx",
  "event_record_id": 421,
  "xml": "<?xml version=\"1.0\" encoding=\"utf-8\"?>\n<Event xmlns=\"http://schemas.microsoft.com/win/2004/08/events/event\">\n  <System>\n    <Provider Name=\"Microsoft-Windows-Windows Firewall With Advanced Security\" Guid=\"D1BC9AFF-2ABF-4D71-9146-ECB2A986EB85\">\n    </Provider>\n    <EventID>2099</EventID>\n    <Version>0</Version>\n    <Level>4</Level>\n    <Task>0</Task>\n    <Opcode>0</Opcode>\n    <Keywords>0x8000020000000000</Keywords>\n    <TimeCreated SystemTime=\"2023-10-25T21:49:50.091231Z\">\n    </TimeCreated>\n    <EventRecordID>421</EventRecordID>\n    <Correlation>\n    </Correlation>\n    <Execution ProcessID=\"2732\" ThreadID=\"1532\">\n    </Execution>\n    <Channel>Microsoft-Windows-Windows Firewall With Advanced Security/Firewall</Channel>\n    <Computer>WinDevEval</Computer>\n    <Security UserID=\"S-1-5-19\">\n    </Security>\n  </System>\n  <EventData>\n    <Data Name=\"RuleId\">{F5387228-CF0B-4E02-91F4-0CBC4A47F7CA}</Data>\n    <Data Name=\"RuleName\">WinDefend Outbound for TCP</Data>\n    <Data Name=\"Origin\">0</Data>\n    <Data Name=\"ApplicationPath\">%ProgramData%\\Microsoft\\Windows Defender\\Platform\\4.18.23090.2008-0\\MsMpEng.exe</Data>\n    <Data Name=\"ServiceName\">WinDefend</Data>\n    <Data Name=\"Direction\">2</Data>\n    <Data Name=\"Protocol\">6</Data>\n    <Data Name=\"LocalPorts\">*</Data>\n    <Data Name=\"RemotePorts\">*</Data>\n    <Data Name=\"Action\">3</Data>\n    <Data Name=\"Profiles\">2147483647</Data>\n    <Data Name=\"LocalAddresses\">*</Data>\n    <Data Name=\"RemoteAddresses\">*</Data>\n    <Data Name=\"RemoteMachineAuthorizationList\"></Data>\n    <Data Name=\"RemoteUserAuthorizationList\"></Data>\n    <Data Name=\"EmbeddedContext\"></Data>\n    <Data Name=\"Flags\">1</Data>\n    <Data Name=\"Active\">1</Data>\n    <Data Name=\"EdgeTraversal\">0</Data>\n    <Data Name=\"LooseSourceMapped\">0</Data>\n    <Data Name=\"SecurityOptions\">0</Data>\n    <Data Name=\"ModifyingUser\">S-1-5-18</Data>\n    <Data Name=\"ModifyingApplication\">C:\\Program Files\\Windows Defender\\MsMpEng.exe</Data>\n    <Data Name=\"SchemaVersion\">543</Data>\n    <Data Name=\"RuleStatus\">65536</Data>\n    <Data Name=\"LocalOnlyMapped\">0</Data>\n    <Data Name=\"PolicyAppId\"></Data>\n    <Data Name=\"ErrorCode\">2</Data>\n  </EventData>\n</Event>\n",
  "json": "{\"Event\":{\"#attributes\":{\"xmlns\":\"http://schemas.microsoft.com/win/2004/08/events/event\"},\"System\":{\"Provider\":{\"#attributes\":{\"Name\":\"Microsoft-Windows-Windows Firewall With Advanced Security\",\"Guid\":\"D1BC9AFF-2ABF-4D71-9146-ECB2A986EB85\"}},\"EventID\":2099,\"Version\":0,\"Level\":4,\"Task\":0,\"Opcode\":0,\"Keywords\":\"0x8000020000000000\",\"TimeCreated\":{\"#attributes\":{\"SystemTime\":\"2023-10-25T21:49:50.091231Z\"}},\"EventRecordID\":421,\"Correlation\":null,\"Execution\":{\"#attributes\":{\"ProcessID\":2732,\"ThreadID\":1532}},\"Channel\":\"Microsoft-Windows-Windows Firewall With Advanced Security/Firewall\",\"Computer\":\"WinDevEval\",\"Security\":{\"#attributes\":{\"UserID\":\"S-1-5-19\"}}},\"EventData\":{\"RuleId\":\"{F5387228-CF0B-4E02-91F4-0CBC4A47F7CA}\",\"RuleName\":\"WinDefend Outbound for TCP\",\"Origin\":0,\"ApplicationPath\":\"%ProgramData%\\\\Microsoft\\\\Windows Defender\\\\Platform\\\\4.18.23090.2008-0\\\\MsMpEng.exe\",\"ServiceName\":\"WinDefend\",\"Direction\":2,\"Protocol\":6,\"LocalPorts\":\"*\",\"RemotePorts\":\"*\",\"Action\":3,\"Profiles\":2147483647,\"LocalAddresses\":\"*\",\"RemoteAddresses\":\"*\",\"RemoteMachineAuthorizationList\":\"\",\"RemoteUserAuthorizationList\":\"\",\"EmbeddedContext\":\"\",\"Flags\":1,\"Active\":1,\"EdgeTraversal\":0,\"LooseSourceMapped\":0,\"SecurityOptions\":0,\"ModifyingUser\":\"S-1-5-18\",\"ModifyingApplication\":\"C:\\\\Program Files\\\\Windows Defender\\\\MsMpEng.exe\",\"SchemaVersion\":543,\"RuleStatus\":65536,\"LocalOnlyMapped\":0,\"PolicyAppId\":\"\",\"ErrorCode\":2}}}",
  "xml_fields": {
    "provider": "Microsoft-Windows-Windows Firewall With Advanced Security",
    "event_id": "2099",
    "timestamp": "2023-10-25T21:49:50.091231Z",
    "event_record_id": "421",
    "level": "4",
    "task": "0",
    "opcode": "0",
    "keywords": "0x8000020000000000",
    "channel": "Microsoft-Windows-Windows Firewall With Advanced Security/Firewall",
    "computer": "WinDevEval",
    "RuleId": "{F5387228-CF0B-4E02-91F4-0CBC4A47F7CA}",
    "RuleName": "WinDefend Outbound for TCP",
    "Origin": "0",
    "ApplicationPath": "%ProgramData%\\Microsoft\\Windows Defender\\Platform\\4.18.23090.2008-0\\MsMpEng.exe",
    "ServiceName": "WinDefend",
    "Direction": "2",
    "Protocol": "6",
    "LocalPorts": "*",
    "RemotePorts": "*",
    "Action": "3",
    "Profiles": "2147483647",
    "LocalAddresses": "*",
    "RemoteAddresses": "*",
    "RemoteMachineAuthorizationList": "",
    "RemoteUserAuthorizationList": "",
    "EmbeddedContext": "",
    "Flags": "1",
    "Active": "1",
    "EdgeTraversal": "0",
    "LooseSourceMapped": "0",
    "SecurityOptions": "0",
    "ModifyingUser": "S-1-5-18",
    "ModifyingApplication": "C:\\Program Files\\Windows Defender\\MsMpEng.exe",
    "SchemaVersion": "543",
    "RuleStatus": "65536",
    "LocalOnlyMapped": "0",
    "PolicyAppId": "",
    "ErrorCode": "2"
  },
  "json_fields": {
    "provider": "Microsoft-Windows-Windows Firewall With Advanced Security",
    "channel": "Microsoft-Windows-Windows Firewall With Advanced Security/Firewall",
    "event_id": "2099",
    "timestamp": "2023-10-25T21:49:50.091231Z",
    "event_record_id": "421",
    "level": "4",
    "task": "0",
    "opcode": "0",
    "keywords": "0x8000020000000000",
    "computer": "WinDevEval",
    "RuleId": "{F5387228-CF0B-4E02-91F4-0CBC4A47F7CA}",
    "RuleName": "WinDefend Outbound for TCP",
    "Origin": "0",
    "ApplicationPath": "%ProgramData%\\Microsoft\\Windows Defender\\Platform\\4.18.23090.2008-0\\MsMpEng.exe",
    "ServiceName": "WinDefend",
    "Direction": "2",
    "Protocol": "6",
    "LocalPorts": "*",
    "RemotePorts": "*",
    "Action": "3",
    "Profiles": "2147483647",
    "LocalAddresses": "*",
    "RemoteAddresses": "*",
    "RemoteMachineAuthorizationList": "",
    "RemoteUserAuthorizationList": "",
    "EmbeddedContext": "",
    "Flags": "1",
    "Active": "1",
    "EdgeTraversal": "0",
    "LooseSourceMapped": "0",
    "SecurityOptions": "0",
    "ModifyingUser": "S-1-5-18",
    "ModifyingApplication": "C:\\Program Files\\Windows Defender\\MsMpEng.exe",
    "SchemaVersion": "543",
    "RuleStatus": "65536",
    "LocalOnlyMapped": "0",
    "PolicyAppId": "",
    "ErrorCode": "2"
  }
}