{
  "event_id": "209",
  "provider": "Microsoft-Windows-AppReadiness",
  "channel": "Microsoft-Windows-AppReadiness/Admin",
  "source_file": "D:\\visual code file\\Project_4\\Event-Analyzer\\test\\Logs\\Microsoft-Windows-AppReadiness%4Admin.evtx",
  "event_record_id": 8,
  "xml": "<?xml version=\"1.0\" encoding=\"utf-8\"?>\n<Event xmlns=\"http://schemas.microsoft.com/win/2004/08/events/event\">\n  <System>\n    <Provider Name=\"Microsoft-Windows-AppReadiness\" Guid=\"F0BE35F8-237B-4814-86B5-ADE51192E503\">\n    </Provider>\n    <EventID>209</EventID>\n    <Version>0</Version>\n    <Level>4</Level>\n    <Task>1</Task>\n    <Opcode>0</Opcode>\n    <Keywords>0x8000000000000002</Keywords>\n    <TimeCreated SystemTime=\"2024-11-05T01:33:50.828607Z\">\n    </TimeCreated>\n    <EventRecordID>8</EventRecordID>\n    <Correlation>\n    </Correlation>\n    <Execution ProcessID=\"4240\" ThreadID=\"4296\">\n    </Execution>\n    <Channel>Microsoft-Windows-AppReadiness/Admin</Channel>\n    <Computer>WIN-5LCFHVCO531</Computer>\n    <Security UserID=\"S-1-5-18\">\n    </Security>\n  </System>\n  <EventData>\n    <Data Name=\"User\">S-1-5-18</Data>\n    <Data Name=\"From\">2</Data>\n    <Data Name=\"To\">3</Data>\n  </EventData>\n</Event>\n",
  "json": "{\"Event\":{\"#attributes\":{\"xmlns\":\"http://schemas.microsoft.com/win/2004/08/events/event\"},\"System\":{\"Provider\":{\"#attributes\":{\"Name\":\"Microsoft-Windows-AppReadiness\",\"Guid\":\"F0BE35F8-237B-4814-86B5-ADE51192E503\"}},\"EventID\":209,\"Version\":0,\"Level\":4,\"Task\":1,\"Opcode\":0,\"Keywords\":\"0x8000000000000002\",\"TimeCreated\":{\"#attributes\":{\"SystemTime\":\"2024-11-05T01:33:50.828607Z\"}},\"EventRecordID\":8,\"Correlation\":null,\"Execution\":{\"#attributes\":{\"ProcessID\":4240,\"ThreadID\":4296}},\"Channel\":\"Microsoft-Windows-AppReadiness/Admin\",\"Computer\":\"WIN-5LCFHVCO531\",\"Security\":{\"#attributes\":{\"UserID\":\"S-1-5-18\"}}},\"EventData\":{\"User\":\"S-1-5-18\",\"From\":2,\"To\":3}}}",
  "xml_fields": {
    "provider": "Microsoft-Windows-AppReadiness",
    "event_id": "209",
    "timestamp": "2024-11-05T01:33:50.828607Z",
    "event_record_id": "8",
    "level": "4",
    "task": "1",
    "opcode": "0",
    "keywords": "0x8000000000000002",
    "channel": "Microsoft-Windows-AppReadiness/Admin",
    "computer": "WIN-5LCFHVCO531",
    "User": "S-1-5-18",
    "From": "2",
    "To": "3"
  },
  "json_fields": {
    "provider": "Microsoft-Windows-AppReadiness",
    "channel": "Microsoft-Windows-AppReadiness/Admin",
    "event_id": "209",
    "timestamp": "2024-11-05T01:33:50.828607Z",
    "event_record_id": "8",
    "level": "4",
    "task": "1",
    "opcode": "0",
    "keywords": "0x8000000000000002",
    "computer": "WIN-5LCFHVCO531",
    "User": "S-1-5-18",
    "From": "2",
    "To": "3"
  }
}