{
  "event_id": "20",
  "provider": "Microsoft-Windows-Sysmon",
  "channel": "Microsoft-Windows-Sysmon/Operational",
  "source_file": "D:\\visual code file\\Project_4\\Event-Analyzer\\test\\Malicious\\EVTX-to-MITRE-Attack-master\\TA0003-Persistence\\T1546-Event Triggered Execution\\ID19-20-WMI registration via PowerLurk.evtx",
  "event_record_id": 1,
  "xml": "<?xml version=\"1.0\" encoding=\"utf-8\"?>\n<Event xmlns=\"http://schemas.microsoft.com/win/2004/08/events/event\">\n  <System>\n    <Provider Name=\"Microsoft-Windows-Sysmon\" Guid=\"5770385F-C22A-43E0-BF4C-06F5698FFBD9\">\n    </Provider>\n    <EventID>20</EventID>\n    <Version>3</Version>\n    <Level>4</Level>\n    <Task>20</Task>\n    <Opcode>0</Opcode>\n    <Keywords>0x8000000000000000</Keywords>\n    <TimeCreated SystemTime=\"2021-06-09T19:29:58.239843Z\">\n    </TimeCreated>\n    <EventRecordID>49256</EventRecordID>\n    <Correlation>\n    </Correlation>\n    <Execution ProcessID=\"1732\" ThreadID=\"4840\">\n    </Execution>\n    <Channel>Microsoft-Windows-Sysmon/Operational</Channel>\n    <Computer>fs01.offsec.lan</Computer>\n    <Security UserID=\"S-1-5-18\">\n    </Security>\n  </System>\n  <EventData>\n    <Data Name=\"RuleName\">technique_id=T1047,technique_name=Windows Management Instrumentation</Data>\n    <Data Name=\"EventType\">WmiConsumerEvent</Data>\n    <Data Name=\"UtcTime\">2021-06-09 19:29:58.224</Data>\n    <Data Name=\"Operation\">Created</Data>\n    <Data Name=\"User\">OFFSEC\\admmig</Data>\n    <Data Name=\"Name\"> \"Evil\"</Data>\n    <Data Name=\"Type\">Command Line</Data>\n    <Data Name=\"Destination\"> \"cmd.exe /c echo %ProcessId% &gt;&gt; c:\\\\\\\\temp\\\\\\\\log.txt\"</Data>\n  </EventData>\n</Event>\n",
  "json": "{\"Event\":{\"#attributes\":{\"xmlns\":\"http://schemas.microsoft.com/win/2004/08/events/event\"},\"System\":{\"Provider\":{\"#attributes\":{\"Name\":\"Microsoft-Windows-Sysmon\",\"Guid\":\"5770385F-C22A-43E0-BF4C-06F5698FFBD9\"}},\"EventID\":20,\"Version\":3,\"Level\":4,\"Task\":20,\"Opcode\":0,\"Keywords\":\"0x8000000000000000\",\"TimeCreated\":{\"#attributes\":{\"SystemTime\":\"2021-06-09T19:29:58.239843Z\"}},\"EventRecordID\":49256,\"Correlation\":null,\"Execution\":{\"#attributes\":{\"ProcessID\":1732,\"ThreadID\":4840}},\"Channel\":\"Microsoft-Windows-Sysmon/Operational\",\"Computer\":\"fs01.offsec.lan\",\"Security\":{\"#attributes\":{\"UserID\":\"S-1-5-18\"}}},\"EventData\":{\"RuleName\":\"technique_id=T1047,technique_name=Windows Management Instrumentation\",\"EventType\":\"WmiConsumerEvent\",\"UtcTime\":\"2021-06-09 19:29:58.224\",\"Operation\":\"Created\",\"User\":\"OFFSEC\\\\admmig\",\"Name\":\" \\\"Evil\\\"\",\"Type\":\"Command Line\",\"Destination\":\" \\\"cmd.exe /c echo %ProcessId% >> c:\\\\\\\\\\\\\\\\temp\\\\\\\\\\\\\\\\log.txt\\\"\"}}}",
  "xml_fields": {
    "provider": "Microsoft-Windows-Sysmon",
    "event_id": "20",
    "timestamp": "2021-06-09T19:29:58.239843Z",
    "event_record_id": "49256",
    "level": "4",
    "task": "20",
    "opcode": "0",
    "keywords": "0x8000000000000000",
    "channel": "Microsoft-Windows-Sysmon/Operational",
    "computer": "fs01.offsec.lan",
    "RuleName": "technique_id=T1047,technique_name=Windows Management Instrumentation",
    "EventType": "WmiConsumerEvent",
    "UtcTime": "2021-06-09 19:29:58.224",
    "Operation": "Created",
    "User": "OFFSEC\\admmig",
    "Name": " \"Evil\"",
    "Type": "Command Line",
    "Destination": " \"cmd.exe /c echo %ProcessId% >> c:\\\\\\\\temp\\\\\\\\log.txt\""
  },
  "json_fields": {
    "provider": "Microsoft-Windows-Sysmon",
    "channel": "Microsoft-Windows-Sysmon/Operational",
    "event_id": "20",
    "timestamp": "2021-06-09T19:29:58.239843Z",
    "event_record_id": "49256",
    "level": "4",
    "task": "20",
    "opcode": "0",
    "keywords": "0x8000000000000000",
    "computer": "fs01.offsec.lan",
    "RuleName": "technique_id=T1047,technique_name=Windows Management Instrumentation",
    "EventType": "WmiConsumerEvent",
    "UtcTime": "2021-06-09 19:29:58.224",
    "Operation": "Created",
    "User": "OFFSEC\\admmig",
    "Name": " \"Evil\"",
    "Type": "Command Line",
    "Destination": " \"cmd.exe /c echo %ProcessId% >> c:\\\\\\\\temp\\\\\\\\log.txt\""
  }
}