{
  "event_id": "20",
  "provider": "Microsoft-Windows-WindowsUpdateClient",
  "channel": "System",
  "source_file": "D:\\visual code file\\Project_4\\Event-Analyzer\\test\\Benign\\Logs_Win11\\System.evtx",
  "event_record_id": 336,
  "xml": "<?xml version=\"1.0\" encoding=\"utf-8\"?>\n<Event xmlns=\"http://schemas.microsoft.com/win/2004/08/events/event\">\n  <System>\n    <Provider Name=\"Microsoft-Windows-WindowsUpdateClient\" Guid=\"945A8954-C147-4ACD-923F-40C45405A658\">\n    </Provider>\n    <EventID>20</EventID>\n    <Version>1</Version>\n    <Level>2</Level>\n    <Task>1</Task>\n    <Opcode>13</Opcode>\n    <Keywords>0x8000000000000028</Keywords>\n    <TimeCreated SystemTime=\"2022-03-01T18:50:14.562226Z\">\n    </TimeCreated>\n    <EventRecordID>336</EventRecordID>\n    <Correlation ActivityID=\"7F58167F-2D8B-0006-CB9F-587F8B2DD801\">\n    </Correlation>\n    <Execution ProcessID=\"3748\" ThreadID=\"8752\">\n    </Execution>\n    <Channel>System</Channel>\n    <Computer>DESKTOP-6D0DBMB</Computer>\n    <Security UserID=\"S-1-5-18\">\n    </Security>\n  </System>\n  <EventData>\n    <Data Name=\"errorCode\">0x80073d02</Data>\n    <Data Name=\"updateTitle\">9WZDNCRFJBH4-Microsoft.Windows.Photos</Data>\n    <Data Name=\"updateGuid\">6CE0FD31-E410-43E3-AACA-EDD43C217639</Data>\n    <Data Name=\"updateRevisionNumber\">1</Data>\n    <Data Name=\"serviceGuid\">855E8A7C-ECB4-4CA3-B045-1DFA50104289</Data>\n  </EventData>\n</Event>\n",
  "json": "{\"Event\":{\"#attributes\":{\"xmlns\":\"http://schemas.microsoft.com/win/2004/08/events/event\"},\"System\":{\"Provider\":{\"#attributes\":{\"Name\":\"Microsoft-Windows-WindowsUpdateClient\",\"Guid\":\"945A8954-C147-4ACD-923F-40C45405A658\"}},\"EventID\":20,\"Version\":1,\"Level\":2,\"Task\":1,\"Opcode\":13,\"Keywords\":\"0x8000000000000028\",\"TimeCreated\":{\"#attributes\":{\"SystemTime\":\"2022-03-01T18:50:14.562226Z\"}},\"EventRecordID\":336,\"Correlation\":{\"#attributes\":{\"ActivityID\":\"7F58167F-2D8B-0006-CB9F-587F8B2DD801\"}},\"Execution\":{\"#attributes\":{\"ProcessID\":3748,\"ThreadID\":8752}},\"Channel\":\"System\",\"Computer\":\"DESKTOP-6D0DBMB\",\"Security\":{\"#attributes\":{\"UserID\":\"S-1-5-18\"}}},\"EventData\":{\"errorCode\":\"0x80073d02\",\"updateTitle\":\"9WZDNCRFJBH4-Microsoft.Windows.Photos\",\"updateGuid\":\"6CE0FD31-E410-43E3-AACA-EDD43C217639\",\"updateRevisionNumber\":1,\"serviceGuid\":\"855E8A7C-ECB4-4CA3-B045-1DFA50104289\"}}}",
  "xml_fields": {
    "provider": "Microsoft-Windows-WindowsUpdateClient",
    "event_id": "20",
    "timestamp": "2022-03-01T18:50:14.562226Z",
    "event_record_id": "336",
    "level": "2",
    "task": "1",
    "opcode": "13",
    "keywords": "0x8000000000000028",
    "channel": "System",
    "computer": "DESKTOP-6D0DBMB",
    "errorCode": "0x80073d02",
    "updateTitle": "9WZDNCRFJBH4-Microsoft.Windows.Photos",
    "updateGuid": "6CE0FD31-E410-43E3-AACA-EDD43C217639",
    "updateRevisionNumber": "1",
    "serviceGuid": "855E8A7C-ECB4-4CA3-B045-1DFA50104289"
  },
  "json_fields": {
    "provider": "Microsoft-Windows-WindowsUpdateClient",
    "channel": "System",
    "event_id": "20",
    "timestamp": "2022-03-01T18:50:14.562226Z",
    "event_record_id": "336",
    "level": "2",
    "task": "1",
    "opcode": "13",
    "keywords": "0x8000000000000028",
    "computer": "DESKTOP-6D0DBMB",
    "errorCode": "0x80073d02",
    "updateTitle": "9WZDNCRFJBH4-Microsoft.Windows.Photos",
    "updateGuid": "6CE0FD31-E410-43E3-AACA-EDD43C217639",
    "updateRevisionNumber": "1",
    "serviceGuid": "855E8A7C-ECB4-4CA3-B045-1DFA50104289"
  }
}