{
  "event_id": "20",
  "provider": "Microsoft-Windows-Provisioning-Diagnostics-Provider",
  "channel": "Microsoft-Windows-Provisioning-Diagnostics-Provider/Admin",
  "source_file": "D:\\visual code file\\Project_4\\Event-Analyzer\\test\\Logs\\Microsoft-Windows-Provisioning-Diagnostics-Provider%4Admin.evtx",
  "event_record_id": 3,
  "xml": "<?xml version=\"1.0\" encoding=\"utf-8\"?>\n<Event xmlns=\"http://schemas.microsoft.com/win/2004/08/events/event\">\n  <System>\n    <Provider Name=\"Microsoft-Windows-Provisioning-Diagnostics-Provider\" Guid=\"ED8B9BD3-F66E-4FF2-B86B-75C7925F72A9\">\n    </Provider>\n    <EventID>20</EventID>\n    <Version>0</Version>\n    <Level>4</Level>\n    <Task>0</Task>\n    <Opcode>0</Opcode>\n    <Keywords>0x8000000000000000</Keywords>\n    <TimeCreated SystemTime=\"2024-11-04T12:54:36.291296Z\">\n    </TimeCreated>\n    <EventRecordID>3</EventRecordID>\n    <Correlation>\n    </Correlation>\n    <Execution ProcessID=\"948\" ThreadID=\"4708\">\n    </Execution>\n    <Channel>Microsoft-Windows-Provisioning-Diagnostics-Provider/Admin</Channel>\n    <Computer>DESKTOP-P9H5FTA</Computer>\n    <Security UserID=\"S-1-5-18\">\n    </Security>\n  </System>\n  <EventData>\n    <Data Name=\"Message1\">Power.EnergyEstimationEngine.Control.ppkg</Data>\n    <Data Name=\"Message2\">{1e05dd5d-a022-46c5-963c-b20de341170f}</Data>\n  </EventData>\n</Event>\n",
  "json": "{\"Event\":{\"#attributes\":{\"xmlns\":\"http://schemas.microsoft.com/win/2004/08/events/event\"},\"System\":{\"Provider\":{\"#attributes\":{\"Name\":\"Microsoft-Windows-Provisioning-Diagnostics-Provider\",\"Guid\":\"ED8B9BD3-F66E-4FF2-B86B-75C7925F72A9\"}},\"EventID\":20,\"Version\":0,\"Level\":4,\"Task\":0,\"Opcode\":0,\"Keywords\":\"0x8000000000000000\",\"TimeCreated\":{\"#attributes\":{\"SystemTime\":\"2024-11-04T12:54:36.291296Z\"}},\"EventRecordID\":3,\"Correlation\":null,\"Execution\":{\"#attributes\":{\"ProcessID\":948,\"ThreadID\":4708}},\"Channel\":\"Microsoft-Windows-Provisioning-Diagnostics-Provider/Admin\",\"Computer\":\"DESKTOP-P9H5FTA\",\"Security\":{\"#attributes\":{\"UserID\":\"S-1-5-18\"}}},\"EventData\":{\"Message1\":\"Power.EnergyEstimationEngine.Control.ppkg\",\"Message2\":\"{1e05dd5d-a022-46c5-963c-b20de341170f}\"}}}",
  "xml_fields": {
    "provider": "Microsoft-Windows-Provisioning-Diagnostics-Provider",
    "event_id": "20",
    "timestamp": "2024-11-04T12:54:36.291296Z",
    "event_record_id": "3",
    "level": "4",
    "task": "0",
    "opcode": "0",
    "keywords": "0x8000000000000000",
    "channel": "Microsoft-Windows-Provisioning-Diagnostics-Provider/Admin",
    "computer": "DESKTOP-P9H5FTA",
    "Message1": "Power.EnergyEstimationEngine.Control.ppkg",
    "Message2": "{1e05dd5d-a022-46c5-963c-b20de341170f}"
  },
  "json_fields": {
    "provider": "Microsoft-Windows-Provisioning-Diagnostics-Provider",
    "channel": "Microsoft-Windows-Provisioning-Diagnostics-Provider/Admin",
    "event_id": "20",
    "timestamp": "2024-11-04T12:54:36.291296Z",
    "event_record_id": "3",
    "level": "4",
    "task": "0",
    "opcode": "0",
    "keywords": "0x8000000000000000",
    "computer": "DESKTOP-P9H5FTA",
    "Message1": "Power.EnergyEstimationEngine.Control.ppkg",
    "Message2": "{1e05dd5d-a022-46c5-963c-b20de341170f}"
  }
}