{
  "event_id": "20",
  "provider": "Microsoft-Windows-Kernel-General",
  "channel": "System",
  "source_file": "D:\\visual code file\\Project_4\\Event-Analyzer\\test\\Logs\\System.evtx",
  "event_record_id": 1107,
  "xml": "<?xml version=\"1.0\" encoding=\"utf-8\"?>\n<Event xmlns=\"http://schemas.microsoft.com/win/2004/08/events/event\">\n  <System>\n    <Provider Name=\"Microsoft-Windows-Kernel-General\" Guid=\"A68CA8B7-004F-D7B6-A698-07E2DE0F1F5D\">\n    </Provider>\n    <EventID>20</EventID>\n    <Version>0</Version>\n    <Level>4</Level>\n    <Task>6</Task>\n    <Opcode>0</Opcode>\n    <Keywords>0x8000000000000010</Keywords>\n    <TimeCreated SystemTime=\"2025-01-24T10:49:58.504223Z\">\n    </TimeCreated>\n    <EventRecordID>1107</EventRecordID>\n    <Correlation>\n    </Correlation>\n    <Execution ProcessID=\"4\" ThreadID=\"8\">\n    </Execution>\n    <Channel>System</Channel>\n    <Computer>CTO-FILESVR</Computer>\n    <Security UserID=\"S-1-5-18\">\n    </Security>\n  </System>\n  <EventData>\n    <Data Name=\"UpdateReason\">0</Data>\n    <Data Name=\"EnabledNew\">true</Data>\n    <Data Name=\"CountNew\">0</Data>\n    <Data Name=\"CountOld\">0</Data>\n  </EventData>\n</Event>\n",
  "json": "{\"Event\":{\"#attributes\":{\"xmlns\":\"http://schemas.microsoft.com/win/2004/08/events/event\"},\"System\":{\"Provider\":{\"#attributes\":{\"Name\":\"Microsoft-Windows-Kernel-General\",\"Guid\":\"A68CA8B7-004F-D7B6-A698-07E2DE0F1F5D\"}},\"EventID\":20,\"Version\":0,\"Level\":4,\"Task\":6,\"Opcode\":0,\"Keywords\":\"0x8000000000000010\",\"TimeCreated\":{\"#attributes\":{\"SystemTime\":\"2025-01-24T10:49:58.504223Z\"}},\"EventRecordID\":1107,\"Correlation\":null,\"Execution\":{\"#attributes\":{\"ProcessID\":4,\"ThreadID\":8}},\"Channel\":\"System\",\"Computer\":\"CTO-FILESVR\",\"Security\":{\"#attributes\":{\"UserID\":\"S-1-5-18\"}}},\"EventData\":{\"UpdateReason\":0,\"EnabledNew\":true,\"CountNew\":0,\"CountOld\":0}}}",
  "xml_fields": {
    "provider": "Microsoft-Windows-Kernel-General",
    "event_id": "20",
    "timestamp": "2025-01-24T10:49:58.504223Z",
    "event_record_id": "1107",
    "level": "4",
    "task": "6",
    "opcode": "0",
    "keywords": "0x8000000000000010",
    "channel": "System",
    "computer": "CTO-FILESVR",
    "UpdateReason": "0",
    "EnabledNew": "true",
    "CountNew": "0",
    "CountOld": "0"
  },
  "json_fields": {
    "provider": "Microsoft-Windows-Kernel-General",
    "channel": "System",
    "event_id": "20",
    "timestamp": "2025-01-24T10:49:58.504223Z",
    "event_record_id": "1107",
    "level": "4",
    "task": "6",
    "opcode": "0",
    "keywords": "0x8000000000000010",
    "computer": "CTO-FILESVR",
    "UpdateReason": "0",
    "EnabledNew": "True",
    "CountNew": "0",
    "CountOld": "0"
  }
}