{
  "event_id": "212",
  "provider": "Microsoft-Windows-WinRM",
  "channel": "Microsoft-Windows-WinRM/Operational",
  "source_file": "D:\\visual code file\\Project_4\\Event-Analyzer\\test\\Benign\\win2022-0-20348-azure\\Microsoft-Windows-WinRM%4Operational.evtx",
  "event_record_id": 4,
  "xml": "<?xml version=\"1.0\" encoding=\"utf-8\"?>\n<Event xmlns=\"http://schemas.microsoft.com/win/2004/08/events/event\">\n  <System>\n    <Provider Name=\"Microsoft-Windows-WinRM\" Guid=\"A7975C8F-AC13-49F1-87DA-5A984A4AB417\">\n    </Provider>\n    <EventID>212</EventID>\n    <Version>0</Version>\n    <Level>4</Level>\n    <Task>11</Task>\n    <Opcode>2</Opcode>\n    <Keywords>0x4000000000000004</Keywords>\n    <TimeCreated SystemTime=\"2022-09-08T21:01:23.441896Z\">\n    </TimeCreated>\n    <EventRecordID>4</EventRecordID>\n    <Correlation ActivityID=\"04049217-C3C6-0000-B597-0404C6C3D801\">\n    </Correlation>\n    <Execution ProcessID=\"2328\" ThreadID=\"2560\">\n    </Execution>\n    <Channel>Microsoft-Windows-WinRM/Operational</Channel>\n    <Computer>WIN-06FB45IHQ35</Computer>\n    <Security UserID=\"S-1-5-20\">\n    </Security>\n  </System>\n  <EventData>\n  </EventData>\n</Event>\n",
  "json": "{\"Event\":{\"#attributes\":{\"xmlns\":\"http://schemas.microsoft.com/win/2004/08/events/event\"},\"System\":{\"Provider\":{\"#attributes\":{\"Name\":\"Microsoft-Windows-WinRM\",\"Guid\":\"A7975C8F-AC13-49F1-87DA-5A984A4AB417\"}},\"EventID\":212,\"Version\":0,\"Level\":4,\"Task\":11,\"Opcode\":2,\"Keywords\":\"0x4000000000000004\",\"TimeCreated\":{\"#attributes\":{\"SystemTime\":\"2022-09-08T21:01:23.441896Z\"}},\"EventRecordID\":4,\"Correlation\":{\"#attributes\":{\"ActivityID\":\"04049217-C3C6-0000-B597-0404C6C3D801\"}},\"Execution\":{\"#attributes\":{\"ProcessID\":2328,\"ThreadID\":2560}},\"Channel\":\"Microsoft-Windows-WinRM/Operational\",\"Computer\":\"WIN-06FB45IHQ35\",\"Security\":{\"#attributes\":{\"UserID\":\"S-1-5-20\"}}},\"EventData\":null}}",
  "xml_fields": {
    "provider": "Microsoft-Windows-WinRM",
    "event_id": "212",
    "timestamp": "2022-09-08T21:01:23.441896Z",
    "event_record_id": "4",
    "level": "4",
    "task": "11",
    "opcode": "2",
    "keywords": "0x4000000000000004",
    "channel": "Microsoft-Windows-WinRM/Operational",
    "computer": "WIN-06FB45IHQ35"
  },
  "json_fields": {
    "provider": "Microsoft-Windows-WinRM",
    "channel": "Microsoft-Windows-WinRM/Operational",
    "event_id": "212",
    "timestamp": "2022-09-08T21:01:23.441896Z",
    "event_record_id": "4",
    "level": "4",
    "task": "11",
    "opcode": "2",
    "keywords": "0x4000000000000004",
    "computer": "WIN-06FB45IHQ35"
  }
}