{
  "event_id": "213",
  "provider": "Microsoft-Windows-AppReadiness",
  "channel": "Microsoft-Windows-AppReadiness/Admin",
  "source_file": "D:\\visual code file\\Project_4\\Event-Analyzer\\test\\Logs\\Microsoft-Windows-AppReadiness%4Admin.evtx",
  "event_record_id": 28,
  "xml": "<?xml version=\"1.0\" encoding=\"utf-8\"?>\n<Event xmlns=\"http://schemas.microsoft.com/win/2004/08/events/event\">\n  <System>\n    <Provider Name=\"Microsoft-Windows-AppReadiness\" Guid=\"F0BE35F8-237B-4814-86B5-ADE51192E503\">\n    </Provider>\n    <EventID>213</EventID>\n    <Version>0</Version>\n    <Level>4</Level>\n    <Task>1</Task>\n    <Opcode>0</Opcode>\n    <Keywords>0x8000000000000002</Keywords>\n    <TimeCreated SystemTime=\"2024-11-04T12:34:59.282936Z\">\n    </TimeCreated>\n    <EventRecordID>28</EventRecordID>\n    <Correlation>\n    </Correlation>\n    <Execution ProcessID=\"3780\" ThreadID=\"3812\">\n    </Execution>\n    <Channel>Microsoft-Windows-AppReadiness/Admin</Channel>\n    <Computer>DESKTOP-P9H5FTA</Computer>\n    <Security UserID=\"S-1-5-18\">\n    </Security>\n  </System>\n  <EventData>\n    <Data Name=\"Username\">S-1-5-21-3088055692-629932344-1786574096-1000</Data>\n    <Data Name=\"Package\">Microsoft.BioEnrollment_cw5n1h2txyewy</Data>\n    <Data Name=\"Operation\">1</Data>\n    <Data Name=\"Elapsed\">0.9844824</Data>\n  </EventData>\n</Event>\n",
  "json": "{\"Event\":{\"#attributes\":{\"xmlns\":\"http://schemas.microsoft.com/win/2004/08/events/event\"},\"System\":{\"Provider\":{\"#attributes\":{\"Name\":\"Microsoft-Windows-AppReadiness\",\"Guid\":\"F0BE35F8-237B-4814-86B5-ADE51192E503\"}},\"EventID\":213,\"Version\":0,\"Level\":4,\"Task\":1,\"Opcode\":0,\"Keywords\":\"0x8000000000000002\",\"TimeCreated\":{\"#attributes\":{\"SystemTime\":\"2024-11-04T12:34:59.282936Z\"}},\"EventRecordID\":28,\"Correlation\":null,\"Execution\":{\"#attributes\":{\"ProcessID\":3780,\"ThreadID\":3812}},\"Channel\":\"Microsoft-Windows-AppReadiness/Admin\",\"Computer\":\"DESKTOP-P9H5FTA\",\"Security\":{\"#attributes\":{\"UserID\":\"S-1-5-18\"}}},\"EventData\":{\"Username\":\"S-1-5-21-3088055692-629932344-1786574096-1000\",\"Package\":\"Microsoft.BioEnrollment_cw5n1h2txyewy\",\"Operation\":1,\"Elapsed\":\"0.9844824\"}}}",
  "xml_fields": {
    "provider": "Microsoft-Windows-AppReadiness",
    "event_id": "213",
    "timestamp": "2024-11-04T12:34:59.282936Z",
    "event_record_id": "28",
    "level": "4",
    "task": "1",
    "opcode": "0",
    "keywords": "0x8000000000000002",
    "channel": "Microsoft-Windows-AppReadiness/Admin",
    "computer": "DESKTOP-P9H5FTA",
    "Username": "S-1-5-21-3088055692-629932344-1786574096-1000",
    "Package": "Microsoft.BioEnrollment_cw5n1h2txyewy",
    "Operation": "1",
    "Elapsed": "0.9844824"
  },
  "json_fields": {
    "provider": "Microsoft-Windows-AppReadiness",
    "channel": "Microsoft-Windows-AppReadiness/Admin",
    "event_id": "213",
    "timestamp": "2024-11-04T12:34:59.282936Z",
    "event_record_id": "28",
    "level": "4",
    "task": "1",
    "opcode": "0",
    "keywords": "0x8000000000000002",
    "computer": "DESKTOP-P9H5FTA",
    "Username": "S-1-5-21-3088055692-629932344-1786574096-1000",
    "Package": "Microsoft.BioEnrollment_cw5n1h2txyewy",
    "Operation": "1",
    "Elapsed": "0.9844824"
  }
}