{
  "event_id": "214",
  "provider": "Microsoft-Windows-AppReadiness",
  "channel": "Microsoft-Windows-AppReadiness/Admin",
  "source_file": "D:\\visual code file\\Project_4\\Event-Analyzer\\test\\Logs\\Microsoft-Windows-AppReadiness%4Admin.evtx",
  "event_record_id": 1225,
  "xml": "<?xml version=\"1.0\" encoding=\"utf-8\"?>\n<Event xmlns=\"http://schemas.microsoft.com/win/2004/08/events/event\">\n  <System>\n    <Provider Name=\"Microsoft-Windows-AppReadiness\" Guid=\"F0BE35F8-237B-4814-86B5-ADE51192E503\">\n    </Provider>\n    <EventID>214</EventID>\n    <Version>0</Version>\n    <Level>2</Level>\n    <Task>1</Task>\n    <Opcode>0</Opcode>\n    <Keywords>0x8000000000000002</Keywords>\n    <TimeCreated SystemTime=\"2025-01-24T10:52:57.423425Z\">\n    </TimeCreated>\n    <EventRecordID>1225</EventRecordID>\n    <Correlation>\n    </Correlation>\n    <Execution ProcessID=\"4820\" ThreadID=\"4856\">\n    </Execution>\n    <Channel>Microsoft-Windows-AppReadiness/Admin</Channel>\n    <Computer>CTO-FILESVR</Computer>\n    <Security UserID=\"S-1-5-18\">\n    </Security>\n  </System>\n  <EventData>\n    <Data Name=\"User\">S-1-5-21-3088055692-629932344-1786574096-1003</Data>\n    <Data Name=\"Package\">Microsoft.WindowsAlarms_8wekyb3d8bbwe</Data>\n    <Data Name=\"Operation\">1</Data>\n    <Data Name=\"Error\">-2147009293</Data>\n    <Data Name=\"Elapsed\">0.2032019</Data>\n  </EventData>\n</Event>\n",
  "json": "{\"Event\":{\"#attributes\":{\"xmlns\":\"http://schemas.microsoft.com/win/2004/08/events/event\"},\"System\":{\"Provider\":{\"#attributes\":{\"Name\":\"Microsoft-Windows-AppReadiness\",\"Guid\":\"F0BE35F8-237B-4814-86B5-ADE51192E503\"}},\"EventID\":214,\"Version\":0,\"Level\":2,\"Task\":1,\"Opcode\":0,\"Keywords\":\"0x8000000000000002\",\"TimeCreated\":{\"#attributes\":{\"SystemTime\":\"2025-01-24T10:52:57.423425Z\"}},\"EventRecordID\":1225,\"Correlation\":null,\"Execution\":{\"#attributes\":{\"ProcessID\":4820,\"ThreadID\":4856}},\"Channel\":\"Microsoft-Windows-AppReadiness/Admin\",\"Computer\":\"CTO-FILESVR\",\"Security\":{\"#attributes\":{\"UserID\":\"S-1-5-18\"}}},\"EventData\":{\"User\":\"S-1-5-21-3088055692-629932344-1786574096-1003\",\"Package\":\"Microsoft.WindowsAlarms_8wekyb3d8bbwe\",\"Operation\":1,\"Error\":-2147009293,\"Elapsed\":\"0.2032019\"}}}",
  "xml_fields": {
    "provider": "Microsoft-Windows-AppReadiness",
    "event_id": "214",
    "timestamp": "2025-01-24T10:52:57.423425Z",
    "event_record_id": "1225",
    "level": "2",
    "task": "1",
    "opcode": "0",
    "keywords": "0x8000000000000002",
    "channel": "Microsoft-Windows-AppReadiness/Admin",
    "computer": "CTO-FILESVR",
    "User": "S-1-5-21-3088055692-629932344-1786574096-1003",
    "Package": "Microsoft.WindowsAlarms_8wekyb3d8bbwe",
    "Operation": "1",
    "Error": "-2147009293",
    "Elapsed": "0.2032019"
  },
  "json_fields": {
    "provider": "Microsoft-Windows-AppReadiness",
    "channel": "Microsoft-Windows-AppReadiness/Admin",
    "event_id": "214",
    "timestamp": "2025-01-24T10:52:57.423425Z",
    "event_record_id": "1225",
    "level": "2",
    "task": "1",
    "opcode": "0",
    "keywords": "0x8000000000000002",
    "computer": "CTO-FILESVR",
    "User": "S-1-5-21-3088055692-629932344-1786574096-1003",
    "Package": "Microsoft.WindowsAlarms_8wekyb3d8bbwe",
    "Operation": "1",
    "Error": "-2147009293",
    "Elapsed": "0.2032019"
  }
}