{
  "event_id": "214",
  "provider": "Microsoft-Windows-StateRepository",
  "channel": "Microsoft-Windows-StateRepository/Operational",
  "source_file": "D:\\visual code file\\Project_4\\Event-Analyzer\\test\\Benign\\Logs_Win11_2023\\Microsoft-Windows-StateRepository%4Operational.evtx",
  "event_record_id": 1166,
  "xml": "<?xml version=\"1.0\" encoding=\"utf-8\"?>\n<Event xmlns=\"http://schemas.microsoft.com/win/2004/08/events/event\">\n  <System>\n    <Provider Name=\"Microsoft-Windows-StateRepository\" Guid=\"89592015-D996-4636-8F61-066B5D4DD739\">\n    </Provider>\n    <EventID>214</EventID>\n    <Version>0</Version>\n    <Level>3</Level>\n    <Task>2</Task>\n    <Opcode>0</Opcode>\n    <Keywords>0x4000000000000001</Keywords>\n    <TimeCreated SystemTime=\"2023-10-25T22:55:19.200341Z\">\n    </TimeCreated>\n    <EventRecordID>1166</EventRecordID>\n    <Correlation>\n    </Correlation>\n    <Execution ProcessID=\"2396\" ThreadID=\"6812\">\n    </Execution>\n    <Channel>Microsoft-Windows-StateRepository/Operational</Channel>\n    <Computer>WinDevEval</Computer>\n    <Security UserID=\"S-1-5-18\">\n    </Security>\n  </System>\n  <EventData>\n    <Data Name=\"Options\">0x1</Data>\n    <Data Name=\"ProcessId\">4544</Data>\n  </EventData>\n</Event>\n",
  "json": "{\"Event\":{\"#attributes\":{\"xmlns\":\"http://schemas.microsoft.com/win/2004/08/events/event\"},\"System\":{\"Provider\":{\"#attributes\":{\"Name\":\"Microsoft-Windows-StateRepository\",\"Guid\":\"89592015-D996-4636-8F61-066B5D4DD739\"}},\"EventID\":214,\"Version\":0,\"Level\":3,\"Task\":2,\"Opcode\":0,\"Keywords\":\"0x4000000000000001\",\"TimeCreated\":{\"#attributes\":{\"SystemTime\":\"2023-10-25T22:55:19.200341Z\"}},\"EventRecordID\":1166,\"Correlation\":null,\"Execution\":{\"#attributes\":{\"ProcessID\":2396,\"ThreadID\":6812}},\"Channel\":\"Microsoft-Windows-StateRepository/Operational\",\"Computer\":\"WinDevEval\",\"Security\":{\"#attributes\":{\"UserID\":\"S-1-5-18\"}}},\"EventData\":{\"Options\":\"0x1\",\"ProcessId\":4544}}}",
  "xml_fields": {
    "provider": "Microsoft-Windows-StateRepository",
    "event_id": "214",
    "timestamp": "2023-10-25T22:55:19.200341Z",
    "event_record_id": "1166",
    "level": "3",
    "task": "2",
    "opcode": "0",
    "keywords": "0x4000000000000001",
    "channel": "Microsoft-Windows-StateRepository/Operational",
    "computer": "WinDevEval",
    "Options": "0x1",
    "ProcessId": "4544"
  },
  "json_fields": {
    "provider": "Microsoft-Windows-StateRepository",
    "channel": "Microsoft-Windows-StateRepository/Operational",
    "event_id": "214",
    "timestamp": "2023-10-25T22:55:19.200341Z",
    "event_record_id": "1166",
    "level": "3",
    "task": "2",
    "opcode": "0",
    "keywords": "0x4000000000000001",
    "computer": "WinDevEval",
    "Options": "0x1",
    "ProcessId": "4544"
  }
}