{
  "event_id": "2151",
  "provider": "Microsoft-Windows-ShellCommon-StartLayoutPopulation",
  "channel": "Microsoft-Windows-ShellCommon-StartLayoutPopulation/Operational",
  "source_file": "D:\\visual code file\\Project_4\\Event-Analyzer\\test\\Logs\\Microsoft-Windows-ShellCommon-StartLayoutPopulation%4Operational.evtx",
  "event_record_id": 174,
  "xml": "<?xml version=\"1.0\" encoding=\"utf-8\"?>\n<Event xmlns=\"http://schemas.microsoft.com/win/2004/08/events/event\">\n  <System>\n    <Provider Name=\"Microsoft-Windows-ShellCommon-StartLayoutPopulation\" Guid=\"97CA8142-10B1-4BAA-9FBB-70A7D11231C3\">\n    </Provider>\n    <EventID>2151</EventID>\n    <Version>0</Version>\n    <Level>4</Level>\n    <Task>3002</Task>\n    <Opcode>0</Opcode>\n    <Keywords>0x4000000000000000</Keywords>\n    <TimeCreated SystemTime=\"2025-01-06T12:47:50.660753Z\">\n    </TimeCreated>\n    <EventRecordID>174</EventRecordID>\n    <Correlation>\n    </Correlation>\n    <Execution ProcessID=\"7492\" ThreadID=\"6516\">\n    </Execution>\n    <Channel>Microsoft-Windows-ShellCommon-StartLayoutPopulation/Operational</Channel>\n    <Computer>cyberjunkie-test</Computer>\n    <Security UserID=\"S-1-5-21-3088055692-629932344-1786574096-1002\">\n    </Security>\n  </System>\n  <EventData>\n    <Data Name=\"value\">C:\\Users\\cyberjunkie\\AppData\\Local\\PlaceholderTileLogoFolder\\9NJ46SX7X90P\\150X150.png</Data>\n  </EventData>\n</Event>\n",
  "json": "{\"Event\":{\"#attributes\":{\"xmlns\":\"http://schemas.microsoft.com/win/2004/08/events/event\"},\"System\":{\"Provider\":{\"#attributes\":{\"Name\":\"Microsoft-Windows-ShellCommon-StartLayoutPopulation\",\"Guid\":\"97CA8142-10B1-4BAA-9FBB-70A7D11231C3\"}},\"EventID\":2151,\"Version\":0,\"Level\":4,\"Task\":3002,\"Opcode\":0,\"Keywords\":\"0x4000000000000000\",\"TimeCreated\":{\"#attributes\":{\"SystemTime\":\"2025-01-06T12:47:50.660753Z\"}},\"EventRecordID\":174,\"Correlation\":null,\"Execution\":{\"#attributes\":{\"ProcessID\":7492,\"ThreadID\":6516}},\"Channel\":\"Microsoft-Windows-ShellCommon-StartLayoutPopulation/Operational\",\"Computer\":\"cyberjunkie-test\",\"Security\":{\"#attributes\":{\"UserID\":\"S-1-5-21-3088055692-629932344-1786574096-1002\"}}},\"EventData\":{\"value\":\"C:\\\\Users\\\\cyberjunkie\\\\AppData\\\\Local\\\\PlaceholderTileLogoFolder\\\\9NJ46SX7X90P\\\\150X150.png\"}}}",
  "xml_fields": {
    "provider": "Microsoft-Windows-ShellCommon-StartLayoutPopulation",
    "event_id": "2151",
    "timestamp": "2025-01-06T12:47:50.660753Z",
    "event_record_id": "174",
    "level": "4",
    "task": "3002",
    "opcode": "0",
    "keywords": "0x4000000000000000",
    "channel": "Microsoft-Windows-ShellCommon-StartLayoutPopulation/Operational",
    "computer": "cyberjunkie-test",
    "value": "C:\\Users\\cyberjunkie\\AppData\\Local\\PlaceholderTileLogoFolder\\9NJ46SX7X90P\\150X150.png"
  },
  "json_fields": {
    "provider": "Microsoft-Windows-ShellCommon-StartLayoutPopulation",
    "channel": "Microsoft-Windows-ShellCommon-StartLayoutPopulation/Operational",
    "event_id": "2151",
    "timestamp": "2025-01-06T12:47:50.660753Z",
    "event_record_id": "174",
    "level": "4",
    "task": "3002",
    "opcode": "0",
    "keywords": "0x4000000000000000",
    "computer": "cyberjunkie-test",
    "value": "C:\\Users\\cyberjunkie\\AppData\\Local\\PlaceholderTileLogoFolder\\9NJ46SX7X90P\\150X150.png"
  }
}