{
  "event_id": "215",
  "provider": "Microsoft-Windows-AppReadiness",
  "channel": "Microsoft-Windows-AppReadiness/Admin",
  "source_file": "D:\\visual code file\\Project_4\\Event-Analyzer\\test\\Benign\\Logs_Win11\\Microsoft-Windows-AppReadiness%4Admin.evtx",
  "event_record_id": 11,
  "xml": "<?xml version=\"1.0\" encoding=\"utf-8\"?>\n<Event xmlns=\"http://schemas.microsoft.com/win/2004/08/events/event\">\n  <System>\n    <Provider Name=\"Microsoft-Windows-AppReadiness\" Guid=\"F0BE35F8-237B-4814-86B5-ADE51192E503\">\n    </Provider>\n    <EventID>215</EventID>\n    <Version>0</Version>\n    <Level>2</Level>\n    <Task>1</Task>\n    <Opcode>0</Opcode>\n    <Keywords>0x8000000000000002</Keywords>\n    <TimeCreated SystemTime=\"2022-03-01T16:43:50.075431Z\">\n    </TimeCreated>\n    <EventRecordID>11</EventRecordID>\n    <Correlation>\n    </Correlation>\n    <Execution ProcessID=\"3916\" ThreadID=\"3992\">\n    </Execution>\n    <Channel>Microsoft-Windows-AppReadiness/Admin</Channel>\n    <Computer>DESKTOP-6D0DBMB</Computer>\n    <Security UserID=\"S-1-5-18\">\n    </Security>\n  </System>\n  <EventData>\n    <Data Name=\"Username\">S-1-5-18</Data>\n    <Data Name=\"Task\">ART:AppxPreRegistration</Data>\n    <Data Name=\"Error\">-2147023559</Data>\n    <Data Name=\"Elapsed\">0.2968662</Data>\n  </EventData>\n</Event>\n",
  "json": "{\"Event\":{\"#attributes\":{\"xmlns\":\"http://schemas.microsoft.com/win/2004/08/events/event\"},\"System\":{\"Provider\":{\"#attributes\":{\"Name\":\"Microsoft-Windows-AppReadiness\",\"Guid\":\"F0BE35F8-237B-4814-86B5-ADE51192E503\"}},\"EventID\":215,\"Version\":0,\"Level\":2,\"Task\":1,\"Opcode\":0,\"Keywords\":\"0x8000000000000002\",\"TimeCreated\":{\"#attributes\":{\"SystemTime\":\"2022-03-01T16:43:50.075431Z\"}},\"EventRecordID\":11,\"Correlation\":null,\"Execution\":{\"#attributes\":{\"ProcessID\":3916,\"ThreadID\":3992}},\"Channel\":\"Microsoft-Windows-AppReadiness/Admin\",\"Computer\":\"DESKTOP-6D0DBMB\",\"Security\":{\"#attributes\":{\"UserID\":\"S-1-5-18\"}}},\"EventData\":{\"Username\":\"S-1-5-18\",\"Task\":\"ART:AppxPreRegistration\",\"Error\":-2147023559,\"Elapsed\":\"0.2968662\"}}}",
  "xml_fields": {
    "provider": "Microsoft-Windows-AppReadiness",
    "event_id": "215",
    "timestamp": "2022-03-01T16:43:50.075431Z",
    "event_record_id": "11",
    "level": "2",
    "task": "1",
    "opcode": "0",
    "keywords": "0x8000000000000002",
    "channel": "Microsoft-Windows-AppReadiness/Admin",
    "computer": "DESKTOP-6D0DBMB",
    "Username": "S-1-5-18",
    "Task": "ART:AppxPreRegistration",
    "Error": "-2147023559",
    "Elapsed": "0.2968662"
  },
  "json_fields": {
    "provider": "Microsoft-Windows-AppReadiness",
    "channel": "Microsoft-Windows-AppReadiness/Admin",
    "event_id": "215",
    "timestamp": "2022-03-01T16:43:50.075431Z",
    "event_record_id": "11",
    "level": "2",
    "task": "1",
    "opcode": "0",
    "keywords": "0x8000000000000002",
    "computer": "DESKTOP-6D0DBMB",
    "Username": "S-1-5-18",
    "Task": "ART:AppxPreRegistration",
    "Error": "-2147023559",
    "Elapsed": "0.2968662"
  }
}