{
  "event_id": "216",
  "provider": "Microsoft-Windows-AppxPackagingOM",
  "channel": "Microsoft-Windows-AppxPackaging/Operational",
  "source_file": "D:\\visual code file\\Project_4\\Event-Analyzer\\test\\Logs\\Microsoft-Windows-AppxPackaging%4Operational.evtx",
  "event_record_id": 2013,
  "xml": "<?xml version=\"1.0\" encoding=\"utf-8\"?>\n<Event xmlns=\"http://schemas.microsoft.com/win/2004/08/events/event\">\n  <System>\n    <Provider Name=\"Microsoft-Windows-AppxPackagingOM\" Guid=\"BA723D81-0D0C-4F1E-80C8-54740F508DDF\">\n    </Provider>\n    <EventID>216</EventID>\n    <Version>0</Version>\n    <Level>3</Level>\n    <Task>4</Task>\n    <Opcode>11</Opcode>\n    <Keywords>0x8000000000000000</Keywords>\n    <TimeCreated SystemTime=\"2025-01-24T10:27:08.770956Z\">\n    </TimeCreated>\n    <EventRecordID>2013</EventRecordID>\n    <Correlation>\n    </Correlation>\n    <Execution ProcessID=\"10716\" ThreadID=\"10720\">\n    </Execution>\n    <Channel>Microsoft-Windows-AppxPackaging/Operational</Channel>\n    <Computer>CTO-FILESVR</Computer>\n    <Security UserID=\"S-1-5-21-3088055692-629932344-1786574096-1002\">\n    </Security>\n  </System>\n  <EventData>\n    <Data Name=\"namespace\">http://schemas.microsoft.com/developer/appx/2015/build</Data>\n  </EventData>\n</Event>\n",
  "json": "{\"Event\":{\"#attributes\":{\"xmlns\":\"http://schemas.microsoft.com/win/2004/08/events/event\"},\"System\":{\"Provider\":{\"#attributes\":{\"Name\":\"Microsoft-Windows-AppxPackagingOM\",\"Guid\":\"BA723D81-0D0C-4F1E-80C8-54740F508DDF\"}},\"EventID\":216,\"Version\":0,\"Level\":3,\"Task\":4,\"Opcode\":11,\"Keywords\":\"0x8000000000000000\",\"TimeCreated\":{\"#attributes\":{\"SystemTime\":\"2025-01-24T10:27:08.770956Z\"}},\"EventRecordID\":2013,\"Correlation\":null,\"Execution\":{\"#attributes\":{\"ProcessID\":10716,\"ThreadID\":10720}},\"Channel\":\"Microsoft-Windows-AppxPackaging/Operational\",\"Computer\":\"CTO-FILESVR\",\"Security\":{\"#attributes\":{\"UserID\":\"S-1-5-21-3088055692-629932344-1786574096-1002\"}}},\"EventData\":{\"namespace\":\"http://schemas.microsoft.com/developer/appx/2015/build\"}}}",
  "xml_fields": {
    "provider": "Microsoft-Windows-AppxPackagingOM",
    "event_id": "216",
    "timestamp": "2025-01-24T10:27:08.770956Z",
    "event_record_id": "2013",
    "level": "3",
    "task": "4",
    "opcode": "11",
    "keywords": "0x8000000000000000",
    "channel": "Microsoft-Windows-AppxPackaging/Operational",
    "computer": "CTO-FILESVR",
    "namespace": "http://schemas.microsoft.com/developer/appx/2015/build"
  },
  "json_fields": {
    "provider": "Microsoft-Windows-AppxPackagingOM",
    "channel": "Microsoft-Windows-AppxPackaging/Operational",
    "event_id": "216",
    "timestamp": "2025-01-24T10:27:08.770956Z",
    "event_record_id": "2013",
    "level": "3",
    "task": "4",
    "opcode": "11",
    "keywords": "0x8000000000000000",
    "computer": "CTO-FILESVR",
    "namespace": "http://schemas.microsoft.com/developer/appx/2015/build"
  }
}