{
  "event_id": "216",
  "provider": "Microsoft-Windows-AppReadiness",
  "channel": "Microsoft-Windows-AppReadiness/Admin",
  "source_file": "D:\\visual code file\\Project_4\\Event-Analyzer\\test\\Logs\\Microsoft-Windows-AppReadiness%4Admin.evtx",
  "event_record_id": 60,
  "xml": "<?xml version=\"1.0\" encoding=\"utf-8\"?>\n<Event xmlns=\"http://schemas.microsoft.com/win/2004/08/events/event\">\n  <System>\n    <Provider Name=\"Microsoft-Windows-AppReadiness\" Guid=\"F0BE35F8-237B-4814-86B5-ADE51192E503\">\n    </Provider>\n    <EventID>216</EventID>\n    <Version>0</Version>\n    <Level>4</Level>\n    <Task>1</Task>\n    <Opcode>0</Opcode>\n    <Keywords>0x8000000000000002</Keywords>\n    <TimeCreated SystemTime=\"2024-11-04T12:40:16.470186Z\">\n    </TimeCreated>\n    <EventRecordID>60</EventRecordID>\n    <Correlation>\n    </Correlation>\n    <Execution ProcessID=\"3984\" ThreadID=\"4028\">\n    </Execution>\n    <Channel>Microsoft-Windows-AppReadiness/Admin</Channel>\n    <Computer>DESKTOP-P9H5FTA</Computer>\n    <Security UserID=\"S-1-5-18\">\n    </Security>\n  </System>\n  <EventData>\n    <Data Name=\"User\">S-1-5-21-3088055692-629932344-1786574096-1000</Data>\n    <Data Name=\"ResumeAt\">2024-11-04T04:40:46.468000Z</Data>\n  </EventData>\n</Event>\n",
  "json": "{\"Event\":{\"#attributes\":{\"xmlns\":\"http://schemas.microsoft.com/win/2004/08/events/event\"},\"System\":{\"Provider\":{\"#attributes\":{\"Name\":\"Microsoft-Windows-AppReadiness\",\"Guid\":\"F0BE35F8-237B-4814-86B5-ADE51192E503\"}},\"EventID\":216,\"Version\":0,\"Level\":4,\"Task\":1,\"Opcode\":0,\"Keywords\":\"0x8000000000000002\",\"TimeCreated\":{\"#attributes\":{\"SystemTime\":\"2024-11-04T12:40:16.470186Z\"}},\"EventRecordID\":60,\"Correlation\":null,\"Execution\":{\"#attributes\":{\"ProcessID\":3984,\"ThreadID\":4028}},\"Channel\":\"Microsoft-Windows-AppReadiness/Admin\",\"Computer\":\"DESKTOP-P9H5FTA\",\"Security\":{\"#attributes\":{\"UserID\":\"S-1-5-18\"}}},\"EventData\":{\"User\":\"S-1-5-21-3088055692-629932344-1786574096-1000\",\"ResumeAt\":\"2024-11-04T04:40:46.468000Z\"}}}",
  "xml_fields": {
    "provider": "Microsoft-Windows-AppReadiness",
    "event_id": "216",
    "timestamp": "2024-11-04T12:40:16.470186Z",
    "event_record_id": "60",
    "level": "4",
    "task": "1",
    "opcode": "0",
    "keywords": "0x8000000000000002",
    "channel": "Microsoft-Windows-AppReadiness/Admin",
    "computer": "DESKTOP-P9H5FTA",
    "User": "S-1-5-21-3088055692-629932344-1786574096-1000",
    "ResumeAt": "2024-11-04T04:40:46.468000Z"
  },
  "json_fields": {
    "provider": "Microsoft-Windows-AppReadiness",
    "channel": "Microsoft-Windows-AppReadiness/Admin",
    "event_id": "216",
    "timestamp": "2024-11-04T12:40:16.470186Z",
    "event_record_id": "60",
    "level": "4",
    "task": "1",
    "opcode": "0",
    "keywords": "0x8000000000000002",
    "computer": "DESKTOP-P9H5FTA",
    "User": "S-1-5-21-3088055692-629932344-1786574096-1000",
    "ResumeAt": "2024-11-04T04:40:46.468000Z"
  }
}