{
  "event_id": "217",
  "provider": "Microsoft-Windows-AppModel-Runtime",
  "channel": "Microsoft-Windows-AppModel-Runtime/Admin",
  "source_file": "D:\\visual code file\\Project_4\\Event-Analyzer\\test\\Logs\\Microsoft-Windows-AppModel-Runtime%4Admin.evtx",
  "event_record_id": 368,
  "xml": "<?xml version=\"1.0\" encoding=\"utf-8\"?>\n<Event xmlns=\"http://schemas.microsoft.com/win/2004/08/events/event\">\n  <System>\n    <Provider Name=\"Microsoft-Windows-AppModel-Runtime\" Guid=\"F1EF270A-0D32-4352-BA52-DBAB41E1D859\">\n    </Provider>\n    <EventID>217</EventID>\n    <Version>0</Version>\n    <Level>4</Level>\n    <Task>0</Task>\n    <Opcode>0</Opcode>\n    <Keywords>0x2000000000000008</Keywords>\n    <TimeCreated SystemTime=\"2024-11-04T13:03:57.863376Z\">\n    </TimeCreated>\n    <EventRecordID>368</EventRecordID>\n    <Correlation>\n    </Correlation>\n    <Execution ProcessID=\"3144\" ThreadID=\"2940\">\n    </Execution>\n    <Channel>Microsoft-Windows-AppModel-Runtime/Admin</Channel>\n    <Computer>DESKTOP-P9H5FTA</Computer>\n    <Security UserID=\"S-1-5-18\">\n    </Security>\n  </System>\n  <EventData>\n    <Data Name=\"PackageName\">Microsoft.MicrosoftOfficeHub_18.1903.1152.0_x64__8wekyb3d8bbwe</Data>\n    <Data Name=\"ContainerId\">ec03cbe5-9aa9-11ef-976c-047f0e1e0bcb</Data>\n  </EventData>\n</Event>\n",
  "json": "{\"Event\":{\"#attributes\":{\"xmlns\":\"http://schemas.microsoft.com/win/2004/08/events/event\"},\"System\":{\"Provider\":{\"#attributes\":{\"Name\":\"Microsoft-Windows-AppModel-Runtime\",\"Guid\":\"F1EF270A-0D32-4352-BA52-DBAB41E1D859\"}},\"EventID\":217,\"Version\":0,\"Level\":4,\"Task\":0,\"Opcode\":0,\"Keywords\":\"0x2000000000000008\",\"TimeCreated\":{\"#attributes\":{\"SystemTime\":\"2024-11-04T13:03:57.863376Z\"}},\"EventRecordID\":368,\"Correlation\":null,\"Execution\":{\"#attributes\":{\"ProcessID\":3144,\"ThreadID\":2940}},\"Channel\":\"Microsoft-Windows-AppModel-Runtime/Admin\",\"Computer\":\"DESKTOP-P9H5FTA\",\"Security\":{\"#attributes\":{\"UserID\":\"S-1-5-18\"}}},\"EventData\":{\"PackageName\":\"Microsoft.MicrosoftOfficeHub_18.1903.1152.0_x64__8wekyb3d8bbwe\",\"ContainerId\":\"ec03cbe5-9aa9-11ef-976c-047f0e1e0bcb\"}}}",
  "xml_fields": {
    "provider": "Microsoft-Windows-AppModel-Runtime",
    "event_id": "217",
    "timestamp": "2024-11-04T13:03:57.863376Z",
    "event_record_id": "368",
    "level": "4",
    "task": "0",
    "opcode": "0",
    "keywords": "0x2000000000000008",
    "channel": "Microsoft-Windows-AppModel-Runtime/Admin",
    "computer": "DESKTOP-P9H5FTA",
    "PackageName": "Microsoft.MicrosoftOfficeHub_18.1903.1152.0_x64__8wekyb3d8bbwe",
    "ContainerId": "ec03cbe5-9aa9-11ef-976c-047f0e1e0bcb"
  },
  "json_fields": {
    "provider": "Microsoft-Windows-AppModel-Runtime",
    "channel": "Microsoft-Windows-AppModel-Runtime/Admin",
    "event_id": "217",
    "timestamp": "2024-11-04T13:03:57.863376Z",
    "event_record_id": "368",
    "level": "4",
    "task": "0",
    "opcode": "0",
    "keywords": "0x2000000000000008",
    "computer": "DESKTOP-P9H5FTA",
    "PackageName": "Microsoft.MicrosoftOfficeHub_18.1903.1152.0_x64__8wekyb3d8bbwe",
    "ContainerId": "ec03cbe5-9aa9-11ef-976c-047f0e1e0bcb"
  }
}