{
  "event_id": "219",
  "provider": "Microsoft-Windows-AppModel-Runtime",
  "channel": "Microsoft-Windows-AppModel-Runtime/Admin",
  "source_file": "D:\\visual code file\\Project_4\\Event-Analyzer\\test\\Benign\\Logs_Win11\\Microsoft-Windows-AppModel-Runtime%4Admin.evtx",
  "event_record_id": 53,
  "xml": "<?xml version=\"1.0\" encoding=\"utf-8\"?>\n<Event xmlns=\"http://schemas.microsoft.com/win/2004/08/events/event\">\n  <System>\n    <Provider Name=\"Microsoft-Windows-AppModel-Runtime\" Guid=\"{f1ef270a-0d32-4352-ba52-dbab41e1d859}\">\n    </Provider>\n    <EventID>219</EventID>\n    <Version>0</Version>\n    <Level>4</Level>\n    <Task>0</Task>\n    <Opcode>0</Opcode>\n    <Keywords>0x2000000000000004</Keywords>\n    <TimeCreated SystemTime=\"2022-03-01T16:54:13.190147Z\">\n    </TimeCreated>\n    <EventRecordID>53</EventRecordID>\n    <Correlation>\n    </Correlation>\n    <Execution ProcessID=\"5468\" ThreadID=\"5812\">\n    </Execution>\n    <Channel>Microsoft-Windows-AppModel-Runtime/Admin</Channel>\n    <Computer>DESKTOP-6D0DBMB</Computer>\n    <Security UserID=\"S-1-5-21-1671613982-9707084-2312793148-1001\">\n    </Security>\n  </System>\n  <ProcessingErrorData>\n    <ErrorCode>15005</ErrorCode>\n    <DataItemName>PsmFlags</DataItemName>\n    <EventPayload>4D006900630072006F0073006F00660074002E00570069006E0064006F00770073004E006F00740065007000610064005F00310030002E0032003100300032002E00310033002E0030005F007800360034005F005F003800770065006B0079006200330064003800620062007700650000004D006900630072006F0073006F00660074002E00570069006E0064006F00770073004E006F00740065007000610064005F003800770065006B007900620033006400380062006200770065002100410070007000000005000010</EventPayload>\n  </ProcessingErrorData>\n</Event>\n",
  "json": "{\"Event\":{\"#attributes\":{\"xmlns\":\"http://schemas.microsoft.com/win/2004/08/events/event\"},\"System\":{\"Provider\":{\"#attributes\":{\"Name\":\"Microsoft-Windows-AppModel-Runtime\",\"Guid\":\"{f1ef270a-0d32-4352-ba52-dbab41e1d859}\"}},\"EventID\":219,\"Version\":0,\"Level\":4,\"Task\":0,\"Opcode\":0,\"Keywords\":\"0x2000000000000004\",\"TimeCreated\":{\"#attributes\":{\"SystemTime\":\"2022-03-01T16:54:13.190147Z\"}},\"EventRecordID\":53,\"Correlation\":null,\"Execution\":{\"#attributes\":{\"ProcessID\":5468,\"ThreadID\":5812}},\"Channel\":\"Microsoft-Windows-AppModel-Runtime/Admin\",\"Computer\":\"DESKTOP-6D0DBMB\",\"Security\":{\"#attributes\":{\"UserID\":\"S-1-5-21-1671613982-9707084-2312793148-1001\"}}},\"ProcessingErrorData\":{\"ErrorCode\":15005,\"DataItemName\":\"PsmFlags\",\"EventPayload\":\"4D006900630072006F0073006F00660074002E00570069006E0064006F00770073004E006F00740065007000610064005F00310030002E0032003100300032002E00310033002E0030005F007800360034005F005F003800770065006B0079006200330064003800620062007700650000004D006900630072006F0073006F00660074002E00570069006E0064006F00770073004E006F00740065007000610064005F003800770065006B007900620033006400380062006200770065002100410070007000000005000010\"}}}",
  "xml_fields": {
    "provider": "Microsoft-Windows-AppModel-Runtime",
    "event_id": "219",
    "timestamp": "2022-03-01T16:54:13.190147Z",
    "event_record_id": "53",
    "level": "4",
    "task": "0",
    "opcode": "0",
    "keywords": "0x2000000000000004",
    "channel": "Microsoft-Windows-AppModel-Runtime/Admin",
    "computer": "DESKTOP-6D0DBMB"
  },
  "json_fields": {
    "provider": "Microsoft-Windows-AppModel-Runtime",
    "channel": "Microsoft-Windows-AppModel-Runtime/Admin",
    "event_id": "219",
    "timestamp": "2022-03-01T16:54:13.190147Z",
    "event_record_id": "53",
    "level": "4",
    "task": "0",
    "opcode": "0",
    "keywords": "0x2000000000000004",
    "computer": "DESKTOP-6D0DBMB"
  }
}