{
  "event_id": "219",
  "provider": "Microsoft-Windows-Kernel-PnP",
  "channel": "System",
  "source_file": "D:\\visual code file\\Project_4\\Event-Analyzer\\test\\Benign\\Logs_Win11_2023\\System.evtx",
  "event_record_id": 1503,
  "xml": "<?xml version=\"1.0\" encoding=\"utf-8\"?>\n<Event xmlns=\"http://schemas.microsoft.com/win/2004/08/events/event\">\n  <System>\n    <Provider Name=\"Microsoft-Windows-Kernel-PnP\" Guid=\"9C205A39-1250-487D-ABD7-E831C6290539\">\n    </Provider>\n    <EventID>219</EventID>\n    <Version>0</Version>\n    <Level>3</Level>\n    <Task>212</Task>\n    <Opcode>0</Opcode>\n    <Keywords>0x8000000000000000</Keywords>\n    <TimeCreated SystemTime=\"2023-11-06T06:20:58.193604Z\">\n    </TimeCreated>\n    <EventRecordID>1503</EventRecordID>\n    <Correlation>\n    </Correlation>\n    <Execution ProcessID=\"4\" ThreadID=\"52\">\n    </Execution>\n    <Channel>System</Channel>\n    <Computer>WinDev2310Eval</Computer>\n    <Security UserID=\"S-1-5-18\">\n    </Security>\n  </System>\n  <EventData>\n    <Data Name=\"DriverNameLength\">15</Data>\n    <Data Name=\"DriverName\">ROOT\\VMBus\\0000</Data>\n    <Data Name=\"Status\">3221226341</Data>\n    <Data Name=\"FailureNameLength\">14</Data>\n    <Data Name=\"FailureName\">\\Driver\\vmbusr</Data>\n    <Data Name=\"Version\">0</Data>\n  </EventData>\n</Event>\n",
  "json": "{\"Event\":{\"#attributes\":{\"xmlns\":\"http://schemas.microsoft.com/win/2004/08/events/event\"},\"System\":{\"Provider\":{\"#attributes\":{\"Name\":\"Microsoft-Windows-Kernel-PnP\",\"Guid\":\"9C205A39-1250-487D-ABD7-E831C6290539\"}},\"EventID\":219,\"Version\":0,\"Level\":3,\"Task\":212,\"Opcode\":0,\"Keywords\":\"0x8000000000000000\",\"TimeCreated\":{\"#attributes\":{\"SystemTime\":\"2023-11-06T06:20:58.193604Z\"}},\"EventRecordID\":1503,\"Correlation\":null,\"Execution\":{\"#attributes\":{\"ProcessID\":4,\"ThreadID\":52}},\"Channel\":\"System\",\"Computer\":\"WinDev2310Eval\",\"Security\":{\"#attributes\":{\"UserID\":\"S-1-5-18\"}}},\"EventData\":{\"DriverNameLength\":15,\"DriverName\":\"ROOT\\\\VMBus\\\\0000\",\"Status\":3221226341,\"FailureNameLength\":14,\"FailureName\":\"\\\\Driver\\\\vmbusr\",\"Version\":0}}}",
  "xml_fields": {
    "provider": "Microsoft-Windows-Kernel-PnP",
    "event_id": "219",
    "timestamp": "2023-11-06T06:20:58.193604Z",
    "event_record_id": "1503",
    "level": "3",
    "task": "212",
    "opcode": "0",
    "keywords": "0x8000000000000000",
    "channel": "System",
    "computer": "WinDev2310Eval",
    "DriverNameLength": "15",
    "DriverName": "ROOT\\VMBus\\0000",
    "Status": "3221226341",
    "FailureNameLength": "14",
    "FailureName": "\\Driver\\vmbusr",
    "Version": "0"
  },
  "json_fields": {
    "provider": "Microsoft-Windows-Kernel-PnP",
    "channel": "System",
    "event_id": "219",
    "timestamp": "2023-11-06T06:20:58.193604Z",
    "event_record_id": "1503",
    "level": "3",
    "task": "212",
    "opcode": "0",
    "keywords": "0x8000000000000000",
    "computer": "WinDev2310Eval",
    "DriverNameLength": "15",
    "DriverName": "ROOT\\VMBus\\0000",
    "Status": "3221226341",
    "FailureNameLength": "14",
    "FailureName": "\\Driver\\vmbusr",
    "Version": "0"
  }
}