{
  "event_id": "21",
  "provider": "Microsoft-Windows-AppModel-Runtime",
  "channel": "Microsoft-Windows-AppModel-Runtime/Admin",
  "source_file": "D:\\visual code file\\Project_4\\Event-Analyzer\\test\\Benign\\Logs_Win11\\Microsoft-Windows-AppModel-Runtime%4Admin.evtx",
  "event_record_id": 1,
  "xml": "<?xml version=\"1.0\" encoding=\"utf-8\"?>\n<Event xmlns=\"http://schemas.microsoft.com/win/2004/08/events/event\">\n  <System>\n    <Provider Name=\"Microsoft-Windows-AppModel-Runtime\" Guid=\"F1EF270A-0D32-4352-BA52-DBAB41E1D859\">\n    </Provider>\n    <EventID>21</EventID>\n    <Version>0</Version>\n    <Level>2</Level>\n    <Task>0</Task>\n    <Opcode>0</Opcode>\n    <Keywords>0x2000400000000002</Keywords>\n    <TimeCreated SystemTime=\"2022-03-01T16:42:09.069126Z\">\n    </TimeCreated>\n    <EventRecordID>1</EventRecordID>\n    <Correlation>\n    </Correlation>\n    <Execution ProcessID=\"684\" ThreadID=\"760\">\n    </Execution>\n    <Channel>Microsoft-Windows-AppModel-Runtime/Admin</Channel>\n    <Computer>WIN-KPO4DDU11AB</Computer>\n    <Security UserID=\"S-1-5-18\">\n    </Security>\n  </System>\n  <EventData>\n    <Data Name=\"ErrorCode\">2147942410</Data>\n    <Data Name=\"Context\">onecore\\ds\\security\\gina\\profile\\profext\\appcontainer.cpp Line:1862 Usermode Font Driver Host microsoft.windows.fontdrvhost</Data>\n  </EventData>\n</Event>\n",
  "json": "{\"Event\":{\"#attributes\":{\"xmlns\":\"http://schemas.microsoft.com/win/2004/08/events/event\"},\"System\":{\"Provider\":{\"#attributes\":{\"Name\":\"Microsoft-Windows-AppModel-Runtime\",\"Guid\":\"F1EF270A-0D32-4352-BA52-DBAB41E1D859\"}},\"EventID\":21,\"Version\":0,\"Level\":2,\"Task\":0,\"Opcode\":0,\"Keywords\":\"0x2000400000000002\",\"TimeCreated\":{\"#attributes\":{\"SystemTime\":\"2022-03-01T16:42:09.069126Z\"}},\"EventRecordID\":1,\"Correlation\":null,\"Execution\":{\"#attributes\":{\"ProcessID\":684,\"ThreadID\":760}},\"Channel\":\"Microsoft-Windows-AppModel-Runtime/Admin\",\"Computer\":\"WIN-KPO4DDU11AB\",\"Security\":{\"#attributes\":{\"UserID\":\"S-1-5-18\"}}},\"EventData\":{\"ErrorCode\":2147942410,\"Context\":\"onecore\\\\ds\\\\security\\\\gina\\\\profile\\\\profext\\\\appcontainer.cpp Line:1862 Usermode Font Driver Host microsoft.windows.fontdrvhost\"}}}",
  "xml_fields": {
    "provider": "Microsoft-Windows-AppModel-Runtime",
    "event_id": "21",
    "timestamp": "2022-03-01T16:42:09.069126Z",
    "event_record_id": "1",
    "level": "2",
    "task": "0",
    "opcode": "0",
    "keywords": "0x2000400000000002",
    "channel": "Microsoft-Windows-AppModel-Runtime/Admin",
    "computer": "WIN-KPO4DDU11AB",
    "ErrorCode": "2147942410",
    "Context": "onecore\\ds\\security\\gina\\profile\\profext\\appcontainer.cpp Line:1862 Usermode Font Driver Host microsoft.windows.fontdrvhost"
  },
  "json_fields": {
    "provider": "Microsoft-Windows-AppModel-Runtime",
    "channel": "Microsoft-Windows-AppModel-Runtime/Admin",
    "event_id": "21",
    "timestamp": "2022-03-01T16:42:09.069126Z",
    "event_record_id": "1",
    "level": "2",
    "task": "0",
    "opcode": "0",
    "keywords": "0x2000400000000002",
    "computer": "WIN-KPO4DDU11AB",
    "ErrorCode": "2147942410",
    "Context": "onecore\\ds\\security\\gina\\profile\\profext\\appcontainer.cpp Line:1862 Usermode Font Driver Host microsoft.windows.fontdrvhost"
  }
}