{
  "event_id": "22083",
  "provider": "Microsoft-Windows-Shell-Core",
  "channel": "Microsoft-Windows-Shell-Core/Operational",
  "source_file": "D:\\visual code file\\Project_4\\Event-Analyzer\\test\\Logs\\Microsoft-Windows-Shell-Core%4Operational.evtx",
  "event_record_id": 552,
  "xml": "<?xml version=\"1.0\" encoding=\"utf-8\"?>\n<Event xmlns=\"http://schemas.microsoft.com/win/2004/08/events/event\">\n  <System>\n    <Provider Name=\"Microsoft-Windows-Shell-Core\" Guid=\"30336ED4-E327-447C-9DE0-51B652C86108\">\n    </Provider>\n    <EventID>22083</EventID>\n    <Version>0</Version>\n    <Level>4</Level>\n    <Task>22082</Task>\n    <Opcode>2</Opcode>\n    <Keywords>0x2000000000010000</Keywords>\n    <TimeCreated SystemTime=\"2024-11-04T12:47:38.959355Z\">\n    </TimeCreated>\n    <EventRecordID>552</EventRecordID>\n    <Correlation>\n    </Correlation>\n    <Execution ProcessID=\"5080\" ThreadID=\"4084\">\n    </Execution>\n    <Channel>Microsoft-Windows-Shell-Core/Operational</Channel>\n    <Computer>DESKTOP-P9H5FTA</Computer>\n    <Security UserID=\"S-1-5-21-3088055692-629932344-1786574096-1001\">\n    </Security>\n  </System>\n  <EventData>\n  </EventData>\n</Event>\n",
  "json": "{\"Event\":{\"#attributes\":{\"xmlns\":\"http://schemas.microsoft.com/win/2004/08/events/event\"},\"System\":{\"Provider\":{\"#attributes\":{\"Name\":\"Microsoft-Windows-Shell-Core\",\"Guid\":\"30336ED4-E327-447C-9DE0-51B652C86108\"}},\"EventID\":22083,\"Version\":0,\"Level\":4,\"Task\":22082,\"Opcode\":2,\"Keywords\":\"0x2000000000010000\",\"TimeCreated\":{\"#attributes\":{\"SystemTime\":\"2024-11-04T12:47:38.959355Z\"}},\"EventRecordID\":552,\"Correlation\":null,\"Execution\":{\"#attributes\":{\"ProcessID\":5080,\"ThreadID\":4084}},\"Channel\":\"Microsoft-Windows-Shell-Core/Operational\",\"Computer\":\"DESKTOP-P9H5FTA\",\"Security\":{\"#attributes\":{\"UserID\":\"S-1-5-21-3088055692-629932344-1786574096-1001\"}}},\"EventData\":null}}",
  "xml_fields": {
    "provider": "Microsoft-Windows-Shell-Core",
    "event_id": "22083",
    "timestamp": "2024-11-04T12:47:38.959355Z",
    "event_record_id": "552",
    "level": "4",
    "task": "22082",
    "opcode": "2",
    "keywords": "0x2000000000010000",
    "channel": "Microsoft-Windows-Shell-Core/Operational",
    "computer": "DESKTOP-P9H5FTA"
  },
  "json_fields": {
    "provider": "Microsoft-Windows-Shell-Core",
    "channel": "Microsoft-Windows-Shell-Core/Operational",
    "event_id": "22083",
    "timestamp": "2024-11-04T12:47:38.959355Z",
    "event_record_id": "552",
    "level": "4",
    "task": "22082",
    "opcode": "2",
    "keywords": "0x2000000000010000",
    "computer": "DESKTOP-P9H5FTA"
  }
}