{
  "event_id": "226",
  "provider": "Microsoft-Windows-RemoteDesktopServices-RdpCoreTS",
  "channel": "Microsoft-Windows-RemoteDesktopServices-RdpCoreTS/Operational",
  "source_file": "D:\\visual code file\\Project_4\\Event-Analyzer\\test\\Logs\\Microsoft-Windows-RemoteDesktopServices-RdpCoreTS%4Operational.evtx",
  "event_record_id": 23,
  "xml": "<?xml version=\"1.0\" encoding=\"utf-8\"?>\n<Event xmlns=\"http://schemas.microsoft.com/win/2004/08/events/event\">\n  <System>\n    <Provider Name=\"Microsoft-Windows-RemoteDesktopServices-RdpCoreTS\" Guid=\"1139C61B-B549-4251-8ED3-27250A1EDEC8\">\n    </Provider>\n    <EventID>226</EventID>\n    <Version>0</Version>\n    <Level>3</Level>\n    <Task>4</Task>\n    <Opcode>19</Opcode>\n    <Keywords>0x4000000000000000</Keywords>\n    <TimeCreated SystemTime=\"2025-01-24T10:15:05.898816Z\">\n    </TimeCreated>\n    <EventRecordID>23</EventRecordID>\n    <Correlation ActivityID=\"F420B7BF-357C-4474-B663-1B9EC5300000\">\n    </Correlation>\n    <Execution ProcessID=\"428\" ThreadID=\"2096\">\n    </Execution>\n    <Channel>Microsoft-Windows-RemoteDesktopServices-RdpCoreTS/Operational</Channel>\n    <Computer>CTO-FILESVR</Computer>\n    <Security UserID=\"S-1-5-20\">\n    </Security>\n  </System>\n  <EventData>\n    <Data Name=\"StateTransition\">RDP_TCP</Data>\n    <Data Name=\"PreviousState\">23</Data>\n    <Data Name=\"PreviousStateName\">StateUnknown</Data>\n    <Data Name=\"NewState\">21</Data>\n    <Data Name=\"NewStateName\">StateDisconnected</Data>\n    <Data Name=\"Event\">43</Data>\n    <Data Name=\"EventName\">Event_Disconnect</Data>\n    <Data Name=\"ErrorCode\">0x80070040</Data>\n  </EventData>\n</Event>\n",
  "json": "{\"Event\":{\"#attributes\":{\"xmlns\":\"http://schemas.microsoft.com/win/2004/08/events/event\"},\"System\":{\"Provider\":{\"#attributes\":{\"Name\":\"Microsoft-Windows-RemoteDesktopServices-RdpCoreTS\",\"Guid\":\"1139C61B-B549-4251-8ED3-27250A1EDEC8\"}},\"EventID\":226,\"Version\":0,\"Level\":3,\"Task\":4,\"Opcode\":19,\"Keywords\":\"0x4000000000000000\",\"TimeCreated\":{\"#attributes\":{\"SystemTime\":\"2025-01-24T10:15:05.898816Z\"}},\"EventRecordID\":23,\"Correlation\":{\"#attributes\":{\"ActivityID\":\"F420B7BF-357C-4474-B663-1B9EC5300000\"}},\"Execution\":{\"#attributes\":{\"ProcessID\":428,\"ThreadID\":2096}},\"Channel\":\"Microsoft-Windows-RemoteDesktopServices-RdpCoreTS/Operational\",\"Computer\":\"CTO-FILESVR\",\"Security\":{\"#attributes\":{\"UserID\":\"S-1-5-20\"}}},\"EventData\":{\"StateTransition\":\"RDP_TCP\",\"PreviousState\":23,\"PreviousStateName\":\"StateUnknown\",\"NewState\":21,\"NewStateName\":\"StateDisconnected\",\"Event\":43,\"EventName\":\"Event_Disconnect\",\"ErrorCode\":\"0x80070040\"}}}",
  "xml_fields": {
    "provider": "Microsoft-Windows-RemoteDesktopServices-RdpCoreTS",
    "event_id": "226",
    "timestamp": "2025-01-24T10:15:05.898816Z",
    "event_record_id": "23",
    "level": "3",
    "task": "4",
    "opcode": "19",
    "keywords": "0x4000000000000000",
    "channel": "Microsoft-Windows-RemoteDesktopServices-RdpCoreTS/Operational",
    "computer": "CTO-FILESVR",
    "StateTransition": "RDP_TCP",
    "PreviousState": "23",
    "PreviousStateName": "StateUnknown",
    "NewState": "21",
    "NewStateName": "StateDisconnected",
    "Event": "43",
    "EventName": "Event_Disconnect",
    "ErrorCode": "0x80070040"
  },
  "json_fields": {
    "provider": "Microsoft-Windows-RemoteDesktopServices-RdpCoreTS",
    "channel": "Microsoft-Windows-RemoteDesktopServices-RdpCoreTS/Operational",
    "event_id": "226",
    "timestamp": "2025-01-24T10:15:05.898816Z",
    "event_record_id": "23",
    "level": "3",
    "task": "4",
    "opcode": "19",
    "keywords": "0x4000000000000000",
    "computer": "CTO-FILESVR",
    "StateTransition": "RDP_TCP",
    "PreviousState": "23",
    "PreviousStateName": "StateUnknown",
    "NewState": "21",
    "NewStateName": "StateDisconnected",
    "Event": "43",
    "EventName": "Event_Disconnect",
    "ErrorCode": "0x80070040"
  }
}