{
  "event_id": "227",
  "provider": "Microsoft-Windows-RemoteDesktopServices-RdpCoreTS",
  "channel": "Microsoft-Windows-RemoteDesktopServices-RdpCoreTS/Operational",
  "source_file": "D:\\visual code file\\Project_4\\Event-Analyzer\\test\\Logs\\Microsoft-Windows-RemoteDesktopServices-RdpCoreTS%4Operational.evtx",
  "event_record_id": 44,
  "xml": "<?xml version=\"1.0\" encoding=\"utf-8\"?>\n<Event xmlns=\"http://schemas.microsoft.com/win/2004/08/events/event\">\n  <System>\n    <Provider Name=\"Microsoft-Windows-RemoteDesktopServices-RdpCoreTS\" Guid=\"1139C61B-B549-4251-8ED3-27250A1EDEC8\">\n    </Provider>\n    <EventID>227</EventID>\n    <Version>0</Version>\n    <Level>2</Level>\n    <Task>4</Task>\n    <Opcode>19</Opcode>\n    <Keywords>0x4000000000000000</Keywords>\n    <TimeCreated SystemTime=\"2025-01-24T10:15:14.455388Z\">\n    </TimeCreated>\n    <EventRecordID>44</EventRecordID>\n    <Correlation ActivityID=\"F420E308-0D88-44F1-A6B8-8A0C82150000\">\n    </Correlation>\n    <Execution ProcessID=\"428\" ThreadID=\"1128\">\n    </Execution>\n    <Channel>Microsoft-Windows-RemoteDesktopServices-RdpCoreTS/Operational</Channel>\n    <Computer>CTO-FILESVR</Computer>\n    <Security UserID=\"S-1-5-20\">\n    </Security>\n  </System>\n  <EventData>\n    <Data Name=\"Name\">CUMRDPConnection</Data>\n    <Data Name=\"Value\">2147500033</Data>\n    <Data Name=\"CustomLevel\">'Failed GetConnectionProperty' in CUMRDPConnection::QueryProperty at 3347 err=[0x80004001]</Data>\n  </EventData>\n</Event>\n",
  "json": "{\"Event\":{\"#attributes\":{\"xmlns\":\"http://schemas.microsoft.com/win/2004/08/events/event\"},\"System\":{\"Provider\":{\"#attributes\":{\"Name\":\"Microsoft-Windows-RemoteDesktopServices-RdpCoreTS\",\"Guid\":\"1139C61B-B549-4251-8ED3-27250A1EDEC8\"}},\"EventID\":227,\"Version\":0,\"Level\":2,\"Task\":4,\"Opcode\":19,\"Keywords\":\"0x4000000000000000\",\"TimeCreated\":{\"#attributes\":{\"SystemTime\":\"2025-01-24T10:15:14.455388Z\"}},\"EventRecordID\":44,\"Correlation\":{\"#attributes\":{\"ActivityID\":\"F420E308-0D88-44F1-A6B8-8A0C82150000\"}},\"Execution\":{\"#attributes\":{\"ProcessID\":428,\"ThreadID\":1128}},\"Channel\":\"Microsoft-Windows-RemoteDesktopServices-RdpCoreTS/Operational\",\"Computer\":\"CTO-FILESVR\",\"Security\":{\"#attributes\":{\"UserID\":\"S-1-5-20\"}}},\"EventData\":{\"Name\":\"CUMRDPConnection\",\"Value\":2147500033,\"CustomLevel\":\"'Failed GetConnectionProperty' in CUMRDPConnection::QueryProperty at 3347 err=[0x80004001]\"}}}",
  "xml_fields": {
    "provider": "Microsoft-Windows-RemoteDesktopServices-RdpCoreTS",
    "event_id": "227",
    "timestamp": "2025-01-24T10:15:14.455388Z",
    "event_record_id": "44",
    "level": "2",
    "task": "4",
    "opcode": "19",
    "keywords": "0x4000000000000000",
    "channel": "Microsoft-Windows-RemoteDesktopServices-RdpCoreTS/Operational",
    "computer": "CTO-FILESVR",
    "Name": "CUMRDPConnection",
    "Value": "2147500033",
    "CustomLevel": "'Failed GetConnectionProperty' in CUMRDPConnection::QueryProperty at 3347 err=[0x80004001]"
  },
  "json_fields": {
    "provider": "Microsoft-Windows-RemoteDesktopServices-RdpCoreTS",
    "channel": "Microsoft-Windows-RemoteDesktopServices-RdpCoreTS/Operational",
    "event_id": "227",
    "timestamp": "2025-01-24T10:15:14.455388Z",
    "event_record_id": "44",
    "level": "2",
    "task": "4",
    "opcode": "19",
    "keywords": "0x4000000000000000",
    "computer": "CTO-FILESVR",
    "Name": "CUMRDPConnection",
    "Value": "2147500033",
    "CustomLevel": "'Failed GetConnectionProperty' in CUMRDPConnection::QueryProperty at 3347 err=[0x80004001]"
  }
}