{
  "event_id": "22",
  "provider": "AuroraAgent",
  "channel": "Application",
  "source_file": "D:\\visual code file\\Project_4\\Event-Analyzer\\test\\Benign\\win2022-0-20348-azure\\Application.evtx",
  "event_record_id": 698,
  "xml": "<?xml version=\"1.0\" encoding=\"utf-8\"?>\n<Event xmlns=\"http://schemas.microsoft.com/win/2004/08/events/event\">\n  <System>\n    <Provider Name=\"AuroraAgent\">\n    </Provider>\n    <EventID Qualifiers=\"0\">22</EventID>\n    <Version>0</Version>\n    <Level>4</Level>\n    <Task>0</Task>\n    <Opcode>0</Opcode>\n    <Keywords>0x80000000000000</Keywords>\n    <TimeCreated SystemTime=\"2022-09-18T10:51:42.194975Z\">\n    </TimeCreated>\n    <EventRecordID>698</EventRecordID>\n    <Correlation>\n    </Correlation>\n    <Execution ProcessID=\"0\" ThreadID=\"0\">\n    </Execution>\n    <Channel>Application</Channel>\n    <Computer>Agamemnon</Computer>\n    <Security>\n    </Security>\n  </System>\n  <EventData>\n    <Data>Sigma rule match found: Suspicious Ldap Domain Access (see Details tab for more information)</Data>\n    <Data>Module: Sigma</Data>\n    <Data>Rule_Title: Suspicious Ldap Domain Access</Data>\n    <Data>Rule_Author: frack113</Data>\n    <Data>Rule_Description: Detect suspicious ldap request from non Windows application</Data>\n    <Data>Rule_FalsePositives: Programs that also lookup the observed domain</Data>\n    <Data>Rule_Id: a21bcd7e-38ec-49ad-b69a-9ea17e69509e</Data>\n    <Data>Rule_Level: medium</Data>\n    <Data>Rule_Link: https://github.com/SigmaHQ/sigma/blob/0.22-120-geb87ed8f4/rules/windows/dns_query/dns_query_win_susp_ldap.yml</Data>\n    <Data>Rule_Modified: 2022/09/08</Data>\n    <Data>Rule_Path: public\\windows\\dns_query\\dns_query_win_susp_ldap.yml</Data>\n    <Data>Rule_References: https://github.com/redcanaryco/atomic-red-team/blob/40b77d63808dd4f4eafb83949805636735a1fd15/atomics/T1482/T1482.md</Data>\n    <Data>Rule_Sigtype: public</Data>\n    <Data>Company: Microsoft Corporation</Data>\n    <Data>Computer: Agamemnon</Data>\n    <Data>Correlation_ActivityID: {00000000-0000-0000-0000-000000000000}</Data>\n    <Data>Description: Microsoft Azure\u00c2\u00ae</Data>\n    <Data>EventID: 3008</Data>\n    <Data>Execution_ThreadID: 4844</Data>\n    <Data>FileCreationDate: 2022-05-25T08:34:52</Data>\n    <Data>FileVersion: 2.7.41491.1057</Data>\n    <Data>Hashes: MD5=AC71A4A58FFEB96A5D4724C1849AC456,SHA1=2F88F5BBDAAE8A57287DCC12C7D2EA8CDC57260A,SHA256=1ADDD6BC9893FB68076C44D9290F07C10D2CC98362D2C17D7E01E5E3A6374635,IMPHASH=7AF5BC1F62D057150120D8B8119ACE80</Data>\n    <Data>Image: C:\\WindowsAzure\\GuestAgent_2.7.41491.1057_2022-09-18_091613\\WaAppAgent.exe</Data>\n    <Data>ImageAge: 116d02h09m22s</Data>\n    <Data>Keywords: 0x8000000000000000</Data>\n    <Data>Level: 4</Data>\n    <Data>Match_Strings: _ldap. in QueryName</Data>\n    <Data>Opcode: 0</Data>\n    <Data>OriginalFileName: WaAppAgent.exe</Data>\n    <Data>ProcessId: 2932</Data>\n    <Data>Product: Microsoft\u00ae CoReXT</Data>\n    <Data>Provider_Guid: {1C95126E-7EEA-49A9-A3FE-A378B03DDB4D}</Data>\n    <Data>Provider_Name: Microsoft-Windows-DNS-Client</Data>\n    <Data>QueryName: _ldap._tcp.dc._msdcs.Agamemnon</Data>\n    <Data>QueryOptions: 140737498841088</Data>\n    <Data>QueryResults: </Data>\n    <Data>QueryStatus: 9003</Data>\n    <Data>QueryType: 33</Data>\n    <Data>Security_UserID: S-1-5-18</Data>\n    <Data>Task: 0</Data>\n    <Data>TimeCreated_SystemTime: 2022-09-18T10:51:41.944176Z</Data>\n    <Data>Timestamp: 2022-05-25T15:22:54</Data>\n    <Data>Version: 0</Data>\n    <Data>Winversion: 20348</Data>\n    <Binary></Binary>\n  </EventData>\n</Event>\n",
  "json": "{\"Event\":{\"#attributes\":{\"xmlns\":\"http://schemas.microsoft.com/win/2004/08/events/event\"},\"System\":{\"Provider\":{\"#attributes\":{\"Name\":\"AuroraAgent\"}},\"EventID\":{\"#attributes\":{\"Qualifiers\":0},\"#text\":22},\"Version\":0,\"Level\":4,\"Task\":0,\"Opcode\":0,\"Keywords\":\"0x80000000000000\",\"TimeCreated\":{\"#attributes\":{\"SystemTime\":\"2022-09-18T10:51:42.194975Z\"}},\"EventRecordID\":698,\"Correlation\":null,\"Execution\":{\"#attributes\":{\"ProcessID\":0,\"ThreadID\":0}},\"Channel\":\"Application\",\"Computer\":\"Agamemnon\",\"Security\":null},\"EventData\":{\"Data\":{\"#text\":[\"Sigma rule match found: Suspicious Ldap Domain Access (see Details tab for more information)\",\"Module: Sigma\",\"Rule_Title: Suspicious Ldap Domain Access\",\"Rule_Author: frack113\",\"Rule_Description: Detect suspicious ldap request from non Windows application\",\"Rule_FalsePositives: Programs that also lookup the observed domain\",\"Rule_Id: a21bcd7e-38ec-49ad-b69a-9ea17e69509e\",\"Rule_Level: medium\",\"Rule_Link: https://github.com/SigmaHQ/sigma/blob/0.22-120-geb87ed8f4/rules/windows/dns_query/dns_query_win_susp_ldap.yml\",\"Rule_Modified: 2022/09/08\",\"Rule_Path: public\\\\windows\\\\dns_query\\\\dns_query_win_susp_ldap.yml\",\"Rule_References: https://github.com/redcanaryco/atomic-red-team/blob/40b77d63808dd4f4eafb83949805636735a1fd15/atomics/T1482/T1482.md\",\"Rule_Sigtype: public\",\"Company: Microsoft Corporation\",\"Computer: Agamemnon\",\"Correlation_ActivityID: {00000000-0000-0000-0000-000000000000}\",\"Description: Microsoft Azure\u00c2\u00ae\",\"EventID: 3008\",\"Execution_ThreadID: 4844\",\"FileCreationDate: 2022-05-25T08:34:52\",\"FileVersion: 2.7.41491.1057\",\"Hashes: MD5=AC71A4A58FFEB96A5D4724C1849AC456,SHA1=2F88F5BBDAAE8A57287DCC12C7D2EA8CDC57260A,SHA256=1ADDD6BC9893FB68076C44D9290F07C10D2CC98362D2C17D7E01E5E3A6374635,IMPHASH=7AF5BC1F62D057150120D8B8119ACE80\",\"Image: C:\\\\WindowsAzure\\\\GuestAgent_2.7.41491.1057_2022-09-18_091613\\\\WaAppAgent.exe\",\"ImageAge: 116d02h09m22s\",\"Keywords: 0x8000000000000000\",\"Level: 4\",\"Match_Strings: _ldap. in QueryName\",\"Opcode: 0\",\"OriginalFileName: WaAppAgent.exe\",\"ProcessId: 2932\",\"Product: Microsoft\u00ae CoReXT\",\"Provider_Guid: {1C95126E-7EEA-49A9-A3FE-A378B03DDB4D}\",\"Provider_Name: Microsoft-Windows-DNS-Client\",\"QueryName: _ldap._tcp.dc._msdcs.Agamemnon\",\"QueryOptions: 140737498841088\",\"QueryResults: \",\"QueryStatus: 9003\",\"QueryType: 33\",\"Security_UserID: S-1-5-18\",\"Task: 0\",\"TimeCreated_SystemTime: 2022-09-18T10:51:41.944176Z\",\"Timestamp: 2022-05-25T15:22:54\",\"Version: 0\",\"Winversion: 20348\"]},\"Binary\":null}}}",
  "xml_fields": {
    "provider": "AuroraAgent",
    "event_id": "22",
    "timestamp": "2022-09-18T10:51:42.194975Z",
    "event_record_id": "698",
    "level": "4",
    "task": "0",
    "opcode": "0",
    "keywords": "0x80000000000000",
    "channel": "Application",
    "computer": "Agamemnon",
    "_data_0": "Sigma rule match found: Suspicious Ldap Domain Access (see Details tab for more information)",
    "_data_1": "Module: Sigma",
    "_data_2": "Rule_Title: Suspicious Ldap Domain Access",
    "_data_3": "Rule_Author: frack113",
    "_data_4": "Rule_Description: Detect suspicious ldap request from non Windows application",
    "_data_5": "Rule_FalsePositives: Programs that also lookup the observed domain",
    "_data_6": "Rule_Id: a21bcd7e-38ec-49ad-b69a-9ea17e69509e",
    "_data_7": "Rule_Level: medium",
    "_data_8": "Rule_Link: https://github.com/SigmaHQ/sigma/blob/0.22-120-geb87ed8f4/rules/windows/dns_query/dns_query_win_susp_ldap.yml",
    "_data_9": "Rule_Modified: 2022/09/08",
    "_data_10": "Rule_Path: public\\windows\\dns_query\\dns_query_win_susp_ldap.yml",
    "_data_11": "Rule_References: https://github.com/redcanaryco/atomic-red-team/blob/40b77d63808dd4f4eafb83949805636735a1fd15/atomics/T1482/T1482.md",
    "_data_12": "Rule_Sigtype: public",
    "_data_13": "Company: Microsoft Corporation",
    "_data_14": "Computer: Agamemnon",
    "_data_15": "Correlation_ActivityID: {00000000-0000-0000-0000-000000000000}",
    "_data_16": "Description: Microsoft Azure\u00c2\u00ae",
    "_data_17": "EventID: 3008",
    "_data_18": "Execution_ThreadID: 4844",
    "_data_19": "FileCreationDate: 2022-05-25T08:34:52",
    "_data_20": "FileVersion: 2.7.41491.1057",
    "_data_21": "Hashes: MD5=AC71A4A58FFEB96A5D4724C1849AC456,SHA1=2F88F5BBDAAE8A57287DCC12C7D2EA8CDC57260A,SHA256=1ADDD6BC9893FB68076C44D9290F07C10D2CC98362D2C17D7E01E5E3A6374635,IMPHASH=7AF5BC1F62D057150120D8B8119ACE80",
    "_data_22": "Image: C:\\WindowsAzure\\GuestAgent_2.7.41491.1057_2022-09-18_091613\\WaAppAgent.exe",
    "_data_23": "ImageAge: 116d02h09m22s",
    "_data_24": "Keywords: 0x8000000000000000",
    "_data_25": "Level: 4",
    "_data_26": "Match_Strings: _ldap. in QueryName",
    "_data_27": "Opcode: 0",
    "_data_28": "OriginalFileName: WaAppAgent.exe",
    "_data_29": "ProcessId: 2932",
    "_data_30": "Product: Microsoft\u00ae CoReXT",
    "_data_31": "Provider_Guid: {1C95126E-7EEA-49A9-A3FE-A378B03DDB4D}",
    "_data_32": "Provider_Name: Microsoft-Windows-DNS-Client",
    "_data_33": "QueryName: _ldap._tcp.dc._msdcs.Agamemnon",
    "_data_34": "QueryOptions: 140737498841088",
    "_data_35": "QueryResults: ",
    "_data_36": "QueryStatus: 9003",
    "_data_37": "QueryType: 33",
    "_data_38": "Security_UserID: S-1-5-18",
    "_data_39": "Task: 0",
    "_data_40": "TimeCreated_SystemTime: 2022-09-18T10:51:41.944176Z",
    "_data_41": "Timestamp: 2022-05-25T15:22:54",
    "_data_42": "Version: 0",
    "_data_43": "Winversion: 20348"
  },
  "json_fields": {
    "provider": "AuroraAgent",
    "channel": "Application",
    "event_id": "22",
    "timestamp": "2022-09-18T10:51:42.194975Z",
    "event_record_id": "698",
    "level": "4",
    "task": "0",
    "opcode": "0",
    "keywords": "0x80000000000000",
    "computer": "Agamemnon",
    "_data_0": "Sigma rule match found: Suspicious Ldap Domain Access (see Details tab for more information)",
    "_data_1": "Module: Sigma",
    "_data_2": "Rule_Title: Suspicious Ldap Domain Access",
    "_data_3": "Rule_Author: frack113",
    "_data_4": "Rule_Description: Detect suspicious ldap request from non Windows application",
    "_data_5": "Rule_FalsePositives: Programs that also lookup the observed domain",
    "_data_6": "Rule_Id: a21bcd7e-38ec-49ad-b69a-9ea17e69509e",
    "_data_7": "Rule_Level: medium",
    "_data_8": "Rule_Link: https://github.com/SigmaHQ/sigma/blob/0.22-120-geb87ed8f4/rules/windows/dns_query/dns_query_win_susp_ldap.yml",
    "_data_9": "Rule_Modified: 2022/09/08",
    "_data_10": "Rule_Path: public\\windows\\dns_query\\dns_query_win_susp_ldap.yml",
    "_data_11": "Rule_References: https://github.com/redcanaryco/atomic-red-team/blob/40b77d63808dd4f4eafb83949805636735a1fd15/atomics/T1482/T1482.md",
    "_data_12": "Rule_Sigtype: public",
    "_data_13": "Company: Microsoft Corporation",
    "_data_14": "Computer: Agamemnon",
    "_data_15": "Correlation_ActivityID: {00000000-0000-0000-0000-000000000000}",
    "_data_16": "Description: Microsoft Azure\u00c2\u00ae",
    "_data_17": "EventID: 3008",
    "_data_18": "Execution_ThreadID: 4844",
    "_data_19": "FileCreationDate: 2022-05-25T08:34:52",
    "_data_20": "FileVersion: 2.7.41491.1057",
    "_data_21": "Hashes: MD5=AC71A4A58FFEB96A5D4724C1849AC456,SHA1=2F88F5BBDAAE8A57287DCC12C7D2EA8CDC57260A,SHA256=1ADDD6BC9893FB68076C44D9290F07C10D2CC98362D2C17D7E01E5E3A6374635,IMPHASH=7AF5BC1F62D057150120D8B8119ACE80",
    "_data_22": "Image: C:\\WindowsAzure\\GuestAgent_2.7.41491.1057_2022-09-18_091613\\WaAppAgent.exe",
    "_data_23": "ImageAge: 116d02h09m22s",
    "_data_24": "Keywords: 0x8000000000000000",
    "_data_25": "Level: 4",
    "_data_26": "Match_Strings: _ldap. in QueryName",
    "_data_27": "Opcode: 0",
    "_data_28": "OriginalFileName: WaAppAgent.exe",
    "_data_29": "ProcessId: 2932",
    "_data_30": "Product: Microsoft\u00ae CoReXT",
    "_data_31": "Provider_Guid: {1C95126E-7EEA-49A9-A3FE-A378B03DDB4D}",
    "_data_32": "Provider_Name: Microsoft-Windows-DNS-Client",
    "_data_33": "QueryName: _ldap._tcp.dc._msdcs.Agamemnon",
    "_data_34": "QueryOptions: 140737498841088",
    "_data_35": "QueryResults: ",
    "_data_36": "QueryStatus: 9003",
    "_data_37": "QueryType: 33",
    "_data_38": "Security_UserID: S-1-5-18",
    "_data_39": "Task: 0",
    "_data_40": "TimeCreated_SystemTime: 2022-09-18T10:51:41.944176Z",
    "_data_41": "Timestamp: 2022-05-25T15:22:54",
    "_data_42": "Version: 0",
    "_data_43": "Winversion: 20348"
  }
}