{
  "event_id": "22",
  "provider": "Microsoft-Windows-Kernel-General",
  "channel": "System",
  "source_file": "D:\\visual code file\\Project_4\\Event-Analyzer\\test\\Benign\\win2022-0-20348-azure\\System.evtx",
  "event_record_id": 785,
  "xml": "<?xml version=\"1.0\" encoding=\"utf-8\"?>\n<Event xmlns=\"http://schemas.microsoft.com/win/2004/08/events/event\">\n  <System>\n    <Provider Name=\"Microsoft-Windows-Kernel-General\" Guid=\"A68CA8B7-004F-D7B6-A698-07E2DE0F1F5D\">\n    </Provider>\n    <EventID>22</EventID>\n    <Version>0</Version>\n    <Level>4</Level>\n    <Task>8</Task>\n    <Opcode>0</Opcode>\n    <Keywords>0x8000000000000010</Keywords>\n    <TimeCreated SystemTime=\"2022-09-18T09:13:11.591570Z\">\n    </TimeCreated>\n    <EventRecordID>785</EventRecordID>\n    <Correlation>\n    </Correlation>\n    <Execution ProcessID=\"1532\" ThreadID=\"1536\">\n    </Execution>\n    <Channel>System</Channel>\n    <Computer>Agamemnon</Computer>\n    <Security UserID=\"S-1-5-18\">\n    </Security>\n  </System>\n  <EventData>\n    <Data Name=\"NewBias\">0</Data>\n    <Data Name=\"OldBias\">420</Data>\n  </EventData>\n</Event>\n",
  "json": "{\"Event\":{\"#attributes\":{\"xmlns\":\"http://schemas.microsoft.com/win/2004/08/events/event\"},\"System\":{\"Provider\":{\"#attributes\":{\"Name\":\"Microsoft-Windows-Kernel-General\",\"Guid\":\"A68CA8B7-004F-D7B6-A698-07E2DE0F1F5D\"}},\"EventID\":22,\"Version\":0,\"Level\":4,\"Task\":8,\"Opcode\":0,\"Keywords\":\"0x8000000000000010\",\"TimeCreated\":{\"#attributes\":{\"SystemTime\":\"2022-09-18T09:13:11.591570Z\"}},\"EventRecordID\":785,\"Correlation\":null,\"Execution\":{\"#attributes\":{\"ProcessID\":1532,\"ThreadID\":1536}},\"Channel\":\"System\",\"Computer\":\"Agamemnon\",\"Security\":{\"#attributes\":{\"UserID\":\"S-1-5-18\"}}},\"EventData\":{\"NewBias\":0,\"OldBias\":420}}}",
  "xml_fields": {
    "provider": "Microsoft-Windows-Kernel-General",
    "event_id": "22",
    "timestamp": "2022-09-18T09:13:11.591570Z",
    "event_record_id": "785",
    "level": "4",
    "task": "8",
    "opcode": "0",
    "keywords": "0x8000000000000010",
    "channel": "System",
    "computer": "Agamemnon",
    "NewBias": "0",
    "OldBias": "420"
  },
  "json_fields": {
    "provider": "Microsoft-Windows-Kernel-General",
    "channel": "System",
    "event_id": "22",
    "timestamp": "2022-09-18T09:13:11.591570Z",
    "event_record_id": "785",
    "level": "4",
    "task": "8",
    "opcode": "0",
    "keywords": "0x8000000000000010",
    "computer": "Agamemnon",
    "NewBias": "0",
    "OldBias": "420"
  }
}