{
  "event_id": "22",
  "provider": "Microsoft-Windows-UserModePowerService",
  "channel": "System",
  "source_file": "D:\\visual code file\\Project_4\\Event-Analyzer\\test\\Benign\\Logs_Client\\System.evtx",
  "event_record_id": 795,
  "xml": "<?xml version=\"1.0\" encoding=\"utf-8\"?>\n<Event xmlns=\"http://schemas.microsoft.com/win/2004/08/events/event\">\n  <System>\n    <Provider Name=\"Microsoft-Windows-UserModePowerService\" Guid=\"CE8DEE0B-D539-4000-B0F8-77BED049C590\">\n    </Provider>\n    <EventID>22</EventID>\n    <Version>0</Version>\n    <Level>4</Level>\n    <Task>18</Task>\n    <Opcode>0</Opcode>\n    <Keywords>0x4000000000000000</Keywords>\n    <TimeCreated SystemTime=\"2022-02-07T23:17:01.778417Z\">\n    </TimeCreated>\n    <EventRecordID>795</EventRecordID>\n    <Correlation>\n    </Correlation>\n    <Execution ProcessID=\"732\" ThreadID=\"928\">\n    </Execution>\n    <Channel>System</Channel>\n    <Computer>DESKTOP-A8CALR3</Computer>\n    <Security UserID=\"S-1-5-18\">\n    </Security>\n  </System>\n  <EventData>\n    <Data Name=\"Turn\">5</Data>\n  </EventData>\n</Event>\n",
  "json": "{\"Event\":{\"#attributes\":{\"xmlns\":\"http://schemas.microsoft.com/win/2004/08/events/event\"},\"System\":{\"Provider\":{\"#attributes\":{\"Name\":\"Microsoft-Windows-UserModePowerService\",\"Guid\":\"CE8DEE0B-D539-4000-B0F8-77BED049C590\"}},\"EventID\":22,\"Version\":0,\"Level\":4,\"Task\":18,\"Opcode\":0,\"Keywords\":\"0x4000000000000000\",\"TimeCreated\":{\"#attributes\":{\"SystemTime\":\"2022-02-07T23:17:01.778417Z\"}},\"EventRecordID\":795,\"Correlation\":null,\"Execution\":{\"#attributes\":{\"ProcessID\":732,\"ThreadID\":928}},\"Channel\":\"System\",\"Computer\":\"DESKTOP-A8CALR3\",\"Security\":{\"#attributes\":{\"UserID\":\"S-1-5-18\"}}},\"EventData\":{\"Turn\":5}}}",
  "xml_fields": {
    "provider": "Microsoft-Windows-UserModePowerService",
    "event_id": "22",
    "timestamp": "2022-02-07T23:17:01.778417Z",
    "event_record_id": "795",
    "level": "4",
    "task": "18",
    "opcode": "0",
    "keywords": "0x4000000000000000",
    "channel": "System",
    "computer": "DESKTOP-A8CALR3",
    "Turn": "5"
  },
  "json_fields": {
    "provider": "Microsoft-Windows-UserModePowerService",
    "channel": "System",
    "event_id": "22",
    "timestamp": "2022-02-07T23:17:01.778417Z",
    "event_record_id": "795",
    "level": "4",
    "task": "18",
    "opcode": "0",
    "keywords": "0x4000000000000000",
    "computer": "DESKTOP-A8CALR3",
    "Turn": "5"
  }
}