{
  "event_id": "234",
  "provider": "Microsoft-Windows-AppReadiness",
  "channel": "Microsoft-Windows-AppReadiness/Admin",
  "source_file": "D:\\visual code file\\Project_4\\Event-Analyzer\\test\\Logs\\Microsoft-Windows-AppReadiness%4Admin.evtx",
  "event_record_id": 53,
  "xml": "<?xml version=\"1.0\" encoding=\"utf-8\"?>\n<Event xmlns=\"http://schemas.microsoft.com/win/2004/08/events/event\">\n  <System>\n    <Provider Name=\"Microsoft-Windows-AppReadiness\" Guid=\"F0BE35F8-237B-4814-86B5-ADE51192E503\">\n    </Provider>\n    <EventID>234</EventID>\n    <Version>0</Version>\n    <Level>4</Level>\n    <Task>1</Task>\n    <Opcode>2</Opcode>\n    <Keywords>0x8000000000000002</Keywords>\n    <TimeCreated SystemTime=\"2024-11-04T12:39:49.677360Z\">\n    </TimeCreated>\n    <EventRecordID>53</EventRecordID>\n    <Correlation>\n    </Correlation>\n    <Execution ProcessID=\"3780\" ThreadID=\"7124\">\n    </Execution>\n    <Channel>Microsoft-Windows-AppReadiness/Admin</Channel>\n    <Computer>DESKTOP-P9H5FTA</Computer>\n    <Security UserID=\"S-1-5-18\">\n    </Security>\n  </System>\n  <EventData>\n    <Data Name=\"ExitCode\">0x0</Data>\n  </EventData>\n</Event>\n",
  "json": "{\"Event\":{\"#attributes\":{\"xmlns\":\"http://schemas.microsoft.com/win/2004/08/events/event\"},\"System\":{\"Provider\":{\"#attributes\":{\"Name\":\"Microsoft-Windows-AppReadiness\",\"Guid\":\"F0BE35F8-237B-4814-86B5-ADE51192E503\"}},\"EventID\":234,\"Version\":0,\"Level\":4,\"Task\":1,\"Opcode\":2,\"Keywords\":\"0x8000000000000002\",\"TimeCreated\":{\"#attributes\":{\"SystemTime\":\"2024-11-04T12:39:49.677360Z\"}},\"EventRecordID\":53,\"Correlation\":null,\"Execution\":{\"#attributes\":{\"ProcessID\":3780,\"ThreadID\":7124}},\"Channel\":\"Microsoft-Windows-AppReadiness/Admin\",\"Computer\":\"DESKTOP-P9H5FTA\",\"Security\":{\"#attributes\":{\"UserID\":\"S-1-5-18\"}}},\"EventData\":{\"ExitCode\":\"0x0\"}}}",
  "xml_fields": {
    "provider": "Microsoft-Windows-AppReadiness",
    "event_id": "234",
    "timestamp": "2024-11-04T12:39:49.677360Z",
    "event_record_id": "53",
    "level": "4",
    "task": "1",
    "opcode": "2",
    "keywords": "0x8000000000000002",
    "channel": "Microsoft-Windows-AppReadiness/Admin",
    "computer": "DESKTOP-P9H5FTA",
    "ExitCode": "0x0"
  },
  "json_fields": {
    "provider": "Microsoft-Windows-AppReadiness",
    "channel": "Microsoft-Windows-AppReadiness/Admin",
    "event_id": "234",
    "timestamp": "2024-11-04T12:39:49.677360Z",
    "event_record_id": "53",
    "level": "4",
    "task": "1",
    "opcode": "2",
    "keywords": "0x8000000000000002",
    "computer": "DESKTOP-P9H5FTA",
    "ExitCode": "0x0"
  }
}