{
  "event_id": "235",
  "provider": "Microsoft-Windows-Kernel-Boot",
  "channel": "Microsoft-Windows-Kernel-Boot/Operational",
  "source_file": "D:\\visual code file\\Project_4\\Event-Analyzer\\test\\Logs\\Microsoft-Windows-Kernel-Boot%4Operational.evtx",
  "event_record_id": 1,
  "xml": "<?xml version=\"1.0\" encoding=\"utf-8\"?>\n<Event xmlns=\"http://schemas.microsoft.com/win/2004/08/events/event\">\n  <System>\n    <Provider Name=\"Microsoft-Windows-Kernel-Boot\" Guid=\"15CA44FF-4D7A-4BAA-BBA5-0998955E531E\">\n    </Provider>\n    <EventID>235</EventID>\n    <Version>0</Version>\n    <Level>2</Level>\n    <Task>99</Task>\n    <Opcode>11</Opcode>\n    <Keywords>0x2000080000000000</Keywords>\n    <TimeCreated SystemTime=\"2024-11-05T01:32:56.569132Z\">\n    </TimeCreated>\n    <EventRecordID>1</EventRecordID>\n    <Correlation>\n    </Correlation>\n    <Execution ProcessID=\"4\" ThreadID=\"8\">\n    </Execution>\n    <Channel>Microsoft-Windows-Kernel-Boot/Operational</Channel>\n    <Computer>WIN-5LCFHVCO531</Computer>\n    <Security UserID=\"S-1-5-18\">\n    </Security>\n  </System>\n  <EventData>\n    <Data Name=\"StatusCode\">3221225474</Data>\n    <Data Name=\"Position\">1</Data>\n  </EventData>\n</Event>\n",
  "json": "{\"Event\":{\"#attributes\":{\"xmlns\":\"http://schemas.microsoft.com/win/2004/08/events/event\"},\"System\":{\"Provider\":{\"#attributes\":{\"Name\":\"Microsoft-Windows-Kernel-Boot\",\"Guid\":\"15CA44FF-4D7A-4BAA-BBA5-0998955E531E\"}},\"EventID\":235,\"Version\":0,\"Level\":2,\"Task\":99,\"Opcode\":11,\"Keywords\":\"0x2000080000000000\",\"TimeCreated\":{\"#attributes\":{\"SystemTime\":\"2024-11-05T01:32:56.569132Z\"}},\"EventRecordID\":1,\"Correlation\":null,\"Execution\":{\"#attributes\":{\"ProcessID\":4,\"ThreadID\":8}},\"Channel\":\"Microsoft-Windows-Kernel-Boot/Operational\",\"Computer\":\"WIN-5LCFHVCO531\",\"Security\":{\"#attributes\":{\"UserID\":\"S-1-5-18\"}}},\"EventData\":{\"StatusCode\":3221225474,\"Position\":1}}}",
  "xml_fields": {
    "provider": "Microsoft-Windows-Kernel-Boot",
    "event_id": "235",
    "timestamp": "2024-11-05T01:32:56.569132Z",
    "event_record_id": "1",
    "level": "2",
    "task": "99",
    "opcode": "11",
    "keywords": "0x2000080000000000",
    "channel": "Microsoft-Windows-Kernel-Boot/Operational",
    "computer": "WIN-5LCFHVCO531",
    "StatusCode": "3221225474",
    "Position": "1"
  },
  "json_fields": {
    "provider": "Microsoft-Windows-Kernel-Boot",
    "channel": "Microsoft-Windows-Kernel-Boot/Operational",
    "event_id": "235",
    "timestamp": "2024-11-05T01:32:56.569132Z",
    "event_record_id": "1",
    "level": "2",
    "task": "99",
    "opcode": "11",
    "keywords": "0x2000080000000000",
    "computer": "WIN-5LCFHVCO531",
    "StatusCode": "3221225474",
    "Position": "1"
  }
}