{
  "event_id": "238",
  "provider": "Microsoft-Windows-AppReadiness",
  "channel": "Microsoft-Windows-AppReadiness/Admin",
  "source_file": "D:\\visual code file\\Project_4\\Event-Analyzer\\test\\Logs\\Microsoft-Windows-AppReadiness%4Admin.evtx",
  "event_record_id": 439,
  "xml": "<?xml version=\"1.0\" encoding=\"utf-8\"?>\n<Event xmlns=\"http://schemas.microsoft.com/win/2004/08/events/event\">\n  <System>\n    <Provider Name=\"Microsoft-Windows-AppReadiness\" Guid=\"F0BE35F8-237B-4814-86B5-ADE51192E503\">\n    </Provider>\n    <EventID>238</EventID>\n    <Version>0</Version>\n    <Level>4</Level>\n    <Task>1</Task>\n    <Opcode>2</Opcode>\n    <Keywords>0x8000000000000004</Keywords>\n    <TimeCreated SystemTime=\"2025-01-06T12:25:47.982231Z\">\n    </TimeCreated>\n    <EventRecordID>439</EventRecordID>\n    <Correlation ActivityID=\"12030999-6036-0003-1614-03123660DB01\">\n    </Correlation>\n    <Execution ProcessID=\"5696\" ThreadID=\"5736\">\n    </Execution>\n    <Channel>Microsoft-Windows-AppReadiness/Admin</Channel>\n    <Computer>cyberjunkie-test</Computer>\n    <Security UserID=\"S-1-5-21-3088055692-629932344-1786574096-1002\">\n    </Security>\n  </System>\n  <EventData>\n    <Data Name=\"ExitCode\">0x0</Data>\n  </EventData>\n</Event>\n",
  "json": "{\"Event\":{\"#attributes\":{\"xmlns\":\"http://schemas.microsoft.com/win/2004/08/events/event\"},\"System\":{\"Provider\":{\"#attributes\":{\"Name\":\"Microsoft-Windows-AppReadiness\",\"Guid\":\"F0BE35F8-237B-4814-86B5-ADE51192E503\"}},\"EventID\":238,\"Version\":0,\"Level\":4,\"Task\":1,\"Opcode\":2,\"Keywords\":\"0x8000000000000004\",\"TimeCreated\":{\"#attributes\":{\"SystemTime\":\"2025-01-06T12:25:47.982231Z\"}},\"EventRecordID\":439,\"Correlation\":{\"#attributes\":{\"ActivityID\":\"12030999-6036-0003-1614-03123660DB01\"}},\"Execution\":{\"#attributes\":{\"ProcessID\":5696,\"ThreadID\":5736}},\"Channel\":\"Microsoft-Windows-AppReadiness/Admin\",\"Computer\":\"cyberjunkie-test\",\"Security\":{\"#attributes\":{\"UserID\":\"S-1-5-21-3088055692-629932344-1786574096-1002\"}}},\"EventData\":{\"ExitCode\":\"0x0\"}}}",
  "xml_fields": {
    "provider": "Microsoft-Windows-AppReadiness",
    "event_id": "238",
    "timestamp": "2025-01-06T12:25:47.982231Z",
    "event_record_id": "439",
    "level": "4",
    "task": "1",
    "opcode": "2",
    "keywords": "0x8000000000000004",
    "channel": "Microsoft-Windows-AppReadiness/Admin",
    "computer": "cyberjunkie-test",
    "ExitCode": "0x0"
  },
  "json_fields": {
    "provider": "Microsoft-Windows-AppReadiness",
    "channel": "Microsoft-Windows-AppReadiness/Admin",
    "event_id": "238",
    "timestamp": "2025-01-06T12:25:47.982231Z",
    "event_record_id": "439",
    "level": "4",
    "task": "1",
    "opcode": "2",
    "keywords": "0x8000000000000004",
    "computer": "cyberjunkie-test",
    "ExitCode": "0x0"
  }
}