{
  "event_id": "2413",
  "provider": "Microsoft-Windows-PushNotifications-Platform",
  "channel": "Microsoft-Windows-PushNotification-Platform/Operational",
  "source_file": "D:\\visual code file\\Project_4\\Event-Analyzer\\test\\Logs\\Microsoft-Windows-PushNotification-Platform%4Operational.evtx",
  "event_record_id": 1607,
  "xml": "<?xml version=\"1.0\" encoding=\"utf-8\"?>\n<Event xmlns=\"http://schemas.microsoft.com/win/2004/08/events/event\">\n  <System>\n    <Provider Name=\"Microsoft-Windows-PushNotifications-Platform\" Guid=\"88CD9180-4491-4640-B571-E3BEE2527943\">\n    </Provider>\n    <EventID>2413</EventID>\n    <Version>0</Version>\n    <Level>4</Level>\n    <Task>0</Task>\n    <Opcode>0</Opcode>\n    <Keywords>0x8000000000800200</Keywords>\n    <TimeCreated SystemTime=\"2025-01-24T10:52:54.722890Z\">\n    </TimeCreated>\n    <EventRecordID>1607</EventRecordID>\n    <Correlation ActivityID=\"B61EC021-6E4D-0000-96C8-1EB64D6EDB01\">\n    </Correlation>\n    <Execution ProcessID=\"5612\" ThreadID=\"1364\">\n    </Execution>\n    <Channel>Microsoft-Windows-PushNotification-Platform/Operational</Channel>\n    <Computer>CTO-FILESVR</Computer>\n    <Security UserID=\"S-1-5-21-3088055692-629932344-1786574096-1003\">\n    </Security>\n  </System>\n  <EventData>\n    <Data Name=\"PackageFullName\">E2A4F912-2574-4A75-9BB0-0D023378592B_10.0.19041.4239_neutral_neutral_cw5n1h2txyewy</Data>\n    <Data Name=\"AppUserModelId\">E2A4F912-2574-4A75-9BB0-0D023378592B_cw5n1h2txyewy!Microsoft.Windows.AppResolverUX</Data>\n    <Data Name=\"AppSettings\">67139328</Data>\n    <Data Name=\"AppType\">268435456</Data>\n    <Data Name=\"ErrorCode\">0</Data>\n  </EventData>\n</Event>\n",
  "json": "{\"Event\":{\"#attributes\":{\"xmlns\":\"http://schemas.microsoft.com/win/2004/08/events/event\"},\"System\":{\"Provider\":{\"#attributes\":{\"Name\":\"Microsoft-Windows-PushNotifications-Platform\",\"Guid\":\"88CD9180-4491-4640-B571-E3BEE2527943\"}},\"EventID\":2413,\"Version\":0,\"Level\":4,\"Task\":0,\"Opcode\":0,\"Keywords\":\"0x8000000000800200\",\"TimeCreated\":{\"#attributes\":{\"SystemTime\":\"2025-01-24T10:52:54.722890Z\"}},\"EventRecordID\":1607,\"Correlation\":{\"#attributes\":{\"ActivityID\":\"B61EC021-6E4D-0000-96C8-1EB64D6EDB01\"}},\"Execution\":{\"#attributes\":{\"ProcessID\":5612,\"ThreadID\":1364}},\"Channel\":\"Microsoft-Windows-PushNotification-Platform/Operational\",\"Computer\":\"CTO-FILESVR\",\"Security\":{\"#attributes\":{\"UserID\":\"S-1-5-21-3088055692-629932344-1786574096-1003\"}}},\"EventData\":{\"PackageFullName\":\"E2A4F912-2574-4A75-9BB0-0D023378592B_10.0.19041.4239_neutral_neutral_cw5n1h2txyewy\",\"AppUserModelId\":\"E2A4F912-2574-4A75-9BB0-0D023378592B_cw5n1h2txyewy!Microsoft.Windows.AppResolverUX\",\"AppSettings\":67139328,\"AppType\":268435456,\"ErrorCode\":0}}}",
  "xml_fields": {
    "provider": "Microsoft-Windows-PushNotifications-Platform",
    "event_id": "2413",
    "timestamp": "2025-01-24T10:52:54.722890Z",
    "event_record_id": "1607",
    "level": "4",
    "task": "0",
    "opcode": "0",
    "keywords": "0x8000000000800200",
    "channel": "Microsoft-Windows-PushNotification-Platform/Operational",
    "computer": "CTO-FILESVR",
    "PackageFullName": "E2A4F912-2574-4A75-9BB0-0D023378592B_10.0.19041.4239_neutral_neutral_cw5n1h2txyewy",
    "AppUserModelId": "E2A4F912-2574-4A75-9BB0-0D023378592B_cw5n1h2txyewy!Microsoft.Windows.AppResolverUX",
    "AppSettings": "67139328",
    "AppType": "268435456",
    "ErrorCode": "0"
  },
  "json_fields": {
    "provider": "Microsoft-Windows-PushNotifications-Platform",
    "channel": "Microsoft-Windows-PushNotification-Platform/Operational",
    "event_id": "2413",
    "timestamp": "2025-01-24T10:52:54.722890Z",
    "event_record_id": "1607",
    "level": "4",
    "task": "0",
    "opcode": "0",
    "keywords": "0x8000000000800200",
    "computer": "CTO-FILESVR",
    "PackageFullName": "E2A4F912-2574-4A75-9BB0-0D023378592B_10.0.19041.4239_neutral_neutral_cw5n1h2txyewy",
    "AppUserModelId": "E2A4F912-2574-4A75-9BB0-0D023378592B_cw5n1h2txyewy!Microsoft.Windows.AppResolverUX",
    "AppSettings": "67139328",
    "AppType": "268435456",
    "ErrorCode": "0"
  }
}