{
  "event_id": "2414",
  "provider": "Microsoft-Windows-PushNotifications-Platform",
  "channel": "Microsoft-Windows-PushNotification-Platform/Operational",
  "source_file": "D:\\visual code file\\Project_4\\Event-Analyzer\\test\\Logs\\Microsoft-Windows-PushNotification-Platform%4Operational.evtx",
  "event_record_id": 832,
  "xml": "<?xml version=\"1.0\" encoding=\"utf-8\"?>\n<Event xmlns=\"http://schemas.microsoft.com/win/2004/08/events/event\">\n  <System>\n    <Provider Name=\"Microsoft-Windows-PushNotifications-Platform\" Guid=\"88CD9180-4491-4640-B571-E3BEE2527943\">\n    </Provider>\n    <EventID>2414</EventID>\n    <Version>0</Version>\n    <Level>4</Level>\n    <Task>0</Task>\n    <Opcode>0</Opcode>\n    <Keywords>0x8000000000800200</Keywords>\n    <TimeCreated SystemTime=\"2025-01-06T12:28:47.913367Z\">\n    </TimeCreated>\n    <EventRecordID>832</EventRecordID>\n    <Correlation ActivityID=\"12030999-6036-0001-6E17-03123660DB01\">\n    </Correlation>\n    <Execution ProcessID=\"2708\" ThreadID=\"5536\">\n    </Execution>\n    <Channel>Microsoft-Windows-PushNotification-Platform/Operational</Channel>\n    <Computer>cyberjunkie-test</Computer>\n    <Security UserID=\"S-1-5-21-3088055692-629932344-1786574096-1002\">\n    </Security>\n  </System>\n  <EventData>\n    <Data Name=\"PackageFullName\">Microsoft.XboxSpeechToTextOverlay_1.21.13002.0_x64__8wekyb3d8bbwe</Data>\n    <Data Name=\"AppUserModelId\">Microsoft.XboxSpeechToTextOverlay_8wekyb3d8bbwe!App</Data>\n    <Data Name=\"AppSettings\">67139328</Data>\n    <Data Name=\"AppType\">268435456</Data>\n    <Data Name=\"ErrorCode\">0</Data>\n  </EventData>\n</Event>\n",
  "json": "{\"Event\":{\"#attributes\":{\"xmlns\":\"http://schemas.microsoft.com/win/2004/08/events/event\"},\"System\":{\"Provider\":{\"#attributes\":{\"Name\":\"Microsoft-Windows-PushNotifications-Platform\",\"Guid\":\"88CD9180-4491-4640-B571-E3BEE2527943\"}},\"EventID\":2414,\"Version\":0,\"Level\":4,\"Task\":0,\"Opcode\":0,\"Keywords\":\"0x8000000000800200\",\"TimeCreated\":{\"#attributes\":{\"SystemTime\":\"2025-01-06T12:28:47.913367Z\"}},\"EventRecordID\":832,\"Correlation\":{\"#attributes\":{\"ActivityID\":\"12030999-6036-0001-6E17-03123660DB01\"}},\"Execution\":{\"#attributes\":{\"ProcessID\":2708,\"ThreadID\":5536}},\"Channel\":\"Microsoft-Windows-PushNotification-Platform/Operational\",\"Computer\":\"cyberjunkie-test\",\"Security\":{\"#attributes\":{\"UserID\":\"S-1-5-21-3088055692-629932344-1786574096-1002\"}}},\"EventData\":{\"PackageFullName\":\"Microsoft.XboxSpeechToTextOverlay_1.21.13002.0_x64__8wekyb3d8bbwe\",\"AppUserModelId\":\"Microsoft.XboxSpeechToTextOverlay_8wekyb3d8bbwe!App\",\"AppSettings\":67139328,\"AppType\":268435456,\"ErrorCode\":0}}}",
  "xml_fields": {
    "provider": "Microsoft-Windows-PushNotifications-Platform",
    "event_id": "2414",
    "timestamp": "2025-01-06T12:28:47.913367Z",
    "event_record_id": "832",
    "level": "4",
    "task": "0",
    "opcode": "0",
    "keywords": "0x8000000000800200",
    "channel": "Microsoft-Windows-PushNotification-Platform/Operational",
    "computer": "cyberjunkie-test",
    "PackageFullName": "Microsoft.XboxSpeechToTextOverlay_1.21.13002.0_x64__8wekyb3d8bbwe",
    "AppUserModelId": "Microsoft.XboxSpeechToTextOverlay_8wekyb3d8bbwe!App",
    "AppSettings": "67139328",
    "AppType": "268435456",
    "ErrorCode": "0"
  },
  "json_fields": {
    "provider": "Microsoft-Windows-PushNotifications-Platform",
    "channel": "Microsoft-Windows-PushNotification-Platform/Operational",
    "event_id": "2414",
    "timestamp": "2025-01-06T12:28:47.913367Z",
    "event_record_id": "832",
    "level": "4",
    "task": "0",
    "opcode": "0",
    "keywords": "0x8000000000800200",
    "computer": "cyberjunkie-test",
    "PackageFullName": "Microsoft.XboxSpeechToTextOverlay_1.21.13002.0_x64__8wekyb3d8bbwe",
    "AppUserModelId": "Microsoft.XboxSpeechToTextOverlay_8wekyb3d8bbwe!App",
    "AppSettings": "67139328",
    "AppType": "268435456",
    "ErrorCode": "0"
  }
}