{
  "event_id": "2415",
  "provider": "Microsoft-Windows-PushNotifications-Platform",
  "channel": "Microsoft-Windows-PushNotification-Platform/Operational",
  "source_file": "D:\\visual code file\\Project_4\\Event-Analyzer\\test\\Logs\\Microsoft-Windows-PushNotification-Platform%4Operational.evtx",
  "event_record_id": 302,
  "xml": "<?xml version=\"1.0\" encoding=\"utf-8\"?>\n<Event xmlns=\"http://schemas.microsoft.com/win/2004/08/events/event\">\n  <System>\n    <Provider Name=\"Microsoft-Windows-PushNotifications-Platform\" Guid=\"88CD9180-4491-4640-B571-E3BEE2527943\">\n    </Provider>\n    <EventID>2415</EventID>\n    <Version>0</Version>\n    <Level>4</Level>\n    <Task>0</Task>\n    <Opcode>0</Opcode>\n    <Keywords>0x8000000000800200</Keywords>\n    <TimeCreated SystemTime=\"2024-11-04T12:48:55.212281Z\">\n    </TimeCreated>\n    <EventRecordID>302</EventRecordID>\n    <Correlation>\n    </Correlation>\n    <Execution ProcessID=\"4968\" ThreadID=\"2384\">\n    </Execution>\n    <Channel>Microsoft-Windows-PushNotification-Platform/Operational</Channel>\n    <Computer>DESKTOP-P9H5FTA</Computer>\n    <Security UserID=\"S-1-5-21-3088055692-629932344-1786574096-1001\">\n    </Security>\n  </System>\n  <EventData>\n    <Data Name=\"AppUserModelId\">Windows.Defender.SecurityCenter</Data>\n    <Data Name=\"ErrorCode\">0</Data>\n  </EventData>\n</Event>\n",
  "json": "{\"Event\":{\"#attributes\":{\"xmlns\":\"http://schemas.microsoft.com/win/2004/08/events/event\"},\"System\":{\"Provider\":{\"#attributes\":{\"Name\":\"Microsoft-Windows-PushNotifications-Platform\",\"Guid\":\"88CD9180-4491-4640-B571-E3BEE2527943\"}},\"EventID\":2415,\"Version\":0,\"Level\":4,\"Task\":0,\"Opcode\":0,\"Keywords\":\"0x8000000000800200\",\"TimeCreated\":{\"#attributes\":{\"SystemTime\":\"2024-11-04T12:48:55.212281Z\"}},\"EventRecordID\":302,\"Correlation\":null,\"Execution\":{\"#attributes\":{\"ProcessID\":4968,\"ThreadID\":2384}},\"Channel\":\"Microsoft-Windows-PushNotification-Platform/Operational\",\"Computer\":\"DESKTOP-P9H5FTA\",\"Security\":{\"#attributes\":{\"UserID\":\"S-1-5-21-3088055692-629932344-1786574096-1001\"}}},\"EventData\":{\"AppUserModelId\":\"Windows.Defender.SecurityCenter\",\"ErrorCode\":0}}}",
  "xml_fields": {
    "provider": "Microsoft-Windows-PushNotifications-Platform",
    "event_id": "2415",
    "timestamp": "2024-11-04T12:48:55.212281Z",
    "event_record_id": "302",
    "level": "4",
    "task": "0",
    "opcode": "0",
    "keywords": "0x8000000000800200",
    "channel": "Microsoft-Windows-PushNotification-Platform/Operational",
    "computer": "DESKTOP-P9H5FTA",
    "AppUserModelId": "Windows.Defender.SecurityCenter",
    "ErrorCode": "0"
  },
  "json_fields": {
    "provider": "Microsoft-Windows-PushNotifications-Platform",
    "channel": "Microsoft-Windows-PushNotification-Platform/Operational",
    "event_id": "2415",
    "timestamp": "2024-11-04T12:48:55.212281Z",
    "event_record_id": "302",
    "level": "4",
    "task": "0",
    "opcode": "0",
    "keywords": "0x8000000000800200",
    "computer": "DESKTOP-P9H5FTA",
    "AppUserModelId": "Windows.Defender.SecurityCenter",
    "ErrorCode": "0"
  }
}