{
  "event_id": "241",
  "provider": "Microsoft-Windows-AppReadiness",
  "channel": "Microsoft-Windows-AppReadiness/Admin",
  "source_file": "D:\\visual code file\\Project_4\\Event-Analyzer\\test\\Logs\\Microsoft-Windows-AppReadiness%4Admin.evtx",
  "event_record_id": 5,
  "xml": "<?xml version=\"1.0\" encoding=\"utf-8\"?>\n<Event xmlns=\"http://schemas.microsoft.com/win/2004/08/events/event\">\n  <System>\n    <Provider Name=\"Microsoft-Windows-AppReadiness\" Guid=\"F0BE35F8-237B-4814-86B5-ADE51192E503\">\n    </Provider>\n    <EventID>241</EventID>\n    <Version>0</Version>\n    <Level>4</Level>\n    <Task>1</Task>\n    <Opcode>0</Opcode>\n    <Keywords>0x8000000000000004</Keywords>\n    <TimeCreated SystemTime=\"2024-11-05T01:33:24.804312Z\">\n    </TimeCreated>\n    <EventRecordID>5</EventRecordID>\n    <Correlation>\n    </Correlation>\n    <Execution ProcessID=\"4240\" ThreadID=\"3792\">\n    </Execution>\n    <Channel>Microsoft-Windows-AppReadiness/Admin</Channel>\n    <Computer>WIN-5LCFHVCO531</Computer>\n    <Security UserID=\"S-1-5-18\">\n    </Security>\n  </System>\n  <EventData>\n    <Data Name=\"User\">S-1-5-18</Data>\n    <Data Name=\"TaskId\">packageChanges-1</Data>\n    <Data Name=\"TaskCount\">0</Data>\n  </EventData>\n</Event>\n",
  "json": "{\"Event\":{\"#attributes\":{\"xmlns\":\"http://schemas.microsoft.com/win/2004/08/events/event\"},\"System\":{\"Provider\":{\"#attributes\":{\"Name\":\"Microsoft-Windows-AppReadiness\",\"Guid\":\"F0BE35F8-237B-4814-86B5-ADE51192E503\"}},\"EventID\":241,\"Version\":0,\"Level\":4,\"Task\":1,\"Opcode\":0,\"Keywords\":\"0x8000000000000004\",\"TimeCreated\":{\"#attributes\":{\"SystemTime\":\"2024-11-05T01:33:24.804312Z\"}},\"EventRecordID\":5,\"Correlation\":null,\"Execution\":{\"#attributes\":{\"ProcessID\":4240,\"ThreadID\":3792}},\"Channel\":\"Microsoft-Windows-AppReadiness/Admin\",\"Computer\":\"WIN-5LCFHVCO531\",\"Security\":{\"#attributes\":{\"UserID\":\"S-1-5-18\"}}},\"EventData\":{\"User\":\"S-1-5-18\",\"TaskId\":\"packageChanges-1\",\"TaskCount\":0}}}",
  "xml_fields": {
    "provider": "Microsoft-Windows-AppReadiness",
    "event_id": "241",
    "timestamp": "2024-11-05T01:33:24.804312Z",
    "event_record_id": "5",
    "level": "4",
    "task": "1",
    "opcode": "0",
    "keywords": "0x8000000000000004",
    "channel": "Microsoft-Windows-AppReadiness/Admin",
    "computer": "WIN-5LCFHVCO531",
    "User": "S-1-5-18",
    "TaskId": "packageChanges-1",
    "TaskCount": "0"
  },
  "json_fields": {
    "provider": "Microsoft-Windows-AppReadiness",
    "channel": "Microsoft-Windows-AppReadiness/Admin",
    "event_id": "241",
    "timestamp": "2024-11-05T01:33:24.804312Z",
    "event_record_id": "5",
    "level": "4",
    "task": "1",
    "opcode": "0",
    "keywords": "0x8000000000000004",
    "computer": "WIN-5LCFHVCO531",
    "User": "S-1-5-18",
    "TaskId": "packageChanges-1",
    "TaskCount": "0"
  }
}