{
  "event_id": "245",
  "provider": "Microsoft-Windows-StateRepository",
  "channel": "Microsoft-Windows-StateRepository/Operational",
  "source_file": "D:\\visual code file\\Project_4\\Event-Analyzer\\test\\Logs\\Microsoft-Windows-StateRepository%4Operational.evtx",
  "event_record_id": 29,
  "xml": "<?xml version=\"1.0\" encoding=\"utf-8\"?>\n<Event xmlns=\"http://schemas.microsoft.com/win/2004/08/events/event\">\n  <System>\n    <Provider Name=\"Microsoft-Windows-StateRepository\" Guid=\"89592015-D996-4636-8F61-066B5D4DD739\">\n    </Provider>\n    <EventID>245</EventID>\n    <Version>0</Version>\n    <Level>5</Level>\n    <Task>2</Task>\n    <Opcode>0</Opcode>\n    <Keywords>0x4000000000000001</Keywords>\n    <TimeCreated SystemTime=\"2024-11-05T01:33:10.386007Z\">\n    </TimeCreated>\n    <EventRecordID>29</EventRecordID>\n    <Correlation>\n    </Correlation>\n    <Execution ProcessID=\"2520\" ThreadID=\"2616\">\n    </Execution>\n    <Channel>Microsoft-Windows-StateRepository/Operational</Channel>\n    <Computer>WIN-5LCFHVCO531</Computer>\n    <Security UserID=\"S-1-5-18\">\n    </Security>\n  </System>\n  <EventData>\n    <Data Name=\"ErrorCode\">0x0</Data>\n    <Data Name=\"MachineSize_Before\">2097152</Data>\n    <Data Name=\"MachineJournalSize_Before\">16384</Data>\n    <Data Name=\"DeploymentSize_Before\">1048576</Data>\n    <Data Name=\"DeploymentJournalSize_Before\">0</Data>\n    <Data Name=\"MachineSize_After\">2097152</Data>\n    <Data Name=\"MachineJournalSize_After\">0</Data>\n    <Data Name=\"DeploymentSize_After\">1048576</Data>\n    <Data Name=\"DeploymentJournalSize_After\">16384</Data>\n  </EventData>\n</Event>\n",
  "json": "{\"Event\":{\"#attributes\":{\"xmlns\":\"http://schemas.microsoft.com/win/2004/08/events/event\"},\"System\":{\"Provider\":{\"#attributes\":{\"Name\":\"Microsoft-Windows-StateRepository\",\"Guid\":\"89592015-D996-4636-8F61-066B5D4DD739\"}},\"EventID\":245,\"Version\":0,\"Level\":5,\"Task\":2,\"Opcode\":0,\"Keywords\":\"0x4000000000000001\",\"TimeCreated\":{\"#attributes\":{\"SystemTime\":\"2024-11-05T01:33:10.386007Z\"}},\"EventRecordID\":29,\"Correlation\":null,\"Execution\":{\"#attributes\":{\"ProcessID\":2520,\"ThreadID\":2616}},\"Channel\":\"Microsoft-Windows-StateRepository/Operational\",\"Computer\":\"WIN-5LCFHVCO531\",\"Security\":{\"#attributes\":{\"UserID\":\"S-1-5-18\"}}},\"EventData\":{\"ErrorCode\":\"0x0\",\"MachineSize_Before\":2097152,\"MachineJournalSize_Before\":16384,\"DeploymentSize_Before\":1048576,\"DeploymentJournalSize_Before\":0,\"MachineSize_After\":2097152,\"MachineJournalSize_After\":0,\"DeploymentSize_After\":1048576,\"DeploymentJournalSize_After\":16384}}}",
  "xml_fields": {
    "provider": "Microsoft-Windows-StateRepository",
    "event_id": "245",
    "timestamp": "2024-11-05T01:33:10.386007Z",
    "event_record_id": "29",
    "level": "5",
    "task": "2",
    "opcode": "0",
    "keywords": "0x4000000000000001",
    "channel": "Microsoft-Windows-StateRepository/Operational",
    "computer": "WIN-5LCFHVCO531",
    "ErrorCode": "0x0",
    "MachineSize_Before": "2097152",
    "MachineJournalSize_Before": "16384",
    "DeploymentSize_Before": "1048576",
    "DeploymentJournalSize_Before": "0",
    "MachineSize_After": "2097152",
    "MachineJournalSize_After": "0",
    "DeploymentSize_After": "1048576",
    "DeploymentJournalSize_After": "16384"
  },
  "json_fields": {
    "provider": "Microsoft-Windows-StateRepository",
    "channel": "Microsoft-Windows-StateRepository/Operational",
    "event_id": "245",
    "timestamp": "2024-11-05T01:33:10.386007Z",
    "event_record_id": "29",
    "level": "5",
    "task": "2",
    "opcode": "0",
    "keywords": "0x4000000000000001",
    "computer": "WIN-5LCFHVCO531",
    "ErrorCode": "0x0",
    "MachineSize_Before": "2097152",
    "MachineJournalSize_Before": "16384",
    "DeploymentSize_Before": "1048576",
    "DeploymentJournalSize_Before": "0",
    "MachineSize_After": "2097152",
    "MachineJournalSize_After": "0",
    "DeploymentSize_After": "1048576",
    "DeploymentJournalSize_After": "16384"
  }
}