{
  "event_id": "24",
  "provider": "Microsoft-Windows-Kernel-General",
  "channel": "System",
  "source_file": "D:\\visual code file\\Project_4\\Event-Analyzer\\test\\Logs\\System.evtx",
  "event_record_id": 1086,
  "xml": "<?xml version=\"1.0\" encoding=\"utf-8\"?>\n<Event xmlns=\"http://schemas.microsoft.com/win/2004/08/events/event\">\n  <System>\n    <Provider Name=\"Microsoft-Windows-Kernel-General\" Guid=\"A68CA8B7-004F-D7B6-A698-07E2DE0F1F5D\">\n    </Provider>\n    <EventID>24</EventID>\n    <Version>0</Version>\n    <Level>4</Level>\n    <Task>11</Task>\n    <Opcode>0</Opcode>\n    <Keywords>0x8000000000000010</Keywords>\n    <TimeCreated SystemTime=\"2025-01-24T10:49:44.509148Z\">\n    </TimeCreated>\n    <EventRecordID>1086</EventRecordID>\n    <Correlation>\n    </Correlation>\n    <Execution ProcessID=\"552\" ThreadID=\"11688\">\n    </Execution>\n    <Channel>System</Channel>\n    <Computer>CTO-FILESVR</Computer>\n    <Security UserID=\"S-1-5-19\">\n    </Security>\n  </System>\n  <EventData>\n    <Data Name=\"ExitReason\">0</Data>\n    <Data Name=\"CurrentBias\">480</Data>\n    <Data Name=\"CurrentTimeZoneID\">1</Data>\n    <Data Name=\"TimeZoneInfoCacheUpdated\">0</Data>\n    <Data Name=\"FirstRefresh\">0</Data>\n  </EventData>\n</Event>\n",
  "json": "{\"Event\":{\"#attributes\":{\"xmlns\":\"http://schemas.microsoft.com/win/2004/08/events/event\"},\"System\":{\"Provider\":{\"#attributes\":{\"Name\":\"Microsoft-Windows-Kernel-General\",\"Guid\":\"A68CA8B7-004F-D7B6-A698-07E2DE0F1F5D\"}},\"EventID\":24,\"Version\":0,\"Level\":4,\"Task\":11,\"Opcode\":0,\"Keywords\":\"0x8000000000000010\",\"TimeCreated\":{\"#attributes\":{\"SystemTime\":\"2025-01-24T10:49:44.509148Z\"}},\"EventRecordID\":1086,\"Correlation\":null,\"Execution\":{\"#attributes\":{\"ProcessID\":552,\"ThreadID\":11688}},\"Channel\":\"System\",\"Computer\":\"CTO-FILESVR\",\"Security\":{\"#attributes\":{\"UserID\":\"S-1-5-19\"}}},\"EventData\":{\"ExitReason\":0,\"CurrentBias\":480,\"CurrentTimeZoneID\":1,\"TimeZoneInfoCacheUpdated\":0,\"FirstRefresh\":0}}}",
  "xml_fields": {
    "provider": "Microsoft-Windows-Kernel-General",
    "event_id": "24",
    "timestamp": "2025-01-24T10:49:44.509148Z",
    "event_record_id": "1086",
    "level": "4",
    "task": "11",
    "opcode": "0",
    "keywords": "0x8000000000000010",
    "channel": "System",
    "computer": "CTO-FILESVR",
    "ExitReason": "0",
    "CurrentBias": "480",
    "CurrentTimeZoneID": "1",
    "TimeZoneInfoCacheUpdated": "0",
    "FirstRefresh": "0"
  },
  "json_fields": {
    "provider": "Microsoft-Windows-Kernel-General",
    "channel": "System",
    "event_id": "24",
    "timestamp": "2025-01-24T10:49:44.509148Z",
    "event_record_id": "1086",
    "level": "4",
    "task": "11",
    "opcode": "0",
    "keywords": "0x8000000000000010",
    "computer": "CTO-FILESVR",
    "ExitReason": "0",
    "CurrentBias": "480",
    "CurrentTimeZoneID": "1",
    "TimeZoneInfoCacheUpdated": "0",
    "FirstRefresh": "0"
  }
}