{
  "event_id": "24",
  "provider": "Microsoft-Windows-Sysmon",
  "channel": "Microsoft-Windows-Sysmon/Operational",
  "source_file": "D:\\visual code file\\Project_4\\Event-Analyzer\\test\\Benign\\Logs_Client\\Microsoft-Windows-Sysmon%4Operational.evtx",
  "event_record_id": 852618,
  "xml": "<?xml version=\"1.0\" encoding=\"utf-8\"?>\n<Event xmlns=\"http://schemas.microsoft.com/win/2004/08/events/event\">\n  <System>\n    <Provider Name=\"Microsoft-Windows-Sysmon\" Guid=\"5770385F-C22A-43E0-BF4C-06F5698FFBD9\">\n    </Provider>\n    <EventID>24</EventID>\n    <Version>5</Version>\n    <Level>4</Level>\n    <Task>24</Task>\n    <Opcode>0</Opcode>\n    <Keywords>0x8000000000000000</Keywords>\n    <TimeCreated SystemTime=\"2022-02-08T11:42:43.093173Z\">\n    </TimeCreated>\n    <EventRecordID>852618</EventRecordID>\n    <Correlation>\n    </Correlation>\n    <Execution ProcessID=\"2364\" ThreadID=\"1344\">\n    </Execution>\n    <Channel>Microsoft-Windows-Sysmon/Operational</Channel>\n    <Computer>DESKTOP-A8CALR3</Computer>\n    <Security UserID=\"S-1-5-18\">\n    </Security>\n  </System>\n  <EventData>\n    <Data Name=\"RuleName\">-</Data>\n    <Data Name=\"UtcTime\">2022-02-08 11:42:43.086</Data>\n    <Data Name=\"ProcessGuid\">50A1B328-240C-6202-6800-000000000600</Data>\n    <Data Name=\"ProcessId\">5484</Data>\n    <Data Name=\"Image\">C:\\Windows\\System32\\VBoxTray.exe</Data>\n    <Data Name=\"Session\">1</Data>\n    <Data Name=\"ClientInfo\">user: DESKTOP-A8CALR3\\user</Data>\n    <Data Name=\"Hashes\">SHA1=1ED1EFD533E8D987D28ECAE5D914D0D854BD47B6,MD5=D5C951F88BD884D05F1168064DBB2C71,SHA256=C26AD9D41CB74C293D3C29C045FEF2451EF23E2F55A66F9502167B9605DFB5BD,IMPHASH=00000000000000000000000000000000</Data>\n    <Data Name=\"Archived\">true</Data>\n    <Data Name=\"User\">DESKTOP-A8CALR3\\user</Data>\n  </EventData>\n</Event>\n",
  "json": "{\"Event\":{\"#attributes\":{\"xmlns\":\"http://schemas.microsoft.com/win/2004/08/events/event\"},\"System\":{\"Provider\":{\"#attributes\":{\"Name\":\"Microsoft-Windows-Sysmon\",\"Guid\":\"5770385F-C22A-43E0-BF4C-06F5698FFBD9\"}},\"EventID\":24,\"Version\":5,\"Level\":4,\"Task\":24,\"Opcode\":0,\"Keywords\":\"0x8000000000000000\",\"TimeCreated\":{\"#attributes\":{\"SystemTime\":\"2022-02-08T11:42:43.093173Z\"}},\"EventRecordID\":852618,\"Correlation\":null,\"Execution\":{\"#attributes\":{\"ProcessID\":2364,\"ThreadID\":1344}},\"Channel\":\"Microsoft-Windows-Sysmon/Operational\",\"Computer\":\"DESKTOP-A8CALR3\",\"Security\":{\"#attributes\":{\"UserID\":\"S-1-5-18\"}}},\"EventData\":{\"RuleName\":\"-\",\"UtcTime\":\"2022-02-08 11:42:43.086\",\"ProcessGuid\":\"50A1B328-240C-6202-6800-000000000600\",\"ProcessId\":5484,\"Image\":\"C:\\\\Windows\\\\System32\\\\VBoxTray.exe\",\"Session\":1,\"ClientInfo\":\"user: DESKTOP-A8CALR3\\\\user\",\"Hashes\":\"SHA1=1ED1EFD533E8D987D28ECAE5D914D0D854BD47B6,MD5=D5C951F88BD884D05F1168064DBB2C71,SHA256=C26AD9D41CB74C293D3C29C045FEF2451EF23E2F55A66F9502167B9605DFB5BD,IMPHASH=00000000000000000000000000000000\",\"Archived\":\"true\",\"User\":\"DESKTOP-A8CALR3\\\\user\"}}}",
  "xml_fields": {
    "provider": "Microsoft-Windows-Sysmon",
    "event_id": "24",
    "timestamp": "2022-02-08T11:42:43.093173Z",
    "event_record_id": "852618",
    "level": "4",
    "task": "24",
    "opcode": "0",
    "keywords": "0x8000000000000000",
    "channel": "Microsoft-Windows-Sysmon/Operational",
    "computer": "DESKTOP-A8CALR3",
    "RuleName": "-",
    "UtcTime": "2022-02-08 11:42:43.086",
    "ProcessGuid": "50A1B328-240C-6202-6800-000000000600",
    "ProcessId": "5484",
    "Image": "C:\\Windows\\System32\\VBoxTray.exe",
    "Session": "1",
    "ClientInfo": "user: DESKTOP-A8CALR3\\user",
    "Hashes": "SHA1=1ED1EFD533E8D987D28ECAE5D914D0D854BD47B6,MD5=D5C951F88BD884D05F1168064DBB2C71,SHA256=C26AD9D41CB74C293D3C29C045FEF2451EF23E2F55A66F9502167B9605DFB5BD,IMPHASH=00000000000000000000000000000000",
    "Archived": "true",
    "User": "DESKTOP-A8CALR3\\user"
  },
  "json_fields": {
    "provider": "Microsoft-Windows-Sysmon",
    "channel": "Microsoft-Windows-Sysmon/Operational",
    "event_id": "24",
    "timestamp": "2022-02-08T11:42:43.093173Z",
    "event_record_id": "852618",
    "level": "4",
    "task": "24",
    "opcode": "0",
    "keywords": "0x8000000000000000",
    "computer": "DESKTOP-A8CALR3",
    "RuleName": "-",
    "UtcTime": "2022-02-08 11:42:43.086",
    "ProcessGuid": "50A1B328-240C-6202-6800-000000000600",
    "ProcessId": "5484",
    "Image": "C:\\Windows\\System32\\VBoxTray.exe",
    "Session": "1",
    "ClientInfo": "user: DESKTOP-A8CALR3\\user",
    "Hashes": "SHA1=1ED1EFD533E8D987D28ECAE5D914D0D854BD47B6,MD5=D5C951F88BD884D05F1168064DBB2C71,SHA256=C26AD9D41CB74C293D3C29C045FEF2451EF23E2F55A66F9502167B9605DFB5BD,IMPHASH=00000000000000000000000000000000",
    "Archived": "true",
    "User": "DESKTOP-A8CALR3\\user"
  }
}