{
  "event_id": "24",
  "provider": "Microsoft-Windows-WMI",
  "channel": "Application",
  "source_file": "D:\\visual code file\\Project_4\\Event-Analyzer\\test\\Benign\\win2022-0-20348-azure\\Application.evtx",
  "event_record_id": 519,
  "xml": "<?xml version=\"1.0\" encoding=\"utf-8\"?>\n<Event xmlns=\"http://schemas.microsoft.com/win/2004/08/events/event\">\n  <System>\n    <Provider Name=\"Microsoft-Windows-WMI\" Guid=\"1EDEEE53-0AFE-4609-B846-D8C0B2075B1F\">\n    </Provider>\n    <EventID>24</EventID>\n    <Version>2</Version>\n    <Level>2</Level>\n    <Task>0</Task>\n    <Opcode>0</Opcode>\n    <Keywords>0x8000000000000000</Keywords>\n    <TimeCreated SystemTime=\"2022-09-18T09:51:31.903378Z\">\n    </TimeCreated>\n    <EventRecordID>519</EventRecordID>\n    <Correlation ActivityID=\"7A1A5327-347A-0001-020D-672144CBD801\">\n    </Correlation>\n    <Execution ProcessID=\"2948\" ThreadID=\"4252\">\n    </Execution>\n    <Channel>Application</Channel>\n    <Computer>Agamemnon</Computer>\n    <Security UserID=\"S-1-5-18\">\n    </Security>\n  </System>\n  <UserData>\n    <data_0x8000003F xmlns=\"http://manifests.microsoft.com/win/2006/windows/WMI\">\n      <EventProvider></EventProvider>\n      <Query>select * from MSFT_GatewayHealthEvent</Query>\n      <Class>MSFT_GatewayHealthEvent</Class>\n      <Namespace>//./root/Microsoft/Windows/RemoteAccess/GatewayHealthMonitor</Namespace>\n    </data_0x8000003F>\n  </UserData>\n</Event>\n",
  "json": "{\"Event\":{\"#attributes\":{\"xmlns\":\"http://schemas.microsoft.com/win/2004/08/events/event\"},\"System\":{\"Provider\":{\"#attributes\":{\"Name\":\"Microsoft-Windows-WMI\",\"Guid\":\"1EDEEE53-0AFE-4609-B846-D8C0B2075B1F\"}},\"EventID\":24,\"Version\":2,\"Level\":2,\"Task\":0,\"Opcode\":0,\"Keywords\":\"0x8000000000000000\",\"TimeCreated\":{\"#attributes\":{\"SystemTime\":\"2022-09-18T09:51:31.903378Z\"}},\"EventRecordID\":519,\"Correlation\":{\"#attributes\":{\"ActivityID\":\"7A1A5327-347A-0001-020D-672144CBD801\"}},\"Execution\":{\"#attributes\":{\"ProcessID\":2948,\"ThreadID\":4252}},\"Channel\":\"Application\",\"Computer\":\"Agamemnon\",\"Security\":{\"#attributes\":{\"UserID\":\"S-1-5-18\"}}},\"UserData\":{\"data_0x8000003F\":{\"#attributes\":{\"xmlns\":\"http://manifests.microsoft.com/win/2006/windows/WMI\"},\"EventProvider\":null,\"Query\":\"select * from MSFT_GatewayHealthEvent\",\"Class\":\"MSFT_GatewayHealthEvent\",\"Namespace\":\"//./root/Microsoft/Windows/RemoteAccess/GatewayHealthMonitor\"}}}}",
  "xml_fields": {
    "provider": "Microsoft-Windows-WMI",
    "event_id": "24",
    "timestamp": "2022-09-18T09:51:31.903378Z",
    "event_record_id": "519",
    "level": "2",
    "task": "0",
    "opcode": "0",
    "keywords": "0x8000000000000000",
    "channel": "Application",
    "computer": "Agamemnon",
    "Query": "select * from MSFT_GatewayHealthEvent",
    "Class": "MSFT_GatewayHealthEvent",
    "Namespace": "//./root/Microsoft/Windows/RemoteAccess/GatewayHealthMonitor"
  },
  "json_fields": {
    "provider": "Microsoft-Windows-WMI",
    "channel": "Application",
    "event_id": "24",
    "timestamp": "2022-09-18T09:51:31.903378Z",
    "event_record_id": "519",
    "level": "2",
    "task": "0",
    "opcode": "0",
    "keywords": "0x8000000000000000",
    "computer": "Agamemnon",
    "Query": "select * from MSFT_GatewayHealthEvent",
    "Class": "MSFT_GatewayHealthEvent",
    "Namespace": "//./root/Microsoft/Windows/RemoteAccess/GatewayHealthMonitor"
  }
}