{
  "event_id": "255",
  "provider": "Microsoft-Windows-Sysmon",
  "channel": "Microsoft-Windows-Sysmon/Operational",
  "source_file": "D:\\visual code file\\Project_4\\Event-Analyzer\\test\\Benign\\Logs_Client\\Microsoft-Windows-Sysmon%4Operational.evtx",
  "event_record_id": 1527203,
  "xml": "<?xml version=\"1.0\" encoding=\"utf-8\"?>\n<Event xmlns=\"http://schemas.microsoft.com/win/2004/08/events/event\">\n  <System>\n    <Provider Name=\"Microsoft-Windows-Sysmon\" Guid=\"5770385F-C22A-43E0-BF4C-06F5698FFBD9\">\n    </Provider>\n    <EventID>255</EventID>\n    <Version>3</Version>\n    <Level>2</Level>\n    <Task>255</Task>\n    <Opcode>0</Opcode>\n    <Keywords>0x8000000000000000</Keywords>\n    <TimeCreated SystemTime=\"2022-02-08T12:32:49.712383Z\">\n    </TimeCreated>\n    <EventRecordID>1527203</EventRecordID>\n    <Correlation>\n    </Correlation>\n    <Execution ProcessID=\"2364\" ThreadID=\"2664\">\n    </Execution>\n    <Channel>Microsoft-Windows-Sysmon/Operational</Channel>\n    <Computer>DESKTOP-A8CALR3</Computer>\n    <Security UserID=\"S-1-5-18\">\n    </Security>\n  </System>\n  <EventData>\n    <Data Name=\"UtcTime\">2022-02-08 12:32:49.709</Data>\n    <Data Name=\"ID\">GetConfigurationOptions</Data>\n    <Data Name=\"Description\">Failed to open service configuration with error 94 - Last error: The media is write protected.\r\n</Data>\n  </EventData>\n</Event>\n",
  "json": "{\"Event\":{\"#attributes\":{\"xmlns\":\"http://schemas.microsoft.com/win/2004/08/events/event\"},\"System\":{\"Provider\":{\"#attributes\":{\"Name\":\"Microsoft-Windows-Sysmon\",\"Guid\":\"5770385F-C22A-43E0-BF4C-06F5698FFBD9\"}},\"EventID\":255,\"Version\":3,\"Level\":2,\"Task\":255,\"Opcode\":0,\"Keywords\":\"0x8000000000000000\",\"TimeCreated\":{\"#attributes\":{\"SystemTime\":\"2022-02-08T12:32:49.712383Z\"}},\"EventRecordID\":1527203,\"Correlation\":null,\"Execution\":{\"#attributes\":{\"ProcessID\":2364,\"ThreadID\":2664}},\"Channel\":\"Microsoft-Windows-Sysmon/Operational\",\"Computer\":\"DESKTOP-A8CALR3\",\"Security\":{\"#attributes\":{\"UserID\":\"S-1-5-18\"}}},\"EventData\":{\"UtcTime\":\"2022-02-08 12:32:49.709\",\"ID\":\"GetConfigurationOptions\",\"Description\":\"Failed to open service configuration with error 94 - Last error: The media is write protected.\\r\\n\"}}}",
  "xml_fields": {
    "provider": "Microsoft-Windows-Sysmon",
    "event_id": "255",
    "timestamp": "2022-02-08T12:32:49.712383Z",
    "event_record_id": "1527203",
    "level": "2",
    "task": "255",
    "opcode": "0",
    "keywords": "0x8000000000000000",
    "channel": "Microsoft-Windows-Sysmon/Operational",
    "computer": "DESKTOP-A8CALR3",
    "UtcTime": "2022-02-08 12:32:49.709",
    "ID": "GetConfigurationOptions",
    "Description": "Failed to open service configuration with error 94 - Last error: The media is write protected.\n"
  },
  "json_fields": {
    "provider": "Microsoft-Windows-Sysmon",
    "channel": "Microsoft-Windows-Sysmon/Operational",
    "event_id": "255",
    "timestamp": "2022-02-08T12:32:49.712383Z",
    "event_record_id": "1527203",
    "level": "2",
    "task": "255",
    "opcode": "0",
    "keywords": "0x8000000000000000",
    "computer": "DESKTOP-A8CALR3",
    "UtcTime": "2022-02-08 12:32:49.709",
    "ID": "GetConfigurationOptions",
    "Description": "Failed to open service configuration with error 94 - Last error: The media is write protected.\r\n"
  }
}