{
  "event_id": "257",
  "provider": "Microsoft-Windows-CAPI2",
  "channel": "Application",
  "source_file": "D:\\visual code file\\Project_4\\Event-Analyzer\\test\\Logs\\Application.evtx",
  "event_record_id": 22,
  "xml": "<?xml version=\"1.0\" encoding=\"utf-8\"?>\n<Event xmlns=\"http://schemas.microsoft.com/win/2004/08/events/event\">\n  <System>\n    <Provider Name=\"Microsoft-Windows-CAPI2\" Guid=\"{5bbca4a8-b209-48dc-a8c7-b23d3e5216fb}\" EventSourceName=\"Microsoft-Windows-CAPI2\">\n    </Provider>\n    <EventID Qualifiers=\"0\">257</EventID>\n    <Version>0</Version>\n    <Level>2</Level>\n    <Task>0</Task>\n    <Opcode>0</Opcode>\n    <Keywords>0x8080000000000000</Keywords>\n    <TimeCreated SystemTime=\"2024-11-05T01:34:14.857505Z\">\n    </TimeCreated>\n    <EventRecordID>22</EventRecordID>\n    <Correlation>\n    </Correlation>\n    <Execution ProcessID=\"1388\" ThreadID=\"1408\">\n    </Execution>\n    <Channel>Application</Channel>\n    <Computer>DESKTOP-P9H5FTA</Computer>\n    <Security>\n    </Security>\n  </System>\n  <EventData>\n    <Data>-1409</Data>\n    <Binary></Binary>\n  </EventData>\n</Event>\n",
  "json": "{\"Event\":{\"#attributes\":{\"xmlns\":\"http://schemas.microsoft.com/win/2004/08/events/event\"},\"System\":{\"Provider\":{\"#attributes\":{\"Name\":\"Microsoft-Windows-CAPI2\",\"Guid\":\"{5bbca4a8-b209-48dc-a8c7-b23d3e5216fb}\",\"EventSourceName\":\"Microsoft-Windows-CAPI2\"}},\"EventID\":{\"#attributes\":{\"Qualifiers\":0},\"#text\":257},\"Version\":0,\"Level\":2,\"Task\":0,\"Opcode\":0,\"Keywords\":\"0x8080000000000000\",\"TimeCreated\":{\"#attributes\":{\"SystemTime\":\"2024-11-05T01:34:14.857505Z\"}},\"EventRecordID\":22,\"Correlation\":null,\"Execution\":{\"#attributes\":{\"ProcessID\":1388,\"ThreadID\":1408}},\"Channel\":\"Application\",\"Computer\":\"DESKTOP-P9H5FTA\",\"Security\":null},\"EventData\":{\"Data\":{\"#text\":\"-1409\"},\"Binary\":null}}}",
  "xml_fields": {
    "provider": "Microsoft-Windows-CAPI2",
    "event_id": "257",
    "timestamp": "2024-11-05T01:34:14.857505Z",
    "event_record_id": "22",
    "level": "2",
    "task": "0",
    "opcode": "0",
    "keywords": "0x8080000000000000",
    "channel": "Application",
    "computer": "DESKTOP-P9H5FTA",
    "_data_0": "-1409"
  },
  "json_fields": {
    "provider": "Microsoft-Windows-CAPI2",
    "channel": "Application",
    "event_id": "257",
    "timestamp": "2024-11-05T01:34:14.857505Z",
    "event_record_id": "22",
    "level": "2",
    "task": "0",
    "opcode": "0",
    "keywords": "0x8080000000000000",
    "computer": "DESKTOP-P9H5FTA",
    "Data": "-1409"
  }
}