{
  "event_id": "257",
  "provider": "Microsoft-Windows-Time-Service",
  "channel": "Microsoft-Windows-Time-Service/Operational",
  "source_file": "D:\\visual code file\\Project_4\\Event-Analyzer\\test\\Logs\\Microsoft-Windows-Time-Service%4Operational.evtx",
  "event_record_id": 2,
  "xml": "<?xml version=\"1.0\" encoding=\"utf-8\"?>\n<Event xmlns=\"http://schemas.microsoft.com/win/2004/08/events/event\">\n  <System>\n    <Provider Name=\"Microsoft-Windows-Time-Service\" Guid=\"06EDCFEB-0FD0-4E53-ACCA-A6F8BBF81BCB\">\n    </Provider>\n    <EventID>257</EventID>\n    <Version>0</Version>\n    <Level>4</Level>\n    <Task>0</Task>\n    <Opcode>0</Opcode>\n    <Keywords>0x4000000000000000</Keywords>\n    <TimeCreated SystemTime=\"2024-11-05T01:34:15.244895Z\">\n    </TimeCreated>\n    <EventRecordID>2</EventRecordID>\n    <Correlation>\n    </Correlation>\n    <Execution ProcessID=\"1480\" ThreadID=\"1508\">\n    </Execution>\n    <Channel>Microsoft-Windows-Time-Service/Operational</Channel>\n    <Computer>DESKTOP-P9H5FTA</Computer>\n    <Security UserID=\"S-1-5-19\">\n    </Security>\n  </System>\n  <EventData Name=\"TMP_OPS_STARTUP\">\n    <Data Name=\"CurrentTime(UTC)\">2024-11-05T01:34:15.244Z</Data>\n    <Data Name=\"TickCount\">11921</Data>\n    <Data Name=\"Configuration\">EventLogFlags: 2 (Local)\nAnnounceFlags: 10 (Local)\nTimeJumpAuditOffset: 28800 (Local)\nMinPollInterval: 10 (Local)\nMaxPollInterval: 15 (Local)\nMaxNegPhaseCorrection: 54000 (Local)\nMaxPosPhaseCorrection: 54000 (Local)\nMaxAllowedPhaseOffset: 1 (Local)\n\nFrequencyCorrectRate: 4 (Local)\nPollAdjustFactor: 5 (Local)\nLargePhaseOffset: 50000000 (Local)\nSpikeWatchPeriod: 900 (Local)\nLocalClockDispersion: 10 (Local)\nHoldPeriod: 5 (Local)\nPhaseCorrectRate: 1 (Local)\nUpdateInterval: 360000 (Local)\n\nFileLogName:  (Undefined or not used)\nFileLogEntries:  (Undefined or not used)\nFileLogSize: 0 (Undefined or not used)\nFileLogFlags: 0 (Undefined or not used)\n\nUtilizeSslTimeData: 1 (Local)\n\n[Leap Seconds]\nEnabled: 1 (Local)\nTotal Leap Seconds (after June 2018): 0 (Local)\nCurrent UTC offset: 0 (Local)\n</Data>\n    <Data Name=\"TimeProviders\">NtpClient (Local)\nDllName: C:\\Windows\\system32\\w32time.dll (Local)\nEnabled: 1 (Local)\nInputProvider: 1 (Local)\nCrossSiteSyncFlags: 0 (Undefined or not used)\nAllowNonstandardModeCombinations: 1 (Local)\nResolvePeerBackoffMinutes: 15 (Local)\nResolvePeerBackoffMaxTimes: 7 (Local)\nCompatibilityFlags: 2147483648 (Local)\nEventLogFlags: 1 (Local)\nLargeSampleSkew: 3 (Local)\nSpecialPollInterval: 32768 (Local)\nType: NTP (Local)\nNtpServer: time.windows.com,0x9 (Local)\n\nVMICTimeProvider (Local)\nDllName: C:\\Windows\\System32\\vmictimeprovider.dll (Local)\nEnabled: 1 (Local)\nInputProvider: 1 (Local)\n\nNtpServer (Local)\nDllName: C:\\Windows\\system32\\w32time.dll (Local)\nEnabled: 0 (Local)\nInputProvider: 0 (Local)\n\n\n</Data>\n    <Data Name=\"ClockRate\">156250</Data>\n  </EventData>\n</Event>\n",
  "json": "{\"Event\":{\"#attributes\":{\"xmlns\":\"http://schemas.microsoft.com/win/2004/08/events/event\"},\"System\":{\"Provider\":{\"#attributes\":{\"Name\":\"Microsoft-Windows-Time-Service\",\"Guid\":\"06EDCFEB-0FD0-4E53-ACCA-A6F8BBF81BCB\"}},\"EventID\":257,\"Version\":0,\"Level\":4,\"Task\":0,\"Opcode\":0,\"Keywords\":\"0x4000000000000000\",\"TimeCreated\":{\"#attributes\":{\"SystemTime\":\"2024-11-05T01:34:15.244895Z\"}},\"EventRecordID\":2,\"Correlation\":null,\"Execution\":{\"#attributes\":{\"ProcessID\":1480,\"ThreadID\":1508}},\"Channel\":\"Microsoft-Windows-Time-Service/Operational\",\"Computer\":\"DESKTOP-P9H5FTA\",\"Security\":{\"#attributes\":{\"UserID\":\"S-1-5-19\"}}},\"EventData\":{\"#attributes\":{\"Name\":\"TMP_OPS_STARTUP\"},\"CurrentTime(UTC)\":\"2024-11-05T01:34:15.244Z\",\"TickCount\":11921,\"Configuration\":\"EventLogFlags: 2 (Local)\\nAnnounceFlags: 10 (Local)\\nTimeJumpAuditOffset: 28800 (Local)\\nMinPollInterval: 10 (Local)\\nMaxPollInterval: 15 (Local)\\nMaxNegPhaseCorrection: 54000 (Local)\\nMaxPosPhaseCorrection: 54000 (Local)\\nMaxAllowedPhaseOffset: 1 (Local)\\n\\nFrequencyCorrectRate: 4 (Local)\\nPollAdjustFactor: 5 (Local)\\nLargePhaseOffset: 50000000 (Local)\\nSpikeWatchPeriod: 900 (Local)\\nLocalClockDispersion: 10 (Local)\\nHoldPeriod: 5 (Local)\\nPhaseCorrectRate: 1 (Local)\\nUpdateInterval: 360000 (Local)\\n\\nFileLogName:  (Undefined or not used)\\nFileLogEntries:  (Undefined or not used)\\nFileLogSize: 0 (Undefined or not used)\\nFileLogFlags: 0 (Undefined or not used)\\n\\nUtilizeSslTimeData: 1 (Local)\\n\\n[Leap Seconds]\\nEnabled: 1 (Local)\\nTotal Leap Seconds (after June 2018): 0 (Local)\\nCurrent UTC offset: 0 (Local)\\n\",\"TimeProviders\":\"NtpClient (Local)\\nDllName: C:\\\\Windows\\\\system32\\\\w32time.dll (Local)\\nEnabled: 1 (Local)\\nInputProvider: 1 (Local)\\nCrossSiteSyncFlags: 0 (Undefined or not used)\\nAllowNonstandardModeCombinations: 1 (Local)\\nResolvePeerBackoffMinutes: 15 (Local)\\nResolvePeerBackoffMaxTimes: 7 (Local)\\nCompatibilityFlags: 2147483648 (Local)\\nEventLogFlags: 1 (Local)\\nLargeSampleSkew: 3 (Local)\\nSpecialPollInterval: 32768 (Local)\\nType: NTP (Local)\\nNtpServer: time.windows.com,0x9 (Local)\\n\\nVMICTimeProvider (Local)\\nDllName: C:\\\\Windows\\\\System32\\\\vmictimeprovider.dll (Local)\\nEnabled: 1 (Local)\\nInputProvider: 1 (Local)\\n\\nNtpServer (Local)\\nDllName: C:\\\\Windows\\\\system32\\\\w32time.dll (Local)\\nEnabled: 0 (Local)\\nInputProvider: 0 (Local)\\n\\n\\n\",\"ClockRate\":156250}}}",
  "xml_fields": {
    "provider": "Microsoft-Windows-Time-Service",
    "event_id": "257",
    "timestamp": "2024-11-05T01:34:15.244895Z",
    "event_record_id": "2",
    "level": "4",
    "task": "0",
    "opcode": "0",
    "keywords": "0x4000000000000000",
    "channel": "Microsoft-Windows-Time-Service/Operational",
    "computer": "DESKTOP-P9H5FTA",
    "CurrentTime(UTC)": "2024-11-05T01:34:15.244Z",
    "TickCount": "11921",
    "Configuration": "EventLogFlags: 2 (Local)\nAnnounceFlags: 10 (Local)\nTimeJumpAuditOffset: 28800 (Local)\nMinPollInterval: 10 (Local)\nMaxPollInterval: 15 (Local)\nMaxNegPhaseCorrection: 54000 (Local)\nMaxPosPhaseCorrection: 54000 (Local)\nMaxAllowedPhaseOffset: 1 (Local)\n\nFrequencyCorrectRate: 4 (Local)\nPollAdjustFactor: 5 (Local)\nLargePhaseOffset: 50000000 (Local)\nSpikeWatchPeriod: 900 (Local)\nLocalClockDispersion: 10 (Local)\nHoldPeriod: 5 (Local)\nPhaseCorrectRate: 1 (Local)\nUpdateInterval: 360000 (Local)\n\nFileLogName:  (Undefined or not used)\nFileLogEntries:  (Undefined or not used)\nFileLogSize: 0 (Undefined or not used)\nFileLogFlags: 0 (Undefined or not used)\n\nUtilizeSslTimeData: 1 (Local)\n\n[Leap Seconds]\nEnabled: 1 (Local)\nTotal Leap Seconds (after June 2018): 0 (Local)\nCurrent UTC offset: 0 (Local)\n",
    "TimeProviders": "NtpClient (Local)\nDllName: C:\\Windows\\system32\\w32time.dll (Local)\nEnabled: 1 (Local)\nInputProvider: 1 (Local)\nCrossSiteSyncFlags: 0 (Undefined or not used)\nAllowNonstandardModeCombinations: 1 (Local)\nResolvePeerBackoffMinutes: 15 (Local)\nResolvePeerBackoffMaxTimes: 7 (Local)\nCompatibilityFlags: 2147483648 (Local)\nEventLogFlags: 1 (Local)\nLargeSampleSkew: 3 (Local)\nSpecialPollInterval: 32768 (Local)\nType: NTP (Local)\nNtpServer: time.windows.com,0x9 (Local)\n\nVMICTimeProvider (Local)\nDllName: C:\\Windows\\System32\\vmictimeprovider.dll (Local)\nEnabled: 1 (Local)\nInputProvider: 1 (Local)\n\nNtpServer (Local)\nDllName: C:\\Windows\\system32\\w32time.dll (Local)\nEnabled: 0 (Local)\nInputProvider: 0 (Local)\n\n\n",
    "ClockRate": "156250"
  },
  "json_fields": {
    "provider": "Microsoft-Windows-Time-Service",
    "channel": "Microsoft-Windows-Time-Service/Operational",
    "event_id": "257",
    "timestamp": "2024-11-05T01:34:15.244895Z",
    "event_record_id": "2",
    "level": "4",
    "task": "0",
    "opcode": "0",
    "keywords": "0x4000000000000000",
    "computer": "DESKTOP-P9H5FTA",
    "CurrentTime(UTC)": "2024-11-05T01:34:15.244Z",
    "TickCount": "11921",
    "Configuration": "EventLogFlags: 2 (Local)\nAnnounceFlags: 10 (Local)\nTimeJumpAuditOffset: 28800 (Local)\nMinPollInterval: 10 (Local)\nMaxPollInterval: 15 (Local)\nMaxNegPhaseCorrection: 54000 (Local)\nMaxPosPhaseCorrection: 54000 (Local)\nMaxAllowedPhaseOffset: 1 (Local)\n\nFrequencyCorrectRate: 4 (Local)\nPollAdjustFactor: 5 (Local)\nLargePhaseOffset: 50000000 (Local)\nSpikeWatchPeriod: 900 (Local)\nLocalClockDispersion: 10 (Local)\nHoldPeriod: 5 (Local)\nPhaseCorrectRate: 1 (Local)\nUpdateInterval: 360000 (Local)\n\nFileLogName:  (Undefined or not used)\nFileLogEntries:  (Undefined or not used)\nFileLogSize: 0 (Undefined or not used)\nFileLogFlags: 0 (Undefined or not used)\n\nUtilizeSslTimeData: 1 (Local)\n\n[Leap Seconds]\nEnabled: 1 (Local)\nTotal Leap Seconds (after June 2018): 0 (Local)\nCurrent UTC offset: 0 (Local)\n",
    "TimeProviders": "NtpClient (Local)\nDllName: C:\\Windows\\system32\\w32time.dll (Local)\nEnabled: 1 (Local)\nInputProvider: 1 (Local)\nCrossSiteSyncFlags: 0 (Undefined or not used)\nAllowNonstandardModeCombinations: 1 (Local)\nResolvePeerBackoffMinutes: 15 (Local)\nResolvePeerBackoffMaxTimes: 7 (Local)\nCompatibilityFlags: 2147483648 (Local)\nEventLogFlags: 1 (Local)\nLargeSampleSkew: 3 (Local)\nSpecialPollInterval: 32768 (Local)\nType: NTP (Local)\nNtpServer: time.windows.com,0x9 (Local)\n\nVMICTimeProvider (Local)\nDllName: C:\\Windows\\System32\\vmictimeprovider.dll (Local)\nEnabled: 1 (Local)\nInputProvider: 1 (Local)\n\nNtpServer (Local)\nDllName: C:\\Windows\\system32\\w32time.dll (Local)\nEnabled: 0 (Local)\nInputProvider: 0 (Local)\n\n\n",
    "ClockRate": "156250"
  }
}