{
  "event_id": "258",
  "provider": "Microsoft-Windows-Defrag",
  "channel": "Application",
  "source_file": "D:\\visual code file\\Project_4\\Event-Analyzer\\test\\Benign\\Logs_Client\\Application.evtx",
  "event_record_id": 185,
  "xml": "<?xml version=\"1.0\" encoding=\"utf-8\"?>\n<Event xmlns=\"http://schemas.microsoft.com/win/2004/08/events/event\">\n  <System>\n    <Provider Name=\"Microsoft-Windows-Defrag\">\n    </Provider>\n    <EventID Qualifiers=\"0\">258</EventID>\n    <Version>0</Version>\n    <Level>0</Level>\n    <Task>0</Task>\n    <Opcode>0</Opcode>\n    <Keywords>0x80000000000000</Keywords>\n    <TimeCreated SystemTime=\"2022-02-07T15:22:19.909853Z\">\n    </TimeCreated>\n    <EventRecordID>185</EventRecordID>\n    <Correlation>\n    </Correlation>\n    <Execution ProcessID=\"0\" ThreadID=\"0\">\n    </Execution>\n    <Channel>Application</Channel>\n    <Computer>DESKTOP-A8CALR3</Computer>\n    <Security>\n    </Security>\n  </System>\n  <EventData>\n    <Data>boot optimization</Data>\n    <Data>(C:)</Data>\n    <Binary>0000000026040000FD0300000000000022B630DF6479C7F6E26C1C000000000000000000</Binary>\n  </EventData>\n</Event>\n",
  "json": "{\"Event\":{\"#attributes\":{\"xmlns\":\"http://schemas.microsoft.com/win/2004/08/events/event\"},\"System\":{\"Provider\":{\"#attributes\":{\"Name\":\"Microsoft-Windows-Defrag\"}},\"EventID\":{\"#attributes\":{\"Qualifiers\":0},\"#text\":258},\"Version\":0,\"Level\":0,\"Task\":0,\"Opcode\":0,\"Keywords\":\"0x80000000000000\",\"TimeCreated\":{\"#attributes\":{\"SystemTime\":\"2022-02-07T15:22:19.909853Z\"}},\"EventRecordID\":185,\"Correlation\":null,\"Execution\":{\"#attributes\":{\"ProcessID\":0,\"ThreadID\":0}},\"Channel\":\"Application\",\"Computer\":\"DESKTOP-A8CALR3\",\"Security\":null},\"EventData\":{\"Data\":{\"#text\":[\"boot optimization\",\"(C:)\"]},\"Binary\":\"0000000026040000FD0300000000000022B630DF6479C7F6E26C1C000000000000000000\"}}}",
  "xml_fields": {
    "provider": "Microsoft-Windows-Defrag",
    "event_id": "258",
    "timestamp": "2022-02-07T15:22:19.909853Z",
    "event_record_id": "185",
    "level": "0",
    "task": "0",
    "opcode": "0",
    "keywords": "0x80000000000000",
    "channel": "Application",
    "computer": "DESKTOP-A8CALR3",
    "_data_0": "boot optimization",
    "_data_1": "(C:)",
    "Binary": "0000000026040000FD0300000000000022B630DF6479C7F6E26C1C000000000000000000"
  },
  "json_fields": {
    "provider": "Microsoft-Windows-Defrag",
    "channel": "Application",
    "event_id": "258",
    "timestamp": "2022-02-07T15:22:19.909853Z",
    "event_record_id": "185",
    "level": "0",
    "task": "0",
    "opcode": "0",
    "keywords": "0x80000000000000",
    "computer": "DESKTOP-A8CALR3",
    "_data_0": "boot optimization",
    "_data_1": "(C:)",
    "Binary": "0000000026040000FD0300000000000022B630DF6479C7F6E26C1C000000000000000000"
  }
}