{
  "event_id": "25",
  "provider": "Microsoft-Windows-Sysmon",
  "channel": "Microsoft-Windows-Sysmon/Operational",
  "source_file": "D:\\visual code file\\Project_4\\Event-Analyzer\\test\\Benign\\Logs_Client\\Microsoft-Windows-Sysmon%4Operational.evtx",
  "event_record_id": 1429491,
  "xml": "<?xml version=\"1.0\" encoding=\"utf-8\"?>\n<Event xmlns=\"http://schemas.microsoft.com/win/2004/08/events/event\">\n  <System>\n    <Provider Name=\"Microsoft-Windows-Sysmon\" Guid=\"5770385F-C22A-43E0-BF4C-06F5698FFBD9\">\n    </Provider>\n    <EventID>25</EventID>\n    <Version>5</Version>\n    <Level>4</Level>\n    <Task>25</Task>\n    <Opcode>0</Opcode>\n    <Keywords>0x8000000000000000</Keywords>\n    <TimeCreated SystemTime=\"2022-02-08T12:12:34.418179Z\">\n    </TimeCreated>\n    <EventRecordID>1429491</EventRecordID>\n    <Correlation>\n    </Correlation>\n    <Execution ProcessID=\"2364\" ThreadID=\"2792\">\n    </Execution>\n    <Channel>Microsoft-Windows-Sysmon/Operational</Channel>\n    <Computer>DESKTOP-A8CALR3</Computer>\n    <Security UserID=\"S-1-5-18\">\n    </Security>\n  </System>\n  <EventData>\n    <Data Name=\"RuleName\">-</Data>\n    <Data Name=\"UtcTime\">2022-02-08 12:12:34.416</Data>\n    <Data Name=\"ProcessGuid\">50A1B328-5E32-6202-AC06-000000000600</Data>\n    <Data Name=\"ProcessId\">1520</Data>\n    <Data Name=\"Image\">C:\\Windows\\System32\\conhost.exe</Data>\n    <Data Name=\"Type\">Image is locked for access</Data>\n    <Data Name=\"User\">DESKTOP-A8CALR3\\user</Data>\n  </EventData>\n</Event>\n",
  "json": "{\"Event\":{\"#attributes\":{\"xmlns\":\"http://schemas.microsoft.com/win/2004/08/events/event\"},\"System\":{\"Provider\":{\"#attributes\":{\"Name\":\"Microsoft-Windows-Sysmon\",\"Guid\":\"5770385F-C22A-43E0-BF4C-06F5698FFBD9\"}},\"EventID\":25,\"Version\":5,\"Level\":4,\"Task\":25,\"Opcode\":0,\"Keywords\":\"0x8000000000000000\",\"TimeCreated\":{\"#attributes\":{\"SystemTime\":\"2022-02-08T12:12:34.418179Z\"}},\"EventRecordID\":1429491,\"Correlation\":null,\"Execution\":{\"#attributes\":{\"ProcessID\":2364,\"ThreadID\":2792}},\"Channel\":\"Microsoft-Windows-Sysmon/Operational\",\"Computer\":\"DESKTOP-A8CALR3\",\"Security\":{\"#attributes\":{\"UserID\":\"S-1-5-18\"}}},\"EventData\":{\"RuleName\":\"-\",\"UtcTime\":\"2022-02-08 12:12:34.416\",\"ProcessGuid\":\"50A1B328-5E32-6202-AC06-000000000600\",\"ProcessId\":1520,\"Image\":\"C:\\\\Windows\\\\System32\\\\conhost.exe\",\"Type\":\"Image is locked for access\",\"User\":\"DESKTOP-A8CALR3\\\\user\"}}}",
  "xml_fields": {
    "provider": "Microsoft-Windows-Sysmon",
    "event_id": "25",
    "timestamp": "2022-02-08T12:12:34.418179Z",
    "event_record_id": "1429491",
    "level": "4",
    "task": "25",
    "opcode": "0",
    "keywords": "0x8000000000000000",
    "channel": "Microsoft-Windows-Sysmon/Operational",
    "computer": "DESKTOP-A8CALR3",
    "RuleName": "-",
    "UtcTime": "2022-02-08 12:12:34.416",
    "ProcessGuid": "50A1B328-5E32-6202-AC06-000000000600",
    "ProcessId": "1520",
    "Image": "C:\\Windows\\System32\\conhost.exe",
    "Type": "Image is locked for access",
    "User": "DESKTOP-A8CALR3\\user"
  },
  "json_fields": {
    "provider": "Microsoft-Windows-Sysmon",
    "channel": "Microsoft-Windows-Sysmon/Operational",
    "event_id": "25",
    "timestamp": "2022-02-08T12:12:34.418179Z",
    "event_record_id": "1429491",
    "level": "4",
    "task": "25",
    "opcode": "0",
    "keywords": "0x8000000000000000",
    "computer": "DESKTOP-A8CALR3",
    "RuleName": "-",
    "UtcTime": "2022-02-08 12:12:34.416",
    "ProcessGuid": "50A1B328-5E32-6202-AC06-000000000600",
    "ProcessId": "1520",
    "Image": "C:\\Windows\\System32\\conhost.exe",
    "Type": "Image is locked for access",
    "User": "DESKTOP-A8CALR3\\user"
  }
}