{
  "event_id": "25",
  "provider": "Microsoft-Windows-TerminalServices-LocalSessionManager",
  "channel": "Microsoft-Windows-TerminalServices-LocalSessionManager/Operational",
  "source_file": "D:\\visual code file\\Project_4\\Event-Analyzer\\test\\Logs\\Microsoft-Windows-TerminalServices-LocalSessionManager%4Operational.evtx",
  "event_record_id": 93,
  "xml": "<?xml version=\"1.0\" encoding=\"utf-8\"?>\n<Event xmlns=\"http://schemas.microsoft.com/win/2004/08/events/event\">\n  <System>\n    <Provider Name=\"Microsoft-Windows-TerminalServices-LocalSessionManager\" Guid=\"5D896912-022D-40AA-A3A8-4FA5515C76D7\">\n    </Provider>\n    <EventID>25</EventID>\n    <Version>0</Version>\n    <Level>4</Level>\n    <Task>0</Task>\n    <Opcode>0</Opcode>\n    <Keywords>0x1000000000000000</Keywords>\n    <TimeCreated SystemTime=\"2025-01-24T10:15:15.282832Z\">\n    </TimeCreated>\n    <EventRecordID>93</EventRecordID>\n    <Correlation ActivityID=\"F420E308-0D88-44F1-A6B8-8A0C82150000\">\n    </Correlation>\n    <Execution ProcessID=\"976\" ThreadID=\"7664\">\n    </Execution>\n    <Channel>Microsoft-Windows-TerminalServices-LocalSessionManager/Operational</Channel>\n    <Computer>CTO-FILESVR</Computer>\n    <Security UserID=\"S-1-5-18\">\n    </Security>\n  </System>\n  <UserData>\n    <EventXML xmlns=\"Event_NS\">\n      <User>CTO-FILESVR\\Dutch</User>\n      <SessionID>2</SessionID>\n      <Address>0:0:fe80::d18c:695%1989170785</Address>\n    </EventXML>\n  </UserData>\n</Event>\n",
  "json": "{\"Event\":{\"#attributes\":{\"xmlns\":\"http://schemas.microsoft.com/win/2004/08/events/event\"},\"System\":{\"Provider\":{\"#attributes\":{\"Name\":\"Microsoft-Windows-TerminalServices-LocalSessionManager\",\"Guid\":\"5D896912-022D-40AA-A3A8-4FA5515C76D7\"}},\"EventID\":25,\"Version\":0,\"Level\":4,\"Task\":0,\"Opcode\":0,\"Keywords\":\"0x1000000000000000\",\"TimeCreated\":{\"#attributes\":{\"SystemTime\":\"2025-01-24T10:15:15.282832Z\"}},\"EventRecordID\":93,\"Correlation\":{\"#attributes\":{\"ActivityID\":\"F420E308-0D88-44F1-A6B8-8A0C82150000\"}},\"Execution\":{\"#attributes\":{\"ProcessID\":976,\"ThreadID\":7664}},\"Channel\":\"Microsoft-Windows-TerminalServices-LocalSessionManager/Operational\",\"Computer\":\"CTO-FILESVR\",\"Security\":{\"#attributes\":{\"UserID\":\"S-1-5-18\"}}},\"UserData\":{\"EventXML\":{\"#attributes\":{\"xmlns\":\"Event_NS\"},\"User\":\"CTO-FILESVR\\\\Dutch\",\"SessionID\":2,\"Address\":\"0:0:fe80::d18c:695%1989170785\"}}}}",
  "xml_fields": {
    "provider": "Microsoft-Windows-TerminalServices-LocalSessionManager",
    "event_id": "25",
    "timestamp": "2025-01-24T10:15:15.282832Z",
    "event_record_id": "93",
    "level": "4",
    "task": "0",
    "opcode": "0",
    "keywords": "0x1000000000000000",
    "channel": "Microsoft-Windows-TerminalServices-LocalSessionManager/Operational",
    "computer": "CTO-FILESVR",
    "User": "CTO-FILESVR\\Dutch",
    "SessionID": "2",
    "Address": "0:0:fe80::d18c:695%1989170785"
  },
  "json_fields": {
    "provider": "Microsoft-Windows-TerminalServices-LocalSessionManager",
    "channel": "Microsoft-Windows-TerminalServices-LocalSessionManager/Operational",
    "event_id": "25",
    "timestamp": "2025-01-24T10:15:15.282832Z",
    "event_record_id": "93",
    "level": "4",
    "task": "0",
    "opcode": "0",
    "keywords": "0x1000000000000000",
    "computer": "CTO-FILESVR",
    "User": "CTO-FILESVR\\Dutch",
    "SessionID": "2",
    "Address": "0:0:fe80::d18c:695%1989170785"
  }
}