{
  "event_id": "261",
  "provider": "Microsoft-Windows-TerminalServices-RemoteConnectionManager",
  "channel": "Microsoft-Windows-TerminalServices-RemoteConnectionManager/Operational",
  "source_file": "D:\\visual code file\\Project_4\\Event-Analyzer\\test\\Logs\\Microsoft-Windows-TerminalServices-RemoteConnectionManager%4Operational.evtx",
  "event_record_id": 20,
  "xml": "<?xml version=\"1.0\" encoding=\"utf-8\"?>\n<Event xmlns=\"http://schemas.microsoft.com/win/2004/08/events/event\">\n  <System>\n    <Provider Name=\"Microsoft-Windows-TerminalServices-RemoteConnectionManager\" Guid=\"C76BAA63-AE81-421C-B425-340B4B24157F\">\n    </Provider>\n    <EventID>261</EventID>\n    <Version>0</Version>\n    <Level>4</Level>\n    <Task>0</Task>\n    <Opcode>0</Opcode>\n    <Keywords>0x1000000000000000</Keywords>\n    <TimeCreated SystemTime=\"2025-01-24T10:14:57.295492Z\">\n    </TimeCreated>\n    <EventRecordID>20</EventRecordID>\n    <Correlation ActivityID=\"F420B7BF-357C-4474-B663-1B9EC5300000\">\n    </Correlation>\n    <Execution ProcessID=\"428\" ThreadID=\"1876\">\n    </Execution>\n    <Channel>Microsoft-Windows-TerminalServices-RemoteConnectionManager/Operational</Channel>\n    <Computer>CTO-FILESVR</Computer>\n    <Security UserID=\"S-1-5-20\">\n    </Security>\n  </System>\n  <UserData>\n    <EventXML xmlns=\"Event_NS\">\n      <listenerName>RDP-Tcp</listenerName>\n    </EventXML>\n  </UserData>\n</Event>\n",
  "json": "{\"Event\":{\"#attributes\":{\"xmlns\":\"http://schemas.microsoft.com/win/2004/08/events/event\"},\"System\":{\"Provider\":{\"#attributes\":{\"Name\":\"Microsoft-Windows-TerminalServices-RemoteConnectionManager\",\"Guid\":\"C76BAA63-AE81-421C-B425-340B4B24157F\"}},\"EventID\":261,\"Version\":0,\"Level\":4,\"Task\":0,\"Opcode\":0,\"Keywords\":\"0x1000000000000000\",\"TimeCreated\":{\"#attributes\":{\"SystemTime\":\"2025-01-24T10:14:57.295492Z\"}},\"EventRecordID\":20,\"Correlation\":{\"#attributes\":{\"ActivityID\":\"F420B7BF-357C-4474-B663-1B9EC5300000\"}},\"Execution\":{\"#attributes\":{\"ProcessID\":428,\"ThreadID\":1876}},\"Channel\":\"Microsoft-Windows-TerminalServices-RemoteConnectionManager/Operational\",\"Computer\":\"CTO-FILESVR\",\"Security\":{\"#attributes\":{\"UserID\":\"S-1-5-20\"}}},\"UserData\":{\"EventXML\":{\"#attributes\":{\"xmlns\":\"Event_NS\"},\"listenerName\":\"RDP-Tcp\"}}}}",
  "xml_fields": {
    "provider": "Microsoft-Windows-TerminalServices-RemoteConnectionManager",
    "event_id": "261",
    "timestamp": "2025-01-24T10:14:57.295492Z",
    "event_record_id": "20",
    "level": "4",
    "task": "0",
    "opcode": "0",
    "keywords": "0x1000000000000000",
    "channel": "Microsoft-Windows-TerminalServices-RemoteConnectionManager/Operational",
    "computer": "CTO-FILESVR",
    "listenerName": "RDP-Tcp"
  },
  "json_fields": {
    "provider": "Microsoft-Windows-TerminalServices-RemoteConnectionManager",
    "channel": "Microsoft-Windows-TerminalServices-RemoteConnectionManager/Operational",
    "event_id": "261",
    "timestamp": "2025-01-24T10:14:57.295492Z",
    "event_record_id": "20",
    "level": "4",
    "task": "0",
    "opcode": "0",
    "keywords": "0x1000000000000000",
    "computer": "CTO-FILESVR",
    "listenerName": "RDP-Tcp"
  }
}