{
  "event_id": "262",
  "provider": "Microsoft-Windows-Time-Service",
  "channel": "Microsoft-Windows-Time-Service/Operational",
  "source_file": "D:\\visual code file\\Project_4\\Event-Analyzer\\test\\Benign\\win2022-0-20348-azure\\Microsoft-Windows-Time-Service%4Operational.evtx",
  "event_record_id": 10,
  "xml": "<?xml version=\"1.0\" encoding=\"utf-8\"?>\n<Event xmlns=\"http://schemas.microsoft.com/win/2004/08/events/event\">\n  <System>\n    <Provider Name=\"Microsoft-Windows-Time-Service\" Guid=\"06EDCFEB-0FD0-4E53-ACCA-A6F8BBF81BCB\">\n    </Provider>\n    <EventID>262</EventID>\n    <Version>0</Version>\n    <Level>4</Level>\n    <Task>0</Task>\n    <Opcode>0</Opcode>\n    <Keywords>0x4000000000000000</Keywords>\n    <TimeCreated SystemTime=\"2022-09-08T21:01:58.030594Z\">\n    </TimeCreated>\n    <EventRecordID>10</EventRecordID>\n    <Correlation>\n    </Correlation>\n    <Execution ProcessID=\"1104\" ThreadID=\"1180\">\n    </Execution>\n    <Channel>Microsoft-Windows-Time-Service/Operational</Channel>\n    <Computer>WIN-06FB45IHQ35</Computer>\n    <Security UserID=\"S-1-5-19\">\n    </Security>\n  </System>\n  <EventData Name=\"TMP_OPS_SET_TIME_ADJUSTMENT\">\n    <Data Name=\"AdjustmentPPM\">-2162.80005</Data>\n    <Data Name=\"NewClockRate\">156587</Data>\n    <Data Name=\"OldClockRate\">156250</Data>\n    <Data Name=\"TickCount\">24812</Data>\n    <Data Name=\"MinReportedAdjustmentPPM\">800.00000</Data>\n  </EventData>\n</Event>\n",
  "json": "{\"Event\":{\"#attributes\":{\"xmlns\":\"http://schemas.microsoft.com/win/2004/08/events/event\"},\"System\":{\"Provider\":{\"#attributes\":{\"Name\":\"Microsoft-Windows-Time-Service\",\"Guid\":\"06EDCFEB-0FD0-4E53-ACCA-A6F8BBF81BCB\"}},\"EventID\":262,\"Version\":0,\"Level\":4,\"Task\":0,\"Opcode\":0,\"Keywords\":\"0x4000000000000000\",\"TimeCreated\":{\"#attributes\":{\"SystemTime\":\"2022-09-08T21:01:58.030594Z\"}},\"EventRecordID\":10,\"Correlation\":null,\"Execution\":{\"#attributes\":{\"ProcessID\":1104,\"ThreadID\":1180}},\"Channel\":\"Microsoft-Windows-Time-Service/Operational\",\"Computer\":\"WIN-06FB45IHQ35\",\"Security\":{\"#attributes\":{\"UserID\":\"S-1-5-19\"}}},\"EventData\":{\"#attributes\":{\"Name\":\"TMP_OPS_SET_TIME_ADJUSTMENT\"},\"AdjustmentPPM\":\"-2162.80005\",\"NewClockRate\":156587,\"OldClockRate\":156250,\"TickCount\":24812,\"MinReportedAdjustmentPPM\":\"800.00000\"}}}",
  "xml_fields": {
    "provider": "Microsoft-Windows-Time-Service",
    "event_id": "262",
    "timestamp": "2022-09-08T21:01:58.030594Z",
    "event_record_id": "10",
    "level": "4",
    "task": "0",
    "opcode": "0",
    "keywords": "0x4000000000000000",
    "channel": "Microsoft-Windows-Time-Service/Operational",
    "computer": "WIN-06FB45IHQ35",
    "AdjustmentPPM": "-2162.80005",
    "NewClockRate": "156587",
    "OldClockRate": "156250",
    "TickCount": "24812",
    "MinReportedAdjustmentPPM": "800.00000"
  },
  "json_fields": {
    "provider": "Microsoft-Windows-Time-Service",
    "channel": "Microsoft-Windows-Time-Service/Operational",
    "event_id": "262",
    "timestamp": "2022-09-08T21:01:58.030594Z",
    "event_record_id": "10",
    "level": "4",
    "task": "0",
    "opcode": "0",
    "keywords": "0x4000000000000000",
    "computer": "WIN-06FB45IHQ35",
    "AdjustmentPPM": "-2162.80005",
    "NewClockRate": "156587",
    "OldClockRate": "156250",
    "TickCount": "24812",
    "MinReportedAdjustmentPPM": "800.00000"
  }
}