{
  "event_id": "2631",
  "provider": "Microsoft-Windows-DNS-Server-Service",
  "channel": "DNS Server",
  "source_file": "D:\\visual code file\\Project_4\\Event-Analyzer\\test\\Benign\\Win2022-AD\\DNS Server.evtx",
  "event_record_id": 2,
  "xml": "<?xml version=\"1.0\" encoding=\"utf-8\"?>\n<Event xmlns=\"http://schemas.microsoft.com/win/2004/08/events/event\">\n  <System>\n    <Provider Name=\"Microsoft-Windows-DNS-Server-Service\" Guid=\"71A551F5-C893-4849-886B-B5EC8502641E\">\n    </Provider>\n    <EventID>2631</EventID>\n    <Version>0</Version>\n    <Level>4</Level>\n    <Task>0</Task>\n    <Opcode>0</Opcode>\n    <Keywords>0x8000000000001000</Keywords>\n    <TimeCreated SystemTime=\"2022-04-07T08:13:51.349881Z\">\n    </TimeCreated>\n    <EventRecordID>2</EventRecordID>\n    <Correlation>\n    </Correlation>\n    <Execution ProcessID=\"2208\" ThreadID=\"4676\">\n    </Execution>\n    <Channel>DNS Server</Channel>\n    <Computer>WIN-FPV0DSIC9O6</Computer>\n    <Security UserID=\"S-1-5-21-2121334350-1110938707-2888912545-500\">\n    </Security>\n  </System>\n  <EventData Name=\"DNS_EVENT_AUTOCONFIG_SUCCEEDED\">\n    <Data Name=\"param1\">DNS server root hints</Data>\n    <Data Name=\"param2\">DNS server forwarders</Data>\n    <Data Name=\"param3\">DNS resolver</Data>\n    <Data Name=\"param4\"></Data>\n    <Binary></Binary>\n  </EventData>\n</Event>\n",
  "json": "{\"Event\":{\"#attributes\":{\"xmlns\":\"http://schemas.microsoft.com/win/2004/08/events/event\"},\"System\":{\"Provider\":{\"#attributes\":{\"Name\":\"Microsoft-Windows-DNS-Server-Service\",\"Guid\":\"71A551F5-C893-4849-886B-B5EC8502641E\"}},\"EventID\":2631,\"Version\":0,\"Level\":4,\"Task\":0,\"Opcode\":0,\"Keywords\":\"0x8000000000001000\",\"TimeCreated\":{\"#attributes\":{\"SystemTime\":\"2022-04-07T08:13:51.349881Z\"}},\"EventRecordID\":2,\"Correlation\":null,\"Execution\":{\"#attributes\":{\"ProcessID\":2208,\"ThreadID\":4676}},\"Channel\":\"DNS Server\",\"Computer\":\"WIN-FPV0DSIC9O6\",\"Security\":{\"#attributes\":{\"UserID\":\"S-1-5-21-2121334350-1110938707-2888912545-500\"}}},\"EventData\":{\"#attributes\":{\"Name\":\"DNS_EVENT_AUTOCONFIG_SUCCEEDED\"},\"param1\":\"DNS server root hints\",\"param2\":\"DNS server forwarders\",\"param3\":\"DNS resolver\",\"param4\":\"\",\"Binary\":null}}}",
  "xml_fields": {
    "provider": "Microsoft-Windows-DNS-Server-Service",
    "event_id": "2631",
    "timestamp": "2022-04-07T08:13:51.349881Z",
    "event_record_id": "2",
    "level": "4",
    "task": "0",
    "opcode": "0",
    "keywords": "0x8000000000001000",
    "channel": "DNS Server",
    "computer": "WIN-FPV0DSIC9O6",
    "param1": "DNS server root hints",
    "param2": "DNS server forwarders",
    "param3": "DNS resolver",
    "param4": ""
  },
  "json_fields": {
    "provider": "Microsoft-Windows-DNS-Server-Service",
    "channel": "DNS Server",
    "event_id": "2631",
    "timestamp": "2022-04-07T08:13:51.349881Z",
    "event_record_id": "2",
    "level": "4",
    "task": "0",
    "opcode": "0",
    "keywords": "0x8000000000001000",
    "computer": "WIN-FPV0DSIC9O6",
    "param1": "DNS server root hints",
    "param2": "DNS server forwarders",
    "param3": "DNS resolver",
    "param4": ""
  }
}