{
  "event_id": "264",
  "provider": "Microsoft-Windows-Defrag",
  "channel": "Application",
  "source_file": "D:\\visual code file\\Project_4\\Event-Analyzer\\test\\Benign\\Logs_Win11_2023\\Application.evtx",
  "event_record_id": 1984,
  "xml": "<?xml version=\"1.0\" encoding=\"utf-8\"?>\n<Event xmlns=\"http://schemas.microsoft.com/win/2004/08/events/event\">\n  <System>\n    <Provider Name=\"Microsoft-Windows-Defrag\">\n    </Provider>\n    <EventID Qualifiers=\"32768\">264</EventID>\n    <Version>0</Version>\n    <Level>4</Level>\n    <Task>0</Task>\n    <Opcode>0</Opcode>\n    <Keywords>0x80000000000000</Keywords>\n    <TimeCreated SystemTime=\"2023-11-06T01:13:25.597872Z\">\n    </TimeCreated>\n    <EventRecordID>1984</EventRecordID>\n    <Correlation>\n    </Correlation>\n    <Execution ProcessID=\"12888\" ThreadID=\"0\">\n    </Execution>\n    <Channel>Application</Channel>\n    <Computer>WinDev2310Eval</Computer>\n    <Security>\n    </Security>\n  </System>\n  <EventData>\n    <Data>boot optimization</Data>\n    <Data>Windows (C:)</Data>\n    <Data>The user cancelled the operation. (0x89000006)</Data>\n    <Binary>0600008926040000310300003403000022B630DF6479C7F6E26C1C000000000000000000</Binary>\n  </EventData>\n</Event>\n",
  "json": "{\"Event\":{\"#attributes\":{\"xmlns\":\"http://schemas.microsoft.com/win/2004/08/events/event\"},\"System\":{\"Provider\":{\"#attributes\":{\"Name\":\"Microsoft-Windows-Defrag\"}},\"EventID\":{\"#attributes\":{\"Qualifiers\":32768},\"#text\":264},\"Version\":0,\"Level\":4,\"Task\":0,\"Opcode\":0,\"Keywords\":\"0x80000000000000\",\"TimeCreated\":{\"#attributes\":{\"SystemTime\":\"2023-11-06T01:13:25.597872Z\"}},\"EventRecordID\":1984,\"Correlation\":null,\"Execution\":{\"#attributes\":{\"ProcessID\":12888,\"ThreadID\":0}},\"Channel\":\"Application\",\"Computer\":\"WinDev2310Eval\",\"Security\":null},\"EventData\":{\"Data\":{\"#text\":[\"boot optimization\",\"Windows (C:)\",\"The user cancelled the operation. (0x89000006)\"]},\"Binary\":\"0600008926040000310300003403000022B630DF6479C7F6E26C1C000000000000000000\"}}}",
  "xml_fields": {
    "provider": "Microsoft-Windows-Defrag",
    "event_id": "264",
    "timestamp": "2023-11-06T01:13:25.597872Z",
    "event_record_id": "1984",
    "level": "4",
    "task": "0",
    "opcode": "0",
    "keywords": "0x80000000000000",
    "channel": "Application",
    "computer": "WinDev2310Eval",
    "_data_0": "boot optimization",
    "_data_1": "Windows (C:)",
    "_data_2": "The user cancelled the operation. (0x89000006)",
    "Binary": "0600008926040000310300003403000022B630DF6479C7F6E26C1C000000000000000000"
  },
  "json_fields": {
    "provider": "Microsoft-Windows-Defrag",
    "channel": "Application",
    "event_id": "264",
    "timestamp": "2023-11-06T01:13:25.597872Z",
    "event_record_id": "1984",
    "level": "4",
    "task": "0",
    "opcode": "0",
    "keywords": "0x80000000000000",
    "computer": "WinDev2310Eval",
    "_data_0": "boot optimization",
    "_data_1": "Windows (C:)",
    "_data_2": "The user cancelled the operation. (0x89000006)",
    "Binary": "0600008926040000310300003403000022B630DF6479C7F6E26C1C000000000000000000"
  }
}