{
  "event_id": "267",
  "provider": "Microsoft-Windows-StateRepository",
  "channel": "Microsoft-Windows-StateRepository/Operational",
  "source_file": "D:\\visual code file\\Project_4\\Event-Analyzer\\test\\Logs\\Microsoft-Windows-StateRepository%4Operational.evtx",
  "event_record_id": 910,
  "xml": "<?xml version=\"1.0\" encoding=\"utf-8\"?>\n<Event xmlns=\"http://schemas.microsoft.com/win/2004/08/events/event\">\n  <System>\n    <Provider Name=\"Microsoft-Windows-StateRepository\" Guid=\"89592015-D996-4636-8F61-066B5D4DD739\">\n    </Provider>\n    <EventID>267</EventID>\n    <Version>0</Version>\n    <Level>4</Level>\n    <Task>1</Task>\n    <Opcode>0</Opcode>\n    <Keywords>0x4000200000000001</Keywords>\n    <TimeCreated SystemTime=\"2025-01-24T10:52:57.334543Z\">\n    </TimeCreated>\n    <EventRecordID>910</EventRecordID>\n    <Correlation ActivityID=\"B61EC021-6E4D-0001-1BC9-1EB64D6EDB01\">\n    </Correlation>\n    <Execution ProcessID=\"1320\" ThreadID=\"5280\">\n    </Execution>\n    <Channel>Microsoft-Windows-StateRepository/Operational</Channel>\n    <Computer>CTO-FILESVR</Computer>\n    <Security UserID=\"S-1-5-21-3088055692-629932344-1786574096-1003\">\n    </Security>\n  </System>\n  <EventData>\n    <Data Name=\"Entity\">PackageUser</Data>\n    <Data Name=\"Field\">PackageUser.User has Package(s) with Package.Type!=Bundle but not Package.Type=Bundle</Data>\n    <Data Name=\"Filename\">C:\\ProgramData\\Microsoft\\Windows\\AppRepository\\StateRepository-Machine.srd</Data>\n    <Data Name=\"SQL\">WITH BundleInfo(_PackageID, PackageType, BundleId, _PackageUserID, UserId, DeploymentState) AS(SELECT p._PackageID, p.PackageType, p.SourceBundle AS BundleId, pu._PackageUserID, pu.User, pu.DeploymentState FROM Package AS p INNER JOIN PackageUser AS pu ON pu.Package=p._PackageID WHERE p.SourceBundle&gt;0)INSERT OR IGNORE INTO PackageUser  (_Revision, _WorkId, Package, User, InstallTime, WhenRestored, IsExplicitlyInstalled, DeploymentState, AppDataVolume, _Dictionary)SELECT 1, 0, p._PackageID, UserId, now(), 0, 1, DeploymentState, 0, NULL  FROM Package AS p INNER JOIN (   SELECT BundleId, UserId, DeploymentState FROM BundleInfo AS t    WHERE BundleId NOT IN (        SELECT b.BundleId FROM BundleInfo AS b         WHERE b.PackageType=8           AND b.UserId=t.UserId       )   ) AS b ON b.BundleId=p.SourceBundle AND p.PackageType=8;</Data>\n    <Data Name=\"Count\">1</Data>\n  </EventData>\n</Event>\n",
  "json": "{\"Event\":{\"#attributes\":{\"xmlns\":\"http://schemas.microsoft.com/win/2004/08/events/event\"},\"System\":{\"Provider\":{\"#attributes\":{\"Name\":\"Microsoft-Windows-StateRepository\",\"Guid\":\"89592015-D996-4636-8F61-066B5D4DD739\"}},\"EventID\":267,\"Version\":0,\"Level\":4,\"Task\":1,\"Opcode\":0,\"Keywords\":\"0x4000200000000001\",\"TimeCreated\":{\"#attributes\":{\"SystemTime\":\"2025-01-24T10:52:57.334543Z\"}},\"EventRecordID\":910,\"Correlation\":{\"#attributes\":{\"ActivityID\":\"B61EC021-6E4D-0001-1BC9-1EB64D6EDB01\"}},\"Execution\":{\"#attributes\":{\"ProcessID\":1320,\"ThreadID\":5280}},\"Channel\":\"Microsoft-Windows-StateRepository/Operational\",\"Computer\":\"CTO-FILESVR\",\"Security\":{\"#attributes\":{\"UserID\":\"S-1-5-21-3088055692-629932344-1786574096-1003\"}}},\"EventData\":{\"Entity\":\"PackageUser\",\"Field\":\"PackageUser.User has Package(s) with Package.Type!=Bundle but not Package.Type=Bundle\",\"Filename\":\"C:\\\\ProgramData\\\\Microsoft\\\\Windows\\\\AppRepository\\\\StateRepository-Machine.srd\",\"SQL\":\"WITH BundleInfo(_PackageID, PackageType, BundleId, _PackageUserID, UserId, DeploymentState) AS(SELECT p._PackageID, p.PackageType, p.SourceBundle AS BundleId, pu._PackageUserID, pu.User, pu.DeploymentState FROM Package AS p INNER JOIN PackageUser AS pu ON pu.Package=p._PackageID WHERE p.SourceBundle>0)INSERT OR IGNORE INTO PackageUser  (_Revision, _WorkId, Package, User, InstallTime, WhenRestored, IsExplicitlyInstalled, DeploymentState, AppDataVolume, _Dictionary)SELECT 1, 0, p._PackageID, UserId, now(), 0, 1, DeploymentState, 0, NULL  FROM Package AS p INNER JOIN (   SELECT BundleId, UserId, DeploymentState FROM BundleInfo AS t    WHERE BundleId NOT IN (        SELECT b.BundleId FROM BundleInfo AS b         WHERE b.PackageType=8           AND b.UserId=t.UserId       )   ) AS b ON b.BundleId=p.SourceBundle AND p.PackageType=8;\",\"Count\":1}}}",
  "xml_fields": {
    "provider": "Microsoft-Windows-StateRepository",
    "event_id": "267",
    "timestamp": "2025-01-24T10:52:57.334543Z",
    "event_record_id": "910",
    "level": "4",
    "task": "1",
    "opcode": "0",
    "keywords": "0x4000200000000001",
    "channel": "Microsoft-Windows-StateRepository/Operational",
    "computer": "CTO-FILESVR",
    "Entity": "PackageUser",
    "Field": "PackageUser.User has Package(s) with Package.Type!=Bundle but not Package.Type=Bundle",
    "Filename": "C:\\ProgramData\\Microsoft\\Windows\\AppRepository\\StateRepository-Machine.srd",
    "SQL": "WITH BundleInfo(_PackageID, PackageType, BundleId, _PackageUserID, UserId, DeploymentState) AS(SELECT p._PackageID, p.PackageType, p.SourceBundle AS BundleId, pu._PackageUserID, pu.User, pu.DeploymentState FROM Package AS p INNER JOIN PackageUser AS pu ON pu.Package=p._PackageID WHERE p.SourceBundle>0)INSERT OR IGNORE INTO PackageUser  (_Revision, _WorkId, Package, User, InstallTime, WhenRestored, IsExplicitlyInstalled, DeploymentState, AppDataVolume, _Dictionary)SELECT 1, 0, p._PackageID, UserId, now(), 0, 1, DeploymentState, 0, NULL  FROM Package AS p INNER JOIN (   SELECT BundleId, UserId, DeploymentState FROM BundleInfo AS t    WHERE BundleId NOT IN (        SELECT b.BundleId FROM BundleInfo AS b         WHERE b.PackageType=8           AND b.UserId=t.UserId       )   ) AS b ON b.BundleId=p.SourceBundle AND p.PackageType=8;",
    "Count": "1"
  },
  "json_fields": {
    "provider": "Microsoft-Windows-StateRepository",
    "channel": "Microsoft-Windows-StateRepository/Operational",
    "event_id": "267",
    "timestamp": "2025-01-24T10:52:57.334543Z",
    "event_record_id": "910",
    "level": "4",
    "task": "1",
    "opcode": "0",
    "keywords": "0x4000200000000001",
    "computer": "CTO-FILESVR",
    "Entity": "PackageUser",
    "Field": "PackageUser.User has Package(s) with Package.Type!=Bundle but not Package.Type=Bundle",
    "Filename": "C:\\ProgramData\\Microsoft\\Windows\\AppRepository\\StateRepository-Machine.srd",
    "SQL": "WITH BundleInfo(_PackageID, PackageType, BundleId, _PackageUserID, UserId, DeploymentState) AS(SELECT p._PackageID, p.PackageType, p.SourceBundle AS BundleId, pu._PackageUserID, pu.User, pu.DeploymentState FROM Package AS p INNER JOIN PackageUser AS pu ON pu.Package=p._PackageID WHERE p.SourceBundle>0)INSERT OR IGNORE INTO PackageUser  (_Revision, _WorkId, Package, User, InstallTime, WhenRestored, IsExplicitlyInstalled, DeploymentState, AppDataVolume, _Dictionary)SELECT 1, 0, p._PackageID, UserId, now(), 0, 1, DeploymentState, 0, NULL  FROM Package AS p INNER JOIN (   SELECT BundleId, UserId, DeploymentState FROM BundleInfo AS t    WHERE BundleId NOT IN (        SELECT b.BundleId FROM BundleInfo AS b         WHERE b.PackageType=8           AND b.UserId=t.UserId       )   ) AS b ON b.BundleId=p.SourceBundle AND p.PackageType=8;",
    "Count": "1"
  }
}