{
  "event_id": "26",
  "provider": "Microsoft-Windows-WindowsUpdateClient",
  "channel": "Microsoft-Windows-WindowsUpdateClient/Operational",
  "source_file": "D:\\visual code file\\Project_4\\Event-Analyzer\\test\\Logs\\Microsoft-Windows-WindowsUpdateClient%4Operational.evtx",
  "event_record_id": 1,
  "xml": "<?xml version=\"1.0\" encoding=\"utf-8\"?>\n<Event xmlns=\"http://schemas.microsoft.com/win/2004/08/events/event\">\n  <System>\n    <Provider Name=\"Microsoft-Windows-WindowsUpdateClient\" Guid=\"945A8954-C147-4ACD-923F-40C45405A658\">\n    </Provider>\n    <EventID>26</EventID>\n    <Version>1</Version>\n    <Level>4</Level>\n    <Task>1</Task>\n    <Opcode>11</Opcode>\n    <Keywords>0x4000000000000012</Keywords>\n    <TimeCreated SystemTime=\"2024-11-04T12:36:47.480220Z\">\n    </TimeCreated>\n    <EventRecordID>1</EventRecordID>\n    <Correlation>\n    </Correlation>\n    <Execution ProcessID=\"6292\" ThreadID=\"6376\">\n    </Execution>\n    <Channel>Microsoft-Windows-WindowsUpdateClient/Operational</Channel>\n    <Computer>DESKTOP-P9H5FTA</Computer>\n    <Security UserID=\"S-1-5-18\">\n    </Security>\n  </System>\n  <EventData>\n    <Data Name=\"updateCount\">2</Data>\n    <Data Name=\"serviceGuid\">9482F4B4-E343-43B6-B170-9A65BC822C77</Data>\n  </EventData>\n</Event>\n",
  "json": "{\"Event\":{\"#attributes\":{\"xmlns\":\"http://schemas.microsoft.com/win/2004/08/events/event\"},\"System\":{\"Provider\":{\"#attributes\":{\"Name\":\"Microsoft-Windows-WindowsUpdateClient\",\"Guid\":\"945A8954-C147-4ACD-923F-40C45405A658\"}},\"EventID\":26,\"Version\":1,\"Level\":4,\"Task\":1,\"Opcode\":11,\"Keywords\":\"0x4000000000000012\",\"TimeCreated\":{\"#attributes\":{\"SystemTime\":\"2024-11-04T12:36:47.480220Z\"}},\"EventRecordID\":1,\"Correlation\":null,\"Execution\":{\"#attributes\":{\"ProcessID\":6292,\"ThreadID\":6376}},\"Channel\":\"Microsoft-Windows-WindowsUpdateClient/Operational\",\"Computer\":\"DESKTOP-P9H5FTA\",\"Security\":{\"#attributes\":{\"UserID\":\"S-1-5-18\"}}},\"EventData\":{\"updateCount\":2,\"serviceGuid\":\"9482F4B4-E343-43B6-B170-9A65BC822C77\"}}}",
  "xml_fields": {
    "provider": "Microsoft-Windows-WindowsUpdateClient",
    "event_id": "26",
    "timestamp": "2024-11-04T12:36:47.480220Z",
    "event_record_id": "1",
    "level": "4",
    "task": "1",
    "opcode": "11",
    "keywords": "0x4000000000000012",
    "channel": "Microsoft-Windows-WindowsUpdateClient/Operational",
    "computer": "DESKTOP-P9H5FTA",
    "updateCount": "2",
    "serviceGuid": "9482F4B4-E343-43B6-B170-9A65BC822C77"
  },
  "json_fields": {
    "provider": "Microsoft-Windows-WindowsUpdateClient",
    "channel": "Microsoft-Windows-WindowsUpdateClient/Operational",
    "event_id": "26",
    "timestamp": "2024-11-04T12:36:47.480220Z",
    "event_record_id": "1",
    "level": "4",
    "task": "1",
    "opcode": "11",
    "keywords": "0x4000000000000012",
    "computer": "DESKTOP-P9H5FTA",
    "updateCount": "2",
    "serviceGuid": "9482F4B4-E343-43B6-B170-9A65BC822C77"
  }
}