{
  "event_id": "26",
  "provider": "Microsoft-Windows-Kernel-Processor-Power",
  "channel": "System",
  "source_file": "D:\\visual code file\\Project_4\\Event-Analyzer\\test\\Benign\\win7-x86\\System.evtx",
  "event_record_id": 25,
  "xml": "<?xml version=\"1.0\" encoding=\"utf-8\"?>\n<Event xmlns=\"http://schemas.microsoft.com/win/2004/08/events/event\">\n  <System>\n    <Provider Name=\"Microsoft-Windows-Kernel-Processor-Power\" Guid=\"0F67E49F-FE51-4E9F-B490-6F2948CC6027\">\n    </Provider>\n    <EventID>26</EventID>\n    <Version>0</Version>\n    <Level>4</Level>\n    <Task>4</Task>\n    <Opcode>0</Opcode>\n    <Keywords>0x8000000000000000</Keywords>\n    <TimeCreated SystemTime=\"2022-04-04T19:06:56.656250Z\">\n    </TimeCreated>\n    <EventRecordID>25</EventRecordID>\n    <Correlation>\n    </Correlation>\n    <Execution ProcessID=\"4\" ThreadID=\"56\">\n    </Execution>\n    <Channel>System</Channel>\n    <Computer>37L4247D28-05</Computer>\n    <Security UserID=\"S-1-5-18\">\n    </Security>\n  </System>\n  <EventData>\n    <Data Name=\"Group\">0</Data>\n    <Data Name=\"Number\">0</Data>\n    <Data Name=\"IdleStateCount\">1</Data>\n    <Data Name=\"PerfStateCount\">0</Data>\n    <Data Name=\"ThrottleStateCount\">0</Data>\n    <ComplexData Name=\"IdleState\">01</ComplexData>\n    <ComplexData Name=\"PerfState\"></ComplexData>\n  </EventData>\n</Event>\n",
  "json": "{\"Event\":{\"#attributes\":{\"xmlns\":\"http://schemas.microsoft.com/win/2004/08/events/event\"},\"System\":{\"Provider\":{\"#attributes\":{\"Name\":\"Microsoft-Windows-Kernel-Processor-Power\",\"Guid\":\"0F67E49F-FE51-4E9F-B490-6F2948CC6027\"}},\"EventID\":26,\"Version\":0,\"Level\":4,\"Task\":4,\"Opcode\":0,\"Keywords\":\"0x8000000000000000\",\"TimeCreated\":{\"#attributes\":{\"SystemTime\":\"2022-04-04T19:06:56.656250Z\"}},\"EventRecordID\":25,\"Correlation\":null,\"Execution\":{\"#attributes\":{\"ProcessID\":4,\"ThreadID\":56}},\"Channel\":\"System\",\"Computer\":\"37L4247D28-05\",\"Security\":{\"#attributes\":{\"UserID\":\"S-1-5-18\"}}},\"EventData\":{\"Group\":0,\"Number\":0,\"IdleStateCount\":1,\"PerfStateCount\":0,\"ThrottleStateCount\":0,\"ComplexData\":{\"#attributes\":{\"Name\":\"IdleState\"},\"#text\":\"01\"},\"ComplexData_1\":{\"#attributes\":{\"Name\":\"PerfState\"}}}}}",
  "xml_fields": {
    "provider": "Microsoft-Windows-Kernel-Processor-Power",
    "event_id": "26",
    "timestamp": "2022-04-04T19:06:56.656250Z",
    "event_record_id": "25",
    "level": "4",
    "task": "4",
    "opcode": "0",
    "keywords": "0x8000000000000000",
    "channel": "System",
    "computer": "37L4247D28-05",
    "Group": "0",
    "Number": "0",
    "IdleStateCount": "1",
    "PerfStateCount": "0",
    "ThrottleStateCount": "0",
    "ComplexData": "01"
  },
  "json_fields": {
    "provider": "Microsoft-Windows-Kernel-Processor-Power",
    "channel": "System",
    "event_id": "26",
    "timestamp": "2022-04-04T19:06:56.656250Z",
    "event_record_id": "25",
    "level": "4",
    "task": "4",
    "opcode": "0",
    "keywords": "0x8000000000000000",
    "computer": "37L4247D28-05",
    "Group": "0",
    "Number": "0",
    "IdleStateCount": "1",
    "PerfStateCount": "0",
    "ThrottleStateCount": "0",
    "ComplexData": "01"
  }
}