{
  "event_id": "26",
  "provider": "Microsoft-Windows-Sysmon",
  "channel": "Microsoft-Windows-Sysmon/Operational",
  "source_file": "D:\\visual code file\\Project_4\\Event-Analyzer\\test\\Benign\\Logs_Client\\Microsoft-Windows-Sysmon%4Operational.evtx",
  "event_record_id": 842161,
  "xml": "<?xml version=\"1.0\" encoding=\"utf-8\"?>\n<Event xmlns=\"http://schemas.microsoft.com/win/2004/08/events/event\">\n  <System>\n    <Provider Name=\"Microsoft-Windows-Sysmon\" Guid=\"5770385F-C22A-43E0-BF4C-06F5698FFBD9\">\n    </Provider>\n    <EventID>26</EventID>\n    <Version>5</Version>\n    <Level>4</Level>\n    <Task>26</Task>\n    <Opcode>0</Opcode>\n    <Keywords>0x8000000000000000</Keywords>\n    <TimeCreated SystemTime=\"2022-02-08T11:41:20.172812Z\">\n    </TimeCreated>\n    <EventRecordID>842161</EventRecordID>\n    <Correlation>\n    </Correlation>\n    <Execution ProcessID=\"2364\" ThreadID=\"2792\">\n    </Execution>\n    <Channel>Microsoft-Windows-Sysmon/Operational</Channel>\n    <Computer>DESKTOP-A8CALR3</Computer>\n    <Security UserID=\"S-1-5-18\">\n    </Security>\n  </System>\n  <EventData>\n    <Data Name=\"RuleName\">-</Data>\n    <Data Name=\"UtcTime\">2022-02-08 11:41:20.169</Data>\n    <Data Name=\"ProcessGuid\">50A1B328-23F7-6202-4F00-000000000600</Data>\n    <Data Name=\"ProcessId\">3460</Data>\n    <Data Name=\"User\">DESKTOP-A8CALR3\\user</Data>\n    <Data Name=\"Image\">C:\\Windows\\Explorer.EXE</Data>\n    <Data Name=\"TargetFilename\">C:\\Users\\user\\AppData\\Local\\Microsoft\\PenWorkspace\\DiscoverCacheData.dat</Data>\n    <Data Name=\"Hashes\">SHA1=25AE28F57F0373F388D35EA06E3109793A1D9622,MD5=6A24F83994BC086E5D8D8A081DDB9812,SHA256=D2540C5C876D22786E3BBFFC82D871707806F095B4110822F56A786B522FB3FC,IMPHASH=00000000000000000000000000000000</Data>\n    <Data Name=\"IsExecutable\">false</Data>\n  </EventData>\n</Event>\n",
  "json": "{\"Event\":{\"#attributes\":{\"xmlns\":\"http://schemas.microsoft.com/win/2004/08/events/event\"},\"System\":{\"Provider\":{\"#attributes\":{\"Name\":\"Microsoft-Windows-Sysmon\",\"Guid\":\"5770385F-C22A-43E0-BF4C-06F5698FFBD9\"}},\"EventID\":26,\"Version\":5,\"Level\":4,\"Task\":26,\"Opcode\":0,\"Keywords\":\"0x8000000000000000\",\"TimeCreated\":{\"#attributes\":{\"SystemTime\":\"2022-02-08T11:41:20.172812Z\"}},\"EventRecordID\":842161,\"Correlation\":null,\"Execution\":{\"#attributes\":{\"ProcessID\":2364,\"ThreadID\":2792}},\"Channel\":\"Microsoft-Windows-Sysmon/Operational\",\"Computer\":\"DESKTOP-A8CALR3\",\"Security\":{\"#attributes\":{\"UserID\":\"S-1-5-18\"}}},\"EventData\":{\"RuleName\":\"-\",\"UtcTime\":\"2022-02-08 11:41:20.169\",\"ProcessGuid\":\"50A1B328-23F7-6202-4F00-000000000600\",\"ProcessId\":3460,\"User\":\"DESKTOP-A8CALR3\\\\user\",\"Image\":\"C:\\\\Windows\\\\Explorer.EXE\",\"TargetFilename\":\"C:\\\\Users\\\\user\\\\AppData\\\\Local\\\\Microsoft\\\\PenWorkspace\\\\DiscoverCacheData.dat\",\"Hashes\":\"SHA1=25AE28F57F0373F388D35EA06E3109793A1D9622,MD5=6A24F83994BC086E5D8D8A081DDB9812,SHA256=D2540C5C876D22786E3BBFFC82D871707806F095B4110822F56A786B522FB3FC,IMPHASH=00000000000000000000000000000000\",\"IsExecutable\":false}}}",
  "xml_fields": {
    "provider": "Microsoft-Windows-Sysmon",
    "event_id": "26",
    "timestamp": "2022-02-08T11:41:20.172812Z",
    "event_record_id": "842161",
    "level": "4",
    "task": "26",
    "opcode": "0",
    "keywords": "0x8000000000000000",
    "channel": "Microsoft-Windows-Sysmon/Operational",
    "computer": "DESKTOP-A8CALR3",
    "RuleName": "-",
    "UtcTime": "2022-02-08 11:41:20.169",
    "ProcessGuid": "50A1B328-23F7-6202-4F00-000000000600",
    "ProcessId": "3460",
    "User": "DESKTOP-A8CALR3\\user",
    "Image": "C:\\Windows\\Explorer.EXE",
    "TargetFilename": "C:\\Users\\user\\AppData\\Local\\Microsoft\\PenWorkspace\\DiscoverCacheData.dat",
    "Hashes": "SHA1=25AE28F57F0373F388D35EA06E3109793A1D9622,MD5=6A24F83994BC086E5D8D8A081DDB9812,SHA256=D2540C5C876D22786E3BBFFC82D871707806F095B4110822F56A786B522FB3FC,IMPHASH=00000000000000000000000000000000",
    "IsExecutable": "false"
  },
  "json_fields": {
    "provider": "Microsoft-Windows-Sysmon",
    "channel": "Microsoft-Windows-Sysmon/Operational",
    "event_id": "26",
    "timestamp": "2022-02-08T11:41:20.172812Z",
    "event_record_id": "842161",
    "level": "4",
    "task": "26",
    "opcode": "0",
    "keywords": "0x8000000000000000",
    "computer": "DESKTOP-A8CALR3",
    "RuleName": "-",
    "UtcTime": "2022-02-08 11:41:20.169",
    "ProcessGuid": "50A1B328-23F7-6202-4F00-000000000600",
    "ProcessId": "3460",
    "User": "DESKTOP-A8CALR3\\user",
    "Image": "C:\\Windows\\Explorer.EXE",
    "TargetFilename": "C:\\Users\\user\\AppData\\Local\\Microsoft\\PenWorkspace\\DiscoverCacheData.dat",
    "Hashes": "SHA1=25AE28F57F0373F388D35EA06E3109793A1D9622,MD5=6A24F83994BC086E5D8D8A081DDB9812,SHA256=D2540C5C876D22786E3BBFFC82D871707806F095B4110822F56A786B522FB3FC,IMPHASH=00000000000000000000000000000000",
    "IsExecutable": "False"
  }
}