{
  "event_id": "271",
  "provider": "Microsoft-Windows-StateRepository",
  "channel": "Microsoft-Windows-StateRepository/Operational",
  "source_file": "D:\\visual code file\\Project_4\\Event-Analyzer\\test\\Logs\\Microsoft-Windows-StateRepository%4Operational.evtx",
  "event_record_id": 34,
  "xml": "<?xml version=\"1.0\" encoding=\"utf-8\"?>\n<Event xmlns=\"http://schemas.microsoft.com/win/2004/08/events/event\">\n  <System>\n    <Provider Name=\"Microsoft-Windows-StateRepository\" Guid=\"89592015-D996-4636-8F61-066B5D4DD739\">\n    </Provider>\n    <EventID>271</EventID>\n    <Version>0</Version>\n    <Level>5</Level>\n    <Task>2</Task>\n    <Opcode>0</Opcode>\n    <Keywords>0x4000200000000001</Keywords>\n    <TimeCreated SystemTime=\"2024-11-05T01:33:12.713464Z\">\n    </TimeCreated>\n    <EventRecordID>34</EventRecordID>\n    <Correlation ActivityID=\"A40B4835-2F22-0001-D54E-0BA4222FDB01\">\n    </Correlation>\n    <Execution ProcessID=\"2520\" ThreadID=\"2888\">\n    </Execution>\n    <Channel>Microsoft-Windows-StateRepository/Operational</Channel>\n    <Computer>WIN-5LCFHVCO531</Computer>\n    <Security UserID=\"S-1-5-18\">\n    </Security>\n  </System>\n  <EventData>\n    <Data Name=\"Options\">0x0</Data>\n  </EventData>\n</Event>\n",
  "json": "{\"Event\":{\"#attributes\":{\"xmlns\":\"http://schemas.microsoft.com/win/2004/08/events/event\"},\"System\":{\"Provider\":{\"#attributes\":{\"Name\":\"Microsoft-Windows-StateRepository\",\"Guid\":\"89592015-D996-4636-8F61-066B5D4DD739\"}},\"EventID\":271,\"Version\":0,\"Level\":5,\"Task\":2,\"Opcode\":0,\"Keywords\":\"0x4000200000000001\",\"TimeCreated\":{\"#attributes\":{\"SystemTime\":\"2024-11-05T01:33:12.713464Z\"}},\"EventRecordID\":34,\"Correlation\":{\"#attributes\":{\"ActivityID\":\"A40B4835-2F22-0001-D54E-0BA4222FDB01\"}},\"Execution\":{\"#attributes\":{\"ProcessID\":2520,\"ThreadID\":2888}},\"Channel\":\"Microsoft-Windows-StateRepository/Operational\",\"Computer\":\"WIN-5LCFHVCO531\",\"Security\":{\"#attributes\":{\"UserID\":\"S-1-5-18\"}}},\"EventData\":{\"Options\":\"0x0\"}}}",
  "xml_fields": {
    "provider": "Microsoft-Windows-StateRepository",
    "event_id": "271",
    "timestamp": "2024-11-05T01:33:12.713464Z",
    "event_record_id": "34",
    "level": "5",
    "task": "2",
    "opcode": "0",
    "keywords": "0x4000200000000001",
    "channel": "Microsoft-Windows-StateRepository/Operational",
    "computer": "WIN-5LCFHVCO531",
    "Options": "0x0"
  },
  "json_fields": {
    "provider": "Microsoft-Windows-StateRepository",
    "channel": "Microsoft-Windows-StateRepository/Operational",
    "event_id": "271",
    "timestamp": "2024-11-05T01:33:12.713464Z",
    "event_record_id": "34",
    "level": "5",
    "task": "2",
    "opcode": "0",
    "keywords": "0x4000200000000001",
    "computer": "WIN-5LCFHVCO531",
    "Options": "0x0"
  }
}