{
  "event_id": "277",
  "provider": "Microsoft-Windows-Hyper-V-VmSwitch",
  "channel": "System",
  "source_file": "D:\\visual code file\\Project_4\\Event-Analyzer\\test\\Benign\\Logs_Win11_2023\\System.evtx",
  "event_record_id": 1686,
  "xml": "<?xml version=\"1.0\" encoding=\"utf-8\"?>\n<Event xmlns=\"http://schemas.microsoft.com/win/2004/08/events/event\">\n  <System>\n    <Provider Name=\"Microsoft-Windows-Hyper-V-VmSwitch\" Guid=\"67DC0D66-3695-47C0-9642-33F76F7BD7AD\">\n    </Provider>\n    <EventID>277</EventID>\n    <Version>0</Version>\n    <Level>4</Level>\n    <Task>0</Task>\n    <Opcode>0</Opcode>\n    <Keywords>0x8000000000000080</Keywords>\n    <TimeCreated SystemTime=\"2023-11-06T06:25:41.472921Z\">\n    </TimeCreated>\n    <EventRecordID>1686</EventRecordID>\n    <Correlation>\n    </Correlation>\n    <Execution ProcessID=\"4\" ThreadID=\"336\">\n    </Execution>\n    <Channel>System</Channel>\n    <Computer>WinDev2310Eval</Computer>\n    <Security UserID=\"S-1-5-18\">\n    </Security>\n  </System>\n  <EventData>\n    <Data Name=\"BuildNumber\">22621</Data>\n    <Data Name=\"BuildArch\">amd64</Data>\n    <Data Name=\"BuildBranch\">ni_release_svc_prod1</Data>\n    <Data Name=\"Debug\">false</Data>\n    <Data Name=\"Official\">true</Data>\n    <Data Name=\"Date\">1</Data>\n    <Data Name=\"Time\">1</Data>\n  </EventData>\n</Event>\n",
  "json": "{\"Event\":{\"#attributes\":{\"xmlns\":\"http://schemas.microsoft.com/win/2004/08/events/event\"},\"System\":{\"Provider\":{\"#attributes\":{\"Name\":\"Microsoft-Windows-Hyper-V-VmSwitch\",\"Guid\":\"67DC0D66-3695-47C0-9642-33F76F7BD7AD\"}},\"EventID\":277,\"Version\":0,\"Level\":4,\"Task\":0,\"Opcode\":0,\"Keywords\":\"0x8000000000000080\",\"TimeCreated\":{\"#attributes\":{\"SystemTime\":\"2023-11-06T06:25:41.472921Z\"}},\"EventRecordID\":1686,\"Correlation\":null,\"Execution\":{\"#attributes\":{\"ProcessID\":4,\"ThreadID\":336}},\"Channel\":\"System\",\"Computer\":\"WinDev2310Eval\",\"Security\":{\"#attributes\":{\"UserID\":\"S-1-5-18\"}}},\"EventData\":{\"BuildNumber\":22621,\"BuildArch\":\"amd64\",\"BuildBranch\":\"ni_release_svc_prod1\",\"Debug\":false,\"Official\":true,\"Date\":\"1\",\"Time\":\"1\"}}}",
  "xml_fields": {
    "provider": "Microsoft-Windows-Hyper-V-VmSwitch",
    "event_id": "277",
    "timestamp": "2023-11-06T06:25:41.472921Z",
    "event_record_id": "1686",
    "level": "4",
    "task": "0",
    "opcode": "0",
    "keywords": "0x8000000000000080",
    "channel": "System",
    "computer": "WinDev2310Eval",
    "BuildNumber": "22621",
    "BuildArch": "amd64",
    "BuildBranch": "ni_release_svc_prod1",
    "Debug": "false",
    "Official": "true",
    "Date": "1",
    "Time": "1"
  },
  "json_fields": {
    "provider": "Microsoft-Windows-Hyper-V-VmSwitch",
    "channel": "System",
    "event_id": "277",
    "timestamp": "2023-11-06T06:25:41.472921Z",
    "event_record_id": "1686",
    "level": "4",
    "task": "0",
    "opcode": "0",
    "keywords": "0x8000000000000080",
    "computer": "WinDev2310Eval",
    "BuildNumber": "22621",
    "BuildArch": "amd64",
    "BuildBranch": "ni_release_svc_prod1",
    "Debug": "False",
    "Official": "True",
    "Date": "1",
    "Time": "1"
  }
}