{
  "event_id": "27",
  "provider": "Microsoft-Windows-WindowsUpdateClient",
  "channel": "System",
  "source_file": "D:\\visual code file\\Project_4\\Event-Analyzer\\test\\Benign\\win7-x86\\System.evtx",
  "event_record_id": 412,
  "xml": "<?xml version=\"1.0\" encoding=\"utf-8\"?>\n<Event xmlns=\"http://schemas.microsoft.com/win/2004/08/events/event\">\n  <System>\n    <Provider Name=\"Microsoft-Windows-WindowsUpdateClient\" Guid=\"945A8954-C147-4ACD-923F-40C45405A658\">\n    </Provider>\n    <EventID>27</EventID>\n    <Version>0</Version>\n    <Level>4</Level>\n    <Task>1</Task>\n    <Opcode>16</Opcode>\n    <Keywords>0x8000000000000080</Keywords>\n    <TimeCreated SystemTime=\"2022-04-04T10:10:54.916117Z\">\n    </TimeCreated>\n    <EventRecordID>412</EventRecordID>\n    <Correlation>\n    </Correlation>\n    <Execution ProcessID=\"904\" ThreadID=\"296\">\n    </Execution>\n    <Channel>System</Channel>\n    <Computer>evtx-PC</Computer>\n    <Security UserID=\"S-1-5-18\">\n    </Security>\n  </System>\n  <EventData>\n  </EventData>\n</Event>\n",
  "json": "{\"Event\":{\"#attributes\":{\"xmlns\":\"http://schemas.microsoft.com/win/2004/08/events/event\"},\"System\":{\"Provider\":{\"#attributes\":{\"Name\":\"Microsoft-Windows-WindowsUpdateClient\",\"Guid\":\"945A8954-C147-4ACD-923F-40C45405A658\"}},\"EventID\":27,\"Version\":0,\"Level\":4,\"Task\":1,\"Opcode\":16,\"Keywords\":\"0x8000000000000080\",\"TimeCreated\":{\"#attributes\":{\"SystemTime\":\"2022-04-04T10:10:54.916117Z\"}},\"EventRecordID\":412,\"Correlation\":null,\"Execution\":{\"#attributes\":{\"ProcessID\":904,\"ThreadID\":296}},\"Channel\":\"System\",\"Computer\":\"evtx-PC\",\"Security\":{\"#attributes\":{\"UserID\":\"S-1-5-18\"}}},\"EventData\":null}}",
  "xml_fields": {
    "provider": "Microsoft-Windows-WindowsUpdateClient",
    "event_id": "27",
    "timestamp": "2022-04-04T10:10:54.916117Z",
    "event_record_id": "412",
    "level": "4",
    "task": "1",
    "opcode": "16",
    "keywords": "0x8000000000000080",
    "channel": "System",
    "computer": "evtx-PC"
  },
  "json_fields": {
    "provider": "Microsoft-Windows-WindowsUpdateClient",
    "channel": "System",
    "event_id": "27",
    "timestamp": "2022-04-04T10:10:54.916117Z",
    "event_record_id": "412",
    "level": "4",
    "task": "1",
    "opcode": "16",
    "keywords": "0x8000000000000080",
    "computer": "evtx-PC"
  }
}