{
  "event_id": "28117",
  "provider": "Microsoft-Windows-Shell-Core",
  "channel": "Microsoft-Windows-Shell-Core/Operational",
  "source_file": "D:\\visual code file\\Project_4\\Event-Analyzer\\test\\Logs\\Microsoft-Windows-Shell-Core%4Operational.evtx",
  "event_record_id": 2057,
  "xml": "<?xml version=\"1.0\" encoding=\"utf-8\"?>\n<Event xmlns=\"http://schemas.microsoft.com/win/2004/08/events/event\">\n  <System>\n    <Provider Name=\"Microsoft-Windows-Shell-Core\" Guid=\"30336ED4-E327-447C-9DE0-51B652C86108\">\n    </Provider>\n    <EventID>28117</EventID>\n    <Version>0</Version>\n    <Level>4</Level>\n    <Task>28143</Task>\n    <Opcode>0</Opcode>\n    <Keywords>0x2000000000010000</Keywords>\n    <TimeCreated SystemTime=\"2025-01-24T10:06:45.244862Z\">\n    </TimeCreated>\n    <EventRecordID>2057</EventRecordID>\n    <Correlation>\n    </Correlation>\n    <Execution ProcessID=\"8944\" ThreadID=\"11372\">\n    </Execution>\n    <Channel>Microsoft-Windows-Shell-Core/Operational</Channel>\n    <Computer>CTO-FILESVR</Computer>\n    <Security UserID=\"S-1-5-21-3088055692-629932344-1786574096-1003\">\n    </Security>\n  </System>\n  <EventData>\n    <Data Name=\"Name\">Microsoft Edge</Data>\n    <Data Name=\"AppID\">MSEdge</Data>\n    <Data Name=\"Flags\">25</Data>\n  </EventData>\n</Event>\n",
  "json": "{\"Event\":{\"#attributes\":{\"xmlns\":\"http://schemas.microsoft.com/win/2004/08/events/event\"},\"System\":{\"Provider\":{\"#attributes\":{\"Name\":\"Microsoft-Windows-Shell-Core\",\"Guid\":\"30336ED4-E327-447C-9DE0-51B652C86108\"}},\"EventID\":28117,\"Version\":0,\"Level\":4,\"Task\":28143,\"Opcode\":0,\"Keywords\":\"0x2000000000010000\",\"TimeCreated\":{\"#attributes\":{\"SystemTime\":\"2025-01-24T10:06:45.244862Z\"}},\"EventRecordID\":2057,\"Correlation\":null,\"Execution\":{\"#attributes\":{\"ProcessID\":8944,\"ThreadID\":11372}},\"Channel\":\"Microsoft-Windows-Shell-Core/Operational\",\"Computer\":\"CTO-FILESVR\",\"Security\":{\"#attributes\":{\"UserID\":\"S-1-5-21-3088055692-629932344-1786574096-1003\"}}},\"EventData\":{\"Name\":\"Microsoft Edge\",\"AppID\":\"MSEdge\",\"Flags\":25}}}",
  "xml_fields": {
    "provider": "Microsoft-Windows-Shell-Core",
    "event_id": "28117",
    "timestamp": "2025-01-24T10:06:45.244862Z",
    "event_record_id": "2057",
    "level": "4",
    "task": "28143",
    "opcode": "0",
    "keywords": "0x2000000000010000",
    "channel": "Microsoft-Windows-Shell-Core/Operational",
    "computer": "CTO-FILESVR",
    "Name": "Microsoft Edge",
    "AppID": "MSEdge",
    "Flags": "25"
  },
  "json_fields": {
    "provider": "Microsoft-Windows-Shell-Core",
    "channel": "Microsoft-Windows-Shell-Core/Operational",
    "event_id": "28117",
    "timestamp": "2025-01-24T10:06:45.244862Z",
    "event_record_id": "2057",
    "level": "4",
    "task": "28143",
    "opcode": "0",
    "keywords": "0x2000000000010000",
    "computer": "CTO-FILESVR",
    "Name": "Microsoft Edge",
    "AppID": "MSEdge",
    "Flags": "25"
  }
}