{
  "event_id": "285",
  "provider": "Microsoft-Windows-Hyper-V-VmSwitch",
  "channel": "Microsoft-Windows-Hyper-V-VmSwitch-Operational",
  "source_file": "D:\\visual code file\\Project_4\\Event-Analyzer\\test\\Benign\\Logs_Win11_2023\\Microsoft-Windows-Hyper-V-VmSwitch-Operational.evtx",
  "event_record_id": 7,
  "xml": "<?xml version=\"1.0\" encoding=\"utf-8\"?>\n<Event xmlns=\"http://schemas.microsoft.com/win/2004/08/events/event\">\n  <System>\n    <Provider Name=\"Microsoft-Windows-Hyper-V-VmSwitch\" Guid=\"67DC0D66-3695-47C0-9642-33F76F7BD7AD\">\n    </Provider>\n    <EventID>285</EventID>\n    <Version>0</Version>\n    <Level>3</Level>\n    <Task>0</Task>\n    <Opcode>0</Opcode>\n    <Keywords>0x4000000000000080</Keywords>\n    <TimeCreated SystemTime=\"2023-10-25T22:04:03.272627Z\">\n    </TimeCreated>\n    <EventRecordID>7</EventRecordID>\n    <Correlation>\n    </Correlation>\n    <Execution ProcessID=\"2276\" ThreadID=\"2344\">\n    </Execution>\n    <Channel>Microsoft-Windows-Hyper-V-VmSwitch-Operational</Channel>\n    <Computer>WinDevEval</Computer>\n    <Security>\n    </Security>\n  </System>\n  <EventData>\n    <Data Name=\"OperationName\">IOCTL_ENUM_VMQ_PROC_COUNT</Data>\n    <Data Name=\"OperationType\">1</Data>\n    <Data Name=\"OperationId\">2236540</Data>\n    <Data Name=\"ExecutionTimeMS\">0</Data>\n    <Data Name=\"QueuedTimeMS\">0</Data>\n    <Data Name=\"SLAThresholdMS\">0</Data>\n    <Data Name=\"ContextType1\">0</Data>\n    <Data Name=\"ContextInfo1\"> </Data>\n    <Data Name=\"ContextType2\">0</Data>\n    <Data Name=\"ContextInfo2\"> </Data>\n    <Data Name=\"ContextType3\">0</Data>\n    <Data Name=\"ContextInfo3\"> </Data>\n  </EventData>\n</Event>\n",
  "json": "{\"Event\":{\"#attributes\":{\"xmlns\":\"http://schemas.microsoft.com/win/2004/08/events/event\"},\"System\":{\"Provider\":{\"#attributes\":{\"Name\":\"Microsoft-Windows-Hyper-V-VmSwitch\",\"Guid\":\"67DC0D66-3695-47C0-9642-33F76F7BD7AD\"}},\"EventID\":285,\"Version\":0,\"Level\":3,\"Task\":0,\"Opcode\":0,\"Keywords\":\"0x4000000000000080\",\"TimeCreated\":{\"#attributes\":{\"SystemTime\":\"2023-10-25T22:04:03.272627Z\"}},\"EventRecordID\":7,\"Correlation\":null,\"Execution\":{\"#attributes\":{\"ProcessID\":2276,\"ThreadID\":2344}},\"Channel\":\"Microsoft-Windows-Hyper-V-VmSwitch-Operational\",\"Computer\":\"WinDevEval\",\"Security\":null},\"EventData\":{\"OperationName\":\"IOCTL_ENUM_VMQ_PROC_COUNT\",\"OperationType\":1,\"OperationId\":2236540,\"ExecutionTimeMS\":0,\"QueuedTimeMS\":0,\"SLAThresholdMS\":0,\"ContextType1\":0,\"ContextInfo1\":\" \",\"ContextType2\":0,\"ContextInfo2\":\" \",\"ContextType3\":0,\"ContextInfo3\":\" \"}}}",
  "xml_fields": {
    "provider": "Microsoft-Windows-Hyper-V-VmSwitch",
    "event_id": "285",
    "timestamp": "2023-10-25T22:04:03.272627Z",
    "event_record_id": "7",
    "level": "3",
    "task": "0",
    "opcode": "0",
    "keywords": "0x4000000000000080",
    "channel": "Microsoft-Windows-Hyper-V-VmSwitch-Operational",
    "computer": "WinDevEval",
    "OperationName": "IOCTL_ENUM_VMQ_PROC_COUNT",
    "OperationType": "1",
    "OperationId": "2236540",
    "ExecutionTimeMS": "0",
    "QueuedTimeMS": "0",
    "SLAThresholdMS": "0",
    "ContextType1": "0",
    "ContextInfo1": " ",
    "ContextType2": "0",
    "ContextInfo2": " ",
    "ContextType3": "0",
    "ContextInfo3": " "
  },
  "json_fields": {
    "provider": "Microsoft-Windows-Hyper-V-VmSwitch",
    "channel": "Microsoft-Windows-Hyper-V-VmSwitch-Operational",
    "event_id": "285",
    "timestamp": "2023-10-25T22:04:03.272627Z",
    "event_record_id": "7",
    "level": "3",
    "task": "0",
    "opcode": "0",
    "keywords": "0x4000000000000080",
    "computer": "WinDevEval",
    "OperationName": "IOCTL_ENUM_VMQ_PROC_COUNT",
    "OperationType": "1",
    "OperationId": "2236540",
    "ExecutionTimeMS": "0",
    "QueuedTimeMS": "0",
    "SLAThresholdMS": "0",
    "ContextType1": "0",
    "ContextInfo1": " ",
    "ContextType2": "0",
    "ContextInfo2": " ",
    "ContextType3": "0",
    "ContextInfo3": " "
  }
}