{
  "event_id": "28",
  "provider": "Microsoft-Windows-UniversalTelemetryClient",
  "channel": "Microsoft-Windows-UniversalTelemetryClient/Operational",
  "source_file": "D:\\visual code file\\Project_4\\Event-Analyzer\\test\\Logs\\Microsoft-Windows-UniversalTelemetryClient%4Operational.evtx",
  "event_record_id": 49,
  "xml": "<?xml version=\"1.0\" encoding=\"utf-8\"?>\n<Event xmlns=\"http://schemas.microsoft.com/win/2004/08/events/event\">\n  <System>\n    <Provider Name=\"Microsoft-Windows-UniversalTelemetryClient\" Guid=\"6489B27F-7C43-5886-1D00-0A61BB2A375B\">\n    </Provider>\n    <EventID>28</EventID>\n    <Version>0</Version>\n    <Level>3</Level>\n    <Task>28</Task>\n    <Opcode>0</Opcode>\n    <Keywords>0x8000000000020000</Keywords>\n    <TimeCreated SystemTime=\"2025-01-06T12:18:46.344623Z\">\n    </TimeCreated>\n    <EventRecordID>49</EventRecordID>\n    <Correlation>\n    </Correlation>\n    <Execution ProcessID=\"3068\" ThreadID=\"4272\">\n    </Execution>\n    <Channel>Microsoft-Windows-UniversalTelemetryClient/Operational</Channel>\n    <Computer>cyberjunkie-test</Computer>\n    <Security UserID=\"S-1-5-18\">\n    </Security>\n  </System>\n  <EventData>\n    <Data Name=\"Environment\">ServiceHost</Data>\n    <Data Name=\"EventsUploaded\">15</Data>\n    <Data Name=\"EventsDropped\">4</Data>\n    <Data Name=\"LastEventlogWrittenTime\">133751994156373130</Data>\n    <Data Name=\"SuccessfulConnections\">2</Data>\n    <Data Name=\"FailedConnections\">1</Data>\n    <Data Name=\"LastHttpError\">2147943623</Data>\n  </EventData>\n</Event>\n",
  "json": "{\"Event\":{\"#attributes\":{\"xmlns\":\"http://schemas.microsoft.com/win/2004/08/events/event\"},\"System\":{\"Provider\":{\"#attributes\":{\"Name\":\"Microsoft-Windows-UniversalTelemetryClient\",\"Guid\":\"6489B27F-7C43-5886-1D00-0A61BB2A375B\"}},\"EventID\":28,\"Version\":0,\"Level\":3,\"Task\":28,\"Opcode\":0,\"Keywords\":\"0x8000000000020000\",\"TimeCreated\":{\"#attributes\":{\"SystemTime\":\"2025-01-06T12:18:46.344623Z\"}},\"EventRecordID\":49,\"Correlation\":null,\"Execution\":{\"#attributes\":{\"ProcessID\":3068,\"ThreadID\":4272}},\"Channel\":\"Microsoft-Windows-UniversalTelemetryClient/Operational\",\"Computer\":\"cyberjunkie-test\",\"Security\":{\"#attributes\":{\"UserID\":\"S-1-5-18\"}}},\"EventData\":{\"Environment\":\"ServiceHost\",\"EventsUploaded\":15,\"EventsDropped\":4,\"LastEventlogWrittenTime\":133751994156373130,\"SuccessfulConnections\":2,\"FailedConnections\":1,\"LastHttpError\":2147943623}}}",
  "xml_fields": {
    "provider": "Microsoft-Windows-UniversalTelemetryClient",
    "event_id": "28",
    "timestamp": "2025-01-06T12:18:46.344623Z",
    "event_record_id": "49",
    "level": "3",
    "task": "28",
    "opcode": "0",
    "keywords": "0x8000000000020000",
    "channel": "Microsoft-Windows-UniversalTelemetryClient/Operational",
    "computer": "cyberjunkie-test",
    "Environment": "ServiceHost",
    "EventsUploaded": "15",
    "EventsDropped": "4",
    "LastEventlogWrittenTime": "133751994156373130",
    "SuccessfulConnections": "2",
    "FailedConnections": "1",
    "LastHttpError": "2147943623"
  },
  "json_fields": {
    "provider": "Microsoft-Windows-UniversalTelemetryClient",
    "channel": "Microsoft-Windows-UniversalTelemetryClient/Operational",
    "event_id": "28",
    "timestamp": "2025-01-06T12:18:46.344623Z",
    "event_record_id": "49",
    "level": "3",
    "task": "28",
    "opcode": "0",
    "keywords": "0x8000000000020000",
    "computer": "cyberjunkie-test",
    "Environment": "ServiceHost",
    "EventsUploaded": "15",
    "EventsDropped": "4",
    "LastEventlogWrittenTime": "133751994156373130",
    "SuccessfulConnections": "2",
    "FailedConnections": "1",
    "LastHttpError": "2147943623"
  }
}