{
  "event_id": "2962",
  "provider": "Microsoft-Windows-ActiveDirectory_DomainService",
  "channel": "Directory Service",
  "source_file": "D:\\visual code file\\Project_4\\Event-Analyzer\\test\\Benign\\Win2022-AD\\Directory Service.evtx",
  "event_record_id": 59,
  "xml": "<?xml version=\"1.0\" encoding=\"utf-8\"?>\n<Event xmlns=\"http://schemas.microsoft.com/win/2004/08/events/event\">\n  <System>\n    <Provider Name=\"Microsoft-Windows-ActiveDirectory_DomainService\" Guid=\"{0e8478c5-3605-4e8c-8497-1e730c959516}\" EventSourceName=\"NTDS Database\">\n    </Provider>\n    <EventID Qualifiers=\"16384\">2962</EventID>\n    <Version>0</Version>\n    <Level>4</Level>\n    <Task>9</Task>\n    <Opcode>0</Opcode>\n    <Keywords>0x8080000000000000</Keywords>\n    <TimeCreated SystemTime=\"2022-04-07T08:19:31.474025Z\">\n    </TimeCreated>\n    <EventRecordID>59</EventRecordID>\n    <Correlation>\n    </Correlation>\n    <Execution ProcessID=\"648\" ThreadID=\"7164\">\n    </Execution>\n    <Channel>Directory Service</Channel>\n    <Computer>WIN-FPV0DSIC9O6.sigma.fr</Computer>\n    <Security UserID=\"S-1-5-7\">\n    </Security>\n  </System>\n  <EventData>\n    <Data>8</Data>\n    <Binary></Binary>\n  </EventData>\n</Event>\n",
  "json": "{\"Event\":{\"#attributes\":{\"xmlns\":\"http://schemas.microsoft.com/win/2004/08/events/event\"},\"System\":{\"Provider\":{\"#attributes\":{\"Name\":\"Microsoft-Windows-ActiveDirectory_DomainService\",\"Guid\":\"{0e8478c5-3605-4e8c-8497-1e730c959516}\",\"EventSourceName\":\"NTDS Database\"}},\"EventID\":{\"#attributes\":{\"Qualifiers\":16384},\"#text\":2962},\"Version\":0,\"Level\":4,\"Task\":9,\"Opcode\":0,\"Keywords\":\"0x8080000000000000\",\"TimeCreated\":{\"#attributes\":{\"SystemTime\":\"2022-04-07T08:19:31.474025Z\"}},\"EventRecordID\":59,\"Correlation\":null,\"Execution\":{\"#attributes\":{\"ProcessID\":648,\"ThreadID\":7164}},\"Channel\":\"Directory Service\",\"Computer\":\"WIN-FPV0DSIC9O6.sigma.fr\",\"Security\":{\"#attributes\":{\"UserID\":\"S-1-5-7\"}}},\"EventData\":{\"Data\":{\"#text\":\"8\"},\"Binary\":null}}}",
  "xml_fields": {
    "provider": "Microsoft-Windows-ActiveDirectory_DomainService",
    "event_id": "2962",
    "timestamp": "2022-04-07T08:19:31.474025Z",
    "event_record_id": "59",
    "level": "4",
    "task": "9",
    "opcode": "0",
    "keywords": "0x8080000000000000",
    "channel": "Directory Service",
    "computer": "WIN-FPV0DSIC9O6.sigma.fr",
    "_data_0": "8"
  },
  "json_fields": {
    "provider": "Microsoft-Windows-ActiveDirectory_DomainService",
    "channel": "Directory Service",
    "event_id": "2962",
    "timestamp": "2022-04-07T08:19:31.474025Z",
    "event_record_id": "59",
    "level": "4",
    "task": "9",
    "opcode": "0",
    "keywords": "0x8080000000000000",
    "computer": "WIN-FPV0DSIC9O6.sigma.fr",
    "Data": "8"
  }
}