{
  "event_id": "29",
  "provider": "Microsoft-Windows-UniversalTelemetryClient",
  "channel": "Microsoft-Windows-UniversalTelemetryClient/Operational",
  "source_file": "D:\\visual code file\\Project_4\\Event-Analyzer\\test\\Benign\\win2022-0-20348-azure\\Microsoft-Windows-UniversalTelemetryClient%4Operational.evtx",
  "event_record_id": 13,
  "xml": "<?xml version=\"1.0\" encoding=\"utf-8\"?>\n<Event xmlns=\"http://schemas.microsoft.com/win/2004/08/events/event\">\n  <System>\n    <Provider Name=\"Microsoft-Windows-UniversalTelemetryClient\" Guid=\"6489B27F-7C43-5886-1D00-0A61BB2A375B\">\n    </Provider>\n    <EventID>29</EventID>\n    <Version>0</Version>\n    <Level>2</Level>\n    <Task>29</Task>\n    <Opcode>0</Opcode>\n    <Keywords>0x8000000000020000</Keywords>\n    <TimeCreated SystemTime=\"2022-09-08T21:30:13.381079Z\">\n    </TimeCreated>\n    <EventRecordID>13</EventRecordID>\n    <Correlation>\n    </Correlation>\n    <Execution ProcessID=\"2324\" ThreadID=\"2460\">\n    </Execution>\n    <Channel>Microsoft-Windows-UniversalTelemetryClient/Operational</Channel>\n    <Computer>WIN-06FB45IHQ35</Computer>\n    <Security UserID=\"S-1-5-18\">\n    </Security>\n  </System>\n  <EventData>\n    <Data Name=\"Environment\">ServiceHost</Data>\n    <Data Name=\"EventsUploaded\">0</Data>\n    <Data Name=\"EventsDropped\">8</Data>\n    <Data Name=\"LastEventlogWrittenTime\">3905796689561663789</Data>\n    <Data Name=\"FailedConnections\">7</Data>\n    <Data Name=\"LastHttpError\">2147954407</Data>\n    <Data Name=\"ProxySettingDetected\">false</Data>\n    <Data Name=\"SslCertValidationFailures\">0</Data>\n    <Data Name=\"LastSslCertFailure\">0</Data>\n  </EventData>\n</Event>\n",
  "json": "{\"Event\":{\"#attributes\":{\"xmlns\":\"http://schemas.microsoft.com/win/2004/08/events/event\"},\"System\":{\"Provider\":{\"#attributes\":{\"Name\":\"Microsoft-Windows-UniversalTelemetryClient\",\"Guid\":\"6489B27F-7C43-5886-1D00-0A61BB2A375B\"}},\"EventID\":29,\"Version\":0,\"Level\":2,\"Task\":29,\"Opcode\":0,\"Keywords\":\"0x8000000000020000\",\"TimeCreated\":{\"#attributes\":{\"SystemTime\":\"2022-09-08T21:30:13.381079Z\"}},\"EventRecordID\":13,\"Correlation\":null,\"Execution\":{\"#attributes\":{\"ProcessID\":2324,\"ThreadID\":2460}},\"Channel\":\"Microsoft-Windows-UniversalTelemetryClient/Operational\",\"Computer\":\"WIN-06FB45IHQ35\",\"Security\":{\"#attributes\":{\"UserID\":\"S-1-5-18\"}}},\"EventData\":{\"Environment\":\"ServiceHost\",\"EventsUploaded\":0,\"EventsDropped\":8,\"LastEventlogWrittenTime\":3905796689561663789,\"FailedConnections\":7,\"LastHttpError\":2147954407,\"ProxySettingDetected\":false,\"SslCertValidationFailures\":0,\"LastSslCertFailure\":0}}}",
  "xml_fields": {
    "provider": "Microsoft-Windows-UniversalTelemetryClient",
    "event_id": "29",
    "timestamp": "2022-09-08T21:30:13.381079Z",
    "event_record_id": "13",
    "level": "2",
    "task": "29",
    "opcode": "0",
    "keywords": "0x8000000000020000",
    "channel": "Microsoft-Windows-UniversalTelemetryClient/Operational",
    "computer": "WIN-06FB45IHQ35",
    "Environment": "ServiceHost",
    "EventsUploaded": "0",
    "EventsDropped": "8",
    "LastEventlogWrittenTime": "3905796689561663789",
    "FailedConnections": "7",
    "LastHttpError": "2147954407",
    "ProxySettingDetected": "false",
    "SslCertValidationFailures": "0",
    "LastSslCertFailure": "0"
  },
  "json_fields": {
    "provider": "Microsoft-Windows-UniversalTelemetryClient",
    "channel": "Microsoft-Windows-UniversalTelemetryClient/Operational",
    "event_id": "29",
    "timestamp": "2022-09-08T21:30:13.381079Z",
    "event_record_id": "13",
    "level": "2",
    "task": "29",
    "opcode": "0",
    "keywords": "0x8000000000020000",
    "computer": "WIN-06FB45IHQ35",
    "Environment": "ServiceHost",
    "EventsUploaded": "0",
    "EventsDropped": "8",
    "LastEventlogWrittenTime": "3905796689561663789",
    "FailedConnections": "7",
    "LastHttpError": "2147954407",
    "ProxySettingDetected": "False",
    "SslCertValidationFailures": "0",
    "LastSslCertFailure": "0"
  }
}