{
  "event_id": "2",
  "provider": "Microsoft-Windows-Kernel-EventTracing",
  "channel": "Microsoft-Windows-Kernel-EventTracing/Admin",
  "source_file": "D:\\visual code file\\Project_4\\Event-Analyzer\\test\\Logs\\Microsoft-Windows-Kernel-EventTracing%4Admin.evtx",
  "event_record_id": 1,
  "xml": "<?xml version=\"1.0\" encoding=\"utf-8\"?>\n<Event xmlns=\"http://schemas.microsoft.com/win/2004/08/events/event\">\n  <System>\n    <Provider Name=\"Microsoft-Windows-Kernel-EventTracing\" Guid=\"B675EC37-BDB6-4648-BC92-F3FDC74D3CA2\">\n    </Provider>\n    <EventID>2</EventID>\n    <Version>0</Version>\n    <Level>2</Level>\n    <Task>2</Task>\n    <Opcode>12</Opcode>\n    <Keywords>0x8000000000000010</Keywords>\n    <TimeCreated SystemTime=\"2025-01-24T10:06:06.151279Z\">\n    </TimeCreated>\n    <EventRecordID>1</EventRecordID>\n    <Correlation>\n    </Correlation>\n    <Execution ProcessID=\"5728\" ThreadID=\"5732\">\n    </Execution>\n    <Channel>Microsoft-Windows-Kernel-EventTracing/Admin</Channel>\n    <Computer>CTO-FILESVR</Computer>\n    <Security UserID=\"S-1-5-18\">\n    </Security>\n  </System>\n  <EventData>\n    <Data Name=\"SessionName\">Microsoft.Windows.WindowsUpdate.RUXIMLog</Data>\n    <Data Name=\"FileName\"></Data>\n    <Data Name=\"ErrorCode\">3221225525</Data>\n    <Data Name=\"LoggingMode\">268460034</Data>\n  </EventData>\n</Event>\n",
  "json": "{\"Event\":{\"#attributes\":{\"xmlns\":\"http://schemas.microsoft.com/win/2004/08/events/event\"},\"System\":{\"Provider\":{\"#attributes\":{\"Name\":\"Microsoft-Windows-Kernel-EventTracing\",\"Guid\":\"B675EC37-BDB6-4648-BC92-F3FDC74D3CA2\"}},\"EventID\":2,\"Version\":0,\"Level\":2,\"Task\":2,\"Opcode\":12,\"Keywords\":\"0x8000000000000010\",\"TimeCreated\":{\"#attributes\":{\"SystemTime\":\"2025-01-24T10:06:06.151279Z\"}},\"EventRecordID\":1,\"Correlation\":null,\"Execution\":{\"#attributes\":{\"ProcessID\":5728,\"ThreadID\":5732}},\"Channel\":\"Microsoft-Windows-Kernel-EventTracing/Admin\",\"Computer\":\"CTO-FILESVR\",\"Security\":{\"#attributes\":{\"UserID\":\"S-1-5-18\"}}},\"EventData\":{\"SessionName\":\"Microsoft.Windows.WindowsUpdate.RUXIMLog\",\"FileName\":\"\",\"ErrorCode\":3221225525,\"LoggingMode\":268460034}}}",
  "xml_fields": {
    "provider": "Microsoft-Windows-Kernel-EventTracing",
    "event_id": "2",
    "timestamp": "2025-01-24T10:06:06.151279Z",
    "event_record_id": "1",
    "level": "2",
    "task": "2",
    "opcode": "12",
    "keywords": "0x8000000000000010",
    "channel": "Microsoft-Windows-Kernel-EventTracing/Admin",
    "computer": "CTO-FILESVR",
    "SessionName": "Microsoft.Windows.WindowsUpdate.RUXIMLog",
    "FileName": "",
    "ErrorCode": "3221225525",
    "LoggingMode": "268460034"
  },
  "json_fields": {
    "provider": "Microsoft-Windows-Kernel-EventTracing",
    "channel": "Microsoft-Windows-Kernel-EventTracing/Admin",
    "event_id": "2",
    "timestamp": "2025-01-24T10:06:06.151279Z",
    "event_record_id": "1",
    "level": "2",
    "task": "2",
    "opcode": "12",
    "keywords": "0x8000000000000010",
    "computer": "CTO-FILESVR",
    "SessionName": "Microsoft.Windows.WindowsUpdate.RUXIMLog",
    "FileName": "",
    "ErrorCode": "3221225525",
    "LoggingMode": "268460034"
  }
}