{
  "event_id": "2",
  "provider": "Microsoft-Windows-WER-PayloadHealth",
  "channel": "Microsoft-Windows-WER-PayloadHealth/Operational",
  "source_file": "D:\\visual code file\\Project_4\\Event-Analyzer\\test\\Benign\\win2022-0-20348-azure\\Microsoft-Windows-WER-PayloadHealth%4Operational.evtx",
  "event_record_id": 1,
  "xml": "<?xml version=\"1.0\" encoding=\"utf-8\"?>\n<Event xmlns=\"http://schemas.microsoft.com/win/2004/08/events/event\">\n  <System>\n    <Provider Name=\"Microsoft-Windows-WER-PayloadHealth\" Guid=\"4AFDDFDE-002D-51AC-C109-C3B7897858D0\">\n    </Provider>\n    <EventID>2</EventID>\n    <Version>0</Version>\n    <Level>4</Level>\n    <Task>1</Task>\n    <Opcode>0</Opcode>\n    <Keywords>0x8000000000000000</Keywords>\n    <TimeCreated SystemTime=\"2022-09-08T21:04:01.693927Z\">\n    </TimeCreated>\n    <EventRecordID>1</EventRecordID>\n    <Correlation>\n    </Correlation>\n    <Execution ProcessID=\"4580\" ThreadID=\"4600\">\n    </Execution>\n    <Channel>Microsoft-Windows-WER-PayloadHealth/Operational</Channel>\n    <Computer>WIN-06FB45IHQ35</Computer>\n    <Security UserID=\"S-1-5-18\">\n    </Security>\n  </System>\n  <EventData Name=\"WER_PAYLOAD_HEALTH_FAIL\">\n    <Data Name=\"HttpExchangeResult\">2147954407</Data>\n    <Data Name=\"UploadDuration\">47</Data>\n    <Data Name=\"PayloadSize\">4749</Data>\n    <Data Name=\"Protocol\">Watson</Data>\n    <Data Name=\"Stage\">s1event</Data>\n    <Data Name=\"RequestStatusCode\">0</Data>\n    <Data Name=\"BytesUploaded\">0</Data>\n    <Data Name=\"ServerName\">umwatson.events.data.microsoft.com</Data>\n    <Data Name=\"TransportHr\">2147954407</Data>\n  </EventData>\n</Event>\n",
  "json": "{\"Event\":{\"#attributes\":{\"xmlns\":\"http://schemas.microsoft.com/win/2004/08/events/event\"},\"System\":{\"Provider\":{\"#attributes\":{\"Name\":\"Microsoft-Windows-WER-PayloadHealth\",\"Guid\":\"4AFDDFDE-002D-51AC-C109-C3B7897858D0\"}},\"EventID\":2,\"Version\":0,\"Level\":4,\"Task\":1,\"Opcode\":0,\"Keywords\":\"0x8000000000000000\",\"TimeCreated\":{\"#attributes\":{\"SystemTime\":\"2022-09-08T21:04:01.693927Z\"}},\"EventRecordID\":1,\"Correlation\":null,\"Execution\":{\"#attributes\":{\"ProcessID\":4580,\"ThreadID\":4600}},\"Channel\":\"Microsoft-Windows-WER-PayloadHealth/Operational\",\"Computer\":\"WIN-06FB45IHQ35\",\"Security\":{\"#attributes\":{\"UserID\":\"S-1-5-18\"}}},\"EventData\":{\"#attributes\":{\"Name\":\"WER_PAYLOAD_HEALTH_FAIL\"},\"HttpExchangeResult\":2147954407,\"UploadDuration\":47,\"PayloadSize\":4749,\"Protocol\":\"Watson\",\"Stage\":\"s1event\",\"RequestStatusCode\":0,\"BytesUploaded\":0,\"ServerName\":\"umwatson.events.data.microsoft.com\",\"TransportHr\":2147954407}}}",
  "xml_fields": {
    "provider": "Microsoft-Windows-WER-PayloadHealth",
    "event_id": "2",
    "timestamp": "2022-09-08T21:04:01.693927Z",
    "event_record_id": "1",
    "level": "4",
    "task": "1",
    "opcode": "0",
    "keywords": "0x8000000000000000",
    "channel": "Microsoft-Windows-WER-PayloadHealth/Operational",
    "computer": "WIN-06FB45IHQ35",
    "HttpExchangeResult": "2147954407",
    "UploadDuration": "47",
    "PayloadSize": "4749",
    "Protocol": "Watson",
    "Stage": "s1event",
    "RequestStatusCode": "0",
    "BytesUploaded": "0",
    "ServerName": "umwatson.events.data.microsoft.com",
    "TransportHr": "2147954407"
  },
  "json_fields": {
    "provider": "Microsoft-Windows-WER-PayloadHealth",
    "channel": "Microsoft-Windows-WER-PayloadHealth/Operational",
    "event_id": "2",
    "timestamp": "2022-09-08T21:04:01.693927Z",
    "event_record_id": "1",
    "level": "4",
    "task": "1",
    "opcode": "0",
    "keywords": "0x8000000000000000",
    "computer": "WIN-06FB45IHQ35",
    "HttpExchangeResult": "2147954407",
    "UploadDuration": "47",
    "PayloadSize": "4749",
    "Protocol": "Watson",
    "Stage": "s1event",
    "RequestStatusCode": "0",
    "BytesUploaded": "0",
    "ServerName": "umwatson.events.data.microsoft.com",
    "TransportHr": "2147954407"
  }
}