{
  "event_id": "2",
  "provider": "Microsoft-Windows-Crypto-NCrypt",
  "channel": "Microsoft-Windows-Crypto-NCrypt/Operational",
  "source_file": "D:\\visual code file\\Project_4\\Event-Analyzer\\test\\Logs\\Microsoft-Windows-Crypto-NCrypt%4Operational.evtx",
  "event_record_id": 1,
  "xml": "<?xml version=\"1.0\" encoding=\"utf-8\"?>\n<Event xmlns=\"http://schemas.microsoft.com/win/2004/08/events/event\">\n  <System>\n    <Provider Name=\"Microsoft-Windows-Crypto-NCrypt\" Guid=\"E8ED09DC-100C-45E2-9FC8-B53399EC1F70\">\n    </Provider>\n    <EventID>2</EventID>\n    <Version>0</Version>\n    <Level>2</Level>\n    <Task>2</Task>\n    <Opcode>0</Opcode>\n    <Keywords>0x8000000000000001</Keywords>\n    <TimeCreated SystemTime=\"2024-11-05T01:34:16.538904Z\">\n    </TimeCreated>\n    <EventRecordID>1</EventRecordID>\n    <Correlation ActivityID=\"CC60C7CA-2F22-0001-B1C8-60CC222FDB01\">\n    </Correlation>\n    <Execution ProcessID=\"652\" ThreadID=\"704\">\n    </Execution>\n    <Channel>Microsoft-Windows-Crypto-NCrypt/Operational</Channel>\n    <Computer>DESKTOP-P9H5FTA</Computer>\n    <Security UserID=\"S-1-5-18\">\n    </Security>\n  </System>\n  <EventData>\n    <Data Name=\"ProviderName\">Microsoft Platform Crypto Provider</Data>\n    <Data Name=\"Status\">0x80090030</Data>\n    <Data Name=\"ProcessName\">lsass.exe</Data>\n  </EventData>\n</Event>\n",
  "json": "{\"Event\":{\"#attributes\":{\"xmlns\":\"http://schemas.microsoft.com/win/2004/08/events/event\"},\"System\":{\"Provider\":{\"#attributes\":{\"Name\":\"Microsoft-Windows-Crypto-NCrypt\",\"Guid\":\"E8ED09DC-100C-45E2-9FC8-B53399EC1F70\"}},\"EventID\":2,\"Version\":0,\"Level\":2,\"Task\":2,\"Opcode\":0,\"Keywords\":\"0x8000000000000001\",\"TimeCreated\":{\"#attributes\":{\"SystemTime\":\"2024-11-05T01:34:16.538904Z\"}},\"EventRecordID\":1,\"Correlation\":{\"#attributes\":{\"ActivityID\":\"CC60C7CA-2F22-0001-B1C8-60CC222FDB01\"}},\"Execution\":{\"#attributes\":{\"ProcessID\":652,\"ThreadID\":704}},\"Channel\":\"Microsoft-Windows-Crypto-NCrypt/Operational\",\"Computer\":\"DESKTOP-P9H5FTA\",\"Security\":{\"#attributes\":{\"UserID\":\"S-1-5-18\"}}},\"EventData\":{\"ProviderName\":\"Microsoft Platform Crypto Provider\",\"Status\":\"0x80090030\",\"ProcessName\":\"lsass.exe\"}}}",
  "xml_fields": {
    "provider": "Microsoft-Windows-Crypto-NCrypt",
    "event_id": "2",
    "timestamp": "2024-11-05T01:34:16.538904Z",
    "event_record_id": "1",
    "level": "2",
    "task": "2",
    "opcode": "0",
    "keywords": "0x8000000000000001",
    "channel": "Microsoft-Windows-Crypto-NCrypt/Operational",
    "computer": "DESKTOP-P9H5FTA",
    "ProviderName": "Microsoft Platform Crypto Provider",
    "Status": "0x80090030",
    "ProcessName": "lsass.exe"
  },
  "json_fields": {
    "provider": "Microsoft-Windows-Crypto-NCrypt",
    "channel": "Microsoft-Windows-Crypto-NCrypt/Operational",
    "event_id": "2",
    "timestamp": "2024-11-05T01:34:16.538904Z",
    "event_record_id": "1",
    "level": "2",
    "task": "2",
    "opcode": "0",
    "keywords": "0x8000000000000001",
    "computer": "DESKTOP-P9H5FTA",
    "ProviderName": "Microsoft Platform Crypto Provider",
    "Status": "0x80090030",
    "ProcessName": "lsass.exe"
  }
}