{
  "event_id": "2",
  "provider": "Microsoft-Windows-Security-Mitigations",
  "channel": "Microsoft-Windows-Security-Mitigations/KernelMode",
  "source_file": "D:\\visual code file\\Project_4\\Event-Analyzer\\test\\Benign\\Logs_Win11\\Microsoft-Windows-Security-Mitigations%4KernelMode.evtx",
  "event_record_id": 21,
  "xml": "<?xml version=\"1.0\" encoding=\"utf-8\"?>\n<Event xmlns=\"http://schemas.microsoft.com/win/2004/08/events/event\">\n  <System>\n    <Provider Name=\"Microsoft-Windows-Security-Mitigations\" Guid=\"FAE10392-F0AF-4AC0-B8FF-9F4D920C3CDF\">\n    </Provider>\n    <EventID>2</EventID>\n    <Version>0</Version>\n    <Level>3</Level>\n    <Task>1</Task>\n    <Opcode>0</Opcode>\n    <Keywords>0x8000000000000000</Keywords>\n    <TimeCreated SystemTime=\"2022-03-01T19:14:27.259954Z\">\n    </TimeCreated>\n    <EventRecordID>21</EventRecordID>\n    <Correlation>\n    </Correlation>\n    <Execution ProcessID=\"9400\" ThreadID=\"5928\">\n    </Execution>\n    <Channel>Microsoft-Windows-Security-Mitigations/KernelMode</Channel>\n    <Computer>DESKTOP-6D0DBMB</Computer>\n    <Security UserID=\"S-1-5-21-1671613982-9707084-2312793148-1001\">\n    </Security>\n  </System>\n  <EventData>\n    <Data Name=\"ProcessPathLength\">71</Data>\n    <Data Name=\"ProcessPath\">\\Device\\HarddiskVolume3\\Program Files\\TeamViewer\\TeamViewer_Service.exe</Data>\n    <Data Name=\"ProcessCommandLineLength\">61</Data>\n    <Data Name=\"ProcessCommandLine\">\"C:\\Program Files\\TeamViewer\\TeamViewer_Service.exe\" -install</Data>\n    <Data Name=\"CallingProcessId\">9400</Data>\n    <Data Name=\"CallingProcessCreateTime\">2022-03-01T19:14:27.003528Z</Data>\n    <Data Name=\"CallingProcessStartKey\">562949953422319</Data>\n    <Data Name=\"CallingProcessSignatureLevel\">0</Data>\n    <Data Name=\"CallingProcessSectionSignatureLevel\">0</Data>\n    <Data Name=\"CallingProcessProtection\">0</Data>\n    <Data Name=\"CallingThreadId\">5928</Data>\n    <Data Name=\"CallingThreadCreateTime\">2022-03-01T19:14:27.003532Z</Data>\n  </EventData>\n</Event>\n",
  "json": "{\"Event\":{\"#attributes\":{\"xmlns\":\"http://schemas.microsoft.com/win/2004/08/events/event\"},\"System\":{\"Provider\":{\"#attributes\":{\"Name\":\"Microsoft-Windows-Security-Mitigations\",\"Guid\":\"FAE10392-F0AF-4AC0-B8FF-9F4D920C3CDF\"}},\"EventID\":2,\"Version\":0,\"Level\":3,\"Task\":1,\"Opcode\":0,\"Keywords\":\"0x8000000000000000\",\"TimeCreated\":{\"#attributes\":{\"SystemTime\":\"2022-03-01T19:14:27.259954Z\"}},\"EventRecordID\":21,\"Correlation\":null,\"Execution\":{\"#attributes\":{\"ProcessID\":9400,\"ThreadID\":5928}},\"Channel\":\"Microsoft-Windows-Security-Mitigations/KernelMode\",\"Computer\":\"DESKTOP-6D0DBMB\",\"Security\":{\"#attributes\":{\"UserID\":\"S-1-5-21-1671613982-9707084-2312793148-1001\"}}},\"EventData\":{\"ProcessPathLength\":71,\"ProcessPath\":\"\\\\Device\\\\HarddiskVolume3\\\\Program Files\\\\TeamViewer\\\\TeamViewer_Service.exe\",\"ProcessCommandLineLength\":61,\"ProcessCommandLine\":\"\\\"C:\\\\Program Files\\\\TeamViewer\\\\TeamViewer_Service.exe\\\" -install\",\"CallingProcessId\":9400,\"CallingProcessCreateTime\":\"2022-03-01T19:14:27.003528Z\",\"CallingProcessStartKey\":562949953422319,\"CallingProcessSignatureLevel\":0,\"CallingProcessSectionSignatureLevel\":0,\"CallingProcessProtection\":0,\"CallingThreadId\":5928,\"CallingThreadCreateTime\":\"2022-03-01T19:14:27.003532Z\"}}}",
  "xml_fields": {
    "provider": "Microsoft-Windows-Security-Mitigations",
    "event_id": "2",
    "timestamp": "2022-03-01T19:14:27.259954Z",
    "event_record_id": "21",
    "level": "3",
    "task": "1",
    "opcode": "0",
    "keywords": "0x8000000000000000",
    "channel": "Microsoft-Windows-Security-Mitigations/KernelMode",
    "computer": "DESKTOP-6D0DBMB",
    "ProcessPathLength": "71",
    "ProcessPath": "\\Device\\HarddiskVolume3\\Program Files\\TeamViewer\\TeamViewer_Service.exe",
    "ProcessCommandLineLength": "61",
    "ProcessCommandLine": "\"C:\\Program Files\\TeamViewer\\TeamViewer_Service.exe\" -install",
    "CallingProcessId": "9400",
    "CallingProcessCreateTime": "2022-03-01T19:14:27.003528Z",
    "CallingProcessStartKey": "562949953422319",
    "CallingProcessSignatureLevel": "0",
    "CallingProcessSectionSignatureLevel": "0",
    "CallingProcessProtection": "0",
    "CallingThreadId": "5928",
    "CallingThreadCreateTime": "2022-03-01T19:14:27.003532Z"
  },
  "json_fields": {
    "provider": "Microsoft-Windows-Security-Mitigations",
    "channel": "Microsoft-Windows-Security-Mitigations/KernelMode",
    "event_id": "2",
    "timestamp": "2022-03-01T19:14:27.259954Z",
    "event_record_id": "21",
    "level": "3",
    "task": "1",
    "opcode": "0",
    "keywords": "0x8000000000000000",
    "computer": "DESKTOP-6D0DBMB",
    "ProcessPathLength": "71",
    "ProcessPath": "\\Device\\HarddiskVolume3\\Program Files\\TeamViewer\\TeamViewer_Service.exe",
    "ProcessCommandLineLength": "61",
    "ProcessCommandLine": "\"C:\\Program Files\\TeamViewer\\TeamViewer_Service.exe\" -install",
    "CallingProcessId": "9400",
    "CallingProcessCreateTime": "2022-03-01T19:14:27.003528Z",
    "CallingProcessStartKey": "562949953422319",
    "CallingProcessSignatureLevel": "0",
    "CallingProcessSectionSignatureLevel": "0",
    "CallingProcessProtection": "0",
    "CallingThreadId": "5928",
    "CallingThreadCreateTime": "2022-03-01T19:14:27.003532Z"
  }
}