{
  "event_id": "2",
  "provider": "Microsoft-Windows-Servicing",
  "channel": "Setup",
  "source_file": "D:\\visual code file\\Project_4\\Event-Analyzer\\test\\Logs\\Setup.evtx",
  "event_record_id": 3,
  "xml": "<?xml version=\"1.0\" encoding=\"utf-8\"?>\n<Event xmlns=\"http://schemas.microsoft.com/win/2004/08/events/event\">\n  <System>\n    <Provider Name=\"Microsoft-Windows-Servicing\" Guid=\"BD12F3B8-FC40-4A61-A307-B7A013A069C1\">\n    </Provider>\n    <EventID>2</EventID>\n    <Version>0</Version>\n    <Level>0</Level>\n    <Task>1</Task>\n    <Opcode>0</Opcode>\n    <Keywords>0x8000000000000000</Keywords>\n    <TimeCreated SystemTime=\"2024-11-04T12:39:33.743453Z\">\n    </TimeCreated>\n    <EventRecordID>3</EventRecordID>\n    <Correlation>\n    </Correlation>\n    <Execution ProcessID=\"6464\" ThreadID=\"7048\">\n    </Execution>\n    <Channel>Setup</Channel>\n    <Computer>DESKTOP-P9H5FTA</Computer>\n    <Security UserID=\"S-1-5-18\">\n    </Security>\n  </System>\n  <UserData>\n    <CbsPackageChangeState xmlns=\"http://manifests.microsoft.com/win/2004/08/windows/setup_provider\">\n      <PackageIdentifier>KB5026037</PackageIdentifier>\n      <IntendedPackageState>5112</IntendedPackageState>\n      <IntendedPackageStateTextized>Installed</IntendedPackageStateTextized>\n      <ErrorCode>0x0</ErrorCode>\n      <Client>WindowsUpdateAgent</Client>\n    </CbsPackageChangeState>\n  </UserData>\n</Event>\n",
  "json": "{\"Event\":{\"#attributes\":{\"xmlns\":\"http://schemas.microsoft.com/win/2004/08/events/event\"},\"System\":{\"Provider\":{\"#attributes\":{\"Name\":\"Microsoft-Windows-Servicing\",\"Guid\":\"BD12F3B8-FC40-4A61-A307-B7A013A069C1\"}},\"EventID\":2,\"Version\":0,\"Level\":0,\"Task\":1,\"Opcode\":0,\"Keywords\":\"0x8000000000000000\",\"TimeCreated\":{\"#attributes\":{\"SystemTime\":\"2024-11-04T12:39:33.743453Z\"}},\"EventRecordID\":3,\"Correlation\":null,\"Execution\":{\"#attributes\":{\"ProcessID\":6464,\"ThreadID\":7048}},\"Channel\":\"Setup\",\"Computer\":\"DESKTOP-P9H5FTA\",\"Security\":{\"#attributes\":{\"UserID\":\"S-1-5-18\"}}},\"UserData\":{\"CbsPackageChangeState\":{\"#attributes\":{\"xmlns\":\"http://manifests.microsoft.com/win/2004/08/windows/setup_provider\"},\"PackageIdentifier\":\"KB5026037\",\"IntendedPackageState\":5112,\"IntendedPackageStateTextized\":\"Installed\",\"ErrorCode\":\"0x0\",\"Client\":\"WindowsUpdateAgent\"}}}}",
  "xml_fields": {
    "provider": "Microsoft-Windows-Servicing",
    "event_id": "2",
    "timestamp": "2024-11-04T12:39:33.743453Z",
    "event_record_id": "3",
    "level": "0",
    "task": "1",
    "opcode": "0",
    "keywords": "0x8000000000000000",
    "channel": "Setup",
    "computer": "DESKTOP-P9H5FTA",
    "PackageIdentifier": "KB5026037",
    "IntendedPackageState": "5112",
    "IntendedPackageStateTextized": "Installed",
    "ErrorCode": "0x0",
    "Client": "WindowsUpdateAgent"
  },
  "json_fields": {
    "provider": "Microsoft-Windows-Servicing",
    "channel": "Setup",
    "event_id": "2",
    "timestamp": "2024-11-04T12:39:33.743453Z",
    "event_record_id": "3",
    "level": "0",
    "task": "1",
    "opcode": "0",
    "keywords": "0x8000000000000000",
    "computer": "DESKTOP-P9H5FTA",
    "PackageIdentifier": "KB5026037",
    "IntendedPackageState": "5112",
    "IntendedPackageStateTextized": "Installed",
    "ErrorCode": "0x0",
    "Client": "WindowsUpdateAgent"
  }
}