{
  "event_id": "2",
  "provider": "Microsoft-Windows-WindowsSystemAssessmentTool",
  "channel": "Microsoft-Windows-WindowsSystemAssessmentTool/Operational",
  "source_file": "D:\\visual code file\\Project_4\\Event-Analyzer\\test\\Benign\\win2022-evtx\\Microsoft-Windows-WindowsSystemAssessmentTool%4Operational.evtx",
  "event_record_id": 3,
  "xml": "<?xml version=\"1.0\" encoding=\"utf-8\"?>\n<Event xmlns=\"http://schemas.microsoft.com/win/2004/08/events/event\">\n  <System>\n    <Provider Name=\"Microsoft-Windows-WindowsSystemAssessmentTool\" Guid=\"11A75546-3234-465E-BEC8-2D301CB501AC\">\n    </Provider>\n    <EventID>2</EventID>\n    <Version>0</Version>\n    <Level>0</Level>\n    <Task>1</Task>\n    <Opcode>0</Opcode>\n    <Keywords>0x8000000000000000</Keywords>\n    <TimeCreated SystemTime=\"2022-04-04T08:01:33.246239Z\">\n    </TimeCreated>\n    <EventRecordID>3</EventRecordID>\n    <Correlation>\n    </Correlation>\n    <Execution ProcessID=\"3768\" ThreadID=\"4432\">\n    </Execution>\n    <Channel>Microsoft-Windows-WindowsSystemAssessmentTool/Operational</Channel>\n    <Computer>WIN-TKC15D7KHUR</Computer>\n    <Security UserID=\"S-1-5-21-1958040314-2592322477-2606035944-500\">\n    </Security>\n  </System>\n  <EventData>\n    <Data Name=\"CommandLineSize\">92</Data>\n    <Data Name=\"CommandLine\">C:\\Windows\\system32\\winsat.exe formal -log -cancelevent c44be6b9-8148-4e99-84df-c74f2f9e27e2</Data>\n  </EventData>\n</Event>\n",
  "json": "{\"Event\":{\"#attributes\":{\"xmlns\":\"http://schemas.microsoft.com/win/2004/08/events/event\"},\"System\":{\"Provider\":{\"#attributes\":{\"Name\":\"Microsoft-Windows-WindowsSystemAssessmentTool\",\"Guid\":\"11A75546-3234-465E-BEC8-2D301CB501AC\"}},\"EventID\":2,\"Version\":0,\"Level\":0,\"Task\":1,\"Opcode\":0,\"Keywords\":\"0x8000000000000000\",\"TimeCreated\":{\"#attributes\":{\"SystemTime\":\"2022-04-04T08:01:33.246239Z\"}},\"EventRecordID\":3,\"Correlation\":null,\"Execution\":{\"#attributes\":{\"ProcessID\":3768,\"ThreadID\":4432}},\"Channel\":\"Microsoft-Windows-WindowsSystemAssessmentTool/Operational\",\"Computer\":\"WIN-TKC15D7KHUR\",\"Security\":{\"#attributes\":{\"UserID\":\"S-1-5-21-1958040314-2592322477-2606035944-500\"}}},\"EventData\":{\"CommandLineSize\":92,\"CommandLine\":\"C:\\\\Windows\\\\system32\\\\winsat.exe formal -log -cancelevent c44be6b9-8148-4e99-84df-c74f2f9e27e2\"}}}",
  "xml_fields": {
    "provider": "Microsoft-Windows-WindowsSystemAssessmentTool",
    "event_id": "2",
    "timestamp": "2022-04-04T08:01:33.246239Z",
    "event_record_id": "3",
    "level": "0",
    "task": "1",
    "opcode": "0",
    "keywords": "0x8000000000000000",
    "channel": "Microsoft-Windows-WindowsSystemAssessmentTool/Operational",
    "computer": "WIN-TKC15D7KHUR",
    "CommandLineSize": "92",
    "CommandLine": "C:\\Windows\\system32\\winsat.exe formal -log -cancelevent c44be6b9-8148-4e99-84df-c74f2f9e27e2"
  },
  "json_fields": {
    "provider": "Microsoft-Windows-WindowsSystemAssessmentTool",
    "channel": "Microsoft-Windows-WindowsSystemAssessmentTool/Operational",
    "event_id": "2",
    "timestamp": "2022-04-04T08:01:33.246239Z",
    "event_record_id": "3",
    "level": "0",
    "task": "1",
    "opcode": "0",
    "keywords": "0x8000000000000000",
    "computer": "WIN-TKC15D7KHUR",
    "CommandLineSize": "92",
    "CommandLine": "C:\\Windows\\system32\\winsat.exe formal -log -cancelevent c44be6b9-8148-4e99-84df-c74f2f9e27e2"
  }
}