{
  "event_id": "2",
  "provider": "Microsoft-Windows-Containers-Wcifs",
  "channel": "Microsoft-Windows-Containers-Wcifs/Operational",
  "source_file": "D:\\visual code file\\Project_4\\Event-Analyzer\\test\\Logs\\Microsoft-Windows-Containers-Wcifs%4Operational.evtx",
  "event_record_id": 1,
  "xml": "<?xml version=\"1.0\" encoding=\"utf-8\"?>\n<Event xmlns=\"http://schemas.microsoft.com/win/2004/08/events/event\">\n  <System>\n    <Provider Name=\"Microsoft-Windows-Containers-Wcifs\" Guid=\"AEC5C129-7C10-407D-BE97-91A042C61AAA\">\n    </Provider>\n    <EventID>2</EventID>\n    <Version>0</Version>\n    <Level>4</Level>\n    <Task>0</Task>\n    <Opcode>0</Opcode>\n    <Keywords>0x8000000000000000</Keywords>\n    <TimeCreated SystemTime=\"2024-11-05T01:33:09.232107Z\">\n    </TimeCreated>\n    <EventRecordID>1</EventRecordID>\n    <Correlation>\n    </Correlation>\n    <Execution ProcessID=\"4\" ThreadID=\"300\">\n    </Execution>\n    <Channel>Microsoft-Windows-Containers-Wcifs/Operational</Channel>\n    <Computer>WIN-5LCFHVCO531</Computer>\n    <Security UserID=\"S-1-5-18\">\n    </Security>\n  </System>\n  <EventData>\n  </EventData>\n</Event>\n",
  "json": "{\"Event\":{\"#attributes\":{\"xmlns\":\"http://schemas.microsoft.com/win/2004/08/events/event\"},\"System\":{\"Provider\":{\"#attributes\":{\"Name\":\"Microsoft-Windows-Containers-Wcifs\",\"Guid\":\"AEC5C129-7C10-407D-BE97-91A042C61AAA\"}},\"EventID\":2,\"Version\":0,\"Level\":4,\"Task\":0,\"Opcode\":0,\"Keywords\":\"0x8000000000000000\",\"TimeCreated\":{\"#attributes\":{\"SystemTime\":\"2024-11-05T01:33:09.232107Z\"}},\"EventRecordID\":1,\"Correlation\":null,\"Execution\":{\"#attributes\":{\"ProcessID\":4,\"ThreadID\":300}},\"Channel\":\"Microsoft-Windows-Containers-Wcifs/Operational\",\"Computer\":\"WIN-5LCFHVCO531\",\"Security\":{\"#attributes\":{\"UserID\":\"S-1-5-18\"}}},\"EventData\":null}}",
  "xml_fields": {
    "provider": "Microsoft-Windows-Containers-Wcifs",
    "event_id": "2",
    "timestamp": "2024-11-05T01:33:09.232107Z",
    "event_record_id": "1",
    "level": "4",
    "task": "0",
    "opcode": "0",
    "keywords": "0x8000000000000000",
    "channel": "Microsoft-Windows-Containers-Wcifs/Operational",
    "computer": "WIN-5LCFHVCO531"
  },
  "json_fields": {
    "provider": "Microsoft-Windows-Containers-Wcifs",
    "channel": "Microsoft-Windows-Containers-Wcifs/Operational",
    "event_id": "2",
    "timestamp": "2024-11-05T01:33:09.232107Z",
    "event_record_id": "1",
    "level": "4",
    "task": "0",
    "opcode": "0",
    "keywords": "0x8000000000000000",
    "computer": "WIN-5LCFHVCO531"
  }
}