{
  "event_id": "2",
  "provider": "Microsoft-Windows-WUSA",
  "channel": "Setup",
  "source_file": "D:\\visual code file\\Project_4\\Event-Analyzer\\test\\Benign\\win7-x86\\Setup.evtx",
  "event_record_id": 15,
  "xml": "<?xml version=\"1.0\" encoding=\"utf-8\"?>\n<Event xmlns=\"http://schemas.microsoft.com/win/2004/08/events/event\">\n  <System>\n    <Provider Name=\"Microsoft-Windows-WUSA\" Guid=\"09608C12-C1DA-4104-A6FE-B959CF57560A\">\n    </Provider>\n    <EventID>2</EventID>\n    <Version>0</Version>\n    <Level>4</Level>\n    <Task>0</Task>\n    <Opcode>0</Opcode>\n    <Keywords>0x8000000000000000</Keywords>\n    <TimeCreated SystemTime=\"2022-04-04T10:51:00.795167Z\">\n    </TimeCreated>\n    <EventRecordID>15</EventRecordID>\n    <Correlation>\n    </Correlation>\n    <Execution ProcessID=\"3024\" ThreadID=\"7396\">\n    </Execution>\n    <Channel>Setup</Channel>\n    <Computer>evtx-PC</Computer>\n    <Security UserID=\"S-1-5-21-712794737-353456615-3249761964-1001\">\n    </Security>\n  </System>\n  <EventData>\n    <Data Name=\"UpdateTitle\">\"Security Update for Windows (KB4457144)\"</Data>\n    <Data Name=\"CommandLine\">\"C:\\Windows\\system32\\wusa.exe\" \"C:\\Users\\evtx\\Downloads\\windows6.1-kb4457144-x86_d2d9bc4f25b27fe28b11b2cd18df9b7835f22df3.msu\"        </Data>\n  </EventData>\n</Event>\n",
  "json": "{\"Event\":{\"#attributes\":{\"xmlns\":\"http://schemas.microsoft.com/win/2004/08/events/event\"},\"System\":{\"Provider\":{\"#attributes\":{\"Name\":\"Microsoft-Windows-WUSA\",\"Guid\":\"09608C12-C1DA-4104-A6FE-B959CF57560A\"}},\"EventID\":2,\"Version\":0,\"Level\":4,\"Task\":0,\"Opcode\":0,\"Keywords\":\"0x8000000000000000\",\"TimeCreated\":{\"#attributes\":{\"SystemTime\":\"2022-04-04T10:51:00.795167Z\"}},\"EventRecordID\":15,\"Correlation\":null,\"Execution\":{\"#attributes\":{\"ProcessID\":3024,\"ThreadID\":7396}},\"Channel\":\"Setup\",\"Computer\":\"evtx-PC\",\"Security\":{\"#attributes\":{\"UserID\":\"S-1-5-21-712794737-353456615-3249761964-1001\"}}},\"EventData\":{\"UpdateTitle\":\"\\\"Security Update for Windows (KB4457144)\\\"\",\"CommandLine\":\"\\\"C:\\\\Windows\\\\system32\\\\wusa.exe\\\" \\\"C:\\\\Users\\\\evtx\\\\Downloads\\\\windows6.1-kb4457144-x86_d2d9bc4f25b27fe28b11b2cd18df9b7835f22df3.msu\\\"        \"}}}",
  "xml_fields": {
    "provider": "Microsoft-Windows-WUSA",
    "event_id": "2",
    "timestamp": "2022-04-04T10:51:00.795167Z",
    "event_record_id": "15",
    "level": "4",
    "task": "0",
    "opcode": "0",
    "keywords": "0x8000000000000000",
    "channel": "Setup",
    "computer": "evtx-PC",
    "UpdateTitle": "\"Security Update for Windows (KB4457144)\"",
    "CommandLine": "\"C:\\Windows\\system32\\wusa.exe\" \"C:\\Users\\evtx\\Downloads\\windows6.1-kb4457144-x86_d2d9bc4f25b27fe28b11b2cd18df9b7835f22df3.msu\"        "
  },
  "json_fields": {
    "provider": "Microsoft-Windows-WUSA",
    "channel": "Setup",
    "event_id": "2",
    "timestamp": "2022-04-04T10:51:00.795167Z",
    "event_record_id": "15",
    "level": "4",
    "task": "0",
    "opcode": "0",
    "keywords": "0x8000000000000000",
    "computer": "evtx-PC",
    "UpdateTitle": "\"Security Update for Windows (KB4457144)\"",
    "CommandLine": "\"C:\\Windows\\system32\\wusa.exe\" \"C:\\Users\\evtx\\Downloads\\windows6.1-kb4457144-x86_d2d9bc4f25b27fe28b11b2cd18df9b7835f22df3.msu\"        "
  }
}