{
  "event_id": "2",
  "provider": "Microsoft-Windows-Sysmon",
  "channel": "Microsoft-Windows-Sysmon/Operational",
  "source_file": "D:\\visual code file\\Project_4\\Event-Analyzer\\test\\Malicious\\EVTX-ATTACK-SAMPLES\\Defense Evasion\\sysmon_2_11_evasion_timestomp_MACE.evtx",
  "event_record_id": 2,
  "xml": "<?xml version=\"1.0\" encoding=\"utf-8\"?>\n<Event xmlns=\"http://schemas.microsoft.com/win/2004/08/events/event\">\n  <System>\n    <Provider Name=\"Microsoft-Windows-Sysmon\" Guid=\"5770385F-C22A-43E0-BF4C-06F5698FFBD9\">\n    </Provider>\n    <EventID>2</EventID>\n    <Version>4</Version>\n    <Level>4</Level>\n    <Task>2</Task>\n    <Opcode>0</Opcode>\n    <Keywords>0x8000000000000000</Keywords>\n    <TimeCreated SystemTime=\"2019-04-30T10:13:42.052113Z\">\n    </TimeCreated>\n    <EventRecordID>8931</EventRecordID>\n    <Correlation>\n    </Correlation>\n    <Execution ProcessID=\"1956\" ThreadID=\"1636\">\n    </Execution>\n    <Channel>Microsoft-Windows-Sysmon/Operational</Channel>\n    <Computer>IEWIN7</Computer>\n    <Security UserID=\"S-1-5-18\">\n    </Security>\n  </System>\n  <EventData>\n    <Data Name=\"RuleName\"></Data>\n    <Data Name=\"UtcTime\">2019-04-30 10:13:42.052</Data>\n    <Data Name=\"ProcessGuid\">365ABB72-16CD-5CC8-0000-0010483A0600</Data>\n    <Data Name=\"ProcessId\">2836</Data>\n    <Data Name=\"Image\">C:\\Windows\\Explorer.EXE</Data>\n    <Data Name=\"TargetFilename\">C:\\Users\\IEUser\\AppData\\Roaming\\Microsoft\\Windows\\Start Menu\\Programs\\Startup\\bs.ps1</Data>\n    <Data Name=\"CreationUtcTime\">2016-02-02 15:30:02.000</Data>\n    <Data Name=\"PreviousCreationUtcTime\">2019-04-30 10:12:45.583</Data>\n  </EventData>\n</Event>\n",
  "json": "{\"Event\":{\"#attributes\":{\"xmlns\":\"http://schemas.microsoft.com/win/2004/08/events/event\"},\"System\":{\"Provider\":{\"#attributes\":{\"Name\":\"Microsoft-Windows-Sysmon\",\"Guid\":\"5770385F-C22A-43E0-BF4C-06F5698FFBD9\"}},\"EventID\":2,\"Version\":4,\"Level\":4,\"Task\":2,\"Opcode\":0,\"Keywords\":\"0x8000000000000000\",\"TimeCreated\":{\"#attributes\":{\"SystemTime\":\"2019-04-30T10:13:42.052113Z\"}},\"EventRecordID\":8931,\"Correlation\":null,\"Execution\":{\"#attributes\":{\"ProcessID\":1956,\"ThreadID\":1636}},\"Channel\":\"Microsoft-Windows-Sysmon/Operational\",\"Computer\":\"IEWIN7\",\"Security\":{\"#attributes\":{\"UserID\":\"S-1-5-18\"}}},\"EventData\":{\"RuleName\":\"\",\"UtcTime\":\"2019-04-30 10:13:42.052\",\"ProcessGuid\":\"365ABB72-16CD-5CC8-0000-0010483A0600\",\"ProcessId\":2836,\"Image\":\"C:\\\\Windows\\\\Explorer.EXE\",\"TargetFilename\":\"C:\\\\Users\\\\IEUser\\\\AppData\\\\Roaming\\\\Microsoft\\\\Windows\\\\Start Menu\\\\Programs\\\\Startup\\\\bs.ps1\",\"CreationUtcTime\":\"2016-02-02 15:30:02.000\",\"PreviousCreationUtcTime\":\"2019-04-30 10:12:45.583\"}}}",
  "xml_fields": {
    "provider": "Microsoft-Windows-Sysmon",
    "event_id": "2",
    "timestamp": "2019-04-30T10:13:42.052113Z",
    "event_record_id": "8931",
    "level": "4",
    "task": "2",
    "opcode": "0",
    "keywords": "0x8000000000000000",
    "channel": "Microsoft-Windows-Sysmon/Operational",
    "computer": "IEWIN7",
    "RuleName": "",
    "UtcTime": "2019-04-30 10:13:42.052",
    "ProcessGuid": "365ABB72-16CD-5CC8-0000-0010483A0600",
    "ProcessId": "2836",
    "Image": "C:\\Windows\\Explorer.EXE",
    "TargetFilename": "C:\\Users\\IEUser\\AppData\\Roaming\\Microsoft\\Windows\\Start Menu\\Programs\\Startup\\bs.ps1",
    "CreationUtcTime": "2016-02-02 15:30:02.000",
    "PreviousCreationUtcTime": "2019-04-30 10:12:45.583"
  },
  "json_fields": {
    "provider": "Microsoft-Windows-Sysmon",
    "channel": "Microsoft-Windows-Sysmon/Operational",
    "event_id": "2",
    "timestamp": "2019-04-30T10:13:42.052113Z",
    "event_record_id": "8931",
    "level": "4",
    "task": "2",
    "opcode": "0",
    "keywords": "0x8000000000000000",
    "computer": "IEWIN7",
    "RuleName": "",
    "UtcTime": "2019-04-30 10:13:42.052",
    "ProcessGuid": "365ABB72-16CD-5CC8-0000-0010483A0600",
    "ProcessId": "2836",
    "Image": "C:\\Windows\\Explorer.EXE",
    "TargetFilename": "C:\\Users\\IEUser\\AppData\\Roaming\\Microsoft\\Windows\\Start Menu\\Programs\\Startup\\bs.ps1",
    "CreationUtcTime": "2016-02-02 15:30:02.000",
    "PreviousCreationUtcTime": "2019-04-30 10:12:45.583"
  }
}