{
  "event_id": "2",
  "provider": "Microsoft-Windows-CoreSystem-InitMachineConfig",
  "channel": "System",
  "source_file": "D:\\visual code file\\Project_4\\Event-Analyzer\\test\\Benign\\win2022-0-20348-azure\\System.evtx",
  "event_record_id": 717,
  "xml": "<?xml version=\"1.0\" encoding=\"utf-8\"?>\n<Event xmlns=\"http://schemas.microsoft.com/win/2004/08/events/event\">\n  <System>\n    <Provider Name=\"Microsoft-Windows-CoreSystem-InitMachineConfig\" Guid=\"0B886108-1899-4D3A-9C0D-42D8FC4B9108\">\n    </Provider>\n    <EventID>2</EventID>\n    <Version>0</Version>\n    <Level>4</Level>\n    <Task>0</Task>\n    <Opcode>0</Opcode>\n    <Keywords>0x8000000000000000</Keywords>\n    <TimeCreated SystemTime=\"2022-09-18T09:12:27.405975Z\">\n    </TimeCreated>\n    <EventRecordID>717</EventRecordID>\n    <Correlation>\n    </Correlation>\n    <Execution ProcessID=\"344\" ThreadID=\"348\">\n    </Execution>\n    <Channel>System</Channel>\n    <Computer>Agamemnon</Computer>\n    <Security UserID=\"S-1-5-18\">\n    </Security>\n  </System>\n  <EventData>\n    <Data Name=\"evtHiveNameLength\">6</Data>\n    <Data Name=\"evtHiveName\">SYSTEM</Data>\n  </EventData>\n</Event>\n",
  "json": "{\"Event\":{\"#attributes\":{\"xmlns\":\"http://schemas.microsoft.com/win/2004/08/events/event\"},\"System\":{\"Provider\":{\"#attributes\":{\"Name\":\"Microsoft-Windows-CoreSystem-InitMachineConfig\",\"Guid\":\"0B886108-1899-4D3A-9C0D-42D8FC4B9108\"}},\"EventID\":2,\"Version\":0,\"Level\":4,\"Task\":0,\"Opcode\":0,\"Keywords\":\"0x8000000000000000\",\"TimeCreated\":{\"#attributes\":{\"SystemTime\":\"2022-09-18T09:12:27.405975Z\"}},\"EventRecordID\":717,\"Correlation\":null,\"Execution\":{\"#attributes\":{\"ProcessID\":344,\"ThreadID\":348}},\"Channel\":\"System\",\"Computer\":\"Agamemnon\",\"Security\":{\"#attributes\":{\"UserID\":\"S-1-5-18\"}}},\"EventData\":{\"evtHiveNameLength\":6,\"evtHiveName\":\"SYSTEM\"}}}",
  "xml_fields": {
    "provider": "Microsoft-Windows-CoreSystem-InitMachineConfig",
    "event_id": "2",
    "timestamp": "2022-09-18T09:12:27.405975Z",
    "event_record_id": "717",
    "level": "4",
    "task": "0",
    "opcode": "0",
    "keywords": "0x8000000000000000",
    "channel": "System",
    "computer": "Agamemnon",
    "evtHiveNameLength": "6",
    "evtHiveName": "SYSTEM"
  },
  "json_fields": {
    "provider": "Microsoft-Windows-CoreSystem-InitMachineConfig",
    "channel": "System",
    "event_id": "2",
    "timestamp": "2022-09-18T09:12:27.405975Z",
    "event_record_id": "717",
    "level": "4",
    "task": "0",
    "opcode": "0",
    "keywords": "0x8000000000000000",
    "computer": "Agamemnon",
    "evtHiveNameLength": "6",
    "evtHiveName": "SYSTEM"
  }
}