{
  "event_id": "2",
  "provider": "Windows-ApplicationModel-Store-SDK",
  "channel": "Microsoft-Windows-Store/Operational",
  "source_file": "D:\\visual code file\\Project_4\\Event-Analyzer\\test\\Logs\\Microsoft-Windows-Store%4Operational.evtx",
  "event_record_id": 724,
  "xml": "<?xml version=\"1.0\" encoding=\"utf-8\"?>\n<Event xmlns=\"http://schemas.microsoft.com/win/2004/08/events/event\">\n  <System>\n    <Provider Name=\"Windows-ApplicationModel-Store-SDK\" Guid=\"FF79A477-C45F-4A52-8AE0-2B324346D4E4\">\n    </Provider>\n    <EventID>2</EventID>\n    <Version>0</Version>\n    <Level>3</Level>\n    <Task>2</Task>\n    <Opcode>0</Opcode>\n    <Keywords>0x8000000000000001</Keywords>\n    <TimeCreated SystemTime=\"2024-11-04T12:48:51.534212Z\">\n    </TimeCreated>\n    <EventRecordID>724</EventRecordID>\n    <Correlation ActivityID=\"ABFE7217-2EB6-0000-6584-FEABB62EDB01\">\n    </Correlation>\n    <Execution ProcessID=\"1208\" ThreadID=\"7836\">\n    </Execution>\n    <Channel>Microsoft-Windows-Store/Operational</Channel>\n    <Computer>DESKTOP-P9H5FTA</Computer>\n    <Security UserID=\"S-1-5-21-3088055692-629932344-1786574096-1001\">\n    </Security>\n  </System>\n  <EventData>\n    <Data Name=\"Message\">PreInstallRegisterTask threw internally.</Data>\n    <Data Name=\"Line Number\">91</Data>\n    <Data Name=\"File Name\">C:\\BA\\52\\s\\src\\Tasks\\WinStoreTasks\\PreInstallRegisterTask.cs</Data>\n    <Data Name=\"Function\">RunInternal</Data>\n    <Data Name=\"Exception Details\">System.Collections.Generic.KeyNotFoundException</Data>\n  </EventData>\n</Event>\n",
  "json": "{\"Event\":{\"#attributes\":{\"xmlns\":\"http://schemas.microsoft.com/win/2004/08/events/event\"},\"System\":{\"Provider\":{\"#attributes\":{\"Name\":\"Windows-ApplicationModel-Store-SDK\",\"Guid\":\"FF79A477-C45F-4A52-8AE0-2B324346D4E4\"}},\"EventID\":2,\"Version\":0,\"Level\":3,\"Task\":2,\"Opcode\":0,\"Keywords\":\"0x8000000000000001\",\"TimeCreated\":{\"#attributes\":{\"SystemTime\":\"2024-11-04T12:48:51.534212Z\"}},\"EventRecordID\":724,\"Correlation\":{\"#attributes\":{\"ActivityID\":\"ABFE7217-2EB6-0000-6584-FEABB62EDB01\"}},\"Execution\":{\"#attributes\":{\"ProcessID\":1208,\"ThreadID\":7836}},\"Channel\":\"Microsoft-Windows-Store/Operational\",\"Computer\":\"DESKTOP-P9H5FTA\",\"Security\":{\"#attributes\":{\"UserID\":\"S-1-5-21-3088055692-629932344-1786574096-1001\"}}},\"EventData\":{\"Message\":\"PreInstallRegisterTask threw internally.\",\"Line Number\":91,\"File Name\":\"C:\\\\BA\\\\52\\\\s\\\\src\\\\Tasks\\\\WinStoreTasks\\\\PreInstallRegisterTask.cs\",\"Function\":\"RunInternal\",\"Exception Details\":\"System.Collections.Generic.KeyNotFoundException\"}}}",
  "xml_fields": {
    "provider": "Windows-ApplicationModel-Store-SDK",
    "event_id": "2",
    "timestamp": "2024-11-04T12:48:51.534212Z",
    "event_record_id": "724",
    "level": "3",
    "task": "2",
    "opcode": "0",
    "keywords": "0x8000000000000001",
    "channel": "Microsoft-Windows-Store/Operational",
    "computer": "DESKTOP-P9H5FTA",
    "Message": "PreInstallRegisterTask threw internally.",
    "Line Number": "91",
    "File Name": "C:\\BA\\52\\s\\src\\Tasks\\WinStoreTasks\\PreInstallRegisterTask.cs",
    "Function": "RunInternal",
    "Exception Details": "System.Collections.Generic.KeyNotFoundException"
  },
  "json_fields": {
    "provider": "Windows-ApplicationModel-Store-SDK",
    "channel": "Microsoft-Windows-Store/Operational",
    "event_id": "2",
    "timestamp": "2024-11-04T12:48:51.534212Z",
    "event_record_id": "724",
    "level": "3",
    "task": "2",
    "opcode": "0",
    "keywords": "0x8000000000000001",
    "computer": "DESKTOP-P9H5FTA",
    "Message": "PreInstallRegisterTask threw internally.",
    "Line Number": "91",
    "File Name": "C:\\BA\\52\\s\\src\\Tasks\\WinStoreTasks\\PreInstallRegisterTask.cs",
    "Function": "RunInternal",
    "Exception Details": "System.Collections.Generic.KeyNotFoundException"
  }
}