{
  "event_id": "3000",
  "provider": "Microsoft-Windows-MUI",
  "channel": "Microsoft-Windows-MUI/Operational",
  "source_file": "D:\\visual code file\\Project_4\\Event-Analyzer\\test\\Logs\\Microsoft-Windows-MUI%4Operational.evtx",
  "event_record_id": 1,
  "xml": "<?xml version=\"1.0\" encoding=\"utf-8\"?>\n<Event xmlns=\"http://schemas.microsoft.com/win/2004/08/events/event\">\n  <System>\n    <Provider Name=\"Microsoft-Windows-MUI\" Guid=\"A8A1F2F6-A13A-45E9-B1FE-3419569E5EF2\">\n    </Provider>\n    <EventID>3000</EventID>\n    <Version>0</Version>\n    <Level>4</Level>\n    <Task>30</Task>\n    <Opcode>30</Opcode>\n    <Keywords>0x8000000000000000</Keywords>\n    <TimeCreated SystemTime=\"2024-11-05T01:34:14.740935Z\">\n    </TimeCreated>\n    <EventRecordID>1</EventRecordID>\n    <Correlation>\n    </Correlation>\n    <Execution ProcessID=\"1164\" ThreadID=\"1368\">\n    </Execution>\n    <Channel>Microsoft-Windows-MUI/Operational</Channel>\n    <Computer>DESKTOP-P9H5FTA</Computer>\n    <Security UserID=\"S-1-5-18\">\n    </Security>\n  </System>\n  <EventData>\n    <Data Name=\"Flags\">264</Data>\n    <Data Name=\"NewLanguage\">(null)</Data>\n    <Data Name=\"PrevLanguage\">(null)</Data>\n    <Data Name=\"ExtendedFlag\">0</Data>\n  </EventData>\n</Event>\n",
  "json": "{\"Event\":{\"#attributes\":{\"xmlns\":\"http://schemas.microsoft.com/win/2004/08/events/event\"},\"System\":{\"Provider\":{\"#attributes\":{\"Name\":\"Microsoft-Windows-MUI\",\"Guid\":\"A8A1F2F6-A13A-45E9-B1FE-3419569E5EF2\"}},\"EventID\":3000,\"Version\":0,\"Level\":4,\"Task\":30,\"Opcode\":30,\"Keywords\":\"0x8000000000000000\",\"TimeCreated\":{\"#attributes\":{\"SystemTime\":\"2024-11-05T01:34:14.740935Z\"}},\"EventRecordID\":1,\"Correlation\":null,\"Execution\":{\"#attributes\":{\"ProcessID\":1164,\"ThreadID\":1368}},\"Channel\":\"Microsoft-Windows-MUI/Operational\",\"Computer\":\"DESKTOP-P9H5FTA\",\"Security\":{\"#attributes\":{\"UserID\":\"S-1-5-18\"}}},\"EventData\":{\"Flags\":264,\"NewLanguage\":\"(null)\",\"PrevLanguage\":\"(null)\",\"ExtendedFlag\":0}}}",
  "xml_fields": {
    "provider": "Microsoft-Windows-MUI",
    "event_id": "3000",
    "timestamp": "2024-11-05T01:34:14.740935Z",
    "event_record_id": "1",
    "level": "4",
    "task": "30",
    "opcode": "30",
    "keywords": "0x8000000000000000",
    "channel": "Microsoft-Windows-MUI/Operational",
    "computer": "DESKTOP-P9H5FTA",
    "Flags": "264",
    "NewLanguage": "(null)",
    "PrevLanguage": "(null)",
    "ExtendedFlag": "0"
  },
  "json_fields": {
    "provider": "Microsoft-Windows-MUI",
    "channel": "Microsoft-Windows-MUI/Operational",
    "event_id": "3000",
    "timestamp": "2024-11-05T01:34:14.740935Z",
    "event_record_id": "1",
    "level": "4",
    "task": "30",
    "opcode": "30",
    "keywords": "0x8000000000000000",
    "computer": "DESKTOP-P9H5FTA",
    "Flags": "264",
    "NewLanguage": "(null)",
    "PrevLanguage": "(null)",
    "ExtendedFlag": "0"
  }
}