{
  "event_id": "3001",
  "provider": "Microsoft-Windows-PushNotifications-Platform",
  "channel": "Microsoft-Windows-PushNotification-Platform/Operational",
  "source_file": "D:\\visual code file\\Project_4\\Event-Analyzer\\test\\Logs\\Microsoft-Windows-PushNotification-Platform%4Operational.evtx",
  "event_record_id": 292,
  "xml": "<?xml version=\"1.0\" encoding=\"utf-8\"?>\n<Event xmlns=\"http://schemas.microsoft.com/win/2004/08/events/event\">\n  <System>\n    <Provider Name=\"Microsoft-Windows-PushNotifications-Platform\" Guid=\"88CD9180-4491-4640-B571-E3BEE2527943\">\n    </Provider>\n    <EventID>3001</EventID>\n    <Version>0</Version>\n    <Level>4</Level>\n    <Task>1</Task>\n    <Opcode>2</Opcode>\n    <Keywords>0x8000000000000800</Keywords>\n    <TimeCreated SystemTime=\"2024-11-04T12:47:43.040081Z\">\n    </TimeCreated>\n    <EventRecordID>292</EventRecordID>\n    <Correlation>\n    </Correlation>\n    <Execution ProcessID=\"4968\" ThreadID=\"1488\">\n    </Execution>\n    <Channel>Microsoft-Windows-PushNotification-Platform/Operational</Channel>\n    <Computer>DESKTOP-P9H5FTA</Computer>\n    <Security UserID=\"S-1-5-21-3088055692-629932344-1786574096-1001\">\n    </Security>\n  </System>\n  <EventData>\n    <Data Name=\"Endpoint\">0x1d30d7de120</Data>\n    <Data Name=\"SessionId\">2</Data>\n    <Data Name=\"Error\">0</Data>\n    <Data Name=\"ProcessName\">C:\\Windows\\SystemApps\\Microsoft.Windows.StartMenuExperienceHost_cw5n1h2txyewy\\StartMenuExperienceHost.exe</Data>\n    <Data Name=\"QueuedTileCloses\">0</Data>\n    <Data Name=\"QueuedTileCleanups\">0</Data>\n  </EventData>\n</Event>\n",
  "json": "{\"Event\":{\"#attributes\":{\"xmlns\":\"http://schemas.microsoft.com/win/2004/08/events/event\"},\"System\":{\"Provider\":{\"#attributes\":{\"Name\":\"Microsoft-Windows-PushNotifications-Platform\",\"Guid\":\"88CD9180-4491-4640-B571-E3BEE2527943\"}},\"EventID\":3001,\"Version\":0,\"Level\":4,\"Task\":1,\"Opcode\":2,\"Keywords\":\"0x8000000000000800\",\"TimeCreated\":{\"#attributes\":{\"SystemTime\":\"2024-11-04T12:47:43.040081Z\"}},\"EventRecordID\":292,\"Correlation\":null,\"Execution\":{\"#attributes\":{\"ProcessID\":4968,\"ThreadID\":1488}},\"Channel\":\"Microsoft-Windows-PushNotification-Platform/Operational\",\"Computer\":\"DESKTOP-P9H5FTA\",\"Security\":{\"#attributes\":{\"UserID\":\"S-1-5-21-3088055692-629932344-1786574096-1001\"}}},\"EventData\":{\"Endpoint\":\"0x1d30d7de120\",\"SessionId\":2,\"Error\":0,\"ProcessName\":\"C:\\\\Windows\\\\SystemApps\\\\Microsoft.Windows.StartMenuExperienceHost_cw5n1h2txyewy\\\\StartMenuExperienceHost.exe\",\"QueuedTileCloses\":0,\"QueuedTileCleanups\":0}}}",
  "xml_fields": {
    "provider": "Microsoft-Windows-PushNotifications-Platform",
    "event_id": "3001",
    "timestamp": "2024-11-04T12:47:43.040081Z",
    "event_record_id": "292",
    "level": "4",
    "task": "1",
    "opcode": "2",
    "keywords": "0x8000000000000800",
    "channel": "Microsoft-Windows-PushNotification-Platform/Operational",
    "computer": "DESKTOP-P9H5FTA",
    "Endpoint": "0x1d30d7de120",
    "SessionId": "2",
    "Error": "0",
    "ProcessName": "C:\\Windows\\SystemApps\\Microsoft.Windows.StartMenuExperienceHost_cw5n1h2txyewy\\StartMenuExperienceHost.exe",
    "QueuedTileCloses": "0",
    "QueuedTileCleanups": "0"
  },
  "json_fields": {
    "provider": "Microsoft-Windows-PushNotifications-Platform",
    "channel": "Microsoft-Windows-PushNotification-Platform/Operational",
    "event_id": "3001",
    "timestamp": "2024-11-04T12:47:43.040081Z",
    "event_record_id": "292",
    "level": "4",
    "task": "1",
    "opcode": "2",
    "keywords": "0x8000000000000800",
    "computer": "DESKTOP-P9H5FTA",
    "Endpoint": "0x1d30d7de120",
    "SessionId": "2",
    "Error": "0",
    "ProcessName": "C:\\Windows\\SystemApps\\Microsoft.Windows.StartMenuExperienceHost_cw5n1h2txyewy\\StartMenuExperienceHost.exe",
    "QueuedTileCloses": "0",
    "QueuedTileCleanups": "0"
  }
}