{
  "event_id": "3001",
  "provider": "Microsoft-Windows-ProcessExitMonitor",
  "channel": "Application",
  "source_file": "D:\\visual code file\\Project_4\\Event-Analyzer\\test\\Malicious\\EVTX-ATTACK-SAMPLES\\Credential Access\\LsassSilentProcessExit_process_exit_monitor_3001_lsass.evtx",
  "event_record_id": 1,
  "xml": "<?xml version=\"1.0\" encoding=\"utf-8\"?>\n<Event xmlns=\"http://schemas.microsoft.com/win/2004/08/events/event\">\n  <System>\n    <Provider Name=\"Microsoft-Windows-ProcessExitMonitor\" Guid=\"{FD771D53-8492-4057-8E35-8C02813AF49B}\" EventSourceName=\"Process Exit Monitor\">\n    </Provider>\n    <EventID Qualifiers=\"16384\">3001</EventID>\n    <Version>0</Version>\n    <Level>4</Level>\n    <Task>0</Task>\n    <Opcode>0</Opcode>\n    <Keywords>0x80000000000000</Keywords>\n    <TimeCreated SystemTime=\"2021-06-09T04:58:49.287418Z\">\n    </TimeCreated>\n    <EventRecordID>32887</EventRecordID>\n    <Correlation>\n    </Correlation>\n    <Execution ProcessID=\"0\" ThreadID=\"0\">\n    </Execution>\n    <Channel>Application</Channel>\n    <Computer>MSEDGEWIN10</Computer>\n    <Security UserID=\"S-1-5-21-3461203602-4096304019-2269080069-1000\">\n    </Security>\n  </System>\n  <EventData Name=\"EVENT_PROCESSTERMINATION_CROSSPROCESS\">\n    <Data Name=\"param1\">C:\\Windows\\System32\\lsass.exe</Data>\n    <Data Name=\"param2\">C:\\Users\\IEUser\\Desktop\\LsassSilentProcessExit.exe</Data>\n    <Data Name=\"param3\">0</Data>\n    <Data Name=\"param4\">01d75d3714c3280e</Data>\n  </EventData>\n</Event>\n",
  "json": "{\"Event\":{\"#attributes\":{\"xmlns\":\"http://schemas.microsoft.com/win/2004/08/events/event\"},\"System\":{\"Provider\":{\"#attributes\":{\"Name\":\"Microsoft-Windows-ProcessExitMonitor\",\"Guid\":\"{FD771D53-8492-4057-8E35-8C02813AF49B}\",\"EventSourceName\":\"Process Exit Monitor\"}},\"EventID\":{\"#attributes\":{\"Qualifiers\":16384},\"#text\":3001},\"Version\":0,\"Level\":4,\"Task\":0,\"Opcode\":0,\"Keywords\":\"0x80000000000000\",\"TimeCreated\":{\"#attributes\":{\"SystemTime\":\"2021-06-09T04:58:49.287418Z\"}},\"EventRecordID\":32887,\"Correlation\":null,\"Execution\":{\"#attributes\":{\"ProcessID\":0,\"ThreadID\":0}},\"Channel\":\"Application\",\"Computer\":\"MSEDGEWIN10\",\"Security\":{\"#attributes\":{\"UserID\":\"S-1-5-21-3461203602-4096304019-2269080069-1000\"}}},\"EventData\":{\"#attributes\":{\"Name\":\"EVENT_PROCESSTERMINATION_CROSSPROCESS\"},\"param1\":\"C:\\\\Windows\\\\System32\\\\lsass.exe\",\"param2\":\"C:\\\\Users\\\\IEUser\\\\Desktop\\\\LsassSilentProcessExit.exe\",\"param3\":\"0\",\"param4\":\"01d75d3714c3280e\"}}}",
  "xml_fields": {
    "provider": "Microsoft-Windows-ProcessExitMonitor",
    "event_id": "3001",
    "timestamp": "2021-06-09T04:58:49.287418Z",
    "event_record_id": "32887",
    "level": "4",
    "task": "0",
    "opcode": "0",
    "keywords": "0x80000000000000",
    "channel": "Application",
    "computer": "MSEDGEWIN10",
    "param1": "C:\\Windows\\System32\\lsass.exe",
    "param2": "C:\\Users\\IEUser\\Desktop\\LsassSilentProcessExit.exe",
    "param3": "0",
    "param4": "01d75d3714c3280e"
  },
  "json_fields": {
    "provider": "Microsoft-Windows-ProcessExitMonitor",
    "channel": "Application",
    "event_id": "3001",
    "timestamp": "2021-06-09T04:58:49.287418Z",
    "event_record_id": "32887",
    "level": "4",
    "task": "0",
    "opcode": "0",
    "keywords": "0x80000000000000",
    "computer": "MSEDGEWIN10",
    "param1": "C:\\Windows\\System32\\lsass.exe",
    "param2": "C:\\Users\\IEUser\\Desktop\\LsassSilentProcessExit.exe",
    "param3": "0",
    "param4": "01d75d3714c3280e"
  }
}