{
  "event_id": "3001",
  "provider": "Microsoft-Windows-BranchCacheSMB",
  "channel": "Microsoft-Windows-BranchCacheSMB/Operational",
  "source_file": "D:\\visual code file\\Project_4\\Event-Analyzer\\test\\Benign\\win7-x86\\Microsoft-Windows-BranchCacheSMB%4Operational.evtx",
  "event_record_id": 2,
  "xml": "<?xml version=\"1.0\" encoding=\"utf-8\"?>\n<Event xmlns=\"http://schemas.microsoft.com/win/2004/08/events/event\">\n  <System>\n    <Provider Name=\"Microsoft-Windows-BranchCacheSMB\" Guid=\"4A933674-FB3D-4E8D-B01D-17EE14E91A3E\">\n    </Provider>\n    <EventID>3001</EventID>\n    <Version>0</Version>\n    <Level>4</Level>\n    <Task>0</Task>\n    <Opcode>0</Opcode>\n    <Keywords>0x8000000000000800</Keywords>\n    <TimeCreated SystemTime=\"2022-04-04T19:07:06.218750Z\">\n    </TimeCreated>\n    <EventRecordID>2</EventRecordID>\n    <Correlation>\n    </Correlation>\n    <Execution ProcessID=\"880\" ThreadID=\"996\">\n    </Execution>\n    <Channel>Microsoft-Windows-BranchCacheSMB/Operational</Channel>\n    <Computer>37L4247D28-05</Computer>\n    <Security UserID=\"S-1-5-18\">\n    </Security>\n  </System>\n  <EventData>\n  </EventData>\n</Event>\n",
  "json": "{\"Event\":{\"#attributes\":{\"xmlns\":\"http://schemas.microsoft.com/win/2004/08/events/event\"},\"System\":{\"Provider\":{\"#attributes\":{\"Name\":\"Microsoft-Windows-BranchCacheSMB\",\"Guid\":\"4A933674-FB3D-4E8D-B01D-17EE14E91A3E\"}},\"EventID\":3001,\"Version\":0,\"Level\":4,\"Task\":0,\"Opcode\":0,\"Keywords\":\"0x8000000000000800\",\"TimeCreated\":{\"#attributes\":{\"SystemTime\":\"2022-04-04T19:07:06.218750Z\"}},\"EventRecordID\":2,\"Correlation\":null,\"Execution\":{\"#attributes\":{\"ProcessID\":880,\"ThreadID\":996}},\"Channel\":\"Microsoft-Windows-BranchCacheSMB/Operational\",\"Computer\":\"37L4247D28-05\",\"Security\":{\"#attributes\":{\"UserID\":\"S-1-5-18\"}}},\"EventData\":null}}",
  "xml_fields": {
    "provider": "Microsoft-Windows-BranchCacheSMB",
    "event_id": "3001",
    "timestamp": "2022-04-04T19:07:06.218750Z",
    "event_record_id": "2",
    "level": "4",
    "task": "0",
    "opcode": "0",
    "keywords": "0x8000000000000800",
    "channel": "Microsoft-Windows-BranchCacheSMB/Operational",
    "computer": "37L4247D28-05"
  },
  "json_fields": {
    "provider": "Microsoft-Windows-BranchCacheSMB",
    "channel": "Microsoft-Windows-BranchCacheSMB/Operational",
    "event_id": "3001",
    "timestamp": "2022-04-04T19:07:06.218750Z",
    "event_record_id": "2",
    "level": "4",
    "task": "0",
    "opcode": "0",
    "keywords": "0x8000000000000800",
    "computer": "37L4247D28-05"
  }
}