{
  "event_id": "3003",
  "provider": "Microsoft-Windows-MUI",
  "channel": "Microsoft-Windows-MUI/Operational",
  "source_file": "D:\\visual code file\\Project_4\\Event-Analyzer\\test\\Logs\\Microsoft-Windows-MUI%4Operational.evtx",
  "event_record_id": 14,
  "xml": "<?xml version=\"1.0\" encoding=\"utf-8\"?>\n<Event xmlns=\"http://schemas.microsoft.com/win/2004/08/events/event\">\n  <System>\n    <Provider Name=\"Microsoft-Windows-MUI\" Guid=\"A8A1F2F6-A13A-45E9-B1FE-3419569E5EF2\">\n    </Provider>\n    <EventID>3003</EventID>\n    <Version>0</Version>\n    <Level>4</Level>\n    <Task>31</Task>\n    <Opcode>30</Opcode>\n    <Keywords>0x8000000000000000</Keywords>\n    <TimeCreated SystemTime=\"2024-11-05T01:34:19.242902Z\">\n    </TimeCreated>\n    <EventRecordID>14</EventRecordID>\n    <Correlation>\n    </Correlation>\n    <Execution ProcessID=\"1436\" ThreadID=\"1316\">\n    </Execution>\n    <Channel>Microsoft-Windows-MUI/Operational</Channel>\n    <Computer>DESKTOP-P9H5FTA</Computer>\n    <Security UserID=\"S-1-5-18\">\n    </Security>\n  </System>\n  <EventData>\n    <Data Name=\"Parameter\">-s </Data>\n  </EventData>\n</Event>\n",
  "json": "{\"Event\":{\"#attributes\":{\"xmlns\":\"http://schemas.microsoft.com/win/2004/08/events/event\"},\"System\":{\"Provider\":{\"#attributes\":{\"Name\":\"Microsoft-Windows-MUI\",\"Guid\":\"A8A1F2F6-A13A-45E9-B1FE-3419569E5EF2\"}},\"EventID\":3003,\"Version\":0,\"Level\":4,\"Task\":31,\"Opcode\":30,\"Keywords\":\"0x8000000000000000\",\"TimeCreated\":{\"#attributes\":{\"SystemTime\":\"2024-11-05T01:34:19.242902Z\"}},\"EventRecordID\":14,\"Correlation\":null,\"Execution\":{\"#attributes\":{\"ProcessID\":1436,\"ThreadID\":1316}},\"Channel\":\"Microsoft-Windows-MUI/Operational\",\"Computer\":\"DESKTOP-P9H5FTA\",\"Security\":{\"#attributes\":{\"UserID\":\"S-1-5-18\"}}},\"EventData\":{\"Parameter\":\"-s \"}}}",
  "xml_fields": {
    "provider": "Microsoft-Windows-MUI",
    "event_id": "3003",
    "timestamp": "2024-11-05T01:34:19.242902Z",
    "event_record_id": "14",
    "level": "4",
    "task": "31",
    "opcode": "30",
    "keywords": "0x8000000000000000",
    "channel": "Microsoft-Windows-MUI/Operational",
    "computer": "DESKTOP-P9H5FTA",
    "Parameter": "-s "
  },
  "json_fields": {
    "provider": "Microsoft-Windows-MUI",
    "channel": "Microsoft-Windows-MUI/Operational",
    "event_id": "3003",
    "timestamp": "2024-11-05T01:34:19.242902Z",
    "event_record_id": "14",
    "level": "4",
    "task": "31",
    "opcode": "30",
    "keywords": "0x8000000000000000",
    "computer": "DESKTOP-P9H5FTA",
    "Parameter": "-s "
  }
}