{
  "event_id": "3004",
  "provider": "Microsoft-Windows-CodeIntegrity",
  "channel": "Microsoft-Windows-CodeIntegrity/Operational",
  "source_file": "D:\\visual code file\\Project_4\\Event-Analyzer\\test\\Benign\\Logs_Win11_2023\\Microsoft-Windows-CodeIntegrity%4Operational.evtx",
  "event_record_id": 2657,
  "xml": "<?xml version=\"1.0\" encoding=\"utf-8\"?>\n<Event xmlns=\"http://schemas.microsoft.com/win/2004/08/events/event\">\n  <System>\n    <Provider Name=\"Microsoft-Windows-CodeIntegrity\" Guid=\"4EE76BD8-3CF4-44A0-A0AC-3937643E37A3\">\n    </Provider>\n    <EventID>3004</EventID>\n    <Version>1</Version>\n    <Level>2</Level>\n    <Task>1</Task>\n    <Opcode>104</Opcode>\n    <Keywords>0x8000000000000000</Keywords>\n    <TimeCreated SystemTime=\"2023-11-06T01:44:39.169686Z\">\n    </TimeCreated>\n    <EventRecordID>2657</EventRecordID>\n    <Correlation ActivityID=\"E4DB489E-1037-0001-9A93-F2E43710DA01\">\n    </Correlation>\n    <Execution ProcessID=\"3388\" ThreadID=\"4004\">\n    </Execution>\n    <Channel>Microsoft-Windows-CodeIntegrity/Operational</Channel>\n    <Computer>WinDev2310Eval</Computer>\n    <Security UserID=\"S-1-5-20\">\n    </Security>\n  </System>\n  <EventData>\n    <Data Name=\"FileNameLength\">87</Data>\n    <Data Name=\"FileNameBuffer\">\\Device\\HarddiskVolume4\\Program Files\\Avira\\Endpoint Protection SDK\\amsi\\x64\\avamsi.dll</Data>\n    <Data Name=\"SecureRequired\">0x80000000</Data>\n    <Data Name=\"RequestedSigningLevel\">12</Data>\n    <Data Name=\"ProcessNameLength\">52</Data>\n    <Data Name=\"ProcessNameBuffer\">\\Device\\HarddiskVolume4\\Windows\\System32\\svchost.exe</Data>\n  </EventData>\n</Event>\n",
  "json": "{\"Event\":{\"#attributes\":{\"xmlns\":\"http://schemas.microsoft.com/win/2004/08/events/event\"},\"System\":{\"Provider\":{\"#attributes\":{\"Name\":\"Microsoft-Windows-CodeIntegrity\",\"Guid\":\"4EE76BD8-3CF4-44A0-A0AC-3937643E37A3\"}},\"EventID\":3004,\"Version\":1,\"Level\":2,\"Task\":1,\"Opcode\":104,\"Keywords\":\"0x8000000000000000\",\"TimeCreated\":{\"#attributes\":{\"SystemTime\":\"2023-11-06T01:44:39.169686Z\"}},\"EventRecordID\":2657,\"Correlation\":{\"#attributes\":{\"ActivityID\":\"E4DB489E-1037-0001-9A93-F2E43710DA01\"}},\"Execution\":{\"#attributes\":{\"ProcessID\":3388,\"ThreadID\":4004}},\"Channel\":\"Microsoft-Windows-CodeIntegrity/Operational\",\"Computer\":\"WinDev2310Eval\",\"Security\":{\"#attributes\":{\"UserID\":\"S-1-5-20\"}}},\"EventData\":{\"FileNameLength\":87,\"FileNameBuffer\":\"\\\\Device\\\\HarddiskVolume4\\\\Program Files\\\\Avira\\\\Endpoint Protection SDK\\\\amsi\\\\x64\\\\avamsi.dll\",\"SecureRequired\":\"0x80000000\",\"RequestedSigningLevel\":12,\"ProcessNameLength\":52,\"ProcessNameBuffer\":\"\\\\Device\\\\HarddiskVolume4\\\\Windows\\\\System32\\\\svchost.exe\"}}}",
  "xml_fields": {
    "provider": "Microsoft-Windows-CodeIntegrity",
    "event_id": "3004",
    "timestamp": "2023-11-06T01:44:39.169686Z",
    "event_record_id": "2657",
    "level": "2",
    "task": "1",
    "opcode": "104",
    "keywords": "0x8000000000000000",
    "channel": "Microsoft-Windows-CodeIntegrity/Operational",
    "computer": "WinDev2310Eval",
    "FileNameLength": "87",
    "FileNameBuffer": "\\Device\\HarddiskVolume4\\Program Files\\Avira\\Endpoint Protection SDK\\amsi\\x64\\avamsi.dll",
    "SecureRequired": "0x80000000",
    "RequestedSigningLevel": "12",
    "ProcessNameLength": "52",
    "ProcessNameBuffer": "\\Device\\HarddiskVolume4\\Windows\\System32\\svchost.exe"
  },
  "json_fields": {
    "provider": "Microsoft-Windows-CodeIntegrity",
    "channel": "Microsoft-Windows-CodeIntegrity/Operational",
    "event_id": "3004",
    "timestamp": "2023-11-06T01:44:39.169686Z",
    "event_record_id": "2657",
    "level": "2",
    "task": "1",
    "opcode": "104",
    "keywords": "0x8000000000000000",
    "computer": "WinDev2310Eval",
    "FileNameLength": "87",
    "FileNameBuffer": "\\Device\\HarddiskVolume4\\Program Files\\Avira\\Endpoint Protection SDK\\amsi\\x64\\avamsi.dll",
    "SecureRequired": "0x80000000",
    "RequestedSigningLevel": "12",
    "ProcessNameLength": "52",
    "ProcessNameBuffer": "\\Device\\HarddiskVolume4\\Windows\\System32\\svchost.exe"
  }
}