{
  "event_id": "3005",
  "provider": "Microsoft-Windows-BranchCacheSMB",
  "channel": "Microsoft-Windows-BranchCacheSMB/Operational",
  "source_file": "D:\\visual code file\\Project_4\\Event-Analyzer\\test\\Benign\\win7-x86\\Microsoft-Windows-BranchCacheSMB%4Operational.evtx",
  "event_record_id": 1,
  "xml": "<?xml version=\"1.0\" encoding=\"utf-8\"?>\n<Event xmlns=\"http://schemas.microsoft.com/win/2004/08/events/event\">\n  <System>\n    <Provider Name=\"Microsoft-Windows-BranchCacheSMB\" Guid=\"4A933674-FB3D-4E8D-B01D-17EE14E91A3E\">\n    </Provider>\n    <EventID>3005</EventID>\n    <Version>0</Version>\n    <Level>4</Level>\n    <Task>0</Task>\n    <Opcode>0</Opcode>\n    <Keywords>0x8000000000000800</Keywords>\n    <TimeCreated SystemTime=\"2022-04-04T19:07:05.218750Z\">\n    </TimeCreated>\n    <EventRecordID>1</EventRecordID>\n    <Correlation>\n    </Correlation>\n    <Execution ProcessID=\"880\" ThreadID=\"896\">\n    </Execution>\n    <Channel>Microsoft-Windows-BranchCacheSMB/Operational</Channel>\n    <Computer>37L4247D28-05</Computer>\n    <Security UserID=\"S-1-5-18\">\n    </Security>\n  </System>\n  <UserData>\n    <CounterSummary xmlns:auto-ns3=\"http://schemas.microsoft.com/win/2004/08/events\" xmlns=\"CounterSummaryNs\">\n      <ServiceActiveTimeInSeconds>0</ServiceActiveTimeInSeconds>\n      <SMBBranchCacheBytesRequested>0</SMBBranchCacheBytesRequested>\n      <SMBBranchCacheBytesReceived>0</SMBBranchCacheBytesReceived>\n      <SMBBranchCacheBytesPublished>0</SMBBranchCacheBytesPublished>\n      <SMBBranchCacheBytesRequestedFromServer>0</SMBBranchCacheBytesRequestedFromServer>\n      <SMBBranchCacheHashesRequested>0</SMBBranchCacheHashesRequested>\n      <SMBBranchCacheHashesReceived>0</SMBBranchCacheHashesReceived>\n      <SMBBranchCacheHashBytesReceived>0</SMBBranchCacheHashBytesReceived>\n      <PrefetchOperationsQueued>0</PrefetchOperationsQueued>\n      <PrefetchBytesReadFromCache>0</PrefetchBytesReadFromCache>\n      <PrefetchBytesReadFromServer>0</PrefetchBytesReadFromServer>\n      <ApplicationBytesReadFromCache>0</ApplicationBytesReadFromCache>\n      <ApplicationBytesReadFromServer>0</ApplicationBytesReadFromServer>\n      <ApplicationBytesReadFromServerNotCached>0</ApplicationBytesReadFromServerNotCached>\n    </CounterSummary>\n  </UserData>\n</Event>\n",
  "json": "{\"Event\":{\"#attributes\":{\"xmlns\":\"http://schemas.microsoft.com/win/2004/08/events/event\"},\"System\":{\"Provider\":{\"#attributes\":{\"Name\":\"Microsoft-Windows-BranchCacheSMB\",\"Guid\":\"4A933674-FB3D-4E8D-B01D-17EE14E91A3E\"}},\"EventID\":3005,\"Version\":0,\"Level\":4,\"Task\":0,\"Opcode\":0,\"Keywords\":\"0x8000000000000800\",\"TimeCreated\":{\"#attributes\":{\"SystemTime\":\"2022-04-04T19:07:05.218750Z\"}},\"EventRecordID\":1,\"Correlation\":null,\"Execution\":{\"#attributes\":{\"ProcessID\":880,\"ThreadID\":896}},\"Channel\":\"Microsoft-Windows-BranchCacheSMB/Operational\",\"Computer\":\"37L4247D28-05\",\"Security\":{\"#attributes\":{\"UserID\":\"S-1-5-18\"}}},\"UserData\":{\"CounterSummary\":{\"#attributes\":{\"xmlns:auto-ns3\":\"http://schemas.microsoft.com/win/2004/08/events\",\"xmlns\":\"CounterSummaryNs\"},\"ServiceActiveTimeInSeconds\":0,\"SMBBranchCacheBytesRequested\":0,\"SMBBranchCacheBytesReceived\":0,\"SMBBranchCacheBytesPublished\":0,\"SMBBranchCacheBytesRequestedFromServer\":0,\"SMBBranchCacheHashesRequested\":0,\"SMBBranchCacheHashesReceived\":0,\"SMBBranchCacheHashBytesReceived\":0,\"PrefetchOperationsQueued\":0,\"PrefetchBytesReadFromCache\":0,\"PrefetchBytesReadFromServer\":0,\"ApplicationBytesReadFromCache\":0,\"ApplicationBytesReadFromServer\":0,\"ApplicationBytesReadFromServerNotCached\":0}}}}",
  "xml_fields": {
    "provider": "Microsoft-Windows-BranchCacheSMB",
    "event_id": "3005",
    "timestamp": "2022-04-04T19:07:05.218750Z",
    "event_record_id": "1",
    "level": "4",
    "task": "0",
    "opcode": "0",
    "keywords": "0x8000000000000800",
    "channel": "Microsoft-Windows-BranchCacheSMB/Operational",
    "computer": "37L4247D28-05",
    "ServiceActiveTimeInSeconds": "0",
    "SMBBranchCacheBytesRequested": "0",
    "SMBBranchCacheBytesReceived": "0",
    "SMBBranchCacheBytesPublished": "0",
    "SMBBranchCacheBytesRequestedFromServer": "0",
    "SMBBranchCacheHashesRequested": "0",
    "SMBBranchCacheHashesReceived": "0",
    "SMBBranchCacheHashBytesReceived": "0",
    "PrefetchOperationsQueued": "0",
    "PrefetchBytesReadFromCache": "0",
    "PrefetchBytesReadFromServer": "0",
    "ApplicationBytesReadFromCache": "0",
    "ApplicationBytesReadFromServer": "0",
    "ApplicationBytesReadFromServerNotCached": "0"
  },
  "json_fields": {
    "provider": "Microsoft-Windows-BranchCacheSMB",
    "channel": "Microsoft-Windows-BranchCacheSMB/Operational",
    "event_id": "3005",
    "timestamp": "2022-04-04T19:07:05.218750Z",
    "event_record_id": "1",
    "level": "4",
    "task": "0",
    "opcode": "0",
    "keywords": "0x8000000000000800",
    "computer": "37L4247D28-05",
    "ServiceActiveTimeInSeconds": "0",
    "SMBBranchCacheBytesRequested": "0",
    "SMBBranchCacheBytesReceived": "0",
    "SMBBranchCacheBytesPublished": "0",
    "SMBBranchCacheBytesRequestedFromServer": "0",
    "SMBBranchCacheHashesRequested": "0",
    "SMBBranchCacheHashesReceived": "0",
    "SMBBranchCacheHashBytesReceived": "0",
    "PrefetchOperationsQueued": "0",
    "PrefetchBytesReadFromCache": "0",
    "PrefetchBytesReadFromServer": "0",
    "ApplicationBytesReadFromCache": "0",
    "ApplicationBytesReadFromServer": "0",
    "ApplicationBytesReadFromServerNotCached": "0"
  }
}