{
  "event_id": "3005",
  "provider": "Microsoft-Windows-PushNotifications-Platform",
  "channel": "Microsoft-Windows-PushNotification-Platform/Operational",
  "source_file": "D:\\visual code file\\Project_4\\Event-Analyzer\\test\\Logs\\Microsoft-Windows-PushNotification-Platform%4Operational.evtx",
  "event_record_id": 1654,
  "xml": "<?xml version=\"1.0\" encoding=\"utf-8\"?>\n<Event xmlns=\"http://schemas.microsoft.com/win/2004/08/events/event\">\n  <System>\n    <Provider Name=\"Microsoft-Windows-PushNotifications-Platform\" Guid=\"88CD9180-4491-4640-B571-E3BEE2527943\">\n    </Provider>\n    <EventID>3005</EventID>\n    <Version>0</Version>\n    <Level>4</Level>\n    <Task>3</Task>\n    <Opcode>2</Opcode>\n    <Keywords>0x8000000000000800</Keywords>\n    <TimeCreated SystemTime=\"2025-01-24T11:00:27.725278Z\">\n    </TimeCreated>\n    <EventRecordID>1654</EventRecordID>\n    <Correlation>\n    </Correlation>\n    <Execution ProcessID=\"5612\" ThreadID=\"5852\">\n    </Execution>\n    <Channel>Microsoft-Windows-PushNotification-Platform/Operational</Channel>\n    <Computer>CTO-FILESVR</Computer>\n    <Security UserID=\"S-1-5-21-3088055692-629932344-1786574096-1003\">\n    </Security>\n  </System>\n  <EventData>\n    <Data Name=\"SessionId\">4</Data>\n    <Data Name=\"Error\">0</Data>\n  </EventData>\n</Event>\n",
  "json": "{\"Event\":{\"#attributes\":{\"xmlns\":\"http://schemas.microsoft.com/win/2004/08/events/event\"},\"System\":{\"Provider\":{\"#attributes\":{\"Name\":\"Microsoft-Windows-PushNotifications-Platform\",\"Guid\":\"88CD9180-4491-4640-B571-E3BEE2527943\"}},\"EventID\":3005,\"Version\":0,\"Level\":4,\"Task\":3,\"Opcode\":2,\"Keywords\":\"0x8000000000000800\",\"TimeCreated\":{\"#attributes\":{\"SystemTime\":\"2025-01-24T11:00:27.725278Z\"}},\"EventRecordID\":1654,\"Correlation\":null,\"Execution\":{\"#attributes\":{\"ProcessID\":5612,\"ThreadID\":5852}},\"Channel\":\"Microsoft-Windows-PushNotification-Platform/Operational\",\"Computer\":\"CTO-FILESVR\",\"Security\":{\"#attributes\":{\"UserID\":\"S-1-5-21-3088055692-629932344-1786574096-1003\"}}},\"EventData\":{\"SessionId\":4,\"Error\":0}}}",
  "xml_fields": {
    "provider": "Microsoft-Windows-PushNotifications-Platform",
    "event_id": "3005",
    "timestamp": "2025-01-24T11:00:27.725278Z",
    "event_record_id": "1654",
    "level": "4",
    "task": "3",
    "opcode": "2",
    "keywords": "0x8000000000000800",
    "channel": "Microsoft-Windows-PushNotification-Platform/Operational",
    "computer": "CTO-FILESVR",
    "SessionId": "4",
    "Error": "0"
  },
  "json_fields": {
    "provider": "Microsoft-Windows-PushNotifications-Platform",
    "channel": "Microsoft-Windows-PushNotification-Platform/Operational",
    "event_id": "3005",
    "timestamp": "2025-01-24T11:00:27.725278Z",
    "event_record_id": "1654",
    "level": "4",
    "task": "3",
    "opcode": "2",
    "keywords": "0x8000000000000800",
    "computer": "CTO-FILESVR",
    "SessionId": "4",
    "Error": "0"
  }
}