{
  "event_id": "3007",
  "provider": "Microsoft-Windows-MUI",
  "channel": "Microsoft-Windows-MUI/Operational",
  "source_file": "D:\\visual code file\\Project_4\\Event-Analyzer\\test\\Benign\\win7-x86\\Microsoft-Windows-MUI%4Operational.evtx",
  "event_record_id": 12,
  "xml": "<?xml version=\"1.0\" encoding=\"utf-8\"?>\n<Event xmlns=\"http://schemas.microsoft.com/win/2004/08/events/event\">\n  <System>\n    <Provider Name=\"Microsoft-Windows-MUI\" Guid=\"A8A1F2F6-A13A-45E9-B1FE-3419569E5EF2\">\n    </Provider>\n    <EventID>3007</EventID>\n    <Version>0</Version>\n    <Level>4</Level>\n    <Task>31</Task>\n    <Opcode>34</Opcode>\n    <Keywords>0x8000000000000000</Keywords>\n    <TimeCreated SystemTime=\"2022-04-04T19:08:29.093750Z\">\n    </TimeCreated>\n    <EventRecordID>12</EventRecordID>\n    <Correlation>\n    </Correlation>\n    <Execution ProcessID=\"1948\" ThreadID=\"1952\">\n    </Execution>\n    <Channel>Microsoft-Windows-MUI/Operational</Channel>\n    <Computer>evtx-PC</Computer>\n    <Security UserID=\"S-1-5-18\">\n    </Security>\n  </System>\n  <EventData>\n    <Data Name=\"NewCacheIndex\">1</Data>\n    <Data Name=\"LiveCacheIndex\">1</Data>\n    <Data Name=\"Config\">3</Data>\n  </EventData>\n</Event>\n",
  "json": "{\"Event\":{\"#attributes\":{\"xmlns\":\"http://schemas.microsoft.com/win/2004/08/events/event\"},\"System\":{\"Provider\":{\"#attributes\":{\"Name\":\"Microsoft-Windows-MUI\",\"Guid\":\"A8A1F2F6-A13A-45E9-B1FE-3419569E5EF2\"}},\"EventID\":3007,\"Version\":0,\"Level\":4,\"Task\":31,\"Opcode\":34,\"Keywords\":\"0x8000000000000000\",\"TimeCreated\":{\"#attributes\":{\"SystemTime\":\"2022-04-04T19:08:29.093750Z\"}},\"EventRecordID\":12,\"Correlation\":null,\"Execution\":{\"#attributes\":{\"ProcessID\":1948,\"ThreadID\":1952}},\"Channel\":\"Microsoft-Windows-MUI/Operational\",\"Computer\":\"evtx-PC\",\"Security\":{\"#attributes\":{\"UserID\":\"S-1-5-18\"}}},\"EventData\":{\"NewCacheIndex\":1,\"LiveCacheIndex\":1,\"Config\":3}}}",
  "xml_fields": {
    "provider": "Microsoft-Windows-MUI",
    "event_id": "3007",
    "timestamp": "2022-04-04T19:08:29.093750Z",
    "event_record_id": "12",
    "level": "4",
    "task": "31",
    "opcode": "34",
    "keywords": "0x8000000000000000",
    "channel": "Microsoft-Windows-MUI/Operational",
    "computer": "evtx-PC",
    "NewCacheIndex": "1",
    "LiveCacheIndex": "1",
    "Config": "3"
  },
  "json_fields": {
    "provider": "Microsoft-Windows-MUI",
    "channel": "Microsoft-Windows-MUI/Operational",
    "event_id": "3007",
    "timestamp": "2022-04-04T19:08:29.093750Z",
    "event_record_id": "12",
    "level": "4",
    "task": "31",
    "opcode": "34",
    "keywords": "0x8000000000000000",
    "computer": "evtx-PC",
    "NewCacheIndex": "1",
    "LiveCacheIndex": "1",
    "Config": "3"
  }
}