{
  "event_id": "300",
  "provider": "Microsoft-Windows-Ntfs",
  "channel": "Microsoft-Windows-Ntfs/Operational",
  "source_file": "D:\\visual code file\\Project_4\\Event-Analyzer\\test\\Benign\\win2022-evtx\\Microsoft-Windows-Ntfs%4Operational.evtx",
  "event_record_id": 22,
  "xml": "<?xml version=\"1.0\" encoding=\"utf-8\"?>\n<Event xmlns=\"http://schemas.microsoft.com/win/2004/08/events/event\">\n  <System>\n    <Provider Name=\"Microsoft-Windows-Ntfs\" Guid=\"3FF37A1C-A68D-4D6E-8C9B-F79E8B16C482\">\n    </Provider>\n    <EventID>300</EventID>\n    <Version>1</Version>\n    <Level>4</Level>\n    <Task>8</Task>\n    <Opcode>1</Opcode>\n    <Keywords>0x4000000000000020</Keywords>\n    <TimeCreated SystemTime=\"2022-03-04T08:48:15.493213Z\">\n    </TimeCreated>\n    <EventRecordID>22</EventRecordID>\n    <Correlation>\n    </Correlation>\n    <Execution ProcessID=\"1460\" ThreadID=\"2636\">\n    </Execution>\n    <Channel>Microsoft-Windows-Ntfs/Operational</Channel>\n    <Computer>WIN-TKC15D7KHUR</Computer>\n    <Security UserID=\"S-1-5-18\">\n    </Security>\n  </System>\n  <EventData>\n    <Data Name=\"VolumeCorrelationId\">1E9B06BD-0000-0000-0000-B0C208000000</Data>\n    <Data Name=\"VolumeIdLength\">48</Data>\n    <Data Name=\"VolumeId\">\\\\?\\Volume{1e9b06bd-0000-0000-0000-b0c208000000}</Data>\n    <Data Name=\"VolumeLabelLength\">0</Data>\n    <Data Name=\"VolumeLabel\"></Data>\n    <Data Name=\"DeviceNameLength\">23</Data>\n    <Data Name=\"DeviceName\">\\Device\\HarddiskVolume3</Data>\n    <Data Name=\"DeviceGuid\">A86CEC8E-FB18-5AEC-6F31-C812511391BB</Data>\n    <Data Name=\"VendorIdLength\">0</Data>\n    <Data Name=\"VendorId\"></Data>\n    <Data Name=\"ProductIdLength\">13</Data>\n    <Data Name=\"ProductId\">VBOX HARDDISK</Data>\n    <Data Name=\"ProductRevisionLength\">3</Data>\n    <Data Name=\"ProductRevision\">1.0</Data>\n    <Data Name=\"DeviceSerialNumberLength\">19</Data>\n    <Data Name=\"DeviceSerialNumber\">VB8e57de8f-e08973f3</Data>\n    <Data Name=\"BusType\">11</Data>\n    <Data Name=\"AdapterSerialNumberLength\">0</Data>\n    <Data Name=\"AdapterSerialNumber\"></Data>\n    <Data Name=\"Vcb\">0xffffe706b34661b0</Data>\n    <Data Name=\"ProcessId\">1460</Data>\n    <Data Name=\"ProcessName\">vds.exe</Data>\n    <Data Name=\"DismountReason\">Explicit lock</Data>\n  </EventData>\n</Event>\n",
  "json": "{\"Event\":{\"#attributes\":{\"xmlns\":\"http://schemas.microsoft.com/win/2004/08/events/event\"},\"System\":{\"Provider\":{\"#attributes\":{\"Name\":\"Microsoft-Windows-Ntfs\",\"Guid\":\"3FF37A1C-A68D-4D6E-8C9B-F79E8B16C482\"}},\"EventID\":300,\"Version\":1,\"Level\":4,\"Task\":8,\"Opcode\":1,\"Keywords\":\"0x4000000000000020\",\"TimeCreated\":{\"#attributes\":{\"SystemTime\":\"2022-03-04T08:48:15.493213Z\"}},\"EventRecordID\":22,\"Correlation\":null,\"Execution\":{\"#attributes\":{\"ProcessID\":1460,\"ThreadID\":2636}},\"Channel\":\"Microsoft-Windows-Ntfs/Operational\",\"Computer\":\"WIN-TKC15D7KHUR\",\"Security\":{\"#attributes\":{\"UserID\":\"S-1-5-18\"}}},\"EventData\":{\"VolumeCorrelationId\":\"1E9B06BD-0000-0000-0000-B0C208000000\",\"VolumeIdLength\":48,\"VolumeId\":\"\\\\\\\\?\\\\Volume{1e9b06bd-0000-0000-0000-b0c208000000}\",\"VolumeLabelLength\":0,\"VolumeLabel\":\"\",\"DeviceNameLength\":23,\"DeviceName\":\"\\\\Device\\\\HarddiskVolume3\",\"DeviceGuid\":\"A86CEC8E-FB18-5AEC-6F31-C812511391BB\",\"VendorIdLength\":0,\"VendorId\":\"\",\"ProductIdLength\":13,\"ProductId\":\"VBOX HARDDISK\",\"ProductRevisionLength\":3,\"ProductRevision\":\"1.0\",\"DeviceSerialNumberLength\":19,\"DeviceSerialNumber\":\"VB8e57de8f-e08973f3\",\"BusType\":11,\"AdapterSerialNumberLength\":0,\"AdapterSerialNumber\":\"\",\"Vcb\":\"0xffffe706b34661b0\",\"ProcessId\":1460,\"ProcessName\":\"vds.exe\",\"DismountReason\":\"Explicit lock\"}}}",
  "xml_fields": {
    "provider": "Microsoft-Windows-Ntfs",
    "event_id": "300",
    "timestamp": "2022-03-04T08:48:15.493213Z",
    "event_record_id": "22",
    "level": "4",
    "task": "8",
    "opcode": "1",
    "keywords": "0x4000000000000020",
    "channel": "Microsoft-Windows-Ntfs/Operational",
    "computer": "WIN-TKC15D7KHUR",
    "VolumeCorrelationId": "1E9B06BD-0000-0000-0000-B0C208000000",
    "VolumeIdLength": "48",
    "VolumeId": "\\\\?\\Volume{1e9b06bd-0000-0000-0000-b0c208000000}",
    "VolumeLabelLength": "0",
    "VolumeLabel": "",
    "DeviceNameLength": "23",
    "DeviceName": "\\Device\\HarddiskVolume3",
    "DeviceGuid": "A86CEC8E-FB18-5AEC-6F31-C812511391BB",
    "VendorIdLength": "0",
    "VendorId": "",
    "ProductIdLength": "13",
    "ProductId": "VBOX HARDDISK",
    "ProductRevisionLength": "3",
    "ProductRevision": "1.0",
    "DeviceSerialNumberLength": "19",
    "DeviceSerialNumber": "VB8e57de8f-e08973f3",
    "BusType": "11",
    "AdapterSerialNumberLength": "0",
    "AdapterSerialNumber": "",
    "Vcb": "0xffffe706b34661b0",
    "ProcessId": "1460",
    "ProcessName": "vds.exe",
    "DismountReason": "Explicit lock"
  },
  "json_fields": {
    "provider": "Microsoft-Windows-Ntfs",
    "channel": "Microsoft-Windows-Ntfs/Operational",
    "event_id": "300",
    "timestamp": "2022-03-04T08:48:15.493213Z",
    "event_record_id": "22",
    "level": "4",
    "task": "8",
    "opcode": "1",
    "keywords": "0x4000000000000020",
    "computer": "WIN-TKC15D7KHUR",
    "VolumeCorrelationId": "1E9B06BD-0000-0000-0000-B0C208000000",
    "VolumeIdLength": "48",
    "VolumeId": "\\\\?\\Volume{1e9b06bd-0000-0000-0000-b0c208000000}",
    "VolumeLabelLength": "0",
    "VolumeLabel": "",
    "DeviceNameLength": "23",
    "DeviceName": "\\Device\\HarddiskVolume3",
    "DeviceGuid": "A86CEC8E-FB18-5AEC-6F31-C812511391BB",
    "VendorIdLength": "0",
    "VendorId": "",
    "ProductIdLength": "13",
    "ProductId": "VBOX HARDDISK",
    "ProductRevisionLength": "3",
    "ProductRevision": "1.0",
    "DeviceSerialNumberLength": "19",
    "DeviceSerialNumber": "VB8e57de8f-e08973f3",
    "BusType": "11",
    "AdapterSerialNumberLength": "0",
    "AdapterSerialNumber": "",
    "Vcb": "0xffffe706b34661b0",
    "ProcessId": "1460",
    "ProcessName": "vds.exe",
    "DismountReason": "Explicit lock"
  }
}