{
  "event_id": "300",
  "provider": "Microsoft-Windows-PrintService",
  "channel": "Microsoft-Windows-PrintService/Operational",
  "source_file": "D:\\visual code file\\Project_4\\Event-Analyzer\\test\\Malicious\\EVTX-to-MITRE-Attack-master\\TA0004-Privilege Escalation\\T1574-DLL side-loading\\ID316,300,301,316,823,848-Mimispool printer server instal.evtx",
  "event_record_id": 11,
  "xml": "<?xml version=\"1.0\" encoding=\"utf-8\"?>\n<Event xmlns=\"http://schemas.microsoft.com/win/2004/08/events/event\">\n  <System>\n    <Provider Name=\"Microsoft-Windows-PrintService\" Guid=\"747EF6FD-E535-4D16-B510-42C90F6873A1\">\n    </Provider>\n    <EventID>300</EventID>\n    <Version>0</Version>\n    <Level>4</Level>\n    <Task>4</Task>\n    <Opcode>11</Opcode>\n    <Keywords>0x4000000000000820</Keywords>\n    <TimeCreated SystemTime=\"2021-10-27T10:14:27.559950Z\">\n    </TimeCreated>\n    <EventRecordID>155</EventRecordID>\n    <Correlation>\n    </Correlation>\n    <Execution ProcessID=\"2552\" ThreadID=\"4028\">\n    </Execution>\n    <Channel>Microsoft-Windows-PrintService/Operational</Channel>\n    <Computer>fs03vuln.offsec.lan</Computer>\n    <Security UserID=\"S-1-5-21-4230534742-2542757381-3142984815-1111\">\n    </Security>\n  </System>\n  <UserData>\n    <PrinterCreated xmlns=\"http://manifests.microsoft.com/win/2005/08/windows/printing/spooler/core/events\">\n      <Param1>Kiwi Legit Printer</Param1>\n    </PrinterCreated>\n  </UserData>\n</Event>\n",
  "json": "{\"Event\":{\"#attributes\":{\"xmlns\":\"http://schemas.microsoft.com/win/2004/08/events/event\"},\"System\":{\"Provider\":{\"#attributes\":{\"Name\":\"Microsoft-Windows-PrintService\",\"Guid\":\"747EF6FD-E535-4D16-B510-42C90F6873A1\"}},\"EventID\":300,\"Version\":0,\"Level\":4,\"Task\":4,\"Opcode\":11,\"Keywords\":\"0x4000000000000820\",\"TimeCreated\":{\"#attributes\":{\"SystemTime\":\"2021-10-27T10:14:27.559950Z\"}},\"EventRecordID\":155,\"Correlation\":null,\"Execution\":{\"#attributes\":{\"ProcessID\":2552,\"ThreadID\":4028}},\"Channel\":\"Microsoft-Windows-PrintService/Operational\",\"Computer\":\"fs03vuln.offsec.lan\",\"Security\":{\"#attributes\":{\"UserID\":\"S-1-5-21-4230534742-2542757381-3142984815-1111\"}}},\"UserData\":{\"PrinterCreated\":{\"#attributes\":{\"xmlns\":\"http://manifests.microsoft.com/win/2005/08/windows/printing/spooler/core/events\"},\"Param1\":\"Kiwi Legit Printer\"}}}}",
  "xml_fields": {
    "provider": "Microsoft-Windows-PrintService",
    "event_id": "300",
    "timestamp": "2021-10-27T10:14:27.559950Z",
    "event_record_id": "155",
    "level": "4",
    "task": "4",
    "opcode": "11",
    "keywords": "0x4000000000000820",
    "channel": "Microsoft-Windows-PrintService/Operational",
    "computer": "fs03vuln.offsec.lan",
    "Param1": "Kiwi Legit Printer"
  },
  "json_fields": {
    "provider": "Microsoft-Windows-PrintService",
    "channel": "Microsoft-Windows-PrintService/Operational",
    "event_id": "300",
    "timestamp": "2021-10-27T10:14:27.559950Z",
    "event_record_id": "155",
    "level": "4",
    "task": "4",
    "opcode": "11",
    "keywords": "0x4000000000000820",
    "computer": "fs03vuln.offsec.lan",
    "Param1": "Kiwi Legit Printer"
  }
}