{
  "event_id": "300",
  "provider": "Microsoft-Windows-DeviceSetupManager",
  "channel": "Microsoft-Windows-DeviceSetupManager/Operational",
  "source_file": "D:\\visual code file\\Project_4\\Event-Analyzer\\test\\Logs\\Microsoft-Windows-DeviceSetupManager%4Operational.evtx",
  "event_record_id": 1,
  "xml": "<?xml version=\"1.0\" encoding=\"utf-8\"?>\n<Event xmlns=\"http://schemas.microsoft.com/win/2004/08/events/event\">\n  <System>\n    <Provider Name=\"Microsoft-Windows-DeviceSetupManager\" Guid=\"FCBB06BB-6A2A-46E3-ABAA-246CB4E508B2\">\n    </Provider>\n    <EventID>300</EventID>\n    <Version>0</Version>\n    <Level>4</Level>\n    <Task>0</Task>\n    <Opcode>10</Opcode>\n    <Keywords>0x8000000000000000</Keywords>\n    <TimeCreated SystemTime=\"2024-11-04T12:40:20.352377Z\">\n    </TimeCreated>\n    <EventRecordID>1</EventRecordID>\n    <Correlation>\n    </Correlation>\n    <Execution ProcessID=\"352\" ThreadID=\"5484\">\n    </Execution>\n    <Channel>Microsoft-Windows-DeviceSetupManager/Operational</Channel>\n    <Computer>DESKTOP-P9H5FTA</Computer>\n    <Security UserID=\"S-1-5-18\">\n    </Security>\n  </System>\n  <EventData>\n    <Data Name=\"Prop_ContainerId\">{2CBAD689-8DC0-543B-A46F-DAD20D391C7B}</Data>\n  </EventData>\n</Event>\n",
  "json": "{\"Event\":{\"#attributes\":{\"xmlns\":\"http://schemas.microsoft.com/win/2004/08/events/event\"},\"System\":{\"Provider\":{\"#attributes\":{\"Name\":\"Microsoft-Windows-DeviceSetupManager\",\"Guid\":\"FCBB06BB-6A2A-46E3-ABAA-246CB4E508B2\"}},\"EventID\":300,\"Version\":0,\"Level\":4,\"Task\":0,\"Opcode\":10,\"Keywords\":\"0x8000000000000000\",\"TimeCreated\":{\"#attributes\":{\"SystemTime\":\"2024-11-04T12:40:20.352377Z\"}},\"EventRecordID\":1,\"Correlation\":null,\"Execution\":{\"#attributes\":{\"ProcessID\":352,\"ThreadID\":5484}},\"Channel\":\"Microsoft-Windows-DeviceSetupManager/Operational\",\"Computer\":\"DESKTOP-P9H5FTA\",\"Security\":{\"#attributes\":{\"UserID\":\"S-1-5-18\"}}},\"EventData\":{\"Prop_ContainerId\":\"{2CBAD689-8DC0-543B-A46F-DAD20D391C7B}\"}}}",
  "xml_fields": {
    "provider": "Microsoft-Windows-DeviceSetupManager",
    "event_id": "300",
    "timestamp": "2024-11-04T12:40:20.352377Z",
    "event_record_id": "1",
    "level": "4",
    "task": "0",
    "opcode": "10",
    "keywords": "0x8000000000000000",
    "channel": "Microsoft-Windows-DeviceSetupManager/Operational",
    "computer": "DESKTOP-P9H5FTA",
    "Prop_ContainerId": "{2CBAD689-8DC0-543B-A46F-DAD20D391C7B}"
  },
  "json_fields": {
    "provider": "Microsoft-Windows-DeviceSetupManager",
    "channel": "Microsoft-Windows-DeviceSetupManager/Operational",
    "event_id": "300",
    "timestamp": "2024-11-04T12:40:20.352377Z",
    "event_record_id": "1",
    "level": "4",
    "task": "0",
    "opcode": "10",
    "keywords": "0x8000000000000000",
    "computer": "DESKTOP-P9H5FTA",
    "Prop_ContainerId": "{2CBAD689-8DC0-543B-A46F-DAD20D391C7B}"
  }
}