{
  "event_id": "300",
  "provider": "LsaSrv",
  "channel": "Microsoft-Windows-LSA/Operational",
  "source_file": "D:\\visual code file\\Project_4\\Event-Analyzer\\test\\Benign\\Logs_Win11_2023\\Microsoft-Windows-LSA%4Operational.evtx",
  "event_record_id": 1,
  "xml": "<?xml version=\"1.0\" encoding=\"utf-8\"?>\n<Event xmlns=\"http://schemas.microsoft.com/win/2004/08/events/event\">\n  <System>\n    <Provider Name=\"LsaSrv\" Guid=\"199FE037-2B82-40A9-82AC-E1D46C792B99\">\n    </Provider>\n    <EventID>300</EventID>\n    <Version>0</Version>\n    <Level>4</Level>\n    <Task>0</Task>\n    <Opcode>0</Opcode>\n    <Keywords>0x2000000000000000</Keywords>\n    <TimeCreated SystemTime=\"2023-11-05T23:08:15.496370Z\">\n    </TimeCreated>\n    <EventRecordID>1</EventRecordID>\n    <Correlation ActivityID=\"E4DB489E-1037-0001-0C49-DBE43710DA01\">\n    </Correlation>\n    <Execution ProcessID=\"808\" ThreadID=\"844\">\n    </Execution>\n    <Channel>Microsoft-Windows-LSA/Operational</Channel>\n    <Computer>WinDev2310Eval</Computer>\n    <Security UserID=\"S-1-5-18\">\n    </Security>\n  </System>\n  <EventData>\n    <Data Name=\"TargetUserSid\">S-1-5-18</Data>\n    <Data Name=\"TargetUserName\">SYSTEM</Data>\n    <Data Name=\"TargetDomainName\">NT AUTHORITY</Data>\n    <Data Name=\"TargetLogonId\">0x3e7</Data>\n    <Data Name=\"TargetLogonGuid\">00000000-0000-0000-0000-000000000000</Data>\n    <Data Name=\"EventOrginal\">1</Data>\n    <Data Name=\"EventCountTotal\">1</Data>\n    <Data Name=\"SidList\">\r\n\t\t%{S-1-5-18}\r\n\t\t%{S-1-1-0}\r\n\t\t%{S-1-5-32-545}\r\n\t\t%{S-1-5-6}\r\n\t\t%{S-1-2-1}\r\n\t\t%{S-1-5-11}\r\n\t\t%{S-1-5-15}\r\n\t\t%{S-1-5-80-685333868-2237257676-1431965530-1907094206-2438021966}\r\n\t\t%{S-1-2-0}\r\n\t\t%{S-1-5-32-544}\r\n\t\t%{S-1-1-0}\r\n\t\t%{S-1-5-11}\r\n\t\t%{S-1-16-16384}</Data>\n  </EventData>\n</Event>\n",
  "json": "{\"Event\":{\"#attributes\":{\"xmlns\":\"http://schemas.microsoft.com/win/2004/08/events/event\"},\"System\":{\"Provider\":{\"#attributes\":{\"Name\":\"LsaSrv\",\"Guid\":\"199FE037-2B82-40A9-82AC-E1D46C792B99\"}},\"EventID\":300,\"Version\":0,\"Level\":4,\"Task\":0,\"Opcode\":0,\"Keywords\":\"0x2000000000000000\",\"TimeCreated\":{\"#attributes\":{\"SystemTime\":\"2023-11-05T23:08:15.496370Z\"}},\"EventRecordID\":1,\"Correlation\":{\"#attributes\":{\"ActivityID\":\"E4DB489E-1037-0001-0C49-DBE43710DA01\"}},\"Execution\":{\"#attributes\":{\"ProcessID\":808,\"ThreadID\":844}},\"Channel\":\"Microsoft-Windows-LSA/Operational\",\"Computer\":\"WinDev2310Eval\",\"Security\":{\"#attributes\":{\"UserID\":\"S-1-5-18\"}}},\"EventData\":{\"TargetUserSid\":\"S-1-5-18\",\"TargetUserName\":\"SYSTEM\",\"TargetDomainName\":\"NT AUTHORITY\",\"TargetLogonId\":\"0x3e7\",\"TargetLogonGuid\":\"00000000-0000-0000-0000-000000000000\",\"EventOrginal\":1,\"EventCountTotal\":1,\"SidList\":\"\\r\\n\\t\\t%{S-1-5-18}\\r\\n\\t\\t%{S-1-1-0}\\r\\n\\t\\t%{S-1-5-32-545}\\r\\n\\t\\t%{S-1-5-6}\\r\\n\\t\\t%{S-1-2-1}\\r\\n\\t\\t%{S-1-5-11}\\r\\n\\t\\t%{S-1-5-15}\\r\\n\\t\\t%{S-1-5-80-685333868-2237257676-1431965530-1907094206-2438021966}\\r\\n\\t\\t%{S-1-2-0}\\r\\n\\t\\t%{S-1-5-32-544}\\r\\n\\t\\t%{S-1-1-0}\\r\\n\\t\\t%{S-1-5-11}\\r\\n\\t\\t%{S-1-16-16384}\"}}}",
  "xml_fields": {
    "provider": "LsaSrv",
    "event_id": "300",
    "timestamp": "2023-11-05T23:08:15.496370Z",
    "event_record_id": "1",
    "level": "4",
    "task": "0",
    "opcode": "0",
    "keywords": "0x2000000000000000",
    "channel": "Microsoft-Windows-LSA/Operational",
    "computer": "WinDev2310Eval",
    "TargetUserSid": "S-1-5-18",
    "TargetUserName": "SYSTEM",
    "TargetDomainName": "NT AUTHORITY",
    "TargetLogonId": "0x3e7",
    "TargetLogonGuid": "00000000-0000-0000-0000-000000000000",
    "EventOrginal": "1",
    "EventCountTotal": "1",
    "SidList": "\n\t\t%{S-1-5-18}\n\t\t%{S-1-1-0}\n\t\t%{S-1-5-32-545}\n\t\t%{S-1-5-6}\n\t\t%{S-1-2-1}\n\t\t%{S-1-5-11}\n\t\t%{S-1-5-15}\n\t\t%{S-1-5-80-685333868-2237257676-1431965530-1907094206-2438021966}\n\t\t%{S-1-2-0}\n\t\t%{S-1-5-32-544}\n\t\t%{S-1-1-0}\n\t\t%{S-1-5-11}\n\t\t%{S-1-16-16384}"
  },
  "json_fields": {
    "provider": "LsaSrv",
    "channel": "Microsoft-Windows-LSA/Operational",
    "event_id": "300",
    "timestamp": "2023-11-05T23:08:15.496370Z",
    "event_record_id": "1",
    "level": "4",
    "task": "0",
    "opcode": "0",
    "keywords": "0x2000000000000000",
    "computer": "WinDev2310Eval",
    "TargetUserSid": "S-1-5-18",
    "TargetUserName": "SYSTEM",
    "TargetDomainName": "NT AUTHORITY",
    "TargetLogonId": "0x3e7",
    "TargetLogonGuid": "00000000-0000-0000-0000-000000000000",
    "EventOrginal": "1",
    "EventCountTotal": "1",
    "SidList": "\r\n\t\t%{S-1-5-18}\r\n\t\t%{S-1-1-0}\r\n\t\t%{S-1-5-32-545}\r\n\t\t%{S-1-5-6}\r\n\t\t%{S-1-2-1}\r\n\t\t%{S-1-5-11}\r\n\t\t%{S-1-5-15}\r\n\t\t%{S-1-5-80-685333868-2237257676-1431965530-1907094206-2438021966}\r\n\t\t%{S-1-2-0}\r\n\t\t%{S-1-5-32-544}\r\n\t\t%{S-1-1-0}\r\n\t\t%{S-1-5-11}\r\n\t\t%{S-1-16-16384}"
  }
}