{
  "event_id": "3010",
  "provider": "Microsoft-Windows-CodeIntegrity",
  "channel": "Microsoft-Windows-CodeIntegrity/Operational",
  "source_file": "D:\\visual code file\\Project_4\\Event-Analyzer\\test\\Benign\\Win2022-AD\\Microsoft-Windows-CodeIntegrity%4Operational.evtx",
  "event_record_id": 2,
  "xml": "<?xml version=\"1.0\" encoding=\"utf-8\"?>\n<Event xmlns=\"http://schemas.microsoft.com/win/2004/08/events/event\">\n  <System>\n    <Provider Name=\"Microsoft-Windows-CodeIntegrity\" Guid=\"4EE76BD8-3CF4-44A0-A0AC-3937643E37A3\">\n    </Provider>\n    <EventID>3010</EventID>\n    <Version>1</Version>\n    <Level>3</Level>\n    <Task>2</Task>\n    <Opcode>100</Opcode>\n    <Keywords>0x8000000000000000</Keywords>\n    <TimeCreated SystemTime=\"2022-04-07T16:44:37.389267Z\">\n    </TimeCreated>\n    <EventRecordID>2</EventRecordID>\n    <Correlation ActivityID=\"C1DC836A-4A9E-0000-3484-DCC19E4AD801\">\n    </Correlation>\n    <Execution ProcessID=\"4\" ThreadID=\"8\">\n    </Execution>\n    <Channel>Microsoft-Windows-CodeIntegrity/Operational</Channel>\n    <Computer>WIN-FPV0DSIC9O6</Computer>\n    <Security UserID=\"S-1-5-18\">\n    </Security>\n  </System>\n  <EventData>\n    <Data Name=\"FileNameLength\">96</Data>\n    <Data Name=\"FileNameBuffer\">Microsoft-Windows-Server-Minimal-Drivers-merged-Package~31bf3856ad364e35~amd64~~10.0.20348.1.cat</Data>\n    <Data Name=\"Status\">0xc0000034</Data>\n  </EventData>\n</Event>\n",
  "json": "{\"Event\":{\"#attributes\":{\"xmlns\":\"http://schemas.microsoft.com/win/2004/08/events/event\"},\"System\":{\"Provider\":{\"#attributes\":{\"Name\":\"Microsoft-Windows-CodeIntegrity\",\"Guid\":\"4EE76BD8-3CF4-44A0-A0AC-3937643E37A3\"}},\"EventID\":3010,\"Version\":1,\"Level\":3,\"Task\":2,\"Opcode\":100,\"Keywords\":\"0x8000000000000000\",\"TimeCreated\":{\"#attributes\":{\"SystemTime\":\"2022-04-07T16:44:37.389267Z\"}},\"EventRecordID\":2,\"Correlation\":{\"#attributes\":{\"ActivityID\":\"C1DC836A-4A9E-0000-3484-DCC19E4AD801\"}},\"Execution\":{\"#attributes\":{\"ProcessID\":4,\"ThreadID\":8}},\"Channel\":\"Microsoft-Windows-CodeIntegrity/Operational\",\"Computer\":\"WIN-FPV0DSIC9O6\",\"Security\":{\"#attributes\":{\"UserID\":\"S-1-5-18\"}}},\"EventData\":{\"FileNameLength\":96,\"FileNameBuffer\":\"Microsoft-Windows-Server-Minimal-Drivers-merged-Package~31bf3856ad364e35~amd64~~10.0.20348.1.cat\",\"Status\":\"0xc0000034\"}}}",
  "xml_fields": {
    "provider": "Microsoft-Windows-CodeIntegrity",
    "event_id": "3010",
    "timestamp": "2022-04-07T16:44:37.389267Z",
    "event_record_id": "2",
    "level": "3",
    "task": "2",
    "opcode": "100",
    "keywords": "0x8000000000000000",
    "channel": "Microsoft-Windows-CodeIntegrity/Operational",
    "computer": "WIN-FPV0DSIC9O6",
    "FileNameLength": "96",
    "FileNameBuffer": "Microsoft-Windows-Server-Minimal-Drivers-merged-Package~31bf3856ad364e35~amd64~~10.0.20348.1.cat",
    "Status": "0xc0000034"
  },
  "json_fields": {
    "provider": "Microsoft-Windows-CodeIntegrity",
    "channel": "Microsoft-Windows-CodeIntegrity/Operational",
    "event_id": "3010",
    "timestamp": "2022-04-07T16:44:37.389267Z",
    "event_record_id": "2",
    "level": "3",
    "task": "2",
    "opcode": "100",
    "keywords": "0x8000000000000000",
    "computer": "WIN-FPV0DSIC9O6",
    "FileNameLength": "96",
    "FileNameBuffer": "Microsoft-Windows-Server-Minimal-Drivers-merged-Package~31bf3856ad364e35~amd64~~10.0.20348.1.cat",
    "Status": "0xc0000034"
  }
}