{
  "event_id": "301",
  "provider": "Microsoft-Windows-Ntfs",
  "channel": "Microsoft-Windows-Ntfs/Operational",
  "source_file": "D:\\visual code file\\Project_4\\Event-Analyzer\\test\\Benign\\win2022-evtx\\Microsoft-Windows-Ntfs%4Operational.evtx",
  "event_record_id": 24,
  "xml": "<?xml version=\"1.0\" encoding=\"utf-8\"?>\n<Event xmlns=\"http://schemas.microsoft.com/win/2004/08/events/event\">\n  <System>\n    <Provider Name=\"Microsoft-Windows-Ntfs\" Guid=\"3FF37A1C-A68D-4D6E-8C9B-F79E8B16C482\">\n    </Provider>\n    <EventID>301</EventID>\n    <Version>0</Version>\n    <Level>4</Level>\n    <Task>8</Task>\n    <Opcode>8</Opcode>\n    <Keywords>0x4000000000000020</Keywords>\n    <TimeCreated SystemTime=\"2022-03-04T08:48:15.535738Z\">\n    </TimeCreated>\n    <EventRecordID>24</EventRecordID>\n    <Correlation>\n    </Correlation>\n    <Execution ProcessID=\"1460\" ThreadID=\"2636\">\n    </Execution>\n    <Channel>Microsoft-Windows-Ntfs/Operational</Channel>\n    <Computer>WIN-TKC15D7KHUR</Computer>\n    <Security UserID=\"S-1-5-18\">\n    </Security>\n  </System>\n  <EventData>\n  </EventData>\n</Event>\n",
  "json": "{\"Event\":{\"#attributes\":{\"xmlns\":\"http://schemas.microsoft.com/win/2004/08/events/event\"},\"System\":{\"Provider\":{\"#attributes\":{\"Name\":\"Microsoft-Windows-Ntfs\",\"Guid\":\"3FF37A1C-A68D-4D6E-8C9B-F79E8B16C482\"}},\"EventID\":301,\"Version\":0,\"Level\":4,\"Task\":8,\"Opcode\":8,\"Keywords\":\"0x4000000000000020\",\"TimeCreated\":{\"#attributes\":{\"SystemTime\":\"2022-03-04T08:48:15.535738Z\"}},\"EventRecordID\":24,\"Correlation\":null,\"Execution\":{\"#attributes\":{\"ProcessID\":1460,\"ThreadID\":2636}},\"Channel\":\"Microsoft-Windows-Ntfs/Operational\",\"Computer\":\"WIN-TKC15D7KHUR\",\"Security\":{\"#attributes\":{\"UserID\":\"S-1-5-18\"}}},\"EventData\":null}}",
  "xml_fields": {
    "provider": "Microsoft-Windows-Ntfs",
    "event_id": "301",
    "timestamp": "2022-03-04T08:48:15.535738Z",
    "event_record_id": "24",
    "level": "4",
    "task": "8",
    "opcode": "8",
    "keywords": "0x4000000000000020",
    "channel": "Microsoft-Windows-Ntfs/Operational",
    "computer": "WIN-TKC15D7KHUR"
  },
  "json_fields": {
    "provider": "Microsoft-Windows-Ntfs",
    "channel": "Microsoft-Windows-Ntfs/Operational",
    "event_id": "301",
    "timestamp": "2022-03-04T08:48:15.535738Z",
    "event_record_id": "24",
    "level": "4",
    "task": "8",
    "opcode": "8",
    "keywords": "0x4000000000000020",
    "computer": "WIN-TKC15D7KHUR"
  }
}