{
  "event_id": "301",
  "provider": "Microsoft-Windows-DeviceSetupManager",
  "channel": "Microsoft-Windows-DeviceSetupManager/Operational",
  "source_file": "D:\\visual code file\\Project_4\\Event-Analyzer\\test\\Benign\\Logs_Client\\Microsoft-Windows-DeviceSetupManager%4Operational.evtx",
  "event_record_id": 7,
  "xml": "<?xml version=\"1.0\" encoding=\"utf-8\"?>\n<Event xmlns=\"http://schemas.microsoft.com/win/2004/08/events/event\">\n  <System>\n    <Provider Name=\"Microsoft-Windows-DeviceSetupManager\" Guid=\"FCBB06BB-6A2A-46E3-ABAA-246CB4E508B2\">\n    </Provider>\n    <EventID>301</EventID>\n    <Version>0</Version>\n    <Level>4</Level>\n    <Task>0</Task>\n    <Opcode>11</Opcode>\n    <Keywords>0x8000000000000000</Keywords>\n    <TimeCreated SystemTime=\"2022-02-07T11:27:38.442039Z\">\n    </TimeCreated>\n    <EventRecordID>7</EventRecordID>\n    <Correlation>\n    </Correlation>\n    <Execution ProcessID=\"1000\" ThreadID=\"3760\">\n    </Execution>\n    <Channel>Microsoft-Windows-DeviceSetupManager/Operational</Channel>\n    <Computer>DESKTOP-A8CALR3</Computer>\n    <Security UserID=\"S-1-5-18\">\n    </Security>\n  </System>\n  <EventData>\n    <Data Name=\"Prop_ContainerId\">{0F4C4390-2DE3-5E5B-9A1E-D5A263857F91}</Data>\n  </EventData>\n</Event>\n",
  "json": "{\"Event\":{\"#attributes\":{\"xmlns\":\"http://schemas.microsoft.com/win/2004/08/events/event\"},\"System\":{\"Provider\":{\"#attributes\":{\"Name\":\"Microsoft-Windows-DeviceSetupManager\",\"Guid\":\"FCBB06BB-6A2A-46E3-ABAA-246CB4E508B2\"}},\"EventID\":301,\"Version\":0,\"Level\":4,\"Task\":0,\"Opcode\":11,\"Keywords\":\"0x8000000000000000\",\"TimeCreated\":{\"#attributes\":{\"SystemTime\":\"2022-02-07T11:27:38.442039Z\"}},\"EventRecordID\":7,\"Correlation\":null,\"Execution\":{\"#attributes\":{\"ProcessID\":1000,\"ThreadID\":3760}},\"Channel\":\"Microsoft-Windows-DeviceSetupManager/Operational\",\"Computer\":\"DESKTOP-A8CALR3\",\"Security\":{\"#attributes\":{\"UserID\":\"S-1-5-18\"}}},\"EventData\":{\"Prop_ContainerId\":\"{0F4C4390-2DE3-5E5B-9A1E-D5A263857F91}\"}}}",
  "xml_fields": {
    "provider": "Microsoft-Windows-DeviceSetupManager",
    "event_id": "301",
    "timestamp": "2022-02-07T11:27:38.442039Z",
    "event_record_id": "7",
    "level": "4",
    "task": "0",
    "opcode": "11",
    "keywords": "0x8000000000000000",
    "channel": "Microsoft-Windows-DeviceSetupManager/Operational",
    "computer": "DESKTOP-A8CALR3",
    "Prop_ContainerId": "{0F4C4390-2DE3-5E5B-9A1E-D5A263857F91}"
  },
  "json_fields": {
    "provider": "Microsoft-Windows-DeviceSetupManager",
    "channel": "Microsoft-Windows-DeviceSetupManager/Operational",
    "event_id": "301",
    "timestamp": "2022-02-07T11:27:38.442039Z",
    "event_record_id": "7",
    "level": "4",
    "task": "0",
    "opcode": "11",
    "keywords": "0x8000000000000000",
    "computer": "DESKTOP-A8CALR3",
    "Prop_ContainerId": "{0F4C4390-2DE3-5E5B-9A1E-D5A263857F91}"
  }
}