{
  "event_id": "3021",
  "provider": "Microsoft-Windows-CloudStore",
  "channel": "Microsoft-Windows-CloudStore/Operational",
  "source_file": "D:\\visual code file\\Project_4\\Event-Analyzer\\test\\Logs\\Microsoft-Windows-CloudStore%4Operational.evtx",
  "event_record_id": 7,
  "xml": "<?xml version=\"1.0\" encoding=\"utf-8\"?>\n<Event xmlns=\"http://schemas.microsoft.com/win/2004/08/events/event\">\n  <System>\n    <Provider Name=\"Microsoft-Windows-CloudStore\" Guid=\"741BB90C-A7A3-49D6-BD82-1E6B858403F7\">\n    </Provider>\n    <EventID>3021</EventID>\n    <Version>0</Version>\n    <Level>4</Level>\n    <Task>0</Task>\n    <Opcode>0</Opcode>\n    <Keywords>0x8000000000000000</Keywords>\n    <TimeCreated SystemTime=\"2024-11-04T12:35:00.182395Z\">\n    </TimeCreated>\n    <EventRecordID>7</EventRecordID>\n    <Correlation>\n    </Correlation>\n    <Execution ProcessID=\"4484\" ThreadID=\"4608\">\n    </Execution>\n    <Channel>Microsoft-Windows-CloudStore/Operational</Channel>\n    <Computer>DESKTOP-P9H5FTA</Computer>\n    <Security UserID=\"S-1-5-21-3088055692-629932344-1786574096-1000\">\n    </Security>\n  </System>\n  <EventData>\n  </EventData>\n</Event>\n",
  "json": "{\"Event\":{\"#attributes\":{\"xmlns\":\"http://schemas.microsoft.com/win/2004/08/events/event\"},\"System\":{\"Provider\":{\"#attributes\":{\"Name\":\"Microsoft-Windows-CloudStore\",\"Guid\":\"741BB90C-A7A3-49D6-BD82-1E6B858403F7\"}},\"EventID\":3021,\"Version\":0,\"Level\":4,\"Task\":0,\"Opcode\":0,\"Keywords\":\"0x8000000000000000\",\"TimeCreated\":{\"#attributes\":{\"SystemTime\":\"2024-11-04T12:35:00.182395Z\"}},\"EventRecordID\":7,\"Correlation\":null,\"Execution\":{\"#attributes\":{\"ProcessID\":4484,\"ThreadID\":4608}},\"Channel\":\"Microsoft-Windows-CloudStore/Operational\",\"Computer\":\"DESKTOP-P9H5FTA\",\"Security\":{\"#attributes\":{\"UserID\":\"S-1-5-21-3088055692-629932344-1786574096-1000\"}}},\"EventData\":null}}",
  "xml_fields": {
    "provider": "Microsoft-Windows-CloudStore",
    "event_id": "3021",
    "timestamp": "2024-11-04T12:35:00.182395Z",
    "event_record_id": "7",
    "level": "4",
    "task": "0",
    "opcode": "0",
    "keywords": "0x8000000000000000",
    "channel": "Microsoft-Windows-CloudStore/Operational",
    "computer": "DESKTOP-P9H5FTA"
  },
  "json_fields": {
    "provider": "Microsoft-Windows-CloudStore",
    "channel": "Microsoft-Windows-CloudStore/Operational",
    "event_id": "3021",
    "timestamp": "2024-11-04T12:35:00.182395Z",
    "event_record_id": "7",
    "level": "4",
    "task": "0",
    "opcode": "0",
    "keywords": "0x8000000000000000",
    "computer": "DESKTOP-P9H5FTA"
  }
}