{
  "event_id": "3033",
  "provider": "Microsoft-Windows-CodeIntegrity",
  "channel": "Microsoft-Windows-CodeIntegrity/Operational",
  "source_file": "D:\\visual code file\\Project_4\\Event-Analyzer\\test\\Benign\\Logs_Client\\Microsoft-Windows-CodeIntegrity%4Operational.evtx",
  "event_record_id": 7,
  "xml": "<?xml version=\"1.0\" encoding=\"utf-8\"?>\n<Event xmlns=\"http://schemas.microsoft.com/win/2004/08/events/event\">\n  <System>\n    <Provider Name=\"Microsoft-Windows-CodeIntegrity\" Guid=\"4EE76BD8-3CF4-44A0-A0AC-3937643E37A3\">\n    </Provider>\n    <EventID>3033</EventID>\n    <Version>0</Version>\n    <Level>2</Level>\n    <Task>1</Task>\n    <Opcode>111</Opcode>\n    <Keywords>0x8000000000000000</Keywords>\n    <TimeCreated SystemTime=\"2022-02-08T11:54:37.756484Z\">\n    </TimeCreated>\n    <EventRecordID>7</EventRecordID>\n    <Correlation ActivityID=\"6872164D-1CC2-0000-C756-7268C21CD801\">\n    </Correlation>\n    <Execution ProcessID=\"2288\" ThreadID=\"2788\">\n    </Execution>\n    <Channel>Microsoft-Windows-CodeIntegrity/Operational</Channel>\n    <Computer>DESKTOP-A8CALR3</Computer>\n    <Security UserID=\"S-1-5-18\">\n    </Security>\n  </System>\n  <EventData>\n    <Data Name=\"FileNameLength\">57</Data>\n    <Data Name=\"FileNameBuffer\">\\Device\\HarddiskVolume2\\Program Files\\Bonjour\\mdnsNSP.dll</Data>\n    <Data Name=\"ProcessNameLength\">52</Data>\n    <Data Name=\"ProcessNameBuffer\">\\Device\\HarddiskVolume2\\Windows\\System32\\svchost.exe</Data>\n    <Data Name=\"RequestedPolicy\">8</Data>\n    <Data Name=\"ValidatedPolicy\">1</Data>\n    <Data Name=\"Status\">3221226536</Data>\n  </EventData>\n</Event>\n",
  "json": "{\"Event\":{\"#attributes\":{\"xmlns\":\"http://schemas.microsoft.com/win/2004/08/events/event\"},\"System\":{\"Provider\":{\"#attributes\":{\"Name\":\"Microsoft-Windows-CodeIntegrity\",\"Guid\":\"4EE76BD8-3CF4-44A0-A0AC-3937643E37A3\"}},\"EventID\":3033,\"Version\":0,\"Level\":2,\"Task\":1,\"Opcode\":111,\"Keywords\":\"0x8000000000000000\",\"TimeCreated\":{\"#attributes\":{\"SystemTime\":\"2022-02-08T11:54:37.756484Z\"}},\"EventRecordID\":7,\"Correlation\":{\"#attributes\":{\"ActivityID\":\"6872164D-1CC2-0000-C756-7268C21CD801\"}},\"Execution\":{\"#attributes\":{\"ProcessID\":2288,\"ThreadID\":2788}},\"Channel\":\"Microsoft-Windows-CodeIntegrity/Operational\",\"Computer\":\"DESKTOP-A8CALR3\",\"Security\":{\"#attributes\":{\"UserID\":\"S-1-5-18\"}}},\"EventData\":{\"FileNameLength\":57,\"FileNameBuffer\":\"\\\\Device\\\\HarddiskVolume2\\\\Program Files\\\\Bonjour\\\\mdnsNSP.dll\",\"ProcessNameLength\":52,\"ProcessNameBuffer\":\"\\\\Device\\\\HarddiskVolume2\\\\Windows\\\\System32\\\\svchost.exe\",\"RequestedPolicy\":8,\"ValidatedPolicy\":1,\"Status\":3221226536}}}",
  "xml_fields": {
    "provider": "Microsoft-Windows-CodeIntegrity",
    "event_id": "3033",
    "timestamp": "2022-02-08T11:54:37.756484Z",
    "event_record_id": "7",
    "level": "2",
    "task": "1",
    "opcode": "111",
    "keywords": "0x8000000000000000",
    "channel": "Microsoft-Windows-CodeIntegrity/Operational",
    "computer": "DESKTOP-A8CALR3",
    "FileNameLength": "57",
    "FileNameBuffer": "\\Device\\HarddiskVolume2\\Program Files\\Bonjour\\mdnsNSP.dll",
    "ProcessNameLength": "52",
    "ProcessNameBuffer": "\\Device\\HarddiskVolume2\\Windows\\System32\\svchost.exe",
    "RequestedPolicy": "8",
    "ValidatedPolicy": "1",
    "Status": "3221226536"
  },
  "json_fields": {
    "provider": "Microsoft-Windows-CodeIntegrity",
    "channel": "Microsoft-Windows-CodeIntegrity/Operational",
    "event_id": "3033",
    "timestamp": "2022-02-08T11:54:37.756484Z",
    "event_record_id": "7",
    "level": "2",
    "task": "1",
    "opcode": "111",
    "keywords": "0x8000000000000000",
    "computer": "DESKTOP-A8CALR3",
    "FileNameLength": "57",
    "FileNameBuffer": "\\Device\\HarddiskVolume2\\Program Files\\Bonjour\\mdnsNSP.dll",
    "ProcessNameLength": "52",
    "ProcessNameBuffer": "\\Device\\HarddiskVolume2\\Windows\\System32\\svchost.exe",
    "RequestedPolicy": "8",
    "ValidatedPolicy": "1",
    "Status": "3221226536"
  }
}