{
  "event_id": "3036",
  "provider": "Microsoft-Windows-Search",
  "channel": "Application",
  "source_file": "D:\\visual code file\\Project_4\\Event-Analyzer\\test\\Benign\\win7-x86\\Application.evtx",
  "event_record_id": 491,
  "xml": "<?xml version=\"1.0\" encoding=\"utf-8\"?>\n<Event xmlns=\"http://schemas.microsoft.com/win/2004/08/events/event\">\n  <System>\n    <Provider Name=\"Microsoft-Windows-Search\" Guid=\"{CA4E628D-8567-4896-AB6B-835B221F373F}\" EventSourceName=\"Windows Search Service\">\n    </Provider>\n    <EventID Qualifiers=\"32768\">3036</EventID>\n    <Version>0</Version>\n    <Level>3</Level>\n    <Task>3</Task>\n    <Opcode>0</Opcode>\n    <Keywords>0x80000000000000</Keywords>\n    <TimeCreated SystemTime=\"2022-04-04T11:48:44.000000Z\">\n    </TimeCreated>\n    <EventRecordID>491</EventRecordID>\n    <Correlation>\n    </Correlation>\n    <Execution ProcessID=\"0\" ThreadID=\"0\">\n    </Execution>\n    <Channel>Application</Channel>\n    <Computer>evtx-PC</Computer>\n    <Security>\n    </Security>\n  </System>\n  <EventData>\n    <Data Name=\"ExtraInfo\">\n\nContext:  Application, SystemIndex Catalog\n\nDetails:\n\tThe URL was already processed during this update. If you received this message while processing alerts, then the alerts are redundant, or else Modify should be used instead of Add.  (HRESULT : 0x80040d0d) (0x80040d0d)\n</Data>\n    <Data Name=\"URL\">csc://{S-1-5-21-712794737-353456615-3249761964-1001}/</Data>\n  </EventData>\n</Event>\n",
  "json": "{\"Event\":{\"#attributes\":{\"xmlns\":\"http://schemas.microsoft.com/win/2004/08/events/event\"},\"System\":{\"Provider\":{\"#attributes\":{\"Name\":\"Microsoft-Windows-Search\",\"Guid\":\"{CA4E628D-8567-4896-AB6B-835B221F373F}\",\"EventSourceName\":\"Windows Search Service\"}},\"EventID\":{\"#attributes\":{\"Qualifiers\":32768},\"#text\":3036},\"Version\":0,\"Level\":3,\"Task\":3,\"Opcode\":0,\"Keywords\":\"0x80000000000000\",\"TimeCreated\":{\"#attributes\":{\"SystemTime\":\"2022-04-04T11:48:44.000000Z\"}},\"EventRecordID\":491,\"Correlation\":null,\"Execution\":{\"#attributes\":{\"ProcessID\":0,\"ThreadID\":0}},\"Channel\":\"Application\",\"Computer\":\"evtx-PC\",\"Security\":null},\"EventData\":{\"ExtraInfo\":\"\\n\\nContext:  Application, SystemIndex Catalog\\n\\nDetails:\\n\\tThe URL was already processed during this update. If you received this message while processing alerts, then the alerts are redundant, or else Modify should be used instead of Add.  (HRESULT : 0x80040d0d) (0x80040d0d)\\n\",\"URL\":\"csc://{S-1-5-21-712794737-353456615-3249761964-1001}/\"}}}",
  "xml_fields": {
    "provider": "Microsoft-Windows-Search",
    "event_id": "3036",
    "timestamp": "2022-04-04T11:48:44.000000Z",
    "event_record_id": "491",
    "level": "3",
    "task": "3",
    "opcode": "0",
    "keywords": "0x80000000000000",
    "channel": "Application",
    "computer": "evtx-PC",
    "ExtraInfo": "\n\nContext:  Application, SystemIndex Catalog\n\nDetails:\n\tThe URL was already processed during this update. If you received this message while processing alerts, then the alerts are redundant, or else Modify should be used instead of Add.  (HRESULT : 0x80040d0d) (0x80040d0d)\n",
    "URL": "csc://{S-1-5-21-712794737-353456615-3249761964-1001}/"
  },
  "json_fields": {
    "provider": "Microsoft-Windows-Search",
    "channel": "Application",
    "event_id": "3036",
    "timestamp": "2022-04-04T11:48:44.000000Z",
    "event_record_id": "491",
    "level": "3",
    "task": "3",
    "opcode": "0",
    "keywords": "0x80000000000000",
    "computer": "evtx-PC",
    "ExtraInfo": "\n\nContext:  Application, SystemIndex Catalog\n\nDetails:\n\tThe URL was already processed during this update. If you received this message while processing alerts, then the alerts are redundant, or else Modify should be used instead of Add.  (HRESULT : 0x80040d0d) (0x80040d0d)\n",
    "URL": "csc://{S-1-5-21-712794737-353456615-3249761964-1001}/"
  }
}