{
  "event_id": "304",
  "provider": "Microsoft-Windows-User Device Registration",
  "channel": "Microsoft-Windows-User Device Registration/Admin",
  "source_file": "D:\\visual code file\\Project_4\\Event-Analyzer\\test\\Benign\\Win2022-AD\\Microsoft-Windows-User Device Registration%4Admin.evtx",
  "event_record_id": 11,
  "xml": "<?xml version=\"1.0\" encoding=\"utf-8\"?>\n<Event xmlns=\"http://schemas.microsoft.com/win/2004/08/events/event\">\n  <System>\n    <Provider Name=\"Microsoft-Windows-User Device Registration\" Guid=\"23B8D46B-67DD-40A3-B636-D43E50552C6D\">\n    </Provider>\n    <EventID>304</EventID>\n    <Version>0</Version>\n    <Level>2</Level>\n    <Task>0</Task>\n    <Opcode>0</Opcode>\n    <Keywords>0x8000000000000000</Keywords>\n    <TimeCreated SystemTime=\"2022-04-07T08:19:34.607109Z\">\n    </TimeCreated>\n    <EventRecordID>11</EventRecordID>\n    <Correlation>\n    </Correlation>\n    <Execution ProcessID=\"7140\" ThreadID=\"7148\">\n    </Execution>\n    <Channel>Microsoft-Windows-User Device Registration/Admin</Channel>\n    <Computer>WIN-FPV0DSIC9O6.sigma.fr</Computer>\n    <Security UserID=\"S-1-5-18\">\n    </Security>\n  </System>\n  <EventData>\n    <Data Name=\"ExitCode\">-2145648611</Data>\n    <Data Name=\"ServerErrorMessage\"></Data>\n    <Data Name=\"TenantType\">undefined</Data>\n    <Data Name=\"JoinType\">undefined</Data>\n    <Data Name=\"DebugOutput\">joinMode: Join\ndrsInstance: undefined\nregistrationType: undefined\ntenantType: undefined\ntenantId: undefined\nconfigLocation: undefined\nerrorPhase: discover\nadalCorrelationId: 8abd9337-0074-4e7a-9179-22284cb82385\nadalLog:\nundefined\nadalResponseCode: 0x0\n</Data>\n  </EventData>\n</Event>\n",
  "json": "{\"Event\":{\"#attributes\":{\"xmlns\":\"http://schemas.microsoft.com/win/2004/08/events/event\"},\"System\":{\"Provider\":{\"#attributes\":{\"Name\":\"Microsoft-Windows-User Device Registration\",\"Guid\":\"23B8D46B-67DD-40A3-B636-D43E50552C6D\"}},\"EventID\":304,\"Version\":0,\"Level\":2,\"Task\":0,\"Opcode\":0,\"Keywords\":\"0x8000000000000000\",\"TimeCreated\":{\"#attributes\":{\"SystemTime\":\"2022-04-07T08:19:34.607109Z\"}},\"EventRecordID\":11,\"Correlation\":null,\"Execution\":{\"#attributes\":{\"ProcessID\":7140,\"ThreadID\":7148}},\"Channel\":\"Microsoft-Windows-User Device Registration/Admin\",\"Computer\":\"WIN-FPV0DSIC9O6.sigma.fr\",\"Security\":{\"#attributes\":{\"UserID\":\"S-1-5-18\"}}},\"EventData\":{\"ExitCode\":-2145648611,\"ServerErrorMessage\":\"\",\"TenantType\":\"undefined\",\"JoinType\":\"undefined\",\"DebugOutput\":\"joinMode: Join\\ndrsInstance: undefined\\nregistrationType: undefined\\ntenantType: undefined\\ntenantId: undefined\\nconfigLocation: undefined\\nerrorPhase: discover\\nadalCorrelationId: 8abd9337-0074-4e7a-9179-22284cb82385\\nadalLog:\\nundefined\\nadalResponseCode: 0x0\\n\"}}}",
  "xml_fields": {
    "provider": "Microsoft-Windows-User Device Registration",
    "event_id": "304",
    "timestamp": "2022-04-07T08:19:34.607109Z",
    "event_record_id": "11",
    "level": "2",
    "task": "0",
    "opcode": "0",
    "keywords": "0x8000000000000000",
    "channel": "Microsoft-Windows-User Device Registration/Admin",
    "computer": "WIN-FPV0DSIC9O6.sigma.fr",
    "ExitCode": "-2145648611",
    "ServerErrorMessage": "",
    "TenantType": "undefined",
    "JoinType": "undefined",
    "DebugOutput": "joinMode: Join\ndrsInstance: undefined\nregistrationType: undefined\ntenantType: undefined\ntenantId: undefined\nconfigLocation: undefined\nerrorPhase: discover\nadalCorrelationId: 8abd9337-0074-4e7a-9179-22284cb82385\nadalLog:\nundefined\nadalResponseCode: 0x0\n"
  },
  "json_fields": {
    "provider": "Microsoft-Windows-User Device Registration",
    "channel": "Microsoft-Windows-User Device Registration/Admin",
    "event_id": "304",
    "timestamp": "2022-04-07T08:19:34.607109Z",
    "event_record_id": "11",
    "level": "2",
    "task": "0",
    "opcode": "0",
    "keywords": "0x8000000000000000",
    "computer": "WIN-FPV0DSIC9O6.sigma.fr",
    "ExitCode": "-2145648611",
    "ServerErrorMessage": "",
    "TenantType": "undefined",
    "JoinType": "undefined",
    "DebugOutput": "joinMode: Join\ndrsInstance: undefined\nregistrationType: undefined\ntenantType: undefined\ntenantId: undefined\nconfigLocation: undefined\nerrorPhase: discover\nadalCorrelationId: 8abd9337-0074-4e7a-9179-22284cb82385\nadalLog:\nundefined\nadalResponseCode: 0x0\n"
  }
}