{
  "event_id": "3053",
  "provider": "Microsoft-Windows-PushNotifications-Platform",
  "channel": "Microsoft-Windows-PushNotification-Platform/Operational",
  "source_file": "D:\\visual code file\\Project_4\\Event-Analyzer\\test\\Logs\\Microsoft-Windows-PushNotification-Platform%4Operational.evtx",
  "event_record_id": 303,
  "xml": "<?xml version=\"1.0\" encoding=\"utf-8\"?>\n<Event xmlns=\"http://schemas.microsoft.com/win/2004/08/events/event\">\n  <System>\n    <Provider Name=\"Microsoft-Windows-PushNotifications-Platform\" Guid=\"88CD9180-4491-4640-B571-E3BEE2527943\">\n    </Provider>\n    <EventID>3053</EventID>\n    <Version>0</Version>\n    <Level>4</Level>\n    <Task>10</Task>\n    <Opcode>1</Opcode>\n    <Keywords>0x80000000a1878800</Keywords>\n    <TimeCreated SystemTime=\"2024-11-04T12:49:03.744591Z\">\n    </TimeCreated>\n    <EventRecordID>303</EventRecordID>\n    <Correlation>\n    </Correlation>\n    <Execution ProcessID=\"4968\" ThreadID=\"1488\">\n    </Execution>\n    <Channel>Microsoft-Windows-PushNotification-Platform/Operational</Channel>\n    <Computer>DESKTOP-P9H5FTA</Computer>\n    <Security UserID=\"S-1-5-21-3088055692-629932344-1786574096-1001\">\n    </Security>\n  </System>\n  <EventData>\n    <Data Name=\"NotificationType\">tile</Data>\n    <Data Name=\"TrackingId\">2</Data>\n    <Data Name=\"AppUserModelId\">microsoft.windowscommunicationsapps_8wekyb3d8bbwe!microsoft.windowslive.mail</Data>\n    <Data Name=\"SessionId\">2</Data>\n    <Data Name=\"MessageId\">5471DB1A-DF47-4B7C-B5C6-AEC1D3119B07</Data>\n  </EventData>\n</Event>\n",
  "json": "{\"Event\":{\"#attributes\":{\"xmlns\":\"http://schemas.microsoft.com/win/2004/08/events/event\"},\"System\":{\"Provider\":{\"#attributes\":{\"Name\":\"Microsoft-Windows-PushNotifications-Platform\",\"Guid\":\"88CD9180-4491-4640-B571-E3BEE2527943\"}},\"EventID\":3053,\"Version\":0,\"Level\":4,\"Task\":10,\"Opcode\":1,\"Keywords\":\"0x80000000a1878800\",\"TimeCreated\":{\"#attributes\":{\"SystemTime\":\"2024-11-04T12:49:03.744591Z\"}},\"EventRecordID\":303,\"Correlation\":null,\"Execution\":{\"#attributes\":{\"ProcessID\":4968,\"ThreadID\":1488}},\"Channel\":\"Microsoft-Windows-PushNotification-Platform/Operational\",\"Computer\":\"DESKTOP-P9H5FTA\",\"Security\":{\"#attributes\":{\"UserID\":\"S-1-5-21-3088055692-629932344-1786574096-1001\"}}},\"EventData\":{\"NotificationType\":\"tile\",\"TrackingId\":2,\"AppUserModelId\":\"microsoft.windowscommunicationsapps_8wekyb3d8bbwe!microsoft.windowslive.mail\",\"SessionId\":2,\"MessageId\":\"5471DB1A-DF47-4B7C-B5C6-AEC1D3119B07\"}}}",
  "xml_fields": {
    "provider": "Microsoft-Windows-PushNotifications-Platform",
    "event_id": "3053",
    "timestamp": "2024-11-04T12:49:03.744591Z",
    "event_record_id": "303",
    "level": "4",
    "task": "10",
    "opcode": "1",
    "keywords": "0x80000000a1878800",
    "channel": "Microsoft-Windows-PushNotification-Platform/Operational",
    "computer": "DESKTOP-P9H5FTA",
    "NotificationType": "tile",
    "TrackingId": "2",
    "AppUserModelId": "microsoft.windowscommunicationsapps_8wekyb3d8bbwe!microsoft.windowslive.mail",
    "SessionId": "2",
    "MessageId": "5471DB1A-DF47-4B7C-B5C6-AEC1D3119B07"
  },
  "json_fields": {
    "provider": "Microsoft-Windows-PushNotifications-Platform",
    "channel": "Microsoft-Windows-PushNotification-Platform/Operational",
    "event_id": "3053",
    "timestamp": "2024-11-04T12:49:03.744591Z",
    "event_record_id": "303",
    "level": "4",
    "task": "10",
    "opcode": "1",
    "keywords": "0x80000000a1878800",
    "computer": "DESKTOP-P9H5FTA",
    "NotificationType": "tile",
    "TrackingId": "2",
    "AppUserModelId": "microsoft.windowscommunicationsapps_8wekyb3d8bbwe!microsoft.windowslive.mail",
    "SessionId": "2",
    "MessageId": "5471DB1A-DF47-4B7C-B5C6-AEC1D3119B07"
  }
}