{
  "event_id": "3054",
  "provider": "Microsoft-Windows-HelloForBusiness",
  "channel": "Microsoft-Windows-HelloForBusiness/Operational",
  "source_file": "D:\\visual code file\\Project_4\\Event-Analyzer\\test\\Logs\\Microsoft-Windows-HelloForBusiness%4Operational.evtx",
  "event_record_id": 1,
  "xml": "<?xml version=\"1.0\" encoding=\"utf-8\"?>\n<Event xmlns=\"http://schemas.microsoft.com/win/2004/08/events/event\">\n  <System>\n    <Provider Name=\"Microsoft-Windows-HelloForBusiness\" Guid=\"906B8A99-63CE-58D7-86AB-10989BBD5567\">\n    </Provider>\n    <EventID>3054</EventID>\n    <Version>0</Version>\n    <Level>4</Level>\n    <Task>12</Task>\n    <Opcode>10</Opcode>\n    <Keywords>0x8000000000000001</Keywords>\n    <TimeCreated SystemTime=\"2024-11-04T12:47:41.574855Z\">\n    </TimeCreated>\n    <EventRecordID>1</EventRecordID>\n    <Correlation>\n    </Correlation>\n    <Execution ProcessID=\"5080\" ThreadID=\"5452\">\n    </Execution>\n    <Channel>Microsoft-Windows-HelloForBusiness/Operational</Channel>\n    <Computer>DESKTOP-P9H5FTA</Computer>\n    <Security UserID=\"S-1-5-21-3088055692-629932344-1786574096-1001\">\n    </Security>\n  </System>\n  <EventData>\n  </EventData>\n</Event>\n",
  "json": "{\"Event\":{\"#attributes\":{\"xmlns\":\"http://schemas.microsoft.com/win/2004/08/events/event\"},\"System\":{\"Provider\":{\"#attributes\":{\"Name\":\"Microsoft-Windows-HelloForBusiness\",\"Guid\":\"906B8A99-63CE-58D7-86AB-10989BBD5567\"}},\"EventID\":3054,\"Version\":0,\"Level\":4,\"Task\":12,\"Opcode\":10,\"Keywords\":\"0x8000000000000001\",\"TimeCreated\":{\"#attributes\":{\"SystemTime\":\"2024-11-04T12:47:41.574855Z\"}},\"EventRecordID\":1,\"Correlation\":null,\"Execution\":{\"#attributes\":{\"ProcessID\":5080,\"ThreadID\":5452}},\"Channel\":\"Microsoft-Windows-HelloForBusiness/Operational\",\"Computer\":\"DESKTOP-P9H5FTA\",\"Security\":{\"#attributes\":{\"UserID\":\"S-1-5-21-3088055692-629932344-1786574096-1001\"}}},\"EventData\":null}}",
  "xml_fields": {
    "provider": "Microsoft-Windows-HelloForBusiness",
    "event_id": "3054",
    "timestamp": "2024-11-04T12:47:41.574855Z",
    "event_record_id": "1",
    "level": "4",
    "task": "12",
    "opcode": "10",
    "keywords": "0x8000000000000001",
    "channel": "Microsoft-Windows-HelloForBusiness/Operational",
    "computer": "DESKTOP-P9H5FTA"
  },
  "json_fields": {
    "provider": "Microsoft-Windows-HelloForBusiness",
    "channel": "Microsoft-Windows-HelloForBusiness/Operational",
    "event_id": "3054",
    "timestamp": "2024-11-04T12:47:41.574855Z",
    "event_record_id": "1",
    "level": "4",
    "task": "12",
    "opcode": "10",
    "keywords": "0x8000000000000001",
    "computer": "DESKTOP-P9H5FTA"
  }
}