{
  "event_id": "3054",
  "provider": "Microsoft-Windows-PushNotifications-Platform",
  "channel": "Microsoft-Windows-PushNotification-Platform/Operational",
  "source_file": "D:\\visual code file\\Project_4\\Event-Analyzer\\test\\Benign\\Logs_Client\\Microsoft-Windows-PushNotification-Platform%4Operational.evtx",
  "event_record_id": 1114,
  "xml": "<?xml version=\"1.0\" encoding=\"utf-8\"?>\n<Event xmlns=\"http://schemas.microsoft.com/win/2004/08/events/event\">\n  <System>\n    <Provider Name=\"Microsoft-Windows-PushNotifications-Platform\" Guid=\"88CD9180-4491-4640-B571-E3BEE2527943\">\n    </Provider>\n    <EventID>3054</EventID>\n    <Version>0</Version>\n    <Level>4</Level>\n    <Task>0</Task>\n    <Opcode>0</Opcode>\n    <Keywords>0x80000000a1878800</Keywords>\n    <TimeCreated SystemTime=\"2022-02-08T12:09:37.546395Z\">\n    </TimeCreated>\n    <EventRecordID>1114</EventRecordID>\n    <Correlation>\n    </Correlation>\n    <Execution ProcessID=\"1484\" ThreadID=\"3488\">\n    </Execution>\n    <Channel>Microsoft-Windows-PushNotification-Platform/Operational</Channel>\n    <Computer>DESKTOP-A8CALR3</Computer>\n    <Security UserID=\"S-1-5-21-1402826787-2759305201-2932496751-1001\">\n    </Security>\n  </System>\n  <EventData>\n    <Data Name=\"TrackingId\">33</Data>\n    <Data Name=\"AppUserModelId\">Microsoft.Explorer.Notification.{7CB105BC-92A8-31C3-D89E-45B3703D5E84}</Data>\n    <Data Name=\"SessionId\">1</Data>\n  </EventData>\n</Event>\n",
  "json": "{\"Event\":{\"#attributes\":{\"xmlns\":\"http://schemas.microsoft.com/win/2004/08/events/event\"},\"System\":{\"Provider\":{\"#attributes\":{\"Name\":\"Microsoft-Windows-PushNotifications-Platform\",\"Guid\":\"88CD9180-4491-4640-B571-E3BEE2527943\"}},\"EventID\":3054,\"Version\":0,\"Level\":4,\"Task\":0,\"Opcode\":0,\"Keywords\":\"0x80000000a1878800\",\"TimeCreated\":{\"#attributes\":{\"SystemTime\":\"2022-02-08T12:09:37.546395Z\"}},\"EventRecordID\":1114,\"Correlation\":null,\"Execution\":{\"#attributes\":{\"ProcessID\":1484,\"ThreadID\":3488}},\"Channel\":\"Microsoft-Windows-PushNotification-Platform/Operational\",\"Computer\":\"DESKTOP-A8CALR3\",\"Security\":{\"#attributes\":{\"UserID\":\"S-1-5-21-1402826787-2759305201-2932496751-1001\"}}},\"EventData\":{\"TrackingId\":33,\"AppUserModelId\":\"Microsoft.Explorer.Notification.{7CB105BC-92A8-31C3-D89E-45B3703D5E84}\",\"SessionId\":1}}}",
  "xml_fields": {
    "provider": "Microsoft-Windows-PushNotifications-Platform",
    "event_id": "3054",
    "timestamp": "2022-02-08T12:09:37.546395Z",
    "event_record_id": "1114",
    "level": "4",
    "task": "0",
    "opcode": "0",
    "keywords": "0x80000000a1878800",
    "channel": "Microsoft-Windows-PushNotification-Platform/Operational",
    "computer": "DESKTOP-A8CALR3",
    "TrackingId": "33",
    "AppUserModelId": "Microsoft.Explorer.Notification.{7CB105BC-92A8-31C3-D89E-45B3703D5E84}",
    "SessionId": "1"
  },
  "json_fields": {
    "provider": "Microsoft-Windows-PushNotifications-Platform",
    "channel": "Microsoft-Windows-PushNotification-Platform/Operational",
    "event_id": "3054",
    "timestamp": "2022-02-08T12:09:37.546395Z",
    "event_record_id": "1114",
    "level": "4",
    "task": "0",
    "opcode": "0",
    "keywords": "0x80000000a1878800",
    "computer": "DESKTOP-A8CALR3",
    "TrackingId": "33",
    "AppUserModelId": "Microsoft.Explorer.Notification.{7CB105BC-92A8-31C3-D89E-45B3703D5E84}",
    "SessionId": "1"
  }
}