{
  "event_id": "3055",
  "provider": "Microsoft-Windows-PushNotifications-Platform",
  "channel": "Microsoft-Windows-PushNotification-Platform/Operational",
  "source_file": "D:\\visual code file\\Project_4\\Event-Analyzer\\test\\Logs\\Microsoft-Windows-PushNotification-Platform%4Operational.evtx",
  "event_record_id": 127,
  "xml": "<?xml version=\"1.0\" encoding=\"utf-8\"?>\n<Event xmlns=\"http://schemas.microsoft.com/win/2004/08/events/event\">\n  <System>\n    <Provider Name=\"Microsoft-Windows-PushNotifications-Platform\" Guid=\"88CD9180-4491-4640-B571-E3BEE2527943\">\n    </Provider>\n    <EventID>3055</EventID>\n    <Version>0</Version>\n    <Level>4</Level>\n    <Task>23</Task>\n    <Opcode>0</Opcode>\n    <Keywords>0x80000000a1878800</Keywords>\n    <TimeCreated SystemTime=\"2024-11-04T12:41:30.019146Z\">\n    </TimeCreated>\n    <EventRecordID>127</EventRecordID>\n    <Correlation>\n    </Correlation>\n    <Execution ProcessID=\"3476\" ThreadID=\"3548\">\n    </Execution>\n    <Channel>Microsoft-Windows-PushNotification-Platform/Operational</Channel>\n    <Computer>DESKTOP-P9H5FTA</Computer>\n    <Security UserID=\"S-1-5-21-3088055692-629932344-1786574096-1000\">\n    </Security>\n  </System>\n  <EventData>\n    <Data Name=\"SessionId\">1</Data>\n  </EventData>\n</Event>\n",
  "json": "{\"Event\":{\"#attributes\":{\"xmlns\":\"http://schemas.microsoft.com/win/2004/08/events/event\"},\"System\":{\"Provider\":{\"#attributes\":{\"Name\":\"Microsoft-Windows-PushNotifications-Platform\",\"Guid\":\"88CD9180-4491-4640-B571-E3BEE2527943\"}},\"EventID\":3055,\"Version\":0,\"Level\":4,\"Task\":23,\"Opcode\":0,\"Keywords\":\"0x80000000a1878800\",\"TimeCreated\":{\"#attributes\":{\"SystemTime\":\"2024-11-04T12:41:30.019146Z\"}},\"EventRecordID\":127,\"Correlation\":null,\"Execution\":{\"#attributes\":{\"ProcessID\":3476,\"ThreadID\":3548}},\"Channel\":\"Microsoft-Windows-PushNotification-Platform/Operational\",\"Computer\":\"DESKTOP-P9H5FTA\",\"Security\":{\"#attributes\":{\"UserID\":\"S-1-5-21-3088055692-629932344-1786574096-1000\"}}},\"EventData\":{\"SessionId\":1}}}",
  "xml_fields": {
    "provider": "Microsoft-Windows-PushNotifications-Platform",
    "event_id": "3055",
    "timestamp": "2024-11-04T12:41:30.019146Z",
    "event_record_id": "127",
    "level": "4",
    "task": "23",
    "opcode": "0",
    "keywords": "0x80000000a1878800",
    "channel": "Microsoft-Windows-PushNotification-Platform/Operational",
    "computer": "DESKTOP-P9H5FTA",
    "SessionId": "1"
  },
  "json_fields": {
    "provider": "Microsoft-Windows-PushNotifications-Platform",
    "channel": "Microsoft-Windows-PushNotification-Platform/Operational",
    "event_id": "3055",
    "timestamp": "2024-11-04T12:41:30.019146Z",
    "event_record_id": "127",
    "level": "4",
    "task": "23",
    "opcode": "0",
    "keywords": "0x80000000a1878800",
    "computer": "DESKTOP-P9H5FTA",
    "SessionId": "1"
  }
}