{
  "event_id": "306",
  "provider": "Microsoft-Windows-AppXDeployment-Server",
  "channel": "Microsoft-Windows-AppXDeploymentServer/Operational",
  "source_file": "D:\\visual code file\\Project_4\\Event-Analyzer\\test\\Benign\\Logs_Win11_2023\\Microsoft-Windows-AppXDeploymentServer%4Operational.evtx",
  "event_record_id": 5799,
  "xml": "<?xml version=\"1.0\" encoding=\"utf-8\"?>\n<Event xmlns=\"http://schemas.microsoft.com/win/2004/08/events/event\">\n  <System>\n    <Provider Name=\"Microsoft-Windows-AppXDeployment-Server\" Guid=\"3F471139-ACB7-4A01-B7A7-FF5DA4BA2D43\">\n    </Provider>\n    <EventID>306</EventID>\n    <Version>0</Version>\n    <Level>2</Level>\n    <Task>1</Task>\n    <Opcode>0</Opcode>\n    <Keywords>0x4000000000000004</Keywords>\n    <TimeCreated SystemTime=\"2023-11-06T06:22:34.165786Z\">\n    </TimeCreated>\n    <EventRecordID>5799</EventRecordID>\n    <Correlation ActivityID=\"626F7C94-1079-0001-5386-6F627910DA01\">\n    </Correlation>\n    <Execution ProcessID=\"1532\" ThreadID=\"1636\">\n    </Execution>\n    <Channel>Microsoft-Windows-AppXDeploymentServer/Operational</Channel>\n    <Computer>WinDev2310Eval</Computer>\n    <Security UserID=\"S-1-5-18\">\n    </Security>\n  </System>\n  <EventData>\n    <Data Name=\"ErrorCode\">0x800706d9</Data>\n    <Data Name=\"ErrorMessage\">There are no more endpoints available from the endpoint mapper.\r\n</Data>\n    <Data Name=\"CategoryName\">windows.firewall</Data>\n  </EventData>\n</Event>\n",
  "json": "{\"Event\":{\"#attributes\":{\"xmlns\":\"http://schemas.microsoft.com/win/2004/08/events/event\"},\"System\":{\"Provider\":{\"#attributes\":{\"Name\":\"Microsoft-Windows-AppXDeployment-Server\",\"Guid\":\"3F471139-ACB7-4A01-B7A7-FF5DA4BA2D43\"}},\"EventID\":306,\"Version\":0,\"Level\":2,\"Task\":1,\"Opcode\":0,\"Keywords\":\"0x4000000000000004\",\"TimeCreated\":{\"#attributes\":{\"SystemTime\":\"2023-11-06T06:22:34.165786Z\"}},\"EventRecordID\":5799,\"Correlation\":{\"#attributes\":{\"ActivityID\":\"626F7C94-1079-0001-5386-6F627910DA01\"}},\"Execution\":{\"#attributes\":{\"ProcessID\":1532,\"ThreadID\":1636}},\"Channel\":\"Microsoft-Windows-AppXDeploymentServer/Operational\",\"Computer\":\"WinDev2310Eval\",\"Security\":{\"#attributes\":{\"UserID\":\"S-1-5-18\"}}},\"EventData\":{\"ErrorCode\":\"0x800706d9\",\"ErrorMessage\":\"There are no more endpoints available from the endpoint mapper.\\r\\n\",\"CategoryName\":\"windows.firewall\"}}}",
  "xml_fields": {
    "provider": "Microsoft-Windows-AppXDeployment-Server",
    "event_id": "306",
    "timestamp": "2023-11-06T06:22:34.165786Z",
    "event_record_id": "5799",
    "level": "2",
    "task": "1",
    "opcode": "0",
    "keywords": "0x4000000000000004",
    "channel": "Microsoft-Windows-AppXDeploymentServer/Operational",
    "computer": "WinDev2310Eval",
    "ErrorCode": "0x800706d9",
    "ErrorMessage": "There are no more endpoints available from the endpoint mapper.\n",
    "CategoryName": "windows.firewall"
  },
  "json_fields": {
    "provider": "Microsoft-Windows-AppXDeployment-Server",
    "channel": "Microsoft-Windows-AppXDeploymentServer/Operational",
    "event_id": "306",
    "timestamp": "2023-11-06T06:22:34.165786Z",
    "event_record_id": "5799",
    "level": "2",
    "task": "1",
    "opcode": "0",
    "keywords": "0x4000000000000004",
    "computer": "WinDev2310Eval",
    "ErrorCode": "0x800706d9",
    "ErrorMessage": "There are no more endpoints available from the endpoint mapper.\r\n",
    "CategoryName": "windows.firewall"
  }
}