{
  "event_id": "306",
  "provider": "Microsoft-Windows-Bits-Client",
  "channel": "Microsoft-Windows-Bits-Client/Operational",
  "source_file": "D:\\visual code file\\Project_4\\Event-Analyzer\\test\\Logs\\Microsoft-Windows-Bits-Client%4Operational.evtx",
  "event_record_id": 1,
  "xml": "<?xml version=\"1.0\" encoding=\"utf-8\"?>\n<Event xmlns=\"http://schemas.microsoft.com/win/2004/08/events/event\">\n  <System>\n    <Provider Name=\"Microsoft-Windows-Bits-Client\" Guid=\"EF1CC15B-46C1-414E-BB95-E76B077BD51E\">\n    </Provider>\n    <EventID>306</EventID>\n    <Version>0</Version>\n    <Level>5</Level>\n    <Task>0</Task>\n    <Opcode>0</Opcode>\n    <Keywords>0x4000000000000000</Keywords>\n    <TimeCreated SystemTime=\"2024-11-04T12:36:03.849919Z\">\n    </TimeCreated>\n    <EventRecordID>1</EventRecordID>\n    <Correlation>\n    </Correlation>\n    <Execution ProcessID=\"3668\" ThreadID=\"7044\">\n    </Execution>\n    <Channel>Microsoft-Windows-Bits-Client/Operational</Channel>\n    <Computer>DESKTOP-P9H5FTA</Computer>\n    <Security UserID=\"S-1-5-18\">\n    </Security>\n  </System>\n  <EventData>\n  </EventData>\n</Event>\n",
  "json": "{\"Event\":{\"#attributes\":{\"xmlns\":\"http://schemas.microsoft.com/win/2004/08/events/event\"},\"System\":{\"Provider\":{\"#attributes\":{\"Name\":\"Microsoft-Windows-Bits-Client\",\"Guid\":\"EF1CC15B-46C1-414E-BB95-E76B077BD51E\"}},\"EventID\":306,\"Version\":0,\"Level\":5,\"Task\":0,\"Opcode\":0,\"Keywords\":\"0x4000000000000000\",\"TimeCreated\":{\"#attributes\":{\"SystemTime\":\"2024-11-04T12:36:03.849919Z\"}},\"EventRecordID\":1,\"Correlation\":null,\"Execution\":{\"#attributes\":{\"ProcessID\":3668,\"ThreadID\":7044}},\"Channel\":\"Microsoft-Windows-Bits-Client/Operational\",\"Computer\":\"DESKTOP-P9H5FTA\",\"Security\":{\"#attributes\":{\"UserID\":\"S-1-5-18\"}}},\"EventData\":null}}",
  "xml_fields": {
    "provider": "Microsoft-Windows-Bits-Client",
    "event_id": "306",
    "timestamp": "2024-11-04T12:36:03.849919Z",
    "event_record_id": "1",
    "level": "5",
    "task": "0",
    "opcode": "0",
    "keywords": "0x4000000000000000",
    "channel": "Microsoft-Windows-Bits-Client/Operational",
    "computer": "DESKTOP-P9H5FTA"
  },
  "json_fields": {
    "provider": "Microsoft-Windows-Bits-Client",
    "channel": "Microsoft-Windows-Bits-Client/Operational",
    "event_id": "306",
    "timestamp": "2024-11-04T12:36:03.849919Z",
    "event_record_id": "1",
    "level": "5",
    "task": "0",
    "opcode": "0",
    "keywords": "0x4000000000000000",
    "computer": "DESKTOP-P9H5FTA"
  }
}