{
  "event_id": "306",
  "provider": "Microsoft-Windows-PrintService",
  "channel": "Microsoft-Windows-PrintService/Operational",
  "source_file": "D:\\visual code file\\Project_4\\Event-Analyzer\\test\\Malicious\\EVTX-to-MITRE-Attack-master\\TA0004-Privilege Escalation\\T1574-DLL side-loading\\ID354-808-Mimispool printer installation (PrintNightmare).evtx",
  "event_record_id": 4,
  "xml": "<?xml version=\"1.0\" encoding=\"utf-8\"?>\n<Event xmlns=\"http://schemas.microsoft.com/win/2004/08/events/event\">\n  <System>\n    <Provider Name=\"Microsoft-Windows-PrintService\" Guid=\"747EF6FD-E535-4D16-B510-42C90F6873A1\">\n    </Provider>\n    <EventID>306</EventID>\n    <Version>0</Version>\n    <Level>4</Level>\n    <Task>17</Task>\n    <Opcode>11</Opcode>\n    <Keywords>0x4000000000000820</Keywords>\n    <TimeCreated SystemTime=\"2021-10-27T10:28:26.229212Z\">\n    </TimeCreated>\n    <EventRecordID>4</EventRecordID>\n    <Correlation>\n    </Correlation>\n    <Execution ProcessID=\"1048\" ThreadID=\"3836\">\n    </Execution>\n    <Channel>Microsoft-Windows-PrintService/Operational</Channel>\n    <Computer>FS03.offsec.lan</Computer>\n    <Security UserID=\"S-1-5-21-4230534742-2542757381-3142984815-1111\">\n    </Security>\n  </System>\n  <UserData>\n    <PrinterSet xmlns=\"http://manifests.microsoft.com/win/2005/08/windows/printing/spooler/core/events\">\n      <Param1>{BABBC1A0-F75A-44B0-92BC-57E20CEDA1D8}</Param1>\n    </PrinterSet>\n  </UserData>\n</Event>\n",
  "json": "{\"Event\":{\"#attributes\":{\"xmlns\":\"http://schemas.microsoft.com/win/2004/08/events/event\"},\"System\":{\"Provider\":{\"#attributes\":{\"Name\":\"Microsoft-Windows-PrintService\",\"Guid\":\"747EF6FD-E535-4D16-B510-42C90F6873A1\"}},\"EventID\":306,\"Version\":0,\"Level\":4,\"Task\":17,\"Opcode\":11,\"Keywords\":\"0x4000000000000820\",\"TimeCreated\":{\"#attributes\":{\"SystemTime\":\"2021-10-27T10:28:26.229212Z\"}},\"EventRecordID\":4,\"Correlation\":null,\"Execution\":{\"#attributes\":{\"ProcessID\":1048,\"ThreadID\":3836}},\"Channel\":\"Microsoft-Windows-PrintService/Operational\",\"Computer\":\"FS03.offsec.lan\",\"Security\":{\"#attributes\":{\"UserID\":\"S-1-5-21-4230534742-2542757381-3142984815-1111\"}}},\"UserData\":{\"PrinterSet\":{\"#attributes\":{\"xmlns\":\"http://manifests.microsoft.com/win/2005/08/windows/printing/spooler/core/events\"},\"Param1\":\"{BABBC1A0-F75A-44B0-92BC-57E20CEDA1D8}\"}}}}",
  "xml_fields": {
    "provider": "Microsoft-Windows-PrintService",
    "event_id": "306",
    "timestamp": "2021-10-27T10:28:26.229212Z",
    "event_record_id": "4",
    "level": "4",
    "task": "17",
    "opcode": "11",
    "keywords": "0x4000000000000820",
    "channel": "Microsoft-Windows-PrintService/Operational",
    "computer": "FS03.offsec.lan",
    "Param1": "{BABBC1A0-F75A-44B0-92BC-57E20CEDA1D8}"
  },
  "json_fields": {
    "provider": "Microsoft-Windows-PrintService",
    "channel": "Microsoft-Windows-PrintService/Operational",
    "event_id": "306",
    "timestamp": "2021-10-27T10:28:26.229212Z",
    "event_record_id": "4",
    "level": "4",
    "task": "17",
    "opcode": "11",
    "keywords": "0x4000000000000820",
    "computer": "FS03.offsec.lan",
    "Param1": "{BABBC1A0-F75A-44B0-92BC-57E20CEDA1D8}"
  }
}