{
  "event_id": "307",
  "provider": "Microsoft-Windows-User Device Registration",
  "channel": "Microsoft-Windows-User Device Registration/Admin",
  "source_file": "D:\\visual code file\\Project_4\\Event-Analyzer\\test\\Benign\\Win2022-AD\\Microsoft-Windows-User Device Registration%4Admin.evtx",
  "event_record_id": 10,
  "xml": "<?xml version=\"1.0\" encoding=\"utf-8\"?>\n<Event xmlns=\"http://schemas.microsoft.com/win/2004/08/events/event\">\n  <System>\n    <Provider Name=\"Microsoft-Windows-User Device Registration\" Guid=\"23B8D46B-67DD-40A3-B636-D43E50552C6D\">\n    </Provider>\n    <EventID>307</EventID>\n    <Version>0</Version>\n    <Level>2</Level>\n    <Task>0</Task>\n    <Opcode>0</Opcode>\n    <Keywords>0x8000000000000000</Keywords>\n    <TimeCreated SystemTime=\"2022-04-07T08:19:34.607083Z\">\n    </TimeCreated>\n    <EventRecordID>10</EventRecordID>\n    <Correlation>\n    </Correlation>\n    <Execution ProcessID=\"7140\" ThreadID=\"7148\">\n    </Execution>\n    <Channel>Microsoft-Windows-User Device Registration/Admin</Channel>\n    <Computer>WIN-FPV0DSIC9O6.sigma.fr</Computer>\n    <Security UserID=\"S-1-5-18\">\n    </Security>\n  </System>\n  <EventData>\n    <Data Name=\"ExitCode\">-2145648611</Data>\n  </EventData>\n</Event>\n",
  "json": "{\"Event\":{\"#attributes\":{\"xmlns\":\"http://schemas.microsoft.com/win/2004/08/events/event\"},\"System\":{\"Provider\":{\"#attributes\":{\"Name\":\"Microsoft-Windows-User Device Registration\",\"Guid\":\"23B8D46B-67DD-40A3-B636-D43E50552C6D\"}},\"EventID\":307,\"Version\":0,\"Level\":2,\"Task\":0,\"Opcode\":0,\"Keywords\":\"0x8000000000000000\",\"TimeCreated\":{\"#attributes\":{\"SystemTime\":\"2022-04-07T08:19:34.607083Z\"}},\"EventRecordID\":10,\"Correlation\":null,\"Execution\":{\"#attributes\":{\"ProcessID\":7140,\"ThreadID\":7148}},\"Channel\":\"Microsoft-Windows-User Device Registration/Admin\",\"Computer\":\"WIN-FPV0DSIC9O6.sigma.fr\",\"Security\":{\"#attributes\":{\"UserID\":\"S-1-5-18\"}}},\"EventData\":{\"ExitCode\":-2145648611}}}",
  "xml_fields": {
    "provider": "Microsoft-Windows-User Device Registration",
    "event_id": "307",
    "timestamp": "2022-04-07T08:19:34.607083Z",
    "event_record_id": "10",
    "level": "2",
    "task": "0",
    "opcode": "0",
    "keywords": "0x8000000000000000",
    "channel": "Microsoft-Windows-User Device Registration/Admin",
    "computer": "WIN-FPV0DSIC9O6.sigma.fr",
    "ExitCode": "-2145648611"
  },
  "json_fields": {
    "provider": "Microsoft-Windows-User Device Registration",
    "channel": "Microsoft-Windows-User Device Registration/Admin",
    "event_id": "307",
    "timestamp": "2022-04-07T08:19:34.607083Z",
    "event_record_id": "10",
    "level": "2",
    "task": "0",
    "opcode": "0",
    "keywords": "0x8000000000000000",
    "computer": "WIN-FPV0DSIC9O6.sigma.fr",
    "ExitCode": "-2145648611"
  }
}