{
  "event_id": "30800",
  "provider": "Microsoft-Windows-SMBClient",
  "channel": "Microsoft-Windows-SmbClient/Connectivity",
  "source_file": "D:\\visual code file\\Project_4\\Event-Analyzer\\test\\Benign\\Win2022-AD\\Microsoft-Windows-SmbClient%4Connectivity.evtx",
  "event_record_id": 19,
  "xml": "<?xml version=\"1.0\" encoding=\"utf-8\"?>\n<Event xmlns=\"http://schemas.microsoft.com/win/2004/08/events/event\">\n  <System>\n    <Provider Name=\"Microsoft-Windows-SMBClient\" Guid=\"988C59C5-0A1C-45B6-A555-0C62276E327D\">\n    </Provider>\n    <EventID>30800</EventID>\n    <Version>0</Version>\n    <Level>2</Level>\n    <Task>0</Task>\n    <Opcode>0</Opcode>\n    <Keywords>0x400000000000040</Keywords>\n    <TimeCreated SystemTime=\"2022-04-07T16:53:50.061721Z\">\n    </TimeCreated>\n    <EventRecordID>19</EventRecordID>\n    <Correlation>\n    </Correlation>\n    <Execution ProcessID=\"4\" ThreadID=\"592\">\n    </Execution>\n    <Channel>Microsoft-Windows-SmbClient/Connectivity</Channel>\n    <Computer>WIN-FPV0DSIC9O6.sigma.fr</Computer>\n    <Security UserID=\"S-1-5-18\">\n    </Security>\n  </System>\n  <EventData>\n    <Data Name=\"Reason\">1</Data>\n    <Data Name=\"Status\">3221226021</Data>\n    <Data Name=\"ServerNameLength\">8</Data>\n    <Data Name=\"ServerName\">sigma.fr</Data>\n  </EventData>\n</Event>\n",
  "json": "{\"Event\":{\"#attributes\":{\"xmlns\":\"http://schemas.microsoft.com/win/2004/08/events/event\"},\"System\":{\"Provider\":{\"#attributes\":{\"Name\":\"Microsoft-Windows-SMBClient\",\"Guid\":\"988C59C5-0A1C-45B6-A555-0C62276E327D\"}},\"EventID\":30800,\"Version\":0,\"Level\":2,\"Task\":0,\"Opcode\":0,\"Keywords\":\"0x400000000000040\",\"TimeCreated\":{\"#attributes\":{\"SystemTime\":\"2022-04-07T16:53:50.061721Z\"}},\"EventRecordID\":19,\"Correlation\":null,\"Execution\":{\"#attributes\":{\"ProcessID\":4,\"ThreadID\":592}},\"Channel\":\"Microsoft-Windows-SmbClient/Connectivity\",\"Computer\":\"WIN-FPV0DSIC9O6.sigma.fr\",\"Security\":{\"#attributes\":{\"UserID\":\"S-1-5-18\"}}},\"EventData\":{\"Reason\":1,\"Status\":3221226021,\"ServerNameLength\":8,\"ServerName\":\"sigma.fr\"}}}",
  "xml_fields": {
    "provider": "Microsoft-Windows-SMBClient",
    "event_id": "30800",
    "timestamp": "2022-04-07T16:53:50.061721Z",
    "event_record_id": "19",
    "level": "2",
    "task": "0",
    "opcode": "0",
    "keywords": "0x400000000000040",
    "channel": "Microsoft-Windows-SmbClient/Connectivity",
    "computer": "WIN-FPV0DSIC9O6.sigma.fr",
    "Reason": "1",
    "Status": "3221226021",
    "ServerNameLength": "8",
    "ServerName": "sigma.fr"
  },
  "json_fields": {
    "provider": "Microsoft-Windows-SMBClient",
    "channel": "Microsoft-Windows-SmbClient/Connectivity",
    "event_id": "30800",
    "timestamp": "2022-04-07T16:53:50.061721Z",
    "event_record_id": "19",
    "level": "2",
    "task": "0",
    "opcode": "0",
    "keywords": "0x400000000000040",
    "computer": "WIN-FPV0DSIC9O6.sigma.fr",
    "Reason": "1",
    "Status": "3221226021",
    "ServerNameLength": "8",
    "ServerName": "sigma.fr"
  }
}