{
  "event_id": "30810",
  "provider": "Microsoft-Windows-SMBClient",
  "channel": "Microsoft-Windows-SmbClient/Connectivity",
  "source_file": "D:\\visual code file\\Project_4\\Event-Analyzer\\test\\Logs\\Microsoft-Windows-SmbClient%4Connectivity.evtx",
  "event_record_id": 1,
  "xml": "<?xml version=\"1.0\" encoding=\"utf-8\"?>\n<Event xmlns=\"http://schemas.microsoft.com/win/2004/08/events/event\">\n  <System>\n    <Provider Name=\"Microsoft-Windows-SMBClient\" Guid=\"988C59C5-0A1C-45B6-A555-0C62276E327D\">\n    </Provider>\n    <EventID>30810</EventID>\n    <Version>0</Version>\n    <Level>4</Level>\n    <Task>0</Task>\n    <Opcode>0</Opcode>\n    <Keywords>0x400000000000040</Keywords>\n    <TimeCreated SystemTime=\"2024-11-05T01:33:11.186689Z\">\n    </TimeCreated>\n    <EventRecordID>1</EventRecordID>\n    <Correlation>\n    </Correlation>\n    <Execution ProcessID=\"4\" ThreadID=\"228\">\n    </Execution>\n    <Channel>Microsoft-Windows-SmbClient/Connectivity</Channel>\n    <Computer>WIN-5LCFHVCO531</Computer>\n    <Security UserID=\"S-1-5-18\">\n    </Security>\n  </System>\n  <EventData>\n    <Data Name=\"NameLength\">9</Data>\n    <Data Name=\"Name\">Ethernet0</Data>\n    <Data Name=\"IfIndex\">6</Data>\n  </EventData>\n</Event>\n",
  "json": "{\"Event\":{\"#attributes\":{\"xmlns\":\"http://schemas.microsoft.com/win/2004/08/events/event\"},\"System\":{\"Provider\":{\"#attributes\":{\"Name\":\"Microsoft-Windows-SMBClient\",\"Guid\":\"988C59C5-0A1C-45B6-A555-0C62276E327D\"}},\"EventID\":30810,\"Version\":0,\"Level\":4,\"Task\":0,\"Opcode\":0,\"Keywords\":\"0x400000000000040\",\"TimeCreated\":{\"#attributes\":{\"SystemTime\":\"2024-11-05T01:33:11.186689Z\"}},\"EventRecordID\":1,\"Correlation\":null,\"Execution\":{\"#attributes\":{\"ProcessID\":4,\"ThreadID\":228}},\"Channel\":\"Microsoft-Windows-SmbClient/Connectivity\",\"Computer\":\"WIN-5LCFHVCO531\",\"Security\":{\"#attributes\":{\"UserID\":\"S-1-5-18\"}}},\"EventData\":{\"NameLength\":9,\"Name\":\"Ethernet0\",\"IfIndex\":6}}}",
  "xml_fields": {
    "provider": "Microsoft-Windows-SMBClient",
    "event_id": "30810",
    "timestamp": "2024-11-05T01:33:11.186689Z",
    "event_record_id": "1",
    "level": "4",
    "task": "0",
    "opcode": "0",
    "keywords": "0x400000000000040",
    "channel": "Microsoft-Windows-SmbClient/Connectivity",
    "computer": "WIN-5LCFHVCO531",
    "NameLength": "9",
    "Name": "Ethernet0",
    "IfIndex": "6"
  },
  "json_fields": {
    "provider": "Microsoft-Windows-SMBClient",
    "channel": "Microsoft-Windows-SmbClient/Connectivity",
    "event_id": "30810",
    "timestamp": "2024-11-05T01:33:11.186689Z",
    "event_record_id": "1",
    "level": "4",
    "task": "0",
    "opcode": "0",
    "keywords": "0x400000000000040",
    "computer": "WIN-5LCFHVCO531",
    "NameLength": "9",
    "Name": "Ethernet0",
    "IfIndex": "6"
  }
}