{
  "event_id": "30813",
  "provider": "Microsoft-Windows-SMBClient",
  "channel": "Microsoft-Windows-SmbClient/Connectivity",
  "source_file": "D:\\visual code file\\Project_4\\Event-Analyzer\\test\\Benign\\Logs_Client\\Microsoft-Windows-SmbClient%4Connectivity.evtx",
  "event_record_id": 17,
  "xml": "<?xml version=\"1.0\" encoding=\"utf-8\"?>\n<Event xmlns=\"http://schemas.microsoft.com/win/2004/08/events/event\">\n  <System>\n    <Provider Name=\"Microsoft-Windows-SMBClient\" Guid=\"988C59C5-0A1C-45B6-A555-0C62276E327D\">\n    </Provider>\n    <EventID>30813</EventID>\n    <Version>0</Version>\n    <Level>4</Level>\n    <Task>0</Task>\n    <Opcode>0</Opcode>\n    <Keywords>0x400000000000040</Keywords>\n    <TimeCreated SystemTime=\"2022-02-07T14:20:44.635310Z\">\n    </TimeCreated>\n    <EventRecordID>17</EventRecordID>\n    <Correlation>\n    </Correlation>\n    <Execution ProcessID=\"4\" ThreadID=\"276\">\n    </Execution>\n    <Channel>Microsoft-Windows-SmbClient/Connectivity</Channel>\n    <Computer>DESKTOP-A8CALR3</Computer>\n    <Security UserID=\"S-1-5-18\">\n    </Security>\n  </System>\n  <EventData>\n    <Data Name=\"ServerNameLength\">58</Data>\n    <Data Name=\"ServerName\">\\Device\\NetBT_Tcpip_{30A7B0B4-0051-42B2-B744-B59A5A9ED8CC}</Data>\n  </EventData>\n</Event>\n",
  "json": "{\"Event\":{\"#attributes\":{\"xmlns\":\"http://schemas.microsoft.com/win/2004/08/events/event\"},\"System\":{\"Provider\":{\"#attributes\":{\"Name\":\"Microsoft-Windows-SMBClient\",\"Guid\":\"988C59C5-0A1C-45B6-A555-0C62276E327D\"}},\"EventID\":30813,\"Version\":0,\"Level\":4,\"Task\":0,\"Opcode\":0,\"Keywords\":\"0x400000000000040\",\"TimeCreated\":{\"#attributes\":{\"SystemTime\":\"2022-02-07T14:20:44.635310Z\"}},\"EventRecordID\":17,\"Correlation\":null,\"Execution\":{\"#attributes\":{\"ProcessID\":4,\"ThreadID\":276}},\"Channel\":\"Microsoft-Windows-SmbClient/Connectivity\",\"Computer\":\"DESKTOP-A8CALR3\",\"Security\":{\"#attributes\":{\"UserID\":\"S-1-5-18\"}}},\"EventData\":{\"ServerNameLength\":58,\"ServerName\":\"\\\\Device\\\\NetBT_Tcpip_{30A7B0B4-0051-42B2-B744-B59A5A9ED8CC}\"}}}",
  "xml_fields": {
    "provider": "Microsoft-Windows-SMBClient",
    "event_id": "30813",
    "timestamp": "2022-02-07T14:20:44.635310Z",
    "event_record_id": "17",
    "level": "4",
    "task": "0",
    "opcode": "0",
    "keywords": "0x400000000000040",
    "channel": "Microsoft-Windows-SmbClient/Connectivity",
    "computer": "DESKTOP-A8CALR3",
    "ServerNameLength": "58",
    "ServerName": "\\Device\\NetBT_Tcpip_{30A7B0B4-0051-42B2-B744-B59A5A9ED8CC}"
  },
  "json_fields": {
    "provider": "Microsoft-Windows-SMBClient",
    "channel": "Microsoft-Windows-SmbClient/Connectivity",
    "event_id": "30813",
    "timestamp": "2022-02-07T14:20:44.635310Z",
    "event_record_id": "17",
    "level": "4",
    "task": "0",
    "opcode": "0",
    "keywords": "0x400000000000040",
    "computer": "DESKTOP-A8CALR3",
    "ServerNameLength": "58",
    "ServerName": "\\Device\\NetBT_Tcpip_{30A7B0B4-0051-42B2-B744-B59A5A9ED8CC}"
  }
}