{
  "event_id": "3085",
  "provider": "Microsoft-Windows-CodeIntegrity",
  "channel": "Microsoft-Windows-CodeIntegrity/Operational",
  "source_file": "D:\\visual code file\\Project_4\\Event-Analyzer\\test\\Logs\\Microsoft-Windows-CodeIntegrity%4Operational.evtx",
  "event_record_id": 1,
  "xml": "<?xml version=\"1.0\" encoding=\"utf-8\"?>\n<Event xmlns=\"http://schemas.microsoft.com/win/2004/08/events/event\">\n  <System>\n    <Provider Name=\"Microsoft-Windows-CodeIntegrity\" Guid=\"4EE76BD8-3CF4-44A0-A0AC-3937643E37A3\">\n    </Provider>\n    <EventID>3085</EventID>\n    <Version>0</Version>\n    <Level>4</Level>\n    <Task>20</Task>\n    <Opcode>127</Opcode>\n    <Keywords>0x8000000000000000</Keywords>\n    <TimeCreated SystemTime=\"2024-11-05T01:33:01.007607Z\">\n    </TimeCreated>\n    <EventRecordID>1</EventRecordID>\n    <Correlation ActivityID=\"A40B4835-2F22-0001-6F49-0BA4222FDB01\">\n    </Correlation>\n    <Execution ProcessID=\"4\" ThreadID=\"8\">\n    </Execution>\n    <Channel>Microsoft-Windows-CodeIntegrity/Operational</Channel>\n    <Computer>WIN-5LCFHVCO531</Computer>\n    <Security UserID=\"S-1-5-18\">\n    </Security>\n  </System>\n  <EventData>\n    <Data Name=\"Settings\">0x0</Data>\n    <Data Name=\"Exemption\">1</Data>\n  </EventData>\n</Event>\n",
  "json": "{\"Event\":{\"#attributes\":{\"xmlns\":\"http://schemas.microsoft.com/win/2004/08/events/event\"},\"System\":{\"Provider\":{\"#attributes\":{\"Name\":\"Microsoft-Windows-CodeIntegrity\",\"Guid\":\"4EE76BD8-3CF4-44A0-A0AC-3937643E37A3\"}},\"EventID\":3085,\"Version\":0,\"Level\":4,\"Task\":20,\"Opcode\":127,\"Keywords\":\"0x8000000000000000\",\"TimeCreated\":{\"#attributes\":{\"SystemTime\":\"2024-11-05T01:33:01.007607Z\"}},\"EventRecordID\":1,\"Correlation\":{\"#attributes\":{\"ActivityID\":\"A40B4835-2F22-0001-6F49-0BA4222FDB01\"}},\"Execution\":{\"#attributes\":{\"ProcessID\":4,\"ThreadID\":8}},\"Channel\":\"Microsoft-Windows-CodeIntegrity/Operational\",\"Computer\":\"WIN-5LCFHVCO531\",\"Security\":{\"#attributes\":{\"UserID\":\"S-1-5-18\"}}},\"EventData\":{\"Settings\":\"0x0\",\"Exemption\":1}}}",
  "xml_fields": {
    "provider": "Microsoft-Windows-CodeIntegrity",
    "event_id": "3085",
    "timestamp": "2024-11-05T01:33:01.007607Z",
    "event_record_id": "1",
    "level": "4",
    "task": "20",
    "opcode": "127",
    "keywords": "0x8000000000000000",
    "channel": "Microsoft-Windows-CodeIntegrity/Operational",
    "computer": "WIN-5LCFHVCO531",
    "Settings": "0x0",
    "Exemption": "1"
  },
  "json_fields": {
    "provider": "Microsoft-Windows-CodeIntegrity",
    "channel": "Microsoft-Windows-CodeIntegrity/Operational",
    "event_id": "3085",
    "timestamp": "2024-11-05T01:33:01.007607Z",
    "event_record_id": "1",
    "level": "4",
    "task": "20",
    "opcode": "127",
    "keywords": "0x8000000000000000",
    "computer": "WIN-5LCFHVCO531",
    "Settings": "0x0",
    "Exemption": "1"
  }
}