{
  "event_id": "3086",
  "provider": "Microsoft-Windows-Search",
  "channel": "Application",
  "source_file": "D:\\visual code file\\Project_4\\Event-Analyzer\\test\\Benign\\Logs_Client\\Application.evtx",
  "event_record_id": 80,
  "xml": "<?xml version=\"1.0\" encoding=\"utf-8\"?>\n<Event xmlns=\"http://schemas.microsoft.com/win/2004/08/events/event\">\n  <System>\n    <Provider Name=\"Microsoft-Windows-Search\" Guid=\"{CA4E628D-8567-4896-AB6B-835B221F373F}\" EventSourceName=\"Windows Search Service\">\n    </Provider>\n    <EventID Qualifiers=\"32768\">3086</EventID>\n    <Version>0</Version>\n    <Level>3</Level>\n    <Task>3</Task>\n    <Opcode>0</Opcode>\n    <Keywords>0x80000000000000</Keywords>\n    <TimeCreated SystemTime=\"2022-02-07T11:27:35.070902Z\">\n    </TimeCreated>\n    <EventRecordID>80</EventRecordID>\n    <Correlation>\n    </Correlation>\n    <Execution ProcessID=\"0\" ThreadID=\"0\">\n    </Execution>\n    <Channel>Application</Channel>\n    <Computer>DESKTOP-A8CALR3</Computer>\n    <Security>\n    </Security>\n  </System>\n  <EventData>\n    <Data Name=\"ExtraInfo\">\n\nContext:  Application, SystemIndex Catalog\n</Data>\n  </EventData>\n</Event>\n",
  "json": "{\"Event\":{\"#attributes\":{\"xmlns\":\"http://schemas.microsoft.com/win/2004/08/events/event\"},\"System\":{\"Provider\":{\"#attributes\":{\"Name\":\"Microsoft-Windows-Search\",\"Guid\":\"{CA4E628D-8567-4896-AB6B-835B221F373F}\",\"EventSourceName\":\"Windows Search Service\"}},\"EventID\":{\"#attributes\":{\"Qualifiers\":32768},\"#text\":3086},\"Version\":0,\"Level\":3,\"Task\":3,\"Opcode\":0,\"Keywords\":\"0x80000000000000\",\"TimeCreated\":{\"#attributes\":{\"SystemTime\":\"2022-02-07T11:27:35.070902Z\"}},\"EventRecordID\":80,\"Correlation\":null,\"Execution\":{\"#attributes\":{\"ProcessID\":0,\"ThreadID\":0}},\"Channel\":\"Application\",\"Computer\":\"DESKTOP-A8CALR3\",\"Security\":null},\"EventData\":{\"ExtraInfo\":\"\\n\\nContext:  Application, SystemIndex Catalog\\n\"}}}",
  "xml_fields": {
    "provider": "Microsoft-Windows-Search",
    "event_id": "3086",
    "timestamp": "2022-02-07T11:27:35.070902Z",
    "event_record_id": "80",
    "level": "3",
    "task": "3",
    "opcode": "0",
    "keywords": "0x80000000000000",
    "channel": "Application",
    "computer": "DESKTOP-A8CALR3",
    "ExtraInfo": "\n\nContext:  Application, SystemIndex Catalog\n"
  },
  "json_fields": {
    "provider": "Microsoft-Windows-Search",
    "channel": "Application",
    "event_id": "3086",
    "timestamp": "2022-02-07T11:27:35.070902Z",
    "event_record_id": "80",
    "level": "3",
    "task": "3",
    "opcode": "0",
    "keywords": "0x80000000000000",
    "computer": "DESKTOP-A8CALR3",
    "ExtraInfo": "\n\nContext:  Application, SystemIndex Catalog\n"
  }
}