{
  "event_id": "3089",
  "provider": "Microsoft-Windows-CodeIntegrity",
  "channel": "Microsoft-Windows-CodeIntegrity/Operational",
  "source_file": "D:\\visual code file\\Project_4\\Event-Analyzer\\test\\Benign\\Logs_Client\\Microsoft-Windows-CodeIntegrity%4Operational.evtx",
  "event_record_id": 8,
  "xml": "<?xml version=\"1.0\" encoding=\"utf-8\"?>\n<Event xmlns=\"http://schemas.microsoft.com/win/2004/08/events/event\">\n  <System>\n    <Provider Name=\"Microsoft-Windows-CodeIntegrity\" Guid=\"4EE76BD8-3CF4-44A0-A0AC-3937643E37A3\">\n    </Provider>\n    <EventID>3089</EventID>\n    <Version>2</Version>\n    <Level>4</Level>\n    <Task>1</Task>\n    <Opcode>130</Opcode>\n    <Keywords>0x8000000000000000</Keywords>\n    <TimeCreated SystemTime=\"2022-02-08T11:54:37.756486Z\">\n    </TimeCreated>\n    <EventRecordID>8</EventRecordID>\n    <Correlation ActivityID=\"6872164D-1CC2-0000-C756-7268C21CD801\">\n    </Correlation>\n    <Execution ProcessID=\"2288\" ThreadID=\"2788\">\n    </Execution>\n    <Channel>Microsoft-Windows-CodeIntegrity/Operational</Channel>\n    <Computer>DESKTOP-A8CALR3</Computer>\n    <Security UserID=\"S-1-5-18\">\n    </Security>\n  </System>\n  <EventData>\n    <Data Name=\"TotalSignatureCount\">1</Data>\n    <Data Name=\"Signature\">0</Data>\n    <Data Name=\"CacheState\">3</Data>\n    <Data Name=\"Hash Size\">20</Data>\n    <Data Name=\"Hash\">6B02292D04379E7B8DADD0AF893F43EA064DC108</Data>\n    <Data Name=\"PageHash\">false</Data>\n    <Data Name=\"SignatureType\">1</Data>\n    <Data Name=\"ValidatedSigningLevel\">1</Data>\n    <Data Name=\"VerificationError\">7</Data>\n    <Data Name=\"Flags\">0</Data>\n    <Data Name=\"PolicyBits\">16</Data>\n    <Data Name=\"NotValidBefore\">2015-07-29T00:00:00.000000Z</Data>\n    <Data Name=\"NotValidAfter\">2017-08-27T23:59:59.000000Z</Data>\n    <Data Name=\"PublisherNameLength\">10</Data>\n    <Data Name=\"PublisherName\">Apple Inc.</Data>\n    <Data Name=\"IssuerNameLength\">37</Data>\n    <Data Name=\"IssuerName\">VeriSign Class 3 Code Signing 2010 CA</Data>\n    <Data Name=\"PublisherTBSHashSize\">20</Data>\n    <Data Name=\"PublisherTBSHash\">F2B86C44144AAB38C9C3080496B43716EF9FF973</Data>\n    <Data Name=\"IssuerTBSHashSize\">20</Data>\n    <Data Name=\"IssuerTBSHash\">4843A82ED3B1F2BFBEE9671960E1940C942F688D</Data>\n  </EventData>\n</Event>\n",
  "json": "{\"Event\":{\"#attributes\":{\"xmlns\":\"http://schemas.microsoft.com/win/2004/08/events/event\"},\"System\":{\"Provider\":{\"#attributes\":{\"Name\":\"Microsoft-Windows-CodeIntegrity\",\"Guid\":\"4EE76BD8-3CF4-44A0-A0AC-3937643E37A3\"}},\"EventID\":3089,\"Version\":2,\"Level\":4,\"Task\":1,\"Opcode\":130,\"Keywords\":\"0x8000000000000000\",\"TimeCreated\":{\"#attributes\":{\"SystemTime\":\"2022-02-08T11:54:37.756486Z\"}},\"EventRecordID\":8,\"Correlation\":{\"#attributes\":{\"ActivityID\":\"6872164D-1CC2-0000-C756-7268C21CD801\"}},\"Execution\":{\"#attributes\":{\"ProcessID\":2288,\"ThreadID\":2788}},\"Channel\":\"Microsoft-Windows-CodeIntegrity/Operational\",\"Computer\":\"DESKTOP-A8CALR3\",\"Security\":{\"#attributes\":{\"UserID\":\"S-1-5-18\"}}},\"EventData\":{\"TotalSignatureCount\":1,\"Signature\":0,\"CacheState\":3,\"Hash Size\":20,\"Hash\":\"6B02292D04379E7B8DADD0AF893F43EA064DC108\",\"PageHash\":false,\"SignatureType\":1,\"ValidatedSigningLevel\":1,\"VerificationError\":7,\"Flags\":0,\"PolicyBits\":16,\"NotValidBefore\":\"2015-07-29T00:00:00.000000Z\",\"NotValidAfter\":\"2017-08-27T23:59:59.000000Z\",\"PublisherNameLength\":10,\"PublisherName\":\"Apple Inc.\",\"IssuerNameLength\":37,\"IssuerName\":\"VeriSign Class 3 Code Signing 2010 CA\",\"PublisherTBSHashSize\":20,\"PublisherTBSHash\":\"F2B86C44144AAB38C9C3080496B43716EF9FF973\",\"IssuerTBSHashSize\":20,\"IssuerTBSHash\":\"4843A82ED3B1F2BFBEE9671960E1940C942F688D\"}}}",
  "xml_fields": {
    "provider": "Microsoft-Windows-CodeIntegrity",
    "event_id": "3089",
    "timestamp": "2022-02-08T11:54:37.756486Z",
    "event_record_id": "8",
    "level": "4",
    "task": "1",
    "opcode": "130",
    "keywords": "0x8000000000000000",
    "channel": "Microsoft-Windows-CodeIntegrity/Operational",
    "computer": "DESKTOP-A8CALR3",
    "TotalSignatureCount": "1",
    "Signature": "0",
    "CacheState": "3",
    "Hash Size": "20",
    "Hash": "6B02292D04379E7B8DADD0AF893F43EA064DC108",
    "PageHash": "false",
    "SignatureType": "1",
    "ValidatedSigningLevel": "1",
    "VerificationError": "7",
    "Flags": "0",
    "PolicyBits": "16",
    "NotValidBefore": "2015-07-29T00:00:00.000000Z",
    "NotValidAfter": "2017-08-27T23:59:59.000000Z",
    "PublisherNameLength": "10",
    "PublisherName": "Apple Inc.",
    "IssuerNameLength": "37",
    "IssuerName": "VeriSign Class 3 Code Signing 2010 CA",
    "PublisherTBSHashSize": "20",
    "PublisherTBSHash": "F2B86C44144AAB38C9C3080496B43716EF9FF973",
    "IssuerTBSHashSize": "20",
    "IssuerTBSHash": "4843A82ED3B1F2BFBEE9671960E1940C942F688D"
  },
  "json_fields": {
    "provider": "Microsoft-Windows-CodeIntegrity",
    "channel": "Microsoft-Windows-CodeIntegrity/Operational",
    "event_id": "3089",
    "timestamp": "2022-02-08T11:54:37.756486Z",
    "event_record_id": "8",
    "level": "4",
    "task": "1",
    "opcode": "130",
    "keywords": "0x8000000000000000",
    "computer": "DESKTOP-A8CALR3",
    "TotalSignatureCount": "1",
    "Signature": "0",
    "CacheState": "3",
    "Hash Size": "20",
    "Hash": "6B02292D04379E7B8DADD0AF893F43EA064DC108",
    "PageHash": "False",
    "SignatureType": "1",
    "ValidatedSigningLevel": "1",
    "VerificationError": "7",
    "Flags": "0",
    "PolicyBits": "16",
    "NotValidBefore": "2015-07-29T00:00:00.000000Z",
    "NotValidAfter": "2017-08-27T23:59:59.000000Z",
    "PublisherNameLength": "10",
    "PublisherName": "Apple Inc.",
    "IssuerNameLength": "37",
    "IssuerName": "VeriSign Class 3 Code Signing 2010 CA",
    "PublisherTBSHashSize": "20",
    "PublisherTBSHash": "F2B86C44144AAB38C9C3080496B43716EF9FF973",
    "IssuerTBSHashSize": "20",
    "IssuerTBSHash": "4843A82ED3B1F2BFBEE9671960E1940C942F688D"
  }
}