{
  "event_id": "309",
  "provider": "Microsoft-Windows-AppReadiness",
  "channel": "Microsoft-Windows-AppReadiness/Operational",
  "source_file": "D:\\visual code file\\Project_4\\Event-Analyzer\\test\\Logs\\Microsoft-Windows-AppReadiness%4Operational.evtx",
  "event_record_id": 14,
  "xml": "<?xml version=\"1.0\" encoding=\"utf-8\"?>\n<Event xmlns=\"http://schemas.microsoft.com/win/2004/08/events/event\">\n  <System>\n    <Provider Name=\"Microsoft-Windows-AppReadiness\" Guid=\"F0BE35F8-237B-4814-86B5-ADE51192E503\">\n    </Provider>\n    <EventID>309</EventID>\n    <Version>0</Version>\n    <Level>4</Level>\n    <Task>2</Task>\n    <Opcode>1</Opcode>\n    <Keywords>0x4000000000000004</Keywords>\n    <TimeCreated SystemTime=\"2024-11-04T12:47:41.500992Z\">\n    </TimeCreated>\n    <EventRecordID>14</EventRecordID>\n    <Correlation ActivityID=\"ABFE7217-2EB6-0000-A482-FEABB62EDB01\">\n    </Correlation>\n    <Execution ProcessID=\"3984\" ThreadID=\"4024\">\n    </Execution>\n    <Channel>Microsoft-Windows-AppReadiness/Operational</Channel>\n    <Computer>DESKTOP-P9H5FTA</Computer>\n    <Security UserID=\"S-1-5-18\">\n    </Security>\n  </System>\n  <EventData>\n    <Data Name=\"User\">S-1-5-21-3088055692-629932344-1786574096-1001</Data>\n  </EventData>\n</Event>\n",
  "json": "{\"Event\":{\"#attributes\":{\"xmlns\":\"http://schemas.microsoft.com/win/2004/08/events/event\"},\"System\":{\"Provider\":{\"#attributes\":{\"Name\":\"Microsoft-Windows-AppReadiness\",\"Guid\":\"F0BE35F8-237B-4814-86B5-ADE51192E503\"}},\"EventID\":309,\"Version\":0,\"Level\":4,\"Task\":2,\"Opcode\":1,\"Keywords\":\"0x4000000000000004\",\"TimeCreated\":{\"#attributes\":{\"SystemTime\":\"2024-11-04T12:47:41.500992Z\"}},\"EventRecordID\":14,\"Correlation\":{\"#attributes\":{\"ActivityID\":\"ABFE7217-2EB6-0000-A482-FEABB62EDB01\"}},\"Execution\":{\"#attributes\":{\"ProcessID\":3984,\"ThreadID\":4024}},\"Channel\":\"Microsoft-Windows-AppReadiness/Operational\",\"Computer\":\"DESKTOP-P9H5FTA\",\"Security\":{\"#attributes\":{\"UserID\":\"S-1-5-18\"}}},\"EventData\":{\"User\":\"S-1-5-21-3088055692-629932344-1786574096-1001\"}}}",
  "xml_fields": {
    "provider": "Microsoft-Windows-AppReadiness",
    "event_id": "309",
    "timestamp": "2024-11-04T12:47:41.500992Z",
    "event_record_id": "14",
    "level": "4",
    "task": "2",
    "opcode": "1",
    "keywords": "0x4000000000000004",
    "channel": "Microsoft-Windows-AppReadiness/Operational",
    "computer": "DESKTOP-P9H5FTA",
    "User": "S-1-5-21-3088055692-629932344-1786574096-1001"
  },
  "json_fields": {
    "provider": "Microsoft-Windows-AppReadiness",
    "channel": "Microsoft-Windows-AppReadiness/Operational",
    "event_id": "309",
    "timestamp": "2024-11-04T12:47:41.500992Z",
    "event_record_id": "14",
    "level": "4",
    "task": "2",
    "opcode": "1",
    "keywords": "0x4000000000000004",
    "computer": "DESKTOP-P9H5FTA",
    "User": "S-1-5-21-3088055692-629932344-1786574096-1001"
  }
}