{
  "event_id": "30",
  "provider": "Microsoft-Windows-Eventlog",
  "channel": "System",
  "source_file": "D:\\visual code file\\Project_4\\Event-Analyzer\\test\\Logs\\System.evtx",
  "event_record_id": 1152,
  "xml": "<?xml version=\"1.0\" encoding=\"utf-8\"?>\n<Event xmlns=\"http://schemas.microsoft.com/win/2004/08/events/event\">\n  <System>\n    <Provider Name=\"Microsoft-Windows-Eventlog\" Guid=\"FC65DDD8-D6EF-4962-83D5-6E5CFE9CE148\">\n    </Provider>\n    <EventID>30</EventID>\n    <Version>0</Version>\n    <Level>2</Level>\n    <Task>100</Task>\n    <Opcode>0</Opcode>\n    <Keywords>0x8000000000020000</Keywords>\n    <TimeCreated SystemTime=\"2025-01-24T10:50:37.708326Z\">\n    </TimeCreated>\n    <EventRecordID>1152</EventRecordID>\n    <Correlation>\n    </Correlation>\n    <Execution ProcessID=\"1176\" ThreadID=\"1248\">\n    </Execution>\n    <Channel>System</Channel>\n    <Computer>CTO-FILESVR</Computer>\n    <Security UserID=\"S-1-5-19\">\n    </Security>\n  </System>\n  <UserData>\n    <InitChannelPublisherEnableFailure xmlns=\"http://manifests.microsoft.com/win/2004/08/windows/eventlog\">\n      <ErrorCode>5</ErrorCode>\n      <ChannelPath>Microsoft-Windows-Kernel-ShimEngine/Operational</ChannelPath>\n      <PublisherGuid>0BF2FB94-7B60-4B4D-9766-E82F658DF540</PublisherGuid>\n    </InitChannelPublisherEnableFailure>\n  </UserData>\n</Event>\n",
  "json": "{\"Event\":{\"#attributes\":{\"xmlns\":\"http://schemas.microsoft.com/win/2004/08/events/event\"},\"System\":{\"Provider\":{\"#attributes\":{\"Name\":\"Microsoft-Windows-Eventlog\",\"Guid\":\"FC65DDD8-D6EF-4962-83D5-6E5CFE9CE148\"}},\"EventID\":30,\"Version\":0,\"Level\":2,\"Task\":100,\"Opcode\":0,\"Keywords\":\"0x8000000000020000\",\"TimeCreated\":{\"#attributes\":{\"SystemTime\":\"2025-01-24T10:50:37.708326Z\"}},\"EventRecordID\":1152,\"Correlation\":null,\"Execution\":{\"#attributes\":{\"ProcessID\":1176,\"ThreadID\":1248}},\"Channel\":\"System\",\"Computer\":\"CTO-FILESVR\",\"Security\":{\"#attributes\":{\"UserID\":\"S-1-5-19\"}}},\"UserData\":{\"InitChannelPublisherEnableFailure\":{\"#attributes\":{\"xmlns\":\"http://manifests.microsoft.com/win/2004/08/windows/eventlog\"},\"ErrorCode\":5,\"ChannelPath\":\"Microsoft-Windows-Kernel-ShimEngine/Operational\",\"PublisherGuid\":\"0BF2FB94-7B60-4B4D-9766-E82F658DF540\"}}}}",
  "xml_fields": {
    "provider": "Microsoft-Windows-Eventlog",
    "event_id": "30",
    "timestamp": "2025-01-24T10:50:37.708326Z",
    "event_record_id": "1152",
    "level": "2",
    "task": "100",
    "opcode": "0",
    "keywords": "0x8000000000020000",
    "channel": "System",
    "computer": "CTO-FILESVR",
    "ErrorCode": "5",
    "ChannelPath": "Microsoft-Windows-Kernel-ShimEngine/Operational",
    "PublisherGuid": "0BF2FB94-7B60-4B4D-9766-E82F658DF540"
  },
  "json_fields": {
    "provider": "Microsoft-Windows-Eventlog",
    "channel": "System",
    "event_id": "30",
    "timestamp": "2025-01-24T10:50:37.708326Z",
    "event_record_id": "1152",
    "level": "2",
    "task": "100",
    "opcode": "0",
    "keywords": "0x8000000000020000",
    "computer": "CTO-FILESVR",
    "ErrorCode": "5",
    "ChannelPath": "Microsoft-Windows-Kernel-ShimEngine/Operational",
    "PublisherGuid": "0BF2FB94-7B60-4B4D-9766-E82F658DF540"
  }
}