{
  "event_id": "30",
  "provider": "Microsoft-Windows-WindowsUpdateClient",
  "channel": "Microsoft-Windows-WindowsUpdateClient/Operational",
  "source_file": "D:\\visual code file\\Project_4\\Event-Analyzer\\test\\Benign\\win7-x86\\Microsoft-Windows-WindowsUpdateClient%4Operational.evtx",
  "event_record_id": 1,
  "xml": "<?xml version=\"1.0\" encoding=\"utf-8\"?>\n<Event xmlns=\"http://schemas.microsoft.com/win/2004/08/events/event\">\n  <System>\n    <Provider Name=\"Microsoft-Windows-WindowsUpdateClient\" Guid=\"945A8954-C147-4ACD-923F-40C45405A658\">\n    </Provider>\n    <EventID>30</EventID>\n    <Version>0</Version>\n    <Level>4</Level>\n    <Task>1</Task>\n    <Opcode>17</Opcode>\n    <Keywords>0x4000000000000001</Keywords>\n    <TimeCreated SystemTime=\"2022-04-04T10:09:27.739359Z\">\n    </TimeCreated>\n    <EventRecordID>1</EventRecordID>\n    <Correlation>\n    </Correlation>\n    <Execution ProcessID=\"904\" ThreadID=\"2140\">\n    </Execution>\n    <Channel>Microsoft-Windows-WindowsUpdateClient/Operational</Channel>\n    <Computer>evtx-PC</Computer>\n    <Security UserID=\"S-1-5-18\">\n    </Security>\n  </System>\n  <EventData>\n  </EventData>\n</Event>\n",
  "json": "{\"Event\":{\"#attributes\":{\"xmlns\":\"http://schemas.microsoft.com/win/2004/08/events/event\"},\"System\":{\"Provider\":{\"#attributes\":{\"Name\":\"Microsoft-Windows-WindowsUpdateClient\",\"Guid\":\"945A8954-C147-4ACD-923F-40C45405A658\"}},\"EventID\":30,\"Version\":0,\"Level\":4,\"Task\":1,\"Opcode\":17,\"Keywords\":\"0x4000000000000001\",\"TimeCreated\":{\"#attributes\":{\"SystemTime\":\"2022-04-04T10:09:27.739359Z\"}},\"EventRecordID\":1,\"Correlation\":null,\"Execution\":{\"#attributes\":{\"ProcessID\":904,\"ThreadID\":2140}},\"Channel\":\"Microsoft-Windows-WindowsUpdateClient/Operational\",\"Computer\":\"evtx-PC\",\"Security\":{\"#attributes\":{\"UserID\":\"S-1-5-18\"}}},\"EventData\":null}}",
  "xml_fields": {
    "provider": "Microsoft-Windows-WindowsUpdateClient",
    "event_id": "30",
    "timestamp": "2022-04-04T10:09:27.739359Z",
    "event_record_id": "1",
    "level": "4",
    "task": "1",
    "opcode": "17",
    "keywords": "0x4000000000000001",
    "channel": "Microsoft-Windows-WindowsUpdateClient/Operational",
    "computer": "evtx-PC"
  },
  "json_fields": {
    "provider": "Microsoft-Windows-WindowsUpdateClient",
    "channel": "Microsoft-Windows-WindowsUpdateClient/Operational",
    "event_id": "30",
    "timestamp": "2022-04-04T10:09:27.739359Z",
    "event_record_id": "1",
    "level": "4",
    "task": "1",
    "opcode": "17",
    "keywords": "0x4000000000000001",
    "computer": "evtx-PC"
  }
}