{
  "event_id": "30",
  "provider": "Microsoft-Windows-Kernel-Boot",
  "channel": "System",
  "source_file": "D:\\visual code file\\Project_4\\Event-Analyzer\\test\\Benign\\win2022-0-20348-azure\\System.evtx",
  "event_record_id": 704,
  "xml": "<?xml version=\"1.0\" encoding=\"utf-8\"?>\n<Event xmlns=\"http://schemas.microsoft.com/win/2004/08/events/event\">\n  <System>\n    <Provider Name=\"Microsoft-Windows-Kernel-Boot\" Guid=\"15CA44FF-4D7A-4BAA-BBA5-0998955E531E\">\n    </Provider>\n    <EventID>30</EventID>\n    <Version>0</Version>\n    <Level>4</Level>\n    <Task>21</Task>\n    <Opcode>0</Opcode>\n    <Keywords>0x8000000000000000</Keywords>\n    <TimeCreated SystemTime=\"2022-09-18T09:12:24.617714Z\">\n    </TimeCreated>\n    <EventRecordID>704</EventRecordID>\n    <Correlation>\n    </Correlation>\n    <Execution ProcessID=\"4\" ThreadID=\"8\">\n    </Execution>\n    <Channel>System</Channel>\n    <Computer>Agamemnon</Computer>\n    <Security UserID=\"S-1-5-18\">\n    </Security>\n  </System>\n  <EventData>\n    <Data Name=\"ResetEndStart\">0</Data>\n    <Data Name=\"LoadOSImageStart\">703</Data>\n    <Data Name=\"StartOSImageStart\">705</Data>\n    <Data Name=\"ExitBootServicesEntry\">4903</Data>\n    <Data Name=\"ExitBootServicesExit\">4904</Data>\n  </EventData>\n</Event>\n",
  "json": "{\"Event\":{\"#attributes\":{\"xmlns\":\"http://schemas.microsoft.com/win/2004/08/events/event\"},\"System\":{\"Provider\":{\"#attributes\":{\"Name\":\"Microsoft-Windows-Kernel-Boot\",\"Guid\":\"15CA44FF-4D7A-4BAA-BBA5-0998955E531E\"}},\"EventID\":30,\"Version\":0,\"Level\":4,\"Task\":21,\"Opcode\":0,\"Keywords\":\"0x8000000000000000\",\"TimeCreated\":{\"#attributes\":{\"SystemTime\":\"2022-09-18T09:12:24.617714Z\"}},\"EventRecordID\":704,\"Correlation\":null,\"Execution\":{\"#attributes\":{\"ProcessID\":4,\"ThreadID\":8}},\"Channel\":\"System\",\"Computer\":\"Agamemnon\",\"Security\":{\"#attributes\":{\"UserID\":\"S-1-5-18\"}}},\"EventData\":{\"ResetEndStart\":0,\"LoadOSImageStart\":703,\"StartOSImageStart\":705,\"ExitBootServicesEntry\":4903,\"ExitBootServicesExit\":4904}}}",
  "xml_fields": {
    "provider": "Microsoft-Windows-Kernel-Boot",
    "event_id": "30",
    "timestamp": "2022-09-18T09:12:24.617714Z",
    "event_record_id": "704",
    "level": "4",
    "task": "21",
    "opcode": "0",
    "keywords": "0x8000000000000000",
    "channel": "System",
    "computer": "Agamemnon",
    "ResetEndStart": "0",
    "LoadOSImageStart": "703",
    "StartOSImageStart": "705",
    "ExitBootServicesEntry": "4903",
    "ExitBootServicesExit": "4904"
  },
  "json_fields": {
    "provider": "Microsoft-Windows-Kernel-Boot",
    "channel": "System",
    "event_id": "30",
    "timestamp": "2022-09-18T09:12:24.617714Z",
    "event_record_id": "704",
    "level": "4",
    "task": "21",
    "opcode": "0",
    "keywords": "0x8000000000000000",
    "computer": "Agamemnon",
    "ResetEndStart": "0",
    "LoadOSImageStart": "703",
    "StartOSImageStart": "705",
    "ExitBootServicesEntry": "4903",
    "ExitBootServicesExit": "4904"
  }
}