{
  "event_id": "316",
  "provider": "Microsoft-Windows-PrintService",
  "channel": "Microsoft-Windows-PrintService/Operational",
  "source_file": "D:\\visual code file\\Project_4\\Event-Analyzer\\test\\Malicious\\EVTX-to-MITRE-Attack-master\\TA0004-Privilege Escalation\\T1574-DLL side-loading\\ID316,300,301,316,823,848-Mimispool printer server instal.evtx",
  "event_record_id": 7,
  "xml": "<?xml version=\"1.0\" encoding=\"utf-8\"?>\n<Event xmlns=\"http://schemas.microsoft.com/win/2004/08/events/event\">\n  <System>\n    <Provider Name=\"Microsoft-Windows-PrintService\" Guid=\"747EF6FD-E535-4D16-B510-42C90F6873A1\">\n    </Provider>\n    <EventID>316</EventID>\n    <Version>0</Version>\n    <Level>4</Level>\n    <Task>8</Task>\n    <Opcode>11</Opcode>\n    <Keywords>0x4000000000000900</Keywords>\n    <TimeCreated SystemTime=\"2021-10-27T10:14:27.309949Z\">\n    </TimeCreated>\n    <EventRecordID>153</EventRecordID>\n    <Correlation>\n    </Correlation>\n    <Execution ProcessID=\"2552\" ThreadID=\"4028\">\n    </Execution>\n    <Channel>Microsoft-Windows-PrintService/Operational</Channel>\n    <Computer>fs03vuln.offsec.lan</Computer>\n    <Security UserID=\"S-1-5-18\">\n    </Security>\n  </System>\n  <UserData>\n    <DriverAdded xmlns=\"http://manifests.microsoft.com/win/2005/08/windows/printing/spooler/core/events\">\n      <Param1>Generic / Text Only</Param1>\n      <Param2>Windows x64</Param2>\n      <Param3>Version-3</Param3>\n      <Param4>UNIDRV.DLL, UNIDRVUI.DLL, TTY.GPD, UNIDRV.HLP, TTYRES.DLL, TTY.INI, TTY.DLL, TTYUI.DLL, TTYUI.HLP, UNIRES.DLL, STDNAMES.GPD, STDDTYPE.GDL, STDSCHEM.GDL, STDSCHMX.GDL</Param4>\n    </DriverAdded>\n  </UserData>\n</Event>\n",
  "json": "{\"Event\":{\"#attributes\":{\"xmlns\":\"http://schemas.microsoft.com/win/2004/08/events/event\"},\"System\":{\"Provider\":{\"#attributes\":{\"Name\":\"Microsoft-Windows-PrintService\",\"Guid\":\"747EF6FD-E535-4D16-B510-42C90F6873A1\"}},\"EventID\":316,\"Version\":0,\"Level\":4,\"Task\":8,\"Opcode\":11,\"Keywords\":\"0x4000000000000900\",\"TimeCreated\":{\"#attributes\":{\"SystemTime\":\"2021-10-27T10:14:27.309949Z\"}},\"EventRecordID\":153,\"Correlation\":null,\"Execution\":{\"#attributes\":{\"ProcessID\":2552,\"ThreadID\":4028}},\"Channel\":\"Microsoft-Windows-PrintService/Operational\",\"Computer\":\"fs03vuln.offsec.lan\",\"Security\":{\"#attributes\":{\"UserID\":\"S-1-5-18\"}}},\"UserData\":{\"DriverAdded\":{\"#attributes\":{\"xmlns\":\"http://manifests.microsoft.com/win/2005/08/windows/printing/spooler/core/events\"},\"Param1\":\"Generic / Text Only\",\"Param2\":\"Windows x64\",\"Param3\":\"Version-3\",\"Param4\":\"UNIDRV.DLL, UNIDRVUI.DLL, TTY.GPD, UNIDRV.HLP, TTYRES.DLL, TTY.INI, TTY.DLL, TTYUI.DLL, TTYUI.HLP, UNIRES.DLL, STDNAMES.GPD, STDDTYPE.GDL, STDSCHEM.GDL, STDSCHMX.GDL\"}}}}",
  "xml_fields": {
    "provider": "Microsoft-Windows-PrintService",
    "event_id": "316",
    "timestamp": "2021-10-27T10:14:27.309949Z",
    "event_record_id": "153",
    "level": "4",
    "task": "8",
    "opcode": "11",
    "keywords": "0x4000000000000900",
    "channel": "Microsoft-Windows-PrintService/Operational",
    "computer": "fs03vuln.offsec.lan",
    "Param1": "Generic / Text Only",
    "Param2": "Windows x64",
    "Param3": "Version-3",
    "Param4": "UNIDRV.DLL, UNIDRVUI.DLL, TTY.GPD, UNIDRV.HLP, TTYRES.DLL, TTY.INI, TTY.DLL, TTYUI.DLL, TTYUI.HLP, UNIRES.DLL, STDNAMES.GPD, STDDTYPE.GDL, STDSCHEM.GDL, STDSCHMX.GDL"
  },
  "json_fields": {
    "provider": "Microsoft-Windows-PrintService",
    "channel": "Microsoft-Windows-PrintService/Operational",
    "event_id": "316",
    "timestamp": "2021-10-27T10:14:27.309949Z",
    "event_record_id": "153",
    "level": "4",
    "task": "8",
    "opcode": "11",
    "keywords": "0x4000000000000900",
    "computer": "fs03vuln.offsec.lan",
    "Param1": "Generic / Text Only",
    "Param2": "Windows x64",
    "Param3": "Version-3",
    "Param4": "UNIDRV.DLL, UNIDRVUI.DLL, TTY.GPD, UNIDRV.HLP, TTYRES.DLL, TTY.INI, TTY.DLL, TTYUI.DLL, TTYUI.HLP, UNIRES.DLL, STDNAMES.GPD, STDDTYPE.GDL, STDSCHEM.GDL, STDSCHMX.GDL"
  }
}