{
  "event_id": "317",
  "provider": "Microsoft-Windows-PrintService",
  "channel": "Microsoft-Windows-PrintService/Operational",
  "source_file": "D:\\visual code file\\Project_4\\Event-Analyzer\\test\\Malicious\\EVTX-to-MITRE-Attack-master\\TA0004-Privilege Escalation\\T1574-DLL side-loading\\ID354-808-Mimispool printer installation (PrintNightmare).evtx",
  "event_record_id": 14,
  "xml": "<?xml version=\"1.0\" encoding=\"utf-8\"?>\n<Event xmlns=\"http://schemas.microsoft.com/win/2004/08/events/event\">\n  <System>\n    <Provider Name=\"Microsoft-Windows-PrintService\" Guid=\"747EF6FD-E535-4D16-B510-42C90F6873A1\">\n    </Provider>\n    <EventID>317</EventID>\n    <Version>0</Version>\n    <Level>4</Level>\n    <Task>9</Task>\n    <Opcode>11</Opcode>\n    <Keywords>0x4000000000000900</Keywords>\n    <TimeCreated SystemTime=\"2021-10-27T10:28:26.494838Z\">\n    </TimeCreated>\n    <EventRecordID>10</EventRecordID>\n    <Correlation>\n    </Correlation>\n    <Execution ProcessID=\"1048\" ThreadID=\"3768\">\n    </Execution>\n    <Channel>Microsoft-Windows-PrintService/Operational</Channel>\n    <Computer>FS03.offsec.lan</Computer>\n    <Security UserID=\"S-1-5-21-4230534742-2542757381-3142984815-1111\">\n    </Security>\n  </System>\n  <UserData>\n    <DriverDeleted xmlns=\"http://manifests.microsoft.com/win/2005/08/windows/printing/spooler/core/events\">\n      <Param1>Generic / Text Only</Param1>\n    </DriverDeleted>\n  </UserData>\n</Event>\n",
  "json": "{\"Event\":{\"#attributes\":{\"xmlns\":\"http://schemas.microsoft.com/win/2004/08/events/event\"},\"System\":{\"Provider\":{\"#attributes\":{\"Name\":\"Microsoft-Windows-PrintService\",\"Guid\":\"747EF6FD-E535-4D16-B510-42C90F6873A1\"}},\"EventID\":317,\"Version\":0,\"Level\":4,\"Task\":9,\"Opcode\":11,\"Keywords\":\"0x4000000000000900\",\"TimeCreated\":{\"#attributes\":{\"SystemTime\":\"2021-10-27T10:28:26.494838Z\"}},\"EventRecordID\":10,\"Correlation\":null,\"Execution\":{\"#attributes\":{\"ProcessID\":1048,\"ThreadID\":3768}},\"Channel\":\"Microsoft-Windows-PrintService/Operational\",\"Computer\":\"FS03.offsec.lan\",\"Security\":{\"#attributes\":{\"UserID\":\"S-1-5-21-4230534742-2542757381-3142984815-1111\"}}},\"UserData\":{\"DriverDeleted\":{\"#attributes\":{\"xmlns\":\"http://manifests.microsoft.com/win/2005/08/windows/printing/spooler/core/events\"},\"Param1\":\"Generic / Text Only\"}}}}",
  "xml_fields": {
    "provider": "Microsoft-Windows-PrintService",
    "event_id": "317",
    "timestamp": "2021-10-27T10:28:26.494838Z",
    "event_record_id": "10",
    "level": "4",
    "task": "9",
    "opcode": "11",
    "keywords": "0x4000000000000900",
    "channel": "Microsoft-Windows-PrintService/Operational",
    "computer": "FS03.offsec.lan",
    "Param1": "Generic / Text Only"
  },
  "json_fields": {
    "provider": "Microsoft-Windows-PrintService",
    "channel": "Microsoft-Windows-PrintService/Operational",
    "event_id": "317",
    "timestamp": "2021-10-27T10:28:26.494838Z",
    "event_record_id": "10",
    "level": "4",
    "task": "9",
    "opcode": "11",
    "keywords": "0x4000000000000900",
    "computer": "FS03.offsec.lan",
    "Param1": "Generic / Text Only"
  }
}