{
  "event_id": "319",
  "provider": "Microsoft-Windows-AppXDeployment-Server",
  "channel": "Microsoft-Windows-AppXDeploymentServer/Operational",
  "source_file": "D:\\visual code file\\Project_4\\Event-Analyzer\\test\\Logs\\Microsoft-Windows-AppXDeploymentServer%4Operational.evtx",
  "event_record_id": 13156,
  "xml": "<?xml version=\"1.0\" encoding=\"utf-8\"?>\n<Event xmlns=\"http://schemas.microsoft.com/win/2004/08/events/event\">\n  <System>\n    <Provider Name=\"Microsoft-Windows-AppXDeployment-Server\" Guid=\"3F471139-ACB7-4A01-B7A7-FF5DA4BA2D43\">\n    </Provider>\n    <EventID>319</EventID>\n    <Version>0</Version>\n    <Level>2</Level>\n    <Task>1</Task>\n    <Opcode>0</Opcode>\n    <Keywords>0x4000000000000004</Keywords>\n    <TimeCreated SystemTime=\"2025-01-24T10:52:11.590853Z\">\n    </TimeCreated>\n    <EventRecordID>13156</EventRecordID>\n    <Correlation ActivityID=\"B61EC021-6E4D-0000-07C5-1EB64D6EDB01\">\n    </Correlation>\n    <Execution ProcessID=\"1320\" ThreadID=\"5240\">\n    </Execution>\n    <Channel>Microsoft-Windows-AppXDeploymentServer/Operational</Channel>\n    <Computer>CTO-FILESVR</Computer>\n    <Security UserID=\"S-1-5-21-3088055692-629932344-1786574096-1003\">\n    </Security>\n  </System>\n  <EventData>\n    <Data Name=\"PackageName\">Microsoft.MicrosoftEdge_44.19041.1266.0_neutral__8wekyb3d8bbwe</Data>\n    <Data Name=\"ErrorText\">ResourceMap Not Found.\r\n</Data>\n    <Data Name=\"ErrorCode\">0x80073b1f</Data>\n  </EventData>\n</Event>\n",
  "json": "{\"Event\":{\"#attributes\":{\"xmlns\":\"http://schemas.microsoft.com/win/2004/08/events/event\"},\"System\":{\"Provider\":{\"#attributes\":{\"Name\":\"Microsoft-Windows-AppXDeployment-Server\",\"Guid\":\"3F471139-ACB7-4A01-B7A7-FF5DA4BA2D43\"}},\"EventID\":319,\"Version\":0,\"Level\":2,\"Task\":1,\"Opcode\":0,\"Keywords\":\"0x4000000000000004\",\"TimeCreated\":{\"#attributes\":{\"SystemTime\":\"2025-01-24T10:52:11.590853Z\"}},\"EventRecordID\":13156,\"Correlation\":{\"#attributes\":{\"ActivityID\":\"B61EC021-6E4D-0000-07C5-1EB64D6EDB01\"}},\"Execution\":{\"#attributes\":{\"ProcessID\":1320,\"ThreadID\":5240}},\"Channel\":\"Microsoft-Windows-AppXDeploymentServer/Operational\",\"Computer\":\"CTO-FILESVR\",\"Security\":{\"#attributes\":{\"UserID\":\"S-1-5-21-3088055692-629932344-1786574096-1003\"}}},\"EventData\":{\"PackageName\":\"Microsoft.MicrosoftEdge_44.19041.1266.0_neutral__8wekyb3d8bbwe\",\"ErrorText\":\"ResourceMap Not Found.\\r\\n\",\"ErrorCode\":\"0x80073b1f\"}}}",
  "xml_fields": {
    "provider": "Microsoft-Windows-AppXDeployment-Server",
    "event_id": "319",
    "timestamp": "2025-01-24T10:52:11.590853Z",
    "event_record_id": "13156",
    "level": "2",
    "task": "1",
    "opcode": "0",
    "keywords": "0x4000000000000004",
    "channel": "Microsoft-Windows-AppXDeploymentServer/Operational",
    "computer": "CTO-FILESVR",
    "PackageName": "Microsoft.MicrosoftEdge_44.19041.1266.0_neutral__8wekyb3d8bbwe",
    "ErrorText": "ResourceMap Not Found.\n",
    "ErrorCode": "0x80073b1f"
  },
  "json_fields": {
    "provider": "Microsoft-Windows-AppXDeployment-Server",
    "channel": "Microsoft-Windows-AppXDeploymentServer/Operational",
    "event_id": "319",
    "timestamp": "2025-01-24T10:52:11.590853Z",
    "event_record_id": "13156",
    "level": "2",
    "task": "1",
    "opcode": "0",
    "keywords": "0x4000000000000004",
    "computer": "CTO-FILESVR",
    "PackageName": "Microsoft.MicrosoftEdge_44.19041.1266.0_neutral__8wekyb3d8bbwe",
    "ErrorText": "ResourceMap Not Found.\r\n",
    "ErrorCode": "0x80073b1f"
  }
}