{
  "event_id": "319",
  "provider": "Microsoft-Windows-AppReadiness",
  "channel": "Microsoft-Windows-AppReadiness/Admin",
  "source_file": "D:\\visual code file\\Project_4\\Event-Analyzer\\test\\Benign\\Logs_Win11_2023\\Microsoft-Windows-AppReadiness%4Admin.evtx",
  "event_record_id": 335,
  "xml": "<?xml version=\"1.0\" encoding=\"utf-8\"?>\n<Event xmlns=\"http://schemas.microsoft.com/win/2004/08/events/event\">\n  <System>\n    <Provider Name=\"Microsoft-Windows-AppReadiness\" Guid=\"F0BE35F8-237B-4814-86B5-ADE51192E503\">\n    </Provider>\n    <EventID>319</EventID>\n    <Version>0</Version>\n    <Level>2</Level>\n    <Task>23</Task>\n    <Opcode>0</Opcode>\n    <Keywords>0x8000000000000004</Keywords>\n    <TimeCreated SystemTime=\"2023-11-05T22:26:20.821793Z\">\n    </TimeCreated>\n    <EventRecordID>335</EventRecordID>\n    <Correlation ActivityID=\"F590C418-1079-0003-E7D4-90F57910DA01\">\n    </Correlation>\n    <Execution ProcessID=\"1864\" ThreadID=\"3472\">\n    </Execution>\n    <Channel>Microsoft-Windows-AppReadiness/Admin</Channel>\n    <Computer>WinDev2310Eval</Computer>\n    <Security UserID=\"S-1-5-18\">\n    </Security>\n  </System>\n  <EventData>\n    <Data Name=\"PackageId\">Microsoft.MicrosoftEdge.Stable_118.0.2088.61_neutral__8wekyb3d8bbwe</Data>\n    <Data Name=\"Result\">-2147024846</Data>\n  </EventData>\n</Event>\n",
  "json": "{\"Event\":{\"#attributes\":{\"xmlns\":\"http://schemas.microsoft.com/win/2004/08/events/event\"},\"System\":{\"Provider\":{\"#attributes\":{\"Name\":\"Microsoft-Windows-AppReadiness\",\"Guid\":\"F0BE35F8-237B-4814-86B5-ADE51192E503\"}},\"EventID\":319,\"Version\":0,\"Level\":2,\"Task\":23,\"Opcode\":0,\"Keywords\":\"0x8000000000000004\",\"TimeCreated\":{\"#attributes\":{\"SystemTime\":\"2023-11-05T22:26:20.821793Z\"}},\"EventRecordID\":335,\"Correlation\":{\"#attributes\":{\"ActivityID\":\"F590C418-1079-0003-E7D4-90F57910DA01\"}},\"Execution\":{\"#attributes\":{\"ProcessID\":1864,\"ThreadID\":3472}},\"Channel\":\"Microsoft-Windows-AppReadiness/Admin\",\"Computer\":\"WinDev2310Eval\",\"Security\":{\"#attributes\":{\"UserID\":\"S-1-5-18\"}}},\"EventData\":{\"PackageId\":\"Microsoft.MicrosoftEdge.Stable_118.0.2088.61_neutral__8wekyb3d8bbwe\",\"Result\":-2147024846}}}",
  "xml_fields": {
    "provider": "Microsoft-Windows-AppReadiness",
    "event_id": "319",
    "timestamp": "2023-11-05T22:26:20.821793Z",
    "event_record_id": "335",
    "level": "2",
    "task": "23",
    "opcode": "0",
    "keywords": "0x8000000000000004",
    "channel": "Microsoft-Windows-AppReadiness/Admin",
    "computer": "WinDev2310Eval",
    "PackageId": "Microsoft.MicrosoftEdge.Stable_118.0.2088.61_neutral__8wekyb3d8bbwe",
    "Result": "-2147024846"
  },
  "json_fields": {
    "provider": "Microsoft-Windows-AppReadiness",
    "channel": "Microsoft-Windows-AppReadiness/Admin",
    "event_id": "319",
    "timestamp": "2023-11-05T22:26:20.821793Z",
    "event_record_id": "335",
    "level": "2",
    "task": "23",
    "opcode": "0",
    "keywords": "0x8000000000000004",
    "computer": "WinDev2310Eval",
    "PackageId": "Microsoft.MicrosoftEdge.Stable_118.0.2088.61_neutral__8wekyb3d8bbwe",
    "Result": "-2147024846"
  }
}