{
  "event_id": "31",
  "provider": "Microsoft-Windows-RemoteAssistance",
  "channel": "Microsoft-Windows-RemoteAssistance/Operational",
  "source_file": "D:\\visual code file\\Project_4\\Event-Analyzer\\test\\Benign\\Logs_Win11\\Microsoft-Windows-RemoteAssistance%4Operational.evtx",
  "event_record_id": 1,
  "xml": "<?xml version=\"1.0\" encoding=\"utf-8\"?>\n<Event xmlns=\"http://schemas.microsoft.com/win/2004/08/events/event\">\n  <System>\n    <Provider Name=\"Microsoft-Windows-RemoteAssistance\" Guid=\"5B0A651A-8807-45CC-9656-7579815B6AF0\">\n    </Provider>\n    <EventID>31</EventID>\n    <Version>0</Version>\n    <Level>5</Level>\n    <Task>0</Task>\n    <Opcode>0</Opcode>\n    <Keywords>0x8000000000000000</Keywords>\n    <TimeCreated SystemTime=\"2022-03-01T16:58:52.483389Z\">\n    </TimeCreated>\n    <EventRecordID>1</EventRecordID>\n    <Correlation>\n    </Correlation>\n    <Execution ProcessID=\"4020\" ThreadID=\"4156\">\n    </Execution>\n    <Channel>Microsoft-Windows-RemoteAssistance/Operational</Channel>\n    <Computer>DESKTOP-6D0DBMB</Computer>\n    <Security UserID=\"S-1-5-18\">\n    </Security>\n  </System>\n  <EventData>\n  </EventData>\n</Event>\n",
  "json": "{\"Event\":{\"#attributes\":{\"xmlns\":\"http://schemas.microsoft.com/win/2004/08/events/event\"},\"System\":{\"Provider\":{\"#attributes\":{\"Name\":\"Microsoft-Windows-RemoteAssistance\",\"Guid\":\"5B0A651A-8807-45CC-9656-7579815B6AF0\"}},\"EventID\":31,\"Version\":0,\"Level\":5,\"Task\":0,\"Opcode\":0,\"Keywords\":\"0x8000000000000000\",\"TimeCreated\":{\"#attributes\":{\"SystemTime\":\"2022-03-01T16:58:52.483389Z\"}},\"EventRecordID\":1,\"Correlation\":null,\"Execution\":{\"#attributes\":{\"ProcessID\":4020,\"ThreadID\":4156}},\"Channel\":\"Microsoft-Windows-RemoteAssistance/Operational\",\"Computer\":\"DESKTOP-6D0DBMB\",\"Security\":{\"#attributes\":{\"UserID\":\"S-1-5-18\"}}},\"EventData\":null}}",
  "xml_fields": {
    "provider": "Microsoft-Windows-RemoteAssistance",
    "event_id": "31",
    "timestamp": "2022-03-01T16:58:52.483389Z",
    "event_record_id": "1",
    "level": "5",
    "task": "0",
    "opcode": "0",
    "keywords": "0x8000000000000000",
    "channel": "Microsoft-Windows-RemoteAssistance/Operational",
    "computer": "DESKTOP-6D0DBMB"
  },
  "json_fields": {
    "provider": "Microsoft-Windows-RemoteAssistance",
    "channel": "Microsoft-Windows-RemoteAssistance/Operational",
    "event_id": "31",
    "timestamp": "2022-03-01T16:58:52.483389Z",
    "event_record_id": "1",
    "level": "5",
    "task": "0",
    "opcode": "0",
    "keywords": "0x8000000000000000",
    "computer": "DESKTOP-6D0DBMB"
  }
}