{
  "event_id": "31",
  "provider": "Microsoft-Windows-WindowsUpdateClient",
  "channel": "Microsoft-Windows-WindowsUpdateClient/Operational",
  "source_file": "D:\\visual code file\\Project_4\\Event-Analyzer\\test\\Logs\\Microsoft-Windows-WindowsUpdateClient%4Operational.evtx",
  "event_record_id": 92,
  "xml": "<?xml version=\"1.0\" encoding=\"utf-8\"?>\n<Event xmlns=\"http://schemas.microsoft.com/win/2004/08/events/event\">\n  <System>\n    <Provider Name=\"Microsoft-Windows-WindowsUpdateClient\" Guid=\"945A8954-C147-4ACD-923F-40C45405A658\">\n    </Provider>\n    <EventID>31</EventID>\n    <Version>1</Version>\n    <Level>2</Level>\n    <Task>1</Task>\n    <Opcode>12</Opcode>\n    <Keywords>0x4000000000000024</Keywords>\n    <TimeCreated SystemTime=\"2025-01-24T10:06:30.803331Z\">\n    </TimeCreated>\n    <EventRecordID>92</EventRecordID>\n    <Correlation>\n    </Correlation>\n    <Execution ProcessID=\"5704\" ThreadID=\"7444\">\n    </Execution>\n    <Channel>Microsoft-Windows-WindowsUpdateClient/Operational</Channel>\n    <Computer>CTO-FILESVR</Computer>\n    <Security UserID=\"S-1-5-18\">\n    </Security>\n  </System>\n  <EventData>\n    <Data Name=\"updateTitle\">Windows Malicious Software Removal Tool x64 - v5.131 (KB890830)</Data>\n    <Data Name=\"errorCode\">0x80070003</Data>\n    <Data Name=\"updateGuid\">BDAAB34A-FB09-4A7E-A130-4DC032AE012A</Data>\n    <Data Name=\"updateRevisionNumber\">200</Data>\n  </EventData>\n</Event>\n",
  "json": "{\"Event\":{\"#attributes\":{\"xmlns\":\"http://schemas.microsoft.com/win/2004/08/events/event\"},\"System\":{\"Provider\":{\"#attributes\":{\"Name\":\"Microsoft-Windows-WindowsUpdateClient\",\"Guid\":\"945A8954-C147-4ACD-923F-40C45405A658\"}},\"EventID\":31,\"Version\":1,\"Level\":2,\"Task\":1,\"Opcode\":12,\"Keywords\":\"0x4000000000000024\",\"TimeCreated\":{\"#attributes\":{\"SystemTime\":\"2025-01-24T10:06:30.803331Z\"}},\"EventRecordID\":92,\"Correlation\":null,\"Execution\":{\"#attributes\":{\"ProcessID\":5704,\"ThreadID\":7444}},\"Channel\":\"Microsoft-Windows-WindowsUpdateClient/Operational\",\"Computer\":\"CTO-FILESVR\",\"Security\":{\"#attributes\":{\"UserID\":\"S-1-5-18\"}}},\"EventData\":{\"updateTitle\":\"Windows Malicious Software Removal Tool x64 - v5.131 (KB890830)\",\"errorCode\":\"0x80070003\",\"updateGuid\":\"BDAAB34A-FB09-4A7E-A130-4DC032AE012A\",\"updateRevisionNumber\":200}}}",
  "xml_fields": {
    "provider": "Microsoft-Windows-WindowsUpdateClient",
    "event_id": "31",
    "timestamp": "2025-01-24T10:06:30.803331Z",
    "event_record_id": "92",
    "level": "2",
    "task": "1",
    "opcode": "12",
    "keywords": "0x4000000000000024",
    "channel": "Microsoft-Windows-WindowsUpdateClient/Operational",
    "computer": "CTO-FILESVR",
    "updateTitle": "Windows Malicious Software Removal Tool x64 - v5.131 (KB890830)",
    "errorCode": "0x80070003",
    "updateGuid": "BDAAB34A-FB09-4A7E-A130-4DC032AE012A",
    "updateRevisionNumber": "200"
  },
  "json_fields": {
    "provider": "Microsoft-Windows-WindowsUpdateClient",
    "channel": "Microsoft-Windows-WindowsUpdateClient/Operational",
    "event_id": "31",
    "timestamp": "2025-01-24T10:06:30.803331Z",
    "event_record_id": "92",
    "level": "2",
    "task": "1",
    "opcode": "12",
    "keywords": "0x4000000000000024",
    "computer": "CTO-FILESVR",
    "updateTitle": "Windows Malicious Software Removal Tool x64 - v5.131 (KB890830)",
    "errorCode": "0x80070003",
    "updateGuid": "BDAAB34A-FB09-4A7E-A130-4DC032AE012A",
    "updateRevisionNumber": "200"
  }
}