{
  "event_id": "322",
  "provider": "Microsoft-Windows-TaskScheduler",
  "channel": "Microsoft-Windows-TaskScheduler/Operational",
  "source_file": "D:\\visual code file\\Project_4\\Event-Analyzer\\test\\Benign\\Logs_Win11_2023\\Microsoft-Windows-TaskScheduler%4Operational.evtx",
  "event_record_id": 4,
  "xml": "<?xml version=\"1.0\" encoding=\"utf-8\"?>\n<Event xmlns=\"http://schemas.microsoft.com/win/2004/08/events/event\">\n  <System>\n    <Provider Name=\"Microsoft-Windows-TaskScheduler\" Guid=\"DE7B24EA-73C8-4A09-985D-5BDADCFA9017\">\n    </Provider>\n    <EventID>322</EventID>\n    <Version>0</Version>\n    <Level>3</Level>\n    <Task>322</Task>\n    <Opcode>0</Opcode>\n    <Keywords>0x8000000000000000</Keywords>\n    <TimeCreated SystemTime=\"2023-11-05T22:51:37.997506Z\">\n    </TimeCreated>\n    <EventRecordID>4</EventRecordID>\n    <Correlation ActivityID=\"FC5547C0-1E78-47DA-BC40-DF3E7BFD1917\">\n    </Correlation>\n    <Execution ProcessID=\"1392\" ThreadID=\"9476\">\n    </Execution>\n    <Channel>Microsoft-Windows-TaskScheduler/Operational</Channel>\n    <Computer>WinDev2310Eval</Computer>\n    <Security UserID=\"S-1-5-18\">\n    </Security>\n  </System>\n  <EventData Name=\"NewInstanceIgnored\">\n    <Data Name=\"TaskName\">\\Microsoft\\Windows\\Flighting\\FeatureConfig\\ReconcileFeatures</Data>\n    <Data Name=\"TaskInstanceId\">FC5547C0-1E78-47DA-BC40-DF3E7BFD1917</Data>\n  </EventData>\n</Event>\n",
  "json": "{\"Event\":{\"#attributes\":{\"xmlns\":\"http://schemas.microsoft.com/win/2004/08/events/event\"},\"System\":{\"Provider\":{\"#attributes\":{\"Name\":\"Microsoft-Windows-TaskScheduler\",\"Guid\":\"DE7B24EA-73C8-4A09-985D-5BDADCFA9017\"}},\"EventID\":322,\"Version\":0,\"Level\":3,\"Task\":322,\"Opcode\":0,\"Keywords\":\"0x8000000000000000\",\"TimeCreated\":{\"#attributes\":{\"SystemTime\":\"2023-11-05T22:51:37.997506Z\"}},\"EventRecordID\":4,\"Correlation\":{\"#attributes\":{\"ActivityID\":\"FC5547C0-1E78-47DA-BC40-DF3E7BFD1917\"}},\"Execution\":{\"#attributes\":{\"ProcessID\":1392,\"ThreadID\":9476}},\"Channel\":\"Microsoft-Windows-TaskScheduler/Operational\",\"Computer\":\"WinDev2310Eval\",\"Security\":{\"#attributes\":{\"UserID\":\"S-1-5-18\"}}},\"EventData\":{\"#attributes\":{\"Name\":\"NewInstanceIgnored\"},\"TaskName\":\"\\\\Microsoft\\\\Windows\\\\Flighting\\\\FeatureConfig\\\\ReconcileFeatures\",\"TaskInstanceId\":\"FC5547C0-1E78-47DA-BC40-DF3E7BFD1917\"}}}",
  "xml_fields": {
    "provider": "Microsoft-Windows-TaskScheduler",
    "event_id": "322",
    "timestamp": "2023-11-05T22:51:37.997506Z",
    "event_record_id": "4",
    "level": "3",
    "task": "322",
    "opcode": "0",
    "keywords": "0x8000000000000000",
    "channel": "Microsoft-Windows-TaskScheduler/Operational",
    "computer": "WinDev2310Eval",
    "TaskName": "\\Microsoft\\Windows\\Flighting\\FeatureConfig\\ReconcileFeatures",
    "TaskInstanceId": "FC5547C0-1E78-47DA-BC40-DF3E7BFD1917"
  },
  "json_fields": {
    "provider": "Microsoft-Windows-TaskScheduler",
    "channel": "Microsoft-Windows-TaskScheduler/Operational",
    "event_id": "322",
    "timestamp": "2023-11-05T22:51:37.997506Z",
    "event_record_id": "4",
    "level": "3",
    "task": "322",
    "opcode": "0",
    "keywords": "0x8000000000000000",
    "computer": "WinDev2310Eval",
    "TaskName": "\\Microsoft\\Windows\\Flighting\\FeatureConfig\\ReconcileFeatures",
    "TaskInstanceId": "FC5547C0-1E78-47DA-BC40-DF3E7BFD1917"
  }
}