{
  "event_id": "324",
  "provider": "Microsoft-Windows-AppReadiness",
  "channel": "Microsoft-Windows-AppReadiness/Admin",
  "source_file": "D:\\visual code file\\Project_4\\Event-Analyzer\\test\\Logs\\Microsoft-Windows-AppReadiness%4Admin.evtx",
  "event_record_id": 186,
  "xml": "<?xml version=\"1.0\" encoding=\"utf-8\"?>\n<Event xmlns=\"http://schemas.microsoft.com/win/2004/08/events/event\">\n  <System>\n    <Provider Name=\"Microsoft-Windows-AppReadiness\" Guid=\"F0BE35F8-237B-4814-86B5-ADE51192E503\">\n    </Provider>\n    <EventID>324</EventID>\n    <Version>0</Version>\n    <Level>4</Level>\n    <Task>2</Task>\n    <Opcode>2</Opcode>\n    <Keywords>0x8000000000000004</Keywords>\n    <TimeCreated SystemTime=\"2024-11-04T12:47:41.500949Z\">\n    </TimeCreated>\n    <EventRecordID>186</EventRecordID>\n    <Correlation ActivityID=\"ABFE7217-2EB6-0000-A482-FEABB62EDB01\">\n    </Correlation>\n    <Execution ProcessID=\"3984\" ThreadID=\"4024\">\n    </Execution>\n    <Channel>Microsoft-Windows-AppReadiness/Admin</Channel>\n    <Computer>DESKTOP-P9H5FTA</Computer>\n    <Security UserID=\"S-1-5-18\">\n    </Security>\n  </System>\n  <EventData>\n    <Data Name=\"ExitCode\">0x0</Data>\n  </EventData>\n</Event>\n",
  "json": "{\"Event\":{\"#attributes\":{\"xmlns\":\"http://schemas.microsoft.com/win/2004/08/events/event\"},\"System\":{\"Provider\":{\"#attributes\":{\"Name\":\"Microsoft-Windows-AppReadiness\",\"Guid\":\"F0BE35F8-237B-4814-86B5-ADE51192E503\"}},\"EventID\":324,\"Version\":0,\"Level\":4,\"Task\":2,\"Opcode\":2,\"Keywords\":\"0x8000000000000004\",\"TimeCreated\":{\"#attributes\":{\"SystemTime\":\"2024-11-04T12:47:41.500949Z\"}},\"EventRecordID\":186,\"Correlation\":{\"#attributes\":{\"ActivityID\":\"ABFE7217-2EB6-0000-A482-FEABB62EDB01\"}},\"Execution\":{\"#attributes\":{\"ProcessID\":3984,\"ThreadID\":4024}},\"Channel\":\"Microsoft-Windows-AppReadiness/Admin\",\"Computer\":\"DESKTOP-P9H5FTA\",\"Security\":{\"#attributes\":{\"UserID\":\"S-1-5-18\"}}},\"EventData\":{\"ExitCode\":\"0x0\"}}}",
  "xml_fields": {
    "provider": "Microsoft-Windows-AppReadiness",
    "event_id": "324",
    "timestamp": "2024-11-04T12:47:41.500949Z",
    "event_record_id": "186",
    "level": "4",
    "task": "2",
    "opcode": "2",
    "keywords": "0x8000000000000004",
    "channel": "Microsoft-Windows-AppReadiness/Admin",
    "computer": "DESKTOP-P9H5FTA",
    "ExitCode": "0x0"
  },
  "json_fields": {
    "provider": "Microsoft-Windows-AppReadiness",
    "channel": "Microsoft-Windows-AppReadiness/Admin",
    "event_id": "324",
    "timestamp": "2024-11-04T12:47:41.500949Z",
    "event_record_id": "186",
    "level": "4",
    "task": "2",
    "opcode": "2",
    "keywords": "0x8000000000000004",
    "computer": "DESKTOP-P9H5FTA",
    "ExitCode": "0x0"
  }
}