{
  "event_id": "324",
  "provider": "Microsoft-Windows-TaskScheduler",
  "channel": "Microsoft-Windows-TaskScheduler/Operational",
  "source_file": "D:\\visual code file\\Project_4\\Event-Analyzer\\test\\Benign\\Logs_Win11_2023\\Microsoft-Windows-TaskScheduler%4Operational.evtx",
  "event_record_id": 999,
  "xml": "<?xml version=\"1.0\" encoding=\"utf-8\"?>\n<Event xmlns=\"http://schemas.microsoft.com/win/2004/08/events/event\">\n  <System>\n    <Provider Name=\"Microsoft-Windows-TaskScheduler\" Guid=\"DE7B24EA-73C8-4A09-985D-5BDADCFA9017\">\n    </Provider>\n    <EventID>324</EventID>\n    <Version>0</Version>\n    <Level>3</Level>\n    <Task>324</Task>\n    <Opcode>0</Opcode>\n    <Keywords>0x8000000000000000</Keywords>\n    <TimeCreated SystemTime=\"2023-11-06T01:41:42.776465Z\">\n    </TimeCreated>\n    <EventRecordID>999</EventRecordID>\n    <Correlation ActivityID=\"A0104592-5DBE-4AC7-B2A0-2CB2CC5B61A3\">\n    </Correlation>\n    <Execution ProcessID=\"1392\" ThreadID=\"12756\">\n    </Execution>\n    <Channel>Microsoft-Windows-TaskScheduler/Operational</Channel>\n    <Computer>WinDev2310Eval</Computer>\n    <Security UserID=\"S-1-5-18\">\n    </Security>\n  </System>\n  <EventData Name=\"NewInstanceQueued\">\n    <Data Name=\"TaskName\">\\microsoft\\windows\\applicationdata\\appuriverifierinstall</Data>\n    <Data Name=\"QueuedTaskInstanceId\">A0104592-5DBE-4AC7-B2A0-2CB2CC5B61A3</Data>\n    <Data Name=\"RunningTaskInstanceId\">B5155744-8897-4FDF-AC62-B9A099F510CF</Data>\n  </EventData>\n</Event>\n",
  "json": "{\"Event\":{\"#attributes\":{\"xmlns\":\"http://schemas.microsoft.com/win/2004/08/events/event\"},\"System\":{\"Provider\":{\"#attributes\":{\"Name\":\"Microsoft-Windows-TaskScheduler\",\"Guid\":\"DE7B24EA-73C8-4A09-985D-5BDADCFA9017\"}},\"EventID\":324,\"Version\":0,\"Level\":3,\"Task\":324,\"Opcode\":0,\"Keywords\":\"0x8000000000000000\",\"TimeCreated\":{\"#attributes\":{\"SystemTime\":\"2023-11-06T01:41:42.776465Z\"}},\"EventRecordID\":999,\"Correlation\":{\"#attributes\":{\"ActivityID\":\"A0104592-5DBE-4AC7-B2A0-2CB2CC5B61A3\"}},\"Execution\":{\"#attributes\":{\"ProcessID\":1392,\"ThreadID\":12756}},\"Channel\":\"Microsoft-Windows-TaskScheduler/Operational\",\"Computer\":\"WinDev2310Eval\",\"Security\":{\"#attributes\":{\"UserID\":\"S-1-5-18\"}}},\"EventData\":{\"#attributes\":{\"Name\":\"NewInstanceQueued\"},\"TaskName\":\"\\\\microsoft\\\\windows\\\\applicationdata\\\\appuriverifierinstall\",\"QueuedTaskInstanceId\":\"A0104592-5DBE-4AC7-B2A0-2CB2CC5B61A3\",\"RunningTaskInstanceId\":\"B5155744-8897-4FDF-AC62-B9A099F510CF\"}}}",
  "xml_fields": {
    "provider": "Microsoft-Windows-TaskScheduler",
    "event_id": "324",
    "timestamp": "2023-11-06T01:41:42.776465Z",
    "event_record_id": "999",
    "level": "3",
    "task": "324",
    "opcode": "0",
    "keywords": "0x8000000000000000",
    "channel": "Microsoft-Windows-TaskScheduler/Operational",
    "computer": "WinDev2310Eval",
    "TaskName": "\\microsoft\\windows\\applicationdata\\appuriverifierinstall",
    "QueuedTaskInstanceId": "A0104592-5DBE-4AC7-B2A0-2CB2CC5B61A3",
    "RunningTaskInstanceId": "B5155744-8897-4FDF-AC62-B9A099F510CF"
  },
  "json_fields": {
    "provider": "Microsoft-Windows-TaskScheduler",
    "channel": "Microsoft-Windows-TaskScheduler/Operational",
    "event_id": "324",
    "timestamp": "2023-11-06T01:41:42.776465Z",
    "event_record_id": "999",
    "level": "3",
    "task": "324",
    "opcode": "0",
    "keywords": "0x8000000000000000",
    "computer": "WinDev2310Eval",
    "TaskName": "\\microsoft\\windows\\applicationdata\\appuriverifierinstall",
    "QueuedTaskInstanceId": "A0104592-5DBE-4AC7-B2A0-2CB2CC5B61A3",
    "RunningTaskInstanceId": "B5155744-8897-4FDF-AC62-B9A099F510CF"
  }
}