{
  "event_id": "325",
  "provider": "Microsoft-Windows-AppXDeployment",
  "channel": "Microsoft-Windows-AppXDeployment/Operational",
  "source_file": "D:\\visual code file\\Project_4\\Event-Analyzer\\test\\Logs\\Microsoft-Windows-AppXDeployment%4Operational.evtx",
  "event_record_id": 5,
  "xml": "<?xml version=\"1.0\" encoding=\"utf-8\"?>\n<Event xmlns=\"http://schemas.microsoft.com/win/2004/08/events/event\">\n  <System>\n    <Provider Name=\"Microsoft-Windows-AppXDeployment\" Guid=\"8127F6D4-59F9-4ABF-8952-3E3A02073D5F\">\n    </Provider>\n    <EventID>325</EventID>\n    <Version>0</Version>\n    <Level>4</Level>\n    <Task>0</Task>\n    <Opcode>0</Opcode>\n    <Keywords>0x4000000000010000</Keywords>\n    <TimeCreated SystemTime=\"2024-11-04T12:35:00.454239Z\">\n    </TimeCreated>\n    <EventRecordID>5</EventRecordID>\n    <Correlation ActivityID=\"CC60C7CA-2F22-0000-94CC-60CC222FDB01\">\n    </Correlation>\n    <Execution ProcessID=\"764\" ThreadID=\"1784\">\n    </Execution>\n    <Channel>Microsoft-Windows-AppXDeployment/Operational</Channel>\n    <Computer>DESKTOP-P9H5FTA</Computer>\n    <Security UserID=\"S-1-5-18\">\n    </Security>\n  </System>\n  <EventData>\n    <Data Name=\"PackageFamilyName\">Microsoft.Windows.ContentDeliveryManager_cw5n1h2txyewy</Data>\n  </EventData>\n</Event>\n",
  "json": "{\"Event\":{\"#attributes\":{\"xmlns\":\"http://schemas.microsoft.com/win/2004/08/events/event\"},\"System\":{\"Provider\":{\"#attributes\":{\"Name\":\"Microsoft-Windows-AppXDeployment\",\"Guid\":\"8127F6D4-59F9-4ABF-8952-3E3A02073D5F\"}},\"EventID\":325,\"Version\":0,\"Level\":4,\"Task\":0,\"Opcode\":0,\"Keywords\":\"0x4000000000010000\",\"TimeCreated\":{\"#attributes\":{\"SystemTime\":\"2024-11-04T12:35:00.454239Z\"}},\"EventRecordID\":5,\"Correlation\":{\"#attributes\":{\"ActivityID\":\"CC60C7CA-2F22-0000-94CC-60CC222FDB01\"}},\"Execution\":{\"#attributes\":{\"ProcessID\":764,\"ThreadID\":1784}},\"Channel\":\"Microsoft-Windows-AppXDeployment/Operational\",\"Computer\":\"DESKTOP-P9H5FTA\",\"Security\":{\"#attributes\":{\"UserID\":\"S-1-5-18\"}}},\"EventData\":{\"PackageFamilyName\":\"Microsoft.Windows.ContentDeliveryManager_cw5n1h2txyewy\"}}}",
  "xml_fields": {
    "provider": "Microsoft-Windows-AppXDeployment",
    "event_id": "325",
    "timestamp": "2024-11-04T12:35:00.454239Z",
    "event_record_id": "5",
    "level": "4",
    "task": "0",
    "opcode": "0",
    "keywords": "0x4000000000010000",
    "channel": "Microsoft-Windows-AppXDeployment/Operational",
    "computer": "DESKTOP-P9H5FTA",
    "PackageFamilyName": "Microsoft.Windows.ContentDeliveryManager_cw5n1h2txyewy"
  },
  "json_fields": {
    "provider": "Microsoft-Windows-AppXDeployment",
    "channel": "Microsoft-Windows-AppXDeployment/Operational",
    "event_id": "325",
    "timestamp": "2024-11-04T12:35:00.454239Z",
    "event_record_id": "5",
    "level": "4",
    "task": "0",
    "opcode": "0",
    "keywords": "0x4000000000010000",
    "computer": "DESKTOP-P9H5FTA",
    "PackageFamilyName": "Microsoft.Windows.ContentDeliveryManager_cw5n1h2txyewy"
  }
}