{
  "event_id": "326",
  "provider": "Microsoft-Windows-AppXDeployment",
  "channel": "Microsoft-Windows-AppXDeployment/Operational",
  "source_file": "D:\\visual code file\\Project_4\\Event-Analyzer\\test\\Logs\\Microsoft-Windows-AppXDeployment%4Operational.evtx",
  "event_record_id": 1,
  "xml": "<?xml version=\"1.0\" encoding=\"utf-8\"?>\n<Event xmlns=\"http://schemas.microsoft.com/win/2004/08/events/event\">\n  <System>\n    <Provider Name=\"Microsoft-Windows-AppXDeployment\" Guid=\"8127F6D4-59F9-4ABF-8952-3E3A02073D5F\">\n    </Provider>\n    <EventID>326</EventID>\n    <Version>0</Version>\n    <Level>5</Level>\n    <Task>0</Task>\n    <Opcode>0</Opcode>\n    <Keywords>0x4000000000010000</Keywords>\n    <TimeCreated SystemTime=\"2024-11-05T01:34:20.705376Z\">\n    </TimeCreated>\n    <EventRecordID>1</EventRecordID>\n    <Correlation>\n    </Correlation>\n    <Execution ProcessID=\"3780\" ThreadID=\"3852\">\n    </Execution>\n    <Channel>Microsoft-Windows-AppXDeployment/Operational</Channel>\n    <Computer>DESKTOP-P9H5FTA</Computer>\n    <Security UserID=\"S-1-5-18\">\n    </Security>\n  </System>\n  <EventData>\n    <Data Name=\"UserSid\"></Data>\n    <Data Name=\"IsSpecialUserProfile\">false</Data>\n  </EventData>\n</Event>\n",
  "json": "{\"Event\":{\"#attributes\":{\"xmlns\":\"http://schemas.microsoft.com/win/2004/08/events/event\"},\"System\":{\"Provider\":{\"#attributes\":{\"Name\":\"Microsoft-Windows-AppXDeployment\",\"Guid\":\"8127F6D4-59F9-4ABF-8952-3E3A02073D5F\"}},\"EventID\":326,\"Version\":0,\"Level\":5,\"Task\":0,\"Opcode\":0,\"Keywords\":\"0x4000000000010000\",\"TimeCreated\":{\"#attributes\":{\"SystemTime\":\"2024-11-05T01:34:20.705376Z\"}},\"EventRecordID\":1,\"Correlation\":null,\"Execution\":{\"#attributes\":{\"ProcessID\":3780,\"ThreadID\":3852}},\"Channel\":\"Microsoft-Windows-AppXDeployment/Operational\",\"Computer\":\"DESKTOP-P9H5FTA\",\"Security\":{\"#attributes\":{\"UserID\":\"S-1-5-18\"}}},\"EventData\":{\"UserSid\":\"\",\"IsSpecialUserProfile\":false}}}",
  "xml_fields": {
    "provider": "Microsoft-Windows-AppXDeployment",
    "event_id": "326",
    "timestamp": "2024-11-05T01:34:20.705376Z",
    "event_record_id": "1",
    "level": "5",
    "task": "0",
    "opcode": "0",
    "keywords": "0x4000000000010000",
    "channel": "Microsoft-Windows-AppXDeployment/Operational",
    "computer": "DESKTOP-P9H5FTA",
    "UserSid": "",
    "IsSpecialUserProfile": "false"
  },
  "json_fields": {
    "provider": "Microsoft-Windows-AppXDeployment",
    "channel": "Microsoft-Windows-AppXDeployment/Operational",
    "event_id": "326",
    "timestamp": "2024-11-05T01:34:20.705376Z",
    "event_record_id": "1",
    "level": "5",
    "task": "0",
    "opcode": "0",
    "keywords": "0x4000000000010000",
    "computer": "DESKTOP-P9H5FTA",
    "UserSid": "",
    "IsSpecialUserProfile": "False"
  }
}