{
  "event_id": "327",
  "provider": "Microsoft-Windows-AppXDeployment",
  "channel": "Microsoft-Windows-AppXDeployment/Operational",
  "source_file": "D:\\visual code file\\Project_4\\Event-Analyzer\\test\\Logs\\Microsoft-Windows-AppXDeployment%4Operational.evtx",
  "event_record_id": 2,
  "xml": "<?xml version=\"1.0\" encoding=\"utf-8\"?>\n<Event xmlns=\"http://schemas.microsoft.com/win/2004/08/events/event\">\n  <System>\n    <Provider Name=\"Microsoft-Windows-AppXDeployment\" Guid=\"8127F6D4-59F9-4ABF-8952-3E3A02073D5F\">\n    </Provider>\n    <EventID>327</EventID>\n    <Version>0</Version>\n    <Level>5</Level>\n    <Task>0</Task>\n    <Opcode>0</Opcode>\n    <Keywords>0x4000000000010000</Keywords>\n    <TimeCreated SystemTime=\"2024-11-05T01:34:21.019153Z\">\n    </TimeCreated>\n    <EventRecordID>2</EventRecordID>\n    <Correlation>\n    </Correlation>\n    <Execution ProcessID=\"3780\" ThreadID=\"3852\">\n    </Execution>\n    <Channel>Microsoft-Windows-AppXDeployment/Operational</Channel>\n    <Computer>DESKTOP-P9H5FTA</Computer>\n    <Security UserID=\"S-1-5-18\">\n    </Security>\n  </System>\n  <EventData>\n    <Data Name=\"InstallPackageList\">Microsoft.549981C3F5F10_1.1911.21713.0_neutral_~_8wekyb3d8bbwe Microsoft.Services.Store.Engagement_10.0.18101.0_x86__8wekyb3d8bbwe Microsoft.Services.Store.Engagement_10.0.18101.0_x64__8wekyb3d8bbwe Microsoft.UI.Xaml.2.0_2.1810.18004.0_x64__8wekyb3d8bbwe Microsoft.NET.Native.Runtime.1.7_1.7.25531.0_x64__8wekyb3d8bbwe Microsoft.NET.Native.Framework.1.7_1.7.25531.0_x64__8wekyb3d8bbwe Microsoft.VCLibs.140.00_14.0.27323.0_x64__8wekyb3d8bbwe Microsoft.VCLibs.140.00.UWPDesktop_14.0.27629.0_x64__8wekyb3d8bbwe Microsoft.NET.Native.Runtime.2.2_2.2.27328.0_x64__8wekyb3d8bbwe Microsoft.NET.Native.Framework.2.2_2.2.27405.0_x64__8wekyb3d8bbwe Microsoft.Advertising.Xaml_10.1808.3.0_x64__8wekyb3d8bbwe Microsoft.BingWeather_4.25.20211.0_neutral_~_8wekyb3d8bbwe Microsoft.DesktopAppInstaller_2019.125.2243.0_neutral_~_8wekyb3d8bbwe Microsoft.GetHelp_10.1706.13331.0_neutral_~_8wekyb3d8bbwe Microsoft.Getstarted_8.2.22942.0_neutral_~_8wekyb3d8bbwe Microsoft.Microsoft3DViewer_6.1908.2042.0_neutral_~_8wekyb3d8bbwe Microsoft.MicrosoftOfficeHub_18.1903.1152.0_neutral_~_8wekyb3d8bbwe Microsoft.MicrosoftSolitaireCollection_4.4.8204.0_neutral_~_8wekyb3d8bbwe Microsoft.MicrosoftStickyNotes_3.6.73.0_neutral_~_8wekyb3d8bbwe Microsoft.MSPaint_2019.729.2301.0_neutral_~_8wekyb3d8bbwe Microsoft.Office.OneNote_16001.12026.20112.0_neutral_~_8wekyb3d8bbwe Microsoft.People_2019.305.632.0_neutral_~_8wekyb3d8bbwe Microsoft.ScreenSketch_2019.904.1644.0_neutral_~_8wekyb3d8bbwe Microsoft.StorePurchaseApp_11811.1001.1813.0_neutral_~_8wekyb3d8bbwe Microsoft.Wallet_2.4.18324.0_neutral_~_8wekyb3d8bbwe Microsoft.Windows.Photos_2019.19071.12548.0_neutral_~_8wekyb3d8bbwe Microsoft.WindowsAlarms_2019.807.41.0_neutral_~_8wekyb3d8bbwe Microsoft.WindowsCalculator_2020.1906.55.0_neutral_~_8wekyb3d8bbwe Microsoft.WindowsCamera_2018.826.98.0_neutral_~_8wekyb3d8bbwe microsoft.windowscommunicationsapps_16005.11629.20316.0_neutral_~_8wekyb3d8bbwe Microsoft.WindowsFeedbackHub_2019.1111.2029.0_neutral_~_8wekyb3d8bbwe Microsoft.WindowsMaps_2019.716.2316.0_neutral_~_8wekyb3d8bbwe Microsoft.WindowsStore_11910.1002.513.0_neutral_~_8wekyb3d8bbwe Microsoft.XboxApp_48.49.31001.0_neutral_~_8wekyb3d8bbwe Microsoft.XboxGameOverlay_1.46.11001.0_neutral_~_8wekyb3d8bbwe Microsoft.XboxIdentityProvider_12.50.6001.0_neutral_~_8wekyb3d8bbwe Microsoft.XboxSpeechToTextOverlay_1.17.29001.0_neutral_~_8wekyb3d8bbwe Microsoft.YourPhone_2019.430.2026.0_neutral_~_8wekyb3d8bbwe Microsoft.MicrosoftEdge.Stable_92.0.902.67_neutral__8wekyb3d8bbwe </Data>\n    <Data Name=\"RemovePackageList\">NULL</Data>\n  </EventData>\n</Event>\n",
  "json": "{\"Event\":{\"#attributes\":{\"xmlns\":\"http://schemas.microsoft.com/win/2004/08/events/event\"},\"System\":{\"Provider\":{\"#attributes\":{\"Name\":\"Microsoft-Windows-AppXDeployment\",\"Guid\":\"8127F6D4-59F9-4ABF-8952-3E3A02073D5F\"}},\"EventID\":327,\"Version\":0,\"Level\":5,\"Task\":0,\"Opcode\":0,\"Keywords\":\"0x4000000000010000\",\"TimeCreated\":{\"#attributes\":{\"SystemTime\":\"2024-11-05T01:34:21.019153Z\"}},\"EventRecordID\":2,\"Correlation\":null,\"Execution\":{\"#attributes\":{\"ProcessID\":3780,\"ThreadID\":3852}},\"Channel\":\"Microsoft-Windows-AppXDeployment/Operational\",\"Computer\":\"DESKTOP-P9H5FTA\",\"Security\":{\"#attributes\":{\"UserID\":\"S-1-5-18\"}}},\"EventData\":{\"InstallPackageList\":\"Microsoft.549981C3F5F10_1.1911.21713.0_neutral_~_8wekyb3d8bbwe Microsoft.Services.Store.Engagement_10.0.18101.0_x86__8wekyb3d8bbwe Microsoft.Services.Store.Engagement_10.0.18101.0_x64__8wekyb3d8bbwe Microsoft.UI.Xaml.2.0_2.1810.18004.0_x64__8wekyb3d8bbwe Microsoft.NET.Native.Runtime.1.7_1.7.25531.0_x64__8wekyb3d8bbwe Microsoft.NET.Native.Framework.1.7_1.7.25531.0_x64__8wekyb3d8bbwe Microsoft.VCLibs.140.00_14.0.27323.0_x64__8wekyb3d8bbwe Microsoft.VCLibs.140.00.UWPDesktop_14.0.27629.0_x64__8wekyb3d8bbwe Microsoft.NET.Native.Runtime.2.2_2.2.27328.0_x64__8wekyb3d8bbwe Microsoft.NET.Native.Framework.2.2_2.2.27405.0_x64__8wekyb3d8bbwe Microsoft.Advertising.Xaml_10.1808.3.0_x64__8wekyb3d8bbwe Microsoft.BingWeather_4.25.20211.0_neutral_~_8wekyb3d8bbwe Microsoft.DesktopAppInstaller_2019.125.2243.0_neutral_~_8wekyb3d8bbwe Microsoft.GetHelp_10.1706.13331.0_neutral_~_8wekyb3d8bbwe Microsoft.Getstarted_8.2.22942.0_neutral_~_8wekyb3d8bbwe Microsoft.Microsoft3DViewer_6.1908.2042.0_neutral_~_8wekyb3d8bbwe Microsoft.MicrosoftOfficeHub_18.1903.1152.0_neutral_~_8wekyb3d8bbwe Microsoft.MicrosoftSolitaireCollection_4.4.8204.0_neutral_~_8wekyb3d8bbwe Microsoft.MicrosoftStickyNotes_3.6.73.0_neutral_~_8wekyb3d8bbwe Microsoft.MSPaint_2019.729.2301.0_neutral_~_8wekyb3d8bbwe Microsoft.Office.OneNote_16001.12026.20112.0_neutral_~_8wekyb3d8bbwe Microsoft.People_2019.305.632.0_neutral_~_8wekyb3d8bbwe Microsoft.ScreenSketch_2019.904.1644.0_neutral_~_8wekyb3d8bbwe Microsoft.StorePurchaseApp_11811.1001.1813.0_neutral_~_8wekyb3d8bbwe Microsoft.Wallet_2.4.18324.0_neutral_~_8wekyb3d8bbwe Microsoft.Windows.Photos_2019.19071.12548.0_neutral_~_8wekyb3d8bbwe Microsoft.WindowsAlarms_2019.807.41.0_neutral_~_8wekyb3d8bbwe Microsoft.WindowsCalculator_2020.1906.55.0_neutral_~_8wekyb3d8bbwe Microsoft.WindowsCamera_2018.826.98.0_neutral_~_8wekyb3d8bbwe microsoft.windowscommunicationsapps_16005.11629.20316.0_neutral_~_8wekyb3d8bbwe Microsoft.WindowsFeedbackHub_2019.1111.2029.0_neutral_~_8wekyb3d8bbwe Microsoft.WindowsMaps_2019.716.2316.0_neutral_~_8wekyb3d8bbwe Microsoft.WindowsStore_11910.1002.513.0_neutral_~_8wekyb3d8bbwe Microsoft.XboxApp_48.49.31001.0_neutral_~_8wekyb3d8bbwe Microsoft.XboxGameOverlay_1.46.11001.0_neutral_~_8wekyb3d8bbwe Microsoft.XboxIdentityProvider_12.50.6001.0_neutral_~_8wekyb3d8bbwe Microsoft.XboxSpeechToTextOverlay_1.17.29001.0_neutral_~_8wekyb3d8bbwe Microsoft.YourPhone_2019.430.2026.0_neutral_~_8wekyb3d8bbwe Microsoft.MicrosoftEdge.Stable_92.0.902.67_neutral__8wekyb3d8bbwe \",\"RemovePackageList\":\"NULL\"}}}",
  "xml_fields": {
    "provider": "Microsoft-Windows-AppXDeployment",
    "event_id": "327",
    "timestamp": "2024-11-05T01:34:21.019153Z",
    "event_record_id": "2",
    "level": "5",
    "task": "0",
    "opcode": "0",
    "keywords": "0x4000000000010000",
    "channel": "Microsoft-Windows-AppXDeployment/Operational",
    "computer": "DESKTOP-P9H5FTA",
    "InstallPackageList": "Microsoft.549981C3F5F10_1.1911.21713.0_neutral_~_8wekyb3d8bbwe Microsoft.Services.Store.Engagement_10.0.18101.0_x86__8wekyb3d8bbwe Microsoft.Services.Store.Engagement_10.0.18101.0_x64__8wekyb3d8bbwe Microsoft.UI.Xaml.2.0_2.1810.18004.0_x64__8wekyb3d8bbwe Microsoft.NET.Native.Runtime.1.7_1.7.25531.0_x64__8wekyb3d8bbwe Microsoft.NET.Native.Framework.1.7_1.7.25531.0_x64__8wekyb3d8bbwe Microsoft.VCLibs.140.00_14.0.27323.0_x64__8wekyb3d8bbwe Microsoft.VCLibs.140.00.UWPDesktop_14.0.27629.0_x64__8wekyb3d8bbwe Microsoft.NET.Native.Runtime.2.2_2.2.27328.0_x64__8wekyb3d8bbwe Microsoft.NET.Native.Framework.2.2_2.2.27405.0_x64__8wekyb3d8bbwe Microsoft.Advertising.Xaml_10.1808.3.0_x64__8wekyb3d8bbwe Microsoft.BingWeather_4.25.20211.0_neutral_~_8wekyb3d8bbwe Microsoft.DesktopAppInstaller_2019.125.2243.0_neutral_~_8wekyb3d8bbwe Microsoft.GetHelp_10.1706.13331.0_neutral_~_8wekyb3d8bbwe Microsoft.Getstarted_8.2.22942.0_neutral_~_8wekyb3d8bbwe Microsoft.Microsoft3DViewer_6.1908.2042.0_neutral_~_8wekyb3d8bbwe Microsoft.MicrosoftOfficeHub_18.1903.1152.0_neutral_~_8wekyb3d8bbwe Microsoft.MicrosoftSolitaireCollection_4.4.8204.0_neutral_~_8wekyb3d8bbwe Microsoft.MicrosoftStickyNotes_3.6.73.0_neutral_~_8wekyb3d8bbwe Microsoft.MSPaint_2019.729.2301.0_neutral_~_8wekyb3d8bbwe Microsoft.Office.OneNote_16001.12026.20112.0_neutral_~_8wekyb3d8bbwe Microsoft.People_2019.305.632.0_neutral_~_8wekyb3d8bbwe Microsoft.ScreenSketch_2019.904.1644.0_neutral_~_8wekyb3d8bbwe Microsoft.StorePurchaseApp_11811.1001.1813.0_neutral_~_8wekyb3d8bbwe Microsoft.Wallet_2.4.18324.0_neutral_~_8wekyb3d8bbwe Microsoft.Windows.Photos_2019.19071.12548.0_neutral_~_8wekyb3d8bbwe Microsoft.WindowsAlarms_2019.807.41.0_neutral_~_8wekyb3d8bbwe Microsoft.WindowsCalculator_2020.1906.55.0_neutral_~_8wekyb3d8bbwe Microsoft.WindowsCamera_2018.826.98.0_neutral_~_8wekyb3d8bbwe microsoft.windowscommunicationsapps_16005.11629.20316.0_neutral_~_8wekyb3d8bbwe Microsoft.WindowsFeedbackHub_2019.1111.2029.0_neutral_~_8wekyb3d8bbwe Microsoft.WindowsMaps_2019.716.2316.0_neutral_~_8wekyb3d8bbwe Microsoft.WindowsStore_11910.1002.513.0_neutral_~_8wekyb3d8bbwe Microsoft.XboxApp_48.49.31001.0_neutral_~_8wekyb3d8bbwe Microsoft.XboxGameOverlay_1.46.11001.0_neutral_~_8wekyb3d8bbwe Microsoft.XboxIdentityProvider_12.50.6001.0_neutral_~_8wekyb3d8bbwe Microsoft.XboxSpeechToTextOverlay_1.17.29001.0_neutral_~_8wekyb3d8bbwe Microsoft.YourPhone_2019.430.2026.0_neutral_~_8wekyb3d8bbwe Microsoft.MicrosoftEdge.Stable_92.0.902.67_neutral__8wekyb3d8bbwe ",
    "RemovePackageList": "NULL"
  },
  "json_fields": {
    "provider": "Microsoft-Windows-AppXDeployment",
    "channel": "Microsoft-Windows-AppXDeployment/Operational",
    "event_id": "327",
    "timestamp": "2024-11-05T01:34:21.019153Z",
    "event_record_id": "2",
    "level": "5",
    "task": "0",
    "opcode": "0",
    "keywords": "0x4000000000010000",
    "computer": "DESKTOP-P9H5FTA",
    "InstallPackageList": "Microsoft.549981C3F5F10_1.1911.21713.0_neutral_~_8wekyb3d8bbwe Microsoft.Services.Store.Engagement_10.0.18101.0_x86__8wekyb3d8bbwe Microsoft.Services.Store.Engagement_10.0.18101.0_x64__8wekyb3d8bbwe Microsoft.UI.Xaml.2.0_2.1810.18004.0_x64__8wekyb3d8bbwe Microsoft.NET.Native.Runtime.1.7_1.7.25531.0_x64__8wekyb3d8bbwe Microsoft.NET.Native.Framework.1.7_1.7.25531.0_x64__8wekyb3d8bbwe Microsoft.VCLibs.140.00_14.0.27323.0_x64__8wekyb3d8bbwe Microsoft.VCLibs.140.00.UWPDesktop_14.0.27629.0_x64__8wekyb3d8bbwe Microsoft.NET.Native.Runtime.2.2_2.2.27328.0_x64__8wekyb3d8bbwe Microsoft.NET.Native.Framework.2.2_2.2.27405.0_x64__8wekyb3d8bbwe Microsoft.Advertising.Xaml_10.1808.3.0_x64__8wekyb3d8bbwe Microsoft.BingWeather_4.25.20211.0_neutral_~_8wekyb3d8bbwe Microsoft.DesktopAppInstaller_2019.125.2243.0_neutral_~_8wekyb3d8bbwe Microsoft.GetHelp_10.1706.13331.0_neutral_~_8wekyb3d8bbwe Microsoft.Getstarted_8.2.22942.0_neutral_~_8wekyb3d8bbwe Microsoft.Microsoft3DViewer_6.1908.2042.0_neutral_~_8wekyb3d8bbwe Microsoft.MicrosoftOfficeHub_18.1903.1152.0_neutral_~_8wekyb3d8bbwe Microsoft.MicrosoftSolitaireCollection_4.4.8204.0_neutral_~_8wekyb3d8bbwe Microsoft.MicrosoftStickyNotes_3.6.73.0_neutral_~_8wekyb3d8bbwe Microsoft.MSPaint_2019.729.2301.0_neutral_~_8wekyb3d8bbwe Microsoft.Office.OneNote_16001.12026.20112.0_neutral_~_8wekyb3d8bbwe Microsoft.People_2019.305.632.0_neutral_~_8wekyb3d8bbwe Microsoft.ScreenSketch_2019.904.1644.0_neutral_~_8wekyb3d8bbwe Microsoft.StorePurchaseApp_11811.1001.1813.0_neutral_~_8wekyb3d8bbwe Microsoft.Wallet_2.4.18324.0_neutral_~_8wekyb3d8bbwe Microsoft.Windows.Photos_2019.19071.12548.0_neutral_~_8wekyb3d8bbwe Microsoft.WindowsAlarms_2019.807.41.0_neutral_~_8wekyb3d8bbwe Microsoft.WindowsCalculator_2020.1906.55.0_neutral_~_8wekyb3d8bbwe Microsoft.WindowsCamera_2018.826.98.0_neutral_~_8wekyb3d8bbwe microsoft.windowscommunicationsapps_16005.11629.20316.0_neutral_~_8wekyb3d8bbwe Microsoft.WindowsFeedbackHub_2019.1111.2029.0_neutral_~_8wekyb3d8bbwe Microsoft.WindowsMaps_2019.716.2316.0_neutral_~_8wekyb3d8bbwe Microsoft.WindowsStore_11910.1002.513.0_neutral_~_8wekyb3d8bbwe Microsoft.XboxApp_48.49.31001.0_neutral_~_8wekyb3d8bbwe Microsoft.XboxGameOverlay_1.46.11001.0_neutral_~_8wekyb3d8bbwe Microsoft.XboxIdentityProvider_12.50.6001.0_neutral_~_8wekyb3d8bbwe Microsoft.XboxSpeechToTextOverlay_1.17.29001.0_neutral_~_8wekyb3d8bbwe Microsoft.YourPhone_2019.430.2026.0_neutral_~_8wekyb3d8bbwe Microsoft.MicrosoftEdge.Stable_92.0.902.67_neutral__8wekyb3d8bbwe ",
    "RemovePackageList": "NULL"
  }
}