{
  "event_id": "328",
  "provider": "Microsoft-Windows-AppXDeployment",
  "channel": "Microsoft-Windows-AppXDeployment/Operational",
  "source_file": "D:\\visual code file\\Project_4\\Event-Analyzer\\test\\Logs\\Microsoft-Windows-AppXDeployment%4Operational.evtx",
  "event_record_id": 185,
  "xml": "<?xml version=\"1.0\" encoding=\"utf-8\"?>\n<Event xmlns=\"http://schemas.microsoft.com/win/2004/08/events/event\">\n  <System>\n    <Provider Name=\"Microsoft-Windows-AppXDeployment\" Guid=\"8127F6D4-59F9-4ABF-8952-3E3A02073D5F\">\n    </Provider>\n    <EventID>328</EventID>\n    <Version>0</Version>\n    <Level>2</Level>\n    <Task>0</Task>\n    <Opcode>0</Opcode>\n    <Keywords>0x4000000000010000</Keywords>\n    <TimeCreated SystemTime=\"2024-11-04T13:15:24.393254Z\">\n    </TimeCreated>\n    <EventRecordID>185</EventRecordID>\n    <Correlation ActivityID=\"61A55000-55E5-1017-0000-000000000000\">\n    </Correlation>\n    <Execution ProcessID=\"924\" ThreadID=\"968\">\n    </Execution>\n    <Channel>Microsoft-Windows-AppXDeployment/Operational</Channel>\n    <Computer>cyberjunkie-test</Computer>\n    <Security UserID=\"S-1-5-18\">\n    </Security>\n  </System>\n  <EventData>\n    <Data Name=\"ErrorCode\">0x800401f0</Data>\n  </EventData>\n</Event>\n",
  "json": "{\"Event\":{\"#attributes\":{\"xmlns\":\"http://schemas.microsoft.com/win/2004/08/events/event\"},\"System\":{\"Provider\":{\"#attributes\":{\"Name\":\"Microsoft-Windows-AppXDeployment\",\"Guid\":\"8127F6D4-59F9-4ABF-8952-3E3A02073D5F\"}},\"EventID\":328,\"Version\":0,\"Level\":2,\"Task\":0,\"Opcode\":0,\"Keywords\":\"0x4000000000010000\",\"TimeCreated\":{\"#attributes\":{\"SystemTime\":\"2024-11-04T13:15:24.393254Z\"}},\"EventRecordID\":185,\"Correlation\":{\"#attributes\":{\"ActivityID\":\"61A55000-55E5-1017-0000-000000000000\"}},\"Execution\":{\"#attributes\":{\"ProcessID\":924,\"ThreadID\":968}},\"Channel\":\"Microsoft-Windows-AppXDeployment/Operational\",\"Computer\":\"cyberjunkie-test\",\"Security\":{\"#attributes\":{\"UserID\":\"S-1-5-18\"}}},\"EventData\":{\"ErrorCode\":\"0x800401f0\"}}}",
  "xml_fields": {
    "provider": "Microsoft-Windows-AppXDeployment",
    "event_id": "328",
    "timestamp": "2024-11-04T13:15:24.393254Z",
    "event_record_id": "185",
    "level": "2",
    "task": "0",
    "opcode": "0",
    "keywords": "0x4000000000010000",
    "channel": "Microsoft-Windows-AppXDeployment/Operational",
    "computer": "cyberjunkie-test",
    "ErrorCode": "0x800401f0"
  },
  "json_fields": {
    "provider": "Microsoft-Windows-AppXDeployment",
    "channel": "Microsoft-Windows-AppXDeployment/Operational",
    "event_id": "328",
    "timestamp": "2024-11-04T13:15:24.393254Z",
    "event_record_id": "185",
    "level": "2",
    "task": "0",
    "opcode": "0",
    "keywords": "0x4000000000010000",
    "computer": "cyberjunkie-test",
    "ErrorCode": "0x800401f0"
  }
}