{
  "event_id": "329",
  "provider": "Microsoft-Windows-TaskScheduler",
  "channel": "Microsoft-Windows-TaskScheduler/Operational",
  "source_file": "D:\\visual code file\\Project_4\\Event-Analyzer\\test\\Benign\\Logs_Win11_2023\\Microsoft-Windows-TaskScheduler%4Operational.evtx",
  "event_record_id": 825,
  "xml": "<?xml version=\"1.0\" encoding=\"utf-8\"?>\n<Event xmlns=\"http://schemas.microsoft.com/win/2004/08/events/event\">\n  <System>\n    <Provider Name=\"Microsoft-Windows-TaskScheduler\" Guid=\"DE7B24EA-73C8-4A09-985D-5BDADCFA9017\">\n    </Provider>\n    <EventID>329</EventID>\n    <Version>0</Version>\n    <Level>4</Level>\n    <Task>329</Task>\n    <Opcode>0</Opcode>\n    <Keywords>0x8000000000000000</Keywords>\n    <TimeCreated SystemTime=\"2023-11-06T00:39:49.792094Z\">\n    </TimeCreated>\n    <EventRecordID>825</EventRecordID>\n    <Correlation ActivityID=\"83261A6E-4DC3-414F-BFB6-8B4046A8C7BC\">\n    </Correlation>\n    <Execution ProcessID=\"1392\" ThreadID=\"12576\">\n    </Execution>\n    <Channel>Microsoft-Windows-TaskScheduler/Operational</Channel>\n    <Computer>WinDev2310Eval</Computer>\n    <Security UserID=\"S-1-5-18\">\n    </Security>\n  </System>\n  <EventData Name=\"StoppedOnTimeout\">\n    <Data Name=\"TaskName\">\\Microsoft\\Windows\\Flighting\\OneSettings\\RefreshCache</Data>\n    <Data Name=\"TaskInstanceId\">83261A6E-4DC3-414F-BFB6-8B4046A8C7BC</Data>\n  </EventData>\n</Event>\n",
  "json": "{\"Event\":{\"#attributes\":{\"xmlns\":\"http://schemas.microsoft.com/win/2004/08/events/event\"},\"System\":{\"Provider\":{\"#attributes\":{\"Name\":\"Microsoft-Windows-TaskScheduler\",\"Guid\":\"DE7B24EA-73C8-4A09-985D-5BDADCFA9017\"}},\"EventID\":329,\"Version\":0,\"Level\":4,\"Task\":329,\"Opcode\":0,\"Keywords\":\"0x8000000000000000\",\"TimeCreated\":{\"#attributes\":{\"SystemTime\":\"2023-11-06T00:39:49.792094Z\"}},\"EventRecordID\":825,\"Correlation\":{\"#attributes\":{\"ActivityID\":\"83261A6E-4DC3-414F-BFB6-8B4046A8C7BC\"}},\"Execution\":{\"#attributes\":{\"ProcessID\":1392,\"ThreadID\":12576}},\"Channel\":\"Microsoft-Windows-TaskScheduler/Operational\",\"Computer\":\"WinDev2310Eval\",\"Security\":{\"#attributes\":{\"UserID\":\"S-1-5-18\"}}},\"EventData\":{\"#attributes\":{\"Name\":\"StoppedOnTimeout\"},\"TaskName\":\"\\\\Microsoft\\\\Windows\\\\Flighting\\\\OneSettings\\\\RefreshCache\",\"TaskInstanceId\":\"83261A6E-4DC3-414F-BFB6-8B4046A8C7BC\"}}}",
  "xml_fields": {
    "provider": "Microsoft-Windows-TaskScheduler",
    "event_id": "329",
    "timestamp": "2023-11-06T00:39:49.792094Z",
    "event_record_id": "825",
    "level": "4",
    "task": "329",
    "opcode": "0",
    "keywords": "0x8000000000000000",
    "channel": "Microsoft-Windows-TaskScheduler/Operational",
    "computer": "WinDev2310Eval",
    "TaskName": "\\Microsoft\\Windows\\Flighting\\OneSettings\\RefreshCache",
    "TaskInstanceId": "83261A6E-4DC3-414F-BFB6-8B4046A8C7BC"
  },
  "json_fields": {
    "provider": "Microsoft-Windows-TaskScheduler",
    "channel": "Microsoft-Windows-TaskScheduler/Operational",
    "event_id": "329",
    "timestamp": "2023-11-06T00:39:49.792094Z",
    "event_record_id": "825",
    "level": "4",
    "task": "329",
    "opcode": "0",
    "keywords": "0x8000000000000000",
    "computer": "WinDev2310Eval",
    "TaskName": "\\Microsoft\\Windows\\Flighting\\OneSettings\\RefreshCache",
    "TaskInstanceId": "83261A6E-4DC3-414F-BFB6-8B4046A8C7BC"
  }
}