{
  "event_id": "32",
  "provider": "Microsoft-Windows-TerminalServices-LocalSessionManager",
  "channel": "Microsoft-Windows-TerminalServices-LocalSessionManager/Operational",
  "source_file": "D:\\visual code file\\Project_4\\Event-Analyzer\\test\\Logs\\Microsoft-Windows-TerminalServices-LocalSessionManager%4Operational.evtx",
  "event_record_id": 1,
  "xml": "<?xml version=\"1.0\" encoding=\"utf-8\"?>\n<Event xmlns=\"http://schemas.microsoft.com/win/2004/08/events/event\">\n  <System>\n    <Provider Name=\"Microsoft-Windows-TerminalServices-LocalSessionManager\" Guid=\"5D896912-022D-40AA-A3A8-4FA5515C76D7\">\n    </Provider>\n    <EventID>32</EventID>\n    <Version>0</Version>\n    <Level>4</Level>\n    <Task>0</Task>\n    <Opcode>0</Opcode>\n    <Keywords>0x1000000000000000</Keywords>\n    <TimeCreated SystemTime=\"2024-11-05T01:33:03.775715Z\">\n    </TimeCreated>\n    <EventRecordID>1</EventRecordID>\n    <Correlation>\n    </Correlation>\n    <Execution ProcessID=\"980\" ThreadID=\"1000\">\n    </Execution>\n    <Channel>Microsoft-Windows-TerminalServices-LocalSessionManager/Operational</Channel>\n    <Computer>WIN-5LCFHVCO531</Computer>\n    <Security UserID=\"S-1-5-18\">\n    </Security>\n  </System>\n  <UserData>\n    <EventXML xmlns=\"Event_NS\">\n      <messageName>RDSAppXPlugin</messageName>\n    </EventXML>\n  </UserData>\n</Event>\n",
  "json": "{\"Event\":{\"#attributes\":{\"xmlns\":\"http://schemas.microsoft.com/win/2004/08/events/event\"},\"System\":{\"Provider\":{\"#attributes\":{\"Name\":\"Microsoft-Windows-TerminalServices-LocalSessionManager\",\"Guid\":\"5D896912-022D-40AA-A3A8-4FA5515C76D7\"}},\"EventID\":32,\"Version\":0,\"Level\":4,\"Task\":0,\"Opcode\":0,\"Keywords\":\"0x1000000000000000\",\"TimeCreated\":{\"#attributes\":{\"SystemTime\":\"2024-11-05T01:33:03.775715Z\"}},\"EventRecordID\":1,\"Correlation\":null,\"Execution\":{\"#attributes\":{\"ProcessID\":980,\"ThreadID\":1000}},\"Channel\":\"Microsoft-Windows-TerminalServices-LocalSessionManager/Operational\",\"Computer\":\"WIN-5LCFHVCO531\",\"Security\":{\"#attributes\":{\"UserID\":\"S-1-5-18\"}}},\"UserData\":{\"EventXML\":{\"#attributes\":{\"xmlns\":\"Event_NS\"},\"messageName\":\"RDSAppXPlugin\"}}}}",
  "xml_fields": {
    "provider": "Microsoft-Windows-TerminalServices-LocalSessionManager",
    "event_id": "32",
    "timestamp": "2024-11-05T01:33:03.775715Z",
    "event_record_id": "1",
    "level": "4",
    "task": "0",
    "opcode": "0",
    "keywords": "0x1000000000000000",
    "channel": "Microsoft-Windows-TerminalServices-LocalSessionManager/Operational",
    "computer": "WIN-5LCFHVCO531",
    "messageName": "RDSAppXPlugin"
  },
  "json_fields": {
    "provider": "Microsoft-Windows-TerminalServices-LocalSessionManager",
    "channel": "Microsoft-Windows-TerminalServices-LocalSessionManager/Operational",
    "event_id": "32",
    "timestamp": "2024-11-05T01:33:03.775715Z",
    "event_record_id": "1",
    "level": "4",
    "task": "0",
    "opcode": "0",
    "keywords": "0x1000000000000000",
    "computer": "WIN-5LCFHVCO531",
    "messageName": "RDSAppXPlugin"
  }
}