{
  "event_id": "330",
  "provider": "Microsoft-Windows-TaskScheduler",
  "channel": "Microsoft-Windows-TaskScheduler/Operational",
  "source_file": "D:\\visual code file\\Project_4\\Event-Analyzer\\test\\Benign\\Win2022-AD\\Microsoft-Windows-TaskScheduler%4Operational.evtx",
  "event_record_id": 581,
  "xml": "<?xml version=\"1.0\" encoding=\"utf-8\"?>\n<Event xmlns=\"http://schemas.microsoft.com/win/2004/08/events/event\">\n  <System>\n    <Provider Name=\"Microsoft-Windows-TaskScheduler\" Guid=\"DE7B24EA-73C8-4A09-985D-5BDADCFA9017\">\n    </Provider>\n    <EventID>330</EventID>\n    <Version>0</Version>\n    <Level>4</Level>\n    <Task>330</Task>\n    <Opcode>0</Opcode>\n    <Keywords>0x8000000000000000</Keywords>\n    <TimeCreated SystemTime=\"2022-04-07T17:04:28.074982Z\">\n    </TimeCreated>\n    <EventRecordID>581</EventRecordID>\n    <Correlation ActivityID=\"F3FE9E7B-2EAA-4ADC-A87D-F751736AF46C\">\n    </Correlation>\n    <Execution ProcessID=\"1528\" ThreadID=\"1832\">\n    </Execution>\n    <Channel>Microsoft-Windows-TaskScheduler/Operational</Channel>\n    <Computer>WIN-FPV0DSIC9O6.sigma.fr</Computer>\n    <Security UserID=\"S-1-5-18\">\n    </Security>\n  </System>\n  <EventData Name=\"StoppedOnRequest\">\n    <Data Name=\"TaskName\">\\Microsoft\\Windows\\Windows Defender\\Windows Defender Scheduled Scan</Data>\n    <Data Name=\"TaskInstanceId\">F3FE9E7B-2EAA-4ADC-A87D-F751736AF46C</Data>\n    <Data Name=\"UserContext\">NT AUTHORITY\\SYSTEM</Data>\n  </EventData>\n</Event>\n",
  "json": "{\"Event\":{\"#attributes\":{\"xmlns\":\"http://schemas.microsoft.com/win/2004/08/events/event\"},\"System\":{\"Provider\":{\"#attributes\":{\"Name\":\"Microsoft-Windows-TaskScheduler\",\"Guid\":\"DE7B24EA-73C8-4A09-985D-5BDADCFA9017\"}},\"EventID\":330,\"Version\":0,\"Level\":4,\"Task\":330,\"Opcode\":0,\"Keywords\":\"0x8000000000000000\",\"TimeCreated\":{\"#attributes\":{\"SystemTime\":\"2022-04-07T17:04:28.074982Z\"}},\"EventRecordID\":581,\"Correlation\":{\"#attributes\":{\"ActivityID\":\"F3FE9E7B-2EAA-4ADC-A87D-F751736AF46C\"}},\"Execution\":{\"#attributes\":{\"ProcessID\":1528,\"ThreadID\":1832}},\"Channel\":\"Microsoft-Windows-TaskScheduler/Operational\",\"Computer\":\"WIN-FPV0DSIC9O6.sigma.fr\",\"Security\":{\"#attributes\":{\"UserID\":\"S-1-5-18\"}}},\"EventData\":{\"#attributes\":{\"Name\":\"StoppedOnRequest\"},\"TaskName\":\"\\\\Microsoft\\\\Windows\\\\Windows Defender\\\\Windows Defender Scheduled Scan\",\"TaskInstanceId\":\"F3FE9E7B-2EAA-4ADC-A87D-F751736AF46C\",\"UserContext\":\"NT AUTHORITY\\\\SYSTEM\"}}}",
  "xml_fields": {
    "provider": "Microsoft-Windows-TaskScheduler",
    "event_id": "330",
    "timestamp": "2022-04-07T17:04:28.074982Z",
    "event_record_id": "581",
    "level": "4",
    "task": "330",
    "opcode": "0",
    "keywords": "0x8000000000000000",
    "channel": "Microsoft-Windows-TaskScheduler/Operational",
    "computer": "WIN-FPV0DSIC9O6.sigma.fr",
    "TaskName": "\\Microsoft\\Windows\\Windows Defender\\Windows Defender Scheduled Scan",
    "TaskInstanceId": "F3FE9E7B-2EAA-4ADC-A87D-F751736AF46C",
    "UserContext": "NT AUTHORITY\\SYSTEM"
  },
  "json_fields": {
    "provider": "Microsoft-Windows-TaskScheduler",
    "channel": "Microsoft-Windows-TaskScheduler/Operational",
    "event_id": "330",
    "timestamp": "2022-04-07T17:04:28.074982Z",
    "event_record_id": "581",
    "level": "4",
    "task": "330",
    "opcode": "0",
    "keywords": "0x8000000000000000",
    "computer": "WIN-FPV0DSIC9O6.sigma.fr",
    "TaskName": "\\Microsoft\\Windows\\Windows Defender\\Windows Defender Scheduled Scan",
    "TaskInstanceId": "F3FE9E7B-2EAA-4ADC-A87D-F751736AF46C",
    "UserContext": "NT AUTHORITY\\SYSTEM"
  }
}