{
  "event_id": "330",
  "provider": "Microsoft-Windows-AppXDeployment-Server",
  "channel": "Microsoft-Windows-AppXDeploymentServer/Operational",
  "source_file": "D:\\visual code file\\Project_4\\Event-Analyzer\\test\\Benign\\Logs_Win11_2023\\Microsoft-Windows-AppXDeploymentServer%4Operational.evtx",
  "event_record_id": 4440,
  "xml": "<?xml version=\"1.0\" encoding=\"utf-8\"?>\n<Event xmlns=\"http://schemas.microsoft.com/win/2004/08/events/event\">\n  <System>\n    <Provider Name=\"Microsoft-Windows-AppXDeployment-Server\" Guid=\"3F471139-ACB7-4A01-B7A7-FF5DA4BA2D43\">\n    </Provider>\n    <EventID>330</EventID>\n    <Version>0</Version>\n    <Level>3</Level>\n    <Task>1</Task>\n    <Opcode>0</Opcode>\n    <Keywords>0x4000000000000004</Keywords>\n    <TimeCreated SystemTime=\"2023-10-25T22:53:28.577911Z\">\n    </TimeCreated>\n    <EventRecordID>4440</EventRecordID>\n    <Correlation ActivityID=\"D5BBEBF4-0795-0000-B505-BCD59507DA01\">\n    </Correlation>\n    <Execution ProcessID=\"5348\" ThreadID=\"7452\">\n    </Execution>\n    <Channel>Microsoft-Windows-AppXDeploymentServer/Operational</Channel>\n    <Computer>WinDevEval</Computer>\n    <Security UserID=\"S-1-5-21-2533829718-189860685-2477588761-500\">\n    </Security>\n  </System>\n  <EventData>\n    <Data Name=\"ErrorCode\">0x80070005</Data>\n    <Data Name=\"ErrorMessage\">Access is denied.\r\n</Data>\n    <Data Name=\"CategoryName\">windows.indexedDB</Data>\n  </EventData>\n</Event>\n",
  "json": "{\"Event\":{\"#attributes\":{\"xmlns\":\"http://schemas.microsoft.com/win/2004/08/events/event\"},\"System\":{\"Provider\":{\"#attributes\":{\"Name\":\"Microsoft-Windows-AppXDeployment-Server\",\"Guid\":\"3F471139-ACB7-4A01-B7A7-FF5DA4BA2D43\"}},\"EventID\":330,\"Version\":0,\"Level\":3,\"Task\":1,\"Opcode\":0,\"Keywords\":\"0x4000000000000004\",\"TimeCreated\":{\"#attributes\":{\"SystemTime\":\"2023-10-25T22:53:28.577911Z\"}},\"EventRecordID\":4440,\"Correlation\":{\"#attributes\":{\"ActivityID\":\"D5BBEBF4-0795-0000-B505-BCD59507DA01\"}},\"Execution\":{\"#attributes\":{\"ProcessID\":5348,\"ThreadID\":7452}},\"Channel\":\"Microsoft-Windows-AppXDeploymentServer/Operational\",\"Computer\":\"WinDevEval\",\"Security\":{\"#attributes\":{\"UserID\":\"S-1-5-21-2533829718-189860685-2477588761-500\"}}},\"EventData\":{\"ErrorCode\":\"0x80070005\",\"ErrorMessage\":\"Access is denied.\\r\\n\",\"CategoryName\":\"windows.indexedDB\"}}}",
  "xml_fields": {
    "provider": "Microsoft-Windows-AppXDeployment-Server",
    "event_id": "330",
    "timestamp": "2023-10-25T22:53:28.577911Z",
    "event_record_id": "4440",
    "level": "3",
    "task": "1",
    "opcode": "0",
    "keywords": "0x4000000000000004",
    "channel": "Microsoft-Windows-AppXDeploymentServer/Operational",
    "computer": "WinDevEval",
    "ErrorCode": "0x80070005",
    "ErrorMessage": "Access is denied.\n",
    "CategoryName": "windows.indexedDB"
  },
  "json_fields": {
    "provider": "Microsoft-Windows-AppXDeployment-Server",
    "channel": "Microsoft-Windows-AppXDeploymentServer/Operational",
    "event_id": "330",
    "timestamp": "2023-10-25T22:53:28.577911Z",
    "event_record_id": "4440",
    "level": "3",
    "task": "1",
    "opcode": "0",
    "keywords": "0x4000000000000004",
    "computer": "WinDevEval",
    "ErrorCode": "0x80070005",
    "ErrorMessage": "Access is denied.\r\n",
    "CategoryName": "windows.indexedDB"
  }
}