{
  "event_id": "331",
  "provider": "Microsoft-Windows-User Device Registration",
  "channel": "Microsoft-Windows-User Device Registration/Admin",
  "source_file": "D:\\visual code file\\Project_4\\Event-Analyzer\\test\\Benign\\Win2022-AD\\Microsoft-Windows-User Device Registration%4Admin.evtx",
  "event_record_id": 6,
  "xml": "<?xml version=\"1.0\" encoding=\"utf-8\"?>\n<Event xmlns=\"http://schemas.microsoft.com/win/2004/08/events/event\">\n  <System>\n    <Provider Name=\"Microsoft-Windows-User Device Registration\" Guid=\"23B8D46B-67DD-40A3-B636-D43E50552C6D\">\n    </Provider>\n    <EventID>331</EventID>\n    <Version>0</Version>\n    <Level>4</Level>\n    <Task>0</Task>\n    <Opcode>0</Opcode>\n    <Keywords>0x8000000000000000</Keywords>\n    <TimeCreated SystemTime=\"2022-04-07T08:15:12.089121Z\">\n    </TimeCreated>\n    <EventRecordID>6</EventRecordID>\n    <Correlation>\n    </Correlation>\n    <Execution ProcessID=\"2360\" ThreadID=\"2364\">\n    </Execution>\n    <Channel>Microsoft-Windows-User Device Registration/Admin</Channel>\n    <Computer>WIN-FPV0DSIC9O6.sigma.fr</Computer>\n    <Security UserID=\"S-1-5-18\">\n    </Security>\n  </System>\n  <EventData>\n    <Data Name=\"DebugOutput\">preCheckResult: DoNotJoin\ndeviceKeysHealthy: undefined\nisJoined: undefined\nisDcAvailable: NO\nisSystem: YES\nkeyProvider: undefined\nkeyContainer: undefined\ndsrInstance: undefined\nelapsedSeconds: 9\nresultCode: 0x1\n</Data>\n  </EventData>\n</Event>\n",
  "json": "{\"Event\":{\"#attributes\":{\"xmlns\":\"http://schemas.microsoft.com/win/2004/08/events/event\"},\"System\":{\"Provider\":{\"#attributes\":{\"Name\":\"Microsoft-Windows-User Device Registration\",\"Guid\":\"23B8D46B-67DD-40A3-B636-D43E50552C6D\"}},\"EventID\":331,\"Version\":0,\"Level\":4,\"Task\":0,\"Opcode\":0,\"Keywords\":\"0x8000000000000000\",\"TimeCreated\":{\"#attributes\":{\"SystemTime\":\"2022-04-07T08:15:12.089121Z\"}},\"EventRecordID\":6,\"Correlation\":null,\"Execution\":{\"#attributes\":{\"ProcessID\":2360,\"ThreadID\":2364}},\"Channel\":\"Microsoft-Windows-User Device Registration/Admin\",\"Computer\":\"WIN-FPV0DSIC9O6.sigma.fr\",\"Security\":{\"#attributes\":{\"UserID\":\"S-1-5-18\"}}},\"EventData\":{\"DebugOutput\":\"preCheckResult: DoNotJoin\\ndeviceKeysHealthy: undefined\\nisJoined: undefined\\nisDcAvailable: NO\\nisSystem: YES\\nkeyProvider: undefined\\nkeyContainer: undefined\\ndsrInstance: undefined\\nelapsedSeconds: 9\\nresultCode: 0x1\\n\"}}}",
  "xml_fields": {
    "provider": "Microsoft-Windows-User Device Registration",
    "event_id": "331",
    "timestamp": "2022-04-07T08:15:12.089121Z",
    "event_record_id": "6",
    "level": "4",
    "task": "0",
    "opcode": "0",
    "keywords": "0x8000000000000000",
    "channel": "Microsoft-Windows-User Device Registration/Admin",
    "computer": "WIN-FPV0DSIC9O6.sigma.fr",
    "DebugOutput": "preCheckResult: DoNotJoin\ndeviceKeysHealthy: undefined\nisJoined: undefined\nisDcAvailable: NO\nisSystem: YES\nkeyProvider: undefined\nkeyContainer: undefined\ndsrInstance: undefined\nelapsedSeconds: 9\nresultCode: 0x1\n"
  },
  "json_fields": {
    "provider": "Microsoft-Windows-User Device Registration",
    "channel": "Microsoft-Windows-User Device Registration/Admin",
    "event_id": "331",
    "timestamp": "2022-04-07T08:15:12.089121Z",
    "event_record_id": "6",
    "level": "4",
    "task": "0",
    "opcode": "0",
    "keywords": "0x8000000000000000",
    "computer": "WIN-FPV0DSIC9O6.sigma.fr",
    "DebugOutput": "preCheckResult: DoNotJoin\ndeviceKeysHealthy: undefined\nisJoined: undefined\nisDcAvailable: NO\nisSystem: YES\nkeyProvider: undefined\nkeyContainer: undefined\ndsrInstance: undefined\nelapsedSeconds: 9\nresultCode: 0x1\n"
  }
}