{
  "event_id": "34",
  "provider": "Microsoft-Windows-Time-Service",
  "channel": "System",
  "source_file": "D:\\visual code file\\Project_4\\Event-Analyzer\\test\\Benign\\win2022-evtx\\System.evtx",
  "event_record_id": 697,
  "xml": "<?xml version=\"1.0\" encoding=\"utf-8\"?>\n<Event xmlns=\"http://schemas.microsoft.com/win/2004/08/events/event\">\n  <System>\n    <Provider Name=\"Microsoft-Windows-Time-Service\" Guid=\"06EDCFEB-0FD0-4E53-ACCA-A6F8BBF81BCB\">\n    </Provider>\n    <EventID>34</EventID>\n    <Version>0</Version>\n    <Level>2</Level>\n    <Task>0</Task>\n    <Opcode>0</Opcode>\n    <Keywords>0x8000000000000000</Keywords>\n    <TimeCreated SystemTime=\"2022-04-04T07:39:18.505460Z\">\n    </TimeCreated>\n    <EventRecordID>697</EventRecordID>\n    <Correlation>\n    </Correlation>\n    <Execution ProcessID=\"1832\" ThreadID=\"248\">\n    </Execution>\n    <Channel>System</Channel>\n    <Computer>WIN-TKC15D7KHUR</Computer>\n    <Security UserID=\"S-1-5-19\">\n    </Security>\n  </System>\n  <EventData Name=\"TMP_EVENT_TIME_CHANGE_TOO_BIG\">\n    <Data Name=\"SystemTimeChangeSeconds\">21</Data>\n    <Data Name=\"MaxSystemTimeChangeSeconds\">54000</Data>\n    <Data Name=\"TimeSource\">time.windows.com,0x8 (ntp.m|0x8|0.0.0.0:123-&gt;40.119.148.38:123)</Data>\n  </EventData>\n</Event>\n",
  "json": "{\"Event\":{\"#attributes\":{\"xmlns\":\"http://schemas.microsoft.com/win/2004/08/events/event\"},\"System\":{\"Provider\":{\"#attributes\":{\"Name\":\"Microsoft-Windows-Time-Service\",\"Guid\":\"06EDCFEB-0FD0-4E53-ACCA-A6F8BBF81BCB\"}},\"EventID\":34,\"Version\":0,\"Level\":2,\"Task\":0,\"Opcode\":0,\"Keywords\":\"0x8000000000000000\",\"TimeCreated\":{\"#attributes\":{\"SystemTime\":\"2022-04-04T07:39:18.505460Z\"}},\"EventRecordID\":697,\"Correlation\":null,\"Execution\":{\"#attributes\":{\"ProcessID\":1832,\"ThreadID\":248}},\"Channel\":\"System\",\"Computer\":\"WIN-TKC15D7KHUR\",\"Security\":{\"#attributes\":{\"UserID\":\"S-1-5-19\"}}},\"EventData\":{\"#attributes\":{\"Name\":\"TMP_EVENT_TIME_CHANGE_TOO_BIG\"},\"SystemTimeChangeSeconds\":21,\"MaxSystemTimeChangeSeconds\":54000,\"TimeSource\":\"time.windows.com,0x8 (ntp.m|0x8|0.0.0.0:123->40.119.148.38:123)\"}}}",
  "xml_fields": {
    "provider": "Microsoft-Windows-Time-Service",
    "event_id": "34",
    "timestamp": "2022-04-04T07:39:18.505460Z",
    "event_record_id": "697",
    "level": "2",
    "task": "0",
    "opcode": "0",
    "keywords": "0x8000000000000000",
    "channel": "System",
    "computer": "WIN-TKC15D7KHUR",
    "SystemTimeChangeSeconds": "21",
    "MaxSystemTimeChangeSeconds": "54000",
    "TimeSource": "time.windows.com,0x8 (ntp.m|0x8|0.0.0.0:123->40.119.148.38:123)"
  },
  "json_fields": {
    "provider": "Microsoft-Windows-Time-Service",
    "channel": "System",
    "event_id": "34",
    "timestamp": "2022-04-04T07:39:18.505460Z",
    "event_record_id": "697",
    "level": "2",
    "task": "0",
    "opcode": "0",
    "keywords": "0x8000000000000000",
    "computer": "WIN-TKC15D7KHUR",
    "SystemTimeChangeSeconds": "21",
    "MaxSystemTimeChangeSeconds": "54000",
    "TimeSource": "time.windows.com,0x8 (ntp.m|0x8|0.0.0.0:123->40.119.148.38:123)"
  }
}