{
  "event_id": "358",
  "provider": "Microsoft-Windows-User Device Registration",
  "channel": "Microsoft-Windows-User Device Registration/Admin",
  "source_file": "D:\\visual code file\\Project_4\\Event-Analyzer\\test\\Benign\\Win2022-AD\\Microsoft-Windows-User Device Registration%4Admin.evtx",
  "event_record_id": 8,
  "xml": "<?xml version=\"1.0\" encoding=\"utf-8\"?>\n<Event xmlns=\"http://schemas.microsoft.com/win/2004/08/events/event\">\n  <System>\n    <Provider Name=\"Microsoft-Windows-User Device Registration\" Guid=\"23B8D46B-67DD-40A3-B636-D43E50552C6D\">\n    </Provider>\n    <EventID>358</EventID>\n    <Version>0</Version>\n    <Level>4</Level>\n    <Task>0</Task>\n    <Opcode>0</Opcode>\n    <Keywords>0x8000000000000000</Keywords>\n    <TimeCreated SystemTime=\"2022-04-07T08:18:37.845005Z\">\n    </TimeCreated>\n    <EventRecordID>8</EventRecordID>\n    <Correlation>\n    </Correlation>\n    <Execution ProcessID=\"4500\" ThreadID=\"4152\">\n    </Execution>\n    <Channel>Microsoft-Windows-User Device Registration/Admin</Channel>\n    <Computer>WIN-FPV0DSIC9O6.sigma.fr</Computer>\n    <Security UserID=\"S-1-5-21-2121334350-1110938707-2888912545-500\">\n    </Security>\n  </System>\n  <EventData>\n    <Data Name=\"Message\">Windows Hello for Business provisioning will be launched.</Data>\n    <Data Name=\"DeviceIsJoined\">Not Tested</Data>\n    <Data Name=\"AADPrt\">Not Tested</Data>\n    <Data Name=\"NgcPolicyEnabled\">Not Tested</Data>\n    <Data Name=\"NgcPostLogonProvisioningEnabled\">Not Tested</Data>\n    <Data Name=\"NgcHardwarePolicyMet\">Not Tested</Data>\n    <Data Name=\"UserIsRemote\">Yes</Data>\n    <Data Name=\"LogonCertRequired\">Not Tested</Data>\n    <Data Name=\"MachinePolicySource\">none</Data>\n    <Data Name=\"UseCloudTrust\">Not Tested</Data>\n    <Data Name=\"CloudTgt\">Not Tested</Data>\n  </EventData>\n</Event>\n",
  "json": "{\"Event\":{\"#attributes\":{\"xmlns\":\"http://schemas.microsoft.com/win/2004/08/events/event\"},\"System\":{\"Provider\":{\"#attributes\":{\"Name\":\"Microsoft-Windows-User Device Registration\",\"Guid\":\"23B8D46B-67DD-40A3-B636-D43E50552C6D\"}},\"EventID\":358,\"Version\":0,\"Level\":4,\"Task\":0,\"Opcode\":0,\"Keywords\":\"0x8000000000000000\",\"TimeCreated\":{\"#attributes\":{\"SystemTime\":\"2022-04-07T08:18:37.845005Z\"}},\"EventRecordID\":8,\"Correlation\":null,\"Execution\":{\"#attributes\":{\"ProcessID\":4500,\"ThreadID\":4152}},\"Channel\":\"Microsoft-Windows-User Device Registration/Admin\",\"Computer\":\"WIN-FPV0DSIC9O6.sigma.fr\",\"Security\":{\"#attributes\":{\"UserID\":\"S-1-5-21-2121334350-1110938707-2888912545-500\"}}},\"EventData\":{\"Message\":\"Windows Hello for Business provisioning will be launched.\",\"DeviceIsJoined\":\"Not Tested\",\"AADPrt\":\"Not Tested\",\"NgcPolicyEnabled\":\"Not Tested\",\"NgcPostLogonProvisioningEnabled\":\"Not Tested\",\"NgcHardwarePolicyMet\":\"Not Tested\",\"UserIsRemote\":\"Yes\",\"LogonCertRequired\":\"Not Tested\",\"MachinePolicySource\":\"none\",\"UseCloudTrust\":\"Not Tested\",\"CloudTgt\":\"Not Tested\"}}}",
  "xml_fields": {
    "provider": "Microsoft-Windows-User Device Registration",
    "event_id": "358",
    "timestamp": "2022-04-07T08:18:37.845005Z",
    "event_record_id": "8",
    "level": "4",
    "task": "0",
    "opcode": "0",
    "keywords": "0x8000000000000000",
    "channel": "Microsoft-Windows-User Device Registration/Admin",
    "computer": "WIN-FPV0DSIC9O6.sigma.fr",
    "Message": "Windows Hello for Business provisioning will be launched.",
    "DeviceIsJoined": "Not Tested",
    "AADPrt": "Not Tested",
    "NgcPolicyEnabled": "Not Tested",
    "NgcPostLogonProvisioningEnabled": "Not Tested",
    "NgcHardwarePolicyMet": "Not Tested",
    "UserIsRemote": "Yes",
    "LogonCertRequired": "Not Tested",
    "MachinePolicySource": "none",
    "UseCloudTrust": "Not Tested",
    "CloudTgt": "Not Tested"
  },
  "json_fields": {
    "provider": "Microsoft-Windows-User Device Registration",
    "channel": "Microsoft-Windows-User Device Registration/Admin",
    "event_id": "358",
    "timestamp": "2022-04-07T08:18:37.845005Z",
    "event_record_id": "8",
    "level": "4",
    "task": "0",
    "opcode": "0",
    "keywords": "0x8000000000000000",
    "computer": "WIN-FPV0DSIC9O6.sigma.fr",
    "Message": "Windows Hello for Business provisioning will be launched.",
    "DeviceIsJoined": "Not Tested",
    "AADPrt": "Not Tested",
    "NgcPolicyEnabled": "Not Tested",
    "NgcPostLogonProvisioningEnabled": "Not Tested",
    "NgcHardwarePolicyMet": "Not Tested",
    "UserIsRemote": "Yes",
    "LogonCertRequired": "Not Tested",
    "MachinePolicySource": "none",
    "UseCloudTrust": "Not Tested",
    "CloudTgt": "Not Tested"
  }
}