{
  "event_id": "360",
  "provider": "Microsoft-Windows-User Device Registration",
  "channel": "Microsoft-Windows-User Device Registration/Admin",
  "source_file": "D:\\visual code file\\Project_4\\Event-Analyzer\\test\\Logs\\Microsoft-Windows-User Device Registration%4Admin.evtx",
  "event_record_id": 1,
  "xml": "<?xml version=\"1.0\" encoding=\"utf-8\"?>\n<Event xmlns=\"http://schemas.microsoft.com/win/2004/08/events/event\">\n  <System>\n    <Provider Name=\"Microsoft-Windows-User Device Registration\" Guid=\"23B8D46B-67DD-40A3-B636-D43E50552C6D\">\n    </Provider>\n    <EventID>360</EventID>\n    <Version>0</Version>\n    <Level>3</Level>\n    <Task>0</Task>\n    <Opcode>0</Opcode>\n    <Keywords>0x8000000000000000</Keywords>\n    <TimeCreated SystemTime=\"2024-11-04T12:47:41.575661Z\">\n    </TimeCreated>\n    <EventRecordID>1</EventRecordID>\n    <Correlation>\n    </Correlation>\n    <Execution ProcessID=\"5080\" ThreadID=\"5452\">\n    </Execution>\n    <Channel>Microsoft-Windows-User Device Registration/Admin</Channel>\n    <Computer>DESKTOP-P9H5FTA</Computer>\n    <Security UserID=\"S-1-5-21-3088055692-629932344-1786574096-1001\">\n    </Security>\n  </System>\n  <EventData>\n    <Data Name=\"Message\">Windows Hello for Business provisioning will not be launched.</Data>\n    <Data Name=\"DeviceIsJoined\">Not Tested</Data>\n    <Data Name=\"AADPrt\">No</Data>\n    <Data Name=\"NgcPolicyEnabled\">Not Tested</Data>\n    <Data Name=\"NgcPostLogonProvisioningEnabled\">Not Tested</Data>\n    <Data Name=\"NgcHardwarePolicyMet\">Not Tested</Data>\n    <Data Name=\"UserIsRemote\">Yes</Data>\n    <Data Name=\"LogonCertRequired\">Not Tested</Data>\n    <Data Name=\"MachinePolicySource\">none</Data>\n    <Data Name=\"UseCloudTrust\">Not Tested</Data>\n    <Data Name=\"CloudTgt\">Not Tested</Data>\n  </EventData>\n</Event>\n",
  "json": "{\"Event\":{\"#attributes\":{\"xmlns\":\"http://schemas.microsoft.com/win/2004/08/events/event\"},\"System\":{\"Provider\":{\"#attributes\":{\"Name\":\"Microsoft-Windows-User Device Registration\",\"Guid\":\"23B8D46B-67DD-40A3-B636-D43E50552C6D\"}},\"EventID\":360,\"Version\":0,\"Level\":3,\"Task\":0,\"Opcode\":0,\"Keywords\":\"0x8000000000000000\",\"TimeCreated\":{\"#attributes\":{\"SystemTime\":\"2024-11-04T12:47:41.575661Z\"}},\"EventRecordID\":1,\"Correlation\":null,\"Execution\":{\"#attributes\":{\"ProcessID\":5080,\"ThreadID\":5452}},\"Channel\":\"Microsoft-Windows-User Device Registration/Admin\",\"Computer\":\"DESKTOP-P9H5FTA\",\"Security\":{\"#attributes\":{\"UserID\":\"S-1-5-21-3088055692-629932344-1786574096-1001\"}}},\"EventData\":{\"Message\":\"Windows Hello for Business provisioning will not be launched.\",\"DeviceIsJoined\":\"Not Tested\",\"AADPrt\":\"No\",\"NgcPolicyEnabled\":\"Not Tested\",\"NgcPostLogonProvisioningEnabled\":\"Not Tested\",\"NgcHardwarePolicyMet\":\"Not Tested\",\"UserIsRemote\":\"Yes\",\"LogonCertRequired\":\"Not Tested\",\"MachinePolicySource\":\"none\",\"UseCloudTrust\":\"Not Tested\",\"CloudTgt\":\"Not Tested\"}}}",
  "xml_fields": {
    "provider": "Microsoft-Windows-User Device Registration",
    "event_id": "360",
    "timestamp": "2024-11-04T12:47:41.575661Z",
    "event_record_id": "1",
    "level": "3",
    "task": "0",
    "opcode": "0",
    "keywords": "0x8000000000000000",
    "channel": "Microsoft-Windows-User Device Registration/Admin",
    "computer": "DESKTOP-P9H5FTA",
    "Message": "Windows Hello for Business provisioning will not be launched.",
    "DeviceIsJoined": "Not Tested",
    "AADPrt": "No",
    "NgcPolicyEnabled": "Not Tested",
    "NgcPostLogonProvisioningEnabled": "Not Tested",
    "NgcHardwarePolicyMet": "Not Tested",
    "UserIsRemote": "Yes",
    "LogonCertRequired": "Not Tested",
    "MachinePolicySource": "none",
    "UseCloudTrust": "Not Tested",
    "CloudTgt": "Not Tested"
  },
  "json_fields": {
    "provider": "Microsoft-Windows-User Device Registration",
    "channel": "Microsoft-Windows-User Device Registration/Admin",
    "event_id": "360",
    "timestamp": "2024-11-04T12:47:41.575661Z",
    "event_record_id": "1",
    "level": "3",
    "task": "0",
    "opcode": "0",
    "keywords": "0x8000000000000000",
    "computer": "DESKTOP-P9H5FTA",
    "Message": "Windows Hello for Business provisioning will not be launched.",
    "DeviceIsJoined": "Not Tested",
    "AADPrt": "No",
    "NgcPolicyEnabled": "Not Tested",
    "NgcPostLogonProvisioningEnabled": "Not Tested",
    "NgcHardwarePolicyMet": "Not Tested",
    "UserIsRemote": "Yes",
    "LogonCertRequired": "Not Tested",
    "MachinePolicySource": "none",
    "UseCloudTrust": "Not Tested",
    "CloudTgt": "Not Tested"
  }
}