{
  "event_id": "36",
  "provider": "Microsoft-Windows-TerminalServices-ServerUSBDevices",
  "channel": "Microsoft-Windows-TerminalServices-ServerUSBDevices/Admin",
  "source_file": "D:\\visual code file\\Project_4\\Event-Analyzer\\test\\Logs\\Microsoft-Windows-TerminalServices-ServerUSBDevices%4Admin.evtx",
  "event_record_id": 1,
  "xml": "<?xml version=\"1.0\" encoding=\"utf-8\"?>\n<Event xmlns=\"http://schemas.microsoft.com/win/2004/08/events/event\">\n  <System>\n    <Provider Name=\"Microsoft-Windows-TerminalServices-ServerUSBDevices\" Guid=\"DCBE5AAA-16E2-457C-9337-366950045F0A\">\n    </Provider>\n    <EventID>36</EventID>\n    <Version>0</Version>\n    <Level>3</Level>\n    <Task>0</Task>\n    <Opcode>0</Opcode>\n    <Keywords>0x8000000000000000</Keywords>\n    <TimeCreated SystemTime=\"2025-01-24T10:06:23.553442Z\">\n    </TimeCreated>\n    <EventRecordID>1</EventRecordID>\n    <Correlation>\n    </Correlation>\n    <Execution ProcessID=\"1604\" ThreadID=\"1608\">\n    </Execution>\n    <Channel>Microsoft-Windows-TerminalServices-ServerUSBDevices/Admin</Channel>\n    <Computer>CTO-FILESVR</Computer>\n    <Security UserID=\"S-1-5-18\">\n    </Security>\n  </System>\n  <EventData>\n  </EventData>\n</Event>\n",
  "json": "{\"Event\":{\"#attributes\":{\"xmlns\":\"http://schemas.microsoft.com/win/2004/08/events/event\"},\"System\":{\"Provider\":{\"#attributes\":{\"Name\":\"Microsoft-Windows-TerminalServices-ServerUSBDevices\",\"Guid\":\"DCBE5AAA-16E2-457C-9337-366950045F0A\"}},\"EventID\":36,\"Version\":0,\"Level\":3,\"Task\":0,\"Opcode\":0,\"Keywords\":\"0x8000000000000000\",\"TimeCreated\":{\"#attributes\":{\"SystemTime\":\"2025-01-24T10:06:23.553442Z\"}},\"EventRecordID\":1,\"Correlation\":null,\"Execution\":{\"#attributes\":{\"ProcessID\":1604,\"ThreadID\":1608}},\"Channel\":\"Microsoft-Windows-TerminalServices-ServerUSBDevices/Admin\",\"Computer\":\"CTO-FILESVR\",\"Security\":{\"#attributes\":{\"UserID\":\"S-1-5-18\"}}},\"EventData\":null}}",
  "xml_fields": {
    "provider": "Microsoft-Windows-TerminalServices-ServerUSBDevices",
    "event_id": "36",
    "timestamp": "2025-01-24T10:06:23.553442Z",
    "event_record_id": "1",
    "level": "3",
    "task": "0",
    "opcode": "0",
    "keywords": "0x8000000000000000",
    "channel": "Microsoft-Windows-TerminalServices-ServerUSBDevices/Admin",
    "computer": "CTO-FILESVR"
  },
  "json_fields": {
    "provider": "Microsoft-Windows-TerminalServices-ServerUSBDevices",
    "channel": "Microsoft-Windows-TerminalServices-ServerUSBDevices/Admin",
    "event_id": "36",
    "timestamp": "2025-01-24T10:06:23.553442Z",
    "event_record_id": "1",
    "level": "3",
    "task": "0",
    "opcode": "0",
    "keywords": "0x8000000000000000",
    "computer": "CTO-FILESVR"
  }
}