{
  "event_id": "391",
  "provider": "Microsoft-Windows-AppxPackagingOM",
  "channel": "Microsoft-Windows-AppxPackaging/Operational",
  "source_file": "D:\\visual code file\\Project_4\\Event-Analyzer\\test\\Logs\\Microsoft-Windows-AppxPackaging%4Operational.evtx",
  "event_record_id": 2134,
  "xml": "<?xml version=\"1.0\" encoding=\"utf-8\"?>\n<Event xmlns=\"http://schemas.microsoft.com/win/2004/08/events/event\">\n  <System>\n    <Provider Name=\"Microsoft-Windows-AppxPackagingOM\" Guid=\"BA723D81-0D0C-4F1E-80C8-54740F508DDF\">\n    </Provider>\n    <EventID>391</EventID>\n    <Version>0</Version>\n    <Level>4</Level>\n    <Task>40</Task>\n    <Opcode>0</Opcode>\n    <Keywords>0x8000000000000000</Keywords>\n    <TimeCreated SystemTime=\"2025-01-24T10:29:53.553160Z\">\n    </TimeCreated>\n    <EventRecordID>2134</EventRecordID>\n    <Correlation ActivityID=\"8D345FF6-6E47-0002-528B-348D476EDB01\">\n    </Correlation>\n    <Execution ProcessID=\"3908\" ThreadID=\"13144\">\n    </Execution>\n    <Channel>Microsoft-Windows-AppxPackaging/Operational</Channel>\n    <Computer>CTO-FILESVR</Computer>\n    <Security UserID=\"S-1-5-18\">\n    </Security>\n  </System>\n  <EventData>\n    <Data Name=\"packageFullName\">Microsoft.People_2021.2202.100.0_neutral_~_8wekyb3d8bbwe</Data>\n  </EventData>\n</Event>\n",
  "json": "{\"Event\":{\"#attributes\":{\"xmlns\":\"http://schemas.microsoft.com/win/2004/08/events/event\"},\"System\":{\"Provider\":{\"#attributes\":{\"Name\":\"Microsoft-Windows-AppxPackagingOM\",\"Guid\":\"BA723D81-0D0C-4F1E-80C8-54740F508DDF\"}},\"EventID\":391,\"Version\":0,\"Level\":4,\"Task\":40,\"Opcode\":0,\"Keywords\":\"0x8000000000000000\",\"TimeCreated\":{\"#attributes\":{\"SystemTime\":\"2025-01-24T10:29:53.553160Z\"}},\"EventRecordID\":2134,\"Correlation\":{\"#attributes\":{\"ActivityID\":\"8D345FF6-6E47-0002-528B-348D476EDB01\"}},\"Execution\":{\"#attributes\":{\"ProcessID\":3908,\"ThreadID\":13144}},\"Channel\":\"Microsoft-Windows-AppxPackaging/Operational\",\"Computer\":\"CTO-FILESVR\",\"Security\":{\"#attributes\":{\"UserID\":\"S-1-5-18\"}}},\"EventData\":{\"packageFullName\":\"Microsoft.People_2021.2202.100.0_neutral_~_8wekyb3d8bbwe\"}}}",
  "xml_fields": {
    "provider": "Microsoft-Windows-AppxPackagingOM",
    "event_id": "391",
    "timestamp": "2025-01-24T10:29:53.553160Z",
    "event_record_id": "2134",
    "level": "4",
    "task": "40",
    "opcode": "0",
    "keywords": "0x8000000000000000",
    "channel": "Microsoft-Windows-AppxPackaging/Operational",
    "computer": "CTO-FILESVR",
    "packageFullName": "Microsoft.People_2021.2202.100.0_neutral_~_8wekyb3d8bbwe"
  },
  "json_fields": {
    "provider": "Microsoft-Windows-AppxPackagingOM",
    "channel": "Microsoft-Windows-AppxPackaging/Operational",
    "event_id": "391",
    "timestamp": "2025-01-24T10:29:53.553160Z",
    "event_record_id": "2134",
    "level": "4",
    "task": "40",
    "opcode": "0",
    "keywords": "0x8000000000000000",
    "computer": "CTO-FILESVR",
    "packageFullName": "Microsoft.People_2021.2202.100.0_neutral_~_8wekyb3d8bbwe"
  }
}