{
  "event_id": "3",
  "provider": "Microsoft-Windows-Security-Mitigations",
  "channel": "Microsoft-Windows-Security-Mitigations/KernelMode",
  "source_file": "D:\\visual code file\\Project_4\\Event-Analyzer\\test\\Logs\\Microsoft-Windows-Security-Mitigations%4KernelMode.evtx",
  "event_record_id": 1,
  "xml": "<?xml version=\"1.0\" encoding=\"utf-8\"?>\n<Event xmlns=\"http://schemas.microsoft.com/win/2004/08/events/event\">\n  <System>\n    <Provider Name=\"Microsoft-Windows-Security-Mitigations\" Guid=\"FAE10392-F0AF-4AC0-B8FF-9F4D920C3CDF\">\n    </Provider>\n    <EventID>3</EventID>\n    <Version>0</Version>\n    <Level>0</Level>\n    <Task>2</Task>\n    <Opcode>0</Opcode>\n    <Keywords>0x8000000000000000</Keywords>\n    <TimeCreated SystemTime=\"2024-11-04T12:35:27.475035Z\">\n    </TimeCreated>\n    <EventRecordID>1</EventRecordID>\n    <Correlation>\n    </Correlation>\n    <Execution ProcessID=\"2824\" ThreadID=\"6992\">\n    </Execution>\n    <Channel>Microsoft-Windows-Security-Mitigations/KernelMode</Channel>\n    <Computer>DESKTOP-P9H5FTA</Computer>\n    <Security UserID=\"S-1-5-18\">\n    </Security>\n  </System>\n  <EventData>\n    <Data Name=\"ProcessPathLength\">52</Data>\n    <Data Name=\"ProcessPath\">\\Device\\HarddiskVolume3\\Windows\\System32\\spoolsv.exe</Data>\n    <Data Name=\"ProcessCommandLineLength\">31</Data>\n    <Data Name=\"ProcessCommandLine\">C:\\Windows\\System32\\spoolsv.exe</Data>\n    <Data Name=\"CallingProcessId\">2824</Data>\n    <Data Name=\"CallingProcessCreateTime\">2024-11-05T01:34:17.296148Z</Data>\n    <Data Name=\"CallingProcessStartKey\">562949953421377</Data>\n    <Data Name=\"CallingProcessSignatureLevel\">0</Data>\n    <Data Name=\"CallingProcessSectionSignatureLevel\">0</Data>\n    <Data Name=\"CallingProcessProtection\">0</Data>\n    <Data Name=\"CallingThreadId\">6992</Data>\n    <Data Name=\"CallingThreadCreateTime\">2024-11-04T12:35:26.592523Z</Data>\n    <Data Name=\"ChildImagePathNameLength\">32</Data>\n    <Data Name=\"ChildImagePathName\">C:\\Windows\\system32\\regsvr32.exe</Data>\n    <Data Name=\"ChildCommandLineLength\">93</Data>\n    <Data Name=\"ChildCommandLine\">C:\\Windows\\system32\\regsvr32.exe /s \"C:\\Windows\\system32\\spool\\drivers\\x64\\3\\PrintConfig.dll\"</Data>\n  </EventData>\n</Event>\n",
  "json": "{\"Event\":{\"#attributes\":{\"xmlns\":\"http://schemas.microsoft.com/win/2004/08/events/event\"},\"System\":{\"Provider\":{\"#attributes\":{\"Name\":\"Microsoft-Windows-Security-Mitigations\",\"Guid\":\"FAE10392-F0AF-4AC0-B8FF-9F4D920C3CDF\"}},\"EventID\":3,\"Version\":0,\"Level\":0,\"Task\":2,\"Opcode\":0,\"Keywords\":\"0x8000000000000000\",\"TimeCreated\":{\"#attributes\":{\"SystemTime\":\"2024-11-04T12:35:27.475035Z\"}},\"EventRecordID\":1,\"Correlation\":null,\"Execution\":{\"#attributes\":{\"ProcessID\":2824,\"ThreadID\":6992}},\"Channel\":\"Microsoft-Windows-Security-Mitigations/KernelMode\",\"Computer\":\"DESKTOP-P9H5FTA\",\"Security\":{\"#attributes\":{\"UserID\":\"S-1-5-18\"}}},\"EventData\":{\"ProcessPathLength\":52,\"ProcessPath\":\"\\\\Device\\\\HarddiskVolume3\\\\Windows\\\\System32\\\\spoolsv.exe\",\"ProcessCommandLineLength\":31,\"ProcessCommandLine\":\"C:\\\\Windows\\\\System32\\\\spoolsv.exe\",\"CallingProcessId\":2824,\"CallingProcessCreateTime\":\"2024-11-05T01:34:17.296148Z\",\"CallingProcessStartKey\":562949953421377,\"CallingProcessSignatureLevel\":0,\"CallingProcessSectionSignatureLevel\":0,\"CallingProcessProtection\":0,\"CallingThreadId\":6992,\"CallingThreadCreateTime\":\"2024-11-04T12:35:26.592523Z\",\"ChildImagePathNameLength\":32,\"ChildImagePathName\":\"C:\\\\Windows\\\\system32\\\\regsvr32.exe\",\"ChildCommandLineLength\":93,\"ChildCommandLine\":\"C:\\\\Windows\\\\system32\\\\regsvr32.exe /s \\\"C:\\\\Windows\\\\system32\\\\spool\\\\drivers\\\\x64\\\\3\\\\PrintConfig.dll\\\"\"}}}",
  "xml_fields": {
    "provider": "Microsoft-Windows-Security-Mitigations",
    "event_id": "3",
    "timestamp": "2024-11-04T12:35:27.475035Z",
    "event_record_id": "1",
    "level": "0",
    "task": "2",
    "opcode": "0",
    "keywords": "0x8000000000000000",
    "channel": "Microsoft-Windows-Security-Mitigations/KernelMode",
    "computer": "DESKTOP-P9H5FTA",
    "ProcessPathLength": "52",
    "ProcessPath": "\\Device\\HarddiskVolume3\\Windows\\System32\\spoolsv.exe",
    "ProcessCommandLineLength": "31",
    "ProcessCommandLine": "C:\\Windows\\System32\\spoolsv.exe",
    "CallingProcessId": "2824",
    "CallingProcessCreateTime": "2024-11-05T01:34:17.296148Z",
    "CallingProcessStartKey": "562949953421377",
    "CallingProcessSignatureLevel": "0",
    "CallingProcessSectionSignatureLevel": "0",
    "CallingProcessProtection": "0",
    "CallingThreadId": "6992",
    "CallingThreadCreateTime": "2024-11-04T12:35:26.592523Z",
    "ChildImagePathNameLength": "32",
    "ChildImagePathName": "C:\\Windows\\system32\\regsvr32.exe",
    "ChildCommandLineLength": "93",
    "ChildCommandLine": "C:\\Windows\\system32\\regsvr32.exe /s \"C:\\Windows\\system32\\spool\\drivers\\x64\\3\\PrintConfig.dll\""
  },
  "json_fields": {
    "provider": "Microsoft-Windows-Security-Mitigations",
    "channel": "Microsoft-Windows-Security-Mitigations/KernelMode",
    "event_id": "3",
    "timestamp": "2024-11-04T12:35:27.475035Z",
    "event_record_id": "1",
    "level": "0",
    "task": "2",
    "opcode": "0",
    "keywords": "0x8000000000000000",
    "computer": "DESKTOP-P9H5FTA",
    "ProcessPathLength": "52",
    "ProcessPath": "\\Device\\HarddiskVolume3\\Windows\\System32\\spoolsv.exe",
    "ProcessCommandLineLength": "31",
    "ProcessCommandLine": "C:\\Windows\\System32\\spoolsv.exe",
    "CallingProcessId": "2824",
    "CallingProcessCreateTime": "2024-11-05T01:34:17.296148Z",
    "CallingProcessStartKey": "562949953421377",
    "CallingProcessSignatureLevel": "0",
    "CallingProcessSectionSignatureLevel": "0",
    "CallingProcessProtection": "0",
    "CallingThreadId": "6992",
    "CallingThreadCreateTime": "2024-11-04T12:35:26.592523Z",
    "ChildImagePathNameLength": "32",
    "ChildImagePathName": "C:\\Windows\\system32\\regsvr32.exe",
    "ChildCommandLineLength": "93",
    "ChildCommandLine": "C:\\Windows\\system32\\regsvr32.exe /s \"C:\\Windows\\system32\\spool\\drivers\\x64\\3\\PrintConfig.dll\""
  }
}