{
  "event_id": "3",
  "provider": "Microsoft-Windows-Kernel-IO",
  "channel": "Microsoft-Windows-Kernel-IO/Operational",
  "source_file": "D:\\visual code file\\Project_4\\Event-Analyzer\\test\\Benign\\win2022-0-20348-azure\\Microsoft-Windows-Kernel-IO%4Operational.evtx",
  "event_record_id": 74,
  "xml": "<?xml version=\"1.0\" encoding=\"utf-8\"?>\n<Event xmlns=\"http://schemas.microsoft.com/win/2004/08/events/event\">\n  <System>\n    <Provider Name=\"Microsoft-Windows-Kernel-IO\" Guid=\"ABF1F586-2E50-4BA8-928D-49044E6F0DB7\">\n    </Provider>\n    <EventID>3</EventID>\n    <Version>0</Version>\n    <Level>3</Level>\n    <Task>1</Task>\n    <Opcode>2</Opcode>\n    <Keywords>0x8000000000000001</Keywords>\n    <TimeCreated SystemTime=\"2022-09-08T21:02:20.477963Z\">\n    </TimeCreated>\n    <EventRecordID>74</EventRecordID>\n    <Correlation>\n    </Correlation>\n    <Execution ProcessID=\"2988\" ThreadID=\"2992\">\n    </Execution>\n    <Channel>Microsoft-Windows-Kernel-IO/Operational</Channel>\n    <Computer>WIN-06FB45IHQ35</Computer>\n    <Security UserID=\"S-1-5-18\">\n    </Security>\n  </System>\n  <EventData>\n    <Data Name=\"VolumeGuid\">00000000-0000-0000-0000-000000000000</Data>\n    <Data Name=\"VolumeNameLength\">0</Data>\n    <Data Name=\"VolumeName\"></Data>\n    <Data Name=\"Error\">0xc000014f</Data>\n  </EventData>\n</Event>\n",
  "json": "{\"Event\":{\"#attributes\":{\"xmlns\":\"http://schemas.microsoft.com/win/2004/08/events/event\"},\"System\":{\"Provider\":{\"#attributes\":{\"Name\":\"Microsoft-Windows-Kernel-IO\",\"Guid\":\"ABF1F586-2E50-4BA8-928D-49044E6F0DB7\"}},\"EventID\":3,\"Version\":0,\"Level\":3,\"Task\":1,\"Opcode\":2,\"Keywords\":\"0x8000000000000001\",\"TimeCreated\":{\"#attributes\":{\"SystemTime\":\"2022-09-08T21:02:20.477963Z\"}},\"EventRecordID\":74,\"Correlation\":null,\"Execution\":{\"#attributes\":{\"ProcessID\":2988,\"ThreadID\":2992}},\"Channel\":\"Microsoft-Windows-Kernel-IO/Operational\",\"Computer\":\"WIN-06FB45IHQ35\",\"Security\":{\"#attributes\":{\"UserID\":\"S-1-5-18\"}}},\"EventData\":{\"VolumeGuid\":\"00000000-0000-0000-0000-000000000000\",\"VolumeNameLength\":0,\"VolumeName\":\"\",\"Error\":\"0xc000014f\"}}}",
  "xml_fields": {
    "provider": "Microsoft-Windows-Kernel-IO",
    "event_id": "3",
    "timestamp": "2022-09-08T21:02:20.477963Z",
    "event_record_id": "74",
    "level": "3",
    "task": "1",
    "opcode": "2",
    "keywords": "0x8000000000000001",
    "channel": "Microsoft-Windows-Kernel-IO/Operational",
    "computer": "WIN-06FB45IHQ35",
    "VolumeGuid": "00000000-0000-0000-0000-000000000000",
    "VolumeNameLength": "0",
    "VolumeName": "",
    "Error": "0xc000014f"
  },
  "json_fields": {
    "provider": "Microsoft-Windows-Kernel-IO",
    "channel": "Microsoft-Windows-Kernel-IO/Operational",
    "event_id": "3",
    "timestamp": "2022-09-08T21:02:20.477963Z",
    "event_record_id": "74",
    "level": "3",
    "task": "1",
    "opcode": "2",
    "keywords": "0x8000000000000001",
    "computer": "WIN-06FB45IHQ35",
    "VolumeGuid": "00000000-0000-0000-0000-000000000000",
    "VolumeNameLength": "0",
    "VolumeName": "",
    "Error": "0xc000014f"
  }
}