{
  "event_id": "3",
  "provider": "Microsoft-Windows-Crypto-NCrypt",
  "channel": "Microsoft-Windows-Crypto-NCrypt/Operational",
  "source_file": "D:\\visual code file\\Project_4\\Event-Analyzer\\test\\Logs\\Microsoft-Windows-Crypto-NCrypt%4Operational.evtx",
  "event_record_id": 3,
  "xml": "<?xml version=\"1.0\" encoding=\"utf-8\"?>\n<Event xmlns=\"http://schemas.microsoft.com/win/2004/08/events/event\">\n  <System>\n    <Provider Name=\"Microsoft-Windows-Crypto-NCrypt\" Guid=\"E8ED09DC-100C-45E2-9FC8-B53399EC1F70\">\n    </Provider>\n    <EventID>3</EventID>\n    <Version>0</Version>\n    <Level>2</Level>\n    <Task>3</Task>\n    <Opcode>0</Opcode>\n    <Keywords>0x8000000000000001</Keywords>\n    <TimeCreated SystemTime=\"2024-11-04T12:34:57.932745Z\">\n    </TimeCreated>\n    <EventRecordID>3</EventRecordID>\n    <Correlation>\n    </Correlation>\n    <Execution ProcessID=\"1560\" ThreadID=\"4272\">\n    </Execution>\n    <Channel>Microsoft-Windows-Crypto-NCrypt/Operational</Channel>\n    <Computer>DESKTOP-P9H5FTA</Computer>\n    <Security UserID=\"S-1-5-21-3088055692-629932344-1786574096-1000\">\n    </Security>\n  </System>\n  <EventData>\n    <Data Name=\"ProviderName\">Microsoft Software Key Storage Provider</Data>\n    <Data Name=\"KeyName\">Microsoft Connected Devices Platform device certificate</Data>\n    <Data Name=\"Status\">0x80090016</Data>\n    <Data Name=\"ProcessName\">svchost.exe</Data>\n  </EventData>\n</Event>\n",
  "json": "{\"Event\":{\"#attributes\":{\"xmlns\":\"http://schemas.microsoft.com/win/2004/08/events/event\"},\"System\":{\"Provider\":{\"#attributes\":{\"Name\":\"Microsoft-Windows-Crypto-NCrypt\",\"Guid\":\"E8ED09DC-100C-45E2-9FC8-B53399EC1F70\"}},\"EventID\":3,\"Version\":0,\"Level\":2,\"Task\":3,\"Opcode\":0,\"Keywords\":\"0x8000000000000001\",\"TimeCreated\":{\"#attributes\":{\"SystemTime\":\"2024-11-04T12:34:57.932745Z\"}},\"EventRecordID\":3,\"Correlation\":null,\"Execution\":{\"#attributes\":{\"ProcessID\":1560,\"ThreadID\":4272}},\"Channel\":\"Microsoft-Windows-Crypto-NCrypt/Operational\",\"Computer\":\"DESKTOP-P9H5FTA\",\"Security\":{\"#attributes\":{\"UserID\":\"S-1-5-21-3088055692-629932344-1786574096-1000\"}}},\"EventData\":{\"ProviderName\":\"Microsoft Software Key Storage Provider\",\"KeyName\":\"Microsoft Connected Devices Platform device certificate\",\"Status\":\"0x80090016\",\"ProcessName\":\"svchost.exe\"}}}",
  "xml_fields": {
    "provider": "Microsoft-Windows-Crypto-NCrypt",
    "event_id": "3",
    "timestamp": "2024-11-04T12:34:57.932745Z",
    "event_record_id": "3",
    "level": "2",
    "task": "3",
    "opcode": "0",
    "keywords": "0x8000000000000001",
    "channel": "Microsoft-Windows-Crypto-NCrypt/Operational",
    "computer": "DESKTOP-P9H5FTA",
    "ProviderName": "Microsoft Software Key Storage Provider",
    "KeyName": "Microsoft Connected Devices Platform device certificate",
    "Status": "0x80090016",
    "ProcessName": "svchost.exe"
  },
  "json_fields": {
    "provider": "Microsoft-Windows-Crypto-NCrypt",
    "channel": "Microsoft-Windows-Crypto-NCrypt/Operational",
    "event_id": "3",
    "timestamp": "2024-11-04T12:34:57.932745Z",
    "event_record_id": "3",
    "level": "2",
    "task": "3",
    "opcode": "0",
    "keywords": "0x8000000000000001",
    "computer": "DESKTOP-P9H5FTA",
    "ProviderName": "Microsoft Software Key Storage Provider",
    "KeyName": "Microsoft Connected Devices Platform device certificate",
    "Status": "0x80090016",
    "ProcessName": "svchost.exe"
  }
}