{
  "event_id": "3",
  "provider": "Microsoft-Windows-WUSA",
  "channel": "Setup",
  "source_file": "D:\\visual code file\\Project_4\\Event-Analyzer\\test\\Benign\\win7-x86\\Setup.evtx",
  "event_record_id": 1,
  "xml": "<?xml version=\"1.0\" encoding=\"utf-8\"?>\n<Event xmlns=\"http://schemas.microsoft.com/win/2004/08/events/event\">\n  <System>\n    <Provider Name=\"Microsoft-Windows-WUSA\" Guid=\"09608C12-C1DA-4104-A6FE-B959CF57560A\">\n    </Provider>\n    <EventID>3</EventID>\n    <Version>0</Version>\n    <Level>2</Level>\n    <Task>0</Task>\n    <Opcode>0</Opcode>\n    <Keywords>0x8000000000000000</Keywords>\n    <TimeCreated SystemTime=\"2022-04-04T10:24:48.960748Z\">\n    </TimeCreated>\n    <EventRecordID>1</EventRecordID>\n    <Correlation>\n    </Correlation>\n    <Execution ProcessID=\"5604\" ThreadID=\"5420\">\n    </Execution>\n    <Channel>Setup</Channel>\n    <Computer>evtx-PC</Computer>\n    <Security UserID=\"S-1-5-21-712794737-353456615-3249761964-1001\">\n    </Security>\n  </System>\n  <EventData>\n    <Data Name=\"UpdateTitle\"></Data>\n    <Data Name=\"ErrorCode\">2149842967</Data>\n    <Data Name=\"ErrorString\"></Data>\n    <Data Name=\"CommandLine\">\"C:\\Windows\\system32\\wusa.exe\" \"C:\\Users\\evtx\\Downloads\\Windows6.1-KB3033929-x64.msu\"        </Data>\n  </EventData>\n</Event>\n",
  "json": "{\"Event\":{\"#attributes\":{\"xmlns\":\"http://schemas.microsoft.com/win/2004/08/events/event\"},\"System\":{\"Provider\":{\"#attributes\":{\"Name\":\"Microsoft-Windows-WUSA\",\"Guid\":\"09608C12-C1DA-4104-A6FE-B959CF57560A\"}},\"EventID\":3,\"Version\":0,\"Level\":2,\"Task\":0,\"Opcode\":0,\"Keywords\":\"0x8000000000000000\",\"TimeCreated\":{\"#attributes\":{\"SystemTime\":\"2022-04-04T10:24:48.960748Z\"}},\"EventRecordID\":1,\"Correlation\":null,\"Execution\":{\"#attributes\":{\"ProcessID\":5604,\"ThreadID\":5420}},\"Channel\":\"Setup\",\"Computer\":\"evtx-PC\",\"Security\":{\"#attributes\":{\"UserID\":\"S-1-5-21-712794737-353456615-3249761964-1001\"}}},\"EventData\":{\"UpdateTitle\":\"\",\"ErrorCode\":2149842967,\"ErrorString\":\"\",\"CommandLine\":\"\\\"C:\\\\Windows\\\\system32\\\\wusa.exe\\\" \\\"C:\\\\Users\\\\evtx\\\\Downloads\\\\Windows6.1-KB3033929-x64.msu\\\"        \"}}}",
  "xml_fields": {
    "provider": "Microsoft-Windows-WUSA",
    "event_id": "3",
    "timestamp": "2022-04-04T10:24:48.960748Z",
    "event_record_id": "1",
    "level": "2",
    "task": "0",
    "opcode": "0",
    "keywords": "0x8000000000000000",
    "channel": "Setup",
    "computer": "evtx-PC",
    "UpdateTitle": "",
    "ErrorCode": "2149842967",
    "ErrorString": "",
    "CommandLine": "\"C:\\Windows\\system32\\wusa.exe\" \"C:\\Users\\evtx\\Downloads\\Windows6.1-KB3033929-x64.msu\"        "
  },
  "json_fields": {
    "provider": "Microsoft-Windows-WUSA",
    "channel": "Setup",
    "event_id": "3",
    "timestamp": "2022-04-04T10:24:48.960748Z",
    "event_record_id": "1",
    "level": "2",
    "task": "0",
    "opcode": "0",
    "keywords": "0x8000000000000000",
    "computer": "evtx-PC",
    "UpdateTitle": "",
    "ErrorCode": "2149842967",
    "ErrorString": "",
    "CommandLine": "\"C:\\Windows\\system32\\wusa.exe\" \"C:\\Users\\evtx\\Downloads\\Windows6.1-KB3033929-x64.msu\"        "
  }
}