{
  "event_id": "3",
  "provider": "Microsoft-Windows-Kernel-ShimEngine",
  "channel": "Microsoft-Windows-Kernel-ShimEngine/Operational",
  "source_file": "D:\\visual code file\\Project_4\\Event-Analyzer\\test\\Logs\\Microsoft-Windows-Kernel-ShimEngine%4Operational.evtx",
  "event_record_id": 1,
  "xml": "<?xml version=\"1.0\" encoding=\"utf-8\"?>\n<Event xmlns=\"http://schemas.microsoft.com/win/2004/08/events/event\">\n  <System>\n    <Provider Name=\"Microsoft-Windows-Kernel-ShimEngine\" Guid=\"0BF2FB94-7B60-4B4D-9766-E82F658DF540\">\n    </Provider>\n    <EventID>3</EventID>\n    <Version>1</Version>\n    <Level>4</Level>\n    <Task>0</Task>\n    <Opcode>0</Opcode>\n    <Keywords>0x4000000000000000</Keywords>\n    <TimeCreated SystemTime=\"2024-11-05T01:32:58.874276Z\">\n    </TimeCreated>\n    <EventRecordID>1</EventRecordID>\n    <Correlation>\n    </Correlation>\n    <Execution ProcessID=\"4\" ThreadID=\"8\">\n    </Execution>\n    <Channel>Microsoft-Windows-Kernel-ShimEngine/Operational</Channel>\n    <Computer>WIN-5LCFHVCO531</Computer>\n    <Security UserID=\"S-1-5-18\">\n    </Security>\n  </System>\n  <EventData>\n    <Data Name=\"DriverName\">storahci.sys</Data>\n    <Data Name=\"ShimSource\">0</Data>\n    <Data Name=\"ShimCount\">1</Data>\n    <Data Name=\"AppliedGuids\">{434abafd-08fa-4c3d-a88d-d09a88e2ab17}</Data>\n  </EventData>\n</Event>\n",
  "json": "{\"Event\":{\"#attributes\":{\"xmlns\":\"http://schemas.microsoft.com/win/2004/08/events/event\"},\"System\":{\"Provider\":{\"#attributes\":{\"Name\":\"Microsoft-Windows-Kernel-ShimEngine\",\"Guid\":\"0BF2FB94-7B60-4B4D-9766-E82F658DF540\"}},\"EventID\":3,\"Version\":1,\"Level\":4,\"Task\":0,\"Opcode\":0,\"Keywords\":\"0x4000000000000000\",\"TimeCreated\":{\"#attributes\":{\"SystemTime\":\"2024-11-05T01:32:58.874276Z\"}},\"EventRecordID\":1,\"Correlation\":null,\"Execution\":{\"#attributes\":{\"ProcessID\":4,\"ThreadID\":8}},\"Channel\":\"Microsoft-Windows-Kernel-ShimEngine/Operational\",\"Computer\":\"WIN-5LCFHVCO531\",\"Security\":{\"#attributes\":{\"UserID\":\"S-1-5-18\"}}},\"EventData\":{\"DriverName\":\"storahci.sys\",\"ShimSource\":0,\"ShimCount\":1,\"AppliedGuids\":\"{434abafd-08fa-4c3d-a88d-d09a88e2ab17}\"}}}",
  "xml_fields": {
    "provider": "Microsoft-Windows-Kernel-ShimEngine",
    "event_id": "3",
    "timestamp": "2024-11-05T01:32:58.874276Z",
    "event_record_id": "1",
    "level": "4",
    "task": "0",
    "opcode": "0",
    "keywords": "0x4000000000000000",
    "channel": "Microsoft-Windows-Kernel-ShimEngine/Operational",
    "computer": "WIN-5LCFHVCO531",
    "DriverName": "storahci.sys",
    "ShimSource": "0",
    "ShimCount": "1",
    "AppliedGuids": "{434abafd-08fa-4c3d-a88d-d09a88e2ab17}"
  },
  "json_fields": {
    "provider": "Microsoft-Windows-Kernel-ShimEngine",
    "channel": "Microsoft-Windows-Kernel-ShimEngine/Operational",
    "event_id": "3",
    "timestamp": "2024-11-05T01:32:58.874276Z",
    "event_record_id": "1",
    "level": "4",
    "task": "0",
    "opcode": "0",
    "keywords": "0x4000000000000000",
    "computer": "WIN-5LCFHVCO531",
    "DriverName": "storahci.sys",
    "ShimSource": "0",
    "ShimCount": "1",
    "AppliedGuids": "{434abafd-08fa-4c3d-a88d-d09a88e2ab17}"
  }
}