{
  "event_id": "3",
  "provider": "Microsoft-Windows-WindowsSystemAssessmentTool",
  "channel": "Microsoft-Windows-WindowsSystemAssessmentTool/Operational",
  "source_file": "D:\\visual code file\\Project_4\\Event-Analyzer\\test\\Benign\\win2022-evtx\\Microsoft-Windows-WindowsSystemAssessmentTool%4Operational.evtx",
  "event_record_id": 82,
  "xml": "<?xml version=\"1.0\" encoding=\"utf-8\"?>\n<Event xmlns=\"http://schemas.microsoft.com/win/2004/08/events/event\">\n  <System>\n    <Provider Name=\"Microsoft-Windows-WindowsSystemAssessmentTool\" Guid=\"11A75546-3234-465E-BEC8-2D301CB501AC\">\n    </Provider>\n    <EventID>3</EventID>\n    <Version>0</Version>\n    <Level>0</Level>\n    <Task>1</Task>\n    <Opcode>2</Opcode>\n    <Keywords>0x8000000000000000</Keywords>\n    <TimeCreated SystemTime=\"2022-04-04T08:03:12.759191Z\">\n    </TimeCreated>\n    <EventRecordID>82</EventRecordID>\n    <Correlation>\n    </Correlation>\n    <Execution ProcessID=\"3768\" ThreadID=\"4432\">\n    </Execution>\n    <Channel>Microsoft-Windows-WindowsSystemAssessmentTool/Operational</Channel>\n    <Computer>WIN-TKC15D7KHUR</Computer>\n    <Security UserID=\"S-1-5-21-1958040314-2592322477-2606035944-500\">\n    </Security>\n  </System>\n  <EventData>\n    <Data Name=\"ExitCode\">0</Data>\n  </EventData>\n</Event>\n",
  "json": "{\"Event\":{\"#attributes\":{\"xmlns\":\"http://schemas.microsoft.com/win/2004/08/events/event\"},\"System\":{\"Provider\":{\"#attributes\":{\"Name\":\"Microsoft-Windows-WindowsSystemAssessmentTool\",\"Guid\":\"11A75546-3234-465E-BEC8-2D301CB501AC\"}},\"EventID\":3,\"Version\":0,\"Level\":0,\"Task\":1,\"Opcode\":2,\"Keywords\":\"0x8000000000000000\",\"TimeCreated\":{\"#attributes\":{\"SystemTime\":\"2022-04-04T08:03:12.759191Z\"}},\"EventRecordID\":82,\"Correlation\":null,\"Execution\":{\"#attributes\":{\"ProcessID\":3768,\"ThreadID\":4432}},\"Channel\":\"Microsoft-Windows-WindowsSystemAssessmentTool/Operational\",\"Computer\":\"WIN-TKC15D7KHUR\",\"Security\":{\"#attributes\":{\"UserID\":\"S-1-5-21-1958040314-2592322477-2606035944-500\"}}},\"EventData\":{\"ExitCode\":0}}}",
  "xml_fields": {
    "provider": "Microsoft-Windows-WindowsSystemAssessmentTool",
    "event_id": "3",
    "timestamp": "2022-04-04T08:03:12.759191Z",
    "event_record_id": "82",
    "level": "0",
    "task": "1",
    "opcode": "2",
    "keywords": "0x8000000000000000",
    "channel": "Microsoft-Windows-WindowsSystemAssessmentTool/Operational",
    "computer": "WIN-TKC15D7KHUR",
    "ExitCode": "0"
  },
  "json_fields": {
    "provider": "Microsoft-Windows-WindowsSystemAssessmentTool",
    "channel": "Microsoft-Windows-WindowsSystemAssessmentTool/Operational",
    "event_id": "3",
    "timestamp": "2022-04-04T08:03:12.759191Z",
    "event_record_id": "82",
    "level": "0",
    "task": "1",
    "opcode": "2",
    "keywords": "0x8000000000000000",
    "computer": "WIN-TKC15D7KHUR",
    "ExitCode": "0"
  }
}