{
  "event_id": "3",
  "provider": "Microsoft-Windows-ShellCommon-StartLayoutPopulation",
  "channel": "Microsoft-Windows-ShellCommon-StartLayoutPopulation/Operational",
  "source_file": "D:\\visual code file\\Project_4\\Event-Analyzer\\test\\Logs\\Microsoft-Windows-ShellCommon-StartLayoutPopulation%4Operational.evtx",
  "event_record_id": 3,
  "xml": "<?xml version=\"1.0\" encoding=\"utf-8\"?>\n<Event xmlns=\"http://schemas.microsoft.com/win/2004/08/events/event\">\n  <System>\n    <Provider Name=\"Microsoft-Windows-ShellCommon-StartLayoutPopulation\" Guid=\"97CA8142-10B1-4BAA-9FBB-70A7D11231C3\">\n    </Provider>\n    <EventID>3</EventID>\n    <Version>0</Version>\n    <Level>4</Level>\n    <Task>3</Task>\n    <Opcode>1</Opcode>\n    <Keywords>0x4000000000000000</Keywords>\n    <TimeCreated SystemTime=\"2024-11-04T12:47:41.924695Z\">\n    </TimeCreated>\n    <EventRecordID>3</EventRecordID>\n    <Correlation>\n    </Correlation>\n    <Execution ProcessID=\"2088\" ThreadID=\"3424\">\n    </Execution>\n    <Channel>Microsoft-Windows-ShellCommon-StartLayoutPopulation/Operational</Channel>\n    <Computer>DESKTOP-P9H5FTA</Computer>\n    <Security UserID=\"S-1-5-21-3088055692-629932344-1786574096-1001\">\n    </Security>\n  </System>\n  <EventData>\n    <Data Name=\"layoutSelectionSerializedString\">\nRegion Codes:US \nSKUs:4 \nOffice SKUs: &lt;not set&gt;\nGroup Cell Width: &lt;not set&gt;\nPreInstalledAppsEnabled: 0\nTargetedContentTilesEnabled: 1\nEducationModeEnabled: 0\nCommercialDevice: 0\n</Data>\n  </EventData>\n</Event>\n",
  "json": "{\"Event\":{\"#attributes\":{\"xmlns\":\"http://schemas.microsoft.com/win/2004/08/events/event\"},\"System\":{\"Provider\":{\"#attributes\":{\"Name\":\"Microsoft-Windows-ShellCommon-StartLayoutPopulation\",\"Guid\":\"97CA8142-10B1-4BAA-9FBB-70A7D11231C3\"}},\"EventID\":3,\"Version\":0,\"Level\":4,\"Task\":3,\"Opcode\":1,\"Keywords\":\"0x4000000000000000\",\"TimeCreated\":{\"#attributes\":{\"SystemTime\":\"2024-11-04T12:47:41.924695Z\"}},\"EventRecordID\":3,\"Correlation\":null,\"Execution\":{\"#attributes\":{\"ProcessID\":2088,\"ThreadID\":3424}},\"Channel\":\"Microsoft-Windows-ShellCommon-StartLayoutPopulation/Operational\",\"Computer\":\"DESKTOP-P9H5FTA\",\"Security\":{\"#attributes\":{\"UserID\":\"S-1-5-21-3088055692-629932344-1786574096-1001\"}}},\"EventData\":{\"layoutSelectionSerializedString\":\"\\nRegion Codes:US \\nSKUs:4 \\nOffice SKUs: <not set>\\nGroup Cell Width: <not set>\\nPreInstalledAppsEnabled: 0\\nTargetedContentTilesEnabled: 1\\nEducationModeEnabled: 0\\nCommercialDevice: 0\\n\"}}}",
  "xml_fields": {
    "provider": "Microsoft-Windows-ShellCommon-StartLayoutPopulation",
    "event_id": "3",
    "timestamp": "2024-11-04T12:47:41.924695Z",
    "event_record_id": "3",
    "level": "4",
    "task": "3",
    "opcode": "1",
    "keywords": "0x4000000000000000",
    "channel": "Microsoft-Windows-ShellCommon-StartLayoutPopulation/Operational",
    "computer": "DESKTOP-P9H5FTA",
    "layoutSelectionSerializedString": "\nRegion Codes:US \nSKUs:4 \nOffice SKUs: <not set>\nGroup Cell Width: <not set>\nPreInstalledAppsEnabled: 0\nTargetedContentTilesEnabled: 1\nEducationModeEnabled: 0\nCommercialDevice: 0\n"
  },
  "json_fields": {
    "provider": "Microsoft-Windows-ShellCommon-StartLayoutPopulation",
    "channel": "Microsoft-Windows-ShellCommon-StartLayoutPopulation/Operational",
    "event_id": "3",
    "timestamp": "2024-11-04T12:47:41.924695Z",
    "event_record_id": "3",
    "level": "4",
    "task": "3",
    "opcode": "1",
    "keywords": "0x4000000000000000",
    "computer": "DESKTOP-P9H5FTA",
    "layoutSelectionSerializedString": "\nRegion Codes:US \nSKUs:4 \nOffice SKUs: <not set>\nGroup Cell Width: <not set>\nPreInstalledAppsEnabled: 0\nTargetedContentTilesEnabled: 1\nEducationModeEnabled: 0\nCommercialDevice: 0\n"
  }
}