{
  "event_id": "3",
  "provider": "Windows-ApplicationModel-Store-SDK",
  "channel": "Microsoft-Windows-Store/Operational",
  "source_file": "D:\\visual code file\\Project_4\\Event-Analyzer\\test\\Logs\\Microsoft-Windows-Store%4Operational.evtx",
  "event_record_id": 1474,
  "xml": "<?xml version=\"1.0\" encoding=\"utf-8\"?>\n<Event xmlns=\"http://schemas.microsoft.com/win/2004/08/events/event\">\n  <System>\n    <Provider Name=\"Windows-ApplicationModel-Store-SDK\" Guid=\"FF79A477-C45F-4A52-8AE0-2B324346D4E4\">\n    </Provider>\n    <EventID>3</EventID>\n    <Version>0</Version>\n    <Level>3</Level>\n    <Task>3</Task>\n    <Opcode>0</Opcode>\n    <Keywords>0x8000000000000001</Keywords>\n    <TimeCreated SystemTime=\"2024-11-04T13:10:40.767516Z\">\n    </TimeCreated>\n    <EventRecordID>1474</EventRecordID>\n    <Correlation>\n    </Correlation>\n    <Execution ProcessID=\"8572\" ThreadID=\"9044\">\n    </Execution>\n    <Channel>Microsoft-Windows-Store/Operational</Channel>\n    <Computer>DESKTOP-P9H5FTA</Computer>\n    <Security UserID=\"S-1-5-21-3088055692-629932344-1786574096-1001\">\n    </Security>\n  </System>\n  <EventData>\n    <Data Name=\"Message\">DigitalAttachDiscovery task asked to cancel. Reason=Abort</Data>\n    <Data Name=\"Line Number\">177</Data>\n    <Data Name=\"File Name\">C:\\BA\\52\\s\\src\\Tasks\\WinStoreTasks\\DigitalAttachDiscoveryTask.cs</Data>\n    <Data Name=\"Member Name\">OnCanceled</Data>\n  </EventData>\n</Event>\n",
  "json": "{\"Event\":{\"#attributes\":{\"xmlns\":\"http://schemas.microsoft.com/win/2004/08/events/event\"},\"System\":{\"Provider\":{\"#attributes\":{\"Name\":\"Windows-ApplicationModel-Store-SDK\",\"Guid\":\"FF79A477-C45F-4A52-8AE0-2B324346D4E4\"}},\"EventID\":3,\"Version\":0,\"Level\":3,\"Task\":3,\"Opcode\":0,\"Keywords\":\"0x8000000000000001\",\"TimeCreated\":{\"#attributes\":{\"SystemTime\":\"2024-11-04T13:10:40.767516Z\"}},\"EventRecordID\":1474,\"Correlation\":null,\"Execution\":{\"#attributes\":{\"ProcessID\":8572,\"ThreadID\":9044}},\"Channel\":\"Microsoft-Windows-Store/Operational\",\"Computer\":\"DESKTOP-P9H5FTA\",\"Security\":{\"#attributes\":{\"UserID\":\"S-1-5-21-3088055692-629932344-1786574096-1001\"}}},\"EventData\":{\"Message\":\"DigitalAttachDiscovery task asked to cancel. Reason=Abort\",\"Line Number\":177,\"File Name\":\"C:\\\\BA\\\\52\\\\s\\\\src\\\\Tasks\\\\WinStoreTasks\\\\DigitalAttachDiscoveryTask.cs\",\"Member Name\":\"OnCanceled\"}}}",
  "xml_fields": {
    "provider": "Windows-ApplicationModel-Store-SDK",
    "event_id": "3",
    "timestamp": "2024-11-04T13:10:40.767516Z",
    "event_record_id": "1474",
    "level": "3",
    "task": "3",
    "opcode": "0",
    "keywords": "0x8000000000000001",
    "channel": "Microsoft-Windows-Store/Operational",
    "computer": "DESKTOP-P9H5FTA",
    "Message": "DigitalAttachDiscovery task asked to cancel. Reason=Abort",
    "Line Number": "177",
    "File Name": "C:\\BA\\52\\s\\src\\Tasks\\WinStoreTasks\\DigitalAttachDiscoveryTask.cs",
    "Member Name": "OnCanceled"
  },
  "json_fields": {
    "provider": "Windows-ApplicationModel-Store-SDK",
    "channel": "Microsoft-Windows-Store/Operational",
    "event_id": "3",
    "timestamp": "2024-11-04T13:10:40.767516Z",
    "event_record_id": "1474",
    "level": "3",
    "task": "3",
    "opcode": "0",
    "keywords": "0x8000000000000001",
    "computer": "DESKTOP-P9H5FTA",
    "Message": "DigitalAttachDiscovery task asked to cancel. Reason=Abort",
    "Line Number": "177",
    "File Name": "C:\\BA\\52\\s\\src\\Tasks\\WinStoreTasks\\DigitalAttachDiscoveryTask.cs",
    "Member Name": "OnCanceled"
  }
}