{
  "event_id": "4000",
  "provider": "Microsoft-Windows-LanguagePackSetup",
  "channel": "Microsoft-Windows-LanguagePackSetup/Operational",
  "source_file": "D:\\visual code file\\Project_4\\Event-Analyzer\\test\\Logs\\Microsoft-Windows-LanguagePackSetup%4Operational.evtx",
  "event_record_id": 1,
  "xml": "<?xml version=\"1.0\" encoding=\"utf-8\"?>\n<Event xmlns=\"http://schemas.microsoft.com/win/2004/08/events/event\">\n  <System>\n    <Provider Name=\"Microsoft-Windows-LanguagePackSetup\" Guid=\"7237FFF9-A08A-4804-9C79-4A8704B70B87\">\n    </Provider>\n    <EventID>4000</EventID>\n    <Version>0</Version>\n    <Level>4</Level>\n    <Task>35</Task>\n    <Opcode>1</Opcode>\n    <Keywords>0x4000000000000000</Keywords>\n    <TimeCreated SystemTime=\"2024-11-04T12:36:17.141550Z\">\n    </TimeCreated>\n    <EventRecordID>1</EventRecordID>\n    <Correlation>\n    </Correlation>\n    <Execution ProcessID=\"6236\" ThreadID=\"512\">\n    </Execution>\n    <Channel>Microsoft-Windows-LanguagePackSetup/Operational</Channel>\n    <Computer>DESKTOP-P9H5FTA</Computer>\n    <Security UserID=\"S-1-5-18\">\n    </Security>\n  </System>\n  <EventData>\n  </EventData>\n</Event>\n",
  "json": "{\"Event\":{\"#attributes\":{\"xmlns\":\"http://schemas.microsoft.com/win/2004/08/events/event\"},\"System\":{\"Provider\":{\"#attributes\":{\"Name\":\"Microsoft-Windows-LanguagePackSetup\",\"Guid\":\"7237FFF9-A08A-4804-9C79-4A8704B70B87\"}},\"EventID\":4000,\"Version\":0,\"Level\":4,\"Task\":35,\"Opcode\":1,\"Keywords\":\"0x4000000000000000\",\"TimeCreated\":{\"#attributes\":{\"SystemTime\":\"2024-11-04T12:36:17.141550Z\"}},\"EventRecordID\":1,\"Correlation\":null,\"Execution\":{\"#attributes\":{\"ProcessID\":6236,\"ThreadID\":512}},\"Channel\":\"Microsoft-Windows-LanguagePackSetup/Operational\",\"Computer\":\"DESKTOP-P9H5FTA\",\"Security\":{\"#attributes\":{\"UserID\":\"S-1-5-18\"}}},\"EventData\":null}}",
  "xml_fields": {
    "provider": "Microsoft-Windows-LanguagePackSetup",
    "event_id": "4000",
    "timestamp": "2024-11-04T12:36:17.141550Z",
    "event_record_id": "1",
    "level": "4",
    "task": "35",
    "opcode": "1",
    "keywords": "0x4000000000000000",
    "channel": "Microsoft-Windows-LanguagePackSetup/Operational",
    "computer": "DESKTOP-P9H5FTA"
  },
  "json_fields": {
    "provider": "Microsoft-Windows-LanguagePackSetup",
    "channel": "Microsoft-Windows-LanguagePackSetup/Operational",
    "event_id": "4000",
    "timestamp": "2024-11-04T12:36:17.141550Z",
    "event_record_id": "1",
    "level": "4",
    "task": "35",
    "opcode": "1",
    "keywords": "0x4000000000000000",
    "computer": "DESKTOP-P9H5FTA"
  }
}