{
  "event_id": "4000",
  "provider": "Microsoft-Windows-CloudStore",
  "channel": "Microsoft-Windows-CloudStore/Initialization",
  "source_file": "D:\\visual code file\\Project_4\\Event-Analyzer\\test\\Benign\\Logs_Win11_2023\\Microsoft-Windows-CloudStore%4Initialization.evtx",
  "event_record_id": 1,
  "xml": "<?xml version=\"1.0\" encoding=\"utf-8\"?>\n<Event xmlns=\"http://schemas.microsoft.com/win/2004/08/events/event\">\n  <System>\n    <Provider Name=\"Microsoft-Windows-CloudStore\" Guid=\"741BB90C-A7A3-49D6-BD82-1E6B858403F7\">\n    </Provider>\n    <EventID>4000</EventID>\n    <Version>0</Version>\n    <Level>4</Level>\n    <Task>0</Task>\n    <Opcode>0</Opcode>\n    <Keywords>0x2000000000000000</Keywords>\n    <TimeCreated SystemTime=\"2023-10-25T21:23:52.982504Z\">\n    </TimeCreated>\n    <EventRecordID>1</EventRecordID>\n    <Correlation>\n    </Correlation>\n    <Execution ProcessID=\"5292\" ThreadID=\"1576\">\n    </Execution>\n    <Channel>Microsoft-Windows-CloudStore/Initialization</Channel>\n    <Computer>WinDevEval</Computer>\n    <Security UserID=\"S-1-5-21-2533829718-189860685-2477588761-500\">\n    </Security>\n  </System>\n  <EventData>\n    <Data Name=\"BackupProfileId\">{ea116e01-5383-4a5d-9d23-ef6268f50689}</Data>\n    <Data Name=\"ProcessName\">taskhostw.exe</Data>\n    <Data Name=\"IsDelete\">false</Data>\n    <Data Name=\"Cv\">bbL87n3qQ0mRse9FH13jAw.0.1.2</Data>\n  </EventData>\n</Event>\n",
  "json": "{\"Event\":{\"#attributes\":{\"xmlns\":\"http://schemas.microsoft.com/win/2004/08/events/event\"},\"System\":{\"Provider\":{\"#attributes\":{\"Name\":\"Microsoft-Windows-CloudStore\",\"Guid\":\"741BB90C-A7A3-49D6-BD82-1E6B858403F7\"}},\"EventID\":4000,\"Version\":0,\"Level\":4,\"Task\":0,\"Opcode\":0,\"Keywords\":\"0x2000000000000000\",\"TimeCreated\":{\"#attributes\":{\"SystemTime\":\"2023-10-25T21:23:52.982504Z\"}},\"EventRecordID\":1,\"Correlation\":null,\"Execution\":{\"#attributes\":{\"ProcessID\":5292,\"ThreadID\":1576}},\"Channel\":\"Microsoft-Windows-CloudStore/Initialization\",\"Computer\":\"WinDevEval\",\"Security\":{\"#attributes\":{\"UserID\":\"S-1-5-21-2533829718-189860685-2477588761-500\"}}},\"EventData\":{\"BackupProfileId\":\"{ea116e01-5383-4a5d-9d23-ef6268f50689}\",\"ProcessName\":\"taskhostw.exe\",\"IsDelete\":false,\"Cv\":\"bbL87n3qQ0mRse9FH13jAw.0.1.2\"}}}",
  "xml_fields": {
    "provider": "Microsoft-Windows-CloudStore",
    "event_id": "4000",
    "timestamp": "2023-10-25T21:23:52.982504Z",
    "event_record_id": "1",
    "level": "4",
    "task": "0",
    "opcode": "0",
    "keywords": "0x2000000000000000",
    "channel": "Microsoft-Windows-CloudStore/Initialization",
    "computer": "WinDevEval",
    "BackupProfileId": "{ea116e01-5383-4a5d-9d23-ef6268f50689}",
    "ProcessName": "taskhostw.exe",
    "IsDelete": "false",
    "Cv": "bbL87n3qQ0mRse9FH13jAw.0.1.2"
  },
  "json_fields": {
    "provider": "Microsoft-Windows-CloudStore",
    "channel": "Microsoft-Windows-CloudStore/Initialization",
    "event_id": "4000",
    "timestamp": "2023-10-25T21:23:52.982504Z",
    "event_record_id": "1",
    "level": "4",
    "task": "0",
    "opcode": "0",
    "keywords": "0x2000000000000000",
    "computer": "WinDevEval",
    "BackupProfileId": "{ea116e01-5383-4a5d-9d23-ef6268f50689}",
    "ProcessName": "taskhostw.exe",
    "IsDelete": "False",
    "Cv": "bbL87n3qQ0mRse9FH13jAw.0.1.2"
  }
}