{
  "event_id": "4000",
  "provider": "Microsoft-Windows-ServerManager-MultiMachine",
  "channel": "Microsoft-Windows-ServerManager-MultiMachine/Operational",
  "source_file": "D:\\visual code file\\Project_4\\Event-Analyzer\\test\\Benign\\win2022-0-20348-azure\\Microsoft-Windows-ServerManager-MultiMachine%4Operational.evtx",
  "event_record_id": 792,
  "xml": "<?xml version=\"1.0\" encoding=\"utf-8\"?>\n<Event xmlns=\"http://schemas.microsoft.com/win/2004/08/events/event\">\n  <System>\n    <Provider Name=\"Microsoft-Windows-ServerManager-MultiMachine\" Guid=\"D8D37081-10BD-4A89-A971-1CDA6899BDB3\">\n    </Provider>\n    <EventID>4000</EventID>\n    <Version>0</Version>\n    <Level>4</Level>\n    <Task>4001</Task>\n    <Opcode>0</Opcode>\n    <Keywords>0x2000000000000000</Keywords>\n    <TimeCreated SystemTime=\"2022-09-18T09:47:28.974517Z\">\n    </TimeCreated>\n    <EventRecordID>792</EventRecordID>\n    <Correlation ActivityID=\"7A1A5327-347A-0001-4962-93D940CBD801\">\n    </Correlation>\n    <Execution ProcessID=\"1376\" ThreadID=\"7784\">\n    </Execution>\n    <Channel>Microsoft-Windows-ServerManager-MultiMachine/Operational</Channel>\n    <Computer>Agamemnon</Computer>\n    <Security UserID=\"S-1-5-21-3574161147-2844031704-266979156-500\">\n    </Security>\n  </System>\n  <EventData>\n    <Data Name=\"targetComputer\"></Data>\n    <Data Name=\"serverComponentNames\">ServerComponent_NET_Framework_45_ASPNET ServerComponent_NET_WCF_HTTP_Activation45 ServerComponent_DeviceHealthAttestationService ServerComponent_Web_Application_Proxy ServerComponent_RSAT_AD_PowerShell ServerComponent_RSAT_AD_AdminCenter ServerComponent_UpdateServices_RSAT ServerComponent_UpdateServices_API ServerComponent_UpdateServices_UI ServerComponent_UpdateServices ServerComponent_UpdateServices_Services ServerComponent_UpdateServices_WidDB ServerComponent_RSAT_RemoteAccess ServerComponent_RSAT_RemoteAccess_PowerShell ServerComponent_RSAT_RemoteAccess_Mgmt ServerComponent_RemoteAccess ServerComponent_Web_Server ServerComponent_Web_WebServer ServerComponent_Web_Common_Http ServerComponent_Web_Security ServerComponent_Web_Filtering ServerComponent_Web_Static_Content ServerComponent_Web_Default_Doc ServerComponent_Web_Dir_Browsing ServerComponent_Web_Http_Errors ServerComponent_Web_Http_Redirect ServerComponent_Web_App_Dev ServerComponent_Web_Net_Ext45 ServerComponent_Web_ISAPI_Ext ServerComponent_Web_ISAPI_Filter ServerComponent_Web_Asp_Net45 ServerComponent_Web_ASP ServerComponent_Web_CGI ServerComponent_Web_Includes ServerComponent_Web_Health ServerComponent_Web_Http_Logging ServerComponent_Web_Log_Libraries ServerComponent_Web_Request_Monitor ServerComponent_Web_Http_Tracing ServerComponent_Web_ODBC_Logging ServerComponent_Web_Basic_Auth ServerComponent_Web_Windows_Auth ServerComponent_Web_Client_Auth ServerComponent_Web_Performance ServerComponent_Web_Stat_Compression ServerComponent_Web_Dyn_Compression ServerComponent_Web_Mgmt_Tools ServerComponent_Web_Mgmt_Console ServerComponent_Web_Lgcy_Mgmt_Console ServerComponent_Web_Scripting_Tools ServerComponent_Web_Mgmt_Compat ServerComponent_Web_Metabase ServerComponent_Web_Ftp_Server ServerComponent_Web_Ftp_Service ServerComponent_WAS ServerComponent_WAS_Process_Model ServerComponent_WAS_Config_APIs ServerComponent_RSAT_Bits_Server ServerComponent_BITS_IIS_Ext ServerComponent_RSAT_SMTP ServerComponent_SMTP_Server ServerComponent_RPC_over_HTTP_Proxy ServerComponent_WinRM_IIS_Ext ServerComponent_Print_Services ServerComponent_Print_Server ServerComponent_TFTP_Client ServerComponent_RSAT_SNMP ServerComponent_BITS ServerComponent_SNMP_Service ServerComponent_CMAK ServerComponent_Setup_and_Boot_Event_Collection ServerComponent_RSAT ServerComponent_RSAT_Role_Tools ServerComponent_RSAT_Feature_Tools ServerComponent_RSAT_DNS_Server ServerComponent_RSAT_AD_Tools ServerComponent_RSAT_ADDS ServerComponent_RSAT_ADDS_Tools ServerComponent_GPMC ServerComponent_Windows_Internal_Database ServerComponent_Remote_Assistance ServerComponent_RSAT_ADCS ServerComponent_RSAT_ADCS_Mgmt ServerComponent_Telnet_Client ServerComponent_RSAT_Print_Services ServerComponent_DNS ServerComponent_Microsoft_Windows_Subsystem_Linux</Data>\n    <Data Name=\"remove\">false</Data>\n    <Data Name=\"pathToVhdFile\"></Data>\n    <Data Name=\"permitReboot\">true</Data>\n    <Data Name=\"source\"></Data>\n    <Data Name=\"deleteComponents\">false</Data>\n  </EventData>\n</Event>\n",
  "json": "{\"Event\":{\"#attributes\":{\"xmlns\":\"http://schemas.microsoft.com/win/2004/08/events/event\"},\"System\":{\"Provider\":{\"#attributes\":{\"Name\":\"Microsoft-Windows-ServerManager-MultiMachine\",\"Guid\":\"D8D37081-10BD-4A89-A971-1CDA6899BDB3\"}},\"EventID\":4000,\"Version\":0,\"Level\":4,\"Task\":4001,\"Opcode\":0,\"Keywords\":\"0x2000000000000000\",\"TimeCreated\":{\"#attributes\":{\"SystemTime\":\"2022-09-18T09:47:28.974517Z\"}},\"EventRecordID\":792,\"Correlation\":{\"#attributes\":{\"ActivityID\":\"7A1A5327-347A-0001-4962-93D940CBD801\"}},\"Execution\":{\"#attributes\":{\"ProcessID\":1376,\"ThreadID\":7784}},\"Channel\":\"Microsoft-Windows-ServerManager-MultiMachine/Operational\",\"Computer\":\"Agamemnon\",\"Security\":{\"#attributes\":{\"UserID\":\"S-1-5-21-3574161147-2844031704-266979156-500\"}}},\"EventData\":{\"targetComputer\":\"\",\"serverComponentNames\":\"ServerComponent_NET_Framework_45_ASPNET ServerComponent_NET_WCF_HTTP_Activation45 ServerComponent_DeviceHealthAttestationService ServerComponent_Web_Application_Proxy ServerComponent_RSAT_AD_PowerShell ServerComponent_RSAT_AD_AdminCenter ServerComponent_UpdateServices_RSAT ServerComponent_UpdateServices_API ServerComponent_UpdateServices_UI ServerComponent_UpdateServices ServerComponent_UpdateServices_Services ServerComponent_UpdateServices_WidDB ServerComponent_RSAT_RemoteAccess ServerComponent_RSAT_RemoteAccess_PowerShell ServerComponent_RSAT_RemoteAccess_Mgmt ServerComponent_RemoteAccess ServerComponent_Web_Server ServerComponent_Web_WebServer ServerComponent_Web_Common_Http ServerComponent_Web_Security ServerComponent_Web_Filtering ServerComponent_Web_Static_Content ServerComponent_Web_Default_Doc ServerComponent_Web_Dir_Browsing ServerComponent_Web_Http_Errors ServerComponent_Web_Http_Redirect ServerComponent_Web_App_Dev ServerComponent_Web_Net_Ext45 ServerComponent_Web_ISAPI_Ext ServerComponent_Web_ISAPI_Filter ServerComponent_Web_Asp_Net45 ServerComponent_Web_ASP ServerComponent_Web_CGI ServerComponent_Web_Includes ServerComponent_Web_Health ServerComponent_Web_Http_Logging ServerComponent_Web_Log_Libraries ServerComponent_Web_Request_Monitor ServerComponent_Web_Http_Tracing ServerComponent_Web_ODBC_Logging ServerComponent_Web_Basic_Auth ServerComponent_Web_Windows_Auth ServerComponent_Web_Client_Auth ServerComponent_Web_Performance ServerComponent_Web_Stat_Compression ServerComponent_Web_Dyn_Compression ServerComponent_Web_Mgmt_Tools ServerComponent_Web_Mgmt_Console ServerComponent_Web_Lgcy_Mgmt_Console ServerComponent_Web_Scripting_Tools ServerComponent_Web_Mgmt_Compat ServerComponent_Web_Metabase ServerComponent_Web_Ftp_Server ServerComponent_Web_Ftp_Service ServerComponent_WAS ServerComponent_WAS_Process_Model ServerComponent_WAS_Config_APIs ServerComponent_RSAT_Bits_Server ServerComponent_BITS_IIS_Ext ServerComponent_RSAT_SMTP ServerComponent_SMTP_Server ServerComponent_RPC_over_HTTP_Proxy ServerComponent_WinRM_IIS_Ext ServerComponent_Print_Services ServerComponent_Print_Server ServerComponent_TFTP_Client ServerComponent_RSAT_SNMP ServerComponent_BITS ServerComponent_SNMP_Service ServerComponent_CMAK ServerComponent_Setup_and_Boot_Event_Collection ServerComponent_RSAT ServerComponent_RSAT_Role_Tools ServerComponent_RSAT_Feature_Tools ServerComponent_RSAT_DNS_Server ServerComponent_RSAT_AD_Tools ServerComponent_RSAT_ADDS ServerComponent_RSAT_ADDS_Tools ServerComponent_GPMC ServerComponent_Windows_Internal_Database ServerComponent_Remote_Assistance ServerComponent_RSAT_ADCS ServerComponent_RSAT_ADCS_Mgmt ServerComponent_Telnet_Client ServerComponent_RSAT_Print_Services ServerComponent_DNS ServerComponent_Microsoft_Windows_Subsystem_Linux\",\"remove\":false,\"pathToVhdFile\":\"\",\"permitReboot\":true,\"source\":\"\",\"deleteComponents\":false}}}",
  "xml_fields": {
    "provider": "Microsoft-Windows-ServerManager-MultiMachine",
    "event_id": "4000",
    "timestamp": "2022-09-18T09:47:28.974517Z",
    "event_record_id": "792",
    "level": "4",
    "task": "4001",
    "opcode": "0",
    "keywords": "0x2000000000000000",
    "channel": "Microsoft-Windows-ServerManager-MultiMachine/Operational",
    "computer": "Agamemnon",
    "targetComputer": "",
    "serverComponentNames": "ServerComponent_NET_Framework_45_ASPNET ServerComponent_NET_WCF_HTTP_Activation45 ServerComponent_DeviceHealthAttestationService ServerComponent_Web_Application_Proxy ServerComponent_RSAT_AD_PowerShell ServerComponent_RSAT_AD_AdminCenter ServerComponent_UpdateServices_RSAT ServerComponent_UpdateServices_API ServerComponent_UpdateServices_UI ServerComponent_UpdateServices ServerComponent_UpdateServices_Services ServerComponent_UpdateServices_WidDB ServerComponent_RSAT_RemoteAccess ServerComponent_RSAT_RemoteAccess_PowerShell ServerComponent_RSAT_RemoteAccess_Mgmt ServerComponent_RemoteAccess ServerComponent_Web_Server ServerComponent_Web_WebServer ServerComponent_Web_Common_Http ServerComponent_Web_Security ServerComponent_Web_Filtering ServerComponent_Web_Static_Content ServerComponent_Web_Default_Doc ServerComponent_Web_Dir_Browsing ServerComponent_Web_Http_Errors ServerComponent_Web_Http_Redirect ServerComponent_Web_App_Dev ServerComponent_Web_Net_Ext45 ServerComponent_Web_ISAPI_Ext ServerComponent_Web_ISAPI_Filter ServerComponent_Web_Asp_Net45 ServerComponent_Web_ASP ServerComponent_Web_CGI ServerComponent_Web_Includes ServerComponent_Web_Health ServerComponent_Web_Http_Logging ServerComponent_Web_Log_Libraries ServerComponent_Web_Request_Monitor ServerComponent_Web_Http_Tracing ServerComponent_Web_ODBC_Logging ServerComponent_Web_Basic_Auth ServerComponent_Web_Windows_Auth ServerComponent_Web_Client_Auth ServerComponent_Web_Performance ServerComponent_Web_Stat_Compression ServerComponent_Web_Dyn_Compression ServerComponent_Web_Mgmt_Tools ServerComponent_Web_Mgmt_Console ServerComponent_Web_Lgcy_Mgmt_Console ServerComponent_Web_Scripting_Tools ServerComponent_Web_Mgmt_Compat ServerComponent_Web_Metabase ServerComponent_Web_Ftp_Server ServerComponent_Web_Ftp_Service ServerComponent_WAS ServerComponent_WAS_Process_Model ServerComponent_WAS_Config_APIs ServerComponent_RSAT_Bits_Server ServerComponent_BITS_IIS_Ext ServerComponent_RSAT_SMTP ServerComponent_SMTP_Server ServerComponent_RPC_over_HTTP_Proxy ServerComponent_WinRM_IIS_Ext ServerComponent_Print_Services ServerComponent_Print_Server ServerComponent_TFTP_Client ServerComponent_RSAT_SNMP ServerComponent_BITS ServerComponent_SNMP_Service ServerComponent_CMAK ServerComponent_Setup_and_Boot_Event_Collection ServerComponent_RSAT ServerComponent_RSAT_Role_Tools ServerComponent_RSAT_Feature_Tools ServerComponent_RSAT_DNS_Server ServerComponent_RSAT_AD_Tools ServerComponent_RSAT_ADDS ServerComponent_RSAT_ADDS_Tools ServerComponent_GPMC ServerComponent_Windows_Internal_Database ServerComponent_Remote_Assistance ServerComponent_RSAT_ADCS ServerComponent_RSAT_ADCS_Mgmt ServerComponent_Telnet_Client ServerComponent_RSAT_Print_Services ServerComponent_DNS ServerComponent_Microsoft_Windows_Subsystem_Linux",
    "remove": "false",
    "pathToVhdFile": "",
    "permitReboot": "true",
    "source": "",
    "deleteComponents": "false"
  },
  "json_fields": {
    "provider": "Microsoft-Windows-ServerManager-MultiMachine",
    "channel": "Microsoft-Windows-ServerManager-MultiMachine/Operational",
    "event_id": "4000",
    "timestamp": "2022-09-18T09:47:28.974517Z",
    "event_record_id": "792",
    "level": "4",
    "task": "4001",
    "opcode": "0",
    "keywords": "0x2000000000000000",
    "computer": "Agamemnon",
    "targetComputer": "",
    "serverComponentNames": "ServerComponent_NET_Framework_45_ASPNET ServerComponent_NET_WCF_HTTP_Activation45 ServerComponent_DeviceHealthAttestationService ServerComponent_Web_Application_Proxy ServerComponent_RSAT_AD_PowerShell ServerComponent_RSAT_AD_AdminCenter ServerComponent_UpdateServices_RSAT ServerComponent_UpdateServices_API ServerComponent_UpdateServices_UI ServerComponent_UpdateServices ServerComponent_UpdateServices_Services ServerComponent_UpdateServices_WidDB ServerComponent_RSAT_RemoteAccess ServerComponent_RSAT_RemoteAccess_PowerShell ServerComponent_RSAT_RemoteAccess_Mgmt ServerComponent_RemoteAccess ServerComponent_Web_Server ServerComponent_Web_WebServer ServerComponent_Web_Common_Http ServerComponent_Web_Security ServerComponent_Web_Filtering ServerComponent_Web_Static_Content ServerComponent_Web_Default_Doc ServerComponent_Web_Dir_Browsing ServerComponent_Web_Http_Errors ServerComponent_Web_Http_Redirect ServerComponent_Web_App_Dev ServerComponent_Web_Net_Ext45 ServerComponent_Web_ISAPI_Ext ServerComponent_Web_ISAPI_Filter ServerComponent_Web_Asp_Net45 ServerComponent_Web_ASP ServerComponent_Web_CGI ServerComponent_Web_Includes ServerComponent_Web_Health ServerComponent_Web_Http_Logging ServerComponent_Web_Log_Libraries ServerComponent_Web_Request_Monitor ServerComponent_Web_Http_Tracing ServerComponent_Web_ODBC_Logging ServerComponent_Web_Basic_Auth ServerComponent_Web_Windows_Auth ServerComponent_Web_Client_Auth ServerComponent_Web_Performance ServerComponent_Web_Stat_Compression ServerComponent_Web_Dyn_Compression ServerComponent_Web_Mgmt_Tools ServerComponent_Web_Mgmt_Console ServerComponent_Web_Lgcy_Mgmt_Console ServerComponent_Web_Scripting_Tools ServerComponent_Web_Mgmt_Compat ServerComponent_Web_Metabase ServerComponent_Web_Ftp_Server ServerComponent_Web_Ftp_Service ServerComponent_WAS ServerComponent_WAS_Process_Model ServerComponent_WAS_Config_APIs ServerComponent_RSAT_Bits_Server ServerComponent_BITS_IIS_Ext ServerComponent_RSAT_SMTP ServerComponent_SMTP_Server ServerComponent_RPC_over_HTTP_Proxy ServerComponent_WinRM_IIS_Ext ServerComponent_Print_Services ServerComponent_Print_Server ServerComponent_TFTP_Client ServerComponent_RSAT_SNMP ServerComponent_BITS ServerComponent_SNMP_Service ServerComponent_CMAK ServerComponent_Setup_and_Boot_Event_Collection ServerComponent_RSAT ServerComponent_RSAT_Role_Tools ServerComponent_RSAT_Feature_Tools ServerComponent_RSAT_DNS_Server ServerComponent_RSAT_AD_Tools ServerComponent_RSAT_ADDS ServerComponent_RSAT_ADDS_Tools ServerComponent_GPMC ServerComponent_Windows_Internal_Database ServerComponent_Remote_Assistance ServerComponent_RSAT_ADCS ServerComponent_RSAT_ADCS_Mgmt ServerComponent_Telnet_Client ServerComponent_RSAT_Print_Services ServerComponent_DNS ServerComponent_Microsoft_Windows_Subsystem_Linux",
    "remove": "False",
    "pathToVhdFile": "",
    "permitReboot": "True",
    "source": "",
    "deleteComponents": "False"
  }
}