{
  "event_id": "4001",
  "provider": "Microsoft-Windows-GroupPolicy",
  "channel": "Microsoft-Windows-GroupPolicy/Operational",
  "source_file": "D:\\visual code file\\Project_4\\Event-Analyzer\\test\\Logs\\Microsoft-Windows-GroupPolicy%4Operational.evtx",
  "event_record_id": 34,
  "xml": "<?xml version=\"1.0\" encoding=\"utf-8\"?>\n<Event xmlns=\"http://schemas.microsoft.com/win/2004/08/events/event\">\n  <System>\n    <Provider Name=\"Microsoft-Windows-GroupPolicy\" Guid=\"AEA1B4FA-97D1-45F2-A64C-4D69FFFD92C9\">\n    </Provider>\n    <EventID>4001</EventID>\n    <Version>1</Version>\n    <Level>4</Level>\n    <Task>0</Task>\n    <Opcode>1</Opcode>\n    <Keywords>0x4000000000000000</Keywords>\n    <TimeCreated SystemTime=\"2024-11-04T12:34:57.427995Z\">\n    </TimeCreated>\n    <EventRecordID>34</EventRecordID>\n    <Correlation ActivityID=\"994CCE6C-8E6C-4C51-B141-0682E21EB74C\">\n    </Correlation>\n    <Execution ProcessID=\"2412\" ThreadID=\"804\">\n    </Execution>\n    <Channel>Microsoft-Windows-GroupPolicy/Operational</Channel>\n    <Computer>DESKTOP-P9H5FTA</Computer>\n    <Security UserID=\"S-1-5-18\">\n    </Security>\n  </System>\n  <EventData>\n    <Data Name=\"PolicyActivityId\">994CCE6C-8E6C-4C51-B141-0682E21EB74C</Data>\n    <Data Name=\"PrincipalSamName\">DESKTOP-P9H5FTA\\defaultuser0</Data>\n    <Data Name=\"IsMachine\">0</Data>\n    <Data Name=\"IsDomainJoined\">false</Data>\n    <Data Name=\"IsBackgroundProcessing\">false</Data>\n    <Data Name=\"IsAsyncProcessing\">false</Data>\n    <Data Name=\"IsServiceRestart\">false</Data>\n    <Data Name=\"ReasonForSyncProcessing\">1</Data>\n  </EventData>\n</Event>\n",
  "json": "{\"Event\":{\"#attributes\":{\"xmlns\":\"http://schemas.microsoft.com/win/2004/08/events/event\"},\"System\":{\"Provider\":{\"#attributes\":{\"Name\":\"Microsoft-Windows-GroupPolicy\",\"Guid\":\"AEA1B4FA-97D1-45F2-A64C-4D69FFFD92C9\"}},\"EventID\":4001,\"Version\":1,\"Level\":4,\"Task\":0,\"Opcode\":1,\"Keywords\":\"0x4000000000000000\",\"TimeCreated\":{\"#attributes\":{\"SystemTime\":\"2024-11-04T12:34:57.427995Z\"}},\"EventRecordID\":34,\"Correlation\":{\"#attributes\":{\"ActivityID\":\"994CCE6C-8E6C-4C51-B141-0682E21EB74C\"}},\"Execution\":{\"#attributes\":{\"ProcessID\":2412,\"ThreadID\":804}},\"Channel\":\"Microsoft-Windows-GroupPolicy/Operational\",\"Computer\":\"DESKTOP-P9H5FTA\",\"Security\":{\"#attributes\":{\"UserID\":\"S-1-5-18\"}}},\"EventData\":{\"PolicyActivityId\":\"994CCE6C-8E6C-4C51-B141-0682E21EB74C\",\"PrincipalSamName\":\"DESKTOP-P9H5FTA\\\\defaultuser0\",\"IsMachine\":0,\"IsDomainJoined\":false,\"IsBackgroundProcessing\":false,\"IsAsyncProcessing\":false,\"IsServiceRestart\":false,\"ReasonForSyncProcessing\":1}}}",
  "xml_fields": {
    "provider": "Microsoft-Windows-GroupPolicy",
    "event_id": "4001",
    "timestamp": "2024-11-04T12:34:57.427995Z",
    "event_record_id": "34",
    "level": "4",
    "task": "0",
    "opcode": "1",
    "keywords": "0x4000000000000000",
    "channel": "Microsoft-Windows-GroupPolicy/Operational",
    "computer": "DESKTOP-P9H5FTA",
    "PolicyActivityId": "994CCE6C-8E6C-4C51-B141-0682E21EB74C",
    "PrincipalSamName": "DESKTOP-P9H5FTA\\defaultuser0",
    "IsMachine": "0",
    "IsDomainJoined": "false",
    "IsBackgroundProcessing": "false",
    "IsAsyncProcessing": "false",
    "IsServiceRestart": "false",
    "ReasonForSyncProcessing": "1"
  },
  "json_fields": {
    "provider": "Microsoft-Windows-GroupPolicy",
    "channel": "Microsoft-Windows-GroupPolicy/Operational",
    "event_id": "4001",
    "timestamp": "2024-11-04T12:34:57.427995Z",
    "event_record_id": "34",
    "level": "4",
    "task": "0",
    "opcode": "1",
    "keywords": "0x4000000000000000",
    "computer": "DESKTOP-P9H5FTA",
    "PolicyActivityId": "994CCE6C-8E6C-4C51-B141-0682E21EB74C",
    "PrincipalSamName": "DESKTOP-P9H5FTA\\defaultuser0",
    "IsMachine": "0",
    "IsDomainJoined": "False",
    "IsBackgroundProcessing": "False",
    "IsAsyncProcessing": "False",
    "IsServiceRestart": "False",
    "ReasonForSyncProcessing": "1"
  }
}