{
  "event_id": "4001",
  "provider": "Microsoft-Windows-FileServices-ServerManager-EventProvider",
  "channel": "Microsoft-Windows-FileServices-ServerManager-EventProvider/Operational",
  "source_file": "D:\\visual code file\\Project_4\\Event-Analyzer\\test\\Benign\\Win2022-AD\\Microsoft-Windows-FileServices-ServerManager-EventProvider%4Operational.evtx",
  "event_record_id": 4,
  "xml": "<?xml version=\"1.0\" encoding=\"utf-8\"?>\n<Event xmlns=\"http://schemas.microsoft.com/win/2004/08/events/event\">\n  <System>\n    <Provider Name=\"Microsoft-Windows-FileServices-ServerManager-EventProvider\" Guid=\"78B0E04E-3F81-11E0-99F5-02CFDED72085\">\n    </Provider>\n    <EventID>4001</EventID>\n    <Version>0</Version>\n    <Level>5</Level>\n    <Task>5</Task>\n    <Opcode>0</Opcode>\n    <Keywords>0x2000000000000004</Keywords>\n    <TimeCreated SystemTime=\"2022-04-07T17:21:54.059080Z\">\n    </TimeCreated>\n    <EventRecordID>4</EventRecordID>\n    <Correlation>\n    </Correlation>\n    <Execution ProcessID=\"4444\" ThreadID=\"4448\">\n    </Execution>\n    <Channel>Microsoft-Windows-FileServices-ServerManager-EventProvider/Operational</Channel>\n    <Computer>WIN-FPV0DSIC9O6.sigma.fr</Computer>\n    <Security UserID=\"S-1-5-21-2121334350-1110938707-2888912545-500\">\n    </Security>\n  </System>\n  <EventData>\n    <Data Name=\"message\">17:21:54.0446696</Data>\n  </EventData>\n</Event>\n",
  "json": "{\"Event\":{\"#attributes\":{\"xmlns\":\"http://schemas.microsoft.com/win/2004/08/events/event\"},\"System\":{\"Provider\":{\"#attributes\":{\"Name\":\"Microsoft-Windows-FileServices-ServerManager-EventProvider\",\"Guid\":\"78B0E04E-3F81-11E0-99F5-02CFDED72085\"}},\"EventID\":4001,\"Version\":0,\"Level\":5,\"Task\":5,\"Opcode\":0,\"Keywords\":\"0x2000000000000004\",\"TimeCreated\":{\"#attributes\":{\"SystemTime\":\"2022-04-07T17:21:54.059080Z\"}},\"EventRecordID\":4,\"Correlation\":null,\"Execution\":{\"#attributes\":{\"ProcessID\":4444,\"ThreadID\":4448}},\"Channel\":\"Microsoft-Windows-FileServices-ServerManager-EventProvider/Operational\",\"Computer\":\"WIN-FPV0DSIC9O6.sigma.fr\",\"Security\":{\"#attributes\":{\"UserID\":\"S-1-5-21-2121334350-1110938707-2888912545-500\"}}},\"EventData\":{\"message\":\"17:21:54.0446696\"}}}",
  "xml_fields": {
    "provider": "Microsoft-Windows-FileServices-ServerManager-EventProvider",
    "event_id": "4001",
    "timestamp": "2022-04-07T17:21:54.059080Z",
    "event_record_id": "4",
    "level": "5",
    "task": "5",
    "opcode": "0",
    "keywords": "0x2000000000000004",
    "channel": "Microsoft-Windows-FileServices-ServerManager-EventProvider/Operational",
    "computer": "WIN-FPV0DSIC9O6.sigma.fr",
    "message": "17:21:54.0446696"
  },
  "json_fields": {
    "provider": "Microsoft-Windows-FileServices-ServerManager-EventProvider",
    "channel": "Microsoft-Windows-FileServices-ServerManager-EventProvider/Operational",
    "event_id": "4001",
    "timestamp": "2022-04-07T17:21:54.059080Z",
    "event_record_id": "4",
    "level": "5",
    "task": "5",
    "opcode": "0",
    "keywords": "0x2000000000000004",
    "computer": "WIN-FPV0DSIC9O6.sigma.fr",
    "message": "17:21:54.0446696"
  }
}