{
  "event_id": "4001",
  "provider": "Microsoft-Windows-ServerManager-MultiMachine",
  "channel": "Microsoft-Windows-ServerManager-MultiMachine/Operational",
  "source_file": "D:\\visual code file\\Project_4\\Event-Analyzer\\test\\Benign\\win2022-0-20348-azure\\Microsoft-Windows-ServerManager-MultiMachine%4Operational.evtx",
  "event_record_id": 894,
  "xml": "<?xml version=\"1.0\" encoding=\"utf-8\"?>\n<Event xmlns=\"http://schemas.microsoft.com/win/2004/08/events/event\">\n  <System>\n    <Provider Name=\"Microsoft-Windows-ServerManager-MultiMachine\" Guid=\"D8D37081-10BD-4A89-A971-1CDA6899BDB3\">\n    </Provider>\n    <EventID>4001</EventID>\n    <Version>0</Version>\n    <Level>4</Level>\n    <Task>4001</Task>\n    <Opcode>0</Opcode>\n    <Keywords>0x2000000000000000</Keywords>\n    <TimeCreated SystemTime=\"2022-09-18T09:55:53.726681Z\">\n    </TimeCreated>\n    <EventRecordID>894</EventRecordID>\n    <Correlation ActivityID=\"7A1A5327-347A-0000-0923-672144CBD801\">\n    </Correlation>\n    <Execution ProcessID=\"984\" ThreadID=\"3476\">\n    </Execution>\n    <Channel>Microsoft-Windows-ServerManager-MultiMachine/Operational</Channel>\n    <Computer>Agamemnon</Computer>\n    <Security UserID=\"S-1-5-21-3574161147-2844031704-266979156-500\">\n    </Security>\n  </System>\n  <EventData>\n    <Data Name=\"targetComputer\"></Data>\n    <Data Name=\"requestState\">1</Data>\n    <Data Name=\"restartRequired\">false</Data>\n    <Data Name=\"errorMessage\"></Data>\n    <Data Name=\"errorId\"></Data>\n    <Data Name=\"errorCategory\">0</Data>\n    <Data Name=\"warnings\"></Data>\n  </EventData>\n</Event>\n",
  "json": "{\"Event\":{\"#attributes\":{\"xmlns\":\"http://schemas.microsoft.com/win/2004/08/events/event\"},\"System\":{\"Provider\":{\"#attributes\":{\"Name\":\"Microsoft-Windows-ServerManager-MultiMachine\",\"Guid\":\"D8D37081-10BD-4A89-A971-1CDA6899BDB3\"}},\"EventID\":4001,\"Version\":0,\"Level\":4,\"Task\":4001,\"Opcode\":0,\"Keywords\":\"0x2000000000000000\",\"TimeCreated\":{\"#attributes\":{\"SystemTime\":\"2022-09-18T09:55:53.726681Z\"}},\"EventRecordID\":894,\"Correlation\":{\"#attributes\":{\"ActivityID\":\"7A1A5327-347A-0000-0923-672144CBD801\"}},\"Execution\":{\"#attributes\":{\"ProcessID\":984,\"ThreadID\":3476}},\"Channel\":\"Microsoft-Windows-ServerManager-MultiMachine/Operational\",\"Computer\":\"Agamemnon\",\"Security\":{\"#attributes\":{\"UserID\":\"S-1-5-21-3574161147-2844031704-266979156-500\"}}},\"EventData\":{\"targetComputer\":\"\",\"requestState\":1,\"restartRequired\":false,\"errorMessage\":\"\",\"errorId\":\"\",\"errorCategory\":0,\"warnings\":\"\"}}}",
  "xml_fields": {
    "provider": "Microsoft-Windows-ServerManager-MultiMachine",
    "event_id": "4001",
    "timestamp": "2022-09-18T09:55:53.726681Z",
    "event_record_id": "894",
    "level": "4",
    "task": "4001",
    "opcode": "0",
    "keywords": "0x2000000000000000",
    "channel": "Microsoft-Windows-ServerManager-MultiMachine/Operational",
    "computer": "Agamemnon",
    "targetComputer": "",
    "requestState": "1",
    "restartRequired": "false",
    "errorMessage": "",
    "errorId": "",
    "errorCategory": "0",
    "warnings": ""
  },
  "json_fields": {
    "provider": "Microsoft-Windows-ServerManager-MultiMachine",
    "channel": "Microsoft-Windows-ServerManager-MultiMachine/Operational",
    "event_id": "4001",
    "timestamp": "2022-09-18T09:55:53.726681Z",
    "event_record_id": "894",
    "level": "4",
    "task": "4001",
    "opcode": "0",
    "keywords": "0x2000000000000000",
    "computer": "Agamemnon",
    "targetComputer": "",
    "requestState": "1",
    "restartRequired": "False",
    "errorMessage": "",
    "errorId": "",
    "errorCategory": "0",
    "warnings": ""
  }
}