{
  "event_id": "4002",
  "provider": "Microsoft-Windows-NetworkProfile",
  "channel": "Microsoft-Windows-NetworkProfile/Operational",
  "source_file": "D:\\visual code file\\Project_4\\Event-Analyzer\\test\\Logs\\Microsoft-Windows-NetworkProfile%4Operational.evtx",
  "event_record_id": 1,
  "xml": "<?xml version=\"1.0\" encoding=\"utf-8\"?>\n<Event xmlns=\"http://schemas.microsoft.com/win/2004/08/events/event\">\n  <System>\n    <Provider Name=\"Microsoft-Windows-NetworkProfile\" Guid=\"FBCFAC3F-8459-419F-8E48-1F0B49CDB85E\">\n    </Provider>\n    <EventID>4002</EventID>\n    <Version>0</Version>\n    <Level>4</Level>\n    <Task>1</Task>\n    <Opcode>2</Opcode>\n    <Keywords>0x4001200000000000</Keywords>\n    <TimeCreated SystemTime=\"2024-11-05T01:34:16.803340Z\">\n    </TimeCreated>\n    <EventRecordID>1</EventRecordID>\n    <Correlation>\n    </Correlation>\n    <Execution ProcessID=\"1968\" ThreadID=\"2100\">\n    </Execution>\n    <Channel>Microsoft-Windows-NetworkProfile/Operational</Channel>\n    <Computer>DESKTOP-P9H5FTA</Computer>\n    <Security UserID=\"S-1-5-19\">\n    </Security>\n  </System>\n  <EventData>\n    <Data Name=\"InterfaceGuid\">B7061870-333D-43DA-8FA1-39E4745BFF17</Data>\n    <Data Name=\"CurrentOrNextState\">1</Data>\n  </EventData>\n</Event>\n",
  "json": "{\"Event\":{\"#attributes\":{\"xmlns\":\"http://schemas.microsoft.com/win/2004/08/events/event\"},\"System\":{\"Provider\":{\"#attributes\":{\"Name\":\"Microsoft-Windows-NetworkProfile\",\"Guid\":\"FBCFAC3F-8459-419F-8E48-1F0B49CDB85E\"}},\"EventID\":4002,\"Version\":0,\"Level\":4,\"Task\":1,\"Opcode\":2,\"Keywords\":\"0x4001200000000000\",\"TimeCreated\":{\"#attributes\":{\"SystemTime\":\"2024-11-05T01:34:16.803340Z\"}},\"EventRecordID\":1,\"Correlation\":null,\"Execution\":{\"#attributes\":{\"ProcessID\":1968,\"ThreadID\":2100}},\"Channel\":\"Microsoft-Windows-NetworkProfile/Operational\",\"Computer\":\"DESKTOP-P9H5FTA\",\"Security\":{\"#attributes\":{\"UserID\":\"S-1-5-19\"}}},\"EventData\":{\"InterfaceGuid\":\"B7061870-333D-43DA-8FA1-39E4745BFF17\",\"CurrentOrNextState\":1}}}",
  "xml_fields": {
    "provider": "Microsoft-Windows-NetworkProfile",
    "event_id": "4002",
    "timestamp": "2024-11-05T01:34:16.803340Z",
    "event_record_id": "1",
    "level": "4",
    "task": "1",
    "opcode": "2",
    "keywords": "0x4001200000000000",
    "channel": "Microsoft-Windows-NetworkProfile/Operational",
    "computer": "DESKTOP-P9H5FTA",
    "InterfaceGuid": "B7061870-333D-43DA-8FA1-39E4745BFF17",
    "CurrentOrNextState": "1"
  },
  "json_fields": {
    "provider": "Microsoft-Windows-NetworkProfile",
    "channel": "Microsoft-Windows-NetworkProfile/Operational",
    "event_id": "4002",
    "timestamp": "2024-11-05T01:34:16.803340Z",
    "event_record_id": "1",
    "level": "4",
    "task": "1",
    "opcode": "2",
    "keywords": "0x4001200000000000",
    "computer": "DESKTOP-P9H5FTA",
    "InterfaceGuid": "B7061870-333D-43DA-8FA1-39E4745BFF17",
    "CurrentOrNextState": "1"
  }
}