{
  "event_id": "4003",
  "provider": "Microsoft-Windows-NetworkProfile",
  "channel": "Microsoft-Windows-NetworkProfile/Operational",
  "source_file": "D:\\visual code file\\Project_4\\Event-Analyzer\\test\\Logs\\Microsoft-Windows-NetworkProfile%4Operational.evtx",
  "event_record_id": 25,
  "xml": "<?xml version=\"1.0\" encoding=\"utf-8\"?>\n<Event xmlns=\"http://schemas.microsoft.com/win/2004/08/events/event\">\n  <System>\n    <Provider Name=\"Microsoft-Windows-NetworkProfile\" Guid=\"FBCFAC3F-8459-419F-8E48-1F0B49CDB85E\">\n    </Provider>\n    <EventID>4003</EventID>\n    <Version>0</Version>\n    <Level>4</Level>\n    <Task>1</Task>\n    <Opcode>2</Opcode>\n    <Keywords>0x4001200000000000</Keywords>\n    <TimeCreated SystemTime=\"2025-01-06T12:25:36.604375Z\">\n    </TimeCreated>\n    <EventRecordID>25</EventRecordID>\n    <Correlation>\n    </Correlation>\n    <Execution ProcessID=\"1904\" ThreadID=\"2024\">\n    </Execution>\n    <Channel>Microsoft-Windows-NetworkProfile/Operational</Channel>\n    <Computer>cyberjunkie-test</Computer>\n    <Security UserID=\"S-1-5-19\">\n    </Security>\n  </System>\n  <EventData>\n    <Data Name=\"InterfaceGuid\">B7061870-333D-43DA-8FA1-39E4745BFF17</Data>\n    <Data Name=\"CurrentOrNextState\">2</Data>\n  </EventData>\n</Event>\n",
  "json": "{\"Event\":{\"#attributes\":{\"xmlns\":\"http://schemas.microsoft.com/win/2004/08/events/event\"},\"System\":{\"Provider\":{\"#attributes\":{\"Name\":\"Microsoft-Windows-NetworkProfile\",\"Guid\":\"FBCFAC3F-8459-419F-8E48-1F0B49CDB85E\"}},\"EventID\":4003,\"Version\":0,\"Level\":4,\"Task\":1,\"Opcode\":2,\"Keywords\":\"0x4001200000000000\",\"TimeCreated\":{\"#attributes\":{\"SystemTime\":\"2025-01-06T12:25:36.604375Z\"}},\"EventRecordID\":25,\"Correlation\":null,\"Execution\":{\"#attributes\":{\"ProcessID\":1904,\"ThreadID\":2024}},\"Channel\":\"Microsoft-Windows-NetworkProfile/Operational\",\"Computer\":\"cyberjunkie-test\",\"Security\":{\"#attributes\":{\"UserID\":\"S-1-5-19\"}}},\"EventData\":{\"InterfaceGuid\":\"B7061870-333D-43DA-8FA1-39E4745BFF17\",\"CurrentOrNextState\":2}}}",
  "xml_fields": {
    "provider": "Microsoft-Windows-NetworkProfile",
    "event_id": "4003",
    "timestamp": "2025-01-06T12:25:36.604375Z",
    "event_record_id": "25",
    "level": "4",
    "task": "1",
    "opcode": "2",
    "keywords": "0x4001200000000000",
    "channel": "Microsoft-Windows-NetworkProfile/Operational",
    "computer": "cyberjunkie-test",
    "InterfaceGuid": "B7061870-333D-43DA-8FA1-39E4745BFF17",
    "CurrentOrNextState": "2"
  },
  "json_fields": {
    "provider": "Microsoft-Windows-NetworkProfile",
    "channel": "Microsoft-Windows-NetworkProfile/Operational",
    "event_id": "4003",
    "timestamp": "2025-01-06T12:25:36.604375Z",
    "event_record_id": "25",
    "level": "4",
    "task": "1",
    "opcode": "2",
    "keywords": "0x4001200000000000",
    "computer": "cyberjunkie-test",
    "InterfaceGuid": "B7061870-333D-43DA-8FA1-39E4745BFF17",
    "CurrentOrNextState": "2"
  }
}