{
  "event_id": "4004",
  "provider": "Microsoft-Windows-NetworkProfile",
  "channel": "Microsoft-Windows-NetworkProfile/Operational",
  "source_file": "D:\\visual code file\\Project_4\\Event-Analyzer\\test\\Logs\\Microsoft-Windows-NetworkProfile%4Operational.evtx",
  "event_record_id": 5,
  "xml": "<?xml version=\"1.0\" encoding=\"utf-8\"?>\n<Event xmlns=\"http://schemas.microsoft.com/win/2004/08/events/event\">\n  <System>\n    <Provider Name=\"Microsoft-Windows-NetworkProfile\" Guid=\"FBCFAC3F-8459-419F-8E48-1F0B49CDB85E\">\n    </Provider>\n    <EventID>4004</EventID>\n    <Version>0</Version>\n    <Level>4</Level>\n    <Task>0</Task>\n    <Opcode>0</Opcode>\n    <Keywords>0x4000000000000000</Keywords>\n    <TimeCreated SystemTime=\"2024-11-05T01:34:20.090101Z\">\n    </TimeCreated>\n    <EventRecordID>5</EventRecordID>\n    <Correlation>\n    </Correlation>\n    <Execution ProcessID=\"1968\" ThreadID=\"2264\">\n    </Execution>\n    <Channel>Microsoft-Windows-NetworkProfile/Operational</Channel>\n    <Computer>DESKTOP-P9H5FTA</Computer>\n    <Security UserID=\"S-1-5-19\">\n    </Security>\n  </System>\n  <EventData>\n    <Data Name=\"NewInternetConnectionProfile\">true</Data>\n    <Data Name=\"ConnectionCostChanged\">true</Data>\n    <Data Name=\"DomainConnectivityLevelChanged\">false</Data>\n    <Data Name=\"NetworkConnectivityLevelChanged\">true</Data>\n    <Data Name=\"HostNameChanged\">false</Data>\n    <Data Name=\"WwanRegistrationStateChanged\">false</Data>\n    <Data Name=\"TetheringOperationalStateChanged\">false</Data>\n    <Data Name=\"TetheringClientCountChanged\">false</Data>\n  </EventData>\n</Event>\n",
  "json": "{\"Event\":{\"#attributes\":{\"xmlns\":\"http://schemas.microsoft.com/win/2004/08/events/event\"},\"System\":{\"Provider\":{\"#attributes\":{\"Name\":\"Microsoft-Windows-NetworkProfile\",\"Guid\":\"FBCFAC3F-8459-419F-8E48-1F0B49CDB85E\"}},\"EventID\":4004,\"Version\":0,\"Level\":4,\"Task\":0,\"Opcode\":0,\"Keywords\":\"0x4000000000000000\",\"TimeCreated\":{\"#attributes\":{\"SystemTime\":\"2024-11-05T01:34:20.090101Z\"}},\"EventRecordID\":5,\"Correlation\":null,\"Execution\":{\"#attributes\":{\"ProcessID\":1968,\"ThreadID\":2264}},\"Channel\":\"Microsoft-Windows-NetworkProfile/Operational\",\"Computer\":\"DESKTOP-P9H5FTA\",\"Security\":{\"#attributes\":{\"UserID\":\"S-1-5-19\"}}},\"EventData\":{\"NewInternetConnectionProfile\":true,\"ConnectionCostChanged\":true,\"DomainConnectivityLevelChanged\":false,\"NetworkConnectivityLevelChanged\":true,\"HostNameChanged\":false,\"WwanRegistrationStateChanged\":false,\"TetheringOperationalStateChanged\":false,\"TetheringClientCountChanged\":false}}}",
  "xml_fields": {
    "provider": "Microsoft-Windows-NetworkProfile",
    "event_id": "4004",
    "timestamp": "2024-11-05T01:34:20.090101Z",
    "event_record_id": "5",
    "level": "4",
    "task": "0",
    "opcode": "0",
    "keywords": "0x4000000000000000",
    "channel": "Microsoft-Windows-NetworkProfile/Operational",
    "computer": "DESKTOP-P9H5FTA",
    "NewInternetConnectionProfile": "true",
    "ConnectionCostChanged": "true",
    "DomainConnectivityLevelChanged": "false",
    "NetworkConnectivityLevelChanged": "true",
    "HostNameChanged": "false",
    "WwanRegistrationStateChanged": "false",
    "TetheringOperationalStateChanged": "false",
    "TetheringClientCountChanged": "false"
  },
  "json_fields": {
    "provider": "Microsoft-Windows-NetworkProfile",
    "channel": "Microsoft-Windows-NetworkProfile/Operational",
    "event_id": "4004",
    "timestamp": "2024-11-05T01:34:20.090101Z",
    "event_record_id": "5",
    "level": "4",
    "task": "0",
    "opcode": "0",
    "keywords": "0x4000000000000000",
    "computer": "DESKTOP-P9H5FTA",
    "NewInternetConnectionProfile": "True",
    "ConnectionCostChanged": "True",
    "DomainConnectivityLevelChanged": "False",
    "NetworkConnectivityLevelChanged": "True",
    "HostNameChanged": "False",
    "WwanRegistrationStateChanged": "False",
    "TetheringOperationalStateChanged": "False",
    "TetheringClientCountChanged": "False"
  }
}