{
  "event_id": "4005",
  "provider": "Microsoft-Windows-GroupPolicy",
  "channel": "Microsoft-Windows-GroupPolicy/Operational",
  "source_file": "D:\\visual code file\\Project_4\\Event-Analyzer\\test\\Benign\\Win2022-AD\\Microsoft-Windows-GroupPolicy%4Operational.evtx",
  "event_record_id": 835,
  "xml": "<?xml version=\"1.0\" encoding=\"utf-8\"?>\n<Event xmlns=\"http://schemas.microsoft.com/win/2004/08/events/event\">\n  <System>\n    <Provider Name=\"Microsoft-Windows-GroupPolicy\" Guid=\"AEA1B4FA-97D1-45F2-A64C-4D69FFFD92C9\">\n    </Provider>\n    <EventID>4005</EventID>\n    <Version>1</Version>\n    <Level>4</Level>\n    <Task>0</Task>\n    <Opcode>1</Opcode>\n    <Keywords>0x4000000000000000</Keywords>\n    <TimeCreated SystemTime=\"2022-04-07T17:34:37.483672Z\">\n    </TimeCreated>\n    <EventRecordID>835</EventRecordID>\n    <Correlation ActivityID=\"DCA9073D-A053-4D86-A71A-A22443FB751F\">\n    </Correlation>\n    <Execution ProcessID=\"1352\" ThreadID=\"1684\">\n    </Execution>\n    <Channel>Microsoft-Windows-GroupPolicy/Operational</Channel>\n    <Computer>WIN-FPV0DSIC9O6.sigma.fr</Computer>\n    <Security UserID=\"S-1-5-18\">\n    </Security>\n  </System>\n  <EventData>\n    <Data Name=\"PolicyActivityId\">DCA9073D-A053-4D86-A71A-A22443FB751F</Data>\n    <Data Name=\"PrincipalSamName\">SIGMA\\Administrator</Data>\n    <Data Name=\"IsMachine\">0</Data>\n    <Data Name=\"IsDomainJoined\">true</Data>\n    <Data Name=\"IsBackgroundProcessing\">true</Data>\n    <Data Name=\"IsAsyncProcessing\">false</Data>\n    <Data Name=\"IsServiceRestart\">false</Data>\n    <Data Name=\"ReasonForSyncProcessing\">0</Data>\n  </EventData>\n</Event>\n",
  "json": "{\"Event\":{\"#attributes\":{\"xmlns\":\"http://schemas.microsoft.com/win/2004/08/events/event\"},\"System\":{\"Provider\":{\"#attributes\":{\"Name\":\"Microsoft-Windows-GroupPolicy\",\"Guid\":\"AEA1B4FA-97D1-45F2-A64C-4D69FFFD92C9\"}},\"EventID\":4005,\"Version\":1,\"Level\":4,\"Task\":0,\"Opcode\":1,\"Keywords\":\"0x4000000000000000\",\"TimeCreated\":{\"#attributes\":{\"SystemTime\":\"2022-04-07T17:34:37.483672Z\"}},\"EventRecordID\":835,\"Correlation\":{\"#attributes\":{\"ActivityID\":\"DCA9073D-A053-4D86-A71A-A22443FB751F\"}},\"Execution\":{\"#attributes\":{\"ProcessID\":1352,\"ThreadID\":1684}},\"Channel\":\"Microsoft-Windows-GroupPolicy/Operational\",\"Computer\":\"WIN-FPV0DSIC9O6.sigma.fr\",\"Security\":{\"#attributes\":{\"UserID\":\"S-1-5-18\"}}},\"EventData\":{\"PolicyActivityId\":\"DCA9073D-A053-4D86-A71A-A22443FB751F\",\"PrincipalSamName\":\"SIGMA\\\\Administrator\",\"IsMachine\":0,\"IsDomainJoined\":true,\"IsBackgroundProcessing\":true,\"IsAsyncProcessing\":false,\"IsServiceRestart\":false,\"ReasonForSyncProcessing\":0}}}",
  "xml_fields": {
    "provider": "Microsoft-Windows-GroupPolicy",
    "event_id": "4005",
    "timestamp": "2022-04-07T17:34:37.483672Z",
    "event_record_id": "835",
    "level": "4",
    "task": "0",
    "opcode": "1",
    "keywords": "0x4000000000000000",
    "channel": "Microsoft-Windows-GroupPolicy/Operational",
    "computer": "WIN-FPV0DSIC9O6.sigma.fr",
    "PolicyActivityId": "DCA9073D-A053-4D86-A71A-A22443FB751F",
    "PrincipalSamName": "SIGMA\\Administrator",
    "IsMachine": "0",
    "IsDomainJoined": "true",
    "IsBackgroundProcessing": "true",
    "IsAsyncProcessing": "false",
    "IsServiceRestart": "false",
    "ReasonForSyncProcessing": "0"
  },
  "json_fields": {
    "provider": "Microsoft-Windows-GroupPolicy",
    "channel": "Microsoft-Windows-GroupPolicy/Operational",
    "event_id": "4005",
    "timestamp": "2022-04-07T17:34:37.483672Z",
    "event_record_id": "835",
    "level": "4",
    "task": "0",
    "opcode": "1",
    "keywords": "0x4000000000000000",
    "computer": "WIN-FPV0DSIC9O6.sigma.fr",
    "PolicyActivityId": "DCA9073D-A053-4D86-A71A-A22443FB751F",
    "PrincipalSamName": "SIGMA\\Administrator",
    "IsMachine": "0",
    "IsDomainJoined": "True",
    "IsBackgroundProcessing": "True",
    "IsAsyncProcessing": "False",
    "IsServiceRestart": "False",
    "ReasonForSyncProcessing": "0"
  }
}