{
  "event_id": "4005",
  "provider": "Microsoft-Windows-CloudStore",
  "channel": "Microsoft-Windows-CloudStore/Initialization",
  "source_file": "D:\\visual code file\\Project_4\\Event-Analyzer\\test\\Benign\\Logs_Win11_2023\\Microsoft-Windows-CloudStore%4Initialization.evtx",
  "event_record_id": 2,
  "xml": "<?xml version=\"1.0\" encoding=\"utf-8\"?>\n<Event xmlns=\"http://schemas.microsoft.com/win/2004/08/events/event\">\n  <System>\n    <Provider Name=\"Microsoft-Windows-CloudStore\" Guid=\"741BB90C-A7A3-49D6-BD82-1E6B858403F7\">\n    </Provider>\n    <EventID>4005</EventID>\n    <Version>0</Version>\n    <Level>4</Level>\n    <Task>0</Task>\n    <Opcode>0</Opcode>\n    <Keywords>0x2000000000000000</Keywords>\n    <TimeCreated SystemTime=\"2023-10-25T21:23:53.035470Z\">\n    </TimeCreated>\n    <EventRecordID>2</EventRecordID>\n    <Correlation>\n    </Correlation>\n    <Execution ProcessID=\"5292\" ThreadID=\"1576\">\n    </Execution>\n    <Channel>Microsoft-Windows-CloudStore/Initialization</Channel>\n    <Computer>WinDevEval</Computer>\n    <Security UserID=\"S-1-5-21-2533829718-189860685-2477588761-500\">\n    </Security>\n  </System>\n  <EventData>\n    <Data Name=\"Elapsed\">31</Data>\n    <Data Name=\"UpdateCount\">1</Data>\n  </EventData>\n</Event>\n",
  "json": "{\"Event\":{\"#attributes\":{\"xmlns\":\"http://schemas.microsoft.com/win/2004/08/events/event\"},\"System\":{\"Provider\":{\"#attributes\":{\"Name\":\"Microsoft-Windows-CloudStore\",\"Guid\":\"741BB90C-A7A3-49D6-BD82-1E6B858403F7\"}},\"EventID\":4005,\"Version\":0,\"Level\":4,\"Task\":0,\"Opcode\":0,\"Keywords\":\"0x2000000000000000\",\"TimeCreated\":{\"#attributes\":{\"SystemTime\":\"2023-10-25T21:23:53.035470Z\"}},\"EventRecordID\":2,\"Correlation\":null,\"Execution\":{\"#attributes\":{\"ProcessID\":5292,\"ThreadID\":1576}},\"Channel\":\"Microsoft-Windows-CloudStore/Initialization\",\"Computer\":\"WinDevEval\",\"Security\":{\"#attributes\":{\"UserID\":\"S-1-5-21-2533829718-189860685-2477588761-500\"}}},\"EventData\":{\"Elapsed\":31,\"UpdateCount\":1}}}",
  "xml_fields": {
    "provider": "Microsoft-Windows-CloudStore",
    "event_id": "4005",
    "timestamp": "2023-10-25T21:23:53.035470Z",
    "event_record_id": "2",
    "level": "4",
    "task": "0",
    "opcode": "0",
    "keywords": "0x2000000000000000",
    "channel": "Microsoft-Windows-CloudStore/Initialization",
    "computer": "WinDevEval",
    "Elapsed": "31",
    "UpdateCount": "1"
  },
  "json_fields": {
    "provider": "Microsoft-Windows-CloudStore",
    "channel": "Microsoft-Windows-CloudStore/Initialization",
    "event_id": "4005",
    "timestamp": "2023-10-25T21:23:53.035470Z",
    "event_record_id": "2",
    "level": "4",
    "task": "0",
    "opcode": "0",
    "keywords": "0x2000000000000000",
    "computer": "WinDevEval",
    "Elapsed": "31",
    "UpdateCount": "1"
  }
}