{
  "event_id": "4006",
  "provider": "Microsoft-Windows-AppID",
  "channel": "Microsoft-Windows-AppID/Operational",
  "source_file": "D:\\visual code file\\Project_4\\Event-Analyzer\\test\\Benign\\Logs_Win11_2023\\Microsoft-Windows-AppID%4Operational.evtx",
  "event_record_id": 1,
  "xml": "<?xml version=\"1.0\" encoding=\"utf-8\"?>\n<Event xmlns=\"http://schemas.microsoft.com/win/2004/08/events/event\">\n  <System>\n    <Provider Name=\"Microsoft-Windows-AppID\" Guid=\"3CB2A168-FE19-4A4E-BDAD-DCF422F13473\">\n    </Provider>\n    <EventID>4006</EventID>\n    <Version>0</Version>\n    <Level>4</Level>\n    <Task>0</Task>\n    <Opcode>0</Opcode>\n    <Keywords>0x8000000000000000</Keywords>\n    <TimeCreated SystemTime=\"2023-10-25T21:24:38.573170Z\">\n    </TimeCreated>\n    <EventRecordID>1</EventRecordID>\n    <Correlation>\n    </Correlation>\n    <Execution ProcessID=\"7448\" ThreadID=\"7452\">\n    </Execution>\n    <Channel>Microsoft-Windows-AppID/Operational</Channel>\n    <Computer>WinDevEval</Computer>\n    <Security UserID=\"S-1-5-19\">\n    </Security>\n  </System>\n  <EventData>\n  </EventData>\n</Event>\n",
  "json": "{\"Event\":{\"#attributes\":{\"xmlns\":\"http://schemas.microsoft.com/win/2004/08/events/event\"},\"System\":{\"Provider\":{\"#attributes\":{\"Name\":\"Microsoft-Windows-AppID\",\"Guid\":\"3CB2A168-FE19-4A4E-BDAD-DCF422F13473\"}},\"EventID\":4006,\"Version\":0,\"Level\":4,\"Task\":0,\"Opcode\":0,\"Keywords\":\"0x8000000000000000\",\"TimeCreated\":{\"#attributes\":{\"SystemTime\":\"2023-10-25T21:24:38.573170Z\"}},\"EventRecordID\":1,\"Correlation\":null,\"Execution\":{\"#attributes\":{\"ProcessID\":7448,\"ThreadID\":7452}},\"Channel\":\"Microsoft-Windows-AppID/Operational\",\"Computer\":\"WinDevEval\",\"Security\":{\"#attributes\":{\"UserID\":\"S-1-5-19\"}}},\"EventData\":null}}",
  "xml_fields": {
    "provider": "Microsoft-Windows-AppID",
    "event_id": "4006",
    "timestamp": "2023-10-25T21:24:38.573170Z",
    "event_record_id": "1",
    "level": "4",
    "task": "0",
    "opcode": "0",
    "keywords": "0x8000000000000000",
    "channel": "Microsoft-Windows-AppID/Operational",
    "computer": "WinDevEval"
  },
  "json_fields": {
    "provider": "Microsoft-Windows-AppID",
    "channel": "Microsoft-Windows-AppID/Operational",
    "event_id": "4006",
    "timestamp": "2023-10-25T21:24:38.573170Z",
    "event_record_id": "1",
    "level": "4",
    "task": "0",
    "opcode": "0",
    "keywords": "0x8000000000000000",
    "computer": "WinDevEval"
  }
}