{
  "event_id": "4006",
  "provider": "Microsoft-Windows-CloudStore",
  "channel": "Microsoft-Windows-CloudStore/Initialization",
  "source_file": "D:\\visual code file\\Project_4\\Event-Analyzer\\test\\Logs\\Microsoft-Windows-CloudStore%4Initialization.evtx",
  "event_record_id": 3,
  "xml": "<?xml version=\"1.0\" encoding=\"utf-8\"?>\n<Event xmlns=\"http://schemas.microsoft.com/win/2004/08/events/event\">\n  <System>\n    <Provider Name=\"Microsoft-Windows-CloudStore\" Guid=\"741BB90C-A7A3-49D6-BD82-1E6B858403F7\">\n    </Provider>\n    <EventID>4006</EventID>\n    <Version>0</Version>\n    <Level>4</Level>\n    <Task>0</Task>\n    <Opcode>0</Opcode>\n    <Keywords>0x2000000000000000</Keywords>\n    <TimeCreated SystemTime=\"2025-01-24T10:52:10.192073Z\">\n    </TimeCreated>\n    <EventRecordID>3</EventRecordID>\n    <Correlation>\n    </Correlation>\n    <Execution ProcessID=\"5612\" ThreadID=\"5844\">\n    </Execution>\n    <Channel>Microsoft-Windows-CloudStore/Initialization</Channel>\n    <Computer>CTO-FILESVR</Computer>\n    <Security UserID=\"S-1-5-21-3088055692-629932344-1786574096-1003\">\n    </Security>\n  </System>\n  <EventData>\n    <Data Name=\"Target\">MicrosoftDevice.TopLevelOnly</Data>\n    <Data Name=\"Enabled\">false</Data>\n    <Data Name=\"Forced\">false</Data>\n  </EventData>\n</Event>\n",
  "json": "{\"Event\":{\"#attributes\":{\"xmlns\":\"http://schemas.microsoft.com/win/2004/08/events/event\"},\"System\":{\"Provider\":{\"#attributes\":{\"Name\":\"Microsoft-Windows-CloudStore\",\"Guid\":\"741BB90C-A7A3-49D6-BD82-1E6B858403F7\"}},\"EventID\":4006,\"Version\":0,\"Level\":4,\"Task\":0,\"Opcode\":0,\"Keywords\":\"0x2000000000000000\",\"TimeCreated\":{\"#attributes\":{\"SystemTime\":\"2025-01-24T10:52:10.192073Z\"}},\"EventRecordID\":3,\"Correlation\":null,\"Execution\":{\"#attributes\":{\"ProcessID\":5612,\"ThreadID\":5844}},\"Channel\":\"Microsoft-Windows-CloudStore/Initialization\",\"Computer\":\"CTO-FILESVR\",\"Security\":{\"#attributes\":{\"UserID\":\"S-1-5-21-3088055692-629932344-1786574096-1003\"}}},\"EventData\":{\"Target\":\"MicrosoftDevice.TopLevelOnly\",\"Enabled\":false,\"Forced\":false}}}",
  "xml_fields": {
    "provider": "Microsoft-Windows-CloudStore",
    "event_id": "4006",
    "timestamp": "2025-01-24T10:52:10.192073Z",
    "event_record_id": "3",
    "level": "4",
    "task": "0",
    "opcode": "0",
    "keywords": "0x2000000000000000",
    "channel": "Microsoft-Windows-CloudStore/Initialization",
    "computer": "CTO-FILESVR",
    "Target": "MicrosoftDevice.TopLevelOnly",
    "Enabled": "false",
    "Forced": "false"
  },
  "json_fields": {
    "provider": "Microsoft-Windows-CloudStore",
    "channel": "Microsoft-Windows-CloudStore/Initialization",
    "event_id": "4006",
    "timestamp": "2025-01-24T10:52:10.192073Z",
    "event_record_id": "3",
    "level": "4",
    "task": "0",
    "opcode": "0",
    "keywords": "0x2000000000000000",
    "computer": "CTO-FILESVR",
    "Target": "MicrosoftDevice.TopLevelOnly",
    "Enabled": "False",
    "Forced": "False"
  }
}