{
  "event_id": "400",
  "provider": "Microsoft-Windows-TaskScheduler",
  "channel": "Microsoft-Windows-TaskScheduler/Operational",
  "source_file": "D:\\visual code file\\Project_4\\Event-Analyzer\\test\\Benign\\Win2022-AD\\Microsoft-Windows-TaskScheduler%4Operational.evtx",
  "event_record_id": 247,
  "xml": "<?xml version=\"1.0\" encoding=\"utf-8\"?>\n<Event xmlns=\"http://schemas.microsoft.com/win/2004/08/events/event\">\n  <System>\n    <Provider Name=\"Microsoft-Windows-TaskScheduler\" Guid=\"DE7B24EA-73C8-4A09-985D-5BDADCFA9017\">\n    </Provider>\n    <EventID>400</EventID>\n    <Version>0</Version>\n    <Level>4</Level>\n    <Task>400</Task>\n    <Opcode>1</Opcode>\n    <Keywords>0x8000000000000000</Keywords>\n    <TimeCreated SystemTime=\"2022-04-07T08:30:41.905638Z\">\n    </TimeCreated>\n    <EventRecordID>247</EventRecordID>\n    <Correlation>\n    </Correlation>\n    <Execution ProcessID=\"1536\" ThreadID=\"1644\">\n    </Execution>\n    <Channel>Microsoft-Windows-TaskScheduler/Operational</Channel>\n    <Computer>WIN-FPV0DSIC9O6.sigma.fr</Computer>\n    <Security UserID=\"S-1-5-18\">\n    </Security>\n  </System>\n  <EventData Name=\"ServiceStartEvent\">\n  </EventData>\n</Event>\n",
  "json": "{\"Event\":{\"#attributes\":{\"xmlns\":\"http://schemas.microsoft.com/win/2004/08/events/event\"},\"System\":{\"Provider\":{\"#attributes\":{\"Name\":\"Microsoft-Windows-TaskScheduler\",\"Guid\":\"DE7B24EA-73C8-4A09-985D-5BDADCFA9017\"}},\"EventID\":400,\"Version\":0,\"Level\":4,\"Task\":400,\"Opcode\":1,\"Keywords\":\"0x8000000000000000\",\"TimeCreated\":{\"#attributes\":{\"SystemTime\":\"2022-04-07T08:30:41.905638Z\"}},\"EventRecordID\":247,\"Correlation\":null,\"Execution\":{\"#attributes\":{\"ProcessID\":1536,\"ThreadID\":1644}},\"Channel\":\"Microsoft-Windows-TaskScheduler/Operational\",\"Computer\":\"WIN-FPV0DSIC9O6.sigma.fr\",\"Security\":{\"#attributes\":{\"UserID\":\"S-1-5-18\"}}},\"EventData\":{\"#attributes\":{\"Name\":\"ServiceStartEvent\"}}}}",
  "xml_fields": {
    "provider": "Microsoft-Windows-TaskScheduler",
    "event_id": "400",
    "timestamp": "2022-04-07T08:30:41.905638Z",
    "event_record_id": "247",
    "level": "4",
    "task": "400",
    "opcode": "1",
    "keywords": "0x8000000000000000",
    "channel": "Microsoft-Windows-TaskScheduler/Operational",
    "computer": "WIN-FPV0DSIC9O6.sigma.fr"
  },
  "json_fields": {
    "provider": "Microsoft-Windows-TaskScheduler",
    "channel": "Microsoft-Windows-TaskScheduler/Operational",
    "event_id": "400",
    "timestamp": "2022-04-07T08:30:41.905638Z",
    "event_record_id": "247",
    "level": "4",
    "task": "400",
    "opcode": "1",
    "keywords": "0x8000000000000000",
    "computer": "WIN-FPV0DSIC9O6.sigma.fr"
  }
}