{
  "event_id": "4016",
  "provider": "Microsoft-Windows-GroupPolicy",
  "channel": "Microsoft-Windows-GroupPolicy/Operational",
  "source_file": "D:\\visual code file\\Project_4\\Event-Analyzer\\test\\Benign\\Logs_Win11\\Microsoft-Windows-GroupPolicy%4Operational.evtx",
  "event_record_id": 83,
  "xml": "<?xml version=\"1.0\" encoding=\"utf-8\"?>\n<Event xmlns=\"http://schemas.microsoft.com/win/2004/08/events/event\">\n  <System>\n    <Provider Name=\"Microsoft-Windows-GroupPolicy\" Guid=\"AEA1B4FA-97D1-45F2-A64C-4D69FFFD92C9\">\n    </Provider>\n    <EventID>4016</EventID>\n    <Version>0</Version>\n    <Level>4</Level>\n    <Task>0</Task>\n    <Opcode>1</Opcode>\n    <Keywords>0x4000000000000000</Keywords>\n    <TimeCreated SystemTime=\"2022-03-01T16:58:35.912580Z\">\n    </TimeCreated>\n    <EventRecordID>83</EventRecordID>\n    <Correlation ActivityID=\"AA4AE3CE-BB15-46CE-981C-A252B5A76663\">\n    </Correlation>\n    <Execution ProcessID=\"2376\" ThreadID=\"4504\">\n    </Execution>\n    <Channel>Microsoft-Windows-GroupPolicy/Operational</Channel>\n    <Computer>DESKTOP-6D0DBMB</Computer>\n    <Security UserID=\"S-1-5-18\">\n    </Security>\n  </System>\n  <EventData>\n    <Data Name=\"CSEExtensionId\">35378EAC-683F-11D2-A89A-00C04FBBCFA2</Data>\n    <Data Name=\"CSEExtensionName\">Registre</Data>\n    <Data Name=\"IsExtensionAsyncProcessing\">false</Data>\n    <Data Name=\"IsGPOListChanged\">true</Data>\n    <Data Name=\"GPOListStatusString\">%%4102</Data>\n    <Data Name=\"DescriptionString\">Strat\u00e9gie de groupe locale\n</Data>\n    <Data Name=\"ApplicableGPOList\">&lt;GPO ID=\"Strat\u00e9gie de groupe locale\"&gt;&lt;Name&gt;Strat\u00e9gie de groupe locale&lt;/Name&gt;&lt;/GPO&gt;</Data>\n  </EventData>\n</Event>\n",
  "json": "{\"Event\":{\"#attributes\":{\"xmlns\":\"http://schemas.microsoft.com/win/2004/08/events/event\"},\"System\":{\"Provider\":{\"#attributes\":{\"Name\":\"Microsoft-Windows-GroupPolicy\",\"Guid\":\"AEA1B4FA-97D1-45F2-A64C-4D69FFFD92C9\"}},\"EventID\":4016,\"Version\":0,\"Level\":4,\"Task\":0,\"Opcode\":1,\"Keywords\":\"0x4000000000000000\",\"TimeCreated\":{\"#attributes\":{\"SystemTime\":\"2022-03-01T16:58:35.912580Z\"}},\"EventRecordID\":83,\"Correlation\":{\"#attributes\":{\"ActivityID\":\"AA4AE3CE-BB15-46CE-981C-A252B5A76663\"}},\"Execution\":{\"#attributes\":{\"ProcessID\":2376,\"ThreadID\":4504}},\"Channel\":\"Microsoft-Windows-GroupPolicy/Operational\",\"Computer\":\"DESKTOP-6D0DBMB\",\"Security\":{\"#attributes\":{\"UserID\":\"S-1-5-18\"}}},\"EventData\":{\"CSEExtensionId\":\"35378EAC-683F-11D2-A89A-00C04FBBCFA2\",\"CSEExtensionName\":\"Registre\",\"IsExtensionAsyncProcessing\":false,\"IsGPOListChanged\":true,\"GPOListStatusString\":\"%%4102\",\"DescriptionString\":\"Strat\u00e9gie de groupe locale\\n\",\"ApplicableGPOList\":\"<GPO ID=\\\"Strat\u00e9gie de groupe locale\\\"><Name>Strat\u00e9gie de groupe locale</Name></GPO>\"}}}",
  "xml_fields": {
    "provider": "Microsoft-Windows-GroupPolicy",
    "event_id": "4016",
    "timestamp": "2022-03-01T16:58:35.912580Z",
    "event_record_id": "83",
    "level": "4",
    "task": "0",
    "opcode": "1",
    "keywords": "0x4000000000000000",
    "channel": "Microsoft-Windows-GroupPolicy/Operational",
    "computer": "DESKTOP-6D0DBMB",
    "CSEExtensionId": "35378EAC-683F-11D2-A89A-00C04FBBCFA2",
    "CSEExtensionName": "Registre",
    "IsExtensionAsyncProcessing": "false",
    "IsGPOListChanged": "true",
    "GPOListStatusString": "%%4102",
    "DescriptionString": "Strat\u00e9gie de groupe locale\n",
    "ApplicableGPOList": "<GPO ID=\"Strat\u00e9gie de groupe locale\"><Name>Strat\u00e9gie de groupe locale</Name></GPO>"
  },
  "json_fields": {
    "provider": "Microsoft-Windows-GroupPolicy",
    "channel": "Microsoft-Windows-GroupPolicy/Operational",
    "event_id": "4016",
    "timestamp": "2022-03-01T16:58:35.912580Z",
    "event_record_id": "83",
    "level": "4",
    "task": "0",
    "opcode": "1",
    "keywords": "0x4000000000000000",
    "computer": "DESKTOP-6D0DBMB",
    "CSEExtensionId": "35378EAC-683F-11D2-A89A-00C04FBBCFA2",
    "CSEExtensionName": "Registre",
    "IsExtensionAsyncProcessing": "False",
    "IsGPOListChanged": "True",
    "GPOListStatusString": "%%4102",
    "DescriptionString": "Strat\u00e9gie de groupe locale\n",
    "ApplicableGPOList": "<GPO ID=\"Strat\u00e9gie de groupe locale\"><Name>Strat\u00e9gie de groupe locale</Name></GPO>"
  }
}