{
  "event_id": "401",
  "provider": "Microsoft-Windows-AppXDeployment-Server",
  "channel": "Microsoft-Windows-AppXDeploymentServer/Operational",
  "source_file": "D:\\visual code file\\Project_4\\Event-Analyzer\\test\\Logs\\Microsoft-Windows-AppXDeploymentServer%4Operational.evtx",
  "event_record_id": 14322,
  "xml": "<?xml version=\"1.0\" encoding=\"utf-8\"?>\n<Event xmlns=\"http://schemas.microsoft.com/win/2004/08/events/event\">\n  <System>\n    <Provider Name=\"Microsoft-Windows-AppXDeployment-Server\" Guid=\"3F471139-ACB7-4A01-B7A7-FF5DA4BA2D43\">\n    </Provider>\n    <EventID>401</EventID>\n    <Version>0</Version>\n    <Level>2</Level>\n    <Task>3</Task>\n    <Opcode>0</Opcode>\n    <Keywords>0x4000000000000001</Keywords>\n    <TimeCreated SystemTime=\"2025-01-24T10:52:57.397585Z\">\n    </TimeCreated>\n    <EventRecordID>14322</EventRecordID>\n    <Correlation ActivityID=\"B61EC021-6E4D-0001-1BC9-1EB64D6EDB01\">\n    </Correlation>\n    <Execution ProcessID=\"1320\" ThreadID=\"5280\">\n    </Execution>\n    <Channel>Microsoft-Windows-AppXDeploymentServer/Operational</Channel>\n    <Computer>CTO-FILESVR</Computer>\n    <Security UserID=\"S-1-5-21-3088055692-629932344-1786574096-1003\">\n    </Security>\n  </System>\n  <EventData>\n    <Data Name=\"DeploymentOperation\">6</Data>\n    <Data Name=\"PackageFullName\">Microsoft.WindowsAlarms_2021.2411.2.0_neutral_~_8wekyb3d8bbwe</Data>\n    <Data Name=\"Path\"> (AppxBundleManifest.xml) </Data>\n    <Data Name=\"ErrorCode\">0x80073cf3</Data>\n    <Data Name=\"MountPoint\">C:</Data>\n    <Data Name=\"TargetPlatform\">0x3</Data>\n    <Data Name=\"SystemVolume\">true</Data>\n    <Data Name=\"StorageId\">\\\\?\\Volume{f1ca1821-2851-4e11-9053-30d9f871ae8e}</Data>\n    <Data Name=\"IsCentennial\">false</Data>\n    <Data Name=\"PackageType\">0x8</Data>\n    <Data Name=\"IsPackageEncrypted\">false</Data>\n    <Data Name=\"DeploymentOptions\">0x4000002040240</Data>\n    <Data Name=\"IsStreamingPackage\">false</Data>\n    <Data Name=\"IsInRelatedSet\">false</Data>\n    <Data Name=\"IsPackageUsingBDC\">false</Data>\n    <Data Name=\"MainPackageFamilyName\">NULL</Data>\n    <Data Name=\"CallingProcess\">svchost.exe,AppReadiness</Data>\n    <Data Name=\"IsInPlaceUpdate\">0x0</Data>\n    <Data Name=\"ErrorFileInfo\">dependencyutilities.cpp,1582,80073CF3;dependencyresolver.cpp,876,80073CF3;dependencyresolver.cpp,777,80073CF3;dependencyresolver.cpp,298,80073CF3;dependencymanager.cpp,39,80073CF3;deploymentrequest.cpp,1939,80073CF3;deploymentrequest.cpp,2153,80073CF3;deploymentrequest.cpp,4041,80073CF3;</Data>\n    <Data Name=\"DetailedMessageInfo\">NULL</Data>\n    <Data Name=\"IsOptional\">0</Data>\n    <Data Name=\"PackageFlags\">0x400</Data>\n    <Data Name=\"PackageFlags2\">0x0</Data>\n    <Data Name=\"HasWin32alacarte\">false</Data>\n    <Data Name=\"HasFullTrust\">false</Data>\n    <Data Name=\"ExternalLocation\"></Data>\n    <Data Name=\"PackageSourceUri\">x-windowsupdate://54919AB6-8F91-40A6-838E-C15CEB46A0C3/579FC437-D398-411C-A6C5-D01FD4523B94/0a1e9c417d78887867fe5ee9ab1c5cfde3cb7bc3</Data>\n  </EventData>\n</Event>\n",
  "json": "{\"Event\":{\"#attributes\":{\"xmlns\":\"http://schemas.microsoft.com/win/2004/08/events/event\"},\"System\":{\"Provider\":{\"#attributes\":{\"Name\":\"Microsoft-Windows-AppXDeployment-Server\",\"Guid\":\"3F471139-ACB7-4A01-B7A7-FF5DA4BA2D43\"}},\"EventID\":401,\"Version\":0,\"Level\":2,\"Task\":3,\"Opcode\":0,\"Keywords\":\"0x4000000000000001\",\"TimeCreated\":{\"#attributes\":{\"SystemTime\":\"2025-01-24T10:52:57.397585Z\"}},\"EventRecordID\":14322,\"Correlation\":{\"#attributes\":{\"ActivityID\":\"B61EC021-6E4D-0001-1BC9-1EB64D6EDB01\"}},\"Execution\":{\"#attributes\":{\"ProcessID\":1320,\"ThreadID\":5280}},\"Channel\":\"Microsoft-Windows-AppXDeploymentServer/Operational\",\"Computer\":\"CTO-FILESVR\",\"Security\":{\"#attributes\":{\"UserID\":\"S-1-5-21-3088055692-629932344-1786574096-1003\"}}},\"EventData\":{\"DeploymentOperation\":6,\"PackageFullName\":\"Microsoft.WindowsAlarms_2021.2411.2.0_neutral_~_8wekyb3d8bbwe\",\"Path\":\" (AppxBundleManifest.xml) \",\"ErrorCode\":\"0x80073cf3\",\"MountPoint\":\"C:\",\"TargetPlatform\":\"0x3\",\"SystemVolume\":true,\"StorageId\":\"\\\\\\\\?\\\\Volume{f1ca1821-2851-4e11-9053-30d9f871ae8e}\",\"IsCentennial\":false,\"PackageType\":\"0x8\",\"IsPackageEncrypted\":false,\"DeploymentOptions\":\"0x4000002040240\",\"IsStreamingPackage\":false,\"IsInRelatedSet\":false,\"IsPackageUsingBDC\":false,\"MainPackageFamilyName\":\"NULL\",\"CallingProcess\":\"svchost.exe,AppReadiness\",\"IsInPlaceUpdate\":\"0x0\",\"ErrorFileInfo\":\"dependencyutilities.cpp,1582,80073CF3;dependencyresolver.cpp,876,80073CF3;dependencyresolver.cpp,777,80073CF3;dependencyresolver.cpp,298,80073CF3;dependencymanager.cpp,39,80073CF3;deploymentrequest.cpp,1939,80073CF3;deploymentrequest.cpp,2153,80073CF3;deploymentrequest.cpp,4041,80073CF3;\",\"DetailedMessageInfo\":\"NULL\",\"IsOptional\":0,\"PackageFlags\":\"0x400\",\"PackageFlags2\":\"0x0\",\"HasWin32alacarte\":false,\"HasFullTrust\":false,\"ExternalLocation\":\"\",\"PackageSourceUri\":\"x-windowsupdate://54919AB6-8F91-40A6-838E-C15CEB46A0C3/579FC437-D398-411C-A6C5-D01FD4523B94/0a1e9c417d78887867fe5ee9ab1c5cfde3cb7bc3\"}}}",
  "xml_fields": {
    "provider": "Microsoft-Windows-AppXDeployment-Server",
    "event_id": "401",
    "timestamp": "2025-01-24T10:52:57.397585Z",
    "event_record_id": "14322",
    "level": "2",
    "task": "3",
    "opcode": "0",
    "keywords": "0x4000000000000001",
    "channel": "Microsoft-Windows-AppXDeploymentServer/Operational",
    "computer": "CTO-FILESVR",
    "DeploymentOperation": "6",
    "PackageFullName": "Microsoft.WindowsAlarms_2021.2411.2.0_neutral_~_8wekyb3d8bbwe",
    "Path": " (AppxBundleManifest.xml) ",
    "ErrorCode": "0x80073cf3",
    "MountPoint": "C:",
    "TargetPlatform": "0x3",
    "SystemVolume": "true",
    "StorageId": "\\\\?\\Volume{f1ca1821-2851-4e11-9053-30d9f871ae8e}",
    "IsCentennial": "false",
    "PackageType": "0x8",
    "IsPackageEncrypted": "false",
    "DeploymentOptions": "0x4000002040240",
    "IsStreamingPackage": "false",
    "IsInRelatedSet": "false",
    "IsPackageUsingBDC": "false",
    "MainPackageFamilyName": "NULL",
    "CallingProcess": "svchost.exe,AppReadiness",
    "IsInPlaceUpdate": "0x0",
    "ErrorFileInfo": "dependencyutilities.cpp,1582,80073CF3;dependencyresolver.cpp,876,80073CF3;dependencyresolver.cpp,777,80073CF3;dependencyresolver.cpp,298,80073CF3;dependencymanager.cpp,39,80073CF3;deploymentrequest.cpp,1939,80073CF3;deploymentrequest.cpp,2153,80073CF3;deploymentrequest.cpp,4041,80073CF3;",
    "DetailedMessageInfo": "NULL",
    "IsOptional": "0",
    "PackageFlags": "0x400",
    "PackageFlags2": "0x0",
    "HasWin32alacarte": "false",
    "HasFullTrust": "false",
    "ExternalLocation": "",
    "PackageSourceUri": "x-windowsupdate://54919AB6-8F91-40A6-838E-C15CEB46A0C3/579FC437-D398-411C-A6C5-D01FD4523B94/0a1e9c417d78887867fe5ee9ab1c5cfde3cb7bc3"
  },
  "json_fields": {
    "provider": "Microsoft-Windows-AppXDeployment-Server",
    "channel": "Microsoft-Windows-AppXDeploymentServer/Operational",
    "event_id": "401",
    "timestamp": "2025-01-24T10:52:57.397585Z",
    "event_record_id": "14322",
    "level": "2",
    "task": "3",
    "opcode": "0",
    "keywords": "0x4000000000000001",
    "computer": "CTO-FILESVR",
    "DeploymentOperation": "6",
    "PackageFullName": "Microsoft.WindowsAlarms_2021.2411.2.0_neutral_~_8wekyb3d8bbwe",
    "Path": " (AppxBundleManifest.xml) ",
    "ErrorCode": "0x80073cf3",
    "MountPoint": "C:",
    "TargetPlatform": "0x3",
    "SystemVolume": "True",
    "StorageId": "\\\\?\\Volume{f1ca1821-2851-4e11-9053-30d9f871ae8e}",
    "IsCentennial": "False",
    "PackageType": "0x8",
    "IsPackageEncrypted": "False",
    "DeploymentOptions": "0x4000002040240",
    "IsStreamingPackage": "False",
    "IsInRelatedSet": "False",
    "IsPackageUsingBDC": "False",
    "MainPackageFamilyName": "NULL",
    "CallingProcess": "svchost.exe,AppReadiness",
    "IsInPlaceUpdate": "0x0",
    "ErrorFileInfo": "dependencyutilities.cpp,1582,80073CF3;dependencyresolver.cpp,876,80073CF3;dependencyresolver.cpp,777,80073CF3;dependencyresolver.cpp,298,80073CF3;dependencymanager.cpp,39,80073CF3;deploymentrequest.cpp,1939,80073CF3;deploymentrequest.cpp,2153,80073CF3;deploymentrequest.cpp,4041,80073CF3;",
    "DetailedMessageInfo": "NULL",
    "IsOptional": "0",
    "PackageFlags": "0x400",
    "PackageFlags2": "0x0",
    "HasWin32alacarte": "False",
    "HasFullTrust": "False",
    "ExternalLocation": "",
    "PackageSourceUri": "x-windowsupdate://54919AB6-8F91-40A6-838E-C15CEB46A0C3/579FC437-D398-411C-A6C5-D01FD4523B94/0a1e9c417d78887867fe5ee9ab1c5cfde3cb7bc3"
  }
}