{
  "event_id": "403",
  "provider": "Microsoft-Windows-AppXDeployment-Server",
  "channel": "Microsoft-Windows-AppXDeploymentServer/Operational",
  "source_file": "D:\\visual code file\\Project_4\\Event-Analyzer\\test\\Logs\\Microsoft-Windows-AppXDeploymentServer%4Operational.evtx",
  "event_record_id": 10939,
  "xml": "<?xml version=\"1.0\" encoding=\"utf-8\"?>\n<Event xmlns=\"http://schemas.microsoft.com/win/2004/08/events/event\">\n  <System>\n    <Provider Name=\"Microsoft-Windows-AppXDeployment-Server\" Guid=\"3F471139-ACB7-4A01-B7A7-FF5DA4BA2D43\">\n    </Provider>\n    <EventID>403</EventID>\n    <Version>0</Version>\n    <Level>2</Level>\n    <Task>3</Task>\n    <Opcode>0</Opcode>\n    <Keywords>0x4000000000000001</Keywords>\n    <TimeCreated SystemTime=\"2025-01-24T10:35:35.292950Z\">\n    </TimeCreated>\n    <EventRecordID>10939</EventRecordID>\n    <Correlation ActivityID=\"8D345FF6-6E47-0000-9287-348D476EDB01\">\n    </Correlation>\n    <Execution ProcessID=\"3908\" ThreadID=\"10308\">\n    </Execution>\n    <Channel>Microsoft-Windows-AppXDeploymentServer/Operational</Channel>\n    <Computer>CTO-FILESVR</Computer>\n    <Security UserID=\"S-1-5-18\">\n    </Security>\n  </System>\n  <EventData>\n    <Data Name=\"PackageUri\">x-windowsupdate://917E7223-FDEC-4DE4-AE9A-30BC975F7BA1/2D2CE3B7-E4C8-4595-9D9B-0618D0E0C313/e1a85885fd4453165061351651289cce8f8590c4</Data>\n    <Data Name=\"ErrorCode\">0x8000000b</Data>\n  </EventData>\n</Event>\n",
  "json": "{\"Event\":{\"#attributes\":{\"xmlns\":\"http://schemas.microsoft.com/win/2004/08/events/event\"},\"System\":{\"Provider\":{\"#attributes\":{\"Name\":\"Microsoft-Windows-AppXDeployment-Server\",\"Guid\":\"3F471139-ACB7-4A01-B7A7-FF5DA4BA2D43\"}},\"EventID\":403,\"Version\":0,\"Level\":2,\"Task\":3,\"Opcode\":0,\"Keywords\":\"0x4000000000000001\",\"TimeCreated\":{\"#attributes\":{\"SystemTime\":\"2025-01-24T10:35:35.292950Z\"}},\"EventRecordID\":10939,\"Correlation\":{\"#attributes\":{\"ActivityID\":\"8D345FF6-6E47-0000-9287-348D476EDB01\"}},\"Execution\":{\"#attributes\":{\"ProcessID\":3908,\"ThreadID\":10308}},\"Channel\":\"Microsoft-Windows-AppXDeploymentServer/Operational\",\"Computer\":\"CTO-FILESVR\",\"Security\":{\"#attributes\":{\"UserID\":\"S-1-5-18\"}}},\"EventData\":{\"PackageUri\":\"x-windowsupdate://917E7223-FDEC-4DE4-AE9A-30BC975F7BA1/2D2CE3B7-E4C8-4595-9D9B-0618D0E0C313/e1a85885fd4453165061351651289cce8f8590c4\",\"ErrorCode\":\"0x8000000b\"}}}",
  "xml_fields": {
    "provider": "Microsoft-Windows-AppXDeployment-Server",
    "event_id": "403",
    "timestamp": "2025-01-24T10:35:35.292950Z",
    "event_record_id": "10939",
    "level": "2",
    "task": "3",
    "opcode": "0",
    "keywords": "0x4000000000000001",
    "channel": "Microsoft-Windows-AppXDeploymentServer/Operational",
    "computer": "CTO-FILESVR",
    "PackageUri": "x-windowsupdate://917E7223-FDEC-4DE4-AE9A-30BC975F7BA1/2D2CE3B7-E4C8-4595-9D9B-0618D0E0C313/e1a85885fd4453165061351651289cce8f8590c4",
    "ErrorCode": "0x8000000b"
  },
  "json_fields": {
    "provider": "Microsoft-Windows-AppXDeployment-Server",
    "channel": "Microsoft-Windows-AppXDeploymentServer/Operational",
    "event_id": "403",
    "timestamp": "2025-01-24T10:35:35.292950Z",
    "event_record_id": "10939",
    "level": "2",
    "task": "3",
    "opcode": "0",
    "keywords": "0x4000000000000001",
    "computer": "CTO-FILESVR",
    "PackageUri": "x-windowsupdate://917E7223-FDEC-4DE4-AE9A-30BC975F7BA1/2D2CE3B7-E4C8-4595-9D9B-0618D0E0C313/e1a85885fd4453165061351651289cce8f8590c4",
    "ErrorCode": "0x8000000b"
  }
}