{
  "event_id": "403",
  "provider": "Microsoft-Windows-Kernel-PnP",
  "channel": "Microsoft-Windows-Kernel-PnP/Configuration",
  "source_file": "D:\\visual code file\\Project_4\\Event-Analyzer\\test\\Logs\\Microsoft-Windows-Kernel-PnP%4Configuration.evtx",
  "event_record_id": 1,
  "xml": "<?xml version=\"1.0\" encoding=\"utf-8\"?>\n<Event xmlns=\"http://schemas.microsoft.com/win/2004/08/events/event\">\n  <System>\n    <Provider Name=\"Microsoft-Windows-Kernel-PnP\" Guid=\"9C205A39-1250-487D-ABD7-E831C6290539\">\n    </Provider>\n    <EventID>403</EventID>\n    <Version>0</Version>\n    <Level>3</Level>\n    <Task>0</Task>\n    <Opcode>0</Opcode>\n    <Keywords>0x4000000000000000</Keywords>\n    <TimeCreated SystemTime=\"2024-11-05T01:32:56.571046Z\">\n    </TimeCreated>\n    <EventRecordID>1</EventRecordID>\n    <Correlation>\n    </Correlation>\n    <Execution ProcessID=\"4\" ThreadID=\"8\">\n    </Execution>\n    <Channel>Microsoft-Windows-Kernel-PnP/Configuration</Channel>\n    <Computer>WIN-5LCFHVCO531</Computer>\n    <Security UserID=\"S-1-5-18\">\n    </Security>\n  </System>\n  <EventData>\n    <Data Name=\"DeviceInstanceId\">ROOT\\ACPI_HAL\\0000</Data>\n    <Data Name=\"DriverName\">hal.inf</Data>\n    <Data Name=\"ClassGuid\">4D36E966-E325-11CE-BFC1-08002BE10318</Data>\n    <Data Name=\"DriverDate\">06/21/2006</Data>\n    <Data Name=\"DriverVersion\">10.0.19041.1</Data>\n    <Data Name=\"DriverProvider\">Microsoft</Data>\n    <Data Name=\"DriverInbox\">true</Data>\n    <Data Name=\"DriverSection\">ACPI_AMD64_HAL</Data>\n    <Data Name=\"DriverRank\">0xff0000</Data>\n    <Data Name=\"MatchingDeviceId\">acpiapic</Data>\n    <Data Name=\"OutrankedDrivers\"></Data>\n    <Data Name=\"DeviceUpdated\">false</Data>\n    <Data Name=\"Status\">0x0</Data>\n    <Data Name=\"ParentDeviceInstanceId\">HTREE\\ROOT\\0</Data>\n  </EventData>\n</Event>\n",
  "json": "{\"Event\":{\"#attributes\":{\"xmlns\":\"http://schemas.microsoft.com/win/2004/08/events/event\"},\"System\":{\"Provider\":{\"#attributes\":{\"Name\":\"Microsoft-Windows-Kernel-PnP\",\"Guid\":\"9C205A39-1250-487D-ABD7-E831C6290539\"}},\"EventID\":403,\"Version\":0,\"Level\":3,\"Task\":0,\"Opcode\":0,\"Keywords\":\"0x4000000000000000\",\"TimeCreated\":{\"#attributes\":{\"SystemTime\":\"2024-11-05T01:32:56.571046Z\"}},\"EventRecordID\":1,\"Correlation\":null,\"Execution\":{\"#attributes\":{\"ProcessID\":4,\"ThreadID\":8}},\"Channel\":\"Microsoft-Windows-Kernel-PnP/Configuration\",\"Computer\":\"WIN-5LCFHVCO531\",\"Security\":{\"#attributes\":{\"UserID\":\"S-1-5-18\"}}},\"EventData\":{\"DeviceInstanceId\":\"ROOT\\\\ACPI_HAL\\\\0000\",\"DriverName\":\"hal.inf\",\"ClassGuid\":\"4D36E966-E325-11CE-BFC1-08002BE10318\",\"DriverDate\":\"06/21/2006\",\"DriverVersion\":\"10.0.19041.1\",\"DriverProvider\":\"Microsoft\",\"DriverInbox\":true,\"DriverSection\":\"ACPI_AMD64_HAL\",\"DriverRank\":\"0xff0000\",\"MatchingDeviceId\":\"acpiapic\",\"OutrankedDrivers\":\"\",\"DeviceUpdated\":false,\"Status\":\"0x0\",\"ParentDeviceInstanceId\":\"HTREE\\\\ROOT\\\\0\"}}}",
  "xml_fields": {
    "provider": "Microsoft-Windows-Kernel-PnP",
    "event_id": "403",
    "timestamp": "2024-11-05T01:32:56.571046Z",
    "event_record_id": "1",
    "level": "3",
    "task": "0",
    "opcode": "0",
    "keywords": "0x4000000000000000",
    "channel": "Microsoft-Windows-Kernel-PnP/Configuration",
    "computer": "WIN-5LCFHVCO531",
    "DeviceInstanceId": "ROOT\\ACPI_HAL\\0000",
    "DriverName": "hal.inf",
    "ClassGuid": "4D36E966-E325-11CE-BFC1-08002BE10318",
    "DriverDate": "06/21/2006",
    "DriverVersion": "10.0.19041.1",
    "DriverProvider": "Microsoft",
    "DriverInbox": "true",
    "DriverSection": "ACPI_AMD64_HAL",
    "DriverRank": "0xff0000",
    "MatchingDeviceId": "acpiapic",
    "OutrankedDrivers": "",
    "DeviceUpdated": "false",
    "Status": "0x0",
    "ParentDeviceInstanceId": "HTREE\\ROOT\\0"
  },
  "json_fields": {
    "provider": "Microsoft-Windows-Kernel-PnP",
    "channel": "Microsoft-Windows-Kernel-PnP/Configuration",
    "event_id": "403",
    "timestamp": "2024-11-05T01:32:56.571046Z",
    "event_record_id": "1",
    "level": "3",
    "task": "0",
    "opcode": "0",
    "keywords": "0x4000000000000000",
    "computer": "WIN-5LCFHVCO531",
    "DeviceInstanceId": "ROOT\\ACPI_HAL\\0000",
    "DriverName": "hal.inf",
    "ClassGuid": "4D36E966-E325-11CE-BFC1-08002BE10318",
    "DriverDate": "06/21/2006",
    "DriverVersion": "10.0.19041.1",
    "DriverProvider": "Microsoft",
    "DriverInbox": "True",
    "DriverSection": "ACPI_AMD64_HAL",
    "DriverRank": "0xff0000",
    "MatchingDeviceId": "acpiapic",
    "OutrankedDrivers": "",
    "DeviceUpdated": "False",
    "Status": "0x0",
    "ParentDeviceInstanceId": "HTREE\\ROOT\\0"
  }
}