{
  "event_id": "4042",
  "provider": "Microsoft-Windows-NCSI",
  "channel": "Microsoft-Windows-NCSI/Operational",
  "source_file": "D:\\visual code file\\Project_4\\Event-Analyzer\\test\\Logs\\Microsoft-Windows-NCSI%4Operational.evtx",
  "event_record_id": 1,
  "xml": "<?xml version=\"1.0\" encoding=\"utf-8\"?>\n<Event xmlns=\"http://schemas.microsoft.com/win/2004/08/events/event\">\n  <System>\n    <Provider Name=\"Microsoft-Windows-NCSI\" Guid=\"314DE49F-CE63-4779-BA2B-D616F6963A88\">\n    </Provider>\n    <EventID>4042</EventID>\n    <Version>0</Version>\n    <Level>4</Level>\n    <Task>0</Task>\n    <Opcode>0</Opcode>\n    <Keywords>0x4000000000000020</Keywords>\n    <TimeCreated SystemTime=\"2024-11-05T01:33:16.877540Z\">\n    </TimeCreated>\n    <EventRecordID>1</EventRecordID>\n    <Correlation>\n    </Correlation>\n    <Execution ProcessID=\"1940\" ThreadID=\"1372\">\n    </Execution>\n    <Channel>Microsoft-Windows-NCSI/Operational</Channel>\n    <Computer>WIN-5LCFHVCO531</Computer>\n    <Security UserID=\"S-1-5-20\">\n    </Security>\n  </System>\n  <EventData>\n    <Data Name=\"InterfaceGuid\">B7061870-333D-43DA-8FA1-39E4745BFF17</Data>\n    <Data Name=\"IfLuid\">1689399632855040</Data>\n    <Data Name=\"Family\">0</Data>\n    <Data Name=\"Capability\">2</Data>\n    <Data Name=\"CapabilityChangeReason\">4</Data>\n    <Data Name=\"PreviousCapability\">0</Data>\n  </EventData>\n</Event>\n",
  "json": "{\"Event\":{\"#attributes\":{\"xmlns\":\"http://schemas.microsoft.com/win/2004/08/events/event\"},\"System\":{\"Provider\":{\"#attributes\":{\"Name\":\"Microsoft-Windows-NCSI\",\"Guid\":\"314DE49F-CE63-4779-BA2B-D616F6963A88\"}},\"EventID\":4042,\"Version\":0,\"Level\":4,\"Task\":0,\"Opcode\":0,\"Keywords\":\"0x4000000000000020\",\"TimeCreated\":{\"#attributes\":{\"SystemTime\":\"2024-11-05T01:33:16.877540Z\"}},\"EventRecordID\":1,\"Correlation\":null,\"Execution\":{\"#attributes\":{\"ProcessID\":1940,\"ThreadID\":1372}},\"Channel\":\"Microsoft-Windows-NCSI/Operational\",\"Computer\":\"WIN-5LCFHVCO531\",\"Security\":{\"#attributes\":{\"UserID\":\"S-1-5-20\"}}},\"EventData\":{\"InterfaceGuid\":\"B7061870-333D-43DA-8FA1-39E4745BFF17\",\"IfLuid\":1689399632855040,\"Family\":0,\"Capability\":2,\"CapabilityChangeReason\":4,\"PreviousCapability\":0}}}",
  "xml_fields": {
    "provider": "Microsoft-Windows-NCSI",
    "event_id": "4042",
    "timestamp": "2024-11-05T01:33:16.877540Z",
    "event_record_id": "1",
    "level": "4",
    "task": "0",
    "opcode": "0",
    "keywords": "0x4000000000000020",
    "channel": "Microsoft-Windows-NCSI/Operational",
    "computer": "WIN-5LCFHVCO531",
    "InterfaceGuid": "B7061870-333D-43DA-8FA1-39E4745BFF17",
    "IfLuid": "1689399632855040",
    "Family": "0",
    "Capability": "2",
    "CapabilityChangeReason": "4",
    "PreviousCapability": "0"
  },
  "json_fields": {
    "provider": "Microsoft-Windows-NCSI",
    "channel": "Microsoft-Windows-NCSI/Operational",
    "event_id": "4042",
    "timestamp": "2024-11-05T01:33:16.877540Z",
    "event_record_id": "1",
    "level": "4",
    "task": "0",
    "opcode": "0",
    "keywords": "0x4000000000000020",
    "computer": "WIN-5LCFHVCO531",
    "InterfaceGuid": "B7061870-333D-43DA-8FA1-39E4745BFF17",
    "IfLuid": "1689399632855040",
    "Family": "0",
    "Capability": "2",
    "CapabilityChangeReason": "4",
    "PreviousCapability": "0"
  }
}