{
  "event_id": "404",
  "provider": "Microsoft-Windows-AppXDeployment-Server",
  "channel": "Microsoft-Windows-AppXDeploymentServer/Operational",
  "source_file": "D:\\visual code file\\Project_4\\Event-Analyzer\\test\\Logs\\Microsoft-Windows-AppXDeploymentServer%4Operational.evtx",
  "event_record_id": 14323,
  "xml": "<?xml version=\"1.0\" encoding=\"utf-8\"?>\n<Event xmlns=\"http://schemas.microsoft.com/win/2004/08/events/event\">\n  <System>\n    <Provider Name=\"Microsoft-Windows-AppXDeployment-Server\" Guid=\"3F471139-ACB7-4A01-B7A7-FF5DA4BA2D43\">\n    </Provider>\n    <EventID>404</EventID>\n    <Version>0</Version>\n    <Level>2</Level>\n    <Task>3</Task>\n    <Opcode>0</Opcode>\n    <Keywords>0x4000000000000001</Keywords>\n    <TimeCreated SystemTime=\"2025-01-24T10:52:57.402473Z\">\n    </TimeCreated>\n    <EventRecordID>14323</EventRecordID>\n    <Correlation ActivityID=\"B61EC021-6E4D-0001-1BC9-1EB64D6EDB01\">\n    </Correlation>\n    <Execution ProcessID=\"1320\" ThreadID=\"5280\">\n    </Execution>\n    <Channel>Microsoft-Windows-AppXDeploymentServer/Operational</Channel>\n    <Computer>CTO-FILESVR</Computer>\n    <Security UserID=\"S-1-5-21-3088055692-629932344-1786574096-1003\">\n    </Security>\n  </System>\n  <EventData>\n    <Data Name=\"SummaryError\">Windows cannot install package Microsoft.WindowsAlarms_11.2411.2.0_x64__8wekyb3d8bbwe because this package depends on a framework that could not be found. Provide the framework \"Microsoft.WindowsAppRuntime.1.5\" published by \"CN=Microsoft Corporation, O=Microsoft Corporation, L=Redmond, S=Washington, C=US\", with neutral or x64 processor architecture and minimum version 5001.178.1908.0, along with this package to install. The frameworks with name \"Microsoft.WindowsAppRuntime.1.5\" currently installed are: {Microsoft.WindowsAppRuntime.1.5_5001.373.1736.0_x86__8wekyb3d8bbwe Microsoft.WindowsAppRuntime.1.5_5001.373.1736.0_x64__8wekyb3d8bbwe}</Data>\n    <Data Name=\"PackageFullName\">Microsoft.WindowsAlarms_2021.2411.2.0_neutral_~_8wekyb3d8bbwe</Data>\n    <Data Name=\"ErrorCode\">0x80073cf3</Data>\n    <Data Name=\"MountPoint\">C:</Data>\n    <Data Name=\"TargetPlatform\">0x3</Data>\n    <Data Name=\"CallingProcess\">svchost.exe,AppReadiness</Data>\n    <Data Name=\"ExternalLocation\"></Data>\n  </EventData>\n</Event>\n",
  "json": "{\"Event\":{\"#attributes\":{\"xmlns\":\"http://schemas.microsoft.com/win/2004/08/events/event\"},\"System\":{\"Provider\":{\"#attributes\":{\"Name\":\"Microsoft-Windows-AppXDeployment-Server\",\"Guid\":\"3F471139-ACB7-4A01-B7A7-FF5DA4BA2D43\"}},\"EventID\":404,\"Version\":0,\"Level\":2,\"Task\":3,\"Opcode\":0,\"Keywords\":\"0x4000000000000001\",\"TimeCreated\":{\"#attributes\":{\"SystemTime\":\"2025-01-24T10:52:57.402473Z\"}},\"EventRecordID\":14323,\"Correlation\":{\"#attributes\":{\"ActivityID\":\"B61EC021-6E4D-0001-1BC9-1EB64D6EDB01\"}},\"Execution\":{\"#attributes\":{\"ProcessID\":1320,\"ThreadID\":5280}},\"Channel\":\"Microsoft-Windows-AppXDeploymentServer/Operational\",\"Computer\":\"CTO-FILESVR\",\"Security\":{\"#attributes\":{\"UserID\":\"S-1-5-21-3088055692-629932344-1786574096-1003\"}}},\"EventData\":{\"SummaryError\":\"Windows cannot install package Microsoft.WindowsAlarms_11.2411.2.0_x64__8wekyb3d8bbwe because this package depends on a framework that could not be found. Provide the framework \\\"Microsoft.WindowsAppRuntime.1.5\\\" published by \\\"CN=Microsoft Corporation, O=Microsoft Corporation, L=Redmond, S=Washington, C=US\\\", with neutral or x64 processor architecture and minimum version 5001.178.1908.0, along with this package to install. The frameworks with name \\\"Microsoft.WindowsAppRuntime.1.5\\\" currently installed are: {Microsoft.WindowsAppRuntime.1.5_5001.373.1736.0_x86__8wekyb3d8bbwe Microsoft.WindowsAppRuntime.1.5_5001.373.1736.0_x64__8wekyb3d8bbwe}\",\"PackageFullName\":\"Microsoft.WindowsAlarms_2021.2411.2.0_neutral_~_8wekyb3d8bbwe\",\"ErrorCode\":\"0x80073cf3\",\"MountPoint\":\"C:\",\"TargetPlatform\":\"0x3\",\"CallingProcess\":\"svchost.exe,AppReadiness\",\"ExternalLocation\":\"\"}}}",
  "xml_fields": {
    "provider": "Microsoft-Windows-AppXDeployment-Server",
    "event_id": "404",
    "timestamp": "2025-01-24T10:52:57.402473Z",
    "event_record_id": "14323",
    "level": "2",
    "task": "3",
    "opcode": "0",
    "keywords": "0x4000000000000001",
    "channel": "Microsoft-Windows-AppXDeploymentServer/Operational",
    "computer": "CTO-FILESVR",
    "SummaryError": "Windows cannot install package Microsoft.WindowsAlarms_11.2411.2.0_x64__8wekyb3d8bbwe because this package depends on a framework that could not be found. Provide the framework \"Microsoft.WindowsAppRuntime.1.5\" published by \"CN=Microsoft Corporation, O=Microsoft Corporation, L=Redmond, S=Washington, C=US\", with neutral or x64 processor architecture and minimum version 5001.178.1908.0, along with this package to install. The frameworks with name \"Microsoft.WindowsAppRuntime.1.5\" currently installed are: {Microsoft.WindowsAppRuntime.1.5_5001.373.1736.0_x86__8wekyb3d8bbwe Microsoft.WindowsAppRuntime.1.5_5001.373.1736.0_x64__8wekyb3d8bbwe}",
    "PackageFullName": "Microsoft.WindowsAlarms_2021.2411.2.0_neutral_~_8wekyb3d8bbwe",
    "ErrorCode": "0x80073cf3",
    "MountPoint": "C:",
    "TargetPlatform": "0x3",
    "CallingProcess": "svchost.exe,AppReadiness",
    "ExternalLocation": ""
  },
  "json_fields": {
    "provider": "Microsoft-Windows-AppXDeployment-Server",
    "channel": "Microsoft-Windows-AppXDeploymentServer/Operational",
    "event_id": "404",
    "timestamp": "2025-01-24T10:52:57.402473Z",
    "event_record_id": "14323",
    "level": "2",
    "task": "3",
    "opcode": "0",
    "keywords": "0x4000000000000001",
    "computer": "CTO-FILESVR",
    "SummaryError": "Windows cannot install package Microsoft.WindowsAlarms_11.2411.2.0_x64__8wekyb3d8bbwe because this package depends on a framework that could not be found. Provide the framework \"Microsoft.WindowsAppRuntime.1.5\" published by \"CN=Microsoft Corporation, O=Microsoft Corporation, L=Redmond, S=Washington, C=US\", with neutral or x64 processor architecture and minimum version 5001.178.1908.0, along with this package to install. The frameworks with name \"Microsoft.WindowsAppRuntime.1.5\" currently installed are: {Microsoft.WindowsAppRuntime.1.5_5001.373.1736.0_x86__8wekyb3d8bbwe Microsoft.WindowsAppRuntime.1.5_5001.373.1736.0_x64__8wekyb3d8bbwe}",
    "PackageFullName": "Microsoft.WindowsAlarms_2021.2411.2.0_neutral_~_8wekyb3d8bbwe",
    "ErrorCode": "0x80073cf3",
    "MountPoint": "C:",
    "TargetPlatform": "0x3",
    "CallingProcess": "svchost.exe,AppReadiness",
    "ExternalLocation": ""
  }
}