{
  "event_id": "4097",
  "provider": "Microsoft-Windows-CAPI2",
  "channel": "Application",
  "source_file": "D:\\visual code file\\Project_4\\Event-Analyzer\\test\\Logs\\Application.evtx",
  "event_record_id": 19,
  "xml": "<?xml version=\"1.0\" encoding=\"utf-8\"?>\n<Event xmlns=\"http://schemas.microsoft.com/win/2004/08/events/event\">\n  <System>\n    <Provider Name=\"Microsoft-Windows-CAPI2\" Guid=\"{5bbca4a8-b209-48dc-a8c7-b23d3e5216fb}\" EventSourceName=\"Microsoft-Windows-CAPI2\">\n    </Provider>\n    <EventID Qualifiers=\"0\">4097</EventID>\n    <Version>0</Version>\n    <Level>4</Level>\n    <Task>0</Task>\n    <Opcode>0</Opcode>\n    <Keywords>0x8080000000000000</Keywords>\n    <TimeCreated SystemTime=\"2024-11-05T01:33:23.515561Z\">\n    </TimeCreated>\n    <EventRecordID>19</EventRecordID>\n    <Correlation>\n    </Correlation>\n    <Execution ProcessID=\"2544\" ThreadID=\"2784\">\n    </Execution>\n    <Channel>Application</Channel>\n    <Computer>WIN-5LCFHVCO531</Computer>\n    <Security>\n    </Security>\n  </System>\n  <EventData>\n    <Data>CN=DigiCert Global Root G2, OU=www.digicert.com, O=DigiCert Inc, C=US</Data>\n    <Data>DF3C24F9BFD666761B268073FE06D1CC8D4F82A4</Data>\n    <Binary></Binary>\n  </EventData>\n</Event>\n",
  "json": "{\"Event\":{\"#attributes\":{\"xmlns\":\"http://schemas.microsoft.com/win/2004/08/events/event\"},\"System\":{\"Provider\":{\"#attributes\":{\"Name\":\"Microsoft-Windows-CAPI2\",\"Guid\":\"{5bbca4a8-b209-48dc-a8c7-b23d3e5216fb}\",\"EventSourceName\":\"Microsoft-Windows-CAPI2\"}},\"EventID\":{\"#attributes\":{\"Qualifiers\":0},\"#text\":4097},\"Version\":0,\"Level\":4,\"Task\":0,\"Opcode\":0,\"Keywords\":\"0x8080000000000000\",\"TimeCreated\":{\"#attributes\":{\"SystemTime\":\"2024-11-05T01:33:23.515561Z\"}},\"EventRecordID\":19,\"Correlation\":null,\"Execution\":{\"#attributes\":{\"ProcessID\":2544,\"ThreadID\":2784}},\"Channel\":\"Application\",\"Computer\":\"WIN-5LCFHVCO531\",\"Security\":null},\"EventData\":{\"Data\":{\"#text\":[\"CN=DigiCert Global Root G2, OU=www.digicert.com, O=DigiCert Inc, C=US\",\"DF3C24F9BFD666761B268073FE06D1CC8D4F82A4\"]},\"Binary\":null}}}",
  "xml_fields": {
    "provider": "Microsoft-Windows-CAPI2",
    "event_id": "4097",
    "timestamp": "2024-11-05T01:33:23.515561Z",
    "event_record_id": "19",
    "level": "4",
    "task": "0",
    "opcode": "0",
    "keywords": "0x8080000000000000",
    "channel": "Application",
    "computer": "WIN-5LCFHVCO531",
    "_data_0": "CN=DigiCert Global Root G2, OU=www.digicert.com, O=DigiCert Inc, C=US",
    "_data_1": "DF3C24F9BFD666761B268073FE06D1CC8D4F82A4"
  },
  "json_fields": {
    "provider": "Microsoft-Windows-CAPI2",
    "channel": "Application",
    "event_id": "4097",
    "timestamp": "2024-11-05T01:33:23.515561Z",
    "event_record_id": "19",
    "level": "4",
    "task": "0",
    "opcode": "0",
    "keywords": "0x8080000000000000",
    "computer": "WIN-5LCFHVCO531",
    "_data_0": "CN=DigiCert Global Root G2, OU=www.digicert.com, O=DigiCert Inc, C=US",
    "_data_1": "DF3C24F9BFD666761B268073FE06D1CC8D4F82A4"
  }
}