{
  "event_id": "4097",
  "provider": "Microsoft-Windows-Crypto-DPAPI",
  "channel": "Microsoft-Windows-Crypto-DPAPI/BackUpKeySvc",
  "source_file": "D:\\visual code file\\Project_4\\Event-Analyzer\\test\\Benign\\Win2022-AD\\Microsoft-Windows-Crypto-DPAPI%4BackUpKeySvc.evtx",
  "event_record_id": 1,
  "xml": "<?xml version=\"1.0\" encoding=\"utf-8\"?>\n<Event xmlns=\"http://schemas.microsoft.com/win/2004/08/events/event\">\n  <System>\n    <Provider Name=\"Microsoft-Windows-Crypto-DPAPI\" Guid=\"89FE8F40-CDCE-464E-8217-15EF97D4C7C3\">\n    </Provider>\n    <EventID>4097</EventID>\n    <Version>0</Version>\n    <Level>4</Level>\n    <Task>1</Task>\n    <Opcode>0</Opcode>\n    <Keywords>0x4000000000000001</Keywords>\n    <TimeCreated SystemTime=\"2022-04-07T08:14:29.563604Z\">\n    </TimeCreated>\n    <EventRecordID>1</EventRecordID>\n    <Correlation ActivityID=\"7AAB4249-4A57-0000-F449-AB7A574AD801\">\n    </Correlation>\n    <Execution ProcessID=\"648\" ThreadID=\"652\">\n    </Execution>\n    <Channel>Microsoft-Windows-Crypto-DPAPI/BackUpKeySvc</Channel>\n    <Computer>WIN-FPV0DSIC9O6.sigma.fr</Computer>\n    <Security UserID=\"S-1-5-18\">\n    </Security>\n  </System>\n  <EventData>\n  </EventData>\n</Event>\n",
  "json": "{\"Event\":{\"#attributes\":{\"xmlns\":\"http://schemas.microsoft.com/win/2004/08/events/event\"},\"System\":{\"Provider\":{\"#attributes\":{\"Name\":\"Microsoft-Windows-Crypto-DPAPI\",\"Guid\":\"89FE8F40-CDCE-464E-8217-15EF97D4C7C3\"}},\"EventID\":4097,\"Version\":0,\"Level\":4,\"Task\":1,\"Opcode\":0,\"Keywords\":\"0x4000000000000001\",\"TimeCreated\":{\"#attributes\":{\"SystemTime\":\"2022-04-07T08:14:29.563604Z\"}},\"EventRecordID\":1,\"Correlation\":{\"#attributes\":{\"ActivityID\":\"7AAB4249-4A57-0000-F449-AB7A574AD801\"}},\"Execution\":{\"#attributes\":{\"ProcessID\":648,\"ThreadID\":652}},\"Channel\":\"Microsoft-Windows-Crypto-DPAPI/BackUpKeySvc\",\"Computer\":\"WIN-FPV0DSIC9O6.sigma.fr\",\"Security\":{\"#attributes\":{\"UserID\":\"S-1-5-18\"}}},\"EventData\":null}}",
  "xml_fields": {
    "provider": "Microsoft-Windows-Crypto-DPAPI",
    "event_id": "4097",
    "timestamp": "2022-04-07T08:14:29.563604Z",
    "event_record_id": "1",
    "level": "4",
    "task": "1",
    "opcode": "0",
    "keywords": "0x4000000000000001",
    "channel": "Microsoft-Windows-Crypto-DPAPI/BackUpKeySvc",
    "computer": "WIN-FPV0DSIC9O6.sigma.fr"
  },
  "json_fields": {
    "provider": "Microsoft-Windows-Crypto-DPAPI",
    "channel": "Microsoft-Windows-Crypto-DPAPI/BackUpKeySvc",
    "event_id": "4097",
    "timestamp": "2022-04-07T08:14:29.563604Z",
    "event_record_id": "1",
    "level": "4",
    "task": "1",
    "opcode": "0",
    "keywords": "0x4000000000000001",
    "computer": "WIN-FPV0DSIC9O6.sigma.fr"
  }
}