{
  "event_id": "4099",
  "provider": "Microsoft-Windows-Crypto-DPAPI",
  "channel": "Microsoft-Windows-Crypto-DPAPI/BackUpKeySvc",
  "source_file": "D:\\visual code file\\Project_4\\Event-Analyzer\\test\\Benign\\Win2022-AD\\Microsoft-Windows-Crypto-DPAPI%4BackUpKeySvc.evtx",
  "event_record_id": 4,
  "xml": "<?xml version=\"1.0\" encoding=\"utf-8\"?>\n<Event xmlns=\"http://schemas.microsoft.com/win/2004/08/events/event\">\n  <System>\n    <Provider Name=\"Microsoft-Windows-Crypto-DPAPI\" Guid=\"89FE8F40-CDCE-464E-8217-15EF97D4C7C3\">\n    </Provider>\n    <EventID>4099</EventID>\n    <Version>0</Version>\n    <Level>2</Level>\n    <Task>1</Task>\n    <Opcode>0</Opcode>\n    <Keywords>0x4000000000000001</Keywords>\n    <TimeCreated SystemTime=\"2022-04-07T17:32:00.119169Z\">\n    </TimeCreated>\n    <EventRecordID>4</EventRecordID>\n    <Correlation ActivityID=\"E0AAB88C-4A9F-0000-71B9-AAE09F4AD801\">\n    </Correlation>\n    <Execution ProcessID=\"664\" ThreadID=\"4812\">\n    </Execution>\n    <Channel>Microsoft-Windows-Crypto-DPAPI/BackUpKeySvc</Channel>\n    <Computer>WIN-FPV0DSIC9O6.sigma.fr</Computer>\n    <Security UserID=\"S-1-5-18\">\n    </Security>\n  </System>\n  <EventData>\n    <Data Name=\"FailureReason\">Getting legacy preferred backup key GUID failed.</Data>\n    <Data Name=\"Status\">0xc0000034</Data>\n  </EventData>\n</Event>\n",
  "json": "{\"Event\":{\"#attributes\":{\"xmlns\":\"http://schemas.microsoft.com/win/2004/08/events/event\"},\"System\":{\"Provider\":{\"#attributes\":{\"Name\":\"Microsoft-Windows-Crypto-DPAPI\",\"Guid\":\"89FE8F40-CDCE-464E-8217-15EF97D4C7C3\"}},\"EventID\":4099,\"Version\":0,\"Level\":2,\"Task\":1,\"Opcode\":0,\"Keywords\":\"0x4000000000000001\",\"TimeCreated\":{\"#attributes\":{\"SystemTime\":\"2022-04-07T17:32:00.119169Z\"}},\"EventRecordID\":4,\"Correlation\":{\"#attributes\":{\"ActivityID\":\"E0AAB88C-4A9F-0000-71B9-AAE09F4AD801\"}},\"Execution\":{\"#attributes\":{\"ProcessID\":664,\"ThreadID\":4812}},\"Channel\":\"Microsoft-Windows-Crypto-DPAPI/BackUpKeySvc\",\"Computer\":\"WIN-FPV0DSIC9O6.sigma.fr\",\"Security\":{\"#attributes\":{\"UserID\":\"S-1-5-18\"}}},\"EventData\":{\"FailureReason\":\"Getting legacy preferred backup key GUID failed.\",\"Status\":\"0xc0000034\"}}}",
  "xml_fields": {
    "provider": "Microsoft-Windows-Crypto-DPAPI",
    "event_id": "4099",
    "timestamp": "2022-04-07T17:32:00.119169Z",
    "event_record_id": "4",
    "level": "2",
    "task": "1",
    "opcode": "0",
    "keywords": "0x4000000000000001",
    "channel": "Microsoft-Windows-Crypto-DPAPI/BackUpKeySvc",
    "computer": "WIN-FPV0DSIC9O6.sigma.fr",
    "FailureReason": "Getting legacy preferred backup key GUID failed.",
    "Status": "0xc0000034"
  },
  "json_fields": {
    "provider": "Microsoft-Windows-Crypto-DPAPI",
    "channel": "Microsoft-Windows-Crypto-DPAPI/BackUpKeySvc",
    "event_id": "4099",
    "timestamp": "2022-04-07T17:32:00.119169Z",
    "event_record_id": "4",
    "level": "2",
    "task": "1",
    "opcode": "0",
    "keywords": "0x4000000000000001",
    "computer": "WIN-FPV0DSIC9O6.sigma.fr",
    "FailureReason": "Getting legacy preferred backup key GUID failed.",
    "Status": "0xc0000034"
  }
}