{
  "event_id": "40",
  "provider": "Microsoft-Windows-TerminalServices-LocalSessionManager",
  "channel": "Microsoft-Windows-TerminalServices-LocalSessionManager/Operational",
  "source_file": "D:\\visual code file\\Project_4\\Event-Analyzer\\test\\Logs\\Microsoft-Windows-TerminalServices-LocalSessionManager%4Operational.evtx",
  "event_record_id": 35,
  "xml": "<?xml version=\"1.0\" encoding=\"utf-8\"?>\n<Event xmlns=\"http://schemas.microsoft.com/win/2004/08/events/event\">\n  <System>\n    <Provider Name=\"Microsoft-Windows-TerminalServices-LocalSessionManager\" Guid=\"5D896912-022D-40AA-A3A8-4FA5515C76D7\">\n    </Provider>\n    <EventID>40</EventID>\n    <Version>0</Version>\n    <Level>4</Level>\n    <Task>0</Task>\n    <Opcode>0</Opcode>\n    <Keywords>0x1000000000000000</Keywords>\n    <TimeCreated SystemTime=\"2024-11-04T12:47:34.729264Z\">\n    </TimeCreated>\n    <EventRecordID>35</EventRecordID>\n    <Correlation>\n    </Correlation>\n    <Execution ProcessID=\"956\" ThreadID=\"980\">\n    </Execution>\n    <Channel>Microsoft-Windows-TerminalServices-LocalSessionManager/Operational</Channel>\n    <Computer>DESKTOP-P9H5FTA</Computer>\n    <Security UserID=\"S-1-5-18\">\n    </Security>\n  </System>\n  <UserData>\n    <EventXML xmlns=\"Event_NS\">\n      <Session>1</Session>\n      <Reason>11</Reason>\n    </EventXML>\n  </UserData>\n</Event>\n",
  "json": "{\"Event\":{\"#attributes\":{\"xmlns\":\"http://schemas.microsoft.com/win/2004/08/events/event\"},\"System\":{\"Provider\":{\"#attributes\":{\"Name\":\"Microsoft-Windows-TerminalServices-LocalSessionManager\",\"Guid\":\"5D896912-022D-40AA-A3A8-4FA5515C76D7\"}},\"EventID\":40,\"Version\":0,\"Level\":4,\"Task\":0,\"Opcode\":0,\"Keywords\":\"0x1000000000000000\",\"TimeCreated\":{\"#attributes\":{\"SystemTime\":\"2024-11-04T12:47:34.729264Z\"}},\"EventRecordID\":35,\"Correlation\":null,\"Execution\":{\"#attributes\":{\"ProcessID\":956,\"ThreadID\":980}},\"Channel\":\"Microsoft-Windows-TerminalServices-LocalSessionManager/Operational\",\"Computer\":\"DESKTOP-P9H5FTA\",\"Security\":{\"#attributes\":{\"UserID\":\"S-1-5-18\"}}},\"UserData\":{\"EventXML\":{\"#attributes\":{\"xmlns\":\"Event_NS\"},\"Session\":1,\"Reason\":11}}}}",
  "xml_fields": {
    "provider": "Microsoft-Windows-TerminalServices-LocalSessionManager",
    "event_id": "40",
    "timestamp": "2024-11-04T12:47:34.729264Z",
    "event_record_id": "35",
    "level": "4",
    "task": "0",
    "opcode": "0",
    "keywords": "0x1000000000000000",
    "channel": "Microsoft-Windows-TerminalServices-LocalSessionManager/Operational",
    "computer": "DESKTOP-P9H5FTA",
    "Session": "1",
    "Reason": "11"
  },
  "json_fields": {
    "provider": "Microsoft-Windows-TerminalServices-LocalSessionManager",
    "channel": "Microsoft-Windows-TerminalServices-LocalSessionManager/Operational",
    "event_id": "40",
    "timestamp": "2024-11-04T12:47:34.729264Z",
    "event_record_id": "35",
    "level": "4",
    "task": "0",
    "opcode": "0",
    "keywords": "0x1000000000000000",
    "computer": "DESKTOP-P9H5FTA",
    "Session": "1",
    "Reason": "11"
  }
}