{
  "event_id": "40",
  "provider": "Microsoft-Windows-ServerManager-MultiMachine",
  "channel": "Microsoft-Windows-ServerManager-MultiMachine/Operational",
  "source_file": "D:\\visual code file\\Project_4\\Event-Analyzer\\test\\Benign\\win2022-0-20348-azure\\Microsoft-Windows-ServerManager-MultiMachine%4Operational.evtx",
  "event_record_id": 265,
  "xml": "<?xml version=\"1.0\" encoding=\"utf-8\"?>\n<Event xmlns=\"http://schemas.microsoft.com/win/2004/08/events/event\">\n  <System>\n    <Provider Name=\"Microsoft-Windows-ServerManager-MultiMachine\" Guid=\"D8D37081-10BD-4A89-A971-1CDA6899BDB3\">\n    </Provider>\n    <EventID>40</EventID>\n    <Version>0</Version>\n    <Level>4</Level>\n    <Task>4</Task>\n    <Opcode>2</Opcode>\n    <Keywords>0x2000000000000000</Keywords>\n    <TimeCreated SystemTime=\"2022-09-18T09:39:43.981928Z\">\n    </TimeCreated>\n    <EventRecordID>265</EventRecordID>\n    <Correlation>\n    </Correlation>\n    <Execution ProcessID=\"3852\" ThreadID=\"5640\">\n    </Execution>\n    <Channel>Microsoft-Windows-ServerManager-MultiMachine/Operational</Channel>\n    <Computer>Agamemnon</Computer>\n    <Security UserID=\"S-1-5-21-3574161147-2844031704-266979156-500\">\n    </Security>\n  </System>\n  <EventData>\n  </EventData>\n</Event>\n",
  "json": "{\"Event\":{\"#attributes\":{\"xmlns\":\"http://schemas.microsoft.com/win/2004/08/events/event\"},\"System\":{\"Provider\":{\"#attributes\":{\"Name\":\"Microsoft-Windows-ServerManager-MultiMachine\",\"Guid\":\"D8D37081-10BD-4A89-A971-1CDA6899BDB3\"}},\"EventID\":40,\"Version\":0,\"Level\":4,\"Task\":4,\"Opcode\":2,\"Keywords\":\"0x2000000000000000\",\"TimeCreated\":{\"#attributes\":{\"SystemTime\":\"2022-09-18T09:39:43.981928Z\"}},\"EventRecordID\":265,\"Correlation\":null,\"Execution\":{\"#attributes\":{\"ProcessID\":3852,\"ThreadID\":5640}},\"Channel\":\"Microsoft-Windows-ServerManager-MultiMachine/Operational\",\"Computer\":\"Agamemnon\",\"Security\":{\"#attributes\":{\"UserID\":\"S-1-5-21-3574161147-2844031704-266979156-500\"}}},\"EventData\":null}}",
  "xml_fields": {
    "provider": "Microsoft-Windows-ServerManager-MultiMachine",
    "event_id": "40",
    "timestamp": "2022-09-18T09:39:43.981928Z",
    "event_record_id": "265",
    "level": "4",
    "task": "4",
    "opcode": "2",
    "keywords": "0x2000000000000000",
    "channel": "Microsoft-Windows-ServerManager-MultiMachine/Operational",
    "computer": "Agamemnon"
  },
  "json_fields": {
    "provider": "Microsoft-Windows-ServerManager-MultiMachine",
    "channel": "Microsoft-Windows-ServerManager-MultiMachine/Operational",
    "event_id": "40",
    "timestamp": "2022-09-18T09:39:43.981928Z",
    "event_record_id": "265",
    "level": "4",
    "task": "4",
    "opcode": "2",
    "keywords": "0x2000000000000000",
    "computer": "Agamemnon"
  }
}