{
  "event_id": "4100",
  "provider": "Microsoft-Windows-PowerShell",
  "channel": "Microsoft-Windows-PowerShell/Operational",
  "source_file": "D:\\visual code file\\Project_4\\Event-Analyzer\\test\\Malicious\\EVTX-to-MITRE-Attack-master\\TA0007-Discovery\\T1087-Account discovery\\ID4103-4104 - SPN discovery (moder nPowerShell).evtx",
  "event_record_id": 9,
  "xml": "<?xml version=\"1.0\" encoding=\"utf-8\"?>\n<Event xmlns=\"http://schemas.microsoft.com/win/2004/08/events/event\">\n  <System>\n    <Provider Name=\"Microsoft-Windows-PowerShell\" Guid=\"A0C1853B-5C40-4B15-8766-3CF1C58F985A\">\n    </Provider>\n    <EventID>4100</EventID>\n    <Version>1</Version>\n    <Level>3</Level>\n    <Task>106</Task>\n    <Opcode>19</Opcode>\n    <Keywords>0x0</Keywords>\n    <TimeCreated SystemTime=\"2021-01-30T09:13:17.561695Z\">\n    </TimeCreated>\n    <EventRecordID>16022</EventRecordID>\n    <Correlation ActivityID=\"6719095F-F49A-0000-81FD-7B679AF4D601\">\n    </Correlation>\n    <Execution ProcessID=\"3432\" ThreadID=\"3556\">\n    </Execution>\n    <Channel>Microsoft-Windows-PowerShell/Operational</Channel>\n    <Computer>fs02.offsec.lan</Computer>\n    <Security UserID=\"S-1-5-21-4230534742-2542757381-3142984815-1111\">\n    </Security>\n  </System>\n  <EventData>\n    <Data Name=\"ContextInfo\">        Severity = Warning\r\n        Host Name = ConsoleHost\r\n        Host Version = 4.0\r\n        Host ID = 7f6359d5-da68-4ff5-8b7e-f3393366b020\r\n        Host Application = C:\\Windows\\System32\\WindowsPowerShell\\v1.0\\powershell.exe\r\n        Engine Version = 4.0\r\n        Runspace ID = c8166557-78a4-43a8-843d-dffbe24fa1ab\r\n        Pipeline ID = 60\r\n        Command Name = New-Object\r\n        Command Type = Cmdlet\r\n        Script Name = \r\n        Command Path = \r\n        Sequence Number = 397\r\n        User = OFFSEC\\admmig\r\n        Shell ID = Microsoft.PowerShell\r\n</Data>\n    <Data Name=\"UserData\"></Data>\n    <Data Name=\"Payload\">Error Message = Exception calling \".ctor\" with \"1\" argument(s): \"The NetworkCredentials provided were unable to create a Kerberos credential, see inner exception for details.\"\r\nFully Qualified Error ID = ConstructorInvokedThrowException,Microsoft.PowerShell.Commands.NewObjectCommand\r\n</Data>\n  </EventData>\n</Event>\n",
  "json": "{\"Event\":{\"#attributes\":{\"xmlns\":\"http://schemas.microsoft.com/win/2004/08/events/event\"},\"System\":{\"Provider\":{\"#attributes\":{\"Name\":\"Microsoft-Windows-PowerShell\",\"Guid\":\"A0C1853B-5C40-4B15-8766-3CF1C58F985A\"}},\"EventID\":4100,\"Version\":1,\"Level\":3,\"Task\":106,\"Opcode\":19,\"Keywords\":\"0x0\",\"TimeCreated\":{\"#attributes\":{\"SystemTime\":\"2021-01-30T09:13:17.561695Z\"}},\"EventRecordID\":16022,\"Correlation\":{\"#attributes\":{\"ActivityID\":\"6719095F-F49A-0000-81FD-7B679AF4D601\"}},\"Execution\":{\"#attributes\":{\"ProcessID\":3432,\"ThreadID\":3556}},\"Channel\":\"Microsoft-Windows-PowerShell/Operational\",\"Computer\":\"fs02.offsec.lan\",\"Security\":{\"#attributes\":{\"UserID\":\"S-1-5-21-4230534742-2542757381-3142984815-1111\"}}},\"EventData\":{\"ContextInfo\":\"        Severity = Warning\\r\\n        Host Name = ConsoleHost\\r\\n        Host Version = 4.0\\r\\n        Host ID = 7f6359d5-da68-4ff5-8b7e-f3393366b020\\r\\n        Host Application = C:\\\\Windows\\\\System32\\\\WindowsPowerShell\\\\v1.0\\\\powershell.exe\\r\\n        Engine Version = 4.0\\r\\n        Runspace ID = c8166557-78a4-43a8-843d-dffbe24fa1ab\\r\\n        Pipeline ID = 60\\r\\n        Command Name = New-Object\\r\\n        Command Type = Cmdlet\\r\\n        Script Name = \\r\\n        Command Path = \\r\\n        Sequence Number = 397\\r\\n        User = OFFSEC\\\\admmig\\r\\n        Shell ID = Microsoft.PowerShell\\r\\n\",\"UserData\":\"\",\"Payload\":\"Error Message = Exception calling \\\".ctor\\\" with \\\"1\\\" argument(s): \\\"The NetworkCredentials provided were unable to create a Kerberos credential, see inner exception for details.\\\"\\r\\nFully Qualified Error ID = ConstructorInvokedThrowException,Microsoft.PowerShell.Commands.NewObjectCommand\\r\\n\"}}}",
  "xml_fields": {
    "provider": "Microsoft-Windows-PowerShell",
    "event_id": "4100",
    "timestamp": "2021-01-30T09:13:17.561695Z",
    "event_record_id": "16022",
    "level": "3",
    "task": "106",
    "opcode": "19",
    "keywords": "0x0",
    "channel": "Microsoft-Windows-PowerShell/Operational",
    "computer": "fs02.offsec.lan",
    "ContextInfo": "        Severity = Warning\n        Host Name = ConsoleHost\n        Host Version = 4.0\n        Host ID = 7f6359d5-da68-4ff5-8b7e-f3393366b020\n        Host Application = C:\\Windows\\System32\\WindowsPowerShell\\v1.0\\powershell.exe\n        Engine Version = 4.0\n        Runspace ID = c8166557-78a4-43a8-843d-dffbe24fa1ab\n        Pipeline ID = 60\n        Command Name = New-Object\n        Command Type = Cmdlet\n        Script Name = \n        Command Path = \n        Sequence Number = 397\n        User = OFFSEC\\admmig\n        Shell ID = Microsoft.PowerShell\n",
    "UserData": "",
    "Payload": "Error Message = Exception calling \".ctor\" with \"1\" argument(s): \"The NetworkCredentials provided were unable to create a Kerberos credential, see inner exception for details.\"\nFully Qualified Error ID = ConstructorInvokedThrowException,Microsoft.PowerShell.Commands.NewObjectCommand\n"
  },
  "json_fields": {
    "provider": "Microsoft-Windows-PowerShell",
    "channel": "Microsoft-Windows-PowerShell/Operational",
    "event_id": "4100",
    "timestamp": "2021-01-30T09:13:17.561695Z",
    "event_record_id": "16022",
    "level": "3",
    "task": "106",
    "opcode": "19",
    "keywords": "0x0",
    "computer": "fs02.offsec.lan",
    "ContextInfo": "        Severity = Warning\r\n        Host Name = ConsoleHost\r\n        Host Version = 4.0\r\n        Host ID = 7f6359d5-da68-4ff5-8b7e-f3393366b020\r\n        Host Application = C:\\Windows\\System32\\WindowsPowerShell\\v1.0\\powershell.exe\r\n        Engine Version = 4.0\r\n        Runspace ID = c8166557-78a4-43a8-843d-dffbe24fa1ab\r\n        Pipeline ID = 60\r\n        Command Name = New-Object\r\n        Command Type = Cmdlet\r\n        Script Name = \r\n        Command Path = \r\n        Sequence Number = 397\r\n        User = OFFSEC\\admmig\r\n        Shell ID = Microsoft.PowerShell\r\n",
    "UserData": "",
    "Payload": "Error Message = Exception calling \".ctor\" with \"1\" argument(s): \"The NetworkCredentials provided were unable to create a Kerberos credential, see inner exception for details.\"\r\nFully Qualified Error ID = ConstructorInvokedThrowException,Microsoft.PowerShell.Commands.NewObjectCommand\r\n"
  }
}