{
  "event_id": "4101",
  "provider": "Microsoft-Windows-Winlogon",
  "channel": "Application",
  "source_file": "D:\\visual code file\\Project_4\\Event-Analyzer\\test\\Benign\\win7-x86\\Application.evtx",
  "event_record_id": 124,
  "xml": "<?xml version=\"1.0\" encoding=\"utf-8\"?>\n<Event xmlns=\"http://schemas.microsoft.com/win/2004/08/events/event\">\n  <System>\n    <Provider Name=\"Microsoft-Windows-Winlogon\" Guid=\"{DBE9B383-7CF3-4331-91CC-A3CB16A3B538}\" EventSourceName=\"Winlogon\">\n    </Provider>\n    <EventID Qualifiers=\"16384\">4101</EventID>\n    <Version>0</Version>\n    <Level>4</Level>\n    <Task>0</Task>\n    <Opcode>0</Opcode>\n    <Keywords>0x80000000000000</Keywords>\n    <TimeCreated SystemTime=\"2022-04-04T10:09:21.000000Z\">\n    </TimeCreated>\n    <EventRecordID>124</EventRecordID>\n    <Correlation>\n    </Correlation>\n    <Execution ProcessID=\"0\" ThreadID=\"0\">\n    </Execution>\n    <Channel>Application</Channel>\n    <Computer>evtx-PC</Computer>\n    <Security>\n    </Security>\n  </System>\n  <EventData>\n    <Data>0x00000000</Data>\n    <Data>0x00000001</Data>\n    <Binary></Binary>\n  </EventData>\n</Event>\n",
  "json": "{\"Event\":{\"#attributes\":{\"xmlns\":\"http://schemas.microsoft.com/win/2004/08/events/event\"},\"System\":{\"Provider\":{\"#attributes\":{\"Name\":\"Microsoft-Windows-Winlogon\",\"Guid\":\"{DBE9B383-7CF3-4331-91CC-A3CB16A3B538}\",\"EventSourceName\":\"Winlogon\"}},\"EventID\":{\"#attributes\":{\"Qualifiers\":16384},\"#text\":4101},\"Version\":0,\"Level\":4,\"Task\":0,\"Opcode\":0,\"Keywords\":\"0x80000000000000\",\"TimeCreated\":{\"#attributes\":{\"SystemTime\":\"2022-04-04T10:09:21.000000Z\"}},\"EventRecordID\":124,\"Correlation\":null,\"Execution\":{\"#attributes\":{\"ProcessID\":0,\"ThreadID\":0}},\"Channel\":\"Application\",\"Computer\":\"evtx-PC\",\"Security\":null},\"EventData\":{\"Data\":{\"#text\":[\"0x00000000\",\"0x00000001\"]},\"Binary\":null}}}",
  "xml_fields": {
    "provider": "Microsoft-Windows-Winlogon",
    "event_id": "4101",
    "timestamp": "2022-04-04T10:09:21.000000Z",
    "event_record_id": "124",
    "level": "4",
    "task": "0",
    "opcode": "0",
    "keywords": "0x80000000000000",
    "channel": "Application",
    "computer": "evtx-PC",
    "_data_0": "0x00000000",
    "_data_1": "0x00000001"
  },
  "json_fields": {
    "provider": "Microsoft-Windows-Winlogon",
    "channel": "Application",
    "event_id": "4101",
    "timestamp": "2022-04-04T10:09:21.000000Z",
    "event_record_id": "124",
    "level": "4",
    "task": "0",
    "opcode": "0",
    "keywords": "0x80000000000000",
    "computer": "evtx-PC",
    "_data_0": "0x00000000",
    "_data_1": "0x00000001"
  }
}