{
  "event_id": "4103",
  "provider": "Microsoft-Windows-PowerShell",
  "channel": "Microsoft-Windows-PowerShell/Operational",
  "source_file": "D:\\visual code file\\Project_4\\Event-Analyzer\\test\\Malicious\\EVTX-to-MITRE-Attack-master\\TA0040-Impact\\T1490-Inhibit System Recovery\\ID800-4103-4104-Delete VSS backup (PowerShell).evtx",
  "event_record_id": 5,
  "xml": "<?xml version=\"1.0\" encoding=\"utf-8\"?>\n<Event xmlns=\"http://schemas.microsoft.com/win/2004/08/events/event\">\n  <System>\n    <Provider Name=\"Microsoft-Windows-PowerShell\" Guid=\"A0C1853B-5C40-4B15-8766-3CF1C58F985A\">\n    </Provider>\n    <EventID>4103</EventID>\n    <Version>1</Version>\n    <Level>4</Level>\n    <Task>106</Task>\n    <Opcode>20</Opcode>\n    <Keywords>0x0</Keywords>\n    <TimeCreated SystemTime=\"2021-12-19T15:13:49.026022Z\">\n    </TimeCreated>\n    <EventRecordID>153160</EventRecordID>\n    <Correlation ActivityID=\"7882B73A-E5EC-0000-C5B2-BF78ECE5D701\">\n    </Correlation>\n    <Execution ProcessID=\"2392\" ThreadID=\"3520\">\n    </Execution>\n    <Channel>Microsoft-Windows-PowerShell/Operational</Channel>\n    <Computer>FS03.offsec.lan</Computer>\n    <Security UserID=\"S-1-5-21-4230534742-2542757381-3142984815-1111\">\n    </Security>\n  </System>\n  <EventData>\n    <Data Name=\"ContextInfo\">        Severity = Informational\r\n        Host Name = ConsoleHost\r\n        Host Version = 4.0\r\n        Host ID = e16c2105-d67f-4bd5-b52f-ba22bff6ffac\r\n        Host Application = C:\\Windows\\System32\\WindowsPowerShell\\v1.0\\powershell.exe\r\n        Engine Version = 4.0\r\n        Runspace ID = 20dcb711-97b2-47ff-9947-2c346e212ef7\r\n        Pipeline ID = 25\r\n        Command Name = Get-WmiObject\r\n        Command Type = Cmdlet\r\n        Script Name = \r\n        Command Path = \r\n        Sequence Number = 54\r\n        User = OFFSEC\\admmig\r\n        Shell ID = Microsoft.PowerShell\r\n</Data>\n    <Data Name=\"UserData\"></Data>\n    <Data Name=\"Payload\">CommandInvocation(Get-WmiObject): \"Get-WmiObject\"\r\nParameterBinding(Get-WmiObject): name=\"Class\"; value=\"Win32_Shadowcopy\"\r\nCommandInvocation(ForEach-Object): \"ForEach-Object\"\r\nParameterBinding(ForEach-Object): name=\"Process\"; value=\"$_.Delete();\"\r\n</Data>\n  </EventData>\n</Event>\n",
  "json": "{\"Event\":{\"#attributes\":{\"xmlns\":\"http://schemas.microsoft.com/win/2004/08/events/event\"},\"System\":{\"Provider\":{\"#attributes\":{\"Name\":\"Microsoft-Windows-PowerShell\",\"Guid\":\"A0C1853B-5C40-4B15-8766-3CF1C58F985A\"}},\"EventID\":4103,\"Version\":1,\"Level\":4,\"Task\":106,\"Opcode\":20,\"Keywords\":\"0x0\",\"TimeCreated\":{\"#attributes\":{\"SystemTime\":\"2021-12-19T15:13:49.026022Z\"}},\"EventRecordID\":153160,\"Correlation\":{\"#attributes\":{\"ActivityID\":\"7882B73A-E5EC-0000-C5B2-BF78ECE5D701\"}},\"Execution\":{\"#attributes\":{\"ProcessID\":2392,\"ThreadID\":3520}},\"Channel\":\"Microsoft-Windows-PowerShell/Operational\",\"Computer\":\"FS03.offsec.lan\",\"Security\":{\"#attributes\":{\"UserID\":\"S-1-5-21-4230534742-2542757381-3142984815-1111\"}}},\"EventData\":{\"ContextInfo\":\"        Severity = Informational\\r\\n        Host Name = ConsoleHost\\r\\n        Host Version = 4.0\\r\\n        Host ID = e16c2105-d67f-4bd5-b52f-ba22bff6ffac\\r\\n        Host Application = C:\\\\Windows\\\\System32\\\\WindowsPowerShell\\\\v1.0\\\\powershell.exe\\r\\n        Engine Version = 4.0\\r\\n        Runspace ID = 20dcb711-97b2-47ff-9947-2c346e212ef7\\r\\n        Pipeline ID = 25\\r\\n        Command Name = Get-WmiObject\\r\\n        Command Type = Cmdlet\\r\\n        Script Name = \\r\\n        Command Path = \\r\\n        Sequence Number = 54\\r\\n        User = OFFSEC\\\\admmig\\r\\n        Shell ID = Microsoft.PowerShell\\r\\n\",\"UserData\":\"\",\"Payload\":\"CommandInvocation(Get-WmiObject): \\\"Get-WmiObject\\\"\\r\\nParameterBinding(Get-WmiObject): name=\\\"Class\\\"; value=\\\"Win32_Shadowcopy\\\"\\r\\nCommandInvocation(ForEach-Object): \\\"ForEach-Object\\\"\\r\\nParameterBinding(ForEach-Object): name=\\\"Process\\\"; value=\\\"$_.Delete();\\\"\\r\\n\"}}}",
  "xml_fields": {
    "provider": "Microsoft-Windows-PowerShell",
    "event_id": "4103",
    "timestamp": "2021-12-19T15:13:49.026022Z",
    "event_record_id": "153160",
    "level": "4",
    "task": "106",
    "opcode": "20",
    "keywords": "0x0",
    "channel": "Microsoft-Windows-PowerShell/Operational",
    "computer": "FS03.offsec.lan",
    "ContextInfo": "        Severity = Informational\n        Host Name = ConsoleHost\n        Host Version = 4.0\n        Host ID = e16c2105-d67f-4bd5-b52f-ba22bff6ffac\n        Host Application = C:\\Windows\\System32\\WindowsPowerShell\\v1.0\\powershell.exe\n        Engine Version = 4.0\n        Runspace ID = 20dcb711-97b2-47ff-9947-2c346e212ef7\n        Pipeline ID = 25\n        Command Name = Get-WmiObject\n        Command Type = Cmdlet\n        Script Name = \n        Command Path = \n        Sequence Number = 54\n        User = OFFSEC\\admmig\n        Shell ID = Microsoft.PowerShell\n",
    "UserData": "",
    "Payload": "CommandInvocation(Get-WmiObject): \"Get-WmiObject\"\nParameterBinding(Get-WmiObject): name=\"Class\"; value=\"Win32_Shadowcopy\"\nCommandInvocation(ForEach-Object): \"ForEach-Object\"\nParameterBinding(ForEach-Object): name=\"Process\"; value=\"$_.Delete();\"\n"
  },
  "json_fields": {
    "provider": "Microsoft-Windows-PowerShell",
    "channel": "Microsoft-Windows-PowerShell/Operational",
    "event_id": "4103",
    "timestamp": "2021-12-19T15:13:49.026022Z",
    "event_record_id": "153160",
    "level": "4",
    "task": "106",
    "opcode": "20",
    "keywords": "0x0",
    "computer": "FS03.offsec.lan",
    "ContextInfo": "        Severity = Informational\r\n        Host Name = ConsoleHost\r\n        Host Version = 4.0\r\n        Host ID = e16c2105-d67f-4bd5-b52f-ba22bff6ffac\r\n        Host Application = C:\\Windows\\System32\\WindowsPowerShell\\v1.0\\powershell.exe\r\n        Engine Version = 4.0\r\n        Runspace ID = 20dcb711-97b2-47ff-9947-2c346e212ef7\r\n        Pipeline ID = 25\r\n        Command Name = Get-WmiObject\r\n        Command Type = Cmdlet\r\n        Script Name = \r\n        Command Path = \r\n        Sequence Number = 54\r\n        User = OFFSEC\\admmig\r\n        Shell ID = Microsoft.PowerShell\r\n",
    "UserData": "",
    "Payload": "CommandInvocation(Get-WmiObject): \"Get-WmiObject\"\r\nParameterBinding(Get-WmiObject): name=\"Class\"; value=\"Win32_Shadowcopy\"\r\nCommandInvocation(ForEach-Object): \"ForEach-Object\"\r\nParameterBinding(ForEach-Object): name=\"Process\"; value=\"$_.Delete();\"\r\n"
  }
}