{
  "event_id": "4104",
  "provider": "Microsoft-Windows-MSDTC Client 2",
  "channel": "Application",
  "source_file": "D:\\visual code file\\Project_4\\Event-Analyzer\\test\\Benign\\Logs_Win11_2023\\Application.evtx",
  "event_record_id": 1466,
  "xml": "<?xml version=\"1.0\" encoding=\"utf-8\"?>\n<Event xmlns=\"http://schemas.microsoft.com/win/2004/08/events/event\">\n  <System>\n    <Provider Name=\"Microsoft-Windows-MSDTC Client 2\" Guid=\"{155CB334-3D7F-4ff1-B107-DF8AFC3C0363}\" EventSourceName=\"MSDTC Client 2\">\n    </Provider>\n    <EventID Qualifiers=\"16384\">4104</EventID>\n    <Version>0</Version>\n    <Level>2</Level>\n    <Task>14</Task>\n    <Opcode>0</Opcode>\n    <Keywords>0x80000000000000</Keywords>\n    <TimeCreated SystemTime=\"2023-11-05T22:27:41.546510Z\">\n    </TimeCreated>\n    <EventRecordID>1466</EventRecordID>\n    <Correlation>\n    </Correlation>\n    <Execution ProcessID=\"4608\" ThreadID=\"0\">\n    </Execution>\n    <Channel>Application</Channel>\n    <Computer>WinDev2310Eval</Computer>\n    <Security>\n    </Security>\n  </System>\n  <EventData>\n    <Data Name=\"param1\"></Data>\n    <Data Name=\"param2\">0x8007045B</Data>\n  </EventData>\n</Event>\n",
  "json": "{\"Event\":{\"#attributes\":{\"xmlns\":\"http://schemas.microsoft.com/win/2004/08/events/event\"},\"System\":{\"Provider\":{\"#attributes\":{\"Name\":\"Microsoft-Windows-MSDTC Client 2\",\"Guid\":\"{155CB334-3D7F-4ff1-B107-DF8AFC3C0363}\",\"EventSourceName\":\"MSDTC Client 2\"}},\"EventID\":{\"#attributes\":{\"Qualifiers\":16384},\"#text\":4104},\"Version\":0,\"Level\":2,\"Task\":14,\"Opcode\":0,\"Keywords\":\"0x80000000000000\",\"TimeCreated\":{\"#attributes\":{\"SystemTime\":\"2023-11-05T22:27:41.546510Z\"}},\"EventRecordID\":1466,\"Correlation\":null,\"Execution\":{\"#attributes\":{\"ProcessID\":4608,\"ThreadID\":0}},\"Channel\":\"Application\",\"Computer\":\"WinDev2310Eval\",\"Security\":null},\"EventData\":{\"param1\":\"\",\"param2\":\"0x8007045B\"}}}",
  "xml_fields": {
    "provider": "Microsoft-Windows-MSDTC Client 2",
    "event_id": "4104",
    "timestamp": "2023-11-05T22:27:41.546510Z",
    "event_record_id": "1466",
    "level": "2",
    "task": "14",
    "opcode": "0",
    "keywords": "0x80000000000000",
    "channel": "Application",
    "computer": "WinDev2310Eval",
    "param1": "",
    "param2": "0x8007045B"
  },
  "json_fields": {
    "provider": "Microsoft-Windows-MSDTC Client 2",
    "channel": "Application",
    "event_id": "4104",
    "timestamp": "2023-11-05T22:27:41.546510Z",
    "event_record_id": "1466",
    "level": "2",
    "task": "14",
    "opcode": "0",
    "keywords": "0x80000000000000",
    "computer": "WinDev2310Eval",
    "param1": "",
    "param2": "0x8007045B"
  }
}