{
  "event_id": "4104",
  "provider": "Microsoft-Windows-PowerShell",
  "channel": "Microsoft-Windows-PowerShell/Operational",
  "source_file": "D:\\visual code file\\Project_4\\Event-Analyzer\\test\\Malicious\\EVTX-to-MITRE-Attack-master\\TA0040-Impact\\T1490-Inhibit System Recovery\\ID800-4103-4104-Delete VSS backup (PowerShell).evtx",
  "event_record_id": 3,
  "xml": "<?xml version=\"1.0\" encoding=\"utf-8\"?>\n<Event xmlns=\"http://schemas.microsoft.com/win/2004/08/events/event\">\n  <System>\n    <Provider Name=\"Microsoft-Windows-PowerShell\" Guid=\"A0C1853B-5C40-4B15-8766-3CF1C58F985A\">\n    </Provider>\n    <EventID>4104</EventID>\n    <Version>1</Version>\n    <Level>5</Level>\n    <Task>102</Task>\n    <Opcode>15</Opcode>\n    <Keywords>0x0</Keywords>\n    <TimeCreated SystemTime=\"2021-12-19T15:13:49.010404Z\">\n    </TimeCreated>\n    <EventRecordID>153158</EventRecordID>\n    <Correlation ActivityID=\"7882B73A-E5EC-0000-C8AF-BF78ECE5D701\">\n    </Correlation>\n    <Execution ProcessID=\"2392\" ThreadID=\"3520\">\n    </Execution>\n    <Channel>Microsoft-Windows-PowerShell/Operational</Channel>\n    <Computer>FS03.offsec.lan</Computer>\n    <Security UserID=\"S-1-5-21-4230534742-2542757381-3142984815-1111\">\n    </Security>\n  </System>\n  <EventData>\n    <Data Name=\"MessageNumber\">1</Data>\n    <Data Name=\"MessageTotal\">1</Data>\n    <Data Name=\"ScriptBlockText\">Get-WmiObject Win32_Shadowcopy | ForEach-Object {$_.Delete();}</Data>\n    <Data Name=\"ScriptBlockId\">faaeba08-01f0-4a32-ba48-bd65b24afd28</Data>\n  </EventData>\n</Event>\n",
  "json": "{\"Event\":{\"#attributes\":{\"xmlns\":\"http://schemas.microsoft.com/win/2004/08/events/event\"},\"System\":{\"Provider\":{\"#attributes\":{\"Name\":\"Microsoft-Windows-PowerShell\",\"Guid\":\"A0C1853B-5C40-4B15-8766-3CF1C58F985A\"}},\"EventID\":4104,\"Version\":1,\"Level\":5,\"Task\":102,\"Opcode\":15,\"Keywords\":\"0x0\",\"TimeCreated\":{\"#attributes\":{\"SystemTime\":\"2021-12-19T15:13:49.010404Z\"}},\"EventRecordID\":153158,\"Correlation\":{\"#attributes\":{\"ActivityID\":\"7882B73A-E5EC-0000-C8AF-BF78ECE5D701\"}},\"Execution\":{\"#attributes\":{\"ProcessID\":2392,\"ThreadID\":3520}},\"Channel\":\"Microsoft-Windows-PowerShell/Operational\",\"Computer\":\"FS03.offsec.lan\",\"Security\":{\"#attributes\":{\"UserID\":\"S-1-5-21-4230534742-2542757381-3142984815-1111\"}}},\"EventData\":{\"MessageNumber\":1,\"MessageTotal\":1,\"ScriptBlockText\":\"Get-WmiObject Win32_Shadowcopy | ForEach-Object {$_.Delete();}\",\"ScriptBlockId\":\"faaeba08-01f0-4a32-ba48-bd65b24afd28\"}}}",
  "xml_fields": {
    "provider": "Microsoft-Windows-PowerShell",
    "event_id": "4104",
    "timestamp": "2021-12-19T15:13:49.010404Z",
    "event_record_id": "153158",
    "level": "5",
    "task": "102",
    "opcode": "15",
    "keywords": "0x0",
    "channel": "Microsoft-Windows-PowerShell/Operational",
    "computer": "FS03.offsec.lan",
    "MessageNumber": "1",
    "MessageTotal": "1",
    "ScriptBlockText": "Get-WmiObject Win32_Shadowcopy | ForEach-Object {$_.Delete();}",
    "ScriptBlockId": "faaeba08-01f0-4a32-ba48-bd65b24afd28"
  },
  "json_fields": {
    "provider": "Microsoft-Windows-PowerShell",
    "channel": "Microsoft-Windows-PowerShell/Operational",
    "event_id": "4104",
    "timestamp": "2021-12-19T15:13:49.010404Z",
    "event_record_id": "153158",
    "level": "5",
    "task": "102",
    "opcode": "15",
    "keywords": "0x0",
    "computer": "FS03.offsec.lan",
    "MessageNumber": "1",
    "MessageTotal": "1",
    "ScriptBlockText": "Get-WmiObject Win32_Shadowcopy | ForEach-Object {$_.Delete();}",
    "ScriptBlockId": "faaeba08-01f0-4a32-ba48-bd65b24afd28"
  }
}