{
  "event_id": "4106",
  "provider": "Microsoft-Windows-PowerShell",
  "channel": "Microsoft-Windows-PowerShell/Operational",
  "source_file": "D:\\visual code file\\Project_4\\Event-Analyzer\\test\\Benign\\Logs_Win11\\Microsoft-Windows-PowerShell%4Operational.evtx",
  "event_record_id": 7,
  "xml": "<?xml version=\"1.0\" encoding=\"utf-8\"?>\n<Event xmlns=\"http://schemas.microsoft.com/win/2004/08/events/event\">\n  <System>\n    <Provider Name=\"Microsoft-Windows-PowerShell\" Guid=\"A0C1853B-5C40-4B15-8766-3CF1C58F985A\">\n    </Provider>\n    <EventID>4106</EventID>\n    <Version>1</Version>\n    <Level>5</Level>\n    <Task>103</Task>\n    <Opcode>15</Opcode>\n    <Keywords>0x0</Keywords>\n    <TimeCreated SystemTime=\"2022-03-01T18:52:13.074561Z\">\n    </TimeCreated>\n    <EventRecordID>7</EventRecordID>\n    <Correlation ActivityID=\"7F58167F-2D8B-0006-7ABE-587F8B2DD801\">\n    </Correlation>\n    <Execution ProcessID=\"720\" ThreadID=\"9296\">\n    </Execution>\n    <Channel>Microsoft-Windows-PowerShell/Operational</Channel>\n    <Computer>DESKTOP-6D0DBMB</Computer>\n    <Security UserID=\"S-1-5-21-1671613982-9707084-2312793148-1001\">\n    </Security>\n  </System>\n  <EventData>\n    <Data Name=\"ScriptBlockId\">160bd4f0-4410-4ce4-8f2b-8b042972349c</Data>\n    <Data Name=\"RunspaceId\">05c1efa1-5a44-4880-8cae-6b31b0e0bd67</Data>\n  </EventData>\n</Event>\n",
  "json": "{\"Event\":{\"#attributes\":{\"xmlns\":\"http://schemas.microsoft.com/win/2004/08/events/event\"},\"System\":{\"Provider\":{\"#attributes\":{\"Name\":\"Microsoft-Windows-PowerShell\",\"Guid\":\"A0C1853B-5C40-4B15-8766-3CF1C58F985A\"}},\"EventID\":4106,\"Version\":1,\"Level\":5,\"Task\":103,\"Opcode\":15,\"Keywords\":\"0x0\",\"TimeCreated\":{\"#attributes\":{\"SystemTime\":\"2022-03-01T18:52:13.074561Z\"}},\"EventRecordID\":7,\"Correlation\":{\"#attributes\":{\"ActivityID\":\"7F58167F-2D8B-0006-7ABE-587F8B2DD801\"}},\"Execution\":{\"#attributes\":{\"ProcessID\":720,\"ThreadID\":9296}},\"Channel\":\"Microsoft-Windows-PowerShell/Operational\",\"Computer\":\"DESKTOP-6D0DBMB\",\"Security\":{\"#attributes\":{\"UserID\":\"S-1-5-21-1671613982-9707084-2312793148-1001\"}}},\"EventData\":{\"ScriptBlockId\":\"160bd4f0-4410-4ce4-8f2b-8b042972349c\",\"RunspaceId\":\"05c1efa1-5a44-4880-8cae-6b31b0e0bd67\"}}}",
  "xml_fields": {
    "provider": "Microsoft-Windows-PowerShell",
    "event_id": "4106",
    "timestamp": "2022-03-01T18:52:13.074561Z",
    "event_record_id": "7",
    "level": "5",
    "task": "103",
    "opcode": "15",
    "keywords": "0x0",
    "channel": "Microsoft-Windows-PowerShell/Operational",
    "computer": "DESKTOP-6D0DBMB",
    "ScriptBlockId": "160bd4f0-4410-4ce4-8f2b-8b042972349c",
    "RunspaceId": "05c1efa1-5a44-4880-8cae-6b31b0e0bd67"
  },
  "json_fields": {
    "provider": "Microsoft-Windows-PowerShell",
    "channel": "Microsoft-Windows-PowerShell/Operational",
    "event_id": "4106",
    "timestamp": "2022-03-01T18:52:13.074561Z",
    "event_record_id": "7",
    "level": "5",
    "task": "103",
    "opcode": "15",
    "keywords": "0x0",
    "computer": "DESKTOP-6D0DBMB",
    "ScriptBlockId": "160bd4f0-4410-4ce4-8f2b-8b042972349c",
    "RunspaceId": "05c1efa1-5a44-4880-8cae-6b31b0e0bd67"
  }
}