{
  "event_id": "410",
  "provider": "Microsoft-Windows-Kernel-PnP",
  "channel": "Microsoft-Windows-Kernel-PnP/Configuration",
  "source_file": "D:\\visual code file\\Project_4\\Event-Analyzer\\test\\Logs\\Microsoft-Windows-Kernel-PnP%4Configuration.evtx",
  "event_record_id": 2,
  "xml": "<?xml version=\"1.0\" encoding=\"utf-8\"?>\n<Event xmlns=\"http://schemas.microsoft.com/win/2004/08/events/event\">\n  <System>\n    <Provider Name=\"Microsoft-Windows-Kernel-PnP\" Guid=\"9C205A39-1250-487D-ABD7-E831C6290539\">\n    </Provider>\n    <EventID>410</EventID>\n    <Version>0</Version>\n    <Level>4</Level>\n    <Task>0</Task>\n    <Opcode>0</Opcode>\n    <Keywords>0x4000000000000000</Keywords>\n    <TimeCreated SystemTime=\"2024-11-05T01:32:56.571450Z\">\n    </TimeCreated>\n    <EventRecordID>2</EventRecordID>\n    <Correlation>\n    </Correlation>\n    <Execution ProcessID=\"4\" ThreadID=\"8\">\n    </Execution>\n    <Channel>Microsoft-Windows-Kernel-PnP/Configuration</Channel>\n    <Computer>WIN-5LCFHVCO531</Computer>\n    <Security UserID=\"S-1-5-18\">\n    </Security>\n  </System>\n  <EventData>\n    <Data Name=\"DeviceInstanceId\">ROOT\\ACPI_HAL\\0000</Data>\n    <Data Name=\"DriverName\">hal.inf</Data>\n    <Data Name=\"ClassGuid\">4D36E966-E325-11CE-BFC1-08002BE10318</Data>\n    <Data Name=\"ServiceName\">\\Driver\\ACPI_HAL</Data>\n    <Data Name=\"LowerFilters\"></Data>\n    <Data Name=\"UpperFilters\"></Data>\n    <Data Name=\"Problem\">0x0</Data>\n    <Data Name=\"Status\">0x0</Data>\n  </EventData>\n</Event>\n",
  "json": "{\"Event\":{\"#attributes\":{\"xmlns\":\"http://schemas.microsoft.com/win/2004/08/events/event\"},\"System\":{\"Provider\":{\"#attributes\":{\"Name\":\"Microsoft-Windows-Kernel-PnP\",\"Guid\":\"9C205A39-1250-487D-ABD7-E831C6290539\"}},\"EventID\":410,\"Version\":0,\"Level\":4,\"Task\":0,\"Opcode\":0,\"Keywords\":\"0x4000000000000000\",\"TimeCreated\":{\"#attributes\":{\"SystemTime\":\"2024-11-05T01:32:56.571450Z\"}},\"EventRecordID\":2,\"Correlation\":null,\"Execution\":{\"#attributes\":{\"ProcessID\":4,\"ThreadID\":8}},\"Channel\":\"Microsoft-Windows-Kernel-PnP/Configuration\",\"Computer\":\"WIN-5LCFHVCO531\",\"Security\":{\"#attributes\":{\"UserID\":\"S-1-5-18\"}}},\"EventData\":{\"DeviceInstanceId\":\"ROOT\\\\ACPI_HAL\\\\0000\",\"DriverName\":\"hal.inf\",\"ClassGuid\":\"4D36E966-E325-11CE-BFC1-08002BE10318\",\"ServiceName\":\"\\\\Driver\\\\ACPI_HAL\",\"LowerFilters\":\"\",\"UpperFilters\":\"\",\"Problem\":\"0x0\",\"Status\":\"0x0\"}}}",
  "xml_fields": {
    "provider": "Microsoft-Windows-Kernel-PnP",
    "event_id": "410",
    "timestamp": "2024-11-05T01:32:56.571450Z",
    "event_record_id": "2",
    "level": "4",
    "task": "0",
    "opcode": "0",
    "keywords": "0x4000000000000000",
    "channel": "Microsoft-Windows-Kernel-PnP/Configuration",
    "computer": "WIN-5LCFHVCO531",
    "DeviceInstanceId": "ROOT\\ACPI_HAL\\0000",
    "DriverName": "hal.inf",
    "ClassGuid": "4D36E966-E325-11CE-BFC1-08002BE10318",
    "ServiceName": "\\Driver\\ACPI_HAL",
    "LowerFilters": "",
    "UpperFilters": "",
    "Problem": "0x0",
    "Status": "0x0"
  },
  "json_fields": {
    "provider": "Microsoft-Windows-Kernel-PnP",
    "channel": "Microsoft-Windows-Kernel-PnP/Configuration",
    "event_id": "410",
    "timestamp": "2024-11-05T01:32:56.571450Z",
    "event_record_id": "2",
    "level": "4",
    "task": "0",
    "opcode": "0",
    "keywords": "0x4000000000000000",
    "computer": "WIN-5LCFHVCO531",
    "DeviceInstanceId": "ROOT\\ACPI_HAL\\0000",
    "DriverName": "hal.inf",
    "ClassGuid": "4D36E966-E325-11CE-BFC1-08002BE10318",
    "ServiceName": "\\Driver\\ACPI_HAL",
    "LowerFilters": "",
    "UpperFilters": "",
    "Problem": "0x0",
    "Status": "0x0"
  }
}