{
  "event_id": "4111",
  "provider": "Microsoft-Windows-MSDTC",
  "channel": "Application",
  "source_file": "D:\\visual code file\\Project_4\\Event-Analyzer\\test\\Logs\\Application.evtx",
  "event_record_id": 196,
  "xml": "<?xml version=\"1.0\" encoding=\"utf-8\"?>\n<Event xmlns=\"http://schemas.microsoft.com/win/2004/08/events/event\">\n  <System>\n    <Provider Name=\"Microsoft-Windows-MSDTC\" Guid=\"{719BE4ED-E9BC-4DD8-A7CF-C85CE8E4975D}\" EventSourceName=\"MSDTC\">\n    </Provider>\n    <EventID Qualifiers=\"16384\">4111</EventID>\n    <Version>0</Version>\n    <Level>4</Level>\n    <Task>1</Task>\n    <Opcode>0</Opcode>\n    <Keywords>0x80000000000000</Keywords>\n    <TimeCreated SystemTime=\"2024-11-04T13:15:02.931804Z\">\n    </TimeCreated>\n    <EventRecordID>196</EventRecordID>\n    <Correlation>\n    </Correlation>\n    <Execution ProcessID=\"0\" ThreadID=\"0\">\n    </Execution>\n    <Channel>Application</Channel>\n    <Computer>DESKTOP-P9H5FTA</Computer>\n    <Security>\n    </Security>\n  </System>\n  <EventData>\n    <Binary>4D005300440054004300</Binary>\n  </EventData>\n</Event>\n",
  "json": "{\"Event\":{\"#attributes\":{\"xmlns\":\"http://schemas.microsoft.com/win/2004/08/events/event\"},\"System\":{\"Provider\":{\"#attributes\":{\"Name\":\"Microsoft-Windows-MSDTC\",\"Guid\":\"{719BE4ED-E9BC-4DD8-A7CF-C85CE8E4975D}\",\"EventSourceName\":\"MSDTC\"}},\"EventID\":{\"#attributes\":{\"Qualifiers\":16384},\"#text\":4111},\"Version\":0,\"Level\":4,\"Task\":1,\"Opcode\":0,\"Keywords\":\"0x80000000000000\",\"TimeCreated\":{\"#attributes\":{\"SystemTime\":\"2024-11-04T13:15:02.931804Z\"}},\"EventRecordID\":196,\"Correlation\":null,\"Execution\":{\"#attributes\":{\"ProcessID\":0,\"ThreadID\":0}},\"Channel\":\"Application\",\"Computer\":\"DESKTOP-P9H5FTA\",\"Security\":null},\"EventData\":{\"Binary\":\"4D005300440054004300\"}}}",
  "xml_fields": {
    "provider": "Microsoft-Windows-MSDTC",
    "event_id": "4111",
    "timestamp": "2024-11-04T13:15:02.931804Z",
    "event_record_id": "196",
    "level": "4",
    "task": "1",
    "opcode": "0",
    "keywords": "0x80000000000000",
    "channel": "Application",
    "computer": "DESKTOP-P9H5FTA",
    "Binary": "4D005300440054004300"
  },
  "json_fields": {
    "provider": "Microsoft-Windows-MSDTC",
    "channel": "Application",
    "event_id": "4111",
    "timestamp": "2024-11-04T13:15:02.931804Z",
    "event_record_id": "196",
    "level": "4",
    "task": "1",
    "opcode": "0",
    "keywords": "0x80000000000000",
    "computer": "DESKTOP-P9H5FTA",
    "Binary": "4D005300440054004300"
  }
}