{
  "event_id": "411",
  "provider": "Microsoft-Windows-Kernel-PnP",
  "channel": "Microsoft-Windows-Kernel-PnP/Configuration",
  "source_file": "D:\\visual code file\\Project_4\\Event-Analyzer\\test\\Benign\\Logs_Win11_2023\\Microsoft-Windows-Kernel-PnP%4Configuration.evtx",
  "event_record_id": 155,
  "xml": "<?xml version=\"1.0\" encoding=\"utf-8\"?>\n<Event xmlns=\"http://schemas.microsoft.com/win/2004/08/events/event\">\n  <System>\n    <Provider Name=\"Microsoft-Windows-Kernel-PnP\" Guid=\"9C205A39-1250-487D-ABD7-E831C6290539\">\n    </Provider>\n    <EventID>411</EventID>\n    <Version>0</Version>\n    <Level>2</Level>\n    <Task>0</Task>\n    <Opcode>0</Opcode>\n    <Keywords>0x4000000000000000</Keywords>\n    <TimeCreated SystemTime=\"2023-10-26T04:16:49.239632Z\">\n    </TimeCreated>\n    <EventRecordID>155</EventRecordID>\n    <Correlation>\n    </Correlation>\n    <Execution ProcessID=\"4\" ThreadID=\"96\">\n    </Execution>\n    <Channel>Microsoft-Windows-Kernel-PnP/Configuration</Channel>\n    <Computer>WIN-OQ6R0RVA4NF</Computer>\n    <Security UserID=\"S-1-5-18\">\n    </Security>\n  </System>\n  <EventData>\n    <Data Name=\"DeviceInstanceId\">ROOT\\KDNIC\\0000</Data>\n    <Data Name=\"DriverName\">kdnic.inf</Data>\n    <Data Name=\"ClassGuid\">4D36E972-E325-11CE-BFC1-08002BE10318</Data>\n    <Data Name=\"ServiceName\">kdnic</Data>\n    <Data Name=\"LowerFilters\"></Data>\n    <Data Name=\"UpperFilters\"></Data>\n    <Data Name=\"Problem\">0x0</Data>\n    <Data Name=\"Status\">0xc00000e5</Data>\n  </EventData>\n</Event>\n",
  "json": "{\"Event\":{\"#attributes\":{\"xmlns\":\"http://schemas.microsoft.com/win/2004/08/events/event\"},\"System\":{\"Provider\":{\"#attributes\":{\"Name\":\"Microsoft-Windows-Kernel-PnP\",\"Guid\":\"9C205A39-1250-487D-ABD7-E831C6290539\"}},\"EventID\":411,\"Version\":0,\"Level\":2,\"Task\":0,\"Opcode\":0,\"Keywords\":\"0x4000000000000000\",\"TimeCreated\":{\"#attributes\":{\"SystemTime\":\"2023-10-26T04:16:49.239632Z\"}},\"EventRecordID\":155,\"Correlation\":null,\"Execution\":{\"#attributes\":{\"ProcessID\":4,\"ThreadID\":96}},\"Channel\":\"Microsoft-Windows-Kernel-PnP/Configuration\",\"Computer\":\"WIN-OQ6R0RVA4NF\",\"Security\":{\"#attributes\":{\"UserID\":\"S-1-5-18\"}}},\"EventData\":{\"DeviceInstanceId\":\"ROOT\\\\KDNIC\\\\0000\",\"DriverName\":\"kdnic.inf\",\"ClassGuid\":\"4D36E972-E325-11CE-BFC1-08002BE10318\",\"ServiceName\":\"kdnic\",\"LowerFilters\":\"\",\"UpperFilters\":\"\",\"Problem\":\"0x0\",\"Status\":\"0xc00000e5\"}}}",
  "xml_fields": {
    "provider": "Microsoft-Windows-Kernel-PnP",
    "event_id": "411",
    "timestamp": "2023-10-26T04:16:49.239632Z",
    "event_record_id": "155",
    "level": "2",
    "task": "0",
    "opcode": "0",
    "keywords": "0x4000000000000000",
    "channel": "Microsoft-Windows-Kernel-PnP/Configuration",
    "computer": "WIN-OQ6R0RVA4NF",
    "DeviceInstanceId": "ROOT\\KDNIC\\0000",
    "DriverName": "kdnic.inf",
    "ClassGuid": "4D36E972-E325-11CE-BFC1-08002BE10318",
    "ServiceName": "kdnic",
    "LowerFilters": "",
    "UpperFilters": "",
    "Problem": "0x0",
    "Status": "0xc00000e5"
  },
  "json_fields": {
    "provider": "Microsoft-Windows-Kernel-PnP",
    "channel": "Microsoft-Windows-Kernel-PnP/Configuration",
    "event_id": "411",
    "timestamp": "2023-10-26T04:16:49.239632Z",
    "event_record_id": "155",
    "level": "2",
    "task": "0",
    "opcode": "0",
    "keywords": "0x4000000000000000",
    "computer": "WIN-OQ6R0RVA4NF",
    "DeviceInstanceId": "ROOT\\KDNIC\\0000",
    "DriverName": "kdnic.inf",
    "ClassGuid": "4D36E972-E325-11CE-BFC1-08002BE10318",
    "ServiceName": "kdnic",
    "LowerFilters": "",
    "UpperFilters": "",
    "Problem": "0x0",
    "Status": "0xc00000e5"
  }
}