{
  "event_id": "4121",
  "provider": "Microsoft-Windows-Search",
  "channel": "Application",
  "source_file": "D:\\visual code file\\Project_4\\Event-Analyzer\\test\\Benign\\win7-x86\\Application.evtx",
  "event_record_id": 492,
  "xml": "<?xml version=\"1.0\" encoding=\"utf-8\"?>\n<Event xmlns=\"http://schemas.microsoft.com/win/2004/08/events/event\">\n  <System>\n    <Provider Name=\"Microsoft-Windows-Search\" Guid=\"{CA4E628D-8567-4896-AB6B-835B221F373F}\" EventSourceName=\"Windows Search Service\">\n    </Provider>\n    <EventID Qualifiers=\"16384\">4121</EventID>\n    <Version>0</Version>\n    <Level>4</Level>\n    <Task>1</Task>\n    <Opcode>0</Opcode>\n    <Keywords>0x80000000000000</Keywords>\n    <TimeCreated SystemTime=\"2022-04-04T11:48:50.000000Z\">\n    </TimeCreated>\n    <EventRecordID>492</EventRecordID>\n    <Correlation>\n    </Correlation>\n    <Execution ProcessID=\"0\" ThreadID=\"0\">\n    </Execution>\n    <Channel>Application</Channel>\n    <Computer>evtx-PC</Computer>\n    <Security>\n    </Security>\n  </System>\n  <EventData>\n    <Data Name=\"ExtraInfo\">\n</Data>\n    <Data Name=\"CatalogName\">SystemIndex</Data>\n  </EventData>\n</Event>\n",
  "json": "{\"Event\":{\"#attributes\":{\"xmlns\":\"http://schemas.microsoft.com/win/2004/08/events/event\"},\"System\":{\"Provider\":{\"#attributes\":{\"Name\":\"Microsoft-Windows-Search\",\"Guid\":\"{CA4E628D-8567-4896-AB6B-835B221F373F}\",\"EventSourceName\":\"Windows Search Service\"}},\"EventID\":{\"#attributes\":{\"Qualifiers\":16384},\"#text\":4121},\"Version\":0,\"Level\":4,\"Task\":1,\"Opcode\":0,\"Keywords\":\"0x80000000000000\",\"TimeCreated\":{\"#attributes\":{\"SystemTime\":\"2022-04-04T11:48:50.000000Z\"}},\"EventRecordID\":492,\"Correlation\":null,\"Execution\":{\"#attributes\":{\"ProcessID\":0,\"ThreadID\":0}},\"Channel\":\"Application\",\"Computer\":\"evtx-PC\",\"Security\":null},\"EventData\":{\"ExtraInfo\":\"\\n\",\"CatalogName\":\"SystemIndex\"}}}",
  "xml_fields": {
    "provider": "Microsoft-Windows-Search",
    "event_id": "4121",
    "timestamp": "2022-04-04T11:48:50.000000Z",
    "event_record_id": "492",
    "level": "4",
    "task": "1",
    "opcode": "0",
    "keywords": "0x80000000000000",
    "channel": "Application",
    "computer": "evtx-PC",
    "ExtraInfo": "\n",
    "CatalogName": "SystemIndex"
  },
  "json_fields": {
    "provider": "Microsoft-Windows-Search",
    "channel": "Application",
    "event_id": "4121",
    "timestamp": "2022-04-04T11:48:50.000000Z",
    "event_record_id": "492",
    "level": "4",
    "task": "1",
    "opcode": "0",
    "keywords": "0x80000000000000",
    "computer": "evtx-PC",
    "ExtraInfo": "\n",
    "CatalogName": "SystemIndex"
  }
}