{
  "event_id": "4122",
  "provider": "Microsoft-Windows-BitLocker-API",
  "channel": "Microsoft-Windows-BitLocker/BitLocker Management",
  "source_file": "D:\\visual code file\\Project_4\\Event-Analyzer\\test\\Logs\\Microsoft-Windows-BitLocker%4BitLocker Management.evtx",
  "event_record_id": 1,
  "xml": "<?xml version=\"1.0\" encoding=\"utf-8\"?>\n<Event xmlns=\"http://schemas.microsoft.com/win/2004/08/events/event\">\n  <System>\n    <Provider Name=\"Microsoft-Windows-BitLocker-API\" Guid=\"5D674230-CA9F-11DA-A94D-0800200C9A66\">\n    </Provider>\n    <EventID>4122</EventID>\n    <Version>0</Version>\n    <Level>4</Level>\n    <Task>0</Task>\n    <Opcode>0</Opcode>\n    <Keywords>0x4000000000000000</Keywords>\n    <TimeCreated SystemTime=\"2024-11-04T12:35:01.381988Z\">\n    </TimeCreated>\n    <EventRecordID>1</EventRecordID>\n    <Correlation>\n    </Correlation>\n    <Execution ProcessID=\"644\" ThreadID=\"2372\">\n    </Execution>\n    <Channel>Microsoft-Windows-BitLocker/BitLocker Management</Channel>\n    <Computer>DESKTOP-P9H5FTA</Computer>\n    <Security UserID=\"S-1-5-18\">\n    </Security>\n  </System>\n  <EventData>\n    <Data Name=\"LocalizedText\">\r\nISA Bridge:\r\n\tPCI\\VEN_8086&amp;DEV_7110 (PCI to ISA Bridge)\r\n\r\nPCI-to-PCI Bridge:\r\n\tPCI\\VEN_15AD&amp;DEV_0790 (PCI-to-PCI Bridge)\r\n\tPCI\\VEN_15AD&amp;DEV_07A0 (PCI Express Root Port)\r\n\tPCI\\VEN_15AD&amp;DEV_07A0 (PCI Express Root Port)\r\n\tPCI\\VEN_15AD&amp;DEV_07A0 (PCI Express Root Port)\r\n\tPCI\\VEN_15AD&amp;DEV_07A0 (PCI Express Root Port)\r\n\tPCI\\VEN_15AD&amp;DEV_07A0 (PCI Express Root Port)\r\n\tPCI\\VEN_15AD&amp;DEV_07A0 (PCI Express Root Port)\r\n\tPCI\\VEN_15AD&amp;DEV_07A0 (PCI Express Root Port)\r\n\tPCI\\VEN_15AD&amp;DEV_07A0 (PCI Express Root Port)\r\n\tPCI\\VEN_15AD&amp;DEV_07A0 (PCI Express Root Port)\r\n\tPCI\\VEN_15AD&amp;DEV_07A0 (PCI Express Root Port)\r\n\tPCI\\VEN_15AD&amp;DEV_07A0 (PCI Express Root Port)\r\n\tPCI\\VEN_15AD&amp;DEV_07A0 (PCI Express Root Port)\r\n\tPCI\\VEN_15AD&amp;DEV_07A0 (PCI Express Root Port)\r\n\tPCI\\VEN_15AD&amp;DEV_07A0 (PCI Express Root Port)\r\n\tPCI\\VEN_15AD&amp;DEV_07A0 (PCI Express Root Port)\r\n\tPCI\\VEN_15AD&amp;DEV_07A0 (PCI Express Root Port)\r\n\tPCI\\VEN_15AD&amp;DEV_07A0 (PCI Express Root Port)\r\n\tPCI\\VEN_15AD&amp;DEV_07A0 (PCI Express Root Port)\r\n\tPCI\\VEN_15AD&amp;DEV_07A0 (PCI Express Root Port)\r\n\tPCI\\VEN_15AD&amp;DEV_07A0 (PCI Express Root Port)\r\n\tPCI\\VEN_15AD&amp;DEV_07A0 (PCI Express Root Port)\r\n\tPCI\\VEN_15AD&amp;DEV_07A0 (PCI Express Root Port)\r\n\tPCI\\VEN_15AD&amp;DEV_07A0 (PCI Express Root Port)\r\n\tPCI\\VEN_15AD&amp;DEV_07A0 (PCI Express Root Port)\r\n\tPCI\\VEN_15AD&amp;DEV_07A0 (PCI Express Root Port)\r\n\tPCI\\VEN_15AD&amp;DEV_07A0 (PCI Express Root Port)\r\n\tPCI\\VEN_15AD&amp;DEV_07A0 (PCI Express Root Port)\r\n\tPCI\\VEN_15AD&amp;DEV_07A0 (PCI Express Root Port)\r\n\tPCI\\VEN_15AD&amp;DEV_07A0 (PCI Express Root Port)\r\n\tPCI\\VEN_15AD&amp;DEV_07A0 (PCI Express Root Port)\r\n\tPCI\\VEN_15AD&amp;DEV_07A0 (PCI Express Root Port)\r\n\tPCI\\VEN_15AD&amp;DEV_07A0 (PCI Express Root Port)\r\n\tPCI\\VEN_8086&amp;DEV_7191 (PCI-to-PCI Bridge)\r\n</Data>\n  </EventData>\n</Event>\n",
  "json": "{\"Event\":{\"#attributes\":{\"xmlns\":\"http://schemas.microsoft.com/win/2004/08/events/event\"},\"System\":{\"Provider\":{\"#attributes\":{\"Name\":\"Microsoft-Windows-BitLocker-API\",\"Guid\":\"5D674230-CA9F-11DA-A94D-0800200C9A66\"}},\"EventID\":4122,\"Version\":0,\"Level\":4,\"Task\":0,\"Opcode\":0,\"Keywords\":\"0x4000000000000000\",\"TimeCreated\":{\"#attributes\":{\"SystemTime\":\"2024-11-04T12:35:01.381988Z\"}},\"EventRecordID\":1,\"Correlation\":null,\"Execution\":{\"#attributes\":{\"ProcessID\":644,\"ThreadID\":2372}},\"Channel\":\"Microsoft-Windows-BitLocker/BitLocker Management\",\"Computer\":\"DESKTOP-P9H5FTA\",\"Security\":{\"#attributes\":{\"UserID\":\"S-1-5-18\"}}},\"EventData\":{\"LocalizedText\":\"\\r\\nISA Bridge:\\r\\n\\tPCI\\\\VEN_8086&DEV_7110 (PCI to ISA Bridge)\\r\\n\\r\\nPCI-to-PCI Bridge:\\r\\n\\tPCI\\\\VEN_15AD&DEV_0790 (PCI-to-PCI Bridge)\\r\\n\\tPCI\\\\VEN_15AD&DEV_07A0 (PCI Express Root Port)\\r\\n\\tPCI\\\\VEN_15AD&DEV_07A0 (PCI Express Root Port)\\r\\n\\tPCI\\\\VEN_15AD&DEV_07A0 (PCI Express Root Port)\\r\\n\\tPCI\\\\VEN_15AD&DEV_07A0 (PCI Express Root Port)\\r\\n\\tPCI\\\\VEN_15AD&DEV_07A0 (PCI Express Root Port)\\r\\n\\tPCI\\\\VEN_15AD&DEV_07A0 (PCI Express Root Port)\\r\\n\\tPCI\\\\VEN_15AD&DEV_07A0 (PCI Express Root Port)\\r\\n\\tPCI\\\\VEN_15AD&DEV_07A0 (PCI Express Root Port)\\r\\n\\tPCI\\\\VEN_15AD&DEV_07A0 (PCI Express Root Port)\\r\\n\\tPCI\\\\VEN_15AD&DEV_07A0 (PCI Express Root Port)\\r\\n\\tPCI\\\\VEN_15AD&DEV_07A0 (PCI Express Root Port)\\r\\n\\tPCI\\\\VEN_15AD&DEV_07A0 (PCI Express Root Port)\\r\\n\\tPCI\\\\VEN_15AD&DEV_07A0 (PCI Express Root Port)\\r\\n\\tPCI\\\\VEN_15AD&DEV_07A0 (PCI Express Root Port)\\r\\n\\tPCI\\\\VEN_15AD&DEV_07A0 (PCI Express Root Port)\\r\\n\\tPCI\\\\VEN_15AD&DEV_07A0 (PCI Express Root Port)\\r\\n\\tPCI\\\\VEN_15AD&DEV_07A0 (PCI Express Root Port)\\r\\n\\tPCI\\\\VEN_15AD&DEV_07A0 (PCI Express Root Port)\\r\\n\\tPCI\\\\VEN_15AD&DEV_07A0 (PCI Express Root Port)\\r\\n\\tPCI\\\\VEN_15AD&DEV_07A0 (PCI Express Root Port)\\r\\n\\tPCI\\\\VEN_15AD&DEV_07A0 (PCI Express Root Port)\\r\\n\\tPCI\\\\VEN_15AD&DEV_07A0 (PCI Express Root Port)\\r\\n\\tPCI\\\\VEN_15AD&DEV_07A0 (PCI Express Root Port)\\r\\n\\tPCI\\\\VEN_15AD&DEV_07A0 (PCI Express Root Port)\\r\\n\\tPCI\\\\VEN_15AD&DEV_07A0 (PCI Express Root Port)\\r\\n\\tPCI\\\\VEN_15AD&DEV_07A0 (PCI Express Root Port)\\r\\n\\tPCI\\\\VEN_15AD&DEV_07A0 (PCI Express Root Port)\\r\\n\\tPCI\\\\VEN_15AD&DEV_07A0 (PCI Express Root Port)\\r\\n\\tPCI\\\\VEN_15AD&DEV_07A0 (PCI Express Root Port)\\r\\n\\tPCI\\\\VEN_15AD&DEV_07A0 (PCI Express Root Port)\\r\\n\\tPCI\\\\VEN_15AD&DEV_07A0 (PCI Express Root Port)\\r\\n\\tPCI\\\\VEN_15AD&DEV_07A0 (PCI Express Root Port)\\r\\n\\tPCI\\\\VEN_8086&DEV_7191 (PCI-to-PCI Bridge)\\r\\n\"}}}",
  "xml_fields": {
    "provider": "Microsoft-Windows-BitLocker-API",
    "event_id": "4122",
    "timestamp": "2024-11-04T12:35:01.381988Z",
    "event_record_id": "1",
    "level": "4",
    "task": "0",
    "opcode": "0",
    "keywords": "0x4000000000000000",
    "channel": "Microsoft-Windows-BitLocker/BitLocker Management",
    "computer": "DESKTOP-P9H5FTA",
    "LocalizedText": "\nISA Bridge:\n\tPCI\\VEN_8086&DEV_7110 (PCI to ISA Bridge)\n\nPCI-to-PCI Bridge:\n\tPCI\\VEN_15AD&DEV_0790 (PCI-to-PCI Bridge)\n\tPCI\\VEN_15AD&DEV_07A0 (PCI Express Root Port)\n\tPCI\\VEN_15AD&DEV_07A0 (PCI Express Root Port)\n\tPCI\\VEN_15AD&DEV_07A0 (PCI Express Root Port)\n\tPCI\\VEN_15AD&DEV_07A0 (PCI Express Root Port)\n\tPCI\\VEN_15AD&DEV_07A0 (PCI Express Root Port)\n\tPCI\\VEN_15AD&DEV_07A0 (PCI Express Root Port)\n\tPCI\\VEN_15AD&DEV_07A0 (PCI Express Root Port)\n\tPCI\\VEN_15AD&DEV_07A0 (PCI Express Root Port)\n\tPCI\\VEN_15AD&DEV_07A0 (PCI Express Root Port)\n\tPCI\\VEN_15AD&DEV_07A0 (PCI Express Root Port)\n\tPCI\\VEN_15AD&DEV_07A0 (PCI Express Root Port)\n\tPCI\\VEN_15AD&DEV_07A0 (PCI Express Root Port)\n\tPCI\\VEN_15AD&DEV_07A0 (PCI Express Root Port)\n\tPCI\\VEN_15AD&DEV_07A0 (PCI Express Root Port)\n\tPCI\\VEN_15AD&DEV_07A0 (PCI Express Root Port)\n\tPCI\\VEN_15AD&DEV_07A0 (PCI Express Root Port)\n\tPCI\\VEN_15AD&DEV_07A0 (PCI Express Root Port)\n\tPCI\\VEN_15AD&DEV_07A0 (PCI Express Root Port)\n\tPCI\\VEN_15AD&DEV_07A0 (PCI Express Root Port)\n\tPCI\\VEN_15AD&DEV_07A0 (PCI Express Root Port)\n\tPCI\\VEN_15AD&DEV_07A0 (PCI Express Root Port)\n\tPCI\\VEN_15AD&DEV_07A0 (PCI Express Root Port)\n\tPCI\\VEN_15AD&DEV_07A0 (PCI Express Root Port)\n\tPCI\\VEN_15AD&DEV_07A0 (PCI Express Root Port)\n\tPCI\\VEN_15AD&DEV_07A0 (PCI Express Root Port)\n\tPCI\\VEN_15AD&DEV_07A0 (PCI Express Root Port)\n\tPCI\\VEN_15AD&DEV_07A0 (PCI Express Root Port)\n\tPCI\\VEN_15AD&DEV_07A0 (PCI Express Root Port)\n\tPCI\\VEN_15AD&DEV_07A0 (PCI Express Root Port)\n\tPCI\\VEN_15AD&DEV_07A0 (PCI Express Root Port)\n\tPCI\\VEN_15AD&DEV_07A0 (PCI Express Root Port)\n\tPCI\\VEN_15AD&DEV_07A0 (PCI Express Root Port)\n\tPCI\\VEN_8086&DEV_7191 (PCI-to-PCI Bridge)\n"
  },
  "json_fields": {
    "provider": "Microsoft-Windows-BitLocker-API",
    "channel": "Microsoft-Windows-BitLocker/BitLocker Management",
    "event_id": "4122",
    "timestamp": "2024-11-04T12:35:01.381988Z",
    "event_record_id": "1",
    "level": "4",
    "task": "0",
    "opcode": "0",
    "keywords": "0x4000000000000000",
    "computer": "DESKTOP-P9H5FTA",
    "LocalizedText": "\r\nISA Bridge:\r\n\tPCI\\VEN_8086&DEV_7110 (PCI to ISA Bridge)\r\n\r\nPCI-to-PCI Bridge:\r\n\tPCI\\VEN_15AD&DEV_0790 (PCI-to-PCI Bridge)\r\n\tPCI\\VEN_15AD&DEV_07A0 (PCI Express Root Port)\r\n\tPCI\\VEN_15AD&DEV_07A0 (PCI Express Root Port)\r\n\tPCI\\VEN_15AD&DEV_07A0 (PCI Express Root Port)\r\n\tPCI\\VEN_15AD&DEV_07A0 (PCI Express Root Port)\r\n\tPCI\\VEN_15AD&DEV_07A0 (PCI Express Root Port)\r\n\tPCI\\VEN_15AD&DEV_07A0 (PCI Express Root Port)\r\n\tPCI\\VEN_15AD&DEV_07A0 (PCI Express Root Port)\r\n\tPCI\\VEN_15AD&DEV_07A0 (PCI Express Root Port)\r\n\tPCI\\VEN_15AD&DEV_07A0 (PCI Express Root Port)\r\n\tPCI\\VEN_15AD&DEV_07A0 (PCI Express Root Port)\r\n\tPCI\\VEN_15AD&DEV_07A0 (PCI Express Root Port)\r\n\tPCI\\VEN_15AD&DEV_07A0 (PCI Express Root Port)\r\n\tPCI\\VEN_15AD&DEV_07A0 (PCI Express Root Port)\r\n\tPCI\\VEN_15AD&DEV_07A0 (PCI Express Root Port)\r\n\tPCI\\VEN_15AD&DEV_07A0 (PCI Express Root Port)\r\n\tPCI\\VEN_15AD&DEV_07A0 (PCI Express Root Port)\r\n\tPCI\\VEN_15AD&DEV_07A0 (PCI Express Root Port)\r\n\tPCI\\VEN_15AD&DEV_07A0 (PCI Express Root Port)\r\n\tPCI\\VEN_15AD&DEV_07A0 (PCI Express Root Port)\r\n\tPCI\\VEN_15AD&DEV_07A0 (PCI Express Root Port)\r\n\tPCI\\VEN_15AD&DEV_07A0 (PCI Express Root Port)\r\n\tPCI\\VEN_15AD&DEV_07A0 (PCI Express Root Port)\r\n\tPCI\\VEN_15AD&DEV_07A0 (PCI Express Root Port)\r\n\tPCI\\VEN_15AD&DEV_07A0 (PCI Express Root Port)\r\n\tPCI\\VEN_15AD&DEV_07A0 (PCI Express Root Port)\r\n\tPCI\\VEN_15AD&DEV_07A0 (PCI Express Root Port)\r\n\tPCI\\VEN_15AD&DEV_07A0 (PCI Express Root Port)\r\n\tPCI\\VEN_15AD&DEV_07A0 (PCI Express Root Port)\r\n\tPCI\\VEN_15AD&DEV_07A0 (PCI Express Root Port)\r\n\tPCI\\VEN_15AD&DEV_07A0 (PCI Express Root Port)\r\n\tPCI\\VEN_15AD&DEV_07A0 (PCI Express Root Port)\r\n\tPCI\\VEN_15AD&DEV_07A0 (PCI Express Root Port)\r\n\tPCI\\VEN_8086&DEV_7191 (PCI-to-PCI Bridge)\r\n"
  }
}