{
  "event_id": "41",
  "provider": "Microsoft-Windows-AppModel-Runtime",
  "channel": "Microsoft-Windows-AppModel-Runtime/Admin",
  "source_file": "D:\\visual code file\\Project_4\\Event-Analyzer\\test\\Logs\\Microsoft-Windows-AppModel-Runtime%4Admin.evtx",
  "event_record_id": 319,
  "xml": "<?xml version=\"1.0\" encoding=\"utf-8\"?>\n<Event xmlns=\"http://schemas.microsoft.com/win/2004/08/events/event\">\n  <System>\n    <Provider Name=\"Microsoft-Windows-AppModel-Runtime\" Guid=\"F1EF270A-0D32-4352-BA52-DBAB41E1D859\">\n    </Provider>\n    <EventID>41</EventID>\n    <Version>0</Version>\n    <Level>4</Level>\n    <Task>0</Task>\n    <Opcode>0</Opcode>\n    <Keywords>0x2000000000000002</Keywords>\n    <TimeCreated SystemTime=\"2024-11-04T13:03:50.699729Z\">\n    </TimeCreated>\n    <EventRecordID>319</EventRecordID>\n    <Correlation ActivityID=\"ABFE7217-2EB6-0001-EF9D-FEABB62EDB01\">\n    </Correlation>\n    <Execution ProcessID=\"9180\" ThreadID=\"6588\">\n    </Execution>\n    <Channel>Microsoft-Windows-AppModel-Runtime/Admin</Channel>\n    <Computer>DESKTOP-P9H5FTA</Computer>\n    <Security UserID=\"S-1-5-18\">\n    </Security>\n  </System>\n  <EventData>\n    <Data Name=\"AppContainerName\">Microsoft.Wallet_8wekyb3d8bbwe</Data>\n  </EventData>\n</Event>\n",
  "json": "{\"Event\":{\"#attributes\":{\"xmlns\":\"http://schemas.microsoft.com/win/2004/08/events/event\"},\"System\":{\"Provider\":{\"#attributes\":{\"Name\":\"Microsoft-Windows-AppModel-Runtime\",\"Guid\":\"F1EF270A-0D32-4352-BA52-DBAB41E1D859\"}},\"EventID\":41,\"Version\":0,\"Level\":4,\"Task\":0,\"Opcode\":0,\"Keywords\":\"0x2000000000000002\",\"TimeCreated\":{\"#attributes\":{\"SystemTime\":\"2024-11-04T13:03:50.699729Z\"}},\"EventRecordID\":319,\"Correlation\":{\"#attributes\":{\"ActivityID\":\"ABFE7217-2EB6-0001-EF9D-FEABB62EDB01\"}},\"Execution\":{\"#attributes\":{\"ProcessID\":9180,\"ThreadID\":6588}},\"Channel\":\"Microsoft-Windows-AppModel-Runtime/Admin\",\"Computer\":\"DESKTOP-P9H5FTA\",\"Security\":{\"#attributes\":{\"UserID\":\"S-1-5-18\"}}},\"EventData\":{\"AppContainerName\":\"Microsoft.Wallet_8wekyb3d8bbwe\"}}}",
  "xml_fields": {
    "provider": "Microsoft-Windows-AppModel-Runtime",
    "event_id": "41",
    "timestamp": "2024-11-04T13:03:50.699729Z",
    "event_record_id": "319",
    "level": "4",
    "task": "0",
    "opcode": "0",
    "keywords": "0x2000000000000002",
    "channel": "Microsoft-Windows-AppModel-Runtime/Admin",
    "computer": "DESKTOP-P9H5FTA",
    "AppContainerName": "Microsoft.Wallet_8wekyb3d8bbwe"
  },
  "json_fields": {
    "provider": "Microsoft-Windows-AppModel-Runtime",
    "channel": "Microsoft-Windows-AppModel-Runtime/Admin",
    "event_id": "41",
    "timestamp": "2024-11-04T13:03:50.699729Z",
    "event_record_id": "319",
    "level": "4",
    "task": "0",
    "opcode": "0",
    "keywords": "0x2000000000000002",
    "computer": "DESKTOP-P9H5FTA",
    "AppContainerName": "Microsoft.Wallet_8wekyb3d8bbwe"
  }
}