{
  "event_id": "41",
  "provider": "Microsoft-Windows-WindowsUpdateClient",
  "channel": "Microsoft-Windows-WindowsUpdateClient/Operational",
  "source_file": "D:\\visual code file\\Project_4\\Event-Analyzer\\test\\Logs\\Microsoft-Windows-WindowsUpdateClient%4Operational.evtx",
  "event_record_id": 3,
  "xml": "<?xml version=\"1.0\" encoding=\"utf-8\"?>\n<Event xmlns=\"http://schemas.microsoft.com/win/2004/08/events/event\">\n  <System>\n    <Provider Name=\"Microsoft-Windows-WindowsUpdateClient\" Guid=\"945A8954-C147-4ACD-923F-40C45405A658\">\n    </Provider>\n    <EventID>41</EventID>\n    <Version>1</Version>\n    <Level>4</Level>\n    <Task>1</Task>\n    <Opcode>12</Opcode>\n    <Keywords>0x4000000000000014</Keywords>\n    <TimeCreated SystemTime=\"2024-11-04T12:39:07.132629Z\">\n    </TimeCreated>\n    <EventRecordID>3</EventRecordID>\n    <Correlation>\n    </Correlation>\n    <Execution ProcessID=\"6292\" ThreadID=\"5236\">\n    </Execution>\n    <Channel>Microsoft-Windows-WindowsUpdateClient/Operational</Channel>\n    <Computer>DESKTOP-P9H5FTA</Computer>\n    <Security UserID=\"S-1-5-18\">\n    </Security>\n  </System>\n  <EventData>\n    <Data Name=\"updateTitle\">2022-11 Update for Windows 10 Version 22H2 for x64-based Systems (KB5020683)</Data>\n    <Data Name=\"updateGuid\">C19C45E0-21D6-4C12-9093-E17518D14B49</Data>\n    <Data Name=\"updateRevisionNumber\">203</Data>\n  </EventData>\n</Event>\n",
  "json": "{\"Event\":{\"#attributes\":{\"xmlns\":\"http://schemas.microsoft.com/win/2004/08/events/event\"},\"System\":{\"Provider\":{\"#attributes\":{\"Name\":\"Microsoft-Windows-WindowsUpdateClient\",\"Guid\":\"945A8954-C147-4ACD-923F-40C45405A658\"}},\"EventID\":41,\"Version\":1,\"Level\":4,\"Task\":1,\"Opcode\":12,\"Keywords\":\"0x4000000000000014\",\"TimeCreated\":{\"#attributes\":{\"SystemTime\":\"2024-11-04T12:39:07.132629Z\"}},\"EventRecordID\":3,\"Correlation\":null,\"Execution\":{\"#attributes\":{\"ProcessID\":6292,\"ThreadID\":5236}},\"Channel\":\"Microsoft-Windows-WindowsUpdateClient/Operational\",\"Computer\":\"DESKTOP-P9H5FTA\",\"Security\":{\"#attributes\":{\"UserID\":\"S-1-5-18\"}}},\"EventData\":{\"updateTitle\":\"2022-11 Update for Windows 10 Version 22H2 for x64-based Systems (KB5020683)\",\"updateGuid\":\"C19C45E0-21D6-4C12-9093-E17518D14B49\",\"updateRevisionNumber\":203}}}",
  "xml_fields": {
    "provider": "Microsoft-Windows-WindowsUpdateClient",
    "event_id": "41",
    "timestamp": "2024-11-04T12:39:07.132629Z",
    "event_record_id": "3",
    "level": "4",
    "task": "1",
    "opcode": "12",
    "keywords": "0x4000000000000014",
    "channel": "Microsoft-Windows-WindowsUpdateClient/Operational",
    "computer": "DESKTOP-P9H5FTA",
    "updateTitle": "2022-11 Update for Windows 10 Version 22H2 for x64-based Systems (KB5020683)",
    "updateGuid": "C19C45E0-21D6-4C12-9093-E17518D14B49",
    "updateRevisionNumber": "203"
  },
  "json_fields": {
    "provider": "Microsoft-Windows-WindowsUpdateClient",
    "channel": "Microsoft-Windows-WindowsUpdateClient/Operational",
    "event_id": "41",
    "timestamp": "2024-11-04T12:39:07.132629Z",
    "event_record_id": "3",
    "level": "4",
    "task": "1",
    "opcode": "12",
    "keywords": "0x4000000000000014",
    "computer": "DESKTOP-P9H5FTA",
    "updateTitle": "2022-11 Update for Windows 10 Version 22H2 for x64-based Systems (KB5020683)",
    "updateGuid": "C19C45E0-21D6-4C12-9093-E17518D14B49",
    "updateRevisionNumber": "203"
  }
}