{
  "event_id": "41",
  "provider": "Microsoft-Windows-Hyper-V-Hypervisor",
  "channel": "System",
  "source_file": "D:\\visual code file\\Project_4\\Event-Analyzer\\test\\Benign\\Logs_Win11_2023\\System.evtx",
  "event_record_id": 1485,
  "xml": "<?xml version=\"1.0\" encoding=\"utf-8\"?>\n<Event xmlns=\"http://schemas.microsoft.com/win/2004/08/events/event\">\n  <System>\n    <Provider Name=\"Microsoft-Windows-Hyper-V-Hypervisor\" Guid=\"52FC89F8-995E-434C-A91E-199986449890\">\n    </Provider>\n    <EventID>41</EventID>\n    <Version>0</Version>\n    <Level>2</Level>\n    <Task>0</Task>\n    <Opcode>0</Opcode>\n    <Keywords>0x8000400000000000</Keywords>\n    <TimeCreated SystemTime=\"2023-11-06T06:20:49.064014Z\">\n    </TimeCreated>\n    <EventRecordID>1485</EventRecordID>\n    <Correlation ActivityID=\"246CB1A7-7EC8-506D-5CCA-25E15536108A\">\n    </Correlation>\n    <Execution ProcessID=\"4\" ThreadID=\"8\">\n    </Execution>\n    <Channel>System</Channel>\n    <Computer>WinDev2310Eval</Computer>\n    <Security UserID=\"S-1-5-18\">\n    </Security>\n  </System>\n  <EventData>\n  </EventData>\n</Event>\n",
  "json": "{\"Event\":{\"#attributes\":{\"xmlns\":\"http://schemas.microsoft.com/win/2004/08/events/event\"},\"System\":{\"Provider\":{\"#attributes\":{\"Name\":\"Microsoft-Windows-Hyper-V-Hypervisor\",\"Guid\":\"52FC89F8-995E-434C-A91E-199986449890\"}},\"EventID\":41,\"Version\":0,\"Level\":2,\"Task\":0,\"Opcode\":0,\"Keywords\":\"0x8000400000000000\",\"TimeCreated\":{\"#attributes\":{\"SystemTime\":\"2023-11-06T06:20:49.064014Z\"}},\"EventRecordID\":1485,\"Correlation\":{\"#attributes\":{\"ActivityID\":\"246CB1A7-7EC8-506D-5CCA-25E15536108A\"}},\"Execution\":{\"#attributes\":{\"ProcessID\":4,\"ThreadID\":8}},\"Channel\":\"System\",\"Computer\":\"WinDev2310Eval\",\"Security\":{\"#attributes\":{\"UserID\":\"S-1-5-18\"}}},\"EventData\":null}}",
  "xml_fields": {
    "provider": "Microsoft-Windows-Hyper-V-Hypervisor",
    "event_id": "41",
    "timestamp": "2023-11-06T06:20:49.064014Z",
    "event_record_id": "1485",
    "level": "2",
    "task": "0",
    "opcode": "0",
    "keywords": "0x8000400000000000",
    "channel": "System",
    "computer": "WinDev2310Eval"
  },
  "json_fields": {
    "provider": "Microsoft-Windows-Hyper-V-Hypervisor",
    "channel": "System",
    "event_id": "41",
    "timestamp": "2023-11-06T06:20:49.064014Z",
    "event_record_id": "1485",
    "level": "2",
    "task": "0",
    "opcode": "0",
    "keywords": "0x8000400000000000",
    "computer": "WinDev2310Eval"
  }
}