{
  "event_id": "41",
  "provider": "Microsoft-Windows-Kernel-Power",
  "channel": "System",
  "source_file": "D:\\visual code file\\Project_4\\Event-Analyzer\\test\\Benign\\win7-x86\\System.evtx",
  "event_record_id": 1011,
  "xml": "<?xml version=\"1.0\" encoding=\"utf-8\"?>\n<Event xmlns=\"http://schemas.microsoft.com/win/2004/08/events/event\">\n  <System>\n    <Provider Name=\"Microsoft-Windows-Kernel-Power\" Guid=\"331C3B3A-2005-44C2-AC5E-77220C37D6B4\">\n    </Provider>\n    <EventID>41</EventID>\n    <Version>2</Version>\n    <Level>1</Level>\n    <Task>63</Task>\n    <Opcode>0</Opcode>\n    <Keywords>0x8000000000000002</Keywords>\n    <TimeCreated SystemTime=\"2022-04-04T11:48:30.718750Z\">\n    </TimeCreated>\n    <EventRecordID>1011</EventRecordID>\n    <Correlation>\n    </Correlation>\n    <Execution ProcessID=\"4\" ThreadID=\"8\">\n    </Execution>\n    <Channel>System</Channel>\n    <Computer>evtx-PC</Computer>\n    <Security UserID=\"S-1-5-18\">\n    </Security>\n  </System>\n  <EventData>\n    <Data Name=\"BugcheckCode\">0</Data>\n    <Data Name=\"BugcheckParameter1\">0x0</Data>\n    <Data Name=\"BugcheckParameter2\">0x0</Data>\n    <Data Name=\"BugcheckParameter3\">0x0</Data>\n    <Data Name=\"BugcheckParameter4\">0x0</Data>\n    <Data Name=\"SleepInProgress\">false</Data>\n    <Data Name=\"PowerButtonTimestamp\">0</Data>\n  </EventData>\n</Event>\n",
  "json": "{\"Event\":{\"#attributes\":{\"xmlns\":\"http://schemas.microsoft.com/win/2004/08/events/event\"},\"System\":{\"Provider\":{\"#attributes\":{\"Name\":\"Microsoft-Windows-Kernel-Power\",\"Guid\":\"331C3B3A-2005-44C2-AC5E-77220C37D6B4\"}},\"EventID\":41,\"Version\":2,\"Level\":1,\"Task\":63,\"Opcode\":0,\"Keywords\":\"0x8000000000000002\",\"TimeCreated\":{\"#attributes\":{\"SystemTime\":\"2022-04-04T11:48:30.718750Z\"}},\"EventRecordID\":1011,\"Correlation\":null,\"Execution\":{\"#attributes\":{\"ProcessID\":4,\"ThreadID\":8}},\"Channel\":\"System\",\"Computer\":\"evtx-PC\",\"Security\":{\"#attributes\":{\"UserID\":\"S-1-5-18\"}}},\"EventData\":{\"BugcheckCode\":0,\"BugcheckParameter1\":\"0x0\",\"BugcheckParameter2\":\"0x0\",\"BugcheckParameter3\":\"0x0\",\"BugcheckParameter4\":\"0x0\",\"SleepInProgress\":false,\"PowerButtonTimestamp\":0}}}",
  "xml_fields": {
    "provider": "Microsoft-Windows-Kernel-Power",
    "event_id": "41",
    "timestamp": "2022-04-04T11:48:30.718750Z",
    "event_record_id": "1011",
    "level": "1",
    "task": "63",
    "opcode": "0",
    "keywords": "0x8000000000000002",
    "channel": "System",
    "computer": "evtx-PC",
    "BugcheckCode": "0",
    "BugcheckParameter1": "0x0",
    "BugcheckParameter2": "0x0",
    "BugcheckParameter3": "0x0",
    "BugcheckParameter4": "0x0",
    "SleepInProgress": "false",
    "PowerButtonTimestamp": "0"
  },
  "json_fields": {
    "provider": "Microsoft-Windows-Kernel-Power",
    "channel": "System",
    "event_id": "41",
    "timestamp": "2022-04-04T11:48:30.718750Z",
    "event_record_id": "1011",
    "level": "1",
    "task": "63",
    "opcode": "0",
    "keywords": "0x8000000000000002",
    "computer": "evtx-PC",
    "BugcheckCode": "0",
    "BugcheckParameter1": "0x0",
    "BugcheckParameter2": "0x0",
    "BugcheckParameter3": "0x0",
    "BugcheckParameter4": "0x0",
    "SleepInProgress": "False",
    "PowerButtonTimestamp": "0"
  }
}