{
  "event_id": "4202",
  "provider": "Microsoft-Windows-MSDTC 2",
  "channel": "Application",
  "source_file": "D:\\visual code file\\Project_4\\Event-Analyzer\\test\\Logs\\Application.evtx",
  "event_record_id": 184,
  "xml": "<?xml version=\"1.0\" encoding=\"utf-8\"?>\n<Event xmlns=\"http://schemas.microsoft.com/win/2004/08/events/event\">\n  <System>\n    <Provider Name=\"Microsoft-Windows-MSDTC 2\" Guid=\"{5D9E0020-3761-4f36-90C8-38CE6511BD12}\" EventSourceName=\"MSDTC 2\">\n    </Provider>\n    <EventID Qualifiers=\"16384\">4202</EventID>\n    <Version>0</Version>\n    <Level>4</Level>\n    <Task>2</Task>\n    <Opcode>0</Opcode>\n    <Keywords>0x80000000000000</Keywords>\n    <TimeCreated SystemTime=\"2025-01-06T12:17:58.256411Z\">\n    </TimeCreated>\n    <EventRecordID>184</EventRecordID>\n    <Correlation>\n    </Correlation>\n    <Execution ProcessID=\"0\" ThreadID=\"0\">\n    </Execution>\n    <Channel>Application</Channel>\n    <Computer>DESKTOP-P9H5FTA</Computer>\n    <Security>\n    </Security>\n  </System>\n  <EventData>\n    <Data Name=\"param1\">0</Data>\n    <Data Name=\"param2\">0</Data>\n    <Data Name=\"param3\">0</Data>\n    <Data Name=\"param4\">0</Data>\n    <Data Name=\"param5\">0</Data>\n    <Data Name=\"param6\">0</Data>\n    <Data Name=\"param7\">1</Data>\n    <Data Name=\"param8\">Mutual Authentication Required</Data>\n    <Data Name=\"param9\">NT AUTHORITY\\NetworkService</Data>\n    <Data Name=\"param10\">0</Data>\n    <Data Name=\"param11\">0</Data>\n    <Data Name=\"param12\">1</Data>\n  </EventData>\n</Event>\n",
  "json": "{\"Event\":{\"#attributes\":{\"xmlns\":\"http://schemas.microsoft.com/win/2004/08/events/event\"},\"System\":{\"Provider\":{\"#attributes\":{\"Name\":\"Microsoft-Windows-MSDTC 2\",\"Guid\":\"{5D9E0020-3761-4f36-90C8-38CE6511BD12}\",\"EventSourceName\":\"MSDTC 2\"}},\"EventID\":{\"#attributes\":{\"Qualifiers\":16384},\"#text\":4202},\"Version\":0,\"Level\":4,\"Task\":2,\"Opcode\":0,\"Keywords\":\"0x80000000000000\",\"TimeCreated\":{\"#attributes\":{\"SystemTime\":\"2025-01-06T12:17:58.256411Z\"}},\"EventRecordID\":184,\"Correlation\":null,\"Execution\":{\"#attributes\":{\"ProcessID\":0,\"ThreadID\":0}},\"Channel\":\"Application\",\"Computer\":\"DESKTOP-P9H5FTA\",\"Security\":null},\"EventData\":{\"param1\":\"0\",\"param2\":\"0\",\"param3\":\"0\",\"param4\":\"0\",\"param5\":\"0\",\"param6\":\"0\",\"param7\":\"1\",\"param8\":\"Mutual Authentication Required\",\"param9\":\"NT AUTHORITY\\\\NetworkService\",\"param10\":\"0\",\"param11\":\"0\",\"param12\":\"1\"}}}",
  "xml_fields": {
    "provider": "Microsoft-Windows-MSDTC 2",
    "event_id": "4202",
    "timestamp": "2025-01-06T12:17:58.256411Z",
    "event_record_id": "184",
    "level": "4",
    "task": "2",
    "opcode": "0",
    "keywords": "0x80000000000000",
    "channel": "Application",
    "computer": "DESKTOP-P9H5FTA",
    "param1": "0",
    "param2": "0",
    "param3": "0",
    "param4": "0",
    "param5": "0",
    "param6": "0",
    "param7": "1",
    "param8": "Mutual Authentication Required",
    "param9": "NT AUTHORITY\\NetworkService",
    "param10": "0",
    "param11": "0",
    "param12": "1"
  },
  "json_fields": {
    "provider": "Microsoft-Windows-MSDTC 2",
    "channel": "Application",
    "event_id": "4202",
    "timestamp": "2025-01-06T12:17:58.256411Z",
    "event_record_id": "184",
    "level": "4",
    "task": "2",
    "opcode": "0",
    "keywords": "0x80000000000000",
    "computer": "DESKTOP-P9H5FTA",
    "param1": "0",
    "param2": "0",
    "param3": "0",
    "param4": "0",
    "param5": "0",
    "param6": "0",
    "param7": "1",
    "param8": "Mutual Authentication Required",
    "param9": "NT AUTHORITY\\NetworkService",
    "param10": "0",
    "param11": "0",
    "param12": "1"
  }
}