{
  "event_id": "420",
  "provider": "Microsoft-Windows-Kernel-PnP",
  "channel": "Microsoft-Windows-Kernel-PnP/Configuration",
  "source_file": "D:\\visual code file\\Project_4\\Event-Analyzer\\test\\Logs\\Microsoft-Windows-Kernel-PnP%4Configuration.evtx",
  "event_record_id": 335,
  "xml": "<?xml version=\"1.0\" encoding=\"utf-8\"?>\n<Event xmlns=\"http://schemas.microsoft.com/win/2004/08/events/event\">\n  <System>\n    <Provider Name=\"Microsoft-Windows-Kernel-PnP\" Guid=\"9C205A39-1250-487D-ABD7-E831C6290539\">\n    </Provider>\n    <EventID>420</EventID>\n    <Version>0</Version>\n    <Level>4</Level>\n    <Task>0</Task>\n    <Opcode>0</Opcode>\n    <Keywords>0x4000000000000000</Keywords>\n    <TimeCreated SystemTime=\"2024-11-05T01:33:08.916035Z\">\n    </TimeCreated>\n    <EventRecordID>335</EventRecordID>\n    <Correlation>\n    </Correlation>\n    <Execution ProcessID=\"1160\" ThreadID=\"1164\">\n    </Execution>\n    <Channel>Microsoft-Windows-Kernel-PnP/Configuration</Channel>\n    <Computer>WIN-5LCFHVCO531</Computer>\n    <Security UserID=\"S-1-5-18\">\n    </Security>\n  </System>\n  <EventData>\n    <Data Name=\"DeviceInstanceId\">DISPLAY\\DEFAULT_MONITOR\\1&amp;8713BCA&amp;0&amp;UID0</Data>\n    <Data Name=\"ClassGuid\">4D36E96E-E325-11CE-BFC1-08002BE10318</Data>\n    <Data Name=\"Problem\">0x2d</Data>\n    <Data Name=\"Status\">0x0</Data>\n  </EventData>\n</Event>\n",
  "json": "{\"Event\":{\"#attributes\":{\"xmlns\":\"http://schemas.microsoft.com/win/2004/08/events/event\"},\"System\":{\"Provider\":{\"#attributes\":{\"Name\":\"Microsoft-Windows-Kernel-PnP\",\"Guid\":\"9C205A39-1250-487D-ABD7-E831C6290539\"}},\"EventID\":420,\"Version\":0,\"Level\":4,\"Task\":0,\"Opcode\":0,\"Keywords\":\"0x4000000000000000\",\"TimeCreated\":{\"#attributes\":{\"SystemTime\":\"2024-11-05T01:33:08.916035Z\"}},\"EventRecordID\":335,\"Correlation\":null,\"Execution\":{\"#attributes\":{\"ProcessID\":1160,\"ThreadID\":1164}},\"Channel\":\"Microsoft-Windows-Kernel-PnP/Configuration\",\"Computer\":\"WIN-5LCFHVCO531\",\"Security\":{\"#attributes\":{\"UserID\":\"S-1-5-18\"}}},\"EventData\":{\"DeviceInstanceId\":\"DISPLAY\\\\DEFAULT_MONITOR\\\\1&8713BCA&0&UID0\",\"ClassGuid\":\"4D36E96E-E325-11CE-BFC1-08002BE10318\",\"Problem\":\"0x2d\",\"Status\":\"0x0\"}}}",
  "xml_fields": {
    "provider": "Microsoft-Windows-Kernel-PnP",
    "event_id": "420",
    "timestamp": "2024-11-05T01:33:08.916035Z",
    "event_record_id": "335",
    "level": "4",
    "task": "0",
    "opcode": "0",
    "keywords": "0x4000000000000000",
    "channel": "Microsoft-Windows-Kernel-PnP/Configuration",
    "computer": "WIN-5LCFHVCO531",
    "DeviceInstanceId": "DISPLAY\\DEFAULT_MONITOR\\1&8713BCA&0&UID0",
    "ClassGuid": "4D36E96E-E325-11CE-BFC1-08002BE10318",
    "Problem": "0x2d",
    "Status": "0x0"
  },
  "json_fields": {
    "provider": "Microsoft-Windows-Kernel-PnP",
    "channel": "Microsoft-Windows-Kernel-PnP/Configuration",
    "event_id": "420",
    "timestamp": "2024-11-05T01:33:08.916035Z",
    "event_record_id": "335",
    "level": "4",
    "task": "0",
    "opcode": "0",
    "keywords": "0x4000000000000000",
    "computer": "WIN-5LCFHVCO531",
    "DeviceInstanceId": "DISPLAY\\DEFAULT_MONITOR\\1&8713BCA&0&UID0",
    "ClassGuid": "4D36E96E-E325-11CE-BFC1-08002BE10318",
    "Problem": "0x2d",
    "Status": "0x0"
  }
}