{
  "event_id": "424",
  "provider": "Microsoft-Windows-AppXDeployment-Server",
  "channel": "Microsoft-Windows-AppXDeploymentServer/Operational",
  "source_file": "D:\\visual code file\\Project_4\\Event-Analyzer\\test\\Benign\\Logs_Win11_2023\\Microsoft-Windows-AppXDeploymentServer%4Operational.evtx",
  "event_record_id": 4447,
  "xml": "<?xml version=\"1.0\" encoding=\"utf-8\"?>\n<Event xmlns=\"http://schemas.microsoft.com/win/2004/08/events/event\">\n  <System>\n    <Provider Name=\"Microsoft-Windows-AppXDeployment-Server\" Guid=\"3F471139-ACB7-4A01-B7A7-FF5DA4BA2D43\">\n    </Provider>\n    <EventID>424</EventID>\n    <Version>0</Version>\n    <Level>2</Level>\n    <Task>4</Task>\n    <Opcode>0</Opcode>\n    <Keywords>0x4000000000000001</Keywords>\n    <TimeCreated SystemTime=\"2023-10-25T22:53:30.616235Z\">\n    </TimeCreated>\n    <EventRecordID>4447</EventRecordID>\n    <Correlation ActivityID=\"D5BBEBF4-0795-0003-FE05-BCD59507DA01\">\n    </Correlation>\n    <Execution ProcessID=\"5348\" ThreadID=\"7452\">\n    </Execution>\n    <Channel>Microsoft-Windows-AppXDeploymentServer/Operational</Channel>\n    <Computer>WinDevEval</Computer>\n    <Security UserID=\"S-1-5-21-2533829718-189860685-2477588761-500\">\n    </Security>\n  </System>\n  <EventData>\n    <Data Name=\"PackageMoniker\">Microsoft.NET.Native.Framework.2.2_2.2.29512.0_x64__8wekyb3d8bbwe</Data>\n    <Data Name=\"PackageMoniker2\"> Microsoft.StorePurchaseApp Microsoft.Windows.Photos Microsoft.WindowsCamera Microsoft.Xbox.TCUI Microsoft.XboxIdentityProvider Microsoft.549981C3F5F10 Microsoft.WindowsCalculator Microsoft.GetHelp Microsoft.WindowsFeedbackHub Microsoft.WindowsStore</Data>\n  </EventData>\n</Event>\n",
  "json": "{\"Event\":{\"#attributes\":{\"xmlns\":\"http://schemas.microsoft.com/win/2004/08/events/event\"},\"System\":{\"Provider\":{\"#attributes\":{\"Name\":\"Microsoft-Windows-AppXDeployment-Server\",\"Guid\":\"3F471139-ACB7-4A01-B7A7-FF5DA4BA2D43\"}},\"EventID\":424,\"Version\":0,\"Level\":2,\"Task\":4,\"Opcode\":0,\"Keywords\":\"0x4000000000000001\",\"TimeCreated\":{\"#attributes\":{\"SystemTime\":\"2023-10-25T22:53:30.616235Z\"}},\"EventRecordID\":4447,\"Correlation\":{\"#attributes\":{\"ActivityID\":\"D5BBEBF4-0795-0003-FE05-BCD59507DA01\"}},\"Execution\":{\"#attributes\":{\"ProcessID\":5348,\"ThreadID\":7452}},\"Channel\":\"Microsoft-Windows-AppXDeploymentServer/Operational\",\"Computer\":\"WinDevEval\",\"Security\":{\"#attributes\":{\"UserID\":\"S-1-5-21-2533829718-189860685-2477588761-500\"}}},\"EventData\":{\"PackageMoniker\":\"Microsoft.NET.Native.Framework.2.2_2.2.29512.0_x64__8wekyb3d8bbwe\",\"PackageMoniker2\":\" Microsoft.StorePurchaseApp Microsoft.Windows.Photos Microsoft.WindowsCamera Microsoft.Xbox.TCUI Microsoft.XboxIdentityProvider Microsoft.549981C3F5F10 Microsoft.WindowsCalculator Microsoft.GetHelp Microsoft.WindowsFeedbackHub Microsoft.WindowsStore\"}}}",
  "xml_fields": {
    "provider": "Microsoft-Windows-AppXDeployment-Server",
    "event_id": "424",
    "timestamp": "2023-10-25T22:53:30.616235Z",
    "event_record_id": "4447",
    "level": "2",
    "task": "4",
    "opcode": "0",
    "keywords": "0x4000000000000001",
    "channel": "Microsoft-Windows-AppXDeploymentServer/Operational",
    "computer": "WinDevEval",
    "PackageMoniker": "Microsoft.NET.Native.Framework.2.2_2.2.29512.0_x64__8wekyb3d8bbwe",
    "PackageMoniker2": " Microsoft.StorePurchaseApp Microsoft.Windows.Photos Microsoft.WindowsCamera Microsoft.Xbox.TCUI Microsoft.XboxIdentityProvider Microsoft.549981C3F5F10 Microsoft.WindowsCalculator Microsoft.GetHelp Microsoft.WindowsFeedbackHub Microsoft.WindowsStore"
  },
  "json_fields": {
    "provider": "Microsoft-Windows-AppXDeployment-Server",
    "channel": "Microsoft-Windows-AppXDeploymentServer/Operational",
    "event_id": "424",
    "timestamp": "2023-10-25T22:53:30.616235Z",
    "event_record_id": "4447",
    "level": "2",
    "task": "4",
    "opcode": "0",
    "keywords": "0x4000000000000001",
    "computer": "WinDevEval",
    "PackageMoniker": "Microsoft.NET.Native.Framework.2.2_2.2.29512.0_x64__8wekyb3d8bbwe",
    "PackageMoniker2": " Microsoft.StorePurchaseApp Microsoft.Windows.Photos Microsoft.WindowsCamera Microsoft.Xbox.TCUI Microsoft.XboxIdentityProvider Microsoft.549981C3F5F10 Microsoft.WindowsCalculator Microsoft.GetHelp Microsoft.WindowsFeedbackHub Microsoft.WindowsStore"
  }
}