{
  "event_id": "427",
  "provider": "Microsoft-Windows-AppXDeployment-Server",
  "channel": "Microsoft-Windows-AppXDeploymentServer/Operational",
  "source_file": "D:\\visual code file\\Project_4\\Event-Analyzer\\test\\Benign\\Logs_Win11_2023\\Microsoft-Windows-AppXDeploymentServer%4Operational.evtx",
  "event_record_id": 7593,
  "xml": "<?xml version=\"1.0\" encoding=\"utf-8\"?>\n<Event xmlns=\"http://schemas.microsoft.com/win/2004/08/events/event\">\n  <System>\n    <Provider Name=\"Microsoft-Windows-AppXDeployment-Server\" Guid=\"3F471139-ACB7-4A01-B7A7-FF5DA4BA2D43\">\n    </Provider>\n    <EventID>427</EventID>\n    <Version>0</Version>\n    <Level>2</Level>\n    <Task>4</Task>\n    <Opcode>0</Opcode>\n    <Keywords>0x4000000000000001</Keywords>\n    <TimeCreated SystemTime=\"2023-11-05T22:29:17.055953Z\">\n    </TimeCreated>\n    <EventRecordID>7593</EventRecordID>\n    <Correlation ActivityID=\"59A0D65F-1037-0001-E4F0-A0593710DA01\">\n    </Correlation>\n    <Execution ProcessID=\"5296\" ThreadID=\"5800\">\n    </Execution>\n    <Channel>Microsoft-Windows-AppXDeploymentServer/Operational</Channel>\n    <Computer>WinDev2310Eval</Computer>\n    <Security UserID=\"S-1-5-21-1992711665-1655669231-58201500-1000\">\n    </Security>\n  </System>\n  <EventData>\n    <Data Name=\"PackageName\">Microsoft.VCLibs.140.00_14.0.30704.0_x64__8wekyb3d8bbwe</Data>\n    <Data Name=\"PackageVersion\">14.0.30704.0</Data>\n    <Data Name=\"PackageVersion2\">14.0.32530.0</Data>\n  </EventData>\n</Event>\n",
  "json": "{\"Event\":{\"#attributes\":{\"xmlns\":\"http://schemas.microsoft.com/win/2004/08/events/event\"},\"System\":{\"Provider\":{\"#attributes\":{\"Name\":\"Microsoft-Windows-AppXDeployment-Server\",\"Guid\":\"3F471139-ACB7-4A01-B7A7-FF5DA4BA2D43\"}},\"EventID\":427,\"Version\":0,\"Level\":2,\"Task\":4,\"Opcode\":0,\"Keywords\":\"0x4000000000000001\",\"TimeCreated\":{\"#attributes\":{\"SystemTime\":\"2023-11-05T22:29:17.055953Z\"}},\"EventRecordID\":7593,\"Correlation\":{\"#attributes\":{\"ActivityID\":\"59A0D65F-1037-0001-E4F0-A0593710DA01\"}},\"Execution\":{\"#attributes\":{\"ProcessID\":5296,\"ThreadID\":5800}},\"Channel\":\"Microsoft-Windows-AppXDeploymentServer/Operational\",\"Computer\":\"WinDev2310Eval\",\"Security\":{\"#attributes\":{\"UserID\":\"S-1-5-21-1992711665-1655669231-58201500-1000\"}}},\"EventData\":{\"PackageName\":\"Microsoft.VCLibs.140.00_14.0.30704.0_x64__8wekyb3d8bbwe\",\"PackageVersion\":\"14.0.30704.0\",\"PackageVersion2\":\"14.0.32530.0\"}}}",
  "xml_fields": {
    "provider": "Microsoft-Windows-AppXDeployment-Server",
    "event_id": "427",
    "timestamp": "2023-11-05T22:29:17.055953Z",
    "event_record_id": "7593",
    "level": "2",
    "task": "4",
    "opcode": "0",
    "keywords": "0x4000000000000001",
    "channel": "Microsoft-Windows-AppXDeploymentServer/Operational",
    "computer": "WinDev2310Eval",
    "PackageName": "Microsoft.VCLibs.140.00_14.0.30704.0_x64__8wekyb3d8bbwe",
    "PackageVersion": "14.0.30704.0",
    "PackageVersion2": "14.0.32530.0"
  },
  "json_fields": {
    "provider": "Microsoft-Windows-AppXDeployment-Server",
    "channel": "Microsoft-Windows-AppXDeploymentServer/Operational",
    "event_id": "427",
    "timestamp": "2023-11-05T22:29:17.055953Z",
    "event_record_id": "7593",
    "level": "2",
    "task": "4",
    "opcode": "0",
    "keywords": "0x4000000000000001",
    "computer": "WinDev2310Eval",
    "PackageName": "Microsoft.VCLibs.140.00_14.0.30704.0_x64__8wekyb3d8bbwe",
    "PackageVersion": "14.0.30704.0",
    "PackageVersion2": "14.0.32530.0"
  }
}