{
  "event_id": "42",
  "provider": "Microsoft-Windows-Kernel-WHEA",
  "channel": "Microsoft-Windows-Kernel-WHEA/Operational",
  "source_file": "D:\\visual code file\\Project_4\\Event-Analyzer\\test\\Logs\\Microsoft-Windows-Kernel-WHEA%4Operational.evtx",
  "event_record_id": 1,
  "xml": "<?xml version=\"1.0\" encoding=\"utf-8\"?>\n<Event xmlns=\"http://schemas.microsoft.com/win/2004/08/events/event\">\n  <System>\n    <Provider Name=\"Microsoft-Windows-Kernel-WHEA\" Guid=\"7B563579-53C8-44E7-8236-0F87B9FE6594\">\n    </Provider>\n    <EventID>42</EventID>\n    <Version>0</Version>\n    <Level>4</Level>\n    <Task>0</Task>\n    <Opcode>0</Opcode>\n    <Keywords>0x2000000000000400</Keywords>\n    <TimeCreated SystemTime=\"2024-11-05T01:32:57.274937Z\">\n    </TimeCreated>\n    <EventRecordID>1</EventRecordID>\n    <Correlation>\n    </Correlation>\n    <Execution ProcessID=\"4\" ThreadID=\"8\">\n    </Execution>\n    <Channel>Microsoft-Windows-Kernel-WHEA/Operational</Channel>\n    <Computer>WIN-5LCFHVCO531</Computer>\n    <Security UserID=\"S-1-5-18\">\n    </Security>\n  </System>\n  <EventData>\n    <Data Name=\"Type\">0</Data>\n    <Data Name=\"Owner\">1280201291</Data>\n    <Data Name=\"Id\">2147483660</Data>\n    <Data Name=\"Flags\">2</Data>\n    <Data Name=\"Length\">1009</Data>\n    <Data Name=\"RawData\">57684C6701000000F1030000000000004B524E4C0C00008002000000D1030000CC0300000B00000010000000010000002C0D00000100000003000000000000000000000000000000000000003C60C1835215A74887D114D9467D776550530000D80E00000100000070E0A76486A3FFFFD02CA27806F8FFFFF02CA27806F8FFFF1044367406F8FFFF8D7C2157665EFB4480339B74CACEDF5B00000000000000000000000000000000640400000100000090974F6486A3FFFF000000000000000000000000000000000000000000000000000000000000000000000000000000000000000000000000000000000000000000000000000000000000000000000000000000000000000000000000000000000000000000000000000000000000000000000000000000000000000000000000000000000000000000000000000000000000000000000000000000000000000000000000000000000000000000000000000000000000000000000000000000000000000000000000000000000000000000000000000000000000000000000000000000000000000000000000000000000000000000000000000000000000000000000000000000000000000000000000000000000000000000000000000000000000000000000000000000000000000000000000000000000000000000000000000000000000000000000000000000000000000000000000000000000000000000000000000000000000000000000000000000000000000000000000000000000000000000000000000000000000000000000000000000000000000000000000000000000000000000000000000000000000000000000000000000000000000000000000000000000000000000000000000000000000000000000000000000000000000000000000000000000000000000000000000000000000000000000000000000000000000000000000000000000000000000000000000000000000000000000000000000000000000000000000000000000000000000000000000000000000000000000000000000000000000000000000000000000000000000000000000000000000000000000000000000000000000000000000000000000000000000000000000000000000000000000000000000000000000000000000000000000000000000000000000000000000000000000000000000000000000000000000000000000000000000000000000000000000000000000000000000000000000000000000000000000000000000000000000000000000000000000000000000000000000000000000000000000000000000000000000000000000000000000000000000000000000000000000000000000000000000000000000000000000000000</Data>\n  </EventData>\n</Event>\n",
  "json": "{\"Event\":{\"#attributes\":{\"xmlns\":\"http://schemas.microsoft.com/win/2004/08/events/event\"},\"System\":{\"Provider\":{\"#attributes\":{\"Name\":\"Microsoft-Windows-Kernel-WHEA\",\"Guid\":\"7B563579-53C8-44E7-8236-0F87B9FE6594\"}},\"EventID\":42,\"Version\":0,\"Level\":4,\"Task\":0,\"Opcode\":0,\"Keywords\":\"0x2000000000000400\",\"TimeCreated\":{\"#attributes\":{\"SystemTime\":\"2024-11-05T01:32:57.274937Z\"}},\"EventRecordID\":1,\"Correlation\":null,\"Execution\":{\"#attributes\":{\"ProcessID\":4,\"ThreadID\":8}},\"Channel\":\"Microsoft-Windows-Kernel-WHEA/Operational\",\"Computer\":\"WIN-5LCFHVCO531\",\"Security\":{\"#attributes\":{\"UserID\":\"S-1-5-18\"}}},\"EventData\":{\"Type\":0,\"Owner\":1280201291,\"Id\":2147483660,\"Flags\":2,\"Length\":1009,\"RawData\":\"57684C6701000000F1030000000000004B524E4C0C00008002000000D1030000CC0300000B00000010000000010000002C0D00000100000003000000000000000000000000000000000000003C60C1835215A74887D114D9467D776550530000D80E00000100000070E0A76486A3FFFFD02CA27806F8FFFFF02CA27806F8FFFF1044367406F8FFFF8D7C2157665EFB4480339B74CACEDF5B00000000000000000000000000000000640400000100000090974F6486A3FFFF000000000000000000000000000000000000000000000000000000000000000000000000000000000000000000000000000000000000000000000000000000000000000000000000000000000000000000000000000000000000000000000000000000000000000000000000000000000000000000000000000000000000000000000000000000000000000000000000000000000000000000000000000000000000000000000000000000000000000000000000000000000000000000000000000000000000000000000000000000000000000000000000000000000000000000000000000000000000000000000000000000000000000000000000000000000000000000000000000000000000000000000000000000000000000000000000000000000000000000000000000000000000000000000000000000000000000000000000000000000000000000000000000000000000000000000000000000000000000000000000000000000000000000000000000000000000000000000000000000000000000000000000000000000000000000000000000000000000000000000000000000000000000000000000000000000000000000000000000000000000000000000000000000000000000000000000000000000000000000000000000000000000000000000000000000000000000000000000000000000000000000000000000000000000000000000000000000000000000000000000000000000000000000000000000000000000000000000000000000000000000000000000000000000000000000000000000000000000000000000000000000000000000000000000000000000000000000000000000000000000000000000000000000000000000000000000000000000000000000000000000000000000000000000000000000000000000000000000000000000000000000000000000000000000000000000000000000000000000000000000000000000000000000000000000000000000000000000000000000000000000000000000000000000000000000000000000000000000000000000000000000000000000000000000000000000000000000000000000000000000000000000000000000000000000000\"}}}",
  "xml_fields": {
    "provider": "Microsoft-Windows-Kernel-WHEA",
    "event_id": "42",
    "timestamp": "2024-11-05T01:32:57.274937Z",
    "event_record_id": "1",
    "level": "4",
    "task": "0",
    "opcode": "0",
    "keywords": "0x2000000000000400",
    "channel": "Microsoft-Windows-Kernel-WHEA/Operational",
    "computer": "WIN-5LCFHVCO531",
    "Type": "0",
    "Owner": "1280201291",
    "Id": "2147483660",
    "Flags": "2",
    "Length": "1009",
    "RawData": "57684C6701000000F1030000000000004B524E4C0C00008002000000D1030000CC0300000B00000010000000010000002C0D00000100000003000000000000000000000000000000000000003C60C1835215A74887D114D9467D776550530000D80E00000100000070E0A76486A3FFFFD02CA27806F8FFFFF02CA27806F8FFFF1044367406F8FFFF8D7C2157665EFB4480339B74CACEDF5B00000000000000000000000000000000640400000100000090974F6486A3FFFF000000000000000000000000000000000000000000000000000000000000000000000000000000000000000000000000000000000000000000000000000000000000000000000000000000000000000000000000000000000000000000000000000000000000000000000000000000000000000000000000000000000000000000000000000000000000000000000000000000000000000000000000000000000000000000000000000000000000000000000000000000000000000000000000000000000000000000000000000000000000000000000000000000000000000000000000000000000000000000000000000000000000000000000000000000000000000000000000000000000000000000000000000000000000000000000000000000000000000000000000000000000000000000000000000000000000000000000000000000000000000000000000000000000000000000000000000000000000000000000000000000000000000000000000000000000000000000000000000000000000000000000000000000000000000000000000000000000000000000000000000000000000000000000000000000000000000000000000000000000000000000000000000000000000000000000000000000000000000000000000000000000000000000000000000000000000000000000000000000000000000000000000000000000000000000000000000000000000000000000000000000000000000000000000000000000000000000000000000000000000000000000000000000000000000000000000000000000000000000000000000000000000000000000000000000000000000000000000000000000000000000000000000000000000000000000000000000000000000000000000000000000000000000000000000000000000000000000000000000000000000000000000000000000000000000000000000000000000000000000000000000000000000000000000000000000000000000000000000000000000000000000000000000000000000000000000000000000000000000000000000000000000000000000000000000000000000000000000000000000000000000000000000000000000000000"
  },
  "json_fields": {
    "provider": "Microsoft-Windows-Kernel-WHEA",
    "channel": "Microsoft-Windows-Kernel-WHEA/Operational",
    "event_id": "42",
    "timestamp": "2024-11-05T01:32:57.274937Z",
    "event_record_id": "1",
    "level": "4",
    "task": "0",
    "opcode": "0",
    "keywords": "0x2000000000000400",
    "computer": "WIN-5LCFHVCO531",
    "Type": "0",
    "Owner": "1280201291",
    "Id": "2147483660",
    "Flags": "2",
    "Length": "1009",
    "RawData": "57684C6701000000F1030000000000004B524E4C0C00008002000000D1030000CC0300000B00000010000000010000002C0D00000100000003000000000000000000000000000000000000003C60C1835215A74887D114D9467D776550530000D80E00000100000070E0A76486A3FFFFD02CA27806F8FFFFF02CA27806F8FFFF1044367406F8FFFF8D7C2157665EFB4480339B74CACEDF5B00000000000000000000000000000000640400000100000090974F6486A3FFFF000000000000000000000000000000000000000000000000000000000000000000000000000000000000000000000000000000000000000000000000000000000000000000000000000000000000000000000000000000000000000000000000000000000000000000000000000000000000000000000000000000000000000000000000000000000000000000000000000000000000000000000000000000000000000000000000000000000000000000000000000000000000000000000000000000000000000000000000000000000000000000000000000000000000000000000000000000000000000000000000000000000000000000000000000000000000000000000000000000000000000000000000000000000000000000000000000000000000000000000000000000000000000000000000000000000000000000000000000000000000000000000000000000000000000000000000000000000000000000000000000000000000000000000000000000000000000000000000000000000000000000000000000000000000000000000000000000000000000000000000000000000000000000000000000000000000000000000000000000000000000000000000000000000000000000000000000000000000000000000000000000000000000000000000000000000000000000000000000000000000000000000000000000000000000000000000000000000000000000000000000000000000000000000000000000000000000000000000000000000000000000000000000000000000000000000000000000000000000000000000000000000000000000000000000000000000000000000000000000000000000000000000000000000000000000000000000000000000000000000000000000000000000000000000000000000000000000000000000000000000000000000000000000000000000000000000000000000000000000000000000000000000000000000000000000000000000000000000000000000000000000000000000000000000000000000000000000000000000000000000000000000000000000000000000000000000000000000000000000000000000000000000000000000000000000"
  }
}