{
  "event_id": "42",
  "provider": "Microsoft-Windows-AppModel-Runtime",
  "channel": "Microsoft-Windows-AppModel-Runtime/Admin",
  "source_file": "D:\\visual code file\\Project_4\\Event-Analyzer\\test\\Logs\\Microsoft-Windows-AppModel-Runtime%4Admin.evtx",
  "event_record_id": 654,
  "xml": "<?xml version=\"1.0\" encoding=\"utf-8\"?>\n<Event xmlns=\"http://schemas.microsoft.com/win/2004/08/events/event\">\n  <System>\n    <Provider Name=\"Microsoft-Windows-AppModel-Runtime\" Guid=\"F1EF270A-0D32-4352-BA52-DBAB41E1D859\">\n    </Provider>\n    <EventID>42</EventID>\n    <Version>0</Version>\n    <Level>4</Level>\n    <Task>0</Task>\n    <Opcode>0</Opcode>\n    <Keywords>0x2000000000000002</Keywords>\n    <TimeCreated SystemTime=\"2025-01-06T12:26:24.416315Z\">\n    </TimeCreated>\n    <EventRecordID>654</EventRecordID>\n    <Correlation ActivityID=\"12030999-6036-0002-7D0E-03123660DB01\">\n    </Correlation>\n    <Execution ProcessID=\"3724\" ThreadID=\"5280\">\n    </Execution>\n    <Channel>Microsoft-Windows-AppModel-Runtime/Admin</Channel>\n    <Computer>cyberjunkie-test</Computer>\n    <Security UserID=\"S-1-5-21-3088055692-629932344-1786574096-1002\">\n    </Security>\n  </System>\n  <EventData>\n    <Data Name=\"AppContainerName\">Microsoft.VCLibs.140.00_8wekyb3d8bbwe</Data>\n  </EventData>\n</Event>\n",
  "json": "{\"Event\":{\"#attributes\":{\"xmlns\":\"http://schemas.microsoft.com/win/2004/08/events/event\"},\"System\":{\"Provider\":{\"#attributes\":{\"Name\":\"Microsoft-Windows-AppModel-Runtime\",\"Guid\":\"F1EF270A-0D32-4352-BA52-DBAB41E1D859\"}},\"EventID\":42,\"Version\":0,\"Level\":4,\"Task\":0,\"Opcode\":0,\"Keywords\":\"0x2000000000000002\",\"TimeCreated\":{\"#attributes\":{\"SystemTime\":\"2025-01-06T12:26:24.416315Z\"}},\"EventRecordID\":654,\"Correlation\":{\"#attributes\":{\"ActivityID\":\"12030999-6036-0002-7D0E-03123660DB01\"}},\"Execution\":{\"#attributes\":{\"ProcessID\":3724,\"ThreadID\":5280}},\"Channel\":\"Microsoft-Windows-AppModel-Runtime/Admin\",\"Computer\":\"cyberjunkie-test\",\"Security\":{\"#attributes\":{\"UserID\":\"S-1-5-21-3088055692-629932344-1786574096-1002\"}}},\"EventData\":{\"AppContainerName\":\"Microsoft.VCLibs.140.00_8wekyb3d8bbwe\"}}}",
  "xml_fields": {
    "provider": "Microsoft-Windows-AppModel-Runtime",
    "event_id": "42",
    "timestamp": "2025-01-06T12:26:24.416315Z",
    "event_record_id": "654",
    "level": "4",
    "task": "0",
    "opcode": "0",
    "keywords": "0x2000000000000002",
    "channel": "Microsoft-Windows-AppModel-Runtime/Admin",
    "computer": "cyberjunkie-test",
    "AppContainerName": "Microsoft.VCLibs.140.00_8wekyb3d8bbwe"
  },
  "json_fields": {
    "provider": "Microsoft-Windows-AppModel-Runtime",
    "channel": "Microsoft-Windows-AppModel-Runtime/Admin",
    "event_id": "42",
    "timestamp": "2025-01-06T12:26:24.416315Z",
    "event_record_id": "654",
    "level": "4",
    "task": "0",
    "opcode": "0",
    "keywords": "0x2000000000000002",
    "computer": "cyberjunkie-test",
    "AppContainerName": "Microsoft.VCLibs.140.00_8wekyb3d8bbwe"
  }
}