{
  "event_id": "42",
  "provider": "Microsoft-Windows-PushNotifications-Platform",
  "channel": "Microsoft-Windows-PushNotification-Platform/Operational",
  "source_file": "D:\\visual code file\\Project_4\\Event-Analyzer\\test\\Logs\\Microsoft-Windows-PushNotification-Platform%4Operational.evtx",
  "event_record_id": 1645,
  "xml": "<?xml version=\"1.0\" encoding=\"utf-8\"?>\n<Event xmlns=\"http://schemas.microsoft.com/win/2004/08/events/event\">\n  <System>\n    <Provider Name=\"Microsoft-Windows-PushNotifications-Platform\" Guid=\"88CD9180-4491-4640-B571-E3BEE2527943\">\n    </Provider>\n    <EventID>42</EventID>\n    <Version>0</Version>\n    <Level>4</Level>\n    <Task>0</Task>\n    <Opcode>0</Opcode>\n    <Keywords>0x8000000002801000</Keywords>\n    <TimeCreated SystemTime=\"2025-01-24T10:53:22.094711Z\">\n    </TimeCreated>\n    <EventRecordID>1645</EventRecordID>\n    <Correlation>\n    </Correlation>\n    <Execution ProcessID=\"3024\" ThreadID=\"3180\">\n    </Execution>\n    <Channel>Microsoft-Windows-PushNotification-Platform/Operational</Channel>\n    <Computer>CTO-FILESVR</Computer>\n    <Security UserID=\"S-1-5-18\">\n    </Security>\n  </System>\n  <EventData>\n    <Data Name=\"GroupPolicyValue\">true</Data>\n    <Data Name=\"MDMPolicyValue\">true</Data>\n  </EventData>\n</Event>\n",
  "json": "{\"Event\":{\"#attributes\":{\"xmlns\":\"http://schemas.microsoft.com/win/2004/08/events/event\"},\"System\":{\"Provider\":{\"#attributes\":{\"Name\":\"Microsoft-Windows-PushNotifications-Platform\",\"Guid\":\"88CD9180-4491-4640-B571-E3BEE2527943\"}},\"EventID\":42,\"Version\":0,\"Level\":4,\"Task\":0,\"Opcode\":0,\"Keywords\":\"0x8000000002801000\",\"TimeCreated\":{\"#attributes\":{\"SystemTime\":\"2025-01-24T10:53:22.094711Z\"}},\"EventRecordID\":1645,\"Correlation\":null,\"Execution\":{\"#attributes\":{\"ProcessID\":3024,\"ThreadID\":3180}},\"Channel\":\"Microsoft-Windows-PushNotification-Platform/Operational\",\"Computer\":\"CTO-FILESVR\",\"Security\":{\"#attributes\":{\"UserID\":\"S-1-5-18\"}}},\"EventData\":{\"GroupPolicyValue\":true,\"MDMPolicyValue\":true}}}",
  "xml_fields": {
    "provider": "Microsoft-Windows-PushNotifications-Platform",
    "event_id": "42",
    "timestamp": "2025-01-24T10:53:22.094711Z",
    "event_record_id": "1645",
    "level": "4",
    "task": "0",
    "opcode": "0",
    "keywords": "0x8000000002801000",
    "channel": "Microsoft-Windows-PushNotification-Platform/Operational",
    "computer": "CTO-FILESVR",
    "GroupPolicyValue": "true",
    "MDMPolicyValue": "true"
  },
  "json_fields": {
    "provider": "Microsoft-Windows-PushNotifications-Platform",
    "channel": "Microsoft-Windows-PushNotification-Platform/Operational",
    "event_id": "42",
    "timestamp": "2025-01-24T10:53:22.094711Z",
    "event_record_id": "1645",
    "level": "4",
    "task": "0",
    "opcode": "0",
    "keywords": "0x8000000002801000",
    "computer": "CTO-FILESVR",
    "GroupPolicyValue": "True",
    "MDMPolicyValue": "True"
  }
}