{
  "event_id": "438",
  "provider": "Microsoft-Windows-AppXDeployment-Server",
  "channel": "Microsoft-Windows-AppXDeploymentServer/Operational",
  "source_file": "D:\\visual code file\\Project_4\\Event-Analyzer\\test\\Benign\\Logs_Win11\\Microsoft-Windows-AppXDeploymentServer%4Operational.evtx",
  "event_record_id": 4639,
  "xml": "<?xml version=\"1.0\" encoding=\"utf-8\"?>\n<Event xmlns=\"http://schemas.microsoft.com/win/2004/08/events/event\">\n  <System>\n    <Provider Name=\"Microsoft-Windows-AppXDeployment-Server\" Guid=\"3F471139-ACB7-4A01-B7A7-FF5DA4BA2D43\">\n    </Provider>\n    <EventID>438</EventID>\n    <Version>0</Version>\n    <Level>5</Level>\n    <Task>4</Task>\n    <Opcode>0</Opcode>\n    <Keywords>0x4000000000000001</Keywords>\n    <TimeCreated SystemTime=\"2022-03-01T18:52:36.894037Z\">\n    </TimeCreated>\n    <EventRecordID>4639</EventRecordID>\n    <Correlation ActivityID=\"7F58167F-2D8B-0004-0EC9-587F8B2DD801\">\n    </Correlation>\n    <Execution ProcessID=\"1608\" ThreadID=\"4920\">\n    </Execution>\n    <Channel>Microsoft-Windows-AppXDeploymentServer/Operational</Channel>\n    <Computer>DESKTOP-6D0DBMB</Computer>\n    <Security UserID=\"S-1-5-21-1671613982-9707084-2312793148-1001\">\n    </Security>\n  </System>\n  <EventData>\n    <Data Name=\"PackageMoniker\">Microsoft.UI.Xaml.CBS_2.62107.16001.0_x64__8wekyb3d8bbwe</Data>\n  </EventData>\n</Event>\n",
  "json": "{\"Event\":{\"#attributes\":{\"xmlns\":\"http://schemas.microsoft.com/win/2004/08/events/event\"},\"System\":{\"Provider\":{\"#attributes\":{\"Name\":\"Microsoft-Windows-AppXDeployment-Server\",\"Guid\":\"3F471139-ACB7-4A01-B7A7-FF5DA4BA2D43\"}},\"EventID\":438,\"Version\":0,\"Level\":5,\"Task\":4,\"Opcode\":0,\"Keywords\":\"0x4000000000000001\",\"TimeCreated\":{\"#attributes\":{\"SystemTime\":\"2022-03-01T18:52:36.894037Z\"}},\"EventRecordID\":4639,\"Correlation\":{\"#attributes\":{\"ActivityID\":\"7F58167F-2D8B-0004-0EC9-587F8B2DD801\"}},\"Execution\":{\"#attributes\":{\"ProcessID\":1608,\"ThreadID\":4920}},\"Channel\":\"Microsoft-Windows-AppXDeploymentServer/Operational\",\"Computer\":\"DESKTOP-6D0DBMB\",\"Security\":{\"#attributes\":{\"UserID\":\"S-1-5-21-1671613982-9707084-2312793148-1001\"}}},\"EventData\":{\"PackageMoniker\":\"Microsoft.UI.Xaml.CBS_2.62107.16001.0_x64__8wekyb3d8bbwe\"}}}",
  "xml_fields": {
    "provider": "Microsoft-Windows-AppXDeployment-Server",
    "event_id": "438",
    "timestamp": "2022-03-01T18:52:36.894037Z",
    "event_record_id": "4639",
    "level": "5",
    "task": "4",
    "opcode": "0",
    "keywords": "0x4000000000000001",
    "channel": "Microsoft-Windows-AppXDeploymentServer/Operational",
    "computer": "DESKTOP-6D0DBMB",
    "PackageMoniker": "Microsoft.UI.Xaml.CBS_2.62107.16001.0_x64__8wekyb3d8bbwe"
  },
  "json_fields": {
    "provider": "Microsoft-Windows-AppXDeployment-Server",
    "channel": "Microsoft-Windows-AppXDeploymentServer/Operational",
    "event_id": "438",
    "timestamp": "2022-03-01T18:52:36.894037Z",
    "event_record_id": "4639",
    "level": "5",
    "task": "4",
    "opcode": "0",
    "keywords": "0x4000000000000001",
    "computer": "DESKTOP-6D0DBMB",
    "PackageMoniker": "Microsoft.UI.Xaml.CBS_2.62107.16001.0_x64__8wekyb3d8bbwe"
  }
}