{
  "event_id": "4440",
  "provider": "Microsoft-Windows-Complus",
  "channel": "Application",
  "source_file": "D:\\visual code file\\Project_4\\Event-Analyzer\\test\\Logs\\Application.evtx",
  "event_record_id": 209,
  "xml": "<?xml version=\"1.0\" encoding=\"utf-8\"?>\n<Event xmlns=\"http://schemas.microsoft.com/win/2004/08/events/event\">\n  <System>\n    <Provider Name=\"Microsoft-Windows-Complus\" Guid=\"{0f177893-4a9c-4709-b921-f432d67f43d5}\" EventSourceName=\"COM+\">\n    </Provider>\n    <EventID Qualifiers=\"32770\">4440</EventID>\n    <Version>0</Version>\n    <Level>3</Level>\n    <Task>28</Task>\n    <Opcode>0</Opcode>\n    <Keywords>0x80000000000000</Keywords>\n    <TimeCreated SystemTime=\"2025-01-06T12:18:45.274539Z\">\n    </TimeCreated>\n    <EventRecordID>209</EventRecordID>\n    <Correlation>\n    </Correlation>\n    <Execution ProcessID=\"0\" ThreadID=\"0\">\n    </Execution>\n    <Channel>Application</Channel>\n    <Computer>cyberjunkie-test</Computer>\n    <Security>\n    </Security>\n  </System>\n  <EventData>\n    <Data Name=\"param1\">DESKTOP-P9H5FTA\r\n\r\nServer Application ID: {02D4B3F1-FD88-11D1-960D-00805FC79235}\r\nServer Application Instance ID:\r\n{39152483-4AF9-4699-9012-C0126F3CAAF4}\r\nServer Application Name: System Application\r\nComsvcs.dll file version: ENU 2001.12.10941.16384 shp</Data>\n  </EventData>\n</Event>\n",
  "json": "{\"Event\":{\"#attributes\":{\"xmlns\":\"http://schemas.microsoft.com/win/2004/08/events/event\"},\"System\":{\"Provider\":{\"#attributes\":{\"Name\":\"Microsoft-Windows-Complus\",\"Guid\":\"{0f177893-4a9c-4709-b921-f432d67f43d5}\",\"EventSourceName\":\"COM+\"}},\"EventID\":{\"#attributes\":{\"Qualifiers\":32770},\"#text\":4440},\"Version\":0,\"Level\":3,\"Task\":28,\"Opcode\":0,\"Keywords\":\"0x80000000000000\",\"TimeCreated\":{\"#attributes\":{\"SystemTime\":\"2025-01-06T12:18:45.274539Z\"}},\"EventRecordID\":209,\"Correlation\":null,\"Execution\":{\"#attributes\":{\"ProcessID\":0,\"ThreadID\":0}},\"Channel\":\"Application\",\"Computer\":\"cyberjunkie-test\",\"Security\":null},\"EventData\":{\"param1\":\"DESKTOP-P9H5FTA\\r\\n\\r\\nServer Application ID: {02D4B3F1-FD88-11D1-960D-00805FC79235}\\r\\nServer Application Instance ID:\\r\\n{39152483-4AF9-4699-9012-C0126F3CAAF4}\\r\\nServer Application Name: System Application\\r\\nComsvcs.dll file version: ENU 2001.12.10941.16384 shp\"}}}",
  "xml_fields": {
    "provider": "Microsoft-Windows-Complus",
    "event_id": "4440",
    "timestamp": "2025-01-06T12:18:45.274539Z",
    "event_record_id": "209",
    "level": "3",
    "task": "28",
    "opcode": "0",
    "keywords": "0x80000000000000",
    "channel": "Application",
    "computer": "cyberjunkie-test",
    "param1": "DESKTOP-P9H5FTA\n\nServer Application ID: {02D4B3F1-FD88-11D1-960D-00805FC79235}\nServer Application Instance ID:\n{39152483-4AF9-4699-9012-C0126F3CAAF4}\nServer Application Name: System Application\nComsvcs.dll file version: ENU 2001.12.10941.16384 shp"
  },
  "json_fields": {
    "provider": "Microsoft-Windows-Complus",
    "channel": "Application",
    "event_id": "4440",
    "timestamp": "2025-01-06T12:18:45.274539Z",
    "event_record_id": "209",
    "level": "3",
    "task": "28",
    "opcode": "0",
    "keywords": "0x80000000000000",
    "computer": "cyberjunkie-test",
    "param1": "DESKTOP-P9H5FTA\r\n\r\nServer Application ID: {02D4B3F1-FD88-11D1-960D-00805FC79235}\r\nServer Application Instance ID:\r\n{39152483-4AF9-4699-9012-C0126F3CAAF4}\r\nServer Application Name: System Application\r\nComsvcs.dll file version: ENU 2001.12.10941.16384 shp"
  }
}