{
  "event_id": "4611",
  "provider": "Microsoft-Windows-Security-Auditing",
  "channel": "Security",
  "source_file": "D:\\visual code file\\Project_4\\Event-Analyzer\\test\\Malicious\\EVTX-ATTACK-SAMPLES\\Privilege Escalation\\security_4624_4673_token_manip.evtx",
  "event_record_id": 5,
  "xml": "<?xml version=\"1.0\" encoding=\"utf-8\"?>\n<Event xmlns=\"http://schemas.microsoft.com/win/2004/08/events/event\">\n  <System>\n    <Provider Name=\"Microsoft-Windows-Security-Auditing\" Guid=\"54849625-5478-4994-A5BA-3E3B0328C30D\">\n    </Provider>\n    <EventID>4611</EventID>\n    <Version>0</Version>\n    <Level>0</Level>\n    <Task>12289</Task>\n    <Opcode>0</Opcode>\n    <Keywords>0x8020000000000000</Keywords>\n    <TimeCreated SystemTime=\"2019-05-11T17:10:10.654945Z\">\n    </TimeCreated>\n    <EventRecordID>18199</EventRecordID>\n    <Correlation>\n    </Correlation>\n    <Execution ProcessID=\"492\" ThreadID=\"3956\">\n    </Execution>\n    <Channel>Security</Channel>\n    <Computer>IEWIN7</Computer>\n    <Security>\n    </Security>\n  </System>\n  <EventData>\n    <Data Name=\"SubjectUserSid\">S-1-5-18</Data>\n    <Data Name=\"SubjectUserName\">IEWIN7$</Data>\n    <Data Name=\"SubjectDomainName\">WORKGROUP</Data>\n    <Data Name=\"SubjectLogonId\">0x3e7</Data>\n    <Data Name=\"LogonProcessName\">ConsentUI</Data>\n  </EventData>\n</Event>\n",
  "json": "{\"Event\":{\"#attributes\":{\"xmlns\":\"http://schemas.microsoft.com/win/2004/08/events/event\"},\"System\":{\"Provider\":{\"#attributes\":{\"Name\":\"Microsoft-Windows-Security-Auditing\",\"Guid\":\"54849625-5478-4994-A5BA-3E3B0328C30D\"}},\"EventID\":4611,\"Version\":0,\"Level\":0,\"Task\":12289,\"Opcode\":0,\"Keywords\":\"0x8020000000000000\",\"TimeCreated\":{\"#attributes\":{\"SystemTime\":\"2019-05-11T17:10:10.654945Z\"}},\"EventRecordID\":18199,\"Correlation\":null,\"Execution\":{\"#attributes\":{\"ProcessID\":492,\"ThreadID\":3956}},\"Channel\":\"Security\",\"Computer\":\"IEWIN7\",\"Security\":null},\"EventData\":{\"SubjectUserSid\":\"S-1-5-18\",\"SubjectUserName\":\"IEWIN7$\",\"SubjectDomainName\":\"WORKGROUP\",\"SubjectLogonId\":\"0x3e7\",\"LogonProcessName\":\"ConsentUI\"}}}",
  "xml_fields": {
    "provider": "Microsoft-Windows-Security-Auditing",
    "event_id": "4611",
    "timestamp": "2019-05-11T17:10:10.654945Z",
    "event_record_id": "18199",
    "level": "0",
    "task": "12289",
    "opcode": "0",
    "keywords": "0x8020000000000000",
    "channel": "Security",
    "computer": "IEWIN7",
    "SubjectUserSid": "S-1-5-18",
    "SubjectUserName": "IEWIN7$",
    "SubjectDomainName": "WORKGROUP",
    "SubjectLogonId": "0x3e7",
    "LogonProcessName": "ConsentUI"
  },
  "json_fields": {
    "provider": "Microsoft-Windows-Security-Auditing",
    "channel": "Security",
    "event_id": "4611",
    "timestamp": "2019-05-11T17:10:10.654945Z",
    "event_record_id": "18199",
    "level": "0",
    "task": "12289",
    "opcode": "0",
    "keywords": "0x8020000000000000",
    "computer": "IEWIN7",
    "SubjectUserSid": "S-1-5-18",
    "SubjectUserName": "IEWIN7$",
    "SubjectDomainName": "WORKGROUP",
    "SubjectLogonId": "0x3e7",
    "LogonProcessName": "ConsentUI"
  }
}