{
  "event_id": "4622",
  "provider": "Microsoft-Windows-Security-Auditing",
  "channel": "Security",
  "source_file": "D:\\visual code file\\Project_4\\Event-Analyzer\\test\\Malicious\\EVTX-to-MITRE-Attack-master\\TA0003-Persistence\\T1547-Boot or Logon Autostart Execution\\ID4622-New SSP loaded in LSA (only legitim).evtx",
  "event_record_id": 1,
  "xml": "<?xml version=\"1.0\" encoding=\"utf-8\"?>\n<Event xmlns=\"http://schemas.microsoft.com/win/2004/08/events/event\">\n  <System>\n    <Provider Name=\"Microsoft-Windows-Security-Auditing\" Guid=\"{54849625-5478-4994-A5BA-3E3B0328C30D}\">\n    </Provider>\n    <EventID>4622</EventID>\n    <Version>0</Version>\n    <Level>0</Level>\n    <Task>12289</Task>\n    <Opcode>0</Opcode>\n    <Keywords>0x8020000000000000</Keywords>\n    <TimeCreated SystemTime=\"2021-05-10T06:22:54.633626900Z\">\n    </TimeCreated>\n    <EventRecordID>1814868</EventRecordID>\n    <Correlation>\n    </Correlation>\n    <Execution ProcessID=\"564\" ThreadID=\"568\">\n    </Execution>\n    <Channel>Security</Channel>\n    <Computer>fs01.offsec.lan</Computer>\n    <Security>\n    </Security>\n  </System>\n  <EventData>\n    <Data Name=\"SecurityPackageName\">C:\\Windows\\system32\\lsasrv.dll : Negotiate</Data>\n  </EventData>\n</Event>\n",
  "json": "{\"Event\":{\"#attributes\":{\"xmlns\":\"http://schemas.microsoft.com/win/2004/08/events/event\"},\"System\":{\"Provider\":{\"#attributes\":{\"Name\":\"Microsoft-Windows-Security-Auditing\",\"Guid\":\"{54849625-5478-4994-A5BA-3E3B0328C30D}\"}},\"EventID\":\"4622\",\"Version\":\"0\",\"Level\":\"0\",\"Task\":\"12289\",\"Opcode\":\"0\",\"Keywords\":\"0x8020000000000000\",\"TimeCreated\":{\"#attributes\":{\"SystemTime\":\"2021-05-10T06:22:54.633626900Z\"}},\"EventRecordID\":\"1814868\",\"Correlation\":null,\"Execution\":{\"#attributes\":{\"ProcessID\":\"564\",\"ThreadID\":\"568\"}},\"Channel\":\"Security\",\"Computer\":\"fs01.offsec.lan\",\"Security\":null},\"EventData\":{\"SecurityPackageName\":\"C:\\\\Windows\\\\system32\\\\lsasrv.dll : Negotiate\"}}}",
  "xml_fields": {
    "provider": "Microsoft-Windows-Security-Auditing",
    "event_id": "4622",
    "timestamp": "2021-05-10T06:22:54.633626900Z",
    "event_record_id": "1814868",
    "level": "0",
    "task": "12289",
    "opcode": "0",
    "keywords": "0x8020000000000000",
    "channel": "Security",
    "computer": "fs01.offsec.lan",
    "SecurityPackageName": "C:\\Windows\\system32\\lsasrv.dll : Negotiate"
  },
  "json_fields": {
    "provider": "Microsoft-Windows-Security-Auditing",
    "channel": "Security",
    "event_id": "4622",
    "timestamp": "2021-05-10T06:22:54.633626900Z",
    "event_record_id": "1814868",
    "level": "0",
    "task": "12289",
    "opcode": "0",
    "keywords": "0x8020000000000000",
    "computer": "fs01.offsec.lan",
    "SecurityPackageName": "C:\\Windows\\system32\\lsasrv.dll : Negotiate"
  }
}