{
  "event_id": "4624",
  "provider": "Microsoft-Windows-Security-Auditing",
  "channel": "Security",
  "source_file": "D:\\visual code file\\Project_4\\Event-Analyzer\\test\\Logs\\Security.evtx",
  "event_record_id": 4420,
  "xml": "<?xml version=\"1.0\" encoding=\"utf-8\"?>\n<Event xmlns=\"http://schemas.microsoft.com/win/2004/08/events/event\">\n  <System>\n    <Provider Name=\"Microsoft-Windows-Security-Auditing\" Guid=\"54849625-5478-4994-A5BA-3E3B0328C30D\">\n    </Provider>\n    <EventID>4624</EventID>\n    <Version>2</Version>\n    <Level>0</Level>\n    <Task>12544</Task>\n    <Opcode>0</Opcode>\n    <Keywords>0x8020000000000000</Keywords>\n    <TimeCreated SystemTime=\"2025-01-24T10:28:58.988078Z\">\n    </TimeCreated>\n    <EventRecordID>4420</EventRecordID>\n    <Correlation ActivityID=\"8D345FF6-6E47-0001-3860-348D476EDB01\">\n    </Correlation>\n    <Execution ProcessID=\"684\" ThreadID=\"5248\">\n    </Execution>\n    <Channel>Security</Channel>\n    <Computer>CTO-FILESVR</Computer>\n    <Security>\n    </Security>\n  </System>\n  <EventData>\n    <Data Name=\"SubjectUserSid\">S-1-5-18</Data>\n    <Data Name=\"SubjectUserName\">CTO-FILESVR$</Data>\n    <Data Name=\"SubjectDomainName\">WORKGROUP</Data>\n    <Data Name=\"SubjectLogonId\">0x3e7</Data>\n    <Data Name=\"TargetUserSid\">S-1-5-18</Data>\n    <Data Name=\"TargetUserName\">SYSTEM</Data>\n    <Data Name=\"TargetDomainName\">NT AUTHORITY</Data>\n    <Data Name=\"TargetLogonId\">0x3e7</Data>\n    <Data Name=\"LogonType\">5</Data>\n    <Data Name=\"LogonProcessName\">Advapi  </Data>\n    <Data Name=\"AuthenticationPackageName\">Negotiate</Data>\n    <Data Name=\"WorkstationName\">-</Data>\n    <Data Name=\"LogonGuid\">00000000-0000-0000-0000-000000000000</Data>\n    <Data Name=\"TransmittedServices\">-</Data>\n    <Data Name=\"LmPackageName\">-</Data>\n    <Data Name=\"KeyLength\">0</Data>\n    <Data Name=\"ProcessId\">0x298</Data>\n    <Data Name=\"ProcessName\">C:\\Windows\\System32\\services.exe</Data>\n    <Data Name=\"IpAddress\">-</Data>\n    <Data Name=\"IpPort\">-</Data>\n    <Data Name=\"ImpersonationLevel\">%%1833</Data>\n    <Data Name=\"RestrictedAdminMode\">-</Data>\n    <Data Name=\"TargetOutboundUserName\">-</Data>\n    <Data Name=\"TargetOutboundDomainName\">-</Data>\n    <Data Name=\"VirtualAccount\">%%1843</Data>\n    <Data Name=\"TargetLinkedLogonId\">0x0</Data>\n    <Data Name=\"ElevatedToken\">%%1842</Data>\n  </EventData>\n</Event>\n",
  "json": "{\"Event\":{\"#attributes\":{\"xmlns\":\"http://schemas.microsoft.com/win/2004/08/events/event\"},\"System\":{\"Provider\":{\"#attributes\":{\"Name\":\"Microsoft-Windows-Security-Auditing\",\"Guid\":\"54849625-5478-4994-A5BA-3E3B0328C30D\"}},\"EventID\":4624,\"Version\":2,\"Level\":0,\"Task\":12544,\"Opcode\":0,\"Keywords\":\"0x8020000000000000\",\"TimeCreated\":{\"#attributes\":{\"SystemTime\":\"2025-01-24T10:28:58.988078Z\"}},\"EventRecordID\":4420,\"Correlation\":{\"#attributes\":{\"ActivityID\":\"8D345FF6-6E47-0001-3860-348D476EDB01\"}},\"Execution\":{\"#attributes\":{\"ProcessID\":684,\"ThreadID\":5248}},\"Channel\":\"Security\",\"Computer\":\"CTO-FILESVR\",\"Security\":null},\"EventData\":{\"SubjectUserSid\":\"S-1-5-18\",\"SubjectUserName\":\"CTO-FILESVR$\",\"SubjectDomainName\":\"WORKGROUP\",\"SubjectLogonId\":\"0x3e7\",\"TargetUserSid\":\"S-1-5-18\",\"TargetUserName\":\"SYSTEM\",\"TargetDomainName\":\"NT AUTHORITY\",\"TargetLogonId\":\"0x3e7\",\"LogonType\":5,\"LogonProcessName\":\"Advapi  \",\"AuthenticationPackageName\":\"Negotiate\",\"WorkstationName\":\"-\",\"LogonGuid\":\"00000000-0000-0000-0000-000000000000\",\"TransmittedServices\":\"-\",\"LmPackageName\":\"-\",\"KeyLength\":0,\"ProcessId\":\"0x298\",\"ProcessName\":\"C:\\\\Windows\\\\System32\\\\services.exe\",\"IpAddress\":\"-\",\"IpPort\":\"-\",\"ImpersonationLevel\":\"%%1833\",\"RestrictedAdminMode\":\"-\",\"TargetOutboundUserName\":\"-\",\"TargetOutboundDomainName\":\"-\",\"VirtualAccount\":\"%%1843\",\"TargetLinkedLogonId\":\"0x0\",\"ElevatedToken\":\"%%1842\"}}}",
  "xml_fields": {
    "provider": "Microsoft-Windows-Security-Auditing",
    "event_id": "4624",
    "timestamp": "2025-01-24T10:28:58.988078Z",
    "event_record_id": "4420",
    "level": "0",
    "task": "12544",
    "opcode": "0",
    "keywords": "0x8020000000000000",
    "channel": "Security",
    "computer": "CTO-FILESVR",
    "SubjectUserSid": "S-1-5-18",
    "SubjectUserName": "CTO-FILESVR$",
    "SubjectDomainName": "WORKGROUP",
    "SubjectLogonId": "0x3e7",
    "TargetUserSid": "S-1-5-18",
    "TargetUserName": "SYSTEM",
    "TargetDomainName": "NT AUTHORITY",
    "TargetLogonId": "0x3e7",
    "LogonType": "5",
    "LogonProcessName": "Advapi  ",
    "AuthenticationPackageName": "Negotiate",
    "WorkstationName": "-",
    "LogonGuid": "00000000-0000-0000-0000-000000000000",
    "TransmittedServices": "-",
    "LmPackageName": "-",
    "KeyLength": "0",
    "ProcessId": "0x298",
    "ProcessName": "C:\\Windows\\System32\\services.exe",
    "IpAddress": "-",
    "IpPort": "-",
    "ImpersonationLevel": "%%1833",
    "RestrictedAdminMode": "-",
    "TargetOutboundUserName": "-",
    "TargetOutboundDomainName": "-",
    "VirtualAccount": "%%1843",
    "TargetLinkedLogonId": "0x0",
    "ElevatedToken": "%%1842"
  },
  "json_fields": {
    "provider": "Microsoft-Windows-Security-Auditing",
    "channel": "Security",
    "event_id": "4624",
    "timestamp": "2025-01-24T10:28:58.988078Z",
    "event_record_id": "4420",
    "level": "0",
    "task": "12544",
    "opcode": "0",
    "keywords": "0x8020000000000000",
    "computer": "CTO-FILESVR",
    "SubjectUserSid": "S-1-5-18",
    "SubjectUserName": "CTO-FILESVR$",
    "SubjectDomainName": "WORKGROUP",
    "SubjectLogonId": "0x3e7",
    "TargetUserSid": "S-1-5-18",
    "TargetUserName": "SYSTEM",
    "TargetDomainName": "NT AUTHORITY",
    "TargetLogonId": "0x3e7",
    "LogonType": "5",
    "LogonProcessName": "Advapi  ",
    "AuthenticationPackageName": "Negotiate",
    "WorkstationName": "-",
    "LogonGuid": "00000000-0000-0000-0000-000000000000",
    "TransmittedServices": "-",
    "LmPackageName": "-",
    "KeyLength": "0",
    "ProcessId": "0x298",
    "ProcessName": "C:\\Windows\\System32\\services.exe",
    "IpAddress": "-",
    "IpPort": "-",
    "ImpersonationLevel": "%%1833",
    "RestrictedAdminMode": "-",
    "TargetOutboundUserName": "-",
    "TargetOutboundDomainName": "-",
    "VirtualAccount": "%%1843",
    "TargetLinkedLogonId": "0x0",
    "ElevatedToken": "%%1842"
  }
}