{
  "event_id": "4625",
  "provider": "Microsoft-Windows-EventSystem",
  "channel": "Application",
  "source_file": "D:\\visual code file\\Project_4\\Event-Analyzer\\test\\Logs\\Application.evtx",
  "event_record_id": 30,
  "xml": "<?xml version=\"1.0\" encoding=\"utf-8\"?>\n<Event xmlns=\"http://schemas.microsoft.com/win/2004/08/events/event\">\n  <System>\n    <Provider Name=\"Microsoft-Windows-EventSystem\" Guid=\"{899daace-4868-4295-afcd-9eb8fb497561}\" EventSourceName=\"EventSystem\">\n    </Provider>\n    <EventID Qualifiers=\"16384\">4625</EventID>\n    <Version>0</Version>\n    <Level>4</Level>\n    <Task>0</Task>\n    <Opcode>0</Opcode>\n    <Keywords>0x80000000000000</Keywords>\n    <TimeCreated SystemTime=\"2024-11-05T01:34:16.966751Z\">\n    </TimeCreated>\n    <EventRecordID>30</EventRecordID>\n    <Correlation>\n    </Correlation>\n    <Execution ProcessID=\"0\" ThreadID=\"0\">\n    </Execution>\n    <Channel>Application</Channel>\n    <Computer>DESKTOP-P9H5FTA</Computer>\n    <Security>\n    </Security>\n  </System>\n  <EventData>\n    <Data Name=\"param1\">86400</Data>\n    <Data Name=\"param2\">SuppressDuplicateDuration</Data>\n    <Data Name=\"param3\">Software\\Microsoft\\EventSystem\\EventLog</Data>\n  </EventData>\n</Event>\n",
  "json": "{\"Event\":{\"#attributes\":{\"xmlns\":\"http://schemas.microsoft.com/win/2004/08/events/event\"},\"System\":{\"Provider\":{\"#attributes\":{\"Name\":\"Microsoft-Windows-EventSystem\",\"Guid\":\"{899daace-4868-4295-afcd-9eb8fb497561}\",\"EventSourceName\":\"EventSystem\"}},\"EventID\":{\"#attributes\":{\"Qualifiers\":16384},\"#text\":4625},\"Version\":0,\"Level\":4,\"Task\":0,\"Opcode\":0,\"Keywords\":\"0x80000000000000\",\"TimeCreated\":{\"#attributes\":{\"SystemTime\":\"2024-11-05T01:34:16.966751Z\"}},\"EventRecordID\":30,\"Correlation\":null,\"Execution\":{\"#attributes\":{\"ProcessID\":0,\"ThreadID\":0}},\"Channel\":\"Application\",\"Computer\":\"DESKTOP-P9H5FTA\",\"Security\":null},\"EventData\":{\"param1\":\"86400\",\"param2\":\"SuppressDuplicateDuration\",\"param3\":\"Software\\\\Microsoft\\\\EventSystem\\\\EventLog\"}}}",
  "xml_fields": {
    "provider": "Microsoft-Windows-EventSystem",
    "event_id": "4625",
    "timestamp": "2024-11-05T01:34:16.966751Z",
    "event_record_id": "30",
    "level": "4",
    "task": "0",
    "opcode": "0",
    "keywords": "0x80000000000000",
    "channel": "Application",
    "computer": "DESKTOP-P9H5FTA",
    "param1": "86400",
    "param2": "SuppressDuplicateDuration",
    "param3": "Software\\Microsoft\\EventSystem\\EventLog"
  },
  "json_fields": {
    "provider": "Microsoft-Windows-EventSystem",
    "channel": "Application",
    "event_id": "4625",
    "timestamp": "2024-11-05T01:34:16.966751Z",
    "event_record_id": "30",
    "level": "4",
    "task": "0",
    "opcode": "0",
    "keywords": "0x80000000000000",
    "computer": "DESKTOP-P9H5FTA",
    "param1": "86400",
    "param2": "SuppressDuplicateDuration",
    "param3": "Software\\Microsoft\\EventSystem\\EventLog"
  }
}