{
  "event_id": "4625",
  "provider": "Microsoft-Windows-Security-Auditing",
  "channel": "Security",
  "source_file": "D:\\visual code file\\Project_4\\Event-Analyzer\\test\\Malicious\\EVTX-to-MITRE-Attack-master\\TA0006-Credential Access\\T1110.xxx-Brut force\\ID 4776,4625-AccountRestore local bruteforce.evtx",
  "event_record_id": 1,
  "xml": "<?xml version=\"1.0\" encoding=\"utf-8\"?>\n<Event xmlns=\"http://schemas.microsoft.com/win/2004/08/events/event\">\n  <System>\n    <Provider Name=\"Microsoft-Windows-Security-Auditing\" Guid=\"54849625-5478-4994-A5BA-3E3B0328C30D\">\n    </Provider>\n    <EventID>4625</EventID>\n    <Version>0</Version>\n    <Level>0</Level>\n    <Task>12544</Task>\n    <Opcode>0</Opcode>\n    <Keywords>0x8010000000000000</Keywords>\n    <TimeCreated SystemTime=\"2023-09-25T20:39:50.822397Z\">\n    </TimeCreated>\n    <EventRecordID>11286</EventRecordID>\n    <Correlation ActivityID=\"7A9AC068-ECD0-0001-9CC0-9A7AD0ECD901\">\n    </Correlation>\n    <Execution ProcessID=\"760\" ThreadID=\"804\">\n    </Execution>\n    <Channel>Security</Channel>\n    <Computer>WIN</Computer>\n    <Security>\n    </Security>\n  </System>\n  <EventData>\n    <Data Name=\"SubjectUserSid\">S-1-5-21-113448046-927799223-410490820-1001</Data>\n    <Data Name=\"SubjectUserName\">Admin</Data>\n    <Data Name=\"SubjectDomainName\">WIN</Data>\n    <Data Name=\"SubjectLogonId\">0x393f6d</Data>\n    <Data Name=\"TargetUserSid\">S-1-0-0</Data>\n    <Data Name=\"TargetUserName\">Admin</Data>\n    <Data Name=\"TargetDomainName\">WIN</Data>\n    <Data Name=\"Status\">0xc000006d</Data>\n    <Data Name=\"FailureReason\">%%2313</Data>\n    <Data Name=\"SubStatus\">0xc000006a</Data>\n    <Data Name=\"LogonType\">2</Data>\n    <Data Name=\"LogonProcessName\">Advapi  </Data>\n    <Data Name=\"AuthenticationPackageName\">Negotiate</Data>\n    <Data Name=\"WorkstationName\">WIN</Data>\n    <Data Name=\"TransmittedServices\">-</Data>\n    <Data Name=\"LmPackageName\">-</Data>\n    <Data Name=\"KeyLength\">0</Data>\n    <Data Name=\"ProcessId\">0x1b0c</Data>\n    <Data Name=\"ProcessName\">C:\\Users\\Admin\\Desktop\\AccountRestore.bin\\AccountRestore.exe</Data>\n    <Data Name=\"IpAddress\">-</Data>\n    <Data Name=\"IpPort\">-</Data>\n  </EventData>\n</Event>\n",
  "json": "{\"Event\":{\"#attributes\":{\"xmlns\":\"http://schemas.microsoft.com/win/2004/08/events/event\"},\"System\":{\"Provider\":{\"#attributes\":{\"Name\":\"Microsoft-Windows-Security-Auditing\",\"Guid\":\"54849625-5478-4994-A5BA-3E3B0328C30D\"}},\"EventID\":4625,\"Version\":0,\"Level\":0,\"Task\":12544,\"Opcode\":0,\"Keywords\":\"0x8010000000000000\",\"TimeCreated\":{\"#attributes\":{\"SystemTime\":\"2023-09-25T20:39:50.822397Z\"}},\"EventRecordID\":11286,\"Correlation\":{\"#attributes\":{\"ActivityID\":\"7A9AC068-ECD0-0001-9CC0-9A7AD0ECD901\"}},\"Execution\":{\"#attributes\":{\"ProcessID\":760,\"ThreadID\":804}},\"Channel\":\"Security\",\"Computer\":\"WIN\",\"Security\":null},\"EventData\":{\"SubjectUserSid\":\"S-1-5-21-113448046-927799223-410490820-1001\",\"SubjectUserName\":\"Admin\",\"SubjectDomainName\":\"WIN\",\"SubjectLogonId\":\"0x393f6d\",\"TargetUserSid\":\"S-1-0-0\",\"TargetUserName\":\"Admin\",\"TargetDomainName\":\"WIN\",\"Status\":\"0xc000006d\",\"FailureReason\":\"%%2313\",\"SubStatus\":\"0xc000006a\",\"LogonType\":2,\"LogonProcessName\":\"Advapi  \",\"AuthenticationPackageName\":\"Negotiate\",\"WorkstationName\":\"WIN\",\"TransmittedServices\":\"-\",\"LmPackageName\":\"-\",\"KeyLength\":0,\"ProcessId\":\"0x1b0c\",\"ProcessName\":\"C:\\\\Users\\\\Admin\\\\Desktop\\\\AccountRestore.bin\\\\AccountRestore.exe\",\"IpAddress\":\"-\",\"IpPort\":\"-\"}}}",
  "xml_fields": {
    "provider": "Microsoft-Windows-Security-Auditing",
    "event_id": "4625",
    "timestamp": "2023-09-25T20:39:50.822397Z",
    "event_record_id": "11286",
    "level": "0",
    "task": "12544",
    "opcode": "0",
    "keywords": "0x8010000000000000",
    "channel": "Security",
    "computer": "WIN",
    "SubjectUserSid": "S-1-5-21-113448046-927799223-410490820-1001",
    "SubjectUserName": "Admin",
    "SubjectDomainName": "WIN",
    "SubjectLogonId": "0x393f6d",
    "TargetUserSid": "S-1-0-0",
    "TargetUserName": "Admin",
    "TargetDomainName": "WIN",
    "Status": "0xc000006d",
    "FailureReason": "%%2313",
    "SubStatus": "0xc000006a",
    "LogonType": "2",
    "LogonProcessName": "Advapi  ",
    "AuthenticationPackageName": "Negotiate",
    "WorkstationName": "WIN",
    "TransmittedServices": "-",
    "LmPackageName": "-",
    "KeyLength": "0",
    "ProcessId": "0x1b0c",
    "ProcessName": "C:\\Users\\Admin\\Desktop\\AccountRestore.bin\\AccountRestore.exe",
    "IpAddress": "-",
    "IpPort": "-"
  },
  "json_fields": {
    "provider": "Microsoft-Windows-Security-Auditing",
    "channel": "Security",
    "event_id": "4625",
    "timestamp": "2023-09-25T20:39:50.822397Z",
    "event_record_id": "11286",
    "level": "0",
    "task": "12544",
    "opcode": "0",
    "keywords": "0x8010000000000000",
    "computer": "WIN",
    "SubjectUserSid": "S-1-5-21-113448046-927799223-410490820-1001",
    "SubjectUserName": "Admin",
    "SubjectDomainName": "WIN",
    "SubjectLogonId": "0x393f6d",
    "TargetUserSid": "S-1-0-0",
    "TargetUserName": "Admin",
    "TargetDomainName": "WIN",
    "Status": "0xc000006d",
    "FailureReason": "%%2313",
    "SubStatus": "0xc000006a",
    "LogonType": "2",
    "LogonProcessName": "Advapi  ",
    "AuthenticationPackageName": "Negotiate",
    "WorkstationName": "WIN",
    "TransmittedServices": "-",
    "LmPackageName": "-",
    "KeyLength": "0",
    "ProcessId": "0x1b0c",
    "ProcessName": "C:\\Users\\Admin\\Desktop\\AccountRestore.bin\\AccountRestore.exe",
    "IpAddress": "-",
    "IpPort": "-"
  }
}