{
  "event_id": "4627",
  "provider": "Microsoft-Windows-Security-Auditing",
  "channel": "Security",
  "source_file": "D:\\visual code file\\Project_4\\Event-Analyzer\\test\\Malicious\\EVTX-to-MITRE-Attack-master\\EVTX_full_APT_attack_steps\\ID4688,5140,5145-WMIexec execution via SMB (GLOBAL).evtx",
  "event_record_id": 5,
  "xml": "<?xml version=\"1.0\" encoding=\"utf-8\"?>\n<Event xmlns=\"http://schemas.microsoft.com/win/2004/08/events/event\">\n  <System>\n    <Provider Name=\"Microsoft-Windows-Security-Auditing\" Guid=\"54849625-5478-4994-A5BA-3E3B0328C30D\">\n    </Provider>\n    <EventID>4627</EventID>\n    <Version>0</Version>\n    <Level>0</Level>\n    <Task>12554</Task>\n    <Opcode>0</Opcode>\n    <Keywords>0x8020000000000000</Keywords>\n    <TimeCreated SystemTime=\"2021-04-26T08:25:36.560924Z\">\n    </TimeCreated>\n    <EventRecordID>462993</EventRecordID>\n    <Correlation ActivityID=\"42422748-35ED-0000-6027-4242ED35D701\">\n    </Correlation>\n    <Execution ProcessID=\"584\" ThreadID=\"1092\">\n    </Execution>\n    <Channel>Security</Channel>\n    <Computer>srvdefender01.offsec.lan</Computer>\n    <Security>\n    </Security>\n  </System>\n  <EventData>\n    <Data Name=\"SubjectUserSid\">S-1-0-0</Data>\n    <Data Name=\"SubjectUserName\">-</Data>\n    <Data Name=\"SubjectDomainName\">-</Data>\n    <Data Name=\"SubjectLogonId\">0x0</Data>\n    <Data Name=\"TargetUserSid\">S-1-5-21-4230534742-2542757381-3142984815-1111</Data>\n    <Data Name=\"TargetUserName\">admmig</Data>\n    <Data Name=\"TargetDomainName\">OFFSEC</Data>\n    <Data Name=\"TargetLogonId\">0x4da321f</Data>\n    <Data Name=\"LogonType\">3</Data>\n    <Data Name=\"EventIdx\">1</Data>\n    <Data Name=\"EventCountTotal\">1</Data>\n    <Data Name=\"GroupMembership\">\r\n\t\t%{S-1-5-21-4230534742-2542757381-3142984815-513}\r\n\t\t%{S-1-1-0}\r\n\t\t%{S-1-5-32-545}\r\n\t\t%{S-1-5-32-544}\r\n\t\t%{S-1-5-2}\r\n\t\t%{S-1-5-11}\r\n\t\t%{S-1-5-15}\r\n\t\t%{S-1-5-21-4230534742-2542757381-3142984815-1605}\r\n\t\t%{S-1-5-21-4230534742-2542757381-3142984815-1613}\r\n\t\t%{S-1-5-21-4230534742-2542757381-3142984815-1172}\r\n\t\t%{S-1-5-21-4230534742-2542757381-3142984815-512}\r\n\t\t%{S-1-5-21-4230534742-2542757381-3142984815-1190}\r\n\t\t%{S-1-5-21-4230534742-2542757381-3142984815-518}\r\n\t\t%{S-1-5-21-4230534742-2542757381-3142984815-1198}\r\n\t\t%{S-1-5-21-4230534742-2542757381-3142984815-519}\r\n\t\t%{S-1-5-21-4230534742-2542757381-3142984815-572}\r\n\t\t%{S-1-5-64-10}\r\n\t\t%{S-1-16-12288}</Data>\n  </EventData>\n</Event>\n",
  "json": "{\"Event\":{\"#attributes\":{\"xmlns\":\"http://schemas.microsoft.com/win/2004/08/events/event\"},\"System\":{\"Provider\":{\"#attributes\":{\"Name\":\"Microsoft-Windows-Security-Auditing\",\"Guid\":\"54849625-5478-4994-A5BA-3E3B0328C30D\"}},\"EventID\":4627,\"Version\":0,\"Level\":0,\"Task\":12554,\"Opcode\":0,\"Keywords\":\"0x8020000000000000\",\"TimeCreated\":{\"#attributes\":{\"SystemTime\":\"2021-04-26T08:25:36.560924Z\"}},\"EventRecordID\":462993,\"Correlation\":{\"#attributes\":{\"ActivityID\":\"42422748-35ED-0000-6027-4242ED35D701\"}},\"Execution\":{\"#attributes\":{\"ProcessID\":584,\"ThreadID\":1092}},\"Channel\":\"Security\",\"Computer\":\"srvdefender01.offsec.lan\",\"Security\":null},\"EventData\":{\"SubjectUserSid\":\"S-1-0-0\",\"SubjectUserName\":\"-\",\"SubjectDomainName\":\"-\",\"SubjectLogonId\":\"0x0\",\"TargetUserSid\":\"S-1-5-21-4230534742-2542757381-3142984815-1111\",\"TargetUserName\":\"admmig\",\"TargetDomainName\":\"OFFSEC\",\"TargetLogonId\":\"0x4da321f\",\"LogonType\":3,\"EventIdx\":1,\"EventCountTotal\":1,\"GroupMembership\":\"\\r\\n\\t\\t%{S-1-5-21-4230534742-2542757381-3142984815-513}\\r\\n\\t\\t%{S-1-1-0}\\r\\n\\t\\t%{S-1-5-32-545}\\r\\n\\t\\t%{S-1-5-32-544}\\r\\n\\t\\t%{S-1-5-2}\\r\\n\\t\\t%{S-1-5-11}\\r\\n\\t\\t%{S-1-5-15}\\r\\n\\t\\t%{S-1-5-21-4230534742-2542757381-3142984815-1605}\\r\\n\\t\\t%{S-1-5-21-4230534742-2542757381-3142984815-1613}\\r\\n\\t\\t%{S-1-5-21-4230534742-2542757381-3142984815-1172}\\r\\n\\t\\t%{S-1-5-21-4230534742-2542757381-3142984815-512}\\r\\n\\t\\t%{S-1-5-21-4230534742-2542757381-3142984815-1190}\\r\\n\\t\\t%{S-1-5-21-4230534742-2542757381-3142984815-518}\\r\\n\\t\\t%{S-1-5-21-4230534742-2542757381-3142984815-1198}\\r\\n\\t\\t%{S-1-5-21-4230534742-2542757381-3142984815-519}\\r\\n\\t\\t%{S-1-5-21-4230534742-2542757381-3142984815-572}\\r\\n\\t\\t%{S-1-5-64-10}\\r\\n\\t\\t%{S-1-16-12288}\"}}}",
  "xml_fields": {
    "provider": "Microsoft-Windows-Security-Auditing",
    "event_id": "4627",
    "timestamp": "2021-04-26T08:25:36.560924Z",
    "event_record_id": "462993",
    "level": "0",
    "task": "12554",
    "opcode": "0",
    "keywords": "0x8020000000000000",
    "channel": "Security",
    "computer": "srvdefender01.offsec.lan",
    "SubjectUserSid": "S-1-0-0",
    "SubjectUserName": "-",
    "SubjectDomainName": "-",
    "SubjectLogonId": "0x0",
    "TargetUserSid": "S-1-5-21-4230534742-2542757381-3142984815-1111",
    "TargetUserName": "admmig",
    "TargetDomainName": "OFFSEC",
    "TargetLogonId": "0x4da321f",
    "LogonType": "3",
    "EventIdx": "1",
    "EventCountTotal": "1",
    "GroupMembership": "\n\t\t%{S-1-5-21-4230534742-2542757381-3142984815-513}\n\t\t%{S-1-1-0}\n\t\t%{S-1-5-32-545}\n\t\t%{S-1-5-32-544}\n\t\t%{S-1-5-2}\n\t\t%{S-1-5-11}\n\t\t%{S-1-5-15}\n\t\t%{S-1-5-21-4230534742-2542757381-3142984815-1605}\n\t\t%{S-1-5-21-4230534742-2542757381-3142984815-1613}\n\t\t%{S-1-5-21-4230534742-2542757381-3142984815-1172}\n\t\t%{S-1-5-21-4230534742-2542757381-3142984815-512}\n\t\t%{S-1-5-21-4230534742-2542757381-3142984815-1190}\n\t\t%{S-1-5-21-4230534742-2542757381-3142984815-518}\n\t\t%{S-1-5-21-4230534742-2542757381-3142984815-1198}\n\t\t%{S-1-5-21-4230534742-2542757381-3142984815-519}\n\t\t%{S-1-5-21-4230534742-2542757381-3142984815-572}\n\t\t%{S-1-5-64-10}\n\t\t%{S-1-16-12288}"
  },
  "json_fields": {
    "provider": "Microsoft-Windows-Security-Auditing",
    "channel": "Security",
    "event_id": "4627",
    "timestamp": "2021-04-26T08:25:36.560924Z",
    "event_record_id": "462993",
    "level": "0",
    "task": "12554",
    "opcode": "0",
    "keywords": "0x8020000000000000",
    "computer": "srvdefender01.offsec.lan",
    "SubjectUserSid": "S-1-0-0",
    "SubjectUserName": "-",
    "SubjectDomainName": "-",
    "SubjectLogonId": "0x0",
    "TargetUserSid": "S-1-5-21-4230534742-2542757381-3142984815-1111",
    "TargetUserName": "admmig",
    "TargetDomainName": "OFFSEC",
    "TargetLogonId": "0x4da321f",
    "LogonType": "3",
    "EventIdx": "1",
    "EventCountTotal": "1",
    "GroupMembership": "\r\n\t\t%{S-1-5-21-4230534742-2542757381-3142984815-513}\r\n\t\t%{S-1-1-0}\r\n\t\t%{S-1-5-32-545}\r\n\t\t%{S-1-5-32-544}\r\n\t\t%{S-1-5-2}\r\n\t\t%{S-1-5-11}\r\n\t\t%{S-1-5-15}\r\n\t\t%{S-1-5-21-4230534742-2542757381-3142984815-1605}\r\n\t\t%{S-1-5-21-4230534742-2542757381-3142984815-1613}\r\n\t\t%{S-1-5-21-4230534742-2542757381-3142984815-1172}\r\n\t\t%{S-1-5-21-4230534742-2542757381-3142984815-512}\r\n\t\t%{S-1-5-21-4230534742-2542757381-3142984815-1190}\r\n\t\t%{S-1-5-21-4230534742-2542757381-3142984815-518}\r\n\t\t%{S-1-5-21-4230534742-2542757381-3142984815-1198}\r\n\t\t%{S-1-5-21-4230534742-2542757381-3142984815-519}\r\n\t\t%{S-1-5-21-4230534742-2542757381-3142984815-572}\r\n\t\t%{S-1-5-64-10}\r\n\t\t%{S-1-16-12288}"
  }
}