{
  "event_id": "4647",
  "provider": "Microsoft-Windows-Security-Auditing",
  "channel": "Security",
  "source_file": "D:\\visual code file\\Project_4\\Event-Analyzer\\test\\Logs\\Security.evtx",
  "event_record_id": 4588,
  "xml": "<?xml version=\"1.0\" encoding=\"utf-8\"?>\n<Event xmlns=\"http://schemas.microsoft.com/win/2004/08/events/event\">\n  <System>\n    <Provider Name=\"Microsoft-Windows-Security-Auditing\" Guid=\"54849625-5478-4994-A5BA-3E3B0328C30D\">\n    </Provider>\n    <EventID>4647</EventID>\n    <Version>0</Version>\n    <Level>0</Level>\n    <Task>12545</Task>\n    <Opcode>0</Opcode>\n    <Keywords>0x8020000000000000</Keywords>\n    <TimeCreated SystemTime=\"2025-01-24T10:39:22.277469Z\">\n    </TimeCreated>\n    <EventRecordID>4588</EventRecordID>\n    <Correlation ActivityID=\"8D345FF6-6E47-0001-3860-348D476EDB01\">\n    </Correlation>\n    <Execution ProcessID=\"684\" ThreadID=\"5248\">\n    </Execution>\n    <Channel>Security</Channel>\n    <Computer>CTO-FILESVR</Computer>\n    <Security>\n    </Security>\n  </System>\n  <EventData>\n    <Data Name=\"TargetUserSid\">S-1-5-21-3088055692-629932344-1786574096-1002</Data>\n    <Data Name=\"TargetUserName\">cyberjunkie</Data>\n    <Data Name=\"TargetDomainName\">CTO-FILESVR</Data>\n    <Data Name=\"TargetLogonId\">0x1afef</Data>\n  </EventData>\n</Event>\n",
  "json": "{\"Event\":{\"#attributes\":{\"xmlns\":\"http://schemas.microsoft.com/win/2004/08/events/event\"},\"System\":{\"Provider\":{\"#attributes\":{\"Name\":\"Microsoft-Windows-Security-Auditing\",\"Guid\":\"54849625-5478-4994-A5BA-3E3B0328C30D\"}},\"EventID\":4647,\"Version\":0,\"Level\":0,\"Task\":12545,\"Opcode\":0,\"Keywords\":\"0x8020000000000000\",\"TimeCreated\":{\"#attributes\":{\"SystemTime\":\"2025-01-24T10:39:22.277469Z\"}},\"EventRecordID\":4588,\"Correlation\":{\"#attributes\":{\"ActivityID\":\"8D345FF6-6E47-0001-3860-348D476EDB01\"}},\"Execution\":{\"#attributes\":{\"ProcessID\":684,\"ThreadID\":5248}},\"Channel\":\"Security\",\"Computer\":\"CTO-FILESVR\",\"Security\":null},\"EventData\":{\"TargetUserSid\":\"S-1-5-21-3088055692-629932344-1786574096-1002\",\"TargetUserName\":\"cyberjunkie\",\"TargetDomainName\":\"CTO-FILESVR\",\"TargetLogonId\":\"0x1afef\"}}}",
  "xml_fields": {
    "provider": "Microsoft-Windows-Security-Auditing",
    "event_id": "4647",
    "timestamp": "2025-01-24T10:39:22.277469Z",
    "event_record_id": "4588",
    "level": "0",
    "task": "12545",
    "opcode": "0",
    "keywords": "0x8020000000000000",
    "channel": "Security",
    "computer": "CTO-FILESVR",
    "TargetUserSid": "S-1-5-21-3088055692-629932344-1786574096-1002",
    "TargetUserName": "cyberjunkie",
    "TargetDomainName": "CTO-FILESVR",
    "TargetLogonId": "0x1afef"
  },
  "json_fields": {
    "provider": "Microsoft-Windows-Security-Auditing",
    "channel": "Security",
    "event_id": "4647",
    "timestamp": "2025-01-24T10:39:22.277469Z",
    "event_record_id": "4588",
    "level": "0",
    "task": "12545",
    "opcode": "0",
    "keywords": "0x8020000000000000",
    "computer": "CTO-FILESVR",
    "TargetUserSid": "S-1-5-21-3088055692-629932344-1786574096-1002",
    "TargetUserName": "cyberjunkie",
    "TargetDomainName": "CTO-FILESVR",
    "TargetLogonId": "0x1afef"
  }
}