{
  "event_id": "4648",
  "provider": "Microsoft-Windows-Security-Auditing",
  "channel": "Security",
  "source_file": "D:\\visual code file\\Project_4\\Event-Analyzer\\test\\Logs\\Security.evtx",
  "event_record_id": 13814,
  "xml": "<?xml version=\"1.0\" encoding=\"utf-8\"?>\n<Event xmlns=\"http://schemas.microsoft.com/win/2004/08/events/event\">\n  <System>\n    <Provider Name=\"Microsoft-Windows-Security-Auditing\" Guid=\"54849625-5478-4994-A5BA-3E3B0328C30D\">\n    </Provider>\n    <EventID>4648</EventID>\n    <Version>0</Version>\n    <Level>0</Level>\n    <Task>12544</Task>\n    <Opcode>0</Opcode>\n    <Keywords>0x8020000000000000</Keywords>\n    <TimeCreated SystemTime=\"2025-01-24T10:50:05.754829Z\">\n    </TimeCreated>\n    <EventRecordID>13814</EventRecordID>\n    <Correlation ActivityID=\"B61EC021-6E4D-0001-8EC0-1EB64D6EDB01\">\n    </Correlation>\n    <Execution ProcessID=\"696\" ThreadID=\"780\">\n    </Execution>\n    <Channel>Security</Channel>\n    <Computer>CTO-FILESVR</Computer>\n    <Security>\n    </Security>\n  </System>\n  <EventData>\n    <Data Name=\"SubjectUserSid\">S-1-5-18</Data>\n    <Data Name=\"SubjectUserName\">CTO-FILESVR$</Data>\n    <Data Name=\"SubjectDomainName\">WORKGROUP</Data>\n    <Data Name=\"SubjectLogonId\">0x3e7</Data>\n    <Data Name=\"LogonGuid\">00000000-0000-0000-0000-000000000000</Data>\n    <Data Name=\"TargetUserName\">UMFD-0</Data>\n    <Data Name=\"TargetDomainName\">Font Driver Host</Data>\n    <Data Name=\"TargetLogonGuid\">00000000-0000-0000-0000-000000000000</Data>\n    <Data Name=\"TargetServerName\">localhost</Data>\n    <Data Name=\"TargetInfo\">localhost</Data>\n    <Data Name=\"ProcessId\">0x218</Data>\n    <Data Name=\"ProcessName\">C:\\Windows\\System32\\wininit.exe</Data>\n    <Data Name=\"IpAddress\">-</Data>\n    <Data Name=\"IpPort\">-</Data>\n  </EventData>\n</Event>\n",
  "json": "{\"Event\":{\"#attributes\":{\"xmlns\":\"http://schemas.microsoft.com/win/2004/08/events/event\"},\"System\":{\"Provider\":{\"#attributes\":{\"Name\":\"Microsoft-Windows-Security-Auditing\",\"Guid\":\"54849625-5478-4994-A5BA-3E3B0328C30D\"}},\"EventID\":4648,\"Version\":0,\"Level\":0,\"Task\":12544,\"Opcode\":0,\"Keywords\":\"0x8020000000000000\",\"TimeCreated\":{\"#attributes\":{\"SystemTime\":\"2025-01-24T10:50:05.754829Z\"}},\"EventRecordID\":13814,\"Correlation\":{\"#attributes\":{\"ActivityID\":\"B61EC021-6E4D-0001-8EC0-1EB64D6EDB01\"}},\"Execution\":{\"#attributes\":{\"ProcessID\":696,\"ThreadID\":780}},\"Channel\":\"Security\",\"Computer\":\"CTO-FILESVR\",\"Security\":null},\"EventData\":{\"SubjectUserSid\":\"S-1-5-18\",\"SubjectUserName\":\"CTO-FILESVR$\",\"SubjectDomainName\":\"WORKGROUP\",\"SubjectLogonId\":\"0x3e7\",\"LogonGuid\":\"00000000-0000-0000-0000-000000000000\",\"TargetUserName\":\"UMFD-0\",\"TargetDomainName\":\"Font Driver Host\",\"TargetLogonGuid\":\"00000000-0000-0000-0000-000000000000\",\"TargetServerName\":\"localhost\",\"TargetInfo\":\"localhost\",\"ProcessId\":\"0x218\",\"ProcessName\":\"C:\\\\Windows\\\\System32\\\\wininit.exe\",\"IpAddress\":\"-\",\"IpPort\":\"-\"}}}",
  "xml_fields": {
    "provider": "Microsoft-Windows-Security-Auditing",
    "event_id": "4648",
    "timestamp": "2025-01-24T10:50:05.754829Z",
    "event_record_id": "13814",
    "level": "0",
    "task": "12544",
    "opcode": "0",
    "keywords": "0x8020000000000000",
    "channel": "Security",
    "computer": "CTO-FILESVR",
    "SubjectUserSid": "S-1-5-18",
    "SubjectUserName": "CTO-FILESVR$",
    "SubjectDomainName": "WORKGROUP",
    "SubjectLogonId": "0x3e7",
    "LogonGuid": "00000000-0000-0000-0000-000000000000",
    "TargetUserName": "UMFD-0",
    "TargetDomainName": "Font Driver Host",
    "TargetLogonGuid": "00000000-0000-0000-0000-000000000000",
    "TargetServerName": "localhost",
    "TargetInfo": "localhost",
    "ProcessId": "0x218",
    "ProcessName": "C:\\Windows\\System32\\wininit.exe",
    "IpAddress": "-",
    "IpPort": "-"
  },
  "json_fields": {
    "provider": "Microsoft-Windows-Security-Auditing",
    "channel": "Security",
    "event_id": "4648",
    "timestamp": "2025-01-24T10:50:05.754829Z",
    "event_record_id": "13814",
    "level": "0",
    "task": "12544",
    "opcode": "0",
    "keywords": "0x8020000000000000",
    "computer": "CTO-FILESVR",
    "SubjectUserSid": "S-1-5-18",
    "SubjectUserName": "CTO-FILESVR$",
    "SubjectDomainName": "WORKGROUP",
    "SubjectLogonId": "0x3e7",
    "LogonGuid": "00000000-0000-0000-0000-000000000000",
    "TargetUserName": "UMFD-0",
    "TargetDomainName": "Font Driver Host",
    "TargetLogonGuid": "00000000-0000-0000-0000-000000000000",
    "TargetServerName": "localhost",
    "TargetInfo": "localhost",
    "ProcessId": "0x218",
    "ProcessName": "C:\\Windows\\System32\\wininit.exe",
    "IpAddress": "-",
    "IpPort": "-"
  }
}