{
  "event_id": "4656",
  "provider": "Microsoft-Windows-Security-Auditing",
  "channel": "Security",
  "source_file": "D:\\visual code file\\Project_4\\Event-Analyzer\\test\\Malicious\\EVTX-to-MITRE-Attack-master\\EVTX_full_APT_attack_steps\\ID4688,5140,5145-WMIexec execution via SMB (GLOBAL).evtx",
  "event_record_id": 80,
  "xml": "<?xml version=\"1.0\" encoding=\"utf-8\"?>\n<Event xmlns=\"http://schemas.microsoft.com/win/2004/08/events/event\">\n  <System>\n    <Provider Name=\"Microsoft-Windows-Security-Auditing\" Guid=\"54849625-5478-4994-A5BA-3E3B0328C30D\">\n    </Provider>\n    <EventID>4656</EventID>\n    <Version>1</Version>\n    <Level>0</Level>\n    <Task>12801</Task>\n    <Opcode>0</Opcode>\n    <Keywords>0x8020000000000000</Keywords>\n    <TimeCreated SystemTime=\"2021-04-26T08:26:03.063875Z\">\n    </TimeCreated>\n    <EventRecordID>463068</EventRecordID>\n    <Correlation>\n    </Correlation>\n    <Execution ProcessID=\"4\" ThreadID=\"6080\">\n    </Execution>\n    <Channel>Security</Channel>\n    <Computer>srvdefender01.offsec.lan</Computer>\n    <Security>\n    </Security>\n  </System>\n  <EventData>\n    <Data Name=\"SubjectUserSid\">S-1-5-18</Data>\n    <Data Name=\"SubjectUserName\">SRVDEFENDER01$</Data>\n    <Data Name=\"SubjectDomainName\">OFFSEC</Data>\n    <Data Name=\"SubjectLogonId\">0x3e7</Data>\n    <Data Name=\"ObjectServer\">Security</Data>\n    <Data Name=\"ObjectType\">Key</Data>\n    <Data Name=\"ObjectName\">\\REGISTRY\\MACHINE\\SOFTWARE\\Microsoft\\SystemCertificates\\ROOT\\Certificates</Data>\n    <Data Name=\"HandleId\">0x2a4</Data>\n    <Data Name=\"TransactionId\">00000000-0000-0000-0000-000000000000</Data>\n    <Data Name=\"AccessList\">%%1537\r\n\t\t\t\t%%1538\r\n\t\t\t\t%%4432\r\n\t\t\t\t%%4433\r\n\t\t\t\t%%4434\r\n\t\t\t\t%%4435\r\n\t\t\t\t%%4436\r\n\t\t\t\t</Data>\n    <Data Name=\"AccessReason\">-</Data>\n    <Data Name=\"AccessMask\">0x3001f</Data>\n    <Data Name=\"PrivilegeList\">-</Data>\n    <Data Name=\"RestrictedSidCount\">0</Data>\n    <Data Name=\"ProcessId\">0xc8c</Data>\n    <Data Name=\"ProcessName\">C:\\Windows\\System32\\cscript.exe</Data>\n    <Data Name=\"ResourceAttributes\">-</Data>\n  </EventData>\n</Event>\n",
  "json": "{\"Event\":{\"#attributes\":{\"xmlns\":\"http://schemas.microsoft.com/win/2004/08/events/event\"},\"System\":{\"Provider\":{\"#attributes\":{\"Name\":\"Microsoft-Windows-Security-Auditing\",\"Guid\":\"54849625-5478-4994-A5BA-3E3B0328C30D\"}},\"EventID\":4656,\"Version\":1,\"Level\":0,\"Task\":12801,\"Opcode\":0,\"Keywords\":\"0x8020000000000000\",\"TimeCreated\":{\"#attributes\":{\"SystemTime\":\"2021-04-26T08:26:03.063875Z\"}},\"EventRecordID\":463068,\"Correlation\":null,\"Execution\":{\"#attributes\":{\"ProcessID\":4,\"ThreadID\":6080}},\"Channel\":\"Security\",\"Computer\":\"srvdefender01.offsec.lan\",\"Security\":null},\"EventData\":{\"SubjectUserSid\":\"S-1-5-18\",\"SubjectUserName\":\"SRVDEFENDER01$\",\"SubjectDomainName\":\"OFFSEC\",\"SubjectLogonId\":\"0x3e7\",\"ObjectServer\":\"Security\",\"ObjectType\":\"Key\",\"ObjectName\":\"\\\\REGISTRY\\\\MACHINE\\\\SOFTWARE\\\\Microsoft\\\\SystemCertificates\\\\ROOT\\\\Certificates\",\"HandleId\":\"0x2a4\",\"TransactionId\":\"00000000-0000-0000-0000-000000000000\",\"AccessList\":\"%%1537\\r\\n\\t\\t\\t\\t%%1538\\r\\n\\t\\t\\t\\t%%4432\\r\\n\\t\\t\\t\\t%%4433\\r\\n\\t\\t\\t\\t%%4434\\r\\n\\t\\t\\t\\t%%4435\\r\\n\\t\\t\\t\\t%%4436\\r\\n\\t\\t\\t\\t\",\"AccessReason\":\"-\",\"AccessMask\":\"0x3001f\",\"PrivilegeList\":\"-\",\"RestrictedSidCount\":0,\"ProcessId\":\"0xc8c\",\"ProcessName\":\"C:\\\\Windows\\\\System32\\\\cscript.exe\",\"ResourceAttributes\":\"-\"}}}",
  "xml_fields": {
    "provider": "Microsoft-Windows-Security-Auditing",
    "event_id": "4656",
    "timestamp": "2021-04-26T08:26:03.063875Z",
    "event_record_id": "463068",
    "level": "0",
    "task": "12801",
    "opcode": "0",
    "keywords": "0x8020000000000000",
    "channel": "Security",
    "computer": "srvdefender01.offsec.lan",
    "SubjectUserSid": "S-1-5-18",
    "SubjectUserName": "SRVDEFENDER01$",
    "SubjectDomainName": "OFFSEC",
    "SubjectLogonId": "0x3e7",
    "ObjectServer": "Security",
    "ObjectType": "Key",
    "ObjectName": "\\REGISTRY\\MACHINE\\SOFTWARE\\Microsoft\\SystemCertificates\\ROOT\\Certificates",
    "HandleId": "0x2a4",
    "TransactionId": "00000000-0000-0000-0000-000000000000",
    "AccessList": "%%1537\n\t\t\t\t%%1538\n\t\t\t\t%%4432\n\t\t\t\t%%4433\n\t\t\t\t%%4434\n\t\t\t\t%%4435\n\t\t\t\t%%4436\n\t\t\t\t",
    "AccessReason": "-",
    "AccessMask": "0x3001f",
    "PrivilegeList": "-",
    "RestrictedSidCount": "0",
    "ProcessId": "0xc8c",
    "ProcessName": "C:\\Windows\\System32\\cscript.exe",
    "ResourceAttributes": "-"
  },
  "json_fields": {
    "provider": "Microsoft-Windows-Security-Auditing",
    "channel": "Security",
    "event_id": "4656",
    "timestamp": "2021-04-26T08:26:03.063875Z",
    "event_record_id": "463068",
    "level": "0",
    "task": "12801",
    "opcode": "0",
    "keywords": "0x8020000000000000",
    "computer": "srvdefender01.offsec.lan",
    "SubjectUserSid": "S-1-5-18",
    "SubjectUserName": "SRVDEFENDER01$",
    "SubjectDomainName": "OFFSEC",
    "SubjectLogonId": "0x3e7",
    "ObjectServer": "Security",
    "ObjectType": "Key",
    "ObjectName": "\\REGISTRY\\MACHINE\\SOFTWARE\\Microsoft\\SystemCertificates\\ROOT\\Certificates",
    "HandleId": "0x2a4",
    "TransactionId": "00000000-0000-0000-0000-000000000000",
    "AccessList": "%%1537\r\n\t\t\t\t%%1538\r\n\t\t\t\t%%4432\r\n\t\t\t\t%%4433\r\n\t\t\t\t%%4434\r\n\t\t\t\t%%4435\r\n\t\t\t\t%%4436\r\n\t\t\t\t",
    "AccessReason": "-",
    "AccessMask": "0x3001f",
    "PrivilegeList": "-",
    "RestrictedSidCount": "0",
    "ProcessId": "0xc8c",
    "ProcessName": "C:\\Windows\\System32\\cscript.exe",
    "ResourceAttributes": "-"
  }
}