{
  "event_id": "4657",
  "provider": "Microsoft-Windows-Security-Auditing",
  "channel": "Security",
  "source_file": "D:\\visual code file\\Project_4\\Event-Analyzer\\test\\Benign\\Logs_Win11_2023\\Security.evtx",
  "event_record_id": 82862,
  "xml": "<?xml version=\"1.0\" encoding=\"utf-8\"?>\n<Event xmlns=\"http://schemas.microsoft.com/win/2004/08/events/event\">\n  <System>\n    <Provider Name=\"Microsoft-Windows-Security-Auditing\" Guid=\"54849625-5478-4994-A5BA-3E3B0328C30D\">\n    </Provider>\n    <EventID>4657</EventID>\n    <Version>0</Version>\n    <Level>0</Level>\n    <Task>12801</Task>\n    <Opcode>0</Opcode>\n    <Keywords>0x8020000000000000</Keywords>\n    <TimeCreated SystemTime=\"2023-11-05T23:27:24.203729Z\">\n    </TimeCreated>\n    <EventRecordID>82862</EventRecordID>\n    <Correlation>\n    </Correlation>\n    <Execution ProcessID=\"4\" ThreadID=\"2836\">\n    </Execution>\n    <Channel>Security</Channel>\n    <Computer>WinDev2310Eval</Computer>\n    <Security>\n    </Security>\n  </System>\n  <EventData>\n    <Data Name=\"SubjectUserSid\">S-1-5-21-1992711665-1655669231-58201500-1000</Data>\n    <Data Name=\"SubjectUserName\">User</Data>\n    <Data Name=\"SubjectDomainName\">WINDEV2310EVAL</Data>\n    <Data Name=\"SubjectLogonId\">0x277c6</Data>\n    <Data Name=\"ObjectName\">\\REGISTRY\\MACHINE\\SYSTEM\\ControlSet001\\Control\\WMI\\Autologger\\EventLog-System\\{d1bc9aff-2abf-4d71-9146-ecb2a986eb85}</Data>\n    <Data Name=\"ObjectValueName\">MatchAnyKeyword</Data>\n    <Data Name=\"HandleId\">0xa5c</Data>\n    <Data Name=\"OperationType\">%%1905</Data>\n    <Data Name=\"OldValueType\">%%1883</Data>\n    <Data Name=\"OldValue\">0x4200000000000000</Data>\n    <Data Name=\"NewValueType\">%%1883</Data>\n    <Data Name=\"NewValue\">0x4A00000000000000</Data>\n    <Data Name=\"ProcessId\">0x72c</Data>\n    <Data Name=\"ProcessName\">C:\\Windows\\System32\\svchost.exe</Data>\n  </EventData>\n</Event>\n",
  "json": "{\"Event\":{\"#attributes\":{\"xmlns\":\"http://schemas.microsoft.com/win/2004/08/events/event\"},\"System\":{\"Provider\":{\"#attributes\":{\"Name\":\"Microsoft-Windows-Security-Auditing\",\"Guid\":\"54849625-5478-4994-A5BA-3E3B0328C30D\"}},\"EventID\":4657,\"Version\":0,\"Level\":0,\"Task\":12801,\"Opcode\":0,\"Keywords\":\"0x8020000000000000\",\"TimeCreated\":{\"#attributes\":{\"SystemTime\":\"2023-11-05T23:27:24.203729Z\"}},\"EventRecordID\":82862,\"Correlation\":null,\"Execution\":{\"#attributes\":{\"ProcessID\":4,\"ThreadID\":2836}},\"Channel\":\"Security\",\"Computer\":\"WinDev2310Eval\",\"Security\":null},\"EventData\":{\"SubjectUserSid\":\"S-1-5-21-1992711665-1655669231-58201500-1000\",\"SubjectUserName\":\"User\",\"SubjectDomainName\":\"WINDEV2310EVAL\",\"SubjectLogonId\":\"0x277c6\",\"ObjectName\":\"\\\\REGISTRY\\\\MACHINE\\\\SYSTEM\\\\ControlSet001\\\\Control\\\\WMI\\\\Autologger\\\\EventLog-System\\\\{d1bc9aff-2abf-4d71-9146-ecb2a986eb85}\",\"ObjectValueName\":\"MatchAnyKeyword\",\"HandleId\":\"0xa5c\",\"OperationType\":\"%%1905\",\"OldValueType\":\"%%1883\",\"OldValue\":\"0x4200000000000000\",\"NewValueType\":\"%%1883\",\"NewValue\":\"0x4A00000000000000\",\"ProcessId\":\"0x72c\",\"ProcessName\":\"C:\\\\Windows\\\\System32\\\\svchost.exe\"}}}",
  "xml_fields": {
    "provider": "Microsoft-Windows-Security-Auditing",
    "event_id": "4657",
    "timestamp": "2023-11-05T23:27:24.203729Z",
    "event_record_id": "82862",
    "level": "0",
    "task": "12801",
    "opcode": "0",
    "keywords": "0x8020000000000000",
    "channel": "Security",
    "computer": "WinDev2310Eval",
    "SubjectUserSid": "S-1-5-21-1992711665-1655669231-58201500-1000",
    "SubjectUserName": "User",
    "SubjectDomainName": "WINDEV2310EVAL",
    "SubjectLogonId": "0x277c6",
    "ObjectName": "\\REGISTRY\\MACHINE\\SYSTEM\\ControlSet001\\Control\\WMI\\Autologger\\EventLog-System\\{d1bc9aff-2abf-4d71-9146-ecb2a986eb85}",
    "ObjectValueName": "MatchAnyKeyword",
    "HandleId": "0xa5c",
    "OperationType": "%%1905",
    "OldValueType": "%%1883",
    "OldValue": "0x4200000000000000",
    "NewValueType": "%%1883",
    "NewValue": "0x4A00000000000000",
    "ProcessId": "0x72c",
    "ProcessName": "C:\\Windows\\System32\\svchost.exe"
  },
  "json_fields": {
    "provider": "Microsoft-Windows-Security-Auditing",
    "channel": "Security",
    "event_id": "4657",
    "timestamp": "2023-11-05T23:27:24.203729Z",
    "event_record_id": "82862",
    "level": "0",
    "task": "12801",
    "opcode": "0",
    "keywords": "0x8020000000000000",
    "computer": "WinDev2310Eval",
    "SubjectUserSid": "S-1-5-21-1992711665-1655669231-58201500-1000",
    "SubjectUserName": "User",
    "SubjectDomainName": "WINDEV2310EVAL",
    "SubjectLogonId": "0x277c6",
    "ObjectName": "\\REGISTRY\\MACHINE\\SYSTEM\\ControlSet001\\Control\\WMI\\Autologger\\EventLog-System\\{d1bc9aff-2abf-4d71-9146-ecb2a986eb85}",
    "ObjectValueName": "MatchAnyKeyword",
    "HandleId": "0xa5c",
    "OperationType": "%%1905",
    "OldValueType": "%%1883",
    "OldValue": "0x4200000000000000",
    "NewValueType": "%%1883",
    "NewValue": "0x4A00000000000000",
    "ProcessId": "0x72c",
    "ProcessName": "C:\\Windows\\System32\\svchost.exe"
  }
}