{
  "event_id": "4658",
  "provider": "Microsoft-Windows-Security-Auditing",
  "channel": "Security",
  "source_file": "D:\\visual code file\\Project_4\\Event-Analyzer\\test\\Malicious\\EVTX-to-MITRE-Attack-master\\EVTX_full_APT_attack_steps\\ID4688,5140,5145-WMIexec execution via SMB (GLOBAL).evtx",
  "event_record_id": 79,
  "xml": "<?xml version=\"1.0\" encoding=\"utf-8\"?>\n<Event xmlns=\"http://schemas.microsoft.com/win/2004/08/events/event\">\n  <System>\n    <Provider Name=\"Microsoft-Windows-Security-Auditing\" Guid=\"54849625-5478-4994-A5BA-3E3B0328C30D\">\n    </Provider>\n    <EventID>4658</EventID>\n    <Version>0</Version>\n    <Level>0</Level>\n    <Task>12801</Task>\n    <Opcode>0</Opcode>\n    <Keywords>0x8020000000000000</Keywords>\n    <TimeCreated SystemTime=\"2021-04-26T08:26:03.063868Z\">\n    </TimeCreated>\n    <EventRecordID>463067</EventRecordID>\n    <Correlation>\n    </Correlation>\n    <Execution ProcessID=\"4\" ThreadID=\"6080\">\n    </Execution>\n    <Channel>Security</Channel>\n    <Computer>srvdefender01.offsec.lan</Computer>\n    <Security>\n    </Security>\n  </System>\n  <EventData>\n    <Data Name=\"SubjectUserSid\">S-1-5-18</Data>\n    <Data Name=\"SubjectUserName\">SRVDEFENDER01$</Data>\n    <Data Name=\"SubjectDomainName\">OFFSEC</Data>\n    <Data Name=\"SubjectLogonId\">0x3e7</Data>\n    <Data Name=\"ObjectServer\">Security</Data>\n    <Data Name=\"HandleId\">0x11ac</Data>\n    <Data Name=\"ProcessId\">0xc8c</Data>\n    <Data Name=\"ProcessName\">C:\\Windows\\System32\\cscript.exe</Data>\n  </EventData>\n</Event>\n",
  "json": "{\"Event\":{\"#attributes\":{\"xmlns\":\"http://schemas.microsoft.com/win/2004/08/events/event\"},\"System\":{\"Provider\":{\"#attributes\":{\"Name\":\"Microsoft-Windows-Security-Auditing\",\"Guid\":\"54849625-5478-4994-A5BA-3E3B0328C30D\"}},\"EventID\":4658,\"Version\":0,\"Level\":0,\"Task\":12801,\"Opcode\":0,\"Keywords\":\"0x8020000000000000\",\"TimeCreated\":{\"#attributes\":{\"SystemTime\":\"2021-04-26T08:26:03.063868Z\"}},\"EventRecordID\":463067,\"Correlation\":null,\"Execution\":{\"#attributes\":{\"ProcessID\":4,\"ThreadID\":6080}},\"Channel\":\"Security\",\"Computer\":\"srvdefender01.offsec.lan\",\"Security\":null},\"EventData\":{\"SubjectUserSid\":\"S-1-5-18\",\"SubjectUserName\":\"SRVDEFENDER01$\",\"SubjectDomainName\":\"OFFSEC\",\"SubjectLogonId\":\"0x3e7\",\"ObjectServer\":\"Security\",\"HandleId\":\"0x11ac\",\"ProcessId\":\"0xc8c\",\"ProcessName\":\"C:\\\\Windows\\\\System32\\\\cscript.exe\"}}}",
  "xml_fields": {
    "provider": "Microsoft-Windows-Security-Auditing",
    "event_id": "4658",
    "timestamp": "2021-04-26T08:26:03.063868Z",
    "event_record_id": "463067",
    "level": "0",
    "task": "12801",
    "opcode": "0",
    "keywords": "0x8020000000000000",
    "channel": "Security",
    "computer": "srvdefender01.offsec.lan",
    "SubjectUserSid": "S-1-5-18",
    "SubjectUserName": "SRVDEFENDER01$",
    "SubjectDomainName": "OFFSEC",
    "SubjectLogonId": "0x3e7",
    "ObjectServer": "Security",
    "HandleId": "0x11ac",
    "ProcessId": "0xc8c",
    "ProcessName": "C:\\Windows\\System32\\cscript.exe"
  },
  "json_fields": {
    "provider": "Microsoft-Windows-Security-Auditing",
    "channel": "Security",
    "event_id": "4658",
    "timestamp": "2021-04-26T08:26:03.063868Z",
    "event_record_id": "463067",
    "level": "0",
    "task": "12801",
    "opcode": "0",
    "keywords": "0x8020000000000000",
    "computer": "srvdefender01.offsec.lan",
    "SubjectUserSid": "S-1-5-18",
    "SubjectUserName": "SRVDEFENDER01$",
    "SubjectDomainName": "OFFSEC",
    "SubjectLogonId": "0x3e7",
    "ObjectServer": "Security",
    "HandleId": "0x11ac",
    "ProcessId": "0xc8c",
    "ProcessName": "C:\\Windows\\System32\\cscript.exe"
  }
}