{
  "event_id": "4660",
  "provider": "Microsoft-Windows-Security-Auditing",
  "channel": "Security",
  "source_file": "D:\\visual code file\\Project_4\\Event-Analyzer\\test\\Malicious\\EVTX-to-MITRE-Attack-master\\TA0003-Persistence\\T1136-Create account\\ID472, 4728 Hidden user creation.evtx",
  "event_record_id": 17,
  "xml": "<?xml version=\"1.0\" encoding=\"utf-8\"?>\n<Event xmlns=\"http://schemas.microsoft.com/win/2004/08/events/event\">\n  <System>\n    <Provider Name=\"Microsoft-Windows-Security-Auditing\" Guid=\"54849625-5478-4994-A5BA-3E3B0328C30D\">\n    </Provider>\n    <EventID>4660</EventID>\n    <Version>0</Version>\n    <Level>0</Level>\n    <Task>12804</Task>\n    <Opcode>0</Opcode>\n    <Keywords>0x8020000000000000</Keywords>\n    <TimeCreated SystemTime=\"2022-01-24T17:03:25.009874Z\">\n    </TimeCreated>\n    <EventRecordID>1934527</EventRecordID>\n    <Correlation>\n    </Correlation>\n    <Execution ProcessID=\"4\" ThreadID=\"4488\">\n    </Execution>\n    <Channel>Security</Channel>\n    <Computer>fs03vuln.offsec.lan</Computer>\n    <Security>\n    </Security>\n  </System>\n  <EventData>\n    <Data Name=\"SubjectUserSid\">S-1-5-21-4230534742-2542757381-3142984815-1111</Data>\n    <Data Name=\"SubjectUserName\">admmig</Data>\n    <Data Name=\"SubjectDomainName\">OFFSEC</Data>\n    <Data Name=\"SubjectLogonId\">0x14f509e2</Data>\n    <Data Name=\"ObjectServer\">Security Account Manager</Data>\n    <Data Name=\"HandleId\">0xe9a9292e70</Data>\n    <Data Name=\"ProcessId\">0x1e0</Data>\n    <Data Name=\"ProcessName\">C:\\Windows\\System32\\lsass.exe</Data>\n    <Data Name=\"TransactionId\">00000000-0000-0000-0000-000000000000</Data>\n  </EventData>\n</Event>\n",
  "json": "{\"Event\":{\"#attributes\":{\"xmlns\":\"http://schemas.microsoft.com/win/2004/08/events/event\"},\"System\":{\"Provider\":{\"#attributes\":{\"Name\":\"Microsoft-Windows-Security-Auditing\",\"Guid\":\"54849625-5478-4994-A5BA-3E3B0328C30D\"}},\"EventID\":4660,\"Version\":0,\"Level\":0,\"Task\":12804,\"Opcode\":0,\"Keywords\":\"0x8020000000000000\",\"TimeCreated\":{\"#attributes\":{\"SystemTime\":\"2022-01-24T17:03:25.009874Z\"}},\"EventRecordID\":1934527,\"Correlation\":null,\"Execution\":{\"#attributes\":{\"ProcessID\":4,\"ThreadID\":4488}},\"Channel\":\"Security\",\"Computer\":\"fs03vuln.offsec.lan\",\"Security\":null},\"EventData\":{\"SubjectUserSid\":\"S-1-5-21-4230534742-2542757381-3142984815-1111\",\"SubjectUserName\":\"admmig\",\"SubjectDomainName\":\"OFFSEC\",\"SubjectLogonId\":\"0x14f509e2\",\"ObjectServer\":\"Security Account Manager\",\"HandleId\":\"0xe9a9292e70\",\"ProcessId\":\"0x1e0\",\"ProcessName\":\"C:\\\\Windows\\\\System32\\\\lsass.exe\",\"TransactionId\":\"00000000-0000-0000-0000-000000000000\"}}}",
  "xml_fields": {
    "provider": "Microsoft-Windows-Security-Auditing",
    "event_id": "4660",
    "timestamp": "2022-01-24T17:03:25.009874Z",
    "event_record_id": "1934527",
    "level": "0",
    "task": "12804",
    "opcode": "0",
    "keywords": "0x8020000000000000",
    "channel": "Security",
    "computer": "fs03vuln.offsec.lan",
    "SubjectUserSid": "S-1-5-21-4230534742-2542757381-3142984815-1111",
    "SubjectUserName": "admmig",
    "SubjectDomainName": "OFFSEC",
    "SubjectLogonId": "0x14f509e2",
    "ObjectServer": "Security Account Manager",
    "HandleId": "0xe9a9292e70",
    "ProcessId": "0x1e0",
    "ProcessName": "C:\\Windows\\System32\\lsass.exe",
    "TransactionId": "00000000-0000-0000-0000-000000000000"
  },
  "json_fields": {
    "provider": "Microsoft-Windows-Security-Auditing",
    "channel": "Security",
    "event_id": "4660",
    "timestamp": "2022-01-24T17:03:25.009874Z",
    "event_record_id": "1934527",
    "level": "0",
    "task": "12804",
    "opcode": "0",
    "keywords": "0x8020000000000000",
    "computer": "fs03vuln.offsec.lan",
    "SubjectUserSid": "S-1-5-21-4230534742-2542757381-3142984815-1111",
    "SubjectUserName": "admmig",
    "SubjectDomainName": "OFFSEC",
    "SubjectLogonId": "0x14f509e2",
    "ObjectServer": "Security Account Manager",
    "HandleId": "0xe9a9292e70",
    "ProcessId": "0x1e0",
    "ProcessName": "C:\\Windows\\System32\\lsass.exe",
    "TransactionId": "00000000-0000-0000-0000-000000000000"
  }
}