{
  "event_id": "4661",
  "provider": "Microsoft-Windows-Security-Auditing",
  "channel": "Security",
  "source_file": "D:\\visual code file\\Project_4\\Event-Analyzer\\test\\Malicious\\EVTX-to-MITRE-Attack-master\\EVTX_full_APT_attack_steps\\ID47x,4661-4662,5136,4688,4697-SAM the admin (CVE-2021-42287).evtx",
  "event_record_id": 7,
  "xml": "<?xml version=\"1.0\" encoding=\"utf-8\"?>\n<Event xmlns=\"http://schemas.microsoft.com/win/2004/08/events/event\">\n  <System>\n    <Provider Name=\"Microsoft-Windows-Security-Auditing\" Guid=\"54849625-5478-4994-A5BA-3E3B0328C30D\">\n    </Provider>\n    <EventID>4661</EventID>\n    <Version>1</Version>\n    <Level>0</Level>\n    <Task>12803</Task>\n    <Opcode>0</Opcode>\n    <Keywords>0x8020000000000000</Keywords>\n    <TimeCreated SystemTime=\"2021-12-14T14:42:48.708522Z\">\n    </TimeCreated>\n    <EventRecordID>237294521</EventRecordID>\n    <Correlation>\n    </Correlation>\n    <Execution ProcessID=\"4\" ThreadID=\"3552\">\n    </Execution>\n    <Channel>Security</Channel>\n    <Computer>rootdc1.offsec.lan</Computer>\n    <Security>\n    </Security>\n  </System>\n  <EventData>\n    <Data Name=\"SubjectUserSid\">S-1-5-21-4230534742-2542757381-3142984815-1234</Data>\n    <Data Name=\"SubjectUserName\">hack1</Data>\n    <Data Name=\"SubjectDomainName\">OFFSEC</Data>\n    <Data Name=\"SubjectLogonId\">0x308fb82ad</Data>\n    <Data Name=\"ObjectServer\">Security Account Manager</Data>\n    <Data Name=\"ObjectType\">SAM_SERVER</Data>\n    <Data Name=\"ObjectName\">CN=Server,CN=System,DC=offsec,DC=lan</Data>\n    <Data Name=\"HandleId\">0x1850972c010</Data>\n    <Data Name=\"TransactionId\">00000000-0000-0000-0000-000000000000</Data>\n    <Data Name=\"AccessList\">%%1538\r\n\t\t\t\t%%5378\r\n\t\t\t\t%%5380\r\n\t\t\t\t%%5383\r\n\t\t\t\t</Data>\n    <Data Name=\"AccessReason\">-</Data>\n    <Data Name=\"AccessMask\">0x20094</Data>\n    <Data Name=\"PrivilegeList\">-</Data>\n    <Data Name=\"Properties\">---\r\n\t{bf967aad-0de6-11d0-a285-00aa003049e2}\r\n</Data>\n    <Data Name=\"RestrictedSidCount\">0</Data>\n    <Data Name=\"ProcessId\">0x254</Data>\n    <Data Name=\"ProcessName\">C:\\Windows\\System32\\lsass.exe</Data>\n  </EventData>\n</Event>\n",
  "json": "{\"Event\":{\"#attributes\":{\"xmlns\":\"http://schemas.microsoft.com/win/2004/08/events/event\"},\"System\":{\"Provider\":{\"#attributes\":{\"Name\":\"Microsoft-Windows-Security-Auditing\",\"Guid\":\"54849625-5478-4994-A5BA-3E3B0328C30D\"}},\"EventID\":4661,\"Version\":1,\"Level\":0,\"Task\":12803,\"Opcode\":0,\"Keywords\":\"0x8020000000000000\",\"TimeCreated\":{\"#attributes\":{\"SystemTime\":\"2021-12-14T14:42:48.708522Z\"}},\"EventRecordID\":237294521,\"Correlation\":null,\"Execution\":{\"#attributes\":{\"ProcessID\":4,\"ThreadID\":3552}},\"Channel\":\"Security\",\"Computer\":\"rootdc1.offsec.lan\",\"Security\":null},\"EventData\":{\"SubjectUserSid\":\"S-1-5-21-4230534742-2542757381-3142984815-1234\",\"SubjectUserName\":\"hack1\",\"SubjectDomainName\":\"OFFSEC\",\"SubjectLogonId\":\"0x308fb82ad\",\"ObjectServer\":\"Security Account Manager\",\"ObjectType\":\"SAM_SERVER\",\"ObjectName\":\"CN=Server,CN=System,DC=offsec,DC=lan\",\"HandleId\":\"0x1850972c010\",\"TransactionId\":\"00000000-0000-0000-0000-000000000000\",\"AccessList\":\"%%1538\\r\\n\\t\\t\\t\\t%%5378\\r\\n\\t\\t\\t\\t%%5380\\r\\n\\t\\t\\t\\t%%5383\\r\\n\\t\\t\\t\\t\",\"AccessReason\":\"-\",\"AccessMask\":\"0x20094\",\"PrivilegeList\":\"-\",\"Properties\":\"---\\r\\n\\t{bf967aad-0de6-11d0-a285-00aa003049e2}\\r\\n\",\"RestrictedSidCount\":0,\"ProcessId\":\"0x254\",\"ProcessName\":\"C:\\\\Windows\\\\System32\\\\lsass.exe\"}}}",
  "xml_fields": {
    "provider": "Microsoft-Windows-Security-Auditing",
    "event_id": "4661",
    "timestamp": "2021-12-14T14:42:48.708522Z",
    "event_record_id": "237294521",
    "level": "0",
    "task": "12803",
    "opcode": "0",
    "keywords": "0x8020000000000000",
    "channel": "Security",
    "computer": "rootdc1.offsec.lan",
    "SubjectUserSid": "S-1-5-21-4230534742-2542757381-3142984815-1234",
    "SubjectUserName": "hack1",
    "SubjectDomainName": "OFFSEC",
    "SubjectLogonId": "0x308fb82ad",
    "ObjectServer": "Security Account Manager",
    "ObjectType": "SAM_SERVER",
    "ObjectName": "CN=Server,CN=System,DC=offsec,DC=lan",
    "HandleId": "0x1850972c010",
    "TransactionId": "00000000-0000-0000-0000-000000000000",
    "AccessList": "%%1538\n\t\t\t\t%%5378\n\t\t\t\t%%5380\n\t\t\t\t%%5383\n\t\t\t\t",
    "AccessReason": "-",
    "AccessMask": "0x20094",
    "PrivilegeList": "-",
    "Properties": "---\n\t{bf967aad-0de6-11d0-a285-00aa003049e2}\n",
    "RestrictedSidCount": "0",
    "ProcessId": "0x254",
    "ProcessName": "C:\\Windows\\System32\\lsass.exe"
  },
  "json_fields": {
    "provider": "Microsoft-Windows-Security-Auditing",
    "channel": "Security",
    "event_id": "4661",
    "timestamp": "2021-12-14T14:42:48.708522Z",
    "event_record_id": "237294521",
    "level": "0",
    "task": "12803",
    "opcode": "0",
    "keywords": "0x8020000000000000",
    "computer": "rootdc1.offsec.lan",
    "SubjectUserSid": "S-1-5-21-4230534742-2542757381-3142984815-1234",
    "SubjectUserName": "hack1",
    "SubjectDomainName": "OFFSEC",
    "SubjectLogonId": "0x308fb82ad",
    "ObjectServer": "Security Account Manager",
    "ObjectType": "SAM_SERVER",
    "ObjectName": "CN=Server,CN=System,DC=offsec,DC=lan",
    "HandleId": "0x1850972c010",
    "TransactionId": "00000000-0000-0000-0000-000000000000",
    "AccessList": "%%1538\r\n\t\t\t\t%%5378\r\n\t\t\t\t%%5380\r\n\t\t\t\t%%5383\r\n\t\t\t\t",
    "AccessReason": "-",
    "AccessMask": "0x20094",
    "PrivilegeList": "-",
    "Properties": "---\r\n\t{bf967aad-0de6-11d0-a285-00aa003049e2}\r\n",
    "RestrictedSidCount": "0",
    "ProcessId": "0x254",
    "ProcessName": "C:\\Windows\\System32\\lsass.exe"
  }
}