{
  "event_id": "4662",
  "provider": "Microsoft-Windows-Security-Auditing",
  "channel": "Security",
  "source_file": "D:\\visual code file\\Project_4\\Event-Analyzer\\test\\Malicious\\EVTX-to-MITRE-Attack-master\\EVTX_full_APT_attack_steps\\ID4742,4935,4662,4661,5137-DCshadow attack (GLOBAL) failed.evtx",
  "event_record_id": 1,
  "xml": "<?xml version=\"1.0\" encoding=\"utf-8\"?>\n<Event xmlns=\"http://schemas.microsoft.com/win/2004/08/events/event\">\n  <System>\n    <Provider Name=\"Microsoft-Windows-Security-Auditing\" Guid=\"54849625-5478-4994-A5BA-3E3B0328C30D\">\n    </Provider>\n    <EventID>4662</EventID>\n    <Version>0</Version>\n    <Level>0</Level>\n    <Task>14080</Task>\n    <Opcode>0</Opcode>\n    <Keywords>0x8020000000000000</Keywords>\n    <TimeCreated SystemTime=\"2021-04-27T11:04:03.479708Z\">\n    </TimeCreated>\n    <EventRecordID>138520213</EventRecordID>\n    <Correlation ActivityID=\"9816F041-2BBE-0000-53F0-1698BE2BD701\">\n    </Correlation>\n    <Execution ProcessID=\"548\" ThreadID=\"484\">\n    </Execution>\n    <Channel>Security</Channel>\n    <Computer>rootdc1.offsec.lan</Computer>\n    <Security>\n    </Security>\n  </System>\n  <EventData>\n    <Data Name=\"SubjectUserSid\">S-1-5-21-4230534742-2542757381-3142984815-1111</Data>\n    <Data Name=\"SubjectUserName\">admmig</Data>\n    <Data Name=\"SubjectDomainName\">OFFSEC</Data>\n    <Data Name=\"SubjectLogonId\">0x31a24611</Data>\n    <Data Name=\"ObjectServer\">DS</Data>\n    <Data Name=\"ObjectType\">%{f780acc0-56f0-11d1-a9c6-0000f80367c1}</Data>\n    <Data Name=\"ObjectName\">%{665d6fdb-b06f-4d36-9da5-9b8dbaafeb2a}</Data>\n    <Data Name=\"OperationType\">Object Access</Data>\n    <Data Name=\"HandleId\">0x0</Data>\n    <Data Name=\"AccessList\">%%7680\r\n\t\t\t\t</Data>\n    <Data Name=\"AccessMask\">0x1</Data>\n    <Data Name=\"Properties\">%%7680\r\n\t{bf967a92-0de6-11d0-a285-00aa003049e2}\r\n</Data>\n    <Data Name=\"AdditionalInfo\">CN=JUMP01,CN=Servers,CN=OFFSEC-PREMISE,CN=Sites,CN=Configuration,DC=offsec,DC=lan</Data>\n    <Data Name=\"AdditionalInfo2\">%{590b1ef4-6143-4c18-b554-1ee0a59bb7f8}</Data>\n  </EventData>\n</Event>\n",
  "json": "{\"Event\":{\"#attributes\":{\"xmlns\":\"http://schemas.microsoft.com/win/2004/08/events/event\"},\"System\":{\"Provider\":{\"#attributes\":{\"Name\":\"Microsoft-Windows-Security-Auditing\",\"Guid\":\"54849625-5478-4994-A5BA-3E3B0328C30D\"}},\"EventID\":4662,\"Version\":0,\"Level\":0,\"Task\":14080,\"Opcode\":0,\"Keywords\":\"0x8020000000000000\",\"TimeCreated\":{\"#attributes\":{\"SystemTime\":\"2021-04-27T11:04:03.479708Z\"}},\"EventRecordID\":138520213,\"Correlation\":{\"#attributes\":{\"ActivityID\":\"9816F041-2BBE-0000-53F0-1698BE2BD701\"}},\"Execution\":{\"#attributes\":{\"ProcessID\":548,\"ThreadID\":484}},\"Channel\":\"Security\",\"Computer\":\"rootdc1.offsec.lan\",\"Security\":null},\"EventData\":{\"SubjectUserSid\":\"S-1-5-21-4230534742-2542757381-3142984815-1111\",\"SubjectUserName\":\"admmig\",\"SubjectDomainName\":\"OFFSEC\",\"SubjectLogonId\":\"0x31a24611\",\"ObjectServer\":\"DS\",\"ObjectType\":\"%{f780acc0-56f0-11d1-a9c6-0000f80367c1}\",\"ObjectName\":\"%{665d6fdb-b06f-4d36-9da5-9b8dbaafeb2a}\",\"OperationType\":\"Object Access\",\"HandleId\":\"0x0\",\"AccessList\":\"%%7680\\r\\n\\t\\t\\t\\t\",\"AccessMask\":\"0x1\",\"Properties\":\"%%7680\\r\\n\\t{bf967a92-0de6-11d0-a285-00aa003049e2}\\r\\n\",\"AdditionalInfo\":\"CN=JUMP01,CN=Servers,CN=OFFSEC-PREMISE,CN=Sites,CN=Configuration,DC=offsec,DC=lan\",\"AdditionalInfo2\":\"%{590b1ef4-6143-4c18-b554-1ee0a59bb7f8}\"}}}",
  "xml_fields": {
    "provider": "Microsoft-Windows-Security-Auditing",
    "event_id": "4662",
    "timestamp": "2021-04-27T11:04:03.479708Z",
    "event_record_id": "138520213",
    "level": "0",
    "task": "14080",
    "opcode": "0",
    "keywords": "0x8020000000000000",
    "channel": "Security",
    "computer": "rootdc1.offsec.lan",
    "SubjectUserSid": "S-1-5-21-4230534742-2542757381-3142984815-1111",
    "SubjectUserName": "admmig",
    "SubjectDomainName": "OFFSEC",
    "SubjectLogonId": "0x31a24611",
    "ObjectServer": "DS",
    "ObjectType": "%{f780acc0-56f0-11d1-a9c6-0000f80367c1}",
    "ObjectName": "%{665d6fdb-b06f-4d36-9da5-9b8dbaafeb2a}",
    "OperationType": "Object Access",
    "HandleId": "0x0",
    "AccessList": "%%7680\n\t\t\t\t",
    "AccessMask": "0x1",
    "Properties": "%%7680\n\t{bf967a92-0de6-11d0-a285-00aa003049e2}\n",
    "AdditionalInfo": "CN=JUMP01,CN=Servers,CN=OFFSEC-PREMISE,CN=Sites,CN=Configuration,DC=offsec,DC=lan",
    "AdditionalInfo2": "%{590b1ef4-6143-4c18-b554-1ee0a59bb7f8}"
  },
  "json_fields": {
    "provider": "Microsoft-Windows-Security-Auditing",
    "channel": "Security",
    "event_id": "4662",
    "timestamp": "2021-04-27T11:04:03.479708Z",
    "event_record_id": "138520213",
    "level": "0",
    "task": "14080",
    "opcode": "0",
    "keywords": "0x8020000000000000",
    "computer": "rootdc1.offsec.lan",
    "SubjectUserSid": "S-1-5-21-4230534742-2542757381-3142984815-1111",
    "SubjectUserName": "admmig",
    "SubjectDomainName": "OFFSEC",
    "SubjectLogonId": "0x31a24611",
    "ObjectServer": "DS",
    "ObjectType": "%{f780acc0-56f0-11d1-a9c6-0000f80367c1}",
    "ObjectName": "%{665d6fdb-b06f-4d36-9da5-9b8dbaafeb2a}",
    "OperationType": "Object Access",
    "HandleId": "0x0",
    "AccessList": "%%7680\r\n\t\t\t\t",
    "AccessMask": "0x1",
    "Properties": "%%7680\r\n\t{bf967a92-0de6-11d0-a285-00aa003049e2}\r\n",
    "AdditionalInfo": "CN=JUMP01,CN=Servers,CN=OFFSEC-PREMISE,CN=Sites,CN=Configuration,DC=offsec,DC=lan",
    "AdditionalInfo2": "%{590b1ef4-6143-4c18-b554-1ee0a59bb7f8}"
  }
}