{
  "event_id": "4663",
  "provider": "Microsoft-Windows-Security-Auditing",
  "channel": "Security",
  "source_file": "D:\\visual code file\\Project_4\\Event-Analyzer\\test\\Malicious\\EVTX-to-MITRE-Attack-master\\TA0006-Credential Access\\T1003-Credential dumping\\ID4656-4663-4658 Mimikatz sekurlsa password dump.evtx",
  "event_record_id": 5,
  "xml": "<?xml version=\"1.0\" encoding=\"utf-8\"?>\n<Event xmlns=\"http://schemas.microsoft.com/win/2004/08/events/event\">\n  <System>\n    <Provider Name=\"Microsoft-Windows-Security-Auditing\" Guid=\"54849625-5478-4994-A5BA-3E3B0328C30D\">\n    </Provider>\n    <EventID>4663</EventID>\n    <Version>1</Version>\n    <Level>0</Level>\n    <Task>12802</Task>\n    <Opcode>0</Opcode>\n    <Keywords>0x8020000000000000</Keywords>\n    <TimeCreated SystemTime=\"2021-03-26T16:36:00.829373Z\">\n    </TimeCreated>\n    <EventRecordID>9217077</EventRecordID>\n    <Correlation>\n    </Correlation>\n    <Execution ProcessID=\"4\" ThreadID=\"456\">\n    </Execution>\n    <Channel>Security</Channel>\n    <Computer>jump01.offsec.lan</Computer>\n    <Security>\n    </Security>\n  </System>\n  <EventData>\n    <Data Name=\"SubjectUserSid\">S-1-5-21-4230534742-2542757381-3142984815-1111</Data>\n    <Data Name=\"SubjectUserName\">admmig</Data>\n    <Data Name=\"SubjectDomainName\">OFFSEC</Data>\n    <Data Name=\"SubjectLogonId\">0xe922e</Data>\n    <Data Name=\"ObjectServer\">Security</Data>\n    <Data Name=\"ObjectType\">Process</Data>\n    <Data Name=\"ObjectName\">\\Device\\HarddiskVolume4\\Windows\\System32\\lsass.exe</Data>\n    <Data Name=\"HandleId\">0x274</Data>\n    <Data Name=\"AccessList\">%%4484\r\n\t\t\t\t</Data>\n    <Data Name=\"AccessMask\">0x10</Data>\n    <Data Name=\"ProcessId\">0x1e20</Data>\n    <Data Name=\"ProcessName\">C:\\TOOLS\\Security_tool\\Mimikatz-fev-2020\\mimikatz.exe</Data>\n    <Data Name=\"ResourceAttributes\">-</Data>\n  </EventData>\n</Event>\n",
  "json": "{\"Event\":{\"#attributes\":{\"xmlns\":\"http://schemas.microsoft.com/win/2004/08/events/event\"},\"System\":{\"Provider\":{\"#attributes\":{\"Name\":\"Microsoft-Windows-Security-Auditing\",\"Guid\":\"54849625-5478-4994-A5BA-3E3B0328C30D\"}},\"EventID\":4663,\"Version\":1,\"Level\":0,\"Task\":12802,\"Opcode\":0,\"Keywords\":\"0x8020000000000000\",\"TimeCreated\":{\"#attributes\":{\"SystemTime\":\"2021-03-26T16:36:00.829373Z\"}},\"EventRecordID\":9217077,\"Correlation\":null,\"Execution\":{\"#attributes\":{\"ProcessID\":4,\"ThreadID\":456}},\"Channel\":\"Security\",\"Computer\":\"jump01.offsec.lan\",\"Security\":null},\"EventData\":{\"SubjectUserSid\":\"S-1-5-21-4230534742-2542757381-3142984815-1111\",\"SubjectUserName\":\"admmig\",\"SubjectDomainName\":\"OFFSEC\",\"SubjectLogonId\":\"0xe922e\",\"ObjectServer\":\"Security\",\"ObjectType\":\"Process\",\"ObjectName\":\"\\\\Device\\\\HarddiskVolume4\\\\Windows\\\\System32\\\\lsass.exe\",\"HandleId\":\"0x274\",\"AccessList\":\"%%4484\\r\\n\\t\\t\\t\\t\",\"AccessMask\":\"0x10\",\"ProcessId\":\"0x1e20\",\"ProcessName\":\"C:\\\\TOOLS\\\\Security_tool\\\\Mimikatz-fev-2020\\\\mimikatz.exe\",\"ResourceAttributes\":\"-\"}}}",
  "xml_fields": {
    "provider": "Microsoft-Windows-Security-Auditing",
    "event_id": "4663",
    "timestamp": "2021-03-26T16:36:00.829373Z",
    "event_record_id": "9217077",
    "level": "0",
    "task": "12802",
    "opcode": "0",
    "keywords": "0x8020000000000000",
    "channel": "Security",
    "computer": "jump01.offsec.lan",
    "SubjectUserSid": "S-1-5-21-4230534742-2542757381-3142984815-1111",
    "SubjectUserName": "admmig",
    "SubjectDomainName": "OFFSEC",
    "SubjectLogonId": "0xe922e",
    "ObjectServer": "Security",
    "ObjectType": "Process",
    "ObjectName": "\\Device\\HarddiskVolume4\\Windows\\System32\\lsass.exe",
    "HandleId": "0x274",
    "AccessList": "%%4484\n\t\t\t\t",
    "AccessMask": "0x10",
    "ProcessId": "0x1e20",
    "ProcessName": "C:\\TOOLS\\Security_tool\\Mimikatz-fev-2020\\mimikatz.exe",
    "ResourceAttributes": "-"
  },
  "json_fields": {
    "provider": "Microsoft-Windows-Security-Auditing",
    "channel": "Security",
    "event_id": "4663",
    "timestamp": "2021-03-26T16:36:00.829373Z",
    "event_record_id": "9217077",
    "level": "0",
    "task": "12802",
    "opcode": "0",
    "keywords": "0x8020000000000000",
    "computer": "jump01.offsec.lan",
    "SubjectUserSid": "S-1-5-21-4230534742-2542757381-3142984815-1111",
    "SubjectUserName": "admmig",
    "SubjectDomainName": "OFFSEC",
    "SubjectLogonId": "0xe922e",
    "ObjectServer": "Security",
    "ObjectType": "Process",
    "ObjectName": "\\Device\\HarddiskVolume4\\Windows\\System32\\lsass.exe",
    "HandleId": "0x274",
    "AccessList": "%%4484\r\n\t\t\t\t",
    "AccessMask": "0x10",
    "ProcessId": "0x1e20",
    "ProcessName": "C:\\TOOLS\\Security_tool\\Mimikatz-fev-2020\\mimikatz.exe",
    "ResourceAttributes": "-"
  }
}