{
  "event_id": "4664",
  "provider": "Microsoft-Windows-Security-Auditing",
  "channel": "Security",
  "source_file": "D:\\visual code file\\Project_4\\Event-Analyzer\\test\\Malicious\\EVTX-to-MITRE-Attack-master\\TA0003-Persistence\\T1547-Boot or Logon Autostart Execution\\ID4664-symbolic link created.evtx",
  "event_record_id": 1,
  "xml": "<?xml version=\"1.0\" encoding=\"utf-8\"?>\n<Event xmlns=\"http://schemas.microsoft.com/win/2004/08/events/event\">\n  <System>\n    <Provider Name=\"Microsoft-Windows-Security-Auditing\" Guid=\"54849625-5478-4994-A5BA-3E3B0328C30D\">\n    </Provider>\n    <EventID>4664</EventID>\n    <Version>0</Version>\n    <Level>0</Level>\n    <Task>12800</Task>\n    <Opcode>0</Opcode>\n    <Keywords>0x8020000000000000</Keywords>\n    <TimeCreated SystemTime=\"2023-03-03T14:35:35.247825Z\">\n    </TimeCreated>\n    <EventRecordID>7600</EventRecordID>\n    <Correlation>\n    </Correlation>\n    <Execution ProcessID=\"4\" ThreadID=\"5988\">\n    </Execution>\n    <Channel>Security</Channel>\n    <Computer>WIN</Computer>\n    <Security>\n    </Security>\n  </System>\n  <EventData>\n    <Data Name=\"SubjectUserSid\">S-1-5-21-113448046-927799223-410490820-1001</Data>\n    <Data Name=\"SubjectUserName\">Admin</Data>\n    <Data Name=\"SubjectDomainName\">WIN</Data>\n    <Data Name=\"SubjectLogonId\">0x79b70</Data>\n    <Data Name=\"FileName\">C:\\Users\\Admin\\Downloads\\Sysmon\\sysmonconf.xml</Data>\n    <Data Name=\"LinkName\">C:\\Users\\Admin\\Downloads\\sysmonconf.xml</Data>\n    <Data Name=\"TransactionId\">00000000-0000-0000-0000-000000000000</Data>\n  </EventData>\n</Event>\n",
  "json": "{\"Event\":{\"#attributes\":{\"xmlns\":\"http://schemas.microsoft.com/win/2004/08/events/event\"},\"System\":{\"Provider\":{\"#attributes\":{\"Name\":\"Microsoft-Windows-Security-Auditing\",\"Guid\":\"54849625-5478-4994-A5BA-3E3B0328C30D\"}},\"EventID\":4664,\"Version\":0,\"Level\":0,\"Task\":12800,\"Opcode\":0,\"Keywords\":\"0x8020000000000000\",\"TimeCreated\":{\"#attributes\":{\"SystemTime\":\"2023-03-03T14:35:35.247825Z\"}},\"EventRecordID\":7600,\"Correlation\":null,\"Execution\":{\"#attributes\":{\"ProcessID\":4,\"ThreadID\":5988}},\"Channel\":\"Security\",\"Computer\":\"WIN\",\"Security\":null},\"EventData\":{\"SubjectUserSid\":\"S-1-5-21-113448046-927799223-410490820-1001\",\"SubjectUserName\":\"Admin\",\"SubjectDomainName\":\"WIN\",\"SubjectLogonId\":\"0x79b70\",\"FileName\":\"C:\\\\Users\\\\Admin\\\\Downloads\\\\Sysmon\\\\sysmonconf.xml\",\"LinkName\":\"C:\\\\Users\\\\Admin\\\\Downloads\\\\sysmonconf.xml\",\"TransactionId\":\"00000000-0000-0000-0000-000000000000\"}}}",
  "xml_fields": {
    "provider": "Microsoft-Windows-Security-Auditing",
    "event_id": "4664",
    "timestamp": "2023-03-03T14:35:35.247825Z",
    "event_record_id": "7600",
    "level": "0",
    "task": "12800",
    "opcode": "0",
    "keywords": "0x8020000000000000",
    "channel": "Security",
    "computer": "WIN",
    "SubjectUserSid": "S-1-5-21-113448046-927799223-410490820-1001",
    "SubjectUserName": "Admin",
    "SubjectDomainName": "WIN",
    "SubjectLogonId": "0x79b70",
    "FileName": "C:\\Users\\Admin\\Downloads\\Sysmon\\sysmonconf.xml",
    "LinkName": "C:\\Users\\Admin\\Downloads\\sysmonconf.xml",
    "TransactionId": "00000000-0000-0000-0000-000000000000"
  },
  "json_fields": {
    "provider": "Microsoft-Windows-Security-Auditing",
    "channel": "Security",
    "event_id": "4664",
    "timestamp": "2023-03-03T14:35:35.247825Z",
    "event_record_id": "7600",
    "level": "0",
    "task": "12800",
    "opcode": "0",
    "keywords": "0x8020000000000000",
    "computer": "WIN",
    "SubjectUserSid": "S-1-5-21-113448046-927799223-410490820-1001",
    "SubjectUserName": "Admin",
    "SubjectDomainName": "WIN",
    "SubjectLogonId": "0x79b70",
    "FileName": "C:\\Users\\Admin\\Downloads\\Sysmon\\sysmonconf.xml",
    "LinkName": "C:\\Users\\Admin\\Downloads\\sysmonconf.xml",
    "TransactionId": "00000000-0000-0000-0000-000000000000"
  }
}