{
  "event_id": "4670",
  "provider": "Microsoft-Windows-Security-Auditing",
  "channel": "Security",
  "source_file": "D:\\visual code file\\Project_4\\Event-Analyzer\\test\\Malicious\\EVTX-to-MITRE-Attack-master\\TA0005-Defense Evasion\\T1112-Modify registry\\ID4624,4670,4688,4674-Registry permission change via WMI (DAMP).evtx",
  "event_record_id": 12,
  "xml": "<?xml version=\"1.0\" encoding=\"utf-8\"?>\n<Event xmlns=\"http://schemas.microsoft.com/win/2004/08/events/event\">\n  <System>\n    <Provider Name=\"Microsoft-Windows-Security-Auditing\" Guid=\"54849625-5478-4994-A5BA-3E3B0328C30D\">\n    </Provider>\n    <EventID>4670</EventID>\n    <Version>0</Version>\n    <Level>0</Level>\n    <Task>13570</Task>\n    <Opcode>0</Opcode>\n    <Keywords>0x8020000000000000</Keywords>\n    <TimeCreated SystemTime=\"2021-12-09T18:50:55.364930Z\">\n    </TimeCreated>\n    <EventRecordID>825508</EventRecordID>\n    <Correlation>\n    </Correlation>\n    <Execution ProcessID=\"508\" ThreadID=\"516\">\n    </Execution>\n    <Channel>Security</Channel>\n    <Computer>FS03.offsec.lan</Computer>\n    <Security>\n    </Security>\n  </System>\n  <EventData>\n    <Data Name=\"SubjectUserSid\">S-1-5-18</Data>\n    <Data Name=\"SubjectUserName\">FS03$</Data>\n    <Data Name=\"SubjectDomainName\">OFFSEC</Data>\n    <Data Name=\"SubjectLogonId\">0x3e7</Data>\n    <Data Name=\"ObjectServer\">Security</Data>\n    <Data Name=\"ObjectType\">Token</Data>\n    <Data Name=\"ObjectName\">-</Data>\n    <Data Name=\"HandleId\">0x1108</Data>\n    <Data Name=\"OldSd\">D:(A;;GA;;;SY)(A;;GA;;;NS)</Data>\n    <Data Name=\"NewSd\">D:(A;;GA;;;SY)(A;;RC;;;OW)(A;;GA;;;S-1-5-86-615999462-62705297-2911207457-59056572-3668589837)</Data>\n    <Data Name=\"ProcessId\">0x300</Data>\n    <Data Name=\"ProcessName\">C:\\Windows\\System32\\svchost.exe</Data>\n  </EventData>\n</Event>\n",
  "json": "{\"Event\":{\"#attributes\":{\"xmlns\":\"http://schemas.microsoft.com/win/2004/08/events/event\"},\"System\":{\"Provider\":{\"#attributes\":{\"Name\":\"Microsoft-Windows-Security-Auditing\",\"Guid\":\"54849625-5478-4994-A5BA-3E3B0328C30D\"}},\"EventID\":4670,\"Version\":0,\"Level\":0,\"Task\":13570,\"Opcode\":0,\"Keywords\":\"0x8020000000000000\",\"TimeCreated\":{\"#attributes\":{\"SystemTime\":\"2021-12-09T18:50:55.364930Z\"}},\"EventRecordID\":825508,\"Correlation\":null,\"Execution\":{\"#attributes\":{\"ProcessID\":508,\"ThreadID\":516}},\"Channel\":\"Security\",\"Computer\":\"FS03.offsec.lan\",\"Security\":null},\"EventData\":{\"SubjectUserSid\":\"S-1-5-18\",\"SubjectUserName\":\"FS03$\",\"SubjectDomainName\":\"OFFSEC\",\"SubjectLogonId\":\"0x3e7\",\"ObjectServer\":\"Security\",\"ObjectType\":\"Token\",\"ObjectName\":\"-\",\"HandleId\":\"0x1108\",\"OldSd\":\"D:(A;;GA;;;SY)(A;;GA;;;NS)\",\"NewSd\":\"D:(A;;GA;;;SY)(A;;RC;;;OW)(A;;GA;;;S-1-5-86-615999462-62705297-2911207457-59056572-3668589837)\",\"ProcessId\":\"0x300\",\"ProcessName\":\"C:\\\\Windows\\\\System32\\\\svchost.exe\"}}}",
  "xml_fields": {
    "provider": "Microsoft-Windows-Security-Auditing",
    "event_id": "4670",
    "timestamp": "2021-12-09T18:50:55.364930Z",
    "event_record_id": "825508",
    "level": "0",
    "task": "13570",
    "opcode": "0",
    "keywords": "0x8020000000000000",
    "channel": "Security",
    "computer": "FS03.offsec.lan",
    "SubjectUserSid": "S-1-5-18",
    "SubjectUserName": "FS03$",
    "SubjectDomainName": "OFFSEC",
    "SubjectLogonId": "0x3e7",
    "ObjectServer": "Security",
    "ObjectType": "Token",
    "ObjectName": "-",
    "HandleId": "0x1108",
    "OldSd": "D:(A;;GA;;;SY)(A;;GA;;;NS)",
    "NewSd": "D:(A;;GA;;;SY)(A;;RC;;;OW)(A;;GA;;;S-1-5-86-615999462-62705297-2911207457-59056572-3668589837)",
    "ProcessId": "0x300",
    "ProcessName": "C:\\Windows\\System32\\svchost.exe"
  },
  "json_fields": {
    "provider": "Microsoft-Windows-Security-Auditing",
    "channel": "Security",
    "event_id": "4670",
    "timestamp": "2021-12-09T18:50:55.364930Z",
    "event_record_id": "825508",
    "level": "0",
    "task": "13570",
    "opcode": "0",
    "keywords": "0x8020000000000000",
    "computer": "FS03.offsec.lan",
    "SubjectUserSid": "S-1-5-18",
    "SubjectUserName": "FS03$",
    "SubjectDomainName": "OFFSEC",
    "SubjectLogonId": "0x3e7",
    "ObjectServer": "Security",
    "ObjectType": "Token",
    "ObjectName": "-",
    "HandleId": "0x1108",
    "OldSd": "D:(A;;GA;;;SY)(A;;GA;;;NS)",
    "NewSd": "D:(A;;GA;;;SY)(A;;RC;;;OW)(A;;GA;;;S-1-5-86-615999462-62705297-2911207457-59056572-3668589837)",
    "ProcessId": "0x300",
    "ProcessName": "C:\\Windows\\System32\\svchost.exe"
  }
}