{
  "event_id": "4672",
  "provider": "Microsoft-Windows-Security-Auditing",
  "channel": "Security",
  "source_file": "D:\\visual code file\\Project_4\\Event-Analyzer\\test\\Logs\\Security.evtx",
  "event_record_id": 4421,
  "xml": "<?xml version=\"1.0\" encoding=\"utf-8\"?>\n<Event xmlns=\"http://schemas.microsoft.com/win/2004/08/events/event\">\n  <System>\n    <Provider Name=\"Microsoft-Windows-Security-Auditing\" Guid=\"54849625-5478-4994-A5BA-3E3B0328C30D\">\n    </Provider>\n    <EventID>4672</EventID>\n    <Version>0</Version>\n    <Level>0</Level>\n    <Task>12548</Task>\n    <Opcode>0</Opcode>\n    <Keywords>0x8020000000000000</Keywords>\n    <TimeCreated SystemTime=\"2025-01-24T10:28:58.988094Z\">\n    </TimeCreated>\n    <EventRecordID>4421</EventRecordID>\n    <Correlation ActivityID=\"8D345FF6-6E47-0001-3860-348D476EDB01\">\n    </Correlation>\n    <Execution ProcessID=\"684\" ThreadID=\"5248\">\n    </Execution>\n    <Channel>Security</Channel>\n    <Computer>CTO-FILESVR</Computer>\n    <Security>\n    </Security>\n  </System>\n  <EventData>\n    <Data Name=\"SubjectUserSid\">S-1-5-18</Data>\n    <Data Name=\"SubjectUserName\">SYSTEM</Data>\n    <Data Name=\"SubjectDomainName\">NT AUTHORITY</Data>\n    <Data Name=\"SubjectLogonId\">0x3e7</Data>\n    <Data Name=\"PrivilegeList\">SeAssignPrimaryTokenPrivilege\r\n\t\t\tSeTcbPrivilege\r\n\t\t\tSeSecurityPrivilege\r\n\t\t\tSeTakeOwnershipPrivilege\r\n\t\t\tSeLoadDriverPrivilege\r\n\t\t\tSeBackupPrivilege\r\n\t\t\tSeRestorePrivilege\r\n\t\t\tSeDebugPrivilege\r\n\t\t\tSeAuditPrivilege\r\n\t\t\tSeSystemEnvironmentPrivilege\r\n\t\t\tSeImpersonatePrivilege\r\n\t\t\tSeDelegateSessionUserImpersonatePrivilege</Data>\n  </EventData>\n</Event>\n",
  "json": "{\"Event\":{\"#attributes\":{\"xmlns\":\"http://schemas.microsoft.com/win/2004/08/events/event\"},\"System\":{\"Provider\":{\"#attributes\":{\"Name\":\"Microsoft-Windows-Security-Auditing\",\"Guid\":\"54849625-5478-4994-A5BA-3E3B0328C30D\"}},\"EventID\":4672,\"Version\":0,\"Level\":0,\"Task\":12548,\"Opcode\":0,\"Keywords\":\"0x8020000000000000\",\"TimeCreated\":{\"#attributes\":{\"SystemTime\":\"2025-01-24T10:28:58.988094Z\"}},\"EventRecordID\":4421,\"Correlation\":{\"#attributes\":{\"ActivityID\":\"8D345FF6-6E47-0001-3860-348D476EDB01\"}},\"Execution\":{\"#attributes\":{\"ProcessID\":684,\"ThreadID\":5248}},\"Channel\":\"Security\",\"Computer\":\"CTO-FILESVR\",\"Security\":null},\"EventData\":{\"SubjectUserSid\":\"S-1-5-18\",\"SubjectUserName\":\"SYSTEM\",\"SubjectDomainName\":\"NT AUTHORITY\",\"SubjectLogonId\":\"0x3e7\",\"PrivilegeList\":\"SeAssignPrimaryTokenPrivilege\\r\\n\\t\\t\\tSeTcbPrivilege\\r\\n\\t\\t\\tSeSecurityPrivilege\\r\\n\\t\\t\\tSeTakeOwnershipPrivilege\\r\\n\\t\\t\\tSeLoadDriverPrivilege\\r\\n\\t\\t\\tSeBackupPrivilege\\r\\n\\t\\t\\tSeRestorePrivilege\\r\\n\\t\\t\\tSeDebugPrivilege\\r\\n\\t\\t\\tSeAuditPrivilege\\r\\n\\t\\t\\tSeSystemEnvironmentPrivilege\\r\\n\\t\\t\\tSeImpersonatePrivilege\\r\\n\\t\\t\\tSeDelegateSessionUserImpersonatePrivilege\"}}}",
  "xml_fields": {
    "provider": "Microsoft-Windows-Security-Auditing",
    "event_id": "4672",
    "timestamp": "2025-01-24T10:28:58.988094Z",
    "event_record_id": "4421",
    "level": "0",
    "task": "12548",
    "opcode": "0",
    "keywords": "0x8020000000000000",
    "channel": "Security",
    "computer": "CTO-FILESVR",
    "SubjectUserSid": "S-1-5-18",
    "SubjectUserName": "SYSTEM",
    "SubjectDomainName": "NT AUTHORITY",
    "SubjectLogonId": "0x3e7",
    "PrivilegeList": "SeAssignPrimaryTokenPrivilege\n\t\t\tSeTcbPrivilege\n\t\t\tSeSecurityPrivilege\n\t\t\tSeTakeOwnershipPrivilege\n\t\t\tSeLoadDriverPrivilege\n\t\t\tSeBackupPrivilege\n\t\t\tSeRestorePrivilege\n\t\t\tSeDebugPrivilege\n\t\t\tSeAuditPrivilege\n\t\t\tSeSystemEnvironmentPrivilege\n\t\t\tSeImpersonatePrivilege\n\t\t\tSeDelegateSessionUserImpersonatePrivilege"
  },
  "json_fields": {
    "provider": "Microsoft-Windows-Security-Auditing",
    "channel": "Security",
    "event_id": "4672",
    "timestamp": "2025-01-24T10:28:58.988094Z",
    "event_record_id": "4421",
    "level": "0",
    "task": "12548",
    "opcode": "0",
    "keywords": "0x8020000000000000",
    "computer": "CTO-FILESVR",
    "SubjectUserSid": "S-1-5-18",
    "SubjectUserName": "SYSTEM",
    "SubjectDomainName": "NT AUTHORITY",
    "SubjectLogonId": "0x3e7",
    "PrivilegeList": "SeAssignPrimaryTokenPrivilege\r\n\t\t\tSeTcbPrivilege\r\n\t\t\tSeSecurityPrivilege\r\n\t\t\tSeTakeOwnershipPrivilege\r\n\t\t\tSeLoadDriverPrivilege\r\n\t\t\tSeBackupPrivilege\r\n\t\t\tSeRestorePrivilege\r\n\t\t\tSeDebugPrivilege\r\n\t\t\tSeAuditPrivilege\r\n\t\t\tSeSystemEnvironmentPrivilege\r\n\t\t\tSeImpersonatePrivilege\r\n\t\t\tSeDelegateSessionUserImpersonatePrivilege"
  }
}