{
  "event_id": "4673",
  "provider": "Microsoft-Windows-Security-Auditing",
  "channel": "Security",
  "source_file": "D:\\visual code file\\Project_4\\Event-Analyzer\\test\\Malicious\\EVTX-to-MITRE-Attack-master\\EVTX_full_APT_attack_steps\\ID4624,4688,5140,5145-Eternal Romance - MS17_010_psexec (GLOBAL).evtx",
  "event_record_id": 14,
  "xml": "<?xml version=\"1.0\" encoding=\"utf-8\"?>\n<Event xmlns=\"http://schemas.microsoft.com/win/2004/08/events/event\">\n  <System>\n    <Provider Name=\"Microsoft-Windows-Security-Auditing\" Guid=\"54849625-5478-4994-A5BA-3E3B0328C30D\">\n    </Provider>\n    <EventID>4673</EventID>\n    <Version>0</Version>\n    <Level>0</Level>\n    <Task>13056</Task>\n    <Opcode>0</Opcode>\n    <Keywords>0x8020000000000000</Keywords>\n    <TimeCreated SystemTime=\"2021-04-22T08:51:05.367538Z\">\n    </TimeCreated>\n    <EventRecordID>435123</EventRecordID>\n    <Correlation>\n    </Correlation>\n    <Execution ProcessID=\"480\" ThreadID=\"488\">\n    </Execution>\n    <Channel>Security</Channel>\n    <Computer>fs03vuln.offsec.lan</Computer>\n    <Security>\n    </Security>\n  </System>\n  <EventData>\n    <Data Name=\"SubjectUserSid\">S-1-5-18</Data>\n    <Data Name=\"SubjectUserName\">FS03VULN$</Data>\n    <Data Name=\"SubjectDomainName\">OFFSEC</Data>\n    <Data Name=\"SubjectLogonId\">0x3e7</Data>\n    <Data Name=\"ObjectServer\">NT Local Security Authority / Authentication Service</Data>\n    <Data Name=\"Service\">LsaRegisterLogonProcess()</Data>\n    <Data Name=\"PrivilegeList\">SeTcbPrivilege</Data>\n    <Data Name=\"ProcessId\">0x1e0</Data>\n    <Data Name=\"ProcessName\">C:\\Windows\\System32\\lsass.exe</Data>\n  </EventData>\n</Event>\n",
  "json": "{\"Event\":{\"#attributes\":{\"xmlns\":\"http://schemas.microsoft.com/win/2004/08/events/event\"},\"System\":{\"Provider\":{\"#attributes\":{\"Name\":\"Microsoft-Windows-Security-Auditing\",\"Guid\":\"54849625-5478-4994-A5BA-3E3B0328C30D\"}},\"EventID\":4673,\"Version\":0,\"Level\":0,\"Task\":13056,\"Opcode\":0,\"Keywords\":\"0x8020000000000000\",\"TimeCreated\":{\"#attributes\":{\"SystemTime\":\"2021-04-22T08:51:05.367538Z\"}},\"EventRecordID\":435123,\"Correlation\":null,\"Execution\":{\"#attributes\":{\"ProcessID\":480,\"ThreadID\":488}},\"Channel\":\"Security\",\"Computer\":\"fs03vuln.offsec.lan\",\"Security\":null},\"EventData\":{\"SubjectUserSid\":\"S-1-5-18\",\"SubjectUserName\":\"FS03VULN$\",\"SubjectDomainName\":\"OFFSEC\",\"SubjectLogonId\":\"0x3e7\",\"ObjectServer\":\"NT Local Security Authority / Authentication Service\",\"Service\":\"LsaRegisterLogonProcess()\",\"PrivilegeList\":\"SeTcbPrivilege\",\"ProcessId\":\"0x1e0\",\"ProcessName\":\"C:\\\\Windows\\\\System32\\\\lsass.exe\"}}}",
  "xml_fields": {
    "provider": "Microsoft-Windows-Security-Auditing",
    "event_id": "4673",
    "timestamp": "2021-04-22T08:51:05.367538Z",
    "event_record_id": "435123",
    "level": "0",
    "task": "13056",
    "opcode": "0",
    "keywords": "0x8020000000000000",
    "channel": "Security",
    "computer": "fs03vuln.offsec.lan",
    "SubjectUserSid": "S-1-5-18",
    "SubjectUserName": "FS03VULN$",
    "SubjectDomainName": "OFFSEC",
    "SubjectLogonId": "0x3e7",
    "ObjectServer": "NT Local Security Authority / Authentication Service",
    "Service": "LsaRegisterLogonProcess()",
    "PrivilegeList": "SeTcbPrivilege",
    "ProcessId": "0x1e0",
    "ProcessName": "C:\\Windows\\System32\\lsass.exe"
  },
  "json_fields": {
    "provider": "Microsoft-Windows-Security-Auditing",
    "channel": "Security",
    "event_id": "4673",
    "timestamp": "2021-04-22T08:51:05.367538Z",
    "event_record_id": "435123",
    "level": "0",
    "task": "13056",
    "opcode": "0",
    "keywords": "0x8020000000000000",
    "computer": "fs03vuln.offsec.lan",
    "SubjectUserSid": "S-1-5-18",
    "SubjectUserName": "FS03VULN$",
    "SubjectDomainName": "OFFSEC",
    "SubjectLogonId": "0x3e7",
    "ObjectServer": "NT Local Security Authority / Authentication Service",
    "Service": "LsaRegisterLogonProcess()",
    "PrivilegeList": "SeTcbPrivilege",
    "ProcessId": "0x1e0",
    "ProcessName": "C:\\Windows\\System32\\lsass.exe"
  }
}