{
  "event_id": "4674",
  "provider": "Microsoft-Windows-Security-Auditing",
  "channel": "Security",
  "source_file": "D:\\visual code file\\Project_4\\Event-Analyzer\\test\\Malicious\\EVTX-to-MITRE-Attack-master\\EVTX_full_APT_attack_steps\\ID4674,5142-Mimikatz print spool privileges requested.evtx",
  "event_record_id": 1,
  "xml": "<?xml version=\"1.0\" encoding=\"utf-8\"?>\n<Event xmlns=\"http://schemas.microsoft.com/win/2004/08/events/event\">\n  <System>\n    <Provider Name=\"Microsoft-Windows-Security-Auditing\" Guid=\"54849625-5478-4994-A5BA-3E3B0328C30D\">\n    </Provider>\n    <EventID>4674</EventID>\n    <Version>0</Version>\n    <Level>0</Level>\n    <Task>13056</Task>\n    <Opcode>0</Opcode>\n    <Keywords>0x8020000000000000</Keywords>\n    <TimeCreated SystemTime=\"2021-10-27T10:12:47.151699Z\">\n    </TimeCreated>\n    <EventRecordID>684037</EventRecordID>\n    <Correlation>\n    </Correlation>\n    <Execution ProcessID=\"480\" ThreadID=\"488\">\n    </Execution>\n    <Channel>Security</Channel>\n    <Computer>fs03vuln.offsec.lan</Computer>\n    <Security>\n    </Security>\n  </System>\n  <EventData>\n    <Data Name=\"SubjectUserSid\">S-1-5-21-4230534742-2542757381-3142984815-1111</Data>\n    <Data Name=\"SubjectUserName\">admmig</Data>\n    <Data Name=\"SubjectDomainName\">OFFSEC</Data>\n    <Data Name=\"SubjectLogonId\">0x5ba37</Data>\n    <Data Name=\"ObjectServer\">Spooler</Data>\n    <Data Name=\"ObjectType\">Printer</Data>\n    <Data Name=\"ObjectName\">Kiwi Legit Printer</Data>\n    <Data Name=\"HandleId\">0x59b6c1ba80</Data>\n    <Data Name=\"AccessMask\">%%1537\r\n\t\t\t\t%%1538\r\n\t\t\t\t%%1539\r\n\t\t\t\t%%1540\r\n\t\t\t\t%%6930\r\n\t\t\t\t%%6931\r\n\t\t\t\t</Data>\n    <Data Name=\"PrivilegeList\">SeTakeOwnershipPrivilege</Data>\n    <Data Name=\"ProcessId\">0x9f8</Data>\n    <Data Name=\"ProcessName\">C:\\Windows\\System32\\spoolsv.exe</Data>\n  </EventData>\n</Event>\n",
  "json": "{\"Event\":{\"#attributes\":{\"xmlns\":\"http://schemas.microsoft.com/win/2004/08/events/event\"},\"System\":{\"Provider\":{\"#attributes\":{\"Name\":\"Microsoft-Windows-Security-Auditing\",\"Guid\":\"54849625-5478-4994-A5BA-3E3B0328C30D\"}},\"EventID\":4674,\"Version\":0,\"Level\":0,\"Task\":13056,\"Opcode\":0,\"Keywords\":\"0x8020000000000000\",\"TimeCreated\":{\"#attributes\":{\"SystemTime\":\"2021-10-27T10:12:47.151699Z\"}},\"EventRecordID\":684037,\"Correlation\":null,\"Execution\":{\"#attributes\":{\"ProcessID\":480,\"ThreadID\":488}},\"Channel\":\"Security\",\"Computer\":\"fs03vuln.offsec.lan\",\"Security\":null},\"EventData\":{\"SubjectUserSid\":\"S-1-5-21-4230534742-2542757381-3142984815-1111\",\"SubjectUserName\":\"admmig\",\"SubjectDomainName\":\"OFFSEC\",\"SubjectLogonId\":\"0x5ba37\",\"ObjectServer\":\"Spooler\",\"ObjectType\":\"Printer\",\"ObjectName\":\"Kiwi Legit Printer\",\"HandleId\":\"0x59b6c1ba80\",\"AccessMask\":\"%%1537\\r\\n\\t\\t\\t\\t%%1538\\r\\n\\t\\t\\t\\t%%1539\\r\\n\\t\\t\\t\\t%%1540\\r\\n\\t\\t\\t\\t%%6930\\r\\n\\t\\t\\t\\t%%6931\\r\\n\\t\\t\\t\\t\",\"PrivilegeList\":\"SeTakeOwnershipPrivilege\",\"ProcessId\":\"0x9f8\",\"ProcessName\":\"C:\\\\Windows\\\\System32\\\\spoolsv.exe\"}}}",
  "xml_fields": {
    "provider": "Microsoft-Windows-Security-Auditing",
    "event_id": "4674",
    "timestamp": "2021-10-27T10:12:47.151699Z",
    "event_record_id": "684037",
    "level": "0",
    "task": "13056",
    "opcode": "0",
    "keywords": "0x8020000000000000",
    "channel": "Security",
    "computer": "fs03vuln.offsec.lan",
    "SubjectUserSid": "S-1-5-21-4230534742-2542757381-3142984815-1111",
    "SubjectUserName": "admmig",
    "SubjectDomainName": "OFFSEC",
    "SubjectLogonId": "0x5ba37",
    "ObjectServer": "Spooler",
    "ObjectType": "Printer",
    "ObjectName": "Kiwi Legit Printer",
    "HandleId": "0x59b6c1ba80",
    "AccessMask": "%%1537\n\t\t\t\t%%1538\n\t\t\t\t%%1539\n\t\t\t\t%%1540\n\t\t\t\t%%6930\n\t\t\t\t%%6931\n\t\t\t\t",
    "PrivilegeList": "SeTakeOwnershipPrivilege",
    "ProcessId": "0x9f8",
    "ProcessName": "C:\\Windows\\System32\\spoolsv.exe"
  },
  "json_fields": {
    "provider": "Microsoft-Windows-Security-Auditing",
    "channel": "Security",
    "event_id": "4674",
    "timestamp": "2021-10-27T10:12:47.151699Z",
    "event_record_id": "684037",
    "level": "0",
    "task": "13056",
    "opcode": "0",
    "keywords": "0x8020000000000000",
    "computer": "fs03vuln.offsec.lan",
    "SubjectUserSid": "S-1-5-21-4230534742-2542757381-3142984815-1111",
    "SubjectUserName": "admmig",
    "SubjectDomainName": "OFFSEC",
    "SubjectLogonId": "0x5ba37",
    "ObjectServer": "Spooler",
    "ObjectType": "Printer",
    "ObjectName": "Kiwi Legit Printer",
    "HandleId": "0x59b6c1ba80",
    "AccessMask": "%%1537\r\n\t\t\t\t%%1538\r\n\t\t\t\t%%1539\r\n\t\t\t\t%%1540\r\n\t\t\t\t%%6930\r\n\t\t\t\t%%6931\r\n\t\t\t\t",
    "PrivilegeList": "SeTakeOwnershipPrivilege",
    "ProcessId": "0x9f8",
    "ProcessName": "C:\\Windows\\System32\\spoolsv.exe"
  }
}