{
  "event_id": "4689",
  "provider": "Microsoft-Windows-Security-Auditing",
  "channel": "Security",
  "source_file": "D:\\visual code file\\Project_4\\Event-Analyzer\\test\\Benign\\Logs_Win11_2023\\Security.evtx",
  "event_record_id": 3875,
  "xml": "<?xml version=\"1.0\" encoding=\"utf-8\"?>\n<Event xmlns=\"http://schemas.microsoft.com/win/2004/08/events/event\">\n  <System>\n    <Provider Name=\"Microsoft-Windows-Security-Auditing\" Guid=\"54849625-5478-4994-A5BA-3E3B0328C30D\">\n    </Provider>\n    <EventID>4689</EventID>\n    <Version>0</Version>\n    <Level>0</Level>\n    <Task>13313</Task>\n    <Opcode>0</Opcode>\n    <Keywords>0x8020000000000000</Keywords>\n    <TimeCreated SystemTime=\"2023-11-05T22:42:53.497994Z\">\n    </TimeCreated>\n    <EventRecordID>3875</EventRecordID>\n    <Correlation>\n    </Correlation>\n    <Execution ProcessID=\"4\" ThreadID=\"232\">\n    </Execution>\n    <Channel>Security</Channel>\n    <Computer>WinDev2310Eval</Computer>\n    <Security>\n    </Security>\n  </System>\n  <EventData>\n    <Data Name=\"SubjectUserSid\">S-1-5-18</Data>\n    <Data Name=\"SubjectUserName\">WINDEV2310EVAL$</Data>\n    <Data Name=\"SubjectDomainName\">WORKGROUP</Data>\n    <Data Name=\"SubjectLogonId\">0x3e7</Data>\n    <Data Name=\"Status\">0x0</Data>\n    <Data Name=\"ProcessId\">0x1d24</Data>\n    <Data Name=\"ProcessName\">C:\\Windows\\System32\\svchost.exe</Data>\n  </EventData>\n</Event>\n",
  "json": "{\"Event\":{\"#attributes\":{\"xmlns\":\"http://schemas.microsoft.com/win/2004/08/events/event\"},\"System\":{\"Provider\":{\"#attributes\":{\"Name\":\"Microsoft-Windows-Security-Auditing\",\"Guid\":\"54849625-5478-4994-A5BA-3E3B0328C30D\"}},\"EventID\":4689,\"Version\":0,\"Level\":0,\"Task\":13313,\"Opcode\":0,\"Keywords\":\"0x8020000000000000\",\"TimeCreated\":{\"#attributes\":{\"SystemTime\":\"2023-11-05T22:42:53.497994Z\"}},\"EventRecordID\":3875,\"Correlation\":null,\"Execution\":{\"#attributes\":{\"ProcessID\":4,\"ThreadID\":232}},\"Channel\":\"Security\",\"Computer\":\"WinDev2310Eval\",\"Security\":null},\"EventData\":{\"SubjectUserSid\":\"S-1-5-18\",\"SubjectUserName\":\"WINDEV2310EVAL$\",\"SubjectDomainName\":\"WORKGROUP\",\"SubjectLogonId\":\"0x3e7\",\"Status\":\"0x0\",\"ProcessId\":\"0x1d24\",\"ProcessName\":\"C:\\\\Windows\\\\System32\\\\svchost.exe\"}}}",
  "xml_fields": {
    "provider": "Microsoft-Windows-Security-Auditing",
    "event_id": "4689",
    "timestamp": "2023-11-05T22:42:53.497994Z",
    "event_record_id": "3875",
    "level": "0",
    "task": "13313",
    "opcode": "0",
    "keywords": "0x8020000000000000",
    "channel": "Security",
    "computer": "WinDev2310Eval",
    "SubjectUserSid": "S-1-5-18",
    "SubjectUserName": "WINDEV2310EVAL$",
    "SubjectDomainName": "WORKGROUP",
    "SubjectLogonId": "0x3e7",
    "Status": "0x0",
    "ProcessId": "0x1d24",
    "ProcessName": "C:\\Windows\\System32\\svchost.exe"
  },
  "json_fields": {
    "provider": "Microsoft-Windows-Security-Auditing",
    "channel": "Security",
    "event_id": "4689",
    "timestamp": "2023-11-05T22:42:53.497994Z",
    "event_record_id": "3875",
    "level": "0",
    "task": "13313",
    "opcode": "0",
    "keywords": "0x8020000000000000",
    "computer": "WinDev2310Eval",
    "SubjectUserSid": "S-1-5-18",
    "SubjectUserName": "WINDEV2310EVAL$",
    "SubjectDomainName": "WORKGROUP",
    "SubjectLogonId": "0x3e7",
    "Status": "0x0",
    "ProcessId": "0x1d24",
    "ProcessName": "C:\\Windows\\System32\\svchost.exe"
  }
}