{
  "event_id": "4690",
  "provider": "Microsoft-Windows-Security-Auditing",
  "channel": "Security",
  "source_file": "D:\\visual code file\\Project_4\\Event-Analyzer\\test\\Malicious\\EVTX-to-MITRE-Attack-master\\EVTX_full_APT_attack_steps\\ID4688,5140,5145-WMIexec execution via SMB (GLOBAL).evtx",
  "event_record_id": 78,
  "xml": "<?xml version=\"1.0\" encoding=\"utf-8\"?>\n<Event xmlns=\"http://schemas.microsoft.com/win/2004/08/events/event\">\n  <System>\n    <Provider Name=\"Microsoft-Windows-Security-Auditing\" Guid=\"54849625-5478-4994-A5BA-3E3B0328C30D\">\n    </Provider>\n    <EventID>4690</EventID>\n    <Version>0</Version>\n    <Level>0</Level>\n    <Task>12807</Task>\n    <Opcode>0</Opcode>\n    <Keywords>0x8020000000000000</Keywords>\n    <TimeCreated SystemTime=\"2021-04-26T08:26:03.063863Z\">\n    </TimeCreated>\n    <EventRecordID>463066</EventRecordID>\n    <Correlation>\n    </Correlation>\n    <Execution ProcessID=\"4\" ThreadID=\"6080\">\n    </Execution>\n    <Channel>Security</Channel>\n    <Computer>srvdefender01.offsec.lan</Computer>\n    <Security>\n    </Security>\n  </System>\n  <EventData>\n    <Data Name=\"SubjectUserSid\">S-1-5-18</Data>\n    <Data Name=\"SubjectUserName\">SRVDEFENDER01$</Data>\n    <Data Name=\"SubjectDomainName\">OFFSEC</Data>\n    <Data Name=\"SubjectLogonId\">0x3e7</Data>\n    <Data Name=\"SourceHandleId\">0x2a4</Data>\n    <Data Name=\"SourceProcessId\">0xc8c</Data>\n    <Data Name=\"TargetHandleId\">0x11ac</Data>\n    <Data Name=\"TargetProcessId\">0x4</Data>\n  </EventData>\n</Event>\n",
  "json": "{\"Event\":{\"#attributes\":{\"xmlns\":\"http://schemas.microsoft.com/win/2004/08/events/event\"},\"System\":{\"Provider\":{\"#attributes\":{\"Name\":\"Microsoft-Windows-Security-Auditing\",\"Guid\":\"54849625-5478-4994-A5BA-3E3B0328C30D\"}},\"EventID\":4690,\"Version\":0,\"Level\":0,\"Task\":12807,\"Opcode\":0,\"Keywords\":\"0x8020000000000000\",\"TimeCreated\":{\"#attributes\":{\"SystemTime\":\"2021-04-26T08:26:03.063863Z\"}},\"EventRecordID\":463066,\"Correlation\":null,\"Execution\":{\"#attributes\":{\"ProcessID\":4,\"ThreadID\":6080}},\"Channel\":\"Security\",\"Computer\":\"srvdefender01.offsec.lan\",\"Security\":null},\"EventData\":{\"SubjectUserSid\":\"S-1-5-18\",\"SubjectUserName\":\"SRVDEFENDER01$\",\"SubjectDomainName\":\"OFFSEC\",\"SubjectLogonId\":\"0x3e7\",\"SourceHandleId\":\"0x2a4\",\"SourceProcessId\":\"0xc8c\",\"TargetHandleId\":\"0x11ac\",\"TargetProcessId\":\"0x4\"}}}",
  "xml_fields": {
    "provider": "Microsoft-Windows-Security-Auditing",
    "event_id": "4690",
    "timestamp": "2021-04-26T08:26:03.063863Z",
    "event_record_id": "463066",
    "level": "0",
    "task": "12807",
    "opcode": "0",
    "keywords": "0x8020000000000000",
    "channel": "Security",
    "computer": "srvdefender01.offsec.lan",
    "SubjectUserSid": "S-1-5-18",
    "SubjectUserName": "SRVDEFENDER01$",
    "SubjectDomainName": "OFFSEC",
    "SubjectLogonId": "0x3e7",
    "SourceHandleId": "0x2a4",
    "SourceProcessId": "0xc8c",
    "TargetHandleId": "0x11ac",
    "TargetProcessId": "0x4"
  },
  "json_fields": {
    "provider": "Microsoft-Windows-Security-Auditing",
    "channel": "Security",
    "event_id": "4690",
    "timestamp": "2021-04-26T08:26:03.063863Z",
    "event_record_id": "463066",
    "level": "0",
    "task": "12807",
    "opcode": "0",
    "keywords": "0x8020000000000000",
    "computer": "srvdefender01.offsec.lan",
    "SubjectUserSid": "S-1-5-18",
    "SubjectUserName": "SRVDEFENDER01$",
    "SubjectDomainName": "OFFSEC",
    "SubjectLogonId": "0x3e7",
    "SourceHandleId": "0x2a4",
    "SourceProcessId": "0xc8c",
    "TargetHandleId": "0x11ac",
    "TargetProcessId": "0x4"
  }
}