{
  "event_id": "4695",
  "provider": "Microsoft-Windows-Security-Auditing",
  "channel": "Security",
  "source_file": "D:\\visual code file\\Project_4\\Event-Analyzer\\test\\Benign\\Logs_Win11_2023\\Security.evtx",
  "event_record_id": 8772,
  "xml": "<?xml version=\"1.0\" encoding=\"utf-8\"?>\n<Event xmlns=\"http://schemas.microsoft.com/win/2004/08/events/event\">\n  <System>\n    <Provider Name=\"Microsoft-Windows-Security-Auditing\" Guid=\"54849625-5478-4994-A5BA-3E3B0328C30D\">\n    </Provider>\n    <EventID>4695</EventID>\n    <Version>0</Version>\n    <Level>0</Level>\n    <Task>13314</Task>\n    <Opcode>0</Opcode>\n    <Keywords>0x8020000000000000</Keywords>\n    <TimeCreated SystemTime=\"2023-11-05T22:46:54.166949Z\">\n    </TimeCreated>\n    <EventRecordID>8772</EventRecordID>\n    <Correlation ActivityID=\"E4DB489E-1037-0001-0C49-DBE43710DA01\">\n    </Correlation>\n    <Execution ProcessID=\"808\" ThreadID=\"4164\">\n    </Execution>\n    <Channel>Security</Channel>\n    <Computer>WinDev2310Eval</Computer>\n    <Security>\n    </Security>\n  </System>\n  <EventData>\n    <Data Name=\"SubjectUserSid\">S-1-5-21-1992711665-1655669231-58201500-1000</Data>\n    <Data Name=\"SubjectUserName\">User</Data>\n    <Data Name=\"SubjectDomainName\">WINDEV2310EVAL</Data>\n    <Data Name=\"SubjectLogonId\">0x27844</Data>\n    <Data Name=\"DataDescription\">ecf918da-9b78-4ed5-bd64-9ff40e3484a1</Data>\n    <Data Name=\"MasterKeyId\">Microsoft Edge</Data>\n    <Data Name=\"ProtectedDataFlags\">0x0</Data>\n    <Data Name=\"CryptoAlgorithms\">AES-256 , SHA2-512 </Data>\n    <Data Name=\"FailureReason\">0x0</Data>\n  </EventData>\n</Event>\n",
  "json": "{\"Event\":{\"#attributes\":{\"xmlns\":\"http://schemas.microsoft.com/win/2004/08/events/event\"},\"System\":{\"Provider\":{\"#attributes\":{\"Name\":\"Microsoft-Windows-Security-Auditing\",\"Guid\":\"54849625-5478-4994-A5BA-3E3B0328C30D\"}},\"EventID\":4695,\"Version\":0,\"Level\":0,\"Task\":13314,\"Opcode\":0,\"Keywords\":\"0x8020000000000000\",\"TimeCreated\":{\"#attributes\":{\"SystemTime\":\"2023-11-05T22:46:54.166949Z\"}},\"EventRecordID\":8772,\"Correlation\":{\"#attributes\":{\"ActivityID\":\"E4DB489E-1037-0001-0C49-DBE43710DA01\"}},\"Execution\":{\"#attributes\":{\"ProcessID\":808,\"ThreadID\":4164}},\"Channel\":\"Security\",\"Computer\":\"WinDev2310Eval\",\"Security\":null},\"EventData\":{\"SubjectUserSid\":\"S-1-5-21-1992711665-1655669231-58201500-1000\",\"SubjectUserName\":\"User\",\"SubjectDomainName\":\"WINDEV2310EVAL\",\"SubjectLogonId\":\"0x27844\",\"DataDescription\":\"ecf918da-9b78-4ed5-bd64-9ff40e3484a1\",\"MasterKeyId\":\"Microsoft Edge\",\"ProtectedDataFlags\":\"0x0\",\"CryptoAlgorithms\":\"AES-256 , SHA2-512 \",\"FailureReason\":\"0x0\"}}}",
  "xml_fields": {
    "provider": "Microsoft-Windows-Security-Auditing",
    "event_id": "4695",
    "timestamp": "2023-11-05T22:46:54.166949Z",
    "event_record_id": "8772",
    "level": "0",
    "task": "13314",
    "opcode": "0",
    "keywords": "0x8020000000000000",
    "channel": "Security",
    "computer": "WinDev2310Eval",
    "SubjectUserSid": "S-1-5-21-1992711665-1655669231-58201500-1000",
    "SubjectUserName": "User",
    "SubjectDomainName": "WINDEV2310EVAL",
    "SubjectLogonId": "0x27844",
    "DataDescription": "ecf918da-9b78-4ed5-bd64-9ff40e3484a1",
    "MasterKeyId": "Microsoft Edge",
    "ProtectedDataFlags": "0x0",
    "CryptoAlgorithms": "AES-256 , SHA2-512 ",
    "FailureReason": "0x0"
  },
  "json_fields": {
    "provider": "Microsoft-Windows-Security-Auditing",
    "channel": "Security",
    "event_id": "4695",
    "timestamp": "2023-11-05T22:46:54.166949Z",
    "event_record_id": "8772",
    "level": "0",
    "task": "13314",
    "opcode": "0",
    "keywords": "0x8020000000000000",
    "computer": "WinDev2310Eval",
    "SubjectUserSid": "S-1-5-21-1992711665-1655669231-58201500-1000",
    "SubjectUserName": "User",
    "SubjectDomainName": "WINDEV2310EVAL",
    "SubjectLogonId": "0x27844",
    "DataDescription": "ecf918da-9b78-4ed5-bd64-9ff40e3484a1",
    "MasterKeyId": "Microsoft Edge",
    "ProtectedDataFlags": "0x0",
    "CryptoAlgorithms": "AES-256 , SHA2-512 ",
    "FailureReason": "0x0"
  }
}