{
  "event_id": "4696",
  "provider": "Microsoft-Windows-Security-Auditing",
  "channel": "Security",
  "source_file": "D:\\visual code file\\Project_4\\Event-Analyzer\\test\\Logs\\Security.evtx",
  "event_record_id": 13799,
  "xml": "<?xml version=\"1.0\" encoding=\"utf-8\"?>\n<Event xmlns=\"http://schemas.microsoft.com/win/2004/08/events/event\">\n  <System>\n    <Provider Name=\"Microsoft-Windows-Security-Auditing\" Guid=\"54849625-5478-4994-A5BA-3E3B0328C30D\">\n    </Provider>\n    <EventID>4696</EventID>\n    <Version>0</Version>\n    <Level>0</Level>\n    <Task>13312</Task>\n    <Opcode>0</Opcode>\n    <Keywords>0x8020000000000000</Keywords>\n    <TimeCreated SystemTime=\"2025-01-24T10:50:03.419624Z\">\n    </TimeCreated>\n    <EventRecordID>13799</EventRecordID>\n    <Correlation>\n    </Correlation>\n    <Execution ProcessID=\"4\" ThreadID=\"32\">\n    </Execution>\n    <Channel>Security</Channel>\n    <Computer>CTO-FILESVR</Computer>\n    <Security>\n    </Security>\n  </System>\n  <EventData>\n    <Data Name=\"SubjectUserSid\">S-1-5-18</Data>\n    <Data Name=\"SubjectUserName\">-</Data>\n    <Data Name=\"SubjectDomainName\">-</Data>\n    <Data Name=\"SubjectLogonId\">0x3e7</Data>\n    <Data Name=\"TargetUserSid\">S-1-0-0</Data>\n    <Data Name=\"TargetUserName\">-</Data>\n    <Data Name=\"TargetDomainName\">-</Data>\n    <Data Name=\"TargetLogonId\">0x3e7</Data>\n    <Data Name=\"TargetProcessId\">0x6c</Data>\n    <Data Name=\"TargetProcessName\">Registry</Data>\n    <Data Name=\"ProcessId\">0x4</Data>\n    <Data Name=\"ProcessName\"></Data>\n  </EventData>\n</Event>\n",
  "json": "{\"Event\":{\"#attributes\":{\"xmlns\":\"http://schemas.microsoft.com/win/2004/08/events/event\"},\"System\":{\"Provider\":{\"#attributes\":{\"Name\":\"Microsoft-Windows-Security-Auditing\",\"Guid\":\"54849625-5478-4994-A5BA-3E3B0328C30D\"}},\"EventID\":4696,\"Version\":0,\"Level\":0,\"Task\":13312,\"Opcode\":0,\"Keywords\":\"0x8020000000000000\",\"TimeCreated\":{\"#attributes\":{\"SystemTime\":\"2025-01-24T10:50:03.419624Z\"}},\"EventRecordID\":13799,\"Correlation\":null,\"Execution\":{\"#attributes\":{\"ProcessID\":4,\"ThreadID\":32}},\"Channel\":\"Security\",\"Computer\":\"CTO-FILESVR\",\"Security\":null},\"EventData\":{\"SubjectUserSid\":\"S-1-5-18\",\"SubjectUserName\":\"-\",\"SubjectDomainName\":\"-\",\"SubjectLogonId\":\"0x3e7\",\"TargetUserSid\":\"S-1-0-0\",\"TargetUserName\":\"-\",\"TargetDomainName\":\"-\",\"TargetLogonId\":\"0x3e7\",\"TargetProcessId\":\"0x6c\",\"TargetProcessName\":\"Registry\",\"ProcessId\":\"0x4\",\"ProcessName\":\"\"}}}",
  "xml_fields": {
    "provider": "Microsoft-Windows-Security-Auditing",
    "event_id": "4696",
    "timestamp": "2025-01-24T10:50:03.419624Z",
    "event_record_id": "13799",
    "level": "0",
    "task": "13312",
    "opcode": "0",
    "keywords": "0x8020000000000000",
    "channel": "Security",
    "computer": "CTO-FILESVR",
    "SubjectUserSid": "S-1-5-18",
    "SubjectUserName": "-",
    "SubjectDomainName": "-",
    "SubjectLogonId": "0x3e7",
    "TargetUserSid": "S-1-0-0",
    "TargetUserName": "-",
    "TargetDomainName": "-",
    "TargetLogonId": "0x3e7",
    "TargetProcessId": "0x6c",
    "TargetProcessName": "Registry",
    "ProcessId": "0x4",
    "ProcessName": ""
  },
  "json_fields": {
    "provider": "Microsoft-Windows-Security-Auditing",
    "channel": "Security",
    "event_id": "4696",
    "timestamp": "2025-01-24T10:50:03.419624Z",
    "event_record_id": "13799",
    "level": "0",
    "task": "13312",
    "opcode": "0",
    "keywords": "0x8020000000000000",
    "computer": "CTO-FILESVR",
    "SubjectUserSid": "S-1-5-18",
    "SubjectUserName": "-",
    "SubjectDomainName": "-",
    "SubjectLogonId": "0x3e7",
    "TargetUserSid": "S-1-0-0",
    "TargetUserName": "-",
    "TargetDomainName": "-",
    "TargetLogonId": "0x3e7",
    "TargetProcessId": "0x6c",
    "TargetProcessName": "Registry",
    "ProcessId": "0x4",
    "ProcessName": ""
  }
}