{
  "event_id": "4697",
  "provider": "Microsoft-Windows-Security-Auditing",
  "channel": "Security",
  "source_file": "D:\\visual code file\\Project_4\\Event-Analyzer\\test\\Malicious\\EVTX-to-MITRE-Attack-master\\EVTX_full_APT_attack_steps\\ID47x,4661-4662,5136,4688,4697-SAM the admin (CVE-2021-42287).evtx",
  "event_record_id": 28,
  "xml": "<?xml version=\"1.0\" encoding=\"utf-8\"?>\n<Event xmlns=\"http://schemas.microsoft.com/win/2004/08/events/event\">\n  <System>\n    <Provider Name=\"Microsoft-Windows-Security-Auditing\" Guid=\"54849625-5478-4994-A5BA-3E3B0328C30D\">\n    </Provider>\n    <EventID>4697</EventID>\n    <Version>0</Version>\n    <Level>0</Level>\n    <Task>12289</Task>\n    <Opcode>0</Opcode>\n    <Keywords>0x8020000000000000</Keywords>\n    <TimeCreated SystemTime=\"2021-12-14T14:42:49.927963Z\">\n    </TimeCreated>\n    <EventRecordID>237294547</EventRecordID>\n    <Correlation ActivityID=\"D96638DA-E4F9-0001-F038-66D9F9E4D701\">\n    </Correlation>\n    <Execution ProcessID=\"596\" ThreadID=\"5264\">\n    </Execution>\n    <Channel>Security</Channel>\n    <Computer>rootdc1.offsec.lan</Computer>\n    <Security>\n    </Security>\n  </System>\n  <EventData>\n    <Data Name=\"SubjectUserSid\">S-1-5-21-4230534742-2542757381-3142984815-1243</Data>\n    <Data Name=\"SubjectUserName\">admmhorvath</Data>\n    <Data Name=\"SubjectDomainName\">OFFSEC</Data>\n    <Data Name=\"SubjectLogonId\">0x308fd3169</Data>\n    <Data Name=\"ServiceName\">BTOBTO</Data>\n    <Data Name=\"ServiceFileName\">%COMSPEC% /Q /c echo cd  ^&gt; \\\\127.0.0.1\\C$\\__output 2^&gt;^&amp;1 &gt; %TEMP%\\execute.bat &amp; %COMSPEC% /Q /c %TEMP%\\execute.bat &amp; del %TEMP%\\execute.bat</Data>\n    <Data Name=\"ServiceType\">0x10</Data>\n    <Data Name=\"ServiceStartType\">3</Data>\n    <Data Name=\"ServiceAccount\">LocalSystem</Data>\n  </EventData>\n</Event>\n",
  "json": "{\"Event\":{\"#attributes\":{\"xmlns\":\"http://schemas.microsoft.com/win/2004/08/events/event\"},\"System\":{\"Provider\":{\"#attributes\":{\"Name\":\"Microsoft-Windows-Security-Auditing\",\"Guid\":\"54849625-5478-4994-A5BA-3E3B0328C30D\"}},\"EventID\":4697,\"Version\":0,\"Level\":0,\"Task\":12289,\"Opcode\":0,\"Keywords\":\"0x8020000000000000\",\"TimeCreated\":{\"#attributes\":{\"SystemTime\":\"2021-12-14T14:42:49.927963Z\"}},\"EventRecordID\":237294547,\"Correlation\":{\"#attributes\":{\"ActivityID\":\"D96638DA-E4F9-0001-F038-66D9F9E4D701\"}},\"Execution\":{\"#attributes\":{\"ProcessID\":596,\"ThreadID\":5264}},\"Channel\":\"Security\",\"Computer\":\"rootdc1.offsec.lan\",\"Security\":null},\"EventData\":{\"SubjectUserSid\":\"S-1-5-21-4230534742-2542757381-3142984815-1243\",\"SubjectUserName\":\"admmhorvath\",\"SubjectDomainName\":\"OFFSEC\",\"SubjectLogonId\":\"0x308fd3169\",\"ServiceName\":\"BTOBTO\",\"ServiceFileName\":\"%COMSPEC% /Q /c echo cd  ^> \\\\\\\\127.0.0.1\\\\C$\\\\__output 2^>^&1 > %TEMP%\\\\execute.bat & %COMSPEC% /Q /c %TEMP%\\\\execute.bat & del %TEMP%\\\\execute.bat\",\"ServiceType\":\"0x10\",\"ServiceStartType\":3,\"ServiceAccount\":\"LocalSystem\"}}}",
  "xml_fields": {
    "provider": "Microsoft-Windows-Security-Auditing",
    "event_id": "4697",
    "timestamp": "2021-12-14T14:42:49.927963Z",
    "event_record_id": "237294547",
    "level": "0",
    "task": "12289",
    "opcode": "0",
    "keywords": "0x8020000000000000",
    "channel": "Security",
    "computer": "rootdc1.offsec.lan",
    "SubjectUserSid": "S-1-5-21-4230534742-2542757381-3142984815-1243",
    "SubjectUserName": "admmhorvath",
    "SubjectDomainName": "OFFSEC",
    "SubjectLogonId": "0x308fd3169",
    "ServiceName": "BTOBTO",
    "ServiceFileName": "%COMSPEC% /Q /c echo cd  ^> \\\\127.0.0.1\\C$\\__output 2^>^&1 > %TEMP%\\execute.bat & %COMSPEC% /Q /c %TEMP%\\execute.bat & del %TEMP%\\execute.bat",
    "ServiceType": "0x10",
    "ServiceStartType": "3",
    "ServiceAccount": "LocalSystem"
  },
  "json_fields": {
    "provider": "Microsoft-Windows-Security-Auditing",
    "channel": "Security",
    "event_id": "4697",
    "timestamp": "2021-12-14T14:42:49.927963Z",
    "event_record_id": "237294547",
    "level": "0",
    "task": "12289",
    "opcode": "0",
    "keywords": "0x8020000000000000",
    "computer": "rootdc1.offsec.lan",
    "SubjectUserSid": "S-1-5-21-4230534742-2542757381-3142984815-1243",
    "SubjectUserName": "admmhorvath",
    "SubjectDomainName": "OFFSEC",
    "SubjectLogonId": "0x308fd3169",
    "ServiceName": "BTOBTO",
    "ServiceFileName": "%COMSPEC% /Q /c echo cd  ^> \\\\127.0.0.1\\C$\\__output 2^>^&1 > %TEMP%\\execute.bat & %COMSPEC% /Q /c %TEMP%\\execute.bat & del %TEMP%\\execute.bat",
    "ServiceType": "0x10",
    "ServiceStartType": "3",
    "ServiceAccount": "LocalSystem"
  }
}