{
  "event_id": "4699",
  "provider": "Microsoft-Windows-Security-Auditing",
  "channel": "Security",
  "source_file": "D:\\visual code file\\Project_4\\Event-Analyzer\\test\\Malicious\\EVTX-to-MITRE-Attack-master\\EVTX_full_APT_attack_steps\\ID4688,4698,4699,5145,4624-ATexec remote trask creation (GLOBAL).evtx",
  "event_record_id": 8,
  "xml": "<?xml version=\"1.0\" encoding=\"utf-8\"?>\n<Event xmlns=\"http://schemas.microsoft.com/win/2004/08/events/event\">\n  <System>\n    <Provider Name=\"Microsoft-Windows-Security-Auditing\" Guid=\"54849625-5478-4994-A5BA-3E3B0328C30D\">\n    </Provider>\n    <EventID>4699</EventID>\n    <Version>0</Version>\n    <Level>0</Level>\n    <Task>12804</Task>\n    <Opcode>0</Opcode>\n    <Keywords>0x8020000000000000</Keywords>\n    <TimeCreated SystemTime=\"2021-06-10T21:21:26.406652Z\">\n    </TimeCreated>\n    <EventRecordID>2004855</EventRecordID>\n    <Correlation ActivityID=\"38068009-512D-0000-1D80-06382D51D701\">\n    </Correlation>\n    <Execution ProcessID=\"556\" ThreadID=\"5604\">\n    </Execution>\n    <Channel>Security</Channel>\n    <Computer>fs01.offsec.lan</Computer>\n    <Security>\n    </Security>\n  </System>\n  <EventData>\n    <Data Name=\"SubjectUserSid\">S-1-5-21-4230534742-2542757381-3142984815-1111</Data>\n    <Data Name=\"SubjectUserName\">admmig</Data>\n    <Data Name=\"SubjectDomainName\">OFFSEC</Data>\n    <Data Name=\"SubjectLogonId\">0x5a419bc</Data>\n    <Data Name=\"TaskName\">\\bouWFQYO</Data>\n    <Data Name=\"TaskContent\"></Data>\n  </EventData>\n</Event>\n",
  "json": "{\"Event\":{\"#attributes\":{\"xmlns\":\"http://schemas.microsoft.com/win/2004/08/events/event\"},\"System\":{\"Provider\":{\"#attributes\":{\"Name\":\"Microsoft-Windows-Security-Auditing\",\"Guid\":\"54849625-5478-4994-A5BA-3E3B0328C30D\"}},\"EventID\":4699,\"Version\":0,\"Level\":0,\"Task\":12804,\"Opcode\":0,\"Keywords\":\"0x8020000000000000\",\"TimeCreated\":{\"#attributes\":{\"SystemTime\":\"2021-06-10T21:21:26.406652Z\"}},\"EventRecordID\":2004855,\"Correlation\":{\"#attributes\":{\"ActivityID\":\"38068009-512D-0000-1D80-06382D51D701\"}},\"Execution\":{\"#attributes\":{\"ProcessID\":556,\"ThreadID\":5604}},\"Channel\":\"Security\",\"Computer\":\"fs01.offsec.lan\",\"Security\":null},\"EventData\":{\"SubjectUserSid\":\"S-1-5-21-4230534742-2542757381-3142984815-1111\",\"SubjectUserName\":\"admmig\",\"SubjectDomainName\":\"OFFSEC\",\"SubjectLogonId\":\"0x5a419bc\",\"TaskName\":\"\\\\bouWFQYO\",\"TaskContent\":\"\"}}}",
  "xml_fields": {
    "provider": "Microsoft-Windows-Security-Auditing",
    "event_id": "4699",
    "timestamp": "2021-06-10T21:21:26.406652Z",
    "event_record_id": "2004855",
    "level": "0",
    "task": "12804",
    "opcode": "0",
    "keywords": "0x8020000000000000",
    "channel": "Security",
    "computer": "fs01.offsec.lan",
    "SubjectUserSid": "S-1-5-21-4230534742-2542757381-3142984815-1111",
    "SubjectUserName": "admmig",
    "SubjectDomainName": "OFFSEC",
    "SubjectLogonId": "0x5a419bc",
    "TaskName": "\\bouWFQYO",
    "TaskContent": ""
  },
  "json_fields": {
    "provider": "Microsoft-Windows-Security-Auditing",
    "channel": "Security",
    "event_id": "4699",
    "timestamp": "2021-06-10T21:21:26.406652Z",
    "event_record_id": "2004855",
    "level": "0",
    "task": "12804",
    "opcode": "0",
    "keywords": "0x8020000000000000",
    "computer": "fs01.offsec.lan",
    "SubjectUserSid": "S-1-5-21-4230534742-2542757381-3142984815-1111",
    "SubjectUserName": "admmig",
    "SubjectDomainName": "OFFSEC",
    "SubjectLogonId": "0x5a419bc",
    "TaskName": "\\bouWFQYO",
    "TaskContent": ""
  }
}