{
  "event_id": "4702",
  "provider": "Microsoft-Windows-Security-Auditing",
  "channel": "Security",
  "source_file": "D:\\visual code file\\Project_4\\Event-Analyzer\\test\\Malicious\\EVTX-to-MITRE-Attack-master\\EVTX_full_APT_attack_steps\\ID5145-4624-DonPAPI full extraction.evtx",
  "event_record_id": 4,
  "xml": "<?xml version=\"1.0\" encoding=\"utf-8\"?>\n<Event xmlns=\"http://schemas.microsoft.com/win/2004/08/events/event\">\n  <System>\n    <Provider Name=\"Microsoft-Windows-Security-Auditing\" Guid=\"54849625-5478-4994-A5BA-3E3B0328C30D\">\n    </Provider>\n    <EventID>4702</EventID>\n    <Version>0</Version>\n    <Level>0</Level>\n    <Task>12804</Task>\n    <Opcode>0</Opcode>\n    <Keywords>0x8020000000000000</Keywords>\n    <TimeCreated SystemTime=\"2021-12-12T07:15:43.279921Z\">\n    </TimeCreated>\n    <EventRecordID>1160029</EventRecordID>\n    <Correlation>\n    </Correlation>\n    <Execution ProcessID=\"480\" ThreadID=\"148\">\n    </Execution>\n    <Channel>Security</Channel>\n    <Computer>fs03vuln.offsec.lan</Computer>\n    <Security>\n    </Security>\n  </System>\n  <EventData>\n    <Data Name=\"SubjectUserSid\">S-1-5-20</Data>\n    <Data Name=\"SubjectUserName\">FS03VULN$</Data>\n    <Data Name=\"SubjectDomainName\">OFFSEC</Data>\n    <Data Name=\"SubjectLogonId\">0x3e4</Data>\n    <Data Name=\"TaskName\">\\Microsoft\\Windows\\SoftwareProtectionPlatform\\SvcRestartTask</Data>\n    <Data Name=\"TaskContentNew\">&lt;?xml version=\"1.0\" encoding=\"UTF-16\"?&gt;\r\n&lt;Task version=\"1.4\" xmlns=\"http://schemas.microsoft.com/windows/2004/02/mit/task\"&gt;\r\n  &lt;RegistrationInfo&gt;\r\n    &lt;Source&gt;$(@%systemroot%\\system32\\sppc.dll,-200)&lt;/Source&gt;\r\n    &lt;Author&gt;$(@%systemroot%\\system32\\sppc.dll,-200)&lt;/Author&gt;\r\n    &lt;Version&gt;1.0&lt;/Version&gt;\r\n    &lt;Description&gt;$(@%systemroot%\\system32\\sppc.dll,-201)&lt;/Description&gt;\r\n    &lt;URI&gt;\\Microsoft\\Windows\\SoftwareProtectionPlatform\\SvcRestartTask&lt;/URI&gt;\r\n    &lt;SecurityDescriptor&gt;D:P(A;;FA;;;SY)(A;;FA;;;BA)(A;;FA;;;S-1-5-80-123231216-2592883651-3715271367-3753151631-4175906628)(A;;FR;;;S-1-5-87-2912274048-3994893941-1669128114-1310430903-1263774323)&lt;/SecurityDescriptor&gt;\r\n  &lt;/RegistrationInfo&gt;\r\n  &lt;Triggers&gt;\r\n    &lt;CalendarTrigger&gt;\r\n      &lt;StartBoundary&gt;2021-12-13T07:14:43Z&lt;/StartBoundary&gt;\r\n      &lt;Enabled&gt;true&lt;/Enabled&gt;\r\n      &lt;ScheduleByDay&gt;\r\n        &lt;DaysInterval&gt;1&lt;/DaysInterval&gt;\r\n      &lt;/ScheduleByDay&gt;\r\n    &lt;/CalendarTrigger&gt;\r\n  &lt;/Triggers&gt;\r\n  &lt;Principals&gt;\r\n    &lt;Principal id=\"NetworkService\"&gt;\r\n      &lt;UserId&gt;S-1-5-20&lt;/UserId&gt;\r\n      &lt;RunLevel&gt;LeastPrivilege&lt;/RunLevel&gt;\r\n    &lt;/Principal&gt;\r\n  &lt;/Principals&gt;\r\n  &lt;Settings&gt;\r\n    &lt;MultipleInstancesPolicy&gt;IgnoreNew&lt;/MultipleInstancesPolicy&gt;\r\n    &lt;DisallowStartIfOnBatteries&gt;false&lt;/DisallowStartIfOnBatteries&gt;\r\n    &lt;StopIfGoingOnBatteries&gt;false&lt;/StopIfGoingOnBatteries&gt;\r\n    &lt;AllowHardTerminate&gt;false&lt;/AllowHardTerminate&gt;\r\n    &lt;StartWhenAvailable&gt;true&lt;/StartWhenAvailable&gt;\r\n    &lt;RunOnlyIfNetworkAvailable&gt;false&lt;/RunOnlyIfNetworkAvailable&gt;\r\n    &lt;IdleSettings&gt;\r\n      &lt;StopOnIdleEnd&gt;true&lt;/StopOnIdleEnd&gt;\r\n      &lt;RestartOnIdle&gt;false&lt;/RestartOnIdle&gt;\r\n    &lt;/IdleSettings&gt;\r\n    &lt;AllowStartOnDemand&gt;true&lt;/AllowStartOnDemand&gt;\r\n    &lt;Enabled&gt;true&lt;/Enabled&gt;\r\n    &lt;Hidden&gt;true&lt;/Hidden&gt;\r\n    &lt;RunOnlyIfIdle&gt;false&lt;/RunOnlyIfIdle&gt;\r\n    &lt;DisallowStartOnRemoteAppSession&gt;false&lt;/DisallowStartOnRemoteAppSession&gt;\r\n    &lt;UseUnifiedSchedulingEngine&gt;true&lt;/UseUnifiedSchedulingEngine&gt;\r\n    &lt;WakeToRun&gt;false&lt;/WakeToRun&gt;\r\n    &lt;ExecutionTimeLimit&gt;PT0S&lt;/ExecutionTimeLimit&gt;\r\n    &lt;Priority&gt;7&lt;/Priority&gt;\r\n    &lt;RestartOnFailure&gt;\r\n      &lt;Interval&gt;PT1M&lt;/Interval&gt;\r\n      &lt;Count&gt;3&lt;/Count&gt;\r\n    &lt;/RestartOnFailure&gt;\r\n  &lt;/Settings&gt;\r\n  &lt;Actions Context=\"NetworkService\"&gt;\r\n    &lt;ComHandler&gt;\r\n      &lt;ClassId&gt;{B1AEBB5D-EAD9-4476-B375-9C3ED9F32AFC}&lt;/ClassId&gt;\r\n      &lt;Data&gt;&lt;![CDATA[timer]]&gt;&lt;/Data&gt;\r\n    &lt;/ComHandler&gt;\r\n  &lt;/Actions&gt;\r\n&lt;/Task&gt;</Data>\n  </EventData>\n</Event>\n",
  "json": "{\"Event\":{\"#attributes\":{\"xmlns\":\"http://schemas.microsoft.com/win/2004/08/events/event\"},\"System\":{\"Provider\":{\"#attributes\":{\"Name\":\"Microsoft-Windows-Security-Auditing\",\"Guid\":\"54849625-5478-4994-A5BA-3E3B0328C30D\"}},\"EventID\":4702,\"Version\":0,\"Level\":0,\"Task\":12804,\"Opcode\":0,\"Keywords\":\"0x8020000000000000\",\"TimeCreated\":{\"#attributes\":{\"SystemTime\":\"2021-12-12T07:15:43.279921Z\"}},\"EventRecordID\":1160029,\"Correlation\":null,\"Execution\":{\"#attributes\":{\"ProcessID\":480,\"ThreadID\":148}},\"Channel\":\"Security\",\"Computer\":\"fs03vuln.offsec.lan\",\"Security\":null},\"EventData\":{\"SubjectUserSid\":\"S-1-5-20\",\"SubjectUserName\":\"FS03VULN$\",\"SubjectDomainName\":\"OFFSEC\",\"SubjectLogonId\":\"0x3e4\",\"TaskName\":\"\\\\Microsoft\\\\Windows\\\\SoftwareProtectionPlatform\\\\SvcRestartTask\",\"TaskContentNew\":\"<?xml version=\\\"1.0\\\" encoding=\\\"UTF-16\\\"?>\\r\\n<Task version=\\\"1.4\\\" xmlns=\\\"http://schemas.microsoft.com/windows/2004/02/mit/task\\\">\\r\\n  <RegistrationInfo>\\r\\n    <Source>$(@%systemroot%\\\\system32\\\\sppc.dll,-200)</Source>\\r\\n    <Author>$(@%systemroot%\\\\system32\\\\sppc.dll,-200)</Author>\\r\\n    <Version>1.0</Version>\\r\\n    <Description>$(@%systemroot%\\\\system32\\\\sppc.dll,-201)</Description>\\r\\n    <URI>\\\\Microsoft\\\\Windows\\\\SoftwareProtectionPlatform\\\\SvcRestartTask</URI>\\r\\n    <SecurityDescriptor>D:P(A;;FA;;;SY)(A;;FA;;;BA)(A;;FA;;;S-1-5-80-123231216-2592883651-3715271367-3753151631-4175906628)(A;;FR;;;S-1-5-87-2912274048-3994893941-1669128114-1310430903-1263774323)</SecurityDescriptor>\\r\\n  </RegistrationInfo>\\r\\n  <Triggers>\\r\\n    <CalendarTrigger>\\r\\n      <StartBoundary>2021-12-13T07:14:43Z</StartBoundary>\\r\\n      <Enabled>true</Enabled>\\r\\n      <ScheduleByDay>\\r\\n        <DaysInterval>1</DaysInterval>\\r\\n      </ScheduleByDay>\\r\\n    </CalendarTrigger>\\r\\n  </Triggers>\\r\\n  <Principals>\\r\\n    <Principal id=\\\"NetworkService\\\">\\r\\n      <UserId>S-1-5-20</UserId>\\r\\n      <RunLevel>LeastPrivilege</RunLevel>\\r\\n    </Principal>\\r\\n  </Principals>\\r\\n  <Settings>\\r\\n    <MultipleInstancesPolicy>IgnoreNew</MultipleInstancesPolicy>\\r\\n    <DisallowStartIfOnBatteries>false</DisallowStartIfOnBatteries>\\r\\n    <StopIfGoingOnBatteries>false</StopIfGoingOnBatteries>\\r\\n    <AllowHardTerminate>false</AllowHardTerminate>\\r\\n    <StartWhenAvailable>true</StartWhenAvailable>\\r\\n    <RunOnlyIfNetworkAvailable>false</RunOnlyIfNetworkAvailable>\\r\\n    <IdleSettings>\\r\\n      <StopOnIdleEnd>true</StopOnIdleEnd>\\r\\n      <RestartOnIdle>false</RestartOnIdle>\\r\\n    </IdleSettings>\\r\\n    <AllowStartOnDemand>true</AllowStartOnDemand>\\r\\n    <Enabled>true</Enabled>\\r\\n    <Hidden>true</Hidden>\\r\\n    <RunOnlyIfIdle>false</RunOnlyIfIdle>\\r\\n    <DisallowStartOnRemoteAppSession>false</DisallowStartOnRemoteAppSession>\\r\\n    <UseUnifiedSchedulingEngine>true</UseUnifiedSchedulingEngine>\\r\\n    <WakeToRun>false</WakeToRun>\\r\\n    <ExecutionTimeLimit>PT0S</ExecutionTimeLimit>\\r\\n    <Priority>7</Priority>\\r\\n    <RestartOnFailure>\\r\\n      <Interval>PT1M</Interval>\\r\\n      <Count>3</Count>\\r\\n    </RestartOnFailure>\\r\\n  </Settings>\\r\\n  <Actions Context=\\\"NetworkService\\\">\\r\\n    <ComHandler>\\r\\n      <ClassId>{B1AEBB5D-EAD9-4476-B375-9C3ED9F32AFC}</ClassId>\\r\\n      <Data><![CDATA[timer]]></Data>\\r\\n    </ComHandler>\\r\\n  </Actions>\\r\\n</Task>\"}}}",
  "xml_fields": {
    "provider": "Microsoft-Windows-Security-Auditing",
    "event_id": "4702",
    "timestamp": "2021-12-12T07:15:43.279921Z",
    "event_record_id": "1160029",
    "level": "0",
    "task": "12804",
    "opcode": "0",
    "keywords": "0x8020000000000000",
    "channel": "Security",
    "computer": "fs03vuln.offsec.lan",
    "SubjectUserSid": "S-1-5-20",
    "SubjectUserName": "FS03VULN$",
    "SubjectDomainName": "OFFSEC",
    "SubjectLogonId": "0x3e4",
    "TaskName": "\\Microsoft\\Windows\\SoftwareProtectionPlatform\\SvcRestartTask",
    "TaskContentNew": "<?xml version=\"1.0\" encoding=\"UTF-16\"?>\n<Task version=\"1.4\" xmlns=\"http://schemas.microsoft.com/windows/2004/02/mit/task\">\n  <RegistrationInfo>\n    <Source>$(@%systemroot%\\system32\\sppc.dll,-200)</Source>\n    <Author>$(@%systemroot%\\system32\\sppc.dll,-200)</Author>\n    <Version>1.0</Version>\n    <Description>$(@%systemroot%\\system32\\sppc.dll,-201)</Description>\n    <URI>\\Microsoft\\Windows\\SoftwareProtectionPlatform\\SvcRestartTask</URI>\n    <SecurityDescriptor>D:P(A;;FA;;;SY)(A;;FA;;;BA)(A;;FA;;;S-1-5-80-123231216-2592883651-3715271367-3753151631-4175906628)(A;;FR;;;S-1-5-87-2912274048-3994893941-1669128114-1310430903-1263774323)</SecurityDescriptor>\n  </RegistrationInfo>\n  <Triggers>\n    <CalendarTrigger>\n      <StartBoundary>2021-12-13T07:14:43Z</StartBoundary>\n      <Enabled>true</Enabled>\n      <ScheduleByDay>\n        <DaysInterval>1</DaysInterval>\n      </ScheduleByDay>\n    </CalendarTrigger>\n  </Triggers>\n  <Principals>\n    <Principal id=\"NetworkService\">\n      <UserId>S-1-5-20</UserId>\n      <RunLevel>LeastPrivilege</RunLevel>\n    </Principal>\n  </Principals>\n  <Settings>\n    <MultipleInstancesPolicy>IgnoreNew</MultipleInstancesPolicy>\n    <DisallowStartIfOnBatteries>false</DisallowStartIfOnBatteries>\n    <StopIfGoingOnBatteries>false</StopIfGoingOnBatteries>\n    <AllowHardTerminate>false</AllowHardTerminate>\n    <StartWhenAvailable>true</StartWhenAvailable>\n    <RunOnlyIfNetworkAvailable>false</RunOnlyIfNetworkAvailable>\n    <IdleSettings>\n      <StopOnIdleEnd>true</StopOnIdleEnd>\n      <RestartOnIdle>false</RestartOnIdle>\n    </IdleSettings>\n    <AllowStartOnDemand>true</AllowStartOnDemand>\n    <Enabled>true</Enabled>\n    <Hidden>true</Hidden>\n    <RunOnlyIfIdle>false</RunOnlyIfIdle>\n    <DisallowStartOnRemoteAppSession>false</DisallowStartOnRemoteAppSession>\n    <UseUnifiedSchedulingEngine>true</UseUnifiedSchedulingEngine>\n    <WakeToRun>false</WakeToRun>\n    <ExecutionTimeLimit>PT0S</ExecutionTimeLimit>\n    <Priority>7</Priority>\n    <RestartOnFailure>\n      <Interval>PT1M</Interval>\n      <Count>3</Count>\n    </RestartOnFailure>\n  </Settings>\n  <Actions Context=\"NetworkService\">\n    <ComHandler>\n      <ClassId>{B1AEBB5D-EAD9-4476-B375-9C3ED9F32AFC}</ClassId>\n      <Data><![CDATA[timer]]></Data>\n    </ComHandler>\n  </Actions>\n</Task>"
  },
  "json_fields": {
    "provider": "Microsoft-Windows-Security-Auditing",
    "channel": "Security",
    "event_id": "4702",
    "timestamp": "2021-12-12T07:15:43.279921Z",
    "event_record_id": "1160029",
    "level": "0",
    "task": "12804",
    "opcode": "0",
    "keywords": "0x8020000000000000",
    "computer": "fs03vuln.offsec.lan",
    "SubjectUserSid": "S-1-5-20",
    "SubjectUserName": "FS03VULN$",
    "SubjectDomainName": "OFFSEC",
    "SubjectLogonId": "0x3e4",
    "TaskName": "\\Microsoft\\Windows\\SoftwareProtectionPlatform\\SvcRestartTask",
    "TaskContentNew": "<?xml version=\"1.0\" encoding=\"UTF-16\"?>\r\n<Task version=\"1.4\" xmlns=\"http://schemas.microsoft.com/windows/2004/02/mit/task\">\r\n  <RegistrationInfo>\r\n    <Source>$(@%systemroot%\\system32\\sppc.dll,-200)</Source>\r\n    <Author>$(@%systemroot%\\system32\\sppc.dll,-200)</Author>\r\n    <Version>1.0</Version>\r\n    <Description>$(@%systemroot%\\system32\\sppc.dll,-201)</Description>\r\n    <URI>\\Microsoft\\Windows\\SoftwareProtectionPlatform\\SvcRestartTask</URI>\r\n    <SecurityDescriptor>D:P(A;;FA;;;SY)(A;;FA;;;BA)(A;;FA;;;S-1-5-80-123231216-2592883651-3715271367-3753151631-4175906628)(A;;FR;;;S-1-5-87-2912274048-3994893941-1669128114-1310430903-1263774323)</SecurityDescriptor>\r\n  </RegistrationInfo>\r\n  <Triggers>\r\n    <CalendarTrigger>\r\n      <StartBoundary>2021-12-13T07:14:43Z</StartBoundary>\r\n      <Enabled>true</Enabled>\r\n      <ScheduleByDay>\r\n        <DaysInterval>1</DaysInterval>\r\n      </ScheduleByDay>\r\n    </CalendarTrigger>\r\n  </Triggers>\r\n  <Principals>\r\n    <Principal id=\"NetworkService\">\r\n      <UserId>S-1-5-20</UserId>\r\n      <RunLevel>LeastPrivilege</RunLevel>\r\n    </Principal>\r\n  </Principals>\r\n  <Settings>\r\n    <MultipleInstancesPolicy>IgnoreNew</MultipleInstancesPolicy>\r\n    <DisallowStartIfOnBatteries>false</DisallowStartIfOnBatteries>\r\n    <StopIfGoingOnBatteries>false</StopIfGoingOnBatteries>\r\n    <AllowHardTerminate>false</AllowHardTerminate>\r\n    <StartWhenAvailable>true</StartWhenAvailable>\r\n    <RunOnlyIfNetworkAvailable>false</RunOnlyIfNetworkAvailable>\r\n    <IdleSettings>\r\n      <StopOnIdleEnd>true</StopOnIdleEnd>\r\n      <RestartOnIdle>false</RestartOnIdle>\r\n    </IdleSettings>\r\n    <AllowStartOnDemand>true</AllowStartOnDemand>\r\n    <Enabled>true</Enabled>\r\n    <Hidden>true</Hidden>\r\n    <RunOnlyIfIdle>false</RunOnlyIfIdle>\r\n    <DisallowStartOnRemoteAppSession>false</DisallowStartOnRemoteAppSession>\r\n    <UseUnifiedSchedulingEngine>true</UseUnifiedSchedulingEngine>\r\n    <WakeToRun>false</WakeToRun>\r\n    <ExecutionTimeLimit>PT0S</ExecutionTimeLimit>\r\n    <Priority>7</Priority>\r\n    <RestartOnFailure>\r\n      <Interval>PT1M</Interval>\r\n      <Count>3</Count>\r\n    </RestartOnFailure>\r\n  </Settings>\r\n  <Actions Context=\"NetworkService\">\r\n    <ComHandler>\r\n      <ClassId>{B1AEBB5D-EAD9-4476-B375-9C3ED9F32AFC}</ClassId>\r\n      <Data><![CDATA[timer]]></Data>\r\n    </ComHandler>\r\n  </Actions>\r\n</Task>"
  }
}