{
  "event_id": "4703",
  "provider": "Microsoft-Windows-Security-Auditing",
  "channel": "Security",
  "source_file": "D:\\visual code file\\Project_4\\Event-Analyzer\\test\\Malicious\\EVTX-ATTACK-SAMPLES\\Credential Access\\tutto_malseclogon.evtx",
  "event_record_id": 3,
  "xml": "<?xml version=\"1.0\" encoding=\"utf-8\"?>\n<Event xmlns=\"http://schemas.microsoft.com/win/2004/08/events/event\">\n  <System>\n    <Provider Name=\"Microsoft-Windows-Security-Auditing\" Guid=\"54849625-5478-4994-A5BA-3E3B0328C30D\">\n    </Provider>\n    <EventID>4703</EventID>\n    <Version>0</Version>\n    <Level>0</Level>\n    <Task>13317</Task>\n    <Opcode>0</Opcode>\n    <Keywords>0x8020000000000000</Keywords>\n    <TimeCreated SystemTime=\"2021-12-07T17:33:01.425966Z\">\n    </TimeCreated>\n    <EventRecordID>329915</EventRecordID>\n    <Correlation>\n    </Correlation>\n    <Execution ProcessID=\"4\" ThreadID=\"8692\">\n    </Execution>\n    <Channel>Security</Channel>\n    <Computer>MSEDGEWIN10</Computer>\n    <Security>\n    </Security>\n  </System>\n  <EventData>\n    <Data Name=\"SubjectUserSid\">S-1-5-21-3461203602-4096304019-2269080069-1000</Data>\n    <Data Name=\"SubjectUserName\">IEUser</Data>\n    <Data Name=\"SubjectDomainName\">MSEDGEWIN10</Data>\n    <Data Name=\"SubjectLogonId\">0x53ca2</Data>\n    <Data Name=\"TargetUserSid\">S-1-5-21-3461203602-4096304019-2269080069-1000</Data>\n    <Data Name=\"TargetUserName\">IEUser</Data>\n    <Data Name=\"TargetDomainName\">MSEDGEWIN10</Data>\n    <Data Name=\"TargetLogonId\">0x53ca2</Data>\n    <Data Name=\"ProcessName\">\\Device\\Mup\\VBoxSvr\\Users\\bouss\\Downloads\\MalSeclogon-master\\x64\\Debug\\MalSeclogon.exe</Data>\n    <Data Name=\"ProcessId\">0x21a4</Data>\n    <Data Name=\"EnabledPrivilegeList\">SeDebugPrivilege</Data>\n    <Data Name=\"DisabledPrivilegeList\">-</Data>\n  </EventData>\n</Event>\n",
  "json": "{\"Event\":{\"#attributes\":{\"xmlns\":\"http://schemas.microsoft.com/win/2004/08/events/event\"},\"System\":{\"Provider\":{\"#attributes\":{\"Name\":\"Microsoft-Windows-Security-Auditing\",\"Guid\":\"54849625-5478-4994-A5BA-3E3B0328C30D\"}},\"EventID\":4703,\"Version\":0,\"Level\":0,\"Task\":13317,\"Opcode\":0,\"Keywords\":\"0x8020000000000000\",\"TimeCreated\":{\"#attributes\":{\"SystemTime\":\"2021-12-07T17:33:01.425966Z\"}},\"EventRecordID\":329915,\"Correlation\":null,\"Execution\":{\"#attributes\":{\"ProcessID\":4,\"ThreadID\":8692}},\"Channel\":\"Security\",\"Computer\":\"MSEDGEWIN10\",\"Security\":null},\"EventData\":{\"SubjectUserSid\":\"S-1-5-21-3461203602-4096304019-2269080069-1000\",\"SubjectUserName\":\"IEUser\",\"SubjectDomainName\":\"MSEDGEWIN10\",\"SubjectLogonId\":\"0x53ca2\",\"TargetUserSid\":\"S-1-5-21-3461203602-4096304019-2269080069-1000\",\"TargetUserName\":\"IEUser\",\"TargetDomainName\":\"MSEDGEWIN10\",\"TargetLogonId\":\"0x53ca2\",\"ProcessName\":\"\\\\Device\\\\Mup\\\\VBoxSvr\\\\Users\\\\bouss\\\\Downloads\\\\MalSeclogon-master\\\\x64\\\\Debug\\\\MalSeclogon.exe\",\"ProcessId\":\"0x21a4\",\"EnabledPrivilegeList\":\"SeDebugPrivilege\",\"DisabledPrivilegeList\":\"-\"}}}",
  "xml_fields": {
    "provider": "Microsoft-Windows-Security-Auditing",
    "event_id": "4703",
    "timestamp": "2021-12-07T17:33:01.425966Z",
    "event_record_id": "329915",
    "level": "0",
    "task": "13317",
    "opcode": "0",
    "keywords": "0x8020000000000000",
    "channel": "Security",
    "computer": "MSEDGEWIN10",
    "SubjectUserSid": "S-1-5-21-3461203602-4096304019-2269080069-1000",
    "SubjectUserName": "IEUser",
    "SubjectDomainName": "MSEDGEWIN10",
    "SubjectLogonId": "0x53ca2",
    "TargetUserSid": "S-1-5-21-3461203602-4096304019-2269080069-1000",
    "TargetUserName": "IEUser",
    "TargetDomainName": "MSEDGEWIN10",
    "TargetLogonId": "0x53ca2",
    "ProcessName": "\\Device\\Mup\\VBoxSvr\\Users\\bouss\\Downloads\\MalSeclogon-master\\x64\\Debug\\MalSeclogon.exe",
    "ProcessId": "0x21a4",
    "EnabledPrivilegeList": "SeDebugPrivilege",
    "DisabledPrivilegeList": "-"
  },
  "json_fields": {
    "provider": "Microsoft-Windows-Security-Auditing",
    "channel": "Security",
    "event_id": "4703",
    "timestamp": "2021-12-07T17:33:01.425966Z",
    "event_record_id": "329915",
    "level": "0",
    "task": "13317",
    "opcode": "0",
    "keywords": "0x8020000000000000",
    "computer": "MSEDGEWIN10",
    "SubjectUserSid": "S-1-5-21-3461203602-4096304019-2269080069-1000",
    "SubjectUserName": "IEUser",
    "SubjectDomainName": "MSEDGEWIN10",
    "SubjectLogonId": "0x53ca2",
    "TargetUserSid": "S-1-5-21-3461203602-4096304019-2269080069-1000",
    "TargetUserName": "IEUser",
    "TargetDomainName": "MSEDGEWIN10",
    "TargetLogonId": "0x53ca2",
    "ProcessName": "\\Device\\Mup\\VBoxSvr\\Users\\bouss\\Downloads\\MalSeclogon-master\\x64\\Debug\\MalSeclogon.exe",
    "ProcessId": "0x21a4",
    "EnabledPrivilegeList": "SeDebugPrivilege",
    "DisabledPrivilegeList": "-"
  }
}