{
  "event_id": "4705",
  "provider": "Microsoft-Windows-Security-Auditing",
  "channel": "Security",
  "source_file": "D:\\visual code file\\Project_4\\Event-Analyzer\\test\\Malicious\\EVTX-to-MITRE-Attack-master\\TA0004-Privilege Escalation\\T1134-Access Token Manipulation\\ID4704-4705-User righ assigned to account.evtx",
  "event_record_id": 2,
  "xml": "<?xml version=\"1.0\" encoding=\"utf-8\"?>\n<Event xmlns=\"http://schemas.microsoft.com/win/2004/08/events/event\">\n  <System>\n    <Provider Name=\"Microsoft-Windows-Security-Auditing\" Guid=\"54849625-5478-4994-A5BA-3E3B0328C30D\">\n    </Provider>\n    <EventID>4705</EventID>\n    <Version>0</Version>\n    <Level>0</Level>\n    <Task>13570</Task>\n    <Opcode>0</Opcode>\n    <Keywords>0x8020000000000000</Keywords>\n    <TimeCreated SystemTime=\"2020-07-12T20:23:39.973927Z\">\n    </TimeCreated>\n    <EventRecordID>1239002</EventRecordID>\n    <Correlation>\n    </Correlation>\n    <Execution ProcessID=\"464\" ThreadID=\"2980\">\n    </Execution>\n    <Channel>Security</Channel>\n    <Computer>fs02.offsec.lan</Computer>\n    <Security>\n    </Security>\n  </System>\n  <EventData>\n    <Data Name=\"SubjectUserSid\">S-1-5-21-4230534742-2542757381-3142984815-1111</Data>\n    <Data Name=\"SubjectUserName\">admmig</Data>\n    <Data Name=\"SubjectDomainName\">OFFSEC</Data>\n    <Data Name=\"SubjectLogonId\">0x202dac8</Data>\n    <Data Name=\"TargetSid\">S-1-5-21-4230534742-2542757381-3142984815-1158</Data>\n    <Data Name=\"PrivilegeList\">SeCreateTokenPrivilege</Data>\n  </EventData>\n</Event>\n",
  "json": "{\"Event\":{\"#attributes\":{\"xmlns\":\"http://schemas.microsoft.com/win/2004/08/events/event\"},\"System\":{\"Provider\":{\"#attributes\":{\"Name\":\"Microsoft-Windows-Security-Auditing\",\"Guid\":\"54849625-5478-4994-A5BA-3E3B0328C30D\"}},\"EventID\":4705,\"Version\":0,\"Level\":0,\"Task\":13570,\"Opcode\":0,\"Keywords\":\"0x8020000000000000\",\"TimeCreated\":{\"#attributes\":{\"SystemTime\":\"2020-07-12T20:23:39.973927Z\"}},\"EventRecordID\":1239002,\"Correlation\":null,\"Execution\":{\"#attributes\":{\"ProcessID\":464,\"ThreadID\":2980}},\"Channel\":\"Security\",\"Computer\":\"fs02.offsec.lan\",\"Security\":null},\"EventData\":{\"SubjectUserSid\":\"S-1-5-21-4230534742-2542757381-3142984815-1111\",\"SubjectUserName\":\"admmig\",\"SubjectDomainName\":\"OFFSEC\",\"SubjectLogonId\":\"0x202dac8\",\"TargetSid\":\"S-1-5-21-4230534742-2542757381-3142984815-1158\",\"PrivilegeList\":\"SeCreateTokenPrivilege\"}}}",
  "xml_fields": {
    "provider": "Microsoft-Windows-Security-Auditing",
    "event_id": "4705",
    "timestamp": "2020-07-12T20:23:39.973927Z",
    "event_record_id": "1239002",
    "level": "0",
    "task": "13570",
    "opcode": "0",
    "keywords": "0x8020000000000000",
    "channel": "Security",
    "computer": "fs02.offsec.lan",
    "SubjectUserSid": "S-1-5-21-4230534742-2542757381-3142984815-1111",
    "SubjectUserName": "admmig",
    "SubjectDomainName": "OFFSEC",
    "SubjectLogonId": "0x202dac8",
    "TargetSid": "S-1-5-21-4230534742-2542757381-3142984815-1158",
    "PrivilegeList": "SeCreateTokenPrivilege"
  },
  "json_fields": {
    "provider": "Microsoft-Windows-Security-Auditing",
    "channel": "Security",
    "event_id": "4705",
    "timestamp": "2020-07-12T20:23:39.973927Z",
    "event_record_id": "1239002",
    "level": "0",
    "task": "13570",
    "opcode": "0",
    "keywords": "0x8020000000000000",
    "computer": "fs02.offsec.lan",
    "SubjectUserSid": "S-1-5-21-4230534742-2542757381-3142984815-1111",
    "SubjectUserName": "admmig",
    "SubjectDomainName": "OFFSEC",
    "SubjectLogonId": "0x202dac8",
    "TargetSid": "S-1-5-21-4230534742-2542757381-3142984815-1158",
    "PrivilegeList": "SeCreateTokenPrivilege"
  }
}