{
  "event_id": "4718",
  "provider": "Microsoft-Windows-Security-Auditing",
  "channel": "Security",
  "source_file": "D:\\visual code file\\Project_4\\Event-Analyzer\\test\\Malicious\\EVTX-to-MITRE-Attack-master\\TA0006-Credential Access\\T1110.xxx-Brut force\\ID4625-OpenSSH brutforce with non existing users.evtx",
  "event_record_id": 9,
  "xml": "<?xml version=\"1.0\" encoding=\"utf-8\"?>\n<Event xmlns=\"http://schemas.microsoft.com/win/2004/08/events/event\">\n  <System>\n    <Provider Name=\"Microsoft-Windows-Security-Auditing\" Guid=\"54849625-5478-4994-A5BA-3E3B0328C30D\">\n    </Provider>\n    <EventID>4718</EventID>\n    <Version>0</Version>\n    <Level>0</Level>\n    <Task>13569</Task>\n    <Opcode>0</Opcode>\n    <Keywords>0x8020000000000000</Keywords>\n    <TimeCreated SystemTime=\"2021-05-20T12:49:46.876488Z\">\n    </TimeCreated>\n    <EventRecordID>1861984</EventRecordID>\n    <Correlation ActivityID=\"A67BE420-4636-0001-36E4-7BA63646D701\">\n    </Correlation>\n    <Execution ProcessID=\"576\" ThreadID=\"108\">\n    </Execution>\n    <Channel>Security</Channel>\n    <Computer>fs01.offsec.lan</Computer>\n    <Security>\n    </Security>\n  </System>\n  <EventData>\n    <Data Name=\"SubjectUserSid\">S-1-5-18</Data>\n    <Data Name=\"SubjectUserName\">FS01$</Data>\n    <Data Name=\"SubjectDomainName\">OFFSEC</Data>\n    <Data Name=\"SubjectLogonId\">0x3e7</Data>\n    <Data Name=\"TargetSid\">S-1-5-111-3847866527-469524349-687026318-516638107-1125189541-5848</Data>\n    <Data Name=\"AccessRemoved\">SeServiceLogonRight</Data>\n  </EventData>\n</Event>\n",
  "json": "{\"Event\":{\"#attributes\":{\"xmlns\":\"http://schemas.microsoft.com/win/2004/08/events/event\"},\"System\":{\"Provider\":{\"#attributes\":{\"Name\":\"Microsoft-Windows-Security-Auditing\",\"Guid\":\"54849625-5478-4994-A5BA-3E3B0328C30D\"}},\"EventID\":4718,\"Version\":0,\"Level\":0,\"Task\":13569,\"Opcode\":0,\"Keywords\":\"0x8020000000000000\",\"TimeCreated\":{\"#attributes\":{\"SystemTime\":\"2021-05-20T12:49:46.876488Z\"}},\"EventRecordID\":1861984,\"Correlation\":{\"#attributes\":{\"ActivityID\":\"A67BE420-4636-0001-36E4-7BA63646D701\"}},\"Execution\":{\"#attributes\":{\"ProcessID\":576,\"ThreadID\":108}},\"Channel\":\"Security\",\"Computer\":\"fs01.offsec.lan\",\"Security\":null},\"EventData\":{\"SubjectUserSid\":\"S-1-5-18\",\"SubjectUserName\":\"FS01$\",\"SubjectDomainName\":\"OFFSEC\",\"SubjectLogonId\":\"0x3e7\",\"TargetSid\":\"S-1-5-111-3847866527-469524349-687026318-516638107-1125189541-5848\",\"AccessRemoved\":\"SeServiceLogonRight\"}}}",
  "xml_fields": {
    "provider": "Microsoft-Windows-Security-Auditing",
    "event_id": "4718",
    "timestamp": "2021-05-20T12:49:46.876488Z",
    "event_record_id": "1861984",
    "level": "0",
    "task": "13569",
    "opcode": "0",
    "keywords": "0x8020000000000000",
    "channel": "Security",
    "computer": "fs01.offsec.lan",
    "SubjectUserSid": "S-1-5-18",
    "SubjectUserName": "FS01$",
    "SubjectDomainName": "OFFSEC",
    "SubjectLogonId": "0x3e7",
    "TargetSid": "S-1-5-111-3847866527-469524349-687026318-516638107-1125189541-5848",
    "AccessRemoved": "SeServiceLogonRight"
  },
  "json_fields": {
    "provider": "Microsoft-Windows-Security-Auditing",
    "channel": "Security",
    "event_id": "4718",
    "timestamp": "2021-05-20T12:49:46.876488Z",
    "event_record_id": "1861984",
    "level": "0",
    "task": "13569",
    "opcode": "0",
    "keywords": "0x8020000000000000",
    "computer": "fs01.offsec.lan",
    "SubjectUserSid": "S-1-5-18",
    "SubjectUserName": "FS01$",
    "SubjectDomainName": "OFFSEC",
    "SubjectLogonId": "0x3e7",
    "TargetSid": "S-1-5-111-3847866527-469524349-687026318-516638107-1125189541-5848",
    "AccessRemoved": "SeServiceLogonRight"
  }
}