{
  "event_id": "4719",
  "provider": "Microsoft-Windows-Security-Auditing",
  "channel": "Security",
  "source_file": "D:\\visual code file\\Project_4\\Event-Analyzer\\test\\Malicious\\EVTX-to-MITRE-Attack-master\\TA0005-Defense Evasion\\T1562.002-Disable Windows Event Logging\\ID4719-Audit policy deactivation.evtx",
  "event_record_id": 1,
  "xml": "<?xml version=\"1.0\" encoding=\"utf-8\"?>\n<Event xmlns=\"http://schemas.microsoft.com/win/2004/08/events/event\">\n  <System>\n    <Provider Name=\"Microsoft-Windows-Security-Auditing\" Guid=\"54849625-5478-4994-A5BA-3E3B0328C30D\">\n    </Provider>\n    <EventID>4719</EventID>\n    <Version>0</Version>\n    <Level>0</Level>\n    <Task>13568</Task>\n    <Opcode>0</Opcode>\n    <Keywords>0x8020000000000000</Keywords>\n    <TimeCreated SystemTime=\"2021-10-25T18:30:36.515906Z\">\n    </TimeCreated>\n    <EventRecordID>109446</EventRecordID>\n    <Correlation>\n    </Correlation>\n    <Execution ProcessID=\"492\" ThreadID=\"2872\">\n    </Execution>\n    <Channel>Security</Channel>\n    <Computer>FS03.offsec.lan</Computer>\n    <Security>\n    </Security>\n  </System>\n  <EventData>\n    <Data Name=\"SubjectUserSid\">S-1-5-21-4230534742-2542757381-3142984815-1111</Data>\n    <Data Name=\"SubjectUserName\">admmig</Data>\n    <Data Name=\"SubjectDomainName\">OFFSEC</Data>\n    <Data Name=\"SubjectLogonId\">0x123550</Data>\n    <Data Name=\"CategoryId\">%%8272</Data>\n    <Data Name=\"SubcategoryId\">%%12288</Data>\n    <Data Name=\"SubcategoryGuid\">0CCE9210-69AE-11D9-BED3-505054503030</Data>\n    <Data Name=\"AuditPolicyChanges\">%%8448</Data>\n  </EventData>\n</Event>\n",
  "json": "{\"Event\":{\"#attributes\":{\"xmlns\":\"http://schemas.microsoft.com/win/2004/08/events/event\"},\"System\":{\"Provider\":{\"#attributes\":{\"Name\":\"Microsoft-Windows-Security-Auditing\",\"Guid\":\"54849625-5478-4994-A5BA-3E3B0328C30D\"}},\"EventID\":4719,\"Version\":0,\"Level\":0,\"Task\":13568,\"Opcode\":0,\"Keywords\":\"0x8020000000000000\",\"TimeCreated\":{\"#attributes\":{\"SystemTime\":\"2021-10-25T18:30:36.515906Z\"}},\"EventRecordID\":109446,\"Correlation\":null,\"Execution\":{\"#attributes\":{\"ProcessID\":492,\"ThreadID\":2872}},\"Channel\":\"Security\",\"Computer\":\"FS03.offsec.lan\",\"Security\":null},\"EventData\":{\"SubjectUserSid\":\"S-1-5-21-4230534742-2542757381-3142984815-1111\",\"SubjectUserName\":\"admmig\",\"SubjectDomainName\":\"OFFSEC\",\"SubjectLogonId\":\"0x123550\",\"CategoryId\":\"%%8272\",\"SubcategoryId\":\"%%12288\",\"SubcategoryGuid\":\"0CCE9210-69AE-11D9-BED3-505054503030\",\"AuditPolicyChanges\":\"%%8448\"}}}",
  "xml_fields": {
    "provider": "Microsoft-Windows-Security-Auditing",
    "event_id": "4719",
    "timestamp": "2021-10-25T18:30:36.515906Z",
    "event_record_id": "109446",
    "level": "0",
    "task": "13568",
    "opcode": "0",
    "keywords": "0x8020000000000000",
    "channel": "Security",
    "computer": "FS03.offsec.lan",
    "SubjectUserSid": "S-1-5-21-4230534742-2542757381-3142984815-1111",
    "SubjectUserName": "admmig",
    "SubjectDomainName": "OFFSEC",
    "SubjectLogonId": "0x123550",
    "CategoryId": "%%8272",
    "SubcategoryId": "%%12288",
    "SubcategoryGuid": "0CCE9210-69AE-11D9-BED3-505054503030",
    "AuditPolicyChanges": "%%8448"
  },
  "json_fields": {
    "provider": "Microsoft-Windows-Security-Auditing",
    "channel": "Security",
    "event_id": "4719",
    "timestamp": "2021-10-25T18:30:36.515906Z",
    "event_record_id": "109446",
    "level": "0",
    "task": "13568",
    "opcode": "0",
    "keywords": "0x8020000000000000",
    "computer": "FS03.offsec.lan",
    "SubjectUserSid": "S-1-5-21-4230534742-2542757381-3142984815-1111",
    "SubjectUserName": "admmig",
    "SubjectDomainName": "OFFSEC",
    "SubjectLogonId": "0x123550",
    "CategoryId": "%%8272",
    "SubcategoryId": "%%12288",
    "SubcategoryGuid": "0CCE9210-69AE-11D9-BED3-505054503030",
    "AuditPolicyChanges": "%%8448"
  }
}