{
  "event_id": "471",
  "provider": "Microsoft-Windows-AppXDeployment-Server",
  "channel": "Microsoft-Windows-AppXDeploymentServer/Operational",
  "source_file": "D:\\visual code file\\Project_4\\Event-Analyzer\\test\\Logs\\Microsoft-Windows-AppXDeploymentServer%4Operational.evtx",
  "event_record_id": 10978,
  "xml": "<?xml version=\"1.0\" encoding=\"utf-8\"?>\n<Event xmlns=\"http://schemas.microsoft.com/win/2004/08/events/event\">\n  <System>\n    <Provider Name=\"Microsoft-Windows-AppXDeployment-Server\" Guid=\"3F471139-ACB7-4A01-B7A7-FF5DA4BA2D43\">\n    </Provider>\n    <EventID>471</EventID>\n    <Version>0</Version>\n    <Level>4</Level>\n    <Task>5</Task>\n    <Opcode>0</Opcode>\n    <Keywords>0x4000000000000001</Keywords>\n    <TimeCreated SystemTime=\"2025-01-24T10:35:51.086456Z\">\n    </TimeCreated>\n    <EventRecordID>10978</EventRecordID>\n    <Correlation ActivityID=\"8D345FF6-6E47-0002-C58B-348D476EDB01\">\n    </Correlation>\n    <Execution ProcessID=\"3908\" ThreadID=\"7304\">\n    </Execution>\n    <Channel>Microsoft-Windows-AppXDeploymentServer/Operational</Channel>\n    <Computer>CTO-FILESVR</Computer>\n    <Security UserID=\"S-1-5-18\">\n    </Security>\n  </System>\n  <EventData>\n    <Data Name=\"FilePath\">\\\\?\\C:\\Program Files\\WindowsApps\\Deleted\\Microsoft.WindowsFeedbackHub_1.1907.3152.0_x64__8wekyb3d8bbwe6248eb52-f76a-4056-920e-e987c3f0204c\\clrcompression.dll</Data>\n    <Data Name=\"ErrorCode\">0x5</Data>\n  </EventData>\n</Event>\n",
  "json": "{\"Event\":{\"#attributes\":{\"xmlns\":\"http://schemas.microsoft.com/win/2004/08/events/event\"},\"System\":{\"Provider\":{\"#attributes\":{\"Name\":\"Microsoft-Windows-AppXDeployment-Server\",\"Guid\":\"3F471139-ACB7-4A01-B7A7-FF5DA4BA2D43\"}},\"EventID\":471,\"Version\":0,\"Level\":4,\"Task\":5,\"Opcode\":0,\"Keywords\":\"0x4000000000000001\",\"TimeCreated\":{\"#attributes\":{\"SystemTime\":\"2025-01-24T10:35:51.086456Z\"}},\"EventRecordID\":10978,\"Correlation\":{\"#attributes\":{\"ActivityID\":\"8D345FF6-6E47-0002-C58B-348D476EDB01\"}},\"Execution\":{\"#attributes\":{\"ProcessID\":3908,\"ThreadID\":7304}},\"Channel\":\"Microsoft-Windows-AppXDeploymentServer/Operational\",\"Computer\":\"CTO-FILESVR\",\"Security\":{\"#attributes\":{\"UserID\":\"S-1-5-18\"}}},\"EventData\":{\"FilePath\":\"\\\\\\\\?\\\\C:\\\\Program Files\\\\WindowsApps\\\\Deleted\\\\Microsoft.WindowsFeedbackHub_1.1907.3152.0_x64__8wekyb3d8bbwe6248eb52-f76a-4056-920e-e987c3f0204c\\\\clrcompression.dll\",\"ErrorCode\":\"0x5\"}}}",
  "xml_fields": {
    "provider": "Microsoft-Windows-AppXDeployment-Server",
    "event_id": "471",
    "timestamp": "2025-01-24T10:35:51.086456Z",
    "event_record_id": "10978",
    "level": "4",
    "task": "5",
    "opcode": "0",
    "keywords": "0x4000000000000001",
    "channel": "Microsoft-Windows-AppXDeploymentServer/Operational",
    "computer": "CTO-FILESVR",
    "FilePath": "\\\\?\\C:\\Program Files\\WindowsApps\\Deleted\\Microsoft.WindowsFeedbackHub_1.1907.3152.0_x64__8wekyb3d8bbwe6248eb52-f76a-4056-920e-e987c3f0204c\\clrcompression.dll",
    "ErrorCode": "0x5"
  },
  "json_fields": {
    "provider": "Microsoft-Windows-AppXDeployment-Server",
    "channel": "Microsoft-Windows-AppXDeploymentServer/Operational",
    "event_id": "471",
    "timestamp": "2025-01-24T10:35:51.086456Z",
    "event_record_id": "10978",
    "level": "4",
    "task": "5",
    "opcode": "0",
    "keywords": "0x4000000000000001",
    "computer": "CTO-FILESVR",
    "FilePath": "\\\\?\\C:\\Program Files\\WindowsApps\\Deleted\\Microsoft.WindowsFeedbackHub_1.1907.3152.0_x64__8wekyb3d8bbwe6248eb52-f76a-4056-920e-e987c3f0204c\\clrcompression.dll",
    "ErrorCode": "0x5"
  }
}