{
  "event_id": "4720",
  "provider": "Microsoft-Windows-Security-Auditing",
  "channel": "Security",
  "source_file": "D:\\visual code file\\Project_4\\Event-Analyzer\\test\\Malicious\\EVTX-to-MITRE-Attack-master\\EVTX_full_APT_attack_steps\\ID4720,4698-Fortinet APT group abuse on Windows.evtx",
  "event_record_id": 1,
  "xml": "<?xml version=\"1.0\" encoding=\"utf-8\"?>\n<Event xmlns=\"http://schemas.microsoft.com/win/2004/08/events/event\">\n  <System>\n    <Provider Name=\"Microsoft-Windows-Security-Auditing\" Guid=\"54849625-5478-4994-A5BA-3E3B0328C30D\">\n    </Provider>\n    <EventID>4720</EventID>\n    <Version>0</Version>\n    <Level>0</Level>\n    <Task>13824</Task>\n    <Opcode>0</Opcode>\n    <Keywords>0x8020000000000000</Keywords>\n    <TimeCreated SystemTime=\"2021-06-01T14:06:34.542413Z\">\n    </TimeCreated>\n    <EventRecordID>1945920</EventRecordID>\n    <Correlation ActivityID=\"38068009-512D-0000-1D80-06382D51D701\">\n    </Correlation>\n    <Execution ProcessID=\"556\" ThreadID=\"1880\">\n    </Execution>\n    <Channel>Security</Channel>\n    <Computer>fs01.offsec.lan</Computer>\n    <Security>\n    </Security>\n  </System>\n  <EventData>\n    <Data Name=\"TargetUserName\">WADGUtilityAccount</Data>\n    <Data Name=\"TargetDomainName\">FS01</Data>\n    <Data Name=\"TargetSid\">S-1-5-21-1081258321-37805170-3511562335-1000</Data>\n    <Data Name=\"SubjectUserSid\">S-1-5-21-4230534742-2542757381-3142984815-1111</Data>\n    <Data Name=\"SubjectUserName\">admmig</Data>\n    <Data Name=\"SubjectDomainName\">OFFSEC</Data>\n    <Data Name=\"SubjectLogonId\">0x46b7b4</Data>\n    <Data Name=\"PrivilegeList\">-</Data>\n    <Data Name=\"SamAccountName\">WADGUtilityAccount</Data>\n    <Data Name=\"DisplayName\">%%1793</Data>\n    <Data Name=\"UserPrincipalName\">-</Data>\n    <Data Name=\"HomeDirectory\">%%1793</Data>\n    <Data Name=\"HomePath\">%%1793</Data>\n    <Data Name=\"ScriptPath\">%%1793</Data>\n    <Data Name=\"ProfilePath\">%%1793</Data>\n    <Data Name=\"UserWorkstations\">%%1793</Data>\n    <Data Name=\"PasswordLastSet\">%%1794</Data>\n    <Data Name=\"AccountExpires\">%%1794</Data>\n    <Data Name=\"PrimaryGroupId\">513</Data>\n    <Data Name=\"AllowedToDelegateTo\">-</Data>\n    <Data Name=\"OldUacValue\">0x0</Data>\n    <Data Name=\"NewUacValue\">0x15</Data>\n    <Data Name=\"UserAccountControl\">\r\n\t\t%%2080\r\n\t\t%%2082\r\n\t\t%%2084</Data>\n    <Data Name=\"UserParameters\">%%1793</Data>\n    <Data Name=\"SidHistory\">-</Data>\n    <Data Name=\"LogonHours\">%%1797</Data>\n  </EventData>\n</Event>\n",
  "json": "{\"Event\":{\"#attributes\":{\"xmlns\":\"http://schemas.microsoft.com/win/2004/08/events/event\"},\"System\":{\"Provider\":{\"#attributes\":{\"Name\":\"Microsoft-Windows-Security-Auditing\",\"Guid\":\"54849625-5478-4994-A5BA-3E3B0328C30D\"}},\"EventID\":4720,\"Version\":0,\"Level\":0,\"Task\":13824,\"Opcode\":0,\"Keywords\":\"0x8020000000000000\",\"TimeCreated\":{\"#attributes\":{\"SystemTime\":\"2021-06-01T14:06:34.542413Z\"}},\"EventRecordID\":1945920,\"Correlation\":{\"#attributes\":{\"ActivityID\":\"38068009-512D-0000-1D80-06382D51D701\"}},\"Execution\":{\"#attributes\":{\"ProcessID\":556,\"ThreadID\":1880}},\"Channel\":\"Security\",\"Computer\":\"fs01.offsec.lan\",\"Security\":null},\"EventData\":{\"TargetUserName\":\"WADGUtilityAccount\",\"TargetDomainName\":\"FS01\",\"TargetSid\":\"S-1-5-21-1081258321-37805170-3511562335-1000\",\"SubjectUserSid\":\"S-1-5-21-4230534742-2542757381-3142984815-1111\",\"SubjectUserName\":\"admmig\",\"SubjectDomainName\":\"OFFSEC\",\"SubjectLogonId\":\"0x46b7b4\",\"PrivilegeList\":\"-\",\"SamAccountName\":\"WADGUtilityAccount\",\"DisplayName\":\"%%1793\",\"UserPrincipalName\":\"-\",\"HomeDirectory\":\"%%1793\",\"HomePath\":\"%%1793\",\"ScriptPath\":\"%%1793\",\"ProfilePath\":\"%%1793\",\"UserWorkstations\":\"%%1793\",\"PasswordLastSet\":\"%%1794\",\"AccountExpires\":\"%%1794\",\"PrimaryGroupId\":\"513\",\"AllowedToDelegateTo\":\"-\",\"OldUacValue\":\"0x0\",\"NewUacValue\":\"0x15\",\"UserAccountControl\":\"\\r\\n\\t\\t%%2080\\r\\n\\t\\t%%2082\\r\\n\\t\\t%%2084\",\"UserParameters\":\"%%1793\",\"SidHistory\":\"-\",\"LogonHours\":\"%%1797\"}}}",
  "xml_fields": {
    "provider": "Microsoft-Windows-Security-Auditing",
    "event_id": "4720",
    "timestamp": "2021-06-01T14:06:34.542413Z",
    "event_record_id": "1945920",
    "level": "0",
    "task": "13824",
    "opcode": "0",
    "keywords": "0x8020000000000000",
    "channel": "Security",
    "computer": "fs01.offsec.lan",
    "TargetUserName": "WADGUtilityAccount",
    "TargetDomainName": "FS01",
    "TargetSid": "S-1-5-21-1081258321-37805170-3511562335-1000",
    "SubjectUserSid": "S-1-5-21-4230534742-2542757381-3142984815-1111",
    "SubjectUserName": "admmig",
    "SubjectDomainName": "OFFSEC",
    "SubjectLogonId": "0x46b7b4",
    "PrivilegeList": "-",
    "SamAccountName": "WADGUtilityAccount",
    "DisplayName": "%%1793",
    "UserPrincipalName": "-",
    "HomeDirectory": "%%1793",
    "HomePath": "%%1793",
    "ScriptPath": "%%1793",
    "ProfilePath": "%%1793",
    "UserWorkstations": "%%1793",
    "PasswordLastSet": "%%1794",
    "AccountExpires": "%%1794",
    "PrimaryGroupId": "513",
    "AllowedToDelegateTo": "-",
    "OldUacValue": "0x0",
    "NewUacValue": "0x15",
    "UserAccountControl": "\n\t\t%%2080\n\t\t%%2082\n\t\t%%2084",
    "UserParameters": "%%1793",
    "SidHistory": "-",
    "LogonHours": "%%1797"
  },
  "json_fields": {
    "provider": "Microsoft-Windows-Security-Auditing",
    "channel": "Security",
    "event_id": "4720",
    "timestamp": "2021-06-01T14:06:34.542413Z",
    "event_record_id": "1945920",
    "level": "0",
    "task": "13824",
    "opcode": "0",
    "keywords": "0x8020000000000000",
    "computer": "fs01.offsec.lan",
    "TargetUserName": "WADGUtilityAccount",
    "TargetDomainName": "FS01",
    "TargetSid": "S-1-5-21-1081258321-37805170-3511562335-1000",
    "SubjectUserSid": "S-1-5-21-4230534742-2542757381-3142984815-1111",
    "SubjectUserName": "admmig",
    "SubjectDomainName": "OFFSEC",
    "SubjectLogonId": "0x46b7b4",
    "PrivilegeList": "-",
    "SamAccountName": "WADGUtilityAccount",
    "DisplayName": "%%1793",
    "UserPrincipalName": "-",
    "HomeDirectory": "%%1793",
    "HomePath": "%%1793",
    "ScriptPath": "%%1793",
    "ProfilePath": "%%1793",
    "UserWorkstations": "%%1793",
    "PasswordLastSet": "%%1794",
    "AccountExpires": "%%1794",
    "PrimaryGroupId": "513",
    "AllowedToDelegateTo": "-",
    "OldUacValue": "0x0",
    "NewUacValue": "0x15",
    "UserAccountControl": "\r\n\t\t%%2080\r\n\t\t%%2082\r\n\t\t%%2084",
    "UserParameters": "%%1793",
    "SidHistory": "-",
    "LogonHours": "%%1797"
  }
}