{
  "event_id": "4722",
  "provider": "Microsoft-Windows-Security-Auditing",
  "channel": "Security",
  "source_file": "D:\\visual code file\\Project_4\\Event-Analyzer\\test\\Malicious\\EVTX-to-MITRE-Attack-master\\TA0003-Persistence\\T1136-Create account\\ID4688-User creation via commandline.evtx",
  "event_record_id": 6,
  "xml": "<?xml version=\"1.0\" encoding=\"utf-8\"?>\n<Event xmlns=\"http://schemas.microsoft.com/win/2004/08/events/event\">\n  <System>\n    <Provider Name=\"Microsoft-Windows-Security-Auditing\" Guid=\"54849625-5478-4994-A5BA-3E3B0328C30D\">\n    </Provider>\n    <EventID>4722</EventID>\n    <Version>0</Version>\n    <Level>0</Level>\n    <Task>13824</Task>\n    <Opcode>0</Opcode>\n    <Keywords>0x8020000000000000</Keywords>\n    <TimeCreated SystemTime=\"2021-10-19T14:42:41.234010Z\">\n    </TimeCreated>\n    <EventRecordID>60388</EventRecordID>\n    <Correlation>\n    </Correlation>\n    <Execution ProcessID=\"512\" ThreadID=\"3052\">\n    </Execution>\n    <Channel>Security</Channel>\n    <Computer>FS03.offsec.lan</Computer>\n    <Security>\n    </Security>\n  </System>\n  <EventData>\n    <Data Name=\"TargetUserName\">toto3</Data>\n    <Data Name=\"TargetDomainName\">FS03</Data>\n    <Data Name=\"TargetSid\">S-1-5-21-3410678313-1251427014-1131291384-1004</Data>\n    <Data Name=\"SubjectUserSid\">S-1-5-21-4230534742-2542757381-3142984815-1111</Data>\n    <Data Name=\"SubjectUserName\">admmig</Data>\n    <Data Name=\"SubjectDomainName\">OFFSEC</Data>\n    <Data Name=\"SubjectLogonId\">0x1f4c65f</Data>\n  </EventData>\n</Event>\n",
  "json": "{\"Event\":{\"#attributes\":{\"xmlns\":\"http://schemas.microsoft.com/win/2004/08/events/event\"},\"System\":{\"Provider\":{\"#attributes\":{\"Name\":\"Microsoft-Windows-Security-Auditing\",\"Guid\":\"54849625-5478-4994-A5BA-3E3B0328C30D\"}},\"EventID\":4722,\"Version\":0,\"Level\":0,\"Task\":13824,\"Opcode\":0,\"Keywords\":\"0x8020000000000000\",\"TimeCreated\":{\"#attributes\":{\"SystemTime\":\"2021-10-19T14:42:41.234010Z\"}},\"EventRecordID\":60388,\"Correlation\":null,\"Execution\":{\"#attributes\":{\"ProcessID\":512,\"ThreadID\":3052}},\"Channel\":\"Security\",\"Computer\":\"FS03.offsec.lan\",\"Security\":null},\"EventData\":{\"TargetUserName\":\"toto3\",\"TargetDomainName\":\"FS03\",\"TargetSid\":\"S-1-5-21-3410678313-1251427014-1131291384-1004\",\"SubjectUserSid\":\"S-1-5-21-4230534742-2542757381-3142984815-1111\",\"SubjectUserName\":\"admmig\",\"SubjectDomainName\":\"OFFSEC\",\"SubjectLogonId\":\"0x1f4c65f\"}}}",
  "xml_fields": {
    "provider": "Microsoft-Windows-Security-Auditing",
    "event_id": "4722",
    "timestamp": "2021-10-19T14:42:41.234010Z",
    "event_record_id": "60388",
    "level": "0",
    "task": "13824",
    "opcode": "0",
    "keywords": "0x8020000000000000",
    "channel": "Security",
    "computer": "FS03.offsec.lan",
    "TargetUserName": "toto3",
    "TargetDomainName": "FS03",
    "TargetSid": "S-1-5-21-3410678313-1251427014-1131291384-1004",
    "SubjectUserSid": "S-1-5-21-4230534742-2542757381-3142984815-1111",
    "SubjectUserName": "admmig",
    "SubjectDomainName": "OFFSEC",
    "SubjectLogonId": "0x1f4c65f"
  },
  "json_fields": {
    "provider": "Microsoft-Windows-Security-Auditing",
    "channel": "Security",
    "event_id": "4722",
    "timestamp": "2021-10-19T14:42:41.234010Z",
    "event_record_id": "60388",
    "level": "0",
    "task": "13824",
    "opcode": "0",
    "keywords": "0x8020000000000000",
    "computer": "FS03.offsec.lan",
    "TargetUserName": "toto3",
    "TargetDomainName": "FS03",
    "TargetSid": "S-1-5-21-3410678313-1251427014-1131291384-1004",
    "SubjectUserSid": "S-1-5-21-4230534742-2542757381-3142984815-1111",
    "SubjectUserName": "admmig",
    "SubjectDomainName": "OFFSEC",
    "SubjectLogonId": "0x1f4c65f"
  }
}