{
  "event_id": "4723",
  "provider": "Microsoft-Windows-Security-Auditing",
  "channel": "Security",
  "source_file": "D:\\visual code file\\Project_4\\Event-Analyzer\\test\\Malicious\\EVTX-to-MITRE-Attack-master\\TA0003-Persistence\\T1098.xxx-Account manipulation\\ID4723-5145-password reset with changeNTLM (Mimikatz).evtx",
  "event_record_id": 1,
  "xml": "<?xml version=\"1.0\" encoding=\"utf-8\"?>\n<Event xmlns=\"http://schemas.microsoft.com/win/2004/08/events/event\">\n  <System>\n    <Provider Name=\"Microsoft-Windows-Security-Auditing\" Guid=\"54849625-5478-4994-A5BA-3E3B0328C30D\">\n    </Provider>\n    <EventID>4723</EventID>\n    <Version>0</Version>\n    <Level>0</Level>\n    <Task>13824</Task>\n    <Opcode>0</Opcode>\n    <Keywords>0x8010000000000000</Keywords>\n    <TimeCreated SystemTime=\"2021-12-04T22:47:47.872773Z\">\n    </TimeCreated>\n    <EventRecordID>233289145</EventRecordID>\n    <Correlation ActivityID=\"D96638DA-E4F9-0001-F038-66D9F9E4D701\">\n    </Correlation>\n    <Execution ProcessID=\"596\" ThreadID=\"3492\">\n    </Execution>\n    <Channel>Security</Channel>\n    <Computer>rootdc1.offsec.lan</Computer>\n    <Security>\n    </Security>\n  </System>\n  <EventData>\n    <Data Name=\"TargetUserName\">hacker2</Data>\n    <Data Name=\"TargetDomainName\">OFFSEC</Data>\n    <Data Name=\"TargetSid\">S-1-5-21-4230534742-2542757381-3142984815-1242</Data>\n    <Data Name=\"SubjectUserSid\">S-1-5-21-4230534742-2542757381-3142984815-1111</Data>\n    <Data Name=\"SubjectUserName\">admmig</Data>\n    <Data Name=\"SubjectDomainName\">OFFSEC</Data>\n    <Data Name=\"SubjectLogonId\">0x10e7c4430</Data>\n    <Data Name=\"PrivilegeList\">-</Data>\n  </EventData>\n</Event>\n",
  "json": "{\"Event\":{\"#attributes\":{\"xmlns\":\"http://schemas.microsoft.com/win/2004/08/events/event\"},\"System\":{\"Provider\":{\"#attributes\":{\"Name\":\"Microsoft-Windows-Security-Auditing\",\"Guid\":\"54849625-5478-4994-A5BA-3E3B0328C30D\"}},\"EventID\":4723,\"Version\":0,\"Level\":0,\"Task\":13824,\"Opcode\":0,\"Keywords\":\"0x8010000000000000\",\"TimeCreated\":{\"#attributes\":{\"SystemTime\":\"2021-12-04T22:47:47.872773Z\"}},\"EventRecordID\":233289145,\"Correlation\":{\"#attributes\":{\"ActivityID\":\"D96638DA-E4F9-0001-F038-66D9F9E4D701\"}},\"Execution\":{\"#attributes\":{\"ProcessID\":596,\"ThreadID\":3492}},\"Channel\":\"Security\",\"Computer\":\"rootdc1.offsec.lan\",\"Security\":null},\"EventData\":{\"TargetUserName\":\"hacker2\",\"TargetDomainName\":\"OFFSEC\",\"TargetSid\":\"S-1-5-21-4230534742-2542757381-3142984815-1242\",\"SubjectUserSid\":\"S-1-5-21-4230534742-2542757381-3142984815-1111\",\"SubjectUserName\":\"admmig\",\"SubjectDomainName\":\"OFFSEC\",\"SubjectLogonId\":\"0x10e7c4430\",\"PrivilegeList\":\"-\"}}}",
  "xml_fields": {
    "provider": "Microsoft-Windows-Security-Auditing",
    "event_id": "4723",
    "timestamp": "2021-12-04T22:47:47.872773Z",
    "event_record_id": "233289145",
    "level": "0",
    "task": "13824",
    "opcode": "0",
    "keywords": "0x8010000000000000",
    "channel": "Security",
    "computer": "rootdc1.offsec.lan",
    "TargetUserName": "hacker2",
    "TargetDomainName": "OFFSEC",
    "TargetSid": "S-1-5-21-4230534742-2542757381-3142984815-1242",
    "SubjectUserSid": "S-1-5-21-4230534742-2542757381-3142984815-1111",
    "SubjectUserName": "admmig",
    "SubjectDomainName": "OFFSEC",
    "SubjectLogonId": "0x10e7c4430",
    "PrivilegeList": "-"
  },
  "json_fields": {
    "provider": "Microsoft-Windows-Security-Auditing",
    "channel": "Security",
    "event_id": "4723",
    "timestamp": "2021-12-04T22:47:47.872773Z",
    "event_record_id": "233289145",
    "level": "0",
    "task": "13824",
    "opcode": "0",
    "keywords": "0x8010000000000000",
    "computer": "rootdc1.offsec.lan",
    "TargetUserName": "hacker2",
    "TargetDomainName": "OFFSEC",
    "TargetSid": "S-1-5-21-4230534742-2542757381-3142984815-1242",
    "SubjectUserSid": "S-1-5-21-4230534742-2542757381-3142984815-1111",
    "SubjectUserName": "admmig",
    "SubjectDomainName": "OFFSEC",
    "SubjectLogonId": "0x10e7c4430",
    "PrivilegeList": "-"
  }
}