{
  "event_id": "4727",
  "provider": "Microsoft-Windows-Security-Auditing",
  "channel": "Security",
  "source_file": "D:\\visual code file\\Project_4\\Event-Analyzer\\test\\Benign\\Win2022-AD\\Security.evtx",
  "event_record_id": 51,
  "xml": "<?xml version=\"1.0\" encoding=\"utf-8\"?>\n<Event xmlns=\"http://schemas.microsoft.com/win/2004/08/events/event\">\n  <System>\n    <Provider Name=\"Microsoft-Windows-Security-Auditing\" Guid=\"54849625-5478-4994-A5BA-3E3B0328C30D\">\n    </Provider>\n    <EventID>4727</EventID>\n    <Version>0</Version>\n    <Level>0</Level>\n    <Task>13826</Task>\n    <Opcode>0</Opcode>\n    <Keywords>0x8020000000000000</Keywords>\n    <TimeCreated SystemTime=\"2022-04-07T16:44:41.241410Z\">\n    </TimeCreated>\n    <EventRecordID>51</EventRecordID>\n    <Correlation ActivityID=\"C1DC836A-4A9E-0000-8485-DCC19E4AD801\">\n    </Correlation>\n    <Execution ProcessID=\"648\" ThreadID=\"652\">\n    </Execution>\n    <Channel>Security</Channel>\n    <Computer>WIN-FPV0DSIC9O6</Computer>\n    <Security>\n    </Security>\n  </System>\n  <EventData>\n    <Data Name=\"TargetUserName\">Storage Replica Administrators</Data>\n    <Data Name=\"TargetDomainName\">Builtin</Data>\n    <Data Name=\"TargetSid\">S-1-5-32-582</Data>\n    <Data Name=\"SubjectUserSid\">S-1-5-18</Data>\n    <Data Name=\"SubjectUserName\">MINWINPC$</Data>\n    <Data Name=\"SubjectDomainName\"></Data>\n    <Data Name=\"SubjectLogonId\">0x3e7</Data>\n    <Data Name=\"PrivilegeList\">-</Data>\n    <Data Name=\"SamAccountName\">Storage Replica Administrators</Data>\n    <Data Name=\"SidHistory\">-</Data>\n  </EventData>\n</Event>\n",
  "json": "{\"Event\":{\"#attributes\":{\"xmlns\":\"http://schemas.microsoft.com/win/2004/08/events/event\"},\"System\":{\"Provider\":{\"#attributes\":{\"Name\":\"Microsoft-Windows-Security-Auditing\",\"Guid\":\"54849625-5478-4994-A5BA-3E3B0328C30D\"}},\"EventID\":4727,\"Version\":0,\"Level\":0,\"Task\":13826,\"Opcode\":0,\"Keywords\":\"0x8020000000000000\",\"TimeCreated\":{\"#attributes\":{\"SystemTime\":\"2022-04-07T16:44:41.241410Z\"}},\"EventRecordID\":51,\"Correlation\":{\"#attributes\":{\"ActivityID\":\"C1DC836A-4A9E-0000-8485-DCC19E4AD801\"}},\"Execution\":{\"#attributes\":{\"ProcessID\":648,\"ThreadID\":652}},\"Channel\":\"Security\",\"Computer\":\"WIN-FPV0DSIC9O6\",\"Security\":null},\"EventData\":{\"TargetUserName\":\"Storage Replica Administrators\",\"TargetDomainName\":\"Builtin\",\"TargetSid\":\"S-1-5-32-582\",\"SubjectUserSid\":\"S-1-5-18\",\"SubjectUserName\":\"MINWINPC$\",\"SubjectDomainName\":\"\",\"SubjectLogonId\":\"0x3e7\",\"PrivilegeList\":\"-\",\"SamAccountName\":\"Storage Replica Administrators\",\"SidHistory\":\"-\"}}}",
  "xml_fields": {
    "provider": "Microsoft-Windows-Security-Auditing",
    "event_id": "4727",
    "timestamp": "2022-04-07T16:44:41.241410Z",
    "event_record_id": "51",
    "level": "0",
    "task": "13826",
    "opcode": "0",
    "keywords": "0x8020000000000000",
    "channel": "Security",
    "computer": "WIN-FPV0DSIC9O6",
    "TargetUserName": "Storage Replica Administrators",
    "TargetDomainName": "Builtin",
    "TargetSid": "S-1-5-32-582",
    "SubjectUserSid": "S-1-5-18",
    "SubjectUserName": "MINWINPC$",
    "SubjectDomainName": "",
    "SubjectLogonId": "0x3e7",
    "PrivilegeList": "-",
    "SamAccountName": "Storage Replica Administrators",
    "SidHistory": "-"
  },
  "json_fields": {
    "provider": "Microsoft-Windows-Security-Auditing",
    "channel": "Security",
    "event_id": "4727",
    "timestamp": "2022-04-07T16:44:41.241410Z",
    "event_record_id": "51",
    "level": "0",
    "task": "13826",
    "opcode": "0",
    "keywords": "0x8020000000000000",
    "computer": "WIN-FPV0DSIC9O6",
    "TargetUserName": "Storage Replica Administrators",
    "TargetDomainName": "Builtin",
    "TargetSid": "S-1-5-32-582",
    "SubjectUserSid": "S-1-5-18",
    "SubjectUserName": "MINWINPC$",
    "SubjectDomainName": "",
    "SubjectLogonId": "0x3e7",
    "PrivilegeList": "-",
    "SamAccountName": "Storage Replica Administrators",
    "SidHistory": "-"
  }
}