{
  "event_id": "4729",
  "provider": "Microsoft-Windows-Security-Auditing",
  "channel": "Security",
  "source_file": "D:\\visual code file\\Project_4\\Event-Analyzer\\test\\Malicious\\EVTX-to-MITRE-Attack-master\\TA0003-Persistence\\T1136-Create account\\ID472, 4728 Hidden user creation.evtx",
  "event_record_id": 15,
  "xml": "<?xml version=\"1.0\" encoding=\"utf-8\"?>\n<Event xmlns=\"http://schemas.microsoft.com/win/2004/08/events/event\">\n  <System>\n    <Provider Name=\"Microsoft-Windows-Security-Auditing\" Guid=\"54849625-5478-4994-A5BA-3E3B0328C30D\">\n    </Provider>\n    <EventID>4729</EventID>\n    <Version>0</Version>\n    <Level>0</Level>\n    <Task>13826</Task>\n    <Opcode>0</Opcode>\n    <Keywords>0x8020000000000000</Keywords>\n    <TimeCreated SystemTime=\"2022-01-24T17:03:25.009874Z\">\n    </TimeCreated>\n    <EventRecordID>1934525</EventRecordID>\n    <Correlation>\n    </Correlation>\n    <Execution ProcessID=\"480\" ThreadID=\"1496\">\n    </Execution>\n    <Channel>Security</Channel>\n    <Computer>fs03vuln.offsec.lan</Computer>\n    <Security>\n    </Security>\n  </System>\n  <EventData>\n    <Data Name=\"MemberName\">-</Data>\n    <Data Name=\"MemberSid\">S-1-5-21-2721507831-1374043488-2540227515-1008</Data>\n    <Data Name=\"TargetUserName\">None</Data>\n    <Data Name=\"TargetDomainName\">FS03VULN</Data>\n    <Data Name=\"TargetSid\">S-1-5-21-2721507831-1374043488-2540227515-513</Data>\n    <Data Name=\"SubjectUserSid\">S-1-5-21-4230534742-2542757381-3142984815-1111</Data>\n    <Data Name=\"SubjectUserName\">admmig</Data>\n    <Data Name=\"SubjectDomainName\">OFFSEC</Data>\n    <Data Name=\"SubjectLogonId\">0x14f509e2</Data>\n    <Data Name=\"PrivilegeList\">-</Data>\n  </EventData>\n</Event>\n",
  "json": "{\"Event\":{\"#attributes\":{\"xmlns\":\"http://schemas.microsoft.com/win/2004/08/events/event\"},\"System\":{\"Provider\":{\"#attributes\":{\"Name\":\"Microsoft-Windows-Security-Auditing\",\"Guid\":\"54849625-5478-4994-A5BA-3E3B0328C30D\"}},\"EventID\":4729,\"Version\":0,\"Level\":0,\"Task\":13826,\"Opcode\":0,\"Keywords\":\"0x8020000000000000\",\"TimeCreated\":{\"#attributes\":{\"SystemTime\":\"2022-01-24T17:03:25.009874Z\"}},\"EventRecordID\":1934525,\"Correlation\":null,\"Execution\":{\"#attributes\":{\"ProcessID\":480,\"ThreadID\":1496}},\"Channel\":\"Security\",\"Computer\":\"fs03vuln.offsec.lan\",\"Security\":null},\"EventData\":{\"MemberName\":\"-\",\"MemberSid\":\"S-1-5-21-2721507831-1374043488-2540227515-1008\",\"TargetUserName\":\"None\",\"TargetDomainName\":\"FS03VULN\",\"TargetSid\":\"S-1-5-21-2721507831-1374043488-2540227515-513\",\"SubjectUserSid\":\"S-1-5-21-4230534742-2542757381-3142984815-1111\",\"SubjectUserName\":\"admmig\",\"SubjectDomainName\":\"OFFSEC\",\"SubjectLogonId\":\"0x14f509e2\",\"PrivilegeList\":\"-\"}}}",
  "xml_fields": {
    "provider": "Microsoft-Windows-Security-Auditing",
    "event_id": "4729",
    "timestamp": "2022-01-24T17:03:25.009874Z",
    "event_record_id": "1934525",
    "level": "0",
    "task": "13826",
    "opcode": "0",
    "keywords": "0x8020000000000000",
    "channel": "Security",
    "computer": "fs03vuln.offsec.lan",
    "MemberName": "-",
    "MemberSid": "S-1-5-21-2721507831-1374043488-2540227515-1008",
    "TargetUserName": "None",
    "TargetDomainName": "FS03VULN",
    "TargetSid": "S-1-5-21-2721507831-1374043488-2540227515-513",
    "SubjectUserSid": "S-1-5-21-4230534742-2542757381-3142984815-1111",
    "SubjectUserName": "admmig",
    "SubjectDomainName": "OFFSEC",
    "SubjectLogonId": "0x14f509e2",
    "PrivilegeList": "-"
  },
  "json_fields": {
    "provider": "Microsoft-Windows-Security-Auditing",
    "channel": "Security",
    "event_id": "4729",
    "timestamp": "2022-01-24T17:03:25.009874Z",
    "event_record_id": "1934525",
    "level": "0",
    "task": "13826",
    "opcode": "0",
    "keywords": "0x8020000000000000",
    "computer": "fs03vuln.offsec.lan",
    "MemberName": "-",
    "MemberSid": "S-1-5-21-2721507831-1374043488-2540227515-1008",
    "TargetUserName": "None",
    "TargetDomainName": "FS03VULN",
    "TargetSid": "S-1-5-21-2721507831-1374043488-2540227515-513",
    "SubjectUserSid": "S-1-5-21-4230534742-2542757381-3142984815-1111",
    "SubjectUserName": "admmig",
    "SubjectDomainName": "OFFSEC",
    "SubjectLogonId": "0x14f509e2",
    "PrivilegeList": "-"
  }
}