{
  "event_id": "4733",
  "provider": "Microsoft-Windows-Security-Auditing",
  "channel": "Security",
  "source_file": "D:\\visual code file\\Project_4\\Event-Analyzer\\test\\Malicious\\EVTX-to-MITRE-Attack-master\\TA0003-Persistence\\T1098.xxx-Account manipulation\\ID4732-4733-Quick added-removed user from local group.evtx",
  "event_record_id": 4,
  "xml": "<?xml version=\"1.0\" encoding=\"utf-8\"?>\n<Event xmlns=\"http://schemas.microsoft.com/win/2004/08/events/event\">\n  <System>\n    <Provider Name=\"Microsoft-Windows-Security-Auditing\" Guid=\"54849625-5478-4994-A5BA-3E3B0328C30D\">\n    </Provider>\n    <EventID>4733</EventID>\n    <Version>0</Version>\n    <Level>0</Level>\n    <Task>13826</Task>\n    <Opcode>0</Opcode>\n    <Keywords>0x8020000000000000</Keywords>\n    <TimeCreated SystemTime=\"2020-07-12T05:15:26.679330Z\">\n    </TimeCreated>\n    <EventRecordID>2775957</EventRecordID>\n    <Correlation ActivityID=\"E4D8D5C1-4F7E-0006-C2D5-D8E47E4FD601\">\n    </Correlation>\n    <Execution ProcessID=\"708\" ThreadID=\"4224\">\n    </Execution>\n    <Channel>Security</Channel>\n    <Computer>jump01.offsec.lan</Computer>\n    <Security>\n    </Security>\n  </System>\n  <EventData>\n    <Data Name=\"MemberName\">-</Data>\n    <Data Name=\"MemberSid\">S-1-5-21-1470532092-3758209836-3742276719-1001</Data>\n    <Data Name=\"TargetUserName\">Administrators</Data>\n    <Data Name=\"TargetDomainName\">Builtin</Data>\n    <Data Name=\"TargetSid\">S-1-5-32-544</Data>\n    <Data Name=\"SubjectUserSid\">S-1-5-21-4230534742-2542757381-3142984815-1111</Data>\n    <Data Name=\"SubjectUserName\">admmig</Data>\n    <Data Name=\"SubjectDomainName\">OFFSEC</Data>\n    <Data Name=\"SubjectLogonId\">0x58d874</Data>\n    <Data Name=\"PrivilegeList\">-</Data>\n  </EventData>\n</Event>\n",
  "json": "{\"Event\":{\"#attributes\":{\"xmlns\":\"http://schemas.microsoft.com/win/2004/08/events/event\"},\"System\":{\"Provider\":{\"#attributes\":{\"Name\":\"Microsoft-Windows-Security-Auditing\",\"Guid\":\"54849625-5478-4994-A5BA-3E3B0328C30D\"}},\"EventID\":4733,\"Version\":0,\"Level\":0,\"Task\":13826,\"Opcode\":0,\"Keywords\":\"0x8020000000000000\",\"TimeCreated\":{\"#attributes\":{\"SystemTime\":\"2020-07-12T05:15:26.679330Z\"}},\"EventRecordID\":2775957,\"Correlation\":{\"#attributes\":{\"ActivityID\":\"E4D8D5C1-4F7E-0006-C2D5-D8E47E4FD601\"}},\"Execution\":{\"#attributes\":{\"ProcessID\":708,\"ThreadID\":4224}},\"Channel\":\"Security\",\"Computer\":\"jump01.offsec.lan\",\"Security\":null},\"EventData\":{\"MemberName\":\"-\",\"MemberSid\":\"S-1-5-21-1470532092-3758209836-3742276719-1001\",\"TargetUserName\":\"Administrators\",\"TargetDomainName\":\"Builtin\",\"TargetSid\":\"S-1-5-32-544\",\"SubjectUserSid\":\"S-1-5-21-4230534742-2542757381-3142984815-1111\",\"SubjectUserName\":\"admmig\",\"SubjectDomainName\":\"OFFSEC\",\"SubjectLogonId\":\"0x58d874\",\"PrivilegeList\":\"-\"}}}",
  "xml_fields": {
    "provider": "Microsoft-Windows-Security-Auditing",
    "event_id": "4733",
    "timestamp": "2020-07-12T05:15:26.679330Z",
    "event_record_id": "2775957",
    "level": "0",
    "task": "13826",
    "opcode": "0",
    "keywords": "0x8020000000000000",
    "channel": "Security",
    "computer": "jump01.offsec.lan",
    "MemberName": "-",
    "MemberSid": "S-1-5-21-1470532092-3758209836-3742276719-1001",
    "TargetUserName": "Administrators",
    "TargetDomainName": "Builtin",
    "TargetSid": "S-1-5-32-544",
    "SubjectUserSid": "S-1-5-21-4230534742-2542757381-3142984815-1111",
    "SubjectUserName": "admmig",
    "SubjectDomainName": "OFFSEC",
    "SubjectLogonId": "0x58d874",
    "PrivilegeList": "-"
  },
  "json_fields": {
    "provider": "Microsoft-Windows-Security-Auditing",
    "channel": "Security",
    "event_id": "4733",
    "timestamp": "2020-07-12T05:15:26.679330Z",
    "event_record_id": "2775957",
    "level": "0",
    "task": "13826",
    "opcode": "0",
    "keywords": "0x8020000000000000",
    "computer": "jump01.offsec.lan",
    "MemberName": "-",
    "MemberSid": "S-1-5-21-1470532092-3758209836-3742276719-1001",
    "TargetUserName": "Administrators",
    "TargetDomainName": "Builtin",
    "TargetSid": "S-1-5-32-544",
    "SubjectUserSid": "S-1-5-21-4230534742-2542757381-3142984815-1111",
    "SubjectUserName": "admmig",
    "SubjectDomainName": "OFFSEC",
    "SubjectLogonId": "0x58d874",
    "PrivilegeList": "-"
  }
}