{
  "event_id": "4735",
  "provider": "Microsoft-Windows-Security-Auditing",
  "channel": "Security",
  "source_file": "D:\\visual code file\\Project_4\\Event-Analyzer\\test\\Benign\\Logs_Client\\Security.evtx",
  "event_record_id": 20,
  "xml": "<?xml version=\"1.0\" encoding=\"utf-8\"?>\n<Event xmlns=\"http://schemas.microsoft.com/win/2004/08/events/event\">\n  <System>\n    <Provider Name=\"Microsoft-Windows-Security-Auditing\" Guid=\"54849625-5478-4994-A5BA-3E3B0328C30D\">\n    </Provider>\n    <EventID>4735</EventID>\n    <Version>0</Version>\n    <Level>0</Level>\n    <Task>13826</Task>\n    <Opcode>0</Opcode>\n    <Keywords>0x8020000000000000</Keywords>\n    <TimeCreated SystemTime=\"2022-02-07T10:52:14.477671Z\">\n    </TimeCreated>\n    <EventRecordID>20</EventRecordID>\n    <Correlation ActivityID=\"C1DD7440-1C10-0000-9076-DDC1101CD801\">\n    </Correlation>\n    <Execution ProcessID=\"632\" ThreadID=\"636\">\n    </Execution>\n    <Channel>Security</Channel>\n    <Computer>WIN-VR474TJ38H3</Computer>\n    <Security>\n    </Security>\n  </System>\n  <EventData>\n    <Data Name=\"TargetUserName\">Remote Desktop Users</Data>\n    <Data Name=\"TargetDomainName\">Builtin</Data>\n    <Data Name=\"TargetSid\">S-1-5-32-555</Data>\n    <Data Name=\"SubjectUserSid\">S-1-5-18</Data>\n    <Data Name=\"SubjectUserName\">MINWINPC$</Data>\n    <Data Name=\"SubjectDomainName\"></Data>\n    <Data Name=\"SubjectLogonId\">0x3e7</Data>\n    <Data Name=\"PrivilegeList\">-</Data>\n    <Data Name=\"SamAccountName\">-</Data>\n    <Data Name=\"SidHistory\">-</Data>\n  </EventData>\n</Event>\n",
  "json": "{\"Event\":{\"#attributes\":{\"xmlns\":\"http://schemas.microsoft.com/win/2004/08/events/event\"},\"System\":{\"Provider\":{\"#attributes\":{\"Name\":\"Microsoft-Windows-Security-Auditing\",\"Guid\":\"54849625-5478-4994-A5BA-3E3B0328C30D\"}},\"EventID\":4735,\"Version\":0,\"Level\":0,\"Task\":13826,\"Opcode\":0,\"Keywords\":\"0x8020000000000000\",\"TimeCreated\":{\"#attributes\":{\"SystemTime\":\"2022-02-07T10:52:14.477671Z\"}},\"EventRecordID\":20,\"Correlation\":{\"#attributes\":{\"ActivityID\":\"C1DD7440-1C10-0000-9076-DDC1101CD801\"}},\"Execution\":{\"#attributes\":{\"ProcessID\":632,\"ThreadID\":636}},\"Channel\":\"Security\",\"Computer\":\"WIN-VR474TJ38H3\",\"Security\":null},\"EventData\":{\"TargetUserName\":\"Remote Desktop Users\",\"TargetDomainName\":\"Builtin\",\"TargetSid\":\"S-1-5-32-555\",\"SubjectUserSid\":\"S-1-5-18\",\"SubjectUserName\":\"MINWINPC$\",\"SubjectDomainName\":\"\",\"SubjectLogonId\":\"0x3e7\",\"PrivilegeList\":\"-\",\"SamAccountName\":\"-\",\"SidHistory\":\"-\"}}}",
  "xml_fields": {
    "provider": "Microsoft-Windows-Security-Auditing",
    "event_id": "4735",
    "timestamp": "2022-02-07T10:52:14.477671Z",
    "event_record_id": "20",
    "level": "0",
    "task": "13826",
    "opcode": "0",
    "keywords": "0x8020000000000000",
    "channel": "Security",
    "computer": "WIN-VR474TJ38H3",
    "TargetUserName": "Remote Desktop Users",
    "TargetDomainName": "Builtin",
    "TargetSid": "S-1-5-32-555",
    "SubjectUserSid": "S-1-5-18",
    "SubjectUserName": "MINWINPC$",
    "SubjectDomainName": "",
    "SubjectLogonId": "0x3e7",
    "PrivilegeList": "-",
    "SamAccountName": "-",
    "SidHistory": "-"
  },
  "json_fields": {
    "provider": "Microsoft-Windows-Security-Auditing",
    "channel": "Security",
    "event_id": "4735",
    "timestamp": "2022-02-07T10:52:14.477671Z",
    "event_record_id": "20",
    "level": "0",
    "task": "13826",
    "opcode": "0",
    "keywords": "0x8020000000000000",
    "computer": "WIN-VR474TJ38H3",
    "TargetUserName": "Remote Desktop Users",
    "TargetDomainName": "Builtin",
    "TargetSid": "S-1-5-32-555",
    "SubjectUserSid": "S-1-5-18",
    "SubjectUserName": "MINWINPC$",
    "SubjectDomainName": "",
    "SubjectLogonId": "0x3e7",
    "PrivilegeList": "-",
    "SamAccountName": "-",
    "SidHistory": "-"
  }
}