{
  "event_id": "4737",
  "provider": "Microsoft-Windows-Security-Auditing",
  "channel": "Security",
  "source_file": "D:\\visual code file\\Project_4\\Event-Analyzer\\test\\Benign\\Logs_Client\\Security.evtx",
  "event_record_id": 275,
  "xml": "<?xml version=\"1.0\" encoding=\"utf-8\"?>\n<Event xmlns=\"http://schemas.microsoft.com/win/2004/08/events/event\">\n  <System>\n    <Provider Name=\"Microsoft-Windows-Security-Auditing\" Guid=\"54849625-5478-4994-A5BA-3E3B0328C30D\">\n    </Provider>\n    <EventID>4737</EventID>\n    <Version>0</Version>\n    <Level>0</Level>\n    <Task>13826</Task>\n    <Opcode>0</Opcode>\n    <Keywords>0x8020000000000000</Keywords>\n    <TimeCreated SystemTime=\"2022-02-07T10:54:42.121333Z\">\n    </TimeCreated>\n    <EventRecordID>275</EventRecordID>\n    <Correlation ActivityID=\"0D035F51-1C11-0000-5660-030D111CD801\">\n    </Correlation>\n    <Execution ProcessID=\"628\" ThreadID=\"684\">\n    </Execution>\n    <Channel>Security</Channel>\n    <Computer>DESKTOP-A8CALR3</Computer>\n    <Security>\n    </Security>\n  </System>\n  <EventData>\n    <Data Name=\"TargetUserName\">None</Data>\n    <Data Name=\"TargetDomainName\">DESKTOP-A8CALR3</Data>\n    <Data Name=\"TargetSid\">S-1-5-21-1402826787-2759305201-2932496751-513</Data>\n    <Data Name=\"SubjectUserSid\">S-1-5-18</Data>\n    <Data Name=\"SubjectUserName\">WIN-VR474TJ38H3$</Data>\n    <Data Name=\"SubjectDomainName\">WORKGROUP</Data>\n    <Data Name=\"SubjectLogonId\">0x3e7</Data>\n    <Data Name=\"PrivilegeList\">-</Data>\n    <Data Name=\"SamAccountName\">-</Data>\n    <Data Name=\"SidHistory\">-</Data>\n  </EventData>\n</Event>\n",
  "json": "{\"Event\":{\"#attributes\":{\"xmlns\":\"http://schemas.microsoft.com/win/2004/08/events/event\"},\"System\":{\"Provider\":{\"#attributes\":{\"Name\":\"Microsoft-Windows-Security-Auditing\",\"Guid\":\"54849625-5478-4994-A5BA-3E3B0328C30D\"}},\"EventID\":4737,\"Version\":0,\"Level\":0,\"Task\":13826,\"Opcode\":0,\"Keywords\":\"0x8020000000000000\",\"TimeCreated\":{\"#attributes\":{\"SystemTime\":\"2022-02-07T10:54:42.121333Z\"}},\"EventRecordID\":275,\"Correlation\":{\"#attributes\":{\"ActivityID\":\"0D035F51-1C11-0000-5660-030D111CD801\"}},\"Execution\":{\"#attributes\":{\"ProcessID\":628,\"ThreadID\":684}},\"Channel\":\"Security\",\"Computer\":\"DESKTOP-A8CALR3\",\"Security\":null},\"EventData\":{\"TargetUserName\":\"None\",\"TargetDomainName\":\"DESKTOP-A8CALR3\",\"TargetSid\":\"S-1-5-21-1402826787-2759305201-2932496751-513\",\"SubjectUserSid\":\"S-1-5-18\",\"SubjectUserName\":\"WIN-VR474TJ38H3$\",\"SubjectDomainName\":\"WORKGROUP\",\"SubjectLogonId\":\"0x3e7\",\"PrivilegeList\":\"-\",\"SamAccountName\":\"-\",\"SidHistory\":\"-\"}}}",
  "xml_fields": {
    "provider": "Microsoft-Windows-Security-Auditing",
    "event_id": "4737",
    "timestamp": "2022-02-07T10:54:42.121333Z",
    "event_record_id": "275",
    "level": "0",
    "task": "13826",
    "opcode": "0",
    "keywords": "0x8020000000000000",
    "channel": "Security",
    "computer": "DESKTOP-A8CALR3",
    "TargetUserName": "None",
    "TargetDomainName": "DESKTOP-A8CALR3",
    "TargetSid": "S-1-5-21-1402826787-2759305201-2932496751-513",
    "SubjectUserSid": "S-1-5-18",
    "SubjectUserName": "WIN-VR474TJ38H3$",
    "SubjectDomainName": "WORKGROUP",
    "SubjectLogonId": "0x3e7",
    "PrivilegeList": "-",
    "SamAccountName": "-",
    "SidHistory": "-"
  },
  "json_fields": {
    "provider": "Microsoft-Windows-Security-Auditing",
    "channel": "Security",
    "event_id": "4737",
    "timestamp": "2022-02-07T10:54:42.121333Z",
    "event_record_id": "275",
    "level": "0",
    "task": "13826",
    "opcode": "0",
    "keywords": "0x8020000000000000",
    "computer": "DESKTOP-A8CALR3",
    "TargetUserName": "None",
    "TargetDomainName": "DESKTOP-A8CALR3",
    "TargetSid": "S-1-5-21-1402826787-2759305201-2932496751-513",
    "SubjectUserSid": "S-1-5-18",
    "SubjectUserName": "WIN-VR474TJ38H3$",
    "SubjectDomainName": "WORKGROUP",
    "SubjectLogonId": "0x3e7",
    "PrivilegeList": "-",
    "SamAccountName": "-",
    "SidHistory": "-"
  }
}