{
  "event_id": "4738",
  "provider": "Microsoft-Windows-Security-Auditing",
  "channel": "Security",
  "source_file": "D:\\visual code file\\Project_4\\Event-Analyzer\\test\\Malicious\\EVTX-to-MITRE-Attack-master\\TA0003-Persistence\\T1098.xxx-Account manipulation\\ID4724-5145-password reset with setNTLM (Mimikatz).evtx",
  "event_record_id": 7,
  "xml": "<?xml version=\"1.0\" encoding=\"utf-8\"?>\n<Event xmlns=\"http://schemas.microsoft.com/win/2004/08/events/event\">\n  <System>\n    <Provider Name=\"Microsoft-Windows-Security-Auditing\" Guid=\"54849625-5478-4994-A5BA-3E3B0328C30D\">\n    </Provider>\n    <EventID>4738</EventID>\n    <Version>0</Version>\n    <Level>0</Level>\n    <Task>13824</Task>\n    <Opcode>0</Opcode>\n    <Keywords>0x8020000000000000</Keywords>\n    <TimeCreated SystemTime=\"2021-12-04T22:09:13.680793Z\">\n    </TimeCreated>\n    <EventRecordID>233280000</EventRecordID>\n    <Correlation ActivityID=\"D96638DA-E4F9-0001-F038-66D9F9E4D701\">\n    </Correlation>\n    <Execution ProcessID=\"596\" ThreadID=\"4780\">\n    </Execution>\n    <Channel>Security</Channel>\n    <Computer>rootdc1.offsec.lan</Computer>\n    <Security>\n    </Security>\n  </System>\n  <EventData>\n    <Data Name=\"Dummy\">-</Data>\n    <Data Name=\"TargetUserName\">hacker2</Data>\n    <Data Name=\"TargetDomainName\">OFFSEC</Data>\n    <Data Name=\"TargetSid\">S-1-5-21-4230534742-2542757381-3142984815-1242</Data>\n    <Data Name=\"SubjectUserSid\">S-1-5-21-4230534742-2542757381-3142984815-1111</Data>\n    <Data Name=\"SubjectUserName\">admmig</Data>\n    <Data Name=\"SubjectDomainName\">OFFSEC</Data>\n    <Data Name=\"SubjectLogonId\">0x10e6e8ef8</Data>\n    <Data Name=\"PrivilegeList\">-</Data>\n    <Data Name=\"SamAccountName\">-</Data>\n    <Data Name=\"DisplayName\">-</Data>\n    <Data Name=\"UserPrincipalName\">-</Data>\n    <Data Name=\"HomeDirectory\">-</Data>\n    <Data Name=\"HomePath\">-</Data>\n    <Data Name=\"ScriptPath\">-</Data>\n    <Data Name=\"ProfilePath\">-</Data>\n    <Data Name=\"UserWorkstations\">-</Data>\n    <Data Name=\"PasswordLastSet\">12/4/2021 10:09:13 PM</Data>\n    <Data Name=\"AccountExpires\">-</Data>\n    <Data Name=\"PrimaryGroupId\">-</Data>\n    <Data Name=\"AllowedToDelegateTo\">-</Data>\n    <Data Name=\"OldUacValue\">-</Data>\n    <Data Name=\"NewUacValue\">-</Data>\n    <Data Name=\"UserAccountControl\">-</Data>\n    <Data Name=\"UserParameters\">-</Data>\n    <Data Name=\"SidHistory\">-</Data>\n    <Data Name=\"LogonHours\">-</Data>\n  </EventData>\n</Event>\n",
  "json": "{\"Event\":{\"#attributes\":{\"xmlns\":\"http://schemas.microsoft.com/win/2004/08/events/event\"},\"System\":{\"Provider\":{\"#attributes\":{\"Name\":\"Microsoft-Windows-Security-Auditing\",\"Guid\":\"54849625-5478-4994-A5BA-3E3B0328C30D\"}},\"EventID\":4738,\"Version\":0,\"Level\":0,\"Task\":13824,\"Opcode\":0,\"Keywords\":\"0x8020000000000000\",\"TimeCreated\":{\"#attributes\":{\"SystemTime\":\"2021-12-04T22:09:13.680793Z\"}},\"EventRecordID\":233280000,\"Correlation\":{\"#attributes\":{\"ActivityID\":\"D96638DA-E4F9-0001-F038-66D9F9E4D701\"}},\"Execution\":{\"#attributes\":{\"ProcessID\":596,\"ThreadID\":4780}},\"Channel\":\"Security\",\"Computer\":\"rootdc1.offsec.lan\",\"Security\":null},\"EventData\":{\"Dummy\":\"-\",\"TargetUserName\":\"hacker2\",\"TargetDomainName\":\"OFFSEC\",\"TargetSid\":\"S-1-5-21-4230534742-2542757381-3142984815-1242\",\"SubjectUserSid\":\"S-1-5-21-4230534742-2542757381-3142984815-1111\",\"SubjectUserName\":\"admmig\",\"SubjectDomainName\":\"OFFSEC\",\"SubjectLogonId\":\"0x10e6e8ef8\",\"PrivilegeList\":\"-\",\"SamAccountName\":\"-\",\"DisplayName\":\"-\",\"UserPrincipalName\":\"-\",\"HomeDirectory\":\"-\",\"HomePath\":\"-\",\"ScriptPath\":\"-\",\"ProfilePath\":\"-\",\"UserWorkstations\":\"-\",\"PasswordLastSet\":\"12/4/2021 10:09:13 PM\",\"AccountExpires\":\"-\",\"PrimaryGroupId\":\"-\",\"AllowedToDelegateTo\":\"-\",\"OldUacValue\":\"-\",\"NewUacValue\":\"-\",\"UserAccountControl\":\"-\",\"UserParameters\":\"-\",\"SidHistory\":\"-\",\"LogonHours\":\"-\"}}}",
  "xml_fields": {
    "provider": "Microsoft-Windows-Security-Auditing",
    "event_id": "4738",
    "timestamp": "2021-12-04T22:09:13.680793Z",
    "event_record_id": "233280000",
    "level": "0",
    "task": "13824",
    "opcode": "0",
    "keywords": "0x8020000000000000",
    "channel": "Security",
    "computer": "rootdc1.offsec.lan",
    "Dummy": "-",
    "TargetUserName": "hacker2",
    "TargetDomainName": "OFFSEC",
    "TargetSid": "S-1-5-21-4230534742-2542757381-3142984815-1242",
    "SubjectUserSid": "S-1-5-21-4230534742-2542757381-3142984815-1111",
    "SubjectUserName": "admmig",
    "SubjectDomainName": "OFFSEC",
    "SubjectLogonId": "0x10e6e8ef8",
    "PrivilegeList": "-",
    "SamAccountName": "-",
    "DisplayName": "-",
    "UserPrincipalName": "-",
    "HomeDirectory": "-",
    "HomePath": "-",
    "ScriptPath": "-",
    "ProfilePath": "-",
    "UserWorkstations": "-",
    "PasswordLastSet": "12/4/2021 10:09:13 PM",
    "AccountExpires": "-",
    "PrimaryGroupId": "-",
    "AllowedToDelegateTo": "-",
    "OldUacValue": "-",
    "NewUacValue": "-",
    "UserAccountControl": "-",
    "UserParameters": "-",
    "SidHistory": "-",
    "LogonHours": "-"
  },
  "json_fields": {
    "provider": "Microsoft-Windows-Security-Auditing",
    "channel": "Security",
    "event_id": "4738",
    "timestamp": "2021-12-04T22:09:13.680793Z",
    "event_record_id": "233280000",
    "level": "0",
    "task": "13824",
    "opcode": "0",
    "keywords": "0x8020000000000000",
    "computer": "rootdc1.offsec.lan",
    "Dummy": "-",
    "TargetUserName": "hacker2",
    "TargetDomainName": "OFFSEC",
    "TargetSid": "S-1-5-21-4230534742-2542757381-3142984815-1242",
    "SubjectUserSid": "S-1-5-21-4230534742-2542757381-3142984815-1111",
    "SubjectUserName": "admmig",
    "SubjectDomainName": "OFFSEC",
    "SubjectLogonId": "0x10e6e8ef8",
    "PrivilegeList": "-",
    "SamAccountName": "-",
    "DisplayName": "-",
    "UserPrincipalName": "-",
    "HomeDirectory": "-",
    "HomePath": "-",
    "ScriptPath": "-",
    "ProfilePath": "-",
    "UserWorkstations": "-",
    "PasswordLastSet": "12/4/2021 10:09:13 PM",
    "AccountExpires": "-",
    "PrimaryGroupId": "-",
    "AllowedToDelegateTo": "-",
    "OldUacValue": "-",
    "NewUacValue": "-",
    "UserAccountControl": "-",
    "UserParameters": "-",
    "SidHistory": "-",
    "LogonHours": "-"
  }
}