{
  "event_id": "4739",
  "provider": "Microsoft-Windows-Security-Auditing",
  "channel": "Security",
  "source_file": "D:\\visual code file\\Project_4\\Event-Analyzer\\test\\Malicious\\EVTX-to-MITRE-Attack-master\\TA0005-Defense Evasion\\T1562.002-Disable Windows Event Logging\\ID4739-Domain policy changed by non system account.evtx",
  "event_record_id": 1,
  "xml": "<?xml version=\"1.0\" encoding=\"utf-8\"?>\n<Event xmlns=\"http://schemas.microsoft.com/win/2004/08/events/event\">\n  <System>\n    <Provider Name=\"Microsoft-Windows-Security-Auditing\" Guid=\"54849625-5478-4994-A5BA-3E3B0328C30D\">\n    </Provider>\n    <EventID>4739</EventID>\n    <Version>0</Version>\n    <Level>0</Level>\n    <Task>13569</Task>\n    <Opcode>0</Opcode>\n    <Keywords>0x8020000000000000</Keywords>\n    <TimeCreated SystemTime=\"2020-08-02T11:04:58.074523Z\">\n    </TimeCreated>\n    <EventRecordID>24468054</EventRecordID>\n    <Correlation>\n    </Correlation>\n    <Execution ProcessID=\"516\" ThreadID=\"5264\">\n    </Execution>\n    <Channel>Security</Channel>\n    <Computer>rootdc1.offsec.lan</Computer>\n    <Security>\n    </Security>\n  </System>\n  <EventData>\n    <Data Name=\"DomainPolicyChanged\">-</Data>\n    <Data Name=\"DomainName\">OFFSEC</Data>\n    <Data Name=\"DomainSid\">S-1-5-21-4230534742-2542757381-3142984815</Data>\n    <Data Name=\"SubjectUserSid\">S-1-5-21-4230534742-2542757381-3142984815-1111</Data>\n    <Data Name=\"SubjectUserName\">admmig</Data>\n    <Data Name=\"SubjectDomainName\">OFFSEC</Data>\n    <Data Name=\"SubjectLogonId\">0x11ae95bf</Data>\n    <Data Name=\"PrivilegeList\">-</Data>\n    <Data Name=\"MinPasswordAge\">-</Data>\n    <Data Name=\"MaxPasswordAge\">-</Data>\n    <Data Name=\"ForceLogoff\">-</Data>\n    <Data Name=\"LockoutThreshold\">-</Data>\n    <Data Name=\"LockoutObservationWindow\">-</Data>\n    <Data Name=\"LockoutDuration\">-</Data>\n    <Data Name=\"PasswordProperties\">-</Data>\n    <Data Name=\"MinPasswordLength\">-</Data>\n    <Data Name=\"PasswordHistoryLength\">-</Data>\n    <Data Name=\"MachineAccountQuota\">-</Data>\n    <Data Name=\"MixedDomainMode\">-</Data>\n    <Data Name=\"DomainBehaviorVersion\">-</Data>\n    <Data Name=\"OemInformation\">-</Data>\n  </EventData>\n</Event>\n",
  "json": "{\"Event\":{\"#attributes\":{\"xmlns\":\"http://schemas.microsoft.com/win/2004/08/events/event\"},\"System\":{\"Provider\":{\"#attributes\":{\"Name\":\"Microsoft-Windows-Security-Auditing\",\"Guid\":\"54849625-5478-4994-A5BA-3E3B0328C30D\"}},\"EventID\":4739,\"Version\":0,\"Level\":0,\"Task\":13569,\"Opcode\":0,\"Keywords\":\"0x8020000000000000\",\"TimeCreated\":{\"#attributes\":{\"SystemTime\":\"2020-08-02T11:04:58.074523Z\"}},\"EventRecordID\":24468054,\"Correlation\":null,\"Execution\":{\"#attributes\":{\"ProcessID\":516,\"ThreadID\":5264}},\"Channel\":\"Security\",\"Computer\":\"rootdc1.offsec.lan\",\"Security\":null},\"EventData\":{\"DomainPolicyChanged\":\"-\",\"DomainName\":\"OFFSEC\",\"DomainSid\":\"S-1-5-21-4230534742-2542757381-3142984815\",\"SubjectUserSid\":\"S-1-5-21-4230534742-2542757381-3142984815-1111\",\"SubjectUserName\":\"admmig\",\"SubjectDomainName\":\"OFFSEC\",\"SubjectLogonId\":\"0x11ae95bf\",\"PrivilegeList\":\"-\",\"MinPasswordAge\":\"-\",\"MaxPasswordAge\":\"-\",\"ForceLogoff\":\"-\",\"LockoutThreshold\":\"-\",\"LockoutObservationWindow\":\"-\",\"LockoutDuration\":\"-\",\"PasswordProperties\":\"-\",\"MinPasswordLength\":\"-\",\"PasswordHistoryLength\":\"-\",\"MachineAccountQuota\":\"-\",\"MixedDomainMode\":\"-\",\"DomainBehaviorVersion\":\"-\",\"OemInformation\":\"-\"}}}",
  "xml_fields": {
    "provider": "Microsoft-Windows-Security-Auditing",
    "event_id": "4739",
    "timestamp": "2020-08-02T11:04:58.074523Z",
    "event_record_id": "24468054",
    "level": "0",
    "task": "13569",
    "opcode": "0",
    "keywords": "0x8020000000000000",
    "channel": "Security",
    "computer": "rootdc1.offsec.lan",
    "DomainPolicyChanged": "-",
    "DomainName": "OFFSEC",
    "DomainSid": "S-1-5-21-4230534742-2542757381-3142984815",
    "SubjectUserSid": "S-1-5-21-4230534742-2542757381-3142984815-1111",
    "SubjectUserName": "admmig",
    "SubjectDomainName": "OFFSEC",
    "SubjectLogonId": "0x11ae95bf",
    "PrivilegeList": "-",
    "MinPasswordAge": "-",
    "MaxPasswordAge": "-",
    "ForceLogoff": "-",
    "LockoutThreshold": "-",
    "LockoutObservationWindow": "-",
    "LockoutDuration": "-",
    "PasswordProperties": "-",
    "MinPasswordLength": "-",
    "PasswordHistoryLength": "-",
    "MachineAccountQuota": "-",
    "MixedDomainMode": "-",
    "DomainBehaviorVersion": "-",
    "OemInformation": "-"
  },
  "json_fields": {
    "provider": "Microsoft-Windows-Security-Auditing",
    "channel": "Security",
    "event_id": "4739",
    "timestamp": "2020-08-02T11:04:58.074523Z",
    "event_record_id": "24468054",
    "level": "0",
    "task": "13569",
    "opcode": "0",
    "keywords": "0x8020000000000000",
    "computer": "rootdc1.offsec.lan",
    "DomainPolicyChanged": "-",
    "DomainName": "OFFSEC",
    "DomainSid": "S-1-5-21-4230534742-2542757381-3142984815",
    "SubjectUserSid": "S-1-5-21-4230534742-2542757381-3142984815-1111",
    "SubjectUserName": "admmig",
    "SubjectDomainName": "OFFSEC",
    "SubjectLogonId": "0x11ae95bf",
    "PrivilegeList": "-",
    "MinPasswordAge": "-",
    "MaxPasswordAge": "-",
    "ForceLogoff": "-",
    "LockoutThreshold": "-",
    "LockoutObservationWindow": "-",
    "LockoutDuration": "-",
    "PasswordProperties": "-",
    "MinPasswordLength": "-",
    "PasswordHistoryLength": "-",
    "MachineAccountQuota": "-",
    "MixedDomainMode": "-",
    "DomainBehaviorVersion": "-",
    "OemInformation": "-"
  }
}