{
  "event_id": "4741",
  "provider": "Microsoft-Windows-Security-Auditing",
  "channel": "Security",
  "source_file": "D:\\visual code file\\Project_4\\Event-Analyzer\\test\\Malicious\\EVTX-to-MITRE-Attack-master\\EVTX_full_APT_attack_steps\\ID47x,4661-4662,5136,4688,4697-SAM the admin (CVE-2021-42287).evtx",
  "event_record_id": 10,
  "xml": "<?xml version=\"1.0\" encoding=\"utf-8\"?>\n<Event xmlns=\"http://schemas.microsoft.com/win/2004/08/events/event\">\n  <System>\n    <Provider Name=\"Microsoft-Windows-Security-Auditing\" Guid=\"54849625-5478-4994-A5BA-3E3B0328C30D\">\n    </Provider>\n    <EventID>4741</EventID>\n    <Version>0</Version>\n    <Level>0</Level>\n    <Task>13825</Task>\n    <Opcode>0</Opcode>\n    <Keywords>0x8020000000000000</Keywords>\n    <TimeCreated SystemTime=\"2021-12-14T14:42:48.817933Z\">\n    </TimeCreated>\n    <EventRecordID>237294524</EventRecordID>\n    <Correlation>\n    </Correlation>\n    <Execution ProcessID=\"596\" ThreadID=\"4588\">\n    </Execution>\n    <Channel>Security</Channel>\n    <Computer>rootdc1.offsec.lan</Computer>\n    <Security>\n    </Security>\n  </System>\n  <EventData>\n    <Data Name=\"TargetUserName\">compnay-88$</Data>\n    <Data Name=\"TargetDomainName\">OFFSEC</Data>\n    <Data Name=\"TargetSid\">S-1-5-21-4230534742-2542757381-3142984815-1296</Data>\n    <Data Name=\"SubjectUserSid\">S-1-5-21-4230534742-2542757381-3142984815-1234</Data>\n    <Data Name=\"SubjectUserName\">hack1</Data>\n    <Data Name=\"SubjectDomainName\">OFFSEC</Data>\n    <Data Name=\"SubjectLogonId\">0x308fb82ad</Data>\n    <Data Name=\"PrivilegeList\">SeMachineAccountPrivilege</Data>\n    <Data Name=\"SamAccountName\">compnay-88$</Data>\n    <Data Name=\"DisplayName\">%%1793</Data>\n    <Data Name=\"UserPrincipalName\">-</Data>\n    <Data Name=\"HomeDirectory\">%%1793</Data>\n    <Data Name=\"HomePath\">%%1793</Data>\n    <Data Name=\"ScriptPath\">%%1793</Data>\n    <Data Name=\"ProfilePath\">%%1793</Data>\n    <Data Name=\"UserWorkstations\">%%1793</Data>\n    <Data Name=\"PasswordLastSet\">%%1794</Data>\n    <Data Name=\"AccountExpires\">%%1794</Data>\n    <Data Name=\"PrimaryGroupId\">515</Data>\n    <Data Name=\"AllowedToDelegateTo\">-</Data>\n    <Data Name=\"OldUacValue\">0x0</Data>\n    <Data Name=\"NewUacValue\">0x84</Data>\n    <Data Name=\"UserAccountControl\">\r\n\t\t%%2082\r\n\t\t%%2087</Data>\n    <Data Name=\"UserParameters\">%%1792</Data>\n    <Data Name=\"SidHistory\">-</Data>\n    <Data Name=\"LogonHours\">%%1793</Data>\n    <Data Name=\"DnsHostName\">-</Data>\n    <Data Name=\"ServicePrincipalNames\">-</Data>\n  </EventData>\n</Event>\n",
  "json": "{\"Event\":{\"#attributes\":{\"xmlns\":\"http://schemas.microsoft.com/win/2004/08/events/event\"},\"System\":{\"Provider\":{\"#attributes\":{\"Name\":\"Microsoft-Windows-Security-Auditing\",\"Guid\":\"54849625-5478-4994-A5BA-3E3B0328C30D\"}},\"EventID\":4741,\"Version\":0,\"Level\":0,\"Task\":13825,\"Opcode\":0,\"Keywords\":\"0x8020000000000000\",\"TimeCreated\":{\"#attributes\":{\"SystemTime\":\"2021-12-14T14:42:48.817933Z\"}},\"EventRecordID\":237294524,\"Correlation\":null,\"Execution\":{\"#attributes\":{\"ProcessID\":596,\"ThreadID\":4588}},\"Channel\":\"Security\",\"Computer\":\"rootdc1.offsec.lan\",\"Security\":null},\"EventData\":{\"TargetUserName\":\"compnay-88$\",\"TargetDomainName\":\"OFFSEC\",\"TargetSid\":\"S-1-5-21-4230534742-2542757381-3142984815-1296\",\"SubjectUserSid\":\"S-1-5-21-4230534742-2542757381-3142984815-1234\",\"SubjectUserName\":\"hack1\",\"SubjectDomainName\":\"OFFSEC\",\"SubjectLogonId\":\"0x308fb82ad\",\"PrivilegeList\":\"SeMachineAccountPrivilege\",\"SamAccountName\":\"compnay-88$\",\"DisplayName\":\"%%1793\",\"UserPrincipalName\":\"-\",\"HomeDirectory\":\"%%1793\",\"HomePath\":\"%%1793\",\"ScriptPath\":\"%%1793\",\"ProfilePath\":\"%%1793\",\"UserWorkstations\":\"%%1793\",\"PasswordLastSet\":\"%%1794\",\"AccountExpires\":\"%%1794\",\"PrimaryGroupId\":\"515\",\"AllowedToDelegateTo\":\"-\",\"OldUacValue\":\"0x0\",\"NewUacValue\":\"0x84\",\"UserAccountControl\":\"\\r\\n\\t\\t%%2082\\r\\n\\t\\t%%2087\",\"UserParameters\":\"%%1792\",\"SidHistory\":\"-\",\"LogonHours\":\"%%1793\",\"DnsHostName\":\"-\",\"ServicePrincipalNames\":\"-\"}}}",
  "xml_fields": {
    "provider": "Microsoft-Windows-Security-Auditing",
    "event_id": "4741",
    "timestamp": "2021-12-14T14:42:48.817933Z",
    "event_record_id": "237294524",
    "level": "0",
    "task": "13825",
    "opcode": "0",
    "keywords": "0x8020000000000000",
    "channel": "Security",
    "computer": "rootdc1.offsec.lan",
    "TargetUserName": "compnay-88$",
    "TargetDomainName": "OFFSEC",
    "TargetSid": "S-1-5-21-4230534742-2542757381-3142984815-1296",
    "SubjectUserSid": "S-1-5-21-4230534742-2542757381-3142984815-1234",
    "SubjectUserName": "hack1",
    "SubjectDomainName": "OFFSEC",
    "SubjectLogonId": "0x308fb82ad",
    "PrivilegeList": "SeMachineAccountPrivilege",
    "SamAccountName": "compnay-88$",
    "DisplayName": "%%1793",
    "UserPrincipalName": "-",
    "HomeDirectory": "%%1793",
    "HomePath": "%%1793",
    "ScriptPath": "%%1793",
    "ProfilePath": "%%1793",
    "UserWorkstations": "%%1793",
    "PasswordLastSet": "%%1794",
    "AccountExpires": "%%1794",
    "PrimaryGroupId": "515",
    "AllowedToDelegateTo": "-",
    "OldUacValue": "0x0",
    "NewUacValue": "0x84",
    "UserAccountControl": "\n\t\t%%2082\n\t\t%%2087",
    "UserParameters": "%%1792",
    "SidHistory": "-",
    "LogonHours": "%%1793",
    "DnsHostName": "-",
    "ServicePrincipalNames": "-"
  },
  "json_fields": {
    "provider": "Microsoft-Windows-Security-Auditing",
    "channel": "Security",
    "event_id": "4741",
    "timestamp": "2021-12-14T14:42:48.817933Z",
    "event_record_id": "237294524",
    "level": "0",
    "task": "13825",
    "opcode": "0",
    "keywords": "0x8020000000000000",
    "computer": "rootdc1.offsec.lan",
    "TargetUserName": "compnay-88$",
    "TargetDomainName": "OFFSEC",
    "TargetSid": "S-1-5-21-4230534742-2542757381-3142984815-1296",
    "SubjectUserSid": "S-1-5-21-4230534742-2542757381-3142984815-1234",
    "SubjectUserName": "hack1",
    "SubjectDomainName": "OFFSEC",
    "SubjectLogonId": "0x308fb82ad",
    "PrivilegeList": "SeMachineAccountPrivilege",
    "SamAccountName": "compnay-88$",
    "DisplayName": "%%1793",
    "UserPrincipalName": "-",
    "HomeDirectory": "%%1793",
    "HomePath": "%%1793",
    "ScriptPath": "%%1793",
    "ProfilePath": "%%1793",
    "UserWorkstations": "%%1793",
    "PasswordLastSet": "%%1794",
    "AccountExpires": "%%1794",
    "PrimaryGroupId": "515",
    "AllowedToDelegateTo": "-",
    "OldUacValue": "0x0",
    "NewUacValue": "0x84",
    "UserAccountControl": "\r\n\t\t%%2082\r\n\t\t%%2087",
    "UserParameters": "%%1792",
    "SidHistory": "-",
    "LogonHours": "%%1793",
    "DnsHostName": "-",
    "ServicePrincipalNames": "-"
  }
}