{
  "event_id": "4742",
  "provider": "Microsoft-Windows-Security-Auditing",
  "channel": "Security",
  "source_file": "D:\\visual code file\\Project_4\\Event-Analyzer\\test\\Malicious\\EVTX-to-MITRE-Attack-master\\EVTX_full_APT_attack_steps\\ID4742,4935,4662,4661,5137-DCshadow attack (GLOBAL) failed.evtx",
  "event_record_id": 2,
  "xml": "<?xml version=\"1.0\" encoding=\"utf-8\"?>\n<Event xmlns=\"http://schemas.microsoft.com/win/2004/08/events/event\">\n  <System>\n    <Provider Name=\"Microsoft-Windows-Security-Auditing\" Guid=\"54849625-5478-4994-A5BA-3E3B0328C30D\">\n    </Provider>\n    <EventID>4742</EventID>\n    <Version>0</Version>\n    <Level>0</Level>\n    <Task>13825</Task>\n    <Opcode>0</Opcode>\n    <Keywords>0x8020000000000000</Keywords>\n    <TimeCreated SystemTime=\"2021-04-27T11:04:03.495868Z\">\n    </TimeCreated>\n    <EventRecordID>138520214</EventRecordID>\n    <Correlation>\n    </Correlation>\n    <Execution ProcessID=\"548\" ThreadID=\"6124\">\n    </Execution>\n    <Channel>Security</Channel>\n    <Computer>rootdc1.offsec.lan</Computer>\n    <Security>\n    </Security>\n  </System>\n  <EventData>\n    <Data Name=\"ComputerAccountChange\">-</Data>\n    <Data Name=\"TargetUserName\">JUMP01$</Data>\n    <Data Name=\"TargetDomainName\">OFFSEC</Data>\n    <Data Name=\"TargetSid\">S-1-5-21-4230534742-2542757381-3142984815-1106</Data>\n    <Data Name=\"SubjectUserSid\">S-1-5-21-4230534742-2542757381-3142984815-1111</Data>\n    <Data Name=\"SubjectUserName\">admmig</Data>\n    <Data Name=\"SubjectDomainName\">OFFSEC</Data>\n    <Data Name=\"SubjectLogonId\">0x31a24611</Data>\n    <Data Name=\"PrivilegeList\">-</Data>\n    <Data Name=\"SamAccountName\">-</Data>\n    <Data Name=\"DisplayName\">-</Data>\n    <Data Name=\"UserPrincipalName\">-</Data>\n    <Data Name=\"HomeDirectory\">-</Data>\n    <Data Name=\"HomePath\">-</Data>\n    <Data Name=\"ScriptPath\">-</Data>\n    <Data Name=\"ProfilePath\">-</Data>\n    <Data Name=\"UserWorkstations\">-</Data>\n    <Data Name=\"PasswordLastSet\">-</Data>\n    <Data Name=\"AccountExpires\">-</Data>\n    <Data Name=\"PrimaryGroupId\">-</Data>\n    <Data Name=\"AllowedToDelegateTo\">-</Data>\n    <Data Name=\"OldUacValue\">-</Data>\n    <Data Name=\"NewUacValue\">-</Data>\n    <Data Name=\"UserAccountControl\">-</Data>\n    <Data Name=\"UserParameters\">-</Data>\n    <Data Name=\"SidHistory\">-</Data>\n    <Data Name=\"LogonHours\">-</Data>\n    <Data Name=\"DnsHostName\">-</Data>\n    <Data Name=\"ServicePrincipalNames\">\r\n\t\tHOST/jump01.offsec.lan\r\n\t\tRestrictedKrbHost/jump01.offsec.lan\r\n\t\tHOST/JUMP01\r\n\t\tRestrictedKrbHost/JUMP01\r\n\t\tWSMAN/jump01.offsec.lan\r\n\t\tWSMAN/jump01\r\n\t\tTERMSRV/jump01.offsec.lan\r\n\t\tTERMSRV/JUMP01\r\n\t\tE3514235-4B06-11D1-AB04-00C04FC2DCD2/097b2e16-f2c3-44ef-b300-ec7e11e2a9f2/offsec.lan\r\n\t\tE3514235-4B06-11D1-AB04-00C04FC2DCD2/1c0d8021-150e-4ad0-9d64-93a88c51795b/offsec.lan\r\n\t\tGC/jump01.offsec.lan/offsec.lan</Data>\n  </EventData>\n</Event>\n",
  "json": "{\"Event\":{\"#attributes\":{\"xmlns\":\"http://schemas.microsoft.com/win/2004/08/events/event\"},\"System\":{\"Provider\":{\"#attributes\":{\"Name\":\"Microsoft-Windows-Security-Auditing\",\"Guid\":\"54849625-5478-4994-A5BA-3E3B0328C30D\"}},\"EventID\":4742,\"Version\":0,\"Level\":0,\"Task\":13825,\"Opcode\":0,\"Keywords\":\"0x8020000000000000\",\"TimeCreated\":{\"#attributes\":{\"SystemTime\":\"2021-04-27T11:04:03.495868Z\"}},\"EventRecordID\":138520214,\"Correlation\":null,\"Execution\":{\"#attributes\":{\"ProcessID\":548,\"ThreadID\":6124}},\"Channel\":\"Security\",\"Computer\":\"rootdc1.offsec.lan\",\"Security\":null},\"EventData\":{\"ComputerAccountChange\":\"-\",\"TargetUserName\":\"JUMP01$\",\"TargetDomainName\":\"OFFSEC\",\"TargetSid\":\"S-1-5-21-4230534742-2542757381-3142984815-1106\",\"SubjectUserSid\":\"S-1-5-21-4230534742-2542757381-3142984815-1111\",\"SubjectUserName\":\"admmig\",\"SubjectDomainName\":\"OFFSEC\",\"SubjectLogonId\":\"0x31a24611\",\"PrivilegeList\":\"-\",\"SamAccountName\":\"-\",\"DisplayName\":\"-\",\"UserPrincipalName\":\"-\",\"HomeDirectory\":\"-\",\"HomePath\":\"-\",\"ScriptPath\":\"-\",\"ProfilePath\":\"-\",\"UserWorkstations\":\"-\",\"PasswordLastSet\":\"-\",\"AccountExpires\":\"-\",\"PrimaryGroupId\":\"-\",\"AllowedToDelegateTo\":\"-\",\"OldUacValue\":\"-\",\"NewUacValue\":\"-\",\"UserAccountControl\":\"-\",\"UserParameters\":\"-\",\"SidHistory\":\"-\",\"LogonHours\":\"-\",\"DnsHostName\":\"-\",\"ServicePrincipalNames\":\"\\r\\n\\t\\tHOST/jump01.offsec.lan\\r\\n\\t\\tRestrictedKrbHost/jump01.offsec.lan\\r\\n\\t\\tHOST/JUMP01\\r\\n\\t\\tRestrictedKrbHost/JUMP01\\r\\n\\t\\tWSMAN/jump01.offsec.lan\\r\\n\\t\\tWSMAN/jump01\\r\\n\\t\\tTERMSRV/jump01.offsec.lan\\r\\n\\t\\tTERMSRV/JUMP01\\r\\n\\t\\tE3514235-4B06-11D1-AB04-00C04FC2DCD2/097b2e16-f2c3-44ef-b300-ec7e11e2a9f2/offsec.lan\\r\\n\\t\\tE3514235-4B06-11D1-AB04-00C04FC2DCD2/1c0d8021-150e-4ad0-9d64-93a88c51795b/offsec.lan\\r\\n\\t\\tGC/jump01.offsec.lan/offsec.lan\"}}}",
  "xml_fields": {
    "provider": "Microsoft-Windows-Security-Auditing",
    "event_id": "4742",
    "timestamp": "2021-04-27T11:04:03.495868Z",
    "event_record_id": "138520214",
    "level": "0",
    "task": "13825",
    "opcode": "0",
    "keywords": "0x8020000000000000",
    "channel": "Security",
    "computer": "rootdc1.offsec.lan",
    "ComputerAccountChange": "-",
    "TargetUserName": "JUMP01$",
    "TargetDomainName": "OFFSEC",
    "TargetSid": "S-1-5-21-4230534742-2542757381-3142984815-1106",
    "SubjectUserSid": "S-1-5-21-4230534742-2542757381-3142984815-1111",
    "SubjectUserName": "admmig",
    "SubjectDomainName": "OFFSEC",
    "SubjectLogonId": "0x31a24611",
    "PrivilegeList": "-",
    "SamAccountName": "-",
    "DisplayName": "-",
    "UserPrincipalName": "-",
    "HomeDirectory": "-",
    "HomePath": "-",
    "ScriptPath": "-",
    "ProfilePath": "-",
    "UserWorkstations": "-",
    "PasswordLastSet": "-",
    "AccountExpires": "-",
    "PrimaryGroupId": "-",
    "AllowedToDelegateTo": "-",
    "OldUacValue": "-",
    "NewUacValue": "-",
    "UserAccountControl": "-",
    "UserParameters": "-",
    "SidHistory": "-",
    "LogonHours": "-",
    "DnsHostName": "-",
    "ServicePrincipalNames": "\n\t\tHOST/jump01.offsec.lan\n\t\tRestrictedKrbHost/jump01.offsec.lan\n\t\tHOST/JUMP01\n\t\tRestrictedKrbHost/JUMP01\n\t\tWSMAN/jump01.offsec.lan\n\t\tWSMAN/jump01\n\t\tTERMSRV/jump01.offsec.lan\n\t\tTERMSRV/JUMP01\n\t\tE3514235-4B06-11D1-AB04-00C04FC2DCD2/097b2e16-f2c3-44ef-b300-ec7e11e2a9f2/offsec.lan\n\t\tE3514235-4B06-11D1-AB04-00C04FC2DCD2/1c0d8021-150e-4ad0-9d64-93a88c51795b/offsec.lan\n\t\tGC/jump01.offsec.lan/offsec.lan"
  },
  "json_fields": {
    "provider": "Microsoft-Windows-Security-Auditing",
    "channel": "Security",
    "event_id": "4742",
    "timestamp": "2021-04-27T11:04:03.495868Z",
    "event_record_id": "138520214",
    "level": "0",
    "task": "13825",
    "opcode": "0",
    "keywords": "0x8020000000000000",
    "computer": "rootdc1.offsec.lan",
    "ComputerAccountChange": "-",
    "TargetUserName": "JUMP01$",
    "TargetDomainName": "OFFSEC",
    "TargetSid": "S-1-5-21-4230534742-2542757381-3142984815-1106",
    "SubjectUserSid": "S-1-5-21-4230534742-2542757381-3142984815-1111",
    "SubjectUserName": "admmig",
    "SubjectDomainName": "OFFSEC",
    "SubjectLogonId": "0x31a24611",
    "PrivilegeList": "-",
    "SamAccountName": "-",
    "DisplayName": "-",
    "UserPrincipalName": "-",
    "HomeDirectory": "-",
    "HomePath": "-",
    "ScriptPath": "-",
    "ProfilePath": "-",
    "UserWorkstations": "-",
    "PasswordLastSet": "-",
    "AccountExpires": "-",
    "PrimaryGroupId": "-",
    "AllowedToDelegateTo": "-",
    "OldUacValue": "-",
    "NewUacValue": "-",
    "UserAccountControl": "-",
    "UserParameters": "-",
    "SidHistory": "-",
    "LogonHours": "-",
    "DnsHostName": "-",
    "ServicePrincipalNames": "\r\n\t\tHOST/jump01.offsec.lan\r\n\t\tRestrictedKrbHost/jump01.offsec.lan\r\n\t\tHOST/JUMP01\r\n\t\tRestrictedKrbHost/JUMP01\r\n\t\tWSMAN/jump01.offsec.lan\r\n\t\tWSMAN/jump01\r\n\t\tTERMSRV/jump01.offsec.lan\r\n\t\tTERMSRV/JUMP01\r\n\t\tE3514235-4B06-11D1-AB04-00C04FC2DCD2/097b2e16-f2c3-44ef-b300-ec7e11e2a9f2/offsec.lan\r\n\t\tE3514235-4B06-11D1-AB04-00C04FC2DCD2/1c0d8021-150e-4ad0-9d64-93a88c51795b/offsec.lan\r\n\t\tGC/jump01.offsec.lan/offsec.lan"
  }
}