{
  "event_id": "4743",
  "provider": "Microsoft-Windows-Security-Auditing",
  "channel": "Security",
  "source_file": "D:\\visual code file\\Project_4\\Event-Analyzer\\test\\Malicious\\EVTX-to-MITRE-Attack-master\\TA0003-Persistence\\T1136-Create account\\ID4742-4743-Fast created & deleted computer account.evtx",
  "event_record_id": 3,
  "xml": "<?xml version=\"1.0\" encoding=\"utf-8\"?>\n<Event xmlns=\"http://schemas.microsoft.com/win/2004/08/events/event\">\n  <System>\n    <Provider Name=\"Microsoft-Windows-Security-Auditing\" Guid=\"54849625-5478-4994-A5BA-3E3B0328C30D\">\n    </Provider>\n    <EventID>4743</EventID>\n    <Version>0</Version>\n    <Level>0</Level>\n    <Task>13825</Task>\n    <Opcode>0</Opcode>\n    <Keywords>0x8020000000000000</Keywords>\n    <TimeCreated SystemTime=\"2020-07-12T19:36:44.227880Z\">\n    </TimeCreated>\n    <EventRecordID>16334944</EventRecordID>\n    <Correlation>\n    </Correlation>\n    <Execution ProcessID=\"528\" ThreadID=\"3156\">\n    </Execution>\n    <Channel>Security</Channel>\n    <Computer>rootdc1.offsec.lan</Computer>\n    <Security>\n    </Security>\n  </System>\n  <EventData>\n    <Data Name=\"TargetUserName\">HIDDEN-PC$</Data>\n    <Data Name=\"TargetDomainName\">OFFSEC</Data>\n    <Data Name=\"TargetSid\">S-1-5-21-4230534742-2542757381-3142984815-1167</Data>\n    <Data Name=\"SubjectUserSid\">S-1-5-21-4230534742-2542757381-3142984815-1158</Data>\n    <Data Name=\"SubjectUserName\">lambda-user</Data>\n    <Data Name=\"SubjectDomainName\">OFFSEC</Data>\n    <Data Name=\"SubjectLogonId\">0x87e482b</Data>\n    <Data Name=\"PrivilegeList\">-</Data>\n  </EventData>\n</Event>\n",
  "json": "{\"Event\":{\"#attributes\":{\"xmlns\":\"http://schemas.microsoft.com/win/2004/08/events/event\"},\"System\":{\"Provider\":{\"#attributes\":{\"Name\":\"Microsoft-Windows-Security-Auditing\",\"Guid\":\"54849625-5478-4994-A5BA-3E3B0328C30D\"}},\"EventID\":4743,\"Version\":0,\"Level\":0,\"Task\":13825,\"Opcode\":0,\"Keywords\":\"0x8020000000000000\",\"TimeCreated\":{\"#attributes\":{\"SystemTime\":\"2020-07-12T19:36:44.227880Z\"}},\"EventRecordID\":16334944,\"Correlation\":null,\"Execution\":{\"#attributes\":{\"ProcessID\":528,\"ThreadID\":3156}},\"Channel\":\"Security\",\"Computer\":\"rootdc1.offsec.lan\",\"Security\":null},\"EventData\":{\"TargetUserName\":\"HIDDEN-PC$\",\"TargetDomainName\":\"OFFSEC\",\"TargetSid\":\"S-1-5-21-4230534742-2542757381-3142984815-1167\",\"SubjectUserSid\":\"S-1-5-21-4230534742-2542757381-3142984815-1158\",\"SubjectUserName\":\"lambda-user\",\"SubjectDomainName\":\"OFFSEC\",\"SubjectLogonId\":\"0x87e482b\",\"PrivilegeList\":\"-\"}}}",
  "xml_fields": {
    "provider": "Microsoft-Windows-Security-Auditing",
    "event_id": "4743",
    "timestamp": "2020-07-12T19:36:44.227880Z",
    "event_record_id": "16334944",
    "level": "0",
    "task": "13825",
    "opcode": "0",
    "keywords": "0x8020000000000000",
    "channel": "Security",
    "computer": "rootdc1.offsec.lan",
    "TargetUserName": "HIDDEN-PC$",
    "TargetDomainName": "OFFSEC",
    "TargetSid": "S-1-5-21-4230534742-2542757381-3142984815-1167",
    "SubjectUserSid": "S-1-5-21-4230534742-2542757381-3142984815-1158",
    "SubjectUserName": "lambda-user",
    "SubjectDomainName": "OFFSEC",
    "SubjectLogonId": "0x87e482b",
    "PrivilegeList": "-"
  },
  "json_fields": {
    "provider": "Microsoft-Windows-Security-Auditing",
    "channel": "Security",
    "event_id": "4743",
    "timestamp": "2020-07-12T19:36:44.227880Z",
    "event_record_id": "16334944",
    "level": "0",
    "task": "13825",
    "opcode": "0",
    "keywords": "0x8020000000000000",
    "computer": "rootdc1.offsec.lan",
    "TargetUserName": "HIDDEN-PC$",
    "TargetDomainName": "OFFSEC",
    "TargetSid": "S-1-5-21-4230534742-2542757381-3142984815-1167",
    "SubjectUserSid": "S-1-5-21-4230534742-2542757381-3142984815-1158",
    "SubjectUserName": "lambda-user",
    "SubjectDomainName": "OFFSEC",
    "SubjectLogonId": "0x87e482b",
    "PrivilegeList": "-"
  }
}