{
  "event_id": "4756",
  "provider": "Microsoft-Windows-Security-Auditing",
  "channel": "Security",
  "source_file": "D:\\visual code file\\Project_4\\Event-Analyzer\\test\\Malicious\\EVTX-to-MITRE-Attack-master\\TA0006-Credential Access\\T1003-Credential dumping\\ID4756-Exchange critical group change (DCsync).evtx",
  "event_record_id": 1,
  "xml": "<?xml version=\"1.0\" encoding=\"utf-8\"?>\n<Event xmlns=\"http://schemas.microsoft.com/win/2004/08/events/event\">\n  <System>\n    <Provider Name=\"Microsoft-Windows-Security-Auditing\" Guid=\"54849625-5478-4994-A5BA-3E3B0328C30D\">\n    </Provider>\n    <EventID>4756</EventID>\n    <Version>0</Version>\n    <Level>0</Level>\n    <Task>13826</Task>\n    <Opcode>0</Opcode>\n    <Keywords>0x8020000000000000</Keywords>\n    <TimeCreated SystemTime=\"2021-02-02T15:41:44.651459Z\">\n    </TimeCreated>\n    <EventRecordID>102640504</EventRecordID>\n    <Correlation>\n    </Correlation>\n    <Execution ProcessID=\"556\" ThreadID=\"2088\">\n    </Execution>\n    <Channel>Security</Channel>\n    <Computer>rootdc1.offsec.lan</Computer>\n    <Security>\n    </Security>\n  </System>\n  <EventData>\n    <Data Name=\"MemberName\">CN=admin-hacker,OU=Test-OU,OU=OFFSEC-COMPANY,DC=offsec,DC=lan</Data>\n    <Data Name=\"MemberSid\">S-1-5-21-4230534742-2542757381-3142984815-1147</Data>\n    <Data Name=\"TargetUserName\">Exchange Servers</Data>\n    <Data Name=\"TargetDomainName\">OFFSEC</Data>\n    <Data Name=\"TargetSid\">S-1-5-21-4230534742-2542757381-3142984815-1204</Data>\n    <Data Name=\"SubjectUserSid\">S-1-5-21-4230534742-2542757381-3142984815-1111</Data>\n    <Data Name=\"SubjectUserName\">admmig</Data>\n    <Data Name=\"SubjectDomainName\">OFFSEC</Data>\n    <Data Name=\"SubjectLogonId\">0xc336506</Data>\n    <Data Name=\"PrivilegeList\">-</Data>\n  </EventData>\n</Event>\n",
  "json": "{\"Event\":{\"#attributes\":{\"xmlns\":\"http://schemas.microsoft.com/win/2004/08/events/event\"},\"System\":{\"Provider\":{\"#attributes\":{\"Name\":\"Microsoft-Windows-Security-Auditing\",\"Guid\":\"54849625-5478-4994-A5BA-3E3B0328C30D\"}},\"EventID\":4756,\"Version\":0,\"Level\":0,\"Task\":13826,\"Opcode\":0,\"Keywords\":\"0x8020000000000000\",\"TimeCreated\":{\"#attributes\":{\"SystemTime\":\"2021-02-02T15:41:44.651459Z\"}},\"EventRecordID\":102640504,\"Correlation\":null,\"Execution\":{\"#attributes\":{\"ProcessID\":556,\"ThreadID\":2088}},\"Channel\":\"Security\",\"Computer\":\"rootdc1.offsec.lan\",\"Security\":null},\"EventData\":{\"MemberName\":\"CN=admin-hacker,OU=Test-OU,OU=OFFSEC-COMPANY,DC=offsec,DC=lan\",\"MemberSid\":\"S-1-5-21-4230534742-2542757381-3142984815-1147\",\"TargetUserName\":\"Exchange Servers\",\"TargetDomainName\":\"OFFSEC\",\"TargetSid\":\"S-1-5-21-4230534742-2542757381-3142984815-1204\",\"SubjectUserSid\":\"S-1-5-21-4230534742-2542757381-3142984815-1111\",\"SubjectUserName\":\"admmig\",\"SubjectDomainName\":\"OFFSEC\",\"SubjectLogonId\":\"0xc336506\",\"PrivilegeList\":\"-\"}}}",
  "xml_fields": {
    "provider": "Microsoft-Windows-Security-Auditing",
    "event_id": "4756",
    "timestamp": "2021-02-02T15:41:44.651459Z",
    "event_record_id": "102640504",
    "level": "0",
    "task": "13826",
    "opcode": "0",
    "keywords": "0x8020000000000000",
    "channel": "Security",
    "computer": "rootdc1.offsec.lan",
    "MemberName": "CN=admin-hacker,OU=Test-OU,OU=OFFSEC-COMPANY,DC=offsec,DC=lan",
    "MemberSid": "S-1-5-21-4230534742-2542757381-3142984815-1147",
    "TargetUserName": "Exchange Servers",
    "TargetDomainName": "OFFSEC",
    "TargetSid": "S-1-5-21-4230534742-2542757381-3142984815-1204",
    "SubjectUserSid": "S-1-5-21-4230534742-2542757381-3142984815-1111",
    "SubjectUserName": "admmig",
    "SubjectDomainName": "OFFSEC",
    "SubjectLogonId": "0xc336506",
    "PrivilegeList": "-"
  },
  "json_fields": {
    "provider": "Microsoft-Windows-Security-Auditing",
    "channel": "Security",
    "event_id": "4756",
    "timestamp": "2021-02-02T15:41:44.651459Z",
    "event_record_id": "102640504",
    "level": "0",
    "task": "13826",
    "opcode": "0",
    "keywords": "0x8020000000000000",
    "computer": "rootdc1.offsec.lan",
    "MemberName": "CN=admin-hacker,OU=Test-OU,OU=OFFSEC-COMPANY,DC=offsec,DC=lan",
    "MemberSid": "S-1-5-21-4230534742-2542757381-3142984815-1147",
    "TargetUserName": "Exchange Servers",
    "TargetDomainName": "OFFSEC",
    "TargetSid": "S-1-5-21-4230534742-2542757381-3142984815-1204",
    "SubjectUserSid": "S-1-5-21-4230534742-2542757381-3142984815-1111",
    "SubjectUserName": "admmig",
    "SubjectDomainName": "OFFSEC",
    "SubjectLogonId": "0xc336506",
    "PrivilegeList": "-"
  }
}