{
  "event_id": "4765",
  "provider": "Microsoft-Windows-Security-Auditing",
  "channel": "Security",
  "source_file": "D:\\visual code file\\Project_4\\Event-Analyzer\\test\\Malicious\\EVTX-to-MITRE-Attack-master\\TA0004-Privilege Escalation\\T1134.005-Access Token Manipulation SID-History Injection\\ID 4765 - SID history added.evtx",
  "event_record_id": 2,
  "xml": "<?xml version=\"1.0\" encoding=\"utf-8\"?>\n<Event xmlns=\"http://schemas.microsoft.com/win/2004/08/events/event\">\n  <System>\n    <Provider Name=\"Microsoft-Windows-Security-Auditing\" Guid=\"54849625-5478-4994-A5BA-3E3B0328C30D\">\n    </Provider>\n    <EventID>4765</EventID>\n    <Version>0</Version>\n    <Level>0</Level>\n    <Task>13824</Task>\n    <Opcode>0</Opcode>\n    <Keywords>0x8020000000000000</Keywords>\n    <TimeCreated SystemTime=\"2017-06-12T23:39:43.512986Z\">\n    </TimeCreated>\n    <EventRecordID>8075</EventRecordID>\n    <Correlation>\n    </Correlation>\n    <Execution ProcessID=\"496\" ThreadID=\"1696\">\n    </Execution>\n    <Channel>Security</Channel>\n    <Computer>2012r2srv.maincorp.local</Computer>\n    <Security>\n    </Security>\n  </System>\n  <EventData>\n    <Data Name=\"SourceUserName\">maincorp.local\\Domain Admins</Data>\n    <Data Name=\"SourceSid\">S-1-5-21-2634088540-571122920-1382659128-512</Data>\n    <Data Name=\"TargetUserName\">Andrei</Data>\n    <Data Name=\"TargetDomainName\">MAINCORP</Data>\n    <Data Name=\"TargetSid\">S-1-5-21-2634088540-571122920-1382659128-1104</Data>\n    <Data Name=\"SubjectUserSid\">S-1-5-21-2634088540-571122920-1382659128-500</Data>\n    <Data Name=\"SubjectUserName\">Administrator</Data>\n    <Data Name=\"SubjectDomainName\">MAINCORP</Data>\n    <Data Name=\"SubjectLogonId\">0x432c8</Data>\n    <Data Name=\"PrivilegeList\">-</Data>\n    <Data Name=\"SidList\">-</Data>\n  </EventData>\n</Event>\n",
  "json": "{\"Event\":{\"#attributes\":{\"xmlns\":\"http://schemas.microsoft.com/win/2004/08/events/event\"},\"System\":{\"Provider\":{\"#attributes\":{\"Name\":\"Microsoft-Windows-Security-Auditing\",\"Guid\":\"54849625-5478-4994-A5BA-3E3B0328C30D\"}},\"EventID\":4765,\"Version\":0,\"Level\":0,\"Task\":13824,\"Opcode\":0,\"Keywords\":\"0x8020000000000000\",\"TimeCreated\":{\"#attributes\":{\"SystemTime\":\"2017-06-12T23:39:43.512986Z\"}},\"EventRecordID\":8075,\"Correlation\":null,\"Execution\":{\"#attributes\":{\"ProcessID\":496,\"ThreadID\":1696}},\"Channel\":\"Security\",\"Computer\":\"2012r2srv.maincorp.local\",\"Security\":null},\"EventData\":{\"SourceUserName\":\"maincorp.local\\\\Domain Admins\",\"SourceSid\":\"S-1-5-21-2634088540-571122920-1382659128-512\",\"TargetUserName\":\"Andrei\",\"TargetDomainName\":\"MAINCORP\",\"TargetSid\":\"S-1-5-21-2634088540-571122920-1382659128-1104\",\"SubjectUserSid\":\"S-1-5-21-2634088540-571122920-1382659128-500\",\"SubjectUserName\":\"Administrator\",\"SubjectDomainName\":\"MAINCORP\",\"SubjectLogonId\":\"0x432c8\",\"PrivilegeList\":\"-\",\"SidList\":\"-\"}}}",
  "xml_fields": {
    "provider": "Microsoft-Windows-Security-Auditing",
    "event_id": "4765",
    "timestamp": "2017-06-12T23:39:43.512986Z",
    "event_record_id": "8075",
    "level": "0",
    "task": "13824",
    "opcode": "0",
    "keywords": "0x8020000000000000",
    "channel": "Security",
    "computer": "2012r2srv.maincorp.local",
    "SourceUserName": "maincorp.local\\Domain Admins",
    "SourceSid": "S-1-5-21-2634088540-571122920-1382659128-512",
    "TargetUserName": "Andrei",
    "TargetDomainName": "MAINCORP",
    "TargetSid": "S-1-5-21-2634088540-571122920-1382659128-1104",
    "SubjectUserSid": "S-1-5-21-2634088540-571122920-1382659128-500",
    "SubjectUserName": "Administrator",
    "SubjectDomainName": "MAINCORP",
    "SubjectLogonId": "0x432c8",
    "PrivilegeList": "-",
    "SidList": "-"
  },
  "json_fields": {
    "provider": "Microsoft-Windows-Security-Auditing",
    "channel": "Security",
    "event_id": "4765",
    "timestamp": "2017-06-12T23:39:43.512986Z",
    "event_record_id": "8075",
    "level": "0",
    "task": "13824",
    "opcode": "0",
    "keywords": "0x8020000000000000",
    "computer": "2012r2srv.maincorp.local",
    "SourceUserName": "maincorp.local\\Domain Admins",
    "SourceSid": "S-1-5-21-2634088540-571122920-1382659128-512",
    "TargetUserName": "Andrei",
    "TargetDomainName": "MAINCORP",
    "TargetSid": "S-1-5-21-2634088540-571122920-1382659128-1104",
    "SubjectUserSid": "S-1-5-21-2634088540-571122920-1382659128-500",
    "SubjectUserName": "Administrator",
    "SubjectDomainName": "MAINCORP",
    "SubjectLogonId": "0x432c8",
    "PrivilegeList": "-",
    "SidList": "-"
  }
}