{
  "event_id": "4768",
  "provider": "Microsoft-Windows-Security-Auditing",
  "channel": "Security",
  "source_file": "D:\\visual code file\\Project_4\\Event-Analyzer\\test\\Malicious\\EVTX-to-MITRE-Attack-master\\EVTX_full_APT_attack_steps\\ID47x,4661-4662,5136,4688,4697-SAM the admin (CVE-2021-42287).evtx",
  "event_record_id": 17,
  "xml": "<?xml version=\"1.0\" encoding=\"utf-8\"?>\n<Event xmlns=\"http://schemas.microsoft.com/win/2004/08/events/event\">\n  <System>\n    <Provider Name=\"Microsoft-Windows-Security-Auditing\" Guid=\"54849625-5478-4994-A5BA-3E3B0328C30D\">\n    </Provider>\n    <EventID>4768</EventID>\n    <Version>0</Version>\n    <Level>0</Level>\n    <Task>14339</Task>\n    <Opcode>0</Opcode>\n    <Keywords>0x8020000000000000</Keywords>\n    <TimeCreated SystemTime=\"2021-12-14T14:42:49.222134Z\">\n    </TimeCreated>\n    <EventRecordID>237294534</EventRecordID>\n    <Correlation>\n    </Correlation>\n    <Execution ProcessID=\"596\" ThreadID=\"1120\">\n    </Execution>\n    <Channel>Security</Channel>\n    <Computer>rootdc1.offsec.lan</Computer>\n    <Security>\n    </Security>\n  </System>\n  <EventData>\n    <Data Name=\"TargetUserName\">rootdc1</Data>\n    <Data Name=\"TargetDomainName\">OFFSEC</Data>\n    <Data Name=\"TargetSid\">S-1-5-21-4230534742-2542757381-3142984815-1296</Data>\n    <Data Name=\"ServiceName\">krbtgt</Data>\n    <Data Name=\"ServiceSid\">S-1-5-21-4230534742-2542757381-3142984815-502</Data>\n    <Data Name=\"TicketOptions\">0x50800000</Data>\n    <Data Name=\"Status\">0x0</Data>\n    <Data Name=\"TicketEncryptionType\">0x12</Data>\n    <Data Name=\"PreAuthType\">2</Data>\n    <Data Name=\"IpAddress\">::ffff:10.23.123.11</Data>\n    <Data Name=\"IpPort\">50268</Data>\n    <Data Name=\"CertIssuerName\"></Data>\n    <Data Name=\"CertSerialNumber\"></Data>\n    <Data Name=\"CertThumbprint\"></Data>\n  </EventData>\n</Event>\n",
  "json": "{\"Event\":{\"#attributes\":{\"xmlns\":\"http://schemas.microsoft.com/win/2004/08/events/event\"},\"System\":{\"Provider\":{\"#attributes\":{\"Name\":\"Microsoft-Windows-Security-Auditing\",\"Guid\":\"54849625-5478-4994-A5BA-3E3B0328C30D\"}},\"EventID\":4768,\"Version\":0,\"Level\":0,\"Task\":14339,\"Opcode\":0,\"Keywords\":\"0x8020000000000000\",\"TimeCreated\":{\"#attributes\":{\"SystemTime\":\"2021-12-14T14:42:49.222134Z\"}},\"EventRecordID\":237294534,\"Correlation\":null,\"Execution\":{\"#attributes\":{\"ProcessID\":596,\"ThreadID\":1120}},\"Channel\":\"Security\",\"Computer\":\"rootdc1.offsec.lan\",\"Security\":null},\"EventData\":{\"TargetUserName\":\"rootdc1\",\"TargetDomainName\":\"OFFSEC\",\"TargetSid\":\"S-1-5-21-4230534742-2542757381-3142984815-1296\",\"ServiceName\":\"krbtgt\",\"ServiceSid\":\"S-1-5-21-4230534742-2542757381-3142984815-502\",\"TicketOptions\":\"0x50800000\",\"Status\":\"0x0\",\"TicketEncryptionType\":\"0x12\",\"PreAuthType\":\"2\",\"IpAddress\":\"::ffff:10.23.123.11\",\"IpPort\":\"50268\",\"CertIssuerName\":\"\",\"CertSerialNumber\":\"\",\"CertThumbprint\":\"\"}}}",
  "xml_fields": {
    "provider": "Microsoft-Windows-Security-Auditing",
    "event_id": "4768",
    "timestamp": "2021-12-14T14:42:49.222134Z",
    "event_record_id": "237294534",
    "level": "0",
    "task": "14339",
    "opcode": "0",
    "keywords": "0x8020000000000000",
    "channel": "Security",
    "computer": "rootdc1.offsec.lan",
    "TargetUserName": "rootdc1",
    "TargetDomainName": "OFFSEC",
    "TargetSid": "S-1-5-21-4230534742-2542757381-3142984815-1296",
    "ServiceName": "krbtgt",
    "ServiceSid": "S-1-5-21-4230534742-2542757381-3142984815-502",
    "TicketOptions": "0x50800000",
    "Status": "0x0",
    "TicketEncryptionType": "0x12",
    "PreAuthType": "2",
    "IpAddress": "::ffff:10.23.123.11",
    "IpPort": "50268",
    "CertIssuerName": "",
    "CertSerialNumber": "",
    "CertThumbprint": ""
  },
  "json_fields": {
    "provider": "Microsoft-Windows-Security-Auditing",
    "channel": "Security",
    "event_id": "4768",
    "timestamp": "2021-12-14T14:42:49.222134Z",
    "event_record_id": "237294534",
    "level": "0",
    "task": "14339",
    "opcode": "0",
    "keywords": "0x8020000000000000",
    "computer": "rootdc1.offsec.lan",
    "TargetUserName": "rootdc1",
    "TargetDomainName": "OFFSEC",
    "TargetSid": "S-1-5-21-4230534742-2542757381-3142984815-1296",
    "ServiceName": "krbtgt",
    "ServiceSid": "S-1-5-21-4230534742-2542757381-3142984815-502",
    "TicketOptions": "0x50800000",
    "Status": "0x0",
    "TicketEncryptionType": "0x12",
    "PreAuthType": "2",
    "IpAddress": "::ffff:10.23.123.11",
    "IpPort": "50268",
    "CertIssuerName": "",
    "CertSerialNumber": "",
    "CertThumbprint": ""
  }
}