{
  "event_id": "4769",
  "provider": "Microsoft-Windows-Security-Auditing",
  "channel": "Security",
  "source_file": "D:\\visual code file\\Project_4\\Event-Analyzer\\test\\Malicious\\EVTX-to-MITRE-Attack-master\\EVTX_full_APT_attack_steps\\ID47x,4661-4662,5136,4688,4697-SAM the admin (CVE-2021-42287).evtx",
  "event_record_id": 21,
  "xml": "<?xml version=\"1.0\" encoding=\"utf-8\"?>\n<Event xmlns=\"http://schemas.microsoft.com/win/2004/08/events/event\">\n  <System>\n    <Provider Name=\"Microsoft-Windows-Security-Auditing\" Guid=\"54849625-5478-4994-A5BA-3E3B0328C30D\">\n    </Provider>\n    <EventID>4769</EventID>\n    <Version>0</Version>\n    <Level>0</Level>\n    <Task>14337</Task>\n    <Opcode>0</Opcode>\n    <Keywords>0x8020000000000000</Keywords>\n    <TimeCreated SystemTime=\"2021-12-14T14:42:49.255881Z\">\n    </TimeCreated>\n    <EventRecordID>237294538</EventRecordID>\n    <Correlation>\n    </Correlation>\n    <Execution ProcessID=\"596\" ThreadID=\"2784\">\n    </Execution>\n    <Channel>Security</Channel>\n    <Computer>rootdc1.offsec.lan</Computer>\n    <Security>\n    </Security>\n  </System>\n  <EventData>\n    <Data Name=\"TargetUserName\">rootdc1@OFFSEC.LAN</Data>\n    <Data Name=\"TargetDomainName\">OFFSEC.LAN</Data>\n    <Data Name=\"ServiceName\">ROOTDC1$</Data>\n    <Data Name=\"ServiceSid\">S-1-5-21-4230534742-2542757381-3142984815-1000</Data>\n    <Data Name=\"TicketOptions\">0x40810000</Data>\n    <Data Name=\"TicketEncryptionType\">0x12</Data>\n    <Data Name=\"IpAddress\">::ffff:10.23.123.11</Data>\n    <Data Name=\"IpPort\">50270</Data>\n    <Data Name=\"Status\">0x0</Data>\n    <Data Name=\"LogonGuid\">3FB7FCCA-2BE3-5AC1-1916-9C0C075CBC8A</Data>\n    <Data Name=\"TransmittedServices\">-</Data>\n  </EventData>\n</Event>\n",
  "json": "{\"Event\":{\"#attributes\":{\"xmlns\":\"http://schemas.microsoft.com/win/2004/08/events/event\"},\"System\":{\"Provider\":{\"#attributes\":{\"Name\":\"Microsoft-Windows-Security-Auditing\",\"Guid\":\"54849625-5478-4994-A5BA-3E3B0328C30D\"}},\"EventID\":4769,\"Version\":0,\"Level\":0,\"Task\":14337,\"Opcode\":0,\"Keywords\":\"0x8020000000000000\",\"TimeCreated\":{\"#attributes\":{\"SystemTime\":\"2021-12-14T14:42:49.255881Z\"}},\"EventRecordID\":237294538,\"Correlation\":null,\"Execution\":{\"#attributes\":{\"ProcessID\":596,\"ThreadID\":2784}},\"Channel\":\"Security\",\"Computer\":\"rootdc1.offsec.lan\",\"Security\":null},\"EventData\":{\"TargetUserName\":\"rootdc1@OFFSEC.LAN\",\"TargetDomainName\":\"OFFSEC.LAN\",\"ServiceName\":\"ROOTDC1$\",\"ServiceSid\":\"S-1-5-21-4230534742-2542757381-3142984815-1000\",\"TicketOptions\":\"0x40810000\",\"TicketEncryptionType\":\"0x12\",\"IpAddress\":\"::ffff:10.23.123.11\",\"IpPort\":\"50270\",\"Status\":\"0x0\",\"LogonGuid\":\"3FB7FCCA-2BE3-5AC1-1916-9C0C075CBC8A\",\"TransmittedServices\":\"-\"}}}",
  "xml_fields": {
    "provider": "Microsoft-Windows-Security-Auditing",
    "event_id": "4769",
    "timestamp": "2021-12-14T14:42:49.255881Z",
    "event_record_id": "237294538",
    "level": "0",
    "task": "14337",
    "opcode": "0",
    "keywords": "0x8020000000000000",
    "channel": "Security",
    "computer": "rootdc1.offsec.lan",
    "TargetUserName": "rootdc1@OFFSEC.LAN",
    "TargetDomainName": "OFFSEC.LAN",
    "ServiceName": "ROOTDC1$",
    "ServiceSid": "S-1-5-21-4230534742-2542757381-3142984815-1000",
    "TicketOptions": "0x40810000",
    "TicketEncryptionType": "0x12",
    "IpAddress": "::ffff:10.23.123.11",
    "IpPort": "50270",
    "Status": "0x0",
    "LogonGuid": "3FB7FCCA-2BE3-5AC1-1916-9C0C075CBC8A",
    "TransmittedServices": "-"
  },
  "json_fields": {
    "provider": "Microsoft-Windows-Security-Auditing",
    "channel": "Security",
    "event_id": "4769",
    "timestamp": "2021-12-14T14:42:49.255881Z",
    "event_record_id": "237294538",
    "level": "0",
    "task": "14337",
    "opcode": "0",
    "keywords": "0x8020000000000000",
    "computer": "rootdc1.offsec.lan",
    "TargetUserName": "rootdc1@OFFSEC.LAN",
    "TargetDomainName": "OFFSEC.LAN",
    "ServiceName": "ROOTDC1$",
    "ServiceSid": "S-1-5-21-4230534742-2542757381-3142984815-1000",
    "TicketOptions": "0x40810000",
    "TicketEncryptionType": "0x12",
    "IpAddress": "::ffff:10.23.123.11",
    "IpPort": "50270",
    "Status": "0x0",
    "LogonGuid": "3FB7FCCA-2BE3-5AC1-1916-9C0C075CBC8A",
    "TransmittedServices": "-"
  }
}