{
  "event_id": "4779",
  "provider": "Microsoft-Windows-Security-Auditing",
  "channel": "Security",
  "source_file": "D:\\visual code file\\Project_4\\Event-Analyzer\\test\\Malicious\\EVTX-to-MITRE-Attack-master\\TA0008-Lateral Movement\\T1021.001-Remote Desktop Protocol\\ID4688,4778,4779 RDP hijack direct.evtx",
  "event_record_id": 3,
  "xml": "<?xml version=\"1.0\" encoding=\"utf-8\"?>\n<Event xmlns=\"http://schemas.microsoft.com/win/2004/08/events/event\">\n  <System>\n    <Provider Name=\"Microsoft-Windows-Security-Auditing\" Guid=\"54849625-5478-4994-A5BA-3E3B0328C30D\">\n    </Provider>\n    <EventID>4779</EventID>\n    <Version>0</Version>\n    <Level>0</Level>\n    <Task>12551</Task>\n    <Opcode>0</Opcode>\n    <Keywords>0x8020000000000000</Keywords>\n    <TimeCreated SystemTime=\"2021-05-14T21:01:05.370030Z\">\n    </TimeCreated>\n    <EventRecordID>1829816</EventRecordID>\n    <Correlation ActivityID=\"A67BE420-4636-0001-36E4-7BA63646D701\">\n    </Correlation>\n    <Execution ProcessID=\"576\" ThreadID=\"628\">\n    </Execution>\n    <Channel>Security</Channel>\n    <Computer>fs01.offsec.lan</Computer>\n    <Security>\n    </Security>\n  </System>\n  <EventData>\n    <Data Name=\"AccountName\">admmig</Data>\n    <Data Name=\"AccountDomain\">OFFSEC</Data>\n    <Data Name=\"LogonID\">0x13b5e1e</Data>\n    <Data Name=\"SessionName\">RDP-Tcp#8</Data>\n    <Data Name=\"ClientName\">JUMP01</Data>\n    <Data Name=\"ClientAddress\">10.23.23.9</Data>\n  </EventData>\n</Event>\n",
  "json": "{\"Event\":{\"#attributes\":{\"xmlns\":\"http://schemas.microsoft.com/win/2004/08/events/event\"},\"System\":{\"Provider\":{\"#attributes\":{\"Name\":\"Microsoft-Windows-Security-Auditing\",\"Guid\":\"54849625-5478-4994-A5BA-3E3B0328C30D\"}},\"EventID\":4779,\"Version\":0,\"Level\":0,\"Task\":12551,\"Opcode\":0,\"Keywords\":\"0x8020000000000000\",\"TimeCreated\":{\"#attributes\":{\"SystemTime\":\"2021-05-14T21:01:05.370030Z\"}},\"EventRecordID\":1829816,\"Correlation\":{\"#attributes\":{\"ActivityID\":\"A67BE420-4636-0001-36E4-7BA63646D701\"}},\"Execution\":{\"#attributes\":{\"ProcessID\":576,\"ThreadID\":628}},\"Channel\":\"Security\",\"Computer\":\"fs01.offsec.lan\",\"Security\":null},\"EventData\":{\"AccountName\":\"admmig\",\"AccountDomain\":\"OFFSEC\",\"LogonID\":\"0x13b5e1e\",\"SessionName\":\"RDP-Tcp#8\",\"ClientName\":\"JUMP01\",\"ClientAddress\":\"10.23.23.9\"}}}",
  "xml_fields": {
    "provider": "Microsoft-Windows-Security-Auditing",
    "event_id": "4779",
    "timestamp": "2021-05-14T21:01:05.370030Z",
    "event_record_id": "1829816",
    "level": "0",
    "task": "12551",
    "opcode": "0",
    "keywords": "0x8020000000000000",
    "channel": "Security",
    "computer": "fs01.offsec.lan",
    "AccountName": "admmig",
    "AccountDomain": "OFFSEC",
    "LogonID": "0x13b5e1e",
    "SessionName": "RDP-Tcp#8",
    "ClientName": "JUMP01",
    "ClientAddress": "10.23.23.9"
  },
  "json_fields": {
    "provider": "Microsoft-Windows-Security-Auditing",
    "channel": "Security",
    "event_id": "4779",
    "timestamp": "2021-05-14T21:01:05.370030Z",
    "event_record_id": "1829816",
    "level": "0",
    "task": "12551",
    "opcode": "0",
    "keywords": "0x8020000000000000",
    "computer": "fs01.offsec.lan",
    "AccountName": "admmig",
    "AccountDomain": "OFFSEC",
    "LogonID": "0x13b5e1e",
    "SessionName": "RDP-Tcp#8",
    "ClientName": "JUMP01",
    "ClientAddress": "10.23.23.9"
  }
}