{
  "event_id": "477",
  "provider": "Microsoft-Windows-AppXDeployment-Server",
  "channel": "Microsoft-Windows-AppXDeploymentServer/Operational",
  "source_file": "D:\\visual code file\\Project_4\\Event-Analyzer\\test\\Benign\\Logs_Win11_2023\\Microsoft-Windows-AppXDeploymentServer%4Operational.evtx",
  "event_record_id": 9490,
  "xml": "<?xml version=\"1.0\" encoding=\"utf-8\"?>\n<Event xmlns=\"http://schemas.microsoft.com/win/2004/08/events/event\">\n  <System>\n    <Provider Name=\"Microsoft-Windows-AppXDeployment-Server\" Guid=\"3F471139-ACB7-4A01-B7A7-FF5DA4BA2D43\">\n    </Provider>\n    <EventID>477</EventID>\n    <Version>0</Version>\n    <Level>3</Level>\n    <Task>50</Task>\n    <Opcode>0</Opcode>\n    <Keywords>0x4000000000000001</Keywords>\n    <TimeCreated SystemTime=\"2023-11-06T01:42:55.339316Z\">\n    </TimeCreated>\n    <EventRecordID>9490</EventRecordID>\n    <Correlation ActivityID=\"E4DB489E-1037-0001-CE30-F2E43710DA01\">\n    </Correlation>\n    <Execution ProcessID=\"17796\" ThreadID=\"20072\">\n    </Execution>\n    <Channel>Microsoft-Windows-AppXDeploymentServer/Operational</Channel>\n    <Computer>WinDev2310Eval</Computer>\n    <Security UserID=\"S-1-5-21-1992711665-1655669231-58201500-1000\">\n    </Security>\n  </System>\n  <EventData>\n    <Data Name=\"SourceFilePath\">client-bindings\\rt_js_bindings_bundle.js</Data>\n    <Data Name=\"LinkDestinationPath\">\\\\?\\C:\\Program Files\\WindowsApps\\MicrosoftTeams_23258.704.2395.9691_x64__8wekyb3d8bbwe\\client-bindings\\rt_js_bindings_bundle.js</Data>\n    <Data Name=\"ErrorCode\">0x80073cfc</Data>\n  </EventData>\n</Event>\n",
  "json": "{\"Event\":{\"#attributes\":{\"xmlns\":\"http://schemas.microsoft.com/win/2004/08/events/event\"},\"System\":{\"Provider\":{\"#attributes\":{\"Name\":\"Microsoft-Windows-AppXDeployment-Server\",\"Guid\":\"3F471139-ACB7-4A01-B7A7-FF5DA4BA2D43\"}},\"EventID\":477,\"Version\":0,\"Level\":3,\"Task\":50,\"Opcode\":0,\"Keywords\":\"0x4000000000000001\",\"TimeCreated\":{\"#attributes\":{\"SystemTime\":\"2023-11-06T01:42:55.339316Z\"}},\"EventRecordID\":9490,\"Correlation\":{\"#attributes\":{\"ActivityID\":\"E4DB489E-1037-0001-CE30-F2E43710DA01\"}},\"Execution\":{\"#attributes\":{\"ProcessID\":17796,\"ThreadID\":20072}},\"Channel\":\"Microsoft-Windows-AppXDeploymentServer/Operational\",\"Computer\":\"WinDev2310Eval\",\"Security\":{\"#attributes\":{\"UserID\":\"S-1-5-21-1992711665-1655669231-58201500-1000\"}}},\"EventData\":{\"SourceFilePath\":\"client-bindings\\\\rt_js_bindings_bundle.js\",\"LinkDestinationPath\":\"\\\\\\\\?\\\\C:\\\\Program Files\\\\WindowsApps\\\\MicrosoftTeams_23258.704.2395.9691_x64__8wekyb3d8bbwe\\\\client-bindings\\\\rt_js_bindings_bundle.js\",\"ErrorCode\":\"0x80073cfc\"}}}",
  "xml_fields": {
    "provider": "Microsoft-Windows-AppXDeployment-Server",
    "event_id": "477",
    "timestamp": "2023-11-06T01:42:55.339316Z",
    "event_record_id": "9490",
    "level": "3",
    "task": "50",
    "opcode": "0",
    "keywords": "0x4000000000000001",
    "channel": "Microsoft-Windows-AppXDeploymentServer/Operational",
    "computer": "WinDev2310Eval",
    "SourceFilePath": "client-bindings\\rt_js_bindings_bundle.js",
    "LinkDestinationPath": "\\\\?\\C:\\Program Files\\WindowsApps\\MicrosoftTeams_23258.704.2395.9691_x64__8wekyb3d8bbwe\\client-bindings\\rt_js_bindings_bundle.js",
    "ErrorCode": "0x80073cfc"
  },
  "json_fields": {
    "provider": "Microsoft-Windows-AppXDeployment-Server",
    "channel": "Microsoft-Windows-AppXDeploymentServer/Operational",
    "event_id": "477",
    "timestamp": "2023-11-06T01:42:55.339316Z",
    "event_record_id": "9490",
    "level": "3",
    "task": "50",
    "opcode": "0",
    "keywords": "0x4000000000000001",
    "computer": "WinDev2310Eval",
    "SourceFilePath": "client-bindings\\rt_js_bindings_bundle.js",
    "LinkDestinationPath": "\\\\?\\C:\\Program Files\\WindowsApps\\MicrosoftTeams_23258.704.2395.9691_x64__8wekyb3d8bbwe\\client-bindings\\rt_js_bindings_bundle.js",
    "ErrorCode": "0x80073cfc"
  }
}