{
  "event_id": "4781",
  "provider": "Microsoft-Windows-Security-Auditing",
  "channel": "Security",
  "source_file": "D:\\visual code file\\Project_4\\Event-Analyzer\\test\\Malicious\\EVTX-to-MITRE-Attack-master\\EVTX_full_APT_attack_steps\\ID47x,4661-4662,5136,4688,4697-SAM the admin (CVE-2021-42287).evtx",
  "event_record_id": 15,
  "xml": "<?xml version=\"1.0\" encoding=\"utf-8\"?>\n<Event xmlns=\"http://schemas.microsoft.com/win/2004/08/events/event\">\n  <System>\n    <Provider Name=\"Microsoft-Windows-Security-Auditing\" Guid=\"54849625-5478-4994-A5BA-3E3B0328C30D\">\n    </Provider>\n    <EventID>4781</EventID>\n    <Version>0</Version>\n    <Level>0</Level>\n    <Task>13824</Task>\n    <Opcode>0</Opcode>\n    <Keywords>0x8020000000000000</Keywords>\n    <TimeCreated SystemTime=\"2021-12-14T14:42:48.908377Z\">\n    </TimeCreated>\n    <EventRecordID>237294532</EventRecordID>\n    <Correlation>\n    </Correlation>\n    <Execution ProcessID=\"596\" ThreadID=\"2784\">\n    </Execution>\n    <Channel>Security</Channel>\n    <Computer>rootdc1.offsec.lan</Computer>\n    <Security>\n    </Security>\n  </System>\n  <EventData>\n    <Data Name=\"OldTargetUserName\">compnay-88$</Data>\n    <Data Name=\"NewTargetUserName\">rootdc1</Data>\n    <Data Name=\"TargetDomainName\">OFFSEC</Data>\n    <Data Name=\"TargetSid\">S-1-5-21-4230534742-2542757381-3142984815-1296</Data>\n    <Data Name=\"SubjectUserSid\">S-1-5-21-4230534742-2542757381-3142984815-1234</Data>\n    <Data Name=\"SubjectUserName\">hack1</Data>\n    <Data Name=\"SubjectDomainName\">OFFSEC</Data>\n    <Data Name=\"SubjectLogonId\">0x308fabb0c</Data>\n    <Data Name=\"PrivilegeList\">-</Data>\n  </EventData>\n</Event>\n",
  "json": "{\"Event\":{\"#attributes\":{\"xmlns\":\"http://schemas.microsoft.com/win/2004/08/events/event\"},\"System\":{\"Provider\":{\"#attributes\":{\"Name\":\"Microsoft-Windows-Security-Auditing\",\"Guid\":\"54849625-5478-4994-A5BA-3E3B0328C30D\"}},\"EventID\":4781,\"Version\":0,\"Level\":0,\"Task\":13824,\"Opcode\":0,\"Keywords\":\"0x8020000000000000\",\"TimeCreated\":{\"#attributes\":{\"SystemTime\":\"2021-12-14T14:42:48.908377Z\"}},\"EventRecordID\":237294532,\"Correlation\":null,\"Execution\":{\"#attributes\":{\"ProcessID\":596,\"ThreadID\":2784}},\"Channel\":\"Security\",\"Computer\":\"rootdc1.offsec.lan\",\"Security\":null},\"EventData\":{\"OldTargetUserName\":\"compnay-88$\",\"NewTargetUserName\":\"rootdc1\",\"TargetDomainName\":\"OFFSEC\",\"TargetSid\":\"S-1-5-21-4230534742-2542757381-3142984815-1296\",\"SubjectUserSid\":\"S-1-5-21-4230534742-2542757381-3142984815-1234\",\"SubjectUserName\":\"hack1\",\"SubjectDomainName\":\"OFFSEC\",\"SubjectLogonId\":\"0x308fabb0c\",\"PrivilegeList\":\"-\"}}}",
  "xml_fields": {
    "provider": "Microsoft-Windows-Security-Auditing",
    "event_id": "4781",
    "timestamp": "2021-12-14T14:42:48.908377Z",
    "event_record_id": "237294532",
    "level": "0",
    "task": "13824",
    "opcode": "0",
    "keywords": "0x8020000000000000",
    "channel": "Security",
    "computer": "rootdc1.offsec.lan",
    "OldTargetUserName": "compnay-88$",
    "NewTargetUserName": "rootdc1",
    "TargetDomainName": "OFFSEC",
    "TargetSid": "S-1-5-21-4230534742-2542757381-3142984815-1296",
    "SubjectUserSid": "S-1-5-21-4230534742-2542757381-3142984815-1234",
    "SubjectUserName": "hack1",
    "SubjectDomainName": "OFFSEC",
    "SubjectLogonId": "0x308fabb0c",
    "PrivilegeList": "-"
  },
  "json_fields": {
    "provider": "Microsoft-Windows-Security-Auditing",
    "channel": "Security",
    "event_id": "4781",
    "timestamp": "2021-12-14T14:42:48.908377Z",
    "event_record_id": "237294532",
    "level": "0",
    "task": "13824",
    "opcode": "0",
    "keywords": "0x8020000000000000",
    "computer": "rootdc1.offsec.lan",
    "OldTargetUserName": "compnay-88$",
    "NewTargetUserName": "rootdc1",
    "TargetDomainName": "OFFSEC",
    "TargetSid": "S-1-5-21-4230534742-2542757381-3142984815-1296",
    "SubjectUserSid": "S-1-5-21-4230534742-2542757381-3142984815-1234",
    "SubjectUserName": "hack1",
    "SubjectDomainName": "OFFSEC",
    "SubjectLogonId": "0x308fabb0c",
    "PrivilegeList": "-"
  }
}