{
  "event_id": "4797",
  "provider": "Microsoft-Windows-Security-Auditing",
  "channel": "Security",
  "source_file": "D:\\visual code file\\Project_4\\Event-Analyzer\\test\\Benign\\Logs_Client\\Security.evtx",
  "event_record_id": 699,
  "xml": "<?xml version=\"1.0\" encoding=\"utf-8\"?>\n<Event xmlns=\"http://schemas.microsoft.com/win/2004/08/events/event\">\n  <System>\n    <Provider Name=\"Microsoft-Windows-Security-Auditing\" Guid=\"54849625-5478-4994-A5BA-3E3B0328C30D\">\n    </Provider>\n    <EventID>4797</EventID>\n    <Version>0</Version>\n    <Level>0</Level>\n    <Task>13824</Task>\n    <Opcode>0</Opcode>\n    <Keywords>0x8020000000000000</Keywords>\n    <TimeCreated SystemTime=\"2022-02-07T12:06:22.632037Z\">\n    </TimeCreated>\n    <EventRecordID>699</EventRecordID>\n    <Correlation ActivityID=\"AAF6E208-1C15-0000-0FE3-F6AA151CD801\">\n    </Correlation>\n    <Execution ProcessID=\"580\" ThreadID=\"656\">\n    </Execution>\n    <Channel>Security</Channel>\n    <Computer>DESKTOP-A8CALR3</Computer>\n    <Security>\n    </Security>\n  </System>\n  <EventData>\n    <Data Name=\"SubjectUserSid\">S-1-5-21-1402826787-2759305201-2932496751-1001</Data>\n    <Data Name=\"SubjectUserName\">user</Data>\n    <Data Name=\"SubjectDomainName\">DESKTOP-A8CALR3</Data>\n    <Data Name=\"SubjectLogonId\">0xbe540</Data>\n    <Data Name=\"Workstation\">DESKTOP-A8CALR3</Data>\n    <Data Name=\"TargetUserName\">Administrator</Data>\n    <Data Name=\"TargetDomainName\">DESKTOP-A8CALR3</Data>\n  </EventData>\n</Event>\n",
  "json": "{\"Event\":{\"#attributes\":{\"xmlns\":\"http://schemas.microsoft.com/win/2004/08/events/event\"},\"System\":{\"Provider\":{\"#attributes\":{\"Name\":\"Microsoft-Windows-Security-Auditing\",\"Guid\":\"54849625-5478-4994-A5BA-3E3B0328C30D\"}},\"EventID\":4797,\"Version\":0,\"Level\":0,\"Task\":13824,\"Opcode\":0,\"Keywords\":\"0x8020000000000000\",\"TimeCreated\":{\"#attributes\":{\"SystemTime\":\"2022-02-07T12:06:22.632037Z\"}},\"EventRecordID\":699,\"Correlation\":{\"#attributes\":{\"ActivityID\":\"AAF6E208-1C15-0000-0FE3-F6AA151CD801\"}},\"Execution\":{\"#attributes\":{\"ProcessID\":580,\"ThreadID\":656}},\"Channel\":\"Security\",\"Computer\":\"DESKTOP-A8CALR3\",\"Security\":null},\"EventData\":{\"SubjectUserSid\":\"S-1-5-21-1402826787-2759305201-2932496751-1001\",\"SubjectUserName\":\"user\",\"SubjectDomainName\":\"DESKTOP-A8CALR3\",\"SubjectLogonId\":\"0xbe540\",\"Workstation\":\"DESKTOP-A8CALR3\",\"TargetUserName\":\"Administrator\",\"TargetDomainName\":\"DESKTOP-A8CALR3\"}}}",
  "xml_fields": {
    "provider": "Microsoft-Windows-Security-Auditing",
    "event_id": "4797",
    "timestamp": "2022-02-07T12:06:22.632037Z",
    "event_record_id": "699",
    "level": "0",
    "task": "13824",
    "opcode": "0",
    "keywords": "0x8020000000000000",
    "channel": "Security",
    "computer": "DESKTOP-A8CALR3",
    "SubjectUserSid": "S-1-5-21-1402826787-2759305201-2932496751-1001",
    "SubjectUserName": "user",
    "SubjectDomainName": "DESKTOP-A8CALR3",
    "SubjectLogonId": "0xbe540",
    "Workstation": "DESKTOP-A8CALR3",
    "TargetUserName": "Administrator",
    "TargetDomainName": "DESKTOP-A8CALR3"
  },
  "json_fields": {
    "provider": "Microsoft-Windows-Security-Auditing",
    "channel": "Security",
    "event_id": "4797",
    "timestamp": "2022-02-07T12:06:22.632037Z",
    "event_record_id": "699",
    "level": "0",
    "task": "13824",
    "opcode": "0",
    "keywords": "0x8020000000000000",
    "computer": "DESKTOP-A8CALR3",
    "SubjectUserSid": "S-1-5-21-1402826787-2759305201-2932496751-1001",
    "SubjectUserName": "user",
    "SubjectDomainName": "DESKTOP-A8CALR3",
    "SubjectLogonId": "0xbe540",
    "Workstation": "DESKTOP-A8CALR3",
    "TargetUserName": "Administrator",
    "TargetDomainName": "DESKTOP-A8CALR3"
  }
}