{
  "event_id": "4798",
  "provider": "Microsoft-Windows-Security-Auditing",
  "channel": "Security",
  "source_file": "D:\\visual code file\\Project_4\\Event-Analyzer\\test\\Logs\\Security.evtx",
  "event_record_id": 4589,
  "xml": "<?xml version=\"1.0\" encoding=\"utf-8\"?>\n<Event xmlns=\"http://schemas.microsoft.com/win/2004/08/events/event\">\n  <System>\n    <Provider Name=\"Microsoft-Windows-Security-Auditing\" Guid=\"54849625-5478-4994-A5BA-3E3B0328C30D\">\n    </Provider>\n    <EventID>4798</EventID>\n    <Version>0</Version>\n    <Level>0</Level>\n    <Task>13824</Task>\n    <Opcode>0</Opcode>\n    <Keywords>0x8020000000000000</Keywords>\n    <TimeCreated SystemTime=\"2025-01-24T10:39:22.342543Z\">\n    </TimeCreated>\n    <EventRecordID>4589</EventRecordID>\n    <Correlation ActivityID=\"8D345FF6-6E47-0001-3860-348D476EDB01\">\n    </Correlation>\n    <Execution ProcessID=\"684\" ThreadID=\"736\">\n    </Execution>\n    <Channel>Security</Channel>\n    <Computer>CTO-FILESVR</Computer>\n    <Security>\n    </Security>\n  </System>\n  <EventData>\n    <Data Name=\"TargetUserName\">Administrator</Data>\n    <Data Name=\"TargetDomainName\">CTO-FILESVR</Data>\n    <Data Name=\"TargetSid\">S-1-5-21-3088055692-629932344-1786574096-500</Data>\n    <Data Name=\"SubjectUserSid\">S-1-5-18</Data>\n    <Data Name=\"SubjectUserName\">CTO-FILESVR$</Data>\n    <Data Name=\"SubjectDomainName\">WORKGROUP</Data>\n    <Data Name=\"SubjectLogonId\">0x3e7</Data>\n    <Data Name=\"CallerProcessId\">0x5e4</Data>\n    <Data Name=\"CallerProcessName\">C:\\Windows\\System32\\svchost.exe</Data>\n  </EventData>\n</Event>\n",
  "json": "{\"Event\":{\"#attributes\":{\"xmlns\":\"http://schemas.microsoft.com/win/2004/08/events/event\"},\"System\":{\"Provider\":{\"#attributes\":{\"Name\":\"Microsoft-Windows-Security-Auditing\",\"Guid\":\"54849625-5478-4994-A5BA-3E3B0328C30D\"}},\"EventID\":4798,\"Version\":0,\"Level\":0,\"Task\":13824,\"Opcode\":0,\"Keywords\":\"0x8020000000000000\",\"TimeCreated\":{\"#attributes\":{\"SystemTime\":\"2025-01-24T10:39:22.342543Z\"}},\"EventRecordID\":4589,\"Correlation\":{\"#attributes\":{\"ActivityID\":\"8D345FF6-6E47-0001-3860-348D476EDB01\"}},\"Execution\":{\"#attributes\":{\"ProcessID\":684,\"ThreadID\":736}},\"Channel\":\"Security\",\"Computer\":\"CTO-FILESVR\",\"Security\":null},\"EventData\":{\"TargetUserName\":\"Administrator\",\"TargetDomainName\":\"CTO-FILESVR\",\"TargetSid\":\"S-1-5-21-3088055692-629932344-1786574096-500\",\"SubjectUserSid\":\"S-1-5-18\",\"SubjectUserName\":\"CTO-FILESVR$\",\"SubjectDomainName\":\"WORKGROUP\",\"SubjectLogonId\":\"0x3e7\",\"CallerProcessId\":\"0x5e4\",\"CallerProcessName\":\"C:\\\\Windows\\\\System32\\\\svchost.exe\"}}}",
  "xml_fields": {
    "provider": "Microsoft-Windows-Security-Auditing",
    "event_id": "4798",
    "timestamp": "2025-01-24T10:39:22.342543Z",
    "event_record_id": "4589",
    "level": "0",
    "task": "13824",
    "opcode": "0",
    "keywords": "0x8020000000000000",
    "channel": "Security",
    "computer": "CTO-FILESVR",
    "TargetUserName": "Administrator",
    "TargetDomainName": "CTO-FILESVR",
    "TargetSid": "S-1-5-21-3088055692-629932344-1786574096-500",
    "SubjectUserSid": "S-1-5-18",
    "SubjectUserName": "CTO-FILESVR$",
    "SubjectDomainName": "WORKGROUP",
    "SubjectLogonId": "0x3e7",
    "CallerProcessId": "0x5e4",
    "CallerProcessName": "C:\\Windows\\System32\\svchost.exe"
  },
  "json_fields": {
    "provider": "Microsoft-Windows-Security-Auditing",
    "channel": "Security",
    "event_id": "4798",
    "timestamp": "2025-01-24T10:39:22.342543Z",
    "event_record_id": "4589",
    "level": "0",
    "task": "13824",
    "opcode": "0",
    "keywords": "0x8020000000000000",
    "computer": "CTO-FILESVR",
    "TargetUserName": "Administrator",
    "TargetDomainName": "CTO-FILESVR",
    "TargetSid": "S-1-5-21-3088055692-629932344-1786574096-500",
    "SubjectUserSid": "S-1-5-18",
    "SubjectUserName": "CTO-FILESVR$",
    "SubjectDomainName": "WORKGROUP",
    "SubjectLogonId": "0x3e7",
    "CallerProcessId": "0x5e4",
    "CallerProcessName": "C:\\Windows\\System32\\svchost.exe"
  }
}