{
  "event_id": "4825",
  "provider": "Microsoft-Windows-Security-Auditing",
  "channel": "Security",
  "source_file": "D:\\visual code file\\Project_4\\Event-Analyzer\\test\\Malicious\\EVTX-to-MITRE-Attack-master\\TA0008-Lateral Movement\\T1021.001-Remote Desktop Protocol\\ID4825-Denied RDP connection with valid credentials.evtx",
  "event_record_id": 1,
  "xml": "<?xml version=\"1.0\" encoding=\"utf-8\"?>\n<Event xmlns=\"http://schemas.microsoft.com/win/2004/08/events/event\">\n  <System>\n    <Provider Name=\"Microsoft-Windows-Security-Auditing\" Guid=\"54849625-5478-4994-A5BA-3E3B0328C30D\">\n    </Provider>\n    <EventID>4825</EventID>\n    <Version>0</Version>\n    <Level>0</Level>\n    <Task>12551</Task>\n    <Opcode>0</Opcode>\n    <Keywords>0x8010000000000000</Keywords>\n    <TimeCreated SystemTime=\"2020-07-12T05:27:05.579704Z\">\n    </TimeCreated>\n    <EventRecordID>1231498</EventRecordID>\n    <Correlation>\n    </Correlation>\n    <Execution ProcessID=\"464\" ThreadID=\"992\">\n    </Execution>\n    <Channel>Security</Channel>\n    <Computer>fs02.offsec.lan</Computer>\n    <Security>\n    </Security>\n  </System>\n  <EventData>\n    <Data Name=\"AccountName\">svc6test1</Data>\n    <Data Name=\"AccountDomain\">OFFSEC</Data>\n    <Data Name=\"LogonID\">0x3457272</Data>\n    <Data Name=\"ClientAddress\">10.23.23.9</Data>\n  </EventData>\n</Event>\n",
  "json": "{\"Event\":{\"#attributes\":{\"xmlns\":\"http://schemas.microsoft.com/win/2004/08/events/event\"},\"System\":{\"Provider\":{\"#attributes\":{\"Name\":\"Microsoft-Windows-Security-Auditing\",\"Guid\":\"54849625-5478-4994-A5BA-3E3B0328C30D\"}},\"EventID\":4825,\"Version\":0,\"Level\":0,\"Task\":12551,\"Opcode\":0,\"Keywords\":\"0x8010000000000000\",\"TimeCreated\":{\"#attributes\":{\"SystemTime\":\"2020-07-12T05:27:05.579704Z\"}},\"EventRecordID\":1231498,\"Correlation\":null,\"Execution\":{\"#attributes\":{\"ProcessID\":464,\"ThreadID\":992}},\"Channel\":\"Security\",\"Computer\":\"fs02.offsec.lan\",\"Security\":null},\"EventData\":{\"AccountName\":\"svc6test1\",\"AccountDomain\":\"OFFSEC\",\"LogonID\":\"0x3457272\",\"ClientAddress\":\"10.23.23.9\"}}}",
  "xml_fields": {
    "provider": "Microsoft-Windows-Security-Auditing",
    "event_id": "4825",
    "timestamp": "2020-07-12T05:27:05.579704Z",
    "event_record_id": "1231498",
    "level": "0",
    "task": "12551",
    "opcode": "0",
    "keywords": "0x8010000000000000",
    "channel": "Security",
    "computer": "fs02.offsec.lan",
    "AccountName": "svc6test1",
    "AccountDomain": "OFFSEC",
    "LogonID": "0x3457272",
    "ClientAddress": "10.23.23.9"
  },
  "json_fields": {
    "provider": "Microsoft-Windows-Security-Auditing",
    "channel": "Security",
    "event_id": "4825",
    "timestamp": "2020-07-12T05:27:05.579704Z",
    "event_record_id": "1231498",
    "level": "0",
    "task": "12551",
    "opcode": "0",
    "keywords": "0x8010000000000000",
    "computer": "fs02.offsec.lan",
    "AccountName": "svc6test1",
    "AccountDomain": "OFFSEC",
    "LogonID": "0x3457272",
    "ClientAddress": "10.23.23.9"
  }
}