{
  "event_id": "4826",
  "provider": "Microsoft-Windows-Security-Auditing",
  "channel": "Security",
  "source_file": "D:\\visual code file\\Project_4\\Event-Analyzer\\test\\Logs\\Security.evtx",
  "event_record_id": 13800,
  "xml": "<?xml version=\"1.0\" encoding=\"utf-8\"?>\n<Event xmlns=\"http://schemas.microsoft.com/win/2004/08/events/event\">\n  <System>\n    <Provider Name=\"Microsoft-Windows-Security-Auditing\" Guid=\"54849625-5478-4994-A5BA-3E3B0328C30D\">\n    </Provider>\n    <EventID>4826</EventID>\n    <Version>0</Version>\n    <Level>0</Level>\n    <Task>13573</Task>\n    <Opcode>0</Opcode>\n    <Keywords>0x8020000000000000</Keywords>\n    <TimeCreated SystemTime=\"2025-01-24T10:50:03.419634Z\">\n    </TimeCreated>\n    <EventRecordID>13800</EventRecordID>\n    <Correlation>\n    </Correlation>\n    <Execution ProcessID=\"4\" ThreadID=\"32\">\n    </Execution>\n    <Channel>Security</Channel>\n    <Computer>CTO-FILESVR</Computer>\n    <Security>\n    </Security>\n  </System>\n  <EventData>\n    <Data Name=\"SubjectUserSid\">S-1-5-18</Data>\n    <Data Name=\"SubjectUserName\">-</Data>\n    <Data Name=\"SubjectDomainName\">-</Data>\n    <Data Name=\"SubjectLogonId\">0x3e7</Data>\n    <Data Name=\"LoadOptions\">-</Data>\n    <Data Name=\"AdvancedOptions\">%%1843</Data>\n    <Data Name=\"ConfigAccessPolicy\">%%1846</Data>\n    <Data Name=\"RemoteEventLogging\">%%1843</Data>\n    <Data Name=\"KernelDebug\">%%1843</Data>\n    <Data Name=\"VsmLaunchType\">%%1848</Data>\n    <Data Name=\"TestSigning\">%%1843</Data>\n    <Data Name=\"FlightSigning\">%%1843</Data>\n    <Data Name=\"DisableIntegrityChecks\">%%1843</Data>\n    <Data Name=\"HypervisorLoadOptions\">-</Data>\n    <Data Name=\"HypervisorLaunchType\">%%1848</Data>\n    <Data Name=\"HypervisorDebug\">%%1843</Data>\n  </EventData>\n</Event>\n",
  "json": "{\"Event\":{\"#attributes\":{\"xmlns\":\"http://schemas.microsoft.com/win/2004/08/events/event\"},\"System\":{\"Provider\":{\"#attributes\":{\"Name\":\"Microsoft-Windows-Security-Auditing\",\"Guid\":\"54849625-5478-4994-A5BA-3E3B0328C30D\"}},\"EventID\":4826,\"Version\":0,\"Level\":0,\"Task\":13573,\"Opcode\":0,\"Keywords\":\"0x8020000000000000\",\"TimeCreated\":{\"#attributes\":{\"SystemTime\":\"2025-01-24T10:50:03.419634Z\"}},\"EventRecordID\":13800,\"Correlation\":null,\"Execution\":{\"#attributes\":{\"ProcessID\":4,\"ThreadID\":32}},\"Channel\":\"Security\",\"Computer\":\"CTO-FILESVR\",\"Security\":null},\"EventData\":{\"SubjectUserSid\":\"S-1-5-18\",\"SubjectUserName\":\"-\",\"SubjectDomainName\":\"-\",\"SubjectLogonId\":\"0x3e7\",\"LoadOptions\":\"-\",\"AdvancedOptions\":\"%%1843\",\"ConfigAccessPolicy\":\"%%1846\",\"RemoteEventLogging\":\"%%1843\",\"KernelDebug\":\"%%1843\",\"VsmLaunchType\":\"%%1848\",\"TestSigning\":\"%%1843\",\"FlightSigning\":\"%%1843\",\"DisableIntegrityChecks\":\"%%1843\",\"HypervisorLoadOptions\":\"-\",\"HypervisorLaunchType\":\"%%1848\",\"HypervisorDebug\":\"%%1843\"}}}",
  "xml_fields": {
    "provider": "Microsoft-Windows-Security-Auditing",
    "event_id": "4826",
    "timestamp": "2025-01-24T10:50:03.419634Z",
    "event_record_id": "13800",
    "level": "0",
    "task": "13573",
    "opcode": "0",
    "keywords": "0x8020000000000000",
    "channel": "Security",
    "computer": "CTO-FILESVR",
    "SubjectUserSid": "S-1-5-18",
    "SubjectUserName": "-",
    "SubjectDomainName": "-",
    "SubjectLogonId": "0x3e7",
    "LoadOptions": "-",
    "AdvancedOptions": "%%1843",
    "ConfigAccessPolicy": "%%1846",
    "RemoteEventLogging": "%%1843",
    "KernelDebug": "%%1843",
    "VsmLaunchType": "%%1848",
    "TestSigning": "%%1843",
    "FlightSigning": "%%1843",
    "DisableIntegrityChecks": "%%1843",
    "HypervisorLoadOptions": "-",
    "HypervisorLaunchType": "%%1848",
    "HypervisorDebug": "%%1843"
  },
  "json_fields": {
    "provider": "Microsoft-Windows-Security-Auditing",
    "channel": "Security",
    "event_id": "4826",
    "timestamp": "2025-01-24T10:50:03.419634Z",
    "event_record_id": "13800",
    "level": "0",
    "task": "13573",
    "opcode": "0",
    "keywords": "0x8020000000000000",
    "computer": "CTO-FILESVR",
    "SubjectUserSid": "S-1-5-18",
    "SubjectUserName": "-",
    "SubjectDomainName": "-",
    "SubjectLogonId": "0x3e7",
    "LoadOptions": "-",
    "AdvancedOptions": "%%1843",
    "ConfigAccessPolicy": "%%1846",
    "RemoteEventLogging": "%%1843",
    "KernelDebug": "%%1843",
    "VsmLaunchType": "%%1848",
    "TestSigning": "%%1843",
    "FlightSigning": "%%1843",
    "DisableIntegrityChecks": "%%1843",
    "HypervisorLoadOptions": "-",
    "HypervisorLaunchType": "%%1848",
    "HypervisorDebug": "%%1843"
  }
}