{
  "event_id": "4865",
  "provider": "Microsoft-Windows-Security-Auditing",
  "channel": "Security",
  "source_file": "D:\\visual code file\\Project_4\\Event-Analyzer\\test\\Malicious\\EVTX-to-MITRE-Attack-master\\TA0004-Privilege Escalation\\T1484-Domain or Tenant Policy Modification\\ID 4865 4706 - trust added.evtx",
  "event_record_id": 4,
  "xml": "<?xml version=\"1.0\" encoding=\"utf-8\"?>\n<Event xmlns=\"http://schemas.microsoft.com/win/2004/08/events/event\">\n  <System>\n    <Provider Name=\"Microsoft-Windows-Security-Auditing\" Guid=\"54849625-5478-4994-A5BA-3E3B0328C30D\">\n    </Provider>\n    <EventID>4865</EventID>\n    <Version>0</Version>\n    <Level>0</Level>\n    <Task>13569</Task>\n    <Opcode>0</Opcode>\n    <Keywords>0x8020000000000000</Keywords>\n    <TimeCreated SystemTime=\"2024-06-22T14:02:41.749935Z\">\n    </TimeCreated>\n    <EventRecordID>3175613</EventRecordID>\n    <Correlation>\n    </Correlation>\n    <Execution ProcessID=\"596\" ThreadID=\"3360\">\n    </Execution>\n    <Channel>Security</Channel>\n    <Computer>CDCWTRDC01.mypartner.lan</Computer>\n    <Security>\n    </Security>\n  </System>\n  <EventData>\n    <Data Name=\"ForestRoot\">rootblue.lan</Data>\n    <Data Name=\"ForestRootSid\">S-1-5-21-392370121-190461309-2151315433</Data>\n    <Data Name=\"OperationId\">0xffadf358</Data>\n    <Data Name=\"EntryType\">0</Data>\n    <Data Name=\"Flags\">0</Data>\n    <Data Name=\"TopLevelName\">rootblue.lan</Data>\n    <Data Name=\"DnsName\">-</Data>\n    <Data Name=\"NetbiosName\">-</Data>\n    <Data Name=\"DomainSid\">S-1-0-0</Data>\n    <Data Name=\"SubjectUserSid\">S-1-5-21-1407145384-2259788832-4099636412-500</Data>\n    <Data Name=\"SubjectUserName\">Administrator</Data>\n    <Data Name=\"SubjectDomainName\">MYPARTNER</Data>\n    <Data Name=\"SubjectLogonId\">0xffad8559</Data>\n  </EventData>\n</Event>\n",
  "json": "{\"Event\":{\"#attributes\":{\"xmlns\":\"http://schemas.microsoft.com/win/2004/08/events/event\"},\"System\":{\"Provider\":{\"#attributes\":{\"Name\":\"Microsoft-Windows-Security-Auditing\",\"Guid\":\"54849625-5478-4994-A5BA-3E3B0328C30D\"}},\"EventID\":4865,\"Version\":0,\"Level\":0,\"Task\":13569,\"Opcode\":0,\"Keywords\":\"0x8020000000000000\",\"TimeCreated\":{\"#attributes\":{\"SystemTime\":\"2024-06-22T14:02:41.749935Z\"}},\"EventRecordID\":3175613,\"Correlation\":null,\"Execution\":{\"#attributes\":{\"ProcessID\":596,\"ThreadID\":3360}},\"Channel\":\"Security\",\"Computer\":\"CDCWTRDC01.mypartner.lan\",\"Security\":null},\"EventData\":{\"ForestRoot\":\"rootblue.lan\",\"ForestRootSid\":\"S-1-5-21-392370121-190461309-2151315433\",\"OperationId\":\"0xffadf358\",\"EntryType\":0,\"Flags\":0,\"TopLevelName\":\"rootblue.lan\",\"DnsName\":\"-\",\"NetbiosName\":\"-\",\"DomainSid\":\"S-1-0-0\",\"SubjectUserSid\":\"S-1-5-21-1407145384-2259788832-4099636412-500\",\"SubjectUserName\":\"Administrator\",\"SubjectDomainName\":\"MYPARTNER\",\"SubjectLogonId\":\"0xffad8559\"}}}",
  "xml_fields": {
    "provider": "Microsoft-Windows-Security-Auditing",
    "event_id": "4865",
    "timestamp": "2024-06-22T14:02:41.749935Z",
    "event_record_id": "3175613",
    "level": "0",
    "task": "13569",
    "opcode": "0",
    "keywords": "0x8020000000000000",
    "channel": "Security",
    "computer": "CDCWTRDC01.mypartner.lan",
    "ForestRoot": "rootblue.lan",
    "ForestRootSid": "S-1-5-21-392370121-190461309-2151315433",
    "OperationId": "0xffadf358",
    "EntryType": "0",
    "Flags": "0",
    "TopLevelName": "rootblue.lan",
    "DnsName": "-",
    "NetbiosName": "-",
    "DomainSid": "S-1-0-0",
    "SubjectUserSid": "S-1-5-21-1407145384-2259788832-4099636412-500",
    "SubjectUserName": "Administrator",
    "SubjectDomainName": "MYPARTNER",
    "SubjectLogonId": "0xffad8559"
  },
  "json_fields": {
    "provider": "Microsoft-Windows-Security-Auditing",
    "channel": "Security",
    "event_id": "4865",
    "timestamp": "2024-06-22T14:02:41.749935Z",
    "event_record_id": "3175613",
    "level": "0",
    "task": "13569",
    "opcode": "0",
    "keywords": "0x8020000000000000",
    "computer": "CDCWTRDC01.mypartner.lan",
    "ForestRoot": "rootblue.lan",
    "ForestRootSid": "S-1-5-21-392370121-190461309-2151315433",
    "OperationId": "0xffadf358",
    "EntryType": "0",
    "Flags": "0",
    "TopLevelName": "rootblue.lan",
    "DnsName": "-",
    "NetbiosName": "-",
    "DomainSid": "S-1-0-0",
    "SubjectUserSid": "S-1-5-21-1407145384-2259788832-4099636412-500",
    "SubjectUserName": "Administrator",
    "SubjectDomainName": "MYPARTNER",
    "SubjectLogonId": "0xffad8559"
  }
}