{
  "event_id": "4877",
  "provider": "Microsoft-Windows-Security-Auditing",
  "channel": "Security",
  "source_file": "D:\\visual code file\\Project_4\\Event-Analyzer\\test\\Malicious\\EVTX-to-MITRE-Attack-master\\TA0005-Defense Evasion\\T1562.002-Disable Windows Event Logging\\ID4885,4876,4877,5123,5124-ADCS PKI OCSP.evtx",
  "event_record_id": 12,
  "xml": "<?xml version=\"1.0\" encoding=\"utf-8\"?>\n<Event xmlns=\"http://schemas.microsoft.com/win/2004/08/events/event\">\n  <System>\n    <Provider Name=\"Microsoft-Windows-Security-Auditing\" Guid=\"54849625-5478-4994-A5BA-3E3B0328C30D\">\n    </Provider>\n    <EventID>4877</EventID>\n    <Version>0</Version>\n    <Level>0</Level>\n    <Task>12805</Task>\n    <Opcode>0</Opcode>\n    <Keywords>0x8020000000000000</Keywords>\n    <TimeCreated SystemTime=\"2024-09-03T10:41:31.145540Z\">\n    </TimeCreated>\n    <EventRecordID>376330</EventRecordID>\n    <Correlation ActivityID=\"D702B00C-FB0E-0000-8CB1-02D70EFBDA01\">\n    </Correlation>\n    <Execution ProcessID=\"640\" ThreadID=\"4156\">\n    </Execution>\n    <Channel>Security</Channel>\n    <Computer>CDCWPKI01.rootblue.lan</Computer>\n    <Security>\n    </Security>\n  </System>\n  <EventData>\n    <Data Name=\"SubjectUserSid\">S-1-5-21-392370121-190461309-2151315433-1108</Data>\n    <Data Name=\"SubjectUserName\">domadm</Data>\n    <Data Name=\"SubjectDomainName\">ROOTBLUE</Data>\n    <Data Name=\"SubjectLogonId\">0x91861a6</Data>\n  </EventData>\n</Event>\n",
  "json": "{\"Event\":{\"#attributes\":{\"xmlns\":\"http://schemas.microsoft.com/win/2004/08/events/event\"},\"System\":{\"Provider\":{\"#attributes\":{\"Name\":\"Microsoft-Windows-Security-Auditing\",\"Guid\":\"54849625-5478-4994-A5BA-3E3B0328C30D\"}},\"EventID\":4877,\"Version\":0,\"Level\":0,\"Task\":12805,\"Opcode\":0,\"Keywords\":\"0x8020000000000000\",\"TimeCreated\":{\"#attributes\":{\"SystemTime\":\"2024-09-03T10:41:31.145540Z\"}},\"EventRecordID\":376330,\"Correlation\":{\"#attributes\":{\"ActivityID\":\"D702B00C-FB0E-0000-8CB1-02D70EFBDA01\"}},\"Execution\":{\"#attributes\":{\"ProcessID\":640,\"ThreadID\":4156}},\"Channel\":\"Security\",\"Computer\":\"CDCWPKI01.rootblue.lan\",\"Security\":null},\"EventData\":{\"SubjectUserSid\":\"S-1-5-21-392370121-190461309-2151315433-1108\",\"SubjectUserName\":\"domadm\",\"SubjectDomainName\":\"ROOTBLUE\",\"SubjectLogonId\":\"0x91861a6\"}}}",
  "xml_fields": {
    "provider": "Microsoft-Windows-Security-Auditing",
    "event_id": "4877",
    "timestamp": "2024-09-03T10:41:31.145540Z",
    "event_record_id": "376330",
    "level": "0",
    "task": "12805",
    "opcode": "0",
    "keywords": "0x8020000000000000",
    "channel": "Security",
    "computer": "CDCWPKI01.rootblue.lan",
    "SubjectUserSid": "S-1-5-21-392370121-190461309-2151315433-1108",
    "SubjectUserName": "domadm",
    "SubjectDomainName": "ROOTBLUE",
    "SubjectLogonId": "0x91861a6"
  },
  "json_fields": {
    "provider": "Microsoft-Windows-Security-Auditing",
    "channel": "Security",
    "event_id": "4877",
    "timestamp": "2024-09-03T10:41:31.145540Z",
    "event_record_id": "376330",
    "level": "0",
    "task": "12805",
    "opcode": "0",
    "keywords": "0x8020000000000000",
    "computer": "CDCWPKI01.rootblue.lan",
    "SubjectUserSid": "S-1-5-21-392370121-190461309-2151315433-1108",
    "SubjectUserName": "domadm",
    "SubjectDomainName": "ROOTBLUE",
    "SubjectLogonId": "0x91861a6"
  }
}