{
  "event_id": "48",
  "provider": "Microsoft-Windows-ShellCommon-StartLayoutPopulation",
  "channel": "Microsoft-Windows-ShellCommon-StartLayoutPopulation/Operational",
  "source_file": "D:\\visual code file\\Project_4\\Event-Analyzer\\test\\Logs\\Microsoft-Windows-ShellCommon-StartLayoutPopulation%4Operational.evtx",
  "event_record_id": 70,
  "xml": "<?xml version=\"1.0\" encoding=\"utf-8\"?>\n<Event xmlns=\"http://schemas.microsoft.com/win/2004/08/events/event\">\n  <System>\n    <Provider Name=\"Microsoft-Windows-ShellCommon-StartLayoutPopulation\" Guid=\"97CA8142-10B1-4BAA-9FBB-70A7D11231C3\">\n    </Provider>\n    <EventID>48</EventID>\n    <Version>0</Version>\n    <Level>4</Level>\n    <Task>17</Task>\n    <Opcode>2</Opcode>\n    <Keywords>0x4000000000000000</Keywords>\n    <TimeCreated SystemTime=\"2024-11-04T12:48:45.103114Z\">\n    </TimeCreated>\n    <EventRecordID>70</EventRecordID>\n    <Correlation ActivityID=\"ABFE7217-2EB6-0000-6684-FEABB62EDB01\">\n    </Correlation>\n    <Execution ProcessID=\"5300\" ThreadID=\"3756\">\n    </Execution>\n    <Channel>Microsoft-Windows-ShellCommon-StartLayoutPopulation/Operational</Channel>\n    <Computer>DESKTOP-P9H5FTA</Computer>\n    <Security UserID=\"S-1-5-21-3088055692-629932344-1786574096-1001\">\n    </Security>\n  </System>\n  <EventData>\n  </EventData>\n</Event>\n",
  "json": "{\"Event\":{\"#attributes\":{\"xmlns\":\"http://schemas.microsoft.com/win/2004/08/events/event\"},\"System\":{\"Provider\":{\"#attributes\":{\"Name\":\"Microsoft-Windows-ShellCommon-StartLayoutPopulation\",\"Guid\":\"97CA8142-10B1-4BAA-9FBB-70A7D11231C3\"}},\"EventID\":48,\"Version\":0,\"Level\":4,\"Task\":17,\"Opcode\":2,\"Keywords\":\"0x4000000000000000\",\"TimeCreated\":{\"#attributes\":{\"SystemTime\":\"2024-11-04T12:48:45.103114Z\"}},\"EventRecordID\":70,\"Correlation\":{\"#attributes\":{\"ActivityID\":\"ABFE7217-2EB6-0000-6684-FEABB62EDB01\"}},\"Execution\":{\"#attributes\":{\"ProcessID\":5300,\"ThreadID\":3756}},\"Channel\":\"Microsoft-Windows-ShellCommon-StartLayoutPopulation/Operational\",\"Computer\":\"DESKTOP-P9H5FTA\",\"Security\":{\"#attributes\":{\"UserID\":\"S-1-5-21-3088055692-629932344-1786574096-1001\"}}},\"EventData\":null}}",
  "xml_fields": {
    "provider": "Microsoft-Windows-ShellCommon-StartLayoutPopulation",
    "event_id": "48",
    "timestamp": "2024-11-04T12:48:45.103114Z",
    "event_record_id": "70",
    "level": "4",
    "task": "17",
    "opcode": "2",
    "keywords": "0x4000000000000000",
    "channel": "Microsoft-Windows-ShellCommon-StartLayoutPopulation/Operational",
    "computer": "DESKTOP-P9H5FTA"
  },
  "json_fields": {
    "provider": "Microsoft-Windows-ShellCommon-StartLayoutPopulation",
    "channel": "Microsoft-Windows-ShellCommon-StartLayoutPopulation/Operational",
    "event_id": "48",
    "timestamp": "2024-11-04T12:48:45.103114Z",
    "event_record_id": "70",
    "level": "4",
    "task": "17",
    "opcode": "2",
    "keywords": "0x4000000000000000",
    "computer": "DESKTOP-P9H5FTA"
  }
}