{
  "event_id": "48",
  "provider": "Microsoft-Windows-WinRM",
  "channel": "Microsoft-Windows-WinRM/Operational",
  "source_file": "D:\\visual code file\\Project_4\\Event-Analyzer\\test\\Benign\\Win2022-AD\\Microsoft-Windows-WinRM%4Operational.evtx",
  "event_record_id": 119,
  "xml": "<?xml version=\"1.0\" encoding=\"utf-8\"?>\n<Event xmlns=\"http://schemas.microsoft.com/win/2004/08/events/event\">\n  <System>\n    <Provider Name=\"Microsoft-Windows-WinRM\" Guid=\"A7975C8F-AC13-49F1-87DA-5A984A4AB417\">\n    </Provider>\n    <EventID>48</EventID>\n    <Version>0</Version>\n    <Level>4</Level>\n    <Task>16</Task>\n    <Opcode>2</Opcode>\n    <Keywords>0x4000000000000002</Keywords>\n    <TimeCreated SystemTime=\"2022-04-07T17:21:54.488460Z\">\n    </TimeCreated>\n    <EventRecordID>119</EventRecordID>\n    <Correlation ActivityID=\"E0AAB88C-4A9F-0001-8BEF-AAE09F4AD801\">\n    </Correlation>\n    <Execution ProcessID=\"4444\" ThreadID=\"4660\">\n    </Execution>\n    <Channel>Microsoft-Windows-WinRM/Operational</Channel>\n    <Computer>WIN-FPV0DSIC9O6.sigma.fr</Computer>\n    <Security UserID=\"S-1-5-21-2121334350-1110938707-2888912545-500\">\n    </Security>\n  </System>\n  <EventData>\n  </EventData>\n</Event>\n",
  "json": "{\"Event\":{\"#attributes\":{\"xmlns\":\"http://schemas.microsoft.com/win/2004/08/events/event\"},\"System\":{\"Provider\":{\"#attributes\":{\"Name\":\"Microsoft-Windows-WinRM\",\"Guid\":\"A7975C8F-AC13-49F1-87DA-5A984A4AB417\"}},\"EventID\":48,\"Version\":0,\"Level\":4,\"Task\":16,\"Opcode\":2,\"Keywords\":\"0x4000000000000002\",\"TimeCreated\":{\"#attributes\":{\"SystemTime\":\"2022-04-07T17:21:54.488460Z\"}},\"EventRecordID\":119,\"Correlation\":{\"#attributes\":{\"ActivityID\":\"E0AAB88C-4A9F-0001-8BEF-AAE09F4AD801\"}},\"Execution\":{\"#attributes\":{\"ProcessID\":4444,\"ThreadID\":4660}},\"Channel\":\"Microsoft-Windows-WinRM/Operational\",\"Computer\":\"WIN-FPV0DSIC9O6.sigma.fr\",\"Security\":{\"#attributes\":{\"UserID\":\"S-1-5-21-2121334350-1110938707-2888912545-500\"}}},\"EventData\":null}}",
  "xml_fields": {
    "provider": "Microsoft-Windows-WinRM",
    "event_id": "48",
    "timestamp": "2022-04-07T17:21:54.488460Z",
    "event_record_id": "119",
    "level": "4",
    "task": "16",
    "opcode": "2",
    "keywords": "0x4000000000000002",
    "channel": "Microsoft-Windows-WinRM/Operational",
    "computer": "WIN-FPV0DSIC9O6.sigma.fr"
  },
  "json_fields": {
    "provider": "Microsoft-Windows-WinRM",
    "channel": "Microsoft-Windows-WinRM/Operational",
    "event_id": "48",
    "timestamp": "2022-04-07T17:21:54.488460Z",
    "event_record_id": "119",
    "level": "4",
    "task": "16",
    "opcode": "2",
    "keywords": "0x4000000000000002",
    "computer": "WIN-FPV0DSIC9O6.sigma.fr"
  }
}