{
  "event_id": "4904",
  "provider": "Microsoft-Windows-Security-Auditing",
  "channel": "Security",
  "source_file": "D:\\visual code file\\Project_4\\Event-Analyzer\\test\\Benign\\win2022-evtx\\Security.evtx",
  "event_record_id": 25620,
  "xml": "<?xml version=\"1.0\" encoding=\"utf-8\"?>\n<Event xmlns=\"http://schemas.microsoft.com/win/2004/08/events/event\">\n  <System>\n    <Provider Name=\"Microsoft-Windows-Security-Auditing\" Guid=\"54849625-5478-4994-A5BA-3E3B0328C30D\">\n    </Provider>\n    <EventID>4904</EventID>\n    <Version>0</Version>\n    <Level>0</Level>\n    <Task>13568</Task>\n    <Opcode>0</Opcode>\n    <Keywords>0x8020000000000000</Keywords>\n    <TimeCreated SystemTime=\"2022-04-04T13:11:19.368595Z\">\n    </TimeCreated>\n    <EventRecordID>25620</EventRecordID>\n    <Correlation ActivityID=\"7377737E-4825-0000-C974-77732548D801\">\n    </Correlation>\n    <Execution ProcessID=\"612\" ThreadID=\"664\">\n    </Execution>\n    <Channel>Security</Channel>\n    <Computer>WIN-TKC15D7KHUR</Computer>\n    <Security>\n    </Security>\n  </System>\n  <EventData>\n    <Data Name=\"SubjectUserSid\">S-1-5-18</Data>\n    <Data Name=\"SubjectUserName\">WIN-TKC15D7KHUR$</Data>\n    <Data Name=\"SubjectDomainName\">WORKGROUP</Data>\n    <Data Name=\"SubjectLogonId\">0x3e7</Data>\n    <Data Name=\"AuditSourceName\">IIS-METABASE</Data>\n    <Data Name=\"EventSourceId\">0x21062</Data>\n    <Data Name=\"ProcessId\">0x648</Data>\n    <Data Name=\"ProcessName\">C:\\Windows\\System32\\inetsrv\\inetinfo.exe</Data>\n  </EventData>\n</Event>\n",
  "json": "{\"Event\":{\"#attributes\":{\"xmlns\":\"http://schemas.microsoft.com/win/2004/08/events/event\"},\"System\":{\"Provider\":{\"#attributes\":{\"Name\":\"Microsoft-Windows-Security-Auditing\",\"Guid\":\"54849625-5478-4994-A5BA-3E3B0328C30D\"}},\"EventID\":4904,\"Version\":0,\"Level\":0,\"Task\":13568,\"Opcode\":0,\"Keywords\":\"0x8020000000000000\",\"TimeCreated\":{\"#attributes\":{\"SystemTime\":\"2022-04-04T13:11:19.368595Z\"}},\"EventRecordID\":25620,\"Correlation\":{\"#attributes\":{\"ActivityID\":\"7377737E-4825-0000-C974-77732548D801\"}},\"Execution\":{\"#attributes\":{\"ProcessID\":612,\"ThreadID\":664}},\"Channel\":\"Security\",\"Computer\":\"WIN-TKC15D7KHUR\",\"Security\":null},\"EventData\":{\"SubjectUserSid\":\"S-1-5-18\",\"SubjectUserName\":\"WIN-TKC15D7KHUR$\",\"SubjectDomainName\":\"WORKGROUP\",\"SubjectLogonId\":\"0x3e7\",\"AuditSourceName\":\"IIS-METABASE\",\"EventSourceId\":\"0x21062\",\"ProcessId\":\"0x648\",\"ProcessName\":\"C:\\\\Windows\\\\System32\\\\inetsrv\\\\inetinfo.exe\"}}}",
  "xml_fields": {
    "provider": "Microsoft-Windows-Security-Auditing",
    "event_id": "4904",
    "timestamp": "2022-04-04T13:11:19.368595Z",
    "event_record_id": "25620",
    "level": "0",
    "task": "13568",
    "opcode": "0",
    "keywords": "0x8020000000000000",
    "channel": "Security",
    "computer": "WIN-TKC15D7KHUR",
    "SubjectUserSid": "S-1-5-18",
    "SubjectUserName": "WIN-TKC15D7KHUR$",
    "SubjectDomainName": "WORKGROUP",
    "SubjectLogonId": "0x3e7",
    "AuditSourceName": "IIS-METABASE",
    "EventSourceId": "0x21062",
    "ProcessId": "0x648",
    "ProcessName": "C:\\Windows\\System32\\inetsrv\\inetinfo.exe"
  },
  "json_fields": {
    "provider": "Microsoft-Windows-Security-Auditing",
    "channel": "Security",
    "event_id": "4904",
    "timestamp": "2022-04-04T13:11:19.368595Z",
    "event_record_id": "25620",
    "level": "0",
    "task": "13568",
    "opcode": "0",
    "keywords": "0x8020000000000000",
    "computer": "WIN-TKC15D7KHUR",
    "SubjectUserSid": "S-1-5-18",
    "SubjectUserName": "WIN-TKC15D7KHUR$",
    "SubjectDomainName": "WORKGROUP",
    "SubjectLogonId": "0x3e7",
    "AuditSourceName": "IIS-METABASE",
    "EventSourceId": "0x21062",
    "ProcessId": "0x648",
    "ProcessName": "C:\\Windows\\System32\\inetsrv\\inetinfo.exe"
  }
}