{
  "event_id": "4905",
  "provider": "Microsoft-Windows-Security-Auditing",
  "channel": "Security",
  "source_file": "D:\\visual code file\\Project_4\\Event-Analyzer\\test\\Benign\\win7-x86\\Security.evtx",
  "event_record_id": 151,
  "xml": "<?xml version=\"1.0\" encoding=\"utf-8\"?>\n<Event xmlns=\"http://schemas.microsoft.com/win/2004/08/events/event\">\n  <System>\n    <Provider Name=\"Microsoft-Windows-Security-Auditing\" Guid=\"54849625-5478-4994-A5BA-3E3B0328C30D\">\n    </Provider>\n    <EventID>4905</EventID>\n    <Version>0</Version>\n    <Level>0</Level>\n    <Task>13568</Task>\n    <Opcode>0</Opcode>\n    <Keywords>0x8020000000000000</Keywords>\n    <TimeCreated SystemTime=\"2022-04-04T10:10:37.672953Z\">\n    </TimeCreated>\n    <EventRecordID>151</EventRecordID>\n    <Correlation>\n    </Correlation>\n    <Execution ProcessID=\"424\" ThreadID=\"3204\">\n    </Execution>\n    <Channel>Security</Channel>\n    <Computer>evtx-PC</Computer>\n    <Security>\n    </Security>\n  </System>\n  <EventData>\n    <Data Name=\"SubjectUserSid\">S-1-5-18</Data>\n    <Data Name=\"SubjectUserName\">WIN-DQ6SQUGKQRD$</Data>\n    <Data Name=\"SubjectDomainName\">WORKGROUP</Data>\n    <Data Name=\"SubjectLogonId\">0x3e7</Data>\n    <Data Name=\"AuditSourceName\">VSSAudit</Data>\n    <Data Name=\"EventSourceId\">0xa3fbe</Data>\n    <Data Name=\"ProcessId\">0xfd0</Data>\n    <Data Name=\"ProcessName\">C:\\Windows\\System32\\VSSVC.exe</Data>\n  </EventData>\n</Event>\n",
  "json": "{\"Event\":{\"#attributes\":{\"xmlns\":\"http://schemas.microsoft.com/win/2004/08/events/event\"},\"System\":{\"Provider\":{\"#attributes\":{\"Name\":\"Microsoft-Windows-Security-Auditing\",\"Guid\":\"54849625-5478-4994-A5BA-3E3B0328C30D\"}},\"EventID\":4905,\"Version\":0,\"Level\":0,\"Task\":13568,\"Opcode\":0,\"Keywords\":\"0x8020000000000000\",\"TimeCreated\":{\"#attributes\":{\"SystemTime\":\"2022-04-04T10:10:37.672953Z\"}},\"EventRecordID\":151,\"Correlation\":null,\"Execution\":{\"#attributes\":{\"ProcessID\":424,\"ThreadID\":3204}},\"Channel\":\"Security\",\"Computer\":\"evtx-PC\",\"Security\":null},\"EventData\":{\"SubjectUserSid\":\"S-1-5-18\",\"SubjectUserName\":\"WIN-DQ6SQUGKQRD$\",\"SubjectDomainName\":\"WORKGROUP\",\"SubjectLogonId\":\"0x3e7\",\"AuditSourceName\":\"VSSAudit\",\"EventSourceId\":\"0xa3fbe\",\"ProcessId\":\"0xfd0\",\"ProcessName\":\"C:\\\\Windows\\\\System32\\\\VSSVC.exe\"}}}",
  "xml_fields": {
    "provider": "Microsoft-Windows-Security-Auditing",
    "event_id": "4905",
    "timestamp": "2022-04-04T10:10:37.672953Z",
    "event_record_id": "151",
    "level": "0",
    "task": "13568",
    "opcode": "0",
    "keywords": "0x8020000000000000",
    "channel": "Security",
    "computer": "evtx-PC",
    "SubjectUserSid": "S-1-5-18",
    "SubjectUserName": "WIN-DQ6SQUGKQRD$",
    "SubjectDomainName": "WORKGROUP",
    "SubjectLogonId": "0x3e7",
    "AuditSourceName": "VSSAudit",
    "EventSourceId": "0xa3fbe",
    "ProcessId": "0xfd0",
    "ProcessName": "C:\\Windows\\System32\\VSSVC.exe"
  },
  "json_fields": {
    "provider": "Microsoft-Windows-Security-Auditing",
    "channel": "Security",
    "event_id": "4905",
    "timestamp": "2022-04-04T10:10:37.672953Z",
    "event_record_id": "151",
    "level": "0",
    "task": "13568",
    "opcode": "0",
    "keywords": "0x8020000000000000",
    "computer": "evtx-PC",
    "SubjectUserSid": "S-1-5-18",
    "SubjectUserName": "WIN-DQ6SQUGKQRD$",
    "SubjectDomainName": "WORKGROUP",
    "SubjectLogonId": "0x3e7",
    "AuditSourceName": "VSSAudit",
    "EventSourceId": "0xa3fbe",
    "ProcessId": "0xfd0",
    "ProcessName": "C:\\Windows\\System32\\VSSVC.exe"
  }
}