{
  "event_id": "4907",
  "provider": "Microsoft-Windows-Security-Auditing",
  "channel": "Security",
  "source_file": "D:\\visual code file\\Project_4\\Event-Analyzer\\test\\Logs\\Security.evtx",
  "event_record_id": 4437,
  "xml": "<?xml version=\"1.0\" encoding=\"utf-8\"?>\n<Event xmlns=\"http://schemas.microsoft.com/win/2004/08/events/event\">\n  <System>\n    <Provider Name=\"Microsoft-Windows-Security-Auditing\" Guid=\"54849625-5478-4994-A5BA-3E3B0328C30D\">\n    </Provider>\n    <EventID>4907</EventID>\n    <Version>0</Version>\n    <Level>0</Level>\n    <Task>13568</Task>\n    <Opcode>0</Opcode>\n    <Keywords>0x8020000000000000</Keywords>\n    <TimeCreated SystemTime=\"2025-01-24T10:30:19.664211Z\">\n    </TimeCreated>\n    <EventRecordID>4437</EventRecordID>\n    <Correlation>\n    </Correlation>\n    <Execution ProcessID=\"4\" ThreadID=\"304\">\n    </Execution>\n    <Channel>Security</Channel>\n    <Computer>CTO-FILESVR</Computer>\n    <Security>\n    </Security>\n  </System>\n  <EventData>\n    <Data Name=\"SubjectUserSid\">S-1-5-18</Data>\n    <Data Name=\"SubjectUserName\">CTO-FILESVR$</Data>\n    <Data Name=\"SubjectDomainName\">WORKGROUP</Data>\n    <Data Name=\"SubjectLogonId\">0x3e7</Data>\n    <Data Name=\"ObjectServer\">Security</Data>\n    <Data Name=\"ObjectType\">File</Data>\n    <Data Name=\"ObjectName\">C:\\Windows\\WinSxS\\FileMaps\\_0000000000000000.cdf-ms</Data>\n    <Data Name=\"HandleId\">0x98c</Data>\n    <Data Name=\"OldSd\"></Data>\n    <Data Name=\"NewSd\">S:ARAI(AU;SAFA;0x1f0116;;;WD)</Data>\n    <Data Name=\"ProcessId\">0x1fb0</Data>\n    <Data Name=\"ProcessName\">C:\\Windows\\WinSxS\\amd64_microsoft-windows-servicingstack_31bf3856ad364e35_10.0.19041.1940_none_7dd80d767cb5c7b0\\TiWorker.exe</Data>\n  </EventData>\n</Event>\n",
  "json": "{\"Event\":{\"#attributes\":{\"xmlns\":\"http://schemas.microsoft.com/win/2004/08/events/event\"},\"System\":{\"Provider\":{\"#attributes\":{\"Name\":\"Microsoft-Windows-Security-Auditing\",\"Guid\":\"54849625-5478-4994-A5BA-3E3B0328C30D\"}},\"EventID\":4907,\"Version\":0,\"Level\":0,\"Task\":13568,\"Opcode\":0,\"Keywords\":\"0x8020000000000000\",\"TimeCreated\":{\"#attributes\":{\"SystemTime\":\"2025-01-24T10:30:19.664211Z\"}},\"EventRecordID\":4437,\"Correlation\":null,\"Execution\":{\"#attributes\":{\"ProcessID\":4,\"ThreadID\":304}},\"Channel\":\"Security\",\"Computer\":\"CTO-FILESVR\",\"Security\":null},\"EventData\":{\"SubjectUserSid\":\"S-1-5-18\",\"SubjectUserName\":\"CTO-FILESVR$\",\"SubjectDomainName\":\"WORKGROUP\",\"SubjectLogonId\":\"0x3e7\",\"ObjectServer\":\"Security\",\"ObjectType\":\"File\",\"ObjectName\":\"C:\\\\Windows\\\\WinSxS\\\\FileMaps\\\\_0000000000000000.cdf-ms\",\"HandleId\":\"0x98c\",\"OldSd\":\"\",\"NewSd\":\"S:ARAI(AU;SAFA;0x1f0116;;;WD)\",\"ProcessId\":\"0x1fb0\",\"ProcessName\":\"C:\\\\Windows\\\\WinSxS\\\\amd64_microsoft-windows-servicingstack_31bf3856ad364e35_10.0.19041.1940_none_7dd80d767cb5c7b0\\\\TiWorker.exe\"}}}",
  "xml_fields": {
    "provider": "Microsoft-Windows-Security-Auditing",
    "event_id": "4907",
    "timestamp": "2025-01-24T10:30:19.664211Z",
    "event_record_id": "4437",
    "level": "0",
    "task": "13568",
    "opcode": "0",
    "keywords": "0x8020000000000000",
    "channel": "Security",
    "computer": "CTO-FILESVR",
    "SubjectUserSid": "S-1-5-18",
    "SubjectUserName": "CTO-FILESVR$",
    "SubjectDomainName": "WORKGROUP",
    "SubjectLogonId": "0x3e7",
    "ObjectServer": "Security",
    "ObjectType": "File",
    "ObjectName": "C:\\Windows\\WinSxS\\FileMaps\\_0000000000000000.cdf-ms",
    "HandleId": "0x98c",
    "OldSd": "",
    "NewSd": "S:ARAI(AU;SAFA;0x1f0116;;;WD)",
    "ProcessId": "0x1fb0",
    "ProcessName": "C:\\Windows\\WinSxS\\amd64_microsoft-windows-servicingstack_31bf3856ad364e35_10.0.19041.1940_none_7dd80d767cb5c7b0\\TiWorker.exe"
  },
  "json_fields": {
    "provider": "Microsoft-Windows-Security-Auditing",
    "channel": "Security",
    "event_id": "4907",
    "timestamp": "2025-01-24T10:30:19.664211Z",
    "event_record_id": "4437",
    "level": "0",
    "task": "13568",
    "opcode": "0",
    "keywords": "0x8020000000000000",
    "computer": "CTO-FILESVR",
    "SubjectUserSid": "S-1-5-18",
    "SubjectUserName": "CTO-FILESVR$",
    "SubjectDomainName": "WORKGROUP",
    "SubjectLogonId": "0x3e7",
    "ObjectServer": "Security",
    "ObjectType": "File",
    "ObjectName": "C:\\Windows\\WinSxS\\FileMaps\\_0000000000000000.cdf-ms",
    "HandleId": "0x98c",
    "OldSd": "",
    "NewSd": "S:ARAI(AU;SAFA;0x1f0116;;;WD)",
    "ProcessId": "0x1fb0",
    "ProcessName": "C:\\Windows\\WinSxS\\amd64_microsoft-windows-servicingstack_31bf3856ad364e35_10.0.19041.1940_none_7dd80d767cb5c7b0\\TiWorker.exe"
  }
}