{
  "event_id": "4908",
  "provider": "Microsoft-Windows-Security-Auditing",
  "channel": "Security",
  "source_file": "D:\\visual code file\\Project_4\\Event-Analyzer\\test\\Malicious\\EVTX-to-MITRE-Attack-master\\TA0005-Defense Evasion\\T1562.002-Disable Windows Event Logging\\ID4908-Special group table changed.evtx",
  "event_record_id": 1,
  "xml": "<?xml version=\"1.0\" encoding=\"utf-8\"?>\n<Event xmlns=\"http://schemas.microsoft.com/win/2004/08/events/event\">\n  <System>\n    <Provider Name=\"Microsoft-Windows-Security-Auditing\" Guid=\"54849625-5478-4994-A5BA-3E3B0328C30D\">\n    </Provider>\n    <EventID>4908</EventID>\n    <Version>0</Version>\n    <Level>0</Level>\n    <Task>13568</Task>\n    <Opcode>0</Opcode>\n    <Keywords>0x8020000000000000</Keywords>\n    <TimeCreated SystemTime=\"2020-07-12T06:01:51.798027Z\">\n    </TimeCreated>\n    <EventRecordID>16088364</EventRecordID>\n    <Correlation>\n    </Correlation>\n    <Execution ProcessID=\"528\" ThreadID=\"548\">\n    </Execution>\n    <Channel>Security</Channel>\n    <Computer>rootdc1.offsec.lan</Computer>\n    <Security>\n    </Security>\n  </System>\n  <EventData>\n    <Data Name=\"SidList\">-</Data>\n  </EventData>\n</Event>\n",
  "json": "{\"Event\":{\"#attributes\":{\"xmlns\":\"http://schemas.microsoft.com/win/2004/08/events/event\"},\"System\":{\"Provider\":{\"#attributes\":{\"Name\":\"Microsoft-Windows-Security-Auditing\",\"Guid\":\"54849625-5478-4994-A5BA-3E3B0328C30D\"}},\"EventID\":4908,\"Version\":0,\"Level\":0,\"Task\":13568,\"Opcode\":0,\"Keywords\":\"0x8020000000000000\",\"TimeCreated\":{\"#attributes\":{\"SystemTime\":\"2020-07-12T06:01:51.798027Z\"}},\"EventRecordID\":16088364,\"Correlation\":null,\"Execution\":{\"#attributes\":{\"ProcessID\":528,\"ThreadID\":548}},\"Channel\":\"Security\",\"Computer\":\"rootdc1.offsec.lan\",\"Security\":null},\"EventData\":{\"SidList\":\"-\"}}}",
  "xml_fields": {
    "provider": "Microsoft-Windows-Security-Auditing",
    "event_id": "4908",
    "timestamp": "2020-07-12T06:01:51.798027Z",
    "event_record_id": "16088364",
    "level": "0",
    "task": "13568",
    "opcode": "0",
    "keywords": "0x8020000000000000",
    "channel": "Security",
    "computer": "rootdc1.offsec.lan",
    "SidList": "-"
  },
  "json_fields": {
    "provider": "Microsoft-Windows-Security-Auditing",
    "channel": "Security",
    "event_id": "4908",
    "timestamp": "2020-07-12T06:01:51.798027Z",
    "event_record_id": "16088364",
    "level": "0",
    "task": "13568",
    "opcode": "0",
    "keywords": "0x8020000000000000",
    "computer": "rootdc1.offsec.lan",
    "SidList": "-"
  }
}