{
  "event_id": "490",
  "provider": "Microsoft-Windows-AppXDeployment-Server",
  "channel": "Microsoft-Windows-AppXDeploymentServer/Operational",
  "source_file": "D:\\visual code file\\Project_4\\Event-Analyzer\\test\\Logs\\Microsoft-Windows-AppXDeploymentServer%4Operational.evtx",
  "event_record_id": 10638,
  "xml": "<?xml version=\"1.0\" encoding=\"utf-8\"?>\n<Event xmlns=\"http://schemas.microsoft.com/win/2004/08/events/event\">\n  <System>\n    <Provider Name=\"Microsoft-Windows-AppXDeployment-Server\" Guid=\"3F471139-ACB7-4A01-B7A7-FF5DA4BA2D43\">\n    </Provider>\n    <EventID>490</EventID>\n    <Version>0</Version>\n    <Level>5</Level>\n    <Task>3</Task>\n    <Opcode>0</Opcode>\n    <Keywords>0x4000000000000001</Keywords>\n    <TimeCreated SystemTime=\"2025-01-24T10:24:56.873657Z\">\n    </TimeCreated>\n    <EventRecordID>10638</EventRecordID>\n    <Correlation ActivityID=\"8D345FF6-6E47-0002-9A82-348D476EDB01\">\n    </Correlation>\n    <Execution ProcessID=\"3908\" ThreadID=\"7300\">\n    </Execution>\n    <Channel>Microsoft-Windows-AppXDeploymentServer/Operational</Channel>\n    <Computer>CTO-FILESVR</Computer>\n    <Security UserID=\"S-1-5-18\">\n    </Security>\n  </System>\n  <EventData>\n    <Data Name=\"FileName\">\\\\?\\C:\\Program Files\\WindowsApps\\Microsoft.WindowsCamera_2024.2408.1.0_x64__8wekyb3d8bbwe\\Microsoft.Graphics.Canvas.dll</Data>\n    <Data Name=\"Offset\">0xa0000</Data>\n    <Data Name=\"Size\">0x18cd88</Data>\n  </EventData>\n</Event>\n",
  "json": "{\"Event\":{\"#attributes\":{\"xmlns\":\"http://schemas.microsoft.com/win/2004/08/events/event\"},\"System\":{\"Provider\":{\"#attributes\":{\"Name\":\"Microsoft-Windows-AppXDeployment-Server\",\"Guid\":\"3F471139-ACB7-4A01-B7A7-FF5DA4BA2D43\"}},\"EventID\":490,\"Version\":0,\"Level\":5,\"Task\":3,\"Opcode\":0,\"Keywords\":\"0x4000000000000001\",\"TimeCreated\":{\"#attributes\":{\"SystemTime\":\"2025-01-24T10:24:56.873657Z\"}},\"EventRecordID\":10638,\"Correlation\":{\"#attributes\":{\"ActivityID\":\"8D345FF6-6E47-0002-9A82-348D476EDB01\"}},\"Execution\":{\"#attributes\":{\"ProcessID\":3908,\"ThreadID\":7300}},\"Channel\":\"Microsoft-Windows-AppXDeploymentServer/Operational\",\"Computer\":\"CTO-FILESVR\",\"Security\":{\"#attributes\":{\"UserID\":\"S-1-5-18\"}}},\"EventData\":{\"FileName\":\"\\\\\\\\?\\\\C:\\\\Program Files\\\\WindowsApps\\\\Microsoft.WindowsCamera_2024.2408.1.0_x64__8wekyb3d8bbwe\\\\Microsoft.Graphics.Canvas.dll\",\"Offset\":\"0xa0000\",\"Size\":\"0x18cd88\"}}}",
  "xml_fields": {
    "provider": "Microsoft-Windows-AppXDeployment-Server",
    "event_id": "490",
    "timestamp": "2025-01-24T10:24:56.873657Z",
    "event_record_id": "10638",
    "level": "5",
    "task": "3",
    "opcode": "0",
    "keywords": "0x4000000000000001",
    "channel": "Microsoft-Windows-AppXDeploymentServer/Operational",
    "computer": "CTO-FILESVR",
    "FileName": "\\\\?\\C:\\Program Files\\WindowsApps\\Microsoft.WindowsCamera_2024.2408.1.0_x64__8wekyb3d8bbwe\\Microsoft.Graphics.Canvas.dll",
    "Offset": "0xa0000",
    "Size": "0x18cd88"
  },
  "json_fields": {
    "provider": "Microsoft-Windows-AppXDeployment-Server",
    "channel": "Microsoft-Windows-AppXDeploymentServer/Operational",
    "event_id": "490",
    "timestamp": "2025-01-24T10:24:56.873657Z",
    "event_record_id": "10638",
    "level": "5",
    "task": "3",
    "opcode": "0",
    "keywords": "0x4000000000000001",
    "computer": "CTO-FILESVR",
    "FileName": "\\\\?\\C:\\Program Files\\WindowsApps\\Microsoft.WindowsCamera_2024.2408.1.0_x64__8wekyb3d8bbwe\\Microsoft.Graphics.Canvas.dll",
    "Offset": "0xa0000",
    "Size": "0x18cd88"
  }
}