{
  "event_id": "4911",
  "provider": "Microsoft-Windows-Security-Auditing",
  "channel": "Security",
  "source_file": "D:\\visual code file\\Project_4\\Event-Analyzer\\test\\Benign\\Logs_Win11_2023\\Security.evtx",
  "event_record_id": 18965,
  "xml": "<?xml version=\"1.0\" encoding=\"utf-8\"?>\n<Event xmlns=\"http://schemas.microsoft.com/win/2004/08/events/event\">\n  <System>\n    <Provider Name=\"Microsoft-Windows-Security-Auditing\" Guid=\"54849625-5478-4994-A5BA-3E3B0328C30D\">\n    </Provider>\n    <EventID>4911</EventID>\n    <Version>0</Version>\n    <Level>0</Level>\n    <Task>13570</Task>\n    <Opcode>0</Opcode>\n    <Keywords>0x8020000000000000</Keywords>\n    <TimeCreated SystemTime=\"2023-11-05T22:52:24.842419Z\">\n    </TimeCreated>\n    <EventRecordID>18965</EventRecordID>\n    <Correlation>\n    </Correlation>\n    <Execution ProcessID=\"4\" ThreadID=\"8592\">\n    </Execution>\n    <Channel>Security</Channel>\n    <Computer>WinDev2310Eval</Computer>\n    <Security>\n    </Security>\n  </System>\n  <EventData>\n    <Data Name=\"SubjectUserSid\">S-1-5-21-1992711665-1655669231-58201500-1000</Data>\n    <Data Name=\"SubjectUserName\">User</Data>\n    <Data Name=\"SubjectDomainName\">WINDEV2310EVAL</Data>\n    <Data Name=\"SubjectLogonId\">0x277c6</Data>\n    <Data Name=\"ObjectServer\">Security</Data>\n    <Data Name=\"ObjectType\">File</Data>\n    <Data Name=\"ObjectName\">C:\\Windows\\Sysmon64.exe</Data>\n    <Data Name=\"HandleId\">0x310</Data>\n    <Data Name=\"OldSd\"></Data>\n    <Data Name=\"NewSd\">S:ARAI(RA;;;;;WD;(\"IMAGELOAD\",TU,0x0,1))</Data>\n    <Data Name=\"ProcessId\">0xbe8</Data>\n    <Data Name=\"ProcessName\">C:\\Users\\User\\Downloads\\Sysmon\\Sysmon64.exe</Data>\n  </EventData>\n</Event>\n",
  "json": "{\"Event\":{\"#attributes\":{\"xmlns\":\"http://schemas.microsoft.com/win/2004/08/events/event\"},\"System\":{\"Provider\":{\"#attributes\":{\"Name\":\"Microsoft-Windows-Security-Auditing\",\"Guid\":\"54849625-5478-4994-A5BA-3E3B0328C30D\"}},\"EventID\":4911,\"Version\":0,\"Level\":0,\"Task\":13570,\"Opcode\":0,\"Keywords\":\"0x8020000000000000\",\"TimeCreated\":{\"#attributes\":{\"SystemTime\":\"2023-11-05T22:52:24.842419Z\"}},\"EventRecordID\":18965,\"Correlation\":null,\"Execution\":{\"#attributes\":{\"ProcessID\":4,\"ThreadID\":8592}},\"Channel\":\"Security\",\"Computer\":\"WinDev2310Eval\",\"Security\":null},\"EventData\":{\"SubjectUserSid\":\"S-1-5-21-1992711665-1655669231-58201500-1000\",\"SubjectUserName\":\"User\",\"SubjectDomainName\":\"WINDEV2310EVAL\",\"SubjectLogonId\":\"0x277c6\",\"ObjectServer\":\"Security\",\"ObjectType\":\"File\",\"ObjectName\":\"C:\\\\Windows\\\\Sysmon64.exe\",\"HandleId\":\"0x310\",\"OldSd\":\"\",\"NewSd\":\"S:ARAI(RA;;;;;WD;(\\\"IMAGELOAD\\\",TU,0x0,1))\",\"ProcessId\":\"0xbe8\",\"ProcessName\":\"C:\\\\Users\\\\User\\\\Downloads\\\\Sysmon\\\\Sysmon64.exe\"}}}",
  "xml_fields": {
    "provider": "Microsoft-Windows-Security-Auditing",
    "event_id": "4911",
    "timestamp": "2023-11-05T22:52:24.842419Z",
    "event_record_id": "18965",
    "level": "0",
    "task": "13570",
    "opcode": "0",
    "keywords": "0x8020000000000000",
    "channel": "Security",
    "computer": "WinDev2310Eval",
    "SubjectUserSid": "S-1-5-21-1992711665-1655669231-58201500-1000",
    "SubjectUserName": "User",
    "SubjectDomainName": "WINDEV2310EVAL",
    "SubjectLogonId": "0x277c6",
    "ObjectServer": "Security",
    "ObjectType": "File",
    "ObjectName": "C:\\Windows\\Sysmon64.exe",
    "HandleId": "0x310",
    "OldSd": "",
    "NewSd": "S:ARAI(RA;;;;;WD;(\"IMAGELOAD\",TU,0x0,1))",
    "ProcessId": "0xbe8",
    "ProcessName": "C:\\Users\\User\\Downloads\\Sysmon\\Sysmon64.exe"
  },
  "json_fields": {
    "provider": "Microsoft-Windows-Security-Auditing",
    "channel": "Security",
    "event_id": "4911",
    "timestamp": "2023-11-05T22:52:24.842419Z",
    "event_record_id": "18965",
    "level": "0",
    "task": "13570",
    "opcode": "0",
    "keywords": "0x8020000000000000",
    "computer": "WinDev2310Eval",
    "SubjectUserSid": "S-1-5-21-1992711665-1655669231-58201500-1000",
    "SubjectUserName": "User",
    "SubjectDomainName": "WINDEV2310EVAL",
    "SubjectLogonId": "0x277c6",
    "ObjectServer": "Security",
    "ObjectType": "File",
    "ObjectName": "C:\\Windows\\Sysmon64.exe",
    "HandleId": "0x310",
    "OldSd": "",
    "NewSd": "S:ARAI(RA;;;;;WD;(\"IMAGELOAD\",TU,0x0,1))",
    "ProcessId": "0xbe8",
    "ProcessName": "C:\\Users\\User\\Downloads\\Sysmon\\Sysmon64.exe"
  }
}