{
  "event_id": "4929",
  "provider": "Microsoft-Windows-Security-Auditing",
  "channel": "Security",
  "source_file": "D:\\visual code file\\Project_4\\Event-Analyzer\\test\\Malicious\\EVTX-to-MITRE-Attack-master\\EVTX_full_APT_attack_steps\\ID4742,4935,4662,4661,5137-DCshadow attack (GLOBAL) failed.evtx",
  "event_record_id": 12,
  "xml": "<?xml version=\"1.0\" encoding=\"utf-8\"?>\n<Event xmlns=\"http://schemas.microsoft.com/win/2004/08/events/event\">\n  <System>\n    <Provider Name=\"Microsoft-Windows-Security-Auditing\" Guid=\"54849625-5478-4994-A5BA-3E3B0328C30D\">\n    </Provider>\n    <EventID>4929</EventID>\n    <Version>1</Version>\n    <Level>0</Level>\n    <Task>14083</Task>\n    <Opcode>0</Opcode>\n    <Keywords>0x8010000000000000</Keywords>\n    <TimeCreated SystemTime=\"2021-04-27T11:04:45.557748Z\">\n    </TimeCreated>\n    <EventRecordID>138520244</EventRecordID>\n    <Correlation ActivityID=\"9816F041-2BBE-0000-53F0-1698BE2BD701\">\n    </Correlation>\n    <Execution ProcessID=\"548\" ThreadID=\"5276\">\n    </Execution>\n    <Channel>Security</Channel>\n    <Computer>rootdc1.offsec.lan</Computer>\n    <Security>\n    </Security>\n  </System>\n  <EventData>\n    <Data Name=\"DestinationDRA\">CN=NTDS Settings,CN=ROOTDC1,CN=Servers,CN=OFFSEC-PREMISE,CN=Sites,CN=Configuration,DC=offsec,DC=lan</Data>\n    <Data Name=\"SourceDRA\">-</Data>\n    <Data Name=\"SourceAddr\">jump01.offsec.lan</Data>\n    <Data Name=\"NamingContext\">DC=offsec,DC=lan</Data>\n    <Data Name=\"Options\">16</Data>\n    <Data Name=\"StatusCode\">8452</Data>\n  </EventData>\n</Event>\n",
  "json": "{\"Event\":{\"#attributes\":{\"xmlns\":\"http://schemas.microsoft.com/win/2004/08/events/event\"},\"System\":{\"Provider\":{\"#attributes\":{\"Name\":\"Microsoft-Windows-Security-Auditing\",\"Guid\":\"54849625-5478-4994-A5BA-3E3B0328C30D\"}},\"EventID\":4929,\"Version\":1,\"Level\":0,\"Task\":14083,\"Opcode\":0,\"Keywords\":\"0x8010000000000000\",\"TimeCreated\":{\"#attributes\":{\"SystemTime\":\"2021-04-27T11:04:45.557748Z\"}},\"EventRecordID\":138520244,\"Correlation\":{\"#attributes\":{\"ActivityID\":\"9816F041-2BBE-0000-53F0-1698BE2BD701\"}},\"Execution\":{\"#attributes\":{\"ProcessID\":548,\"ThreadID\":5276}},\"Channel\":\"Security\",\"Computer\":\"rootdc1.offsec.lan\",\"Security\":null},\"EventData\":{\"DestinationDRA\":\"CN=NTDS Settings,CN=ROOTDC1,CN=Servers,CN=OFFSEC-PREMISE,CN=Sites,CN=Configuration,DC=offsec,DC=lan\",\"SourceDRA\":\"-\",\"SourceAddr\":\"jump01.offsec.lan\",\"NamingContext\":\"DC=offsec,DC=lan\",\"Options\":16,\"StatusCode\":8452}}}",
  "xml_fields": {
    "provider": "Microsoft-Windows-Security-Auditing",
    "event_id": "4929",
    "timestamp": "2021-04-27T11:04:45.557748Z",
    "event_record_id": "138520244",
    "level": "0",
    "task": "14083",
    "opcode": "0",
    "keywords": "0x8010000000000000",
    "channel": "Security",
    "computer": "rootdc1.offsec.lan",
    "DestinationDRA": "CN=NTDS Settings,CN=ROOTDC1,CN=Servers,CN=OFFSEC-PREMISE,CN=Sites,CN=Configuration,DC=offsec,DC=lan",
    "SourceDRA": "-",
    "SourceAddr": "jump01.offsec.lan",
    "NamingContext": "DC=offsec,DC=lan",
    "Options": "16",
    "StatusCode": "8452"
  },
  "json_fields": {
    "provider": "Microsoft-Windows-Security-Auditing",
    "channel": "Security",
    "event_id": "4929",
    "timestamp": "2021-04-27T11:04:45.557748Z",
    "event_record_id": "138520244",
    "level": "0",
    "task": "14083",
    "opcode": "0",
    "keywords": "0x8010000000000000",
    "computer": "rootdc1.offsec.lan",
    "DestinationDRA": "CN=NTDS Settings,CN=ROOTDC1,CN=Servers,CN=OFFSEC-PREMISE,CN=Sites,CN=Configuration,DC=offsec,DC=lan",
    "SourceDRA": "-",
    "SourceAddr": "jump01.offsec.lan",
    "NamingContext": "DC=offsec,DC=lan",
    "Options": "16",
    "StatusCode": "8452"
  }
}