{
  "event_id": "4944",
  "provider": "Microsoft-Windows-Security-Auditing",
  "channel": "Security",
  "source_file": "D:\\visual code file\\Project_4\\Event-Analyzer\\test\\Benign\\win2022-evtx\\Security.evtx",
  "event_record_id": 26014,
  "xml": "<?xml version=\"1.0\" encoding=\"utf-8\"?>\n<Event xmlns=\"http://schemas.microsoft.com/win/2004/08/events/event\">\n  <System>\n    <Provider Name=\"Microsoft-Windows-Security-Auditing\" Guid=\"54849625-5478-4994-A5BA-3E3B0328C30D\">\n    </Provider>\n    <EventID>4944</EventID>\n    <Version>0</Version>\n    <Level>0</Level>\n    <Task>13571</Task>\n    <Opcode>0</Opcode>\n    <Keywords>0x8020000000000000</Keywords>\n    <TimeCreated SystemTime=\"2022-04-04T13:11:21.036853Z\">\n    </TimeCreated>\n    <EventRecordID>26014</EventRecordID>\n    <Correlation ActivityID=\"7377737E-4825-0000-C974-77732548D801\">\n    </Correlation>\n    <Execution ProcessID=\"612\" ThreadID=\"664\">\n    </Execution>\n    <Channel>Security</Channel>\n    <Computer>WIN-TKC15D7KHUR</Computer>\n    <Security>\n    </Security>\n  </System>\n  <EventData>\n    <Data Name=\"GroupPolicyApplied\">No</Data>\n    <Data Name=\"Profile\">(null)</Data>\n    <Data Name=\"OperationMode\">On</Data>\n    <Data Name=\"RemoteAdminEnabled\">Disabled</Data>\n    <Data Name=\"MulticastFlowsEnabled\">Enabled</Data>\n    <Data Name=\"LogDroppedPacketsEnabled\">Disabled</Data>\n    <Data Name=\"LogSuccessfulConnectionsEnabled\">Disabled</Data>\n  </EventData>\n</Event>\n",
  "json": "{\"Event\":{\"#attributes\":{\"xmlns\":\"http://schemas.microsoft.com/win/2004/08/events/event\"},\"System\":{\"Provider\":{\"#attributes\":{\"Name\":\"Microsoft-Windows-Security-Auditing\",\"Guid\":\"54849625-5478-4994-A5BA-3E3B0328C30D\"}},\"EventID\":4944,\"Version\":0,\"Level\":0,\"Task\":13571,\"Opcode\":0,\"Keywords\":\"0x8020000000000000\",\"TimeCreated\":{\"#attributes\":{\"SystemTime\":\"2022-04-04T13:11:21.036853Z\"}},\"EventRecordID\":26014,\"Correlation\":{\"#attributes\":{\"ActivityID\":\"7377737E-4825-0000-C974-77732548D801\"}},\"Execution\":{\"#attributes\":{\"ProcessID\":612,\"ThreadID\":664}},\"Channel\":\"Security\",\"Computer\":\"WIN-TKC15D7KHUR\",\"Security\":null},\"EventData\":{\"GroupPolicyApplied\":\"No\",\"Profile\":\"(null)\",\"OperationMode\":\"On\",\"RemoteAdminEnabled\":\"Disabled\",\"MulticastFlowsEnabled\":\"Enabled\",\"LogDroppedPacketsEnabled\":\"Disabled\",\"LogSuccessfulConnectionsEnabled\":\"Disabled\"}}}",
  "xml_fields": {
    "provider": "Microsoft-Windows-Security-Auditing",
    "event_id": "4944",
    "timestamp": "2022-04-04T13:11:21.036853Z",
    "event_record_id": "26014",
    "level": "0",
    "task": "13571",
    "opcode": "0",
    "keywords": "0x8020000000000000",
    "channel": "Security",
    "computer": "WIN-TKC15D7KHUR",
    "GroupPolicyApplied": "No",
    "Profile": "(null)",
    "OperationMode": "On",
    "RemoteAdminEnabled": "Disabled",
    "MulticastFlowsEnabled": "Enabled",
    "LogDroppedPacketsEnabled": "Disabled",
    "LogSuccessfulConnectionsEnabled": "Disabled"
  },
  "json_fields": {
    "provider": "Microsoft-Windows-Security-Auditing",
    "channel": "Security",
    "event_id": "4944",
    "timestamp": "2022-04-04T13:11:21.036853Z",
    "event_record_id": "26014",
    "level": "0",
    "task": "13571",
    "opcode": "0",
    "keywords": "0x8020000000000000",
    "computer": "WIN-TKC15D7KHUR",
    "GroupPolicyApplied": "No",
    "Profile": "(null)",
    "OperationMode": "On",
    "RemoteAdminEnabled": "Disabled",
    "MulticastFlowsEnabled": "Enabled",
    "LogDroppedPacketsEnabled": "Disabled",
    "LogSuccessfulConnectionsEnabled": "Disabled"
  }
}