{
  "event_id": "4948",
  "provider": "Microsoft-Windows-Security-Auditing",
  "channel": "Security",
  "source_file": "D:\\visual code file\\Project_4\\Event-Analyzer\\test\\Benign\\win2022-0-20348-azure\\Security.evtx",
  "event_record_id": 89719,
  "xml": "<?xml version=\"1.0\" encoding=\"utf-8\"?>\n<Event xmlns=\"http://schemas.microsoft.com/win/2004/08/events/event\">\n  <System>\n    <Provider Name=\"Microsoft-Windows-Security-Auditing\" Guid=\"54849625-5478-4994-A5BA-3E3B0328C30D\">\n    </Provider>\n    <EventID>4948</EventID>\n    <Version>0</Version>\n    <Level>0</Level>\n    <Task>13571</Task>\n    <Opcode>0</Opcode>\n    <Keywords>0x8020000000000000</Keywords>\n    <TimeCreated SystemTime=\"2022-09-18T13:53:37.566321Z\">\n    </TimeCreated>\n    <EventRecordID>89719</EventRecordID>\n    <Correlation ActivityID=\"7A1A5327-347A-0001-340B-672144CBD801\">\n    </Correlation>\n    <Execution ProcessID=\"728\" ThreadID=\"6508\">\n    </Execution>\n    <Channel>Security</Channel>\n    <Computer>Agamemnon</Computer>\n    <Security>\n    </Security>\n  </System>\n  <EventData>\n    <Data Name=\"ProfileChanged\">All</Data>\n    <Data Name=\"RuleId\">f1149569-3f81-4fd1-a83d-76da81169ba6</Data>\n    <Data Name=\"RuleName\">Inbound service restriction rule for WinDefend</Data>\n  </EventData>\n</Event>\n",
  "json": "{\"Event\":{\"#attributes\":{\"xmlns\":\"http://schemas.microsoft.com/win/2004/08/events/event\"},\"System\":{\"Provider\":{\"#attributes\":{\"Name\":\"Microsoft-Windows-Security-Auditing\",\"Guid\":\"54849625-5478-4994-A5BA-3E3B0328C30D\"}},\"EventID\":4948,\"Version\":0,\"Level\":0,\"Task\":13571,\"Opcode\":0,\"Keywords\":\"0x8020000000000000\",\"TimeCreated\":{\"#attributes\":{\"SystemTime\":\"2022-09-18T13:53:37.566321Z\"}},\"EventRecordID\":89719,\"Correlation\":{\"#attributes\":{\"ActivityID\":\"7A1A5327-347A-0001-340B-672144CBD801\"}},\"Execution\":{\"#attributes\":{\"ProcessID\":728,\"ThreadID\":6508}},\"Channel\":\"Security\",\"Computer\":\"Agamemnon\",\"Security\":null},\"EventData\":{\"ProfileChanged\":\"All\",\"RuleId\":\"f1149569-3f81-4fd1-a83d-76da81169ba6\",\"RuleName\":\"Inbound service restriction rule for WinDefend\"}}}",
  "xml_fields": {
    "provider": "Microsoft-Windows-Security-Auditing",
    "event_id": "4948",
    "timestamp": "2022-09-18T13:53:37.566321Z",
    "event_record_id": "89719",
    "level": "0",
    "task": "13571",
    "opcode": "0",
    "keywords": "0x8020000000000000",
    "channel": "Security",
    "computer": "Agamemnon",
    "ProfileChanged": "All",
    "RuleId": "f1149569-3f81-4fd1-a83d-76da81169ba6",
    "RuleName": "Inbound service restriction rule for WinDefend"
  },
  "json_fields": {
    "provider": "Microsoft-Windows-Security-Auditing",
    "channel": "Security",
    "event_id": "4948",
    "timestamp": "2022-09-18T13:53:37.566321Z",
    "event_record_id": "89719",
    "level": "0",
    "task": "13571",
    "opcode": "0",
    "keywords": "0x8020000000000000",
    "computer": "Agamemnon",
    "ProfileChanged": "All",
    "RuleId": "f1149569-3f81-4fd1-a83d-76da81169ba6",
    "RuleName": "Inbound service restriction rule for WinDefend"
  }
}