{
  "event_id": "4950",
  "provider": "Microsoft-Windows-Security-Auditing",
  "channel": "Security",
  "source_file": "D:\\visual code file\\Project_4\\Event-Analyzer\\test\\Malicious\\EVTX-to-MITRE-Attack-master\\TA0005-Defense Evasion\\T1562.004-Impair Defenses-Disable or Modify System Firewall\\ID2003-4950-Firewall disabled.evtx",
  "event_record_id": 1,
  "xml": "<?xml version=\"1.0\" encoding=\"utf-8\"?>\n<Event xmlns=\"http://schemas.microsoft.com/win/2004/08/events/event\">\n  <System>\n    <Provider Name=\"Microsoft-Windows-Security-Auditing\" Guid=\"{54849625-5478-4994-A5BA-3E3B0328C30D}\">\n    </Provider>\n    <EventID>4950</EventID>\n    <Version>0</Version>\n    <Level>0</Level>\n    <Task>13571</Task>\n    <Opcode>0</Opcode>\n    <Keywords>0x8020000000000000</Keywords>\n    <TimeCreated SystemTime=\"2021-06-03T19:39:52.893115500Z\">\n    </TimeCreated>\n    <EventRecordID>1974770</EventRecordID>\n    <Correlation ActivityID=\"{38068009-512D-0000-1D80-06382D51D701}\">\n    </Correlation>\n    <Execution ProcessID=\"556\" ThreadID=\"2532\">\n    </Execution>\n    <Channel>Security</Channel>\n    <Computer>fs01.offsec.lan</Computer>\n    <Security>\n    </Security>\n  </System>\n  <EventData>\n    <Data Name=\"ProfileChanged\">Domain</Data>\n    <Data Name=\"SettingType\">Enable Windows Firewall</Data>\n    <Data Name=\"SettingValue\">Yes</Data>\n  </EventData>\n</Event>\n",
  "json": "{\"Event\":{\"#attributes\":{\"xmlns\":\"http://schemas.microsoft.com/win/2004/08/events/event\"},\"System\":{\"Provider\":{\"#attributes\":{\"Name\":\"Microsoft-Windows-Security-Auditing\",\"Guid\":\"{54849625-5478-4994-A5BA-3E3B0328C30D}\"}},\"EventID\":\"4950\",\"Version\":\"0\",\"Level\":\"0\",\"Task\":\"13571\",\"Opcode\":\"0\",\"Keywords\":\"0x8020000000000000\",\"TimeCreated\":{\"#attributes\":{\"SystemTime\":\"2021-06-03T19:39:52.893115500Z\"}},\"EventRecordID\":\"1974770\",\"Correlation\":{\"#attributes\":{\"ActivityID\":\"{38068009-512D-0000-1D80-06382D51D701}\"}},\"Execution\":{\"#attributes\":{\"ProcessID\":\"556\",\"ThreadID\":\"2532\"}},\"Channel\":\"Security\",\"Computer\":\"fs01.offsec.lan\",\"Security\":null},\"EventData\":{\"ProfileChanged\":\"Domain\",\"SettingType\":\"Enable Windows Firewall\",\"SettingValue\":\"Yes\"}}}",
  "xml_fields": {
    "provider": "Microsoft-Windows-Security-Auditing",
    "event_id": "4950",
    "timestamp": "2021-06-03T19:39:52.893115500Z",
    "event_record_id": "1974770",
    "level": "0",
    "task": "13571",
    "opcode": "0",
    "keywords": "0x8020000000000000",
    "channel": "Security",
    "computer": "fs01.offsec.lan",
    "ProfileChanged": "Domain",
    "SettingType": "Enable Windows Firewall",
    "SettingValue": "Yes"
  },
  "json_fields": {
    "provider": "Microsoft-Windows-Security-Auditing",
    "channel": "Security",
    "event_id": "4950",
    "timestamp": "2021-06-03T19:39:52.893115500Z",
    "event_record_id": "1974770",
    "level": "0",
    "task": "13571",
    "opcode": "0",
    "keywords": "0x8020000000000000",
    "computer": "fs01.offsec.lan",
    "ProfileChanged": "Domain",
    "SettingType": "Enable Windows Firewall",
    "SettingValue": "Yes"
  }
}