{
  "event_id": "4964",
  "provider": "Microsoft-Windows-Security-Auditing",
  "channel": "Security",
  "source_file": "D:\\visual code file\\Project_4\\Event-Analyzer\\test\\Malicious\\EVTX-to-MITRE-Attack-master\\EVTX_full_APT_attack_steps\\ID4624,4688,5140,5145-Eternal Romance - MS17_010_psexec (GLOBAL).evtx",
  "event_record_id": 2,
  "xml": "<?xml version=\"1.0\" encoding=\"utf-8\"?>\n<Event xmlns=\"http://schemas.microsoft.com/win/2004/08/events/event\">\n  <System>\n    <Provider Name=\"Microsoft-Windows-Security-Auditing\" Guid=\"54849625-5478-4994-A5BA-3E3B0328C30D\">\n    </Provider>\n    <EventID>4964</EventID>\n    <Version>0</Version>\n    <Level>0</Level>\n    <Task>12548</Task>\n    <Opcode>0</Opcode>\n    <Keywords>0x8020000000000000</Keywords>\n    <TimeCreated SystemTime=\"2021-04-22T08:51:04.686763Z\">\n    </TimeCreated>\n    <EventRecordID>435111</EventRecordID>\n    <Correlation>\n    </Correlation>\n    <Execution ProcessID=\"480\" ThreadID=\"2416\">\n    </Execution>\n    <Channel>Security</Channel>\n    <Computer>fs03vuln.offsec.lan</Computer>\n    <Security>\n    </Security>\n  </System>\n  <EventData>\n    <Data Name=\"SubjectUserSid\">S-1-5-18</Data>\n    <Data Name=\"SubjectUserName\">FS03VULN$</Data>\n    <Data Name=\"SubjectDomainName\">OFFSEC</Data>\n    <Data Name=\"SubjectLogonId\">0x3e7</Data>\n    <Data Name=\"LogonGuid\">00000000-0000-0000-0000-000000000000</Data>\n    <Data Name=\"TargetUserSid\">S-1-5-21-4230534742-2542757381-3142984815-1111</Data>\n    <Data Name=\"TargetUserName\">admmig</Data>\n    <Data Name=\"TargetDomainName\">OFFSEC</Data>\n    <Data Name=\"TargetLogonId\">0x74872</Data>\n    <Data Name=\"TargetLogonGuid\">00000000-0000-0000-0000-000000000000</Data>\n    <Data Name=\"SidList\">\r\n\t\t%{S-1-5-21-4230534742-2542757381-3142984815-1613}</Data>\n  </EventData>\n</Event>\n",
  "json": "{\"Event\":{\"#attributes\":{\"xmlns\":\"http://schemas.microsoft.com/win/2004/08/events/event\"},\"System\":{\"Provider\":{\"#attributes\":{\"Name\":\"Microsoft-Windows-Security-Auditing\",\"Guid\":\"54849625-5478-4994-A5BA-3E3B0328C30D\"}},\"EventID\":4964,\"Version\":0,\"Level\":0,\"Task\":12548,\"Opcode\":0,\"Keywords\":\"0x8020000000000000\",\"TimeCreated\":{\"#attributes\":{\"SystemTime\":\"2021-04-22T08:51:04.686763Z\"}},\"EventRecordID\":435111,\"Correlation\":null,\"Execution\":{\"#attributes\":{\"ProcessID\":480,\"ThreadID\":2416}},\"Channel\":\"Security\",\"Computer\":\"fs03vuln.offsec.lan\",\"Security\":null},\"EventData\":{\"SubjectUserSid\":\"S-1-5-18\",\"SubjectUserName\":\"FS03VULN$\",\"SubjectDomainName\":\"OFFSEC\",\"SubjectLogonId\":\"0x3e7\",\"LogonGuid\":\"00000000-0000-0000-0000-000000000000\",\"TargetUserSid\":\"S-1-5-21-4230534742-2542757381-3142984815-1111\",\"TargetUserName\":\"admmig\",\"TargetDomainName\":\"OFFSEC\",\"TargetLogonId\":\"0x74872\",\"TargetLogonGuid\":\"00000000-0000-0000-0000-000000000000\",\"SidList\":\"\\r\\n\\t\\t%{S-1-5-21-4230534742-2542757381-3142984815-1613}\"}}}",
  "xml_fields": {
    "provider": "Microsoft-Windows-Security-Auditing",
    "event_id": "4964",
    "timestamp": "2021-04-22T08:51:04.686763Z",
    "event_record_id": "435111",
    "level": "0",
    "task": "12548",
    "opcode": "0",
    "keywords": "0x8020000000000000",
    "channel": "Security",
    "computer": "fs03vuln.offsec.lan",
    "SubjectUserSid": "S-1-5-18",
    "SubjectUserName": "FS03VULN$",
    "SubjectDomainName": "OFFSEC",
    "SubjectLogonId": "0x3e7",
    "LogonGuid": "00000000-0000-0000-0000-000000000000",
    "TargetUserSid": "S-1-5-21-4230534742-2542757381-3142984815-1111",
    "TargetUserName": "admmig",
    "TargetDomainName": "OFFSEC",
    "TargetLogonId": "0x74872",
    "TargetLogonGuid": "00000000-0000-0000-0000-000000000000",
    "SidList": "\n\t\t%{S-1-5-21-4230534742-2542757381-3142984815-1613}"
  },
  "json_fields": {
    "provider": "Microsoft-Windows-Security-Auditing",
    "channel": "Security",
    "event_id": "4964",
    "timestamp": "2021-04-22T08:51:04.686763Z",
    "event_record_id": "435111",
    "level": "0",
    "task": "12548",
    "opcode": "0",
    "keywords": "0x8020000000000000",
    "computer": "fs03vuln.offsec.lan",
    "SubjectUserSid": "S-1-5-18",
    "SubjectUserName": "FS03VULN$",
    "SubjectDomainName": "OFFSEC",
    "SubjectLogonId": "0x3e7",
    "LogonGuid": "00000000-0000-0000-0000-000000000000",
    "TargetUserSid": "S-1-5-21-4230534742-2542757381-3142984815-1111",
    "TargetUserName": "admmig",
    "TargetDomainName": "OFFSEC",
    "TargetLogonId": "0x74872",
    "TargetLogonGuid": "00000000-0000-0000-0000-000000000000",
    "SidList": "\r\n\t\t%{S-1-5-21-4230534742-2542757381-3142984815-1613}"
  }
}