{
  "event_id": "4985",
  "provider": "Microsoft-Windows-Security-Auditing",
  "channel": "Security",
  "source_file": "D:\\visual code file\\Project_4\\Event-Analyzer\\test\\Malicious\\EVTX-to-MITRE-Attack-master\\EVTX_full_APT_attack_steps\\ID5145-4624-DonPAPI full extraction.evtx",
  "event_record_id": 2,
  "xml": "<?xml version=\"1.0\" encoding=\"utf-8\"?>\n<Event xmlns=\"http://schemas.microsoft.com/win/2004/08/events/event\">\n  <System>\n    <Provider Name=\"Microsoft-Windows-Security-Auditing\" Guid=\"54849625-5478-4994-A5BA-3E3B0328C30D\">\n    </Provider>\n    <EventID>4985</EventID>\n    <Version>0</Version>\n    <Level>0</Level>\n    <Task>12800</Task>\n    <Opcode>0</Opcode>\n    <Keywords>0x8020000000000000</Keywords>\n    <TimeCreated SystemTime=\"2021-12-12T07:15:43.279921Z\">\n    </TimeCreated>\n    <EventRecordID>1160027</EventRecordID>\n    <Correlation>\n    </Correlation>\n    <Execution ProcessID=\"4\" ThreadID=\"2220\">\n    </Execution>\n    <Channel>Security</Channel>\n    <Computer>fs03vuln.offsec.lan</Computer>\n    <Security>\n    </Security>\n  </System>\n  <EventData>\n    <Data Name=\"SubjectUserSid\">S-1-5-20</Data>\n    <Data Name=\"SubjectUserName\">FS03VULN$</Data>\n    <Data Name=\"SubjectDomainName\">OFFSEC</Data>\n    <Data Name=\"SubjectLogonId\">0x3e4</Data>\n    <Data Name=\"TransactionId\">D6B11EC1-5900-11EC-80C7-005056972B77</Data>\n    <Data Name=\"NewState\">48</Data>\n    <Data Name=\"ResourceManager\">6A449EBC-90A9-11EA-B21E-E412E58179F4</Data>\n    <Data Name=\"ProcessId\">0x2e8</Data>\n    <Data Name=\"ProcessName\">C:\\Windows\\System32\\svchost.exe</Data>\n  </EventData>\n</Event>\n",
  "json": "{\"Event\":{\"#attributes\":{\"xmlns\":\"http://schemas.microsoft.com/win/2004/08/events/event\"},\"System\":{\"Provider\":{\"#attributes\":{\"Name\":\"Microsoft-Windows-Security-Auditing\",\"Guid\":\"54849625-5478-4994-A5BA-3E3B0328C30D\"}},\"EventID\":4985,\"Version\":0,\"Level\":0,\"Task\":12800,\"Opcode\":0,\"Keywords\":\"0x8020000000000000\",\"TimeCreated\":{\"#attributes\":{\"SystemTime\":\"2021-12-12T07:15:43.279921Z\"}},\"EventRecordID\":1160027,\"Correlation\":null,\"Execution\":{\"#attributes\":{\"ProcessID\":4,\"ThreadID\":2220}},\"Channel\":\"Security\",\"Computer\":\"fs03vuln.offsec.lan\",\"Security\":null},\"EventData\":{\"SubjectUserSid\":\"S-1-5-20\",\"SubjectUserName\":\"FS03VULN$\",\"SubjectDomainName\":\"OFFSEC\",\"SubjectLogonId\":\"0x3e4\",\"TransactionId\":\"D6B11EC1-5900-11EC-80C7-005056972B77\",\"NewState\":48,\"ResourceManager\":\"6A449EBC-90A9-11EA-B21E-E412E58179F4\",\"ProcessId\":\"0x2e8\",\"ProcessName\":\"C:\\\\Windows\\\\System32\\\\svchost.exe\"}}}",
  "xml_fields": {
    "provider": "Microsoft-Windows-Security-Auditing",
    "event_id": "4985",
    "timestamp": "2021-12-12T07:15:43.279921Z",
    "event_record_id": "1160027",
    "level": "0",
    "task": "12800",
    "opcode": "0",
    "keywords": "0x8020000000000000",
    "channel": "Security",
    "computer": "fs03vuln.offsec.lan",
    "SubjectUserSid": "S-1-5-20",
    "SubjectUserName": "FS03VULN$",
    "SubjectDomainName": "OFFSEC",
    "SubjectLogonId": "0x3e4",
    "TransactionId": "D6B11EC1-5900-11EC-80C7-005056972B77",
    "NewState": "48",
    "ResourceManager": "6A449EBC-90A9-11EA-B21E-E412E58179F4",
    "ProcessId": "0x2e8",
    "ProcessName": "C:\\Windows\\System32\\svchost.exe"
  },
  "json_fields": {
    "provider": "Microsoft-Windows-Security-Auditing",
    "channel": "Security",
    "event_id": "4985",
    "timestamp": "2021-12-12T07:15:43.279921Z",
    "event_record_id": "1160027",
    "level": "0",
    "task": "12800",
    "opcode": "0",
    "keywords": "0x8020000000000000",
    "computer": "fs03vuln.offsec.lan",
    "SubjectUserSid": "S-1-5-20",
    "SubjectUserName": "FS03VULN$",
    "SubjectDomainName": "OFFSEC",
    "SubjectLogonId": "0x3e4",
    "TransactionId": "D6B11EC1-5900-11EC-80C7-005056972B77",
    "NewState": "48",
    "ResourceManager": "6A449EBC-90A9-11EA-B21E-E412E58179F4",
    "ProcessId": "0x2e8",
    "ProcessName": "C:\\Windows\\System32\\svchost.exe"
  }
}