{
  "event_id": "49",
  "provider": "Microsoft-Windows-ServerManager-ManagementProvider",
  "channel": "Microsoft-Windows-ServerManager-MgmtProvider/Operational",
  "source_file": "D:\\visual code file\\Project_4\\Event-Analyzer\\test\\Benign\\Win2022-AD\\Microsoft-Windows-ServerManager-MgmtProvider%4Operational.evtx",
  "event_record_id": 102,
  "xml": "<?xml version=\"1.0\" encoding=\"utf-8\"?>\n<Event xmlns=\"http://schemas.microsoft.com/win/2004/08/events/event\">\n  <System>\n    <Provider Name=\"Microsoft-Windows-ServerManager-ManagementProvider\" Guid=\"C2E6D0D9-5DF8-4C77-A82B-C96C84579543\">\n    </Provider>\n    <EventID>49</EventID>\n    <Version>0</Version>\n    <Level>2</Level>\n    <Task>14</Task>\n    <Opcode>0</Opcode>\n    <Keywords>0x8000000000000000</Keywords>\n    <TimeCreated SystemTime=\"2022-04-07T08:14:08.883719Z\">\n    </TimeCreated>\n    <EventRecordID>102</EventRecordID>\n    <Correlation ActivityID=\"050D8FFF-1276-45D9-A3D0-6F704D3210E5\">\n    </Correlation>\n    <Execution ProcessID=\"4456\" ThreadID=\"2488\">\n    </Execution>\n    <Channel>Microsoft-Windows-ServerManager-MgmtProvider/Operational</Channel>\n    <Computer>WIN-FPV0DSIC9O6</Computer>\n    <Security UserID=\"S-1-5-21-2121334350-1110938707-2888912545-500\">\n    </Security>\n  </System>\n  <EventData>\n    <Data Name=\"hResult\">0x1</Data>\n  </EventData>\n</Event>\n",
  "json": "{\"Event\":{\"#attributes\":{\"xmlns\":\"http://schemas.microsoft.com/win/2004/08/events/event\"},\"System\":{\"Provider\":{\"#attributes\":{\"Name\":\"Microsoft-Windows-ServerManager-ManagementProvider\",\"Guid\":\"C2E6D0D9-5DF8-4C77-A82B-C96C84579543\"}},\"EventID\":49,\"Version\":0,\"Level\":2,\"Task\":14,\"Opcode\":0,\"Keywords\":\"0x8000000000000000\",\"TimeCreated\":{\"#attributes\":{\"SystemTime\":\"2022-04-07T08:14:08.883719Z\"}},\"EventRecordID\":102,\"Correlation\":{\"#attributes\":{\"ActivityID\":\"050D8FFF-1276-45D9-A3D0-6F704D3210E5\"}},\"Execution\":{\"#attributes\":{\"ProcessID\":4456,\"ThreadID\":2488}},\"Channel\":\"Microsoft-Windows-ServerManager-MgmtProvider/Operational\",\"Computer\":\"WIN-FPV0DSIC9O6\",\"Security\":{\"#attributes\":{\"UserID\":\"S-1-5-21-2121334350-1110938707-2888912545-500\"}}},\"EventData\":{\"hResult\":\"0x1\"}}}",
  "xml_fields": {
    "provider": "Microsoft-Windows-ServerManager-ManagementProvider",
    "event_id": "49",
    "timestamp": "2022-04-07T08:14:08.883719Z",
    "event_record_id": "102",
    "level": "2",
    "task": "14",
    "opcode": "0",
    "keywords": "0x8000000000000000",
    "channel": "Microsoft-Windows-ServerManager-MgmtProvider/Operational",
    "computer": "WIN-FPV0DSIC9O6",
    "hResult": "0x1"
  },
  "json_fields": {
    "provider": "Microsoft-Windows-ServerManager-ManagementProvider",
    "channel": "Microsoft-Windows-ServerManager-MgmtProvider/Operational",
    "event_id": "49",
    "timestamp": "2022-04-07T08:14:08.883719Z",
    "event_record_id": "102",
    "level": "2",
    "task": "14",
    "opcode": "0",
    "keywords": "0x8000000000000000",
    "computer": "WIN-FPV0DSIC9O6",
    "hResult": "0x1"
  }
}