{
  "event_id": "49",
  "provider": "Microsoft-Windows-Kernel-Boot",
  "channel": "Microsoft-Windows-Kernel-Boot/Operational",
  "source_file": "D:\\visual code file\\Project_4\\Event-Analyzer\\test\\Benign\\Logs_Win11\\Microsoft-Windows-Kernel-Boot%4Operational.evtx",
  "event_record_id": 1,
  "xml": "<?xml version=\"1.0\" encoding=\"utf-8\"?>\n<Event xmlns=\"http://schemas.microsoft.com/win/2004/08/events/event\">\n  <System>\n    <Provider Name=\"Microsoft-Windows-Kernel-Boot\" Guid=\"15CA44FF-4D7A-4BAA-BBA5-0998955E531E\">\n    </Provider>\n    <EventID>49</EventID>\n    <Version>0</Version>\n    <Level>2</Level>\n    <Task>29</Task>\n    <Opcode>0</Opcode>\n    <Keywords>0x2000000000000000</Keywords>\n    <TimeCreated SystemTime=\"2022-03-01T16:42:00.620810Z\">\n    </TimeCreated>\n    <EventRecordID>1</EventRecordID>\n    <Correlation>\n    </Correlation>\n    <Execution ProcessID=\"4\" ThreadID=\"8\">\n    </Execution>\n    <Channel>Microsoft-Windows-Kernel-Boot/Operational</Channel>\n    <Computer>WIN-KPO4DDU11AB</Computer>\n    <Security UserID=\"S-1-5-18\">\n    </Security>\n  </System>\n  <EventData>\n    <Data Name=\"ImageName\">\\EFI\\Microsoft\\Boot\\CiPolicies\\Active\\{CDD5CB55-DB68-4D71-AA38-3DF2B6473A52}.cip</Data>\n    <Data Name=\"SiPolicyStatus\">3236495362</Data>\n  </EventData>\n</Event>\n",
  "json": "{\"Event\":{\"#attributes\":{\"xmlns\":\"http://schemas.microsoft.com/win/2004/08/events/event\"},\"System\":{\"Provider\":{\"#attributes\":{\"Name\":\"Microsoft-Windows-Kernel-Boot\",\"Guid\":\"15CA44FF-4D7A-4BAA-BBA5-0998955E531E\"}},\"EventID\":49,\"Version\":0,\"Level\":2,\"Task\":29,\"Opcode\":0,\"Keywords\":\"0x2000000000000000\",\"TimeCreated\":{\"#attributes\":{\"SystemTime\":\"2022-03-01T16:42:00.620810Z\"}},\"EventRecordID\":1,\"Correlation\":null,\"Execution\":{\"#attributes\":{\"ProcessID\":4,\"ThreadID\":8}},\"Channel\":\"Microsoft-Windows-Kernel-Boot/Operational\",\"Computer\":\"WIN-KPO4DDU11AB\",\"Security\":{\"#attributes\":{\"UserID\":\"S-1-5-18\"}}},\"EventData\":{\"ImageName\":\"\\\\EFI\\\\Microsoft\\\\Boot\\\\CiPolicies\\\\Active\\\\{CDD5CB55-DB68-4D71-AA38-3DF2B6473A52}.cip\",\"SiPolicyStatus\":3236495362}}}",
  "xml_fields": {
    "provider": "Microsoft-Windows-Kernel-Boot",
    "event_id": "49",
    "timestamp": "2022-03-01T16:42:00.620810Z",
    "event_record_id": "1",
    "level": "2",
    "task": "29",
    "opcode": "0",
    "keywords": "0x2000000000000000",
    "channel": "Microsoft-Windows-Kernel-Boot/Operational",
    "computer": "WIN-KPO4DDU11AB",
    "ImageName": "\\EFI\\Microsoft\\Boot\\CiPolicies\\Active\\{CDD5CB55-DB68-4D71-AA38-3DF2B6473A52}.cip",
    "SiPolicyStatus": "3236495362"
  },
  "json_fields": {
    "provider": "Microsoft-Windows-Kernel-Boot",
    "channel": "Microsoft-Windows-Kernel-Boot/Operational",
    "event_id": "49",
    "timestamp": "2022-03-01T16:42:00.620810Z",
    "event_record_id": "1",
    "level": "2",
    "task": "29",
    "opcode": "0",
    "keywords": "0x2000000000000000",
    "computer": "WIN-KPO4DDU11AB",
    "ImageName": "\\EFI\\Microsoft\\Boot\\CiPolicies\\Active\\{CDD5CB55-DB68-4D71-AA38-3DF2B6473A52}.cip",
    "SiPolicyStatus": "3236495362"
  }
}