{
  "event_id": "4",
  "provider": "Microsoft-Windows-DNS-Server-Service",
  "channel": "DNS Server",
  "source_file": "D:\\visual code file\\Project_4\\Event-Analyzer\\test\\Benign\\Win2022-AD\\DNS Server.evtx",
  "event_record_id": 11,
  "xml": "<?xml version=\"1.0\" encoding=\"utf-8\"?>\n<Event xmlns=\"http://schemas.microsoft.com/win/2004/08/events/event\">\n  <System>\n    <Provider Name=\"Microsoft-Windows-DNS-Server-Service\" Guid=\"71A551F5-C893-4849-886B-B5EC8502641E\">\n    </Provider>\n    <EventID>4</EventID>\n    <Version>0</Version>\n    <Level>4</Level>\n    <Task>0</Task>\n    <Opcode>0</Opcode>\n    <Keywords>0x8000000000000010</Keywords>\n    <TimeCreated SystemTime=\"2022-04-07T08:15:11.550939Z\">\n    </TimeCreated>\n    <EventRecordID>11</EventRecordID>\n    <Correlation>\n    </Correlation>\n    <Execution ProcessID=\"2732\" ThreadID=\"3024\">\n    </Execution>\n    <Channel>DNS Server</Channel>\n    <Computer>WIN-FPV0DSIC9O6.sigma.fr</Computer>\n    <Security UserID=\"S-1-5-18\">\n    </Security>\n  </System>\n  <EventData Name=\"DNS_EVENT_ZONE_LOAD_COMPLETE\">\n  </EventData>\n</Event>\n",
  "json": "{\"Event\":{\"#attributes\":{\"xmlns\":\"http://schemas.microsoft.com/win/2004/08/events/event\"},\"System\":{\"Provider\":{\"#attributes\":{\"Name\":\"Microsoft-Windows-DNS-Server-Service\",\"Guid\":\"71A551F5-C893-4849-886B-B5EC8502641E\"}},\"EventID\":4,\"Version\":0,\"Level\":4,\"Task\":0,\"Opcode\":0,\"Keywords\":\"0x8000000000000010\",\"TimeCreated\":{\"#attributes\":{\"SystemTime\":\"2022-04-07T08:15:11.550939Z\"}},\"EventRecordID\":11,\"Correlation\":null,\"Execution\":{\"#attributes\":{\"ProcessID\":2732,\"ThreadID\":3024}},\"Channel\":\"DNS Server\",\"Computer\":\"WIN-FPV0DSIC9O6.sigma.fr\",\"Security\":{\"#attributes\":{\"UserID\":\"S-1-5-18\"}}},\"EventData\":{\"#attributes\":{\"Name\":\"DNS_EVENT_ZONE_LOAD_COMPLETE\"}}}}",
  "xml_fields": {
    "provider": "Microsoft-Windows-DNS-Server-Service",
    "event_id": "4",
    "timestamp": "2022-04-07T08:15:11.550939Z",
    "event_record_id": "11",
    "level": "4",
    "task": "0",
    "opcode": "0",
    "keywords": "0x8000000000000010",
    "channel": "DNS Server",
    "computer": "WIN-FPV0DSIC9O6.sigma.fr"
  },
  "json_fields": {
    "provider": "Microsoft-Windows-DNS-Server-Service",
    "channel": "DNS Server",
    "event_id": "4",
    "timestamp": "2022-04-07T08:15:11.550939Z",
    "event_record_id": "11",
    "level": "4",
    "task": "0",
    "opcode": "0",
    "keywords": "0x8000000000000010",
    "computer": "WIN-FPV0DSIC9O6.sigma.fr"
  }
}