{
  "event_id": "4",
  "provider": "Microsoft-Windows-Kernel-ShimEngine",
  "channel": "Microsoft-Windows-Kernel-ShimEngine/Operational",
  "source_file": "D:\\visual code file\\Project_4\\Event-Analyzer\\test\\Logs\\Microsoft-Windows-Kernel-ShimEngine%4Operational.evtx",
  "event_record_id": 2,
  "xml": "<?xml version=\"1.0\" encoding=\"utf-8\"?>\n<Event xmlns=\"http://schemas.microsoft.com/win/2004/08/events/event\">\n  <System>\n    <Provider Name=\"Microsoft-Windows-Kernel-ShimEngine\" Guid=\"0BF2FB94-7B60-4B4D-9766-E82F658DF540\">\n    </Provider>\n    <EventID>4</EventID>\n    <Version>1</Version>\n    <Level>4</Level>\n    <Task>0</Task>\n    <Opcode>0</Opcode>\n    <Keywords>0x4000000000000000</Keywords>\n    <TimeCreated SystemTime=\"2024-11-05T01:33:00.812075Z\">\n    </TimeCreated>\n    <EventRecordID>2</EventRecordID>\n    <Correlation>\n    </Correlation>\n    <Execution ProcessID=\"4\" ThreadID=\"8\">\n    </Execution>\n    <Channel>Microsoft-Windows-Kernel-ShimEngine/Operational</Channel>\n    <Computer>WIN-5LCFHVCO531</Computer>\n    <Security UserID=\"S-1-5-18\">\n    </Security>\n  </System>\n  <EventData>\n    <Data Name=\"DeviceName\">USBXHCI:ALL</Data>\n    <Data Name=\"DeviceClass\">USBXHCI</Data>\n    <Data Name=\"FlagSource\">1</Data>\n    <Data Name=\"Flags\">1126037345796100</Data>\n  </EventData>\n</Event>\n",
  "json": "{\"Event\":{\"#attributes\":{\"xmlns\":\"http://schemas.microsoft.com/win/2004/08/events/event\"},\"System\":{\"Provider\":{\"#attributes\":{\"Name\":\"Microsoft-Windows-Kernel-ShimEngine\",\"Guid\":\"0BF2FB94-7B60-4B4D-9766-E82F658DF540\"}},\"EventID\":4,\"Version\":1,\"Level\":4,\"Task\":0,\"Opcode\":0,\"Keywords\":\"0x4000000000000000\",\"TimeCreated\":{\"#attributes\":{\"SystemTime\":\"2024-11-05T01:33:00.812075Z\"}},\"EventRecordID\":2,\"Correlation\":null,\"Execution\":{\"#attributes\":{\"ProcessID\":4,\"ThreadID\":8}},\"Channel\":\"Microsoft-Windows-Kernel-ShimEngine/Operational\",\"Computer\":\"WIN-5LCFHVCO531\",\"Security\":{\"#attributes\":{\"UserID\":\"S-1-5-18\"}}},\"EventData\":{\"DeviceName\":\"USBXHCI:ALL\",\"DeviceClass\":\"USBXHCI\",\"FlagSource\":1,\"Flags\":1126037345796100}}}",
  "xml_fields": {
    "provider": "Microsoft-Windows-Kernel-ShimEngine",
    "event_id": "4",
    "timestamp": "2024-11-05T01:33:00.812075Z",
    "event_record_id": "2",
    "level": "4",
    "task": "0",
    "opcode": "0",
    "keywords": "0x4000000000000000",
    "channel": "Microsoft-Windows-Kernel-ShimEngine/Operational",
    "computer": "WIN-5LCFHVCO531",
    "DeviceName": "USBXHCI:ALL",
    "DeviceClass": "USBXHCI",
    "FlagSource": "1",
    "Flags": "1126037345796100"
  },
  "json_fields": {
    "provider": "Microsoft-Windows-Kernel-ShimEngine",
    "channel": "Microsoft-Windows-Kernel-ShimEngine/Operational",
    "event_id": "4",
    "timestamp": "2024-11-05T01:33:00.812075Z",
    "event_record_id": "2",
    "level": "4",
    "task": "0",
    "opcode": "0",
    "keywords": "0x4000000000000000",
    "computer": "WIN-5LCFHVCO531",
    "DeviceName": "USBXHCI:ALL",
    "DeviceClass": "USBXHCI",
    "FlagSource": "1",
    "Flags": "1126037345796100"
  }
}