{
  "event_id": "4",
  "provider": "Microsoft-Windows-Crypto-DPAPI",
  "channel": "Microsoft-Windows-Crypto-DPAPI/Operational",
  "source_file": "D:\\visual code file\\Project_4\\Event-Analyzer\\test\\Logs\\Microsoft-Windows-Crypto-DPAPI%4Operational.evtx",
  "event_record_id": 26,
  "xml": "<?xml version=\"1.0\" encoding=\"utf-8\"?>\n<Event xmlns=\"http://schemas.microsoft.com/win/2004/08/events/event\">\n  <System>\n    <Provider Name=\"Microsoft-Windows-Crypto-DPAPI\" Guid=\"89FE8F40-CDCE-464E-8217-15EF97D4C7C3\">\n    </Provider>\n    <EventID>4</EventID>\n    <Version>0</Version>\n    <Level>4</Level>\n    <Task>2</Task>\n    <Opcode>0</Opcode>\n    <Keywords>0x8000000000000002</Keywords>\n    <TimeCreated SystemTime=\"2025-01-06T12:19:48.327824Z\">\n    </TimeCreated>\n    <EventRecordID>26</EventRecordID>\n    <Correlation ActivityID=\"96E8B229-2EBB-0000-FCB2-E896BB2EDB01\">\n    </Correlation>\n    <Execution ProcessID=\"648\" ThreadID=\"4812\">\n    </Execution>\n    <Channel>Microsoft-Windows-Crypto-DPAPI/Operational</Channel>\n    <Computer>cyberjunkie-test</Computer>\n    <Security UserID=\"S-1-5-18\">\n    </Security>\n  </System>\n  <EventData>\n    <Data Name=\"Status\">0x0</Data>\n  </EventData>\n</Event>\n",
  "json": "{\"Event\":{\"#attributes\":{\"xmlns\":\"http://schemas.microsoft.com/win/2004/08/events/event\"},\"System\":{\"Provider\":{\"#attributes\":{\"Name\":\"Microsoft-Windows-Crypto-DPAPI\",\"Guid\":\"89FE8F40-CDCE-464E-8217-15EF97D4C7C3\"}},\"EventID\":4,\"Version\":0,\"Level\":4,\"Task\":2,\"Opcode\":0,\"Keywords\":\"0x8000000000000002\",\"TimeCreated\":{\"#attributes\":{\"SystemTime\":\"2025-01-06T12:19:48.327824Z\"}},\"EventRecordID\":26,\"Correlation\":{\"#attributes\":{\"ActivityID\":\"96E8B229-2EBB-0000-FCB2-E896BB2EDB01\"}},\"Execution\":{\"#attributes\":{\"ProcessID\":648,\"ThreadID\":4812}},\"Channel\":\"Microsoft-Windows-Crypto-DPAPI/Operational\",\"Computer\":\"cyberjunkie-test\",\"Security\":{\"#attributes\":{\"UserID\":\"S-1-5-18\"}}},\"EventData\":{\"Status\":\"0x0\"}}}",
  "xml_fields": {
    "provider": "Microsoft-Windows-Crypto-DPAPI",
    "event_id": "4",
    "timestamp": "2025-01-06T12:19:48.327824Z",
    "event_record_id": "26",
    "level": "4",
    "task": "2",
    "opcode": "0",
    "keywords": "0x8000000000000002",
    "channel": "Microsoft-Windows-Crypto-DPAPI/Operational",
    "computer": "cyberjunkie-test",
    "Status": "0x0"
  },
  "json_fields": {
    "provider": "Microsoft-Windows-Crypto-DPAPI",
    "channel": "Microsoft-Windows-Crypto-DPAPI/Operational",
    "event_id": "4",
    "timestamp": "2025-01-06T12:19:48.327824Z",
    "event_record_id": "26",
    "level": "4",
    "task": "2",
    "opcode": "0",
    "keywords": "0x8000000000000002",
    "computer": "cyberjunkie-test",
    "Status": "0x0"
  }
}