{
  "event_id": "4",
  "provider": "Microsoft-Windows-Sysmon",
  "channel": "Microsoft-Windows-Sysmon/Operational",
  "source_file": "D:\\visual code file\\Project_4\\Event-Analyzer\\test\\Malicious\\EVTX-ATTACK-SAMPLES\\Credential Access\\babyshark_mimikatz_powershell.evtx",
  "event_record_id": 2,
  "xml": "<?xml version=\"1.0\" encoding=\"utf-8\"?>\n<Event xmlns=\"http://schemas.microsoft.com/win/2004/08/events/event\">\n  <System>\n    <Provider Name=\"Microsoft-Windows-Sysmon\" Guid=\"5770385F-C22A-43E0-BF4C-06F5698FFBD9\">\n    </Provider>\n    <EventID>4</EventID>\n    <Version>3</Version>\n    <Level>4</Level>\n    <Task>4</Task>\n    <Opcode>0</Opcode>\n    <Keywords>0x8000000000000000</Keywords>\n    <TimeCreated SystemTime=\"2019-04-18T16:55:37.115124Z\">\n    </TimeCreated>\n    <EventRecordID>2</EventRecordID>\n    <Correlation>\n    </Correlation>\n    <Execution ProcessID=\"3192\" ThreadID=\"3288\">\n    </Execution>\n    <Channel>Microsoft-Windows-Sysmon/Operational</Channel>\n    <Computer>IEWIN7</Computer>\n    <Security UserID=\"S-1-5-18\">\n    </Security>\n  </System>\n  <EventData>\n    <Data Name=\"UtcTime\">2019-04-18 16:55:37.115</Data>\n    <Data Name=\"State\">Started</Data>\n    <Data Name=\"Version\">9.01</Data>\n    <Data Name=\"SchemaVersion\">4.20</Data>\n  </EventData>\n</Event>\n",
  "json": "{\"Event\":{\"#attributes\":{\"xmlns\":\"http://schemas.microsoft.com/win/2004/08/events/event\"},\"System\":{\"Provider\":{\"#attributes\":{\"Name\":\"Microsoft-Windows-Sysmon\",\"Guid\":\"5770385F-C22A-43E0-BF4C-06F5698FFBD9\"}},\"EventID\":4,\"Version\":3,\"Level\":4,\"Task\":4,\"Opcode\":0,\"Keywords\":\"0x8000000000000000\",\"TimeCreated\":{\"#attributes\":{\"SystemTime\":\"2019-04-18T16:55:37.115124Z\"}},\"EventRecordID\":2,\"Correlation\":null,\"Execution\":{\"#attributes\":{\"ProcessID\":3192,\"ThreadID\":3288}},\"Channel\":\"Microsoft-Windows-Sysmon/Operational\",\"Computer\":\"IEWIN7\",\"Security\":{\"#attributes\":{\"UserID\":\"S-1-5-18\"}}},\"EventData\":{\"UtcTime\":\"2019-04-18 16:55:37.115\",\"State\":\"Started\",\"Version\":\"9.01\",\"SchemaVersion\":\"4.20\"}}}",
  "xml_fields": {
    "provider": "Microsoft-Windows-Sysmon",
    "event_id": "4",
    "timestamp": "2019-04-18T16:55:37.115124Z",
    "event_record_id": "2",
    "level": "4",
    "task": "4",
    "opcode": "0",
    "keywords": "0x8000000000000000",
    "channel": "Microsoft-Windows-Sysmon/Operational",
    "computer": "IEWIN7",
    "UtcTime": "2019-04-18 16:55:37.115",
    "State": "Started",
    "Version": "9.01",
    "SchemaVersion": "4.20"
  },
  "json_fields": {
    "provider": "Microsoft-Windows-Sysmon",
    "channel": "Microsoft-Windows-Sysmon/Operational",
    "event_id": "4",
    "timestamp": "2019-04-18T16:55:37.115124Z",
    "event_record_id": "2",
    "level": "4",
    "task": "4",
    "opcode": "0",
    "keywords": "0x8000000000000000",
    "computer": "IEWIN7",
    "UtcTime": "2019-04-18 16:55:37.115",
    "State": "Started",
    "Version": "9.01",
    "SchemaVersion": "4.20"
  }
}