{
  "event_id": "4",
  "provider": "Microsoft-Windows-Ntfs",
  "channel": "Microsoft-Windows-Ntfs/Operational",
  "source_file": "D:\\visual code file\\Project_4\\Event-Analyzer\\test\\Benign\\Logs_Win11\\Microsoft-Windows-Ntfs%4Operational.evtx",
  "event_record_id": 3,
  "xml": "<?xml version=\"1.0\" encoding=\"utf-8\"?>\n<Event xmlns=\"http://schemas.microsoft.com/win/2004/08/events/event\">\n  <System>\n    <Provider Name=\"Microsoft-Windows-Ntfs\" Guid=\"3FF37A1C-A68D-4D6E-8C9B-F79E8B16C482\">\n    </Provider>\n    <EventID>4</EventID>\n    <Version>1</Version>\n    <Level>4</Level>\n    <Task>6</Task>\n    <Opcode>0</Opcode>\n    <Keywords>0x4001000000000020</Keywords>\n    <TimeCreated SystemTime=\"2022-03-01T16:42:05.532419Z\">\n    </TimeCreated>\n    <EventRecordID>3</EventRecordID>\n    <Correlation>\n    </Correlation>\n    <Execution ProcessID=\"4\" ThreadID=\"196\">\n    </Execution>\n    <Channel>Microsoft-Windows-Ntfs/Operational</Channel>\n    <Computer>WIN-KPO4DDU11AB</Computer>\n    <Security UserID=\"S-1-5-18\">\n    </Security>\n  </System>\n  <EventData>\n    <Data Name=\"VolumeCorrelationId\">4A4B25B1-8AA6-412B-8C46-2E87F31C2941</Data>\n    <Data Name=\"VolumeIdLength\">2</Data>\n    <Data Name=\"VolumeId\">C:</Data>\n    <Data Name=\"VolumeLabelLength\">0</Data>\n    <Data Name=\"VolumeLabel\"></Data>\n    <Data Name=\"DeviceNameLength\">23</Data>\n    <Data Name=\"DeviceName\">\\Device\\HarddiskVolume3</Data>\n    <Data Name=\"DeviceGuid\">7B6F1752-BD95-6E22-E3A5-6EE8419ECAD7</Data>\n    <Data Name=\"VendorIdLength\">0</Data>\n    <Data Name=\"VendorId\"></Data>\n    <Data Name=\"ProductIdLength\">24</Data>\n    <Data Name=\"ProductId\">VMware Virtual NVMe Disk</Data>\n    <Data Name=\"ProductRevisionLength\">3</Data>\n    <Data Name=\"ProductRevision\">1.0</Data>\n    <Data Name=\"DeviceSerialNumberLength\">16</Data>\n    <Data Name=\"DeviceSerialNumber\">VMWare NVME_0000</Data>\n    <Data Name=\"BusType\">17</Data>\n    <Data Name=\"AdapterSerialNumberLength\">16</Data>\n    <Data Name=\"AdapterSerialNumber\">VMWare NVME_0000</Data>\n    <Data Name=\"Vcb\">0xffffd10699c1a1b0</Data>\n    <Data Name=\"MountDurationUs\">15307</Data>\n    <Data Name=\"MountDuration\">15 ms</Data>\n    <Data Name=\"LongestStage\">4</Data>\n    <Data Name=\"LongestStageDuration\">15 ms</Data>\n    <Data Name=\"LongestStagePercentage\">100</Data>\n    <Data Name=\"SecondLongestStage\">0</Data>\n    <Data Name=\"SecondLongestStageDuration\">0 us</Data>\n    <Data Name=\"SecondLongestStagePercentage\">0</Data>\n    <Data Name=\"RestartApplied\">false</Data>\n    <Data Name=\"IsBootVolume\">true</Data>\n    <Data Name=\"Stage1DurationUs\">0</Data>\n    <Data Name=\"Stage2DurationUs\">0</Data>\n    <Data Name=\"Stage3DurationUs\">0</Data>\n    <Data Name=\"Stage4DurationUs\">15307</Data>\n    <Data Name=\"Stage5DurationUs\">0</Data>\n    <Data Name=\"Stage6DurationUs\">0</Data>\n    <Data Name=\"Stage7DurationUs\">0</Data>\n    <Data Name=\"Stage8DurationUs\">0</Data>\n    <Data Name=\"Stage9DurationUs\">0</Data>\n    <Data Name=\"Stage10DurationUs\">0</Data>\n  </EventData>\n</Event>\n",
  "json": "{\"Event\":{\"#attributes\":{\"xmlns\":\"http://schemas.microsoft.com/win/2004/08/events/event\"},\"System\":{\"Provider\":{\"#attributes\":{\"Name\":\"Microsoft-Windows-Ntfs\",\"Guid\":\"3FF37A1C-A68D-4D6E-8C9B-F79E8B16C482\"}},\"EventID\":4,\"Version\":1,\"Level\":4,\"Task\":6,\"Opcode\":0,\"Keywords\":\"0x4001000000000020\",\"TimeCreated\":{\"#attributes\":{\"SystemTime\":\"2022-03-01T16:42:05.532419Z\"}},\"EventRecordID\":3,\"Correlation\":null,\"Execution\":{\"#attributes\":{\"ProcessID\":4,\"ThreadID\":196}},\"Channel\":\"Microsoft-Windows-Ntfs/Operational\",\"Computer\":\"WIN-KPO4DDU11AB\",\"Security\":{\"#attributes\":{\"UserID\":\"S-1-5-18\"}}},\"EventData\":{\"VolumeCorrelationId\":\"4A4B25B1-8AA6-412B-8C46-2E87F31C2941\",\"VolumeIdLength\":2,\"VolumeId\":\"C:\",\"VolumeLabelLength\":0,\"VolumeLabel\":\"\",\"DeviceNameLength\":23,\"DeviceName\":\"\\\\Device\\\\HarddiskVolume3\",\"DeviceGuid\":\"7B6F1752-BD95-6E22-E3A5-6EE8419ECAD7\",\"VendorIdLength\":0,\"VendorId\":\"\",\"ProductIdLength\":24,\"ProductId\":\"VMware Virtual NVMe Disk\",\"ProductRevisionLength\":3,\"ProductRevision\":\"1.0\",\"DeviceSerialNumberLength\":16,\"DeviceSerialNumber\":\"VMWare NVME_0000\",\"BusType\":17,\"AdapterSerialNumberLength\":16,\"AdapterSerialNumber\":\"VMWare NVME_0000\",\"Vcb\":\"0xffffd10699c1a1b0\",\"MountDurationUs\":15307,\"MountDuration\":\"15 ms\",\"LongestStage\":4,\"LongestStageDuration\":\"15 ms\",\"LongestStagePercentage\":100,\"SecondLongestStage\":0,\"SecondLongestStageDuration\":\"0 us\",\"SecondLongestStagePercentage\":0,\"RestartApplied\":false,\"IsBootVolume\":true,\"Stage1DurationUs\":0,\"Stage2DurationUs\":0,\"Stage3DurationUs\":0,\"Stage4DurationUs\":15307,\"Stage5DurationUs\":0,\"Stage6DurationUs\":0,\"Stage7DurationUs\":0,\"Stage8DurationUs\":0,\"Stage9DurationUs\":0,\"Stage10DurationUs\":0}}}",
  "xml_fields": {
    "provider": "Microsoft-Windows-Ntfs",
    "event_id": "4",
    "timestamp": "2022-03-01T16:42:05.532419Z",
    "event_record_id": "3",
    "level": "4",
    "task": "6",
    "opcode": "0",
    "keywords": "0x4001000000000020",
    "channel": "Microsoft-Windows-Ntfs/Operational",
    "computer": "WIN-KPO4DDU11AB",
    "VolumeCorrelationId": "4A4B25B1-8AA6-412B-8C46-2E87F31C2941",
    "VolumeIdLength": "2",
    "VolumeId": "C:",
    "VolumeLabelLength": "0",
    "VolumeLabel": "",
    "DeviceNameLength": "23",
    "DeviceName": "\\Device\\HarddiskVolume3",
    "DeviceGuid": "7B6F1752-BD95-6E22-E3A5-6EE8419ECAD7",
    "VendorIdLength": "0",
    "VendorId": "",
    "ProductIdLength": "24",
    "ProductId": "VMware Virtual NVMe Disk",
    "ProductRevisionLength": "3",
    "ProductRevision": "1.0",
    "DeviceSerialNumberLength": "16",
    "DeviceSerialNumber": "VMWare NVME_0000",
    "BusType": "17",
    "AdapterSerialNumberLength": "16",
    "AdapterSerialNumber": "VMWare NVME_0000",
    "Vcb": "0xffffd10699c1a1b0",
    "MountDurationUs": "15307",
    "MountDuration": "15 ms",
    "LongestStage": "4",
    "LongestStageDuration": "15 ms",
    "LongestStagePercentage": "100",
    "SecondLongestStage": "0",
    "SecondLongestStageDuration": "0 us",
    "SecondLongestStagePercentage": "0",
    "RestartApplied": "false",
    "IsBootVolume": "true",
    "Stage1DurationUs": "0",
    "Stage2DurationUs": "0",
    "Stage3DurationUs": "0",
    "Stage4DurationUs": "15307",
    "Stage5DurationUs": "0",
    "Stage6DurationUs": "0",
    "Stage7DurationUs": "0",
    "Stage8DurationUs": "0",
    "Stage9DurationUs": "0",
    "Stage10DurationUs": "0"
  },
  "json_fields": {
    "provider": "Microsoft-Windows-Ntfs",
    "channel": "Microsoft-Windows-Ntfs/Operational",
    "event_id": "4",
    "timestamp": "2022-03-01T16:42:05.532419Z",
    "event_record_id": "3",
    "level": "4",
    "task": "6",
    "opcode": "0",
    "keywords": "0x4001000000000020",
    "computer": "WIN-KPO4DDU11AB",
    "VolumeCorrelationId": "4A4B25B1-8AA6-412B-8C46-2E87F31C2941",
    "VolumeIdLength": "2",
    "VolumeId": "C:",
    "VolumeLabelLength": "0",
    "VolumeLabel": "",
    "DeviceNameLength": "23",
    "DeviceName": "\\Device\\HarddiskVolume3",
    "DeviceGuid": "7B6F1752-BD95-6E22-E3A5-6EE8419ECAD7",
    "VendorIdLength": "0",
    "VendorId": "",
    "ProductIdLength": "24",
    "ProductId": "VMware Virtual NVMe Disk",
    "ProductRevisionLength": "3",
    "ProductRevision": "1.0",
    "DeviceSerialNumberLength": "16",
    "DeviceSerialNumber": "VMWare NVME_0000",
    "BusType": "17",
    "AdapterSerialNumberLength": "16",
    "AdapterSerialNumber": "VMWare NVME_0000",
    "Vcb": "0xffffd10699c1a1b0",
    "MountDurationUs": "15307",
    "MountDuration": "15 ms",
    "LongestStage": "4",
    "LongestStageDuration": "15 ms",
    "LongestStagePercentage": "100",
    "SecondLongestStage": "0",
    "SecondLongestStageDuration": "0 us",
    "SecondLongestStagePercentage": "0",
    "RestartApplied": "False",
    "IsBootVolume": "True",
    "Stage1DurationUs": "0",
    "Stage2DurationUs": "0",
    "Stage3DurationUs": "0",
    "Stage4DurationUs": "15307",
    "Stage5DurationUs": "0",
    "Stage6DurationUs": "0",
    "Stage7DurationUs": "0",
    "Stage8DurationUs": "0",
    "Stage9DurationUs": "0",
    "Stage10DurationUs": "0"
  }
}