{
  "event_id": "4",
  "provider": "Microsoft-Windows-Crypto-NCrypt",
  "channel": "Microsoft-Windows-Crypto-NCrypt/Operational",
  "source_file": "D:\\visual code file\\Project_4\\Event-Analyzer\\test\\Logs\\Microsoft-Windows-Crypto-NCrypt%4Operational.evtx",
  "event_record_id": 20,
  "xml": "<?xml version=\"1.0\" encoding=\"utf-8\"?>\n<Event xmlns=\"http://schemas.microsoft.com/win/2004/08/events/event\">\n  <System>\n    <Provider Name=\"Microsoft-Windows-Crypto-NCrypt\" Guid=\"E8ED09DC-100C-45E2-9FC8-B53399EC1F70\">\n    </Provider>\n    <EventID>4</EventID>\n    <Version>0</Version>\n    <Level>2</Level>\n    <Task>4</Task>\n    <Opcode>0</Opcode>\n    <Keywords>0x8000000000000001</Keywords>\n    <TimeCreated SystemTime=\"2024-11-04T12:48:48.057304Z\">\n    </TimeCreated>\n    <EventRecordID>20</EventRecordID>\n    <Correlation>\n    </Correlation>\n    <Execution ProcessID=\"3380\" ThreadID=\"3192\">\n    </Execution>\n    <Channel>Microsoft-Windows-Crypto-NCrypt/Operational</Channel>\n    <Computer>DESKTOP-P9H5FTA</Computer>\n    <Security UserID=\"S-1-5-21-3088055692-629932344-1786574096-1001\">\n    </Security>\n  </System>\n  <EventData>\n    <Data Name=\"ProviderName\">Microsoft Software Key Storage Provider</Data>\n    <Data Name=\"KeyName\">ChromeMetricsTestKey</Data>\n    <Data Name=\"AlgorithmName\">ECDSA_P256</Data>\n    <Data Name=\"Flags\">0x20000</Data>\n    <Data Name=\"Status\">0x80090029</Data>\n    <Data Name=\"ProcessName\">msedge.exe</Data>\n  </EventData>\n</Event>\n",
  "json": "{\"Event\":{\"#attributes\":{\"xmlns\":\"http://schemas.microsoft.com/win/2004/08/events/event\"},\"System\":{\"Provider\":{\"#attributes\":{\"Name\":\"Microsoft-Windows-Crypto-NCrypt\",\"Guid\":\"E8ED09DC-100C-45E2-9FC8-B53399EC1F70\"}},\"EventID\":4,\"Version\":0,\"Level\":2,\"Task\":4,\"Opcode\":0,\"Keywords\":\"0x8000000000000001\",\"TimeCreated\":{\"#attributes\":{\"SystemTime\":\"2024-11-04T12:48:48.057304Z\"}},\"EventRecordID\":20,\"Correlation\":null,\"Execution\":{\"#attributes\":{\"ProcessID\":3380,\"ThreadID\":3192}},\"Channel\":\"Microsoft-Windows-Crypto-NCrypt/Operational\",\"Computer\":\"DESKTOP-P9H5FTA\",\"Security\":{\"#attributes\":{\"UserID\":\"S-1-5-21-3088055692-629932344-1786574096-1001\"}}},\"EventData\":{\"ProviderName\":\"Microsoft Software Key Storage Provider\",\"KeyName\":\"ChromeMetricsTestKey\",\"AlgorithmName\":\"ECDSA_P256\",\"Flags\":\"0x20000\",\"Status\":\"0x80090029\",\"ProcessName\":\"msedge.exe\"}}}",
  "xml_fields": {
    "provider": "Microsoft-Windows-Crypto-NCrypt",
    "event_id": "4",
    "timestamp": "2024-11-04T12:48:48.057304Z",
    "event_record_id": "20",
    "level": "2",
    "task": "4",
    "opcode": "0",
    "keywords": "0x8000000000000001",
    "channel": "Microsoft-Windows-Crypto-NCrypt/Operational",
    "computer": "DESKTOP-P9H5FTA",
    "ProviderName": "Microsoft Software Key Storage Provider",
    "KeyName": "ChromeMetricsTestKey",
    "AlgorithmName": "ECDSA_P256",
    "Flags": "0x20000",
    "Status": "0x80090029",
    "ProcessName": "msedge.exe"
  },
  "json_fields": {
    "provider": "Microsoft-Windows-Crypto-NCrypt",
    "channel": "Microsoft-Windows-Crypto-NCrypt/Operational",
    "event_id": "4",
    "timestamp": "2024-11-04T12:48:48.057304Z",
    "event_record_id": "20",
    "level": "2",
    "task": "4",
    "opcode": "0",
    "keywords": "0x8000000000000001",
    "computer": "DESKTOP-P9H5FTA",
    "ProviderName": "Microsoft Software Key Storage Provider",
    "KeyName": "ChromeMetricsTestKey",
    "AlgorithmName": "ECDSA_P256",
    "Flags": "0x20000",
    "Status": "0x80090029",
    "ProcessName": "msedge.exe"
  }
}