{
  "event_id": "4",
  "provider": "Windows-ApplicationModel-Store-SDK",
  "channel": "Microsoft-Windows-Store/Operational",
  "source_file": "D:\\visual code file\\Project_4\\Event-Analyzer\\test\\Logs\\Microsoft-Windows-Store%4Operational.evtx",
  "event_record_id": 711,
  "xml": "<?xml version=\"1.0\" encoding=\"utf-8\"?>\n<Event xmlns=\"http://schemas.microsoft.com/win/2004/08/events/event\">\n  <System>\n    <Provider Name=\"Windows-ApplicationModel-Store-SDK\" Guid=\"FF79A477-C45F-4A52-8AE0-2B324346D4E4\">\n    </Provider>\n    <EventID>4</EventID>\n    <Version>0</Version>\n    <Level>4</Level>\n    <Task>4</Task>\n    <Opcode>0</Opcode>\n    <Keywords>0x8000000000000001</Keywords>\n    <TimeCreated SystemTime=\"2024-11-04T12:48:50.676654Z\">\n    </TimeCreated>\n    <EventRecordID>711</EventRecordID>\n    <Correlation ActivityID=\"ABFE7217-2EB6-0000-6584-FEABB62EDB01\">\n    </Correlation>\n    <Execution ProcessID=\"1208\" ThreadID=\"7748\">\n    </Execution>\n    <Channel>Microsoft-Windows-Store/Operational</Channel>\n    <Computer>DESKTOP-P9H5FTA</Computer>\n    <Security UserID=\"S-1-5-21-3088055692-629932344-1786574096-1001\">\n    </Security>\n  </System>\n  <EventData>\n    <Data Name=\"Message\">PreInstallRegisterTask fired, Suspend Count=0</Data>\n    <Data Name=\"Line Number\">44</Data>\n    <Data Name=\"File Name\">C:\\BA\\52\\s\\src\\Tasks\\WinStoreTasks\\PreInstallRegisterTask.cs</Data>\n    <Data Name=\"Member Name\">Run</Data>\n  </EventData>\n</Event>\n",
  "json": "{\"Event\":{\"#attributes\":{\"xmlns\":\"http://schemas.microsoft.com/win/2004/08/events/event\"},\"System\":{\"Provider\":{\"#attributes\":{\"Name\":\"Windows-ApplicationModel-Store-SDK\",\"Guid\":\"FF79A477-C45F-4A52-8AE0-2B324346D4E4\"}},\"EventID\":4,\"Version\":0,\"Level\":4,\"Task\":4,\"Opcode\":0,\"Keywords\":\"0x8000000000000001\",\"TimeCreated\":{\"#attributes\":{\"SystemTime\":\"2024-11-04T12:48:50.676654Z\"}},\"EventRecordID\":711,\"Correlation\":{\"#attributes\":{\"ActivityID\":\"ABFE7217-2EB6-0000-6584-FEABB62EDB01\"}},\"Execution\":{\"#attributes\":{\"ProcessID\":1208,\"ThreadID\":7748}},\"Channel\":\"Microsoft-Windows-Store/Operational\",\"Computer\":\"DESKTOP-P9H5FTA\",\"Security\":{\"#attributes\":{\"UserID\":\"S-1-5-21-3088055692-629932344-1786574096-1001\"}}},\"EventData\":{\"Message\":\"PreInstallRegisterTask fired, Suspend Count=0\",\"Line Number\":44,\"File Name\":\"C:\\\\BA\\\\52\\\\s\\\\src\\\\Tasks\\\\WinStoreTasks\\\\PreInstallRegisterTask.cs\",\"Member Name\":\"Run\"}}}",
  "xml_fields": {
    "provider": "Windows-ApplicationModel-Store-SDK",
    "event_id": "4",
    "timestamp": "2024-11-04T12:48:50.676654Z",
    "event_record_id": "711",
    "level": "4",
    "task": "4",
    "opcode": "0",
    "keywords": "0x8000000000000001",
    "channel": "Microsoft-Windows-Store/Operational",
    "computer": "DESKTOP-P9H5FTA",
    "Message": "PreInstallRegisterTask fired, Suspend Count=0",
    "Line Number": "44",
    "File Name": "C:\\BA\\52\\s\\src\\Tasks\\WinStoreTasks\\PreInstallRegisterTask.cs",
    "Member Name": "Run"
  },
  "json_fields": {
    "provider": "Windows-ApplicationModel-Store-SDK",
    "channel": "Microsoft-Windows-Store/Operational",
    "event_id": "4",
    "timestamp": "2024-11-04T12:48:50.676654Z",
    "event_record_id": "711",
    "level": "4",
    "task": "4",
    "opcode": "0",
    "keywords": "0x8000000000000001",
    "computer": "DESKTOP-P9H5FTA",
    "Message": "PreInstallRegisterTask fired, Suspend Count=0",
    "Line Number": "44",
    "File Name": "C:\\BA\\52\\s\\src\\Tasks\\WinStoreTasks\\PreInstallRegisterTask.cs",
    "Member Name": "Run"
  }
}