{
  "event_id": "5001",
  "provider": "Microsoft-Windows-NcdAutoSetup",
  "channel": "Microsoft-Windows-NcdAutoSetup/Operational",
  "source_file": "D:\\visual code file\\Project_4\\Event-Analyzer\\test\\Benign\\Logs_Win11_2023\\Microsoft-Windows-NcdAutoSetup%4Operational.evtx",
  "event_record_id": 1,
  "xml": "<?xml version=\"1.0\" encoding=\"utf-8\"?>\n<Event xmlns=\"http://schemas.microsoft.com/win/2004/08/events/event\">\n  <System>\n    <Provider Name=\"Microsoft-Windows-NcdAutoSetup\" Guid=\"EC23F986-AE2D-4269-B52F-4E20765C1A94\">\n    </Provider>\n    <EventID>5001</EventID>\n    <Version>0</Version>\n    <Level>4</Level>\n    <Task>3</Task>\n    <Opcode>0</Opcode>\n    <Keywords>0x8000000000000000</Keywords>\n    <TimeCreated SystemTime=\"2023-10-25T21:24:48.831864Z\">\n    </TimeCreated>\n    <EventRecordID>1</EventRecordID>\n    <Correlation>\n    </Correlation>\n    <Execution ProcessID=\"7248\" ThreadID=\"7332\">\n    </Execution>\n    <Channel>Microsoft-Windows-NcdAutoSetup/Operational</Channel>\n    <Computer>WinDevEval</Computer>\n    <Security UserID=\"S-1-5-19\">\n    </Security>\n  </System>\n  <EventData>\n    <Data Name=\"String1\">Network</Data>\n  </EventData>\n</Event>\n",
  "json": "{\"Event\":{\"#attributes\":{\"xmlns\":\"http://schemas.microsoft.com/win/2004/08/events/event\"},\"System\":{\"Provider\":{\"#attributes\":{\"Name\":\"Microsoft-Windows-NcdAutoSetup\",\"Guid\":\"EC23F986-AE2D-4269-B52F-4E20765C1A94\"}},\"EventID\":5001,\"Version\":0,\"Level\":4,\"Task\":3,\"Opcode\":0,\"Keywords\":\"0x8000000000000000\",\"TimeCreated\":{\"#attributes\":{\"SystemTime\":\"2023-10-25T21:24:48.831864Z\"}},\"EventRecordID\":1,\"Correlation\":null,\"Execution\":{\"#attributes\":{\"ProcessID\":7248,\"ThreadID\":7332}},\"Channel\":\"Microsoft-Windows-NcdAutoSetup/Operational\",\"Computer\":\"WinDevEval\",\"Security\":{\"#attributes\":{\"UserID\":\"S-1-5-19\"}}},\"EventData\":{\"String1\":\"Network\"}}}",
  "xml_fields": {
    "provider": "Microsoft-Windows-NcdAutoSetup",
    "event_id": "5001",
    "timestamp": "2023-10-25T21:24:48.831864Z",
    "event_record_id": "1",
    "level": "4",
    "task": "3",
    "opcode": "0",
    "keywords": "0x8000000000000000",
    "channel": "Microsoft-Windows-NcdAutoSetup/Operational",
    "computer": "WinDevEval",
    "String1": "Network"
  },
  "json_fields": {
    "provider": "Microsoft-Windows-NcdAutoSetup",
    "channel": "Microsoft-Windows-NcdAutoSetup/Operational",
    "event_id": "5001",
    "timestamp": "2023-10-25T21:24:48.831864Z",
    "event_record_id": "1",
    "level": "4",
    "task": "3",
    "opcode": "0",
    "keywords": "0x8000000000000000",
    "computer": "WinDevEval",
    "String1": "Network"
  }
}