{
  "event_id": "5005",
  "provider": "Microsoft-Windows-HomeGroup-ProviderService",
  "channel": "Microsoft-Windows-HomeGroup Provider Service/Operational",
  "source_file": "D:\\visual code file\\Project_4\\Event-Analyzer\\test\\Benign\\win7-x86\\Microsoft-Windows-HomeGroup Provider Service%4Operational.evtx",
  "event_record_id": 3,
  "xml": "<?xml version=\"1.0\" encoding=\"utf-8\"?>\n<Event xmlns=\"http://schemas.microsoft.com/win/2004/08/events/event\">\n  <System>\n    <Provider Name=\"Microsoft-Windows-HomeGroup-ProviderService\" Guid=\"C9BDB4EB-9287-4C8E-8378-6896F0D1C5EF\">\n    </Provider>\n    <EventID>5005</EventID>\n    <Version>0</Version>\n    <Level>4</Level>\n    <Task>0</Task>\n    <Opcode>0</Opcode>\n    <Keywords>0x8000000000000000</Keywords>\n    <TimeCreated SystemTime=\"2022-04-04T10:09:11.967875Z\">\n    </TimeCreated>\n    <EventRecordID>3</EventRecordID>\n    <Correlation>\n    </Correlation>\n    <Execution ProcessID=\"952\" ThreadID=\"276\">\n    </Execution>\n    <Channel>Microsoft-Windows-HomeGroup Provider Service/Operational</Channel>\n    <Computer>evtx-PC</Computer>\n    <Security UserID=\"S-1-5-19\">\n    </Security>\n  </System>\n  <EventData>\n    <Data Name=\"Error\">Unspecified error\r\n</Data>\n  </EventData>\n</Event>\n",
  "json": "{\"Event\":{\"#attributes\":{\"xmlns\":\"http://schemas.microsoft.com/win/2004/08/events/event\"},\"System\":{\"Provider\":{\"#attributes\":{\"Name\":\"Microsoft-Windows-HomeGroup-ProviderService\",\"Guid\":\"C9BDB4EB-9287-4C8E-8378-6896F0D1C5EF\"}},\"EventID\":5005,\"Version\":0,\"Level\":4,\"Task\":0,\"Opcode\":0,\"Keywords\":\"0x8000000000000000\",\"TimeCreated\":{\"#attributes\":{\"SystemTime\":\"2022-04-04T10:09:11.967875Z\"}},\"EventRecordID\":3,\"Correlation\":null,\"Execution\":{\"#attributes\":{\"ProcessID\":952,\"ThreadID\":276}},\"Channel\":\"Microsoft-Windows-HomeGroup Provider Service/Operational\",\"Computer\":\"evtx-PC\",\"Security\":{\"#attributes\":{\"UserID\":\"S-1-5-19\"}}},\"EventData\":{\"Error\":\"Unspecified error\\r\\n\"}}}",
  "xml_fields": {
    "provider": "Microsoft-Windows-HomeGroup-ProviderService",
    "event_id": "5005",
    "timestamp": "2022-04-04T10:09:11.967875Z",
    "event_record_id": "3",
    "level": "4",
    "task": "0",
    "opcode": "0",
    "keywords": "0x8000000000000000",
    "channel": "Microsoft-Windows-HomeGroup Provider Service/Operational",
    "computer": "evtx-PC",
    "Error": "Unspecified error\n"
  },
  "json_fields": {
    "provider": "Microsoft-Windows-HomeGroup-ProviderService",
    "channel": "Microsoft-Windows-HomeGroup Provider Service/Operational",
    "event_id": "5005",
    "timestamp": "2022-04-04T10:09:11.967875Z",
    "event_record_id": "3",
    "level": "4",
    "task": "0",
    "opcode": "0",
    "keywords": "0x8000000000000000",
    "computer": "evtx-PC",
    "Error": "Unspecified error\r\n"
  }
}