{
  "event_id": "5007",
  "provider": "Microsoft-Windows-Windows Defender",
  "channel": "Microsoft-Windows-Windows Defender/Operational",
  "source_file": "D:\\visual code file\\Project_4\\Event-Analyzer\\test\\Logs\\Microsoft-Windows-Windows Defender%4Operational.evtx",
  "event_record_id": 1,
  "xml": "<?xml version=\"1.0\" encoding=\"utf-8\"?>\n<Event xmlns=\"http://schemas.microsoft.com/win/2004/08/events/event\">\n  <System>\n    <Provider Name=\"Microsoft-Windows-Windows Defender\" Guid=\"11CD958A-C507-4EF3-B3F2-5FD9DFBD2C78\">\n    </Provider>\n    <EventID>5007</EventID>\n    <Version>0</Version>\n    <Level>4</Level>\n    <Task>0</Task>\n    <Opcode>0</Opcode>\n    <Keywords>0x8000000000000000</Keywords>\n    <TimeCreated SystemTime=\"2024-11-05T01:33:10.876751Z\">\n    </TimeCreated>\n    <EventRecordID>1</EventRecordID>\n    <Correlation>\n    </Correlation>\n    <Execution ProcessID=\"2656\" ThreadID=\"2804\">\n    </Execution>\n    <Channel>Microsoft-Windows-Windows Defender/Operational</Channel>\n    <Computer>WIN-5LCFHVCO531</Computer>\n    <Security UserID=\"S-1-5-18\">\n    </Security>\n  </System>\n  <EventData>\n    <Data Name=\"Product Name\">%%827</Data>\n    <Data Name=\"Product Version\">4.18.1909.6</Data>\n    <Data Name=\"Old Value\">Default\\InstallLocation = C:\\Program Files\\Windows Defender</Data>\n    <Data Name=\"New Value\">HKLM\\SOFTWARE\\Microsoft\\Windows Defender\\InstallLocation = C:\\Program Files\\Windows Defender\\</Data>\n  </EventData>\n</Event>\n",
  "json": "{\"Event\":{\"#attributes\":{\"xmlns\":\"http://schemas.microsoft.com/win/2004/08/events/event\"},\"System\":{\"Provider\":{\"#attributes\":{\"Name\":\"Microsoft-Windows-Windows Defender\",\"Guid\":\"11CD958A-C507-4EF3-B3F2-5FD9DFBD2C78\"}},\"EventID\":5007,\"Version\":0,\"Level\":4,\"Task\":0,\"Opcode\":0,\"Keywords\":\"0x8000000000000000\",\"TimeCreated\":{\"#attributes\":{\"SystemTime\":\"2024-11-05T01:33:10.876751Z\"}},\"EventRecordID\":1,\"Correlation\":null,\"Execution\":{\"#attributes\":{\"ProcessID\":2656,\"ThreadID\":2804}},\"Channel\":\"Microsoft-Windows-Windows Defender/Operational\",\"Computer\":\"WIN-5LCFHVCO531\",\"Security\":{\"#attributes\":{\"UserID\":\"S-1-5-18\"}}},\"EventData\":{\"Product Name\":\"%%827\",\"Product Version\":\"4.18.1909.6\",\"Old Value\":\"Default\\\\InstallLocation = C:\\\\Program Files\\\\Windows Defender\",\"New Value\":\"HKLM\\\\SOFTWARE\\\\Microsoft\\\\Windows Defender\\\\InstallLocation = C:\\\\Program Files\\\\Windows Defender\\\\\"}}}",
  "xml_fields": {
    "provider": "Microsoft-Windows-Windows Defender",
    "event_id": "5007",
    "timestamp": "2024-11-05T01:33:10.876751Z",
    "event_record_id": "1",
    "level": "4",
    "task": "0",
    "opcode": "0",
    "keywords": "0x8000000000000000",
    "channel": "Microsoft-Windows-Windows Defender/Operational",
    "computer": "WIN-5LCFHVCO531",
    "Product Name": "%%827",
    "Product Version": "4.18.1909.6",
    "Old Value": "Default\\InstallLocation = C:\\Program Files\\Windows Defender",
    "New Value": "HKLM\\SOFTWARE\\Microsoft\\Windows Defender\\InstallLocation = C:\\Program Files\\Windows Defender\\"
  },
  "json_fields": {
    "provider": "Microsoft-Windows-Windows Defender",
    "channel": "Microsoft-Windows-Windows Defender/Operational",
    "event_id": "5007",
    "timestamp": "2024-11-05T01:33:10.876751Z",
    "event_record_id": "1",
    "level": "4",
    "task": "0",
    "opcode": "0",
    "keywords": "0x8000000000000000",
    "computer": "WIN-5LCFHVCO531",
    "Product Name": "%%827",
    "Product Version": "4.18.1909.6",
    "Old Value": "Default\\InstallLocation = C:\\Program Files\\Windows Defender",
    "New Value": "HKLM\\SOFTWARE\\Microsoft\\Windows Defender\\InstallLocation = C:\\Program Files\\Windows Defender\\"
  }
}