{
  "event_id": "500",
  "provider": "Microsoft-Windows-StorPort",
  "channel": "Microsoft-Windows-Storage-Storport/Operational",
  "source_file": "D:\\visual code file\\Project_4\\Event-Analyzer\\test\\Benign\\Logs_Win11\\Microsoft-Windows-Storage-Storport%4Operational.evtx",
  "event_record_id": 30,
  "xml": "<?xml version=\"1.0\" encoding=\"utf-8\"?>\n<Event xmlns=\"http://schemas.microsoft.com/win/2004/08/events/event\">\n  <System>\n    <Provider Name=\"Microsoft-Windows-StorPort\" Guid=\"C4636A1E-7986-4646-BF10-7BC3B4A76E8E\">\n    </Provider>\n    <EventID>500</EventID>\n    <Version>4</Version>\n    <Level>3</Level>\n    <Task>0</Task>\n    <Opcode>0</Opcode>\n    <Keywords>0x800080000000000</Keywords>\n    <TimeCreated SystemTime=\"2022-03-01T18:52:27.929708Z\">\n    </TimeCreated>\n    <EventRecordID>30</EventRecordID>\n    <Correlation>\n    </Correlation>\n    <Execution ProcessID=\"0\" ThreadID=\"0\">\n    </Execution>\n    <Channel>Microsoft-Windows-Storage-Storport/Operational</Channel>\n    <Computer>DESKTOP-6D0DBMB</Computer>\n    <Security>\n    </Security>\n  </System>\n  <EventData>\n    <Data Name=\"MiniportName\">stornvme</Data>\n    <Data Name=\"PortNumber\">3</Data>\n    <Data Name=\"AdapterGuid\">843A8757-997E-11EC-9DEA-806E6F6E6963</Data>\n    <Data Name=\"PathID\">0</Data>\n    <Data Name=\"TargetID\">0</Data>\n    <Data Name=\"LUN\">0</Data>\n    <Data Name=\"ClassDeviceGuid\">7B6F1752-BD95-6E22-E3A5-6EE8419ECAD7</Data>\n    <Data Name=\"VendorId\">NVMe    </Data>\n    <Data Name=\"ProductId\">VMware Virtual N</Data>\n    <Data Name=\"SerialNumber\">VMWare NVME_0000</Data>\n    <Data Name=\"BootDevice\">true</Data>\n    <Data Name=\"SrbFunction\">0</Data>\n    <Data Name=\"CdbLength\">10</Data>\n    <Data Name=\"Cdb\">2A000061A7A00000A000</Data>\n    <Data Name=\"SrbTimeout\">10</Data>\n    <Data Name=\"AbortSupported\">false</Data>\n  </EventData>\n</Event>\n",
  "json": "{\"Event\":{\"#attributes\":{\"xmlns\":\"http://schemas.microsoft.com/win/2004/08/events/event\"},\"System\":{\"Provider\":{\"#attributes\":{\"Name\":\"Microsoft-Windows-StorPort\",\"Guid\":\"C4636A1E-7986-4646-BF10-7BC3B4A76E8E\"}},\"EventID\":500,\"Version\":4,\"Level\":3,\"Task\":0,\"Opcode\":0,\"Keywords\":\"0x800080000000000\",\"TimeCreated\":{\"#attributes\":{\"SystemTime\":\"2022-03-01T18:52:27.929708Z\"}},\"EventRecordID\":30,\"Correlation\":null,\"Execution\":{\"#attributes\":{\"ProcessID\":0,\"ThreadID\":0}},\"Channel\":\"Microsoft-Windows-Storage-Storport/Operational\",\"Computer\":\"DESKTOP-6D0DBMB\",\"Security\":null},\"EventData\":{\"MiniportName\":\"stornvme\",\"PortNumber\":3,\"AdapterGuid\":\"843A8757-997E-11EC-9DEA-806E6F6E6963\",\"PathID\":0,\"TargetID\":0,\"LUN\":0,\"ClassDeviceGuid\":\"7B6F1752-BD95-6E22-E3A5-6EE8419ECAD7\",\"VendorId\":\"NVMe    \",\"ProductId\":\"VMware Virtual N\",\"SerialNumber\":\"VMWare NVME_0000\",\"BootDevice\":true,\"SrbFunction\":0,\"CdbLength\":10,\"Cdb\":\"2A000061A7A00000A000\",\"SrbTimeout\":10,\"AbortSupported\":false}}}",
  "xml_fields": {
    "provider": "Microsoft-Windows-StorPort",
    "event_id": "500",
    "timestamp": "2022-03-01T18:52:27.929708Z",
    "event_record_id": "30",
    "level": "3",
    "task": "0",
    "opcode": "0",
    "keywords": "0x800080000000000",
    "channel": "Microsoft-Windows-Storage-Storport/Operational",
    "computer": "DESKTOP-6D0DBMB",
    "MiniportName": "stornvme",
    "PortNumber": "3",
    "AdapterGuid": "843A8757-997E-11EC-9DEA-806E6F6E6963",
    "PathID": "0",
    "TargetID": "0",
    "LUN": "0",
    "ClassDeviceGuid": "7B6F1752-BD95-6E22-E3A5-6EE8419ECAD7",
    "VendorId": "NVMe    ",
    "ProductId": "VMware Virtual N",
    "SerialNumber": "VMWare NVME_0000",
    "BootDevice": "true",
    "SrbFunction": "0",
    "CdbLength": "10",
    "Cdb": "2A000061A7A00000A000",
    "SrbTimeout": "10",
    "AbortSupported": "false"
  },
  "json_fields": {
    "provider": "Microsoft-Windows-StorPort",
    "channel": "Microsoft-Windows-Storage-Storport/Operational",
    "event_id": "500",
    "timestamp": "2022-03-01T18:52:27.929708Z",
    "event_record_id": "30",
    "level": "3",
    "task": "0",
    "opcode": "0",
    "keywords": "0x800080000000000",
    "computer": "DESKTOP-6D0DBMB",
    "MiniportName": "stornvme",
    "PortNumber": "3",
    "AdapterGuid": "843A8757-997E-11EC-9DEA-806E6F6E6963",
    "PathID": "0",
    "TargetID": "0",
    "LUN": "0",
    "ClassDeviceGuid": "7B6F1752-BD95-6E22-E3A5-6EE8419ECAD7",
    "VendorId": "NVMe    ",
    "ProductId": "VMware Virtual N",
    "SerialNumber": "VMWare NVME_0000",
    "BootDevice": "True",
    "SrbFunction": "0",
    "CdbLength": "10",
    "Cdb": "2A000061A7A00000A000",
    "SrbTimeout": "10",
    "AbortSupported": "False"
  }
}