{
  "event_id": "500",
  "provider": "Microsoft-Windows-StorDiag",
  "channel": "Microsoft-Windows-Storage-ClassPnP/Operational",
  "source_file": "D:\\visual code file\\Project_4\\Event-Analyzer\\test\\Benign\\Logs_Win11\\Microsoft-Windows-Storage-ClassPnP%4Operational.evtx",
  "event_record_id": 72,
  "xml": "<?xml version=\"1.0\" encoding=\"utf-8\"?>\n<Event xmlns=\"http://schemas.microsoft.com/win/2004/08/events/event\">\n  <System>\n    <Provider Name=\"Microsoft-Windows-StorDiag\" Guid=\"F5D05B38-80A6-4653-825D-C414E4AB3C68\">\n    </Provider>\n    <EventID>500</EventID>\n    <Version>1</Version>\n    <Level>2</Level>\n    <Task>200</Task>\n    <Opcode>101</Opcode>\n    <Keywords>0x800000000200000</Keywords>\n    <TimeCreated SystemTime=\"2022-03-02T18:25:59.014235Z\">\n    </TimeCreated>\n    <EventRecordID>72</EventRecordID>\n    <Correlation>\n    </Correlation>\n    <Execution ProcessID=\"3812\" ThreadID=\"5828\">\n    </Execution>\n    <Channel>Microsoft-Windows-Storage-ClassPnP/Operational</Channel>\n    <Computer>DESKTOP-6D0DBMB</Computer>\n    <Security UserID=\"S-1-5-18\">\n    </Security>\n  </System>\n  <EventData>\n    <Data Name=\"DeviceGUID\">23277889-8EEE-4CFC-A9B4-0D9674531369</Data>\n    <Data Name=\"DeviceNumber\">1</Data>\n    <Data Name=\"Vendor\">SanDisk </Data>\n    <Data Name=\"Model\">Cruzer Blade    </Data>\n    <Data Name=\"FirmwareVersion\">1.26</Data>\n    <Data Name=\"SerialNumber\">4C532000030418114212</Data>\n    <Data Name=\"IrpStatus\">0x80000016</Data>\n    <Data Name=\"LBA\">0x0</Data>\n    <Data Name=\"TransferByteCount\">8192</Data>\n    <Data Name=\"NvCachePriority\">255</Data>\n    <Data Name=\"PagingPriority\">2</Data>\n  </EventData>\n</Event>\n",
  "json": "{\"Event\":{\"#attributes\":{\"xmlns\":\"http://schemas.microsoft.com/win/2004/08/events/event\"},\"System\":{\"Provider\":{\"#attributes\":{\"Name\":\"Microsoft-Windows-StorDiag\",\"Guid\":\"F5D05B38-80A6-4653-825D-C414E4AB3C68\"}},\"EventID\":500,\"Version\":1,\"Level\":2,\"Task\":200,\"Opcode\":101,\"Keywords\":\"0x800000000200000\",\"TimeCreated\":{\"#attributes\":{\"SystemTime\":\"2022-03-02T18:25:59.014235Z\"}},\"EventRecordID\":72,\"Correlation\":null,\"Execution\":{\"#attributes\":{\"ProcessID\":3812,\"ThreadID\":5828}},\"Channel\":\"Microsoft-Windows-Storage-ClassPnP/Operational\",\"Computer\":\"DESKTOP-6D0DBMB\",\"Security\":{\"#attributes\":{\"UserID\":\"S-1-5-18\"}}},\"EventData\":{\"DeviceGUID\":\"23277889-8EEE-4CFC-A9B4-0D9674531369\",\"DeviceNumber\":1,\"Vendor\":\"SanDisk \",\"Model\":\"Cruzer Blade    \",\"FirmwareVersion\":\"1.26\",\"SerialNumber\":\"4C532000030418114212\",\"IrpStatus\":\"0x80000016\",\"LBA\":\"0x0\",\"TransferByteCount\":8192,\"NvCachePriority\":255,\"PagingPriority\":2}}}",
  "xml_fields": {
    "provider": "Microsoft-Windows-StorDiag",
    "event_id": "500",
    "timestamp": "2022-03-02T18:25:59.014235Z",
    "event_record_id": "72",
    "level": "2",
    "task": "200",
    "opcode": "101",
    "keywords": "0x800000000200000",
    "channel": "Microsoft-Windows-Storage-ClassPnP/Operational",
    "computer": "DESKTOP-6D0DBMB",
    "DeviceGUID": "23277889-8EEE-4CFC-A9B4-0D9674531369",
    "DeviceNumber": "1",
    "Vendor": "SanDisk ",
    "Model": "Cruzer Blade    ",
    "FirmwareVersion": "1.26",
    "SerialNumber": "4C532000030418114212",
    "IrpStatus": "0x80000016",
    "LBA": "0x0",
    "TransferByteCount": "8192",
    "NvCachePriority": "255",
    "PagingPriority": "2"
  },
  "json_fields": {
    "provider": "Microsoft-Windows-StorDiag",
    "channel": "Microsoft-Windows-Storage-ClassPnP/Operational",
    "event_id": "500",
    "timestamp": "2022-03-02T18:25:59.014235Z",
    "event_record_id": "72",
    "level": "2",
    "task": "200",
    "opcode": "101",
    "keywords": "0x800000000200000",
    "computer": "DESKTOP-6D0DBMB",
    "DeviceGUID": "23277889-8EEE-4CFC-A9B4-0D9674531369",
    "DeviceNumber": "1",
    "Vendor": "SanDisk ",
    "Model": "Cruzer Blade    ",
    "FirmwareVersion": "1.26",
    "SerialNumber": "4C532000030418114212",
    "IrpStatus": "0x80000016",
    "LBA": "0x0",
    "TransferByteCount": "8192",
    "NvCachePriority": "255",
    "PagingPriority": "2"
  }
}