{
  "event_id": "5013",
  "provider": "Microsoft-Windows-Shell-AuthUI",
  "channel": "Microsoft-Windows-Authentication User Interface/Operational",
  "source_file": "D:\\visual code file\\Project_4\\Event-Analyzer\\test\\Logs\\Microsoft-Windows-Authentication User Interface%4Operational.evtx",
  "event_record_id": 1,
  "xml": "<?xml version=\"1.0\" encoding=\"utf-8\"?>\n<Event xmlns=\"http://schemas.microsoft.com/win/2004/08/events/event\">\n  <System>\n    <Provider Name=\"Microsoft-Windows-Shell-AuthUI\" Guid=\"63D2BB1D-E39A-41B8-9A3D-52DD06677588\">\n    </Provider>\n    <EventID>5013</EventID>\n    <Version>0</Version>\n    <Level>3</Level>\n    <Task>0</Task>\n    <Opcode>0</Opcode>\n    <Keywords>0x8000000000000000</Keywords>\n    <TimeCreated SystemTime=\"2024-11-04T12:47:35.066897Z\">\n    </TimeCreated>\n    <EventRecordID>1</EventRecordID>\n    <Correlation>\n    </Correlation>\n    <Execution ProcessID=\"924\" ThreadID=\"2380\">\n    </Execution>\n    <Channel>Microsoft-Windows-Authentication User Interface/Operational</Channel>\n    <Computer>DESKTOP-P9H5FTA</Computer>\n    <Security UserID=\"S-1-5-18\">\n    </Security>\n  </System>\n  <EventData>\n    <Data Name=\"AutoLogonSettingRemovalReason\">0</Data>\n  </EventData>\n</Event>\n",
  "json": "{\"Event\":{\"#attributes\":{\"xmlns\":\"http://schemas.microsoft.com/win/2004/08/events/event\"},\"System\":{\"Provider\":{\"#attributes\":{\"Name\":\"Microsoft-Windows-Shell-AuthUI\",\"Guid\":\"63D2BB1D-E39A-41B8-9A3D-52DD06677588\"}},\"EventID\":5013,\"Version\":0,\"Level\":3,\"Task\":0,\"Opcode\":0,\"Keywords\":\"0x8000000000000000\",\"TimeCreated\":{\"#attributes\":{\"SystemTime\":\"2024-11-04T12:47:35.066897Z\"}},\"EventRecordID\":1,\"Correlation\":null,\"Execution\":{\"#attributes\":{\"ProcessID\":924,\"ThreadID\":2380}},\"Channel\":\"Microsoft-Windows-Authentication User Interface/Operational\",\"Computer\":\"DESKTOP-P9H5FTA\",\"Security\":{\"#attributes\":{\"UserID\":\"S-1-5-18\"}}},\"EventData\":{\"AutoLogonSettingRemovalReason\":0}}}",
  "xml_fields": {
    "provider": "Microsoft-Windows-Shell-AuthUI",
    "event_id": "5013",
    "timestamp": "2024-11-04T12:47:35.066897Z",
    "event_record_id": "1",
    "level": "3",
    "task": "0",
    "opcode": "0",
    "keywords": "0x8000000000000000",
    "channel": "Microsoft-Windows-Authentication User Interface/Operational",
    "computer": "DESKTOP-P9H5FTA",
    "AutoLogonSettingRemovalReason": "0"
  },
  "json_fields": {
    "provider": "Microsoft-Windows-Shell-AuthUI",
    "channel": "Microsoft-Windows-Authentication User Interface/Operational",
    "event_id": "5013",
    "timestamp": "2024-11-04T12:47:35.066897Z",
    "event_record_id": "1",
    "level": "3",
    "task": "0",
    "opcode": "0",
    "keywords": "0x8000000000000000",
    "computer": "DESKTOP-P9H5FTA",
    "AutoLogonSettingRemovalReason": "0"
  }
}