{
  "event_id": "5016",
  "provider": "Microsoft-Windows-GroupPolicy",
  "channel": "Microsoft-Windows-GroupPolicy/Operational",
  "source_file": "D:\\visual code file\\Project_4\\Event-Analyzer\\test\\Benign\\Logs_Win11\\Microsoft-Windows-GroupPolicy%4Operational.evtx",
  "event_record_id": 84,
  "xml": "<?xml version=\"1.0\" encoding=\"utf-8\"?>\n<Event xmlns=\"http://schemas.microsoft.com/win/2004/08/events/event\">\n  <System>\n    <Provider Name=\"Microsoft-Windows-GroupPolicy\" Guid=\"AEA1B4FA-97D1-45F2-A64C-4D69FFFD92C9\">\n    </Provider>\n    <EventID>5016</EventID>\n    <Version>0</Version>\n    <Level>4</Level>\n    <Task>0</Task>\n    <Opcode>2</Opcode>\n    <Keywords>0x4000000000000000</Keywords>\n    <TimeCreated SystemTime=\"2022-03-01T16:58:35.949135Z\">\n    </TimeCreated>\n    <EventRecordID>84</EventRecordID>\n    <Correlation ActivityID=\"AA4AE3CE-BB15-46CE-981C-A252B5A76663\">\n    </Correlation>\n    <Execution ProcessID=\"2376\" ThreadID=\"4504\">\n    </Execution>\n    <Channel>Microsoft-Windows-GroupPolicy/Operational</Channel>\n    <Computer>DESKTOP-6D0DBMB</Computer>\n    <Security UserID=\"S-1-5-18\">\n    </Security>\n  </System>\n  <EventData>\n    <Data Name=\"CSEElaspedTimeInMilliSeconds\">32</Data>\n    <Data Name=\"ErrorCode\">0</Data>\n    <Data Name=\"CSEExtensionName\">Registre</Data>\n    <Data Name=\"CSEExtensionId\">35378EAC-683F-11D2-A89A-00C04FBBCFA2</Data>\n  </EventData>\n</Event>\n",
  "json": "{\"Event\":{\"#attributes\":{\"xmlns\":\"http://schemas.microsoft.com/win/2004/08/events/event\"},\"System\":{\"Provider\":{\"#attributes\":{\"Name\":\"Microsoft-Windows-GroupPolicy\",\"Guid\":\"AEA1B4FA-97D1-45F2-A64C-4D69FFFD92C9\"}},\"EventID\":5016,\"Version\":0,\"Level\":4,\"Task\":0,\"Opcode\":2,\"Keywords\":\"0x4000000000000000\",\"TimeCreated\":{\"#attributes\":{\"SystemTime\":\"2022-03-01T16:58:35.949135Z\"}},\"EventRecordID\":84,\"Correlation\":{\"#attributes\":{\"ActivityID\":\"AA4AE3CE-BB15-46CE-981C-A252B5A76663\"}},\"Execution\":{\"#attributes\":{\"ProcessID\":2376,\"ThreadID\":4504}},\"Channel\":\"Microsoft-Windows-GroupPolicy/Operational\",\"Computer\":\"DESKTOP-6D0DBMB\",\"Security\":{\"#attributes\":{\"UserID\":\"S-1-5-18\"}}},\"EventData\":{\"CSEElaspedTimeInMilliSeconds\":32,\"ErrorCode\":0,\"CSEExtensionName\":\"Registre\",\"CSEExtensionId\":\"35378EAC-683F-11D2-A89A-00C04FBBCFA2\"}}}",
  "xml_fields": {
    "provider": "Microsoft-Windows-GroupPolicy",
    "event_id": "5016",
    "timestamp": "2022-03-01T16:58:35.949135Z",
    "event_record_id": "84",
    "level": "4",
    "task": "0",
    "opcode": "2",
    "keywords": "0x4000000000000000",
    "channel": "Microsoft-Windows-GroupPolicy/Operational",
    "computer": "DESKTOP-6D0DBMB",
    "CSEElaspedTimeInMilliSeconds": "32",
    "ErrorCode": "0",
    "CSEExtensionName": "Registre",
    "CSEExtensionId": "35378EAC-683F-11D2-A89A-00C04FBBCFA2"
  },
  "json_fields": {
    "provider": "Microsoft-Windows-GroupPolicy",
    "channel": "Microsoft-Windows-GroupPolicy/Operational",
    "event_id": "5016",
    "timestamp": "2022-03-01T16:58:35.949135Z",
    "event_record_id": "84",
    "level": "4",
    "task": "0",
    "opcode": "2",
    "keywords": "0x4000000000000000",
    "computer": "DESKTOP-6D0DBMB",
    "CSEElaspedTimeInMilliSeconds": "32",
    "ErrorCode": "0",
    "CSEExtensionName": "Registre",
    "CSEExtensionId": "35378EAC-683F-11D2-A89A-00C04FBBCFA2"
  }
}