{
  "event_id": "5029",
  "provider": "Microsoft-Windows-AppXDeployment-Server",
  "channel": "Microsoft-Windows-AppXDeploymentServer/Operational",
  "source_file": "D:\\visual code file\\Project_4\\Event-Analyzer\\test\\Logs\\Microsoft-Windows-AppXDeploymentServer%4Operational.evtx",
  "event_record_id": 10246,
  "xml": "<?xml version=\"1.0\" encoding=\"utf-8\"?>\n<Event xmlns=\"http://schemas.microsoft.com/win/2004/08/events/event\">\n  <System>\n    <Provider Name=\"Microsoft-Windows-AppXDeployment-Server\" Guid=\"3F471139-ACB7-4A01-B7A7-FF5DA4BA2D43\">\n    </Provider>\n    <EventID>5029</EventID>\n    <Version>0</Version>\n    <Level>5</Level>\n    <Task>2</Task>\n    <Opcode>2</Opcode>\n    <Keywords>0x4000000000000002</Keywords>\n    <TimeCreated SystemTime=\"2025-01-24T10:22:50.302320Z\">\n    </TimeCreated>\n    <EventRecordID>10246</EventRecordID>\n    <Correlation ActivityID=\"8D345FF6-6E47-0001-B77F-348D476EDB01\">\n    </Correlation>\n    <Execution ProcessID=\"3908\" ThreadID=\"7300\">\n    </Execution>\n    <Channel>Microsoft-Windows-AppXDeploymentServer/Operational</Channel>\n    <Computer>CTO-FILESVR</Computer>\n    <Security UserID=\"S-1-5-21-3088055692-629932344-1786574096-1003\">\n    </Security>\n  </System>\n  <EventData>\n    <Data Name=\"PackageFullName\">Microsoft.Office.OneNote_8wekyb3d8bbwe!microsoft.onenoteim</Data>\n    <Data Name=\"Result\">0</Data>\n  </EventData>\n</Event>\n",
  "json": "{\"Event\":{\"#attributes\":{\"xmlns\":\"http://schemas.microsoft.com/win/2004/08/events/event\"},\"System\":{\"Provider\":{\"#attributes\":{\"Name\":\"Microsoft-Windows-AppXDeployment-Server\",\"Guid\":\"3F471139-ACB7-4A01-B7A7-FF5DA4BA2D43\"}},\"EventID\":5029,\"Version\":0,\"Level\":5,\"Task\":2,\"Opcode\":2,\"Keywords\":\"0x4000000000000002\",\"TimeCreated\":{\"#attributes\":{\"SystemTime\":\"2025-01-24T10:22:50.302320Z\"}},\"EventRecordID\":10246,\"Correlation\":{\"#attributes\":{\"ActivityID\":\"8D345FF6-6E47-0001-B77F-348D476EDB01\"}},\"Execution\":{\"#attributes\":{\"ProcessID\":3908,\"ThreadID\":7300}},\"Channel\":\"Microsoft-Windows-AppXDeploymentServer/Operational\",\"Computer\":\"CTO-FILESVR\",\"Security\":{\"#attributes\":{\"UserID\":\"S-1-5-21-3088055692-629932344-1786574096-1003\"}}},\"EventData\":{\"PackageFullName\":\"Microsoft.Office.OneNote_8wekyb3d8bbwe!microsoft.onenoteim\",\"Result\":0}}}",
  "xml_fields": {
    "provider": "Microsoft-Windows-AppXDeployment-Server",
    "event_id": "5029",
    "timestamp": "2025-01-24T10:22:50.302320Z",
    "event_record_id": "10246",
    "level": "5",
    "task": "2",
    "opcode": "2",
    "keywords": "0x4000000000000002",
    "channel": "Microsoft-Windows-AppXDeploymentServer/Operational",
    "computer": "CTO-FILESVR",
    "PackageFullName": "Microsoft.Office.OneNote_8wekyb3d8bbwe!microsoft.onenoteim",
    "Result": "0"
  },
  "json_fields": {
    "provider": "Microsoft-Windows-AppXDeployment-Server",
    "channel": "Microsoft-Windows-AppXDeploymentServer/Operational",
    "event_id": "5029",
    "timestamp": "2025-01-24T10:22:50.302320Z",
    "event_record_id": "10246",
    "level": "5",
    "task": "2",
    "opcode": "2",
    "keywords": "0x4000000000000002",
    "computer": "CTO-FILESVR",
    "PackageFullName": "Microsoft.Office.OneNote_8wekyb3d8bbwe!microsoft.onenoteim",
    "Result": "0"
  }
}