{
  "event_id": "5044",
  "provider": "Microsoft-Windows-AppReadiness",
  "channel": "Microsoft-Windows-AppReadiness/Admin",
  "source_file": "D:\\visual code file\\Project_4\\Event-Analyzer\\test\\Logs\\Microsoft-Windows-AppReadiness%4Admin.evtx",
  "event_record_id": 26,
  "xml": "<?xml version=\"1.0\" encoding=\"utf-8\"?>\n<Event xmlns=\"http://schemas.microsoft.com/win/2004/08/events/event\">\n  <System>\n    <Provider Name=\"Microsoft-Windows-AppReadiness\" Guid=\"F0BE35F8-237B-4814-86B5-ADE51192E503\">\n    </Provider>\n    <EventID>5044</EventID>\n    <Version>0</Version>\n    <Level>2</Level>\n    <Task>2</Task>\n    <Opcode>0</Opcode>\n    <Keywords>0x8000000000000004</Keywords>\n    <TimeCreated SystemTime=\"2024-11-04T12:34:58.284542Z\">\n    </TimeCreated>\n    <EventRecordID>26</EventRecordID>\n    <Correlation>\n    </Correlation>\n    <Execution ProcessID=\"3780\" ThreadID=\"4624\">\n    </Execution>\n    <Channel>Microsoft-Windows-AppReadiness/Admin</Channel>\n    <Computer>DESKTOP-P9H5FTA</Computer>\n    <Security UserID=\"S-1-5-18\">\n    </Security>\n  </System>\n  <EventData>\n    <Data Name=\"User\">S-1-5-21-3088055692-629932344-1786574096-1000</Data>\n    <Data Name=\"Result\">-2147023728</Data>\n  </EventData>\n</Event>\n",
  "json": "{\"Event\":{\"#attributes\":{\"xmlns\":\"http://schemas.microsoft.com/win/2004/08/events/event\"},\"System\":{\"Provider\":{\"#attributes\":{\"Name\":\"Microsoft-Windows-AppReadiness\",\"Guid\":\"F0BE35F8-237B-4814-86B5-ADE51192E503\"}},\"EventID\":5044,\"Version\":0,\"Level\":2,\"Task\":2,\"Opcode\":0,\"Keywords\":\"0x8000000000000004\",\"TimeCreated\":{\"#attributes\":{\"SystemTime\":\"2024-11-04T12:34:58.284542Z\"}},\"EventRecordID\":26,\"Correlation\":null,\"Execution\":{\"#attributes\":{\"ProcessID\":3780,\"ThreadID\":4624}},\"Channel\":\"Microsoft-Windows-AppReadiness/Admin\",\"Computer\":\"DESKTOP-P9H5FTA\",\"Security\":{\"#attributes\":{\"UserID\":\"S-1-5-18\"}}},\"EventData\":{\"User\":\"S-1-5-21-3088055692-629932344-1786574096-1000\",\"Result\":-2147023728}}}",
  "xml_fields": {
    "provider": "Microsoft-Windows-AppReadiness",
    "event_id": "5044",
    "timestamp": "2024-11-04T12:34:58.284542Z",
    "event_record_id": "26",
    "level": "2",
    "task": "2",
    "opcode": "0",
    "keywords": "0x8000000000000004",
    "channel": "Microsoft-Windows-AppReadiness/Admin",
    "computer": "DESKTOP-P9H5FTA",
    "User": "S-1-5-21-3088055692-629932344-1786574096-1000",
    "Result": "-2147023728"
  },
  "json_fields": {
    "provider": "Microsoft-Windows-AppReadiness",
    "channel": "Microsoft-Windows-AppReadiness/Admin",
    "event_id": "5044",
    "timestamp": "2024-11-04T12:34:58.284542Z",
    "event_record_id": "26",
    "level": "2",
    "task": "2",
    "opcode": "0",
    "keywords": "0x8000000000000004",
    "computer": "DESKTOP-P9H5FTA",
    "User": "S-1-5-21-3088055692-629932344-1786574096-1000",
    "Result": "-2147023728"
  }
}