{
  "event_id": "504",
  "provider": "Microsoft-Windows-StorPort",
  "channel": "Microsoft-Windows-Storage-Storport/Operational",
  "source_file": "D:\\visual code file\\Project_4\\Event-Analyzer\\test\\Logs\\Microsoft-Windows-Storage-Storport%4Operational.evtx",
  "event_record_id": 25,
  "xml": "<?xml version=\"1.0\" encoding=\"utf-8\"?>\n<Event xmlns=\"http://schemas.microsoft.com/win/2004/08/events/event\">\n  <System>\n    <Provider Name=\"Microsoft-Windows-StorPort\" Guid=\"C4636A1E-7986-4646-BF10-7BC3B4A76E8E\">\n    </Provider>\n    <EventID>504</EventID>\n    <Version>4</Version>\n    <Level>4</Level>\n    <Task>201</Task>\n    <Opcode>0</Opcode>\n    <Keywords>0x800000000600000</Keywords>\n    <TimeCreated SystemTime=\"2024-11-04T12:51:05.621946Z\">\n    </TimeCreated>\n    <EventRecordID>25</EventRecordID>\n    <Correlation>\n    </Correlation>\n    <Execution ProcessID=\"0\" ThreadID=\"0\">\n    </Execution>\n    <Channel>Microsoft-Windows-Storage-Storport/Operational</Channel>\n    <Computer>DESKTOP-P9H5FTA</Computer>\n    <Security>\n    </Security>\n  </System>\n  <EventData>\n    <Data Name=\"PortNumber\">3</Data>\n    <Data Name=\"PathID\">0</Data>\n    <Data Name=\"TargetID\">0</Data>\n    <Data Name=\"LUN\">0</Data>\n    <Data Name=\"ClassDeviceGuid\">7B6F1752-BD95-6E22-E3A5-6EE8419ECAD7</Data>\n    <Data Name=\"AdapterGuid\">E27835C7-9B15-11EF-9769-806E6F6E6963</Data>\n    <Data Name=\"BusType\">17</Data>\n    <Data Name=\"MiniportName\">stornvme</Data>\n    <Data Name=\"VendorId\">NVMe    </Data>\n    <Data Name=\"ProductId\">VMware Virtual N</Data>\n    <Data Name=\"SerialNumber\">VMWare NVME_0000</Data>\n    <Data Name=\"AdapterSerialNumber\">VMWare NVME_0000</Data>\n    <Data Name=\"SystemUptime_s\">662</Data>\n    <Data Name=\"Version\">5</Data>\n    <Data Name=\"TotalErrors\">1</Data>\n    <Data Name=\"TotalReadWriteErrors\">0</Data>\n    <Data Name=\"TotalImpendingDeviceFailureErrors\">0</Data>\n    <Data Name=\"TotalDeviceFailureErrors\">0</Data>\n    <Data Name=\"TimeoutsInMiniport\">0</Data>\n    <Data Name=\"HierarchicalResetSuccessCount\">0</Data>\n    <Data Name=\"LastError_RequestDuration_ms\">1</Data>\n    <Data Name=\"LastError_WaitDuration_ms\">0</Data>\n    <Data Name=\"LastError_Command\">26</Data>\n    <Data Name=\"LastError_SrbStatus\">6</Data>\n    <Data Name=\"LastError_ScsiStatus\">2</Data>\n    <Data Name=\"LastError_SenseKey\">5</Data>\n    <Data Name=\"LastError_AddSense\">36</Data>\n    <Data Name=\"LastError_AddSenseQ\">0</Data>\n    <Data Name=\"LastError_IoSize\">0</Data>\n    <Data Name=\"LastError_QueueDepth\">0</Data>\n    <Data Name=\"LastError_LBA\">0x0</Data>\n    <Data Name=\"SampledErrorLogArrayLength\">0</Data>\n    <Data Name=\"SampledErrorLogArray\"></Data>\n    <Data Name=\"UniqueErrorLogArrayLength\">40</Data>\n    <Data Name=\"UniqueErrorLogArray\">06020524001A00000000000001000000000000000000000000000000000000000100000000000000</Data>\n  </EventData>\n</Event>\n",
  "json": "{\"Event\":{\"#attributes\":{\"xmlns\":\"http://schemas.microsoft.com/win/2004/08/events/event\"},\"System\":{\"Provider\":{\"#attributes\":{\"Name\":\"Microsoft-Windows-StorPort\",\"Guid\":\"C4636A1E-7986-4646-BF10-7BC3B4A76E8E\"}},\"EventID\":504,\"Version\":4,\"Level\":4,\"Task\":201,\"Opcode\":0,\"Keywords\":\"0x800000000600000\",\"TimeCreated\":{\"#attributes\":{\"SystemTime\":\"2024-11-04T12:51:05.621946Z\"}},\"EventRecordID\":25,\"Correlation\":null,\"Execution\":{\"#attributes\":{\"ProcessID\":0,\"ThreadID\":0}},\"Channel\":\"Microsoft-Windows-Storage-Storport/Operational\",\"Computer\":\"DESKTOP-P9H5FTA\",\"Security\":null},\"EventData\":{\"PortNumber\":3,\"PathID\":0,\"TargetID\":0,\"LUN\":0,\"ClassDeviceGuid\":\"7B6F1752-BD95-6E22-E3A5-6EE8419ECAD7\",\"AdapterGuid\":\"E27835C7-9B15-11EF-9769-806E6F6E6963\",\"BusType\":17,\"MiniportName\":\"stornvme\",\"VendorId\":\"NVMe    \",\"ProductId\":\"VMware Virtual N\",\"SerialNumber\":\"VMWare NVME_0000\",\"AdapterSerialNumber\":\"VMWare NVME_0000\",\"SystemUptime_s\":662,\"Version\":5,\"TotalErrors\":1,\"TotalReadWriteErrors\":0,\"TotalImpendingDeviceFailureErrors\":0,\"TotalDeviceFailureErrors\":0,\"TimeoutsInMiniport\":0,\"HierarchicalResetSuccessCount\":0,\"LastError_RequestDuration_ms\":1,\"LastError_WaitDuration_ms\":0,\"LastError_Command\":26,\"LastError_SrbStatus\":6,\"LastError_ScsiStatus\":2,\"LastError_SenseKey\":5,\"LastError_AddSense\":36,\"LastError_AddSenseQ\":0,\"LastError_IoSize\":0,\"LastError_QueueDepth\":0,\"LastError_LBA\":\"0x0\",\"SampledErrorLogArrayLength\":0,\"SampledErrorLogArray\":\"\",\"UniqueErrorLogArrayLength\":40,\"UniqueErrorLogArray\":\"06020524001A00000000000001000000000000000000000000000000000000000100000000000000\"}}}",
  "xml_fields": {
    "provider": "Microsoft-Windows-StorPort",
    "event_id": "504",
    "timestamp": "2024-11-04T12:51:05.621946Z",
    "event_record_id": "25",
    "level": "4",
    "task": "201",
    "opcode": "0",
    "keywords": "0x800000000600000",
    "channel": "Microsoft-Windows-Storage-Storport/Operational",
    "computer": "DESKTOP-P9H5FTA",
    "PortNumber": "3",
    "PathID": "0",
    "TargetID": "0",
    "LUN": "0",
    "ClassDeviceGuid": "7B6F1752-BD95-6E22-E3A5-6EE8419ECAD7",
    "AdapterGuid": "E27835C7-9B15-11EF-9769-806E6F6E6963",
    "BusType": "17",
    "MiniportName": "stornvme",
    "VendorId": "NVMe    ",
    "ProductId": "VMware Virtual N",
    "SerialNumber": "VMWare NVME_0000",
    "AdapterSerialNumber": "VMWare NVME_0000",
    "SystemUptime_s": "662",
    "Version": "5",
    "TotalErrors": "1",
    "TotalReadWriteErrors": "0",
    "TotalImpendingDeviceFailureErrors": "0",
    "TotalDeviceFailureErrors": "0",
    "TimeoutsInMiniport": "0",
    "HierarchicalResetSuccessCount": "0",
    "LastError_RequestDuration_ms": "1",
    "LastError_WaitDuration_ms": "0",
    "LastError_Command": "26",
    "LastError_SrbStatus": "6",
    "LastError_ScsiStatus": "2",
    "LastError_SenseKey": "5",
    "LastError_AddSense": "36",
    "LastError_AddSenseQ": "0",
    "LastError_IoSize": "0",
    "LastError_QueueDepth": "0",
    "LastError_LBA": "0x0",
    "SampledErrorLogArrayLength": "0",
    "SampledErrorLogArray": "",
    "UniqueErrorLogArrayLength": "40",
    "UniqueErrorLogArray": "06020524001A00000000000001000000000000000000000000000000000000000100000000000000"
  },
  "json_fields": {
    "provider": "Microsoft-Windows-StorPort",
    "channel": "Microsoft-Windows-Storage-Storport/Operational",
    "event_id": "504",
    "timestamp": "2024-11-04T12:51:05.621946Z",
    "event_record_id": "25",
    "level": "4",
    "task": "201",
    "opcode": "0",
    "keywords": "0x800000000600000",
    "computer": "DESKTOP-P9H5FTA",
    "PortNumber": "3",
    "PathID": "0",
    "TargetID": "0",
    "LUN": "0",
    "ClassDeviceGuid": "7B6F1752-BD95-6E22-E3A5-6EE8419ECAD7",
    "AdapterGuid": "E27835C7-9B15-11EF-9769-806E6F6E6963",
    "BusType": "17",
    "MiniportName": "stornvme",
    "VendorId": "NVMe    ",
    "ProductId": "VMware Virtual N",
    "SerialNumber": "VMWare NVME_0000",
    "AdapterSerialNumber": "VMWare NVME_0000",
    "SystemUptime_s": "662",
    "Version": "5",
    "TotalErrors": "1",
    "TotalReadWriteErrors": "0",
    "TotalImpendingDeviceFailureErrors": "0",
    "TotalDeviceFailureErrors": "0",
    "TimeoutsInMiniport": "0",
    "HierarchicalResetSuccessCount": "0",
    "LastError_RequestDuration_ms": "1",
    "LastError_WaitDuration_ms": "0",
    "LastError_Command": "26",
    "LastError_SrbStatus": "6",
    "LastError_ScsiStatus": "2",
    "LastError_SenseKey": "5",
    "LastError_AddSense": "36",
    "LastError_AddSenseQ": "0",
    "LastError_IoSize": "0",
    "LastError_QueueDepth": "0",
    "LastError_LBA": "0x0",
    "SampledErrorLogArrayLength": "0",
    "SampledErrorLogArray": "",
    "UniqueErrorLogArrayLength": "40",
    "UniqueErrorLogArray": "06020524001A00000000000001000000000000000000000000000000000000000100000000000000"
  }
}