{
  "event_id": "5056",
  "provider": "Microsoft-Windows-Security-Auditing",
  "channel": "Security",
  "source_file": "D:\\visual code file\\Project_4\\Event-Analyzer\\test\\Benign\\win7-x86\\Security.evtx",
  "event_record_id": 110,
  "xml": "<?xml version=\"1.0\" encoding=\"utf-8\"?>\n<Event xmlns=\"http://schemas.microsoft.com/win/2004/08/events/event\">\n  <System>\n    <Provider Name=\"Microsoft-Windows-Security-Auditing\" Guid=\"54849625-5478-4994-A5BA-3E3B0328C30D\">\n    </Provider>\n    <EventID>5056</EventID>\n    <Version>0</Version>\n    <Level>0</Level>\n    <Task>12290</Task>\n    <Opcode>0</Opcode>\n    <Keywords>0x8020000000000000</Keywords>\n    <TimeCreated SystemTime=\"2022-04-04T10:09:13.108500Z\">\n    </TimeCreated>\n    <EventRecordID>110</EventRecordID>\n    <Correlation>\n    </Correlation>\n    <Execution ProcessID=\"424\" ThreadID=\"484\">\n    </Execution>\n    <Channel>Security</Channel>\n    <Computer>evtx-PC</Computer>\n    <Security>\n    </Security>\n  </System>\n  <EventData>\n    <Data Name=\"SubjectUserSid\">S-1-5-18</Data>\n    <Data Name=\"SubjectUserName\">WIN-DQ6SQUGKQRD$</Data>\n    <Data Name=\"SubjectDomainName\">WORKGROUP</Data>\n    <Data Name=\"SubjectLogonId\">0x3e7</Data>\n    <Data Name=\"Module\">ncrypt.dll</Data>\n    <Data Name=\"ReturnCode\">0x0</Data>\n  </EventData>\n</Event>\n",
  "json": "{\"Event\":{\"#attributes\":{\"xmlns\":\"http://schemas.microsoft.com/win/2004/08/events/event\"},\"System\":{\"Provider\":{\"#attributes\":{\"Name\":\"Microsoft-Windows-Security-Auditing\",\"Guid\":\"54849625-5478-4994-A5BA-3E3B0328C30D\"}},\"EventID\":5056,\"Version\":0,\"Level\":0,\"Task\":12290,\"Opcode\":0,\"Keywords\":\"0x8020000000000000\",\"TimeCreated\":{\"#attributes\":{\"SystemTime\":\"2022-04-04T10:09:13.108500Z\"}},\"EventRecordID\":110,\"Correlation\":null,\"Execution\":{\"#attributes\":{\"ProcessID\":424,\"ThreadID\":484}},\"Channel\":\"Security\",\"Computer\":\"evtx-PC\",\"Security\":null},\"EventData\":{\"SubjectUserSid\":\"S-1-5-18\",\"SubjectUserName\":\"WIN-DQ6SQUGKQRD$\",\"SubjectDomainName\":\"WORKGROUP\",\"SubjectLogonId\":\"0x3e7\",\"Module\":\"ncrypt.dll\",\"ReturnCode\":\"0x0\"}}}",
  "xml_fields": {
    "provider": "Microsoft-Windows-Security-Auditing",
    "event_id": "5056",
    "timestamp": "2022-04-04T10:09:13.108500Z",
    "event_record_id": "110",
    "level": "0",
    "task": "12290",
    "opcode": "0",
    "keywords": "0x8020000000000000",
    "channel": "Security",
    "computer": "evtx-PC",
    "SubjectUserSid": "S-1-5-18",
    "SubjectUserName": "WIN-DQ6SQUGKQRD$",
    "SubjectDomainName": "WORKGROUP",
    "SubjectLogonId": "0x3e7",
    "Module": "ncrypt.dll",
    "ReturnCode": "0x0"
  },
  "json_fields": {
    "provider": "Microsoft-Windows-Security-Auditing",
    "channel": "Security",
    "event_id": "5056",
    "timestamp": "2022-04-04T10:09:13.108500Z",
    "event_record_id": "110",
    "level": "0",
    "task": "12290",
    "opcode": "0",
    "keywords": "0x8020000000000000",
    "computer": "evtx-PC",
    "SubjectUserSid": "S-1-5-18",
    "SubjectUserName": "WIN-DQ6SQUGKQRD$",
    "SubjectDomainName": "WORKGROUP",
    "SubjectLogonId": "0x3e7",
    "Module": "ncrypt.dll",
    "ReturnCode": "0x0"
  }
}