{
  "event_id": "5059",
  "provider": "Microsoft-Windows-Security-Auditing",
  "channel": "Security",
  "source_file": "D:\\visual code file\\Project_4\\Event-Analyzer\\test\\Logs\\Security.evtx",
  "event_record_id": 13935,
  "xml": "<?xml version=\"1.0\" encoding=\"utf-8\"?>\n<Event xmlns=\"http://schemas.microsoft.com/win/2004/08/events/event\">\n  <System>\n    <Provider Name=\"Microsoft-Windows-Security-Auditing\" Guid=\"54849625-5478-4994-A5BA-3E3B0328C30D\">\n    </Provider>\n    <EventID>5059</EventID>\n    <Version>1</Version>\n    <Level>0</Level>\n    <Task>12292</Task>\n    <Opcode>0</Opcode>\n    <Keywords>0x8020000000000000</Keywords>\n    <TimeCreated SystemTime=\"2025-01-24T10:52:08.580896Z\">\n    </TimeCreated>\n    <EventRecordID>13935</EventRecordID>\n    <Correlation ActivityID=\"B61EC021-6E4D-0001-8EC0-1EB64D6EDB01\">\n    </Correlation>\n    <Execution ProcessID=\"696\" ThreadID=\"752\">\n    </Execution>\n    <Channel>Security</Channel>\n    <Computer>CTO-FILESVR</Computer>\n    <Security>\n    </Security>\n  </System>\n  <EventData>\n    <Data Name=\"SubjectUserSid\">S-1-5-21-3088055692-629932344-1786574096-1003</Data>\n    <Data Name=\"SubjectUserName\">Dutch</Data>\n    <Data Name=\"SubjectDomainName\">CTO-FILESVR</Data>\n    <Data Name=\"SubjectLogonId\">0x1f6d68</Data>\n    <Data Name=\"ClientProcessId\">5824</Data>\n    <Data Name=\"ClientCreationTime\">2025-01-24T10:52:08.321445Z</Data>\n    <Data Name=\"ProviderName\">Microsoft Software Key Storage Provider</Data>\n    <Data Name=\"AlgorithmName\">ECDSA_P256</Data>\n    <Data Name=\"KeyName\">Microsoft Connected Devices Platform device certificate</Data>\n    <Data Name=\"KeyType\">%%2500</Data>\n    <Data Name=\"Operation\">%%2464</Data>\n    <Data Name=\"ReturnCode\">0x0</Data>\n  </EventData>\n</Event>\n",
  "json": "{\"Event\":{\"#attributes\":{\"xmlns\":\"http://schemas.microsoft.com/win/2004/08/events/event\"},\"System\":{\"Provider\":{\"#attributes\":{\"Name\":\"Microsoft-Windows-Security-Auditing\",\"Guid\":\"54849625-5478-4994-A5BA-3E3B0328C30D\"}},\"EventID\":5059,\"Version\":1,\"Level\":0,\"Task\":12292,\"Opcode\":0,\"Keywords\":\"0x8020000000000000\",\"TimeCreated\":{\"#attributes\":{\"SystemTime\":\"2025-01-24T10:52:08.580896Z\"}},\"EventRecordID\":13935,\"Correlation\":{\"#attributes\":{\"ActivityID\":\"B61EC021-6E4D-0001-8EC0-1EB64D6EDB01\"}},\"Execution\":{\"#attributes\":{\"ProcessID\":696,\"ThreadID\":752}},\"Channel\":\"Security\",\"Computer\":\"CTO-FILESVR\",\"Security\":null},\"EventData\":{\"SubjectUserSid\":\"S-1-5-21-3088055692-629932344-1786574096-1003\",\"SubjectUserName\":\"Dutch\",\"SubjectDomainName\":\"CTO-FILESVR\",\"SubjectLogonId\":\"0x1f6d68\",\"ClientProcessId\":5824,\"ClientCreationTime\":\"2025-01-24T10:52:08.321445Z\",\"ProviderName\":\"Microsoft Software Key Storage Provider\",\"AlgorithmName\":\"ECDSA_P256\",\"KeyName\":\"Microsoft Connected Devices Platform device certificate\",\"KeyType\":\"%%2500\",\"Operation\":\"%%2464\",\"ReturnCode\":\"0x0\"}}}",
  "xml_fields": {
    "provider": "Microsoft-Windows-Security-Auditing",
    "event_id": "5059",
    "timestamp": "2025-01-24T10:52:08.580896Z",
    "event_record_id": "13935",
    "level": "0",
    "task": "12292",
    "opcode": "0",
    "keywords": "0x8020000000000000",
    "channel": "Security",
    "computer": "CTO-FILESVR",
    "SubjectUserSid": "S-1-5-21-3088055692-629932344-1786574096-1003",
    "SubjectUserName": "Dutch",
    "SubjectDomainName": "CTO-FILESVR",
    "SubjectLogonId": "0x1f6d68",
    "ClientProcessId": "5824",
    "ClientCreationTime": "2025-01-24T10:52:08.321445Z",
    "ProviderName": "Microsoft Software Key Storage Provider",
    "AlgorithmName": "ECDSA_P256",
    "KeyName": "Microsoft Connected Devices Platform device certificate",
    "KeyType": "%%2500",
    "Operation": "%%2464",
    "ReturnCode": "0x0"
  },
  "json_fields": {
    "provider": "Microsoft-Windows-Security-Auditing",
    "channel": "Security",
    "event_id": "5059",
    "timestamp": "2025-01-24T10:52:08.580896Z",
    "event_record_id": "13935",
    "level": "0",
    "task": "12292",
    "opcode": "0",
    "keywords": "0x8020000000000000",
    "computer": "CTO-FILESVR",
    "SubjectUserSid": "S-1-5-21-3088055692-629932344-1786574096-1003",
    "SubjectUserName": "Dutch",
    "SubjectDomainName": "CTO-FILESVR",
    "SubjectLogonId": "0x1f6d68",
    "ClientProcessId": "5824",
    "ClientCreationTime": "2025-01-24T10:52:08.321445Z",
    "ProviderName": "Microsoft Software Key Storage Provider",
    "AlgorithmName": "ECDSA_P256",
    "KeyName": "Microsoft Connected Devices Platform device certificate",
    "KeyType": "%%2500",
    "Operation": "%%2464",
    "ReturnCode": "0x0"
  }
}