{
  "event_id": "505",
  "provider": "Microsoft-Windows-StorPort",
  "channel": "Microsoft-Windows-Storage-Storport/Operational",
  "source_file": "D:\\visual code file\\Project_4\\Event-Analyzer\\test\\Logs\\Microsoft-Windows-Storage-Storport%4Operational.evtx",
  "event_record_id": 24,
  "xml": "<?xml version=\"1.0\" encoding=\"utf-8\"?>\n<Event xmlns=\"http://schemas.microsoft.com/win/2004/08/events/event\">\n  <System>\n    <Provider Name=\"Microsoft-Windows-StorPort\" Guid=\"C4636A1E-7986-4646-BF10-7BC3B4A76E8E\">\n    </Provider>\n    <EventID>505</EventID>\n    <Version>5</Version>\n    <Level>4</Level>\n    <Task>201</Task>\n    <Opcode>0</Opcode>\n    <Keywords>0x800000000600000</Keywords>\n    <TimeCreated SystemTime=\"2024-11-04T12:51:05.621944Z\">\n    </TimeCreated>\n    <EventRecordID>24</EventRecordID>\n    <Correlation>\n    </Correlation>\n    <Execution ProcessID=\"0\" ThreadID=\"0\">\n    </Execution>\n    <Channel>Microsoft-Windows-Storage-Storport/Operational</Channel>\n    <Computer>DESKTOP-P9H5FTA</Computer>\n    <Security>\n    </Security>\n  </System>\n  <EventData>\n    <Data Name=\"PortNumber\">3</Data>\n    <Data Name=\"PathID\">0</Data>\n    <Data Name=\"TargetID\">0</Data>\n    <Data Name=\"LUN\">0</Data>\n    <Data Name=\"ClassDeviceGuid\">7B6F1752-BD95-6E22-E3A5-6EE8419ECAD7</Data>\n    <Data Name=\"AdapterGuid\">E27835C7-9B15-11EF-9769-806E6F6E6963</Data>\n    <Data Name=\"BusType\">17</Data>\n    <Data Name=\"MiniportName\">stornvme</Data>\n    <Data Name=\"IoTimeout_s\">10</Data>\n    <Data Name=\"VendorId\">NVMe    </Data>\n    <Data Name=\"ProductId\">VMware Virtual N</Data>\n    <Data Name=\"SerialNumber\">VMWare NVME_0000</Data>\n    <Data Name=\"AdapterSerialNumber\">VMWare NVME_0000</Data>\n    <Data Name=\"FirmwareRevision\">1.0</Data>\n    <Data Name=\"BootDevice\">true</Data>\n    <Data Name=\"SystemUptime_s\">662</Data>\n    <Data Name=\"Version\">11</Data>\n    <Data Name=\"TotalIoCount\">82632</Data>\n    <Data Name=\"TotalDeviceQueueIoCount\">0</Data>\n    <Data Name=\"MaxDeviceQueueCount\">1</Data>\n    <Data Name=\"MaxOutstandingCount\">1</Data>\n    <Data Name=\"TotalDeviceQueueIoWaitDuration_100ns\">0</Data>\n    <Data Name=\"MaxDeviceQueueIoWaitDuration_100ns\">0</Data>\n    <Data Name=\"DeviceQueueIoWaitExceededTimeoutCount\">0</Data>\n    <Data Name=\"DeviceQueueIoBusyCount\">0</Data>\n    <Data Name=\"DeviceQueueIoPausedCount\">0</Data>\n    <Data Name=\"DeviceQueueIoUntaggedCommandOutstandingCount\">0</Data>\n    <Data Name=\"DeviceQueueIoPausedForUntaggedCount\">0</Data>\n    <Data Name=\"MaxReadWriteLatency_100ns\">1668479</Data>\n    <Data Name=\"MaxFlushLatency_100ns\">0</Data>\n    <Data Name=\"MaxUnmapLatency_100ns\">0</Data>\n    <Data Name=\"IoLatencyBuckets\">256us, 1ms, 4ms, 16ms, 64ms, 128ms, 256ms, 2000ms, 6000ms, 10000ms, 20000ms, 20000+ms</Data>\n    <Data Name=\"BucketIoSuccess1\">72048</Data>\n    <Data Name=\"BucketIoSuccess2\">9065</Data>\n    <Data Name=\"BucketIoSuccess3\">518</Data>\n    <Data Name=\"BucketIoSuccess4\">433</Data>\n    <Data Name=\"BucketIoSuccess5\">248</Data>\n    <Data Name=\"BucketIoSuccess6\">205</Data>\n    <Data Name=\"BucketIoSuccess7\">115</Data>\n    <Data Name=\"BucketIoSuccess8\">0</Data>\n    <Data Name=\"BucketIoSuccess9\">0</Data>\n    <Data Name=\"BucketIoSuccess10\">0</Data>\n    <Data Name=\"BucketIoSuccess11\">0</Data>\n    <Data Name=\"BucketIoSuccess12\">0</Data>\n    <Data Name=\"BucketIoFailed1\">0</Data>\n    <Data Name=\"BucketIoFailed2\">0</Data>\n    <Data Name=\"BucketIoFailed3\">0</Data>\n    <Data Name=\"BucketIoFailed4\">0</Data>\n    <Data Name=\"BucketIoFailed5\">0</Data>\n    <Data Name=\"BucketIoFailed6\">0</Data>\n    <Data Name=\"BucketIoFailed7\">0</Data>\n    <Data Name=\"BucketIoFailed8\">0</Data>\n    <Data Name=\"BucketIoFailed9\">0</Data>\n    <Data Name=\"BucketIoFailed10\">0</Data>\n    <Data Name=\"BucketIoFailed11\">0</Data>\n    <Data Name=\"BucketIoFailed12\">0</Data>\n    <Data Name=\"BucketIoLatency1_100ns\">79647783</Data>\n    <Data Name=\"BucketIoLatency2_100ns\">33895760</Data>\n    <Data Name=\"BucketIoLatency3_100ns\">7786605</Data>\n    <Data Name=\"BucketIoLatency4_100ns\">39648145</Data>\n    <Data Name=\"BucketIoLatency5_100ns\">103292429</Data>\n    <Data Name=\"BucketIoLatency6_100ns\">234516237</Data>\n    <Data Name=\"BucketIoLatency7_100ns\">154971606</Data>\n    <Data Name=\"BucketIoLatency8_100ns\">0</Data>\n    <Data Name=\"BucketIoLatency9_100ns\">0</Data>\n    <Data Name=\"BucketIoLatency10_100ns\">0</Data>\n    <Data Name=\"BucketIoLatency11_100ns\">0</Data>\n    <Data Name=\"BucketIoLatency12_100ns\">0</Data>\n    <Data Name=\"TotalReadBytes\">1625420288</Data>\n    <Data Name=\"TotalWriteBytes\">1147947520</Data>\n    <Data Name=\"HighLatencyIoCount\">0</Data>\n  </EventData>\n</Event>\n",
  "json": "{\"Event\":{\"#attributes\":{\"xmlns\":\"http://schemas.microsoft.com/win/2004/08/events/event\"},\"System\":{\"Provider\":{\"#attributes\":{\"Name\":\"Microsoft-Windows-StorPort\",\"Guid\":\"C4636A1E-7986-4646-BF10-7BC3B4A76E8E\"}},\"EventID\":505,\"Version\":5,\"Level\":4,\"Task\":201,\"Opcode\":0,\"Keywords\":\"0x800000000600000\",\"TimeCreated\":{\"#attributes\":{\"SystemTime\":\"2024-11-04T12:51:05.621944Z\"}},\"EventRecordID\":24,\"Correlation\":null,\"Execution\":{\"#attributes\":{\"ProcessID\":0,\"ThreadID\":0}},\"Channel\":\"Microsoft-Windows-Storage-Storport/Operational\",\"Computer\":\"DESKTOP-P9H5FTA\",\"Security\":null},\"EventData\":{\"PortNumber\":3,\"PathID\":0,\"TargetID\":0,\"LUN\":0,\"ClassDeviceGuid\":\"7B6F1752-BD95-6E22-E3A5-6EE8419ECAD7\",\"AdapterGuid\":\"E27835C7-9B15-11EF-9769-806E6F6E6963\",\"BusType\":17,\"MiniportName\":\"stornvme\",\"IoTimeout_s\":10,\"VendorId\":\"NVMe    \",\"ProductId\":\"VMware Virtual N\",\"SerialNumber\":\"VMWare NVME_0000\",\"AdapterSerialNumber\":\"VMWare NVME_0000\",\"FirmwareRevision\":\"1.0\",\"BootDevice\":true,\"SystemUptime_s\":662,\"Version\":11,\"TotalIoCount\":82632,\"TotalDeviceQueueIoCount\":0,\"MaxDeviceQueueCount\":1,\"MaxOutstandingCount\":1,\"TotalDeviceQueueIoWaitDuration_100ns\":0,\"MaxDeviceQueueIoWaitDuration_100ns\":0,\"DeviceQueueIoWaitExceededTimeoutCount\":0,\"DeviceQueueIoBusyCount\":0,\"DeviceQueueIoPausedCount\":0,\"DeviceQueueIoUntaggedCommandOutstandingCount\":0,\"DeviceQueueIoPausedForUntaggedCount\":0,\"MaxReadWriteLatency_100ns\":1668479,\"MaxFlushLatency_100ns\":0,\"MaxUnmapLatency_100ns\":0,\"IoLatencyBuckets\":\"256us, 1ms, 4ms, 16ms, 64ms, 128ms, 256ms, 2000ms, 6000ms, 10000ms, 20000ms, 20000+ms\",\"BucketIoSuccess1\":72048,\"BucketIoSuccess2\":9065,\"BucketIoSuccess3\":518,\"BucketIoSuccess4\":433,\"BucketIoSuccess5\":248,\"BucketIoSuccess6\":205,\"BucketIoSuccess7\":115,\"BucketIoSuccess8\":0,\"BucketIoSuccess9\":0,\"BucketIoSuccess10\":0,\"BucketIoSuccess11\":0,\"BucketIoSuccess12\":0,\"BucketIoFailed1\":0,\"BucketIoFailed2\":0,\"BucketIoFailed3\":0,\"BucketIoFailed4\":0,\"BucketIoFailed5\":0,\"BucketIoFailed6\":0,\"BucketIoFailed7\":0,\"BucketIoFailed8\":0,\"BucketIoFailed9\":0,\"BucketIoFailed10\":0,\"BucketIoFailed11\":0,\"BucketIoFailed12\":0,\"BucketIoLatency1_100ns\":79647783,\"BucketIoLatency2_100ns\":33895760,\"BucketIoLatency3_100ns\":7786605,\"BucketIoLatency4_100ns\":39648145,\"BucketIoLatency5_100ns\":103292429,\"BucketIoLatency6_100ns\":234516237,\"BucketIoLatency7_100ns\":154971606,\"BucketIoLatency8_100ns\":0,\"BucketIoLatency9_100ns\":0,\"BucketIoLatency10_100ns\":0,\"BucketIoLatency11_100ns\":0,\"BucketIoLatency12_100ns\":0,\"TotalReadBytes\":1625420288,\"TotalWriteBytes\":1147947520,\"HighLatencyIoCount\":0}}}",
  "xml_fields": {
    "provider": "Microsoft-Windows-StorPort",
    "event_id": "505",
    "timestamp": "2024-11-04T12:51:05.621944Z",
    "event_record_id": "24",
    "level": "4",
    "task": "201",
    "opcode": "0",
    "keywords": "0x800000000600000",
    "channel": "Microsoft-Windows-Storage-Storport/Operational",
    "computer": "DESKTOP-P9H5FTA",
    "PortNumber": "3",
    "PathID": "0",
    "TargetID": "0",
    "LUN": "0",
    "ClassDeviceGuid": "7B6F1752-BD95-6E22-E3A5-6EE8419ECAD7",
    "AdapterGuid": "E27835C7-9B15-11EF-9769-806E6F6E6963",
    "BusType": "17",
    "MiniportName": "stornvme",
    "IoTimeout_s": "10",
    "VendorId": "NVMe    ",
    "ProductId": "VMware Virtual N",
    "SerialNumber": "VMWare NVME_0000",
    "AdapterSerialNumber": "VMWare NVME_0000",
    "FirmwareRevision": "1.0",
    "BootDevice": "true",
    "SystemUptime_s": "662",
    "Version": "11",
    "TotalIoCount": "82632",
    "TotalDeviceQueueIoCount": "0",
    "MaxDeviceQueueCount": "1",
    "MaxOutstandingCount": "1",
    "TotalDeviceQueueIoWaitDuration_100ns": "0",
    "MaxDeviceQueueIoWaitDuration_100ns": "0",
    "DeviceQueueIoWaitExceededTimeoutCount": "0",
    "DeviceQueueIoBusyCount": "0",
    "DeviceQueueIoPausedCount": "0",
    "DeviceQueueIoUntaggedCommandOutstandingCount": "0",
    "DeviceQueueIoPausedForUntaggedCount": "0",
    "MaxReadWriteLatency_100ns": "1668479",
    "MaxFlushLatency_100ns": "0",
    "MaxUnmapLatency_100ns": "0",
    "IoLatencyBuckets": "256us, 1ms, 4ms, 16ms, 64ms, 128ms, 256ms, 2000ms, 6000ms, 10000ms, 20000ms, 20000+ms",
    "BucketIoSuccess1": "72048",
    "BucketIoSuccess2": "9065",
    "BucketIoSuccess3": "518",
    "BucketIoSuccess4": "433",
    "BucketIoSuccess5": "248",
    "BucketIoSuccess6": "205",
    "BucketIoSuccess7": "115",
    "BucketIoSuccess8": "0",
    "BucketIoSuccess9": "0",
    "BucketIoSuccess10": "0",
    "BucketIoSuccess11": "0",
    "BucketIoSuccess12": "0",
    "BucketIoFailed1": "0",
    "BucketIoFailed2": "0",
    "BucketIoFailed3": "0",
    "BucketIoFailed4": "0",
    "BucketIoFailed5": "0",
    "BucketIoFailed6": "0",
    "BucketIoFailed7": "0",
    "BucketIoFailed8": "0",
    "BucketIoFailed9": "0",
    "BucketIoFailed10": "0",
    "BucketIoFailed11": "0",
    "BucketIoFailed12": "0",
    "BucketIoLatency1_100ns": "79647783",
    "BucketIoLatency2_100ns": "33895760",
    "BucketIoLatency3_100ns": "7786605",
    "BucketIoLatency4_100ns": "39648145",
    "BucketIoLatency5_100ns": "103292429",
    "BucketIoLatency6_100ns": "234516237",
    "BucketIoLatency7_100ns": "154971606",
    "BucketIoLatency8_100ns": "0",
    "BucketIoLatency9_100ns": "0",
    "BucketIoLatency10_100ns": "0",
    "BucketIoLatency11_100ns": "0",
    "BucketIoLatency12_100ns": "0",
    "TotalReadBytes": "1625420288",
    "TotalWriteBytes": "1147947520",
    "HighLatencyIoCount": "0"
  },
  "json_fields": {
    "provider": "Microsoft-Windows-StorPort",
    "channel": "Microsoft-Windows-Storage-Storport/Operational",
    "event_id": "505",
    "timestamp": "2024-11-04T12:51:05.621944Z",
    "event_record_id": "24",
    "level": "4",
    "task": "201",
    "opcode": "0",
    "keywords": "0x800000000600000",
    "computer": "DESKTOP-P9H5FTA",
    "PortNumber": "3",
    "PathID": "0",
    "TargetID": "0",
    "LUN": "0",
    "ClassDeviceGuid": "7B6F1752-BD95-6E22-E3A5-6EE8419ECAD7",
    "AdapterGuid": "E27835C7-9B15-11EF-9769-806E6F6E6963",
    "BusType": "17",
    "MiniportName": "stornvme",
    "IoTimeout_s": "10",
    "VendorId": "NVMe    ",
    "ProductId": "VMware Virtual N",
    "SerialNumber": "VMWare NVME_0000",
    "AdapterSerialNumber": "VMWare NVME_0000",
    "FirmwareRevision": "1.0",
    "BootDevice": "True",
    "SystemUptime_s": "662",
    "Version": "11",
    "TotalIoCount": "82632",
    "TotalDeviceQueueIoCount": "0",
    "MaxDeviceQueueCount": "1",
    "MaxOutstandingCount": "1",
    "TotalDeviceQueueIoWaitDuration_100ns": "0",
    "MaxDeviceQueueIoWaitDuration_100ns": "0",
    "DeviceQueueIoWaitExceededTimeoutCount": "0",
    "DeviceQueueIoBusyCount": "0",
    "DeviceQueueIoPausedCount": "0",
    "DeviceQueueIoUntaggedCommandOutstandingCount": "0",
    "DeviceQueueIoPausedForUntaggedCount": "0",
    "MaxReadWriteLatency_100ns": "1668479",
    "MaxFlushLatency_100ns": "0",
    "MaxUnmapLatency_100ns": "0",
    "IoLatencyBuckets": "256us, 1ms, 4ms, 16ms, 64ms, 128ms, 256ms, 2000ms, 6000ms, 10000ms, 20000ms, 20000+ms",
    "BucketIoSuccess1": "72048",
    "BucketIoSuccess2": "9065",
    "BucketIoSuccess3": "518",
    "BucketIoSuccess4": "433",
    "BucketIoSuccess5": "248",
    "BucketIoSuccess6": "205",
    "BucketIoSuccess7": "115",
    "BucketIoSuccess8": "0",
    "BucketIoSuccess9": "0",
    "BucketIoSuccess10": "0",
    "BucketIoSuccess11": "0",
    "BucketIoSuccess12": "0",
    "BucketIoFailed1": "0",
    "BucketIoFailed2": "0",
    "BucketIoFailed3": "0",
    "BucketIoFailed4": "0",
    "BucketIoFailed5": "0",
    "BucketIoFailed6": "0",
    "BucketIoFailed7": "0",
    "BucketIoFailed8": "0",
    "BucketIoFailed9": "0",
    "BucketIoFailed10": "0",
    "BucketIoFailed11": "0",
    "BucketIoFailed12": "0",
    "BucketIoLatency1_100ns": "79647783",
    "BucketIoLatency2_100ns": "33895760",
    "BucketIoLatency3_100ns": "7786605",
    "BucketIoLatency4_100ns": "39648145",
    "BucketIoLatency5_100ns": "103292429",
    "BucketIoLatency6_100ns": "234516237",
    "BucketIoLatency7_100ns": "154971606",
    "BucketIoLatency8_100ns": "0",
    "BucketIoLatency9_100ns": "0",
    "BucketIoLatency10_100ns": "0",
    "BucketIoLatency11_100ns": "0",
    "BucketIoLatency12_100ns": "0",
    "TotalReadBytes": "1625420288",
    "TotalWriteBytes": "1147947520",
    "HighLatencyIoCount": "0"
  }
}