{
  "event_id": "505",
  "provider": "Microsoft-Windows-Application-Experience",
  "channel": "Microsoft-Windows-Application-Experience/Program-Telemetry",
  "source_file": "D:\\visual code file\\Project_4\\Event-Analyzer\\test\\Logs\\Microsoft-Windows-Application-Experience%4Program-Telemetry.evtx",
  "event_record_id": 2,
  "xml": "<?xml version=\"1.0\" encoding=\"utf-8\"?>\n<Event xmlns=\"http://schemas.microsoft.com/win/2004/08/events/event\">\n  <System>\n    <Provider Name=\"Microsoft-Windows-Application-Experience\" Guid=\"EEF54E71-0661-422D-9A98-82FD4940B820\">\n    </Provider>\n    <EventID>505</EventID>\n    <Version>0</Version>\n    <Level>4</Level>\n    <Task>0</Task>\n    <Opcode>0</Opcode>\n    <Keywords>0x800000000000000</Keywords>\n    <TimeCreated SystemTime=\"2024-11-04T12:40:17.214928Z\">\n    </TimeCreated>\n    <EventRecordID>2</EventRecordID>\n    <Correlation>\n    </Correlation>\n    <Execution ProcessID=\"4220\" ThreadID=\"4224\">\n    </Execution>\n    <Channel>Microsoft-Windows-Application-Experience/Program-Telemetry</Channel>\n    <Computer>DESKTOP-P9H5FTA</Computer>\n    <Security UserID=\"S-1-5-21-3088055692-629932344-1786574096-1000\">\n    </Security>\n  </System>\n  <UserData>\n    <CompatibilityFixEvent xmlns=\"http://www.microsoft.com/Windows/Diagnosis/PCA/events\">\n      <ProcessId>4220</ProcessId>\n      <StartTime>2024-11-04T12:40:17.153151Z</StartTime>\n      <FixID>B1756BA4-D3D6-4607-8187-34488A3CE713</FixID>\n      <Flags>0x80010101</Flags>\n      <ExePath>C:\\Windows\\system32\\wwahost.exe</ExePath>\n      <FixName>Microsoft.Windows.CloudExperienceHost</FixName>\n    </CompatibilityFixEvent>\n  </UserData>\n</Event>\n",
  "json": "{\"Event\":{\"#attributes\":{\"xmlns\":\"http://schemas.microsoft.com/win/2004/08/events/event\"},\"System\":{\"Provider\":{\"#attributes\":{\"Name\":\"Microsoft-Windows-Application-Experience\",\"Guid\":\"EEF54E71-0661-422D-9A98-82FD4940B820\"}},\"EventID\":505,\"Version\":0,\"Level\":4,\"Task\":0,\"Opcode\":0,\"Keywords\":\"0x800000000000000\",\"TimeCreated\":{\"#attributes\":{\"SystemTime\":\"2024-11-04T12:40:17.214928Z\"}},\"EventRecordID\":2,\"Correlation\":null,\"Execution\":{\"#attributes\":{\"ProcessID\":4220,\"ThreadID\":4224}},\"Channel\":\"Microsoft-Windows-Application-Experience/Program-Telemetry\",\"Computer\":\"DESKTOP-P9H5FTA\",\"Security\":{\"#attributes\":{\"UserID\":\"S-1-5-21-3088055692-629932344-1786574096-1000\"}}},\"UserData\":{\"CompatibilityFixEvent\":{\"#attributes\":{\"xmlns\":\"http://www.microsoft.com/Windows/Diagnosis/PCA/events\"},\"ProcessId\":4220,\"StartTime\":\"2024-11-04T12:40:17.153151Z\",\"FixID\":\"B1756BA4-D3D6-4607-8187-34488A3CE713\",\"Flags\":\"0x80010101\",\"ExePath\":\"C:\\\\Windows\\\\system32\\\\wwahost.exe\",\"FixName\":\"Microsoft.Windows.CloudExperienceHost\"}}}}",
  "xml_fields": {
    "provider": "Microsoft-Windows-Application-Experience",
    "event_id": "505",
    "timestamp": "2024-11-04T12:40:17.214928Z",
    "event_record_id": "2",
    "level": "4",
    "task": "0",
    "opcode": "0",
    "keywords": "0x800000000000000",
    "channel": "Microsoft-Windows-Application-Experience/Program-Telemetry",
    "computer": "DESKTOP-P9H5FTA",
    "ProcessId": "4220",
    "StartTime": "2024-11-04T12:40:17.153151Z",
    "FixID": "B1756BA4-D3D6-4607-8187-34488A3CE713",
    "Flags": "0x80010101",
    "ExePath": "C:\\Windows\\system32\\wwahost.exe",
    "FixName": "Microsoft.Windows.CloudExperienceHost"
  },
  "json_fields": {
    "provider": "Microsoft-Windows-Application-Experience",
    "channel": "Microsoft-Windows-Application-Experience/Program-Telemetry",
    "event_id": "505",
    "timestamp": "2024-11-04T12:40:17.214928Z",
    "event_record_id": "2",
    "level": "4",
    "task": "0",
    "opcode": "0",
    "keywords": "0x800000000000000",
    "computer": "DESKTOP-P9H5FTA",
    "ProcessId": "4220",
    "StartTime": "2024-11-04T12:40:17.153151Z",
    "FixID": "B1756BA4-D3D6-4607-8187-34488A3CE713",
    "Flags": "0x80010101",
    "ExePath": "C:\\Windows\\system32\\wwahost.exe",
    "FixName": "Microsoft.Windows.CloudExperienceHost"
  }
}