{
  "event_id": "507",
  "provider": "Microsoft-Windows-StorDiag",
  "channel": "Microsoft-Windows-Storage-ClassPnP/Operational",
  "source_file": "D:\\visual code file\\Project_4\\Event-Analyzer\\test\\Benign\\Logs_Win11\\Microsoft-Windows-Storage-ClassPnP%4Operational.evtx",
  "event_record_id": 1,
  "xml": "<?xml version=\"1.0\" encoding=\"utf-8\"?>\n<Event xmlns=\"http://schemas.microsoft.com/win/2004/08/events/event\">\n  <System>\n    <Provider Name=\"Microsoft-Windows-StorDiag\" Guid=\"F5D05B38-80A6-4653-825D-C414E4AB3C68\">\n    </Provider>\n    <EventID>507</EventID>\n    <Version>1</Version>\n    <Level>2</Level>\n    <Task>200</Task>\n    <Opcode>101</Opcode>\n    <Keywords>0x800000008000000</Keywords>\n    <TimeCreated SystemTime=\"2022-03-01T16:50:17.888301Z\">\n    </TimeCreated>\n    <EventRecordID>1</EventRecordID>\n    <Correlation ActivityID=\"00000000-0000-0000-0000-000000000001\">\n    </Correlation>\n    <Execution ProcessID=\"4\" ThreadID=\"176\">\n    </Execution>\n    <Channel>Microsoft-Windows-Storage-ClassPnP/Operational</Channel>\n    <Computer>DESKTOP-6D0DBMB</Computer>\n    <Security UserID=\"S-1-5-18\">\n    </Security>\n  </System>\n  <EventData>\n    <Data Name=\"DeviceGUID\">23277889-8EEE-4CFC-A9B4-0D9674531369</Data>\n    <Data Name=\"DeviceNumber\">1</Data>\n    <Data Name=\"Vendor\">SanDisk </Data>\n    <Data Name=\"Model\">Cruzer Blade    </Data>\n    <Data Name=\"FirmwareVersion\">1.26</Data>\n    <Data Name=\"SerialNumber\">4C532000030418114212</Data>\n    <Data Name=\"DownLevelIrpStatus\">0xc000000d</Data>\n    <Data Name=\"SrbStatus\">132</Data>\n    <Data Name=\"ScsiStatus\">2</Data>\n    <Data Name=\"SenseKey\">5</Data>\n    <Data Name=\"AdditionalSenseCode\">36</Data>\n    <Data Name=\"AdditionalSenseCodeQualifier\">0</Data>\n    <Data Name=\"CdbByteCount\">6</Data>\n    <Data Name=\"CdbBytes\">12010000FF00</Data>\n    <Data Name=\"NumberOfRetriesDone\">0</Data>\n  </EventData>\n</Event>\n",
  "json": "{\"Event\":{\"#attributes\":{\"xmlns\":\"http://schemas.microsoft.com/win/2004/08/events/event\"},\"System\":{\"Provider\":{\"#attributes\":{\"Name\":\"Microsoft-Windows-StorDiag\",\"Guid\":\"F5D05B38-80A6-4653-825D-C414E4AB3C68\"}},\"EventID\":507,\"Version\":1,\"Level\":2,\"Task\":200,\"Opcode\":101,\"Keywords\":\"0x800000008000000\",\"TimeCreated\":{\"#attributes\":{\"SystemTime\":\"2022-03-01T16:50:17.888301Z\"}},\"EventRecordID\":1,\"Correlation\":{\"#attributes\":{\"ActivityID\":\"00000000-0000-0000-0000-000000000001\"}},\"Execution\":{\"#attributes\":{\"ProcessID\":4,\"ThreadID\":176}},\"Channel\":\"Microsoft-Windows-Storage-ClassPnP/Operational\",\"Computer\":\"DESKTOP-6D0DBMB\",\"Security\":{\"#attributes\":{\"UserID\":\"S-1-5-18\"}}},\"EventData\":{\"DeviceGUID\":\"23277889-8EEE-4CFC-A9B4-0D9674531369\",\"DeviceNumber\":1,\"Vendor\":\"SanDisk \",\"Model\":\"Cruzer Blade    \",\"FirmwareVersion\":\"1.26\",\"SerialNumber\":\"4C532000030418114212\",\"DownLevelIrpStatus\":\"0xc000000d\",\"SrbStatus\":132,\"ScsiStatus\":2,\"SenseKey\":5,\"AdditionalSenseCode\":36,\"AdditionalSenseCodeQualifier\":0,\"CdbByteCount\":6,\"CdbBytes\":\"12010000FF00\",\"NumberOfRetriesDone\":0}}}",
  "xml_fields": {
    "provider": "Microsoft-Windows-StorDiag",
    "event_id": "507",
    "timestamp": "2022-03-01T16:50:17.888301Z",
    "event_record_id": "1",
    "level": "2",
    "task": "200",
    "opcode": "101",
    "keywords": "0x800000008000000",
    "channel": "Microsoft-Windows-Storage-ClassPnP/Operational",
    "computer": "DESKTOP-6D0DBMB",
    "DeviceGUID": "23277889-8EEE-4CFC-A9B4-0D9674531369",
    "DeviceNumber": "1",
    "Vendor": "SanDisk ",
    "Model": "Cruzer Blade    ",
    "FirmwareVersion": "1.26",
    "SerialNumber": "4C532000030418114212",
    "DownLevelIrpStatus": "0xc000000d",
    "SrbStatus": "132",
    "ScsiStatus": "2",
    "SenseKey": "5",
    "AdditionalSenseCode": "36",
    "AdditionalSenseCodeQualifier": "0",
    "CdbByteCount": "6",
    "CdbBytes": "12010000FF00",
    "NumberOfRetriesDone": "0"
  },
  "json_fields": {
    "provider": "Microsoft-Windows-StorDiag",
    "channel": "Microsoft-Windows-Storage-ClassPnP/Operational",
    "event_id": "507",
    "timestamp": "2022-03-01T16:50:17.888301Z",
    "event_record_id": "1",
    "level": "2",
    "task": "200",
    "opcode": "101",
    "keywords": "0x800000008000000",
    "computer": "DESKTOP-6D0DBMB",
    "DeviceGUID": "23277889-8EEE-4CFC-A9B4-0D9674531369",
    "DeviceNumber": "1",
    "Vendor": "SanDisk ",
    "Model": "Cruzer Blade    ",
    "FirmwareVersion": "1.26",
    "SerialNumber": "4C532000030418114212",
    "DownLevelIrpStatus": "0xc000000d",
    "SrbStatus": "132",
    "ScsiStatus": "2",
    "SenseKey": "5",
    "AdditionalSenseCode": "36",
    "AdditionalSenseCodeQualifier": "0",
    "CdbByteCount": "6",
    "CdbBytes": "12010000FF00",
    "NumberOfRetriesDone": "0"
  }
}