{
  "event_id": "50",
  "provider": "Microsoft-Windows-Time-Service",
  "channel": "System",
  "source_file": "D:\\visual code file\\Project_4\\Event-Analyzer\\test\\Benign\\win2022-evtx\\System.evtx",
  "event_record_id": 696,
  "xml": "<?xml version=\"1.0\" encoding=\"utf-8\"?>\n<Event xmlns=\"http://schemas.microsoft.com/win/2004/08/events/event\">\n  <System>\n    <Provider Name=\"Microsoft-Windows-Time-Service\" Guid=\"06EDCFEB-0FD0-4E53-ACCA-A6F8BBF81BCB\">\n    </Provider>\n    <EventID>50</EventID>\n    <Version>0</Version>\n    <Level>3</Level>\n    <Task>0</Task>\n    <Opcode>0</Opcode>\n    <Keywords>0x8000000000000000</Keywords>\n    <TimeCreated SystemTime=\"2022-04-04T07:39:18.505457Z\">\n    </TimeCreated>\n    <EventRecordID>696</EventRecordID>\n    <Correlation>\n    </Correlation>\n    <Execution ProcessID=\"1832\" ThreadID=\"248\">\n    </Execution>\n    <Channel>System</Channel>\n    <Computer>WIN-TKC15D7KHUR</Computer>\n    <Security UserID=\"S-1-5-19\">\n    </Security>\n  </System>\n  <EventData Name=\"TMP_EVENT_LOCALCLOCK_UNSET\">\n    <Data Name=\"TimeDifferenceMilliseconds\">5000</Data>\n    <Data Name=\"TimeSampleSeconds\">900</Data>\n  </EventData>\n</Event>\n",
  "json": "{\"Event\":{\"#attributes\":{\"xmlns\":\"http://schemas.microsoft.com/win/2004/08/events/event\"},\"System\":{\"Provider\":{\"#attributes\":{\"Name\":\"Microsoft-Windows-Time-Service\",\"Guid\":\"06EDCFEB-0FD0-4E53-ACCA-A6F8BBF81BCB\"}},\"EventID\":50,\"Version\":0,\"Level\":3,\"Task\":0,\"Opcode\":0,\"Keywords\":\"0x8000000000000000\",\"TimeCreated\":{\"#attributes\":{\"SystemTime\":\"2022-04-04T07:39:18.505457Z\"}},\"EventRecordID\":696,\"Correlation\":null,\"Execution\":{\"#attributes\":{\"ProcessID\":1832,\"ThreadID\":248}},\"Channel\":\"System\",\"Computer\":\"WIN-TKC15D7KHUR\",\"Security\":{\"#attributes\":{\"UserID\":\"S-1-5-19\"}}},\"EventData\":{\"#attributes\":{\"Name\":\"TMP_EVENT_LOCALCLOCK_UNSET\"},\"TimeDifferenceMilliseconds\":5000,\"TimeSampleSeconds\":900}}}",
  "xml_fields": {
    "provider": "Microsoft-Windows-Time-Service",
    "event_id": "50",
    "timestamp": "2022-04-04T07:39:18.505457Z",
    "event_record_id": "696",
    "level": "3",
    "task": "0",
    "opcode": "0",
    "keywords": "0x8000000000000000",
    "channel": "System",
    "computer": "WIN-TKC15D7KHUR",
    "TimeDifferenceMilliseconds": "5000",
    "TimeSampleSeconds": "900"
  },
  "json_fields": {
    "provider": "Microsoft-Windows-Time-Service",
    "channel": "System",
    "event_id": "50",
    "timestamp": "2022-04-04T07:39:18.505457Z",
    "event_record_id": "696",
    "level": "3",
    "task": "0",
    "opcode": "0",
    "keywords": "0x8000000000000000",
    "computer": "WIN-TKC15D7KHUR",
    "TimeDifferenceMilliseconds": "5000",
    "TimeSampleSeconds": "900"
  }
}