{
  "event_id": "51046",
  "provider": "Microsoft-Windows-DHCPv6-Client",
  "channel": "System",
  "source_file": "D:\\visual code file\\Project_4\\Event-Analyzer\\test\\Logs\\System.evtx",
  "event_record_id": 1138,
  "xml": "<?xml version=\"1.0\" encoding=\"utf-8\"?>\n<Event xmlns=\"http://schemas.microsoft.com/win/2004/08/events/event\">\n  <System>\n    <Provider Name=\"Microsoft-Windows-DHCPv6-Client\" Guid=\"6A1F2B00-6A90-4C38-95A5-5CAB3B056778\">\n    </Provider>\n    <EventID>51046</EventID>\n    <Version>0</Version>\n    <Level>4</Level>\n    <Task>4</Task>\n    <Opcode>62</Opcode>\n    <Keywords>0x2000000000000000</Keywords>\n    <TimeCreated SystemTime=\"2025-01-24T10:50:06.748880Z\">\n    </TimeCreated>\n    <EventRecordID>1138</EventRecordID>\n    <Correlation>\n    </Correlation>\n    <Execution ProcessID=\"1304\" ThreadID=\"1568\">\n    </Execution>\n    <Channel>System</Channel>\n    <Computer>CTO-FILESVR</Computer>\n    <Security UserID=\"S-1-5-19\">\n    </Security>\n  </System>\n  <EventData>\n  </EventData>\n</Event>\n",
  "json": "{\"Event\":{\"#attributes\":{\"xmlns\":\"http://schemas.microsoft.com/win/2004/08/events/event\"},\"System\":{\"Provider\":{\"#attributes\":{\"Name\":\"Microsoft-Windows-DHCPv6-Client\",\"Guid\":\"6A1F2B00-6A90-4C38-95A5-5CAB3B056778\"}},\"EventID\":51046,\"Version\":0,\"Level\":4,\"Task\":4,\"Opcode\":62,\"Keywords\":\"0x2000000000000000\",\"TimeCreated\":{\"#attributes\":{\"SystemTime\":\"2025-01-24T10:50:06.748880Z\"}},\"EventRecordID\":1138,\"Correlation\":null,\"Execution\":{\"#attributes\":{\"ProcessID\":1304,\"ThreadID\":1568}},\"Channel\":\"System\",\"Computer\":\"CTO-FILESVR\",\"Security\":{\"#attributes\":{\"UserID\":\"S-1-5-19\"}}},\"EventData\":null}}",
  "xml_fields": {
    "provider": "Microsoft-Windows-DHCPv6-Client",
    "event_id": "51046",
    "timestamp": "2025-01-24T10:50:06.748880Z",
    "event_record_id": "1138",
    "level": "4",
    "task": "4",
    "opcode": "62",
    "keywords": "0x2000000000000000",
    "channel": "System",
    "computer": "CTO-FILESVR"
  },
  "json_fields": {
    "provider": "Microsoft-Windows-DHCPv6-Client",
    "channel": "System",
    "event_id": "51046",
    "timestamp": "2025-01-24T10:50:06.748880Z",
    "event_record_id": "1138",
    "level": "4",
    "task": "4",
    "opcode": "62",
    "keywords": "0x2000000000000000",
    "computer": "CTO-FILESVR"
  }
}