{
  "event_id": "5115",
  "provider": "Microsoft-Windows-GroupPolicy",
  "channel": "Microsoft-Windows-GroupPolicy/Operational",
  "source_file": "D:\\visual code file\\Project_4\\Event-Analyzer\\test\\Logs\\Microsoft-Windows-GroupPolicy%4Operational.evtx",
  "event_record_id": 54,
  "xml": "<?xml version=\"1.0\" encoding=\"utf-8\"?>\n<Event xmlns=\"http://schemas.microsoft.com/win/2004/08/events/event\">\n  <System>\n    <Provider Name=\"Microsoft-Windows-GroupPolicy\" Guid=\"AEA1B4FA-97D1-45F2-A64C-4D69FFFD92C9\">\n    </Provider>\n    <EventID>5115</EventID>\n    <Version>0</Version>\n    <Level>4</Level>\n    <Task>0</Task>\n    <Opcode>0</Opcode>\n    <Keywords>0x4000000000000000</Keywords>\n    <TimeCreated SystemTime=\"2024-11-04T12:39:49.677041Z\">\n    </TimeCreated>\n    <EventRecordID>54</EventRecordID>\n    <Correlation>\n    </Correlation>\n    <Execution ProcessID=\"2412\" ThreadID=\"7112\">\n    </Execution>\n    <Channel>Microsoft-Windows-GroupPolicy/Operational</Channel>\n    <Computer>DESKTOP-P9H5FTA</Computer>\n    <Security UserID=\"S-1-5-18\">\n    </Security>\n  </System>\n  <EventData>\n    <Data Name=\"IsServiceRestart\">false</Data>\n    <Data Name=\"IsMachineBoot\">true</Data>\n    <Data Name=\"GpsvcTimeElapsedInMilliseconds\">332484</Data>\n  </EventData>\n</Event>\n",
  "json": "{\"Event\":{\"#attributes\":{\"xmlns\":\"http://schemas.microsoft.com/win/2004/08/events/event\"},\"System\":{\"Provider\":{\"#attributes\":{\"Name\":\"Microsoft-Windows-GroupPolicy\",\"Guid\":\"AEA1B4FA-97D1-45F2-A64C-4D69FFFD92C9\"}},\"EventID\":5115,\"Version\":0,\"Level\":4,\"Task\":0,\"Opcode\":0,\"Keywords\":\"0x4000000000000000\",\"TimeCreated\":{\"#attributes\":{\"SystemTime\":\"2024-11-04T12:39:49.677041Z\"}},\"EventRecordID\":54,\"Correlation\":null,\"Execution\":{\"#attributes\":{\"ProcessID\":2412,\"ThreadID\":7112}},\"Channel\":\"Microsoft-Windows-GroupPolicy/Operational\",\"Computer\":\"DESKTOP-P9H5FTA\",\"Security\":{\"#attributes\":{\"UserID\":\"S-1-5-18\"}}},\"EventData\":{\"IsServiceRestart\":false,\"IsMachineBoot\":true,\"GpsvcTimeElapsedInMilliseconds\":332484}}}",
  "xml_fields": {
    "provider": "Microsoft-Windows-GroupPolicy",
    "event_id": "5115",
    "timestamp": "2024-11-04T12:39:49.677041Z",
    "event_record_id": "54",
    "level": "4",
    "task": "0",
    "opcode": "0",
    "keywords": "0x4000000000000000",
    "channel": "Microsoft-Windows-GroupPolicy/Operational",
    "computer": "DESKTOP-P9H5FTA",
    "IsServiceRestart": "false",
    "IsMachineBoot": "true",
    "GpsvcTimeElapsedInMilliseconds": "332484"
  },
  "json_fields": {
    "provider": "Microsoft-Windows-GroupPolicy",
    "channel": "Microsoft-Windows-GroupPolicy/Operational",
    "event_id": "5115",
    "timestamp": "2024-11-04T12:39:49.677041Z",
    "event_record_id": "54",
    "level": "4",
    "task": "0",
    "opcode": "0",
    "keywords": "0x4000000000000000",
    "computer": "DESKTOP-P9H5FTA",
    "IsServiceRestart": "False",
    "IsMachineBoot": "True",
    "GpsvcTimeElapsedInMilliseconds": "332484"
  }
}