{
  "event_id": "5124",
  "provider": "Microsoft-Windows-Security-Auditing",
  "channel": "Security",
  "source_file": "D:\\visual code file\\Project_4\\Event-Analyzer\\test\\Malicious\\EVTX-to-MITRE-Attack-master\\TA0005-Defense Evasion\\T1222.001-File and Directory Permissions Modification\\ID5124-OCSP security settings changed.evtx",
  "event_record_id": 7,
  "xml": "<?xml version=\"1.0\" encoding=\"utf-8\"?>\n<Event xmlns=\"http://schemas.microsoft.com/win/2004/08/events/event\">\n  <System>\n    <Provider Name=\"Microsoft-Windows-Security-Auditing\" Guid=\"54849625-5478-4994-A5BA-3E3B0328C30D\">\n    </Provider>\n    <EventID>5124</EventID>\n    <Version>0</Version>\n    <Level>0</Level>\n    <Task>12805</Task>\n    <Opcode>0</Opcode>\n    <Keywords>0x8020000000000000</Keywords>\n    <TimeCreated SystemTime=\"2020-07-11T09:21:50.109681Z\">\n    </TimeCreated>\n    <EventRecordID>1207947</EventRecordID>\n    <Correlation ActivityID=\"2FEE2C3A-4F79-0001-502C-EE2F794FD601\">\n    </Correlation>\n    <Execution ProcessID=\"576\" ThreadID=\"3544\">\n    </Execution>\n    <Channel>Security</Channel>\n    <Computer>pki01.offsec.lan</Computer>\n    <Security>\n    </Security>\n  </System>\n  <EventData>\n    <Data Name=\"NewSecuritySettings\">\nAllow(0x00000101)\tBUILTIN\\Administrators\n\tOCSP Administrator\n\tRead\nAllow(0x00000300)\tIIS APPPOOL\\OCSPISAPIAppPool\n\tRead\n\tOCSP Requestor\n</Data>\n    <Data Name=\"SubjectUserSid\">S-1-5-21-4230534742-2542757381-3142984815-1111</Data>\n    <Data Name=\"SubjectUserName\">admmig</Data>\n    <Data Name=\"SubjectDomainName\">OFFSEC</Data>\n    <Data Name=\"SubjectLogonId\">0x477ac56</Data>\n  </EventData>\n</Event>\n",
  "json": "{\"Event\":{\"#attributes\":{\"xmlns\":\"http://schemas.microsoft.com/win/2004/08/events/event\"},\"System\":{\"Provider\":{\"#attributes\":{\"Name\":\"Microsoft-Windows-Security-Auditing\",\"Guid\":\"54849625-5478-4994-A5BA-3E3B0328C30D\"}},\"EventID\":5124,\"Version\":0,\"Level\":0,\"Task\":12805,\"Opcode\":0,\"Keywords\":\"0x8020000000000000\",\"TimeCreated\":{\"#attributes\":{\"SystemTime\":\"2020-07-11T09:21:50.109681Z\"}},\"EventRecordID\":1207947,\"Correlation\":{\"#attributes\":{\"ActivityID\":\"2FEE2C3A-4F79-0001-502C-EE2F794FD601\"}},\"Execution\":{\"#attributes\":{\"ProcessID\":576,\"ThreadID\":3544}},\"Channel\":\"Security\",\"Computer\":\"pki01.offsec.lan\",\"Security\":null},\"EventData\":{\"NewSecuritySettings\":\"\\nAllow(0x00000101)\\tBUILTIN\\\\Administrators\\n\\tOCSP Administrator\\n\\tRead\\nAllow(0x00000300)\\tIIS APPPOOL\\\\OCSPISAPIAppPool\\n\\tRead\\n\\tOCSP Requestor\\n\",\"SubjectUserSid\":\"S-1-5-21-4230534742-2542757381-3142984815-1111\",\"SubjectUserName\":\"admmig\",\"SubjectDomainName\":\"OFFSEC\",\"SubjectLogonId\":\"0x477ac56\"}}}",
  "xml_fields": {
    "provider": "Microsoft-Windows-Security-Auditing",
    "event_id": "5124",
    "timestamp": "2020-07-11T09:21:50.109681Z",
    "event_record_id": "1207947",
    "level": "0",
    "task": "12805",
    "opcode": "0",
    "keywords": "0x8020000000000000",
    "channel": "Security",
    "computer": "pki01.offsec.lan",
    "NewSecuritySettings": "\nAllow(0x00000101)\tBUILTIN\\Administrators\n\tOCSP Administrator\n\tRead\nAllow(0x00000300)\tIIS APPPOOL\\OCSPISAPIAppPool\n\tRead\n\tOCSP Requestor\n",
    "SubjectUserSid": "S-1-5-21-4230534742-2542757381-3142984815-1111",
    "SubjectUserName": "admmig",
    "SubjectDomainName": "OFFSEC",
    "SubjectLogonId": "0x477ac56"
  },
  "json_fields": {
    "provider": "Microsoft-Windows-Security-Auditing",
    "channel": "Security",
    "event_id": "5124",
    "timestamp": "2020-07-11T09:21:50.109681Z",
    "event_record_id": "1207947",
    "level": "0",
    "task": "12805",
    "opcode": "0",
    "keywords": "0x8020000000000000",
    "computer": "pki01.offsec.lan",
    "NewSecuritySettings": "\nAllow(0x00000101)\tBUILTIN\\Administrators\n\tOCSP Administrator\n\tRead\nAllow(0x00000300)\tIIS APPPOOL\\OCSPISAPIAppPool\n\tRead\n\tOCSP Requestor\n",
    "SubjectUserSid": "S-1-5-21-4230534742-2542757381-3142984815-1111",
    "SubjectUserName": "admmig",
    "SubjectDomainName": "OFFSEC",
    "SubjectLogonId": "0x477ac56"
  }
}