{
  "event_id": "512",
  "provider": "Microsoft-Windows-StorPort",
  "channel": "Microsoft-Windows-Storage-Storport/Health",
  "source_file": "D:\\visual code file\\Project_4\\Event-Analyzer\\test\\Logs\\Microsoft-Windows-Storage-Storport%4Health.evtx",
  "event_record_id": 91,
  "xml": "<?xml version=\"1.0\" encoding=\"utf-8\"?>\n<Event xmlns=\"http://schemas.microsoft.com/win/2004/08/events/event\">\n  <System>\n    <Provider Name=\"Microsoft-Windows-StorPort\" Guid=\"C4636A1E-7986-4646-BF10-7BC3B4A76E8E\">\n    </Provider>\n    <EventID>512</EventID>\n    <Version>5</Version>\n    <Level>4</Level>\n    <Task>201</Task>\n    <Opcode>0</Opcode>\n    <Keywords>0x200000000000040</Keywords>\n    <TimeCreated SystemTime=\"2024-11-04T12:51:05.622288Z\">\n    </TimeCreated>\n    <EventRecordID>91</EventRecordID>\n    <Correlation>\n    </Correlation>\n    <Execution ProcessID=\"4\" ThreadID=\"116\">\n    </Execution>\n    <Channel>Microsoft-Windows-Storage-Storport/Health</Channel>\n    <Computer>DESKTOP-P9H5FTA</Computer>\n    <Security UserID=\"S-1-5-18\">\n    </Security>\n  </System>\n  <EventData>\n    <Data Name=\"PortNumber\">3</Data>\n    <Data Name=\"PathID\">0</Data>\n    <Data Name=\"TargetID\">0</Data>\n    <Data Name=\"LUN\">0</Data>\n    <Data Name=\"ClassDeviceGuid\">7B6F1752-BD95-6E22-E3A5-6EE8419ECAD7</Data>\n    <Data Name=\"AdapterGuid\">E27835C7-9B15-11EF-9769-806E6F6E6963</Data>\n    <Data Name=\"MiniportName\">stornvme</Data>\n    <Data Name=\"VendorId\">NVMe    </Data>\n    <Data Name=\"ProductId\">VMware Virtual N</Data>\n    <Data Name=\"SerialNumber\">VMWare NVME_0000</Data>\n    <Data Name=\"BootDevice\">true</Data>\n    <Data Name=\"SystemUptime_s\">662</Data>\n    <Data Name=\"CriticalWarning\">0</Data>\n    <Data Name=\"NvmeHealthLogLength\">216</Data>\n    <Data Name=\"NvmeHealthLog\">00002F0164000000000000000000000000000000000000000000000000000000000000000000000006000000000000000000000000000000050000000000000000000000000000007017000000000000000000000000000088130000000000000000000000000000050000000000000000000000000000000A0000000000000000000000000000003C00000000000000000000000000000000000000000000000000000000000000000000000000000000000000000000000000000000000000000000000000000000000000000000000000000000000000</Data>\n    <Data Name=\"VendorSpecificLogPageCode\">0</Data>\n    <Data Name=\"VendorSpecificLogPageVersion\">0</Data>\n    <Data Name=\"VendorSpecificLogLength\">0</Data>\n    <Data Name=\"VendorSpecificLog\"></Data>\n  </EventData>\n</Event>\n",
  "json": "{\"Event\":{\"#attributes\":{\"xmlns\":\"http://schemas.microsoft.com/win/2004/08/events/event\"},\"System\":{\"Provider\":{\"#attributes\":{\"Name\":\"Microsoft-Windows-StorPort\",\"Guid\":\"C4636A1E-7986-4646-BF10-7BC3B4A76E8E\"}},\"EventID\":512,\"Version\":5,\"Level\":4,\"Task\":201,\"Opcode\":0,\"Keywords\":\"0x200000000000040\",\"TimeCreated\":{\"#attributes\":{\"SystemTime\":\"2024-11-04T12:51:05.622288Z\"}},\"EventRecordID\":91,\"Correlation\":null,\"Execution\":{\"#attributes\":{\"ProcessID\":4,\"ThreadID\":116}},\"Channel\":\"Microsoft-Windows-Storage-Storport/Health\",\"Computer\":\"DESKTOP-P9H5FTA\",\"Security\":{\"#attributes\":{\"UserID\":\"S-1-5-18\"}}},\"EventData\":{\"PortNumber\":3,\"PathID\":0,\"TargetID\":0,\"LUN\":0,\"ClassDeviceGuid\":\"7B6F1752-BD95-6E22-E3A5-6EE8419ECAD7\",\"AdapterGuid\":\"E27835C7-9B15-11EF-9769-806E6F6E6963\",\"MiniportName\":\"stornvme\",\"VendorId\":\"NVMe    \",\"ProductId\":\"VMware Virtual N\",\"SerialNumber\":\"VMWare NVME_0000\",\"BootDevice\":true,\"SystemUptime_s\":662,\"CriticalWarning\":0,\"NvmeHealthLogLength\":216,\"NvmeHealthLog\":\"00002F0164000000000000000000000000000000000000000000000000000000000000000000000006000000000000000000000000000000050000000000000000000000000000007017000000000000000000000000000088130000000000000000000000000000050000000000000000000000000000000A0000000000000000000000000000003C00000000000000000000000000000000000000000000000000000000000000000000000000000000000000000000000000000000000000000000000000000000000000000000000000000000000000\",\"VendorSpecificLogPageCode\":0,\"VendorSpecificLogPageVersion\":0,\"VendorSpecificLogLength\":0,\"VendorSpecificLog\":\"\"}}}",
  "xml_fields": {
    "provider": "Microsoft-Windows-StorPort",
    "event_id": "512",
    "timestamp": "2024-11-04T12:51:05.622288Z",
    "event_record_id": "91",
    "level": "4",
    "task": "201",
    "opcode": "0",
    "keywords": "0x200000000000040",
    "channel": "Microsoft-Windows-Storage-Storport/Health",
    "computer": "DESKTOP-P9H5FTA",
    "PortNumber": "3",
    "PathID": "0",
    "TargetID": "0",
    "LUN": "0",
    "ClassDeviceGuid": "7B6F1752-BD95-6E22-E3A5-6EE8419ECAD7",
    "AdapterGuid": "E27835C7-9B15-11EF-9769-806E6F6E6963",
    "MiniportName": "stornvme",
    "VendorId": "NVMe    ",
    "ProductId": "VMware Virtual N",
    "SerialNumber": "VMWare NVME_0000",
    "BootDevice": "true",
    "SystemUptime_s": "662",
    "CriticalWarning": "0",
    "NvmeHealthLogLength": "216",
    "NvmeHealthLog": "00002F0164000000000000000000000000000000000000000000000000000000000000000000000006000000000000000000000000000000050000000000000000000000000000007017000000000000000000000000000088130000000000000000000000000000050000000000000000000000000000000A0000000000000000000000000000003C00000000000000000000000000000000000000000000000000000000000000000000000000000000000000000000000000000000000000000000000000000000000000000000000000000000000000",
    "VendorSpecificLogPageCode": "0",
    "VendorSpecificLogPageVersion": "0",
    "VendorSpecificLogLength": "0",
    "VendorSpecificLog": ""
  },
  "json_fields": {
    "provider": "Microsoft-Windows-StorPort",
    "channel": "Microsoft-Windows-Storage-Storport/Health",
    "event_id": "512",
    "timestamp": "2024-11-04T12:51:05.622288Z",
    "event_record_id": "91",
    "level": "4",
    "task": "201",
    "opcode": "0",
    "keywords": "0x200000000000040",
    "computer": "DESKTOP-P9H5FTA",
    "PortNumber": "3",
    "PathID": "0",
    "TargetID": "0",
    "LUN": "0",
    "ClassDeviceGuid": "7B6F1752-BD95-6E22-E3A5-6EE8419ECAD7",
    "AdapterGuid": "E27835C7-9B15-11EF-9769-806E6F6E6963",
    "MiniportName": "stornvme",
    "VendorId": "NVMe    ",
    "ProductId": "VMware Virtual N",
    "SerialNumber": "VMWare NVME_0000",
    "BootDevice": "True",
    "SystemUptime_s": "662",
    "CriticalWarning": "0",
    "NvmeHealthLogLength": "216",
    "NvmeHealthLog": "00002F0164000000000000000000000000000000000000000000000000000000000000000000000006000000000000000000000000000000050000000000000000000000000000007017000000000000000000000000000088130000000000000000000000000000050000000000000000000000000000000A0000000000000000000000000000003C00000000000000000000000000000000000000000000000000000000000000000000000000000000000000000000000000000000000000000000000000000000000000000000000000000000000000",
    "VendorSpecificLogPageCode": "0",
    "VendorSpecificLogPageVersion": "0",
    "VendorSpecificLogLength": "0",
    "VendorSpecificLog": ""
  }
}