{
  "event_id": "512",
  "provider": "Microsoft-Windows-PrintService",
  "channel": "Microsoft-Windows-PrintService/Admin",
  "source_file": "D:\\visual code file\\Project_4\\Event-Analyzer\\test\\Benign\\win7-x86\\Microsoft-Windows-PrintService%4Admin.evtx",
  "event_record_id": 1,
  "xml": "<?xml version=\"1.0\" encoding=\"utf-8\"?>\n<Event xmlns=\"http://schemas.microsoft.com/win/2004/08/events/event\">\n  <System>\n    <Provider Name=\"Microsoft-Windows-PrintService\" Guid=\"747EF6FD-E535-4D16-B510-42C90F6873A1\">\n    </Provider>\n    <EventID>512</EventID>\n    <Version>0</Version>\n    <Level>2</Level>\n    <Task>1</Task>\n    <Opcode>12</Opcode>\n    <Keywords>0x8000000000002800</Keywords>\n    <TimeCreated SystemTime=\"2022-04-04T19:07:18.203125Z\">\n    </TimeCreated>\n    <EventRecordID>1</EventRecordID>\n    <Correlation>\n    </Correlation>\n    <Execution ProcessID=\"1240\" ThreadID=\"1264\">\n    </Execution>\n    <Channel>Microsoft-Windows-PrintService/Admin</Channel>\n    <Computer>37L4247D28-05</Computer>\n    <Security UserID=\"S-1-5-18\">\n    </Security>\n  </System>\n  <UserData>\n    <RouterError xmlns:auto-ns3=\"http://schemas.microsoft.com/win/2004/08/events\" xmlns=\"http://manifests.microsoft.com/win/2005/08/windows/printing/spooler/core/events\">\n      <Name>inetpp.dll</Name>\n      <Error>0x0</Error>\n    </RouterError>\n  </UserData>\n</Event>\n",
  "json": "{\"Event\":{\"#attributes\":{\"xmlns\":\"http://schemas.microsoft.com/win/2004/08/events/event\"},\"System\":{\"Provider\":{\"#attributes\":{\"Name\":\"Microsoft-Windows-PrintService\",\"Guid\":\"747EF6FD-E535-4D16-B510-42C90F6873A1\"}},\"EventID\":512,\"Version\":0,\"Level\":2,\"Task\":1,\"Opcode\":12,\"Keywords\":\"0x8000000000002800\",\"TimeCreated\":{\"#attributes\":{\"SystemTime\":\"2022-04-04T19:07:18.203125Z\"}},\"EventRecordID\":1,\"Correlation\":null,\"Execution\":{\"#attributes\":{\"ProcessID\":1240,\"ThreadID\":1264}},\"Channel\":\"Microsoft-Windows-PrintService/Admin\",\"Computer\":\"37L4247D28-05\",\"Security\":{\"#attributes\":{\"UserID\":\"S-1-5-18\"}}},\"UserData\":{\"RouterError\":{\"#attributes\":{\"xmlns:auto-ns3\":\"http://schemas.microsoft.com/win/2004/08/events\",\"xmlns\":\"http://manifests.microsoft.com/win/2005/08/windows/printing/spooler/core/events\"},\"Name\":\"inetpp.dll\",\"Error\":\"0x0\"}}}}",
  "xml_fields": {
    "provider": "Microsoft-Windows-PrintService",
    "event_id": "512",
    "timestamp": "2022-04-04T19:07:18.203125Z",
    "event_record_id": "1",
    "level": "2",
    "task": "1",
    "opcode": "12",
    "keywords": "0x8000000000002800",
    "channel": "Microsoft-Windows-PrintService/Admin",
    "computer": "37L4247D28-05",
    "Name": "inetpp.dll",
    "Error": "0x0"
  },
  "json_fields": {
    "provider": "Microsoft-Windows-PrintService",
    "channel": "Microsoft-Windows-PrintService/Admin",
    "event_id": "512",
    "timestamp": "2022-04-04T19:07:18.203125Z",
    "event_record_id": "1",
    "level": "2",
    "task": "1",
    "opcode": "12",
    "keywords": "0x8000000000002800",
    "computer": "37L4247D28-05",
    "Name": "inetpp.dll",
    "Error": "0x0"
  }
}