{
  "event_id": "5137",
  "provider": "Microsoft-Windows-Security-Auditing",
  "channel": "Security",
  "source_file": "D:\\visual code file\\Project_4\\Event-Analyzer\\test\\Malicious\\EVTX-to-MITRE-Attack-master\\EVTX_full_APT_attack_steps\\ID4742,4935,4662,4661,5137-DCshadow attack (GLOBAL) failed.evtx",
  "event_record_id": 8,
  "xml": "<?xml version=\"1.0\" encoding=\"utf-8\"?>\n<Event xmlns=\"http://schemas.microsoft.com/win/2004/08/events/event\">\n  <System>\n    <Provider Name=\"Microsoft-Windows-Security-Auditing\" Guid=\"54849625-5478-4994-A5BA-3E3B0328C30D\">\n    </Provider>\n    <EventID>5137</EventID>\n    <Version>0</Version>\n    <Level>0</Level>\n    <Task>14081</Task>\n    <Opcode>0</Opcode>\n    <Keywords>0x8020000000000000</Keywords>\n    <TimeCreated SystemTime=\"2021-04-27T11:04:13.291038Z\">\n    </TimeCreated>\n    <EventRecordID>138520223</EventRecordID>\n    <Correlation ActivityID=\"9816F041-2BBE-0000-53F0-1698BE2BD701\">\n    </Correlation>\n    <Execution ProcessID=\"548\" ThreadID=\"4324\">\n    </Execution>\n    <Channel>Security</Channel>\n    <Computer>rootdc1.offsec.lan</Computer>\n    <Security>\n    </Security>\n  </System>\n  <EventData>\n    <Data Name=\"OpCorrelationID\">B960A203-A3DF-4586-A2ED-740024D6C42A</Data>\n    <Data Name=\"AppCorrelationID\">-</Data>\n    <Data Name=\"SubjectUserSid\">S-1-5-21-4230534742-2542757381-3142984815-1111</Data>\n    <Data Name=\"SubjectUserName\">admmig</Data>\n    <Data Name=\"SubjectDomainName\">OFFSEC</Data>\n    <Data Name=\"SubjectLogonId\">0x31a24611</Data>\n    <Data Name=\"DSName\">offsec.lan</Data>\n    <Data Name=\"DSType\">%%14676</Data>\n    <Data Name=\"ObjectDN\">CN=JUMP01,CN=Servers,CN=OFFSEC-PREMISE,CN=Sites,CN=Configuration,DC=offsec,DC=lan</Data>\n    <Data Name=\"ObjectGUID\">590B1EF4-6143-4C18-B554-1EE0A59BB7F8</Data>\n    <Data Name=\"ObjectClass\">server</Data>\n  </EventData>\n</Event>\n",
  "json": "{\"Event\":{\"#attributes\":{\"xmlns\":\"http://schemas.microsoft.com/win/2004/08/events/event\"},\"System\":{\"Provider\":{\"#attributes\":{\"Name\":\"Microsoft-Windows-Security-Auditing\",\"Guid\":\"54849625-5478-4994-A5BA-3E3B0328C30D\"}},\"EventID\":5137,\"Version\":0,\"Level\":0,\"Task\":14081,\"Opcode\":0,\"Keywords\":\"0x8020000000000000\",\"TimeCreated\":{\"#attributes\":{\"SystemTime\":\"2021-04-27T11:04:13.291038Z\"}},\"EventRecordID\":138520223,\"Correlation\":{\"#attributes\":{\"ActivityID\":\"9816F041-2BBE-0000-53F0-1698BE2BD701\"}},\"Execution\":{\"#attributes\":{\"ProcessID\":548,\"ThreadID\":4324}},\"Channel\":\"Security\",\"Computer\":\"rootdc1.offsec.lan\",\"Security\":null},\"EventData\":{\"OpCorrelationID\":\"B960A203-A3DF-4586-A2ED-740024D6C42A\",\"AppCorrelationID\":\"-\",\"SubjectUserSid\":\"S-1-5-21-4230534742-2542757381-3142984815-1111\",\"SubjectUserName\":\"admmig\",\"SubjectDomainName\":\"OFFSEC\",\"SubjectLogonId\":\"0x31a24611\",\"DSName\":\"offsec.lan\",\"DSType\":\"%%14676\",\"ObjectDN\":\"CN=JUMP01,CN=Servers,CN=OFFSEC-PREMISE,CN=Sites,CN=Configuration,DC=offsec,DC=lan\",\"ObjectGUID\":\"590B1EF4-6143-4C18-B554-1EE0A59BB7F8\",\"ObjectClass\":\"server\"}}}",
  "xml_fields": {
    "provider": "Microsoft-Windows-Security-Auditing",
    "event_id": "5137",
    "timestamp": "2021-04-27T11:04:13.291038Z",
    "event_record_id": "138520223",
    "level": "0",
    "task": "14081",
    "opcode": "0",
    "keywords": "0x8020000000000000",
    "channel": "Security",
    "computer": "rootdc1.offsec.lan",
    "OpCorrelationID": "B960A203-A3DF-4586-A2ED-740024D6C42A",
    "AppCorrelationID": "-",
    "SubjectUserSid": "S-1-5-21-4230534742-2542757381-3142984815-1111",
    "SubjectUserName": "admmig",
    "SubjectDomainName": "OFFSEC",
    "SubjectLogonId": "0x31a24611",
    "DSName": "offsec.lan",
    "DSType": "%%14676",
    "ObjectDN": "CN=JUMP01,CN=Servers,CN=OFFSEC-PREMISE,CN=Sites,CN=Configuration,DC=offsec,DC=lan",
    "ObjectGUID": "590B1EF4-6143-4C18-B554-1EE0A59BB7F8",
    "ObjectClass": "server"
  },
  "json_fields": {
    "provider": "Microsoft-Windows-Security-Auditing",
    "channel": "Security",
    "event_id": "5137",
    "timestamp": "2021-04-27T11:04:13.291038Z",
    "event_record_id": "138520223",
    "level": "0",
    "task": "14081",
    "opcode": "0",
    "keywords": "0x8020000000000000",
    "computer": "rootdc1.offsec.lan",
    "OpCorrelationID": "B960A203-A3DF-4586-A2ED-740024D6C42A",
    "AppCorrelationID": "-",
    "SubjectUserSid": "S-1-5-21-4230534742-2542757381-3142984815-1111",
    "SubjectUserName": "admmig",
    "SubjectDomainName": "OFFSEC",
    "SubjectLogonId": "0x31a24611",
    "DSName": "offsec.lan",
    "DSType": "%%14676",
    "ObjectDN": "CN=JUMP01,CN=Servers,CN=OFFSEC-PREMISE,CN=Sites,CN=Configuration,DC=offsec,DC=lan",
    "ObjectGUID": "590B1EF4-6143-4C18-B554-1EE0A59BB7F8",
    "ObjectClass": "server"
  }
}