{
  "event_id": "5140",
  "provider": "Microsoft-Windows-Security-Auditing",
  "channel": "Security",
  "source_file": "D:\\visual code file\\Project_4\\Event-Analyzer\\test\\Malicious\\EVTX-to-MITRE-Attack-master\\EVTX_full_APT_attack_steps\\ID4624,4688,5140,5145-Eternal Romance - MS17_010_psexec (GLOBAL).evtx",
  "event_record_id": 5,
  "xml": "<?xml version=\"1.0\" encoding=\"utf-8\"?>\n<Event xmlns=\"http://schemas.microsoft.com/win/2004/08/events/event\">\n  <System>\n    <Provider Name=\"Microsoft-Windows-Security-Auditing\" Guid=\"54849625-5478-4994-A5BA-3E3B0328C30D\">\n    </Provider>\n    <EventID>5140</EventID>\n    <Version>1</Version>\n    <Level>0</Level>\n    <Task>12808</Task>\n    <Opcode>0</Opcode>\n    <Keywords>0x8020000000000000</Keywords>\n    <TimeCreated SystemTime=\"2021-04-22T08:51:04.686763Z\">\n    </TimeCreated>\n    <EventRecordID>435114</EventRecordID>\n    <Correlation>\n    </Correlation>\n    <Execution ProcessID=\"4\" ThreadID=\"1432\">\n    </Execution>\n    <Channel>Security</Channel>\n    <Computer>fs03vuln.offsec.lan</Computer>\n    <Security>\n    </Security>\n  </System>\n  <EventData>\n    <Data Name=\"SubjectUserSid\">S-1-5-21-4230534742-2542757381-3142984815-1111</Data>\n    <Data Name=\"SubjectUserName\">admmig</Data>\n    <Data Name=\"SubjectDomainName\">OFFSEC</Data>\n    <Data Name=\"SubjectLogonId\">0x74872</Data>\n    <Data Name=\"ObjectType\">File</Data>\n    <Data Name=\"IpAddress\">10.23.123.11</Data>\n    <Data Name=\"IpPort\">41747</Data>\n    <Data Name=\"ShareName\">\\\\*\\IPC$</Data>\n    <Data Name=\"ShareLocalPath\"></Data>\n    <Data Name=\"AccessMask\">0x1</Data>\n    <Data Name=\"AccessList\">%%4416\r\n\t\t\t\t</Data>\n  </EventData>\n</Event>\n",
  "json": "{\"Event\":{\"#attributes\":{\"xmlns\":\"http://schemas.microsoft.com/win/2004/08/events/event\"},\"System\":{\"Provider\":{\"#attributes\":{\"Name\":\"Microsoft-Windows-Security-Auditing\",\"Guid\":\"54849625-5478-4994-A5BA-3E3B0328C30D\"}},\"EventID\":5140,\"Version\":1,\"Level\":0,\"Task\":12808,\"Opcode\":0,\"Keywords\":\"0x8020000000000000\",\"TimeCreated\":{\"#attributes\":{\"SystemTime\":\"2021-04-22T08:51:04.686763Z\"}},\"EventRecordID\":435114,\"Correlation\":null,\"Execution\":{\"#attributes\":{\"ProcessID\":4,\"ThreadID\":1432}},\"Channel\":\"Security\",\"Computer\":\"fs03vuln.offsec.lan\",\"Security\":null},\"EventData\":{\"SubjectUserSid\":\"S-1-5-21-4230534742-2542757381-3142984815-1111\",\"SubjectUserName\":\"admmig\",\"SubjectDomainName\":\"OFFSEC\",\"SubjectLogonId\":\"0x74872\",\"ObjectType\":\"File\",\"IpAddress\":\"10.23.123.11\",\"IpPort\":\"41747\",\"ShareName\":\"\\\\\\\\*\\\\IPC$\",\"ShareLocalPath\":\"\",\"AccessMask\":\"0x1\",\"AccessList\":\"%%4416\\r\\n\\t\\t\\t\\t\"}}}",
  "xml_fields": {
    "provider": "Microsoft-Windows-Security-Auditing",
    "event_id": "5140",
    "timestamp": "2021-04-22T08:51:04.686763Z",
    "event_record_id": "435114",
    "level": "0",
    "task": "12808",
    "opcode": "0",
    "keywords": "0x8020000000000000",
    "channel": "Security",
    "computer": "fs03vuln.offsec.lan",
    "SubjectUserSid": "S-1-5-21-4230534742-2542757381-3142984815-1111",
    "SubjectUserName": "admmig",
    "SubjectDomainName": "OFFSEC",
    "SubjectLogonId": "0x74872",
    "ObjectType": "File",
    "IpAddress": "10.23.123.11",
    "IpPort": "41747",
    "ShareName": "\\\\*\\IPC$",
    "ShareLocalPath": "",
    "AccessMask": "0x1",
    "AccessList": "%%4416\n\t\t\t\t"
  },
  "json_fields": {
    "provider": "Microsoft-Windows-Security-Auditing",
    "channel": "Security",
    "event_id": "5140",
    "timestamp": "2021-04-22T08:51:04.686763Z",
    "event_record_id": "435114",
    "level": "0",
    "task": "12808",
    "opcode": "0",
    "keywords": "0x8020000000000000",
    "computer": "fs03vuln.offsec.lan",
    "SubjectUserSid": "S-1-5-21-4230534742-2542757381-3142984815-1111",
    "SubjectUserName": "admmig",
    "SubjectDomainName": "OFFSEC",
    "SubjectLogonId": "0x74872",
    "ObjectType": "File",
    "IpAddress": "10.23.123.11",
    "IpPort": "41747",
    "ShareName": "\\\\*\\IPC$",
    "ShareLocalPath": "",
    "AccessMask": "0x1",
    "AccessList": "%%4416\r\n\t\t\t\t"
  }
}