{
  "event_id": "5142",
  "provider": "Microsoft-Windows-Security-Auditing",
  "channel": "Security",
  "source_file": "D:\\visual code file\\Project_4\\Event-Analyzer\\test\\Malicious\\EVTX-to-MITRE-Attack-master\\EVTX_full_APT_attack_steps\\ID4674,5142-Mimikatz print spool privileges requested.evtx",
  "event_record_id": 2,
  "xml": "<?xml version=\"1.0\" encoding=\"utf-8\"?>\n<Event xmlns=\"http://schemas.microsoft.com/win/2004/08/events/event\">\n  <System>\n    <Provider Name=\"Microsoft-Windows-Security-Auditing\" Guid=\"54849625-5478-4994-A5BA-3E3B0328C30D\">\n    </Provider>\n    <EventID>5142</EventID>\n    <Version>0</Version>\n    <Level>0</Level>\n    <Task>12808</Task>\n    <Opcode>0</Opcode>\n    <Keywords>0x8020000000000000</Keywords>\n    <TimeCreated SystemTime=\"2021-10-27T10:12:47.229825Z\">\n    </TimeCreated>\n    <EventRecordID>684038</EventRecordID>\n    <Correlation>\n    </Correlation>\n    <Execution ProcessID=\"4\" ThreadID=\"4052\">\n    </Execution>\n    <Channel>Security</Channel>\n    <Computer>fs03vuln.offsec.lan</Computer>\n    <Security>\n    </Security>\n  </System>\n  <EventData>\n    <Data Name=\"SubjectUserSid\">S-1-5-18</Data>\n    <Data Name=\"SubjectUserName\">FS03VULN$</Data>\n    <Data Name=\"SubjectDomainName\">OFFSEC</Data>\n    <Data Name=\"SubjectLogonId\">0x3e7</Data>\n    <Data Name=\"ShareName\">\\\\*\\Kiwi Legit Printer</Data>\n    <Data Name=\"ShareLocalPath\">Kiwi Legit Printer,LocalsplOnly</Data>\n  </EventData>\n</Event>\n",
  "json": "{\"Event\":{\"#attributes\":{\"xmlns\":\"http://schemas.microsoft.com/win/2004/08/events/event\"},\"System\":{\"Provider\":{\"#attributes\":{\"Name\":\"Microsoft-Windows-Security-Auditing\",\"Guid\":\"54849625-5478-4994-A5BA-3E3B0328C30D\"}},\"EventID\":5142,\"Version\":0,\"Level\":0,\"Task\":12808,\"Opcode\":0,\"Keywords\":\"0x8020000000000000\",\"TimeCreated\":{\"#attributes\":{\"SystemTime\":\"2021-10-27T10:12:47.229825Z\"}},\"EventRecordID\":684038,\"Correlation\":null,\"Execution\":{\"#attributes\":{\"ProcessID\":4,\"ThreadID\":4052}},\"Channel\":\"Security\",\"Computer\":\"fs03vuln.offsec.lan\",\"Security\":null},\"EventData\":{\"SubjectUserSid\":\"S-1-5-18\",\"SubjectUserName\":\"FS03VULN$\",\"SubjectDomainName\":\"OFFSEC\",\"SubjectLogonId\":\"0x3e7\",\"ShareName\":\"\\\\\\\\*\\\\Kiwi Legit Printer\",\"ShareLocalPath\":\"Kiwi Legit Printer,LocalsplOnly\"}}}",
  "xml_fields": {
    "provider": "Microsoft-Windows-Security-Auditing",
    "event_id": "5142",
    "timestamp": "2021-10-27T10:12:47.229825Z",
    "event_record_id": "684038",
    "level": "0",
    "task": "12808",
    "opcode": "0",
    "keywords": "0x8020000000000000",
    "channel": "Security",
    "computer": "fs03vuln.offsec.lan",
    "SubjectUserSid": "S-1-5-18",
    "SubjectUserName": "FS03VULN$",
    "SubjectDomainName": "OFFSEC",
    "SubjectLogonId": "0x3e7",
    "ShareName": "\\\\*\\Kiwi Legit Printer",
    "ShareLocalPath": "Kiwi Legit Printer,LocalsplOnly"
  },
  "json_fields": {
    "provider": "Microsoft-Windows-Security-Auditing",
    "channel": "Security",
    "event_id": "5142",
    "timestamp": "2021-10-27T10:12:47.229825Z",
    "event_record_id": "684038",
    "level": "0",
    "task": "12808",
    "opcode": "0",
    "keywords": "0x8020000000000000",
    "computer": "fs03vuln.offsec.lan",
    "SubjectUserSid": "S-1-5-18",
    "SubjectUserName": "FS03VULN$",
    "SubjectDomainName": "OFFSEC",
    "SubjectLogonId": "0x3e7",
    "ShareName": "\\\\*\\Kiwi Legit Printer",
    "ShareLocalPath": "Kiwi Legit Printer,LocalsplOnly"
  }
}