{
  "event_id": "5143",
  "provider": "Microsoft-Windows-Security-Auditing",
  "channel": "Security",
  "source_file": "D:\\visual code file\\Project_4\\Event-Analyzer\\test\\Malicious\\EVTX-to-MITRE-Attack-master\\TA0008-Lateral Movement\\T1021.002-SMB Windows Admin Shares\\ID5142-5143-Mimispool print share created and modified.evtx",
  "event_record_id": 2,
  "xml": "<?xml version=\"1.0\" encoding=\"utf-8\"?>\n<Event xmlns=\"http://schemas.microsoft.com/win/2004/08/events/event\">\n  <System>\n    <Provider Name=\"Microsoft-Windows-Security-Auditing\" Guid=\"54849625-5478-4994-A5BA-3E3B0328C30D\">\n    </Provider>\n    <EventID>5143</EventID>\n    <Version>0</Version>\n    <Level>0</Level>\n    <Task>12808</Task>\n    <Opcode>0</Opcode>\n    <Keywords>0x8020000000000000</Keywords>\n    <TimeCreated SystemTime=\"2021-10-27T10:21:55.315053Z\">\n    </TimeCreated>\n    <EventRecordID>127311</EventRecordID>\n    <Correlation>\n    </Correlation>\n    <Execution ProcessID=\"492\" ThreadID=\"500\">\n    </Execution>\n    <Channel>Security</Channel>\n    <Computer>FS03.offsec.lan</Computer>\n    <Security>\n    </Security>\n  </System>\n  <EventData>\n    <Data Name=\"SubjectUserSid\">S-1-5-18</Data>\n    <Data Name=\"SubjectUserName\">FS03$</Data>\n    <Data Name=\"SubjectDomainName\">OFFSEC</Data>\n    <Data Name=\"SubjectLogonId\">0x3e7</Data>\n    <Data Name=\"ObjectType\">Directory</Data>\n    <Data Name=\"ShareName\">\\\\*\\print$</Data>\n    <Data Name=\"ShareLocalPath\">C:\\Windows\\system32\\spool\\drivers</Data>\n    <Data Name=\"OldRemark\">Printer Drivers</Data>\n    <Data Name=\"NewRemark\">Printer Drivers</Data>\n    <Data Name=\"OldMaxUsers\">0xffffffff</Data>\n    <Data Name=\"NewMaxUsers\">0xffffffff</Data>\n    <Data Name=\"OldShareFlags\">0x0</Data>\n    <Data Name=\"NewShareFlags\">0x300</Data>\n    <Data Name=\"OldSD\">O:BAG:BAD:(A;;0x1200a9;;;WD)(A;;FA;;;BA)</Data>\n    <Data Name=\"NewSD\">O:BAG:BAD:(A;;0x1200a9;;;WD)(A;;FA;;;BA)</Data>\n  </EventData>\n</Event>\n",
  "json": "{\"Event\":{\"#attributes\":{\"xmlns\":\"http://schemas.microsoft.com/win/2004/08/events/event\"},\"System\":{\"Provider\":{\"#attributes\":{\"Name\":\"Microsoft-Windows-Security-Auditing\",\"Guid\":\"54849625-5478-4994-A5BA-3E3B0328C30D\"}},\"EventID\":5143,\"Version\":0,\"Level\":0,\"Task\":12808,\"Opcode\":0,\"Keywords\":\"0x8020000000000000\",\"TimeCreated\":{\"#attributes\":{\"SystemTime\":\"2021-10-27T10:21:55.315053Z\"}},\"EventRecordID\":127311,\"Correlation\":null,\"Execution\":{\"#attributes\":{\"ProcessID\":492,\"ThreadID\":500}},\"Channel\":\"Security\",\"Computer\":\"FS03.offsec.lan\",\"Security\":null},\"EventData\":{\"SubjectUserSid\":\"S-1-5-18\",\"SubjectUserName\":\"FS03$\",\"SubjectDomainName\":\"OFFSEC\",\"SubjectLogonId\":\"0x3e7\",\"ObjectType\":\"Directory\",\"ShareName\":\"\\\\\\\\*\\\\print$\",\"ShareLocalPath\":\"C:\\\\Windows\\\\system32\\\\spool\\\\drivers\",\"OldRemark\":\"Printer Drivers\",\"NewRemark\":\"Printer Drivers\",\"OldMaxUsers\":\"0xffffffff\",\"NewMaxUsers\":\"0xffffffff\",\"OldShareFlags\":\"0x0\",\"NewShareFlags\":\"0x300\",\"OldSD\":\"O:BAG:BAD:(A;;0x1200a9;;;WD)(A;;FA;;;BA)\",\"NewSD\":\"O:BAG:BAD:(A;;0x1200a9;;;WD)(A;;FA;;;BA)\"}}}",
  "xml_fields": {
    "provider": "Microsoft-Windows-Security-Auditing",
    "event_id": "5143",
    "timestamp": "2021-10-27T10:21:55.315053Z",
    "event_record_id": "127311",
    "level": "0",
    "task": "12808",
    "opcode": "0",
    "keywords": "0x8020000000000000",
    "channel": "Security",
    "computer": "FS03.offsec.lan",
    "SubjectUserSid": "S-1-5-18",
    "SubjectUserName": "FS03$",
    "SubjectDomainName": "OFFSEC",
    "SubjectLogonId": "0x3e7",
    "ObjectType": "Directory",
    "ShareName": "\\\\*\\print$",
    "ShareLocalPath": "C:\\Windows\\system32\\spool\\drivers",
    "OldRemark": "Printer Drivers",
    "NewRemark": "Printer Drivers",
    "OldMaxUsers": "0xffffffff",
    "NewMaxUsers": "0xffffffff",
    "OldShareFlags": "0x0",
    "NewShareFlags": "0x300",
    "OldSD": "O:BAG:BAD:(A;;0x1200a9;;;WD)(A;;FA;;;BA)",
    "NewSD": "O:BAG:BAD:(A;;0x1200a9;;;WD)(A;;FA;;;BA)"
  },
  "json_fields": {
    "provider": "Microsoft-Windows-Security-Auditing",
    "channel": "Security",
    "event_id": "5143",
    "timestamp": "2021-10-27T10:21:55.315053Z",
    "event_record_id": "127311",
    "level": "0",
    "task": "12808",
    "opcode": "0",
    "keywords": "0x8020000000000000",
    "computer": "FS03.offsec.lan",
    "SubjectUserSid": "S-1-5-18",
    "SubjectUserName": "FS03$",
    "SubjectDomainName": "OFFSEC",
    "SubjectLogonId": "0x3e7",
    "ObjectType": "Directory",
    "ShareName": "\\\\*\\print$",
    "ShareLocalPath": "C:\\Windows\\system32\\spool\\drivers",
    "OldRemark": "Printer Drivers",
    "NewRemark": "Printer Drivers",
    "OldMaxUsers": "0xffffffff",
    "NewMaxUsers": "0xffffffff",
    "OldShareFlags": "0x0",
    "NewShareFlags": "0x300",
    "OldSD": "O:BAG:BAD:(A;;0x1200a9;;;WD)(A;;FA;;;BA)",
    "NewSD": "O:BAG:BAD:(A;;0x1200a9;;;WD)(A;;FA;;;BA)"
  }
}