{
  "event_id": "514",
  "provider": "Microsoft-Windows-DNSServer",
  "channel": "Microsoft-Windows-DNSServer/Audit",
  "source_file": "D:\\visual code file\\Project_4\\Event-Analyzer\\test\\Benign\\Win2022-AD\\Microsoft-Windows-DNSServer%4Audit.evtx",
  "event_record_id": 1,
  "xml": "<?xml version=\"1.0\" encoding=\"utf-8\"?>\n<Event xmlns=\"http://schemas.microsoft.com/win/2004/08/events/event\">\n  <System>\n    <Provider Name=\"Microsoft-Windows-DNSServer\" Guid=\"EB79061A-A566-4698-9119-3ED2807060E7\">\n    </Provider>\n    <EventID>514</EventID>\n    <Version>0</Version>\n    <Level>4</Level>\n    <Task>5</Task>\n    <Opcode>0</Opcode>\n    <Keywords>0x4000000000080000</Keywords>\n    <TimeCreated SystemTime=\"2022-04-07T08:13:51.351101Z\">\n    </TimeCreated>\n    <EventRecordID>1</EventRecordID>\n    <Correlation>\n    </Correlation>\n    <Execution ProcessID=\"2208\" ThreadID=\"4676\">\n    </Execution>\n    <Channel>Microsoft-Windows-DNSServer/Audit</Channel>\n    <Computer>WIN-FPV0DSIC9O6</Computer>\n    <Security UserID=\"S-1-5-21-2121334350-1110938707-2888912545-500\">\n    </Security>\n  </System>\n  <EventData>\n    <Data Name=\"Zone\">sigma.fr</Data>\n    <Data Name=\"PropertyKey\">SecondaryServers</Data>\n    <Data Name=\"NewValue\">deny zone transfers</Data>\n    <Data Name=\"VirtualizationID\">.</Data>\n  </EventData>\n</Event>\n",
  "json": "{\"Event\":{\"#attributes\":{\"xmlns\":\"http://schemas.microsoft.com/win/2004/08/events/event\"},\"System\":{\"Provider\":{\"#attributes\":{\"Name\":\"Microsoft-Windows-DNSServer\",\"Guid\":\"EB79061A-A566-4698-9119-3ED2807060E7\"}},\"EventID\":514,\"Version\":0,\"Level\":4,\"Task\":5,\"Opcode\":0,\"Keywords\":\"0x4000000000080000\",\"TimeCreated\":{\"#attributes\":{\"SystemTime\":\"2022-04-07T08:13:51.351101Z\"}},\"EventRecordID\":1,\"Correlation\":null,\"Execution\":{\"#attributes\":{\"ProcessID\":2208,\"ThreadID\":4676}},\"Channel\":\"Microsoft-Windows-DNSServer/Audit\",\"Computer\":\"WIN-FPV0DSIC9O6\",\"Security\":{\"#attributes\":{\"UserID\":\"S-1-5-21-2121334350-1110938707-2888912545-500\"}}},\"EventData\":{\"Zone\":\"sigma.fr\",\"PropertyKey\":\"SecondaryServers\",\"NewValue\":\"deny zone transfers\",\"VirtualizationID\":\".\"}}}",
  "xml_fields": {
    "provider": "Microsoft-Windows-DNSServer",
    "event_id": "514",
    "timestamp": "2022-04-07T08:13:51.351101Z",
    "event_record_id": "1",
    "level": "4",
    "task": "5",
    "opcode": "0",
    "keywords": "0x4000000000080000",
    "channel": "Microsoft-Windows-DNSServer/Audit",
    "computer": "WIN-FPV0DSIC9O6",
    "Zone": "sigma.fr",
    "PropertyKey": "SecondaryServers",
    "NewValue": "deny zone transfers",
    "VirtualizationID": "."
  },
  "json_fields": {
    "provider": "Microsoft-Windows-DNSServer",
    "channel": "Microsoft-Windows-DNSServer/Audit",
    "event_id": "514",
    "timestamp": "2022-04-07T08:13:51.351101Z",
    "event_record_id": "1",
    "level": "4",
    "task": "5",
    "opcode": "0",
    "keywords": "0x4000000000080000",
    "computer": "WIN-FPV0DSIC9O6",
    "Zone": "sigma.fr",
    "PropertyKey": "SecondaryServers",
    "NewValue": "deny zone transfers",
    "VirtualizationID": "."
  }
}