{
  "event_id": "5152",
  "provider": "Microsoft-Windows-Security-Auditing",
  "channel": "Security",
  "source_file": "D:\\visual code file\\Project_4\\Event-Analyzer\\test\\Benign\\win2022-0-20348-azure\\Security.evtx",
  "event_record_id": 94416,
  "xml": "<?xml version=\"1.0\" encoding=\"utf-8\"?>\n<Event xmlns=\"http://schemas.microsoft.com/win/2004/08/events/event\">\n  <System>\n    <Provider Name=\"Microsoft-Windows-Security-Auditing\" Guid=\"54849625-5478-4994-A5BA-3E3B0328C30D\">\n    </Provider>\n    <EventID>5152</EventID>\n    <Version>1</Version>\n    <Level>0</Level>\n    <Task>12809</Task>\n    <Opcode>0</Opcode>\n    <Keywords>0x8010000000000000</Keywords>\n    <TimeCreated SystemTime=\"2022-09-18T14:24:54.281678Z\">\n    </TimeCreated>\n    <EventRecordID>94416</EventRecordID>\n    <Correlation>\n    </Correlation>\n    <Execution ProcessID=\"4\" ThreadID=\"5296\">\n    </Execution>\n    <Channel>Security</Channel>\n    <Computer>Agamemnon</Computer>\n    <Security>\n    </Security>\n  </System>\n  <EventData>\n    <Data Name=\"ProcessId\">0</Data>\n    <Data Name=\"Application\">-</Data>\n    <Data Name=\"Direction\">%%14592</Data>\n    <Data Name=\"SourceAddress\">40.119.108.0</Data>\n    <Data Name=\"SourcePort\">23456</Data>\n    <Data Name=\"DestAddress\">10.0.0.4</Data>\n    <Data Name=\"DestPort\">24102</Data>\n    <Data Name=\"Protocol\">6</Data>\n    <Data Name=\"FilterOrigin\">Stealth</Data>\n    <Data Name=\"FilterRTID\">70832</Data>\n    <Data Name=\"LayerName\">%%14597</Data>\n    <Data Name=\"LayerRTID\">13</Data>\n  </EventData>\n</Event>\n",
  "json": "{\"Event\":{\"#attributes\":{\"xmlns\":\"http://schemas.microsoft.com/win/2004/08/events/event\"},\"System\":{\"Provider\":{\"#attributes\":{\"Name\":\"Microsoft-Windows-Security-Auditing\",\"Guid\":\"54849625-5478-4994-A5BA-3E3B0328C30D\"}},\"EventID\":5152,\"Version\":1,\"Level\":0,\"Task\":12809,\"Opcode\":0,\"Keywords\":\"0x8010000000000000\",\"TimeCreated\":{\"#attributes\":{\"SystemTime\":\"2022-09-18T14:24:54.281678Z\"}},\"EventRecordID\":94416,\"Correlation\":null,\"Execution\":{\"#attributes\":{\"ProcessID\":4,\"ThreadID\":5296}},\"Channel\":\"Security\",\"Computer\":\"Agamemnon\",\"Security\":null},\"EventData\":{\"ProcessId\":0,\"Application\":\"-\",\"Direction\":\"%%14592\",\"SourceAddress\":\"40.119.108.0\",\"SourcePort\":\"23456\",\"DestAddress\":\"10.0.0.4\",\"DestPort\":\"24102\",\"Protocol\":6,\"FilterOrigin\":\"Stealth\",\"FilterRTID\":70832,\"LayerName\":\"%%14597\",\"LayerRTID\":13}}}",
  "xml_fields": {
    "provider": "Microsoft-Windows-Security-Auditing",
    "event_id": "5152",
    "timestamp": "2022-09-18T14:24:54.281678Z",
    "event_record_id": "94416",
    "level": "0",
    "task": "12809",
    "opcode": "0",
    "keywords": "0x8010000000000000",
    "channel": "Security",
    "computer": "Agamemnon",
    "ProcessId": "0",
    "Application": "-",
    "Direction": "%%14592",
    "SourceAddress": "40.119.108.0",
    "SourcePort": "23456",
    "DestAddress": "10.0.0.4",
    "DestPort": "24102",
    "Protocol": "6",
    "FilterOrigin": "Stealth",
    "FilterRTID": "70832",
    "LayerName": "%%14597",
    "LayerRTID": "13"
  },
  "json_fields": {
    "provider": "Microsoft-Windows-Security-Auditing",
    "channel": "Security",
    "event_id": "5152",
    "timestamp": "2022-09-18T14:24:54.281678Z",
    "event_record_id": "94416",
    "level": "0",
    "task": "12809",
    "opcode": "0",
    "keywords": "0x8010000000000000",
    "computer": "Agamemnon",
    "ProcessId": "0",
    "Application": "-",
    "Direction": "%%14592",
    "SourceAddress": "40.119.108.0",
    "SourcePort": "23456",
    "DestAddress": "10.0.0.4",
    "DestPort": "24102",
    "Protocol": "6",
    "FilterOrigin": "Stealth",
    "FilterRTID": "70832",
    "LayerName": "%%14597",
    "LayerRTID": "13"
  }
}