{
  "event_id": "5156",
  "provider": "Microsoft-Windows-Security-Auditing",
  "channel": "Security",
  "source_file": "D:\\visual code file\\Project_4\\Event-Analyzer\\test\\Malicious\\EVTX-ATTACK-SAMPLES\\Command and Control\\DE_RDP_Tunnel_5156.evtx",
  "event_record_id": 2,
  "xml": "<?xml version=\"1.0\" encoding=\"utf-8\"?>\n<Event xmlns=\"http://schemas.microsoft.com/win/2004/08/events/event\">\n  <System>\n    <Provider Name=\"Microsoft-Windows-Security-Auditing\" Guid=\"54849625-5478-4994-A5BA-3E3B0328C30D\">\n    </Provider>\n    <EventID>5156</EventID>\n    <Version>1</Version>\n    <Level>0</Level>\n    <Task>12810</Task>\n    <Opcode>0</Opcode>\n    <Keywords>0x8020000000000000</Keywords>\n    <TimeCreated SystemTime=\"2019-02-13T18:01:47.512340Z\">\n    </TimeCreated>\n    <EventRecordID>227694</EventRecordID>\n    <Correlation>\n    </Correlation>\n    <Execution ProcessID=\"4\" ThreadID=\"56\">\n    </Execution>\n    <Channel>Security</Channel>\n    <Computer>PC01.example.corp</Computer>\n    <Security>\n    </Security>\n  </System>\n  <EventData>\n    <Data Name=\"ProcessID\">820</Data>\n    <Data Name=\"Application\">\\device\\harddiskvolume1\\windows\\system32\\svchost.exe</Data>\n    <Data Name=\"Direction\">%%14593</Data>\n    <Data Name=\"SourceAddress\">fe80::80ac:4126:fa58:1b81</Data>\n    <Data Name=\"SourcePort\">546</Data>\n    <Data Name=\"DestAddress\">ff02::1:2</Data>\n    <Data Name=\"DestPort\">547</Data>\n    <Data Name=\"Protocol\">17</Data>\n    <Data Name=\"FilterRTID\">65865</Data>\n    <Data Name=\"LayerName\">%%14611</Data>\n    <Data Name=\"LayerRTID\">50</Data>\n    <Data Name=\"RemoteUserID\">S-1-0-0</Data>\n    <Data Name=\"RemoteMachineID\">S-1-0-0</Data>\n  </EventData>\n</Event>\n",
  "json": "{\"Event\":{\"#attributes\":{\"xmlns\":\"http://schemas.microsoft.com/win/2004/08/events/event\"},\"System\":{\"Provider\":{\"#attributes\":{\"Name\":\"Microsoft-Windows-Security-Auditing\",\"Guid\":\"54849625-5478-4994-A5BA-3E3B0328C30D\"}},\"EventID\":5156,\"Version\":1,\"Level\":0,\"Task\":12810,\"Opcode\":0,\"Keywords\":\"0x8020000000000000\",\"TimeCreated\":{\"#attributes\":{\"SystemTime\":\"2019-02-13T18:01:47.512340Z\"}},\"EventRecordID\":227694,\"Correlation\":null,\"Execution\":{\"#attributes\":{\"ProcessID\":4,\"ThreadID\":56}},\"Channel\":\"Security\",\"Computer\":\"PC01.example.corp\",\"Security\":null},\"EventData\":{\"ProcessID\":820,\"Application\":\"\\\\device\\\\harddiskvolume1\\\\windows\\\\system32\\\\svchost.exe\",\"Direction\":\"%%14593\",\"SourceAddress\":\"fe80::80ac:4126:fa58:1b81\",\"SourcePort\":\"546\",\"DestAddress\":\"ff02::1:2\",\"DestPort\":\"547\",\"Protocol\":17,\"FilterRTID\":65865,\"LayerName\":\"%%14611\",\"LayerRTID\":50,\"RemoteUserID\":\"S-1-0-0\",\"RemoteMachineID\":\"S-1-0-0\"}}}",
  "xml_fields": {
    "provider": "Microsoft-Windows-Security-Auditing",
    "event_id": "5156",
    "timestamp": "2019-02-13T18:01:47.512340Z",
    "event_record_id": "227694",
    "level": "0",
    "task": "12810",
    "opcode": "0",
    "keywords": "0x8020000000000000",
    "channel": "Security",
    "computer": "PC01.example.corp",
    "ProcessID": "820",
    "Application": "\\device\\harddiskvolume1\\windows\\system32\\svchost.exe",
    "Direction": "%%14593",
    "SourceAddress": "fe80::80ac:4126:fa58:1b81",
    "SourcePort": "546",
    "DestAddress": "ff02::1:2",
    "DestPort": "547",
    "Protocol": "17",
    "FilterRTID": "65865",
    "LayerName": "%%14611",
    "LayerRTID": "50",
    "RemoteUserID": "S-1-0-0",
    "RemoteMachineID": "S-1-0-0"
  },
  "json_fields": {
    "provider": "Microsoft-Windows-Security-Auditing",
    "channel": "Security",
    "event_id": "5156",
    "timestamp": "2019-02-13T18:01:47.512340Z",
    "event_record_id": "227694",
    "level": "0",
    "task": "12810",
    "opcode": "0",
    "keywords": "0x8020000000000000",
    "computer": "PC01.example.corp",
    "ProcessID": "820",
    "Application": "\\device\\harddiskvolume1\\windows\\system32\\svchost.exe",
    "Direction": "%%14593",
    "SourceAddress": "fe80::80ac:4126:fa58:1b81",
    "SourcePort": "546",
    "DestAddress": "ff02::1:2",
    "DestPort": "547",
    "Protocol": "17",
    "FilterRTID": "65865",
    "LayerName": "%%14611",
    "LayerRTID": "50",
    "RemoteUserID": "S-1-0-0",
    "RemoteMachineID": "S-1-0-0"
  }
}