{
  "event_id": "5158",
  "provider": "Microsoft-Windows-Security-Auditing",
  "channel": "Security",
  "source_file": "D:\\visual code file\\Project_4\\Event-Analyzer\\test\\Malicious\\EVTX-ATTACK-SAMPLES\\Command and Control\\DE_RDP_Tunnel_5156.evtx",
  "event_record_id": 27,
  "xml": "<?xml version=\"1.0\" encoding=\"utf-8\"?>\n<Event xmlns=\"http://schemas.microsoft.com/win/2004/08/events/event\">\n  <System>\n    <Provider Name=\"Microsoft-Windows-Security-Auditing\" Guid=\"54849625-5478-4994-A5BA-3E3B0328C30D\">\n    </Provider>\n    <EventID>5158</EventID>\n    <Version>0</Version>\n    <Level>0</Level>\n    <Task>12810</Task>\n    <Opcode>0</Opcode>\n    <Keywords>0x8020000000000000</Keywords>\n    <TimeCreated SystemTime=\"2019-02-13T18:04:01.722250Z\">\n    </TimeCreated>\n    <EventRecordID>227731</EventRecordID>\n    <Correlation>\n    </Correlation>\n    <Execution ProcessID=\"4\" ThreadID=\"56\">\n    </Execution>\n    <Channel>Security</Channel>\n    <Computer>PC01.example.corp</Computer>\n    <Security>\n    </Security>\n  </System>\n  <EventData>\n    <Data Name=\"ProcessId\">1280</Data>\n    <Data Name=\"Application\">\\device\\harddiskvolume1\\windows\\system32\\svchost.exe</Data>\n    <Data Name=\"SourceAddress\">0.0.0.0</Data>\n    <Data Name=\"SourcePort\">55355</Data>\n    <Data Name=\"Protocol\">17</Data>\n    <Data Name=\"FilterRTID\">0</Data>\n    <Data Name=\"LayerName\">%%14608</Data>\n    <Data Name=\"LayerRTID\">36</Data>\n  </EventData>\n</Event>\n",
  "json": "{\"Event\":{\"#attributes\":{\"xmlns\":\"http://schemas.microsoft.com/win/2004/08/events/event\"},\"System\":{\"Provider\":{\"#attributes\":{\"Name\":\"Microsoft-Windows-Security-Auditing\",\"Guid\":\"54849625-5478-4994-A5BA-3E3B0328C30D\"}},\"EventID\":5158,\"Version\":0,\"Level\":0,\"Task\":12810,\"Opcode\":0,\"Keywords\":\"0x8020000000000000\",\"TimeCreated\":{\"#attributes\":{\"SystemTime\":\"2019-02-13T18:04:01.722250Z\"}},\"EventRecordID\":227731,\"Correlation\":null,\"Execution\":{\"#attributes\":{\"ProcessID\":4,\"ThreadID\":56}},\"Channel\":\"Security\",\"Computer\":\"PC01.example.corp\",\"Security\":null},\"EventData\":{\"ProcessId\":1280,\"Application\":\"\\\\device\\\\harddiskvolume1\\\\windows\\\\system32\\\\svchost.exe\",\"SourceAddress\":\"0.0.0.0\",\"SourcePort\":\"55355\",\"Protocol\":17,\"FilterRTID\":0,\"LayerName\":\"%%14608\",\"LayerRTID\":36}}}",
  "xml_fields": {
    "provider": "Microsoft-Windows-Security-Auditing",
    "event_id": "5158",
    "timestamp": "2019-02-13T18:04:01.722250Z",
    "event_record_id": "227731",
    "level": "0",
    "task": "12810",
    "opcode": "0",
    "keywords": "0x8020000000000000",
    "channel": "Security",
    "computer": "PC01.example.corp",
    "ProcessId": "1280",
    "Application": "\\device\\harddiskvolume1\\windows\\system32\\svchost.exe",
    "SourceAddress": "0.0.0.0",
    "SourcePort": "55355",
    "Protocol": "17",
    "FilterRTID": "0",
    "LayerName": "%%14608",
    "LayerRTID": "36"
  },
  "json_fields": {
    "provider": "Microsoft-Windows-Security-Auditing",
    "channel": "Security",
    "event_id": "5158",
    "timestamp": "2019-02-13T18:04:01.722250Z",
    "event_record_id": "227731",
    "level": "0",
    "task": "12810",
    "opcode": "0",
    "keywords": "0x8020000000000000",
    "computer": "PC01.example.corp",
    "ProcessId": "1280",
    "Application": "\\device\\harddiskvolume1\\windows\\system32\\svchost.exe",
    "SourceAddress": "0.0.0.0",
    "SourcePort": "55355",
    "Protocol": "17",
    "FilterRTID": "0",
    "LayerName": "%%14608",
    "LayerRTID": "36"
  }
}