{
  "event_id": "5186",
  "provider": "Microsoft-Windows-WAS",
  "channel": "System",
  "source_file": "D:\\visual code file\\Project_4\\Event-Analyzer\\test\\Benign\\win2022-0-20348-azure\\System.evtx",
  "event_record_id": 1542,
  "xml": "<?xml version=\"1.0\" encoding=\"utf-8\"?>\n<Event xmlns=\"http://schemas.microsoft.com/win/2004/08/events/event\">\n  <System>\n    <Provider Name=\"Microsoft-Windows-WAS\" Guid=\"{524B5D04-133C-4A62-8362-64E8EDB9CE40}\" EventSourceName=\"WAS\">\n    </Provider>\n    <EventID Qualifiers=\"16384\">5186</EventID>\n    <Version>0</Version>\n    <Level>4</Level>\n    <Task>0</Task>\n    <Opcode>0</Opcode>\n    <Keywords>0x80000000000000</Keywords>\n    <TimeCreated SystemTime=\"2022-09-18T10:33:57.205437Z\">\n    </TimeCreated>\n    <EventRecordID>1542</EventRecordID>\n    <Correlation>\n    </Correlation>\n    <Execution ProcessID=\"0\" ThreadID=\"0\">\n    </Execution>\n    <Channel>System</Channel>\n    <Computer>Agamemnon</Computer>\n    <Security>\n    </Security>\n  </System>\n  <EventData>\n    <Data Name=\"ProcessID\">7696</Data>\n    <Data Name=\"AppPoolID\">DefaultAppPool</Data>\n    <Data Name=\"Minutes\">20</Data>\n  </EventData>\n</Event>\n",
  "json": "{\"Event\":{\"#attributes\":{\"xmlns\":\"http://schemas.microsoft.com/win/2004/08/events/event\"},\"System\":{\"Provider\":{\"#attributes\":{\"Name\":\"Microsoft-Windows-WAS\",\"Guid\":\"{524B5D04-133C-4A62-8362-64E8EDB9CE40}\",\"EventSourceName\":\"WAS\"}},\"EventID\":{\"#attributes\":{\"Qualifiers\":16384},\"#text\":5186},\"Version\":0,\"Level\":4,\"Task\":0,\"Opcode\":0,\"Keywords\":\"0x80000000000000\",\"TimeCreated\":{\"#attributes\":{\"SystemTime\":\"2022-09-18T10:33:57.205437Z\"}},\"EventRecordID\":1542,\"Correlation\":null,\"Execution\":{\"#attributes\":{\"ProcessID\":0,\"ThreadID\":0}},\"Channel\":\"System\",\"Computer\":\"Agamemnon\",\"Security\":null},\"EventData\":{\"ProcessID\":\"7696\",\"AppPoolID\":\"DefaultAppPool\",\"Minutes\":\"20\"}}}",
  "xml_fields": {
    "provider": "Microsoft-Windows-WAS",
    "event_id": "5186",
    "timestamp": "2022-09-18T10:33:57.205437Z",
    "event_record_id": "1542",
    "level": "4",
    "task": "0",
    "opcode": "0",
    "keywords": "0x80000000000000",
    "channel": "System",
    "computer": "Agamemnon",
    "ProcessID": "7696",
    "AppPoolID": "DefaultAppPool",
    "Minutes": "20"
  },
  "json_fields": {
    "provider": "Microsoft-Windows-WAS",
    "channel": "System",
    "event_id": "5186",
    "timestamp": "2022-09-18T10:33:57.205437Z",
    "event_record_id": "1542",
    "level": "4",
    "task": "0",
    "opcode": "0",
    "keywords": "0x80000000000000",
    "computer": "Agamemnon",
    "ProcessID": "7696",
    "AppPoolID": "DefaultAppPool",
    "Minutes": "20"
  }
}