{
  "event_id": "519",
  "provider": "Microsoft-Windows-DNSServer",
  "channel": "Microsoft-Windows-DNSServer/Audit",
  "source_file": "D:\\visual code file\\Project_4\\Event-Analyzer\\test\\Benign\\Win2022-AD\\Microsoft-Windows-DNSServer%4Audit.evtx",
  "event_record_id": 8,
  "xml": "<?xml version=\"1.0\" encoding=\"utf-8\"?>\n<Event xmlns=\"http://schemas.microsoft.com/win/2004/08/events/event\">\n  <System>\n    <Provider Name=\"Microsoft-Windows-DNSServer\" Guid=\"EB79061A-A566-4698-9119-3ED2807060E7\">\n    </Provider>\n    <EventID>519</EventID>\n    <Version>0</Version>\n    <Level>4</Level>\n    <Task>3</Task>\n    <Opcode>0</Opcode>\n    <Keywords>0x4000000002000000</Keywords>\n    <TimeCreated SystemTime=\"2022-04-07T08:15:11.784528Z\">\n    </TimeCreated>\n    <EventRecordID>8</EventRecordID>\n    <Correlation>\n    </Correlation>\n    <Execution ProcessID=\"2732\" ThreadID=\"2492\">\n    </Execution>\n    <Channel>Microsoft-Windows-DNSServer/Audit</Channel>\n    <Computer>WIN-FPV0DSIC9O6.sigma.fr</Computer>\n    <Security UserID=\"S-1-5-18\">\n    </Security>\n  </System>\n  <EventData>\n    <Data Name=\"Type\">1</Data>\n    <Data Name=\"NAME\">sigma</Data>\n    <Data Name=\"TTL\">600</Data>\n    <Data Name=\"BufferSize\">4</Data>\n    <Data Name=\"RDATA\">0A000285</Data>\n    <Data Name=\"Zone\">sigma.fr</Data>\n    <Data Name=\"ZoneScope\">Default</Data>\n    <Data Name=\"Source\">10.0.2.133</Data>\n  </EventData>\n</Event>\n",
  "json": "{\"Event\":{\"#attributes\":{\"xmlns\":\"http://schemas.microsoft.com/win/2004/08/events/event\"},\"System\":{\"Provider\":{\"#attributes\":{\"Name\":\"Microsoft-Windows-DNSServer\",\"Guid\":\"EB79061A-A566-4698-9119-3ED2807060E7\"}},\"EventID\":519,\"Version\":0,\"Level\":4,\"Task\":3,\"Opcode\":0,\"Keywords\":\"0x4000000002000000\",\"TimeCreated\":{\"#attributes\":{\"SystemTime\":\"2022-04-07T08:15:11.784528Z\"}},\"EventRecordID\":8,\"Correlation\":null,\"Execution\":{\"#attributes\":{\"ProcessID\":2732,\"ThreadID\":2492}},\"Channel\":\"Microsoft-Windows-DNSServer/Audit\",\"Computer\":\"WIN-FPV0DSIC9O6.sigma.fr\",\"Security\":{\"#attributes\":{\"UserID\":\"S-1-5-18\"}}},\"EventData\":{\"Type\":1,\"NAME\":\"sigma\",\"TTL\":600,\"BufferSize\":4,\"RDATA\":\"0A000285\",\"Zone\":\"sigma.fr\",\"ZoneScope\":\"Default\",\"Source\":\"10.0.2.133\"}}}",
  "xml_fields": {
    "provider": "Microsoft-Windows-DNSServer",
    "event_id": "519",
    "timestamp": "2022-04-07T08:15:11.784528Z",
    "event_record_id": "8",
    "level": "4",
    "task": "3",
    "opcode": "0",
    "keywords": "0x4000000002000000",
    "channel": "Microsoft-Windows-DNSServer/Audit",
    "computer": "WIN-FPV0DSIC9O6.sigma.fr",
    "Type": "1",
    "NAME": "sigma",
    "TTL": "600",
    "BufferSize": "4",
    "RDATA": "0A000285",
    "Zone": "sigma.fr",
    "ZoneScope": "Default",
    "Source": "10.0.2.133"
  },
  "json_fields": {
    "provider": "Microsoft-Windows-DNSServer",
    "channel": "Microsoft-Windows-DNSServer/Audit",
    "event_id": "519",
    "timestamp": "2022-04-07T08:15:11.784528Z",
    "event_record_id": "8",
    "level": "4",
    "task": "3",
    "opcode": "0",
    "keywords": "0x4000000002000000",
    "computer": "WIN-FPV0DSIC9O6.sigma.fr",
    "Type": "1",
    "NAME": "sigma",
    "TTL": "600",
    "BufferSize": "4",
    "RDATA": "0A000285",
    "Zone": "sigma.fr",
    "ZoneScope": "Default",
    "Source": "10.0.2.133"
  }
}