{
  "event_id": "5211",
  "provider": "Microsoft-Windows-WAS",
  "channel": "System",
  "source_file": "D:\\visual code file\\Project_4\\Event-Analyzer\\test\\Benign\\win2022-evtx\\System.evtx",
  "event_record_id": 1622,
  "xml": "<?xml version=\"1.0\" encoding=\"utf-8\"?>\n<Event xmlns=\"http://schemas.microsoft.com/win/2004/08/events/event\">\n  <System>\n    <Provider Name=\"Microsoft-Windows-WAS\" Guid=\"{524B5D04-133C-4A62-8362-64E8EDB9CE40}\" EventSourceName=\"WAS\">\n    </Provider>\n    <EventID Qualifiers=\"16384\">5211</EventID>\n    <Version>0</Version>\n    <Level>4</Level>\n    <Task>0</Task>\n    <Opcode>0</Opcode>\n    <Keywords>0x80000000000000</Keywords>\n    <TimeCreated SystemTime=\"2022-04-04T13:11:26.622206Z\">\n    </TimeCreated>\n    <EventRecordID>1622</EventRecordID>\n    <Correlation>\n    </Correlation>\n    <Execution ProcessID=\"0\" ThreadID=\"0\">\n    </Execution>\n    <Channel>System</Channel>\n    <Computer>WIN-TKC15D7KHUR</Computer>\n    <Security>\n    </Security>\n  </System>\n  <EventData>\n    <Data Name=\"RunningMode\">Classic</Data>\n    <Data Name=\"ConfigurationReader\">ConfigurationSystem</Data>\n    <Binary></Binary>\n  </EventData>\n</Event>\n",
  "json": "{\"Event\":{\"#attributes\":{\"xmlns\":\"http://schemas.microsoft.com/win/2004/08/events/event\"},\"System\":{\"Provider\":{\"#attributes\":{\"Name\":\"Microsoft-Windows-WAS\",\"Guid\":\"{524B5D04-133C-4A62-8362-64E8EDB9CE40}\",\"EventSourceName\":\"WAS\"}},\"EventID\":{\"#attributes\":{\"Qualifiers\":16384},\"#text\":5211},\"Version\":0,\"Level\":4,\"Task\":0,\"Opcode\":0,\"Keywords\":\"0x80000000000000\",\"TimeCreated\":{\"#attributes\":{\"SystemTime\":\"2022-04-04T13:11:26.622206Z\"}},\"EventRecordID\":1622,\"Correlation\":null,\"Execution\":{\"#attributes\":{\"ProcessID\":0,\"ThreadID\":0}},\"Channel\":\"System\",\"Computer\":\"WIN-TKC15D7KHUR\",\"Security\":null},\"EventData\":{\"RunningMode\":\"Classic\",\"ConfigurationReader\":\"ConfigurationSystem\",\"Binary\":null}}}",
  "xml_fields": {
    "provider": "Microsoft-Windows-WAS",
    "event_id": "5211",
    "timestamp": "2022-04-04T13:11:26.622206Z",
    "event_record_id": "1622",
    "level": "4",
    "task": "0",
    "opcode": "0",
    "keywords": "0x80000000000000",
    "channel": "System",
    "computer": "WIN-TKC15D7KHUR",
    "RunningMode": "Classic",
    "ConfigurationReader": "ConfigurationSystem"
  },
  "json_fields": {
    "provider": "Microsoft-Windows-WAS",
    "channel": "System",
    "event_id": "5211",
    "timestamp": "2022-04-04T13:11:26.622206Z",
    "event_record_id": "1622",
    "level": "4",
    "task": "0",
    "opcode": "0",
    "keywords": "0x80000000000000",
    "computer": "WIN-TKC15D7KHUR",
    "RunningMode": "Classic",
    "ConfigurationReader": "ConfigurationSystem"
  }
}