{
  "event_id": "521",
  "provider": "Microsoft-Windows-Kernel-Power",
  "channel": "System",
  "source_file": "D:\\visual code file\\Project_4\\Event-Analyzer\\test\\Benign\\Logs_Client\\System.evtx",
  "event_record_id": 20,
  "xml": "<?xml version=\"1.0\" encoding=\"utf-8\"?>\n<Event xmlns=\"http://schemas.microsoft.com/win/2004/08/events/event\">\n  <System>\n    <Provider Name=\"Microsoft-Windows-Kernel-Power\" Guid=\"331C3B3A-2005-44C2-AC5E-77220C37D6B4\">\n    </Provider>\n    <EventID>521</EventID>\n    <Version>0</Version>\n    <Level>4</Level>\n    <Task>220</Task>\n    <Opcode>0</Opcode>\n    <Keywords>0x8000000000000404</Keywords>\n    <TimeCreated SystemTime=\"2022-02-07T10:52:11.601766Z\">\n    </TimeCreated>\n    <EventRecordID>20</EventRecordID>\n    <Correlation>\n    </Correlation>\n    <Execution ProcessID=\"4\" ThreadID=\"288\">\n    </Execution>\n    <Channel>System</Channel>\n    <Computer>WIN-VR474TJ38H3</Computer>\n    <Security UserID=\"S-1-5-18\">\n    </Security>\n  </System>\n  <EventData>\n    <Data Name=\"ValidBatteryCount\">1</Data>\n    <Data Name=\"ErrorBatteryCount\">0</Data>\n    <Data Name=\"AbandonedBatteryCount\">0</Data>\n  </EventData>\n</Event>\n",
  "json": "{\"Event\":{\"#attributes\":{\"xmlns\":\"http://schemas.microsoft.com/win/2004/08/events/event\"},\"System\":{\"Provider\":{\"#attributes\":{\"Name\":\"Microsoft-Windows-Kernel-Power\",\"Guid\":\"331C3B3A-2005-44C2-AC5E-77220C37D6B4\"}},\"EventID\":521,\"Version\":0,\"Level\":4,\"Task\":220,\"Opcode\":0,\"Keywords\":\"0x8000000000000404\",\"TimeCreated\":{\"#attributes\":{\"SystemTime\":\"2022-02-07T10:52:11.601766Z\"}},\"EventRecordID\":20,\"Correlation\":null,\"Execution\":{\"#attributes\":{\"ProcessID\":4,\"ThreadID\":288}},\"Channel\":\"System\",\"Computer\":\"WIN-VR474TJ38H3\",\"Security\":{\"#attributes\":{\"UserID\":\"S-1-5-18\"}}},\"EventData\":{\"ValidBatteryCount\":1,\"ErrorBatteryCount\":0,\"AbandonedBatteryCount\":0}}}",
  "xml_fields": {
    "provider": "Microsoft-Windows-Kernel-Power",
    "event_id": "521",
    "timestamp": "2022-02-07T10:52:11.601766Z",
    "event_record_id": "20",
    "level": "4",
    "task": "220",
    "opcode": "0",
    "keywords": "0x8000000000000404",
    "channel": "System",
    "computer": "WIN-VR474TJ38H3",
    "ValidBatteryCount": "1",
    "ErrorBatteryCount": "0",
    "AbandonedBatteryCount": "0"
  },
  "json_fields": {
    "provider": "Microsoft-Windows-Kernel-Power",
    "channel": "System",
    "event_id": "521",
    "timestamp": "2022-02-07T10:52:11.601766Z",
    "event_record_id": "20",
    "level": "4",
    "task": "220",
    "opcode": "0",
    "keywords": "0x8000000000000404",
    "computer": "WIN-VR474TJ38H3",
    "ValidBatteryCount": "1",
    "ErrorBatteryCount": "0",
    "AbandonedBatteryCount": "0"
  }
}