{
  "event_id": "523",
  "provider": "Microsoft-Windows-StorPort",
  "channel": "Microsoft-Windows-Storage-Storport/Operational",
  "source_file": "D:\\visual code file\\Project_4\\Event-Analyzer\\test\\Logs\\Microsoft-Windows-Storage-Storport%4Operational.evtx",
  "event_record_id": 3,
  "xml": "<?xml version=\"1.0\" encoding=\"utf-8\"?>\n<Event xmlns=\"http://schemas.microsoft.com/win/2004/08/events/event\">\n  <System>\n    <Provider Name=\"Microsoft-Windows-StorPort\" Guid=\"C4636A1E-7986-4646-BF10-7BC3B4A76E8E\">\n    </Provider>\n    <EventID>523</EventID>\n    <Version>3</Version>\n    <Level>2</Level>\n    <Task>201</Task>\n    <Opcode>0</Opcode>\n    <Keywords>0x800200008000000</Keywords>\n    <TimeCreated SystemTime=\"2024-11-05T01:33:00.758942Z\">\n    </TimeCreated>\n    <EventRecordID>3</EventRecordID>\n    <Correlation>\n    </Correlation>\n    <Execution ProcessID=\"4\" ThreadID=\"68\">\n    </Execution>\n    <Channel>Microsoft-Windows-Storage-Storport/Operational</Channel>\n    <Computer>WIN-5LCFHVCO531</Computer>\n    <Security>\n    </Security>\n  </System>\n  <EventData>\n    <Data Name=\"MiniportName\">stornvme</Data>\n    <Data Name=\"MiniportEventId\">12</Data>\n    <Data Name=\"MiniportEventDescription\">Admin Command Error</Data>\n    <Data Name=\"PortNumber\">4294967295</Data>\n    <Data Name=\"AdapterGuid\">E27835C7-9B15-11EF-9769-806E6F6E6963</Data>\n    <Data Name=\"PathID\">255</Data>\n    <Data Name=\"TargetID\">255</Data>\n    <Data Name=\"LUN\">255</Data>\n    <Data Name=\"ClassDeviceGuid\">00000000-0000-0000-0000-000000000000</Data>\n    <Data Name=\"VendorId\"></Data>\n    <Data Name=\"ProductId\"></Data>\n    <Data Name=\"SerialNumber\"></Data>\n    <Data Name=\"BootDevice\">false</Data>\n    <Data Name=\"Irp\">0x0</Data>\n    <Data Name=\"Srb\">0xffffa386649ab368</Data>\n    <Data Name=\"Parameter1Name\">OPC</Data>\n    <Data Name=\"Parameter1Value\">10</Data>\n    <Data Name=\"Parameter2Name\">SCT</Data>\n    <Data Name=\"Parameter2Value\">0</Data>\n    <Data Name=\"Parameter3Name\">SC</Data>\n    <Data Name=\"Parameter3Value\">2</Data>\n    <Data Name=\"Parameter4Name\">CmdInfo</Data>\n    <Data Name=\"Parameter4Value\">12</Data>\n  </EventData>\n</Event>\n",
  "json": "{\"Event\":{\"#attributes\":{\"xmlns\":\"http://schemas.microsoft.com/win/2004/08/events/event\"},\"System\":{\"Provider\":{\"#attributes\":{\"Name\":\"Microsoft-Windows-StorPort\",\"Guid\":\"C4636A1E-7986-4646-BF10-7BC3B4A76E8E\"}},\"EventID\":523,\"Version\":3,\"Level\":2,\"Task\":201,\"Opcode\":0,\"Keywords\":\"0x800200008000000\",\"TimeCreated\":{\"#attributes\":{\"SystemTime\":\"2024-11-05T01:33:00.758942Z\"}},\"EventRecordID\":3,\"Correlation\":null,\"Execution\":{\"#attributes\":{\"ProcessID\":4,\"ThreadID\":68}},\"Channel\":\"Microsoft-Windows-Storage-Storport/Operational\",\"Computer\":\"WIN-5LCFHVCO531\",\"Security\":null},\"EventData\":{\"MiniportName\":\"stornvme\",\"MiniportEventId\":12,\"MiniportEventDescription\":\"Admin Command Error\",\"PortNumber\":4294967295,\"AdapterGuid\":\"E27835C7-9B15-11EF-9769-806E6F6E6963\",\"PathID\":255,\"TargetID\":255,\"LUN\":255,\"ClassDeviceGuid\":\"00000000-0000-0000-0000-000000000000\",\"VendorId\":\"\",\"ProductId\":\"\",\"SerialNumber\":\"\",\"BootDevice\":false,\"Irp\":\"0x0\",\"Srb\":\"0xffffa386649ab368\",\"Parameter1Name\":\"OPC\",\"Parameter1Value\":10,\"Parameter2Name\":\"SCT\",\"Parameter2Value\":0,\"Parameter3Name\":\"SC\",\"Parameter3Value\":2,\"Parameter4Name\":\"CmdInfo\",\"Parameter4Value\":12}}}",
  "xml_fields": {
    "provider": "Microsoft-Windows-StorPort",
    "event_id": "523",
    "timestamp": "2024-11-05T01:33:00.758942Z",
    "event_record_id": "3",
    "level": "2",
    "task": "201",
    "opcode": "0",
    "keywords": "0x800200008000000",
    "channel": "Microsoft-Windows-Storage-Storport/Operational",
    "computer": "WIN-5LCFHVCO531",
    "MiniportName": "stornvme",
    "MiniportEventId": "12",
    "MiniportEventDescription": "Admin Command Error",
    "PortNumber": "4294967295",
    "AdapterGuid": "E27835C7-9B15-11EF-9769-806E6F6E6963",
    "PathID": "255",
    "TargetID": "255",
    "LUN": "255",
    "ClassDeviceGuid": "00000000-0000-0000-0000-000000000000",
    "VendorId": "",
    "ProductId": "",
    "SerialNumber": "",
    "BootDevice": "false",
    "Irp": "0x0",
    "Srb": "0xffffa386649ab368",
    "Parameter1Name": "OPC",
    "Parameter1Value": "10",
    "Parameter2Name": "SCT",
    "Parameter2Value": "0",
    "Parameter3Name": "SC",
    "Parameter3Value": "2",
    "Parameter4Name": "CmdInfo",
    "Parameter4Value": "12"
  },
  "json_fields": {
    "provider": "Microsoft-Windows-StorPort",
    "channel": "Microsoft-Windows-Storage-Storport/Operational",
    "event_id": "523",
    "timestamp": "2024-11-05T01:33:00.758942Z",
    "event_record_id": "3",
    "level": "2",
    "task": "201",
    "opcode": "0",
    "keywords": "0x800200008000000",
    "computer": "WIN-5LCFHVCO531",
    "MiniportName": "stornvme",
    "MiniportEventId": "12",
    "MiniportEventDescription": "Admin Command Error",
    "PortNumber": "4294967295",
    "AdapterGuid": "E27835C7-9B15-11EF-9769-806E6F6E6963",
    "PathID": "255",
    "TargetID": "255",
    "LUN": "255",
    "ClassDeviceGuid": "00000000-0000-0000-0000-000000000000",
    "VendorId": "",
    "ProductId": "",
    "SerialNumber": "",
    "BootDevice": "False",
    "Irp": "0x0",
    "Srb": "0xffffa386649ab368",
    "Parameter1Name": "OPC",
    "Parameter1Value": "10",
    "Parameter2Name": "SCT",
    "Parameter2Value": "0",
    "Parameter3Name": "SC",
    "Parameter3Value": "2",
    "Parameter4Name": "CmdInfo",
    "Parameter4Value": "12"
  }
}