{
  "event_id": "524",
  "provider": "Microsoft-Windows-StorPort",
  "channel": "Microsoft-Windows-Storage-Storport/Operational",
  "source_file": "D:\\visual code file\\Project_4\\Event-Analyzer\\test\\Benign\\Logs_Win11\\Microsoft-Windows-Storage-Storport%4Operational.evtx",
  "event_record_id": 5,
  "xml": "<?xml version=\"1.0\" encoding=\"utf-8\"?>\n<Event xmlns=\"http://schemas.microsoft.com/win/2004/08/events/event\">\n  <System>\n    <Provider Name=\"Microsoft-Windows-StorPort\" Guid=\"C4636A1E-7986-4646-BF10-7BC3B4A76E8E\">\n    </Provider>\n    <EventID>524</EventID>\n    <Version>3</Version>\n    <Level>2</Level>\n    <Task>201</Task>\n    <Opcode>0</Opcode>\n    <Keywords>0x800200008000000</Keywords>\n    <TimeCreated SystemTime=\"2022-03-01T16:42:05.266654Z\">\n    </TimeCreated>\n    <EventRecordID>5</EventRecordID>\n    <Correlation>\n    </Correlation>\n    <Execution ProcessID=\"4\" ThreadID=\"8\">\n    </Execution>\n    <Channel>Microsoft-Windows-Storage-Storport/Operational</Channel>\n    <Computer>WIN-KPO4DDU11AB</Computer>\n    <Security>\n    </Security>\n  </System>\n  <EventData>\n    <Data Name=\"MiniportName\">stornvme</Data>\n    <Data Name=\"MiniportEventId\">12</Data>\n    <Data Name=\"MiniportEventDescription\">Admin Command Error</Data>\n    <Data Name=\"PortNumber\">4294967295</Data>\n    <Data Name=\"AdapterGuid\">843A8757-997E-11EC-9DEA-806E6F6E6963</Data>\n    <Data Name=\"PathID\">255</Data>\n    <Data Name=\"TargetID\">255</Data>\n    <Data Name=\"LUN\">255</Data>\n    <Data Name=\"ClassDeviceGuid\">00000000-0000-0000-0000-000000000000</Data>\n    <Data Name=\"VendorId\"></Data>\n    <Data Name=\"ProductId\"></Data>\n    <Data Name=\"SerialNumber\"></Data>\n    <Data Name=\"BootDevice\">false</Data>\n    <Data Name=\"Irp\">0x0</Data>\n    <Data Name=\"Srb\">0xffffd106995a7370</Data>\n    <Data Name=\"Parameter1Name\">OPC</Data>\n    <Data Name=\"Parameter1Value\">10</Data>\n    <Data Name=\"Parameter2Name\">SCT</Data>\n    <Data Name=\"Parameter2Value\">0</Data>\n    <Data Name=\"Parameter3Name\">SC</Data>\n    <Data Name=\"Parameter3Value\">2</Data>\n    <Data Name=\"Parameter4Name\">CmdInfo</Data>\n    <Data Name=\"Parameter4Value\">12</Data>\n    <Data Name=\"Parameter5Name\">ControllerStatus</Data>\n    <Data Name=\"Parameter5Value\">1</Data>\n    <Data Name=\"Parameter6Name\">NULL</Data>\n    <Data Name=\"Parameter6Value\">0</Data>\n    <Data Name=\"Parameter7Name\">NULL</Data>\n    <Data Name=\"Parameter7Value\">0</Data>\n    <Data Name=\"Parameter8Name\">NULL</Data>\n    <Data Name=\"Parameter8Value\">0</Data>\n  </EventData>\n</Event>\n",
  "json": "{\"Event\":{\"#attributes\":{\"xmlns\":\"http://schemas.microsoft.com/win/2004/08/events/event\"},\"System\":{\"Provider\":{\"#attributes\":{\"Name\":\"Microsoft-Windows-StorPort\",\"Guid\":\"C4636A1E-7986-4646-BF10-7BC3B4A76E8E\"}},\"EventID\":524,\"Version\":3,\"Level\":2,\"Task\":201,\"Opcode\":0,\"Keywords\":\"0x800200008000000\",\"TimeCreated\":{\"#attributes\":{\"SystemTime\":\"2022-03-01T16:42:05.266654Z\"}},\"EventRecordID\":5,\"Correlation\":null,\"Execution\":{\"#attributes\":{\"ProcessID\":4,\"ThreadID\":8}},\"Channel\":\"Microsoft-Windows-Storage-Storport/Operational\",\"Computer\":\"WIN-KPO4DDU11AB\",\"Security\":null},\"EventData\":{\"MiniportName\":\"stornvme\",\"MiniportEventId\":12,\"MiniportEventDescription\":\"Admin Command Error\",\"PortNumber\":4294967295,\"AdapterGuid\":\"843A8757-997E-11EC-9DEA-806E6F6E6963\",\"PathID\":255,\"TargetID\":255,\"LUN\":255,\"ClassDeviceGuid\":\"00000000-0000-0000-0000-000000000000\",\"VendorId\":\"\",\"ProductId\":\"\",\"SerialNumber\":\"\",\"BootDevice\":false,\"Irp\":\"0x0\",\"Srb\":\"0xffffd106995a7370\",\"Parameter1Name\":\"OPC\",\"Parameter1Value\":10,\"Parameter2Name\":\"SCT\",\"Parameter2Value\":0,\"Parameter3Name\":\"SC\",\"Parameter3Value\":2,\"Parameter4Name\":\"CmdInfo\",\"Parameter4Value\":12,\"Parameter5Name\":\"ControllerStatus\",\"Parameter5Value\":1,\"Parameter6Name\":\"NULL\",\"Parameter6Value\":0,\"Parameter7Name\":\"NULL\",\"Parameter7Value\":0,\"Parameter8Name\":\"NULL\",\"Parameter8Value\":0}}}",
  "xml_fields": {
    "provider": "Microsoft-Windows-StorPort",
    "event_id": "524",
    "timestamp": "2022-03-01T16:42:05.266654Z",
    "event_record_id": "5",
    "level": "2",
    "task": "201",
    "opcode": "0",
    "keywords": "0x800200008000000",
    "channel": "Microsoft-Windows-Storage-Storport/Operational",
    "computer": "WIN-KPO4DDU11AB",
    "MiniportName": "stornvme",
    "MiniportEventId": "12",
    "MiniportEventDescription": "Admin Command Error",
    "PortNumber": "4294967295",
    "AdapterGuid": "843A8757-997E-11EC-9DEA-806E6F6E6963",
    "PathID": "255",
    "TargetID": "255",
    "LUN": "255",
    "ClassDeviceGuid": "00000000-0000-0000-0000-000000000000",
    "VendorId": "",
    "ProductId": "",
    "SerialNumber": "",
    "BootDevice": "false",
    "Irp": "0x0",
    "Srb": "0xffffd106995a7370",
    "Parameter1Name": "OPC",
    "Parameter1Value": "10",
    "Parameter2Name": "SCT",
    "Parameter2Value": "0",
    "Parameter3Name": "SC",
    "Parameter3Value": "2",
    "Parameter4Name": "CmdInfo",
    "Parameter4Value": "12",
    "Parameter5Name": "ControllerStatus",
    "Parameter5Value": "1",
    "Parameter6Name": "NULL",
    "Parameter6Value": "0",
    "Parameter7Name": "NULL",
    "Parameter7Value": "0",
    "Parameter8Name": "NULL",
    "Parameter8Value": "0"
  },
  "json_fields": {
    "provider": "Microsoft-Windows-StorPort",
    "channel": "Microsoft-Windows-Storage-Storport/Operational",
    "event_id": "524",
    "timestamp": "2022-03-01T16:42:05.266654Z",
    "event_record_id": "5",
    "level": "2",
    "task": "201",
    "opcode": "0",
    "keywords": "0x800200008000000",
    "computer": "WIN-KPO4DDU11AB",
    "MiniportName": "stornvme",
    "MiniportEventId": "12",
    "MiniportEventDescription": "Admin Command Error",
    "PortNumber": "4294967295",
    "AdapterGuid": "843A8757-997E-11EC-9DEA-806E6F6E6963",
    "PathID": "255",
    "TargetID": "255",
    "LUN": "255",
    "ClassDeviceGuid": "00000000-0000-0000-0000-000000000000",
    "VendorId": "",
    "ProductId": "",
    "SerialNumber": "",
    "BootDevice": "False",
    "Irp": "0x0",
    "Srb": "0xffffd106995a7370",
    "Parameter1Name": "OPC",
    "Parameter1Value": "10",
    "Parameter2Name": "SCT",
    "Parameter2Value": "0",
    "Parameter3Name": "SC",
    "Parameter3Value": "2",
    "Parameter4Name": "CmdInfo",
    "Parameter4Value": "12",
    "Parameter5Name": "ControllerStatus",
    "Parameter5Value": "1",
    "Parameter6Name": "NULL",
    "Parameter6Value": "0",
    "Parameter7Name": "NULL",
    "Parameter7Value": "0",
    "Parameter8Name": "NULL",
    "Parameter8Value": "0"
  }
}