{
  "event_id": "52",
  "provider": "Microsoft-Windows-Time-Service",
  "channel": "System",
  "source_file": "D:\\visual code file\\Project_4\\Event-Analyzer\\test\\Benign\\Win2022-AD\\System.evtx",
  "event_record_id": 484,
  "xml": "<?xml version=\"1.0\" encoding=\"utf-8\"?>\n<Event xmlns=\"http://schemas.microsoft.com/win/2004/08/events/event\">\n  <System>\n    <Provider Name=\"Microsoft-Windows-Time-Service\" Guid=\"06EDCFEB-0FD0-4E53-ACCA-A6F8BBF81BCB\">\n    </Provider>\n    <EventID>52</EventID>\n    <Version>0</Version>\n    <Level>3</Level>\n    <Task>0</Task>\n    <Opcode>0</Opcode>\n    <Keywords>0x8000000000000000</Keywords>\n    <TimeCreated SystemTime=\"2022-04-07T08:10:56.758456Z\">\n    </TimeCreated>\n    <EventRecordID>484</EventRecordID>\n    <Correlation>\n    </Correlation>\n    <Execution ProcessID=\"1192\" ThreadID=\"1252\">\n    </Execution>\n    <Channel>System</Channel>\n    <Computer>WIN-FPV0DSIC9O6</Computer>\n    <Security UserID=\"S-1-5-19\">\n    </Security>\n  </System>\n  <EventData Name=\"TMP_EVENT_TIME_JUMP_AUDIT\">\n    <Data Name=\"TimeOffsetSeconds\">32399</Data>\n  </EventData>\n</Event>\n",
  "json": "{\"Event\":{\"#attributes\":{\"xmlns\":\"http://schemas.microsoft.com/win/2004/08/events/event\"},\"System\":{\"Provider\":{\"#attributes\":{\"Name\":\"Microsoft-Windows-Time-Service\",\"Guid\":\"06EDCFEB-0FD0-4E53-ACCA-A6F8BBF81BCB\"}},\"EventID\":52,\"Version\":0,\"Level\":3,\"Task\":0,\"Opcode\":0,\"Keywords\":\"0x8000000000000000\",\"TimeCreated\":{\"#attributes\":{\"SystemTime\":\"2022-04-07T08:10:56.758456Z\"}},\"EventRecordID\":484,\"Correlation\":null,\"Execution\":{\"#attributes\":{\"ProcessID\":1192,\"ThreadID\":1252}},\"Channel\":\"System\",\"Computer\":\"WIN-FPV0DSIC9O6\",\"Security\":{\"#attributes\":{\"UserID\":\"S-1-5-19\"}}},\"EventData\":{\"#attributes\":{\"Name\":\"TMP_EVENT_TIME_JUMP_AUDIT\"},\"TimeOffsetSeconds\":32399}}}",
  "xml_fields": {
    "provider": "Microsoft-Windows-Time-Service",
    "event_id": "52",
    "timestamp": "2022-04-07T08:10:56.758456Z",
    "event_record_id": "484",
    "level": "3",
    "task": "0",
    "opcode": "0",
    "keywords": "0x8000000000000000",
    "channel": "System",
    "computer": "WIN-FPV0DSIC9O6",
    "TimeOffsetSeconds": "32399"
  },
  "json_fields": {
    "provider": "Microsoft-Windows-Time-Service",
    "channel": "System",
    "event_id": "52",
    "timestamp": "2022-04-07T08:10:56.758456Z",
    "event_record_id": "484",
    "level": "3",
    "task": "0",
    "opcode": "0",
    "keywords": "0x8000000000000000",
    "computer": "WIN-FPV0DSIC9O6",
    "TimeOffsetSeconds": "32399"
  }
}