{
  "event_id": "5313",
  "provider": "Microsoft-Windows-GroupPolicy",
  "channel": "Microsoft-Windows-GroupPolicy/Operational",
  "source_file": "D:\\visual code file\\Project_4\\Event-Analyzer\\test\\Logs\\Microsoft-Windows-GroupPolicy%4Operational.evtx",
  "event_record_id": 24,
  "xml": "<?xml version=\"1.0\" encoding=\"utf-8\"?>\n<Event xmlns=\"http://schemas.microsoft.com/win/2004/08/events/event\">\n  <System>\n    <Provider Name=\"Microsoft-Windows-GroupPolicy\" Guid=\"AEA1B4FA-97D1-45F2-A64C-4D69FFFD92C9\">\n    </Provider>\n    <EventID>5313</EventID>\n    <Version>0</Version>\n    <Level>4</Level>\n    <Task>0</Task>\n    <Opcode>0</Opcode>\n    <Keywords>0x4000000000000000</Keywords>\n    <TimeCreated SystemTime=\"2024-11-04T12:34:56.350574Z\">\n    </TimeCreated>\n    <EventRecordID>24</EventRecordID>\n    <Correlation ActivityID=\"F8CAB83A-E2F9-40BA-956F-5D52053EC853\">\n    </Correlation>\n    <Execution ProcessID=\"2412\" ThreadID=\"1132\">\n    </Execution>\n    <Channel>Microsoft-Windows-GroupPolicy/Operational</Channel>\n    <Computer>DESKTOP-P9H5FTA</Computer>\n    <Security UserID=\"S-1-5-18\">\n    </Security>\n  </System>\n  <EventData>\n    <Data Name=\"DescriptionString\">Local Group Policy\n\tNot Applied (Empty)\n</Data>\n    <Data Name=\"GPOInfoList\">&lt;GPO ID=\"Local Group Policy\"&gt;&lt;Name&gt;Local Group Policy&lt;/Name&gt;&lt;Version&gt;0&lt;/Version&gt;&lt;SOM&gt;Local&lt;/SOM&gt;&lt;FSPath&gt;C:\\Windows\\System32\\GroupPolicy\\Machine&lt;/FSPath&gt;&lt;Reason&gt;NOTAPPLIED-EMPTY&lt;/Reason&gt;&lt;/GPO&gt;</Data>\n  </EventData>\n</Event>\n",
  "json": "{\"Event\":{\"#attributes\":{\"xmlns\":\"http://schemas.microsoft.com/win/2004/08/events/event\"},\"System\":{\"Provider\":{\"#attributes\":{\"Name\":\"Microsoft-Windows-GroupPolicy\",\"Guid\":\"AEA1B4FA-97D1-45F2-A64C-4D69FFFD92C9\"}},\"EventID\":5313,\"Version\":0,\"Level\":4,\"Task\":0,\"Opcode\":0,\"Keywords\":\"0x4000000000000000\",\"TimeCreated\":{\"#attributes\":{\"SystemTime\":\"2024-11-04T12:34:56.350574Z\"}},\"EventRecordID\":24,\"Correlation\":{\"#attributes\":{\"ActivityID\":\"F8CAB83A-E2F9-40BA-956F-5D52053EC853\"}},\"Execution\":{\"#attributes\":{\"ProcessID\":2412,\"ThreadID\":1132}},\"Channel\":\"Microsoft-Windows-GroupPolicy/Operational\",\"Computer\":\"DESKTOP-P9H5FTA\",\"Security\":{\"#attributes\":{\"UserID\":\"S-1-5-18\"}}},\"EventData\":{\"DescriptionString\":\"Local Group Policy\\n\\tNot Applied (Empty)\\n\",\"GPOInfoList\":\"<GPO ID=\\\"Local Group Policy\\\"><Name>Local Group Policy</Name><Version>0</Version><SOM>Local</SOM><FSPath>C:\\\\Windows\\\\System32\\\\GroupPolicy\\\\Machine</FSPath><Reason>NOTAPPLIED-EMPTY</Reason></GPO>\"}}}",
  "xml_fields": {
    "provider": "Microsoft-Windows-GroupPolicy",
    "event_id": "5313",
    "timestamp": "2024-11-04T12:34:56.350574Z",
    "event_record_id": "24",
    "level": "4",
    "task": "0",
    "opcode": "0",
    "keywords": "0x4000000000000000",
    "channel": "Microsoft-Windows-GroupPolicy/Operational",
    "computer": "DESKTOP-P9H5FTA",
    "DescriptionString": "Local Group Policy\n\tNot Applied (Empty)\n",
    "GPOInfoList": "<GPO ID=\"Local Group Policy\"><Name>Local Group Policy</Name><Version>0</Version><SOM>Local</SOM><FSPath>C:\\Windows\\System32\\GroupPolicy\\Machine</FSPath><Reason>NOTAPPLIED-EMPTY</Reason></GPO>"
  },
  "json_fields": {
    "provider": "Microsoft-Windows-GroupPolicy",
    "channel": "Microsoft-Windows-GroupPolicy/Operational",
    "event_id": "5313",
    "timestamp": "2024-11-04T12:34:56.350574Z",
    "event_record_id": "24",
    "level": "4",
    "task": "0",
    "opcode": "0",
    "keywords": "0x4000000000000000",
    "computer": "DESKTOP-P9H5FTA",
    "DescriptionString": "Local Group Policy\n\tNot Applied (Empty)\n",
    "GPOInfoList": "<GPO ID=\"Local Group Policy\"><Name>Local Group Policy</Name><Version>0</Version><SOM>Local</SOM><FSPath>C:\\Windows\\System32\\GroupPolicy\\Machine</FSPath><Reason>NOTAPPLIED-EMPTY</Reason></GPO>"
  }
}