{
  "event_id": "5315",
  "provider": "Microsoft-Windows-GroupPolicy",
  "channel": "Microsoft-Windows-GroupPolicy/Operational",
  "source_file": "D:\\visual code file\\Project_4\\Event-Analyzer\\test\\Benign\\Win2022-AD\\Microsoft-Windows-GroupPolicy%4Operational.evtx",
  "event_record_id": 217,
  "xml": "<?xml version=\"1.0\" encoding=\"utf-8\"?>\n<Event xmlns=\"http://schemas.microsoft.com/win/2004/08/events/event\">\n  <System>\n    <Provider Name=\"Microsoft-Windows-GroupPolicy\" Guid=\"AEA1B4FA-97D1-45F2-A64C-4D69FFFD92C9\">\n    </Provider>\n    <EventID>5315</EventID>\n    <Version>0</Version>\n    <Level>4</Level>\n    <Task>0</Task>\n    <Opcode>0</Opcode>\n    <Keywords>0x4000000000000000</Keywords>\n    <TimeCreated SystemTime=\"2022-04-07T08:17:03.984225Z\">\n    </TimeCreated>\n    <EventRecordID>217</EventRecordID>\n    <Correlation>\n    </Correlation>\n    <Execution ProcessID=\"1336\" ThreadID=\"3508\">\n    </Execution>\n    <Channel>Microsoft-Windows-GroupPolicy/Operational</Channel>\n    <Computer>WIN-FPV0DSIC9O6.sigma.fr</Computer>\n    <Security UserID=\"S-1-5-18\">\n    </Security>\n  </System>\n  <EventData>\n    <Data Name=\"PrincipalSamName\">SIGMA\\WIN-FPV0DSIC9O6$</Data>\n    <Data Name=\"NextPolicyApplicationTime\">5</Data>\n    <Data Name=\"NextPolicyApplicationTimeUnit\">%%4100</Data>\n  </EventData>\n</Event>\n",
  "json": "{\"Event\":{\"#attributes\":{\"xmlns\":\"http://schemas.microsoft.com/win/2004/08/events/event\"},\"System\":{\"Provider\":{\"#attributes\":{\"Name\":\"Microsoft-Windows-GroupPolicy\",\"Guid\":\"AEA1B4FA-97D1-45F2-A64C-4D69FFFD92C9\"}},\"EventID\":5315,\"Version\":0,\"Level\":4,\"Task\":0,\"Opcode\":0,\"Keywords\":\"0x4000000000000000\",\"TimeCreated\":{\"#attributes\":{\"SystemTime\":\"2022-04-07T08:17:03.984225Z\"}},\"EventRecordID\":217,\"Correlation\":null,\"Execution\":{\"#attributes\":{\"ProcessID\":1336,\"ThreadID\":3508}},\"Channel\":\"Microsoft-Windows-GroupPolicy/Operational\",\"Computer\":\"WIN-FPV0DSIC9O6.sigma.fr\",\"Security\":{\"#attributes\":{\"UserID\":\"S-1-5-18\"}}},\"EventData\":{\"PrincipalSamName\":\"SIGMA\\\\WIN-FPV0DSIC9O6$\",\"NextPolicyApplicationTime\":5,\"NextPolicyApplicationTimeUnit\":\"%%4100\"}}}",
  "xml_fields": {
    "provider": "Microsoft-Windows-GroupPolicy",
    "event_id": "5315",
    "timestamp": "2022-04-07T08:17:03.984225Z",
    "event_record_id": "217",
    "level": "4",
    "task": "0",
    "opcode": "0",
    "keywords": "0x4000000000000000",
    "channel": "Microsoft-Windows-GroupPolicy/Operational",
    "computer": "WIN-FPV0DSIC9O6.sigma.fr",
    "PrincipalSamName": "SIGMA\\WIN-FPV0DSIC9O6$",
    "NextPolicyApplicationTime": "5",
    "NextPolicyApplicationTimeUnit": "%%4100"
  },
  "json_fields": {
    "provider": "Microsoft-Windows-GroupPolicy",
    "channel": "Microsoft-Windows-GroupPolicy/Operational",
    "event_id": "5315",
    "timestamp": "2022-04-07T08:17:03.984225Z",
    "event_record_id": "217",
    "level": "4",
    "task": "0",
    "opcode": "0",
    "keywords": "0x4000000000000000",
    "computer": "WIN-FPV0DSIC9O6.sigma.fr",
    "PrincipalSamName": "SIGMA\\WIN-FPV0DSIC9O6$",
    "NextPolicyApplicationTime": "5",
    "NextPolicyApplicationTimeUnit": "%%4100"
  }
}