{
  "event_id": "534",
  "provider": "Microsoft-Windows-StorPort",
  "channel": "Microsoft-Windows-Storage-Storport/Operational",
  "source_file": "D:\\visual code file\\Project_4\\Event-Analyzer\\test\\Benign\\Logs_Client\\Microsoft-Windows-Storage-Storport%4Operational.evtx",
  "event_record_id": 9,
  "xml": "<?xml version=\"1.0\" encoding=\"utf-8\"?>\n<Event xmlns=\"http://schemas.microsoft.com/win/2004/08/events/event\">\n  <System>\n    <Provider Name=\"Microsoft-Windows-StorPort\" Guid=\"C4636A1E-7986-4646-BF10-7BC3B4A76E8E\">\n    </Provider>\n    <EventID>534</EventID>\n    <Version>3</Version>\n    <Level>2</Level>\n    <Task>17</Task>\n    <Opcode>109</Opcode>\n    <Keywords>0x800200000000000</Keywords>\n    <TimeCreated SystemTime=\"2022-02-07T10:55:00.116030Z\">\n    </TimeCreated>\n    <EventRecordID>9</EventRecordID>\n    <Correlation>\n    </Correlation>\n    <Execution ProcessID=\"828\" ThreadID=\"920\">\n    </Execution>\n    <Channel>Microsoft-Windows-Storage-Storport/Operational</Channel>\n    <Computer>DESKTOP-A8CALR3</Computer>\n    <Security>\n    </Security>\n  </System>\n  <EventData>\n    <Data Name=\"PortNumber\">0</Data>\n    <Data Name=\"PathID\">0</Data>\n    <Data Name=\"TargetID\">0</Data>\n    <Data Name=\"LUN\">0</Data>\n    <Data Name=\"ClassDeviceGuid\">D31F4BA4-F40B-5B89-0350-DD659A494BC2</Data>\n    <Data Name=\"AdapterGuid\">00203450-8804-11EC-89AC-806E6F6E6963</Data>\n    <Data Name=\"MiniportName\">storahci</Data>\n    <Data Name=\"VendorId\">VBOX    </Data>\n    <Data Name=\"ProductId\">HARDDISK</Data>\n    <Data Name=\"SerialNumber\">VB9b813559-ab2acdb0 </Data>\n    <Data Name=\"BootDevice\">true</Data>\n    <Data Name=\"DataLength\">176</Data>\n    <Data Name=\"Data\">02000000B000000031E01000000000001600000000010000080028020000000058425253010000009000000002000000C00000000000000000000000020000001E000000000000000000000080000000000000003D000000807CF7B58191FFFF000000000000000070873FB18191FFFF0000000000000000202060B68191FFFF402460B68191FFFF0000000000000000000000000000000000000000000000000000000000000000FF41040000000000</Data>\n    <Data Name=\"Id\">52</Data>\n    <Data Name=\"Description\">Finished I/O with error</Data>\n  </EventData>\n</Event>\n",
  "json": "{\"Event\":{\"#attributes\":{\"xmlns\":\"http://schemas.microsoft.com/win/2004/08/events/event\"},\"System\":{\"Provider\":{\"#attributes\":{\"Name\":\"Microsoft-Windows-StorPort\",\"Guid\":\"C4636A1E-7986-4646-BF10-7BC3B4A76E8E\"}},\"EventID\":534,\"Version\":3,\"Level\":2,\"Task\":17,\"Opcode\":109,\"Keywords\":\"0x800200000000000\",\"TimeCreated\":{\"#attributes\":{\"SystemTime\":\"2022-02-07T10:55:00.116030Z\"}},\"EventRecordID\":9,\"Correlation\":null,\"Execution\":{\"#attributes\":{\"ProcessID\":828,\"ThreadID\":920}},\"Channel\":\"Microsoft-Windows-Storage-Storport/Operational\",\"Computer\":\"DESKTOP-A8CALR3\",\"Security\":null},\"EventData\":{\"PortNumber\":0,\"PathID\":0,\"TargetID\":0,\"LUN\":0,\"ClassDeviceGuid\":\"D31F4BA4-F40B-5B89-0350-DD659A494BC2\",\"AdapterGuid\":\"00203450-8804-11EC-89AC-806E6F6E6963\",\"MiniportName\":\"storahci\",\"VendorId\":\"VBOX    \",\"ProductId\":\"HARDDISK\",\"SerialNumber\":\"VB9b813559-ab2acdb0 \",\"BootDevice\":true,\"DataLength\":176,\"Data\":\"02000000B000000031E01000000000001600000000010000080028020000000058425253010000009000000002000000C00000000000000000000000020000001E000000000000000000000080000000000000003D000000807CF7B58191FFFF000000000000000070873FB18191FFFF0000000000000000202060B68191FFFF402460B68191FFFF0000000000000000000000000000000000000000000000000000000000000000FF41040000000000\",\"Id\":52,\"Description\":\"Finished I/O with error\"}}}",
  "xml_fields": {
    "provider": "Microsoft-Windows-StorPort",
    "event_id": "534",
    "timestamp": "2022-02-07T10:55:00.116030Z",
    "event_record_id": "9",
    "level": "2",
    "task": "17",
    "opcode": "109",
    "keywords": "0x800200000000000",
    "channel": "Microsoft-Windows-Storage-Storport/Operational",
    "computer": "DESKTOP-A8CALR3",
    "PortNumber": "0",
    "PathID": "0",
    "TargetID": "0",
    "LUN": "0",
    "ClassDeviceGuid": "D31F4BA4-F40B-5B89-0350-DD659A494BC2",
    "AdapterGuid": "00203450-8804-11EC-89AC-806E6F6E6963",
    "MiniportName": "storahci",
    "VendorId": "VBOX    ",
    "ProductId": "HARDDISK",
    "SerialNumber": "VB9b813559-ab2acdb0 ",
    "BootDevice": "true",
    "DataLength": "176",
    "Data": "02000000B000000031E01000000000001600000000010000080028020000000058425253010000009000000002000000C00000000000000000000000020000001E000000000000000000000080000000000000003D000000807CF7B58191FFFF000000000000000070873FB18191FFFF0000000000000000202060B68191FFFF402460B68191FFFF0000000000000000000000000000000000000000000000000000000000000000FF41040000000000",
    "Id": "52",
    "Description": "Finished I/O with error"
  },
  "json_fields": {
    "provider": "Microsoft-Windows-StorPort",
    "channel": "Microsoft-Windows-Storage-Storport/Operational",
    "event_id": "534",
    "timestamp": "2022-02-07T10:55:00.116030Z",
    "event_record_id": "9",
    "level": "2",
    "task": "17",
    "opcode": "109",
    "keywords": "0x800200000000000",
    "computer": "DESKTOP-A8CALR3",
    "PortNumber": "0",
    "PathID": "0",
    "TargetID": "0",
    "LUN": "0",
    "ClassDeviceGuid": "D31F4BA4-F40B-5B89-0350-DD659A494BC2",
    "AdapterGuid": "00203450-8804-11EC-89AC-806E6F6E6963",
    "MiniportName": "storahci",
    "VendorId": "VBOX    ",
    "ProductId": "HARDDISK",
    "SerialNumber": "VB9b813559-ab2acdb0 ",
    "BootDevice": "True",
    "DataLength": "176",
    "Data": "02000000B000000031E01000000000001600000000010000080028020000000058425253010000009000000002000000C00000000000000000000000020000001E000000000000000000000080000000000000003D000000807CF7B58191FFFF000000000000000070873FB18191FFFF0000000000000000202060B68191FFFF402460B68191FFFF0000000000000000000000000000000000000000000000000000000000000000FF41040000000000",
    "Id": "52",
    "Description": "Finished I/O with error"
  }
}