{
  "event_id": "53504",
  "provider": "Microsoft-Windows-PowerShell",
  "channel": "Microsoft-Windows-PowerShell/Operational",
  "source_file": "D:\\visual code file\\Project_4\\Event-Analyzer\\test\\Logs\\Microsoft-Windows-PowerShell%4Operational.evtx",
  "event_record_id": 2,
  "xml": "<?xml version=\"1.0\" encoding=\"utf-8\"?>\n<Event xmlns=\"http://schemas.microsoft.com/win/2004/08/events/event\">\n  <System>\n    <Provider Name=\"Microsoft-Windows-PowerShell\" Guid=\"A0C1853B-5C40-4B15-8766-3CF1C58F985A\">\n    </Provider>\n    <EventID>53504</EventID>\n    <Version>1</Version>\n    <Level>4</Level>\n    <Task>111</Task>\n    <Opcode>10</Opcode>\n    <Keywords>0x0</Keywords>\n    <TimeCreated SystemTime=\"2025-01-24T10:04:29.902344Z\">\n    </TimeCreated>\n    <EventRecordID>2</EventRecordID>\n    <Correlation ActivityID=\"628D1008-603A-0003-B01D-8D623A60DB01\">\n    </Correlation>\n    <Execution ProcessID=\"5204\" ThreadID=\"9188\">\n    </Execution>\n    <Channel>Microsoft-Windows-PowerShell/Operational</Channel>\n    <Computer>cyberjunkie-test</Computer>\n    <Security UserID=\"S-1-5-18\">\n    </Security>\n  </System>\n  <EventData>\n    <Data Name=\"param1\">5204</Data>\n    <Data Name=\"param2\">DefaultAppDomain</Data>\n  </EventData>\n</Event>\n",
  "json": "{\"Event\":{\"#attributes\":{\"xmlns\":\"http://schemas.microsoft.com/win/2004/08/events/event\"},\"System\":{\"Provider\":{\"#attributes\":{\"Name\":\"Microsoft-Windows-PowerShell\",\"Guid\":\"A0C1853B-5C40-4B15-8766-3CF1C58F985A\"}},\"EventID\":53504,\"Version\":1,\"Level\":4,\"Task\":111,\"Opcode\":10,\"Keywords\":\"0x0\",\"TimeCreated\":{\"#attributes\":{\"SystemTime\":\"2025-01-24T10:04:29.902344Z\"}},\"EventRecordID\":2,\"Correlation\":{\"#attributes\":{\"ActivityID\":\"628D1008-603A-0003-B01D-8D623A60DB01\"}},\"Execution\":{\"#attributes\":{\"ProcessID\":5204,\"ThreadID\":9188}},\"Channel\":\"Microsoft-Windows-PowerShell/Operational\",\"Computer\":\"cyberjunkie-test\",\"Security\":{\"#attributes\":{\"UserID\":\"S-1-5-18\"}}},\"EventData\":{\"param1\":\"5204\",\"param2\":\"DefaultAppDomain\"}}}",
  "xml_fields": {
    "provider": "Microsoft-Windows-PowerShell",
    "event_id": "53504",
    "timestamp": "2025-01-24T10:04:29.902344Z",
    "event_record_id": "2",
    "level": "4",
    "task": "111",
    "opcode": "10",
    "keywords": "0x0",
    "channel": "Microsoft-Windows-PowerShell/Operational",
    "computer": "cyberjunkie-test",
    "param1": "5204",
    "param2": "DefaultAppDomain"
  },
  "json_fields": {
    "provider": "Microsoft-Windows-PowerShell",
    "channel": "Microsoft-Windows-PowerShell/Operational",
    "event_id": "53504",
    "timestamp": "2025-01-24T10:04:29.902344Z",
    "event_record_id": "2",
    "level": "4",
    "task": "111",
    "opcode": "10",
    "keywords": "0x0",
    "computer": "cyberjunkie-test",
    "param1": "5204",
    "param2": "DefaultAppDomain"
  }
}