{
  "event_id": "5379",
  "provider": "Microsoft-Windows-Security-Auditing",
  "channel": "Security",
  "source_file": "D:\\visual code file\\Project_4\\Event-Analyzer\\test\\Logs\\Security.evtx",
  "event_record_id": 4612,
  "xml": "<?xml version=\"1.0\" encoding=\"utf-8\"?>\n<Event xmlns=\"http://schemas.microsoft.com/win/2004/08/events/event\">\n  <System>\n    <Provider Name=\"Microsoft-Windows-Security-Auditing\" Guid=\"54849625-5478-4994-A5BA-3E3B0328C30D\">\n    </Provider>\n    <EventID>5379</EventID>\n    <Version>0</Version>\n    <Level>0</Level>\n    <Task>13824</Task>\n    <Opcode>0</Opcode>\n    <Keywords>0x8020000000000000</Keywords>\n    <TimeCreated SystemTime=\"2025-01-24T10:39:49.295597Z\">\n    </TimeCreated>\n    <EventRecordID>4612</EventRecordID>\n    <Correlation ActivityID=\"8D345FF6-6E47-0001-3860-348D476EDB01\">\n    </Correlation>\n    <Execution ProcessID=\"684\" ThreadID=\"660\">\n    </Execution>\n    <Channel>Security</Channel>\n    <Computer>CTO-FILESVR</Computer>\n    <Security>\n    </Security>\n  </System>\n  <EventData>\n    <Data Name=\"SubjectUserSid\">S-1-5-18</Data>\n    <Data Name=\"SubjectUserName\">CTO-FILESVR$</Data>\n    <Data Name=\"SubjectDomainName\">WORKGROUP</Data>\n    <Data Name=\"SubjectLogonId\">0x3e7</Data>\n    <Data Name=\"TargetName\">WindowsLive:(token):name=02apfjtcfqtggavv;serviceuri=*</Data>\n    <Data Name=\"Type\">0</Data>\n    <Data Name=\"CountOfCredentialsReturned\">0</Data>\n    <Data Name=\"ReadOperation\">%%8100</Data>\n    <Data Name=\"ReturnCode\">3221226021</Data>\n    <Data Name=\"ProcessCreationTime\">2025-01-24T10:39:49.266721Z</Data>\n    <Data Name=\"ClientProcessId\">5860</Data>\n  </EventData>\n</Event>\n",
  "json": "{\"Event\":{\"#attributes\":{\"xmlns\":\"http://schemas.microsoft.com/win/2004/08/events/event\"},\"System\":{\"Provider\":{\"#attributes\":{\"Name\":\"Microsoft-Windows-Security-Auditing\",\"Guid\":\"54849625-5478-4994-A5BA-3E3B0328C30D\"}},\"EventID\":5379,\"Version\":0,\"Level\":0,\"Task\":13824,\"Opcode\":0,\"Keywords\":\"0x8020000000000000\",\"TimeCreated\":{\"#attributes\":{\"SystemTime\":\"2025-01-24T10:39:49.295597Z\"}},\"EventRecordID\":4612,\"Correlation\":{\"#attributes\":{\"ActivityID\":\"8D345FF6-6E47-0001-3860-348D476EDB01\"}},\"Execution\":{\"#attributes\":{\"ProcessID\":684,\"ThreadID\":660}},\"Channel\":\"Security\",\"Computer\":\"CTO-FILESVR\",\"Security\":null},\"EventData\":{\"SubjectUserSid\":\"S-1-5-18\",\"SubjectUserName\":\"CTO-FILESVR$\",\"SubjectDomainName\":\"WORKGROUP\",\"SubjectLogonId\":\"0x3e7\",\"TargetName\":\"WindowsLive:(token):name=02apfjtcfqtggavv;serviceuri=*\",\"Type\":0,\"CountOfCredentialsReturned\":0,\"ReadOperation\":\"%%8100\",\"ReturnCode\":3221226021,\"ProcessCreationTime\":\"2025-01-24T10:39:49.266721Z\",\"ClientProcessId\":5860}}}",
  "xml_fields": {
    "provider": "Microsoft-Windows-Security-Auditing",
    "event_id": "5379",
    "timestamp": "2025-01-24T10:39:49.295597Z",
    "event_record_id": "4612",
    "level": "0",
    "task": "13824",
    "opcode": "0",
    "keywords": "0x8020000000000000",
    "channel": "Security",
    "computer": "CTO-FILESVR",
    "SubjectUserSid": "S-1-5-18",
    "SubjectUserName": "CTO-FILESVR$",
    "SubjectDomainName": "WORKGROUP",
    "SubjectLogonId": "0x3e7",
    "TargetName": "WindowsLive:(token):name=02apfjtcfqtggavv;serviceuri=*",
    "Type": "0",
    "CountOfCredentialsReturned": "0",
    "ReadOperation": "%%8100",
    "ReturnCode": "3221226021",
    "ProcessCreationTime": "2025-01-24T10:39:49.266721Z",
    "ClientProcessId": "5860"
  },
  "json_fields": {
    "provider": "Microsoft-Windows-Security-Auditing",
    "channel": "Security",
    "event_id": "5379",
    "timestamp": "2025-01-24T10:39:49.295597Z",
    "event_record_id": "4612",
    "level": "0",
    "task": "13824",
    "opcode": "0",
    "keywords": "0x8020000000000000",
    "computer": "CTO-FILESVR",
    "SubjectUserSid": "S-1-5-18",
    "SubjectUserName": "CTO-FILESVR$",
    "SubjectDomainName": "WORKGROUP",
    "SubjectLogonId": "0x3e7",
    "TargetName": "WindowsLive:(token):name=02apfjtcfqtggavv;serviceuri=*",
    "Type": "0",
    "CountOfCredentialsReturned": "0",
    "ReadOperation": "%%8100",
    "ReturnCode": "3221226021",
    "ProcessCreationTime": "2025-01-24T10:39:49.266721Z",
    "ClientProcessId": "5860"
  }
}