{
  "event_id": "5382",
  "provider": "Microsoft-Windows-Security-Auditing",
  "channel": "Security",
  "source_file": "D:\\visual code file\\Project_4\\Event-Analyzer\\test\\Logs\\Security.evtx",
  "event_record_id": 13989,
  "xml": "<?xml version=\"1.0\" encoding=\"utf-8\"?>\n<Event xmlns=\"http://schemas.microsoft.com/win/2004/08/events/event\">\n  <System>\n    <Provider Name=\"Microsoft-Windows-Security-Auditing\" Guid=\"54849625-5478-4994-A5BA-3E3B0328C30D\">\n    </Provider>\n    <EventID>5382</EventID>\n    <Version>0</Version>\n    <Level>0</Level>\n    <Task>13824</Task>\n    <Opcode>0</Opcode>\n    <Keywords>0x8020000000000000</Keywords>\n    <TimeCreated SystemTime=\"2025-01-24T10:52:29.436698Z\">\n    </TimeCreated>\n    <EventRecordID>13989</EventRecordID>\n    <Correlation>\n    </Correlation>\n    <Execution ProcessID=\"696\" ThreadID=\"5572\">\n    </Execution>\n    <Channel>Security</Channel>\n    <Computer>CTO-FILESVR</Computer>\n    <Security>\n    </Security>\n  </System>\n  <EventData>\n    <Data Name=\"SubjectUserSid\">S-1-5-18</Data>\n    <Data Name=\"SubjectUserName\">CTO-FILESVR$</Data>\n    <Data Name=\"SubjectDomainName\">WORKGROUP</Data>\n    <Data Name=\"SubjectLogonId\">0x3e7</Data>\n    <Data Name=\"SchemaFriendlyName\">NGC Local Accoount Logon Vault Resource Schema</Data>\n    <Data Name=\"Schema\">1D4350A3-330D-4AF9-B3FF-A927A45998AC</Data>\n    <Data Name=\"Resource\">NGC Local Accoount Logon Vault Resource</Data>\n    <Data Name=\"Identity\">0105000000000005150000008CFD0FB838018C2510F57C6AEB030000</Data>\n    <Data Name=\"PackageSid\"></Data>\n    <Data Name=\"Flags\">0</Data>\n    <Data Name=\"ReturnCode\">1168</Data>\n    <Data Name=\"ProcessCreationTime\">2025-01-24T10:52:29.398509Z</Data>\n    <Data Name=\"ClientProcessId\">9056</Data>\n  </EventData>\n</Event>\n",
  "json": "{\"Event\":{\"#attributes\":{\"xmlns\":\"http://schemas.microsoft.com/win/2004/08/events/event\"},\"System\":{\"Provider\":{\"#attributes\":{\"Name\":\"Microsoft-Windows-Security-Auditing\",\"Guid\":\"54849625-5478-4994-A5BA-3E3B0328C30D\"}},\"EventID\":5382,\"Version\":0,\"Level\":0,\"Task\":13824,\"Opcode\":0,\"Keywords\":\"0x8020000000000000\",\"TimeCreated\":{\"#attributes\":{\"SystemTime\":\"2025-01-24T10:52:29.436698Z\"}},\"EventRecordID\":13989,\"Correlation\":null,\"Execution\":{\"#attributes\":{\"ProcessID\":696,\"ThreadID\":5572}},\"Channel\":\"Security\",\"Computer\":\"CTO-FILESVR\",\"Security\":null},\"EventData\":{\"SubjectUserSid\":\"S-1-5-18\",\"SubjectUserName\":\"CTO-FILESVR$\",\"SubjectDomainName\":\"WORKGROUP\",\"SubjectLogonId\":\"0x3e7\",\"SchemaFriendlyName\":\"NGC Local Accoount Logon Vault Resource Schema\",\"Schema\":\"1D4350A3-330D-4AF9-B3FF-A927A45998AC\",\"Resource\":\"NGC Local Accoount Logon Vault Resource\",\"Identity\":\"0105000000000005150000008CFD0FB838018C2510F57C6AEB030000\",\"PackageSid\":\"\",\"Flags\":0,\"ReturnCode\":1168,\"ProcessCreationTime\":\"2025-01-24T10:52:29.398509Z\",\"ClientProcessId\":9056}}}",
  "xml_fields": {
    "provider": "Microsoft-Windows-Security-Auditing",
    "event_id": "5382",
    "timestamp": "2025-01-24T10:52:29.436698Z",
    "event_record_id": "13989",
    "level": "0",
    "task": "13824",
    "opcode": "0",
    "keywords": "0x8020000000000000",
    "channel": "Security",
    "computer": "CTO-FILESVR",
    "SubjectUserSid": "S-1-5-18",
    "SubjectUserName": "CTO-FILESVR$",
    "SubjectDomainName": "WORKGROUP",
    "SubjectLogonId": "0x3e7",
    "SchemaFriendlyName": "NGC Local Accoount Logon Vault Resource Schema",
    "Schema": "1D4350A3-330D-4AF9-B3FF-A927A45998AC",
    "Resource": "NGC Local Accoount Logon Vault Resource",
    "Identity": "0105000000000005150000008CFD0FB838018C2510F57C6AEB030000",
    "PackageSid": "",
    "Flags": "0",
    "ReturnCode": "1168",
    "ProcessCreationTime": "2025-01-24T10:52:29.398509Z",
    "ClientProcessId": "9056"
  },
  "json_fields": {
    "provider": "Microsoft-Windows-Security-Auditing",
    "channel": "Security",
    "event_id": "5382",
    "timestamp": "2025-01-24T10:52:29.436698Z",
    "event_record_id": "13989",
    "level": "0",
    "task": "13824",
    "opcode": "0",
    "keywords": "0x8020000000000000",
    "computer": "CTO-FILESVR",
    "SubjectUserSid": "S-1-5-18",
    "SubjectUserName": "CTO-FILESVR$",
    "SubjectDomainName": "WORKGROUP",
    "SubjectLogonId": "0x3e7",
    "SchemaFriendlyName": "NGC Local Accoount Logon Vault Resource Schema",
    "Schema": "1D4350A3-330D-4AF9-B3FF-A927A45998AC",
    "Resource": "NGC Local Accoount Logon Vault Resource",
    "Identity": "0105000000000005150000008CFD0FB838018C2510F57C6AEB030000",
    "PackageSid": "",
    "Flags": "0",
    "ReturnCode": "1168",
    "ProcessCreationTime": "2025-01-24T10:52:29.398509Z",
    "ClientProcessId": "9056"
  }
}