{
  "event_id": "543",
  "provider": "Microsoft-Windows-AppXDeployment-Server",
  "channel": "Microsoft-Windows-AppXDeploymentServer/Operational",
  "source_file": "D:\\visual code file\\Project_4\\Event-Analyzer\\test\\Logs\\Microsoft-Windows-AppXDeploymentServer%4Operational.evtx",
  "event_record_id": 11068,
  "xml": "<?xml version=\"1.0\" encoding=\"utf-8\"?>\n<Event xmlns=\"http://schemas.microsoft.com/win/2004/08/events/event\">\n  <System>\n    <Provider Name=\"Microsoft-Windows-AppXDeployment-Server\" Guid=\"3F471139-ACB7-4A01-B7A7-FF5DA4BA2D43\">\n    </Provider>\n    <EventID>543</EventID>\n    <Version>0</Version>\n    <Level>2</Level>\n    <Task>3</Task>\n    <Opcode>0</Opcode>\n    <Keywords>0x4000000000000001</Keywords>\n    <TimeCreated SystemTime=\"2025-01-24T10:35:56.097656Z\">\n    </TimeCreated>\n    <EventRecordID>11068</EventRecordID>\n    <Correlation ActivityID=\"8D345FF6-6E47-0003-0388-348D476EDB01\">\n    </Correlation>\n    <Execution ProcessID=\"3908\" ThreadID=\"7292\">\n    </Execution>\n    <Channel>Microsoft-Windows-AppXDeploymentServer/Operational</Channel>\n    <Computer>CTO-FILESVR</Computer>\n    <Security UserID=\"S-1-5-18\">\n    </Security>\n  </System>\n  <EventData>\n    <Data Name=\"PackageFullName\">Microsoft.MicrosoftOfficeHub_18.2501.1105.0_x64__8wekyb3d8bbwe</Data>\n    <Data Name=\"Architecture\">64</Data>\n    <Data Name=\"Count\">15</Data>\n  </EventData>\n</Event>\n",
  "json": "{\"Event\":{\"#attributes\":{\"xmlns\":\"http://schemas.microsoft.com/win/2004/08/events/event\"},\"System\":{\"Provider\":{\"#attributes\":{\"Name\":\"Microsoft-Windows-AppXDeployment-Server\",\"Guid\":\"3F471139-ACB7-4A01-B7A7-FF5DA4BA2D43\"}},\"EventID\":543,\"Version\":0,\"Level\":2,\"Task\":3,\"Opcode\":0,\"Keywords\":\"0x4000000000000001\",\"TimeCreated\":{\"#attributes\":{\"SystemTime\":\"2025-01-24T10:35:56.097656Z\"}},\"EventRecordID\":11068,\"Correlation\":{\"#attributes\":{\"ActivityID\":\"8D345FF6-6E47-0003-0388-348D476EDB01\"}},\"Execution\":{\"#attributes\":{\"ProcessID\":3908,\"ThreadID\":7292}},\"Channel\":\"Microsoft-Windows-AppXDeploymentServer/Operational\",\"Computer\":\"CTO-FILESVR\",\"Security\":{\"#attributes\":{\"UserID\":\"S-1-5-18\"}}},\"EventData\":{\"PackageFullName\":\"Microsoft.MicrosoftOfficeHub_18.2501.1105.0_x64__8wekyb3d8bbwe\",\"Architecture\":64,\"Count\":15}}}",
  "xml_fields": {
    "provider": "Microsoft-Windows-AppXDeployment-Server",
    "event_id": "543",
    "timestamp": "2025-01-24T10:35:56.097656Z",
    "event_record_id": "11068",
    "level": "2",
    "task": "3",
    "opcode": "0",
    "keywords": "0x4000000000000001",
    "channel": "Microsoft-Windows-AppXDeploymentServer/Operational",
    "computer": "CTO-FILESVR",
    "PackageFullName": "Microsoft.MicrosoftOfficeHub_18.2501.1105.0_x64__8wekyb3d8bbwe",
    "Architecture": "64",
    "Count": "15"
  },
  "json_fields": {
    "provider": "Microsoft-Windows-AppXDeployment-Server",
    "channel": "Microsoft-Windows-AppXDeploymentServer/Operational",
    "event_id": "543",
    "timestamp": "2025-01-24T10:35:56.097656Z",
    "event_record_id": "11068",
    "level": "2",
    "task": "3",
    "opcode": "0",
    "keywords": "0x4000000000000001",
    "computer": "CTO-FILESVR",
    "PackageFullName": "Microsoft.MicrosoftOfficeHub_18.2501.1105.0_x64__8wekyb3d8bbwe",
    "Architecture": "64",
    "Count": "15"
  }
}