{
  "event_id": "543",
  "provider": "Microsoft-Windows-StorPort",
  "channel": "Microsoft-Windows-Storage-Storport/Health",
  "source_file": "D:\\visual code file\\Project_4\\Event-Analyzer\\test\\Logs\\Microsoft-Windows-Storage-Storport%4Health.evtx",
  "event_record_id": 30,
  "xml": "<?xml version=\"1.0\" encoding=\"utf-8\"?>\n<Event xmlns=\"http://schemas.microsoft.com/win/2004/08/events/event\">\n  <System>\n    <Provider Name=\"Microsoft-Windows-StorPort\" Guid=\"C4636A1E-7986-4646-BF10-7BC3B4A76E8E\">\n    </Provider>\n    <EventID>543</EventID>\n    <Version>3</Version>\n    <Level>3</Level>\n    <Task>201</Task>\n    <Opcode>0</Opcode>\n    <Keywords>0x200200000000200</Keywords>\n    <TimeCreated SystemTime=\"2024-11-05T01:33:00.965216Z\">\n    </TimeCreated>\n    <EventRecordID>30</EventRecordID>\n    <Correlation>\n    </Correlation>\n    <Execution ProcessID=\"4\" ThreadID=\"68\">\n    </Execution>\n    <Channel>Microsoft-Windows-Storage-Storport/Health</Channel>\n    <Computer>WIN-5LCFHVCO531</Computer>\n    <Security>\n    </Security>\n  </System>\n  <EventData>\n    <Data Name=\"MiniportName\">stornvme</Data>\n    <Data Name=\"MiniportEventId\">14</Data>\n    <Data Name=\"MiniportEventDescription\">Health Status-Available Spare Warning</Data>\n    <Data Name=\"PortNumber\">3</Data>\n    <Data Name=\"AdapterGuid\">E27835C7-9B15-11EF-9769-806E6F6E6963</Data>\n    <Data Name=\"BootDevice\">false</Data>\n    <Data Name=\"Parameter1Name\">Available Spare</Data>\n    <Data Name=\"Parameter1Value\">1</Data>\n    <Data Name=\"Parameter2Name\">Available Spare Threshold Limit</Data>\n    <Data Name=\"Parameter2Value\">2</Data>\n  </EventData>\n</Event>\n",
  "json": "{\"Event\":{\"#attributes\":{\"xmlns\":\"http://schemas.microsoft.com/win/2004/08/events/event\"},\"System\":{\"Provider\":{\"#attributes\":{\"Name\":\"Microsoft-Windows-StorPort\",\"Guid\":\"C4636A1E-7986-4646-BF10-7BC3B4A76E8E\"}},\"EventID\":543,\"Version\":3,\"Level\":3,\"Task\":201,\"Opcode\":0,\"Keywords\":\"0x200200000000200\",\"TimeCreated\":{\"#attributes\":{\"SystemTime\":\"2024-11-05T01:33:00.965216Z\"}},\"EventRecordID\":30,\"Correlation\":null,\"Execution\":{\"#attributes\":{\"ProcessID\":4,\"ThreadID\":68}},\"Channel\":\"Microsoft-Windows-Storage-Storport/Health\",\"Computer\":\"WIN-5LCFHVCO531\",\"Security\":null},\"EventData\":{\"MiniportName\":\"stornvme\",\"MiniportEventId\":14,\"MiniportEventDescription\":\"Health Status-Available Spare Warning\",\"PortNumber\":3,\"AdapterGuid\":\"E27835C7-9B15-11EF-9769-806E6F6E6963\",\"BootDevice\":false,\"Parameter1Name\":\"Available Spare\",\"Parameter1Value\":1,\"Parameter2Name\":\"Available Spare Threshold Limit\",\"Parameter2Value\":2}}}",
  "xml_fields": {
    "provider": "Microsoft-Windows-StorPort",
    "event_id": "543",
    "timestamp": "2024-11-05T01:33:00.965216Z",
    "event_record_id": "30",
    "level": "3",
    "task": "201",
    "opcode": "0",
    "keywords": "0x200200000000200",
    "channel": "Microsoft-Windows-Storage-Storport/Health",
    "computer": "WIN-5LCFHVCO531",
    "MiniportName": "stornvme",
    "MiniportEventId": "14",
    "MiniportEventDescription": "Health Status-Available Spare Warning",
    "PortNumber": "3",
    "AdapterGuid": "E27835C7-9B15-11EF-9769-806E6F6E6963",
    "BootDevice": "false",
    "Parameter1Name": "Available Spare",
    "Parameter1Value": "1",
    "Parameter2Name": "Available Spare Threshold Limit",
    "Parameter2Value": "2"
  },
  "json_fields": {
    "provider": "Microsoft-Windows-StorPort",
    "channel": "Microsoft-Windows-Storage-Storport/Health",
    "event_id": "543",
    "timestamp": "2024-11-05T01:33:00.965216Z",
    "event_record_id": "30",
    "level": "3",
    "task": "201",
    "opcode": "0",
    "keywords": "0x200200000000200",
    "computer": "WIN-5LCFHVCO531",
    "MiniportName": "stornvme",
    "MiniportEventId": "14",
    "MiniportEventDescription": "Health Status-Available Spare Warning",
    "PortNumber": "3",
    "AdapterGuid": "E27835C7-9B15-11EF-9769-806E6F6E6963",
    "BootDevice": "False",
    "Parameter1Name": "Available Spare",
    "Parameter1Value": "1",
    "Parameter2Name": "Available Spare Threshold Limit",
    "Parameter2Value": "2"
  }
}