{
  "event_id": "5441",
  "provider": "Microsoft-Windows-Security-Auditing",
  "channel": "Security",
  "source_file": "D:\\visual code file\\Project_4\\Event-Analyzer\\test\\Benign\\win2022-evtx\\Security.evtx",
  "event_record_id": 25452,
  "xml": "<?xml version=\"1.0\" encoding=\"utf-8\"?>\n<Event xmlns=\"http://schemas.microsoft.com/win/2004/08/events/event\">\n  <System>\n    <Provider Name=\"Microsoft-Windows-Security-Auditing\" Guid=\"54849625-5478-4994-A5BA-3E3B0328C30D\">\n    </Provider>\n    <EventID>5441</EventID>\n    <Version>0</Version>\n    <Level>0</Level>\n    <Task>13572</Task>\n    <Opcode>0</Opcode>\n    <Keywords>0x8020000000000000</Keywords>\n    <TimeCreated SystemTime=\"2022-04-04T13:11:16.630343Z\">\n    </TimeCreated>\n    <EventRecordID>25452</EventRecordID>\n    <Correlation ActivityID=\"7377737E-4825-0000-C974-77732548D801\">\n    </Correlation>\n    <Execution ProcessID=\"612\" ThreadID=\"668\">\n    </Execution>\n    <Channel>Security</Channel>\n    <Computer>WIN-TKC15D7KHUR</Computer>\n    <Security>\n    </Security>\n  </System>\n  <EventData>\n    <Data Name=\"ProviderKey\">DECC16CA-3F33-4346-BE1E-8FB4AE0F3D62</Data>\n    <Data Name=\"ProviderName\">Microsoft Corporation</Data>\n    <Data Name=\"FilterKey\">DC95B53E-01CF-4058-821D-350B3D0D4676</Data>\n    <Data Name=\"FilterName\">Boot Time Filter</Data>\n    <Data Name=\"FilterType\">%%16386</Data>\n    <Data Name=\"FilterId\">66210</Data>\n    <Data Name=\"LayerKey\">A3B42C97-9F04-4672-B87E-CEE9C483257F</Data>\n    <Data Name=\"LayerName\">ALE Receive/Accept v6 Layer</Data>\n    <Data Name=\"LayerId\">46</Data>\n    <Data Name=\"Weight\">1153167795211468800</Data>\n    <Data Name=\"Conditions\">\n\tCondition ID:\t{3971ef2b-623e-4f9a-8cb1-6e79b806b9a7}\n\tMatch value:\tEqual to\n\tCondition value:\t0x3a\n\n\tCondition ID:\t{0c1ba1af-5765-453f-af22-a8f791ac775b}\n\tMatch value:\tEqual to\n\tCondition value:\t0x0087\n</Data>\n    <Data Name=\"Action\">%%16390</Data>\n    <Data Name=\"CalloutKey\">00000000-0000-0000-0000-000000000000</Data>\n    <Data Name=\"CalloutName\">-</Data>\n  </EventData>\n</Event>\n",
  "json": "{\"Event\":{\"#attributes\":{\"xmlns\":\"http://schemas.microsoft.com/win/2004/08/events/event\"},\"System\":{\"Provider\":{\"#attributes\":{\"Name\":\"Microsoft-Windows-Security-Auditing\",\"Guid\":\"54849625-5478-4994-A5BA-3E3B0328C30D\"}},\"EventID\":5441,\"Version\":0,\"Level\":0,\"Task\":13572,\"Opcode\":0,\"Keywords\":\"0x8020000000000000\",\"TimeCreated\":{\"#attributes\":{\"SystemTime\":\"2022-04-04T13:11:16.630343Z\"}},\"EventRecordID\":25452,\"Correlation\":{\"#attributes\":{\"ActivityID\":\"7377737E-4825-0000-C974-77732548D801\"}},\"Execution\":{\"#attributes\":{\"ProcessID\":612,\"ThreadID\":668}},\"Channel\":\"Security\",\"Computer\":\"WIN-TKC15D7KHUR\",\"Security\":null},\"EventData\":{\"ProviderKey\":\"DECC16CA-3F33-4346-BE1E-8FB4AE0F3D62\",\"ProviderName\":\"Microsoft Corporation\",\"FilterKey\":\"DC95B53E-01CF-4058-821D-350B3D0D4676\",\"FilterName\":\"Boot Time Filter\",\"FilterType\":\"%%16386\",\"FilterId\":66210,\"LayerKey\":\"A3B42C97-9F04-4672-B87E-CEE9C483257F\",\"LayerName\":\"ALE Receive/Accept v6 Layer\",\"LayerId\":46,\"Weight\":1153167795211468800,\"Conditions\":\"\\n\\tCondition ID:\\t{3971ef2b-623e-4f9a-8cb1-6e79b806b9a7}\\n\\tMatch value:\\tEqual to\\n\\tCondition value:\\t0x3a\\n\\n\\tCondition ID:\\t{0c1ba1af-5765-453f-af22-a8f791ac775b}\\n\\tMatch value:\\tEqual to\\n\\tCondition value:\\t0x0087\\n\",\"Action\":\"%%16390\",\"CalloutKey\":\"00000000-0000-0000-0000-000000000000\",\"CalloutName\":\"-\"}}}",
  "xml_fields": {
    "provider": "Microsoft-Windows-Security-Auditing",
    "event_id": "5441",
    "timestamp": "2022-04-04T13:11:16.630343Z",
    "event_record_id": "25452",
    "level": "0",
    "task": "13572",
    "opcode": "0",
    "keywords": "0x8020000000000000",
    "channel": "Security",
    "computer": "WIN-TKC15D7KHUR",
    "ProviderKey": "DECC16CA-3F33-4346-BE1E-8FB4AE0F3D62",
    "ProviderName": "Microsoft Corporation",
    "FilterKey": "DC95B53E-01CF-4058-821D-350B3D0D4676",
    "FilterName": "Boot Time Filter",
    "FilterType": "%%16386",
    "FilterId": "66210",
    "LayerKey": "A3B42C97-9F04-4672-B87E-CEE9C483257F",
    "LayerName": "ALE Receive/Accept v6 Layer",
    "LayerId": "46",
    "Weight": "1153167795211468800",
    "Conditions": "\n\tCondition ID:\t{3971ef2b-623e-4f9a-8cb1-6e79b806b9a7}\n\tMatch value:\tEqual to\n\tCondition value:\t0x3a\n\n\tCondition ID:\t{0c1ba1af-5765-453f-af22-a8f791ac775b}\n\tMatch value:\tEqual to\n\tCondition value:\t0x0087\n",
    "Action": "%%16390",
    "CalloutKey": "00000000-0000-0000-0000-000000000000",
    "CalloutName": "-"
  },
  "json_fields": {
    "provider": "Microsoft-Windows-Security-Auditing",
    "channel": "Security",
    "event_id": "5441",
    "timestamp": "2022-04-04T13:11:16.630343Z",
    "event_record_id": "25452",
    "level": "0",
    "task": "13572",
    "opcode": "0",
    "keywords": "0x8020000000000000",
    "computer": "WIN-TKC15D7KHUR",
    "ProviderKey": "DECC16CA-3F33-4346-BE1E-8FB4AE0F3D62",
    "ProviderName": "Microsoft Corporation",
    "FilterKey": "DC95B53E-01CF-4058-821D-350B3D0D4676",
    "FilterName": "Boot Time Filter",
    "FilterType": "%%16386",
    "FilterId": "66210",
    "LayerKey": "A3B42C97-9F04-4672-B87E-CEE9C483257F",
    "LayerName": "ALE Receive/Accept v6 Layer",
    "LayerId": "46",
    "Weight": "1153167795211468800",
    "Conditions": "\n\tCondition ID:\t{3971ef2b-623e-4f9a-8cb1-6e79b806b9a7}\n\tMatch value:\tEqual to\n\tCondition value:\t0x3a\n\n\tCondition ID:\t{0c1ba1af-5765-453f-af22-a8f791ac775b}\n\tMatch value:\tEqual to\n\tCondition value:\t0x0087\n",
    "Action": "%%16390",
    "CalloutKey": "00000000-0000-0000-0000-000000000000",
    "CalloutName": "-"
  }
}