{
  "event_id": "5444",
  "provider": "Microsoft-Windows-Security-Auditing",
  "channel": "Security",
  "source_file": "D:\\visual code file\\Project_4\\Event-Analyzer\\test\\Benign\\win2022-evtx\\Security.evtx",
  "event_record_id": 25500,
  "xml": "<?xml version=\"1.0\" encoding=\"utf-8\"?>\n<Event xmlns=\"http://schemas.microsoft.com/win/2004/08/events/event\">\n  <System>\n    <Provider Name=\"Microsoft-Windows-Security-Auditing\" Guid=\"54849625-5478-4994-A5BA-3E3B0328C30D\">\n    </Provider>\n    <EventID>5444</EventID>\n    <Version>0</Version>\n    <Level>0</Level>\n    <Task>13572</Task>\n    <Opcode>0</Opcode>\n    <Keywords>0x8020000000000000</Keywords>\n    <TimeCreated SystemTime=\"2022-04-04T13:11:16.631773Z\">\n    </TimeCreated>\n    <EventRecordID>25500</EventRecordID>\n    <Correlation ActivityID=\"7377737E-4825-0000-C974-77732548D801\">\n    </Correlation>\n    <Execution ProcessID=\"612\" ThreadID=\"668\">\n    </Execution>\n    <Channel>Security</Channel>\n    <Computer>WIN-TKC15D7KHUR</Computer>\n    <Security>\n    </Security>\n  </System>\n  <EventData>\n    <Data Name=\"ProviderKey\">1BEBC969-61A5-4732-A177-847A0817862A</Data>\n    <Data Name=\"ProviderName\">Microsoft Corporation</Data>\n    <Data Name=\"SubLayerKey\">9BA30013-C84E-47E5-AC6E-1E1AED72FA69</Data>\n    <Data Name=\"SubLayerName\">Microsoft Corporation</Data>\n    <Data Name=\"SubLayerType\">%%16387</Data>\n    <Data Name=\"Weight\">40961</Data>\n  </EventData>\n</Event>\n",
  "json": "{\"Event\":{\"#attributes\":{\"xmlns\":\"http://schemas.microsoft.com/win/2004/08/events/event\"},\"System\":{\"Provider\":{\"#attributes\":{\"Name\":\"Microsoft-Windows-Security-Auditing\",\"Guid\":\"54849625-5478-4994-A5BA-3E3B0328C30D\"}},\"EventID\":5444,\"Version\":0,\"Level\":0,\"Task\":13572,\"Opcode\":0,\"Keywords\":\"0x8020000000000000\",\"TimeCreated\":{\"#attributes\":{\"SystemTime\":\"2022-04-04T13:11:16.631773Z\"}},\"EventRecordID\":25500,\"Correlation\":{\"#attributes\":{\"ActivityID\":\"7377737E-4825-0000-C974-77732548D801\"}},\"Execution\":{\"#attributes\":{\"ProcessID\":612,\"ThreadID\":668}},\"Channel\":\"Security\",\"Computer\":\"WIN-TKC15D7KHUR\",\"Security\":null},\"EventData\":{\"ProviderKey\":\"1BEBC969-61A5-4732-A177-847A0817862A\",\"ProviderName\":\"Microsoft Corporation\",\"SubLayerKey\":\"9BA30013-C84E-47E5-AC6E-1E1AED72FA69\",\"SubLayerName\":\"Microsoft Corporation\",\"SubLayerType\":\"%%16387\",\"Weight\":40961}}}",
  "xml_fields": {
    "provider": "Microsoft-Windows-Security-Auditing",
    "event_id": "5444",
    "timestamp": "2022-04-04T13:11:16.631773Z",
    "event_record_id": "25500",
    "level": "0",
    "task": "13572",
    "opcode": "0",
    "keywords": "0x8020000000000000",
    "channel": "Security",
    "computer": "WIN-TKC15D7KHUR",
    "ProviderKey": "1BEBC969-61A5-4732-A177-847A0817862A",
    "ProviderName": "Microsoft Corporation",
    "SubLayerKey": "9BA30013-C84E-47E5-AC6E-1E1AED72FA69",
    "SubLayerName": "Microsoft Corporation",
    "SubLayerType": "%%16387",
    "Weight": "40961"
  },
  "json_fields": {
    "provider": "Microsoft-Windows-Security-Auditing",
    "channel": "Security",
    "event_id": "5444",
    "timestamp": "2022-04-04T13:11:16.631773Z",
    "event_record_id": "25500",
    "level": "0",
    "task": "13572",
    "opcode": "0",
    "keywords": "0x8020000000000000",
    "computer": "WIN-TKC15D7KHUR",
    "ProviderKey": "1BEBC969-61A5-4732-A177-847A0817862A",
    "ProviderName": "Microsoft Corporation",
    "SubLayerKey": "9BA30013-C84E-47E5-AC6E-1E1AED72FA69",
    "SubLayerName": "Microsoft Corporation",
    "SubLayerType": "%%16387",
    "Weight": "40961"
  }
}