{
  "event_id": "5447",
  "provider": "Microsoft-Windows-Security-Auditing",
  "channel": "Security",
  "source_file": "D:\\visual code file\\Project_4\\Event-Analyzer\\test\\Malicious\\EVTX-to-MITRE-Attack-master\\EVTX_full_APT_attack_steps\\ID4688,5140,5145-WMIexec execution via SMB (GLOBAL).evtx",
  "event_record_id": 90,
  "xml": "<?xml version=\"1.0\" encoding=\"utf-8\"?>\n<Event xmlns=\"http://schemas.microsoft.com/win/2004/08/events/event\">\n  <System>\n    <Provider Name=\"Microsoft-Windows-Security-Auditing\" Guid=\"54849625-5478-4994-A5BA-3E3B0328C30D\">\n    </Provider>\n    <EventID>5447</EventID>\n    <Version>0</Version>\n    <Level>0</Level>\n    <Task>13573</Task>\n    <Opcode>0</Opcode>\n    <Keywords>0x8020000000000000</Keywords>\n    <TimeCreated SystemTime=\"2021-04-26T08:26:04.605601Z\">\n    </TimeCreated>\n    <EventRecordID>463078</EventRecordID>\n    <Correlation ActivityID=\"42422748-35ED-0000-6027-4242ED35D701\">\n    </Correlation>\n    <Execution ProcessID=\"584\" ThreadID=\"1092\">\n    </Execution>\n    <Channel>Security</Channel>\n    <Computer>srvdefender01.offsec.lan</Computer>\n    <Security>\n    </Security>\n  </System>\n  <EventData>\n    <Data Name=\"ProcessId\">1076</Data>\n    <Data Name=\"UserSid\">S-1-5-19</Data>\n    <Data Name=\"UserName\">NT AUTHORITY\\LOCAL SERVICE</Data>\n    <Data Name=\"ProviderKey\">DECC16CA-3F33-4346-BE1E-8FB4AE0F3D62</Data>\n    <Data Name=\"ProviderName\">Microsoft Corporation</Data>\n    <Data Name=\"ChangeType\">%%16384</Data>\n    <Data Name=\"FilterKey\">5822EA2E-7B14-4C3D-BF8B-FE02A4B1F734</Data>\n    <Data Name=\"FilterName\">Remote Scheduled Tasks Management (RPC-EPMAP)</Data>\n    <Data Name=\"FilterType\">%%16388</Data>\n    <Data Name=\"FilterId\">70318</Data>\n    <Data Name=\"LayerKey\">88BB5DAD-76D7-4227-9C71-DF0A3ED7BE7E</Data>\n    <Data Name=\"LayerName\">ALE Listen v4 Layer</Data>\n    <Data Name=\"LayerId\">40</Data>\n    <Data Name=\"Weight\">10376293542535364576</Data>\n    <Data Name=\"Conditions\">\n\tCondition ID:\t{d78e1e87-8644-4ea5-9437-d809ecefc971}\n\tMatch value:\tEqual to\n\tCondition value:\t\n    00000000  5c 00 64 00 65 00 76 00-69 00 63 00 65 00 5c 00  \\.d.e.v.i.c.e.\\.\n    00000010  68 00 61 00 72 00 64 00-64 00 69 00 73 00 6b 00  h.a.r.d.d.i.s.k.\n    00000020  76 00 6f 00 6c 00 75 00-6d 00 65 00 34 00 5c 00  v.o.l.u.m.e.4.\\.\n    00000030  77 00 69 00 6e 00 64 00-6f 00 77 00 73 00 5c 00  w.i.n.d.o.w.s.\\.\n    00000040  73 00 79 00 73 00 74 00-65 00 6d 00 33 00 32 00  s.y.s.t.e.m.3.2.\n    00000050  5c 00 73 00 76 00 63 00-68 00 6f 00 73 00 74 00  \\.s.v.c.h.o.s.t.\n    00000060  2e 00 65 00 78 00 65 00-00 00                    ..e.x.e...\n\n\n\tCondition ID:\t{af043a0a-b34d-4f86-979c-c90371af6e66}\n\tMatch value:\tEqual to\n\tCondition value:\t\nO:SYG:SYD:(A;;CCRC;;;S-1-5-80-979556362-403687129-3954533659-2335141334-1547273080)\n\n\n\tCondition ID:\t{0c1ba1af-5765-453f-af22-a8f791ac775b}\n\tMatch value:\tEqual to\n\tCondition value:\t0x0087\n</Data>\n    <Data Name=\"Action\">%%16390</Data>\n    <Data Name=\"CalloutKey\">00000000-0000-0000-0000-000000000000</Data>\n    <Data Name=\"CalloutName\">-</Data>\n  </EventData>\n</Event>\n",
  "json": "{\"Event\":{\"#attributes\":{\"xmlns\":\"http://schemas.microsoft.com/win/2004/08/events/event\"},\"System\":{\"Provider\":{\"#attributes\":{\"Name\":\"Microsoft-Windows-Security-Auditing\",\"Guid\":\"54849625-5478-4994-A5BA-3E3B0328C30D\"}},\"EventID\":5447,\"Version\":0,\"Level\":0,\"Task\":13573,\"Opcode\":0,\"Keywords\":\"0x8020000000000000\",\"TimeCreated\":{\"#attributes\":{\"SystemTime\":\"2021-04-26T08:26:04.605601Z\"}},\"EventRecordID\":463078,\"Correlation\":{\"#attributes\":{\"ActivityID\":\"42422748-35ED-0000-6027-4242ED35D701\"}},\"Execution\":{\"#attributes\":{\"ProcessID\":584,\"ThreadID\":1092}},\"Channel\":\"Security\",\"Computer\":\"srvdefender01.offsec.lan\",\"Security\":null},\"EventData\":{\"ProcessId\":1076,\"UserSid\":\"S-1-5-19\",\"UserName\":\"NT AUTHORITY\\\\LOCAL SERVICE\",\"ProviderKey\":\"DECC16CA-3F33-4346-BE1E-8FB4AE0F3D62\",\"ProviderName\":\"Microsoft Corporation\",\"ChangeType\":\"%%16384\",\"FilterKey\":\"5822EA2E-7B14-4C3D-BF8B-FE02A4B1F734\",\"FilterName\":\"Remote Scheduled Tasks Management (RPC-EPMAP)\",\"FilterType\":\"%%16388\",\"FilterId\":70318,\"LayerKey\":\"88BB5DAD-76D7-4227-9C71-DF0A3ED7BE7E\",\"LayerName\":\"ALE Listen v4 Layer\",\"LayerId\":40,\"Weight\":10376293542535364576,\"Conditions\":\"\\n\\tCondition ID:\\t{d78e1e87-8644-4ea5-9437-d809ecefc971}\\n\\tMatch value:\\tEqual to\\n\\tCondition value:\\t\\n    00000000  5c 00 64 00 65 00 76 00-69 00 63 00 65 00 5c 00  \\\\.d.e.v.i.c.e.\\\\.\\n    00000010  68 00 61 00 72 00 64 00-64 00 69 00 73 00 6b 00  h.a.r.d.d.i.s.k.\\n    00000020  76 00 6f 00 6c 00 75 00-6d 00 65 00 34 00 5c 00  v.o.l.u.m.e.4.\\\\.\\n    00000030  77 00 69 00 6e 00 64 00-6f 00 77 00 73 00 5c 00  w.i.n.d.o.w.s.\\\\.\\n    00000040  73 00 79 00 73 00 74 00-65 00 6d 00 33 00 32 00  s.y.s.t.e.m.3.2.\\n    00000050  5c 00 73 00 76 00 63 00-68 00 6f 00 73 00 74 00  \\\\.s.v.c.h.o.s.t.\\n    00000060  2e 00 65 00 78 00 65 00-00 00                    ..e.x.e...\\n\\n\\n\\tCondition ID:\\t{af043a0a-b34d-4f86-979c-c90371af6e66}\\n\\tMatch value:\\tEqual to\\n\\tCondition value:\\t\\nO:SYG:SYD:(A;;CCRC;;;S-1-5-80-979556362-403687129-3954533659-2335141334-1547273080)\\n\\n\\n\\tCondition ID:\\t{0c1ba1af-5765-453f-af22-a8f791ac775b}\\n\\tMatch value:\\tEqual to\\n\\tCondition value:\\t0x0087\\n\",\"Action\":\"%%16390\",\"CalloutKey\":\"00000000-0000-0000-0000-000000000000\",\"CalloutName\":\"-\"}}}",
  "xml_fields": {
    "provider": "Microsoft-Windows-Security-Auditing",
    "event_id": "5447",
    "timestamp": "2021-04-26T08:26:04.605601Z",
    "event_record_id": "463078",
    "level": "0",
    "task": "13573",
    "opcode": "0",
    "keywords": "0x8020000000000000",
    "channel": "Security",
    "computer": "srvdefender01.offsec.lan",
    "ProcessId": "1076",
    "UserSid": "S-1-5-19",
    "UserName": "NT AUTHORITY\\LOCAL SERVICE",
    "ProviderKey": "DECC16CA-3F33-4346-BE1E-8FB4AE0F3D62",
    "ProviderName": "Microsoft Corporation",
    "ChangeType": "%%16384",
    "FilterKey": "5822EA2E-7B14-4C3D-BF8B-FE02A4B1F734",
    "FilterName": "Remote Scheduled Tasks Management (RPC-EPMAP)",
    "FilterType": "%%16388",
    "FilterId": "70318",
    "LayerKey": "88BB5DAD-76D7-4227-9C71-DF0A3ED7BE7E",
    "LayerName": "ALE Listen v4 Layer",
    "LayerId": "40",
    "Weight": "10376293542535364576",
    "Conditions": "\n\tCondition ID:\t{d78e1e87-8644-4ea5-9437-d809ecefc971}\n\tMatch value:\tEqual to\n\tCondition value:\t\n    00000000  5c 00 64 00 65 00 76 00-69 00 63 00 65 00 5c 00  \\.d.e.v.i.c.e.\\.\n    00000010  68 00 61 00 72 00 64 00-64 00 69 00 73 00 6b 00  h.a.r.d.d.i.s.k.\n    00000020  76 00 6f 00 6c 00 75 00-6d 00 65 00 34 00 5c 00  v.o.l.u.m.e.4.\\.\n    00000030  77 00 69 00 6e 00 64 00-6f 00 77 00 73 00 5c 00  w.i.n.d.o.w.s.\\.\n    00000040  73 00 79 00 73 00 74 00-65 00 6d 00 33 00 32 00  s.y.s.t.e.m.3.2.\n    00000050  5c 00 73 00 76 00 63 00-68 00 6f 00 73 00 74 00  \\.s.v.c.h.o.s.t.\n    00000060  2e 00 65 00 78 00 65 00-00 00                    ..e.x.e...\n\n\n\tCondition ID:\t{af043a0a-b34d-4f86-979c-c90371af6e66}\n\tMatch value:\tEqual to\n\tCondition value:\t\nO:SYG:SYD:(A;;CCRC;;;S-1-5-80-979556362-403687129-3954533659-2335141334-1547273080)\n\n\n\tCondition ID:\t{0c1ba1af-5765-453f-af22-a8f791ac775b}\n\tMatch value:\tEqual to\n\tCondition value:\t0x0087\n",
    "Action": "%%16390",
    "CalloutKey": "00000000-0000-0000-0000-000000000000",
    "CalloutName": "-"
  },
  "json_fields": {
    "provider": "Microsoft-Windows-Security-Auditing",
    "channel": "Security",
    "event_id": "5447",
    "timestamp": "2021-04-26T08:26:04.605601Z",
    "event_record_id": "463078",
    "level": "0",
    "task": "13573",
    "opcode": "0",
    "keywords": "0x8020000000000000",
    "computer": "srvdefender01.offsec.lan",
    "ProcessId": "1076",
    "UserSid": "S-1-5-19",
    "UserName": "NT AUTHORITY\\LOCAL SERVICE",
    "ProviderKey": "DECC16CA-3F33-4346-BE1E-8FB4AE0F3D62",
    "ProviderName": "Microsoft Corporation",
    "ChangeType": "%%16384",
    "FilterKey": "5822EA2E-7B14-4C3D-BF8B-FE02A4B1F734",
    "FilterName": "Remote Scheduled Tasks Management (RPC-EPMAP)",
    "FilterType": "%%16388",
    "FilterId": "70318",
    "LayerKey": "88BB5DAD-76D7-4227-9C71-DF0A3ED7BE7E",
    "LayerName": "ALE Listen v4 Layer",
    "LayerId": "40",
    "Weight": "10376293542535364576",
    "Conditions": "\n\tCondition ID:\t{d78e1e87-8644-4ea5-9437-d809ecefc971}\n\tMatch value:\tEqual to\n\tCondition value:\t\n    00000000  5c 00 64 00 65 00 76 00-69 00 63 00 65 00 5c 00  \\.d.e.v.i.c.e.\\.\n    00000010  68 00 61 00 72 00 64 00-64 00 69 00 73 00 6b 00  h.a.r.d.d.i.s.k.\n    00000020  76 00 6f 00 6c 00 75 00-6d 00 65 00 34 00 5c 00  v.o.l.u.m.e.4.\\.\n    00000030  77 00 69 00 6e 00 64 00-6f 00 77 00 73 00 5c 00  w.i.n.d.o.w.s.\\.\n    00000040  73 00 79 00 73 00 74 00-65 00 6d 00 33 00 32 00  s.y.s.t.e.m.3.2.\n    00000050  5c 00 73 00 76 00 63 00-68 00 6f 00 73 00 74 00  \\.s.v.c.h.o.s.t.\n    00000060  2e 00 65 00 78 00 65 00-00 00                    ..e.x.e...\n\n\n\tCondition ID:\t{af043a0a-b34d-4f86-979c-c90371af6e66}\n\tMatch value:\tEqual to\n\tCondition value:\t\nO:SYG:SYD:(A;;CCRC;;;S-1-5-80-979556362-403687129-3954533659-2335141334-1547273080)\n\n\n\tCondition ID:\t{0c1ba1af-5765-453f-af22-a8f791ac775b}\n\tMatch value:\tEqual to\n\tCondition value:\t0x0087\n",
    "Action": "%%16390",
    "CalloutKey": "00000000-0000-0000-0000-000000000000",
    "CalloutName": "-"
  }
}