{
  "event_id": "5450",
  "provider": "Microsoft-Windows-Security-Auditing",
  "channel": "Security",
  "source_file": "D:\\visual code file\\Project_4\\Event-Analyzer\\test\\Benign\\win2022-0-20348-azure\\Security.evtx",
  "event_record_id": 89503,
  "xml": "<?xml version=\"1.0\" encoding=\"utf-8\"?>\n<Event xmlns=\"http://schemas.microsoft.com/win/2004/08/events/event\">\n  <System>\n    <Provider Name=\"Microsoft-Windows-Security-Auditing\" Guid=\"54849625-5478-4994-A5BA-3E3B0328C30D\">\n    </Provider>\n    <EventID>5450</EventID>\n    <Version>0</Version>\n    <Level>0</Level>\n    <Task>13572</Task>\n    <Opcode>0</Opcode>\n    <Keywords>0x8020000000000000</Keywords>\n    <TimeCreated SystemTime=\"2022-09-18T13:53:07.759161Z\">\n    </TimeCreated>\n    <EventRecordID>89503</EventRecordID>\n    <Correlation ActivityID=\"7A1A5327-347A-0001-340B-672144CBD801\">\n    </Correlation>\n    <Execution ProcessID=\"728\" ThreadID=\"6508\">\n    </Execution>\n    <Channel>Security</Channel>\n    <Computer>Agamemnon</Computer>\n    <Security>\n    </Security>\n  </System>\n  <EventData>\n    <Data Name=\"ProcessId\">4644</Data>\n    <Data Name=\"UserSid\">S-1-5-19</Data>\n    <Data Name=\"UserName\">NT AUTHORITY\\LOCAL SERVICE</Data>\n    <Data Name=\"ProviderKey\">00000000-0000-0000-0000-000000000000</Data>\n    <Data Name=\"ProviderName\">-</Data>\n    <Data Name=\"ChangeType\">%%16385</Data>\n    <Data Name=\"SubLayerKey\">3C1CD879-1B8C-4AB4-8F83-5ED129176EF3</Data>\n    <Data Name=\"SubLayerName\">windefend</Data>\n    <Data Name=\"SubLayerType\">%%16388</Data>\n    <Data Name=\"Weight\">4096</Data>\n  </EventData>\n</Event>\n",
  "json": "{\"Event\":{\"#attributes\":{\"xmlns\":\"http://schemas.microsoft.com/win/2004/08/events/event\"},\"System\":{\"Provider\":{\"#attributes\":{\"Name\":\"Microsoft-Windows-Security-Auditing\",\"Guid\":\"54849625-5478-4994-A5BA-3E3B0328C30D\"}},\"EventID\":5450,\"Version\":0,\"Level\":0,\"Task\":13572,\"Opcode\":0,\"Keywords\":\"0x8020000000000000\",\"TimeCreated\":{\"#attributes\":{\"SystemTime\":\"2022-09-18T13:53:07.759161Z\"}},\"EventRecordID\":89503,\"Correlation\":{\"#attributes\":{\"ActivityID\":\"7A1A5327-347A-0001-340B-672144CBD801\"}},\"Execution\":{\"#attributes\":{\"ProcessID\":728,\"ThreadID\":6508}},\"Channel\":\"Security\",\"Computer\":\"Agamemnon\",\"Security\":null},\"EventData\":{\"ProcessId\":4644,\"UserSid\":\"S-1-5-19\",\"UserName\":\"NT AUTHORITY\\\\LOCAL SERVICE\",\"ProviderKey\":\"00000000-0000-0000-0000-000000000000\",\"ProviderName\":\"-\",\"ChangeType\":\"%%16385\",\"SubLayerKey\":\"3C1CD879-1B8C-4AB4-8F83-5ED129176EF3\",\"SubLayerName\":\"windefend\",\"SubLayerType\":\"%%16388\",\"Weight\":4096}}}",
  "xml_fields": {
    "provider": "Microsoft-Windows-Security-Auditing",
    "event_id": "5450",
    "timestamp": "2022-09-18T13:53:07.759161Z",
    "event_record_id": "89503",
    "level": "0",
    "task": "13572",
    "opcode": "0",
    "keywords": "0x8020000000000000",
    "channel": "Security",
    "computer": "Agamemnon",
    "ProcessId": "4644",
    "UserSid": "S-1-5-19",
    "UserName": "NT AUTHORITY\\LOCAL SERVICE",
    "ProviderKey": "00000000-0000-0000-0000-000000000000",
    "ProviderName": "-",
    "ChangeType": "%%16385",
    "SubLayerKey": "3C1CD879-1B8C-4AB4-8F83-5ED129176EF3",
    "SubLayerName": "windefend",
    "SubLayerType": "%%16388",
    "Weight": "4096"
  },
  "json_fields": {
    "provider": "Microsoft-Windows-Security-Auditing",
    "channel": "Security",
    "event_id": "5450",
    "timestamp": "2022-09-18T13:53:07.759161Z",
    "event_record_id": "89503",
    "level": "0",
    "task": "13572",
    "opcode": "0",
    "keywords": "0x8020000000000000",
    "computer": "Agamemnon",
    "ProcessId": "4644",
    "UserSid": "S-1-5-19",
    "UserName": "NT AUTHORITY\\LOCAL SERVICE",
    "ProviderKey": "00000000-0000-0000-0000-000000000000",
    "ProviderName": "-",
    "ChangeType": "%%16385",
    "SubLayerKey": "3C1CD879-1B8C-4AB4-8F83-5ED129176EF3",
    "SubLayerName": "windefend",
    "SubLayerType": "%%16388",
    "Weight": "4096"
  }
}