{
  "event_id": "548",
  "provider": "Microsoft-Windows-StorPort",
  "channel": "Microsoft-Windows-Storage-Storport/Health",
  "source_file": "D:\\visual code file\\Project_4\\Event-Analyzer\\test\\Logs\\Microsoft-Windows-Storage-Storport%4Health.evtx",
  "event_record_id": 1,
  "xml": "<?xml version=\"1.0\" encoding=\"utf-8\"?>\n<Event xmlns=\"http://schemas.microsoft.com/win/2004/08/events/event\">\n  <System>\n    <Provider Name=\"Microsoft-Windows-StorPort\" Guid=\"C4636A1E-7986-4646-BF10-7BC3B4A76E8E\">\n    </Provider>\n    <EventID>548</EventID>\n    <Version>3</Version>\n    <Level>3</Level>\n    <Task>201</Task>\n    <Opcode>1</Opcode>\n    <Keywords>0x200200400000000</Keywords>\n    <TimeCreated SystemTime=\"2024-11-05T01:32:58.969747Z\">\n    </TimeCreated>\n    <EventRecordID>1</EventRecordID>\n    <Correlation>\n    </Correlation>\n    <Execution ProcessID=\"4\" ThreadID=\"68\">\n    </Execution>\n    <Channel>Microsoft-Windows-Storage-Storport/Health</Channel>\n    <Computer>WIN-5LCFHVCO531</Computer>\n    <Security>\n    </Security>\n  </System>\n  <EventData>\n    <Data Name=\"MiniportName\">storahci</Data>\n    <Data Name=\"MiniportEventId\">30</Data>\n    <Data Name=\"MiniportEventDescription\">Device Start Fail:DET Timeout</Data>\n    <Data Name=\"PortNumber\">2</Data>\n    <Data Name=\"AdapterGuid\">E27835C6-9B15-11EF-9769-806E6F6E6963</Data>\n    <Data Name=\"PathID\">0</Data>\n    <Data Name=\"TargetID\">0</Data>\n    <Data Name=\"LUN\">0</Data>\n    <Data Name=\"ClassDeviceGuid\">00000000-0000-0000-0000-000000000000</Data>\n    <Data Name=\"VendorId\"></Data>\n    <Data Name=\"ProductId\"></Data>\n    <Data Name=\"SerialNumber\"></Data>\n    <Data Name=\"BootDevice\">false</Data>\n    <Data Name=\"Parameter1Name\">StateFlag</Data>\n    <Data Name=\"Parameter1Value\">2049</Data>\n    <Data Name=\"Parameter2Name\">StartState</Data>\n    <Data Name=\"Parameter2Value\">1041</Data>\n    <Data Name=\"Parameter3Name\">PortReset|StartFailed</Data>\n    <Data Name=\"Parameter3Value\">0</Data>\n    <Data Name=\"Parameter4Name\">ErrorRecovery|BusChange</Data>\n    <Data Name=\"Parameter4Value\">0</Data>\n    <Data Name=\"Parameter5Name\">Parameter1</Data>\n    <Data Name=\"Parameter5Value\">0</Data>\n    <Data Name=\"Parameter6Name\">Parameter2</Data>\n    <Data Name=\"Parameter6Value\">30</Data>\n    <Data Name=\"Parameter7Name\">Parameter3</Data>\n    <Data Name=\"Parameter7Value\">0</Data>\n    <Data Name=\"Parameter8Name\">Parameter4</Data>\n    <Data Name=\"Parameter8Value\">0</Data>\n  </EventData>\n</Event>\n",
  "json": "{\"Event\":{\"#attributes\":{\"xmlns\":\"http://schemas.microsoft.com/win/2004/08/events/event\"},\"System\":{\"Provider\":{\"#attributes\":{\"Name\":\"Microsoft-Windows-StorPort\",\"Guid\":\"C4636A1E-7986-4646-BF10-7BC3B4A76E8E\"}},\"EventID\":548,\"Version\":3,\"Level\":3,\"Task\":201,\"Opcode\":1,\"Keywords\":\"0x200200400000000\",\"TimeCreated\":{\"#attributes\":{\"SystemTime\":\"2024-11-05T01:32:58.969747Z\"}},\"EventRecordID\":1,\"Correlation\":null,\"Execution\":{\"#attributes\":{\"ProcessID\":4,\"ThreadID\":68}},\"Channel\":\"Microsoft-Windows-Storage-Storport/Health\",\"Computer\":\"WIN-5LCFHVCO531\",\"Security\":null},\"EventData\":{\"MiniportName\":\"storahci\",\"MiniportEventId\":30,\"MiniportEventDescription\":\"Device Start Fail:DET Timeout\",\"PortNumber\":2,\"AdapterGuid\":\"E27835C6-9B15-11EF-9769-806E6F6E6963\",\"PathID\":0,\"TargetID\":0,\"LUN\":0,\"ClassDeviceGuid\":\"00000000-0000-0000-0000-000000000000\",\"VendorId\":\"\",\"ProductId\":\"\",\"SerialNumber\":\"\",\"BootDevice\":false,\"Parameter1Name\":\"StateFlag\",\"Parameter1Value\":2049,\"Parameter2Name\":\"StartState\",\"Parameter2Value\":1041,\"Parameter3Name\":\"PortReset|StartFailed\",\"Parameter3Value\":0,\"Parameter4Name\":\"ErrorRecovery|BusChange\",\"Parameter4Value\":0,\"Parameter5Name\":\"Parameter1\",\"Parameter5Value\":0,\"Parameter6Name\":\"Parameter2\",\"Parameter6Value\":30,\"Parameter7Name\":\"Parameter3\",\"Parameter7Value\":0,\"Parameter8Name\":\"Parameter4\",\"Parameter8Value\":0}}}",
  "xml_fields": {
    "provider": "Microsoft-Windows-StorPort",
    "event_id": "548",
    "timestamp": "2024-11-05T01:32:58.969747Z",
    "event_record_id": "1",
    "level": "3",
    "task": "201",
    "opcode": "1",
    "keywords": "0x200200400000000",
    "channel": "Microsoft-Windows-Storage-Storport/Health",
    "computer": "WIN-5LCFHVCO531",
    "MiniportName": "storahci",
    "MiniportEventId": "30",
    "MiniportEventDescription": "Device Start Fail:DET Timeout",
    "PortNumber": "2",
    "AdapterGuid": "E27835C6-9B15-11EF-9769-806E6F6E6963",
    "PathID": "0",
    "TargetID": "0",
    "LUN": "0",
    "ClassDeviceGuid": "00000000-0000-0000-0000-000000000000",
    "VendorId": "",
    "ProductId": "",
    "SerialNumber": "",
    "BootDevice": "false",
    "Parameter1Name": "StateFlag",
    "Parameter1Value": "2049",
    "Parameter2Name": "StartState",
    "Parameter2Value": "1041",
    "Parameter3Name": "PortReset|StartFailed",
    "Parameter3Value": "0",
    "Parameter4Name": "ErrorRecovery|BusChange",
    "Parameter4Value": "0",
    "Parameter5Name": "Parameter1",
    "Parameter5Value": "0",
    "Parameter6Name": "Parameter2",
    "Parameter6Value": "30",
    "Parameter7Name": "Parameter3",
    "Parameter7Value": "0",
    "Parameter8Name": "Parameter4",
    "Parameter8Value": "0"
  },
  "json_fields": {
    "provider": "Microsoft-Windows-StorPort",
    "channel": "Microsoft-Windows-Storage-Storport/Health",
    "event_id": "548",
    "timestamp": "2024-11-05T01:32:58.969747Z",
    "event_record_id": "1",
    "level": "3",
    "task": "201",
    "opcode": "1",
    "keywords": "0x200200400000000",
    "computer": "WIN-5LCFHVCO531",
    "MiniportName": "storahci",
    "MiniportEventId": "30",
    "MiniportEventDescription": "Device Start Fail:DET Timeout",
    "PortNumber": "2",
    "AdapterGuid": "E27835C6-9B15-11EF-9769-806E6F6E6963",
    "PathID": "0",
    "TargetID": "0",
    "LUN": "0",
    "ClassDeviceGuid": "00000000-0000-0000-0000-000000000000",
    "VendorId": "",
    "ProductId": "",
    "SerialNumber": "",
    "BootDevice": "False",
    "Parameter1Name": "StateFlag",
    "Parameter1Value": "2049",
    "Parameter2Name": "StartState",
    "Parameter2Value": "1041",
    "Parameter3Name": "PortReset|StartFailed",
    "Parameter3Value": "0",
    "Parameter4Name": "ErrorRecovery|BusChange",
    "Parameter4Value": "0",
    "Parameter5Name": "Parameter1",
    "Parameter5Value": "0",
    "Parameter6Name": "Parameter2",
    "Parameter6Value": "30",
    "Parameter7Name": "Parameter3",
    "Parameter7Value": "0",
    "Parameter8Name": "Parameter4",
    "Parameter8Value": "0"
  }
}