{
  "event_id": "549",
  "provider": "Microsoft-Windows-StorPort",
  "channel": "Microsoft-Windows-Storage-Storport/Operational",
  "source_file": "D:\\visual code file\\Project_4\\Event-Analyzer\\test\\Logs\\Microsoft-Windows-Storage-Storport%4Operational.evtx",
  "event_record_id": 6,
  "xml": "<?xml version=\"1.0\" encoding=\"utf-8\"?>\n<Event xmlns=\"http://schemas.microsoft.com/win/2004/08/events/event\">\n  <System>\n    <Provider Name=\"Microsoft-Windows-StorPort\" Guid=\"C4636A1E-7986-4646-BF10-7BC3B4A76E8E\">\n    </Provider>\n    <EventID>549</EventID>\n    <Version>2</Version>\n    <Level>2</Level>\n    <Task>201</Task>\n    <Opcode>0</Opcode>\n    <Keywords>0x800000000600000</Keywords>\n    <TimeCreated SystemTime=\"2024-11-05T01:33:00.964990Z\">\n    </TimeCreated>\n    <EventRecordID>6</EventRecordID>\n    <Correlation>\n    </Correlation>\n    <Execution ProcessID=\"4\" ThreadID=\"228\">\n    </Execution>\n    <Channel>Microsoft-Windows-Storage-Storport/Operational</Channel>\n    <Computer>WIN-5LCFHVCO531</Computer>\n    <Security>\n    </Security>\n  </System>\n  <EventData>\n    <Data Name=\"PortNumber\">3</Data>\n    <Data Name=\"PathID\">0</Data>\n    <Data Name=\"TargetID\">0</Data>\n    <Data Name=\"LUN\">0</Data>\n    <Data Name=\"ClassDeviceGuid\">00000000-0000-0000-0000-000000000000</Data>\n    <Data Name=\"AdapterGuid\">E27835C7-9B15-11EF-9769-806E6F6E6963</Data>\n    <Data Name=\"BusType\">17</Data>\n    <Data Name=\"MiniportName\">stornvme</Data>\n    <Data Name=\"VendorId\">NVMe    </Data>\n    <Data Name=\"ProductId\">VMware Virtual N</Data>\n    <Data Name=\"SerialNumber\">VMWare NVME_0000</Data>\n    <Data Name=\"AdapterSerialNumber\"></Data>\n    <Data Name=\"BootDevice\">false</Data>\n    <Data Name=\"Version\">1</Data>\n    <Data Name=\"RequestDuration_ms\">1</Data>\n    <Data Name=\"WaitDuration_ms\">0</Data>\n    <Data Name=\"Command\">26</Data>\n    <Data Name=\"SrbStatus\">6</Data>\n    <Data Name=\"ScsiStatus\">2</Data>\n    <Data Name=\"SenseKey\">5</Data>\n    <Data Name=\"AddSense\">36</Data>\n    <Data Name=\"AddSenseQ\">0</Data>\n    <Data Name=\"IoSize\">0</Data>\n    <Data Name=\"QueueDepth\">0</Data>\n    <Data Name=\"LBA\">0x0</Data>\n  </EventData>\n</Event>\n",
  "json": "{\"Event\":{\"#attributes\":{\"xmlns\":\"http://schemas.microsoft.com/win/2004/08/events/event\"},\"System\":{\"Provider\":{\"#attributes\":{\"Name\":\"Microsoft-Windows-StorPort\",\"Guid\":\"C4636A1E-7986-4646-BF10-7BC3B4A76E8E\"}},\"EventID\":549,\"Version\":2,\"Level\":2,\"Task\":201,\"Opcode\":0,\"Keywords\":\"0x800000000600000\",\"TimeCreated\":{\"#attributes\":{\"SystemTime\":\"2024-11-05T01:33:00.964990Z\"}},\"EventRecordID\":6,\"Correlation\":null,\"Execution\":{\"#attributes\":{\"ProcessID\":4,\"ThreadID\":228}},\"Channel\":\"Microsoft-Windows-Storage-Storport/Operational\",\"Computer\":\"WIN-5LCFHVCO531\",\"Security\":null},\"EventData\":{\"PortNumber\":3,\"PathID\":0,\"TargetID\":0,\"LUN\":0,\"ClassDeviceGuid\":\"00000000-0000-0000-0000-000000000000\",\"AdapterGuid\":\"E27835C7-9B15-11EF-9769-806E6F6E6963\",\"BusType\":17,\"MiniportName\":\"stornvme\",\"VendorId\":\"NVMe    \",\"ProductId\":\"VMware Virtual N\",\"SerialNumber\":\"VMWare NVME_0000\",\"AdapterSerialNumber\":\"\",\"BootDevice\":false,\"Version\":1,\"RequestDuration_ms\":1,\"WaitDuration_ms\":0,\"Command\":26,\"SrbStatus\":6,\"ScsiStatus\":2,\"SenseKey\":5,\"AddSense\":36,\"AddSenseQ\":0,\"IoSize\":0,\"QueueDepth\":0,\"LBA\":\"0x0\"}}}",
  "xml_fields": {
    "provider": "Microsoft-Windows-StorPort",
    "event_id": "549",
    "timestamp": "2024-11-05T01:33:00.964990Z",
    "event_record_id": "6",
    "level": "2",
    "task": "201",
    "opcode": "0",
    "keywords": "0x800000000600000",
    "channel": "Microsoft-Windows-Storage-Storport/Operational",
    "computer": "WIN-5LCFHVCO531",
    "PortNumber": "3",
    "PathID": "0",
    "TargetID": "0",
    "LUN": "0",
    "ClassDeviceGuid": "00000000-0000-0000-0000-000000000000",
    "AdapterGuid": "E27835C7-9B15-11EF-9769-806E6F6E6963",
    "BusType": "17",
    "MiniportName": "stornvme",
    "VendorId": "NVMe    ",
    "ProductId": "VMware Virtual N",
    "SerialNumber": "VMWare NVME_0000",
    "AdapterSerialNumber": "",
    "BootDevice": "false",
    "Version": "1",
    "RequestDuration_ms": "1",
    "WaitDuration_ms": "0",
    "Command": "26",
    "SrbStatus": "6",
    "ScsiStatus": "2",
    "SenseKey": "5",
    "AddSense": "36",
    "AddSenseQ": "0",
    "IoSize": "0",
    "QueueDepth": "0",
    "LBA": "0x0"
  },
  "json_fields": {
    "provider": "Microsoft-Windows-StorPort",
    "channel": "Microsoft-Windows-Storage-Storport/Operational",
    "event_id": "549",
    "timestamp": "2024-11-05T01:33:00.964990Z",
    "event_record_id": "6",
    "level": "2",
    "task": "201",
    "opcode": "0",
    "keywords": "0x800000000600000",
    "computer": "WIN-5LCFHVCO531",
    "PortNumber": "3",
    "PathID": "0",
    "TargetID": "0",
    "LUN": "0",
    "ClassDeviceGuid": "00000000-0000-0000-0000-000000000000",
    "AdapterGuid": "E27835C7-9B15-11EF-9769-806E6F6E6963",
    "BusType": "17",
    "MiniportName": "stornvme",
    "VendorId": "NVMe    ",
    "ProductId": "VMware Virtual N",
    "SerialNumber": "VMWare NVME_0000",
    "AdapterSerialNumber": "",
    "BootDevice": "False",
    "Version": "1",
    "RequestDuration_ms": "1",
    "WaitDuration_ms": "0",
    "Command": "26",
    "SrbStatus": "6",
    "ScsiStatus": "2",
    "SenseKey": "5",
    "AddSense": "36",
    "AddSenseQ": "0",
    "IoSize": "0",
    "QueueDepth": "0",
    "LBA": "0x0"
  }
}