{
  "event_id": "5507",
  "provider": "Microsoft-Windows-AppXDeployment-Server",
  "channel": "Microsoft-Windows-AppXDeploymentServer/Operational",
  "source_file": "D:\\visual code file\\Project_4\\Event-Analyzer\\test\\Logs\\Microsoft-Windows-AppXDeploymentServer%4Operational.evtx",
  "event_record_id": 14176,
  "xml": "<?xml version=\"1.0\" encoding=\"utf-8\"?>\n<Event xmlns=\"http://schemas.microsoft.com/win/2004/08/events/event\">\n  <System>\n    <Provider Name=\"Microsoft-Windows-AppXDeployment-Server\" Guid=\"3F471139-ACB7-4A01-B7A7-FF5DA4BA2D43\">\n    </Provider>\n    <EventID>5507</EventID>\n    <Version>0</Version>\n    <Level>5</Level>\n    <Task>0</Task>\n    <Opcode>0</Opcode>\n    <Keywords>0x4000000000100000</Keywords>\n    <TimeCreated SystemTime=\"2025-01-24T10:52:55.872358Z\">\n    </TimeCreated>\n    <EventRecordID>14176</EventRecordID>\n    <Correlation ActivityID=\"B61EC021-6E4D-0001-05C9-1EB64D6EDB01\">\n    </Correlation>\n    <Execution ProcessID=\"1320\" ThreadID=\"5240\">\n    </Execution>\n    <Channel>Microsoft-Windows-AppXDeploymentServer/Operational</Channel>\n    <Computer>CTO-FILESVR</Computer>\n    <Security UserID=\"S-1-5-21-3088055692-629932344-1786574096-1003\">\n    </Security>\n  </System>\n  <EventData>\n    <Data Name=\"PackageName\">Microsoft.People_10.2202.100.0_x64__8wekyb3d8bbwe</Data>\n    <Data Name=\"FilePath\">S-1-5-21-3088055692-629932344-1786574096-1003-MergedResources-1.pri</Data>\n    <Data Name=\"Message\">Current user-specific merged PRI file ignored</Data>\n  </EventData>\n</Event>\n",
  "json": "{\"Event\":{\"#attributes\":{\"xmlns\":\"http://schemas.microsoft.com/win/2004/08/events/event\"},\"System\":{\"Provider\":{\"#attributes\":{\"Name\":\"Microsoft-Windows-AppXDeployment-Server\",\"Guid\":\"3F471139-ACB7-4A01-B7A7-FF5DA4BA2D43\"}},\"EventID\":5507,\"Version\":0,\"Level\":5,\"Task\":0,\"Opcode\":0,\"Keywords\":\"0x4000000000100000\",\"TimeCreated\":{\"#attributes\":{\"SystemTime\":\"2025-01-24T10:52:55.872358Z\"}},\"EventRecordID\":14176,\"Correlation\":{\"#attributes\":{\"ActivityID\":\"B61EC021-6E4D-0001-05C9-1EB64D6EDB01\"}},\"Execution\":{\"#attributes\":{\"ProcessID\":1320,\"ThreadID\":5240}},\"Channel\":\"Microsoft-Windows-AppXDeploymentServer/Operational\",\"Computer\":\"CTO-FILESVR\",\"Security\":{\"#attributes\":{\"UserID\":\"S-1-5-21-3088055692-629932344-1786574096-1003\"}}},\"EventData\":{\"PackageName\":\"Microsoft.People_10.2202.100.0_x64__8wekyb3d8bbwe\",\"FilePath\":\"S-1-5-21-3088055692-629932344-1786574096-1003-MergedResources-1.pri\",\"Message\":\"Current user-specific merged PRI file ignored\"}}}",
  "xml_fields": {
    "provider": "Microsoft-Windows-AppXDeployment-Server",
    "event_id": "5507",
    "timestamp": "2025-01-24T10:52:55.872358Z",
    "event_record_id": "14176",
    "level": "5",
    "task": "0",
    "opcode": "0",
    "keywords": "0x4000000000100000",
    "channel": "Microsoft-Windows-AppXDeploymentServer/Operational",
    "computer": "CTO-FILESVR",
    "PackageName": "Microsoft.People_10.2202.100.0_x64__8wekyb3d8bbwe",
    "FilePath": "S-1-5-21-3088055692-629932344-1786574096-1003-MergedResources-1.pri",
    "Message": "Current user-specific merged PRI file ignored"
  },
  "json_fields": {
    "provider": "Microsoft-Windows-AppXDeployment-Server",
    "channel": "Microsoft-Windows-AppXDeploymentServer/Operational",
    "event_id": "5507",
    "timestamp": "2025-01-24T10:52:55.872358Z",
    "event_record_id": "14176",
    "level": "5",
    "task": "0",
    "opcode": "0",
    "keywords": "0x4000000000100000",
    "computer": "CTO-FILESVR",
    "PackageName": "Microsoft.People_10.2202.100.0_x64__8wekyb3d8bbwe",
    "FilePath": "S-1-5-21-3088055692-629932344-1786574096-1003-MergedResources-1.pri",
    "Message": "Current user-specific merged PRI file ignored"
  }
}