{
  "event_id": "5508",
  "provider": "Microsoft-Windows-AppXDeployment-Server",
  "channel": "Microsoft-Windows-AppXDeploymentServer/Operational",
  "source_file": "D:\\visual code file\\Project_4\\Event-Analyzer\\test\\Benign\\Logs_Client\\Microsoft-Windows-AppXDeploymentServer%4Operational.evtx",
  "event_record_id": 4311,
  "xml": "<?xml version=\"1.0\" encoding=\"utf-8\"?>\n<Event xmlns=\"http://schemas.microsoft.com/win/2004/08/events/event\">\n  <System>\n    <Provider Name=\"Microsoft-Windows-AppXDeployment-Server\" Guid=\"3F471139-ACB7-4A01-B7A7-FF5DA4BA2D43\">\n    </Provider>\n    <EventID>5508</EventID>\n    <Version>0</Version>\n    <Level>5</Level>\n    <Task>0</Task>\n    <Opcode>0</Opcode>\n    <Keywords>0x4000000000100000</Keywords>\n    <TimeCreated SystemTime=\"2022-02-07T14:17:37.558937Z\">\n    </TimeCreated>\n    <EventRecordID>4311</EventRecordID>\n    <Correlation ActivityID=\"50F926D5-1C1B-0000-A9CD-F9501B1CD801\">\n    </Correlation>\n    <Execution ProcessID=\"1904\" ThreadID=\"2548\">\n    </Execution>\n    <Channel>Microsoft-Windows-AppXDeploymentServer/Operational</Channel>\n    <Computer>DESKTOP-A8CALR3</Computer>\n    <Security UserID=\"S-1-5-18\">\n    </Security>\n  </System>\n  <EventData>\n    <Data Name=\"PackageName\">Microsoft.Getstarted_8.2.22942.0_x64__8wekyb3d8bbwe</Data>\n    <Data Name=\"FilePath\">C:\\Program Files\\WindowsApps\\Microsoft.Getstarted_8.2.22942.0_x64__8wekyb3d8bbwe\\microsoft.system.package.metadata\\resources.e35cc441.pri</Data>\n    <Data Name=\"Message\">Deleted</Data>\n  </EventData>\n</Event>\n",
  "json": "{\"Event\":{\"#attributes\":{\"xmlns\":\"http://schemas.microsoft.com/win/2004/08/events/event\"},\"System\":{\"Provider\":{\"#attributes\":{\"Name\":\"Microsoft-Windows-AppXDeployment-Server\",\"Guid\":\"3F471139-ACB7-4A01-B7A7-FF5DA4BA2D43\"}},\"EventID\":5508,\"Version\":0,\"Level\":5,\"Task\":0,\"Opcode\":0,\"Keywords\":\"0x4000000000100000\",\"TimeCreated\":{\"#attributes\":{\"SystemTime\":\"2022-02-07T14:17:37.558937Z\"}},\"EventRecordID\":4311,\"Correlation\":{\"#attributes\":{\"ActivityID\":\"50F926D5-1C1B-0000-A9CD-F9501B1CD801\"}},\"Execution\":{\"#attributes\":{\"ProcessID\":1904,\"ThreadID\":2548}},\"Channel\":\"Microsoft-Windows-AppXDeploymentServer/Operational\",\"Computer\":\"DESKTOP-A8CALR3\",\"Security\":{\"#attributes\":{\"UserID\":\"S-1-5-18\"}}},\"EventData\":{\"PackageName\":\"Microsoft.Getstarted_8.2.22942.0_x64__8wekyb3d8bbwe\",\"FilePath\":\"C:\\\\Program Files\\\\WindowsApps\\\\Microsoft.Getstarted_8.2.22942.0_x64__8wekyb3d8bbwe\\\\microsoft.system.package.metadata\\\\resources.e35cc441.pri\",\"Message\":\"Deleted\"}}}",
  "xml_fields": {
    "provider": "Microsoft-Windows-AppXDeployment-Server",
    "event_id": "5508",
    "timestamp": "2022-02-07T14:17:37.558937Z",
    "event_record_id": "4311",
    "level": "5",
    "task": "0",
    "opcode": "0",
    "keywords": "0x4000000000100000",
    "channel": "Microsoft-Windows-AppXDeploymentServer/Operational",
    "computer": "DESKTOP-A8CALR3",
    "PackageName": "Microsoft.Getstarted_8.2.22942.0_x64__8wekyb3d8bbwe",
    "FilePath": "C:\\Program Files\\WindowsApps\\Microsoft.Getstarted_8.2.22942.0_x64__8wekyb3d8bbwe\\microsoft.system.package.metadata\\resources.e35cc441.pri",
    "Message": "Deleted"
  },
  "json_fields": {
    "provider": "Microsoft-Windows-AppXDeployment-Server",
    "channel": "Microsoft-Windows-AppXDeploymentServer/Operational",
    "event_id": "5508",
    "timestamp": "2022-02-07T14:17:37.558937Z",
    "event_record_id": "4311",
    "level": "5",
    "task": "0",
    "opcode": "0",
    "keywords": "0x4000000000100000",
    "computer": "DESKTOP-A8CALR3",
    "PackageName": "Microsoft.Getstarted_8.2.22942.0_x64__8wekyb3d8bbwe",
    "FilePath": "C:\\Program Files\\WindowsApps\\Microsoft.Getstarted_8.2.22942.0_x64__8wekyb3d8bbwe\\microsoft.system.package.metadata\\resources.e35cc441.pri",
    "Message": "Deleted"
  }
}