{
  "event_id": "551",
  "provider": "Microsoft-Windows-SMBServer",
  "channel": "Microsoft-Windows-SMBServer/Security",
  "source_file": "D:\\visual code file\\Project_4\\Event-Analyzer\\test\\Benign\\win2022-0-20348-azure\\Microsoft-Windows-SMBServer%4Security.evtx",
  "event_record_id": 1,
  "xml": "<?xml version=\"1.0\" encoding=\"utf-8\"?>\n<Event xmlns=\"http://schemas.microsoft.com/win/2004/08/events/event\">\n  <System>\n    <Provider Name=\"Microsoft-Windows-SMBServer\" Guid=\"D48CE617-33A2-4BC3-A5C7-11AA4F29619E\">\n    </Provider>\n    <EventID>551</EventID>\n    <Version>3</Version>\n    <Level>2</Level>\n    <Task>551</Task>\n    <Opcode>0</Opcode>\n    <Keywords>0x810000000000008</Keywords>\n    <TimeCreated SystemTime=\"2022-09-08T21:02:53.481239Z\">\n    </TimeCreated>\n    <EventRecordID>1</EventRecordID>\n    <Correlation>\n    </Correlation>\n    <Execution ProcessID=\"4\" ThreadID=\"5416\">\n    </Execution>\n    <Channel>Microsoft-Windows-SMBServer/Security</Channel>\n    <Computer>WIN-06FB45IHQ35</Computer>\n    <Security UserID=\"S-1-5-18\">\n    </Security>\n  </System>\n  <UserData>\n    <EventData xmlns=\"Smb2Namespace\">\n      <SessionGUID>2D2A63B6-C3C6-0000-AF9B-2A2DC6C3D801</SessionGUID>\n      <ConnectionGUID>2D2A63B6-C3C6-0000-AE9B-2A2DC6C3D801</ConnectionGUID>\n      <Status>0xc000006d</Status>\n      <TranslatedStatus>0xc000006d</TranslatedStatus>\n      <ClientAddressLength>16</ClientAddressLength>\n      <ClientAddress>0200CBD0210000020000000000000000</ClientAddress>\n      <SessionId>0x40000000001</SessionId>\n      <UserNameLength>0</UserNameLength>\n      <UserName></UserName>\n      <ClientNameLength>10</ClientNameLength>\n      <ClientName>\\\\33.0.0.2</ClientName>\n      <SPN>session setup failed before the SPN could be queried</SPN>\n      <SPNValidationPolicy>0</SPNValidationPolicy>\n      <ReasonCode>3</ReasonCode>\n    </EventData>\n  </UserData>\n</Event>\n",
  "json": "{\"Event\":{\"#attributes\":{\"xmlns\":\"http://schemas.microsoft.com/win/2004/08/events/event\"},\"System\":{\"Provider\":{\"#attributes\":{\"Name\":\"Microsoft-Windows-SMBServer\",\"Guid\":\"D48CE617-33A2-4BC3-A5C7-11AA4F29619E\"}},\"EventID\":551,\"Version\":3,\"Level\":2,\"Task\":551,\"Opcode\":0,\"Keywords\":\"0x810000000000008\",\"TimeCreated\":{\"#attributes\":{\"SystemTime\":\"2022-09-08T21:02:53.481239Z\"}},\"EventRecordID\":1,\"Correlation\":null,\"Execution\":{\"#attributes\":{\"ProcessID\":4,\"ThreadID\":5416}},\"Channel\":\"Microsoft-Windows-SMBServer/Security\",\"Computer\":\"WIN-06FB45IHQ35\",\"Security\":{\"#attributes\":{\"UserID\":\"S-1-5-18\"}}},\"UserData\":{\"EventData\":{\"#attributes\":{\"xmlns\":\"Smb2Namespace\"},\"SessionGUID\":\"2D2A63B6-C3C6-0000-AF9B-2A2DC6C3D801\",\"ConnectionGUID\":\"2D2A63B6-C3C6-0000-AE9B-2A2DC6C3D801\",\"Status\":\"0xc000006d\",\"TranslatedStatus\":\"0xc000006d\",\"ClientAddressLength\":16,\"ClientAddress\":\"0200CBD0210000020000000000000000\",\"SessionId\":\"0x40000000001\",\"UserNameLength\":0,\"UserName\":null,\"ClientNameLength\":10,\"ClientName\":\"\\\\\\\\33.0.0.2\",\"SPN\":\"session setup failed before the SPN could be queried\",\"SPNValidationPolicy\":0,\"ReasonCode\":3}}}}",
  "xml_fields": {
    "provider": "Microsoft-Windows-SMBServer",
    "event_id": "551",
    "timestamp": "2022-09-08T21:02:53.481239Z",
    "event_record_id": "1",
    "level": "2",
    "task": "551",
    "opcode": "0",
    "keywords": "0x810000000000008",
    "channel": "Microsoft-Windows-SMBServer/Security",
    "computer": "WIN-06FB45IHQ35",
    "SessionGUID": "2D2A63B6-C3C6-0000-AF9B-2A2DC6C3D801",
    "ConnectionGUID": "2D2A63B6-C3C6-0000-AE9B-2A2DC6C3D801",
    "Status": "0xc000006d",
    "TranslatedStatus": "0xc000006d",
    "ClientAddressLength": "16",
    "ClientAddress": "0200CBD0210000020000000000000000",
    "SessionId": "0x40000000001",
    "UserNameLength": "0",
    "ClientNameLength": "10",
    "ClientName": "\\\\33.0.0.2",
    "SPN": "session setup failed before the SPN could be queried",
    "SPNValidationPolicy": "0",
    "ReasonCode": "3"
  },
  "json_fields": {
    "provider": "Microsoft-Windows-SMBServer",
    "channel": "Microsoft-Windows-SMBServer/Security",
    "event_id": "551",
    "timestamp": "2022-09-08T21:02:53.481239Z",
    "event_record_id": "1",
    "level": "2",
    "task": "551",
    "opcode": "0",
    "keywords": "0x810000000000008",
    "computer": "WIN-06FB45IHQ35",
    "SessionGUID": "2D2A63B6-C3C6-0000-AF9B-2A2DC6C3D801",
    "ConnectionGUID": "2D2A63B6-C3C6-0000-AE9B-2A2DC6C3D801",
    "Status": "0xc000006d",
    "TranslatedStatus": "0xc000006d",
    "ClientAddressLength": "16",
    "ClientAddress": "0200CBD0210000020000000000000000",
    "SessionId": "0x40000000001",
    "UserNameLength": "0",
    "ClientNameLength": "10",
    "ClientName": "\\\\33.0.0.2",
    "SPN": "session setup failed before the SPN could be queried",
    "SPNValidationPolicy": "0",
    "ReasonCode": "3"
  }
}