{
  "event_id": "551",
  "provider": "Microsoft-Windows-StorPort",
  "channel": "Microsoft-Windows-Storage-Storport/Operational",
  "source_file": "D:\\visual code file\\Project_4\\Event-Analyzer\\test\\Benign\\Logs_Win11_2023\\Microsoft-Windows-Storage-Storport%4Operational.evtx",
  "event_record_id": 58,
  "xml": "<?xml version=\"1.0\" encoding=\"utf-8\"?>\n<Event xmlns=\"http://schemas.microsoft.com/win/2004/08/events/event\">\n  <System>\n    <Provider Name=\"Microsoft-Windows-StorPort\" Guid=\"C4636A1E-7986-4646-BF10-7BC3B4A76E8E\">\n    </Provider>\n    <EventID>551</EventID>\n    <Version>1</Version>\n    <Level>2</Level>\n    <Task>201</Task>\n    <Opcode>0</Opcode>\n    <Keywords>0x800000000000002</Keywords>\n    <TimeCreated SystemTime=\"2023-10-25T22:51:06.043429Z\">\n    </TimeCreated>\n    <EventRecordID>58</EventRecordID>\n    <Correlation>\n    </Correlation>\n    <Execution ProcessID=\"4\" ThreadID=\"4016\">\n    </Execution>\n    <Channel>Microsoft-Windows-Storage-Storport/Operational</Channel>\n    <Computer>WinDevEval</Computer>\n    <Security UserID=\"S-1-5-18\">\n    </Security>\n  </System>\n  <EventData>\n    <Data Name=\"MiniportName\">vhdmp</Data>\n    <Data Name=\"PortNumber\">3</Data>\n    <Data Name=\"AdapterGuid\">87D24A1A-7388-11EE-9366-000C29B19818</Data>\n    <Data Name=\"PathID\">0</Data>\n    <Data Name=\"TargetID\">0</Data>\n    <Data Name=\"LUN\">1</Data>\n    <Data Name=\"ClassDeviceGuid\">00000000-0000-0000-0000-000000000000</Data>\n    <Data Name=\"VendorId\">Msft    </Data>\n    <Data Name=\"ProductId\">Virtual DVD-ROM </Data>\n    <Data Name=\"SerialNumber\"></Data>\n    <Data Name=\"AdapterSerialNumber\"></Data>\n    <Data Name=\"Removable\">false</Data>\n    <Data Name=\"SurpriseRemovalOK\">false</Data>\n  </EventData>\n</Event>\n",
  "json": "{\"Event\":{\"#attributes\":{\"xmlns\":\"http://schemas.microsoft.com/win/2004/08/events/event\"},\"System\":{\"Provider\":{\"#attributes\":{\"Name\":\"Microsoft-Windows-StorPort\",\"Guid\":\"C4636A1E-7986-4646-BF10-7BC3B4A76E8E\"}},\"EventID\":551,\"Version\":1,\"Level\":2,\"Task\":201,\"Opcode\":0,\"Keywords\":\"0x800000000000002\",\"TimeCreated\":{\"#attributes\":{\"SystemTime\":\"2023-10-25T22:51:06.043429Z\"}},\"EventRecordID\":58,\"Correlation\":null,\"Execution\":{\"#attributes\":{\"ProcessID\":4,\"ThreadID\":4016}},\"Channel\":\"Microsoft-Windows-Storage-Storport/Operational\",\"Computer\":\"WinDevEval\",\"Security\":{\"#attributes\":{\"UserID\":\"S-1-5-18\"}}},\"EventData\":{\"MiniportName\":\"vhdmp\",\"PortNumber\":3,\"AdapterGuid\":\"87D24A1A-7388-11EE-9366-000C29B19818\",\"PathID\":0,\"TargetID\":0,\"LUN\":1,\"ClassDeviceGuid\":\"00000000-0000-0000-0000-000000000000\",\"VendorId\":\"Msft    \",\"ProductId\":\"Virtual DVD-ROM \",\"SerialNumber\":\"\",\"AdapterSerialNumber\":\"\",\"Removable\":false,\"SurpriseRemovalOK\":false}}}",
  "xml_fields": {
    "provider": "Microsoft-Windows-StorPort",
    "event_id": "551",
    "timestamp": "2023-10-25T22:51:06.043429Z",
    "event_record_id": "58",
    "level": "2",
    "task": "201",
    "opcode": "0",
    "keywords": "0x800000000000002",
    "channel": "Microsoft-Windows-Storage-Storport/Operational",
    "computer": "WinDevEval",
    "MiniportName": "vhdmp",
    "PortNumber": "3",
    "AdapterGuid": "87D24A1A-7388-11EE-9366-000C29B19818",
    "PathID": "0",
    "TargetID": "0",
    "LUN": "1",
    "ClassDeviceGuid": "00000000-0000-0000-0000-000000000000",
    "VendorId": "Msft    ",
    "ProductId": "Virtual DVD-ROM ",
    "SerialNumber": "",
    "AdapterSerialNumber": "",
    "Removable": "false",
    "SurpriseRemovalOK": "false"
  },
  "json_fields": {
    "provider": "Microsoft-Windows-StorPort",
    "channel": "Microsoft-Windows-Storage-Storport/Operational",
    "event_id": "551",
    "timestamp": "2023-10-25T22:51:06.043429Z",
    "event_record_id": "58",
    "level": "2",
    "task": "201",
    "opcode": "0",
    "keywords": "0x800000000000002",
    "computer": "WinDevEval",
    "MiniportName": "vhdmp",
    "PortNumber": "3",
    "AdapterGuid": "87D24A1A-7388-11EE-9366-000C29B19818",
    "PathID": "0",
    "TargetID": "0",
    "LUN": "1",
    "ClassDeviceGuid": "00000000-0000-0000-0000-000000000000",
    "VendorId": "Msft    ",
    "ProductId": "Virtual DVD-ROM ",
    "SerialNumber": "",
    "AdapterSerialNumber": "",
    "Removable": "False",
    "SurpriseRemovalOK": "False"
  }
}