{
  "event_id": "552",
  "provider": "Microsoft-Windows-AppXDeployment-Server",
  "channel": "Microsoft-Windows-AppXDeploymentServer/Operational",
  "source_file": "D:\\visual code file\\Project_4\\Event-Analyzer\\test\\Benign\\Logs_Client\\Microsoft-Windows-AppXDeploymentServer%4Operational.evtx",
  "event_record_id": 4049,
  "xml": "<?xml version=\"1.0\" encoding=\"utf-8\"?>\n<Event xmlns=\"http://schemas.microsoft.com/win/2004/08/events/event\">\n  <System>\n    <Provider Name=\"Microsoft-Windows-AppXDeployment-Server\" Guid=\"3F471139-ACB7-4A01-B7A7-FF5DA4BA2D43\">\n    </Provider>\n    <EventID>552</EventID>\n    <Version>0</Version>\n    <Level>5</Level>\n    <Task>3</Task>\n    <Opcode>0</Opcode>\n    <Keywords>0x4000000000000001</Keywords>\n    <TimeCreated SystemTime=\"2022-02-07T14:17:30.412283Z\">\n    </TimeCreated>\n    <EventRecordID>4049</EventRecordID>\n    <Correlation ActivityID=\"50F926D5-1C1B-0000-C7AF-F9501B1CD801\">\n    </Correlation>\n    <Execution ProcessID=\"1904\" ThreadID=\"2280\">\n    </Execution>\n    <Channel>Microsoft-Windows-AppXDeploymentServer/Operational</Channel>\n    <Computer>DESKTOP-A8CALR3</Computer>\n    <Security UserID=\"S-1-5-18\">\n    </Security>\n  </System>\n  <EventData>\n    <Data Name=\"PackageFullName\">Microsoft.Services.Store.Engagement_10.0.18101.0_x86__8wekyb3d8bbwe</Data>\n    <Data Name=\"FullFilePath\">\\\\?\\C:\\Program Files\\WindowsApps\\Microsoft.Services.Store.Engagement_10.0.18101.0_x86__8wekyb3d8bbwe\\microsoft.system.package.metadata\\Autogen\\JSByteCodeCache_32</Data>\n  </EventData>\n</Event>\n",
  "json": "{\"Event\":{\"#attributes\":{\"xmlns\":\"http://schemas.microsoft.com/win/2004/08/events/event\"},\"System\":{\"Provider\":{\"#attributes\":{\"Name\":\"Microsoft-Windows-AppXDeployment-Server\",\"Guid\":\"3F471139-ACB7-4A01-B7A7-FF5DA4BA2D43\"}},\"EventID\":552,\"Version\":0,\"Level\":5,\"Task\":3,\"Opcode\":0,\"Keywords\":\"0x4000000000000001\",\"TimeCreated\":{\"#attributes\":{\"SystemTime\":\"2022-02-07T14:17:30.412283Z\"}},\"EventRecordID\":4049,\"Correlation\":{\"#attributes\":{\"ActivityID\":\"50F926D5-1C1B-0000-C7AF-F9501B1CD801\"}},\"Execution\":{\"#attributes\":{\"ProcessID\":1904,\"ThreadID\":2280}},\"Channel\":\"Microsoft-Windows-AppXDeploymentServer/Operational\",\"Computer\":\"DESKTOP-A8CALR3\",\"Security\":{\"#attributes\":{\"UserID\":\"S-1-5-18\"}}},\"EventData\":{\"PackageFullName\":\"Microsoft.Services.Store.Engagement_10.0.18101.0_x86__8wekyb3d8bbwe\",\"FullFilePath\":\"\\\\\\\\?\\\\C:\\\\Program Files\\\\WindowsApps\\\\Microsoft.Services.Store.Engagement_10.0.18101.0_x86__8wekyb3d8bbwe\\\\microsoft.system.package.metadata\\\\Autogen\\\\JSByteCodeCache_32\"}}}",
  "xml_fields": {
    "provider": "Microsoft-Windows-AppXDeployment-Server",
    "event_id": "552",
    "timestamp": "2022-02-07T14:17:30.412283Z",
    "event_record_id": "4049",
    "level": "5",
    "task": "3",
    "opcode": "0",
    "keywords": "0x4000000000000001",
    "channel": "Microsoft-Windows-AppXDeploymentServer/Operational",
    "computer": "DESKTOP-A8CALR3",
    "PackageFullName": "Microsoft.Services.Store.Engagement_10.0.18101.0_x86__8wekyb3d8bbwe",
    "FullFilePath": "\\\\?\\C:\\Program Files\\WindowsApps\\Microsoft.Services.Store.Engagement_10.0.18101.0_x86__8wekyb3d8bbwe\\microsoft.system.package.metadata\\Autogen\\JSByteCodeCache_32"
  },
  "json_fields": {
    "provider": "Microsoft-Windows-AppXDeployment-Server",
    "channel": "Microsoft-Windows-AppXDeploymentServer/Operational",
    "event_id": "552",
    "timestamp": "2022-02-07T14:17:30.412283Z",
    "event_record_id": "4049",
    "level": "5",
    "task": "3",
    "opcode": "0",
    "keywords": "0x4000000000000001",
    "computer": "DESKTOP-A8CALR3",
    "PackageFullName": "Microsoft.Services.Store.Engagement_10.0.18101.0_x86__8wekyb3d8bbwe",
    "FullFilePath": "\\\\?\\C:\\Program Files\\WindowsApps\\Microsoft.Services.Store.Engagement_10.0.18101.0_x86__8wekyb3d8bbwe\\microsoft.system.package.metadata\\Autogen\\JSByteCodeCache_32"
  }
}