{
  "event_id": "553",
  "provider": "Microsoft-Windows-StorPort",
  "channel": "Microsoft-Windows-Storage-Storport/Operational",
  "source_file": "D:\\visual code file\\Project_4\\Event-Analyzer\\test\\Logs\\Microsoft-Windows-Storage-Storport%4Operational.evtx",
  "event_record_id": 2,
  "xml": "<?xml version=\"1.0\" encoding=\"utf-8\"?>\n<Event xmlns=\"http://schemas.microsoft.com/win/2004/08/events/event\">\n  <System>\n    <Provider Name=\"Microsoft-Windows-StorPort\" Guid=\"C4636A1E-7986-4646-BF10-7BC3B4A76E8E\">\n    </Provider>\n    <EventID>553</EventID>\n    <Version>1</Version>\n    <Level>4</Level>\n    <Task>201</Task>\n    <Opcode>0</Opcode>\n    <Keywords>0x800000000000002</Keywords>\n    <TimeCreated SystemTime=\"2024-11-05T01:33:00.719433Z\">\n    </TimeCreated>\n    <EventRecordID>2</EventRecordID>\n    <Correlation>\n    </Correlation>\n    <Execution ProcessID=\"4\" ThreadID=\"8\">\n    </Execution>\n    <Channel>Microsoft-Windows-Storage-Storport/Operational</Channel>\n    <Computer>WIN-5LCFHVCO531</Computer>\n    <Security UserID=\"S-1-5-18\">\n    </Security>\n  </System>\n  <EventData>\n    <Data Name=\"MiniportName\">storahci</Data>\n    <Data Name=\"PortNumber\">2</Data>\n    <Data Name=\"AdapterGuid\">E27835C6-9B15-11EF-9769-806E6F6E6963</Data>\n    <Data Name=\"NewUnitCount\">1</Data>\n    <Data Name=\"DeleteUnitCount\">0</Data>\n  </EventData>\n</Event>\n",
  "json": "{\"Event\":{\"#attributes\":{\"xmlns\":\"http://schemas.microsoft.com/win/2004/08/events/event\"},\"System\":{\"Provider\":{\"#attributes\":{\"Name\":\"Microsoft-Windows-StorPort\",\"Guid\":\"C4636A1E-7986-4646-BF10-7BC3B4A76E8E\"}},\"EventID\":553,\"Version\":1,\"Level\":4,\"Task\":201,\"Opcode\":0,\"Keywords\":\"0x800000000000002\",\"TimeCreated\":{\"#attributes\":{\"SystemTime\":\"2024-11-05T01:33:00.719433Z\"}},\"EventRecordID\":2,\"Correlation\":null,\"Execution\":{\"#attributes\":{\"ProcessID\":4,\"ThreadID\":8}},\"Channel\":\"Microsoft-Windows-Storage-Storport/Operational\",\"Computer\":\"WIN-5LCFHVCO531\",\"Security\":{\"#attributes\":{\"UserID\":\"S-1-5-18\"}}},\"EventData\":{\"MiniportName\":\"storahci\",\"PortNumber\":2,\"AdapterGuid\":\"E27835C6-9B15-11EF-9769-806E6F6E6963\",\"NewUnitCount\":1,\"DeleteUnitCount\":0}}}",
  "xml_fields": {
    "provider": "Microsoft-Windows-StorPort",
    "event_id": "553",
    "timestamp": "2024-11-05T01:33:00.719433Z",
    "event_record_id": "2",
    "level": "4",
    "task": "201",
    "opcode": "0",
    "keywords": "0x800000000000002",
    "channel": "Microsoft-Windows-Storage-Storport/Operational",
    "computer": "WIN-5LCFHVCO531",
    "MiniportName": "storahci",
    "PortNumber": "2",
    "AdapterGuid": "E27835C6-9B15-11EF-9769-806E6F6E6963",
    "NewUnitCount": "1",
    "DeleteUnitCount": "0"
  },
  "json_fields": {
    "provider": "Microsoft-Windows-StorPort",
    "channel": "Microsoft-Windows-Storage-Storport/Operational",
    "event_id": "553",
    "timestamp": "2024-11-05T01:33:00.719433Z",
    "event_record_id": "2",
    "level": "4",
    "task": "201",
    "opcode": "0",
    "keywords": "0x800000000000002",
    "computer": "WIN-5LCFHVCO531",
    "MiniportName": "storahci",
    "PortNumber": "2",
    "AdapterGuid": "E27835C6-9B15-11EF-9769-806E6F6E6963",
    "NewUnitCount": "1",
    "DeleteUnitCount": "0"
  }
}