{
  "event_id": "55",
  "provider": "Microsoft-Windows-Kernel-Processor-Power",
  "channel": "System",
  "source_file": "D:\\visual code file\\Project_4\\Event-Analyzer\\test\\Logs\\System.evtx",
  "event_record_id": 1117,
  "xml": "<?xml version=\"1.0\" encoding=\"utf-8\"?>\n<Event xmlns=\"http://schemas.microsoft.com/win/2004/08/events/event\">\n  <System>\n    <Provider Name=\"Microsoft-Windows-Kernel-Processor-Power\" Guid=\"0F67E49F-FE51-4E9F-B490-6F2948CC6027\">\n    </Provider>\n    <EventID>55</EventID>\n    <Version>0</Version>\n    <Level>4</Level>\n    <Task>47</Task>\n    <Opcode>0</Opcode>\n    <Keywords>0x8000000000000000</Keywords>\n    <TimeCreated SystemTime=\"2025-01-24T10:50:03.650115Z\">\n    </TimeCreated>\n    <EventRecordID>1117</EventRecordID>\n    <Correlation>\n    </Correlation>\n    <Execution ProcessID=\"4\" ThreadID=\"308\">\n    </Execution>\n    <Channel>System</Channel>\n    <Computer>CTO-FILESVR</Computer>\n    <Security UserID=\"S-1-5-18\">\n    </Security>\n  </System>\n  <EventData>\n    <Data Name=\"Group\">0</Data>\n    <Data Name=\"Number\">0</Data>\n    <Data Name=\"IdleStateCount\">1</Data>\n    <Data Name=\"IdleImplementation\">1</Data>\n    <Data Name=\"NominalFrequency\">3693</Data>\n    <Data Name=\"MaximumPerformancePercent\">100</Data>\n    <Data Name=\"MinimumPerformancePercent\">100</Data>\n    <Data Name=\"MinimumThrottlePercent\">100</Data>\n    <Data Name=\"PerformanceImplementation\">0</Data>\n  </EventData>\n</Event>\n",
  "json": "{\"Event\":{\"#attributes\":{\"xmlns\":\"http://schemas.microsoft.com/win/2004/08/events/event\"},\"System\":{\"Provider\":{\"#attributes\":{\"Name\":\"Microsoft-Windows-Kernel-Processor-Power\",\"Guid\":\"0F67E49F-FE51-4E9F-B490-6F2948CC6027\"}},\"EventID\":55,\"Version\":0,\"Level\":4,\"Task\":47,\"Opcode\":0,\"Keywords\":\"0x8000000000000000\",\"TimeCreated\":{\"#attributes\":{\"SystemTime\":\"2025-01-24T10:50:03.650115Z\"}},\"EventRecordID\":1117,\"Correlation\":null,\"Execution\":{\"#attributes\":{\"ProcessID\":4,\"ThreadID\":308}},\"Channel\":\"System\",\"Computer\":\"CTO-FILESVR\",\"Security\":{\"#attributes\":{\"UserID\":\"S-1-5-18\"}}},\"EventData\":{\"Group\":0,\"Number\":0,\"IdleStateCount\":1,\"IdleImplementation\":1,\"NominalFrequency\":3693,\"MaximumPerformancePercent\":100,\"MinimumPerformancePercent\":100,\"MinimumThrottlePercent\":100,\"PerformanceImplementation\":0}}}",
  "xml_fields": {
    "provider": "Microsoft-Windows-Kernel-Processor-Power",
    "event_id": "55",
    "timestamp": "2025-01-24T10:50:03.650115Z",
    "event_record_id": "1117",
    "level": "4",
    "task": "47",
    "opcode": "0",
    "keywords": "0x8000000000000000",
    "channel": "System",
    "computer": "CTO-FILESVR",
    "Group": "0",
    "Number": "0",
    "IdleStateCount": "1",
    "IdleImplementation": "1",
    "NominalFrequency": "3693",
    "MaximumPerformancePercent": "100",
    "MinimumPerformancePercent": "100",
    "MinimumThrottlePercent": "100",
    "PerformanceImplementation": "0"
  },
  "json_fields": {
    "provider": "Microsoft-Windows-Kernel-Processor-Power",
    "channel": "System",
    "event_id": "55",
    "timestamp": "2025-01-24T10:50:03.650115Z",
    "event_record_id": "1117",
    "level": "4",
    "task": "47",
    "opcode": "0",
    "keywords": "0x8000000000000000",
    "computer": "CTO-FILESVR",
    "Group": "0",
    "Number": "0",
    "IdleStateCount": "1",
    "IdleImplementation": "1",
    "NominalFrequency": "3693",
    "MaximumPerformancePercent": "100",
    "MinimumPerformancePercent": "100",
    "MinimumThrottlePercent": "100",
    "PerformanceImplementation": "0"
  }
}