{
  "event_id": "5600",
  "provider": "Microsoft-Windows-WinINet-Config",
  "channel": "Microsoft-Windows-WinINet-Config/ProxyConfigChanged",
  "source_file": "D:\\visual code file\\Project_4\\Event-Analyzer\\test\\Logs\\Microsoft-Windows-WinINet-Config%4ProxyConfigChanged.evtx",
  "event_record_id": 1,
  "xml": "<?xml version=\"1.0\" encoding=\"utf-8\"?>\n<Event xmlns=\"http://schemas.microsoft.com/win/2004/08/events/event\">\n  <System>\n    <Provider Name=\"Microsoft-Windows-WinINet-Config\" Guid=\"5402E5EA-1BDD-4390-82BE-E108F1E634F5\">\n    </Provider>\n    <EventID>5600</EventID>\n    <Version>0</Version>\n    <Level>4</Level>\n    <Task>0</Task>\n    <Opcode>0</Opcode>\n    <Keywords>0x8000000000000000</Keywords>\n    <TimeCreated SystemTime=\"2024-11-04T12:40:20.465281Z\">\n    </TimeCreated>\n    <EventRecordID>1</EventRecordID>\n    <Correlation ActivityID=\"4C77A1AA-0040-0000-2343-0000AC070000\">\n    </Correlation>\n    <Execution ProcessID=\"1964\" ThreadID=\"2156\">\n    </Execution>\n    <Channel>Microsoft-Windows-WinINet-Config/ProxyConfigChanged</Channel>\n    <Computer>DESKTOP-P9H5FTA</Computer>\n    <Security UserID=\"S-1-5-21-3088055692-629932344-1786574096-1000\">\n    </Security>\n  </System>\n  <EventData>\n    <Data Name=\"fAutoDetect\">true</Data>\n    <Data Name=\"pwszAutoConfigUrl\"></Data>\n    <Data Name=\"pwszProxy\"></Data>\n    <Data Name=\"pwszProxyBypass\"></Data>\n  </EventData>\n</Event>\n",
  "json": "{\"Event\":{\"#attributes\":{\"xmlns\":\"http://schemas.microsoft.com/win/2004/08/events/event\"},\"System\":{\"Provider\":{\"#attributes\":{\"Name\":\"Microsoft-Windows-WinINet-Config\",\"Guid\":\"5402E5EA-1BDD-4390-82BE-E108F1E634F5\"}},\"EventID\":5600,\"Version\":0,\"Level\":4,\"Task\":0,\"Opcode\":0,\"Keywords\":\"0x8000000000000000\",\"TimeCreated\":{\"#attributes\":{\"SystemTime\":\"2024-11-04T12:40:20.465281Z\"}},\"EventRecordID\":1,\"Correlation\":{\"#attributes\":{\"ActivityID\":\"4C77A1AA-0040-0000-2343-0000AC070000\"}},\"Execution\":{\"#attributes\":{\"ProcessID\":1964,\"ThreadID\":2156}},\"Channel\":\"Microsoft-Windows-WinINet-Config/ProxyConfigChanged\",\"Computer\":\"DESKTOP-P9H5FTA\",\"Security\":{\"#attributes\":{\"UserID\":\"S-1-5-21-3088055692-629932344-1786574096-1000\"}}},\"EventData\":{\"fAutoDetect\":true,\"pwszAutoConfigUrl\":\"\",\"pwszProxy\":\"\",\"pwszProxyBypass\":\"\"}}}",
  "xml_fields": {
    "provider": "Microsoft-Windows-WinINet-Config",
    "event_id": "5600",
    "timestamp": "2024-11-04T12:40:20.465281Z",
    "event_record_id": "1",
    "level": "4",
    "task": "0",
    "opcode": "0",
    "keywords": "0x8000000000000000",
    "channel": "Microsoft-Windows-WinINet-Config/ProxyConfigChanged",
    "computer": "DESKTOP-P9H5FTA",
    "fAutoDetect": "true",
    "pwszAutoConfigUrl": "",
    "pwszProxy": "",
    "pwszProxyBypass": ""
  },
  "json_fields": {
    "provider": "Microsoft-Windows-WinINet-Config",
    "channel": "Microsoft-Windows-WinINet-Config/ProxyConfigChanged",
    "event_id": "5600",
    "timestamp": "2024-11-04T12:40:20.465281Z",
    "event_record_id": "1",
    "level": "4",
    "task": "0",
    "opcode": "0",
    "keywords": "0x8000000000000000",
    "computer": "DESKTOP-P9H5FTA",
    "fAutoDetect": "True",
    "pwszAutoConfigUrl": "",
    "pwszProxy": "",
    "pwszProxyBypass": ""
  }
}