{
  "event_id": "5611",
  "provider": "Microsoft-Windows-WMI",
  "channel": "Application",
  "source_file": "D:\\visual code file\\Project_4\\Event-Analyzer\\test\\Logs\\Application.evtx",
  "event_record_id": 42,
  "xml": "<?xml version=\"1.0\" encoding=\"utf-8\"?>\n<Event xmlns=\"http://schemas.microsoft.com/win/2004/08/events/event\">\n  <System>\n    <Provider Name=\"Microsoft-Windows-WMI\" Guid=\"1EDEEE53-0AFE-4609-B846-D8C0B2075B1F\">\n    </Provider>\n    <EventID>5611</EventID>\n    <Version>2</Version>\n    <Level>4</Level>\n    <Task>0</Task>\n    <Opcode>0</Opcode>\n    <Keywords>0x8000000000000000</Keywords>\n    <TimeCreated SystemTime=\"2024-11-04T12:34:56.400358Z\">\n    </TimeCreated>\n    <EventRecordID>42</EventRecordID>\n    <Correlation ActivityID=\"F8CAB83A-E2F9-40BA-956F-5D52053EC853\">\n    </Correlation>\n    <Execution ProcessID=\"2676\" ThreadID=\"1160\">\n    </Execution>\n    <Channel>Application</Channel>\n    <Computer>DESKTOP-P9H5FTA</Computer>\n    <Security UserID=\"S-1-5-18\">\n    </Security>\n  </System>\n  <EventData>\n  </EventData>\n</Event>\n",
  "json": "{\"Event\":{\"#attributes\":{\"xmlns\":\"http://schemas.microsoft.com/win/2004/08/events/event\"},\"System\":{\"Provider\":{\"#attributes\":{\"Name\":\"Microsoft-Windows-WMI\",\"Guid\":\"1EDEEE53-0AFE-4609-B846-D8C0B2075B1F\"}},\"EventID\":5611,\"Version\":2,\"Level\":4,\"Task\":0,\"Opcode\":0,\"Keywords\":\"0x8000000000000000\",\"TimeCreated\":{\"#attributes\":{\"SystemTime\":\"2024-11-04T12:34:56.400358Z\"}},\"EventRecordID\":42,\"Correlation\":{\"#attributes\":{\"ActivityID\":\"F8CAB83A-E2F9-40BA-956F-5D52053EC853\"}},\"Execution\":{\"#attributes\":{\"ProcessID\":2676,\"ThreadID\":1160}},\"Channel\":\"Application\",\"Computer\":\"DESKTOP-P9H5FTA\",\"Security\":{\"#attributes\":{\"UserID\":\"S-1-5-18\"}}},\"EventData\":null}}",
  "xml_fields": {
    "provider": "Microsoft-Windows-WMI",
    "event_id": "5611",
    "timestamp": "2024-11-04T12:34:56.400358Z",
    "event_record_id": "42",
    "level": "4",
    "task": "0",
    "opcode": "0",
    "keywords": "0x8000000000000000",
    "channel": "Application",
    "computer": "DESKTOP-P9H5FTA"
  },
  "json_fields": {
    "provider": "Microsoft-Windows-WMI",
    "channel": "Application",
    "event_id": "5611",
    "timestamp": "2024-11-04T12:34:56.400358Z",
    "event_record_id": "42",
    "level": "4",
    "task": "0",
    "opcode": "0",
    "keywords": "0x8000000000000000",
    "computer": "DESKTOP-P9H5FTA"
  }
}