{
  "event_id": "566",
  "provider": "Microsoft-Windows-Kernel-Power",
  "channel": "System",
  "source_file": "D:\\visual code file\\Project_4\\Event-Analyzer\\test\\Benign\\Logs_Win11_2023\\System.evtx",
  "event_record_id": 2152,
  "xml": "<?xml version=\"1.0\" encoding=\"utf-8\"?>\n<Event xmlns=\"http://schemas.microsoft.com/win/2004/08/events/event\">\n  <System>\n    <Provider Name=\"Microsoft-Windows-Kernel-Power\" Guid=\"331C3B3A-2005-44C2-AC5E-77220C37D6B4\">\n    </Provider>\n    <EventID>566</EventID>\n    <Version>0</Version>\n    <Level>4</Level>\n    <Task>268</Task>\n    <Opcode>0</Opcode>\n    <Keywords>0x8000000000000604</Keywords>\n    <TimeCreated SystemTime=\"2023-11-06T01:02:40.439924Z\">\n    </TimeCreated>\n    <EventRecordID>2152</EventRecordID>\n    <Correlation>\n    </Correlation>\n    <Execution ProcessID=\"4\" ThreadID=\"10424\">\n    </Execution>\n    <Channel>System</Channel>\n    <Computer>WinDev2310Eval</Computer>\n    <Security UserID=\"S-1-5-18\">\n    </Security>\n  </System>\n  <EventData>\n    <Data Name=\"BootId\">13</Data>\n    <Data Name=\"Reason\">12</Data>\n    <Data Name=\"PreviousSessionId\">0</Data>\n    <Data Name=\"PreviousSessionType\">0</Data>\n    <Data Name=\"PreviousSessionDurationInUs\">9041650713</Data>\n    <Data Name=\"PreviousEnergyCapacityAtStart\">0</Data>\n    <Data Name=\"PreviousFullEnergyCapacityAtStart\">0</Data>\n    <Data Name=\"PreviousEnergyCapacityAtEnd\">0</Data>\n    <Data Name=\"PreviousFullEnergyCapacityAtEnd\">0</Data>\n    <Data Name=\"NextSessionId\">1</Data>\n    <Data Name=\"NextSessionType\">1</Data>\n    <Data Name=\"PowerStateAc\">true</Data>\n    <Data Name=\"MonitorReason\">12</Data>\n  </EventData>\n</Event>\n",
  "json": "{\"Event\":{\"#attributes\":{\"xmlns\":\"http://schemas.microsoft.com/win/2004/08/events/event\"},\"System\":{\"Provider\":{\"#attributes\":{\"Name\":\"Microsoft-Windows-Kernel-Power\",\"Guid\":\"331C3B3A-2005-44C2-AC5E-77220C37D6B4\"}},\"EventID\":566,\"Version\":0,\"Level\":4,\"Task\":268,\"Opcode\":0,\"Keywords\":\"0x8000000000000604\",\"TimeCreated\":{\"#attributes\":{\"SystemTime\":\"2023-11-06T01:02:40.439924Z\"}},\"EventRecordID\":2152,\"Correlation\":null,\"Execution\":{\"#attributes\":{\"ProcessID\":4,\"ThreadID\":10424}},\"Channel\":\"System\",\"Computer\":\"WinDev2310Eval\",\"Security\":{\"#attributes\":{\"UserID\":\"S-1-5-18\"}}},\"EventData\":{\"BootId\":13,\"Reason\":12,\"PreviousSessionId\":0,\"PreviousSessionType\":0,\"PreviousSessionDurationInUs\":9041650713,\"PreviousEnergyCapacityAtStart\":0,\"PreviousFullEnergyCapacityAtStart\":0,\"PreviousEnergyCapacityAtEnd\":0,\"PreviousFullEnergyCapacityAtEnd\":0,\"NextSessionId\":1,\"NextSessionType\":1,\"PowerStateAc\":true,\"MonitorReason\":12}}}",
  "xml_fields": {
    "provider": "Microsoft-Windows-Kernel-Power",
    "event_id": "566",
    "timestamp": "2023-11-06T01:02:40.439924Z",
    "event_record_id": "2152",
    "level": "4",
    "task": "268",
    "opcode": "0",
    "keywords": "0x8000000000000604",
    "channel": "System",
    "computer": "WinDev2310Eval",
    "BootId": "13",
    "Reason": "12",
    "PreviousSessionId": "0",
    "PreviousSessionType": "0",
    "PreviousSessionDurationInUs": "9041650713",
    "PreviousEnergyCapacityAtStart": "0",
    "PreviousFullEnergyCapacityAtStart": "0",
    "PreviousEnergyCapacityAtEnd": "0",
    "PreviousFullEnergyCapacityAtEnd": "0",
    "NextSessionId": "1",
    "NextSessionType": "1",
    "PowerStateAc": "true",
    "MonitorReason": "12"
  },
  "json_fields": {
    "provider": "Microsoft-Windows-Kernel-Power",
    "channel": "System",
    "event_id": "566",
    "timestamp": "2023-11-06T01:02:40.439924Z",
    "event_record_id": "2152",
    "level": "4",
    "task": "268",
    "opcode": "0",
    "keywords": "0x8000000000000604",
    "computer": "WinDev2310Eval",
    "BootId": "13",
    "Reason": "12",
    "PreviousSessionId": "0",
    "PreviousSessionType": "0",
    "PreviousSessionDurationInUs": "9041650713",
    "PreviousEnergyCapacityAtStart": "0",
    "PreviousFullEnergyCapacityAtStart": "0",
    "PreviousEnergyCapacityAtEnd": "0",
    "PreviousFullEnergyCapacityAtEnd": "0",
    "NextSessionId": "1",
    "NextSessionType": "1",
    "PowerStateAc": "True",
    "MonitorReason": "12"
  }
}