{
  "event_id": "567",
  "provider": "Microsoft-Windows-StorPort",
  "channel": "Microsoft-Windows-Storage-Storport/Operational",
  "source_file": "D:\\visual code file\\Project_4\\Event-Analyzer\\test\\Benign\\Logs_Win11\\Microsoft-Windows-Storage-Storport%4Operational.evtx",
  "event_record_id": 6,
  "xml": "<?xml version=\"1.0\" encoding=\"utf-8\"?>\n<Event xmlns=\"http://schemas.microsoft.com/win/2004/08/events/event\">\n  <System>\n    <Provider Name=\"Microsoft-Windows-StorPort\" Guid=\"C4636A1E-7986-4646-BF10-7BC3B4A76E8E\">\n    </Provider>\n    <EventID>567</EventID>\n    <Version>1</Version>\n    <Level>4</Level>\n    <Task>201</Task>\n    <Opcode>0</Opcode>\n    <Keywords>0x800200400000000</Keywords>\n    <TimeCreated SystemTime=\"2022-03-01T16:42:05.266764Z\">\n    </TimeCreated>\n    <EventRecordID>6</EventRecordID>\n    <Correlation>\n    </Correlation>\n    <Execution ProcessID=\"4\" ThreadID=\"8\">\n    </Execution>\n    <Channel>Microsoft-Windows-Storage-Storport/Operational</Channel>\n    <Computer>WIN-KPO4DDU11AB</Computer>\n    <Security>\n    </Security>\n  </System>\n  <EventData>\n    <Data Name=\"PortNumber\">4294967295</Data>\n    <Data Name=\"PathID\">255</Data>\n    <Data Name=\"TargetID\">255</Data>\n    <Data Name=\"LUN\">255</Data>\n    <Data Name=\"ClassDeviceGuid\">00000000-0000-0000-0000-000000000000</Data>\n    <Data Name=\"AdapterGuid\">843A8757-997E-11EC-9DEA-806E6F6E6963</Data>\n    <Data Name=\"MiniportName\">stornvme</Data>\n    <Data Name=\"VendorId\"></Data>\n    <Data Name=\"ProductId\"></Data>\n    <Data Name=\"SerialNumber\"></Data>\n    <Data Name=\"BootDevice\">false</Data>\n    <Data Name=\"DataLength\">664</Data>\n    <Data Name=\"Data\">040000000400000000000000030000000000000000000000000000000000FF000000000000000000080000001F0700000000000000000000640000000040000002000000FFFFFFFF32000000B80B0000E8030000FFFFFFFFFFFFFFFF0000000000000000FFFFFFFF00000000000000000100000000A493D60046C32300000000000000000000000000000000000000000000A0FD000000000000010000000000FF00011420000000010046000100000000000000000000000400000010270000000010000100000000000000000000000100000000000000010008000100000000000000000000000900000000000800080000005C0000000100000004000000000000000000000001000000000000001500000000000000040000000000000000000000000000000000090000020000000080070000000000000000000000000000000000000000000000000000000000000000000000000000000000000000000000000000000000000000000000000000000000000000000000000000000000000000000000000000000000000000000000000000000000000000000000000000000000000000000000000000000000000000000000000000000000000000000000000000000000000000000000000000000000000000000000000000000000000000000000000000000000000000000000000000000000000000000000000000000000000000000000000000000000000000000000000000000000000000000000000000000000000000000000000000000000000000000000000000000000000000000000000000000000000000000000000000000000000000000000000000000000000000000000000000000000000000000000000000000000000000000000000000000000000000000000000000000000000000</Data>\n    <Data Name=\"MiniportEventId\">10</Data>\n    <Data Name=\"MiniportEventDescription\">NVMe Controller Config</Data>\n  </EventData>\n</Event>\n",
  "json": "{\"Event\":{\"#attributes\":{\"xmlns\":\"http://schemas.microsoft.com/win/2004/08/events/event\"},\"System\":{\"Provider\":{\"#attributes\":{\"Name\":\"Microsoft-Windows-StorPort\",\"Guid\":\"C4636A1E-7986-4646-BF10-7BC3B4A76E8E\"}},\"EventID\":567,\"Version\":1,\"Level\":4,\"Task\":201,\"Opcode\":0,\"Keywords\":\"0x800200400000000\",\"TimeCreated\":{\"#attributes\":{\"SystemTime\":\"2022-03-01T16:42:05.266764Z\"}},\"EventRecordID\":6,\"Correlation\":null,\"Execution\":{\"#attributes\":{\"ProcessID\":4,\"ThreadID\":8}},\"Channel\":\"Microsoft-Windows-Storage-Storport/Operational\",\"Computer\":\"WIN-KPO4DDU11AB\",\"Security\":null},\"EventData\":{\"PortNumber\":4294967295,\"PathID\":255,\"TargetID\":255,\"LUN\":255,\"ClassDeviceGuid\":\"00000000-0000-0000-0000-000000000000\",\"AdapterGuid\":\"843A8757-997E-11EC-9DEA-806E6F6E6963\",\"MiniportName\":\"stornvme\",\"VendorId\":\"\",\"ProductId\":\"\",\"SerialNumber\":\"\",\"BootDevice\":false,\"DataLength\":664,\"Data\":\"040000000400000000000000030000000000000000000000000000000000FF000000000000000000080000001F0700000000000000000000640000000040000002000000FFFFFFFF32000000B80B0000E8030000FFFFFFFFFFFFFFFF0000000000000000FFFFFFFF00000000000000000100000000A493D60046C32300000000000000000000000000000000000000000000A0FD000000000000010000000000FF00011420000000010046000100000000000000000000000400000010270000000010000100000000000000000000000100000000000000010008000100000000000000000000000900000000000800080000005C0000000100000004000000000000000000000001000000000000001500000000000000040000000000000000000000000000000000090000020000000080070000000000000000000000000000000000000000000000000000000000000000000000000000000000000000000000000000000000000000000000000000000000000000000000000000000000000000000000000000000000000000000000000000000000000000000000000000000000000000000000000000000000000000000000000000000000000000000000000000000000000000000000000000000000000000000000000000000000000000000000000000000000000000000000000000000000000000000000000000000000000000000000000000000000000000000000000000000000000000000000000000000000000000000000000000000000000000000000000000000000000000000000000000000000000000000000000000000000000000000000000000000000000000000000000000000000000000000000000000000000000000000000000000000000000000000000000000000000000000\",\"MiniportEventId\":10,\"MiniportEventDescription\":\"NVMe Controller Config\"}}}",
  "xml_fields": {
    "provider": "Microsoft-Windows-StorPort",
    "event_id": "567",
    "timestamp": "2022-03-01T16:42:05.266764Z",
    "event_record_id": "6",
    "level": "4",
    "task": "201",
    "opcode": "0",
    "keywords": "0x800200400000000",
    "channel": "Microsoft-Windows-Storage-Storport/Operational",
    "computer": "WIN-KPO4DDU11AB",
    "PortNumber": "4294967295",
    "PathID": "255",
    "TargetID": "255",
    "LUN": "255",
    "ClassDeviceGuid": "00000000-0000-0000-0000-000000000000",
    "AdapterGuid": "843A8757-997E-11EC-9DEA-806E6F6E6963",
    "MiniportName": "stornvme",
    "VendorId": "",
    "ProductId": "",
    "SerialNumber": "",
    "BootDevice": "false",
    "DataLength": "664",
    "Data": "040000000400000000000000030000000000000000000000000000000000FF000000000000000000080000001F0700000000000000000000640000000040000002000000FFFFFFFF32000000B80B0000E8030000FFFFFFFFFFFFFFFF0000000000000000FFFFFFFF00000000000000000100000000A493D60046C32300000000000000000000000000000000000000000000A0FD000000000000010000000000FF00011420000000010046000100000000000000000000000400000010270000000010000100000000000000000000000100000000000000010008000100000000000000000000000900000000000800080000005C0000000100000004000000000000000000000001000000000000001500000000000000040000000000000000000000000000000000090000020000000080070000000000000000000000000000000000000000000000000000000000000000000000000000000000000000000000000000000000000000000000000000000000000000000000000000000000000000000000000000000000000000000000000000000000000000000000000000000000000000000000000000000000000000000000000000000000000000000000000000000000000000000000000000000000000000000000000000000000000000000000000000000000000000000000000000000000000000000000000000000000000000000000000000000000000000000000000000000000000000000000000000000000000000000000000000000000000000000000000000000000000000000000000000000000000000000000000000000000000000000000000000000000000000000000000000000000000000000000000000000000000000000000000000000000000000000000000000000000000000",
    "MiniportEventId": "10",
    "MiniportEventDescription": "NVMe Controller Config"
  },
  "json_fields": {
    "provider": "Microsoft-Windows-StorPort",
    "channel": "Microsoft-Windows-Storage-Storport/Operational",
    "event_id": "567",
    "timestamp": "2022-03-01T16:42:05.266764Z",
    "event_record_id": "6",
    "level": "4",
    "task": "201",
    "opcode": "0",
    "keywords": "0x800200400000000",
    "computer": "WIN-KPO4DDU11AB",
    "PortNumber": "4294967295",
    "PathID": "255",
    "TargetID": "255",
    "LUN": "255",
    "ClassDeviceGuid": "00000000-0000-0000-0000-000000000000",
    "AdapterGuid": "843A8757-997E-11EC-9DEA-806E6F6E6963",
    "MiniportName": "stornvme",
    "VendorId": "",
    "ProductId": "",
    "SerialNumber": "",
    "BootDevice": "False",
    "DataLength": "664",
    "Data": "040000000400000000000000030000000000000000000000000000000000FF000000000000000000080000001F0700000000000000000000640000000040000002000000FFFFFFFF32000000B80B0000E8030000FFFFFFFFFFFFFFFF0000000000000000FFFFFFFF00000000000000000100000000A493D60046C32300000000000000000000000000000000000000000000A0FD000000000000010000000000FF00011420000000010046000100000000000000000000000400000010270000000010000100000000000000000000000100000000000000010008000100000000000000000000000900000000000800080000005C0000000100000004000000000000000000000001000000000000001500000000000000040000000000000000000000000000000000090000020000000080070000000000000000000000000000000000000000000000000000000000000000000000000000000000000000000000000000000000000000000000000000000000000000000000000000000000000000000000000000000000000000000000000000000000000000000000000000000000000000000000000000000000000000000000000000000000000000000000000000000000000000000000000000000000000000000000000000000000000000000000000000000000000000000000000000000000000000000000000000000000000000000000000000000000000000000000000000000000000000000000000000000000000000000000000000000000000000000000000000000000000000000000000000000000000000000000000000000000000000000000000000000000000000000000000000000000000000000000000000000000000000000000000000000000000000000000000000000000000000",
    "MiniportEventId": "10",
    "MiniportEventDescription": "NVMe Controller Config"
  }
}