{
  "event_id": "56",
  "provider": "Microsoft-Windows-AppModel-Runtime",
  "channel": "Microsoft-Windows-AppModel-Runtime/Admin",
  "source_file": "D:\\visual code file\\Project_4\\Event-Analyzer\\test\\Benign\\Logs_Client\\Microsoft-Windows-AppModel-Runtime%4Admin.evtx",
  "event_record_id": 801,
  "xml": "<?xml version=\"1.0\" encoding=\"utf-8\"?>\n<Event xmlns=\"http://schemas.microsoft.com/win/2004/08/events/event\">\n  <System>\n    <Provider Name=\"Microsoft-Windows-AppModel-Runtime\" Guid=\"F1EF270A-0D32-4352-BA52-DBAB41E1D859\">\n    </Provider>\n    <EventID>56</EventID>\n    <Version>0</Version>\n    <Level>4</Level>\n    <Task>0</Task>\n    <Opcode>0</Opcode>\n    <Keywords>0x2000000000000001</Keywords>\n    <TimeCreated SystemTime=\"2022-02-08T12:27:34.790586Z\">\n    </TimeCreated>\n    <EventRecordID>801</EventRecordID>\n    <Correlation ActivityID=\"31F7B951-D00F-494F-B838-ABE2B1D7364B\">\n    </Correlation>\n    <Execution ProcessID=\"848\" ThreadID=\"4192\">\n    </Execution>\n    <Channel>Microsoft-Windows-AppModel-Runtime/Admin</Channel>\n    <Computer>DESKTOP-A8CALR3</Computer>\n    <Security UserID=\"S-1-5-18\">\n    </Security>\n  </System>\n  <EventData>\n    <Data Name=\"PackageFullName\">Microsoft.ZuneMusic_10.21102.11411.0_x64__8wekyb3d8bbwe</Data>\n  </EventData>\n</Event>\n",
  "json": "{\"Event\":{\"#attributes\":{\"xmlns\":\"http://schemas.microsoft.com/win/2004/08/events/event\"},\"System\":{\"Provider\":{\"#attributes\":{\"Name\":\"Microsoft-Windows-AppModel-Runtime\",\"Guid\":\"F1EF270A-0D32-4352-BA52-DBAB41E1D859\"}},\"EventID\":56,\"Version\":0,\"Level\":4,\"Task\":0,\"Opcode\":0,\"Keywords\":\"0x2000000000000001\",\"TimeCreated\":{\"#attributes\":{\"SystemTime\":\"2022-02-08T12:27:34.790586Z\"}},\"EventRecordID\":801,\"Correlation\":{\"#attributes\":{\"ActivityID\":\"31F7B951-D00F-494F-B838-ABE2B1D7364B\"}},\"Execution\":{\"#attributes\":{\"ProcessID\":848,\"ThreadID\":4192}},\"Channel\":\"Microsoft-Windows-AppModel-Runtime/Admin\",\"Computer\":\"DESKTOP-A8CALR3\",\"Security\":{\"#attributes\":{\"UserID\":\"S-1-5-18\"}}},\"EventData\":{\"PackageFullName\":\"Microsoft.ZuneMusic_10.21102.11411.0_x64__8wekyb3d8bbwe\"}}}",
  "xml_fields": {
    "provider": "Microsoft-Windows-AppModel-Runtime",
    "event_id": "56",
    "timestamp": "2022-02-08T12:27:34.790586Z",
    "event_record_id": "801",
    "level": "4",
    "task": "0",
    "opcode": "0",
    "keywords": "0x2000000000000001",
    "channel": "Microsoft-Windows-AppModel-Runtime/Admin",
    "computer": "DESKTOP-A8CALR3",
    "PackageFullName": "Microsoft.ZuneMusic_10.21102.11411.0_x64__8wekyb3d8bbwe"
  },
  "json_fields": {
    "provider": "Microsoft-Windows-AppModel-Runtime",
    "channel": "Microsoft-Windows-AppModel-Runtime/Admin",
    "event_id": "56",
    "timestamp": "2022-02-08T12:27:34.790586Z",
    "event_record_id": "801",
    "level": "4",
    "task": "0",
    "opcode": "0",
    "keywords": "0x2000000000000001",
    "computer": "DESKTOP-A8CALR3",
    "PackageFullName": "Microsoft.ZuneMusic_10.21102.11411.0_x64__8wekyb3d8bbwe"
  }
}