{
  "event_id": "576",
  "provider": "Microsoft-Windows-StorPort",
  "channel": "Microsoft-Windows-Storage-Storport/Operational",
  "source_file": "D:\\visual code file\\Project_4\\Event-Analyzer\\test\\Benign\\Logs_Win11\\Microsoft-Windows-Storage-Storport%4Operational.evtx",
  "event_record_id": 1,
  "xml": "<?xml version=\"1.0\" encoding=\"utf-8\"?>\n<Event xmlns=\"http://schemas.microsoft.com/win/2004/08/events/event\">\n  <System>\n    <Provider Name=\"Microsoft-Windows-StorPort\" Guid=\"C4636A1E-7986-4646-BF10-7BC3B4A76E8E\">\n    </Provider>\n    <EventID>576</EventID>\n    <Version>1</Version>\n    <Level>4</Level>\n    <Task>0</Task>\n    <Opcode>111</Opcode>\n    <Keywords>0x800000100000000</Keywords>\n    <TimeCreated SystemTime=\"2022-03-01T16:42:02.825512Z\">\n    </TimeCreated>\n    <EventRecordID>1</EventRecordID>\n    <Correlation>\n    </Correlation>\n    <Execution ProcessID=\"4\" ThreadID=\"8\">\n    </Execution>\n    <Channel>Microsoft-Windows-Storage-Storport/Operational</Channel>\n    <Computer>WIN-KPO4DDU11AB</Computer>\n    <Security UserID=\"S-1-5-18\">\n    </Security>\n  </System>\n  <EventData>\n    <Data Name=\"AdapterGuid\">843A8756-997E-11EC-9DEA-806E6F6E6963</Data>\n    <Data Name=\"PortNumber\">4294967295</Data>\n    <Data Name=\"AdapterHardwareId\">PCI\\VEN_15AD&amp;DEV_07E0&amp;SUBSYS_07E015AD&amp;REV_00</Data>\n    <Data Name=\"MiniportName\">storahci</Data>\n    <Data Name=\"AdapterInterfaceType\">5</Data>\n    <Data Name=\"Flags\">4535619747872</Data>\n    <Data Name=\"AllowStorageD3\">true</Data>\n    <Data Name=\"AcpiDsdProperty\">4294967295</Data>\n    <Data Name=\"StorageD3RegistryState\">4294967295</Data>\n    <Data Name=\"StorageD3Enable\">true</Data>\n    <Data Name=\"DirectedFxEnable\">true</Data>\n  </EventData>\n</Event>\n",
  "json": "{\"Event\":{\"#attributes\":{\"xmlns\":\"http://schemas.microsoft.com/win/2004/08/events/event\"},\"System\":{\"Provider\":{\"#attributes\":{\"Name\":\"Microsoft-Windows-StorPort\",\"Guid\":\"C4636A1E-7986-4646-BF10-7BC3B4A76E8E\"}},\"EventID\":576,\"Version\":1,\"Level\":4,\"Task\":0,\"Opcode\":111,\"Keywords\":\"0x800000100000000\",\"TimeCreated\":{\"#attributes\":{\"SystemTime\":\"2022-03-01T16:42:02.825512Z\"}},\"EventRecordID\":1,\"Correlation\":null,\"Execution\":{\"#attributes\":{\"ProcessID\":4,\"ThreadID\":8}},\"Channel\":\"Microsoft-Windows-Storage-Storport/Operational\",\"Computer\":\"WIN-KPO4DDU11AB\",\"Security\":{\"#attributes\":{\"UserID\":\"S-1-5-18\"}}},\"EventData\":{\"AdapterGuid\":\"843A8756-997E-11EC-9DEA-806E6F6E6963\",\"PortNumber\":4294967295,\"AdapterHardwareId\":\"PCI\\\\VEN_15AD&DEV_07E0&SUBSYS_07E015AD&REV_00\",\"MiniportName\":\"storahci\",\"AdapterInterfaceType\":5,\"Flags\":4535619747872,\"AllowStorageD3\":true,\"AcpiDsdProperty\":4294967295,\"StorageD3RegistryState\":4294967295,\"StorageD3Enable\":true,\"DirectedFxEnable\":true}}}",
  "xml_fields": {
    "provider": "Microsoft-Windows-StorPort",
    "event_id": "576",
    "timestamp": "2022-03-01T16:42:02.825512Z",
    "event_record_id": "1",
    "level": "4",
    "task": "0",
    "opcode": "111",
    "keywords": "0x800000100000000",
    "channel": "Microsoft-Windows-Storage-Storport/Operational",
    "computer": "WIN-KPO4DDU11AB",
    "AdapterGuid": "843A8756-997E-11EC-9DEA-806E6F6E6963",
    "PortNumber": "4294967295",
    "AdapterHardwareId": "PCI\\VEN_15AD&DEV_07E0&SUBSYS_07E015AD&REV_00",
    "MiniportName": "storahci",
    "AdapterInterfaceType": "5",
    "Flags": "4535619747872",
    "AllowStorageD3": "true",
    "AcpiDsdProperty": "4294967295",
    "StorageD3RegistryState": "4294967295",
    "StorageD3Enable": "true",
    "DirectedFxEnable": "true"
  },
  "json_fields": {
    "provider": "Microsoft-Windows-StorPort",
    "channel": "Microsoft-Windows-Storage-Storport/Operational",
    "event_id": "576",
    "timestamp": "2022-03-01T16:42:02.825512Z",
    "event_record_id": "1",
    "level": "4",
    "task": "0",
    "opcode": "111",
    "keywords": "0x800000100000000",
    "computer": "WIN-KPO4DDU11AB",
    "AdapterGuid": "843A8756-997E-11EC-9DEA-806E6F6E6963",
    "PortNumber": "4294967295",
    "AdapterHardwareId": "PCI\\VEN_15AD&DEV_07E0&SUBSYS_07E015AD&REV_00",
    "MiniportName": "storahci",
    "AdapterInterfaceType": "5",
    "Flags": "4535619747872",
    "AllowStorageD3": "True",
    "AcpiDsdProperty": "4294967295",
    "StorageD3RegistryState": "4294967295",
    "StorageD3Enable": "True",
    "DirectedFxEnable": "True"
  }
}