{
  "event_id": "577",
  "provider": "Microsoft-Windows-Kernel-Power",
  "channel": "System",
  "source_file": "D:\\visual code file\\Project_4\\Event-Analyzer\\test\\Benign\\Logs_Win11_2023\\System.evtx",
  "event_record_id": 1480,
  "xml": "<?xml version=\"1.0\" encoding=\"utf-8\"?>\n<Event xmlns=\"http://schemas.microsoft.com/win/2004/08/events/event\">\n  <System>\n    <Provider Name=\"Microsoft-Windows-Kernel-Power\" Guid=\"331C3B3A-2005-44C2-AC5E-77220C37D6B4\">\n    </Provider>\n    <EventID>577</EventID>\n    <Version>0</Version>\n    <Level>4</Level>\n    <Task>280</Task>\n    <Opcode>0</Opcode>\n    <Keywords>0x8000000000000004</Keywords>\n    <TimeCreated SystemTime=\"2023-10-25T22:56:16.011492Z\">\n    </TimeCreated>\n    <EventRecordID>1480</EventRecordID>\n    <Correlation>\n    </Correlation>\n    <Execution ProcessID=\"4\" ThreadID=\"6204\">\n    </Execution>\n    <Channel>System</Channel>\n    <Computer>WinDev2310Eval</Computer>\n    <Security>\n    </Security>\n  </System>\n  <EventData>\n    <Data Name=\"AdaptiveTargetState\">0</Data>\n    <Data Name=\"IsUnattended\">false</Data>\n    <Data Name=\"Status\">279</Data>\n  </EventData>\n</Event>\n",
  "json": "{\"Event\":{\"#attributes\":{\"xmlns\":\"http://schemas.microsoft.com/win/2004/08/events/event\"},\"System\":{\"Provider\":{\"#attributes\":{\"Name\":\"Microsoft-Windows-Kernel-Power\",\"Guid\":\"331C3B3A-2005-44C2-AC5E-77220C37D6B4\"}},\"EventID\":577,\"Version\":0,\"Level\":4,\"Task\":280,\"Opcode\":0,\"Keywords\":\"0x8000000000000004\",\"TimeCreated\":{\"#attributes\":{\"SystemTime\":\"2023-10-25T22:56:16.011492Z\"}},\"EventRecordID\":1480,\"Correlation\":null,\"Execution\":{\"#attributes\":{\"ProcessID\":4,\"ThreadID\":6204}},\"Channel\":\"System\",\"Computer\":\"WinDev2310Eval\",\"Security\":null},\"EventData\":{\"AdaptiveTargetState\":0,\"IsUnattended\":false,\"Status\":279}}}",
  "xml_fields": {
    "provider": "Microsoft-Windows-Kernel-Power",
    "event_id": "577",
    "timestamp": "2023-10-25T22:56:16.011492Z",
    "event_record_id": "1480",
    "level": "4",
    "task": "280",
    "opcode": "0",
    "keywords": "0x8000000000000004",
    "channel": "System",
    "computer": "WinDev2310Eval",
    "AdaptiveTargetState": "0",
    "IsUnattended": "false",
    "Status": "279"
  },
  "json_fields": {
    "provider": "Microsoft-Windows-Kernel-Power",
    "channel": "System",
    "event_id": "577",
    "timestamp": "2023-10-25T22:56:16.011492Z",
    "event_record_id": "1480",
    "level": "4",
    "task": "280",
    "opcode": "0",
    "keywords": "0x8000000000000004",
    "computer": "WinDev2310Eval",
    "AdaptiveTargetState": "0",
    "IsUnattended": "False",
    "Status": "279"
  }
}