{
  "event_id": "5858",
  "provider": "Microsoft-Windows-WMI-Activity",
  "channel": "Microsoft-Windows-WMI-Activity/Operational",
  "source_file": "D:\\visual code file\\Project_4\\Event-Analyzer\\test\\Logs\\Microsoft-Windows-WMI-Activity%4Operational.evtx",
  "event_record_id": 5,
  "xml": "<?xml version=\"1.0\" encoding=\"utf-8\"?>\n<Event xmlns=\"http://schemas.microsoft.com/win/2004/08/events/event\">\n  <System>\n    <Provider Name=\"Microsoft-Windows-WMI-Activity\" Guid=\"1418EF04-B0B4-4623-BF7E-D74AB47BBDAA\">\n    </Provider>\n    <EventID>5858</EventID>\n    <Version>0</Version>\n    <Level>2</Level>\n    <Task>0</Task>\n    <Opcode>0</Opcode>\n    <Keywords>0x4000000000000000</Keywords>\n    <TimeCreated SystemTime=\"2024-11-04T12:34:57.039175Z\">\n    </TimeCreated>\n    <EventRecordID>5</EventRecordID>\n    <Correlation>\n    </Correlation>\n    <Execution ProcessID=\"2676\" ThreadID=\"3840\">\n    </Execution>\n    <Channel>Microsoft-Windows-WMI-Activity/Operational</Channel>\n    <Computer>DESKTOP-P9H5FTA</Computer>\n    <Security UserID=\"S-1-5-18\">\n    </Security>\n  </System>\n  <UserData>\n    <Operation_ClientFailure xmlns=\"http://manifests.microsoft.com/win/2006/windows/WMI\">\n      <Id>{F8CAB83A-E2F9-40BA-956F-5D52053EC853}</Id>\n      <ClientMachine>DESKTOP-P9H5FTA</ClientMachine>\n      <User>NT AUTHORITY\\SYSTEM</User>\n      <ClientProcessId>2412</ClientProcessId>\n      <Component>Unknown</Component>\n      <Operation>Start IWbemServices::DeleteInstance - Root\\Rsop\\Computer : RSOP_ExtensionStatus.extensionGuid=\"{35378EAC-683F-11D2-A89A-00C04FBBCFA2}\"</Operation>\n      <ResultCode>0x80041002</ResultCode>\n      <PossibleCause>Unknown</PossibleCause>\n    </Operation_ClientFailure>\n  </UserData>\n</Event>\n",
  "json": "{\"Event\":{\"#attributes\":{\"xmlns\":\"http://schemas.microsoft.com/win/2004/08/events/event\"},\"System\":{\"Provider\":{\"#attributes\":{\"Name\":\"Microsoft-Windows-WMI-Activity\",\"Guid\":\"1418EF04-B0B4-4623-BF7E-D74AB47BBDAA\"}},\"EventID\":5858,\"Version\":0,\"Level\":2,\"Task\":0,\"Opcode\":0,\"Keywords\":\"0x4000000000000000\",\"TimeCreated\":{\"#attributes\":{\"SystemTime\":\"2024-11-04T12:34:57.039175Z\"}},\"EventRecordID\":5,\"Correlation\":null,\"Execution\":{\"#attributes\":{\"ProcessID\":2676,\"ThreadID\":3840}},\"Channel\":\"Microsoft-Windows-WMI-Activity/Operational\",\"Computer\":\"DESKTOP-P9H5FTA\",\"Security\":{\"#attributes\":{\"UserID\":\"S-1-5-18\"}}},\"UserData\":{\"Operation_ClientFailure\":{\"#attributes\":{\"xmlns\":\"http://manifests.microsoft.com/win/2006/windows/WMI\"},\"Id\":\"{F8CAB83A-E2F9-40BA-956F-5D52053EC853}\",\"ClientMachine\":\"DESKTOP-P9H5FTA\",\"User\":\"NT AUTHORITY\\\\SYSTEM\",\"ClientProcessId\":2412,\"Component\":\"Unknown\",\"Operation\":\"Start IWbemServices::DeleteInstance - Root\\\\Rsop\\\\Computer : RSOP_ExtensionStatus.extensionGuid=\\\"{35378EAC-683F-11D2-A89A-00C04FBBCFA2}\\\"\",\"ResultCode\":\"0x80041002\",\"PossibleCause\":\"Unknown\"}}}}",
  "xml_fields": {
    "provider": "Microsoft-Windows-WMI-Activity",
    "event_id": "5858",
    "timestamp": "2024-11-04T12:34:57.039175Z",
    "event_record_id": "5",
    "level": "2",
    "task": "0",
    "opcode": "0",
    "keywords": "0x4000000000000000",
    "channel": "Microsoft-Windows-WMI-Activity/Operational",
    "computer": "DESKTOP-P9H5FTA",
    "Id": "{F8CAB83A-E2F9-40BA-956F-5D52053EC853}",
    "ClientMachine": "DESKTOP-P9H5FTA",
    "User": "NT AUTHORITY\\SYSTEM",
    "ClientProcessId": "2412",
    "Component": "Unknown",
    "Operation": "Start IWbemServices::DeleteInstance - Root\\Rsop\\Computer : RSOP_ExtensionStatus.extensionGuid=\"{35378EAC-683F-11D2-A89A-00C04FBBCFA2}\"",
    "ResultCode": "0x80041002",
    "PossibleCause": "Unknown"
  },
  "json_fields": {
    "provider": "Microsoft-Windows-WMI-Activity",
    "channel": "Microsoft-Windows-WMI-Activity/Operational",
    "event_id": "5858",
    "timestamp": "2024-11-04T12:34:57.039175Z",
    "event_record_id": "5",
    "level": "2",
    "task": "0",
    "opcode": "0",
    "keywords": "0x4000000000000000",
    "computer": "DESKTOP-P9H5FTA",
    "Id": "{F8CAB83A-E2F9-40BA-956F-5D52053EC853}",
    "ClientMachine": "DESKTOP-P9H5FTA",
    "User": "NT AUTHORITY\\SYSTEM",
    "ClientProcessId": "2412",
    "Component": "Unknown",
    "Operation": "Start IWbemServices::DeleteInstance - Root\\Rsop\\Computer : RSOP_ExtensionStatus.extensionGuid=\"{35378EAC-683F-11D2-A89A-00C04FBBCFA2}\"",
    "ResultCode": "0x80041002",
    "PossibleCause": "Unknown"
  }
}