{
  "event_id": "5859",
  "provider": "Microsoft-Windows-WMI-Activity",
  "channel": "Microsoft-Windows-WMI-Activity/Operational",
  "source_file": "D:\\visual code file\\Project_4\\Event-Analyzer\\test\\Logs\\Microsoft-Windows-WMI-Activity%4Operational.evtx",
  "event_record_id": 2,
  "xml": "<?xml version=\"1.0\" encoding=\"utf-8\"?>\n<Event xmlns=\"http://schemas.microsoft.com/win/2004/08/events/event\">\n  <System>\n    <Provider Name=\"Microsoft-Windows-WMI-Activity\" Guid=\"1418EF04-B0B4-4623-BF7E-D74AB47BBDAA\">\n    </Provider>\n    <EventID>5859</EventID>\n    <Version>0</Version>\n    <Level>0</Level>\n    <Task>0</Task>\n    <Opcode>0</Opcode>\n    <Keywords>0x4000000000000000</Keywords>\n    <TimeCreated SystemTime=\"2024-11-05T01:33:11.671400Z\">\n    </TimeCreated>\n    <EventRecordID>2</EventRecordID>\n    <Correlation ActivityID=\"A40B4835-2F22-0001-4E4E-0BA4222FDB01\">\n    </Correlation>\n    <Execution ProcessID=\"2596\" ThreadID=\"3312\">\n    </Execution>\n    <Channel>Microsoft-Windows-WMI-Activity/Operational</Channel>\n    <Computer>WIN-5LCFHVCO531</Computer>\n    <Security UserID=\"S-1-5-18\">\n    </Security>\n  </System>\n  <UserData>\n    <Operation_EssStarted xmlns=\"http://manifests.microsoft.com/win/2006/windows/WMI\">\n      <NamespaceName>//./root/CIMV2</NamespaceName>\n      <Query>select * from MSFT_SCMEventLogEvent</Query>\n      <User>S-1-5-32-544</User>\n      <Processid>2596</Processid>\n      <Provider>SCM Event Provider</Provider>\n      <queryid>0</queryid>\n      <PossibleCause>Permanent</PossibleCause>\n    </Operation_EssStarted>\n  </UserData>\n</Event>\n",
  "json": "{\"Event\":{\"#attributes\":{\"xmlns\":\"http://schemas.microsoft.com/win/2004/08/events/event\"},\"System\":{\"Provider\":{\"#attributes\":{\"Name\":\"Microsoft-Windows-WMI-Activity\",\"Guid\":\"1418EF04-B0B4-4623-BF7E-D74AB47BBDAA\"}},\"EventID\":5859,\"Version\":0,\"Level\":0,\"Task\":0,\"Opcode\":0,\"Keywords\":\"0x4000000000000000\",\"TimeCreated\":{\"#attributes\":{\"SystemTime\":\"2024-11-05T01:33:11.671400Z\"}},\"EventRecordID\":2,\"Correlation\":{\"#attributes\":{\"ActivityID\":\"A40B4835-2F22-0001-4E4E-0BA4222FDB01\"}},\"Execution\":{\"#attributes\":{\"ProcessID\":2596,\"ThreadID\":3312}},\"Channel\":\"Microsoft-Windows-WMI-Activity/Operational\",\"Computer\":\"WIN-5LCFHVCO531\",\"Security\":{\"#attributes\":{\"UserID\":\"S-1-5-18\"}}},\"UserData\":{\"Operation_EssStarted\":{\"#attributes\":{\"xmlns\":\"http://manifests.microsoft.com/win/2006/windows/WMI\"},\"NamespaceName\":\"//./root/CIMV2\",\"Query\":\"select * from MSFT_SCMEventLogEvent\",\"User\":\"S-1-5-32-544\",\"Processid\":2596,\"Provider\":\"SCM Event Provider\",\"queryid\":0,\"PossibleCause\":\"Permanent\"}}}}",
  "xml_fields": {
    "provider": "Microsoft-Windows-WMI-Activity",
    "event_id": "5859",
    "timestamp": "2024-11-05T01:33:11.671400Z",
    "event_record_id": "2",
    "level": "0",
    "task": "0",
    "opcode": "0",
    "keywords": "0x4000000000000000",
    "channel": "Microsoft-Windows-WMI-Activity/Operational",
    "computer": "WIN-5LCFHVCO531",
    "NamespaceName": "//./root/CIMV2",
    "Query": "select * from MSFT_SCMEventLogEvent",
    "User": "S-1-5-32-544",
    "Processid": "2596",
    "Provider": "SCM Event Provider",
    "queryid": "0",
    "PossibleCause": "Permanent"
  },
  "json_fields": {
    "provider": "Microsoft-Windows-WMI-Activity",
    "channel": "Microsoft-Windows-WMI-Activity/Operational",
    "event_id": "5859",
    "timestamp": "2024-11-05T01:33:11.671400Z",
    "event_record_id": "2",
    "level": "0",
    "task": "0",
    "opcode": "0",
    "keywords": "0x4000000000000000",
    "computer": "WIN-5LCFHVCO531",
    "NamespaceName": "//./root/CIMV2",
    "Query": "select * from MSFT_SCMEventLogEvent",
    "User": "S-1-5-32-544",
    "Processid": "2596",
    "Provider": "SCM Event Provider",
    "queryid": "0",
    "PossibleCause": "Permanent"
  }
}