{
  "event_id": "5860",
  "provider": "Microsoft-Windows-WMI-Activity",
  "channel": "Microsoft-Windows-WMI-Activity/Operational",
  "source_file": "D:\\visual code file\\Project_4\\Event-Analyzer\\test\\Logs\\Microsoft-Windows-WMI-Activity%4Operational.evtx",
  "event_record_id": 113,
  "xml": "<?xml version=\"1.0\" encoding=\"utf-8\"?>\n<Event xmlns=\"http://schemas.microsoft.com/win/2004/08/events/event\">\n  <System>\n    <Provider Name=\"Microsoft-Windows-WMI-Activity\" Guid=\"1418EF04-B0B4-4623-BF7E-D74AB47BBDAA\">\n    </Provider>\n    <EventID>5860</EventID>\n    <Version>0</Version>\n    <Level>0</Level>\n    <Task>0</Task>\n    <Opcode>0</Opcode>\n    <Keywords>0x4000000000000000</Keywords>\n    <TimeCreated SystemTime=\"2024-11-04T12:36:19.069969Z\">\n    </TimeCreated>\n    <EventRecordID>113</EventRecordID>\n    <Correlation>\n    </Correlation>\n    <Execution ProcessID=\"2676\" ThreadID=\"5008\">\n    </Execution>\n    <Channel>Microsoft-Windows-WMI-Activity/Operational</Channel>\n    <Computer>DESKTOP-P9H5FTA</Computer>\n    <Security UserID=\"S-1-5-18\">\n    </Security>\n  </System>\n  <UserData>\n    <Operation_TemporaryEssStarted xmlns=\"http://manifests.microsoft.com/win/2006/windows/WMI\">\n      <NamespaceName>ROOT\\SecurityCenter</NamespaceName>\n      <Query>SELECT * FROM __InstanceOperationEvent WHERE TargetInstance ISA 'AntiVirusProduct' OR TargetInstance ISA 'FirewallProduct' OR TargetInstance ISA 'AntiSpywareProduct'</Query>\n      <User>NT AUTHORITY\\LOCAL SERVICE</User>\n      <Processid>932</Processid>\n      <ClientMachine>DESKTOP-P9H5FTA</ClientMachine>\n      <PossibleCause>Temporary</PossibleCause>\n    </Operation_TemporaryEssStarted>\n  </UserData>\n</Event>\n",
  "json": "{\"Event\":{\"#attributes\":{\"xmlns\":\"http://schemas.microsoft.com/win/2004/08/events/event\"},\"System\":{\"Provider\":{\"#attributes\":{\"Name\":\"Microsoft-Windows-WMI-Activity\",\"Guid\":\"1418EF04-B0B4-4623-BF7E-D74AB47BBDAA\"}},\"EventID\":5860,\"Version\":0,\"Level\":0,\"Task\":0,\"Opcode\":0,\"Keywords\":\"0x4000000000000000\",\"TimeCreated\":{\"#attributes\":{\"SystemTime\":\"2024-11-04T12:36:19.069969Z\"}},\"EventRecordID\":113,\"Correlation\":null,\"Execution\":{\"#attributes\":{\"ProcessID\":2676,\"ThreadID\":5008}},\"Channel\":\"Microsoft-Windows-WMI-Activity/Operational\",\"Computer\":\"DESKTOP-P9H5FTA\",\"Security\":{\"#attributes\":{\"UserID\":\"S-1-5-18\"}}},\"UserData\":{\"Operation_TemporaryEssStarted\":{\"#attributes\":{\"xmlns\":\"http://manifests.microsoft.com/win/2006/windows/WMI\"},\"NamespaceName\":\"ROOT\\\\SecurityCenter\",\"Query\":\"SELECT * FROM __InstanceOperationEvent WHERE TargetInstance ISA 'AntiVirusProduct' OR TargetInstance ISA 'FirewallProduct' OR TargetInstance ISA 'AntiSpywareProduct'\",\"User\":\"NT AUTHORITY\\\\LOCAL SERVICE\",\"Processid\":932,\"ClientMachine\":\"DESKTOP-P9H5FTA\",\"PossibleCause\":\"Temporary\"}}}}",
  "xml_fields": {
    "provider": "Microsoft-Windows-WMI-Activity",
    "event_id": "5860",
    "timestamp": "2024-11-04T12:36:19.069969Z",
    "event_record_id": "113",
    "level": "0",
    "task": "0",
    "opcode": "0",
    "keywords": "0x4000000000000000",
    "channel": "Microsoft-Windows-WMI-Activity/Operational",
    "computer": "DESKTOP-P9H5FTA",
    "NamespaceName": "ROOT\\SecurityCenter",
    "Query": "SELECT * FROM __InstanceOperationEvent WHERE TargetInstance ISA 'AntiVirusProduct' OR TargetInstance ISA 'FirewallProduct' OR TargetInstance ISA 'AntiSpywareProduct'",
    "User": "NT AUTHORITY\\LOCAL SERVICE",
    "Processid": "932",
    "ClientMachine": "DESKTOP-P9H5FTA",
    "PossibleCause": "Temporary"
  },
  "json_fields": {
    "provider": "Microsoft-Windows-WMI-Activity",
    "channel": "Microsoft-Windows-WMI-Activity/Operational",
    "event_id": "5860",
    "timestamp": "2024-11-04T12:36:19.069969Z",
    "event_record_id": "113",
    "level": "0",
    "task": "0",
    "opcode": "0",
    "keywords": "0x4000000000000000",
    "computer": "DESKTOP-P9H5FTA",
    "NamespaceName": "ROOT\\SecurityCenter",
    "Query": "SELECT * FROM __InstanceOperationEvent WHERE TargetInstance ISA 'AntiVirusProduct' OR TargetInstance ISA 'FirewallProduct' OR TargetInstance ISA 'AntiSpywareProduct'",
    "User": "NT AUTHORITY\\LOCAL SERVICE",
    "Processid": "932",
    "ClientMachine": "DESKTOP-P9H5FTA",
    "PossibleCause": "Temporary"
  }
}