{
  "event_id": "5861",
  "provider": "Microsoft-Windows-WMI-Activity",
  "channel": "Microsoft-Windows-WMI-Activity/Operational",
  "source_file": "D:\\visual code file\\Project_4\\Event-Analyzer\\test\\Logs\\Microsoft-Windows-WMI-Activity%4Operational.evtx",
  "event_record_id": 1,
  "xml": "<?xml version=\"1.0\" encoding=\"utf-8\"?>\n<Event xmlns=\"http://schemas.microsoft.com/win/2004/08/events/event\">\n  <System>\n    <Provider Name=\"Microsoft-Windows-WMI-Activity\" Guid=\"1418EF04-B0B4-4623-BF7E-D74AB47BBDAA\">\n    </Provider>\n    <EventID>5861</EventID>\n    <Version>0</Version>\n    <Level>0</Level>\n    <Task>0</Task>\n    <Opcode>0</Opcode>\n    <Keywords>0x4000000000000000</Keywords>\n    <TimeCreated SystemTime=\"2024-11-05T01:33:11.465441Z\">\n    </TimeCreated>\n    <EventRecordID>1</EventRecordID>\n    <Correlation>\n    </Correlation>\n    <Execution ProcessID=\"2596\" ThreadID=\"3288\">\n    </Execution>\n    <Channel>Microsoft-Windows-WMI-Activity/Operational</Channel>\n    <Computer>WIN-5LCFHVCO531</Computer>\n    <Security UserID=\"S-1-5-18\">\n    </Security>\n  </System>\n  <UserData>\n    <Operation_ESStoConsumerBinding xmlns=\"http://manifests.microsoft.com/win/2006/windows/WMI\">\n      <Namespace>//./root/subscription</Namespace>\n      <ESS>SCM Event Log Filter</ESS>\n      <CONSUMER>NTEventLogEventConsumer=\"SCM Event Log Consumer\"</CONSUMER>\n      <PossibleCause>Binding EventFilter: \ninstance of __EventFilter\n{\n\tCreatorSID = {1, 2, 0, 0, 0, 0, 0, 5, 32, 0, 0, 0, 32, 2, 0, 0};\n\tEventNamespace = \"root\\\\cimv2\";\n\tName = \"SCM Event Log Filter\";\n\tQuery = \"select * from MSFT_SCMEventLogEvent\";\n\tQueryLanguage = \"WQL\";\n};\nPerm. Consumer: \ninstance of NTEventLogEventConsumer\n{\n\tCategory = 0;\n\tCreatorSID = {1, 2, 0, 0, 0, 0, 0, 5, 32, 0, 0, 0, 32, 2, 0, 0};\n\tEventType = 1;\n\tName = \"SCM Event Log Consumer\";\n\tNameOfUserSIDProperty = \"sid\";\n\tSourceName = \"Service Control Manager\";\n};\n</PossibleCause>\n    </Operation_ESStoConsumerBinding>\n  </UserData>\n</Event>\n",
  "json": "{\"Event\":{\"#attributes\":{\"xmlns\":\"http://schemas.microsoft.com/win/2004/08/events/event\"},\"System\":{\"Provider\":{\"#attributes\":{\"Name\":\"Microsoft-Windows-WMI-Activity\",\"Guid\":\"1418EF04-B0B4-4623-BF7E-D74AB47BBDAA\"}},\"EventID\":5861,\"Version\":0,\"Level\":0,\"Task\":0,\"Opcode\":0,\"Keywords\":\"0x4000000000000000\",\"TimeCreated\":{\"#attributes\":{\"SystemTime\":\"2024-11-05T01:33:11.465441Z\"}},\"EventRecordID\":1,\"Correlation\":null,\"Execution\":{\"#attributes\":{\"ProcessID\":2596,\"ThreadID\":3288}},\"Channel\":\"Microsoft-Windows-WMI-Activity/Operational\",\"Computer\":\"WIN-5LCFHVCO531\",\"Security\":{\"#attributes\":{\"UserID\":\"S-1-5-18\"}}},\"UserData\":{\"Operation_ESStoConsumerBinding\":{\"#attributes\":{\"xmlns\":\"http://manifests.microsoft.com/win/2006/windows/WMI\"},\"Namespace\":\"//./root/subscription\",\"ESS\":\"SCM Event Log Filter\",\"CONSUMER\":\"NTEventLogEventConsumer=\\\"SCM Event Log Consumer\\\"\",\"PossibleCause\":\"Binding EventFilter: \\ninstance of __EventFilter\\n{\\n\\tCreatorSID = {1, 2, 0, 0, 0, 0, 0, 5, 32, 0, 0, 0, 32, 2, 0, 0};\\n\\tEventNamespace = \\\"root\\\\\\\\cimv2\\\";\\n\\tName = \\\"SCM Event Log Filter\\\";\\n\\tQuery = \\\"select * from MSFT_SCMEventLogEvent\\\";\\n\\tQueryLanguage = \\\"WQL\\\";\\n};\\nPerm. Consumer: \\ninstance of NTEventLogEventConsumer\\n{\\n\\tCategory = 0;\\n\\tCreatorSID = {1, 2, 0, 0, 0, 0, 0, 5, 32, 0, 0, 0, 32, 2, 0, 0};\\n\\tEventType = 1;\\n\\tName = \\\"SCM Event Log Consumer\\\";\\n\\tNameOfUserSIDProperty = \\\"sid\\\";\\n\\tSourceName = \\\"Service Control Manager\\\";\\n};\\n\"}}}}",
  "xml_fields": {
    "provider": "Microsoft-Windows-WMI-Activity",
    "event_id": "5861",
    "timestamp": "2024-11-05T01:33:11.465441Z",
    "event_record_id": "1",
    "level": "0",
    "task": "0",
    "opcode": "0",
    "keywords": "0x4000000000000000",
    "channel": "Microsoft-Windows-WMI-Activity/Operational",
    "computer": "WIN-5LCFHVCO531",
    "Namespace": "//./root/subscription",
    "ESS": "SCM Event Log Filter",
    "CONSUMER": "NTEventLogEventConsumer=\"SCM Event Log Consumer\"",
    "PossibleCause": "Binding EventFilter: \ninstance of __EventFilter\n{\n\tCreatorSID = {1, 2, 0, 0, 0, 0, 0, 5, 32, 0, 0, 0, 32, 2, 0, 0};\n\tEventNamespace = \"root\\\\cimv2\";\n\tName = \"SCM Event Log Filter\";\n\tQuery = \"select * from MSFT_SCMEventLogEvent\";\n\tQueryLanguage = \"WQL\";\n};\nPerm. Consumer: \ninstance of NTEventLogEventConsumer\n{\n\tCategory = 0;\n\tCreatorSID = {1, 2, 0, 0, 0, 0, 0, 5, 32, 0, 0, 0, 32, 2, 0, 0};\n\tEventType = 1;\n\tName = \"SCM Event Log Consumer\";\n\tNameOfUserSIDProperty = \"sid\";\n\tSourceName = \"Service Control Manager\";\n};\n"
  },
  "json_fields": {
    "provider": "Microsoft-Windows-WMI-Activity",
    "channel": "Microsoft-Windows-WMI-Activity/Operational",
    "event_id": "5861",
    "timestamp": "2024-11-05T01:33:11.465441Z",
    "event_record_id": "1",
    "level": "0",
    "task": "0",
    "opcode": "0",
    "keywords": "0x4000000000000000",
    "computer": "WIN-5LCFHVCO531",
    "Namespace": "//./root/subscription",
    "ESS": "SCM Event Log Filter",
    "CONSUMER": "NTEventLogEventConsumer=\"SCM Event Log Consumer\"",
    "PossibleCause": "Binding EventFilter: \ninstance of __EventFilter\n{\n\tCreatorSID = {1, 2, 0, 0, 0, 0, 0, 5, 32, 0, 0, 0, 32, 2, 0, 0};\n\tEventNamespace = \"root\\\\cimv2\";\n\tName = \"SCM Event Log Filter\";\n\tQuery = \"select * from MSFT_SCMEventLogEvent\";\n\tQueryLanguage = \"WQL\";\n};\nPerm. Consumer: \ninstance of NTEventLogEventConsumer\n{\n\tCategory = 0;\n\tCreatorSID = {1, 2, 0, 0, 0, 0, 0, 5, 32, 0, 0, 0, 32, 2, 0, 0};\n\tEventType = 1;\n\tName = \"SCM Event Log Consumer\";\n\tNameOfUserSIDProperty = \"sid\";\n\tSourceName = \"Service Control Manager\";\n};\n"
  }
}