{
  "event_id": "5889",
  "provider": "Microsoft-Windows-Security-Auditing",
  "channel": "Security",
  "source_file": "D:\\visual code file\\Project_4\\Event-Analyzer\\test\\Benign\\Logs_Win11_2023\\Security.evtx",
  "event_record_id": 3332,
  "xml": "<?xml version=\"1.0\" encoding=\"utf-8\"?>\n<Event xmlns=\"http://schemas.microsoft.com/win/2004/08/events/event\">\n  <System>\n    <Provider Name=\"Microsoft-Windows-Security-Auditing\" Guid=\"54849625-5478-4994-A5BA-3E3B0328C30D\">\n    </Provider>\n    <EventID>5889</EventID>\n    <Version>0</Version>\n    <Level>0</Level>\n    <Task>12290</Task>\n    <Opcode>0</Opcode>\n    <Keywords>0x8020000000000000</Keywords>\n    <TimeCreated SystemTime=\"2023-11-05T22:30:46.980255Z\">\n    </TimeCreated>\n    <EventRecordID>3332</EventRecordID>\n    <Correlation ActivityID=\"59A0D65F-1037-0001-A7D6-A0593710DA01\">\n    </Correlation>\n    <Execution ProcessID=\"808\" ThreadID=\"888\">\n    </Execution>\n    <Channel>Security</Channel>\n    <Computer>WinDev2310Eval</Computer>\n    <Security>\n    </Security>\n  </System>\n  <EventData>\n    <Data Name=\"SubjectUserSid\">S-1-5-18</Data>\n    <Data Name=\"SubjectUserName\">SYSTEM</Data>\n    <Data Name=\"SubjectUserDomainName\">NT AUTHORITY</Data>\n    <Data Name=\"SubjectLogonId\">999</Data>\n    <Data Name=\"ObjectCollectionName\">Applications</Data>\n    <Data Name=\"ObjectIdentifyingProperties\">\r\n\t\tID = {A14C837E-C9BC-4E79-B228-2A6CB72524A5}\r\n\t\tAppPartitionID = {41E90F3E-56C1-4633-81C3-6E8BAC8BDD70}</Data>\n    <Data Name=\"ObjectProperties\">\r\n\t\tName = VMware Snapshot Provider\r\n\t\tApplicationProxyServerName = \r\n\t\tProcessType = 2\r\n\t\tCommandLine = \r\n\t\tServiceName = vmvss\r\n\t\tRunAsUserType = 1\r\n\t\tIdentity = LocalSystem\r\n\t\tDescription = VMware Snapshot Provider\r\n\t\tIsSystem = N\r\n\t\tAuthentication = 6\r\n\t\tShutdownAfter = 3\r\n\t\tRunForever = N\r\n\t\tPassword = ********\r\n\t\tActivation = Local\r\n\t\tChangeable = Y\r\n\t\tDeleteable = Y\r\n\t\tCreatedBy = \r\n\t\tAccessChecksLevel = 1\r\n\t\tApplicationAccessChecksEnabled = 0\r\n\t\tcCOL_SecurityDescriptor = &lt;Opaque&gt;\r\n\t\tImpersonationLevel = 2\r\n\t\tAuthenticationCapability = 2\r\n\t\tCRMEnabled = 0\r\n\t\t3GigSupportEnabled = 0\r\n\t\tQueuingEnabled = 0\r\n\t\tQueueListenerEnabled = N\r\n\t\tEventsEnabled = 1\r\n\t\tProcessFlags = 0\r\n\t\tThreadMax = 0\r\n\t\tApplicationProxy = 0\r\n\t\tCRMLogFile = \r\n\t\tDumpEnabled = 0\r\n\t\tDumpOnException = 0\r\n\t\tDumpOnFailfast = 0\r\n\t\tMaxDumpCount = 5\r\n\t\tDumpPath = %systemroot%\\system32\\com\\dmp\r\n\t\tIsEnabled = 1\r\n\t\tAppPartitionID = {41E90F3E-56C1-4633-81C3-6E8BAC8BDD70}\r\n\t\tConcurrentApps = 1\r\n\t\tRecycleLifetimeLimit = 0\r\n\t\tRecycleCallLimit = 0\r\n\t\tRecycleActivationLimit = 0\r\n\t\tRecycleMemoryLimit = 0\r\n\t\tRecycleExpirationTimeout = 15\r\n\t\tQCListenerMaxThreads = 0\r\n\t\tQCAuthenticateMsgs = 0\r\n\t\tApplicationDirectory = \r\n\t\tSRPTrustLevel = 262144\r\n\t\tSRPEnabled = 0\r\n\t\tSoapActivated = 0\r\n\t\tSoapVRoot = \r\n\t\tSoapMailTo = \r\n\t\tSoapBaseUrl = \r\n\t\tReplicable = 1</Data>\n  </EventData>\n</Event>\n",
  "json": "{\"Event\":{\"#attributes\":{\"xmlns\":\"http://schemas.microsoft.com/win/2004/08/events/event\"},\"System\":{\"Provider\":{\"#attributes\":{\"Name\":\"Microsoft-Windows-Security-Auditing\",\"Guid\":\"54849625-5478-4994-A5BA-3E3B0328C30D\"}},\"EventID\":5889,\"Version\":0,\"Level\":0,\"Task\":12290,\"Opcode\":0,\"Keywords\":\"0x8020000000000000\",\"TimeCreated\":{\"#attributes\":{\"SystemTime\":\"2023-11-05T22:30:46.980255Z\"}},\"EventRecordID\":3332,\"Correlation\":{\"#attributes\":{\"ActivityID\":\"59A0D65F-1037-0001-A7D6-A0593710DA01\"}},\"Execution\":{\"#attributes\":{\"ProcessID\":808,\"ThreadID\":888}},\"Channel\":\"Security\",\"Computer\":\"WinDev2310Eval\",\"Security\":null},\"EventData\":{\"SubjectUserSid\":\"S-1-5-18\",\"SubjectUserName\":\"SYSTEM\",\"SubjectUserDomainName\":\"NT AUTHORITY\",\"SubjectLogonId\":999,\"ObjectCollectionName\":\"Applications\",\"ObjectIdentifyingProperties\":\"\\r\\n\\t\\tID = {A14C837E-C9BC-4E79-B228-2A6CB72524A5}\\r\\n\\t\\tAppPartitionID = {41E90F3E-56C1-4633-81C3-6E8BAC8BDD70}\",\"ObjectProperties\":\"\\r\\n\\t\\tName = VMware Snapshot Provider\\r\\n\\t\\tApplicationProxyServerName = \\r\\n\\t\\tProcessType = 2\\r\\n\\t\\tCommandLine = \\r\\n\\t\\tServiceName = vmvss\\r\\n\\t\\tRunAsUserType = 1\\r\\n\\t\\tIdentity = LocalSystem\\r\\n\\t\\tDescription = VMware Snapshot Provider\\r\\n\\t\\tIsSystem = N\\r\\n\\t\\tAuthentication = 6\\r\\n\\t\\tShutdownAfter = 3\\r\\n\\t\\tRunForever = N\\r\\n\\t\\tPassword = ********\\r\\n\\t\\tActivation = Local\\r\\n\\t\\tChangeable = Y\\r\\n\\t\\tDeleteable = Y\\r\\n\\t\\tCreatedBy = \\r\\n\\t\\tAccessChecksLevel = 1\\r\\n\\t\\tApplicationAccessChecksEnabled = 0\\r\\n\\t\\tcCOL_SecurityDescriptor = <Opaque>\\r\\n\\t\\tImpersonationLevel = 2\\r\\n\\t\\tAuthenticationCapability = 2\\r\\n\\t\\tCRMEnabled = 0\\r\\n\\t\\t3GigSupportEnabled = 0\\r\\n\\t\\tQueuingEnabled = 0\\r\\n\\t\\tQueueListenerEnabled = N\\r\\n\\t\\tEventsEnabled = 1\\r\\n\\t\\tProcessFlags = 0\\r\\n\\t\\tThreadMax = 0\\r\\n\\t\\tApplicationProxy = 0\\r\\n\\t\\tCRMLogFile = \\r\\n\\t\\tDumpEnabled = 0\\r\\n\\t\\tDumpOnException = 0\\r\\n\\t\\tDumpOnFailfast = 0\\r\\n\\t\\tMaxDumpCount = 5\\r\\n\\t\\tDumpPath = %systemroot%\\\\system32\\\\com\\\\dmp\\r\\n\\t\\tIsEnabled = 1\\r\\n\\t\\tAppPartitionID = {41E90F3E-56C1-4633-81C3-6E8BAC8BDD70}\\r\\n\\t\\tConcurrentApps = 1\\r\\n\\t\\tRecycleLifetimeLimit = 0\\r\\n\\t\\tRecycleCallLimit = 0\\r\\n\\t\\tRecycleActivationLimit = 0\\r\\n\\t\\tRecycleMemoryLimit = 0\\r\\n\\t\\tRecycleExpirationTimeout = 15\\r\\n\\t\\tQCListenerMaxThreads = 0\\r\\n\\t\\tQCAuthenticateMsgs = 0\\r\\n\\t\\tApplicationDirectory = \\r\\n\\t\\tSRPTrustLevel = 262144\\r\\n\\t\\tSRPEnabled = 0\\r\\n\\t\\tSoapActivated = 0\\r\\n\\t\\tSoapVRoot = \\r\\n\\t\\tSoapMailTo = \\r\\n\\t\\tSoapBaseUrl = \\r\\n\\t\\tReplicable = 1\"}}}",
  "xml_fields": {
    "provider": "Microsoft-Windows-Security-Auditing",
    "event_id": "5889",
    "timestamp": "2023-11-05T22:30:46.980255Z",
    "event_record_id": "3332",
    "level": "0",
    "task": "12290",
    "opcode": "0",
    "keywords": "0x8020000000000000",
    "channel": "Security",
    "computer": "WinDev2310Eval",
    "SubjectUserSid": "S-1-5-18",
    "SubjectUserName": "SYSTEM",
    "SubjectUserDomainName": "NT AUTHORITY",
    "SubjectLogonId": "999",
    "ObjectCollectionName": "Applications",
    "ObjectIdentifyingProperties": "\n\t\tID = {A14C837E-C9BC-4E79-B228-2A6CB72524A5}\n\t\tAppPartitionID = {41E90F3E-56C1-4633-81C3-6E8BAC8BDD70}",
    "ObjectProperties": "\n\t\tName = VMware Snapshot Provider\n\t\tApplicationProxyServerName = \n\t\tProcessType = 2\n\t\tCommandLine = \n\t\tServiceName = vmvss\n\t\tRunAsUserType = 1\n\t\tIdentity = LocalSystem\n\t\tDescription = VMware Snapshot Provider\n\t\tIsSystem = N\n\t\tAuthentication = 6\n\t\tShutdownAfter = 3\n\t\tRunForever = N\n\t\tPassword = ********\n\t\tActivation = Local\n\t\tChangeable = Y\n\t\tDeleteable = Y\n\t\tCreatedBy = \n\t\tAccessChecksLevel = 1\n\t\tApplicationAccessChecksEnabled = 0\n\t\tcCOL_SecurityDescriptor = <Opaque>\n\t\tImpersonationLevel = 2\n\t\tAuthenticationCapability = 2\n\t\tCRMEnabled = 0\n\t\t3GigSupportEnabled = 0\n\t\tQueuingEnabled = 0\n\t\tQueueListenerEnabled = N\n\t\tEventsEnabled = 1\n\t\tProcessFlags = 0\n\t\tThreadMax = 0\n\t\tApplicationProxy = 0\n\t\tCRMLogFile = \n\t\tDumpEnabled = 0\n\t\tDumpOnException = 0\n\t\tDumpOnFailfast = 0\n\t\tMaxDumpCount = 5\n\t\tDumpPath = %systemroot%\\system32\\com\\dmp\n\t\tIsEnabled = 1\n\t\tAppPartitionID = {41E90F3E-56C1-4633-81C3-6E8BAC8BDD70}\n\t\tConcurrentApps = 1\n\t\tRecycleLifetimeLimit = 0\n\t\tRecycleCallLimit = 0\n\t\tRecycleActivationLimit = 0\n\t\tRecycleMemoryLimit = 0\n\t\tRecycleExpirationTimeout = 15\n\t\tQCListenerMaxThreads = 0\n\t\tQCAuthenticateMsgs = 0\n\t\tApplicationDirectory = \n\t\tSRPTrustLevel = 262144\n\t\tSRPEnabled = 0\n\t\tSoapActivated = 0\n\t\tSoapVRoot = \n\t\tSoapMailTo = \n\t\tSoapBaseUrl = \n\t\tReplicable = 1"
  },
  "json_fields": {
    "provider": "Microsoft-Windows-Security-Auditing",
    "channel": "Security",
    "event_id": "5889",
    "timestamp": "2023-11-05T22:30:46.980255Z",
    "event_record_id": "3332",
    "level": "0",
    "task": "12290",
    "opcode": "0",
    "keywords": "0x8020000000000000",
    "computer": "WinDev2310Eval",
    "SubjectUserSid": "S-1-5-18",
    "SubjectUserName": "SYSTEM",
    "SubjectUserDomainName": "NT AUTHORITY",
    "SubjectLogonId": "999",
    "ObjectCollectionName": "Applications",
    "ObjectIdentifyingProperties": "\r\n\t\tID = {A14C837E-C9BC-4E79-B228-2A6CB72524A5}\r\n\t\tAppPartitionID = {41E90F3E-56C1-4633-81C3-6E8BAC8BDD70}",
    "ObjectProperties": "\r\n\t\tName = VMware Snapshot Provider\r\n\t\tApplicationProxyServerName = \r\n\t\tProcessType = 2\r\n\t\tCommandLine = \r\n\t\tServiceName = vmvss\r\n\t\tRunAsUserType = 1\r\n\t\tIdentity = LocalSystem\r\n\t\tDescription = VMware Snapshot Provider\r\n\t\tIsSystem = N\r\n\t\tAuthentication = 6\r\n\t\tShutdownAfter = 3\r\n\t\tRunForever = N\r\n\t\tPassword = ********\r\n\t\tActivation = Local\r\n\t\tChangeable = Y\r\n\t\tDeleteable = Y\r\n\t\tCreatedBy = \r\n\t\tAccessChecksLevel = 1\r\n\t\tApplicationAccessChecksEnabled = 0\r\n\t\tcCOL_SecurityDescriptor = <Opaque>\r\n\t\tImpersonationLevel = 2\r\n\t\tAuthenticationCapability = 2\r\n\t\tCRMEnabled = 0\r\n\t\t3GigSupportEnabled = 0\r\n\t\tQueuingEnabled = 0\r\n\t\tQueueListenerEnabled = N\r\n\t\tEventsEnabled = 1\r\n\t\tProcessFlags = 0\r\n\t\tThreadMax = 0\r\n\t\tApplicationProxy = 0\r\n\t\tCRMLogFile = \r\n\t\tDumpEnabled = 0\r\n\t\tDumpOnException = 0\r\n\t\tDumpOnFailfast = 0\r\n\t\tMaxDumpCount = 5\r\n\t\tDumpPath = %systemroot%\\system32\\com\\dmp\r\n\t\tIsEnabled = 1\r\n\t\tAppPartitionID = {41E90F3E-56C1-4633-81C3-6E8BAC8BDD70}\r\n\t\tConcurrentApps = 1\r\n\t\tRecycleLifetimeLimit = 0\r\n\t\tRecycleCallLimit = 0\r\n\t\tRecycleActivationLimit = 0\r\n\t\tRecycleMemoryLimit = 0\r\n\t\tRecycleExpirationTimeout = 15\r\n\t\tQCListenerMaxThreads = 0\r\n\t\tQCAuthenticateMsgs = 0\r\n\t\tApplicationDirectory = \r\n\t\tSRPTrustLevel = 262144\r\n\t\tSRPEnabled = 0\r\n\t\tSoapActivated = 0\r\n\t\tSoapVRoot = \r\n\t\tSoapMailTo = \r\n\t\tSoapBaseUrl = \r\n\t\tReplicable = 1"
  }
}