{
  "event_id": "5961",
  "provider": "Microsoft-Windows-Immersive-Shell",
  "channel": "Microsoft-Windows-TWinUI/Operational",
  "source_file": "D:\\visual code file\\Project_4\\Event-Analyzer\\test\\Benign\\Logs_Win11_2023\\Microsoft-Windows-TWinUI%4Operational.evtx",
  "event_record_id": 5,
  "xml": "<?xml version=\"1.0\" encoding=\"utf-8\"?>\n<Event xmlns=\"http://schemas.microsoft.com/win/2004/08/events/event\">\n  <System>\n    <Provider Name=\"Microsoft-Windows-Immersive-Shell\" Guid=\"315A8872-923E-4EA2-9889-33CD4754BF64\">\n    </Provider>\n    <EventID>5961</EventID>\n    <Version>0</Version>\n    <Level>2</Level>\n    <Task>5961</Task>\n    <Opcode>0</Opcode>\n    <Keywords>0x4000000000000000</Keywords>\n    <TimeCreated SystemTime=\"2023-10-25T22:11:30.700709Z\">\n    </TimeCreated>\n    <EventRecordID>5</EventRecordID>\n    <Correlation ActivityID=\"028F2288-078F-0000-DBA0-8F028F07DA01\">\n    </Correlation>\n    <Execution ProcessID=\"4820\" ThreadID=\"4516\">\n    </Execution>\n    <Channel>Microsoft-Windows-TWinUI/Operational</Channel>\n    <Computer>WinDevEval</Computer>\n    <Security UserID=\"S-1-5-21-2533829718-189860685-2477588761-500\">\n    </Security>\n  </System>\n  <EventData>\n    <Data Name=\"AppId\">Microsoft.Windows.ShellExperienceHost_cw5n1h2txyewy!App</Data>\n    <Data Name=\"ErrorCode\">-2144927141</Data>\n    <Data Name=\"PhaseFlags\">34</Data>\n  </EventData>\n</Event>\n",
  "json": "{\"Event\":{\"#attributes\":{\"xmlns\":\"http://schemas.microsoft.com/win/2004/08/events/event\"},\"System\":{\"Provider\":{\"#attributes\":{\"Name\":\"Microsoft-Windows-Immersive-Shell\",\"Guid\":\"315A8872-923E-4EA2-9889-33CD4754BF64\"}},\"EventID\":5961,\"Version\":0,\"Level\":2,\"Task\":5961,\"Opcode\":0,\"Keywords\":\"0x4000000000000000\",\"TimeCreated\":{\"#attributes\":{\"SystemTime\":\"2023-10-25T22:11:30.700709Z\"}},\"EventRecordID\":5,\"Correlation\":{\"#attributes\":{\"ActivityID\":\"028F2288-078F-0000-DBA0-8F028F07DA01\"}},\"Execution\":{\"#attributes\":{\"ProcessID\":4820,\"ThreadID\":4516}},\"Channel\":\"Microsoft-Windows-TWinUI/Operational\",\"Computer\":\"WinDevEval\",\"Security\":{\"#attributes\":{\"UserID\":\"S-1-5-21-2533829718-189860685-2477588761-500\"}}},\"EventData\":{\"AppId\":\"Microsoft.Windows.ShellExperienceHost_cw5n1h2txyewy!App\",\"ErrorCode\":-2144927141,\"PhaseFlags\":34}}}",
  "xml_fields": {
    "provider": "Microsoft-Windows-Immersive-Shell",
    "event_id": "5961",
    "timestamp": "2023-10-25T22:11:30.700709Z",
    "event_record_id": "5",
    "level": "2",
    "task": "5961",
    "opcode": "0",
    "keywords": "0x4000000000000000",
    "channel": "Microsoft-Windows-TWinUI/Operational",
    "computer": "WinDevEval",
    "AppId": "Microsoft.Windows.ShellExperienceHost_cw5n1h2txyewy!App",
    "ErrorCode": "-2144927141",
    "PhaseFlags": "34"
  },
  "json_fields": {
    "provider": "Microsoft-Windows-Immersive-Shell",
    "channel": "Microsoft-Windows-TWinUI/Operational",
    "event_id": "5961",
    "timestamp": "2023-10-25T22:11:30.700709Z",
    "event_record_id": "5",
    "level": "2",
    "task": "5961",
    "opcode": "0",
    "keywords": "0x4000000000000000",
    "computer": "WinDevEval",
    "AppId": "Microsoft.Windows.ShellExperienceHost_cw5n1h2txyewy!App",
    "ErrorCode": "-2144927141",
    "PhaseFlags": "34"
  }
}