{
  "event_id": "59",
  "provider": "Microsoft-Windows-User Profiles Service",
  "channel": "Microsoft-Windows-User Profile Service/Operational",
  "source_file": "D:\\visual code file\\Project_4\\Event-Analyzer\\test\\Benign\\Logs_Win11\\Microsoft-Windows-User Profile Service%4Operational.evtx",
  "event_record_id": 19,
  "xml": "<?xml version=\"1.0\" encoding=\"utf-8\"?>\n<Event xmlns=\"http://schemas.microsoft.com/win/2004/08/events/event\">\n  <System>\n    <Provider Name=\"Microsoft-Windows-User Profiles Service\" Guid=\"89B1E9F0-5AFF-44A6-9B44-0A07A7CE5845\">\n    </Provider>\n    <EventID>59</EventID>\n    <Version>0</Version>\n    <Level>4</Level>\n    <Task>0</Task>\n    <Opcode>0</Opcode>\n    <Keywords>0x4000000000000000</Keywords>\n    <TimeCreated SystemTime=\"2022-03-01T16:58:36.465817Z\">\n    </TimeCreated>\n    <EventRecordID>19</EventRecordID>\n    <Correlation>\n    </Correlation>\n    <Execution ProcessID=\"2064\" ThreadID=\"2120\">\n    </Execution>\n    <Channel>Microsoft-Windows-User Profile Service/Operational</Channel>\n    <Computer>DESKTOP-6D0DBMB</Computer>\n    <Security UserID=\"S-1-5-18\">\n    </Security>\n  </System>\n  <EventData>\n  </EventData>\n</Event>\n",
  "json": "{\"Event\":{\"#attributes\":{\"xmlns\":\"http://schemas.microsoft.com/win/2004/08/events/event\"},\"System\":{\"Provider\":{\"#attributes\":{\"Name\":\"Microsoft-Windows-User Profiles Service\",\"Guid\":\"89B1E9F0-5AFF-44A6-9B44-0A07A7CE5845\"}},\"EventID\":59,\"Version\":0,\"Level\":4,\"Task\":0,\"Opcode\":0,\"Keywords\":\"0x4000000000000000\",\"TimeCreated\":{\"#attributes\":{\"SystemTime\":\"2022-03-01T16:58:36.465817Z\"}},\"EventRecordID\":19,\"Correlation\":null,\"Execution\":{\"#attributes\":{\"ProcessID\":2064,\"ThreadID\":2120}},\"Channel\":\"Microsoft-Windows-User Profile Service/Operational\",\"Computer\":\"DESKTOP-6D0DBMB\",\"Security\":{\"#attributes\":{\"UserID\":\"S-1-5-18\"}}},\"EventData\":null}}",
  "xml_fields": {
    "provider": "Microsoft-Windows-User Profiles Service",
    "event_id": "59",
    "timestamp": "2022-03-01T16:58:36.465817Z",
    "event_record_id": "19",
    "level": "4",
    "task": "0",
    "opcode": "0",
    "keywords": "0x4000000000000000",
    "channel": "Microsoft-Windows-User Profile Service/Operational",
    "computer": "DESKTOP-6D0DBMB"
  },
  "json_fields": {
    "provider": "Microsoft-Windows-User Profiles Service",
    "channel": "Microsoft-Windows-User Profile Service/Operational",
    "event_id": "59",
    "timestamp": "2022-03-01T16:58:36.465817Z",
    "event_record_id": "19",
    "level": "4",
    "task": "0",
    "opcode": "0",
    "keywords": "0x4000000000000000",
    "computer": "DESKTOP-6D0DBMB"
  }
}