{
  "event_id": "5",
  "provider": "Microsoft-Windows-Crypto-DPAPI",
  "channel": "Microsoft-Windows-Crypto-DPAPI/Operational",
  "source_file": "D:\\visual code file\\Project_4\\Event-Analyzer\\test\\Benign\\Win2022-AD\\Microsoft-Windows-Crypto-DPAPI%4Operational.evtx",
  "event_record_id": 19,
  "xml": "<?xml version=\"1.0\" encoding=\"utf-8\"?>\n<Event xmlns=\"http://schemas.microsoft.com/win/2004/08/events/event\">\n  <System>\n    <Provider Name=\"Microsoft-Windows-Crypto-DPAPI\" Guid=\"89FE8F40-CDCE-464E-8217-15EF97D4C7C3\">\n    </Provider>\n    <EventID>5</EventID>\n    <Version>0</Version>\n    <Level>4</Level>\n    <Task>2</Task>\n    <Opcode>0</Opcode>\n    <Keywords>0x8000000000000002</Keywords>\n    <TimeCreated SystemTime=\"2022-04-07T08:15:01.517145Z\">\n    </TimeCreated>\n    <EventRecordID>19</EventRecordID>\n    <Correlation>\n    </Correlation>\n    <Execution ProcessID=\"648\" ThreadID=\"1612\">\n    </Execution>\n    <Channel>Microsoft-Windows-Crypto-DPAPI/Operational</Channel>\n    <Computer>WIN-FPV0DSIC9O6.sigma.fr</Computer>\n    <Security UserID=\"S-1-5-96-0-0\">\n    </Security>\n  </System>\n  <EventData>\n  </EventData>\n</Event>\n",
  "json": "{\"Event\":{\"#attributes\":{\"xmlns\":\"http://schemas.microsoft.com/win/2004/08/events/event\"},\"System\":{\"Provider\":{\"#attributes\":{\"Name\":\"Microsoft-Windows-Crypto-DPAPI\",\"Guid\":\"89FE8F40-CDCE-464E-8217-15EF97D4C7C3\"}},\"EventID\":5,\"Version\":0,\"Level\":4,\"Task\":2,\"Opcode\":0,\"Keywords\":\"0x8000000000000002\",\"TimeCreated\":{\"#attributes\":{\"SystemTime\":\"2022-04-07T08:15:01.517145Z\"}},\"EventRecordID\":19,\"Correlation\":null,\"Execution\":{\"#attributes\":{\"ProcessID\":648,\"ThreadID\":1612}},\"Channel\":\"Microsoft-Windows-Crypto-DPAPI/Operational\",\"Computer\":\"WIN-FPV0DSIC9O6.sigma.fr\",\"Security\":{\"#attributes\":{\"UserID\":\"S-1-5-96-0-0\"}}},\"EventData\":null}}",
  "xml_fields": {
    "provider": "Microsoft-Windows-Crypto-DPAPI",
    "event_id": "5",
    "timestamp": "2022-04-07T08:15:01.517145Z",
    "event_record_id": "19",
    "level": "4",
    "task": "2",
    "opcode": "0",
    "keywords": "0x8000000000000002",
    "channel": "Microsoft-Windows-Crypto-DPAPI/Operational",
    "computer": "WIN-FPV0DSIC9O6.sigma.fr"
  },
  "json_fields": {
    "provider": "Microsoft-Windows-Crypto-DPAPI",
    "channel": "Microsoft-Windows-Crypto-DPAPI/Operational",
    "event_id": "5",
    "timestamp": "2022-04-07T08:15:01.517145Z",
    "event_record_id": "19",
    "level": "4",
    "task": "2",
    "opcode": "0",
    "keywords": "0x8000000000000002",
    "computer": "WIN-FPV0DSIC9O6.sigma.fr"
  }
}