{
  "event_id": "5",
  "provider": "Microsoft-Windows-RPC",
  "channel": "None",
  "source_file": "D:\\visual code file\\Project_4\\Event-Analyzer\\test\\Malicious\\EVTX-ATTACK-SAMPLES\\Credential Access\\CA_PetiPotam_etw_rpc_efsr_5_6.evtx",
  "event_record_id": 2,
  "xml": "<?xml version=\"1.0\" encoding=\"utf-8\"?>\n<Event xmlns=\"http://schemas.microsoft.com/win/2004/08/events/event\">\n  <System>\n    <Provider Name=\"Microsoft-Windows-RPC\" Guid=\"{6ad52b32-d609-4be9-ae07-ce8dae937e39}\">\n    </Provider>\n    <EventID>5</EventID>\n    <Version>1</Version>\n    <Level>4</Level>\n    <Task>1</Task>\n    <Opcode>1</Opcode>\n    <Keywords>0x4000000000000000</Keywords>\n    <TimeCreated SystemTime=\"2021-08-17T12:26:48.578782Z\">\n    </TimeCreated>\n    <EventRecordID>5</EventRecordID>\n    <Correlation ActivityID=\"F94327BB-2782-4399-9C78-584B4A7730D5\">\n    </Correlation>\n    <Execution ProcessID=\"5048\" ThreadID=\"2120\">\n    </Execution>\n    <Channel>\n    </Channel>\n    <Computer>LAPTOP-JU4M3I0E</Computer>\n    <Security>\n    </Security>\n  </System>\n  <EventData>\n    <Data Name=\"InterfaceUuid\">367ABB81-9844-35F1-AD32-98F038001003</Data>\n    <Data Name=\"ProcNum\">64</Data>\n    <Data Name=\"Protocol\">3</Data>\n    <Data Name=\"NetworkAddress\">NULL</Data>\n    <Data Name=\"Endpoint\">ntsvcs</Data>\n    <Data Name=\"Options\">NULL</Data>\n    <Data Name=\"AuthenticationLevel\">6</Data>\n    <Data Name=\"AuthenticationService\">20</Data>\n    <Data Name=\"ImpersonationLevel\">3</Data>\n  </EventData>\n</Event>\n",
  "json": "{\"Event\":{\"#attributes\":{\"xmlns\":\"http://schemas.microsoft.com/win/2004/08/events/event\"},\"System\":{\"Provider\":{\"#attributes\":{\"Name\":\"Microsoft-Windows-RPC\",\"Guid\":\"{6ad52b32-d609-4be9-ae07-ce8dae937e39}\"}},\"EventID\":5,\"Version\":1,\"Level\":4,\"Task\":1,\"Opcode\":1,\"Keywords\":\"0x4000000000000000\",\"TimeCreated\":{\"#attributes\":{\"SystemTime\":\"2021-08-17T12:26:48.578782Z\"}},\"EventRecordID\":5,\"Correlation\":{\"#attributes\":{\"ActivityID\":\"F94327BB-2782-4399-9C78-584B4A7730D5\"}},\"Execution\":{\"#attributes\":{\"ProcessID\":5048,\"ThreadID\":2120}},\"Channel\":null,\"Computer\":\"LAPTOP-JU4M3I0E\",\"Security\":null},\"EventData\":{\"InterfaceUuid\":\"367ABB81-9844-35F1-AD32-98F038001003\",\"ProcNum\":64,\"Protocol\":3,\"NetworkAddress\":\"NULL\",\"Endpoint\":\"ntsvcs\",\"Options\":\"NULL\",\"AuthenticationLevel\":6,\"AuthenticationService\":20,\"ImpersonationLevel\":3}}}",
  "xml_fields": {
    "provider": "Microsoft-Windows-RPC",
    "event_id": "5",
    "timestamp": "2021-08-17T12:26:48.578782Z",
    "event_record_id": "5",
    "level": "4",
    "task": "1",
    "opcode": "1",
    "keywords": "0x4000000000000000",
    "channel": "\n    ",
    "computer": "LAPTOP-JU4M3I0E",
    "InterfaceUuid": "367ABB81-9844-35F1-AD32-98F038001003",
    "ProcNum": "64",
    "Protocol": "3",
    "NetworkAddress": "NULL",
    "Endpoint": "ntsvcs",
    "Options": "NULL",
    "AuthenticationLevel": "6",
    "AuthenticationService": "20",
    "ImpersonationLevel": "3"
  },
  "json_fields": {
    "provider": "Microsoft-Windows-RPC",
    "event_id": "5",
    "timestamp": "2021-08-17T12:26:48.578782Z",
    "event_record_id": "5",
    "level": "4",
    "task": "1",
    "opcode": "1",
    "keywords": "0x4000000000000000",
    "computer": "LAPTOP-JU4M3I0E",
    "InterfaceUuid": "367ABB81-9844-35F1-AD32-98F038001003",
    "ProcNum": "64",
    "Protocol": "3",
    "NetworkAddress": "NULL",
    "Endpoint": "ntsvcs",
    "Options": "NULL",
    "AuthenticationLevel": "6",
    "AuthenticationService": "20",
    "ImpersonationLevel": "3"
  }
}