{
  "event_id": "5",
  "provider": "Microsoft-Windows-Kernel-Dump",
  "channel": "Microsoft-Windows-Kernel-Dump/Operational",
  "source_file": "D:\\visual code file\\Project_4\\Event-Analyzer\\test\\Benign\\Logs_Win11_2023\\Microsoft-Windows-Kernel-Dump%4Operational.evtx",
  "event_record_id": 1,
  "xml": "<?xml version=\"1.0\" encoding=\"utf-8\"?>\n<Event xmlns=\"http://schemas.microsoft.com/win/2004/08/events/event\">\n  <System>\n    <Provider Name=\"Microsoft-Windows-Kernel-Dump\" Guid=\"17D2A329-4539-5F4D-3435-F510634CE3B9\">\n    </Provider>\n    <EventID>5</EventID>\n    <Version>0</Version>\n    <Level>3</Level>\n    <Task>2</Task>\n    <Opcode>15</Opcode>\n    <Keywords>0x8000000000000000</Keywords>\n    <TimeCreated SystemTime=\"2023-10-26T04:16:27.309101Z\">\n    </TimeCreated>\n    <EventRecordID>1</EventRecordID>\n    <Correlation>\n    </Correlation>\n    <Execution ProcessID=\"4\" ThreadID=\"8\">\n    </Execution>\n    <Channel>Microsoft-Windows-Kernel-Dump/Operational</Channel>\n    <Computer>WIN-OQ6R0RVA4NF</Computer>\n    <Security UserID=\"S-1-5-18\">\n    </Security>\n  </System>\n  <EventData>\n    <Data Name=\"NTStatus\">3221225487</Data>\n  </EventData>\n</Event>\n",
  "json": "{\"Event\":{\"#attributes\":{\"xmlns\":\"http://schemas.microsoft.com/win/2004/08/events/event\"},\"System\":{\"Provider\":{\"#attributes\":{\"Name\":\"Microsoft-Windows-Kernel-Dump\",\"Guid\":\"17D2A329-4539-5F4D-3435-F510634CE3B9\"}},\"EventID\":5,\"Version\":0,\"Level\":3,\"Task\":2,\"Opcode\":15,\"Keywords\":\"0x8000000000000000\",\"TimeCreated\":{\"#attributes\":{\"SystemTime\":\"2023-10-26T04:16:27.309101Z\"}},\"EventRecordID\":1,\"Correlation\":null,\"Execution\":{\"#attributes\":{\"ProcessID\":4,\"ThreadID\":8}},\"Channel\":\"Microsoft-Windows-Kernel-Dump/Operational\",\"Computer\":\"WIN-OQ6R0RVA4NF\",\"Security\":{\"#attributes\":{\"UserID\":\"S-1-5-18\"}}},\"EventData\":{\"NTStatus\":3221225487}}}",
  "xml_fields": {
    "provider": "Microsoft-Windows-Kernel-Dump",
    "event_id": "5",
    "timestamp": "2023-10-26T04:16:27.309101Z",
    "event_record_id": "1",
    "level": "3",
    "task": "2",
    "opcode": "15",
    "keywords": "0x8000000000000000",
    "channel": "Microsoft-Windows-Kernel-Dump/Operational",
    "computer": "WIN-OQ6R0RVA4NF",
    "NTStatus": "3221225487"
  },
  "json_fields": {
    "provider": "Microsoft-Windows-Kernel-Dump",
    "channel": "Microsoft-Windows-Kernel-Dump/Operational",
    "event_id": "5",
    "timestamp": "2023-10-26T04:16:27.309101Z",
    "event_record_id": "1",
    "level": "3",
    "task": "2",
    "opcode": "15",
    "keywords": "0x8000000000000000",
    "computer": "WIN-OQ6R0RVA4NF",
    "NTStatus": "3221225487"
  }
}