{
  "event_id": "6000",
  "provider": "Microsoft-Windows-Winlogon",
  "channel": "Application",
  "source_file": "D:\\visual code file\\Project_4\\Event-Analyzer\\test\\Logs\\Application.evtx",
  "event_record_id": 44,
  "xml": "<?xml version=\"1.0\" encoding=\"utf-8\"?>\n<Event xmlns=\"http://schemas.microsoft.com/win/2004/08/events/event\">\n  <System>\n    <Provider Name=\"Microsoft-Windows-Winlogon\" Guid=\"{DBE9B383-7CF3-4331-91CC-A3CB16A3B538}\" EventSourceName=\"Wlclntfy\">\n    </Provider>\n    <EventID Qualifiers=\"32768\">6000</EventID>\n    <Version>0</Version>\n    <Level>4</Level>\n    <Task>0</Task>\n    <Opcode>0</Opcode>\n    <Keywords>0x80000000000000</Keywords>\n    <TimeCreated SystemTime=\"2024-11-04T12:34:57.647557Z\">\n    </TimeCreated>\n    <EventRecordID>44</EventRecordID>\n    <Correlation>\n    </Correlation>\n    <Execution ProcessID=\"0\" ThreadID=\"0\">\n    </Execution>\n    <Channel>Application</Channel>\n    <Computer>DESKTOP-P9H5FTA</Computer>\n    <Security>\n    </Security>\n  </System>\n  <EventData>\n    <Data>SessionEnv</Data>\n    <Binary>D9060000</Binary>\n  </EventData>\n</Event>\n",
  "json": "{\"Event\":{\"#attributes\":{\"xmlns\":\"http://schemas.microsoft.com/win/2004/08/events/event\"},\"System\":{\"Provider\":{\"#attributes\":{\"Name\":\"Microsoft-Windows-Winlogon\",\"Guid\":\"{DBE9B383-7CF3-4331-91CC-A3CB16A3B538}\",\"EventSourceName\":\"Wlclntfy\"}},\"EventID\":{\"#attributes\":{\"Qualifiers\":32768},\"#text\":6000},\"Version\":0,\"Level\":4,\"Task\":0,\"Opcode\":0,\"Keywords\":\"0x80000000000000\",\"TimeCreated\":{\"#attributes\":{\"SystemTime\":\"2024-11-04T12:34:57.647557Z\"}},\"EventRecordID\":44,\"Correlation\":null,\"Execution\":{\"#attributes\":{\"ProcessID\":0,\"ThreadID\":0}},\"Channel\":\"Application\",\"Computer\":\"DESKTOP-P9H5FTA\",\"Security\":null},\"EventData\":{\"Data\":{\"#text\":\"SessionEnv\"},\"Binary\":\"D9060000\"}}}",
  "xml_fields": {
    "provider": "Microsoft-Windows-Winlogon",
    "event_id": "6000",
    "timestamp": "2024-11-04T12:34:57.647557Z",
    "event_record_id": "44",
    "level": "4",
    "task": "0",
    "opcode": "0",
    "keywords": "0x80000000000000",
    "channel": "Application",
    "computer": "DESKTOP-P9H5FTA",
    "_data_0": "SessionEnv",
    "Binary": "D9060000"
  },
  "json_fields": {
    "provider": "Microsoft-Windows-Winlogon",
    "channel": "Application",
    "event_id": "6000",
    "timestamp": "2024-11-04T12:34:57.647557Z",
    "event_record_id": "44",
    "level": "4",
    "task": "0",
    "opcode": "0",
    "keywords": "0x80000000000000",
    "computer": "DESKTOP-P9H5FTA",
    "Data": "SessionEnv",
    "Binary": "D9060000"
  }
}