{
  "event_id": "6001",
  "provider": "Microsoft-Windows-Winlogon",
  "channel": "Application",
  "source_file": "D:\\visual code file\\Project_4\\Event-Analyzer\\test\\Benign\\win2022-0-20348-azure\\Application.evtx",
  "event_record_id": 372,
  "xml": "<?xml version=\"1.0\" encoding=\"utf-8\"?>\n<Event xmlns=\"http://schemas.microsoft.com/win/2004/08/events/event\">\n  <System>\n    <Provider Name=\"Microsoft-Windows-Winlogon\" Guid=\"{DBE9B383-7CF3-4331-91CC-A3CB16A3B538}\" EventSourceName=\"Wlclntfy\">\n    </Provider>\n    <EventID Qualifiers=\"32768\">6001</EventID>\n    <Version>0</Version>\n    <Level>3</Level>\n    <Task>0</Task>\n    <Opcode>0</Opcode>\n    <Keywords>0x80000000000000</Keywords>\n    <TimeCreated SystemTime=\"2022-09-08T21:30:54.910876Z\">\n    </TimeCreated>\n    <EventRecordID>372</EventRecordID>\n    <Correlation>\n    </Correlation>\n    <Execution ProcessID=\"0\" ThreadID=\"0\">\n    </Execution>\n    <Channel>Application</Channel>\n    <Computer>WIN-06FB45IHQ35</Computer>\n    <Security>\n    </Security>\n  </System>\n  <EventData>\n    <Data>SessionEnv</Data>\n    <Binary>D9060000</Binary>\n  </EventData>\n</Event>\n",
  "json": "{\"Event\":{\"#attributes\":{\"xmlns\":\"http://schemas.microsoft.com/win/2004/08/events/event\"},\"System\":{\"Provider\":{\"#attributes\":{\"Name\":\"Microsoft-Windows-Winlogon\",\"Guid\":\"{DBE9B383-7CF3-4331-91CC-A3CB16A3B538}\",\"EventSourceName\":\"Wlclntfy\"}},\"EventID\":{\"#attributes\":{\"Qualifiers\":32768},\"#text\":6001},\"Version\":0,\"Level\":3,\"Task\":0,\"Opcode\":0,\"Keywords\":\"0x80000000000000\",\"TimeCreated\":{\"#attributes\":{\"SystemTime\":\"2022-09-08T21:30:54.910876Z\"}},\"EventRecordID\":372,\"Correlation\":null,\"Execution\":{\"#attributes\":{\"ProcessID\":0,\"ThreadID\":0}},\"Channel\":\"Application\",\"Computer\":\"WIN-06FB45IHQ35\",\"Security\":null},\"EventData\":{\"Data\":{\"#text\":\"SessionEnv\"},\"Binary\":\"D9060000\"}}}",
  "xml_fields": {
    "provider": "Microsoft-Windows-Winlogon",
    "event_id": "6001",
    "timestamp": "2022-09-08T21:30:54.910876Z",
    "event_record_id": "372",
    "level": "3",
    "task": "0",
    "opcode": "0",
    "keywords": "0x80000000000000",
    "channel": "Application",
    "computer": "WIN-06FB45IHQ35",
    "_data_0": "SessionEnv",
    "Binary": "D9060000"
  },
  "json_fields": {
    "provider": "Microsoft-Windows-Winlogon",
    "channel": "Application",
    "event_id": "6001",
    "timestamp": "2022-09-08T21:30:54.910876Z",
    "event_record_id": "372",
    "level": "3",
    "task": "0",
    "opcode": "0",
    "keywords": "0x80000000000000",
    "computer": "WIN-06FB45IHQ35",
    "Data": "SessionEnv",
    "Binary": "D9060000"
  }
}