{
  "event_id": "6004",
  "provider": "Microsoft-Windows-Push-To-Install-Service",
  "channel": "Microsoft-Windows-Store/Operational",
  "source_file": "D:\\visual code file\\Project_4\\Event-Analyzer\\test\\Logs\\Microsoft-Windows-Store%4Operational.evtx",
  "event_record_id": 749,
  "xml": "<?xml version=\"1.0\" encoding=\"utf-8\"?>\n<Event xmlns=\"http://schemas.microsoft.com/win/2004/08/events/event\">\n  <System>\n    <Provider Name=\"Microsoft-Windows-Push-To-Install-Service\" Guid=\"3A718A68-6974-4075-ABD3-E8243CAEF398\">\n    </Provider>\n    <EventID>6004</EventID>\n    <Version>0</Version>\n    <Level>4</Level>\n    <Task>6004</Task>\n    <Opcode>0</Opcode>\n    <Keywords>0x8000000000000001</Keywords>\n    <TimeCreated SystemTime=\"2024-11-04T12:55:15.995565Z\">\n    </TimeCreated>\n    <EventRecordID>749</EventRecordID>\n    <Correlation>\n    </Correlation>\n    <Execution ProcessID=\"4196\" ThreadID=\"7824\">\n    </Execution>\n    <Channel>Microsoft-Windows-Store/Operational</Channel>\n    <Computer>DESKTOP-P9H5FTA</Computer>\n    <Security UserID=\"S-1-5-18\">\n    </Security>\n  </System>\n  <EventData>\n    <Data Name=\"Message\">canDisableApps value is 0</Data>\n    <Data Name=\"Function\">InitStoreAppsAreDisabled</Data>\n    <Data Name=\"Error Code\">-1</Data>\n    <Data Name=\"Source\">onecoreuap\\enduser\\winstore\\pushtoinstall\\svc\\svcmain.cpp</Data>\n    <Data Name=\"Line Number\">59</Data>\n  </EventData>\n</Event>\n",
  "json": "{\"Event\":{\"#attributes\":{\"xmlns\":\"http://schemas.microsoft.com/win/2004/08/events/event\"},\"System\":{\"Provider\":{\"#attributes\":{\"Name\":\"Microsoft-Windows-Push-To-Install-Service\",\"Guid\":\"3A718A68-6974-4075-ABD3-E8243CAEF398\"}},\"EventID\":6004,\"Version\":0,\"Level\":4,\"Task\":6004,\"Opcode\":0,\"Keywords\":\"0x8000000000000001\",\"TimeCreated\":{\"#attributes\":{\"SystemTime\":\"2024-11-04T12:55:15.995565Z\"}},\"EventRecordID\":749,\"Correlation\":null,\"Execution\":{\"#attributes\":{\"ProcessID\":4196,\"ThreadID\":7824}},\"Channel\":\"Microsoft-Windows-Store/Operational\",\"Computer\":\"DESKTOP-P9H5FTA\",\"Security\":{\"#attributes\":{\"UserID\":\"S-1-5-18\"}}},\"EventData\":{\"Message\":\"canDisableApps value is 0\",\"Function\":\"InitStoreAppsAreDisabled\",\"Error Code\":-1,\"Source\":\"onecoreuap\\\\enduser\\\\winstore\\\\pushtoinstall\\\\svc\\\\svcmain.cpp\",\"Line Number\":59}}}",
  "xml_fields": {
    "provider": "Microsoft-Windows-Push-To-Install-Service",
    "event_id": "6004",
    "timestamp": "2024-11-04T12:55:15.995565Z",
    "event_record_id": "749",
    "level": "4",
    "task": "6004",
    "opcode": "0",
    "keywords": "0x8000000000000001",
    "channel": "Microsoft-Windows-Store/Operational",
    "computer": "DESKTOP-P9H5FTA",
    "Message": "canDisableApps value is 0",
    "Function": "InitStoreAppsAreDisabled",
    "Error Code": "-1",
    "Source": "onecoreuap\\enduser\\winstore\\pushtoinstall\\svc\\svcmain.cpp",
    "Line Number": "59"
  },
  "json_fields": {
    "provider": "Microsoft-Windows-Push-To-Install-Service",
    "channel": "Microsoft-Windows-Store/Operational",
    "event_id": "6004",
    "timestamp": "2024-11-04T12:55:15.995565Z",
    "event_record_id": "749",
    "level": "4",
    "task": "6004",
    "opcode": "0",
    "keywords": "0x8000000000000001",
    "computer": "DESKTOP-P9H5FTA",
    "Message": "canDisableApps value is 0",
    "Function": "InitStoreAppsAreDisabled",
    "Error Code": "-1",
    "Source": "onecoreuap\\enduser\\winstore\\pushtoinstall\\svc\\svcmain.cpp",
    "Line Number": "59"
  }
}