{
  "event_id": "6004",
  "provider": "Microsoft-Windows-DNS-Server-Service",
  "channel": "DNS Server",
  "source_file": "D:\\visual code file\\Project_4\\Event-Analyzer\\test\\Malicious\\EVTX-to-MITRE-Attack-master\\TA0007-Discovery\\T1016-System Network Configuration Discovery\\ID6004-DNS-server-failed zone transfer.evtx",
  "event_record_id": 1,
  "xml": "<?xml version=\"1.0\" encoding=\"utf-8\"?>\n<Event xmlns=\"http://schemas.microsoft.com/win/2004/08/events/event\">\n  <System>\n    <Provider Name=\"Microsoft-Windows-DNS-Server-Service\" Guid=\"71A551F5-C893-4849-886B-B5EC8502641E\">\n    </Provider>\n    <EventID>6004</EventID>\n    <Version>0</Version>\n    <Level>3</Level>\n    <Task>0</Task>\n    <Opcode>0</Opcode>\n    <Keywords>0x8000000000080000</Keywords>\n    <TimeCreated SystemTime=\"2020-07-11T12:58:32.242577Z\">\n    </TimeCreated>\n    <EventRecordID>341</EventRecordID>\n    <Correlation>\n    </Correlation>\n    <Execution ProcessID=\"1764\" ThreadID=\"2284\">\n    </Execution>\n    <Channel>DNS Server</Channel>\n    <Computer>rootdc1.offsec.lan</Computer>\n    <Security UserID=\"S-1-5-18\">\n    </Security>\n  </System>\n  <EventData Name=\"DNS_EVENT_BAD_ZONE_TRANSFER_REQUEST\">\n    <Data Name=\"param1\">10.23.23.9</Data>\n    <Data Name=\"param2\">non-existing.lan.</Data>\n    <Binary></Binary>\n  </EventData>\n</Event>\n",
  "json": "{\"Event\":{\"#attributes\":{\"xmlns\":\"http://schemas.microsoft.com/win/2004/08/events/event\"},\"System\":{\"Provider\":{\"#attributes\":{\"Name\":\"Microsoft-Windows-DNS-Server-Service\",\"Guid\":\"71A551F5-C893-4849-886B-B5EC8502641E\"}},\"EventID\":6004,\"Version\":0,\"Level\":3,\"Task\":0,\"Opcode\":0,\"Keywords\":\"0x8000000000080000\",\"TimeCreated\":{\"#attributes\":{\"SystemTime\":\"2020-07-11T12:58:32.242577Z\"}},\"EventRecordID\":341,\"Correlation\":null,\"Execution\":{\"#attributes\":{\"ProcessID\":1764,\"ThreadID\":2284}},\"Channel\":\"DNS Server\",\"Computer\":\"rootdc1.offsec.lan\",\"Security\":{\"#attributes\":{\"UserID\":\"S-1-5-18\"}}},\"EventData\":{\"#attributes\":{\"Name\":\"DNS_EVENT_BAD_ZONE_TRANSFER_REQUEST\"},\"param1\":\"10.23.23.9\",\"param2\":\"non-existing.lan.\",\"Binary\":null}}}",
  "xml_fields": {
    "provider": "Microsoft-Windows-DNS-Server-Service",
    "event_id": "6004",
    "timestamp": "2020-07-11T12:58:32.242577Z",
    "event_record_id": "341",
    "level": "3",
    "task": "0",
    "opcode": "0",
    "keywords": "0x8000000000080000",
    "channel": "DNS Server",
    "computer": "rootdc1.offsec.lan",
    "param1": "10.23.23.9",
    "param2": "non-existing.lan."
  },
  "json_fields": {
    "provider": "Microsoft-Windows-DNS-Server-Service",
    "channel": "DNS Server",
    "event_id": "6004",
    "timestamp": "2020-07-11T12:58:32.242577Z",
    "event_record_id": "341",
    "level": "3",
    "task": "0",
    "opcode": "0",
    "keywords": "0x8000000000080000",
    "computer": "rootdc1.offsec.lan",
    "param1": "10.23.23.9",
    "param2": "non-existing.lan."
  }
}