{
  "event_id": "6006",
  "provider": "Microsoft-Windows-Winlogon",
  "channel": "Application",
  "source_file": "D:\\visual code file\\Project_4\\Event-Analyzer\\test\\Benign\\Win2022-AD\\Application.evtx",
  "event_record_id": 120,
  "xml": "<?xml version=\"1.0\" encoding=\"utf-8\"?>\n<Event xmlns=\"http://schemas.microsoft.com/win/2004/08/events/event\">\n  <System>\n    <Provider Name=\"Microsoft-Windows-Winlogon\" Guid=\"{DBE9B383-7CF3-4331-91CC-A3CB16A3B538}\" EventSourceName=\"Wlclntfy\">\n    </Provider>\n    <EventID Qualifiers=\"32768\">6006</EventID>\n    <Version>0</Version>\n    <Level>3</Level>\n    <Task>0</Task>\n    <Opcode>0</Opcode>\n    <Keywords>0x80000000000000</Keywords>\n    <TimeCreated SystemTime=\"2022-04-07T08:17:03.466559Z\">\n    </TimeCreated>\n    <EventRecordID>120</EventRecordID>\n    <Correlation>\n    </Correlation>\n    <Execution ProcessID=\"0\" ThreadID=\"0\">\n    </Execution>\n    <Channel>Application</Channel>\n    <Computer>WIN-FPV0DSIC9O6.sigma.fr</Computer>\n    <Security>\n    </Security>\n  </System>\n  <EventData>\n    <Data>GPClient</Data>\n    <Data>119</Data>\n    <Data>CreateSession</Data>\n    <Binary>00000000</Binary>\n  </EventData>\n</Event>\n",
  "json": "{\"Event\":{\"#attributes\":{\"xmlns\":\"http://schemas.microsoft.com/win/2004/08/events/event\"},\"System\":{\"Provider\":{\"#attributes\":{\"Name\":\"Microsoft-Windows-Winlogon\",\"Guid\":\"{DBE9B383-7CF3-4331-91CC-A3CB16A3B538}\",\"EventSourceName\":\"Wlclntfy\"}},\"EventID\":{\"#attributes\":{\"Qualifiers\":32768},\"#text\":6006},\"Version\":0,\"Level\":3,\"Task\":0,\"Opcode\":0,\"Keywords\":\"0x80000000000000\",\"TimeCreated\":{\"#attributes\":{\"SystemTime\":\"2022-04-07T08:17:03.466559Z\"}},\"EventRecordID\":120,\"Correlation\":null,\"Execution\":{\"#attributes\":{\"ProcessID\":0,\"ThreadID\":0}},\"Channel\":\"Application\",\"Computer\":\"WIN-FPV0DSIC9O6.sigma.fr\",\"Security\":null},\"EventData\":{\"Data\":{\"#text\":[\"GPClient\",\"119\",\"CreateSession\"]},\"Binary\":\"00000000\"}}}",
  "xml_fields": {
    "provider": "Microsoft-Windows-Winlogon",
    "event_id": "6006",
    "timestamp": "2022-04-07T08:17:03.466559Z",
    "event_record_id": "120",
    "level": "3",
    "task": "0",
    "opcode": "0",
    "keywords": "0x80000000000000",
    "channel": "Application",
    "computer": "WIN-FPV0DSIC9O6.sigma.fr",
    "_data_0": "GPClient",
    "_data_1": "119",
    "_data_2": "CreateSession",
    "Binary": "00000000"
  },
  "json_fields": {
    "provider": "Microsoft-Windows-Winlogon",
    "channel": "Application",
    "event_id": "6006",
    "timestamp": "2022-04-07T08:17:03.466559Z",
    "event_record_id": "120",
    "level": "3",
    "task": "0",
    "opcode": "0",
    "keywords": "0x80000000000000",
    "computer": "WIN-FPV0DSIC9O6.sigma.fr",
    "_data_0": "GPClient",
    "_data_1": "119",
    "_data_2": "CreateSession",
    "Binary": "00000000"
  }
}