{
  "event_id": "6006",
  "provider": "Microsoft-Windows-Push-To-Install-Service",
  "channel": "Microsoft-Windows-Store/Operational",
  "source_file": "D:\\visual code file\\Project_4\\Event-Analyzer\\test\\Logs\\Microsoft-Windows-Store%4Operational.evtx",
  "event_record_id": 748,
  "xml": "<?xml version=\"1.0\" encoding=\"utf-8\"?>\n<Event xmlns=\"http://schemas.microsoft.com/win/2004/08/events/event\">\n  <System>\n    <Provider Name=\"Microsoft-Windows-Push-To-Install-Service\" Guid=\"3A718A68-6974-4075-ABD3-E8243CAEF398\">\n    </Provider>\n    <EventID>6006</EventID>\n    <Version>0</Version>\n    <Level>4</Level>\n    <Task>6006</Task>\n    <Opcode>0</Opcode>\n    <Keywords>0x8000000000000002</Keywords>\n    <TimeCreated SystemTime=\"2024-11-04T12:55:15.994054Z\">\n    </TimeCreated>\n    <EventRecordID>748</EventRecordID>\n    <Correlation>\n    </Correlation>\n    <Execution ProcessID=\"4196\" ThreadID=\"7824\">\n    </Execution>\n    <Channel>Microsoft-Windows-Store/Operational</Channel>\n    <Computer>DESKTOP-P9H5FTA</Computer>\n    <Security UserID=\"S-1-5-18\">\n    </Security>\n  </System>\n  <EventData>\n    <Data Name=\"Process Name\">C:\\Windows\\System32\\svchost.exe</Data>\n    <Data Name=\"Module Name\">c:\\windows\\system32\\pushtoinstall.dll</Data>\n    <Data Name=\"Build Name\">19041.1.amd64fre.vb_release.191206-1406</Data>\n  </EventData>\n</Event>\n",
  "json": "{\"Event\":{\"#attributes\":{\"xmlns\":\"http://schemas.microsoft.com/win/2004/08/events/event\"},\"System\":{\"Provider\":{\"#attributes\":{\"Name\":\"Microsoft-Windows-Push-To-Install-Service\",\"Guid\":\"3A718A68-6974-4075-ABD3-E8243CAEF398\"}},\"EventID\":6006,\"Version\":0,\"Level\":4,\"Task\":6006,\"Opcode\":0,\"Keywords\":\"0x8000000000000002\",\"TimeCreated\":{\"#attributes\":{\"SystemTime\":\"2024-11-04T12:55:15.994054Z\"}},\"EventRecordID\":748,\"Correlation\":null,\"Execution\":{\"#attributes\":{\"ProcessID\":4196,\"ThreadID\":7824}},\"Channel\":\"Microsoft-Windows-Store/Operational\",\"Computer\":\"DESKTOP-P9H5FTA\",\"Security\":{\"#attributes\":{\"UserID\":\"S-1-5-18\"}}},\"EventData\":{\"Process Name\":\"C:\\\\Windows\\\\System32\\\\svchost.exe\",\"Module Name\":\"c:\\\\windows\\\\system32\\\\pushtoinstall.dll\",\"Build Name\":\"19041.1.amd64fre.vb_release.191206-1406\"}}}",
  "xml_fields": {
    "provider": "Microsoft-Windows-Push-To-Install-Service",
    "event_id": "6006",
    "timestamp": "2024-11-04T12:55:15.994054Z",
    "event_record_id": "748",
    "level": "4",
    "task": "6006",
    "opcode": "0",
    "keywords": "0x8000000000000002",
    "channel": "Microsoft-Windows-Store/Operational",
    "computer": "DESKTOP-P9H5FTA",
    "Process Name": "C:\\Windows\\System32\\svchost.exe",
    "Module Name": "c:\\windows\\system32\\pushtoinstall.dll",
    "Build Name": "19041.1.amd64fre.vb_release.191206-1406"
  },
  "json_fields": {
    "provider": "Microsoft-Windows-Push-To-Install-Service",
    "channel": "Microsoft-Windows-Store/Operational",
    "event_id": "6006",
    "timestamp": "2024-11-04T12:55:15.994054Z",
    "event_record_id": "748",
    "level": "4",
    "task": "6006",
    "opcode": "0",
    "keywords": "0x8000000000000002",
    "computer": "DESKTOP-P9H5FTA",
    "Process Name": "C:\\Windows\\System32\\svchost.exe",
    "Module Name": "c:\\windows\\system32\\pushtoinstall.dll",
    "Build Name": "19041.1.amd64fre.vb_release.191206-1406"
  }
}