{
  "event_id": "6008",
  "provider": "Microsoft-Windows-SettingSync",
  "channel": "Microsoft-Windows-SettingSync/Debug",
  "source_file": "D:\\visual code file\\Project_4\\Event-Analyzer\\test\\Logs\\Microsoft-Windows-SettingSync%4Debug.evtx",
  "event_record_id": 13,
  "xml": "<?xml version=\"1.0\" encoding=\"utf-8\"?>\n<Event xmlns=\"http://schemas.microsoft.com/win/2004/08/events/event\">\n  <System>\n    <Provider Name=\"Microsoft-Windows-SettingSync\" Guid=\"83D6E83B-900B-48A3-9835-57656B6F6474\">\n    </Provider>\n    <EventID>6008</EventID>\n    <Version>0</Version>\n    <Level>4</Level>\n    <Task>0</Task>\n    <Opcode>0</Opcode>\n    <Keywords>0x4000000000000000</Keywords>\n    <TimeCreated SystemTime=\"2024-11-04T12:48:46.860625Z\">\n    </TimeCreated>\n    <EventRecordID>13</EventRecordID>\n    <Correlation>\n    </Correlation>\n    <Execution ProcessID=\"4252\" ThreadID=\"7468\">\n    </Execution>\n    <Channel>Microsoft-Windows-SettingSync/Debug</Channel>\n    <Computer>DESKTOP-P9H5FTA</Computer>\n    <Security UserID=\"S-1-5-21-3088055692-629932344-1786574096-1001\">\n    </Security>\n  </System>\n  <EventData>\n    <Data Name=\"Reason\">7</Data>\n    <Data Name=\"HRESULT\">0</Data>\n  </EventData>\n</Event>\n",
  "json": "{\"Event\":{\"#attributes\":{\"xmlns\":\"http://schemas.microsoft.com/win/2004/08/events/event\"},\"System\":{\"Provider\":{\"#attributes\":{\"Name\":\"Microsoft-Windows-SettingSync\",\"Guid\":\"83D6E83B-900B-48A3-9835-57656B6F6474\"}},\"EventID\":6008,\"Version\":0,\"Level\":4,\"Task\":0,\"Opcode\":0,\"Keywords\":\"0x4000000000000000\",\"TimeCreated\":{\"#attributes\":{\"SystemTime\":\"2024-11-04T12:48:46.860625Z\"}},\"EventRecordID\":13,\"Correlation\":null,\"Execution\":{\"#attributes\":{\"ProcessID\":4252,\"ThreadID\":7468}},\"Channel\":\"Microsoft-Windows-SettingSync/Debug\",\"Computer\":\"DESKTOP-P9H5FTA\",\"Security\":{\"#attributes\":{\"UserID\":\"S-1-5-21-3088055692-629932344-1786574096-1001\"}}},\"EventData\":{\"Reason\":7,\"HRESULT\":0}}}",
  "xml_fields": {
    "provider": "Microsoft-Windows-SettingSync",
    "event_id": "6008",
    "timestamp": "2024-11-04T12:48:46.860625Z",
    "event_record_id": "13",
    "level": "4",
    "task": "0",
    "opcode": "0",
    "keywords": "0x4000000000000000",
    "channel": "Microsoft-Windows-SettingSync/Debug",
    "computer": "DESKTOP-P9H5FTA",
    "Reason": "7",
    "HRESULT": "0"
  },
  "json_fields": {
    "provider": "Microsoft-Windows-SettingSync",
    "channel": "Microsoft-Windows-SettingSync/Debug",
    "event_id": "6008",
    "timestamp": "2024-11-04T12:48:46.860625Z",
    "event_record_id": "13",
    "level": "4",
    "task": "0",
    "opcode": "0",
    "keywords": "0x4000000000000000",
    "computer": "DESKTOP-P9H5FTA",
    "Reason": "7",
    "HRESULT": "0"
  }
}