{
  "event_id": "604",
  "provider": "Microsoft-Windows-AppXDeployment-Server",
  "channel": "Microsoft-Windows-AppXDeploymentServer/Operational",
  "source_file": "D:\\visual code file\\Project_4\\Event-Analyzer\\test\\Logs\\Microsoft-Windows-AppXDeploymentServer%4Operational.evtx",
  "event_record_id": 13096,
  "xml": "<?xml version=\"1.0\" encoding=\"utf-8\"?>\n<Event xmlns=\"http://schemas.microsoft.com/win/2004/08/events/event\">\n  <System>\n    <Provider Name=\"Microsoft-Windows-AppXDeployment-Server\" Guid=\"3F471139-ACB7-4A01-B7A7-FF5DA4BA2D43\">\n    </Provider>\n    <EventID>604</EventID>\n    <Version>0</Version>\n    <Level>4</Level>\n    <Task>3</Task>\n    <Opcode>0</Opcode>\n    <Keywords>0x4000000000000001</Keywords>\n    <TimeCreated SystemTime=\"2025-01-24T10:52:11.054468Z\">\n    </TimeCreated>\n    <EventRecordID>13096</EventRecordID>\n    <Correlation ActivityID=\"B61EC021-6E4D-0001-1EC5-1EB64D6EDB01\">\n    </Correlation>\n    <Execution ProcessID=\"1320\" ThreadID=\"5308\">\n    </Execution>\n    <Channel>Microsoft-Windows-AppXDeploymentServer/Operational</Channel>\n    <Computer>CTO-FILESVR</Computer>\n    <Security UserID=\"S-1-5-21-3088055692-629932344-1786574096-1003\">\n    </Security>\n  </System>\n  <EventData>\n    <Data Name=\"DeploymentOperation\">27</Data>\n    <Data Name=\"Path\"></Data>\n    <Data Name=\"DependencyPaths\">Microsoft.Windows.CloudExperienceHost_10.0.19041.5198_neutral_neutral_cw5n1h2txyewy, Microsoft.BioEnrollment_10.0.19041.4239_neutral_neutral_cw5n1h2txyewy, Microsoft.AAD.BrokerPlugin_10.0.19041.4239_neutral_neutral_cw5n1h2txyewy, Microsoft.Windows.OOBENetworkConnectionFlow_10.0.19041.4239_neutral_neutral_cw5n1h2txyewy, Microsoft.Windows.OOBENetworkCaptivePortal_10.0.19041.4239_neutral_neutral_cw5n1h2txyewy, MicrosoftWindows.UndockedDevKit_10.0.19041.4239_neutral_neutral_cw5n1h2txyewy, Microsoft.Windows.StartMenuExperienceHost_10.0.19041.5072_neutral_neutral_cw5n1h2txyewy, Microsoft.Windows.ShellExperienceHost_10.0.19041.5072_neutral_neutral_cw5n1h2txyewy, windows.immersivecontrolpanel_10.0.2.1000_neutral_neutral_cw5n1h2txyewy, Microsoft.Windows.Search_10.0.19041.5198_neutral_neutral_cw5n1h2txyewy, 1527c705-839a-4832-9118-54d4Bd6a0c89_10.0.19041.4239_neutral_neutral_cw5n1h2txyewy, c5e2524a-ea46-4f67-841f-6a9465d9d515_10.0.19041.4239_neutral_neutral_cw5n1h2txyewy, E2A4F912-2574-4A75-9BB0-0D023378592B_10.0.19041.4239_neutral_neutral_cw5n1h2txyewy, F46D4000-FD22-4DB4-AC8E-4E1DDDE828FE_10.0.19041.4239_neutral_neutral_cw5n1h2txyewy, Microsoft.AccountsControl_10.0.19041.4239_neutral_neutral_cw5n1h2txyewy, Microsoft.AsyncTextService_10.0.19041.4239_neutral_neutral_8wekyb3d8bbwe, Microsoft.CredDialogHost_10.0.19041.4239_neutral_neutral_cw5n1h2txyewy, Microsoft.ECApp_10.0.19041.4597_neutral_neutral_8wekyb3d8bbwe, Microsoft.LockApp_10.0.19041.4239_neutral_neutral_cw5n1h2txyewy, Microsoft.MicrosoftEdgeDevToolsClient_10.0.19041.4239_neutral__8wekyb3d8bbwe, Microsoft.Win32WebViewHost_10.0.19041.4239_neutral_neutral_cw5n1h2txyewy, Microsoft.Windows.AppRep.ChxApp_10.0.19041.4239_neutral_neutral_cw5n1h2txyewy, Microsoft.Windows.AssignedAccessLockApp_10.0.19041.4239_neutral_neutral_cw5n1h2txyewy, Microsoft.Windows.CallingShellApp_10.0.19041.4239_neutral_neutral_cw5n1h2txyewy, Microsoft.Windows.CapturePicker_10.0.19041.4239_neutral_neutral_cw5n1h2txyewy, Microsoft.Windows.ContentDeliveryManager_10.0.19041.4239_neutral_neutral_cw5n1h2txyewy, Microsoft.Windows.NarratorQuickStart_10.0.19041.4239_neutral_neutral_8wekyb3d8bbwe, Microsoft.Windows.ParentalControls_10.0.19041.4239_neutral_neutral_cw5n1h2txyewy, Microsoft.Windows.PeopleExperienceHost_10.0.19041.4239_neutral_neutral_cw5n1h2txyewy, Microsoft.Windows.PinningConfirmationDialog_10.0.19041.4239_neutral_neutral_cw5n1h2txyewy, Microsoft.Windows.SecHealthUI_10.0.19041.4239_neutral__cw5n1h2txyewy, Microsoft.Windows.SecureAssessmentBrowser_10.0.19041.4239_neutral_neutral_cw5n1h2txyewy, Microsoft.Windows.XGpuEjectDialog_10.0.19041.4239_neutral_neutral_cw5n1h2txyewy, Microsoft.XboxGameCallableUI_10.0.19041.4239_neutral_neutral_cw5n1h2txyewy, MicrosoftWindows.Client.CBS_1000.19060.1000.0_neutral_neutral_cw5n1h2txyewy, NcsiUwpApp_10.0.19041.4239_neutral_neutral_8wekyb3d8bbwe, Windows.CBSPreview_10.0.19041.4239_neutral_neutral_cw5n1h2txyewy, Windows.PrintDialog_6.2.1.0_neutral_neutral_cw5n1h2txyewy, Microsoft.WindowsCamera_2022.2408.1.0_neutral_~_8wekyb3d8bbwe, Microsoft.WindowsAlarms_2021.2411.2.0_neutral_~_8wekyb3d8bbwe, Microsoft.WindowsMaps_2022.2411.7.0_neutral_~_8wekyb3d8bbwe, Microsoft.WindowsCalculator_2021.2411.1.0_neutral_~_8wekyb3d8bbwe, Microsoft.People_2021.2202.100.0_neutral_~_8wekyb3d8bbwe</Data>\n    <Data Name=\"Flags\">268435456</Data>\n    <Data Name=\"FlagsHigh\">0</Data>\n    <Data Name=\"CallingProcess\">svchost.exe,AppReadiness</Data>\n    <Data Name=\"ExternalLocation\"></Data>\n  </EventData>\n</Event>\n",
  "json": "{\"Event\":{\"#attributes\":{\"xmlns\":\"http://schemas.microsoft.com/win/2004/08/events/event\"},\"System\":{\"Provider\":{\"#attributes\":{\"Name\":\"Microsoft-Windows-AppXDeployment-Server\",\"Guid\":\"3F471139-ACB7-4A01-B7A7-FF5DA4BA2D43\"}},\"EventID\":604,\"Version\":0,\"Level\":4,\"Task\":3,\"Opcode\":0,\"Keywords\":\"0x4000000000000001\",\"TimeCreated\":{\"#attributes\":{\"SystemTime\":\"2025-01-24T10:52:11.054468Z\"}},\"EventRecordID\":13096,\"Correlation\":{\"#attributes\":{\"ActivityID\":\"B61EC021-6E4D-0001-1EC5-1EB64D6EDB01\"}},\"Execution\":{\"#attributes\":{\"ProcessID\":1320,\"ThreadID\":5308}},\"Channel\":\"Microsoft-Windows-AppXDeploymentServer/Operational\",\"Computer\":\"CTO-FILESVR\",\"Security\":{\"#attributes\":{\"UserID\":\"S-1-5-21-3088055692-629932344-1786574096-1003\"}}},\"EventData\":{\"DeploymentOperation\":27,\"Path\":\"\",\"DependencyPaths\":\"Microsoft.Windows.CloudExperienceHost_10.0.19041.5198_neutral_neutral_cw5n1h2txyewy, Microsoft.BioEnrollment_10.0.19041.4239_neutral_neutral_cw5n1h2txyewy, Microsoft.AAD.BrokerPlugin_10.0.19041.4239_neutral_neutral_cw5n1h2txyewy, Microsoft.Windows.OOBENetworkConnectionFlow_10.0.19041.4239_neutral_neutral_cw5n1h2txyewy, Microsoft.Windows.OOBENetworkCaptivePortal_10.0.19041.4239_neutral_neutral_cw5n1h2txyewy, MicrosoftWindows.UndockedDevKit_10.0.19041.4239_neutral_neutral_cw5n1h2txyewy, Microsoft.Windows.StartMenuExperienceHost_10.0.19041.5072_neutral_neutral_cw5n1h2txyewy, Microsoft.Windows.ShellExperienceHost_10.0.19041.5072_neutral_neutral_cw5n1h2txyewy, windows.immersivecontrolpanel_10.0.2.1000_neutral_neutral_cw5n1h2txyewy, Microsoft.Windows.Search_10.0.19041.5198_neutral_neutral_cw5n1h2txyewy, 1527c705-839a-4832-9118-54d4Bd6a0c89_10.0.19041.4239_neutral_neutral_cw5n1h2txyewy, c5e2524a-ea46-4f67-841f-6a9465d9d515_10.0.19041.4239_neutral_neutral_cw5n1h2txyewy, E2A4F912-2574-4A75-9BB0-0D023378592B_10.0.19041.4239_neutral_neutral_cw5n1h2txyewy, F46D4000-FD22-4DB4-AC8E-4E1DDDE828FE_10.0.19041.4239_neutral_neutral_cw5n1h2txyewy, Microsoft.AccountsControl_10.0.19041.4239_neutral_neutral_cw5n1h2txyewy, Microsoft.AsyncTextService_10.0.19041.4239_neutral_neutral_8wekyb3d8bbwe, Microsoft.CredDialogHost_10.0.19041.4239_neutral_neutral_cw5n1h2txyewy, Microsoft.ECApp_10.0.19041.4597_neutral_neutral_8wekyb3d8bbwe, Microsoft.LockApp_10.0.19041.4239_neutral_neutral_cw5n1h2txyewy, Microsoft.MicrosoftEdgeDevToolsClient_10.0.19041.4239_neutral__8wekyb3d8bbwe, Microsoft.Win32WebViewHost_10.0.19041.4239_neutral_neutral_cw5n1h2txyewy, Microsoft.Windows.AppRep.ChxApp_10.0.19041.4239_neutral_neutral_cw5n1h2txyewy, Microsoft.Windows.AssignedAccessLockApp_10.0.19041.4239_neutral_neutral_cw5n1h2txyewy, Microsoft.Windows.CallingShellApp_10.0.19041.4239_neutral_neutral_cw5n1h2txyewy, Microsoft.Windows.CapturePicker_10.0.19041.4239_neutral_neutral_cw5n1h2txyewy, Microsoft.Windows.ContentDeliveryManager_10.0.19041.4239_neutral_neutral_cw5n1h2txyewy, Microsoft.Windows.NarratorQuickStart_10.0.19041.4239_neutral_neutral_8wekyb3d8bbwe, Microsoft.Windows.ParentalControls_10.0.19041.4239_neutral_neutral_cw5n1h2txyewy, Microsoft.Windows.PeopleExperienceHost_10.0.19041.4239_neutral_neutral_cw5n1h2txyewy, Microsoft.Windows.PinningConfirmationDialog_10.0.19041.4239_neutral_neutral_cw5n1h2txyewy, Microsoft.Windows.SecHealthUI_10.0.19041.4239_neutral__cw5n1h2txyewy, Microsoft.Windows.SecureAssessmentBrowser_10.0.19041.4239_neutral_neutral_cw5n1h2txyewy, Microsoft.Windows.XGpuEjectDialog_10.0.19041.4239_neutral_neutral_cw5n1h2txyewy, Microsoft.XboxGameCallableUI_10.0.19041.4239_neutral_neutral_cw5n1h2txyewy, MicrosoftWindows.Client.CBS_1000.19060.1000.0_neutral_neutral_cw5n1h2txyewy, NcsiUwpApp_10.0.19041.4239_neutral_neutral_8wekyb3d8bbwe, Windows.CBSPreview_10.0.19041.4239_neutral_neutral_cw5n1h2txyewy, Windows.PrintDialog_6.2.1.0_neutral_neutral_cw5n1h2txyewy, Microsoft.WindowsCamera_2022.2408.1.0_neutral_~_8wekyb3d8bbwe, Microsoft.WindowsAlarms_2021.2411.2.0_neutral_~_8wekyb3d8bbwe, Microsoft.WindowsMaps_2022.2411.7.0_neutral_~_8wekyb3d8bbwe, Microsoft.WindowsCalculator_2021.2411.1.0_neutral_~_8wekyb3d8bbwe, Microsoft.People_2021.2202.100.0_neutral_~_8wekyb3d8bbwe\",\"Flags\":268435456,\"FlagsHigh\":0,\"CallingProcess\":\"svchost.exe,AppReadiness\",\"ExternalLocation\":\"\"}}}",
  "xml_fields": {
    "provider": "Microsoft-Windows-AppXDeployment-Server",
    "event_id": "604",
    "timestamp": "2025-01-24T10:52:11.054468Z",
    "event_record_id": "13096",
    "level": "4",
    "task": "3",
    "opcode": "0",
    "keywords": "0x4000000000000001",
    "channel": "Microsoft-Windows-AppXDeploymentServer/Operational",
    "computer": "CTO-FILESVR",
    "DeploymentOperation": "27",
    "Path": "",
    "DependencyPaths": "Microsoft.Windows.CloudExperienceHost_10.0.19041.5198_neutral_neutral_cw5n1h2txyewy, Microsoft.BioEnrollment_10.0.19041.4239_neutral_neutral_cw5n1h2txyewy, Microsoft.AAD.BrokerPlugin_10.0.19041.4239_neutral_neutral_cw5n1h2txyewy, Microsoft.Windows.OOBENetworkConnectionFlow_10.0.19041.4239_neutral_neutral_cw5n1h2txyewy, Microsoft.Windows.OOBENetworkCaptivePortal_10.0.19041.4239_neutral_neutral_cw5n1h2txyewy, MicrosoftWindows.UndockedDevKit_10.0.19041.4239_neutral_neutral_cw5n1h2txyewy, Microsoft.Windows.StartMenuExperienceHost_10.0.19041.5072_neutral_neutral_cw5n1h2txyewy, Microsoft.Windows.ShellExperienceHost_10.0.19041.5072_neutral_neutral_cw5n1h2txyewy, windows.immersivecontrolpanel_10.0.2.1000_neutral_neutral_cw5n1h2txyewy, Microsoft.Windows.Search_10.0.19041.5198_neutral_neutral_cw5n1h2txyewy, 1527c705-839a-4832-9118-54d4Bd6a0c89_10.0.19041.4239_neutral_neutral_cw5n1h2txyewy, c5e2524a-ea46-4f67-841f-6a9465d9d515_10.0.19041.4239_neutral_neutral_cw5n1h2txyewy, E2A4F912-2574-4A75-9BB0-0D023378592B_10.0.19041.4239_neutral_neutral_cw5n1h2txyewy, F46D4000-FD22-4DB4-AC8E-4E1DDDE828FE_10.0.19041.4239_neutral_neutral_cw5n1h2txyewy, Microsoft.AccountsControl_10.0.19041.4239_neutral_neutral_cw5n1h2txyewy, Microsoft.AsyncTextService_10.0.19041.4239_neutral_neutral_8wekyb3d8bbwe, Microsoft.CredDialogHost_10.0.19041.4239_neutral_neutral_cw5n1h2txyewy, Microsoft.ECApp_10.0.19041.4597_neutral_neutral_8wekyb3d8bbwe, Microsoft.LockApp_10.0.19041.4239_neutral_neutral_cw5n1h2txyewy, Microsoft.MicrosoftEdgeDevToolsClient_10.0.19041.4239_neutral__8wekyb3d8bbwe, Microsoft.Win32WebViewHost_10.0.19041.4239_neutral_neutral_cw5n1h2txyewy, Microsoft.Windows.AppRep.ChxApp_10.0.19041.4239_neutral_neutral_cw5n1h2txyewy, Microsoft.Windows.AssignedAccessLockApp_10.0.19041.4239_neutral_neutral_cw5n1h2txyewy, Microsoft.Windows.CallingShellApp_10.0.19041.4239_neutral_neutral_cw5n1h2txyewy, Microsoft.Windows.CapturePicker_10.0.19041.4239_neutral_neutral_cw5n1h2txyewy, Microsoft.Windows.ContentDeliveryManager_10.0.19041.4239_neutral_neutral_cw5n1h2txyewy, Microsoft.Windows.NarratorQuickStart_10.0.19041.4239_neutral_neutral_8wekyb3d8bbwe, Microsoft.Windows.ParentalControls_10.0.19041.4239_neutral_neutral_cw5n1h2txyewy, Microsoft.Windows.PeopleExperienceHost_10.0.19041.4239_neutral_neutral_cw5n1h2txyewy, Microsoft.Windows.PinningConfirmationDialog_10.0.19041.4239_neutral_neutral_cw5n1h2txyewy, Microsoft.Windows.SecHealthUI_10.0.19041.4239_neutral__cw5n1h2txyewy, Microsoft.Windows.SecureAssessmentBrowser_10.0.19041.4239_neutral_neutral_cw5n1h2txyewy, Microsoft.Windows.XGpuEjectDialog_10.0.19041.4239_neutral_neutral_cw5n1h2txyewy, Microsoft.XboxGameCallableUI_10.0.19041.4239_neutral_neutral_cw5n1h2txyewy, MicrosoftWindows.Client.CBS_1000.19060.1000.0_neutral_neutral_cw5n1h2txyewy, NcsiUwpApp_10.0.19041.4239_neutral_neutral_8wekyb3d8bbwe, Windows.CBSPreview_10.0.19041.4239_neutral_neutral_cw5n1h2txyewy, Windows.PrintDialog_6.2.1.0_neutral_neutral_cw5n1h2txyewy, Microsoft.WindowsCamera_2022.2408.1.0_neutral_~_8wekyb3d8bbwe, Microsoft.WindowsAlarms_2021.2411.2.0_neutral_~_8wekyb3d8bbwe, Microsoft.WindowsMaps_2022.2411.7.0_neutral_~_8wekyb3d8bbwe, Microsoft.WindowsCalculator_2021.2411.1.0_neutral_~_8wekyb3d8bbwe, Microsoft.People_2021.2202.100.0_neutral_~_8wekyb3d8bbwe",
    "Flags": "268435456",
    "FlagsHigh": "0",
    "CallingProcess": "svchost.exe,AppReadiness",
    "ExternalLocation": ""
  },
  "json_fields": {
    "provider": "Microsoft-Windows-AppXDeployment-Server",
    "channel": "Microsoft-Windows-AppXDeploymentServer/Operational",
    "event_id": "604",
    "timestamp": "2025-01-24T10:52:11.054468Z",
    "event_record_id": "13096",
    "level": "4",
    "task": "3",
    "opcode": "0",
    "keywords": "0x4000000000000001",
    "computer": "CTO-FILESVR",
    "DeploymentOperation": "27",
    "Path": "",
    "DependencyPaths": "Microsoft.Windows.CloudExperienceHost_10.0.19041.5198_neutral_neutral_cw5n1h2txyewy, Microsoft.BioEnrollment_10.0.19041.4239_neutral_neutral_cw5n1h2txyewy, Microsoft.AAD.BrokerPlugin_10.0.19041.4239_neutral_neutral_cw5n1h2txyewy, Microsoft.Windows.OOBENetworkConnectionFlow_10.0.19041.4239_neutral_neutral_cw5n1h2txyewy, Microsoft.Windows.OOBENetworkCaptivePortal_10.0.19041.4239_neutral_neutral_cw5n1h2txyewy, MicrosoftWindows.UndockedDevKit_10.0.19041.4239_neutral_neutral_cw5n1h2txyewy, Microsoft.Windows.StartMenuExperienceHost_10.0.19041.5072_neutral_neutral_cw5n1h2txyewy, Microsoft.Windows.ShellExperienceHost_10.0.19041.5072_neutral_neutral_cw5n1h2txyewy, windows.immersivecontrolpanel_10.0.2.1000_neutral_neutral_cw5n1h2txyewy, Microsoft.Windows.Search_10.0.19041.5198_neutral_neutral_cw5n1h2txyewy, 1527c705-839a-4832-9118-54d4Bd6a0c89_10.0.19041.4239_neutral_neutral_cw5n1h2txyewy, c5e2524a-ea46-4f67-841f-6a9465d9d515_10.0.19041.4239_neutral_neutral_cw5n1h2txyewy, E2A4F912-2574-4A75-9BB0-0D023378592B_10.0.19041.4239_neutral_neutral_cw5n1h2txyewy, F46D4000-FD22-4DB4-AC8E-4E1DDDE828FE_10.0.19041.4239_neutral_neutral_cw5n1h2txyewy, Microsoft.AccountsControl_10.0.19041.4239_neutral_neutral_cw5n1h2txyewy, Microsoft.AsyncTextService_10.0.19041.4239_neutral_neutral_8wekyb3d8bbwe, Microsoft.CredDialogHost_10.0.19041.4239_neutral_neutral_cw5n1h2txyewy, Microsoft.ECApp_10.0.19041.4597_neutral_neutral_8wekyb3d8bbwe, Microsoft.LockApp_10.0.19041.4239_neutral_neutral_cw5n1h2txyewy, Microsoft.MicrosoftEdgeDevToolsClient_10.0.19041.4239_neutral__8wekyb3d8bbwe, Microsoft.Win32WebViewHost_10.0.19041.4239_neutral_neutral_cw5n1h2txyewy, Microsoft.Windows.AppRep.ChxApp_10.0.19041.4239_neutral_neutral_cw5n1h2txyewy, Microsoft.Windows.AssignedAccessLockApp_10.0.19041.4239_neutral_neutral_cw5n1h2txyewy, Microsoft.Windows.CallingShellApp_10.0.19041.4239_neutral_neutral_cw5n1h2txyewy, Microsoft.Windows.CapturePicker_10.0.19041.4239_neutral_neutral_cw5n1h2txyewy, Microsoft.Windows.ContentDeliveryManager_10.0.19041.4239_neutral_neutral_cw5n1h2txyewy, Microsoft.Windows.NarratorQuickStart_10.0.19041.4239_neutral_neutral_8wekyb3d8bbwe, Microsoft.Windows.ParentalControls_10.0.19041.4239_neutral_neutral_cw5n1h2txyewy, Microsoft.Windows.PeopleExperienceHost_10.0.19041.4239_neutral_neutral_cw5n1h2txyewy, Microsoft.Windows.PinningConfirmationDialog_10.0.19041.4239_neutral_neutral_cw5n1h2txyewy, Microsoft.Windows.SecHealthUI_10.0.19041.4239_neutral__cw5n1h2txyewy, Microsoft.Windows.SecureAssessmentBrowser_10.0.19041.4239_neutral_neutral_cw5n1h2txyewy, Microsoft.Windows.XGpuEjectDialog_10.0.19041.4239_neutral_neutral_cw5n1h2txyewy, Microsoft.XboxGameCallableUI_10.0.19041.4239_neutral_neutral_cw5n1h2txyewy, MicrosoftWindows.Client.CBS_1000.19060.1000.0_neutral_neutral_cw5n1h2txyewy, NcsiUwpApp_10.0.19041.4239_neutral_neutral_8wekyb3d8bbwe, Windows.CBSPreview_10.0.19041.4239_neutral_neutral_cw5n1h2txyewy, Windows.PrintDialog_6.2.1.0_neutral_neutral_cw5n1h2txyewy, Microsoft.WindowsCamera_2022.2408.1.0_neutral_~_8wekyb3d8bbwe, Microsoft.WindowsAlarms_2021.2411.2.0_neutral_~_8wekyb3d8bbwe, Microsoft.WindowsMaps_2022.2411.7.0_neutral_~_8wekyb3d8bbwe, Microsoft.WindowsCalculator_2021.2411.1.0_neutral_~_8wekyb3d8bbwe, Microsoft.People_2021.2202.100.0_neutral_~_8wekyb3d8bbwe",
    "Flags": "268435456",
    "FlagsHigh": "0",
    "CallingProcess": "svchost.exe,AppReadiness",
    "ExternalLocation": ""
  }
}