{
  "event_id": "6065",
  "provider": "Microsoft-Windows-SettingSync",
  "channel": "Microsoft-Windows-SettingSync/Debug",
  "source_file": "D:\\visual code file\\Project_4\\Event-Analyzer\\test\\Benign\\Logs_Client\\Microsoft-Windows-SettingSync%4Debug.evtx",
  "event_record_id": 16,
  "xml": "<?xml version=\"1.0\" encoding=\"utf-8\"?>\n<Event xmlns=\"http://schemas.microsoft.com/win/2004/08/events/event\">\n  <System>\n    <Provider Name=\"Microsoft-Windows-SettingSync\" Guid=\"83D6E83B-900B-48A3-9835-57656B6F6474\">\n    </Provider>\n    <EventID>6065</EventID>\n    <Version>0</Version>\n    <Level>2</Level>\n    <Task>0</Task>\n    <Opcode>0</Opcode>\n    <Keywords>0x4000000000000000</Keywords>\n    <TimeCreated SystemTime=\"2022-02-07T12:01:38.159185Z\">\n    </TimeCreated>\n    <EventRecordID>16</EventRecordID>\n    <Correlation>\n    </Correlation>\n    <Execution ProcessID=\"5580\" ThreadID=\"2992\">\n    </Execution>\n    <Channel>Microsoft-Windows-SettingSync/Debug</Channel>\n    <Computer>DESKTOP-A8CALR3</Computer>\n    <Security UserID=\"S-1-5-21-1402826787-2759305201-2932496751-1001\">\n    </Security>\n  </System>\n  <EventData>\n    <Data Name=\"Message\">onecoreuap\\shell\\roaming\\settingsynchost\\lib\\resumeorphanedoperationstask.cpp(460)\\SettingSyncHost.exe!00007FF679F905CB: (caller: 00007FF679F83C92) LogHr(1) tid(bb0) 800708CA This network connection does not exist.\r\n</Data>\n  </EventData>\n</Event>\n",
  "json": "{\"Event\":{\"#attributes\":{\"xmlns\":\"http://schemas.microsoft.com/win/2004/08/events/event\"},\"System\":{\"Provider\":{\"#attributes\":{\"Name\":\"Microsoft-Windows-SettingSync\",\"Guid\":\"83D6E83B-900B-48A3-9835-57656B6F6474\"}},\"EventID\":6065,\"Version\":0,\"Level\":2,\"Task\":0,\"Opcode\":0,\"Keywords\":\"0x4000000000000000\",\"TimeCreated\":{\"#attributes\":{\"SystemTime\":\"2022-02-07T12:01:38.159185Z\"}},\"EventRecordID\":16,\"Correlation\":null,\"Execution\":{\"#attributes\":{\"ProcessID\":5580,\"ThreadID\":2992}},\"Channel\":\"Microsoft-Windows-SettingSync/Debug\",\"Computer\":\"DESKTOP-A8CALR3\",\"Security\":{\"#attributes\":{\"UserID\":\"S-1-5-21-1402826787-2759305201-2932496751-1001\"}}},\"EventData\":{\"Message\":\"onecoreuap\\\\shell\\\\roaming\\\\settingsynchost\\\\lib\\\\resumeorphanedoperationstask.cpp(460)\\\\SettingSyncHost.exe!00007FF679F905CB: (caller: 00007FF679F83C92) LogHr(1) tid(bb0) 800708CA This network connection does not exist.\\r\\n\"}}}",
  "xml_fields": {
    "provider": "Microsoft-Windows-SettingSync",
    "event_id": "6065",
    "timestamp": "2022-02-07T12:01:38.159185Z",
    "event_record_id": "16",
    "level": "2",
    "task": "0",
    "opcode": "0",
    "keywords": "0x4000000000000000",
    "channel": "Microsoft-Windows-SettingSync/Debug",
    "computer": "DESKTOP-A8CALR3",
    "Message": "onecoreuap\\shell\\roaming\\settingsynchost\\lib\\resumeorphanedoperationstask.cpp(460)\\SettingSyncHost.exe!00007FF679F905CB: (caller: 00007FF679F83C92) LogHr(1) tid(bb0) 800708CA This network connection does not exist.\n"
  },
  "json_fields": {
    "provider": "Microsoft-Windows-SettingSync",
    "channel": "Microsoft-Windows-SettingSync/Debug",
    "event_id": "6065",
    "timestamp": "2022-02-07T12:01:38.159185Z",
    "event_record_id": "16",
    "level": "2",
    "task": "0",
    "opcode": "0",
    "keywords": "0x4000000000000000",
    "computer": "DESKTOP-A8CALR3",
    "Message": "onecoreuap\\shell\\roaming\\settingsynchost\\lib\\resumeorphanedoperationstask.cpp(460)\\SettingSyncHost.exe!00007FF679F905CB: (caller: 00007FF679F83C92) LogHr(1) tid(bb0) 800708CA This network connection does not exist.\r\n"
  }
}