{
  "event_id": "6067",
  "provider": "Microsoft-Windows-SettingSync",
  "channel": "Microsoft-Windows-SettingSync/Debug",
  "source_file": "D:\\visual code file\\Project_4\\Event-Analyzer\\test\\Logs\\Microsoft-Windows-SettingSync%4Debug.evtx",
  "event_record_id": 8,
  "xml": "<?xml version=\"1.0\" encoding=\"utf-8\"?>\n<Event xmlns=\"http://schemas.microsoft.com/win/2004/08/events/event\">\n  <System>\n    <Provider Name=\"Microsoft-Windows-SettingSync\" Guid=\"83D6E83B-900B-48A3-9835-57656B6F6474\">\n    </Provider>\n    <EventID>6067</EventID>\n    <Version>0</Version>\n    <Level>5</Level>\n    <Task>0</Task>\n    <Opcode>0</Opcode>\n    <Keywords>0x4000000000000000</Keywords>\n    <TimeCreated SystemTime=\"2024-11-04T12:48:46.843598Z\">\n    </TimeCreated>\n    <EventRecordID>8</EventRecordID>\n    <Correlation>\n    </Correlation>\n    <Execution ProcessID=\"4252\" ThreadID=\"408\">\n    </Execution>\n    <Channel>Microsoft-Windows-SettingSync/Debug</Channel>\n    <Computer>DESKTOP-P9H5FTA</Computer>\n    <Security UserID=\"S-1-5-21-3088055692-629932344-1786574096-1001\">\n    </Security>\n  </System>\n  <EventData>\n    <Data Name=\"Message\">Created shutdown event. IsLongRunningServerDisabled: 0File onecoreuap\\shell\\roaming\\settingsynchost\\exe\\main.cpp line 488</Data>\n  </EventData>\n</Event>\n",
  "json": "{\"Event\":{\"#attributes\":{\"xmlns\":\"http://schemas.microsoft.com/win/2004/08/events/event\"},\"System\":{\"Provider\":{\"#attributes\":{\"Name\":\"Microsoft-Windows-SettingSync\",\"Guid\":\"83D6E83B-900B-48A3-9835-57656B6F6474\"}},\"EventID\":6067,\"Version\":0,\"Level\":5,\"Task\":0,\"Opcode\":0,\"Keywords\":\"0x4000000000000000\",\"TimeCreated\":{\"#attributes\":{\"SystemTime\":\"2024-11-04T12:48:46.843598Z\"}},\"EventRecordID\":8,\"Correlation\":null,\"Execution\":{\"#attributes\":{\"ProcessID\":4252,\"ThreadID\":408}},\"Channel\":\"Microsoft-Windows-SettingSync/Debug\",\"Computer\":\"DESKTOP-P9H5FTA\",\"Security\":{\"#attributes\":{\"UserID\":\"S-1-5-21-3088055692-629932344-1786574096-1001\"}}},\"EventData\":{\"Message\":\"Created shutdown event. IsLongRunningServerDisabled: 0File onecoreuap\\\\shell\\\\roaming\\\\settingsynchost\\\\exe\\\\main.cpp line 488\"}}}",
  "xml_fields": {
    "provider": "Microsoft-Windows-SettingSync",
    "event_id": "6067",
    "timestamp": "2024-11-04T12:48:46.843598Z",
    "event_record_id": "8",
    "level": "5",
    "task": "0",
    "opcode": "0",
    "keywords": "0x4000000000000000",
    "channel": "Microsoft-Windows-SettingSync/Debug",
    "computer": "DESKTOP-P9H5FTA",
    "Message": "Created shutdown event. IsLongRunningServerDisabled: 0File onecoreuap\\shell\\roaming\\settingsynchost\\exe\\main.cpp line 488"
  },
  "json_fields": {
    "provider": "Microsoft-Windows-SettingSync",
    "channel": "Microsoft-Windows-SettingSync/Debug",
    "event_id": "6067",
    "timestamp": "2024-11-04T12:48:46.843598Z",
    "event_record_id": "8",
    "level": "5",
    "task": "0",
    "opcode": "0",
    "keywords": "0x4000000000000000",
    "computer": "DESKTOP-P9H5FTA",
    "Message": "Created shutdown event. IsLongRunningServerDisabled: 0File onecoreuap\\shell\\roaming\\settingsynchost\\exe\\main.cpp line 488"
  }
}