{
  "event_id": "60",
  "provider": "Microsoft-Windows-Bits-Client",
  "channel": "Microsoft-Windows-Bits-Client/Operational",
  "source_file": "D:\\visual code file\\Project_4\\Event-Analyzer\\test\\Logs\\Microsoft-Windows-Bits-Client%4Operational.evtx",
  "event_record_id": 7,
  "xml": "<?xml version=\"1.0\" encoding=\"utf-8\"?>\n<Event xmlns=\"http://schemas.microsoft.com/win/2004/08/events/event\">\n  <System>\n    <Provider Name=\"Microsoft-Windows-Bits-Client\" Guid=\"EF1CC15B-46C1-414E-BB95-E76B077BD51E\">\n    </Provider>\n    <EventID>60</EventID>\n    <Version>1</Version>\n    <Level>4</Level>\n    <Task>0</Task>\n    <Opcode>2</Opcode>\n    <Keywords>0x4000000000000000</Keywords>\n    <TimeCreated SystemTime=\"2024-11-04T12:36:08.907457Z\">\n    </TimeCreated>\n    <EventRecordID>7</EventRecordID>\n    <Correlation ActivityID=\"22873CC2-2BD4-493B-8632-3A098DF2B894\">\n    </Correlation>\n    <Execution ProcessID=\"3668\" ThreadID=\"644\">\n    </Execution>\n    <Channel>Microsoft-Windows-Bits-Client/Operational</Channel>\n    <Computer>DESKTOP-P9H5FTA</Computer>\n    <Security UserID=\"S-1-5-18\">\n    </Security>\n  </System>\n  <EventData>\n    <Data Name=\"transferId\">22873CC2-2BD4-493B-8632-3A098DF2B894</Data>\n    <Data Name=\"name\">Font Download</Data>\n    <Data Name=\"Id\">F019F1B7-A1D3-4A24-B08A-1B611E4D316B</Data>\n    <Data Name=\"url\">https://fs.microsoft.com/fs/windows/config.json</Data>\n    <Data Name=\"peer\"></Data>\n    <Data Name=\"hr\">0</Data>\n    <Data Name=\"fileTime\">2017-05-16T22:58:00.000000Z</Data>\n    <Data Name=\"fileLength\">55</Data>\n    <Data Name=\"bytesTotal\">55</Data>\n    <Data Name=\"bytesTransferred\">55</Data>\n    <Data Name=\"proxy\"></Data>\n    <Data Name=\"peerProtocolFlags\">0</Data>\n    <Data Name=\"bytesTransferredFromPeer\">0</Data>\n    <Data Name=\"AdditionalInfoHr\">0</Data>\n    <Data Name=\"PeerContextInfo\">0</Data>\n    <Data Name=\"bandwidthLimit\">18446744073709551615</Data>\n    <Data Name=\"ignoreBandwidthLimitsOnLan\">false</Data>\n  </EventData>\n</Event>\n",
  "json": "{\"Event\":{\"#attributes\":{\"xmlns\":\"http://schemas.microsoft.com/win/2004/08/events/event\"},\"System\":{\"Provider\":{\"#attributes\":{\"Name\":\"Microsoft-Windows-Bits-Client\",\"Guid\":\"EF1CC15B-46C1-414E-BB95-E76B077BD51E\"}},\"EventID\":60,\"Version\":1,\"Level\":4,\"Task\":0,\"Opcode\":2,\"Keywords\":\"0x4000000000000000\",\"TimeCreated\":{\"#attributes\":{\"SystemTime\":\"2024-11-04T12:36:08.907457Z\"}},\"EventRecordID\":7,\"Correlation\":{\"#attributes\":{\"ActivityID\":\"22873CC2-2BD4-493B-8632-3A098DF2B894\"}},\"Execution\":{\"#attributes\":{\"ProcessID\":3668,\"ThreadID\":644}},\"Channel\":\"Microsoft-Windows-Bits-Client/Operational\",\"Computer\":\"DESKTOP-P9H5FTA\",\"Security\":{\"#attributes\":{\"UserID\":\"S-1-5-18\"}}},\"EventData\":{\"transferId\":\"22873CC2-2BD4-493B-8632-3A098DF2B894\",\"name\":\"Font Download\",\"Id\":\"F019F1B7-A1D3-4A24-B08A-1B611E4D316B\",\"url\":\"https://fs.microsoft.com/fs/windows/config.json\",\"peer\":\"\",\"hr\":0,\"fileTime\":\"2017-05-16T22:58:00.000000Z\",\"fileLength\":55,\"bytesTotal\":55,\"bytesTransferred\":55,\"proxy\":\"\",\"peerProtocolFlags\":0,\"bytesTransferredFromPeer\":0,\"AdditionalInfoHr\":0,\"PeerContextInfo\":0,\"bandwidthLimit\":18446744073709551615,\"ignoreBandwidthLimitsOnLan\":false}}}",
  "xml_fields": {
    "provider": "Microsoft-Windows-Bits-Client",
    "event_id": "60",
    "timestamp": "2024-11-04T12:36:08.907457Z",
    "event_record_id": "7",
    "level": "4",
    "task": "0",
    "opcode": "2",
    "keywords": "0x4000000000000000",
    "channel": "Microsoft-Windows-Bits-Client/Operational",
    "computer": "DESKTOP-P9H5FTA",
    "transferId": "22873CC2-2BD4-493B-8632-3A098DF2B894",
    "name": "Font Download",
    "Id": "F019F1B7-A1D3-4A24-B08A-1B611E4D316B",
    "url": "https://fs.microsoft.com/fs/windows/config.json",
    "peer": "",
    "hr": "0",
    "fileTime": "2017-05-16T22:58:00.000000Z",
    "fileLength": "55",
    "bytesTotal": "55",
    "bytesTransferred": "55",
    "proxy": "",
    "peerProtocolFlags": "0",
    "bytesTransferredFromPeer": "0",
    "AdditionalInfoHr": "0",
    "PeerContextInfo": "0",
    "bandwidthLimit": "18446744073709551615",
    "ignoreBandwidthLimitsOnLan": "false"
  },
  "json_fields": {
    "provider": "Microsoft-Windows-Bits-Client",
    "channel": "Microsoft-Windows-Bits-Client/Operational",
    "event_id": "60",
    "timestamp": "2024-11-04T12:36:08.907457Z",
    "event_record_id": "7",
    "level": "4",
    "task": "0",
    "opcode": "2",
    "keywords": "0x4000000000000000",
    "computer": "DESKTOP-P9H5FTA",
    "transferId": "22873CC2-2BD4-493B-8632-3A098DF2B894",
    "name": "Font Download",
    "Id": "F019F1B7-A1D3-4A24-B08A-1B611E4D316B",
    "url": "https://fs.microsoft.com/fs/windows/config.json",
    "peer": "",
    "hr": "0",
    "fileTime": "2017-05-16T22:58:00.000000Z",
    "fileLength": "55",
    "bytesTotal": "55",
    "bytesTransferred": "55",
    "proxy": "",
    "peerProtocolFlags": "0",
    "bytesTransferredFromPeer": "0",
    "AdditionalInfoHr": "0",
    "PeerContextInfo": "0",
    "bandwidthLimit": "18446744073709551615",
    "ignoreBandwidthLimitsOnLan": "False"
  }
}