{
  "event_id": "6115",
  "provider": "Microsoft-Windows-LiveId",
  "channel": "Microsoft-Windows-LiveId/Operational",
  "source_file": "D:\\visual code file\\Project_4\\Event-Analyzer\\test\\Logs\\Microsoft-Windows-LiveId%4Operational.evtx",
  "event_record_id": 3,
  "xml": "<?xml version=\"1.0\" encoding=\"utf-8\"?>\n<Event xmlns=\"http://schemas.microsoft.com/win/2004/08/events/event\">\n  <System>\n    <Provider Name=\"Microsoft-Windows-LiveId\" Guid=\"05F02597-FE85-4E67-8542-69567AB8FD4F\">\n    </Provider>\n    <EventID>6115</EventID>\n    <Version>0</Version>\n    <Level>4</Level>\n    <Task>0</Task>\n    <Opcode>0</Opcode>\n    <Keywords>0x4000000000200800</Keywords>\n    <TimeCreated SystemTime=\"2024-11-05T01:34:16.642467Z\">\n    </TimeCreated>\n    <EventRecordID>3</EventRecordID>\n    <Correlation>\n    </Correlation>\n    <Execution ProcessID=\"1452\" ThreadID=\"1540\">\n    </Execution>\n    <Channel>Microsoft-Windows-LiveId/Operational</Channel>\n    <Computer>DESKTOP-P9H5FTA</Computer>\n    <Security UserID=\"S-1-5-18\">\n    </Security>\n  </System>\n  <EventData>\n    <Data Name=\"Value\">&lt;DeviceAddRequest&gt;&lt;ClientInfo name=\"IDCRL\" version=\"1.0\"&gt;&lt;BinaryVersion&gt;*&lt;/BinaryVersion&gt;&lt;/ClientInfo&gt;&lt;Authentication&gt;&lt;Membername&gt;*&lt;/Membername&gt;&lt;Password&gt;*&lt;/Password&gt;&lt;/Authentication&gt;&lt;DeviceInfo Id=\"DeviceInfo\"&gt;&lt;Component name=\"4131\"&gt;*&lt;/Component&gt;&lt;Component name=\"4112\"&gt;*&lt;/Component&gt;&lt;Component name=\"4113\"&gt;*&lt;/Component&gt;&lt;Component name=\"4097\"&gt;*&lt;/Component&gt;&lt;Component name=\"4098\"&gt;*&lt;/Component&gt;&lt;Component name=\"4099\"&gt;*&lt;/Component&gt;&lt;Component name=\"4100\"&gt;*&lt;/Component&gt;&lt;Component name=\"4101\"&gt;*&lt;/Component&gt;&lt;Component name=\"4102\"&gt;*&lt;/Component&gt;&lt;Component name=\"8195\"&gt;*&lt;/Component&gt;&lt;Component name=\"8196\"&gt;*&lt;/Component&gt;&lt;Component name=\"8197\"&gt;*&lt;/Component&gt;&lt;Component name=\"4144\"&gt;*&lt;/Component&gt;&lt;Component name=\"4145\"&gt;*&lt;/Component&gt;&lt;Component name=\"4160\" error=\"-2144845809\"&gt;&lt;/Component&gt;&lt;Component name=\"4161\" error=\"-2144845809\"&gt;&lt;/Component&gt;&lt;TPMInfo&gt;&lt;KeyValue&gt;&lt;RSAKeyValue&gt;&lt;Modulus&gt;*&lt;/Modulus&gt;&lt;Exponent&gt;*&lt;/Exponent&gt;&lt;/RSAKeyValue&gt;&lt;KeyType&gt;*&lt;/KeyType&gt;&lt;/KeyValue&gt;&lt;/TPMInfo&gt;&lt;/DeviceInfo&gt;&lt;/DeviceAddRequest&gt;</Data>\n  </EventData>\n</Event>\n",
  "json": "{\"Event\":{\"#attributes\":{\"xmlns\":\"http://schemas.microsoft.com/win/2004/08/events/event\"},\"System\":{\"Provider\":{\"#attributes\":{\"Name\":\"Microsoft-Windows-LiveId\",\"Guid\":\"05F02597-FE85-4E67-8542-69567AB8FD4F\"}},\"EventID\":6115,\"Version\":0,\"Level\":4,\"Task\":0,\"Opcode\":0,\"Keywords\":\"0x4000000000200800\",\"TimeCreated\":{\"#attributes\":{\"SystemTime\":\"2024-11-05T01:34:16.642467Z\"}},\"EventRecordID\":3,\"Correlation\":null,\"Execution\":{\"#attributes\":{\"ProcessID\":1452,\"ThreadID\":1540}},\"Channel\":\"Microsoft-Windows-LiveId/Operational\",\"Computer\":\"DESKTOP-P9H5FTA\",\"Security\":{\"#attributes\":{\"UserID\":\"S-1-5-18\"}}},\"EventData\":{\"Value\":\"<DeviceAddRequest><ClientInfo name=\\\"IDCRL\\\" version=\\\"1.0\\\"><BinaryVersion>*</BinaryVersion></ClientInfo><Authentication><Membername>*</Membername><Password>*</Password></Authentication><DeviceInfo Id=\\\"DeviceInfo\\\"><Component name=\\\"4131\\\">*</Component><Component name=\\\"4112\\\">*</Component><Component name=\\\"4113\\\">*</Component><Component name=\\\"4097\\\">*</Component><Component name=\\\"4098\\\">*</Component><Component name=\\\"4099\\\">*</Component><Component name=\\\"4100\\\">*</Component><Component name=\\\"4101\\\">*</Component><Component name=\\\"4102\\\">*</Component><Component name=\\\"8195\\\">*</Component><Component name=\\\"8196\\\">*</Component><Component name=\\\"8197\\\">*</Component><Component name=\\\"4144\\\">*</Component><Component name=\\\"4145\\\">*</Component><Component name=\\\"4160\\\" error=\\\"-2144845809\\\"></Component><Component name=\\\"4161\\\" error=\\\"-2144845809\\\"></Component><TPMInfo><KeyValue><RSAKeyValue><Modulus>*</Modulus><Exponent>*</Exponent></RSAKeyValue><KeyType>*</KeyType></KeyValue></TPMInfo></DeviceInfo></DeviceAddRequest>\"}}}",
  "xml_fields": {
    "provider": "Microsoft-Windows-LiveId",
    "event_id": "6115",
    "timestamp": "2024-11-05T01:34:16.642467Z",
    "event_record_id": "3",
    "level": "4",
    "task": "0",
    "opcode": "0",
    "keywords": "0x4000000000200800",
    "channel": "Microsoft-Windows-LiveId/Operational",
    "computer": "DESKTOP-P9H5FTA",
    "Value": "<DeviceAddRequest><ClientInfo name=\"IDCRL\" version=\"1.0\"><BinaryVersion>*</BinaryVersion></ClientInfo><Authentication><Membername>*</Membername><Password>*</Password></Authentication><DeviceInfo Id=\"DeviceInfo\"><Component name=\"4131\">*</Component><Component name=\"4112\">*</Component><Component name=\"4113\">*</Component><Component name=\"4097\">*</Component><Component name=\"4098\">*</Component><Component name=\"4099\">*</Component><Component name=\"4100\">*</Component><Component name=\"4101\">*</Component><Component name=\"4102\">*</Component><Component name=\"8195\">*</Component><Component name=\"8196\">*</Component><Component name=\"8197\">*</Component><Component name=\"4144\">*</Component><Component name=\"4145\">*</Component><Component name=\"4160\" error=\"-2144845809\"></Component><Component name=\"4161\" error=\"-2144845809\"></Component><TPMInfo><KeyValue><RSAKeyValue><Modulus>*</Modulus><Exponent>*</Exponent></RSAKeyValue><KeyType>*</KeyType></KeyValue></TPMInfo></DeviceInfo></DeviceAddRequest>"
  },
  "json_fields": {
    "provider": "Microsoft-Windows-LiveId",
    "channel": "Microsoft-Windows-LiveId/Operational",
    "event_id": "6115",
    "timestamp": "2024-11-05T01:34:16.642467Z",
    "event_record_id": "3",
    "level": "4",
    "task": "0",
    "opcode": "0",
    "keywords": "0x4000000000200800",
    "computer": "DESKTOP-P9H5FTA",
    "Value": "<DeviceAddRequest><ClientInfo name=\"IDCRL\" version=\"1.0\"><BinaryVersion>*</BinaryVersion></ClientInfo><Authentication><Membername>*</Membername><Password>*</Password></Authentication><DeviceInfo Id=\"DeviceInfo\"><Component name=\"4131\">*</Component><Component name=\"4112\">*</Component><Component name=\"4113\">*</Component><Component name=\"4097\">*</Component><Component name=\"4098\">*</Component><Component name=\"4099\">*</Component><Component name=\"4100\">*</Component><Component name=\"4101\">*</Component><Component name=\"4102\">*</Component><Component name=\"8195\">*</Component><Component name=\"8196\">*</Component><Component name=\"8197\">*</Component><Component name=\"4144\">*</Component><Component name=\"4145\">*</Component><Component name=\"4160\" error=\"-2144845809\"></Component><Component name=\"4161\" error=\"-2144845809\"></Component><TPMInfo><KeyValue><RSAKeyValue><Modulus>*</Modulus><Exponent>*</Exponent></RSAKeyValue><KeyType>*</KeyType></KeyValue></TPMInfo></DeviceInfo></DeviceAddRequest>"
  }
}