{
  "event_id": "6116",
  "provider": "Microsoft-Windows-LiveId",
  "channel": "Microsoft-Windows-LiveId/Operational",
  "source_file": "D:\\visual code file\\Project_4\\Event-Analyzer\\test\\Logs\\Microsoft-Windows-LiveId%4Operational.evtx",
  "event_record_id": 6,
  "xml": "<?xml version=\"1.0\" encoding=\"utf-8\"?>\n<Event xmlns=\"http://schemas.microsoft.com/win/2004/08/events/event\">\n  <System>\n    <Provider Name=\"Microsoft-Windows-LiveId\" Guid=\"05F02597-FE85-4E67-8542-69567AB8FD4F\">\n    </Provider>\n    <EventID>6116</EventID>\n    <Version>0</Version>\n    <Level>4</Level>\n    <Task>0</Task>\n    <Opcode>0</Opcode>\n    <Keywords>0x4000000000200800</Keywords>\n    <TimeCreated SystemTime=\"2024-11-04T12:35:09.523087Z\">\n    </TimeCreated>\n    <EventRecordID>6</EventRecordID>\n    <Correlation>\n    </Correlation>\n    <Execution ProcessID=\"1452\" ThreadID=\"2272\">\n    </Execution>\n    <Channel>Microsoft-Windows-LiveId/Operational</Channel>\n    <Computer>DESKTOP-P9H5FTA</Computer>\n    <Security UserID=\"S-1-5-18\">\n    </Security>\n  </System>\n  <EventData>\n    <Data Name=\"Value\">&lt;DeviceAddResponse Success=\"true\"&gt;&lt;success&gt;*&lt;/success&gt;&lt;puid&gt;0018C00FF2811859&lt;/puid&gt;&lt;DeviceTpmKeyState&gt;*&lt;/DeviceTpmKeyState&gt;&lt;License ContentID=\"3252b20c-d425-4711-8cc5-b2f53c830b76\" ID=\"b9aee1eb-36f7-4b3e-a25f-0476bca75d32\" LicenseID=\"3252b20c-d425-4711-8cc5-b2f53c830b76\" Version=\"2\" xmlns=\"urn:schemas-microsoft-com:windows:store:licensing:ls\"&gt;&lt;Binding Binding_Type=\"Machine\" xmlns=\"urn:schemas-microsoft-com:windows:store:licensing:ls\"&gt;&lt;DeviceID xmlns=\"urn:schemas-microsoft-com:windows:store:licensing:ls\"&gt;*&lt;/DeviceID&gt;&lt;/Binding&gt;&lt;LicenseInfo Type=\"Device\" xmlns=\"urn:schemas-microsoft-com:windows:store:licensing:ls\"&gt;&lt;IssuedDate xmlns=\"urn:schemas-microsoft-com:windows:store:licensing:ls\"&gt;*&lt;/IssuedDate&gt;&lt;/LicenseInfo&gt;&lt;SPLicenseBlock xmlns=\"urn:schemas-microsoft-com:windows:store:licensing:ls\"&gt;*&lt;/SPLicenseBlock&gt;&lt;Signature xmlns=\"http://www.w3.org/2000/09/xmldsig#\"&gt;&lt;SignedInfo&gt;&lt;CanonicalizationMethod Algorithm=\"http://www.w3.org/2001/10/xml-exc-c14n#\"&gt;&lt;/CanonicalizationMethod&gt;&lt;SignatureMethod Algorithm=\"http://www.w3.org/2001/04/xmldsig-more#rsa-sha256\"&gt;&lt;/SignatureMethod&gt;&lt;Reference URI=\"\"&gt;&lt;Transforms&gt;&lt;Transform Algorithm=\"http://www.w3.org/2000/09/xmldsig#enveloped-signature\"&gt;&lt;/Transform&gt;&lt;Transform Algorithm=\"http://www.w3.org/2001/10/xml-exc-c14n#\"&gt;&lt;/Transform&gt;&lt;/Transforms&gt;&lt;DigestMethod Algorithm=\"http://www.w3.org/2001/04/xmlenc#sha256\"&gt;&lt;/DigestMethod&gt;&lt;DigestValue&gt;*&lt;/DigestValue&gt;&lt;/Reference&gt;&lt;/SignedInfo&gt;&lt;SignatureValue&gt;*&lt;/SignatureValue&gt;&lt;KeyInfo Id=\"_61afd6a2-d7c3-8d25-36c2-0c2c47e3aca8\"&gt;&lt;KeyValue&gt;&lt;RSAKeyValue&gt;&lt;Modulus&gt;*&lt;/Modulus&gt;&lt;Exponent&gt;*&lt;/Exponent&gt;&lt;/RSAKeyValue&gt;&lt;/KeyValue&gt;&lt;/KeyInfo&gt;&lt;/Signature&gt;&lt;/License&gt;&lt;HWDeviceID&gt;*&lt;/HWDeviceID&gt;&lt;GlobalDeviceID&gt;*&lt;/GlobalDeviceID&gt;&lt;LicenseKeySequence&gt;*&lt;/LicenseKeySequence&gt;&lt;DeviceTpmKeyState&gt;*&lt;/DeviceTpmKeyState&gt;&lt;KeyHolderLicense&gt;&lt;License xmlns:xsd=\"http://www.w3.org/2001/XMLSchema\" xmlns:xsi=\"http://www.w3.org/2001/XMLSchema-instance\" ID=\"6b594c27-b3ee-45ff-812e-686be66532ce\" LicenseID=\"{61afd6a2-d7c3-8d25-36c2-0c2c47e3aca8}\" Version=\"5\" xmlns=\"urn:schemas-microsoft-com:windows:store:licensing:ls\"&gt;&lt;Binding Binding_Type=\"Machine\"&gt;&lt;ProductID&gt;*&lt;/ProductID&gt;&lt;PFM&gt;*&lt;/PFM&gt;&lt;LeaseRequired&gt;*&lt;/LeaseRequired&gt;&lt;/Binding&gt;&lt;LicenseInfo Type=\"KeyHolder\" LicenseUsage=\"Offline\" LicenseCategory=\"OEM\"&gt;&lt;IssuedDate&gt;*&lt;/IssuedDate&gt;&lt;/LicenseInfo&gt;&lt;KeyHolderInfo&gt;&lt;CSPData&gt;*&lt;/CSPData&gt;&lt;SPLicenseId&gt;*&lt;/SPLicenseId&gt;&lt;/KeyHolderInfo&gt;&lt;SPLicenseBlock&gt;*&lt;/SPLicenseBlock&gt;&lt;Signature xmlns=\"http://www.w3.org/2000/09/xmldsig#\"&gt;&lt;SignedInfo&gt;&lt;CanonicalizationMethod Algorithm=\"http://www.w3.org/2001/10/xml-exc-c14n#\"/&gt;&lt;SignatureMethod Algorithm=\"http://www.w3.org/2001/04/xmldsig-more#rsa-sha256\"/&gt;&lt;Reference URI=\"\"&gt;&lt;Transforms&gt;&lt;Transform Algorithm=\"http://www.w3.org/2000/09/xmldsig#enveloped-signature\"/&gt;&lt;/Transforms&gt;&lt;DigestMethod Algorithm=\"http://www.w3.org/2001/04/xmlenc#sha256\"/&gt;&lt;DigestValue&gt;*&lt;/DigestValue&gt;&lt;/Reference&gt;&lt;/SignedInfo&gt;&lt;SignatureValue&gt;*&lt;/SignatureValue&gt;&lt;KeyInfo Id=\"_0f81b24f-bc40-2712-0d5d-e7c10085c330\"&gt;&lt;KeyValue&gt;&lt;RSAKeyValue&gt;&lt;Modulus&gt;*&lt;/Modulus&gt;&lt;Exponent&gt;*&lt;/Exponent&gt;&lt;/RSAKeyValue&gt;&lt;/KeyValue&gt;&lt;/KeyInfo&gt;&lt;/Signature&gt;&lt;/License&gt;&lt;/KeyHolderLicense&gt;&lt;LicenseSignatureKeyVersion&gt;*&lt;/LicenseSignatureKeyVersion&gt;&lt;ServerInfo ServerTime=\"2024-11-04T12:35:09Z\"&gt;PH1PEPF00011FE2 2024.10.15.15.32.52&lt;/ServerInfo&gt;&lt;/DeviceAddResponse&gt;</Data>\n  </EventData>\n</Event>\n",
  "json": "{\"Event\":{\"#attributes\":{\"xmlns\":\"http://schemas.microsoft.com/win/2004/08/events/event\"},\"System\":{\"Provider\":{\"#attributes\":{\"Name\":\"Microsoft-Windows-LiveId\",\"Guid\":\"05F02597-FE85-4E67-8542-69567AB8FD4F\"}},\"EventID\":6116,\"Version\":0,\"Level\":4,\"Task\":0,\"Opcode\":0,\"Keywords\":\"0x4000000000200800\",\"TimeCreated\":{\"#attributes\":{\"SystemTime\":\"2024-11-04T12:35:09.523087Z\"}},\"EventRecordID\":6,\"Correlation\":null,\"Execution\":{\"#attributes\":{\"ProcessID\":1452,\"ThreadID\":2272}},\"Channel\":\"Microsoft-Windows-LiveId/Operational\",\"Computer\":\"DESKTOP-P9H5FTA\",\"Security\":{\"#attributes\":{\"UserID\":\"S-1-5-18\"}}},\"EventData\":{\"Value\":\"<DeviceAddResponse Success=\\\"true\\\"><success>*</success><puid>0018C00FF2811859</puid><DeviceTpmKeyState>*</DeviceTpmKeyState><License ContentID=\\\"3252b20c-d425-4711-8cc5-b2f53c830b76\\\" ID=\\\"b9aee1eb-36f7-4b3e-a25f-0476bca75d32\\\" LicenseID=\\\"3252b20c-d425-4711-8cc5-b2f53c830b76\\\" Version=\\\"2\\\" xmlns=\\\"urn:schemas-microsoft-com:windows:store:licensing:ls\\\"><Binding Binding_Type=\\\"Machine\\\" xmlns=\\\"urn:schemas-microsoft-com:windows:store:licensing:ls\\\"><DeviceID xmlns=\\\"urn:schemas-microsoft-com:windows:store:licensing:ls\\\">*</DeviceID></Binding><LicenseInfo Type=\\\"Device\\\" xmlns=\\\"urn:schemas-microsoft-com:windows:store:licensing:ls\\\"><IssuedDate xmlns=\\\"urn:schemas-microsoft-com:windows:store:licensing:ls\\\">*</IssuedDate></LicenseInfo><SPLicenseBlock xmlns=\\\"urn:schemas-microsoft-com:windows:store:licensing:ls\\\">*</SPLicenseBlock><Signature xmlns=\\\"http://www.w3.org/2000/09/xmldsig#\\\"><SignedInfo><CanonicalizationMethod Algorithm=\\\"http://www.w3.org/2001/10/xml-exc-c14n#\\\"></CanonicalizationMethod><SignatureMethod Algorithm=\\\"http://www.w3.org/2001/04/xmldsig-more#rsa-sha256\\\"></SignatureMethod><Reference URI=\\\"\\\"><Transforms><Transform Algorithm=\\\"http://www.w3.org/2000/09/xmldsig#enveloped-signature\\\"></Transform><Transform Algorithm=\\\"http://www.w3.org/2001/10/xml-exc-c14n#\\\"></Transform></Transforms><DigestMethod Algorithm=\\\"http://www.w3.org/2001/04/xmlenc#sha256\\\"></DigestMethod><DigestValue>*</DigestValue></Reference></SignedInfo><SignatureValue>*</SignatureValue><KeyInfo Id=\\\"_61afd6a2-d7c3-8d25-36c2-0c2c47e3aca8\\\"><KeyValue><RSAKeyValue><Modulus>*</Modulus><Exponent>*</Exponent></RSAKeyValue></KeyValue></KeyInfo></Signature></License><HWDeviceID>*</HWDeviceID><GlobalDeviceID>*</GlobalDeviceID><LicenseKeySequence>*</LicenseKeySequence><DeviceTpmKeyState>*</DeviceTpmKeyState><KeyHolderLicense><License xmlns:xsd=\\\"http://www.w3.org/2001/XMLSchema\\\" xmlns:xsi=\\\"http://www.w3.org/2001/XMLSchema-instance\\\" ID=\\\"6b594c27-b3ee-45ff-812e-686be66532ce\\\" LicenseID=\\\"{61afd6a2-d7c3-8d25-36c2-0c2c47e3aca8}\\\" Version=\\\"5\\\" xmlns=\\\"urn:schemas-microsoft-com:windows:store:licensing:ls\\\"><Binding Binding_Type=\\\"Machine\\\"><ProductID>*</ProductID><PFM>*</PFM><LeaseRequired>*</LeaseRequired></Binding><LicenseInfo Type=\\\"KeyHolder\\\" LicenseUsage=\\\"Offline\\\" LicenseCategory=\\\"OEM\\\"><IssuedDate>*</IssuedDate></LicenseInfo><KeyHolderInfo><CSPData>*</CSPData><SPLicenseId>*</SPLicenseId></KeyHolderInfo><SPLicenseBlock>*</SPLicenseBlock><Signature xmlns=\\\"http://www.w3.org/2000/09/xmldsig#\\\"><SignedInfo><CanonicalizationMethod Algorithm=\\\"http://www.w3.org/2001/10/xml-exc-c14n#\\\"/><SignatureMethod Algorithm=\\\"http://www.w3.org/2001/04/xmldsig-more#rsa-sha256\\\"/><Reference URI=\\\"\\\"><Transforms><Transform Algorithm=\\\"http://www.w3.org/2000/09/xmldsig#enveloped-signature\\\"/></Transforms><DigestMethod Algorithm=\\\"http://www.w3.org/2001/04/xmlenc#sha256\\\"/><DigestValue>*</DigestValue></Reference></SignedInfo><SignatureValue>*</SignatureValue><KeyInfo Id=\\\"_0f81b24f-bc40-2712-0d5d-e7c10085c330\\\"><KeyValue><RSAKeyValue><Modulus>*</Modulus><Exponent>*</Exponent></RSAKeyValue></KeyValue></KeyInfo></Signature></License></KeyHolderLicense><LicenseSignatureKeyVersion>*</LicenseSignatureKeyVersion><ServerInfo ServerTime=\\\"2024-11-04T12:35:09Z\\\">PH1PEPF00011FE2 2024.10.15.15.32.52</ServerInfo></DeviceAddResponse>\"}}}",
  "xml_fields": {
    "provider": "Microsoft-Windows-LiveId",
    "event_id": "6116",
    "timestamp": "2024-11-04T12:35:09.523087Z",
    "event_record_id": "6",
    "level": "4",
    "task": "0",
    "opcode": "0",
    "keywords": "0x4000000000200800",
    "channel": "Microsoft-Windows-LiveId/Operational",
    "computer": "DESKTOP-P9H5FTA",
    "Value": "<DeviceAddResponse Success=\"true\"><success>*</success><puid>0018C00FF2811859</puid><DeviceTpmKeyState>*</DeviceTpmKeyState><License ContentID=\"3252b20c-d425-4711-8cc5-b2f53c830b76\" ID=\"b9aee1eb-36f7-4b3e-a25f-0476bca75d32\" LicenseID=\"3252b20c-d425-4711-8cc5-b2f53c830b76\" Version=\"2\" xmlns=\"urn:schemas-microsoft-com:windows:store:licensing:ls\"><Binding Binding_Type=\"Machine\" xmlns=\"urn:schemas-microsoft-com:windows:store:licensing:ls\"><DeviceID xmlns=\"urn:schemas-microsoft-com:windows:store:licensing:ls\">*</DeviceID></Binding><LicenseInfo Type=\"Device\" xmlns=\"urn:schemas-microsoft-com:windows:store:licensing:ls\"><IssuedDate xmlns=\"urn:schemas-microsoft-com:windows:store:licensing:ls\">*</IssuedDate></LicenseInfo><SPLicenseBlock xmlns=\"urn:schemas-microsoft-com:windows:store:licensing:ls\">*</SPLicenseBlock><Signature xmlns=\"http://www.w3.org/2000/09/xmldsig#\"><SignedInfo><CanonicalizationMethod Algorithm=\"http://www.w3.org/2001/10/xml-exc-c14n#\"></CanonicalizationMethod><SignatureMethod Algorithm=\"http://www.w3.org/2001/04/xmldsig-more#rsa-sha256\"></SignatureMethod><Reference URI=\"\"><Transforms><Transform Algorithm=\"http://www.w3.org/2000/09/xmldsig#enveloped-signature\"></Transform><Transform Algorithm=\"http://www.w3.org/2001/10/xml-exc-c14n#\"></Transform></Transforms><DigestMethod Algorithm=\"http://www.w3.org/2001/04/xmlenc#sha256\"></DigestMethod><DigestValue>*</DigestValue></Reference></SignedInfo><SignatureValue>*</SignatureValue><KeyInfo Id=\"_61afd6a2-d7c3-8d25-36c2-0c2c47e3aca8\"><KeyValue><RSAKeyValue><Modulus>*</Modulus><Exponent>*</Exponent></RSAKeyValue></KeyValue></KeyInfo></Signature></License><HWDeviceID>*</HWDeviceID><GlobalDeviceID>*</GlobalDeviceID><LicenseKeySequence>*</LicenseKeySequence><DeviceTpmKeyState>*</DeviceTpmKeyState><KeyHolderLicense><License xmlns:xsd=\"http://www.w3.org/2001/XMLSchema\" xmlns:xsi=\"http://www.w3.org/2001/XMLSchema-instance\" ID=\"6b594c27-b3ee-45ff-812e-686be66532ce\" LicenseID=\"{61afd6a2-d7c3-8d25-36c2-0c2c47e3aca8}\" Version=\"5\" xmlns=\"urn:schemas-microsoft-com:windows:store:licensing:ls\"><Binding Binding_Type=\"Machine\"><ProductID>*</ProductID><PFM>*</PFM><LeaseRequired>*</LeaseRequired></Binding><LicenseInfo Type=\"KeyHolder\" LicenseUsage=\"Offline\" LicenseCategory=\"OEM\"><IssuedDate>*</IssuedDate></LicenseInfo><KeyHolderInfo><CSPData>*</CSPData><SPLicenseId>*</SPLicenseId></KeyHolderInfo><SPLicenseBlock>*</SPLicenseBlock><Signature xmlns=\"http://www.w3.org/2000/09/xmldsig#\"><SignedInfo><CanonicalizationMethod Algorithm=\"http://www.w3.org/2001/10/xml-exc-c14n#\"/><SignatureMethod Algorithm=\"http://www.w3.org/2001/04/xmldsig-more#rsa-sha256\"/><Reference URI=\"\"><Transforms><Transform Algorithm=\"http://www.w3.org/2000/09/xmldsig#enveloped-signature\"/></Transforms><DigestMethod Algorithm=\"http://www.w3.org/2001/04/xmlenc#sha256\"/><DigestValue>*</DigestValue></Reference></SignedInfo><SignatureValue>*</SignatureValue><KeyInfo Id=\"_0f81b24f-bc40-2712-0d5d-e7c10085c330\"><KeyValue><RSAKeyValue><Modulus>*</Modulus><Exponent>*</Exponent></RSAKeyValue></KeyValue></KeyInfo></Signature></License></KeyHolderLicense><LicenseSignatureKeyVersion>*</LicenseSignatureKeyVersion><ServerInfo ServerTime=\"2024-11-04T12:35:09Z\">PH1PEPF00011FE2 2024.10.15.15.32.52</ServerInfo></DeviceAddResponse>"
  },
  "json_fields": {
    "provider": "Microsoft-Windows-LiveId",
    "channel": "Microsoft-Windows-LiveId/Operational",
    "event_id": "6116",
    "timestamp": "2024-11-04T12:35:09.523087Z",
    "event_record_id": "6",
    "level": "4",
    "task": "0",
    "opcode": "0",
    "keywords": "0x4000000000200800",
    "computer": "DESKTOP-P9H5FTA",
    "Value": "<DeviceAddResponse Success=\"true\"><success>*</success><puid>0018C00FF2811859</puid><DeviceTpmKeyState>*</DeviceTpmKeyState><License ContentID=\"3252b20c-d425-4711-8cc5-b2f53c830b76\" ID=\"b9aee1eb-36f7-4b3e-a25f-0476bca75d32\" LicenseID=\"3252b20c-d425-4711-8cc5-b2f53c830b76\" Version=\"2\" xmlns=\"urn:schemas-microsoft-com:windows:store:licensing:ls\"><Binding Binding_Type=\"Machine\" xmlns=\"urn:schemas-microsoft-com:windows:store:licensing:ls\"><DeviceID xmlns=\"urn:schemas-microsoft-com:windows:store:licensing:ls\">*</DeviceID></Binding><LicenseInfo Type=\"Device\" xmlns=\"urn:schemas-microsoft-com:windows:store:licensing:ls\"><IssuedDate xmlns=\"urn:schemas-microsoft-com:windows:store:licensing:ls\">*</IssuedDate></LicenseInfo><SPLicenseBlock xmlns=\"urn:schemas-microsoft-com:windows:store:licensing:ls\">*</SPLicenseBlock><Signature xmlns=\"http://www.w3.org/2000/09/xmldsig#\"><SignedInfo><CanonicalizationMethod Algorithm=\"http://www.w3.org/2001/10/xml-exc-c14n#\"></CanonicalizationMethod><SignatureMethod Algorithm=\"http://www.w3.org/2001/04/xmldsig-more#rsa-sha256\"></SignatureMethod><Reference URI=\"\"><Transforms><Transform Algorithm=\"http://www.w3.org/2000/09/xmldsig#enveloped-signature\"></Transform><Transform Algorithm=\"http://www.w3.org/2001/10/xml-exc-c14n#\"></Transform></Transforms><DigestMethod Algorithm=\"http://www.w3.org/2001/04/xmlenc#sha256\"></DigestMethod><DigestValue>*</DigestValue></Reference></SignedInfo><SignatureValue>*</SignatureValue><KeyInfo Id=\"_61afd6a2-d7c3-8d25-36c2-0c2c47e3aca8\"><KeyValue><RSAKeyValue><Modulus>*</Modulus><Exponent>*</Exponent></RSAKeyValue></KeyValue></KeyInfo></Signature></License><HWDeviceID>*</HWDeviceID><GlobalDeviceID>*</GlobalDeviceID><LicenseKeySequence>*</LicenseKeySequence><DeviceTpmKeyState>*</DeviceTpmKeyState><KeyHolderLicense><License xmlns:xsd=\"http://www.w3.org/2001/XMLSchema\" xmlns:xsi=\"http://www.w3.org/2001/XMLSchema-instance\" ID=\"6b594c27-b3ee-45ff-812e-686be66532ce\" LicenseID=\"{61afd6a2-d7c3-8d25-36c2-0c2c47e3aca8}\" Version=\"5\" xmlns=\"urn:schemas-microsoft-com:windows:store:licensing:ls\"><Binding Binding_Type=\"Machine\"><ProductID>*</ProductID><PFM>*</PFM><LeaseRequired>*</LeaseRequired></Binding><LicenseInfo Type=\"KeyHolder\" LicenseUsage=\"Offline\" LicenseCategory=\"OEM\"><IssuedDate>*</IssuedDate></LicenseInfo><KeyHolderInfo><CSPData>*</CSPData><SPLicenseId>*</SPLicenseId></KeyHolderInfo><SPLicenseBlock>*</SPLicenseBlock><Signature xmlns=\"http://www.w3.org/2000/09/xmldsig#\"><SignedInfo><CanonicalizationMethod Algorithm=\"http://www.w3.org/2001/10/xml-exc-c14n#\"/><SignatureMethod Algorithm=\"http://www.w3.org/2001/04/xmldsig-more#rsa-sha256\"/><Reference URI=\"\"><Transforms><Transform Algorithm=\"http://www.w3.org/2000/09/xmldsig#enveloped-signature\"/></Transforms><DigestMethod Algorithm=\"http://www.w3.org/2001/04/xmlenc#sha256\"/><DigestValue>*</DigestValue></Reference></SignedInfo><SignatureValue>*</SignatureValue><KeyInfo Id=\"_0f81b24f-bc40-2712-0d5d-e7c10085c330\"><KeyValue><RSAKeyValue><Modulus>*</Modulus><Exponent>*</Exponent></RSAKeyValue></KeyValue></KeyInfo></Signature></License></KeyHolderLicense><LicenseSignatureKeyVersion>*</LicenseSignatureKeyVersion><ServerInfo ServerTime=\"2024-11-04T12:35:09Z\">PH1PEPF00011FE2 2024.10.15.15.32.52</ServerInfo></DeviceAddResponse>"
  }
}