{
  "event_id": "6117",
  "provider": "Microsoft-Windows-LiveId",
  "channel": "Microsoft-Windows-LiveId/Operational",
  "source_file": "D:\\visual code file\\Project_4\\Event-Analyzer\\test\\Logs\\Microsoft-Windows-LiveId%4Operational.evtx",
  "event_record_id": 10,
  "xml": "<?xml version=\"1.0\" encoding=\"utf-8\"?>\n<Event xmlns=\"http://schemas.microsoft.com/win/2004/08/events/event\">\n  <System>\n    <Provider Name=\"Microsoft-Windows-LiveId\" Guid=\"05F02597-FE85-4E67-8542-69567AB8FD4F\">\n    </Provider>\n    <EventID>6117</EventID>\n    <Version>0</Version>\n    <Level>4</Level>\n    <Task>0</Task>\n    <Opcode>0</Opcode>\n    <Keywords>0x4000000000200800</Keywords>\n    <TimeCreated SystemTime=\"2024-11-04T12:35:10.361365Z\">\n    </TimeCreated>\n    <EventRecordID>10</EventRecordID>\n    <Correlation>\n    </Correlation>\n    <Execution ProcessID=\"1452\" ThreadID=\"2272\">\n    </Execution>\n    <Channel>Microsoft-Windows-LiveId/Operational</Channel>\n    <Computer>DESKTOP-P9H5FTA</Computer>\n    <Security UserID=\"S-1-5-18\">\n    </Security>\n  </System>\n  <EventData>\n    <Data Name=\"ResourceURI\">http://Passport.NET/tb</Data>\n    <Data Name=\"Created\">2024-11-04T04:35:10.000000Z</Data>\n    <Data Name=\"Expires\">2025-01-03T06:15:09.000000Z</Data>\n    <Data Name=\"TokenType\">urn:passport:legacy</Data>\n    <Data Name=\"AuthRequired\">0</Data>\n    <Data Name=\"RequestStatus\">0</Data>\n    <Data Name=\"HasFlowUrl\">false</Data>\n    <Data Name=\"HasAuthUrl\">false</Data>\n    <Data Name=\"HasEndAuthUrl\">false</Data>\n  </EventData>\n</Event>\n",
  "json": "{\"Event\":{\"#attributes\":{\"xmlns\":\"http://schemas.microsoft.com/win/2004/08/events/event\"},\"System\":{\"Provider\":{\"#attributes\":{\"Name\":\"Microsoft-Windows-LiveId\",\"Guid\":\"05F02597-FE85-4E67-8542-69567AB8FD4F\"}},\"EventID\":6117,\"Version\":0,\"Level\":4,\"Task\":0,\"Opcode\":0,\"Keywords\":\"0x4000000000200800\",\"TimeCreated\":{\"#attributes\":{\"SystemTime\":\"2024-11-04T12:35:10.361365Z\"}},\"EventRecordID\":10,\"Correlation\":null,\"Execution\":{\"#attributes\":{\"ProcessID\":1452,\"ThreadID\":2272}},\"Channel\":\"Microsoft-Windows-LiveId/Operational\",\"Computer\":\"DESKTOP-P9H5FTA\",\"Security\":{\"#attributes\":{\"UserID\":\"S-1-5-18\"}}},\"EventData\":{\"ResourceURI\":\"http://Passport.NET/tb\",\"Created\":\"2024-11-04T04:35:10.000000Z\",\"Expires\":\"2025-01-03T06:15:09.000000Z\",\"TokenType\":\"urn:passport:legacy\",\"AuthRequired\":0,\"RequestStatus\":0,\"HasFlowUrl\":false,\"HasAuthUrl\":false,\"HasEndAuthUrl\":false}}}",
  "xml_fields": {
    "provider": "Microsoft-Windows-LiveId",
    "event_id": "6117",
    "timestamp": "2024-11-04T12:35:10.361365Z",
    "event_record_id": "10",
    "level": "4",
    "task": "0",
    "opcode": "0",
    "keywords": "0x4000000000200800",
    "channel": "Microsoft-Windows-LiveId/Operational",
    "computer": "DESKTOP-P9H5FTA",
    "ResourceURI": "http://Passport.NET/tb",
    "Created": "2024-11-04T04:35:10.000000Z",
    "Expires": "2025-01-03T06:15:09.000000Z",
    "TokenType": "urn:passport:legacy",
    "AuthRequired": "0",
    "RequestStatus": "0",
    "HasFlowUrl": "false",
    "HasAuthUrl": "false",
    "HasEndAuthUrl": "false"
  },
  "json_fields": {
    "provider": "Microsoft-Windows-LiveId",
    "channel": "Microsoft-Windows-LiveId/Operational",
    "event_id": "6117",
    "timestamp": "2024-11-04T12:35:10.361365Z",
    "event_record_id": "10",
    "level": "4",
    "task": "0",
    "opcode": "0",
    "keywords": "0x4000000000200800",
    "computer": "DESKTOP-P9H5FTA",
    "ResourceURI": "http://Passport.NET/tb",
    "Created": "2024-11-04T04:35:10.000000Z",
    "Expires": "2025-01-03T06:15:09.000000Z",
    "TokenType": "urn:passport:legacy",
    "AuthRequired": "0",
    "RequestStatus": "0",
    "HasFlowUrl": "False",
    "HasAuthUrl": "False",
    "HasEndAuthUrl": "False"
  }
}