{
  "event_id": "617",
  "provider": "Microsoft-Windows-AppXDeployment-Server",
  "channel": "Microsoft-Windows-AppXDeploymentServer/Operational",
  "source_file": "D:\\visual code file\\Project_4\\Event-Analyzer\\test\\Benign\\Logs_Client\\Microsoft-Windows-AppXDeploymentServer%4Operational.evtx",
  "event_record_id": 4569,
  "xml": "<?xml version=\"1.0\" encoding=\"utf-8\"?>\n<Event xmlns=\"http://schemas.microsoft.com/win/2004/08/events/event\">\n  <System>\n    <Provider Name=\"Microsoft-Windows-AppXDeployment-Server\" Guid=\"3F471139-ACB7-4A01-B7A7-FF5DA4BA2D43\">\n    </Provider>\n    <EventID>617</EventID>\n    <Version>0</Version>\n    <Level>5</Level>\n    <Task>3</Task>\n    <Opcode>0</Opcode>\n    <Keywords>0x4000000000000001</Keywords>\n    <TimeCreated SystemTime=\"2022-02-07T16:16:33.977137Z\">\n    </TimeCreated>\n    <EventRecordID>4569</EventRecordID>\n    <Correlation ActivityID=\"50F926D5-1C1B-0000-7736-FA501B1CD801\">\n    </Correlation>\n    <Execution ProcessID=\"3820\" ThreadID=\"5460\">\n    </Execution>\n    <Channel>Microsoft-Windows-AppXDeploymentServer/Operational</Channel>\n    <Computer>DESKTOP-A8CALR3</Computer>\n    <Security UserID=\"S-1-5-18\">\n    </Security>\n  </System>\n  <EventData>\n    <Data Name=\"PackageFullName\">MicrosoftWindows.Client.CBS_120.2212.3920.0_x64__cw5n1h2txyewy</Data>\n    <Data Name=\"StatusToClear\">0x0</Data>\n    <Data Name=\"StatusToSet\">0x400</Data>\n    <Data Name=\"CallOrigin\">0</Data>\n  </EventData>\n</Event>\n",
  "json": "{\"Event\":{\"#attributes\":{\"xmlns\":\"http://schemas.microsoft.com/win/2004/08/events/event\"},\"System\":{\"Provider\":{\"#attributes\":{\"Name\":\"Microsoft-Windows-AppXDeployment-Server\",\"Guid\":\"3F471139-ACB7-4A01-B7A7-FF5DA4BA2D43\"}},\"EventID\":617,\"Version\":0,\"Level\":5,\"Task\":3,\"Opcode\":0,\"Keywords\":\"0x4000000000000001\",\"TimeCreated\":{\"#attributes\":{\"SystemTime\":\"2022-02-07T16:16:33.977137Z\"}},\"EventRecordID\":4569,\"Correlation\":{\"#attributes\":{\"ActivityID\":\"50F926D5-1C1B-0000-7736-FA501B1CD801\"}},\"Execution\":{\"#attributes\":{\"ProcessID\":3820,\"ThreadID\":5460}},\"Channel\":\"Microsoft-Windows-AppXDeploymentServer/Operational\",\"Computer\":\"DESKTOP-A8CALR3\",\"Security\":{\"#attributes\":{\"UserID\":\"S-1-5-18\"}}},\"EventData\":{\"PackageFullName\":\"MicrosoftWindows.Client.CBS_120.2212.3920.0_x64__cw5n1h2txyewy\",\"StatusToClear\":\"0x0\",\"StatusToSet\":\"0x400\",\"CallOrigin\":0}}}",
  "xml_fields": {
    "provider": "Microsoft-Windows-AppXDeployment-Server",
    "event_id": "617",
    "timestamp": "2022-02-07T16:16:33.977137Z",
    "event_record_id": "4569",
    "level": "5",
    "task": "3",
    "opcode": "0",
    "keywords": "0x4000000000000001",
    "channel": "Microsoft-Windows-AppXDeploymentServer/Operational",
    "computer": "DESKTOP-A8CALR3",
    "PackageFullName": "MicrosoftWindows.Client.CBS_120.2212.3920.0_x64__cw5n1h2txyewy",
    "StatusToClear": "0x0",
    "StatusToSet": "0x400",
    "CallOrigin": "0"
  },
  "json_fields": {
    "provider": "Microsoft-Windows-AppXDeployment-Server",
    "channel": "Microsoft-Windows-AppXDeploymentServer/Operational",
    "event_id": "617",
    "timestamp": "2022-02-07T16:16:33.977137Z",
    "event_record_id": "4569",
    "level": "5",
    "task": "3",
    "opcode": "0",
    "keywords": "0x4000000000000001",
    "computer": "DESKTOP-A8CALR3",
    "PackageFullName": "MicrosoftWindows.Client.CBS_120.2212.3920.0_x64__cw5n1h2txyewy",
    "StatusToClear": "0x0",
    "StatusToSet": "0x400",
    "CallOrigin": "0"
  }
}