{
  "event_id": "62171",
  "provider": "Microsoft-Windows-Shell-Core",
  "channel": "Microsoft-Windows-Shell-Core/Operational",
  "source_file": "D:\\visual code file\\Project_4\\Event-Analyzer\\test\\Logs\\Microsoft-Windows-Shell-Core%4Operational.evtx",
  "event_record_id": 2006,
  "xml": "<?xml version=\"1.0\" encoding=\"utf-8\"?>\n<Event xmlns=\"http://schemas.microsoft.com/win/2004/08/events/event\">\n  <System>\n    <Provider Name=\"Microsoft-Windows-Shell-Core\" Guid=\"30336ED4-E327-447C-9DE0-51B652C86108\">\n    </Provider>\n    <EventID>62171</EventID>\n    <Version>0</Version>\n    <Level>4</Level>\n    <Task>62170</Task>\n    <Opcode>2</Opcode>\n    <Keywords>0x2001000200000000</Keywords>\n    <TimeCreated SystemTime=\"2025-01-24T10:06:37.185174Z\">\n    </TimeCreated>\n    <EventRecordID>2006</EventRecordID>\n    <Correlation>\n    </Correlation>\n    <Execution ProcessID=\"8944\" ThreadID=\"9096\">\n    </Execution>\n    <Channel>Microsoft-Windows-Shell-Core/Operational</Channel>\n    <Computer>CTO-FILESVR</Computer>\n    <Security UserID=\"S-1-5-21-3088055692-629932344-1786574096-1003\">\n    </Security>\n  </System>\n  <EventData>\n    <Data Name=\"LogonType\">1090</Data>\n    <Data Name=\"TaskName\">UpdatePCSettingsPreStart</Data>\n  </EventData>\n</Event>\n",
  "json": "{\"Event\":{\"#attributes\":{\"xmlns\":\"http://schemas.microsoft.com/win/2004/08/events/event\"},\"System\":{\"Provider\":{\"#attributes\":{\"Name\":\"Microsoft-Windows-Shell-Core\",\"Guid\":\"30336ED4-E327-447C-9DE0-51B652C86108\"}},\"EventID\":62171,\"Version\":0,\"Level\":4,\"Task\":62170,\"Opcode\":2,\"Keywords\":\"0x2001000200000000\",\"TimeCreated\":{\"#attributes\":{\"SystemTime\":\"2025-01-24T10:06:37.185174Z\"}},\"EventRecordID\":2006,\"Correlation\":null,\"Execution\":{\"#attributes\":{\"ProcessID\":8944,\"ThreadID\":9096}},\"Channel\":\"Microsoft-Windows-Shell-Core/Operational\",\"Computer\":\"CTO-FILESVR\",\"Security\":{\"#attributes\":{\"UserID\":\"S-1-5-21-3088055692-629932344-1786574096-1003\"}}},\"EventData\":{\"LogonType\":1090,\"TaskName\":\"UpdatePCSettingsPreStart\"}}}",
  "xml_fields": {
    "provider": "Microsoft-Windows-Shell-Core",
    "event_id": "62171",
    "timestamp": "2025-01-24T10:06:37.185174Z",
    "event_record_id": "2006",
    "level": "4",
    "task": "62170",
    "opcode": "2",
    "keywords": "0x2001000200000000",
    "channel": "Microsoft-Windows-Shell-Core/Operational",
    "computer": "CTO-FILESVR",
    "LogonType": "1090",
    "TaskName": "UpdatePCSettingsPreStart"
  },
  "json_fields": {
    "provider": "Microsoft-Windows-Shell-Core",
    "channel": "Microsoft-Windows-Shell-Core/Operational",
    "event_id": "62171",
    "timestamp": "2025-01-24T10:06:37.185174Z",
    "event_record_id": "2006",
    "level": "4",
    "task": "62170",
    "opcode": "2",
    "keywords": "0x2001000200000000",
    "computer": "CTO-FILESVR",
    "LogonType": "1090",
    "TaskName": "UpdatePCSettingsPreStart"
  }
}