{
  "event_id": "62441",
  "provider": "Microsoft-Windows-Shell-Core",
  "channel": "Microsoft-Windows-Shell-Core/AppDefaults",
  "source_file": "D:\\visual code file\\Project_4\\Event-Analyzer\\test\\Logs\\Microsoft-Windows-Shell-Core%4AppDefaults.evtx",
  "event_record_id": 3,
  "xml": "<?xml version=\"1.0\" encoding=\"utf-8\"?>\n<Event xmlns=\"http://schemas.microsoft.com/win/2004/08/events/event\">\n  <System>\n    <Provider Name=\"Microsoft-Windows-Shell-Core\" Guid=\"30336ED4-E327-447C-9DE0-51B652C86108\">\n    </Provider>\n    <EventID>62441</EventID>\n    <Version>0</Version>\n    <Level>4</Level>\n    <Task>62441</Task>\n    <Opcode>0</Opcode>\n    <Keywords>0x1000000000000000</Keywords>\n    <TimeCreated SystemTime=\"2024-11-04T12:35:01.835329Z\">\n    </TimeCreated>\n    <EventRecordID>3</EventRecordID>\n    <Correlation>\n    </Correlation>\n    <Execution ProcessID=\"4484\" ThreadID=\"5316\">\n    </Execution>\n    <Channel>Microsoft-Windows-Shell-Core/AppDefaults</Channel>\n    <Computer>DESKTOP-P9H5FTA</Computer>\n    <Security UserID=\"S-1-5-21-3088055692-629932344-1786574096-1000\">\n    </Security>\n  </System>\n  <EventData>\n    <Data Name=\"ProgId\">AppX43hnxtbyyps62jhe9sqpdzxn1790zetc</Data>\n    <Data Name=\"ExtOrUriScheme\">.png</Data>\n  </EventData>\n</Event>\n",
  "json": "{\"Event\":{\"#attributes\":{\"xmlns\":\"http://schemas.microsoft.com/win/2004/08/events/event\"},\"System\":{\"Provider\":{\"#attributes\":{\"Name\":\"Microsoft-Windows-Shell-Core\",\"Guid\":\"30336ED4-E327-447C-9DE0-51B652C86108\"}},\"EventID\":62441,\"Version\":0,\"Level\":4,\"Task\":62441,\"Opcode\":0,\"Keywords\":\"0x1000000000000000\",\"TimeCreated\":{\"#attributes\":{\"SystemTime\":\"2024-11-04T12:35:01.835329Z\"}},\"EventRecordID\":3,\"Correlation\":null,\"Execution\":{\"#attributes\":{\"ProcessID\":4484,\"ThreadID\":5316}},\"Channel\":\"Microsoft-Windows-Shell-Core/AppDefaults\",\"Computer\":\"DESKTOP-P9H5FTA\",\"Security\":{\"#attributes\":{\"UserID\":\"S-1-5-21-3088055692-629932344-1786574096-1000\"}}},\"EventData\":{\"ProgId\":\"AppX43hnxtbyyps62jhe9sqpdzxn1790zetc\",\"ExtOrUriScheme\":\".png\"}}}",
  "xml_fields": {
    "provider": "Microsoft-Windows-Shell-Core",
    "event_id": "62441",
    "timestamp": "2024-11-04T12:35:01.835329Z",
    "event_record_id": "3",
    "level": "4",
    "task": "62441",
    "opcode": "0",
    "keywords": "0x1000000000000000",
    "channel": "Microsoft-Windows-Shell-Core/AppDefaults",
    "computer": "DESKTOP-P9H5FTA",
    "ProgId": "AppX43hnxtbyyps62jhe9sqpdzxn1790zetc",
    "ExtOrUriScheme": ".png"
  },
  "json_fields": {
    "provider": "Microsoft-Windows-Shell-Core",
    "channel": "Microsoft-Windows-Shell-Core/AppDefaults",
    "event_id": "62441",
    "timestamp": "2024-11-04T12:35:01.835329Z",
    "event_record_id": "3",
    "level": "4",
    "task": "62441",
    "opcode": "0",
    "keywords": "0x1000000000000000",
    "computer": "DESKTOP-P9H5FTA",
    "ProgId": "AppX43hnxtbyyps62jhe9sqpdzxn1790zetc",
    "ExtOrUriScheme": ".png"
  }
}