{
  "event_id": "62460",
  "provider": "Microsoft-Windows-Shell-Core",
  "channel": "Microsoft-Windows-Shell-Core/Operational",
  "source_file": "D:\\visual code file\\Project_4\\Event-Analyzer\\test\\Logs\\Microsoft-Windows-Shell-Core%4Operational.evtx",
  "event_record_id": 596,
  "xml": "<?xml version=\"1.0\" encoding=\"utf-8\"?>\n<Event xmlns=\"http://schemas.microsoft.com/win/2004/08/events/event\">\n  <System>\n    <Provider Name=\"Microsoft-Windows-Shell-Core\" Guid=\"30336ED4-E327-447C-9DE0-51B652C86108\">\n    </Provider>\n    <EventID>62460</EventID>\n    <Version>0</Version>\n    <Level>4</Level>\n    <Task>62460</Task>\n    <Opcode>0</Opcode>\n    <Keywords>0x2000002000010000</Keywords>\n    <TimeCreated SystemTime=\"2024-11-04T12:48:43.637975Z\">\n    </TimeCreated>\n    <EventRecordID>596</EventRecordID>\n    <Correlation>\n    </Correlation>\n    <Execution ProcessID=\"5080\" ThreadID=\"5452\">\n    </Execution>\n    <Channel>Microsoft-Windows-Shell-Core/Operational</Channel>\n    <Computer>DESKTOP-P9H5FTA</Computer>\n    <Security UserID=\"S-1-5-21-3088055692-629932344-1786574096-1001\">\n    </Security>\n  </System>\n  <EventData>\n    <Data Name=\"DataVersion\">14</Data>\n    <Data Name=\"HealthStateFlags\">1081376</Data>\n    <Data Name=\"CensusFlags\">0</Data>\n    <Data Name=\"SecondsSinceBoot\">520</Data>\n    <Data Name=\"ImageIdentifier\"></Data>\n    <Data Name=\"TrackingInfo\">{ 0; 1; 0; 0; 0; 1; 0; 0; 1; 0; 0; 1; 0; 0; 0; 0; 0; 0; 0; 0; 0; 1; 0; 0; 2; 0; 0; 0; 0; 0; 0; 0; 0; 0; 0; 0; 1; 1; 0; 0; 0; 0; 2; 0; 0; 1; 0; 0; 0; 1; 1; 0; 0; 0; 0; 1; 0; 0; 0; 0; 0; 0; 0; 0;}</Data>\n  </EventData>\n</Event>\n",
  "json": "{\"Event\":{\"#attributes\":{\"xmlns\":\"http://schemas.microsoft.com/win/2004/08/events/event\"},\"System\":{\"Provider\":{\"#attributes\":{\"Name\":\"Microsoft-Windows-Shell-Core\",\"Guid\":\"30336ED4-E327-447C-9DE0-51B652C86108\"}},\"EventID\":62460,\"Version\":0,\"Level\":4,\"Task\":62460,\"Opcode\":0,\"Keywords\":\"0x2000002000010000\",\"TimeCreated\":{\"#attributes\":{\"SystemTime\":\"2024-11-04T12:48:43.637975Z\"}},\"EventRecordID\":596,\"Correlation\":null,\"Execution\":{\"#attributes\":{\"ProcessID\":5080,\"ThreadID\":5452}},\"Channel\":\"Microsoft-Windows-Shell-Core/Operational\",\"Computer\":\"DESKTOP-P9H5FTA\",\"Security\":{\"#attributes\":{\"UserID\":\"S-1-5-21-3088055692-629932344-1786574096-1001\"}}},\"EventData\":{\"DataVersion\":14,\"HealthStateFlags\":1081376,\"CensusFlags\":0,\"SecondsSinceBoot\":520,\"ImageIdentifier\":\"\",\"TrackingInfo\":\"{ 0; 1; 0; 0; 0; 1; 0; 0; 1; 0; 0; 1; 0; 0; 0; 0; 0; 0; 0; 0; 0; 1; 0; 0; 2; 0; 0; 0; 0; 0; 0; 0; 0; 0; 0; 0; 1; 1; 0; 0; 0; 0; 2; 0; 0; 1; 0; 0; 0; 1; 1; 0; 0; 0; 0; 1; 0; 0; 0; 0; 0; 0; 0; 0;}\"}}}",
  "xml_fields": {
    "provider": "Microsoft-Windows-Shell-Core",
    "event_id": "62460",
    "timestamp": "2024-11-04T12:48:43.637975Z",
    "event_record_id": "596",
    "level": "4",
    "task": "62460",
    "opcode": "0",
    "keywords": "0x2000002000010000",
    "channel": "Microsoft-Windows-Shell-Core/Operational",
    "computer": "DESKTOP-P9H5FTA",
    "DataVersion": "14",
    "HealthStateFlags": "1081376",
    "CensusFlags": "0",
    "SecondsSinceBoot": "520",
    "ImageIdentifier": "",
    "TrackingInfo": "{ 0; 1; 0; 0; 0; 1; 0; 0; 1; 0; 0; 1; 0; 0; 0; 0; 0; 0; 0; 0; 0; 1; 0; 0; 2; 0; 0; 0; 0; 0; 0; 0; 0; 0; 0; 0; 1; 1; 0; 0; 0; 0; 2; 0; 0; 1; 0; 0; 0; 1; 1; 0; 0; 0; 0; 1; 0; 0; 0; 0; 0; 0; 0; 0;}"
  },
  "json_fields": {
    "provider": "Microsoft-Windows-Shell-Core",
    "channel": "Microsoft-Windows-Shell-Core/Operational",
    "event_id": "62460",
    "timestamp": "2024-11-04T12:48:43.637975Z",
    "event_record_id": "596",
    "level": "4",
    "task": "62460",
    "opcode": "0",
    "keywords": "0x2000002000010000",
    "computer": "DESKTOP-P9H5FTA",
    "DataVersion": "14",
    "HealthStateFlags": "1081376",
    "CensusFlags": "0",
    "SecondsSinceBoot": "520",
    "ImageIdentifier": "",
    "TrackingInfo": "{ 0; 1; 0; 0; 0; 1; 0; 0; 1; 0; 0; 1; 0; 0; 0; 0; 0; 0; 0; 0; 0; 1; 0; 0; 2; 0; 0; 0; 0; 0; 0; 0; 0; 0; 0; 0; 1; 1; 0; 0; 0; 0; 2; 0; 0; 1; 0; 0; 0; 1; 1; 0; 0; 0; 0; 1; 0; 0; 0; 0; 0; 0; 0; 0;}"
  }
}