{
  "event_id": "626",
  "provider": "Microsoft-Windows-AppXDeployment-Server",
  "channel": "Microsoft-Windows-AppXDeploymentServer/Operational",
  "source_file": "D:\\visual code file\\Project_4\\Event-Analyzer\\test\\Benign\\Logs_Client\\Microsoft-Windows-AppXDeploymentServer%4Operational.evtx",
  "event_record_id": 4516,
  "xml": "<?xml version=\"1.0\" encoding=\"utf-8\"?>\n<Event xmlns=\"http://schemas.microsoft.com/win/2004/08/events/event\">\n  <System>\n    <Provider Name=\"Microsoft-Windows-AppXDeployment-Server\" Guid=\"3F471139-ACB7-4A01-B7A7-FF5DA4BA2D43\">\n    </Provider>\n    <EventID>626</EventID>\n    <Version>0</Version>\n    <Level>5</Level>\n    <Task>3</Task>\n    <Opcode>0</Opcode>\n    <Keywords>0x4000000000000001</Keywords>\n    <TimeCreated SystemTime=\"2022-02-07T16:16:29.203682Z\">\n    </TimeCreated>\n    <EventRecordID>4516</EventRecordID>\n    <Correlation ActivityID=\"50F926D5-1C1B-0000-7736-FA501B1CD801\">\n    </Correlation>\n    <Execution ProcessID=\"3820\" ThreadID=\"5460\">\n    </Execution>\n    <Channel>Microsoft-Windows-AppXDeploymentServer/Operational</Channel>\n    <Computer>DESKTOP-A8CALR3</Computer>\n    <Security UserID=\"S-1-5-21-1402826787-2759305201-2932496751-1001\">\n    </Security>\n  </System>\n  <EventData>\n    <Data Name=\"DeploymentOperation\">6</Data>\n    <Data Name=\"PackageFullName\">Microsoft.VCLibs.140.00_14.0.30704.0_x64__8wekyb3d8bbwe</Data>\n    <Data Name=\"UserSid\">S-1-5-21-1402826787-2759305201-2932496751-1001</Data>\n    <Data Name=\"CallingProcess\">svchost.exe,Appinfo,BITS,gpsvc,iphlpsvc,LanmanServer,lfsvc,ProfSvc,Schedule,SENS,ShellHWDetection,Themes,TokenBroker,UserManager,UsoSvc,Winmgmt,wlidsvc,WpnService,wuauserv</Data>\n  </EventData>\n</Event>\n",
  "json": "{\"Event\":{\"#attributes\":{\"xmlns\":\"http://schemas.microsoft.com/win/2004/08/events/event\"},\"System\":{\"Provider\":{\"#attributes\":{\"Name\":\"Microsoft-Windows-AppXDeployment-Server\",\"Guid\":\"3F471139-ACB7-4A01-B7A7-FF5DA4BA2D43\"}},\"EventID\":626,\"Version\":0,\"Level\":5,\"Task\":3,\"Opcode\":0,\"Keywords\":\"0x4000000000000001\",\"TimeCreated\":{\"#attributes\":{\"SystemTime\":\"2022-02-07T16:16:29.203682Z\"}},\"EventRecordID\":4516,\"Correlation\":{\"#attributes\":{\"ActivityID\":\"50F926D5-1C1B-0000-7736-FA501B1CD801\"}},\"Execution\":{\"#attributes\":{\"ProcessID\":3820,\"ThreadID\":5460}},\"Channel\":\"Microsoft-Windows-AppXDeploymentServer/Operational\",\"Computer\":\"DESKTOP-A8CALR3\",\"Security\":{\"#attributes\":{\"UserID\":\"S-1-5-21-1402826787-2759305201-2932496751-1001\"}}},\"EventData\":{\"DeploymentOperation\":6,\"PackageFullName\":\"Microsoft.VCLibs.140.00_14.0.30704.0_x64__8wekyb3d8bbwe\",\"UserSid\":\"S-1-5-21-1402826787-2759305201-2932496751-1001\",\"CallingProcess\":\"svchost.exe,Appinfo,BITS,gpsvc,iphlpsvc,LanmanServer,lfsvc,ProfSvc,Schedule,SENS,ShellHWDetection,Themes,TokenBroker,UserManager,UsoSvc,Winmgmt,wlidsvc,WpnService,wuauserv\"}}}",
  "xml_fields": {
    "provider": "Microsoft-Windows-AppXDeployment-Server",
    "event_id": "626",
    "timestamp": "2022-02-07T16:16:29.203682Z",
    "event_record_id": "4516",
    "level": "5",
    "task": "3",
    "opcode": "0",
    "keywords": "0x4000000000000001",
    "channel": "Microsoft-Windows-AppXDeploymentServer/Operational",
    "computer": "DESKTOP-A8CALR3",
    "DeploymentOperation": "6",
    "PackageFullName": "Microsoft.VCLibs.140.00_14.0.30704.0_x64__8wekyb3d8bbwe",
    "UserSid": "S-1-5-21-1402826787-2759305201-2932496751-1001",
    "CallingProcess": "svchost.exe,Appinfo,BITS,gpsvc,iphlpsvc,LanmanServer,lfsvc,ProfSvc,Schedule,SENS,ShellHWDetection,Themes,TokenBroker,UserManager,UsoSvc,Winmgmt,wlidsvc,WpnService,wuauserv"
  },
  "json_fields": {
    "provider": "Microsoft-Windows-AppXDeployment-Server",
    "channel": "Microsoft-Windows-AppXDeploymentServer/Operational",
    "event_id": "626",
    "timestamp": "2022-02-07T16:16:29.203682Z",
    "event_record_id": "4516",
    "level": "5",
    "task": "3",
    "opcode": "0",
    "keywords": "0x4000000000000001",
    "computer": "DESKTOP-A8CALR3",
    "DeploymentOperation": "6",
    "PackageFullName": "Microsoft.VCLibs.140.00_14.0.30704.0_x64__8wekyb3d8bbwe",
    "UserSid": "S-1-5-21-1402826787-2759305201-2932496751-1001",
    "CallingProcess": "svchost.exe,Appinfo,BITS,gpsvc,iphlpsvc,LanmanServer,lfsvc,ProfSvc,Schedule,SENS,ShellHWDetection,Themes,TokenBroker,UserManager,UsoSvc,Winmgmt,wlidsvc,WpnService,wuauserv"
  }
}