{
  "event_id": "627",
  "provider": "Microsoft-Windows-AppXDeployment-Server",
  "channel": "Microsoft-Windows-AppXDeploymentServer/Operational",
  "source_file": "D:\\visual code file\\Project_4\\Event-Analyzer\\test\\Benign\\Logs_Win11\\Microsoft-Windows-AppXDeploymentServer%4Operational.evtx",
  "event_record_id": 5104,
  "xml": "<?xml version=\"1.0\" encoding=\"utf-8\"?>\n<Event xmlns=\"http://schemas.microsoft.com/win/2004/08/events/event\">\n  <System>\n    <Provider Name=\"Microsoft-Windows-AppXDeployment-Server\" Guid=\"3F471139-ACB7-4A01-B7A7-FF5DA4BA2D43\">\n    </Provider>\n    <EventID>627</EventID>\n    <Version>0</Version>\n    <Level>5</Level>\n    <Task>3</Task>\n    <Opcode>0</Opcode>\n    <Keywords>0x4000000000000001</Keywords>\n    <TimeCreated SystemTime=\"2022-03-02T18:09:58.093560Z\">\n    </TimeCreated>\n    <EventRecordID>5104</EventRecordID>\n    <Correlation ActivityID=\"027A6110-2E60-0003-698A-7A02602ED801\">\n    </Correlation>\n    <Execution ProcessID=\"4512\" ThreadID=\"5144\">\n    </Execution>\n    <Channel>Microsoft-Windows-AppXDeploymentServer/Operational</Channel>\n    <Computer>DESKTOP-6D0DBMB</Computer>\n    <Security UserID=\"S-1-5-18\">\n    </Security>\n  </System>\n  <EventData>\n    <Data Name=\"PackageMoniker\">Microsoft.LanguageExperiencePackfr-FR_22000.16.39.0_neutral__8wekyb3d8bbwe</Data>\n  </EventData>\n</Event>\n",
  "json": "{\"Event\":{\"#attributes\":{\"xmlns\":\"http://schemas.microsoft.com/win/2004/08/events/event\"},\"System\":{\"Provider\":{\"#attributes\":{\"Name\":\"Microsoft-Windows-AppXDeployment-Server\",\"Guid\":\"3F471139-ACB7-4A01-B7A7-FF5DA4BA2D43\"}},\"EventID\":627,\"Version\":0,\"Level\":5,\"Task\":3,\"Opcode\":0,\"Keywords\":\"0x4000000000000001\",\"TimeCreated\":{\"#attributes\":{\"SystemTime\":\"2022-03-02T18:09:58.093560Z\"}},\"EventRecordID\":5104,\"Correlation\":{\"#attributes\":{\"ActivityID\":\"027A6110-2E60-0003-698A-7A02602ED801\"}},\"Execution\":{\"#attributes\":{\"ProcessID\":4512,\"ThreadID\":5144}},\"Channel\":\"Microsoft-Windows-AppXDeploymentServer/Operational\",\"Computer\":\"DESKTOP-6D0DBMB\",\"Security\":{\"#attributes\":{\"UserID\":\"S-1-5-18\"}}},\"EventData\":{\"PackageMoniker\":\"Microsoft.LanguageExperiencePackfr-FR_22000.16.39.0_neutral__8wekyb3d8bbwe\"}}}",
  "xml_fields": {
    "provider": "Microsoft-Windows-AppXDeployment-Server",
    "event_id": "627",
    "timestamp": "2022-03-02T18:09:58.093560Z",
    "event_record_id": "5104",
    "level": "5",
    "task": "3",
    "opcode": "0",
    "keywords": "0x4000000000000001",
    "channel": "Microsoft-Windows-AppXDeploymentServer/Operational",
    "computer": "DESKTOP-6D0DBMB",
    "PackageMoniker": "Microsoft.LanguageExperiencePackfr-FR_22000.16.39.0_neutral__8wekyb3d8bbwe"
  },
  "json_fields": {
    "provider": "Microsoft-Windows-AppXDeployment-Server",
    "channel": "Microsoft-Windows-AppXDeploymentServer/Operational",
    "event_id": "627",
    "timestamp": "2022-03-02T18:09:58.093560Z",
    "event_record_id": "5104",
    "level": "5",
    "task": "3",
    "opcode": "0",
    "keywords": "0x4000000000000001",
    "computer": "DESKTOP-6D0DBMB",
    "PackageMoniker": "Microsoft.LanguageExperiencePackfr-FR_22000.16.39.0_neutral__8wekyb3d8bbwe"
  }
}