{
  "event_id": "629",
  "provider": "Microsoft-Windows-AppXDeployment-Server",
  "channel": "Microsoft-Windows-AppXDeploymentServer/Operational",
  "source_file": "D:\\visual code file\\Project_4\\Event-Analyzer\\test\\Logs\\Microsoft-Windows-AppXDeploymentServer%4Operational.evtx",
  "event_record_id": 9678,
  "xml": "<?xml version=\"1.0\" encoding=\"utf-8\"?>\n<Event xmlns=\"http://schemas.microsoft.com/win/2004/08/events/event\">\n  <System>\n    <Provider Name=\"Microsoft-Windows-AppXDeployment-Server\" Guid=\"3F471139-ACB7-4A01-B7A7-FF5DA4BA2D43\">\n    </Provider>\n    <EventID>629</EventID>\n    <Version>0</Version>\n    <Level>5</Level>\n    <Task>4</Task>\n    <Opcode>0</Opcode>\n    <Keywords>0x4000000000000001</Keywords>\n    <TimeCreated SystemTime=\"2025-01-24T10:22:45.061524Z\">\n    </TimeCreated>\n    <EventRecordID>9678</EventRecordID>\n    <Correlation ActivityID=\"8D345FF6-6E47-0001-517F-348D476EDB01\">\n    </Correlation>\n    <Execution ProcessID=\"3908\" ThreadID=\"7300\">\n    </Execution>\n    <Channel>Microsoft-Windows-AppXDeploymentServer/Operational</Channel>\n    <Computer>CTO-FILESVR</Computer>\n    <Security UserID=\"S-1-5-21-3088055692-629932344-1786574096-1003\">\n    </Security>\n  </System>\n  <EventData>\n    <Data Name=\"PackageName\">Microsoft.WindowsAlarms_10.1906.2182.0_x64__8wekyb3d8bbwe</Data>\n    <Data Name=\"DependencyName\">Microsoft.UI.Xaml.2.0</Data>\n    <Data Name=\"DependencyPublisher\">CN=Microsoft Corporation, O=Microsoft Corporation, L=Redmond, S=Washington, C=US</Data>\n    <Data Name=\"DependencyArchitecture\">0</Data>\n    <Data Name=\"DependencyMinVersion\">2.1810.18003.0</Data>\n    <Data Name=\"FrameworkList\">{Microsoft.UI.Xaml.2.0_2.1810.18004.0_x64__8wekyb3d8bbwe}</Data>\n  </EventData>\n</Event>\n",
  "json": "{\"Event\":{\"#attributes\":{\"xmlns\":\"http://schemas.microsoft.com/win/2004/08/events/event\"},\"System\":{\"Provider\":{\"#attributes\":{\"Name\":\"Microsoft-Windows-AppXDeployment-Server\",\"Guid\":\"3F471139-ACB7-4A01-B7A7-FF5DA4BA2D43\"}},\"EventID\":629,\"Version\":0,\"Level\":5,\"Task\":4,\"Opcode\":0,\"Keywords\":\"0x4000000000000001\",\"TimeCreated\":{\"#attributes\":{\"SystemTime\":\"2025-01-24T10:22:45.061524Z\"}},\"EventRecordID\":9678,\"Correlation\":{\"#attributes\":{\"ActivityID\":\"8D345FF6-6E47-0001-517F-348D476EDB01\"}},\"Execution\":{\"#attributes\":{\"ProcessID\":3908,\"ThreadID\":7300}},\"Channel\":\"Microsoft-Windows-AppXDeploymentServer/Operational\",\"Computer\":\"CTO-FILESVR\",\"Security\":{\"#attributes\":{\"UserID\":\"S-1-5-21-3088055692-629932344-1786574096-1003\"}}},\"EventData\":{\"PackageName\":\"Microsoft.WindowsAlarms_10.1906.2182.0_x64__8wekyb3d8bbwe\",\"DependencyName\":\"Microsoft.UI.Xaml.2.0\",\"DependencyPublisher\":\"CN=Microsoft Corporation, O=Microsoft Corporation, L=Redmond, S=Washington, C=US\",\"DependencyArchitecture\":0,\"DependencyMinVersion\":\"2.1810.18003.0\",\"FrameworkList\":\"{Microsoft.UI.Xaml.2.0_2.1810.18004.0_x64__8wekyb3d8bbwe}\"}}}",
  "xml_fields": {
    "provider": "Microsoft-Windows-AppXDeployment-Server",
    "event_id": "629",
    "timestamp": "2025-01-24T10:22:45.061524Z",
    "event_record_id": "9678",
    "level": "5",
    "task": "4",
    "opcode": "0",
    "keywords": "0x4000000000000001",
    "channel": "Microsoft-Windows-AppXDeploymentServer/Operational",
    "computer": "CTO-FILESVR",
    "PackageName": "Microsoft.WindowsAlarms_10.1906.2182.0_x64__8wekyb3d8bbwe",
    "DependencyName": "Microsoft.UI.Xaml.2.0",
    "DependencyPublisher": "CN=Microsoft Corporation, O=Microsoft Corporation, L=Redmond, S=Washington, C=US",
    "DependencyArchitecture": "0",
    "DependencyMinVersion": "2.1810.18003.0",
    "FrameworkList": "{Microsoft.UI.Xaml.2.0_2.1810.18004.0_x64__8wekyb3d8bbwe}"
  },
  "json_fields": {
    "provider": "Microsoft-Windows-AppXDeployment-Server",
    "channel": "Microsoft-Windows-AppXDeploymentServer/Operational",
    "event_id": "629",
    "timestamp": "2025-01-24T10:22:45.061524Z",
    "event_record_id": "9678",
    "level": "5",
    "task": "4",
    "opcode": "0",
    "keywords": "0x4000000000000001",
    "computer": "CTO-FILESVR",
    "PackageName": "Microsoft.WindowsAlarms_10.1906.2182.0_x64__8wekyb3d8bbwe",
    "DependencyName": "Microsoft.UI.Xaml.2.0",
    "DependencyPublisher": "CN=Microsoft Corporation, O=Microsoft Corporation, L=Redmond, S=Washington, C=US",
    "DependencyArchitecture": "0",
    "DependencyMinVersion": "2.1810.18003.0",
    "FrameworkList": "{Microsoft.UI.Xaml.2.0_2.1810.18004.0_x64__8wekyb3d8bbwe}"
  }
}