{
  "event_id": "634",
  "provider": "Microsoft-Windows-AppXDeployment-Server",
  "channel": "Microsoft-Windows-AppXDeploymentServer/Operational",
  "source_file": "D:\\visual code file\\Project_4\\Event-Analyzer\\test\\Benign\\Logs_Win11_2023\\Microsoft-Windows-AppXDeploymentServer%4Operational.evtx",
  "event_record_id": 7204,
  "xml": "<?xml version=\"1.0\" encoding=\"utf-8\"?>\n<Event xmlns=\"http://schemas.microsoft.com/win/2004/08/events/event\">\n  <System>\n    <Provider Name=\"Microsoft-Windows-AppXDeployment-Server\" Guid=\"3F471139-ACB7-4A01-B7A7-FF5DA4BA2D43\">\n    </Provider>\n    <EventID>634</EventID>\n    <Version>0</Version>\n    <Level>3</Level>\n    <Task>3</Task>\n    <Opcode>0</Opcode>\n    <Keywords>0x4000000000000001</Keywords>\n    <TimeCreated SystemTime=\"2023-11-05T22:29:00.475519Z\">\n    </TimeCreated>\n    <EventRecordID>7204</EventRecordID>\n    <Correlation ActivityID=\"59A0D65F-1037-0002-4DE6-A0593710DA01\">\n    </Correlation>\n    <Execution ProcessID=\"5296\" ThreadID=\"3868\">\n    </Execution>\n    <Channel>Microsoft-Windows-AppXDeploymentServer/Operational</Channel>\n    <Computer>WinDev2310Eval</Computer>\n    <Security UserID=\"S-1-5-21-1992711665-1655669231-58201500-1000\">\n    </Security>\n  </System>\n  <EventData>\n    <Data Name=\"PackageMoniker\">Microsoft.MicrosoftEdge.Stable_118.0.2088.61_neutral__8wekyb3d8bbwe</Data>\n  </EventData>\n</Event>\n",
  "json": "{\"Event\":{\"#attributes\":{\"xmlns\":\"http://schemas.microsoft.com/win/2004/08/events/event\"},\"System\":{\"Provider\":{\"#attributes\":{\"Name\":\"Microsoft-Windows-AppXDeployment-Server\",\"Guid\":\"3F471139-ACB7-4A01-B7A7-FF5DA4BA2D43\"}},\"EventID\":634,\"Version\":0,\"Level\":3,\"Task\":3,\"Opcode\":0,\"Keywords\":\"0x4000000000000001\",\"TimeCreated\":{\"#attributes\":{\"SystemTime\":\"2023-11-05T22:29:00.475519Z\"}},\"EventRecordID\":7204,\"Correlation\":{\"#attributes\":{\"ActivityID\":\"59A0D65F-1037-0002-4DE6-A0593710DA01\"}},\"Execution\":{\"#attributes\":{\"ProcessID\":5296,\"ThreadID\":3868}},\"Channel\":\"Microsoft-Windows-AppXDeploymentServer/Operational\",\"Computer\":\"WinDev2310Eval\",\"Security\":{\"#attributes\":{\"UserID\":\"S-1-5-21-1992711665-1655669231-58201500-1000\"}}},\"EventData\":{\"PackageMoniker\":\"Microsoft.MicrosoftEdge.Stable_118.0.2088.61_neutral__8wekyb3d8bbwe\"}}}",
  "xml_fields": {
    "provider": "Microsoft-Windows-AppXDeployment-Server",
    "event_id": "634",
    "timestamp": "2023-11-05T22:29:00.475519Z",
    "event_record_id": "7204",
    "level": "3",
    "task": "3",
    "opcode": "0",
    "keywords": "0x4000000000000001",
    "channel": "Microsoft-Windows-AppXDeploymentServer/Operational",
    "computer": "WinDev2310Eval",
    "PackageMoniker": "Microsoft.MicrosoftEdge.Stable_118.0.2088.61_neutral__8wekyb3d8bbwe"
  },
  "json_fields": {
    "provider": "Microsoft-Windows-AppXDeployment-Server",
    "channel": "Microsoft-Windows-AppXDeploymentServer/Operational",
    "event_id": "634",
    "timestamp": "2023-11-05T22:29:00.475519Z",
    "event_record_id": "7204",
    "level": "3",
    "task": "3",
    "opcode": "0",
    "keywords": "0x4000000000000001",
    "computer": "WinDev2310Eval",
    "PackageMoniker": "Microsoft.MicrosoftEdge.Stable_118.0.2088.61_neutral__8wekyb3d8bbwe"
  }
}