{
  "event_id": "638",
  "provider": "Microsoft-Windows-AppXDeployment-Server",
  "channel": "Microsoft-Windows-AppXDeploymentServer/Operational",
  "source_file": "D:\\visual code file\\Project_4\\Event-Analyzer\\test\\Benign\\Logs_Client\\Microsoft-Windows-AppXDeploymentServer%4Operational.evtx",
  "event_record_id": 4522,
  "xml": "<?xml version=\"1.0\" encoding=\"utf-8\"?>\n<Event xmlns=\"http://schemas.microsoft.com/win/2004/08/events/event\">\n  <System>\n    <Provider Name=\"Microsoft-Windows-AppXDeployment-Server\" Guid=\"3F471139-ACB7-4A01-B7A7-FF5DA4BA2D43\">\n    </Provider>\n    <EventID>638</EventID>\n    <Version>0</Version>\n    <Level>4</Level>\n    <Task>3</Task>\n    <Opcode>0</Opcode>\n    <Keywords>0x4000400000000001</Keywords>\n    <TimeCreated SystemTime=\"2022-02-07T16:16:29.530861Z\">\n    </TimeCreated>\n    <EventRecordID>4522</EventRecordID>\n    <Correlation ActivityID=\"50F926D5-1C1B-0000-7736-FA501B1CD801\">\n    </Correlation>\n    <Execution ProcessID=\"3820\" ThreadID=\"5460\">\n    </Execution>\n    <Channel>Microsoft-Windows-AppXDeploymentServer/Operational</Channel>\n    <Computer>DESKTOP-A8CALR3</Computer>\n    <Security UserID=\"S-1-5-21-1402826787-2759305201-2932496751-1001\">\n    </Security>\n  </System>\n  <EventData>\n    <Data Name=\"runningAppsList\">MicrosoftWindows.Client.CBS_cw5n1h2txyewy!InputApp</Data>\n    <Data Name=\"directlyServicedPackagesList\">NULL</Data>\n    <Data Name=\"indirectlyServicedPackagesList\">MicrosoftWindows.Client.CBS_120.2212.3920.0_x64__cw5n1h2txyewy Microsoft.549981C3F5F10_1.1911.21713.0_x64__8wekyb3d8bbwe Microsoft.BingWeather_4.25.20211.0_x64__8wekyb3d8bbwe Microsoft.DesktopAppInstaller_1.0.30251.0_x64__8wekyb3d8bbwe Microsoft.GetHelp_10.1706.13331.0_x64__8wekyb3d8bbwe Microsoft.Getstarted_8.2.22942.0_x64__8wekyb3d8bbwe Microsoft.HEIFImageExtension_1.0.22742.0_x64__8wekyb3d8bbwe Microsoft.Microsoft3DViewer_6.1908.2042.0_x64__8wekyb3d8bbwe Microsoft.MicrosoftOfficeHub_18.1903.1152.0_x64__8wekyb3d8bbwe Microsoft.MicrosoftSolitaireCollection_4.4.8204.0_x64__8wekyb3d8bbwe Microsoft.MicrosoftStickyNotes_3.6.73.0_x64__8wekyb3d8bbwe Microsoft.MixedReality.Portal_2000.19081.1301.0_x64__8wekyb3d8bbwe Microsoft.MSPaint_6.1907.29027.0_x64__8wekyb3d8bbwe Microsoft.Office.OneNote_16001.12026.20112.0_x64__8wekyb3d8bbwe Microsoft.People_10.1902.633.0_x64__8wekyb3d8bbwe Microsoft.ScreenSketch_10.1907.2471.0_x64__8wekyb3d8bbwe Microsoft.SkypeApp_14.53.77.0_x64__kzf8qxf38zg5c Microsoft.StorePurchaseApp_11811.1001.18.0_x64__8wekyb3d8bbwe Microsoft.VP9VideoExtensions_1.0.22681.0_x64__8wekyb3d8bbwe Microsoft.Wallet_2.4.18324.0_x64__8wekyb3d8bbwe Microsoft.WebMediaExtensions_1.0.20875.0_x64__8wekyb3d8bbwe Microsoft.WebpImageExtension_1.0.22753.0_x64__8wekyb3d8bbwe Microsoft.Windows.Photos_2019.19071.12548.0_x64__8wekyb3d8bbwe Microsoft.WindowsAlarms_10.1906.2182.0_x64__8wekyb3d8bbwe Microsoft.WindowsCalculator_10.1906.55.0_x64__8wekyb3d8bbwe Microsoft.WindowsCamera_2018.826.98.0_x64__8wekyb3d8bbwe microsoft.windowscommunicationsapps_16005.11629.20316.0_x64__8wekyb3d8bbwe Microsoft.WindowsFeedbackHub_1.1907.3152.0_x64__8wekyb3d8bbwe Microsoft.WindowsMaps_5.1906.1972.0_x64__8wekyb3d8bbwe Microsoft.WindowsSoundRecorder_10.1906.1972.0_x64__8wekyb3d8bbwe Microsoft.WindowsStore_11910.1002.5.0_x64__8wekyb3d8bbwe Microsoft.Xbox.TCUI_1.23.28002.0_x64__8wekyb3d8bbwe Microsoft.XboxApp_48.49.31001.0_x64__8wekyb3d8bbwe Microsoft.XboxGameOverlay_1.46.11001.0_x64__8wekyb3d8bbwe Microsoft.XboxGamingOverlay_2.34.28001.0_x64__8wekyb3d8bbwe Microsoft.XboxIdentityProvider_12.50.6001.0_x64__8wekyb3d8bbwe Microsoft.XboxSpeechToTextOverlay_1.17.29001.0_x64__8wekyb3d8bbwe Microsoft.YourPhone_0.19051.7.0_x64__8wekyb3d8bbwe Microsoft.ZuneMusic_10.19071.19011.0_x64__8wekyb3d8bbwe Microsoft.ZuneVideo_10.19071.19011.0_x64__8wekyb3d8bbwe</Data>\n    <Data Name=\"numAttempts\">0</Data>\n    <Data Name=\"isSessionLocked\">false</Data>\n  </EventData>\n</Event>\n",
  "json": "{\"Event\":{\"#attributes\":{\"xmlns\":\"http://schemas.microsoft.com/win/2004/08/events/event\"},\"System\":{\"Provider\":{\"#attributes\":{\"Name\":\"Microsoft-Windows-AppXDeployment-Server\",\"Guid\":\"3F471139-ACB7-4A01-B7A7-FF5DA4BA2D43\"}},\"EventID\":638,\"Version\":0,\"Level\":4,\"Task\":3,\"Opcode\":0,\"Keywords\":\"0x4000400000000001\",\"TimeCreated\":{\"#attributes\":{\"SystemTime\":\"2022-02-07T16:16:29.530861Z\"}},\"EventRecordID\":4522,\"Correlation\":{\"#attributes\":{\"ActivityID\":\"50F926D5-1C1B-0000-7736-FA501B1CD801\"}},\"Execution\":{\"#attributes\":{\"ProcessID\":3820,\"ThreadID\":5460}},\"Channel\":\"Microsoft-Windows-AppXDeploymentServer/Operational\",\"Computer\":\"DESKTOP-A8CALR3\",\"Security\":{\"#attributes\":{\"UserID\":\"S-1-5-21-1402826787-2759305201-2932496751-1001\"}}},\"EventData\":{\"runningAppsList\":\"MicrosoftWindows.Client.CBS_cw5n1h2txyewy!InputApp\",\"directlyServicedPackagesList\":\"NULL\",\"indirectlyServicedPackagesList\":\"MicrosoftWindows.Client.CBS_120.2212.3920.0_x64__cw5n1h2txyewy Microsoft.549981C3F5F10_1.1911.21713.0_x64__8wekyb3d8bbwe Microsoft.BingWeather_4.25.20211.0_x64__8wekyb3d8bbwe Microsoft.DesktopAppInstaller_1.0.30251.0_x64__8wekyb3d8bbwe Microsoft.GetHelp_10.1706.13331.0_x64__8wekyb3d8bbwe Microsoft.Getstarted_8.2.22942.0_x64__8wekyb3d8bbwe Microsoft.HEIFImageExtension_1.0.22742.0_x64__8wekyb3d8bbwe Microsoft.Microsoft3DViewer_6.1908.2042.0_x64__8wekyb3d8bbwe Microsoft.MicrosoftOfficeHub_18.1903.1152.0_x64__8wekyb3d8bbwe Microsoft.MicrosoftSolitaireCollection_4.4.8204.0_x64__8wekyb3d8bbwe Microsoft.MicrosoftStickyNotes_3.6.73.0_x64__8wekyb3d8bbwe Microsoft.MixedReality.Portal_2000.19081.1301.0_x64__8wekyb3d8bbwe Microsoft.MSPaint_6.1907.29027.0_x64__8wekyb3d8bbwe Microsoft.Office.OneNote_16001.12026.20112.0_x64__8wekyb3d8bbwe Microsoft.People_10.1902.633.0_x64__8wekyb3d8bbwe Microsoft.ScreenSketch_10.1907.2471.0_x64__8wekyb3d8bbwe Microsoft.SkypeApp_14.53.77.0_x64__kzf8qxf38zg5c Microsoft.StorePurchaseApp_11811.1001.18.0_x64__8wekyb3d8bbwe Microsoft.VP9VideoExtensions_1.0.22681.0_x64__8wekyb3d8bbwe Microsoft.Wallet_2.4.18324.0_x64__8wekyb3d8bbwe Microsoft.WebMediaExtensions_1.0.20875.0_x64__8wekyb3d8bbwe Microsoft.WebpImageExtension_1.0.22753.0_x64__8wekyb3d8bbwe Microsoft.Windows.Photos_2019.19071.12548.0_x64__8wekyb3d8bbwe Microsoft.WindowsAlarms_10.1906.2182.0_x64__8wekyb3d8bbwe Microsoft.WindowsCalculator_10.1906.55.0_x64__8wekyb3d8bbwe Microsoft.WindowsCamera_2018.826.98.0_x64__8wekyb3d8bbwe microsoft.windowscommunicationsapps_16005.11629.20316.0_x64__8wekyb3d8bbwe Microsoft.WindowsFeedbackHub_1.1907.3152.0_x64__8wekyb3d8bbwe Microsoft.WindowsMaps_5.1906.1972.0_x64__8wekyb3d8bbwe Microsoft.WindowsSoundRecorder_10.1906.1972.0_x64__8wekyb3d8bbwe Microsoft.WindowsStore_11910.1002.5.0_x64__8wekyb3d8bbwe Microsoft.Xbox.TCUI_1.23.28002.0_x64__8wekyb3d8bbwe Microsoft.XboxApp_48.49.31001.0_x64__8wekyb3d8bbwe Microsoft.XboxGameOverlay_1.46.11001.0_x64__8wekyb3d8bbwe Microsoft.XboxGamingOverlay_2.34.28001.0_x64__8wekyb3d8bbwe Microsoft.XboxIdentityProvider_12.50.6001.0_x64__8wekyb3d8bbwe Microsoft.XboxSpeechToTextOverlay_1.17.29001.0_x64__8wekyb3d8bbwe Microsoft.YourPhone_0.19051.7.0_x64__8wekyb3d8bbwe Microsoft.ZuneMusic_10.19071.19011.0_x64__8wekyb3d8bbwe Microsoft.ZuneVideo_10.19071.19011.0_x64__8wekyb3d8bbwe\",\"numAttempts\":0,\"isSessionLocked\":false}}}",
  "xml_fields": {
    "provider": "Microsoft-Windows-AppXDeployment-Server",
    "event_id": "638",
    "timestamp": "2022-02-07T16:16:29.530861Z",
    "event_record_id": "4522",
    "level": "4",
    "task": "3",
    "opcode": "0",
    "keywords": "0x4000400000000001",
    "channel": "Microsoft-Windows-AppXDeploymentServer/Operational",
    "computer": "DESKTOP-A8CALR3",
    "runningAppsList": "MicrosoftWindows.Client.CBS_cw5n1h2txyewy!InputApp",
    "directlyServicedPackagesList": "NULL",
    "indirectlyServicedPackagesList": "MicrosoftWindows.Client.CBS_120.2212.3920.0_x64__cw5n1h2txyewy Microsoft.549981C3F5F10_1.1911.21713.0_x64__8wekyb3d8bbwe Microsoft.BingWeather_4.25.20211.0_x64__8wekyb3d8bbwe Microsoft.DesktopAppInstaller_1.0.30251.0_x64__8wekyb3d8bbwe Microsoft.GetHelp_10.1706.13331.0_x64__8wekyb3d8bbwe Microsoft.Getstarted_8.2.22942.0_x64__8wekyb3d8bbwe Microsoft.HEIFImageExtension_1.0.22742.0_x64__8wekyb3d8bbwe Microsoft.Microsoft3DViewer_6.1908.2042.0_x64__8wekyb3d8bbwe Microsoft.MicrosoftOfficeHub_18.1903.1152.0_x64__8wekyb3d8bbwe Microsoft.MicrosoftSolitaireCollection_4.4.8204.0_x64__8wekyb3d8bbwe Microsoft.MicrosoftStickyNotes_3.6.73.0_x64__8wekyb3d8bbwe Microsoft.MixedReality.Portal_2000.19081.1301.0_x64__8wekyb3d8bbwe Microsoft.MSPaint_6.1907.29027.0_x64__8wekyb3d8bbwe Microsoft.Office.OneNote_16001.12026.20112.0_x64__8wekyb3d8bbwe Microsoft.People_10.1902.633.0_x64__8wekyb3d8bbwe Microsoft.ScreenSketch_10.1907.2471.0_x64__8wekyb3d8bbwe Microsoft.SkypeApp_14.53.77.0_x64__kzf8qxf38zg5c Microsoft.StorePurchaseApp_11811.1001.18.0_x64__8wekyb3d8bbwe Microsoft.VP9VideoExtensions_1.0.22681.0_x64__8wekyb3d8bbwe Microsoft.Wallet_2.4.18324.0_x64__8wekyb3d8bbwe Microsoft.WebMediaExtensions_1.0.20875.0_x64__8wekyb3d8bbwe Microsoft.WebpImageExtension_1.0.22753.0_x64__8wekyb3d8bbwe Microsoft.Windows.Photos_2019.19071.12548.0_x64__8wekyb3d8bbwe Microsoft.WindowsAlarms_10.1906.2182.0_x64__8wekyb3d8bbwe Microsoft.WindowsCalculator_10.1906.55.0_x64__8wekyb3d8bbwe Microsoft.WindowsCamera_2018.826.98.0_x64__8wekyb3d8bbwe microsoft.windowscommunicationsapps_16005.11629.20316.0_x64__8wekyb3d8bbwe Microsoft.WindowsFeedbackHub_1.1907.3152.0_x64__8wekyb3d8bbwe Microsoft.WindowsMaps_5.1906.1972.0_x64__8wekyb3d8bbwe Microsoft.WindowsSoundRecorder_10.1906.1972.0_x64__8wekyb3d8bbwe Microsoft.WindowsStore_11910.1002.5.0_x64__8wekyb3d8bbwe Microsoft.Xbox.TCUI_1.23.28002.0_x64__8wekyb3d8bbwe Microsoft.XboxApp_48.49.31001.0_x64__8wekyb3d8bbwe Microsoft.XboxGameOverlay_1.46.11001.0_x64__8wekyb3d8bbwe Microsoft.XboxGamingOverlay_2.34.28001.0_x64__8wekyb3d8bbwe Microsoft.XboxIdentityProvider_12.50.6001.0_x64__8wekyb3d8bbwe Microsoft.XboxSpeechToTextOverlay_1.17.29001.0_x64__8wekyb3d8bbwe Microsoft.YourPhone_0.19051.7.0_x64__8wekyb3d8bbwe Microsoft.ZuneMusic_10.19071.19011.0_x64__8wekyb3d8bbwe Microsoft.ZuneVideo_10.19071.19011.0_x64__8wekyb3d8bbwe",
    "numAttempts": "0",
    "isSessionLocked": "false"
  },
  "json_fields": {
    "provider": "Microsoft-Windows-AppXDeployment-Server",
    "channel": "Microsoft-Windows-AppXDeploymentServer/Operational",
    "event_id": "638",
    "timestamp": "2022-02-07T16:16:29.530861Z",
    "event_record_id": "4522",
    "level": "4",
    "task": "3",
    "opcode": "0",
    "keywords": "0x4000400000000001",
    "computer": "DESKTOP-A8CALR3",
    "runningAppsList": "MicrosoftWindows.Client.CBS_cw5n1h2txyewy!InputApp",
    "directlyServicedPackagesList": "NULL",
    "indirectlyServicedPackagesList": "MicrosoftWindows.Client.CBS_120.2212.3920.0_x64__cw5n1h2txyewy Microsoft.549981C3F5F10_1.1911.21713.0_x64__8wekyb3d8bbwe Microsoft.BingWeather_4.25.20211.0_x64__8wekyb3d8bbwe Microsoft.DesktopAppInstaller_1.0.30251.0_x64__8wekyb3d8bbwe Microsoft.GetHelp_10.1706.13331.0_x64__8wekyb3d8bbwe Microsoft.Getstarted_8.2.22942.0_x64__8wekyb3d8bbwe Microsoft.HEIFImageExtension_1.0.22742.0_x64__8wekyb3d8bbwe Microsoft.Microsoft3DViewer_6.1908.2042.0_x64__8wekyb3d8bbwe Microsoft.MicrosoftOfficeHub_18.1903.1152.0_x64__8wekyb3d8bbwe Microsoft.MicrosoftSolitaireCollection_4.4.8204.0_x64__8wekyb3d8bbwe Microsoft.MicrosoftStickyNotes_3.6.73.0_x64__8wekyb3d8bbwe Microsoft.MixedReality.Portal_2000.19081.1301.0_x64__8wekyb3d8bbwe Microsoft.MSPaint_6.1907.29027.0_x64__8wekyb3d8bbwe Microsoft.Office.OneNote_16001.12026.20112.0_x64__8wekyb3d8bbwe Microsoft.People_10.1902.633.0_x64__8wekyb3d8bbwe Microsoft.ScreenSketch_10.1907.2471.0_x64__8wekyb3d8bbwe Microsoft.SkypeApp_14.53.77.0_x64__kzf8qxf38zg5c Microsoft.StorePurchaseApp_11811.1001.18.0_x64__8wekyb3d8bbwe Microsoft.VP9VideoExtensions_1.0.22681.0_x64__8wekyb3d8bbwe Microsoft.Wallet_2.4.18324.0_x64__8wekyb3d8bbwe Microsoft.WebMediaExtensions_1.0.20875.0_x64__8wekyb3d8bbwe Microsoft.WebpImageExtension_1.0.22753.0_x64__8wekyb3d8bbwe Microsoft.Windows.Photos_2019.19071.12548.0_x64__8wekyb3d8bbwe Microsoft.WindowsAlarms_10.1906.2182.0_x64__8wekyb3d8bbwe Microsoft.WindowsCalculator_10.1906.55.0_x64__8wekyb3d8bbwe Microsoft.WindowsCamera_2018.826.98.0_x64__8wekyb3d8bbwe microsoft.windowscommunicationsapps_16005.11629.20316.0_x64__8wekyb3d8bbwe Microsoft.WindowsFeedbackHub_1.1907.3152.0_x64__8wekyb3d8bbwe Microsoft.WindowsMaps_5.1906.1972.0_x64__8wekyb3d8bbwe Microsoft.WindowsSoundRecorder_10.1906.1972.0_x64__8wekyb3d8bbwe Microsoft.WindowsStore_11910.1002.5.0_x64__8wekyb3d8bbwe Microsoft.Xbox.TCUI_1.23.28002.0_x64__8wekyb3d8bbwe Microsoft.XboxApp_48.49.31001.0_x64__8wekyb3d8bbwe Microsoft.XboxGameOverlay_1.46.11001.0_x64__8wekyb3d8bbwe Microsoft.XboxGamingOverlay_2.34.28001.0_x64__8wekyb3d8bbwe Microsoft.XboxIdentityProvider_12.50.6001.0_x64__8wekyb3d8bbwe Microsoft.XboxSpeechToTextOverlay_1.17.29001.0_x64__8wekyb3d8bbwe Microsoft.YourPhone_0.19051.7.0_x64__8wekyb3d8bbwe Microsoft.ZuneMusic_10.19071.19011.0_x64__8wekyb3d8bbwe Microsoft.ZuneVideo_10.19071.19011.0_x64__8wekyb3d8bbwe",
    "numAttempts": "0",
    "isSessionLocked": "False"
  }
}