{
  "event_id": "639",
  "provider": "Microsoft-Windows-AppXDeployment-Server",
  "channel": "Microsoft-Windows-AppXDeploymentServer/Operational",
  "source_file": "D:\\visual code file\\Project_4\\Event-Analyzer\\test\\Benign\\Logs_Win11_2023\\Microsoft-Windows-AppXDeploymentServer%4Operational.evtx",
  "event_record_id": 5457,
  "xml": "<?xml version=\"1.0\" encoding=\"utf-8\"?>\n<Event xmlns=\"http://schemas.microsoft.com/win/2004/08/events/event\">\n  <System>\n    <Provider Name=\"Microsoft-Windows-AppXDeployment-Server\" Guid=\"3F471139-ACB7-4A01-B7A7-FF5DA4BA2D43\">\n    </Provider>\n    <EventID>639</EventID>\n    <Version>0</Version>\n    <Level>4</Level>\n    <Task>3</Task>\n    <Opcode>0</Opcode>\n    <Keywords>0x4000000000000001</Keywords>\n    <TimeCreated SystemTime=\"2023-10-25T22:55:18.380827Z\">\n    </TimeCreated>\n    <EventRecordID>5457</EventRecordID>\n    <Correlation ActivityID=\"D5BBEBF4-0795-0003-C021-BCD59507DA01\">\n    </Correlation>\n    <Execution ProcessID=\"5348\" ThreadID=\"7828\">\n    </Execution>\n    <Channel>Microsoft-Windows-AppXDeploymentServer/Operational</Channel>\n    <Computer>WinDevEval</Computer>\n    <Security UserID=\"S-1-5-18\">\n    </Security>\n  </System>\n  <EventData>\n    <Data Name=\"HResult\">0x0</Data>\n  </EventData>\n</Event>\n",
  "json": "{\"Event\":{\"#attributes\":{\"xmlns\":\"http://schemas.microsoft.com/win/2004/08/events/event\"},\"System\":{\"Provider\":{\"#attributes\":{\"Name\":\"Microsoft-Windows-AppXDeployment-Server\",\"Guid\":\"3F471139-ACB7-4A01-B7A7-FF5DA4BA2D43\"}},\"EventID\":639,\"Version\":0,\"Level\":4,\"Task\":3,\"Opcode\":0,\"Keywords\":\"0x4000000000000001\",\"TimeCreated\":{\"#attributes\":{\"SystemTime\":\"2023-10-25T22:55:18.380827Z\"}},\"EventRecordID\":5457,\"Correlation\":{\"#attributes\":{\"ActivityID\":\"D5BBEBF4-0795-0003-C021-BCD59507DA01\"}},\"Execution\":{\"#attributes\":{\"ProcessID\":5348,\"ThreadID\":7828}},\"Channel\":\"Microsoft-Windows-AppXDeploymentServer/Operational\",\"Computer\":\"WinDevEval\",\"Security\":{\"#attributes\":{\"UserID\":\"S-1-5-18\"}}},\"EventData\":{\"HResult\":\"0x0\"}}}",
  "xml_fields": {
    "provider": "Microsoft-Windows-AppXDeployment-Server",
    "event_id": "639",
    "timestamp": "2023-10-25T22:55:18.380827Z",
    "event_record_id": "5457",
    "level": "4",
    "task": "3",
    "opcode": "0",
    "keywords": "0x4000000000000001",
    "channel": "Microsoft-Windows-AppXDeploymentServer/Operational",
    "computer": "WinDevEval",
    "HResult": "0x0"
  },
  "json_fields": {
    "provider": "Microsoft-Windows-AppXDeployment-Server",
    "channel": "Microsoft-Windows-AppXDeploymentServer/Operational",
    "event_id": "639",
    "timestamp": "2023-10-25T22:55:18.380827Z",
    "event_record_id": "5457",
    "level": "4",
    "task": "3",
    "opcode": "0",
    "keywords": "0x4000000000000001",
    "computer": "WinDevEval",
    "HResult": "0x0"
  }
}