{
  "event_id": "63",
  "provider": "Microsoft-Windows-ServerManager-ManagementProvider",
  "channel": "Microsoft-Windows-ServerManager-MgmtProvider/Operational",
  "source_file": "D:\\visual code file\\Project_4\\Event-Analyzer\\test\\Benign\\win2022-0-20348-azure\\Microsoft-Windows-ServerManager-MgmtProvider%4Operational.evtx",
  "event_record_id": 19,
  "xml": "<?xml version=\"1.0\" encoding=\"utf-8\"?>\n<Event xmlns=\"http://schemas.microsoft.com/win/2004/08/events/event\">\n  <System>\n    <Provider Name=\"Microsoft-Windows-ServerManager-ManagementProvider\" Guid=\"C2E6D0D9-5DF8-4C77-A82B-C96C84579543\">\n    </Provider>\n    <EventID>63</EventID>\n    <Version>0</Version>\n    <Level>4</Level>\n    <Task>16</Task>\n    <Opcode>0</Opcode>\n    <Keywords>0x8000000000000000</Keywords>\n    <TimeCreated SystemTime=\"2022-09-08T21:03:52.414605Z\">\n    </TimeCreated>\n    <EventRecordID>19</EventRecordID>\n    <Correlation ActivityID=\"4ED963B0-EF16-4CA6-B0CA-BEEE1E723A8D\">\n    </Correlation>\n    <Execution ProcessID=\"2476\" ThreadID=\"3484\">\n    </Execution>\n    <Channel>Microsoft-Windows-ServerManager-MgmtProvider/Operational</Channel>\n    <Computer>WIN-06FB45IHQ35</Computer>\n    <Security UserID=\"S-1-5-21-780613846-3260660134-2396965080-500\">\n    </Security>\n  </System>\n  <EventData>\n    <Data Name=\"ResultsReturned\">4</Data>\n  </EventData>\n</Event>\n",
  "json": "{\"Event\":{\"#attributes\":{\"xmlns\":\"http://schemas.microsoft.com/win/2004/08/events/event\"},\"System\":{\"Provider\":{\"#attributes\":{\"Name\":\"Microsoft-Windows-ServerManager-ManagementProvider\",\"Guid\":\"C2E6D0D9-5DF8-4C77-A82B-C96C84579543\"}},\"EventID\":63,\"Version\":0,\"Level\":4,\"Task\":16,\"Opcode\":0,\"Keywords\":\"0x8000000000000000\",\"TimeCreated\":{\"#attributes\":{\"SystemTime\":\"2022-09-08T21:03:52.414605Z\"}},\"EventRecordID\":19,\"Correlation\":{\"#attributes\":{\"ActivityID\":\"4ED963B0-EF16-4CA6-B0CA-BEEE1E723A8D\"}},\"Execution\":{\"#attributes\":{\"ProcessID\":2476,\"ThreadID\":3484}},\"Channel\":\"Microsoft-Windows-ServerManager-MgmtProvider/Operational\",\"Computer\":\"WIN-06FB45IHQ35\",\"Security\":{\"#attributes\":{\"UserID\":\"S-1-5-21-780613846-3260660134-2396965080-500\"}}},\"EventData\":{\"ResultsReturned\":4}}}",
  "xml_fields": {
    "provider": "Microsoft-Windows-ServerManager-ManagementProvider",
    "event_id": "63",
    "timestamp": "2022-09-08T21:03:52.414605Z",
    "event_record_id": "19",
    "level": "4",
    "task": "16",
    "opcode": "0",
    "keywords": "0x8000000000000000",
    "channel": "Microsoft-Windows-ServerManager-MgmtProvider/Operational",
    "computer": "WIN-06FB45IHQ35",
    "ResultsReturned": "4"
  },
  "json_fields": {
    "provider": "Microsoft-Windows-ServerManager-ManagementProvider",
    "channel": "Microsoft-Windows-ServerManager-MgmtProvider/Operational",
    "event_id": "63",
    "timestamp": "2022-09-08T21:03:52.414605Z",
    "event_record_id": "19",
    "level": "4",
    "task": "16",
    "opcode": "0",
    "keywords": "0x8000000000000000",
    "computer": "WIN-06FB45IHQ35",
    "ResultsReturned": "4"
  }
}