{
  "event_id": "63",
  "provider": "Microsoft-Windows-WMI",
  "channel": "Application",
  "source_file": "D:\\visual code file\\Project_4\\Event-Analyzer\\test\\Logs\\Application.evtx",
  "event_record_id": 652,
  "xml": "<?xml version=\"1.0\" encoding=\"utf-8\"?>\n<Event xmlns=\"http://schemas.microsoft.com/win/2004/08/events/event\">\n  <System>\n    <Provider Name=\"Microsoft-Windows-WMI\" Guid=\"1EDEEE53-0AFE-4609-B846-D8C0B2075B1F\">\n    </Provider>\n    <EventID>63</EventID>\n    <Version>2</Version>\n    <Level>3</Level>\n    <Task>0</Task>\n    <Opcode>0</Opcode>\n    <Keywords>0x8000000000000000</Keywords>\n    <TimeCreated SystemTime=\"2025-01-24T10:50:39.906436Z\">\n    </TimeCreated>\n    <EventRecordID>652</EventRecordID>\n    <Correlation>\n    </Correlation>\n    <Execution ProcessID=\"2840\" ThreadID=\"5076\">\n    </Execution>\n    <Channel>Application</Channel>\n    <Computer>CTO-FILESVR</Computer>\n    <Security UserID=\"S-1-5-18\">\n    </Security>\n  </System>\n  <UserData>\n    <data_0x8000003F xmlns=\"http://manifests.microsoft.com/win/2006/windows/WMI\">\n      <Provider>DMWmiBridgeProv</Provider>\n      <Namespace>root\\cimv2\\mdm\\dmmap</Namespace>\n    </data_0x8000003F>\n  </UserData>\n</Event>\n",
  "json": "{\"Event\":{\"#attributes\":{\"xmlns\":\"http://schemas.microsoft.com/win/2004/08/events/event\"},\"System\":{\"Provider\":{\"#attributes\":{\"Name\":\"Microsoft-Windows-WMI\",\"Guid\":\"1EDEEE53-0AFE-4609-B846-D8C0B2075B1F\"}},\"EventID\":63,\"Version\":2,\"Level\":3,\"Task\":0,\"Opcode\":0,\"Keywords\":\"0x8000000000000000\",\"TimeCreated\":{\"#attributes\":{\"SystemTime\":\"2025-01-24T10:50:39.906436Z\"}},\"EventRecordID\":652,\"Correlation\":null,\"Execution\":{\"#attributes\":{\"ProcessID\":2840,\"ThreadID\":5076}},\"Channel\":\"Application\",\"Computer\":\"CTO-FILESVR\",\"Security\":{\"#attributes\":{\"UserID\":\"S-1-5-18\"}}},\"UserData\":{\"data_0x8000003F\":{\"#attributes\":{\"xmlns\":\"http://manifests.microsoft.com/win/2006/windows/WMI\"},\"Provider\":\"DMWmiBridgeProv\",\"Namespace\":\"root\\\\cimv2\\\\mdm\\\\dmmap\"}}}}",
  "xml_fields": {
    "provider": "Microsoft-Windows-WMI",
    "event_id": "63",
    "timestamp": "2025-01-24T10:50:39.906436Z",
    "event_record_id": "652",
    "level": "3",
    "task": "0",
    "opcode": "0",
    "keywords": "0x8000000000000000",
    "channel": "Application",
    "computer": "CTO-FILESVR",
    "Provider": "DMWmiBridgeProv",
    "Namespace": "root\\cimv2\\mdm\\dmmap"
  },
  "json_fields": {
    "provider": "Microsoft-Windows-WMI",
    "channel": "Application",
    "event_id": "63",
    "timestamp": "2025-01-24T10:50:39.906436Z",
    "event_record_id": "652",
    "level": "3",
    "task": "0",
    "opcode": "0",
    "keywords": "0x8000000000000000",
    "computer": "CTO-FILESVR",
    "Provider": "DMWmiBridgeProv",
    "Namespace": "root\\cimv2\\mdm\\dmmap"
  }
}