{
  "event_id": "6416",
  "provider": "Microsoft-Windows-Security-Auditing",
  "channel": "Security",
  "source_file": "D:\\visual code file\\Project_4\\Event-Analyzer\\test\\Malicious\\EVTX-to-MITRE-Attack-master\\EVTX_full_APT_attack_steps\\ID4674,6416 New external device connected (PrintNightmare).evtx",
  "event_record_id": 1,
  "xml": "<?xml version=\"1.0\" encoding=\"utf-8\"?>\n<Event xmlns=\"http://schemas.microsoft.com/win/2004/08/events/event\">\n  <System>\n    <Provider Name=\"Microsoft-Windows-Security-Auditing\" Guid=\"54849625-5478-4994-A5BA-3E3B0328C30D\">\n    </Provider>\n    <EventID>6416</EventID>\n    <Version>0</Version>\n    <Level>0</Level>\n    <Task>13316</Task>\n    <Opcode>0</Opcode>\n    <Keywords>0x8020000000000000</Keywords>\n    <TimeCreated SystemTime=\"2021-10-27T10:34:49.837376Z\">\n    </TimeCreated>\n    <EventRecordID>127530</EventRecordID>\n    <Correlation>\n    </Correlation>\n    <Execution ProcessID=\"4\" ThreadID=\"2204\">\n    </Execution>\n    <Channel>Security</Channel>\n    <Computer>FS03.offsec.lan</Computer>\n    <Security>\n    </Security>\n  </System>\n  <EventData>\n    <Data Name=\"SubjectUserSid\">S-1-5-18</Data>\n    <Data Name=\"SubjectUserName\">FS03$</Data>\n    <Data Name=\"SubjectDomainName\">OFFSEC</Data>\n    <Data Name=\"SubjectLogonId\">0x3e7</Data>\n    <Data Name=\"DeviceId\">SWD\\PRINTENUM\\{32FB2173-023E-43DF-9F82-0E851CC0D9BF}</Data>\n    <Data Name=\"DeviceDescription\">\\\\fs03vuln\\Kiwi Legit Printer</Data>\n    <Data Name=\"ClassId\">1ED2BBF9-11F0-4084-B21F-AD83A8E6DCDC</Data>\n    <Data Name=\"ClassName\">PrintQueue</Data>\n    <Data Name=\"VendorIds\">\r\n\t\tPRINTENUM\\PrinterConnection\r\n\t\tgenericgeneric_/_tex8040\r\n\t\t\r\n\t\t</Data>\n    <Data Name=\"CompatibleIds\">\r\n\t\tGenPrinterConnection\r\n\t\tSWD\\GenericRaw\r\n\t\tSWD\\Generic\r\n\t\t\r\n\t\t</Data>\n    <Data Name=\"LocationInformation\">\r\n\t\tSpooler Internal\r\n\t\t</Data>\n  </EventData>\n</Event>\n",
  "json": "{\"Event\":{\"#attributes\":{\"xmlns\":\"http://schemas.microsoft.com/win/2004/08/events/event\"},\"System\":{\"Provider\":{\"#attributes\":{\"Name\":\"Microsoft-Windows-Security-Auditing\",\"Guid\":\"54849625-5478-4994-A5BA-3E3B0328C30D\"}},\"EventID\":6416,\"Version\":0,\"Level\":0,\"Task\":13316,\"Opcode\":0,\"Keywords\":\"0x8020000000000000\",\"TimeCreated\":{\"#attributes\":{\"SystemTime\":\"2021-10-27T10:34:49.837376Z\"}},\"EventRecordID\":127530,\"Correlation\":null,\"Execution\":{\"#attributes\":{\"ProcessID\":4,\"ThreadID\":2204}},\"Channel\":\"Security\",\"Computer\":\"FS03.offsec.lan\",\"Security\":null},\"EventData\":{\"SubjectUserSid\":\"S-1-5-18\",\"SubjectUserName\":\"FS03$\",\"SubjectDomainName\":\"OFFSEC\",\"SubjectLogonId\":\"0x3e7\",\"DeviceId\":\"SWD\\\\PRINTENUM\\\\{32FB2173-023E-43DF-9F82-0E851CC0D9BF}\",\"DeviceDescription\":\"\\\\\\\\fs03vuln\\\\Kiwi Legit Printer\",\"ClassId\":\"1ED2BBF9-11F0-4084-B21F-AD83A8E6DCDC\",\"ClassName\":\"PrintQueue\",\"VendorIds\":\"\\r\\n\\t\\tPRINTENUM\\\\PrinterConnection\\r\\n\\t\\tgenericgeneric_/_tex8040\\r\\n\\t\\t\\r\\n\\t\\t\",\"CompatibleIds\":\"\\r\\n\\t\\tGenPrinterConnection\\r\\n\\t\\tSWD\\\\GenericRaw\\r\\n\\t\\tSWD\\\\Generic\\r\\n\\t\\t\\r\\n\\t\\t\",\"LocationInformation\":\"\\r\\n\\t\\tSpooler Internal\\r\\n\\t\\t\"}}}",
  "xml_fields": {
    "provider": "Microsoft-Windows-Security-Auditing",
    "event_id": "6416",
    "timestamp": "2021-10-27T10:34:49.837376Z",
    "event_record_id": "127530",
    "level": "0",
    "task": "13316",
    "opcode": "0",
    "keywords": "0x8020000000000000",
    "channel": "Security",
    "computer": "FS03.offsec.lan",
    "SubjectUserSid": "S-1-5-18",
    "SubjectUserName": "FS03$",
    "SubjectDomainName": "OFFSEC",
    "SubjectLogonId": "0x3e7",
    "DeviceId": "SWD\\PRINTENUM\\{32FB2173-023E-43DF-9F82-0E851CC0D9BF}",
    "DeviceDescription": "\\\\fs03vuln\\Kiwi Legit Printer",
    "ClassId": "1ED2BBF9-11F0-4084-B21F-AD83A8E6DCDC",
    "ClassName": "PrintQueue",
    "VendorIds": "\n\t\tPRINTENUM\\PrinterConnection\n\t\tgenericgeneric_/_tex8040\n\t\t\n\t\t",
    "CompatibleIds": "\n\t\tGenPrinterConnection\n\t\tSWD\\GenericRaw\n\t\tSWD\\Generic\n\t\t\n\t\t",
    "LocationInformation": "\n\t\tSpooler Internal\n\t\t"
  },
  "json_fields": {
    "provider": "Microsoft-Windows-Security-Auditing",
    "channel": "Security",
    "event_id": "6416",
    "timestamp": "2021-10-27T10:34:49.837376Z",
    "event_record_id": "127530",
    "level": "0",
    "task": "13316",
    "opcode": "0",
    "keywords": "0x8020000000000000",
    "computer": "FS03.offsec.lan",
    "SubjectUserSid": "S-1-5-18",
    "SubjectUserName": "FS03$",
    "SubjectDomainName": "OFFSEC",
    "SubjectLogonId": "0x3e7",
    "DeviceId": "SWD\\PRINTENUM\\{32FB2173-023E-43DF-9F82-0E851CC0D9BF}",
    "DeviceDescription": "\\\\fs03vuln\\Kiwi Legit Printer",
    "ClassId": "1ED2BBF9-11F0-4084-B21F-AD83A8E6DCDC",
    "ClassName": "PrintQueue",
    "VendorIds": "\r\n\t\tPRINTENUM\\PrinterConnection\r\n\t\tgenericgeneric_/_tex8040\r\n\t\t\r\n\t\t",
    "CompatibleIds": "\r\n\t\tGenPrinterConnection\r\n\t\tSWD\\GenericRaw\r\n\t\tSWD\\Generic\r\n\t\t\r\n\t\t",
    "LocationInformation": "\r\n\t\tSpooler Internal\r\n\t\t"
  }
}