{
  "event_id": "643",
  "provider": "Microsoft-Windows-AppXDeployment-Server",
  "channel": "Microsoft-Windows-AppXDeploymentServer/Operational",
  "source_file": "D:\\visual code file\\Project_4\\Event-Analyzer\\test\\Benign\\Logs_Win11\\Microsoft-Windows-AppXDeploymentServer%4Operational.evtx",
  "event_record_id": 4679,
  "xml": "<?xml version=\"1.0\" encoding=\"utf-8\"?>\n<Event xmlns=\"http://schemas.microsoft.com/win/2004/08/events/event\">\n  <System>\n    <Provider Name=\"Microsoft-Windows-AppXDeployment-Server\" Guid=\"3F471139-ACB7-4A01-B7A7-FF5DA4BA2D43\">\n    </Provider>\n    <EventID>643</EventID>\n    <Version>0</Version>\n    <Level>4</Level>\n    <Task>3</Task>\n    <Opcode>0</Opcode>\n    <Keywords>0x4000000000000001</Keywords>\n    <TimeCreated SystemTime=\"2022-03-01T18:57:30.152267Z\">\n    </TimeCreated>\n    <EventRecordID>4679</EventRecordID>\n    <Correlation ActivityID=\"7F58167F-2D8B-0000-6987-587F8B2DD801\">\n    </Correlation>\n    <Execution ProcessID=\"1608\" ThreadID=\"4928\">\n    </Execution>\n    <Channel>Microsoft-Windows-AppXDeploymentServer/Operational</Channel>\n    <Computer>DESKTOP-6D0DBMB</Computer>\n    <Security UserID=\"S-1-5-21-1671613982-9707084-2312793148-1001\">\n    </Security>\n  </System>\n  <EventData>\n    <Data Name=\"PackageFullName\">DropboxInc.Dropbox_142.4.4197.0_x86__wkt425jdc3sga</Data>\n    <Data Name=\"Bundle\">236</Data>\n    <Data Name=\"AppDataVolume\">1</Data>\n  </EventData>\n</Event>\n",
  "json": "{\"Event\":{\"#attributes\":{\"xmlns\":\"http://schemas.microsoft.com/win/2004/08/events/event\"},\"System\":{\"Provider\":{\"#attributes\":{\"Name\":\"Microsoft-Windows-AppXDeployment-Server\",\"Guid\":\"3F471139-ACB7-4A01-B7A7-FF5DA4BA2D43\"}},\"EventID\":643,\"Version\":0,\"Level\":4,\"Task\":3,\"Opcode\":0,\"Keywords\":\"0x4000000000000001\",\"TimeCreated\":{\"#attributes\":{\"SystemTime\":\"2022-03-01T18:57:30.152267Z\"}},\"EventRecordID\":4679,\"Correlation\":{\"#attributes\":{\"ActivityID\":\"7F58167F-2D8B-0000-6987-587F8B2DD801\"}},\"Execution\":{\"#attributes\":{\"ProcessID\":1608,\"ThreadID\":4928}},\"Channel\":\"Microsoft-Windows-AppXDeploymentServer/Operational\",\"Computer\":\"DESKTOP-6D0DBMB\",\"Security\":{\"#attributes\":{\"UserID\":\"S-1-5-21-1671613982-9707084-2312793148-1001\"}}},\"EventData\":{\"PackageFullName\":\"DropboxInc.Dropbox_142.4.4197.0_x86__wkt425jdc3sga\",\"Bundle\":236,\"AppDataVolume\":1}}}",
  "xml_fields": {
    "provider": "Microsoft-Windows-AppXDeployment-Server",
    "event_id": "643",
    "timestamp": "2022-03-01T18:57:30.152267Z",
    "event_record_id": "4679",
    "level": "4",
    "task": "3",
    "opcode": "0",
    "keywords": "0x4000000000000001",
    "channel": "Microsoft-Windows-AppXDeploymentServer/Operational",
    "computer": "DESKTOP-6D0DBMB",
    "PackageFullName": "DropboxInc.Dropbox_142.4.4197.0_x86__wkt425jdc3sga",
    "Bundle": "236",
    "AppDataVolume": "1"
  },
  "json_fields": {
    "provider": "Microsoft-Windows-AppXDeployment-Server",
    "channel": "Microsoft-Windows-AppXDeploymentServer/Operational",
    "event_id": "643",
    "timestamp": "2022-03-01T18:57:30.152267Z",
    "event_record_id": "4679",
    "level": "4",
    "task": "3",
    "opcode": "0",
    "keywords": "0x4000000000000001",
    "computer": "DESKTOP-6D0DBMB",
    "PackageFullName": "DropboxInc.Dropbox_142.4.4197.0_x86__wkt425jdc3sga",
    "Bundle": "236",
    "AppDataVolume": "1"
  }
}