{
  "event_id": "649",
  "provider": "Microsoft-Windows-AppXDeployment-Server",
  "channel": "Microsoft-Windows-AppXDeploymentServer/Operational",
  "source_file": "D:\\visual code file\\Project_4\\Event-Analyzer\\test\\Logs\\Microsoft-Windows-AppXDeploymentServer%4Operational.evtx",
  "event_record_id": 13829,
  "xml": "<?xml version=\"1.0\" encoding=\"utf-8\"?>\n<Event xmlns=\"http://schemas.microsoft.com/win/2004/08/events/event\">\n  <System>\n    <Provider Name=\"Microsoft-Windows-AppXDeployment-Server\" Guid=\"3F471139-ACB7-4A01-B7A7-FF5DA4BA2D43\">\n    </Provider>\n    <EventID>649</EventID>\n    <Version>0</Version>\n    <Level>4</Level>\n    <Task>3</Task>\n    <Opcode>0</Opcode>\n    <Keywords>0x4000000000000001</Keywords>\n    <TimeCreated SystemTime=\"2025-01-24T10:52:50.190491Z\">\n    </TimeCreated>\n    <EventRecordID>13829</EventRecordID>\n    <Correlation ActivityID=\"B61EC021-6E4D-0003-EAC6-1EB64D6EDB01\">\n    </Correlation>\n    <Execution ProcessID=\"1320\" ThreadID=\"5240\">\n    </Execution>\n    <Channel>Microsoft-Windows-AppXDeploymentServer/Operational</Channel>\n    <Computer>CTO-FILESVR</Computer>\n    <Security UserID=\"S-1-5-21-3088055692-629932344-1786574096-1003\">\n    </Security>\n  </System>\n  <EventData>\n    <Data Name=\"DeploymentOperation\">6</Data>\n    <Data Name=\"PackageFullName\">Microsoft.Windows.CallingShellApp_1000.19041.4239.0_neutral_neutral_cw5n1h2txyewy</Data>\n    <Data Name=\"Summary\">PostDeploymentOperationCheck cost: 0 ms</Data>\n  </EventData>\n</Event>\n",
  "json": "{\"Event\":{\"#attributes\":{\"xmlns\":\"http://schemas.microsoft.com/win/2004/08/events/event\"},\"System\":{\"Provider\":{\"#attributes\":{\"Name\":\"Microsoft-Windows-AppXDeployment-Server\",\"Guid\":\"3F471139-ACB7-4A01-B7A7-FF5DA4BA2D43\"}},\"EventID\":649,\"Version\":0,\"Level\":4,\"Task\":3,\"Opcode\":0,\"Keywords\":\"0x4000000000000001\",\"TimeCreated\":{\"#attributes\":{\"SystemTime\":\"2025-01-24T10:52:50.190491Z\"}},\"EventRecordID\":13829,\"Correlation\":{\"#attributes\":{\"ActivityID\":\"B61EC021-6E4D-0003-EAC6-1EB64D6EDB01\"}},\"Execution\":{\"#attributes\":{\"ProcessID\":1320,\"ThreadID\":5240}},\"Channel\":\"Microsoft-Windows-AppXDeploymentServer/Operational\",\"Computer\":\"CTO-FILESVR\",\"Security\":{\"#attributes\":{\"UserID\":\"S-1-5-21-3088055692-629932344-1786574096-1003\"}}},\"EventData\":{\"DeploymentOperation\":6,\"PackageFullName\":\"Microsoft.Windows.CallingShellApp_1000.19041.4239.0_neutral_neutral_cw5n1h2txyewy\",\"Summary\":\"PostDeploymentOperationCheck cost: 0 ms\"}}}",
  "xml_fields": {
    "provider": "Microsoft-Windows-AppXDeployment-Server",
    "event_id": "649",
    "timestamp": "2025-01-24T10:52:50.190491Z",
    "event_record_id": "13829",
    "level": "4",
    "task": "3",
    "opcode": "0",
    "keywords": "0x4000000000000001",
    "channel": "Microsoft-Windows-AppXDeploymentServer/Operational",
    "computer": "CTO-FILESVR",
    "DeploymentOperation": "6",
    "PackageFullName": "Microsoft.Windows.CallingShellApp_1000.19041.4239.0_neutral_neutral_cw5n1h2txyewy",
    "Summary": "PostDeploymentOperationCheck cost: 0 ms"
  },
  "json_fields": {
    "provider": "Microsoft-Windows-AppXDeployment-Server",
    "channel": "Microsoft-Windows-AppXDeploymentServer/Operational",
    "event_id": "649",
    "timestamp": "2025-01-24T10:52:50.190491Z",
    "event_record_id": "13829",
    "level": "4",
    "task": "3",
    "opcode": "0",
    "keywords": "0x4000000000000001",
    "computer": "CTO-FILESVR",
    "DeploymentOperation": "6",
    "PackageFullName": "Microsoft.Windows.CallingShellApp_1000.19041.4239.0_neutral_neutral_cw5n1h2txyewy",
    "Summary": "PostDeploymentOperationCheck cost: 0 ms"
  }
}