{
  "event_id": "64",
  "provider": "Microsoft-Windows-UniversalTelemetryClient",
  "channel": "Microsoft-Windows-UniversalTelemetryClient/Operational",
  "source_file": "D:\\visual code file\\Project_4\\Event-Analyzer\\test\\Logs\\Microsoft-Windows-UniversalTelemetryClient%4Operational.evtx",
  "event_record_id": 1,
  "xml": "<?xml version=\"1.0\" encoding=\"utf-8\"?>\n<Event xmlns=\"http://schemas.microsoft.com/win/2004/08/events/event\">\n  <System>\n    <Provider Name=\"Microsoft-Windows-UniversalTelemetryClient\" Guid=\"6489B27F-7C43-5886-1D00-0A61BB2A375B\">\n    </Provider>\n    <EventID>64</EventID>\n    <Version>0</Version>\n    <Level>4</Level>\n    <Task>64</Task>\n    <Opcode>0</Opcode>\n    <Keywords>0x8000000000040000</Keywords>\n    <TimeCreated SystemTime=\"2024-11-05T01:33:11.139406Z\">\n    </TimeCreated>\n    <EventRecordID>1</EventRecordID>\n    <Correlation>\n    </Correlation>\n    <Execution ProcessID=\"2552\" ThreadID=\"2676\">\n    </Execution>\n    <Channel>Microsoft-Windows-UniversalTelemetryClient/Operational</Channel>\n    <Computer>WIN-5LCFHVCO531</Computer>\n    <Security UserID=\"S-1-5-18\">\n    </Security>\n  </System>\n  <EventData>\n    <Data Name=\"Environment\">ServiceHost</Data>\n    <Data Name=\"OldInfo\">0</Data>\n    <Data Name=\"NewInfo\">1</Data>\n    <Data Name=\"SettingAuthority\">2</Data>\n  </EventData>\n</Event>\n",
  "json": "{\"Event\":{\"#attributes\":{\"xmlns\":\"http://schemas.microsoft.com/win/2004/08/events/event\"},\"System\":{\"Provider\":{\"#attributes\":{\"Name\":\"Microsoft-Windows-UniversalTelemetryClient\",\"Guid\":\"6489B27F-7C43-5886-1D00-0A61BB2A375B\"}},\"EventID\":64,\"Version\":0,\"Level\":4,\"Task\":64,\"Opcode\":0,\"Keywords\":\"0x8000000000040000\",\"TimeCreated\":{\"#attributes\":{\"SystemTime\":\"2024-11-05T01:33:11.139406Z\"}},\"EventRecordID\":1,\"Correlation\":null,\"Execution\":{\"#attributes\":{\"ProcessID\":2552,\"ThreadID\":2676}},\"Channel\":\"Microsoft-Windows-UniversalTelemetryClient/Operational\",\"Computer\":\"WIN-5LCFHVCO531\",\"Security\":{\"#attributes\":{\"UserID\":\"S-1-5-18\"}}},\"EventData\":{\"Environment\":\"ServiceHost\",\"OldInfo\":0,\"NewInfo\":1,\"SettingAuthority\":2}}}",
  "xml_fields": {
    "provider": "Microsoft-Windows-UniversalTelemetryClient",
    "event_id": "64",
    "timestamp": "2024-11-05T01:33:11.139406Z",
    "event_record_id": "1",
    "level": "4",
    "task": "64",
    "opcode": "0",
    "keywords": "0x8000000000040000",
    "channel": "Microsoft-Windows-UniversalTelemetryClient/Operational",
    "computer": "WIN-5LCFHVCO531",
    "Environment": "ServiceHost",
    "OldInfo": "0",
    "NewInfo": "1",
    "SettingAuthority": "2"
  },
  "json_fields": {
    "provider": "Microsoft-Windows-UniversalTelemetryClient",
    "channel": "Microsoft-Windows-UniversalTelemetryClient/Operational",
    "event_id": "64",
    "timestamp": "2024-11-05T01:33:11.139406Z",
    "event_record_id": "1",
    "level": "4",
    "task": "64",
    "opcode": "0",
    "keywords": "0x8000000000040000",
    "computer": "WIN-5LCFHVCO531",
    "Environment": "ServiceHost",
    "OldInfo": "0",
    "NewInfo": "1",
    "SettingAuthority": "2"
  }
}