{
  "event_id": "6506",
  "provider": "Microsoft-Windows-SettingSync-Desktop",
  "channel": "Microsoft-Windows-SettingSync/Debug",
  "source_file": "D:\\visual code file\\Project_4\\Event-Analyzer\\test\\Benign\\Logs_Client\\Microsoft-Windows-SettingSync%4Debug.evtx",
  "event_record_id": 7,
  "xml": "<?xml version=\"1.0\" encoding=\"utf-8\"?>\n<Event xmlns=\"http://schemas.microsoft.com/win/2004/08/events/event\">\n  <System>\n    <Provider Name=\"Microsoft-Windows-SettingSync-Desktop\" Guid=\"579402A2-883C-45D8-B70A-9BC856407751\">\n    </Provider>\n    <EventID>6506</EventID>\n    <Version>0</Version>\n    <Level>4</Level>\n    <Task>0</Task>\n    <Opcode>0</Opcode>\n    <Keywords>0x4000000000000000</Keywords>\n    <TimeCreated SystemTime=\"2022-02-07T12:01:36.121336Z\">\n    </TimeCreated>\n    <EventRecordID>7</EventRecordID>\n    <Correlation>\n    </Correlation>\n    <Execution ProcessID=\"2448\" ThreadID=\"520\">\n    </Execution>\n    <Channel>Microsoft-Windows-SettingSync/Debug</Channel>\n    <Computer>DESKTOP-A8CALR3</Computer>\n    <Security UserID=\"S-1-5-21-1402826787-2759305201-2932496751-1001\">\n    </Security>\n  </System>\n  <EventData>\n  </EventData>\n</Event>\n",
  "json": "{\"Event\":{\"#attributes\":{\"xmlns\":\"http://schemas.microsoft.com/win/2004/08/events/event\"},\"System\":{\"Provider\":{\"#attributes\":{\"Name\":\"Microsoft-Windows-SettingSync-Desktop\",\"Guid\":\"579402A2-883C-45D8-B70A-9BC856407751\"}},\"EventID\":6506,\"Version\":0,\"Level\":4,\"Task\":0,\"Opcode\":0,\"Keywords\":\"0x4000000000000000\",\"TimeCreated\":{\"#attributes\":{\"SystemTime\":\"2022-02-07T12:01:36.121336Z\"}},\"EventRecordID\":7,\"Correlation\":null,\"Execution\":{\"#attributes\":{\"ProcessID\":2448,\"ThreadID\":520}},\"Channel\":\"Microsoft-Windows-SettingSync/Debug\",\"Computer\":\"DESKTOP-A8CALR3\",\"Security\":{\"#attributes\":{\"UserID\":\"S-1-5-21-1402826787-2759305201-2932496751-1001\"}}},\"EventData\":null}}",
  "xml_fields": {
    "provider": "Microsoft-Windows-SettingSync-Desktop",
    "event_id": "6506",
    "timestamp": "2022-02-07T12:01:36.121336Z",
    "event_record_id": "7",
    "level": "4",
    "task": "0",
    "opcode": "0",
    "keywords": "0x4000000000000000",
    "channel": "Microsoft-Windows-SettingSync/Debug",
    "computer": "DESKTOP-A8CALR3"
  },
  "json_fields": {
    "provider": "Microsoft-Windows-SettingSync-Desktop",
    "channel": "Microsoft-Windows-SettingSync/Debug",
    "event_id": "6506",
    "timestamp": "2022-02-07T12:01:36.121336Z",
    "event_record_id": "7",
    "level": "4",
    "task": "0",
    "opcode": "0",
    "keywords": "0x4000000000000000",
    "computer": "DESKTOP-A8CALR3"
  }
}