{
  "event_id": "6509",
  "provider": "Microsoft-Windows-SettingSync-Desktop",
  "channel": "Microsoft-Windows-SettingSync/Debug",
  "source_file": "D:\\visual code file\\Project_4\\Event-Analyzer\\test\\Logs\\Microsoft-Windows-SettingSync%4Debug.evtx",
  "event_record_id": 1,
  "xml": "<?xml version=\"1.0\" encoding=\"utf-8\"?>\n<Event xmlns=\"http://schemas.microsoft.com/win/2004/08/events/event\">\n  <System>\n    <Provider Name=\"Microsoft-Windows-SettingSync-Desktop\" Guid=\"579402A2-883C-45D8-B70A-9BC856407751\">\n    </Provider>\n    <EventID>6509</EventID>\n    <Version>0</Version>\n    <Level>2</Level>\n    <Task>0</Task>\n    <Opcode>0</Opcode>\n    <Keywords>0x4000000000000000</Keywords>\n    <TimeCreated SystemTime=\"2024-11-04T12:34:57.424644Z\">\n    </TimeCreated>\n    <EventRecordID>1</EventRecordID>\n    <Correlation>\n    </Correlation>\n    <Execution ProcessID=\"1832\" ThreadID=\"3736\">\n    </Execution>\n    <Channel>Microsoft-Windows-SettingSync/Debug</Channel>\n    <Computer>DESKTOP-P9H5FTA</Computer>\n    <Security UserID=\"S-1-5-21-3088055692-629932344-1786574096-1000\">\n    </Security>\n  </System>\n  <EventData>\n    <Data Name=\"Message\">shell\\roaming\\settingsync\\settingprofilehandler.cpp(89)\\SettingSync.dll!00007FFD1A7F9D72: (caller: 00007FFD1A7E9BA5) LogHr(1) tid(e98) 80070002 The system cannot find the file specified.\r\n</Data>\n  </EventData>\n</Event>\n",
  "json": "{\"Event\":{\"#attributes\":{\"xmlns\":\"http://schemas.microsoft.com/win/2004/08/events/event\"},\"System\":{\"Provider\":{\"#attributes\":{\"Name\":\"Microsoft-Windows-SettingSync-Desktop\",\"Guid\":\"579402A2-883C-45D8-B70A-9BC856407751\"}},\"EventID\":6509,\"Version\":0,\"Level\":2,\"Task\":0,\"Opcode\":0,\"Keywords\":\"0x4000000000000000\",\"TimeCreated\":{\"#attributes\":{\"SystemTime\":\"2024-11-04T12:34:57.424644Z\"}},\"EventRecordID\":1,\"Correlation\":null,\"Execution\":{\"#attributes\":{\"ProcessID\":1832,\"ThreadID\":3736}},\"Channel\":\"Microsoft-Windows-SettingSync/Debug\",\"Computer\":\"DESKTOP-P9H5FTA\",\"Security\":{\"#attributes\":{\"UserID\":\"S-1-5-21-3088055692-629932344-1786574096-1000\"}}},\"EventData\":{\"Message\":\"shell\\\\roaming\\\\settingsync\\\\settingprofilehandler.cpp(89)\\\\SettingSync.dll!00007FFD1A7F9D72: (caller: 00007FFD1A7E9BA5) LogHr(1) tid(e98) 80070002 The system cannot find the file specified.\\r\\n\"}}}",
  "xml_fields": {
    "provider": "Microsoft-Windows-SettingSync-Desktop",
    "event_id": "6509",
    "timestamp": "2024-11-04T12:34:57.424644Z",
    "event_record_id": "1",
    "level": "2",
    "task": "0",
    "opcode": "0",
    "keywords": "0x4000000000000000",
    "channel": "Microsoft-Windows-SettingSync/Debug",
    "computer": "DESKTOP-P9H5FTA",
    "Message": "shell\\roaming\\settingsync\\settingprofilehandler.cpp(89)\\SettingSync.dll!00007FFD1A7F9D72: (caller: 00007FFD1A7E9BA5) LogHr(1) tid(e98) 80070002 The system cannot find the file specified.\n"
  },
  "json_fields": {
    "provider": "Microsoft-Windows-SettingSync-Desktop",
    "channel": "Microsoft-Windows-SettingSync/Debug",
    "event_id": "6509",
    "timestamp": "2024-11-04T12:34:57.424644Z",
    "event_record_id": "1",
    "level": "2",
    "task": "0",
    "opcode": "0",
    "keywords": "0x4000000000000000",
    "computer": "DESKTOP-P9H5FTA",
    "Message": "shell\\roaming\\settingsync\\settingprofilehandler.cpp(89)\\SettingSync.dll!00007FFD1A7F9D72: (caller: 00007FFD1A7E9BA5) LogHr(1) tid(e98) 80070002 The system cannot find the file specified.\r\n"
  }
}