{
  "event_id": "6524",
  "provider": "Microsoft-Windows-SettingSync",
  "channel": "Microsoft-Windows-SettingSync/Debug",
  "source_file": "D:\\visual code file\\Project_4\\Event-Analyzer\\test\\Benign\\Logs_Client\\Microsoft-Windows-SettingSync%4Debug.evtx",
  "event_record_id": 67,
  "xml": "<?xml version=\"1.0\" encoding=\"utf-8\"?>\n<Event xmlns=\"http://schemas.microsoft.com/win/2004/08/events/event\">\n  <System>\n    <Provider Name=\"Microsoft-Windows-SettingSync\" Guid=\"83D6E83B-900B-48A3-9835-57656B6F6474\">\n    </Provider>\n    <EventID>6524</EventID>\n    <Version>0</Version>\n    <Level>4</Level>\n    <Task>6524</Task>\n    <Opcode>1</Opcode>\n    <Keywords>0x4000000000000000</Keywords>\n    <TimeCreated SystemTime=\"2022-02-08T12:04:14.702097Z\">\n    </TimeCreated>\n    <EventRecordID>67</EventRecordID>\n    <Correlation>\n    </Correlation>\n    <Execution ProcessID=\"2476\" ThreadID=\"6872\">\n    </Execution>\n    <Channel>Microsoft-Windows-SettingSync/Debug</Channel>\n    <Computer>DESKTOP-A8CALR3</Computer>\n    <Security UserID=\"S-1-5-21-1402826787-2759305201-2932496751-1001\">\n    </Security>\n  </System>\n  <EventData>\n  </EventData>\n</Event>\n",
  "json": "{\"Event\":{\"#attributes\":{\"xmlns\":\"http://schemas.microsoft.com/win/2004/08/events/event\"},\"System\":{\"Provider\":{\"#attributes\":{\"Name\":\"Microsoft-Windows-SettingSync\",\"Guid\":\"83D6E83B-900B-48A3-9835-57656B6F6474\"}},\"EventID\":6524,\"Version\":0,\"Level\":4,\"Task\":6524,\"Opcode\":1,\"Keywords\":\"0x4000000000000000\",\"TimeCreated\":{\"#attributes\":{\"SystemTime\":\"2022-02-08T12:04:14.702097Z\"}},\"EventRecordID\":67,\"Correlation\":null,\"Execution\":{\"#attributes\":{\"ProcessID\":2476,\"ThreadID\":6872}},\"Channel\":\"Microsoft-Windows-SettingSync/Debug\",\"Computer\":\"DESKTOP-A8CALR3\",\"Security\":{\"#attributes\":{\"UserID\":\"S-1-5-21-1402826787-2759305201-2932496751-1001\"}}},\"EventData\":null}}",
  "xml_fields": {
    "provider": "Microsoft-Windows-SettingSync",
    "event_id": "6524",
    "timestamp": "2022-02-08T12:04:14.702097Z",
    "event_record_id": "67",
    "level": "4",
    "task": "6524",
    "opcode": "1",
    "keywords": "0x4000000000000000",
    "channel": "Microsoft-Windows-SettingSync/Debug",
    "computer": "DESKTOP-A8CALR3"
  },
  "json_fields": {
    "provider": "Microsoft-Windows-SettingSync",
    "channel": "Microsoft-Windows-SettingSync/Debug",
    "event_id": "6524",
    "timestamp": "2022-02-08T12:04:14.702097Z",
    "event_record_id": "67",
    "level": "4",
    "task": "6524",
    "opcode": "1",
    "keywords": "0x4000000000000000",
    "computer": "DESKTOP-A8CALR3"
  }
}