{
  "event_id": "658",
  "provider": "Microsoft-Windows-AppXDeployment-Server",
  "channel": "Microsoft-Windows-AppXDeploymentServer/Operational",
  "source_file": "D:\\visual code file\\Project_4\\Event-Analyzer\\test\\Benign\\Logs_Client\\Microsoft-Windows-AppXDeploymentServer%4Operational.evtx",
  "event_record_id": 4568,
  "xml": "<?xml version=\"1.0\" encoding=\"utf-8\"?>\n<Event xmlns=\"http://schemas.microsoft.com/win/2004/08/events/event\">\n  <System>\n    <Provider Name=\"Microsoft-Windows-AppXDeployment-Server\" Guid=\"3F471139-ACB7-4A01-B7A7-FF5DA4BA2D43\">\n    </Provider>\n    <EventID>658</EventID>\n    <Version>0</Version>\n    <Level>3</Level>\n    <Task>3</Task>\n    <Opcode>0</Opcode>\n    <Keywords>0x4000000000000001</Keywords>\n    <TimeCreated SystemTime=\"2022-02-07T16:16:33.633406Z\">\n    </TimeCreated>\n    <EventRecordID>4568</EventRecordID>\n    <Correlation ActivityID=\"50F926D5-1C1B-0000-7736-FA501B1CD801\">\n    </Correlation>\n    <Execution ProcessID=\"3820\" ThreadID=\"5460\">\n    </Execution>\n    <Channel>Microsoft-Windows-AppXDeploymentServer/Operational</Channel>\n    <Computer>DESKTOP-A8CALR3</Computer>\n    <Security UserID=\"S-1-5-21-1402826787-2759305201-2932496751-1001\">\n    </Security>\n  </System>\n  <EventData>\n    <Data Name=\"PackageMoniker\">MicrosoftWindows.Client.CBS_120.2212.3920.0_x64__cw5n1h2txyewy</Data>\n    <Data Name=\"PackageMoniker2\">Microsoft.VCLibs.140.00_14.0.30704.0_x64__8wekyb3d8bbwe</Data>\n  </EventData>\n</Event>\n",
  "json": "{\"Event\":{\"#attributes\":{\"xmlns\":\"http://schemas.microsoft.com/win/2004/08/events/event\"},\"System\":{\"Provider\":{\"#attributes\":{\"Name\":\"Microsoft-Windows-AppXDeployment-Server\",\"Guid\":\"3F471139-ACB7-4A01-B7A7-FF5DA4BA2D43\"}},\"EventID\":658,\"Version\":0,\"Level\":3,\"Task\":3,\"Opcode\":0,\"Keywords\":\"0x4000000000000001\",\"TimeCreated\":{\"#attributes\":{\"SystemTime\":\"2022-02-07T16:16:33.633406Z\"}},\"EventRecordID\":4568,\"Correlation\":{\"#attributes\":{\"ActivityID\":\"50F926D5-1C1B-0000-7736-FA501B1CD801\"}},\"Execution\":{\"#attributes\":{\"ProcessID\":3820,\"ThreadID\":5460}},\"Channel\":\"Microsoft-Windows-AppXDeploymentServer/Operational\",\"Computer\":\"DESKTOP-A8CALR3\",\"Security\":{\"#attributes\":{\"UserID\":\"S-1-5-21-1402826787-2759305201-2932496751-1001\"}}},\"EventData\":{\"PackageMoniker\":\"MicrosoftWindows.Client.CBS_120.2212.3920.0_x64__cw5n1h2txyewy\",\"PackageMoniker2\":\"Microsoft.VCLibs.140.00_14.0.30704.0_x64__8wekyb3d8bbwe\"}}}",
  "xml_fields": {
    "provider": "Microsoft-Windows-AppXDeployment-Server",
    "event_id": "658",
    "timestamp": "2022-02-07T16:16:33.633406Z",
    "event_record_id": "4568",
    "level": "3",
    "task": "3",
    "opcode": "0",
    "keywords": "0x4000000000000001",
    "channel": "Microsoft-Windows-AppXDeploymentServer/Operational",
    "computer": "DESKTOP-A8CALR3",
    "PackageMoniker": "MicrosoftWindows.Client.CBS_120.2212.3920.0_x64__cw5n1h2txyewy",
    "PackageMoniker2": "Microsoft.VCLibs.140.00_14.0.30704.0_x64__8wekyb3d8bbwe"
  },
  "json_fields": {
    "provider": "Microsoft-Windows-AppXDeployment-Server",
    "channel": "Microsoft-Windows-AppXDeploymentServer/Operational",
    "event_id": "658",
    "timestamp": "2022-02-07T16:16:33.633406Z",
    "event_record_id": "4568",
    "level": "3",
    "task": "3",
    "opcode": "0",
    "keywords": "0x4000000000000001",
    "computer": "DESKTOP-A8CALR3",
    "PackageMoniker": "MicrosoftWindows.Client.CBS_120.2212.3920.0_x64__cw5n1h2txyewy",
    "PackageMoniker2": "Microsoft.VCLibs.140.00_14.0.30704.0_x64__8wekyb3d8bbwe"
  }
}