{
  "event_id": "65",
  "provider": "Microsoft-Windows-Audio",
  "channel": "Microsoft-Windows-Audio/Operational",
  "source_file": "D:\\visual code file\\Project_4\\Event-Analyzer\\test\\Logs\\Microsoft-Windows-Audio%4Operational.evtx",
  "event_record_id": 1,
  "xml": "<?xml version=\"1.0\" encoding=\"utf-8\"?>\n<Event xmlns=\"http://schemas.microsoft.com/win/2004/08/events/event\">\n  <System>\n    <Provider Name=\"Microsoft-Windows-Audio\" Guid=\"AE4BD3BE-F36F-45B6-8D21-BDD6FB832853\">\n    </Provider>\n    <EventID>65</EventID>\n    <Version>0</Version>\n    <Level>4</Level>\n    <Task>129</Task>\n    <Opcode>56</Opcode>\n    <Keywords>0x4000000000000000</Keywords>\n    <TimeCreated SystemTime=\"2024-11-05T01:33:09.454446Z\">\n    </TimeCreated>\n    <EventRecordID>1</EventRecordID>\n    <Correlation>\n    </Correlation>\n    <Execution ProcessID=\"1912\" ThreadID=\"2012\">\n    </Execution>\n    <Channel>Microsoft-Windows-Audio/Operational</Channel>\n    <Computer>WIN-5LCFHVCO531</Computer>\n    <Security UserID=\"S-1-5-18\">\n    </Security>\n  </System>\n  <EventData>\n    <Data Name=\"DeviceName\">UNKNOWN</Data>\n    <Data Name=\"DeviceId\">{0.0.0.00000000}.{26c60641-eaf8-42a3-9d0d-6e64c65001ed}</Data>\n    <Data Name=\"flow\">0</Data>\n    <Data Name=\"NewState\">4</Data>\n  </EventData>\n</Event>\n",
  "json": "{\"Event\":{\"#attributes\":{\"xmlns\":\"http://schemas.microsoft.com/win/2004/08/events/event\"},\"System\":{\"Provider\":{\"#attributes\":{\"Name\":\"Microsoft-Windows-Audio\",\"Guid\":\"AE4BD3BE-F36F-45B6-8D21-BDD6FB832853\"}},\"EventID\":65,\"Version\":0,\"Level\":4,\"Task\":129,\"Opcode\":56,\"Keywords\":\"0x4000000000000000\",\"TimeCreated\":{\"#attributes\":{\"SystemTime\":\"2024-11-05T01:33:09.454446Z\"}},\"EventRecordID\":1,\"Correlation\":null,\"Execution\":{\"#attributes\":{\"ProcessID\":1912,\"ThreadID\":2012}},\"Channel\":\"Microsoft-Windows-Audio/Operational\",\"Computer\":\"WIN-5LCFHVCO531\",\"Security\":{\"#attributes\":{\"UserID\":\"S-1-5-18\"}}},\"EventData\":{\"DeviceName\":\"UNKNOWN\",\"DeviceId\":\"{0.0.0.00000000}.{26c60641-eaf8-42a3-9d0d-6e64c65001ed}\",\"flow\":0,\"NewState\":4}}}",
  "xml_fields": {
    "provider": "Microsoft-Windows-Audio",
    "event_id": "65",
    "timestamp": "2024-11-05T01:33:09.454446Z",
    "event_record_id": "1",
    "level": "4",
    "task": "129",
    "opcode": "56",
    "keywords": "0x4000000000000000",
    "channel": "Microsoft-Windows-Audio/Operational",
    "computer": "WIN-5LCFHVCO531",
    "DeviceName": "UNKNOWN",
    "DeviceId": "{0.0.0.00000000}.{26c60641-eaf8-42a3-9d0d-6e64c65001ed}",
    "flow": "0",
    "NewState": "4"
  },
  "json_fields": {
    "provider": "Microsoft-Windows-Audio",
    "channel": "Microsoft-Windows-Audio/Operational",
    "event_id": "65",
    "timestamp": "2024-11-05T01:33:09.454446Z",
    "event_record_id": "1",
    "level": "4",
    "task": "129",
    "opcode": "56",
    "keywords": "0x4000000000000000",
    "computer": "WIN-5LCFHVCO531",
    "DeviceName": "UNKNOWN",
    "DeviceId": "{0.0.0.00000000}.{26c60641-eaf8-42a3-9d0d-6e64c65001ed}",
    "flow": "0",
    "NewState": "4"
  }
}