{
  "event_id": "65",
  "provider": "Microsoft-Windows-AppModel-Runtime",
  "channel": "Microsoft-Windows-AppModel-Runtime/Admin",
  "source_file": "D:\\visual code file\\Project_4\\Event-Analyzer\\test\\Benign\\Logs_Client\\Microsoft-Windows-AppModel-Runtime%4Admin.evtx",
  "event_record_id": 780,
  "xml": "<?xml version=\"1.0\" encoding=\"utf-8\"?>\n<Event xmlns=\"http://schemas.microsoft.com/win/2004/08/events/event\">\n  <System>\n    <Provider Name=\"Microsoft-Windows-AppModel-Runtime\" Guid=\"F1EF270A-0D32-4352-BA52-DBAB41E1D859\">\n    </Provider>\n    <EventID>65</EventID>\n    <Version>0</Version>\n    <Level>2</Level>\n    <Task>0</Task>\n    <Opcode>0</Opcode>\n    <Keywords>0x2000000000000001</Keywords>\n    <TimeCreated SystemTime=\"2022-02-08T12:12:16.814857Z\">\n    </TimeCreated>\n    <EventRecordID>780</EventRecordID>\n    <Correlation>\n    </Correlation>\n    <Execution ProcessID=\"6204\" ThreadID=\"4388\">\n    </Execution>\n    <Channel>Microsoft-Windows-AppModel-Runtime/Admin</Channel>\n    <Computer>DESKTOP-A8CALR3</Computer>\n    <Security UserID=\"S-1-5-21-1402826787-2759305201-2932496751-1001\">\n    </Security>\n  </System>\n  <EventData>\n    <Data Name=\"ErrorCode\">87</Data>\n    <Data Name=\"PackageFullName\">NonImmersivePackage</Data>\n  </EventData>\n</Event>\n",
  "json": "{\"Event\":{\"#attributes\":{\"xmlns\":\"http://schemas.microsoft.com/win/2004/08/events/event\"},\"System\":{\"Provider\":{\"#attributes\":{\"Name\":\"Microsoft-Windows-AppModel-Runtime\",\"Guid\":\"F1EF270A-0D32-4352-BA52-DBAB41E1D859\"}},\"EventID\":65,\"Version\":0,\"Level\":2,\"Task\":0,\"Opcode\":0,\"Keywords\":\"0x2000000000000001\",\"TimeCreated\":{\"#attributes\":{\"SystemTime\":\"2022-02-08T12:12:16.814857Z\"}},\"EventRecordID\":780,\"Correlation\":null,\"Execution\":{\"#attributes\":{\"ProcessID\":6204,\"ThreadID\":4388}},\"Channel\":\"Microsoft-Windows-AppModel-Runtime/Admin\",\"Computer\":\"DESKTOP-A8CALR3\",\"Security\":{\"#attributes\":{\"UserID\":\"S-1-5-21-1402826787-2759305201-2932496751-1001\"}}},\"EventData\":{\"ErrorCode\":87,\"PackageFullName\":\"NonImmersivePackage\"}}}",
  "xml_fields": {
    "provider": "Microsoft-Windows-AppModel-Runtime",
    "event_id": "65",
    "timestamp": "2022-02-08T12:12:16.814857Z",
    "event_record_id": "780",
    "level": "2",
    "task": "0",
    "opcode": "0",
    "keywords": "0x2000000000000001",
    "channel": "Microsoft-Windows-AppModel-Runtime/Admin",
    "computer": "DESKTOP-A8CALR3",
    "ErrorCode": "87",
    "PackageFullName": "NonImmersivePackage"
  },
  "json_fields": {
    "provider": "Microsoft-Windows-AppModel-Runtime",
    "channel": "Microsoft-Windows-AppModel-Runtime/Admin",
    "event_id": "65",
    "timestamp": "2022-02-08T12:12:16.814857Z",
    "event_record_id": "780",
    "level": "2",
    "task": "0",
    "opcode": "0",
    "keywords": "0x2000000000000001",
    "computer": "DESKTOP-A8CALR3",
    "ErrorCode": "87",
    "PackageFullName": "NonImmersivePackage"
  }
}