{
  "event_id": "66",
  "provider": "Microsoft-Windows-AppModel-Runtime",
  "channel": "Microsoft-Windows-AppModel-Runtime/Admin",
  "source_file": "D:\\visual code file\\Project_4\\Event-Analyzer\\test\\Benign\\win2022-0-20348-azure\\Microsoft-Windows-AppModel-Runtime%4Admin.evtx",
  "event_record_id": 56,
  "xml": "<?xml version=\"1.0\" encoding=\"utf-8\"?>\n<Event xmlns=\"http://schemas.microsoft.com/win/2004/08/events/event\">\n  <System>\n    <Provider Name=\"Microsoft-Windows-AppModel-Runtime\" Guid=\"F1EF270A-0D32-4352-BA52-DBAB41E1D859\">\n    </Provider>\n    <EventID>66</EventID>\n    <Version>0</Version>\n    <Level>2</Level>\n    <Task>0</Task>\n    <Opcode>0</Opcode>\n    <Keywords>0x2000000000000001</Keywords>\n    <TimeCreated SystemTime=\"2022-09-08T21:07:09.902924Z\">\n    </TimeCreated>\n    <EventRecordID>56</EventRecordID>\n    <Correlation>\n    </Correlation>\n    <Execution ProcessID=\"4840\" ThreadID=\"1576\">\n    </Execution>\n    <Channel>Microsoft-Windows-AppModel-Runtime/Admin</Channel>\n    <Computer>WIN-06FB45IHQ35</Computer>\n    <Security UserID=\"S-1-5-21-780613846-3260660134-2396965080-500\">\n    </Security>\n  </System>\n  <EventData>\n    <Data Name=\"ErrorCode\">87</Data>\n    <Data Name=\"PackageFullName\">Windows</Data>\n    <Data Name=\"User\">S-1-5-21-780613846-3260660134-2396965080-500</Data>\n  </EventData>\n</Event>\n",
  "json": "{\"Event\":{\"#attributes\":{\"xmlns\":\"http://schemas.microsoft.com/win/2004/08/events/event\"},\"System\":{\"Provider\":{\"#attributes\":{\"Name\":\"Microsoft-Windows-AppModel-Runtime\",\"Guid\":\"F1EF270A-0D32-4352-BA52-DBAB41E1D859\"}},\"EventID\":66,\"Version\":0,\"Level\":2,\"Task\":0,\"Opcode\":0,\"Keywords\":\"0x2000000000000001\",\"TimeCreated\":{\"#attributes\":{\"SystemTime\":\"2022-09-08T21:07:09.902924Z\"}},\"EventRecordID\":56,\"Correlation\":null,\"Execution\":{\"#attributes\":{\"ProcessID\":4840,\"ThreadID\":1576}},\"Channel\":\"Microsoft-Windows-AppModel-Runtime/Admin\",\"Computer\":\"WIN-06FB45IHQ35\",\"Security\":{\"#attributes\":{\"UserID\":\"S-1-5-21-780613846-3260660134-2396965080-500\"}}},\"EventData\":{\"ErrorCode\":87,\"PackageFullName\":\"Windows\",\"User\":\"S-1-5-21-780613846-3260660134-2396965080-500\"}}}",
  "xml_fields": {
    "provider": "Microsoft-Windows-AppModel-Runtime",
    "event_id": "66",
    "timestamp": "2022-09-08T21:07:09.902924Z",
    "event_record_id": "56",
    "level": "2",
    "task": "0",
    "opcode": "0",
    "keywords": "0x2000000000000001",
    "channel": "Microsoft-Windows-AppModel-Runtime/Admin",
    "computer": "WIN-06FB45IHQ35",
    "ErrorCode": "87",
    "PackageFullName": "Windows",
    "User": "S-1-5-21-780613846-3260660134-2396965080-500"
  },
  "json_fields": {
    "provider": "Microsoft-Windows-AppModel-Runtime",
    "channel": "Microsoft-Windows-AppModel-Runtime/Admin",
    "event_id": "66",
    "timestamp": "2022-09-08T21:07:09.902924Z",
    "event_record_id": "56",
    "level": "2",
    "task": "0",
    "opcode": "0",
    "keywords": "0x2000000000000001",
    "computer": "WIN-06FB45IHQ35",
    "ErrorCode": "87",
    "PackageFullName": "Windows",
    "User": "S-1-5-21-780613846-3260660134-2396965080-500"
  }
}