{
  "event_id": "67",
  "provider": "Microsoft-Windows-User Profiles Service",
  "channel": "Microsoft-Windows-User Profile Service/Operational",
  "source_file": "D:\\visual code file\\Project_4\\Event-Analyzer\\test\\Logs\\Microsoft-Windows-User Profile Service%4Operational.evtx",
  "event_record_id": 3,
  "xml": "<?xml version=\"1.0\" encoding=\"utf-8\"?>\n<Event xmlns=\"http://schemas.microsoft.com/win/2004/08/events/event\">\n  <System>\n    <Provider Name=\"Microsoft-Windows-User Profiles Service\" Guid=\"89B1E9F0-5AFF-44A6-9B44-0A07A7CE5845\">\n    </Provider>\n    <EventID>67</EventID>\n    <Version>0</Version>\n    <Level>4</Level>\n    <Task>0</Task>\n    <Opcode>0</Opcode>\n    <Keywords>0x4000000000000000</Keywords>\n    <TimeCreated SystemTime=\"2024-11-05T01:34:19.484471Z\">\n    </TimeCreated>\n    <EventRecordID>3</EventRecordID>\n    <Correlation>\n    </Correlation>\n    <Execution ProcessID=\"1832\" ThreadID=\"1260\">\n    </Execution>\n    <Channel>Microsoft-Windows-User Profile Service/Operational</Channel>\n    <Computer>DESKTOP-P9H5FTA</Computer>\n    <Security UserID=\"S-1-5-18\">\n    </Security>\n  </System>\n  <EventData>\n    <Data Name=\"LogonType\">Regular</Data>\n    <Data Name=\"LocalPath\">C:\\Users\\defaultuser0</Data>\n    <Data Name=\"ProfileType\">Regular</Data>\n  </EventData>\n</Event>\n",
  "json": "{\"Event\":{\"#attributes\":{\"xmlns\":\"http://schemas.microsoft.com/win/2004/08/events/event\"},\"System\":{\"Provider\":{\"#attributes\":{\"Name\":\"Microsoft-Windows-User Profiles Service\",\"Guid\":\"89B1E9F0-5AFF-44A6-9B44-0A07A7CE5845\"}},\"EventID\":67,\"Version\":0,\"Level\":4,\"Task\":0,\"Opcode\":0,\"Keywords\":\"0x4000000000000000\",\"TimeCreated\":{\"#attributes\":{\"SystemTime\":\"2024-11-05T01:34:19.484471Z\"}},\"EventRecordID\":3,\"Correlation\":null,\"Execution\":{\"#attributes\":{\"ProcessID\":1832,\"ThreadID\":1260}},\"Channel\":\"Microsoft-Windows-User Profile Service/Operational\",\"Computer\":\"DESKTOP-P9H5FTA\",\"Security\":{\"#attributes\":{\"UserID\":\"S-1-5-18\"}}},\"EventData\":{\"LogonType\":\"Regular\",\"LocalPath\":\"C:\\\\Users\\\\defaultuser0\",\"ProfileType\":\"Regular\"}}}",
  "xml_fields": {
    "provider": "Microsoft-Windows-User Profiles Service",
    "event_id": "67",
    "timestamp": "2024-11-05T01:34:19.484471Z",
    "event_record_id": "3",
    "level": "4",
    "task": "0",
    "opcode": "0",
    "keywords": "0x4000000000000000",
    "channel": "Microsoft-Windows-User Profile Service/Operational",
    "computer": "DESKTOP-P9H5FTA",
    "LogonType": "Regular",
    "LocalPath": "C:\\Users\\defaultuser0",
    "ProfileType": "Regular"
  },
  "json_fields": {
    "provider": "Microsoft-Windows-User Profiles Service",
    "channel": "Microsoft-Windows-User Profile Service/Operational",
    "event_id": "67",
    "timestamp": "2024-11-05T01:34:19.484471Z",
    "event_record_id": "3",
    "level": "4",
    "task": "0",
    "opcode": "0",
    "keywords": "0x4000000000000000",
    "computer": "DESKTOP-P9H5FTA",
    "LogonType": "Regular",
    "LocalPath": "C:\\Users\\defaultuser0",
    "ProfileType": "Regular"
  }
}