{
  "event_id": "698",
  "provider": "Microsoft-Windows-AppXDeployment-Server",
  "channel": "Microsoft-Windows-AppXDeploymentServer/Restricted",
  "source_file": "D:\\visual code file\\Project_4\\Event-Analyzer\\test\\Benign\\Logs_Win11_2023\\Microsoft-Windows-AppXDeploymentServer%4Restricted.evtx",
  "event_record_id": 1,
  "xml": "<?xml version=\"1.0\" encoding=\"utf-8\"?>\n<Event xmlns=\"http://schemas.microsoft.com/win/2004/08/events/event\">\n  <System>\n    <Provider Name=\"Microsoft-Windows-AppXDeployment-Server\" Guid=\"3F471139-ACB7-4A01-B7A7-FF5DA4BA2D43\">\n    </Provider>\n    <EventID>698</EventID>\n    <Version>0</Version>\n    <Level>2</Level>\n    <Task>3</Task>\n    <Opcode>0</Opcode>\n    <Keywords>0x1000400000000001</Keywords>\n    <TimeCreated SystemTime=\"2023-10-25T22:53:30.701917Z\">\n    </TimeCreated>\n    <EventRecordID>1</EventRecordID>\n    <Correlation ActivityID=\"D5BBEBF4-0795-0003-FE05-BCD59507DA01\">\n    </Correlation>\n    <Execution ProcessID=\"5348\" ThreadID=\"7452\">\n    </Execution>\n    <Channel>Microsoft-Windows-AppXDeploymentServer/Restricted</Channel>\n    <Computer>WinDevEval</Computer>\n    <Security UserID=\"S-1-5-21-2533829718-189860685-2477588761-500\">\n    </Security>\n  </System>\n  <EventData>\n    <Data Name=\"DeploymentOperation\">2</Data>\n    <Data Name=\"PackageFullName\">Microsoft.NET.Native.Framework.2.2_2.2.29512.0_x64__8wekyb3d8bbwe</Data>\n    <Data Name=\"Path\"> (Microsoft.NET.Native.Framework.2.2_2.2.29512.0_x64__8wekyb3d8bbwe) </Data>\n    <Data Name=\"ErrorCode\">0x80073cf3</Data>\n    <Data Name=\"MountPoint\">C:</Data>\n    <Data Name=\"TargetPlatform\">0x0</Data>\n    <Data Name=\"SystemVolume\">true</Data>\n    <Data Name=\"StorageId\">\\\\?\\Volume{7597d2a3-4404-4f99-b979-6233378a81bf}</Data>\n    <Data Name=\"IsCentennial\">false</Data>\n    <Data Name=\"PackageType\">0x2</Data>\n    <Data Name=\"IsPackageEncrypted\">false</Data>\n    <Data Name=\"DeploymentOptions\">0x1000000000000000</Data>\n    <Data Name=\"IsStreamingPackage\">false</Data>\n    <Data Name=\"IsInRelatedSet\">false</Data>\n    <Data Name=\"IsPackageUsingBDC\">false</Data>\n    <Data Name=\"MainPackageFamilyName\">NULL</Data>\n    <Data Name=\"CallingProcess\">sysprep.exe</Data>\n    <Data Name=\"IsInPlaceUpdate\">0x0</Data>\n    <Data Name=\"ErrorFileInfo\">dependencyresolver.cpp,2129,80073CF3;dependencyresolver.cpp,1690,80073CF3;dependencyresolver.cpp,426,80073CF3;dependencymanager.cpp,39,80073CF3;deploymentrequest.cpp,2400,80073CF3;deploymentrequest.cpp,2568,80073CF3;deploymentrequest.cpp,3305,80073CF9;</Data>\n    <Data Name=\"DetailedMessageInfo\">[{Only Stage and PreRegister Operations can be paused}];</Data>\n    <Data Name=\"RollbackErrorFileInfo\">NULL</Data>\n    <Data Name=\"RollbackDetailedMessageInfo\">NULL</Data>\n    <Data Name=\"IsOptional\">0</Data>\n    <Data Name=\"PackageFlags\">0x8</Data>\n    <Data Name=\"PackageFlags2\">0x800</Data>\n    <Data Name=\"HasWin32alacarte\">false</Data>\n    <Data Name=\"HasFullTrust\">false</Data>\n    <Data Name=\"ExternalLocation\"></Data>\n    <Data Name=\"PackageSourceUri\"></Data>\n    <Data Name=\"PackageDisplayName\">NULL</Data>\n  </EventData>\n</Event>\n",
  "json": "{\"Event\":{\"#attributes\":{\"xmlns\":\"http://schemas.microsoft.com/win/2004/08/events/event\"},\"System\":{\"Provider\":{\"#attributes\":{\"Name\":\"Microsoft-Windows-AppXDeployment-Server\",\"Guid\":\"3F471139-ACB7-4A01-B7A7-FF5DA4BA2D43\"}},\"EventID\":698,\"Version\":0,\"Level\":2,\"Task\":3,\"Opcode\":0,\"Keywords\":\"0x1000400000000001\",\"TimeCreated\":{\"#attributes\":{\"SystemTime\":\"2023-10-25T22:53:30.701917Z\"}},\"EventRecordID\":1,\"Correlation\":{\"#attributes\":{\"ActivityID\":\"D5BBEBF4-0795-0003-FE05-BCD59507DA01\"}},\"Execution\":{\"#attributes\":{\"ProcessID\":5348,\"ThreadID\":7452}},\"Channel\":\"Microsoft-Windows-AppXDeploymentServer/Restricted\",\"Computer\":\"WinDevEval\",\"Security\":{\"#attributes\":{\"UserID\":\"S-1-5-21-2533829718-189860685-2477588761-500\"}}},\"EventData\":{\"DeploymentOperation\":2,\"PackageFullName\":\"Microsoft.NET.Native.Framework.2.2_2.2.29512.0_x64__8wekyb3d8bbwe\",\"Path\":\" (Microsoft.NET.Native.Framework.2.2_2.2.29512.0_x64__8wekyb3d8bbwe) \",\"ErrorCode\":\"0x80073cf3\",\"MountPoint\":\"C:\",\"TargetPlatform\":\"0x0\",\"SystemVolume\":true,\"StorageId\":\"\\\\\\\\?\\\\Volume{7597d2a3-4404-4f99-b979-6233378a81bf}\",\"IsCentennial\":false,\"PackageType\":\"0x2\",\"IsPackageEncrypted\":false,\"DeploymentOptions\":\"0x1000000000000000\",\"IsStreamingPackage\":false,\"IsInRelatedSet\":false,\"IsPackageUsingBDC\":false,\"MainPackageFamilyName\":\"NULL\",\"CallingProcess\":\"sysprep.exe\",\"IsInPlaceUpdate\":\"0x0\",\"ErrorFileInfo\":\"dependencyresolver.cpp,2129,80073CF3;dependencyresolver.cpp,1690,80073CF3;dependencyresolver.cpp,426,80073CF3;dependencymanager.cpp,39,80073CF3;deploymentrequest.cpp,2400,80073CF3;deploymentrequest.cpp,2568,80073CF3;deploymentrequest.cpp,3305,80073CF9;\",\"DetailedMessageInfo\":\"[{Only Stage and PreRegister Operations can be paused}];\",\"RollbackErrorFileInfo\":\"NULL\",\"RollbackDetailedMessageInfo\":\"NULL\",\"IsOptional\":0,\"PackageFlags\":\"0x8\",\"PackageFlags2\":\"0x800\",\"HasWin32alacarte\":false,\"HasFullTrust\":false,\"ExternalLocation\":\"\",\"PackageSourceUri\":\"\",\"PackageDisplayName\":\"NULL\"}}}",
  "xml_fields": {
    "provider": "Microsoft-Windows-AppXDeployment-Server",
    "event_id": "698",
    "timestamp": "2023-10-25T22:53:30.701917Z",
    "event_record_id": "1",
    "level": "2",
    "task": "3",
    "opcode": "0",
    "keywords": "0x1000400000000001",
    "channel": "Microsoft-Windows-AppXDeploymentServer/Restricted",
    "computer": "WinDevEval",
    "DeploymentOperation": "2",
    "PackageFullName": "Microsoft.NET.Native.Framework.2.2_2.2.29512.0_x64__8wekyb3d8bbwe",
    "Path": " (Microsoft.NET.Native.Framework.2.2_2.2.29512.0_x64__8wekyb3d8bbwe) ",
    "ErrorCode": "0x80073cf3",
    "MountPoint": "C:",
    "TargetPlatform": "0x0",
    "SystemVolume": "true",
    "StorageId": "\\\\?\\Volume{7597d2a3-4404-4f99-b979-6233378a81bf}",
    "IsCentennial": "false",
    "PackageType": "0x2",
    "IsPackageEncrypted": "false",
    "DeploymentOptions": "0x1000000000000000",
    "IsStreamingPackage": "false",
    "IsInRelatedSet": "false",
    "IsPackageUsingBDC": "false",
    "MainPackageFamilyName": "NULL",
    "CallingProcess": "sysprep.exe",
    "IsInPlaceUpdate": "0x0",
    "ErrorFileInfo": "dependencyresolver.cpp,2129,80073CF3;dependencyresolver.cpp,1690,80073CF3;dependencyresolver.cpp,426,80073CF3;dependencymanager.cpp,39,80073CF3;deploymentrequest.cpp,2400,80073CF3;deploymentrequest.cpp,2568,80073CF3;deploymentrequest.cpp,3305,80073CF9;",
    "DetailedMessageInfo": "[{Only Stage and PreRegister Operations can be paused}];",
    "RollbackErrorFileInfo": "NULL",
    "RollbackDetailedMessageInfo": "NULL",
    "IsOptional": "0",
    "PackageFlags": "0x8",
    "PackageFlags2": "0x800",
    "HasWin32alacarte": "false",
    "HasFullTrust": "false",
    "ExternalLocation": "",
    "PackageSourceUri": "",
    "PackageDisplayName": "NULL"
  },
  "json_fields": {
    "provider": "Microsoft-Windows-AppXDeployment-Server",
    "channel": "Microsoft-Windows-AppXDeploymentServer/Restricted",
    "event_id": "698",
    "timestamp": "2023-10-25T22:53:30.701917Z",
    "event_record_id": "1",
    "level": "2",
    "task": "3",
    "opcode": "0",
    "keywords": "0x1000400000000001",
    "computer": "WinDevEval",
    "DeploymentOperation": "2",
    "PackageFullName": "Microsoft.NET.Native.Framework.2.2_2.2.29512.0_x64__8wekyb3d8bbwe",
    "Path": " (Microsoft.NET.Native.Framework.2.2_2.2.29512.0_x64__8wekyb3d8bbwe) ",
    "ErrorCode": "0x80073cf3",
    "MountPoint": "C:",
    "TargetPlatform": "0x0",
    "SystemVolume": "True",
    "StorageId": "\\\\?\\Volume{7597d2a3-4404-4f99-b979-6233378a81bf}",
    "IsCentennial": "False",
    "PackageType": "0x2",
    "IsPackageEncrypted": "False",
    "DeploymentOptions": "0x1000000000000000",
    "IsStreamingPackage": "False",
    "IsInRelatedSet": "False",
    "IsPackageUsingBDC": "False",
    "MainPackageFamilyName": "NULL",
    "CallingProcess": "sysprep.exe",
    "IsInPlaceUpdate": "0x0",
    "ErrorFileInfo": "dependencyresolver.cpp,2129,80073CF3;dependencyresolver.cpp,1690,80073CF3;dependencyresolver.cpp,426,80073CF3;dependencymanager.cpp,39,80073CF3;deploymentrequest.cpp,2400,80073CF3;deploymentrequest.cpp,2568,80073CF3;deploymentrequest.cpp,3305,80073CF9;",
    "DetailedMessageInfo": "[{Only Stage and PreRegister Operations can be paused}];",
    "RollbackErrorFileInfo": "NULL",
    "RollbackDetailedMessageInfo": "NULL",
    "IsOptional": "0",
    "PackageFlags": "0x8",
    "PackageFlags2": "0x800",
    "HasWin32alacarte": "False",
    "HasFullTrust": "False",
    "ExternalLocation": "",
    "PackageSourceUri": "",
    "PackageDisplayName": "NULL"
  }
}