{
  "event_id": "69",
  "provider": "Microsoft-Windows-AppModel-Runtime",
  "channel": "Microsoft-Windows-AppModel-Runtime/Admin",
  "source_file": "D:\\visual code file\\Project_4\\Event-Analyzer\\test\\Logs\\Microsoft-Windows-AppModel-Runtime%4Admin.evtx",
  "event_record_id": 6,
  "xml": "<?xml version=\"1.0\" encoding=\"utf-8\"?>\n<Event xmlns=\"http://schemas.microsoft.com/win/2004/08/events/event\">\n  <System>\n    <Provider Name=\"Microsoft-Windows-AppModel-Runtime\" Guid=\"F1EF270A-0D32-4352-BA52-DBAB41E1D859\">\n    </Provider>\n    <EventID>69</EventID>\n    <Version>0</Version>\n    <Level>4</Level>\n    <Task>0</Task>\n    <Opcode>0</Opcode>\n    <Keywords>0x2000000000000001</Keywords>\n    <TimeCreated SystemTime=\"2024-11-04T12:34:58.574393Z\">\n    </TimeCreated>\n    <EventRecordID>6</EventRecordID>\n    <Correlation ActivityID=\"CC60C7CA-2F22-0000-2FCA-60CC222FDB01\">\n    </Correlation>\n    <Execution ProcessID=\"1336\" ThreadID=\"4696\">\n    </Execution>\n    <Channel>Microsoft-Windows-AppModel-Runtime/Admin</Channel>\n    <Computer>DESKTOP-P9H5FTA</Computer>\n    <Security UserID=\"S-1-5-18\">\n    </Security>\n  </System>\n  <EventData>\n    <Data Name=\"ErrorCode\">1168</Data>\n    <Data Name=\"PackageFullName\">Microsoft.BioEnrollment_10.0.19041.1023_neutral__cw5n1h2txyewy</Data>\n    <Data Name=\"User\">S-1-5-21-3088055692-629932344-1786574096-1000</Data>\n    <Data Name=\"DesiredStatus\">32</Data>\n    <Data Name=\"CurrentStatus\">0</Data>\n  </EventData>\n</Event>\n",
  "json": "{\"Event\":{\"#attributes\":{\"xmlns\":\"http://schemas.microsoft.com/win/2004/08/events/event\"},\"System\":{\"Provider\":{\"#attributes\":{\"Name\":\"Microsoft-Windows-AppModel-Runtime\",\"Guid\":\"F1EF270A-0D32-4352-BA52-DBAB41E1D859\"}},\"EventID\":69,\"Version\":0,\"Level\":4,\"Task\":0,\"Opcode\":0,\"Keywords\":\"0x2000000000000001\",\"TimeCreated\":{\"#attributes\":{\"SystemTime\":\"2024-11-04T12:34:58.574393Z\"}},\"EventRecordID\":6,\"Correlation\":{\"#attributes\":{\"ActivityID\":\"CC60C7CA-2F22-0000-2FCA-60CC222FDB01\"}},\"Execution\":{\"#attributes\":{\"ProcessID\":1336,\"ThreadID\":4696}},\"Channel\":\"Microsoft-Windows-AppModel-Runtime/Admin\",\"Computer\":\"DESKTOP-P9H5FTA\",\"Security\":{\"#attributes\":{\"UserID\":\"S-1-5-18\"}}},\"EventData\":{\"ErrorCode\":1168,\"PackageFullName\":\"Microsoft.BioEnrollment_10.0.19041.1023_neutral__cw5n1h2txyewy\",\"User\":\"S-1-5-21-3088055692-629932344-1786574096-1000\",\"DesiredStatus\":32,\"CurrentStatus\":0}}}",
  "xml_fields": {
    "provider": "Microsoft-Windows-AppModel-Runtime",
    "event_id": "69",
    "timestamp": "2024-11-04T12:34:58.574393Z",
    "event_record_id": "6",
    "level": "4",
    "task": "0",
    "opcode": "0",
    "keywords": "0x2000000000000001",
    "channel": "Microsoft-Windows-AppModel-Runtime/Admin",
    "computer": "DESKTOP-P9H5FTA",
    "ErrorCode": "1168",
    "PackageFullName": "Microsoft.BioEnrollment_10.0.19041.1023_neutral__cw5n1h2txyewy",
    "User": "S-1-5-21-3088055692-629932344-1786574096-1000",
    "DesiredStatus": "32",
    "CurrentStatus": "0"
  },
  "json_fields": {
    "provider": "Microsoft-Windows-AppModel-Runtime",
    "channel": "Microsoft-Windows-AppModel-Runtime/Admin",
    "event_id": "69",
    "timestamp": "2024-11-04T12:34:58.574393Z",
    "event_record_id": "6",
    "level": "4",
    "task": "0",
    "opcode": "0",
    "keywords": "0x2000000000000001",
    "computer": "DESKTOP-P9H5FTA",
    "ErrorCode": "1168",
    "PackageFullName": "Microsoft.BioEnrollment_10.0.19041.1023_neutral__cw5n1h2txyewy",
    "User": "S-1-5-21-3088055692-629932344-1786574096-1000",
    "DesiredStatus": "32",
    "CurrentStatus": "0"
  }
}