{
  "event_id": "6",
  "provider": "Microsoft-Windows-BootEvent-Collector",
  "channel": "Microsoft-Windows-BootEvent-Collector/Admin",
  "source_file": "D:\\visual code file\\Project_4\\Event-Analyzer\\test\\Benign\\win2022-0-20348-azure\\Microsoft-Windows-BootEvent-Collector%4Admin.evtx",
  "event_record_id": 2,
  "xml": "<?xml version=\"1.0\" encoding=\"utf-8\"?>\n<Event xmlns=\"http://schemas.microsoft.com/win/2004/08/events/event\">\n  <System>\n    <Provider Name=\"Microsoft-Windows-BootEvent-Collector\" Guid=\"520A0597-4E86-47D6-896F-CB4F252B1698\">\n    </Provider>\n    <EventID>6</EventID>\n    <Version>0</Version>\n    <Level>3</Level>\n    <Task>0</Task>\n    <Opcode>0</Opcode>\n    <Keywords>0x8000000000000000</Keywords>\n    <TimeCreated SystemTime=\"2022-09-18T09:53:00.842423Z\">\n    </TimeCreated>\n    <EventRecordID>2</EventRecordID>\n    <Correlation>\n    </Correlation>\n    <Execution ProcessID=\"4748\" ThreadID=\"2884\">\n    </Execution>\n    <Channel>Microsoft-Windows-BootEvent-Collector/Admin</Channel>\n    <Computer>Agamemnon</Computer>\n    <Security UserID=\"S-1-5-20\">\n    </Security>\n  </System>\n  <EventData>\n    <Data Name=\"Text\">W Collector:720897:0x800b0001: Collector configuration warnings:\n  Configuration:262153:0x80040009: The XML configuration is empty. The collector will do nothing.\n</Data>\n    <Data Name=\"Code\">720897</Data>\n    <Data Name=\"NestedCodeCount\">2</Data>\n    <Data Name=\"NestedCode\">720897</Data>\n    <Data Name=\"NestedCode\">262153</Data>\n  </EventData>\n</Event>\n",
  "json": "{\"Event\":{\"#attributes\":{\"xmlns\":\"http://schemas.microsoft.com/win/2004/08/events/event\"},\"System\":{\"Provider\":{\"#attributes\":{\"Name\":\"Microsoft-Windows-BootEvent-Collector\",\"Guid\":\"520A0597-4E86-47D6-896F-CB4F252B1698\"}},\"EventID\":6,\"Version\":0,\"Level\":3,\"Task\":0,\"Opcode\":0,\"Keywords\":\"0x8000000000000000\",\"TimeCreated\":{\"#attributes\":{\"SystemTime\":\"2022-09-18T09:53:00.842423Z\"}},\"EventRecordID\":2,\"Correlation\":null,\"Execution\":{\"#attributes\":{\"ProcessID\":4748,\"ThreadID\":2884}},\"Channel\":\"Microsoft-Windows-BootEvent-Collector/Admin\",\"Computer\":\"Agamemnon\",\"Security\":{\"#attributes\":{\"UserID\":\"S-1-5-20\"}}},\"EventData\":{\"Text\":\"W Collector:720897:0x800b0001: Collector configuration warnings:\\n  Configuration:262153:0x80040009: The XML configuration is empty. The collector will do nothing.\\n\",\"Code\":720897,\"NestedCodeCount\":2,\"NestedCode\":720897,\"NestedCode\":262153}}}",
  "xml_fields": {
    "provider": "Microsoft-Windows-BootEvent-Collector",
    "event_id": "6",
    "timestamp": "2022-09-18T09:53:00.842423Z",
    "event_record_id": "2",
    "level": "3",
    "task": "0",
    "opcode": "0",
    "keywords": "0x8000000000000000",
    "channel": "Microsoft-Windows-BootEvent-Collector/Admin",
    "computer": "Agamemnon",
    "Text": "W Collector:720897:0x800b0001: Collector configuration warnings:\n  Configuration:262153:0x80040009: The XML configuration is empty. The collector will do nothing.\n",
    "Code": "720897",
    "NestedCodeCount": "2",
    "NestedCode": "262153"
  },
  "json_fields": {
    "provider": "Microsoft-Windows-BootEvent-Collector",
    "channel": "Microsoft-Windows-BootEvent-Collector/Admin",
    "event_id": "6",
    "timestamp": "2022-09-18T09:53:00.842423Z",
    "event_record_id": "2",
    "level": "3",
    "task": "0",
    "opcode": "0",
    "keywords": "0x8000000000000000",
    "computer": "Agamemnon",
    "Text": "W Collector:720897:0x800b0001: Collector configuration warnings:\n  Configuration:262153:0x80040009: The XML configuration is empty. The collector will do nothing.\n",
    "Code": "720897",
    "NestedCodeCount": "2",
    "NestedCode": "262153"
  }
}