{
  "event_id": "6",
  "provider": "Microsoft-Windows-RPC",
  "channel": "None",
  "source_file": "D:\\visual code file\\Project_4\\Event-Analyzer\\test\\Malicious\\EVTX-ATTACK-SAMPLES\\Credential Access\\CA_PetiPotam_etw_rpc_efsr_5_6.evtx",
  "event_record_id": 9,
  "xml": "<?xml version=\"1.0\" encoding=\"utf-8\"?>\n<Event xmlns=\"http://schemas.microsoft.com/win/2004/08/events/event\">\n  <System>\n    <Provider Name=\"Microsoft-Windows-RPC\" Guid=\"{6ad52b32-d609-4be9-ae07-ce8dae937e39}\">\n    </Provider>\n    <EventID>6</EventID>\n    <Version>1</Version>\n    <Level>4</Level>\n    <Task>2</Task>\n    <Opcode>1</Opcode>\n    <Keywords>0x4000000000000000</Keywords>\n    <TimeCreated SystemTime=\"2021-08-17T12:26:48.581025Z\">\n    </TimeCreated>\n    <EventRecordID>136</EventRecordID>\n    <Correlation ActivityID=\"3E67E902-90D3-4BAB-94A9-69707CC1FB5E\">\n    </Correlation>\n    <Execution ProcessID=\"976\" ThreadID=\"23712\">\n    </Execution>\n    <Channel>\n    </Channel>\n    <Computer>LAPTOP-JU4M3I0E</Computer>\n    <Security>\n    </Security>\n  </System>\n  <EventData>\n    <Data Name=\"InterfaceUuid\">367ABB81-9844-35F1-AD32-98F038001003</Data>\n    <Data Name=\"ProcNum\">42</Data>\n    <Data Name=\"Protocol\">3</Data>\n    <Data Name=\"NetworkAddress\">NULL</Data>\n    <Data Name=\"Endpoint\">ntsvcs</Data>\n    <Data Name=\"Options\">NULL</Data>\n    <Data Name=\"AuthenticationLevel\">6</Data>\n    <Data Name=\"AuthenticationService\">20</Data>\n    <Data Name=\"ImpersonationLevel\">0</Data>\n  </EventData>\n</Event>\n",
  "json": "{\"Event\":{\"#attributes\":{\"xmlns\":\"http://schemas.microsoft.com/win/2004/08/events/event\"},\"System\":{\"Provider\":{\"#attributes\":{\"Name\":\"Microsoft-Windows-RPC\",\"Guid\":\"{6ad52b32-d609-4be9-ae07-ce8dae937e39}\"}},\"EventID\":6,\"Version\":1,\"Level\":4,\"Task\":2,\"Opcode\":1,\"Keywords\":\"0x4000000000000000\",\"TimeCreated\":{\"#attributes\":{\"SystemTime\":\"2021-08-17T12:26:48.581025Z\"}},\"EventRecordID\":136,\"Correlation\":{\"#attributes\":{\"ActivityID\":\"3E67E902-90D3-4BAB-94A9-69707CC1FB5E\"}},\"Execution\":{\"#attributes\":{\"ProcessID\":976,\"ThreadID\":23712}},\"Channel\":null,\"Computer\":\"LAPTOP-JU4M3I0E\",\"Security\":null},\"EventData\":{\"InterfaceUuid\":\"367ABB81-9844-35F1-AD32-98F038001003\",\"ProcNum\":42,\"Protocol\":3,\"NetworkAddress\":\"NULL\",\"Endpoint\":\"ntsvcs\",\"Options\":\"NULL\",\"AuthenticationLevel\":6,\"AuthenticationService\":20,\"ImpersonationLevel\":0}}}",
  "xml_fields": {
    "provider": "Microsoft-Windows-RPC",
    "event_id": "6",
    "timestamp": "2021-08-17T12:26:48.581025Z",
    "event_record_id": "136",
    "level": "4",
    "task": "2",
    "opcode": "1",
    "keywords": "0x4000000000000000",
    "channel": "\n    ",
    "computer": "LAPTOP-JU4M3I0E",
    "InterfaceUuid": "367ABB81-9844-35F1-AD32-98F038001003",
    "ProcNum": "42",
    "Protocol": "3",
    "NetworkAddress": "NULL",
    "Endpoint": "ntsvcs",
    "Options": "NULL",
    "AuthenticationLevel": "6",
    "AuthenticationService": "20",
    "ImpersonationLevel": "0"
  },
  "json_fields": {
    "provider": "Microsoft-Windows-RPC",
    "event_id": "6",
    "timestamp": "2021-08-17T12:26:48.581025Z",
    "event_record_id": "136",
    "level": "4",
    "task": "2",
    "opcode": "1",
    "keywords": "0x4000000000000000",
    "computer": "LAPTOP-JU4M3I0E",
    "InterfaceUuid": "367ABB81-9844-35F1-AD32-98F038001003",
    "ProcNum": "42",
    "Protocol": "3",
    "NetworkAddress": "NULL",
    "Endpoint": "ntsvcs",
    "Options": "NULL",
    "AuthenticationLevel": "6",
    "AuthenticationService": "20",
    "ImpersonationLevel": "0"
  }
}