{
  "event_id": "6",
  "provider": "Microsoft-Windows-Sysmon",
  "channel": "Microsoft-Windows-Sysmon/Operational",
  "source_file": "D:\\visual code file\\Project_4\\Event-Analyzer\\test\\Malicious\\EVTX-ATTACK-SAMPLES\\Command and Control\\DE_sysmon-3-rdp-tun.evtx",
  "event_record_id": 16,
  "xml": "<?xml version=\"1.0\" encoding=\"utf-8\"?>\n<Event xmlns=\"http://schemas.microsoft.com/win/2004/08/events/event\">\n  <System>\n    <Provider Name=\"Microsoft-Windows-Sysmon\" Guid=\"5770385F-C22A-43E0-BF4C-06F5698FFBD9\">\n    </Provider>\n    <EventID>6</EventID>\n    <Version>3</Version>\n    <Level>4</Level>\n    <Task>6</Task>\n    <Opcode>0</Opcode>\n    <Keywords>0x8000000000000000</Keywords>\n    <TimeCreated SystemTime=\"2019-02-16T10:04:04.231534Z\">\n    </TimeCreated>\n    <EventRecordID>1940912</EventRecordID>\n    <Correlation>\n    </Correlation>\n    <Execution ProcessID=\"1728\" ThreadID=\"412\">\n    </Execution>\n    <Channel>Microsoft-Windows-Sysmon/Operational</Channel>\n    <Computer>PC01.example.corp</Computer>\n    <Security UserID=\"S-1-5-18\">\n    </Security>\n  </System>\n  <EventData>\n    <Data Name=\"RuleName\"></Data>\n    <Data Name=\"UtcTime\">2019-02-16 10:04:04.231</Data>\n    <Data Name=\"ImageLoaded\">C:\\Windows\\System32\\rdpdd.dll</Data>\n    <Data Name=\"Hashes\">SHA1=853533AD0FD5081E57931D98CF5B1CD4ACBF0601</Data>\n    <Data Name=\"Signed\">true</Data>\n    <Data Name=\"Signature\">Microsoft Windows</Data>\n    <Data Name=\"SignatureStatus\">Valid</Data>\n  </EventData>\n</Event>\n",
  "json": "{\"Event\":{\"#attributes\":{\"xmlns\":\"http://schemas.microsoft.com/win/2004/08/events/event\"},\"System\":{\"Provider\":{\"#attributes\":{\"Name\":\"Microsoft-Windows-Sysmon\",\"Guid\":\"5770385F-C22A-43E0-BF4C-06F5698FFBD9\"}},\"EventID\":6,\"Version\":3,\"Level\":4,\"Task\":6,\"Opcode\":0,\"Keywords\":\"0x8000000000000000\",\"TimeCreated\":{\"#attributes\":{\"SystemTime\":\"2019-02-16T10:04:04.231534Z\"}},\"EventRecordID\":1940912,\"Correlation\":null,\"Execution\":{\"#attributes\":{\"ProcessID\":1728,\"ThreadID\":412}},\"Channel\":\"Microsoft-Windows-Sysmon/Operational\",\"Computer\":\"PC01.example.corp\",\"Security\":{\"#attributes\":{\"UserID\":\"S-1-5-18\"}}},\"EventData\":{\"RuleName\":\"\",\"UtcTime\":\"2019-02-16 10:04:04.231\",\"ImageLoaded\":\"C:\\\\Windows\\\\System32\\\\rdpdd.dll\",\"Hashes\":\"SHA1=853533AD0FD5081E57931D98CF5B1CD4ACBF0601\",\"Signed\":\"true\",\"Signature\":\"Microsoft Windows\",\"SignatureStatus\":\"Valid\"}}}",
  "xml_fields": {
    "provider": "Microsoft-Windows-Sysmon",
    "event_id": "6",
    "timestamp": "2019-02-16T10:04:04.231534Z",
    "event_record_id": "1940912",
    "level": "4",
    "task": "6",
    "opcode": "0",
    "keywords": "0x8000000000000000",
    "channel": "Microsoft-Windows-Sysmon/Operational",
    "computer": "PC01.example.corp",
    "RuleName": "",
    "UtcTime": "2019-02-16 10:04:04.231",
    "ImageLoaded": "C:\\Windows\\System32\\rdpdd.dll",
    "Hashes": "SHA1=853533AD0FD5081E57931D98CF5B1CD4ACBF0601",
    "Signed": "true",
    "Signature": "Microsoft Windows",
    "SignatureStatus": "Valid"
  },
  "json_fields": {
    "provider": "Microsoft-Windows-Sysmon",
    "channel": "Microsoft-Windows-Sysmon/Operational",
    "event_id": "6",
    "timestamp": "2019-02-16T10:04:04.231534Z",
    "event_record_id": "1940912",
    "level": "4",
    "task": "6",
    "opcode": "0",
    "keywords": "0x8000000000000000",
    "computer": "PC01.example.corp",
    "RuleName": "",
    "UtcTime": "2019-02-16 10:04:04.231",
    "ImageLoaded": "C:\\Windows\\System32\\rdpdd.dll",
    "Hashes": "SHA1=853533AD0FD5081E57931D98CF5B1CD4ACBF0601",
    "Signed": "true",
    "Signature": "Microsoft Windows",
    "SignatureStatus": "Valid"
  }
}