{
  "event_id": "6",
  "provider": "Microsoft-Windows-Bits-Client",
  "channel": "Microsoft-Windows-Bits-Client/Operational",
  "source_file": "D:\\visual code file\\Project_4\\Event-Analyzer\\test\\Benign\\Logs_Win11_2023\\Microsoft-Windows-Bits-Client%4Operational.evtx",
  "event_record_id": 32,
  "xml": "<?xml version=\"1.0\" encoding=\"utf-8\"?>\n<Event xmlns=\"http://schemas.microsoft.com/win/2004/08/events/event\">\n  <System>\n    <Provider Name=\"Microsoft-Windows-Bits-Client\" Guid=\"EF1CC15B-46C1-414E-BB95-E76B077BD51E\">\n    </Provider>\n    <EventID>6</EventID>\n    <Version>0</Version>\n    <Level>4</Level>\n    <Task>0</Task>\n    <Opcode>0</Opcode>\n    <Keywords>0x4000000000000000</Keywords>\n    <TimeCreated SystemTime=\"2023-10-25T21:25:55.426533Z\">\n    </TimeCreated>\n    <EventRecordID>32</EventRecordID>\n    <Correlation ActivityID=\"DE03B784-07C3-0003-E610-04DEC307DA01\">\n    </Correlation>\n    <Execution ProcessID=\"4940\" ThreadID=\"5896\">\n    </Execution>\n    <Channel>Microsoft-Windows-Bits-Client/Operational</Channel>\n    <Computer>WinDevEval</Computer>\n    <Security UserID=\"S-1-5-18\">\n    </Security>\n  </System>\n  <EventData>\n    <Data Name=\"jobId\">F36CA3CE-3AEB-4592-B4ED-D23E59938DF9</Data>\n    <Data Name=\"jobOwner\">NT AUTHORITY\\SYSTEM</Data>\n    <Data Name=\"program\">C:\\Windows\\system32\\directxdatabaseupdater.exe</Data>\n    <Data Name=\"parameters\">C:\\Windows\\system32\\directxdatabaseupdater.exe -DatabaseComplete {F36CA3CE-3AEB-4592-B4ED-D23E59938DF9}</Data>\n  </EventData>\n</Event>\n",
  "json": "{\"Event\":{\"#attributes\":{\"xmlns\":\"http://schemas.microsoft.com/win/2004/08/events/event\"},\"System\":{\"Provider\":{\"#attributes\":{\"Name\":\"Microsoft-Windows-Bits-Client\",\"Guid\":\"EF1CC15B-46C1-414E-BB95-E76B077BD51E\"}},\"EventID\":6,\"Version\":0,\"Level\":4,\"Task\":0,\"Opcode\":0,\"Keywords\":\"0x4000000000000000\",\"TimeCreated\":{\"#attributes\":{\"SystemTime\":\"2023-10-25T21:25:55.426533Z\"}},\"EventRecordID\":32,\"Correlation\":{\"#attributes\":{\"ActivityID\":\"DE03B784-07C3-0003-E610-04DEC307DA01\"}},\"Execution\":{\"#attributes\":{\"ProcessID\":4940,\"ThreadID\":5896}},\"Channel\":\"Microsoft-Windows-Bits-Client/Operational\",\"Computer\":\"WinDevEval\",\"Security\":{\"#attributes\":{\"UserID\":\"S-1-5-18\"}}},\"EventData\":{\"jobId\":\"F36CA3CE-3AEB-4592-B4ED-D23E59938DF9\",\"jobOwner\":\"NT AUTHORITY\\\\SYSTEM\",\"program\":\"C:\\\\Windows\\\\system32\\\\directxdatabaseupdater.exe\",\"parameters\":\"C:\\\\Windows\\\\system32\\\\directxdatabaseupdater.exe -DatabaseComplete {F36CA3CE-3AEB-4592-B4ED-D23E59938DF9}\"}}}",
  "xml_fields": {
    "provider": "Microsoft-Windows-Bits-Client",
    "event_id": "6",
    "timestamp": "2023-10-25T21:25:55.426533Z",
    "event_record_id": "32",
    "level": "4",
    "task": "0",
    "opcode": "0",
    "keywords": "0x4000000000000000",
    "channel": "Microsoft-Windows-Bits-Client/Operational",
    "computer": "WinDevEval",
    "jobId": "F36CA3CE-3AEB-4592-B4ED-D23E59938DF9",
    "jobOwner": "NT AUTHORITY\\SYSTEM",
    "program": "C:\\Windows\\system32\\directxdatabaseupdater.exe",
    "parameters": "C:\\Windows\\system32\\directxdatabaseupdater.exe -DatabaseComplete {F36CA3CE-3AEB-4592-B4ED-D23E59938DF9}"
  },
  "json_fields": {
    "provider": "Microsoft-Windows-Bits-Client",
    "channel": "Microsoft-Windows-Bits-Client/Operational",
    "event_id": "6",
    "timestamp": "2023-10-25T21:25:55.426533Z",
    "event_record_id": "32",
    "level": "4",
    "task": "0",
    "opcode": "0",
    "keywords": "0x4000000000000000",
    "computer": "WinDevEval",
    "jobId": "F36CA3CE-3AEB-4592-B4ED-D23E59938DF9",
    "jobOwner": "NT AUTHORITY\\SYSTEM",
    "program": "C:\\Windows\\system32\\directxdatabaseupdater.exe",
    "parameters": "C:\\Windows\\system32\\directxdatabaseupdater.exe -DatabaseComplete {F36CA3CE-3AEB-4592-B4ED-D23E59938DF9}"
  }
}