{
  "event_id": "6",
  "provider": "Microsoft-Windows-CertificateServicesClient-AutoEnrollment",
  "channel": "Application",
  "source_file": "D:\\visual code file\\Project_4\\Event-Analyzer\\test\\Benign\\Win2022-AD\\Application.evtx",
  "event_record_id": 112,
  "xml": "<?xml version=\"1.0\" encoding=\"utf-8\"?>\n<Event xmlns=\"http://schemas.microsoft.com/win/2004/08/events/event\">\n  <System>\n    <Provider Name=\"Microsoft-Windows-CertificateServicesClient-AutoEnrollment\" Guid=\"{F0DB7EF8-B6F3-4005-9937-FEB77B9E1B43}\" EventSourceName=\"AutoEnrollment\">\n    </Provider>\n    <EventID Qualifiers=\"16384\">6</EventID>\n    <Version>0</Version>\n    <Level>2</Level>\n    <Task>0</Task>\n    <Opcode>0</Opcode>\n    <Keywords>0x80000000000000</Keywords>\n    <TimeCreated SystemTime=\"2022-04-07T08:15:12.653840Z\">\n    </TimeCreated>\n    <EventRecordID>112</EventRecordID>\n    <Correlation>\n    </Correlation>\n    <Execution ProcessID=\"0\" ThreadID=\"0\">\n    </Execution>\n    <Channel>Application</Channel>\n    <Computer>WIN-FPV0DSIC9O6.sigma.fr</Computer>\n    <Security>\n    </Security>\n  </System>\n  <EventData>\n    <Data Name=\"Context\">local system</Data>\n    <Data Name=\"ErrorCode\">0x8007054b</Data>\n    <Data Name=\"ErrorMsg\">The specified domain either does not exist or could not be contacted.\r\n</Data>\n  </EventData>\n</Event>\n",
  "json": "{\"Event\":{\"#attributes\":{\"xmlns\":\"http://schemas.microsoft.com/win/2004/08/events/event\"},\"System\":{\"Provider\":{\"#attributes\":{\"Name\":\"Microsoft-Windows-CertificateServicesClient-AutoEnrollment\",\"Guid\":\"{F0DB7EF8-B6F3-4005-9937-FEB77B9E1B43}\",\"EventSourceName\":\"AutoEnrollment\"}},\"EventID\":{\"#attributes\":{\"Qualifiers\":16384},\"#text\":6},\"Version\":0,\"Level\":2,\"Task\":0,\"Opcode\":0,\"Keywords\":\"0x80000000000000\",\"TimeCreated\":{\"#attributes\":{\"SystemTime\":\"2022-04-07T08:15:12.653840Z\"}},\"EventRecordID\":112,\"Correlation\":null,\"Execution\":{\"#attributes\":{\"ProcessID\":0,\"ThreadID\":0}},\"Channel\":\"Application\",\"Computer\":\"WIN-FPV0DSIC9O6.sigma.fr\",\"Security\":null},\"EventData\":{\"Context\":\"local system\",\"ErrorCode\":\"0x8007054b\",\"ErrorMsg\":\"The specified domain either does not exist or could not be contacted.\\r\\n\"}}}",
  "xml_fields": {
    "provider": "Microsoft-Windows-CertificateServicesClient-AutoEnrollment",
    "event_id": "6",
    "timestamp": "2022-04-07T08:15:12.653840Z",
    "event_record_id": "112",
    "level": "2",
    "task": "0",
    "opcode": "0",
    "keywords": "0x80000000000000",
    "channel": "Application",
    "computer": "WIN-FPV0DSIC9O6.sigma.fr",
    "Context": "local system",
    "ErrorCode": "0x8007054b",
    "ErrorMsg": "The specified domain either does not exist or could not be contacted.\n"
  },
  "json_fields": {
    "provider": "Microsoft-Windows-CertificateServicesClient-AutoEnrollment",
    "channel": "Application",
    "event_id": "6",
    "timestamp": "2022-04-07T08:15:12.653840Z",
    "event_record_id": "112",
    "level": "2",
    "task": "0",
    "opcode": "0",
    "keywords": "0x80000000000000",
    "computer": "WIN-FPV0DSIC9O6.sigma.fr",
    "Context": "local system",
    "ErrorCode": "0x8007054b",
    "ErrorMsg": "The specified domain either does not exist or could not be contacted.\r\n"
  }
}