{
  "event_id": "6",
  "provider": "Microsoft-Windows-FilterManager",
  "channel": "System",
  "source_file": "D:\\visual code file\\Project_4\\Event-Analyzer\\test\\Logs\\System.evtx",
  "event_record_id": 1110,
  "xml": "<?xml version=\"1.0\" encoding=\"utf-8\"?>\n<Event xmlns=\"http://schemas.microsoft.com/win/2004/08/events/event\">\n  <System>\n    <Provider Name=\"Microsoft-Windows-FilterManager\" Guid=\"F3C5E28E-63F6-49C7-A204-E48A1BC4B09D\">\n    </Provider>\n    <EventID>6</EventID>\n    <Version>0</Version>\n    <Level>4</Level>\n    <Task>0</Task>\n    <Opcode>0</Opcode>\n    <Keywords>0x8000000000000000</Keywords>\n    <TimeCreated SystemTime=\"2025-01-24T10:50:02.961773Z\">\n    </TimeCreated>\n    <EventRecordID>1110</EventRecordID>\n    <Correlation>\n    </Correlation>\n    <Execution ProcessID=\"4\" ThreadID=\"8\">\n    </Execution>\n    <Channel>System</Channel>\n    <Computer>CTO-FILESVR</Computer>\n    <Security UserID=\"S-1-5-18\">\n    </Security>\n  </System>\n  <EventData>\n    <Data Name=\"FinalStatus\">0x0</Data>\n    <Data Name=\"DeviceVersionMajor\">10</Data>\n    <Data Name=\"DeviceVersionMinor\">0</Data>\n    <Data Name=\"DeviceNameLength\">8</Data>\n    <Data Name=\"DeviceName\">FileInfo</Data>\n    <Data Name=\"DeviceTime\">2062-12-22T21:21:06.000000Z</Data>\n  </EventData>\n</Event>\n",
  "json": "{\"Event\":{\"#attributes\":{\"xmlns\":\"http://schemas.microsoft.com/win/2004/08/events/event\"},\"System\":{\"Provider\":{\"#attributes\":{\"Name\":\"Microsoft-Windows-FilterManager\",\"Guid\":\"F3C5E28E-63F6-49C7-A204-E48A1BC4B09D\"}},\"EventID\":6,\"Version\":0,\"Level\":4,\"Task\":0,\"Opcode\":0,\"Keywords\":\"0x8000000000000000\",\"TimeCreated\":{\"#attributes\":{\"SystemTime\":\"2025-01-24T10:50:02.961773Z\"}},\"EventRecordID\":1110,\"Correlation\":null,\"Execution\":{\"#attributes\":{\"ProcessID\":4,\"ThreadID\":8}},\"Channel\":\"System\",\"Computer\":\"CTO-FILESVR\",\"Security\":{\"#attributes\":{\"UserID\":\"S-1-5-18\"}}},\"EventData\":{\"FinalStatus\":\"0x0\",\"DeviceVersionMajor\":10,\"DeviceVersionMinor\":0,\"DeviceNameLength\":8,\"DeviceName\":\"FileInfo\",\"DeviceTime\":\"2062-12-22T21:21:06.000000Z\"}}}",
  "xml_fields": {
    "provider": "Microsoft-Windows-FilterManager",
    "event_id": "6",
    "timestamp": "2025-01-24T10:50:02.961773Z",
    "event_record_id": "1110",
    "level": "4",
    "task": "0",
    "opcode": "0",
    "keywords": "0x8000000000000000",
    "channel": "System",
    "computer": "CTO-FILESVR",
    "FinalStatus": "0x0",
    "DeviceVersionMajor": "10",
    "DeviceVersionMinor": "0",
    "DeviceNameLength": "8",
    "DeviceName": "FileInfo",
    "DeviceTime": "2062-12-22T21:21:06.000000Z"
  },
  "json_fields": {
    "provider": "Microsoft-Windows-FilterManager",
    "channel": "System",
    "event_id": "6",
    "timestamp": "2025-01-24T10:50:02.961773Z",
    "event_record_id": "1110",
    "level": "4",
    "task": "0",
    "opcode": "0",
    "keywords": "0x8000000000000000",
    "computer": "CTO-FILESVR",
    "FinalStatus": "0x0",
    "DeviceVersionMajor": "10",
    "DeviceVersionMinor": "0",
    "DeviceNameLength": "8",
    "DeviceName": "FileInfo",
    "DeviceTime": "2062-12-22T21:21:06.000000Z"
  }
}