{
  "event_id": "7000",
  "provider": "Service Control Manager",
  "channel": "System",
  "source_file": "D:\\visual code file\\Project_4\\Event-Analyzer\\test\\Malicious\\EVTX-to-MITRE-Attack-master\\TA0002-Execution\\T1569.002-Service execution\\ID7000,7009,7045-Payload deployed via service - Tchopper.evtx",
  "event_record_id": 3,
  "xml": "<?xml version=\"1.0\" encoding=\"utf-8\"?>\n<Event xmlns=\"http://schemas.microsoft.com/win/2004/08/events/event\">\n  <System>\n    <Provider Name=\"Service Control Manager\" Guid=\"{555908d1-a6d7-4695-8e1e-26931d2012f4}\" EventSourceName=\"Service Control Manager\">\n    </Provider>\n    <EventID Qualifiers=\"49152\">7000</EventID>\n    <Version>0</Version>\n    <Level>2</Level>\n    <Task>0</Task>\n    <Opcode>0</Opcode>\n    <Keywords>0x8080000000000000</Keywords>\n    <TimeCreated SystemTime=\"2021-11-03T08:15:15.226956Z\">\n    </TimeCreated>\n    <EventRecordID>9310</EventRecordID>\n    <Correlation>\n    </Correlation>\n    <Execution ProcessID=\"484\" ThreadID=\"2512\">\n    </Execution>\n    <Channel>System</Channel>\n    <Computer>FS03.offsec.lan</Computer>\n    <Security>\n    </Security>\n  </System>\n  <EventData>\n    <Data Name=\"param1\">IyMjIyMjIyMjIyMjIyMjIyMjIyMjIyMjIyMjIyMjIyMjIyMjIyMjIyMjIyMjIyMjIyMjIyMjIyMjIyMjIyMjIyMjIyMjIyMjIyMjIyMjIyMjIyMjIyMjIyMjIyMjIyMjIw0KIyBUaGlzIFBvd2Vyc2</Data>\n    <Data Name=\"param2\">%%1053</Data>\n    <Binary>73006500670031000000</Binary>\n  </EventData>\n</Event>\n",
  "json": "{\"Event\":{\"#attributes\":{\"xmlns\":\"http://schemas.microsoft.com/win/2004/08/events/event\"},\"System\":{\"Provider\":{\"#attributes\":{\"Name\":\"Service Control Manager\",\"Guid\":\"{555908d1-a6d7-4695-8e1e-26931d2012f4}\",\"EventSourceName\":\"Service Control Manager\"}},\"EventID\":{\"#attributes\":{\"Qualifiers\":49152},\"#text\":7000},\"Version\":0,\"Level\":2,\"Task\":0,\"Opcode\":0,\"Keywords\":\"0x8080000000000000\",\"TimeCreated\":{\"#attributes\":{\"SystemTime\":\"2021-11-03T08:15:15.226956Z\"}},\"EventRecordID\":9310,\"Correlation\":null,\"Execution\":{\"#attributes\":{\"ProcessID\":484,\"ThreadID\":2512}},\"Channel\":\"System\",\"Computer\":\"FS03.offsec.lan\",\"Security\":null},\"EventData\":{\"param1\":\"IyMjIyMjIyMjIyMjIyMjIyMjIyMjIyMjIyMjIyMjIyMjIyMjIyMjIyMjIyMjIyMjIyMjIyMjIyMjIyMjIyMjIyMjIyMjIyMjIyMjIyMjIyMjIyMjIyMjIyMjIyMjIyMjIw0KIyBUaGlzIFBvd2Vyc2\",\"param2\":\"%%1053\",\"Binary\":\"73006500670031000000\"}}}",
  "xml_fields": {
    "provider": "Service Control Manager",
    "event_id": "7000",
    "timestamp": "2021-11-03T08:15:15.226956Z",
    "event_record_id": "9310",
    "level": "2",
    "task": "0",
    "opcode": "0",
    "keywords": "0x8080000000000000",
    "channel": "System",
    "computer": "FS03.offsec.lan",
    "param1": "IyMjIyMjIyMjIyMjIyMjIyMjIyMjIyMjIyMjIyMjIyMjIyMjIyMjIyMjIyMjIyMjIyMjIyMjIyMjIyMjIyMjIyMjIyMjIyMjIyMjIyMjIyMjIyMjIyMjIyMjIyMjIyMjIw0KIyBUaGlzIFBvd2Vyc2",
    "param2": "%%1053",
    "Binary": "73006500670031000000"
  },
  "json_fields": {
    "provider": "Service Control Manager",
    "channel": "System",
    "event_id": "7000",
    "timestamp": "2021-11-03T08:15:15.226956Z",
    "event_record_id": "9310",
    "level": "2",
    "task": "0",
    "opcode": "0",
    "keywords": "0x8080000000000000",
    "computer": "FS03.offsec.lan",
    "param1": "IyMjIyMjIyMjIyMjIyMjIyMjIyMjIyMjIyMjIyMjIyMjIyMjIyMjIyMjIyMjIyMjIyMjIyMjIyMjIyMjIyMjIyMjIyMjIyMjIyMjIyMjIyMjIyMjIyMjIyMjIyMjIyMjIw0KIyBUaGlzIFBvd2Vyc2",
    "param2": "%%1053",
    "Binary": "73006500670031000000"
  }
}