{
  "event_id": "7002",
  "provider": "Microsoft-Windows-Winlogon",
  "channel": "System",
  "source_file": "D:\\visual code file\\Project_4\\Event-Analyzer\\test\\Logs\\System.evtx",
  "event_record_id": 1055,
  "xml": "<?xml version=\"1.0\" encoding=\"utf-8\"?>\n<Event xmlns=\"http://schemas.microsoft.com/win/2004/08/events/event\">\n  <System>\n    <Provider Name=\"Microsoft-Windows-Winlogon\" Guid=\"DBE9B383-7CF3-4331-91CC-A3CB16A3B538\">\n    </Provider>\n    <EventID>7002</EventID>\n    <Version>0</Version>\n    <Level>4</Level>\n    <Task>1102</Task>\n    <Opcode>0</Opcode>\n    <Keywords>0x2000200000000000</Keywords>\n    <TimeCreated SystemTime=\"2025-01-24T10:39:22.341114Z\">\n    </TimeCreated>\n    <EventRecordID>1055</EventRecordID>\n    <Correlation>\n    </Correlation>\n    <Execution ProcessID=\"592\" ThreadID=\"292\">\n    </Execution>\n    <Channel>System</Channel>\n    <Computer>CTO-FILESVR</Computer>\n    <Security UserID=\"S-1-5-18\">\n    </Security>\n  </System>\n  <EventData>\n    <Data Name=\"TSId\">1</Data>\n    <Data Name=\"UserSid\">S-1-5-21-3088055692-629932344-1786574096-1002</Data>\n  </EventData>\n</Event>\n",
  "json": "{\"Event\":{\"#attributes\":{\"xmlns\":\"http://schemas.microsoft.com/win/2004/08/events/event\"},\"System\":{\"Provider\":{\"#attributes\":{\"Name\":\"Microsoft-Windows-Winlogon\",\"Guid\":\"DBE9B383-7CF3-4331-91CC-A3CB16A3B538\"}},\"EventID\":7002,\"Version\":0,\"Level\":4,\"Task\":1102,\"Opcode\":0,\"Keywords\":\"0x2000200000000000\",\"TimeCreated\":{\"#attributes\":{\"SystemTime\":\"2025-01-24T10:39:22.341114Z\"}},\"EventRecordID\":1055,\"Correlation\":null,\"Execution\":{\"#attributes\":{\"ProcessID\":592,\"ThreadID\":292}},\"Channel\":\"System\",\"Computer\":\"CTO-FILESVR\",\"Security\":{\"#attributes\":{\"UserID\":\"S-1-5-18\"}}},\"EventData\":{\"TSId\":1,\"UserSid\":\"S-1-5-21-3088055692-629932344-1786574096-1002\"}}}",
  "xml_fields": {
    "provider": "Microsoft-Windows-Winlogon",
    "event_id": "7002",
    "timestamp": "2025-01-24T10:39:22.341114Z",
    "event_record_id": "1055",
    "level": "4",
    "task": "1102",
    "opcode": "0",
    "keywords": "0x2000200000000000",
    "channel": "System",
    "computer": "CTO-FILESVR",
    "TSId": "1",
    "UserSid": "S-1-5-21-3088055692-629932344-1786574096-1002"
  },
  "json_fields": {
    "provider": "Microsoft-Windows-Winlogon",
    "channel": "System",
    "event_id": "7002",
    "timestamp": "2025-01-24T10:39:22.341114Z",
    "event_record_id": "1055",
    "level": "4",
    "task": "1102",
    "opcode": "0",
    "keywords": "0x2000200000000000",
    "computer": "CTO-FILESVR",
    "TSId": "1",
    "UserSid": "S-1-5-21-3088055692-629932344-1786574096-1002"
  }
}