{
  "event_id": "7023",
  "provider": "Service Control Manager",
  "channel": "System",
  "source_file": "D:\\visual code file\\Project_4\\Event-Analyzer\\test\\Logs\\System.evtx",
  "event_record_id": 1201,
  "xml": "<?xml version=\"1.0\" encoding=\"utf-8\"?>\n<Event xmlns=\"http://schemas.microsoft.com/win/2004/08/events/event\">\n  <System>\n    <Provider Name=\"Service Control Manager\" Guid=\"{555908d1-a6d7-4695-8e1e-26931d2012f4}\" EventSourceName=\"Service Control Manager\">\n    </Provider>\n    <EventID Qualifiers=\"49152\">7023</EventID>\n    <Version>0</Version>\n    <Level>2</Level>\n    <Task>0</Task>\n    <Opcode>0</Opcode>\n    <Keywords>0x8080000000000000</Keywords>\n    <TimeCreated SystemTime=\"2025-01-24T10:52:10.161349Z\">\n    </TimeCreated>\n    <EventRecordID>1201</EventRecordID>\n    <Correlation>\n    </Correlation>\n    <Execution ProcessID=\"616\" ThreadID=\"3332\">\n    </Execution>\n    <Channel>System</Channel>\n    <Computer>CTO-FILESVR</Computer>\n    <Security>\n    </Security>\n  </System>\n  <EventData>\n    <Data Name=\"param1\">System Guard Runtime Monitor Broker</Data>\n    <Data Name=\"param2\">%%3489660935</Data>\n    <Binary>5300670072006D00420072006F006B00650072000000</Binary>\n  </EventData>\n</Event>\n",
  "json": "{\"Event\":{\"#attributes\":{\"xmlns\":\"http://schemas.microsoft.com/win/2004/08/events/event\"},\"System\":{\"Provider\":{\"#attributes\":{\"Name\":\"Service Control Manager\",\"Guid\":\"{555908d1-a6d7-4695-8e1e-26931d2012f4}\",\"EventSourceName\":\"Service Control Manager\"}},\"EventID\":{\"#attributes\":{\"Qualifiers\":49152},\"#text\":7023},\"Version\":0,\"Level\":2,\"Task\":0,\"Opcode\":0,\"Keywords\":\"0x8080000000000000\",\"TimeCreated\":{\"#attributes\":{\"SystemTime\":\"2025-01-24T10:52:10.161349Z\"}},\"EventRecordID\":1201,\"Correlation\":null,\"Execution\":{\"#attributes\":{\"ProcessID\":616,\"ThreadID\":3332}},\"Channel\":\"System\",\"Computer\":\"CTO-FILESVR\",\"Security\":null},\"EventData\":{\"param1\":\"System Guard Runtime Monitor Broker\",\"param2\":\"%%3489660935\",\"Binary\":\"5300670072006D00420072006F006B00650072000000\"}}}",
  "xml_fields": {
    "provider": "Service Control Manager",
    "event_id": "7023",
    "timestamp": "2025-01-24T10:52:10.161349Z",
    "event_record_id": "1201",
    "level": "2",
    "task": "0",
    "opcode": "0",
    "keywords": "0x8080000000000000",
    "channel": "System",
    "computer": "CTO-FILESVR",
    "param1": "System Guard Runtime Monitor Broker",
    "param2": "%%3489660935",
    "Binary": "5300670072006D00420072006F006B00650072000000"
  },
  "json_fields": {
    "provider": "Service Control Manager",
    "channel": "System",
    "event_id": "7023",
    "timestamp": "2025-01-24T10:52:10.161349Z",
    "event_record_id": "1201",
    "level": "2",
    "task": "0",
    "opcode": "0",
    "keywords": "0x8080000000000000",
    "computer": "CTO-FILESVR",
    "param1": "System Guard Runtime Monitor Broker",
    "param2": "%%3489660935",
    "Binary": "5300670072006D00420072006F006B00650072000000"
  }
}