{
  "event_id": "7026",
  "provider": "Service Control Manager",
  "channel": "System",
  "source_file": "D:\\visual code file\\Project_4\\Event-Analyzer\\test\\Logs\\System.evtx",
  "event_record_id": 1139,
  "xml": "<?xml version=\"1.0\" encoding=\"utf-8\"?>\n<Event xmlns=\"http://schemas.microsoft.com/win/2004/08/events/event\">\n  <System>\n    <Provider Name=\"Service Control Manager\" Guid=\"{555908d1-a6d7-4695-8e1e-26931d2012f4}\" EventSourceName=\"Service Control Manager\">\n    </Provider>\n    <EventID Qualifiers=\"49152\">7026</EventID>\n    <Version>0</Version>\n    <Level>4</Level>\n    <Task>0</Task>\n    <Opcode>0</Opcode>\n    <Keywords>0x8080000000000000</Keywords>\n    <TimeCreated SystemTime=\"2025-01-24T10:50:08.508457Z\">\n    </TimeCreated>\n    <EventRecordID>1139</EventRecordID>\n    <Correlation>\n    </Correlation>\n    <Execution ProcessID=\"616\" ThreadID=\"620\">\n    </Execution>\n    <Channel>System</Channel>\n    <Computer>CTO-FILESVR</Computer>\n    <Security>\n    </Security>\n  </System>\n  <EventData>\n    <Data Name=\"param1\">\r\ndam</Data>\n  </EventData>\n</Event>\n",
  "json": "{\"Event\":{\"#attributes\":{\"xmlns\":\"http://schemas.microsoft.com/win/2004/08/events/event\"},\"System\":{\"Provider\":{\"#attributes\":{\"Name\":\"Service Control Manager\",\"Guid\":\"{555908d1-a6d7-4695-8e1e-26931d2012f4}\",\"EventSourceName\":\"Service Control Manager\"}},\"EventID\":{\"#attributes\":{\"Qualifiers\":49152},\"#text\":7026},\"Version\":0,\"Level\":4,\"Task\":0,\"Opcode\":0,\"Keywords\":\"0x8080000000000000\",\"TimeCreated\":{\"#attributes\":{\"SystemTime\":\"2025-01-24T10:50:08.508457Z\"}},\"EventRecordID\":1139,\"Correlation\":null,\"Execution\":{\"#attributes\":{\"ProcessID\":616,\"ThreadID\":620}},\"Channel\":\"System\",\"Computer\":\"CTO-FILESVR\",\"Security\":null},\"EventData\":{\"param1\":\"\\r\\ndam\"}}}",
  "xml_fields": {
    "provider": "Service Control Manager",
    "event_id": "7026",
    "timestamp": "2025-01-24T10:50:08.508457Z",
    "event_record_id": "1139",
    "level": "4",
    "task": "0",
    "opcode": "0",
    "keywords": "0x8080000000000000",
    "channel": "System",
    "computer": "CTO-FILESVR",
    "param1": "\ndam"
  },
  "json_fields": {
    "provider": "Service Control Manager",
    "channel": "System",
    "event_id": "7026",
    "timestamp": "2025-01-24T10:50:08.508457Z",
    "event_record_id": "1139",
    "level": "4",
    "task": "0",
    "opcode": "0",
    "keywords": "0x8080000000000000",
    "computer": "CTO-FILESVR",
    "param1": "\r\ndam"
  }
}