{
  "event_id": "7028",
  "provider": "Microsoft-Windows-AppXDeployment-Server",
  "channel": "Microsoft-Windows-AppXDeploymentServer/Operational",
  "source_file": "D:\\visual code file\\Project_4\\Event-Analyzer\\test\\Logs\\Microsoft-Windows-AppXDeploymentServer%4Operational.evtx",
  "event_record_id": 13848,
  "xml": "<?xml version=\"1.0\" encoding=\"utf-8\"?>\n<Event xmlns=\"http://schemas.microsoft.com/win/2004/08/events/event\">\n  <System>\n    <Provider Name=\"Microsoft-Windows-AppXDeployment-Server\" Guid=\"3F471139-ACB7-4A01-B7A7-FF5DA4BA2D43\">\n    </Provider>\n    <EventID>7028</EventID>\n    <Version>0</Version>\n    <Level>3</Level>\n    <Task>0</Task>\n    <Opcode>0</Opcode>\n    <Keywords>0x4000000000010000</Keywords>\n    <TimeCreated SystemTime=\"2025-01-24T10:52:50.426363Z\">\n    </TimeCreated>\n    <EventRecordID>13848</EventRecordID>\n    <Correlation ActivityID=\"B61EC021-6E4D-0002-7BC9-1EB64D6EDB01\">\n    </Correlation>\n    <Execution ProcessID=\"1320\" ThreadID=\"5240\">\n    </Execution>\n    <Channel>Microsoft-Windows-AppXDeploymentServer/Operational</Channel>\n    <Computer>CTO-FILESVR</Computer>\n    <Security UserID=\"S-1-5-18\">\n    </Security>\n  </System>\n  <EventData>\n    <Data Name=\"PackageMoniker\">Microsoft.Windows.AssignedAccessLockApp_1000.19041.1023.0_neutral_neutral_cw5n1h2txyewy</Data>\n  </EventData>\n</Event>\n",
  "json": "{\"Event\":{\"#attributes\":{\"xmlns\":\"http://schemas.microsoft.com/win/2004/08/events/event\"},\"System\":{\"Provider\":{\"#attributes\":{\"Name\":\"Microsoft-Windows-AppXDeployment-Server\",\"Guid\":\"3F471139-ACB7-4A01-B7A7-FF5DA4BA2D43\"}},\"EventID\":7028,\"Version\":0,\"Level\":3,\"Task\":0,\"Opcode\":0,\"Keywords\":\"0x4000000000010000\",\"TimeCreated\":{\"#attributes\":{\"SystemTime\":\"2025-01-24T10:52:50.426363Z\"}},\"EventRecordID\":13848,\"Correlation\":{\"#attributes\":{\"ActivityID\":\"B61EC021-6E4D-0002-7BC9-1EB64D6EDB01\"}},\"Execution\":{\"#attributes\":{\"ProcessID\":1320,\"ThreadID\":5240}},\"Channel\":\"Microsoft-Windows-AppXDeploymentServer/Operational\",\"Computer\":\"CTO-FILESVR\",\"Security\":{\"#attributes\":{\"UserID\":\"S-1-5-18\"}}},\"EventData\":{\"PackageMoniker\":\"Microsoft.Windows.AssignedAccessLockApp_1000.19041.1023.0_neutral_neutral_cw5n1h2txyewy\"}}}",
  "xml_fields": {
    "provider": "Microsoft-Windows-AppXDeployment-Server",
    "event_id": "7028",
    "timestamp": "2025-01-24T10:52:50.426363Z",
    "event_record_id": "13848",
    "level": "3",
    "task": "0",
    "opcode": "0",
    "keywords": "0x4000000000010000",
    "channel": "Microsoft-Windows-AppXDeploymentServer/Operational",
    "computer": "CTO-FILESVR",
    "PackageMoniker": "Microsoft.Windows.AssignedAccessLockApp_1000.19041.1023.0_neutral_neutral_cw5n1h2txyewy"
  },
  "json_fields": {
    "provider": "Microsoft-Windows-AppXDeployment-Server",
    "channel": "Microsoft-Windows-AppXDeploymentServer/Operational",
    "event_id": "7028",
    "timestamp": "2025-01-24T10:52:50.426363Z",
    "event_record_id": "13848",
    "level": "3",
    "task": "0",
    "opcode": "0",
    "keywords": "0x4000000000010000",
    "computer": "CTO-FILESVR",
    "PackageMoniker": "Microsoft.Windows.AssignedAccessLockApp_1000.19041.1023.0_neutral_neutral_cw5n1h2txyewy"
  }
}