{
  "event_id": "7030",
  "provider": "Service Control Manager",
  "channel": "System",
  "source_file": "D:\\visual code file\\Project_4\\Event-Analyzer\\test\\Benign\\Logs_Client\\System.evtx",
  "event_record_id": 200,
  "xml": "<?xml version=\"1.0\" encoding=\"utf-8\"?>\n<Event xmlns=\"http://schemas.microsoft.com/win/2004/08/events/event\">\n  <System>\n    <Provider Name=\"Service Control Manager\" Guid=\"{555908d1-a6d7-4695-8e1e-26931d2012f4}\" EventSourceName=\"Service Control Manager\">\n    </Provider>\n    <EventID Qualifiers=\"49152\">7030</EventID>\n    <Version>0</Version>\n    <Level>2</Level>\n    <Task>0</Task>\n    <Opcode>0</Opcode>\n    <Keywords>0x8080000000000000</Keywords>\n    <TimeCreated SystemTime=\"2022-02-07T10:56:36.107615Z\">\n    </TimeCreated>\n    <EventRecordID>200</EventRecordID>\n    <Correlation>\n    </Correlation>\n    <Execution ProcessID=\"620\" ThreadID=\"2204\">\n    </Execution>\n    <Channel>System</Channel>\n    <Computer>DESKTOP-A8CALR3</Computer>\n    <Security>\n    </Security>\n  </System>\n  <EventData>\n    <Data Name=\"param1\">Printer Extensions and Notifications</Data>\n  </EventData>\n</Event>\n",
  "json": "{\"Event\":{\"#attributes\":{\"xmlns\":\"http://schemas.microsoft.com/win/2004/08/events/event\"},\"System\":{\"Provider\":{\"#attributes\":{\"Name\":\"Service Control Manager\",\"Guid\":\"{555908d1-a6d7-4695-8e1e-26931d2012f4}\",\"EventSourceName\":\"Service Control Manager\"}},\"EventID\":{\"#attributes\":{\"Qualifiers\":49152},\"#text\":7030},\"Version\":0,\"Level\":2,\"Task\":0,\"Opcode\":0,\"Keywords\":\"0x8080000000000000\",\"TimeCreated\":{\"#attributes\":{\"SystemTime\":\"2022-02-07T10:56:36.107615Z\"}},\"EventRecordID\":200,\"Correlation\":null,\"Execution\":{\"#attributes\":{\"ProcessID\":620,\"ThreadID\":2204}},\"Channel\":\"System\",\"Computer\":\"DESKTOP-A8CALR3\",\"Security\":null},\"EventData\":{\"param1\":\"Printer Extensions and Notifications\"}}}",
  "xml_fields": {
    "provider": "Service Control Manager",
    "event_id": "7030",
    "timestamp": "2022-02-07T10:56:36.107615Z",
    "event_record_id": "200",
    "level": "2",
    "task": "0",
    "opcode": "0",
    "keywords": "0x8080000000000000",
    "channel": "System",
    "computer": "DESKTOP-A8CALR3",
    "param1": "Printer Extensions and Notifications"
  },
  "json_fields": {
    "provider": "Service Control Manager",
    "channel": "System",
    "event_id": "7030",
    "timestamp": "2022-02-07T10:56:36.107615Z",
    "event_record_id": "200",
    "level": "2",
    "task": "0",
    "opcode": "0",
    "keywords": "0x8080000000000000",
    "computer": "DESKTOP-A8CALR3",
    "param1": "Printer Extensions and Notifications"
  }
}