{
  "event_id": "7031",
  "provider": "Service Control Manager",
  "channel": "System",
  "source_file": "D:\\visual code file\\Project_4\\Event-Analyzer\\test\\Benign\\win2022-0-20348-azure\\System.evtx",
  "event_record_id": 915,
  "xml": "<?xml version=\"1.0\" encoding=\"utf-8\"?>\n<Event xmlns=\"http://schemas.microsoft.com/win/2004/08/events/event\">\n  <System>\n    <Provider Name=\"Service Control Manager\" Guid=\"{555908d1-a6d7-4695-8e1e-26931d2012f4}\" EventSourceName=\"Service Control Manager\">\n    </Provider>\n    <EventID Qualifiers=\"49152\">7031</EventID>\n    <Version>0</Version>\n    <Level>2</Level>\n    <Task>0</Task>\n    <Opcode>0</Opcode>\n    <Keywords>0x8080000000000000</Keywords>\n    <TimeCreated SystemTime=\"2022-09-18T09:16:51.823982Z\">\n    </TimeCreated>\n    <EventRecordID>915</EventRecordID>\n    <Correlation>\n    </Correlation>\n    <Execution ProcessID=\"676\" ThreadID=\"3348\">\n    </Execution>\n    <Channel>System</Channel>\n    <Computer>Agamemnon</Computer>\n    <Security>\n    </Security>\n  </System>\n  <EventData>\n    <Data Name=\"param1\">RdAgent</Data>\n    <Data Name=\"param2\">1</Data>\n    <Data Name=\"param3\">0</Data>\n    <Data Name=\"param4\">1</Data>\n    <Data Name=\"param5\">Restart the service</Data>\n    <Binary>520064004100670065006E0074000000</Binary>\n  </EventData>\n</Event>\n",
  "json": "{\"Event\":{\"#attributes\":{\"xmlns\":\"http://schemas.microsoft.com/win/2004/08/events/event\"},\"System\":{\"Provider\":{\"#attributes\":{\"Name\":\"Service Control Manager\",\"Guid\":\"{555908d1-a6d7-4695-8e1e-26931d2012f4}\",\"EventSourceName\":\"Service Control Manager\"}},\"EventID\":{\"#attributes\":{\"Qualifiers\":49152},\"#text\":7031},\"Version\":0,\"Level\":2,\"Task\":0,\"Opcode\":0,\"Keywords\":\"0x8080000000000000\",\"TimeCreated\":{\"#attributes\":{\"SystemTime\":\"2022-09-18T09:16:51.823982Z\"}},\"EventRecordID\":915,\"Correlation\":null,\"Execution\":{\"#attributes\":{\"ProcessID\":676,\"ThreadID\":3348}},\"Channel\":\"System\",\"Computer\":\"Agamemnon\",\"Security\":null},\"EventData\":{\"param1\":\"RdAgent\",\"param2\":\"1\",\"param3\":\"0\",\"param4\":\"1\",\"param5\":\"Restart the service\",\"Binary\":\"520064004100670065006E0074000000\"}}}",
  "xml_fields": {
    "provider": "Service Control Manager",
    "event_id": "7031",
    "timestamp": "2022-09-18T09:16:51.823982Z",
    "event_record_id": "915",
    "level": "2",
    "task": "0",
    "opcode": "0",
    "keywords": "0x8080000000000000",
    "channel": "System",
    "computer": "Agamemnon",
    "param1": "RdAgent",
    "param2": "1",
    "param3": "0",
    "param4": "1",
    "param5": "Restart the service",
    "Binary": "520064004100670065006E0074000000"
  },
  "json_fields": {
    "provider": "Service Control Manager",
    "channel": "System",
    "event_id": "7031",
    "timestamp": "2022-09-18T09:16:51.823982Z",
    "event_record_id": "915",
    "level": "2",
    "task": "0",
    "opcode": "0",
    "keywords": "0x8080000000000000",
    "computer": "Agamemnon",
    "param1": "RdAgent",
    "param2": "1",
    "param3": "0",
    "param4": "1",
    "param5": "Restart the service",
    "Binary": "520064004100670065006E0074000000"
  }
}