{
  "event_id": "7034",
  "provider": "Service Control Manager",
  "channel": "System",
  "source_file": "D:\\visual code file\\Project_4\\Event-Analyzer\\test\\Benign\\Logs_Win11_2023\\System.evtx",
  "event_record_id": 1465,
  "xml": "<?xml version=\"1.0\" encoding=\"utf-8\"?>\n<Event xmlns=\"http://schemas.microsoft.com/win/2004/08/events/event\">\n  <System>\n    <Provider Name=\"Service Control Manager\" Guid=\"{555908d1-a6d7-4695-8e1e-26931d2012f4}\" EventSourceName=\"Service Control Manager\">\n    </Provider>\n    <EventID Qualifiers=\"49152\">7034</EventID>\n    <Version>0</Version>\n    <Level>2</Level>\n    <Task>0</Task>\n    <Opcode>0</Opcode>\n    <Keywords>0x8080000000000000</Keywords>\n    <TimeCreated SystemTime=\"2023-10-25T22:56:14.228587Z\">\n    </TimeCreated>\n    <EventRecordID>1465</EventRecordID>\n    <Correlation>\n    </Correlation>\n    <Execution ProcessID=\"800\" ThreadID=\"7704\">\n    </Execution>\n    <Channel>System</Channel>\n    <Computer>WinDevEval</Computer>\n    <Security>\n    </Security>\n  </System>\n  <EventData>\n    <Data Name=\"param1\">OpenSSH SSH Server</Data>\n    <Data Name=\"param2\">1</Data>\n    <Binary>73007300680064000000</Binary>\n  </EventData>\n</Event>\n",
  "json": "{\"Event\":{\"#attributes\":{\"xmlns\":\"http://schemas.microsoft.com/win/2004/08/events/event\"},\"System\":{\"Provider\":{\"#attributes\":{\"Name\":\"Service Control Manager\",\"Guid\":\"{555908d1-a6d7-4695-8e1e-26931d2012f4}\",\"EventSourceName\":\"Service Control Manager\"}},\"EventID\":{\"#attributes\":{\"Qualifiers\":49152},\"#text\":7034},\"Version\":0,\"Level\":2,\"Task\":0,\"Opcode\":0,\"Keywords\":\"0x8080000000000000\",\"TimeCreated\":{\"#attributes\":{\"SystemTime\":\"2023-10-25T22:56:14.228587Z\"}},\"EventRecordID\":1465,\"Correlation\":null,\"Execution\":{\"#attributes\":{\"ProcessID\":800,\"ThreadID\":7704}},\"Channel\":\"System\",\"Computer\":\"WinDevEval\",\"Security\":null},\"EventData\":{\"param1\":\"OpenSSH SSH Server\",\"param2\":\"1\",\"Binary\":\"73007300680064000000\"}}}",
  "xml_fields": {
    "provider": "Service Control Manager",
    "event_id": "7034",
    "timestamp": "2023-10-25T22:56:14.228587Z",
    "event_record_id": "1465",
    "level": "2",
    "task": "0",
    "opcode": "0",
    "keywords": "0x8080000000000000",
    "channel": "System",
    "computer": "WinDevEval",
    "param1": "OpenSSH SSH Server",
    "param2": "1",
    "Binary": "73007300680064000000"
  },
  "json_fields": {
    "provider": "Service Control Manager",
    "channel": "System",
    "event_id": "7034",
    "timestamp": "2023-10-25T22:56:14.228587Z",
    "event_record_id": "1465",
    "level": "2",
    "task": "0",
    "opcode": "0",
    "keywords": "0x8080000000000000",
    "computer": "WinDevEval",
    "param1": "OpenSSH SSH Server",
    "param2": "1",
    "Binary": "73007300680064000000"
  }
}