{
  "event_id": "7036",
  "provider": "Service Control Manager",
  "channel": "System",
  "source_file": "D:\\visual code file\\Project_4\\Event-Analyzer\\test\\Malicious\\EVTX-to-MITRE-Attack-master\\TA0003-Persistence\\T1543.003-Create or Modify System Process-Windows Service\\ID7045-7036 PSexec service installation.evtx",
  "event_record_id": 3,
  "xml": "<?xml version=\"1.0\" encoding=\"utf-8\"?>\n<Event xmlns=\"http://schemas.microsoft.com/win/2004/08/events/event\">\n  <System>\n    <Provider Name=\"Service Control Manager\" Guid=\"{555908d1-a6d7-4695-8e1e-26931d2012f4}\" EventSourceName=\"Service Control Manager\">\n    </Provider>\n    <EventID Qualifiers=\"16384\">7036</EventID>\n    <Version>0</Version>\n    <Level>4</Level>\n    <Task>0</Task>\n    <Opcode>0</Opcode>\n    <Keywords>0x8080000000000000</Keywords>\n    <TimeCreated SystemTime=\"2021-04-21T09:27:56.102184Z\">\n    </TimeCreated>\n    <EventRecordID>471481</EventRecordID>\n    <Correlation>\n    </Correlation>\n    <Execution ProcessID=\"708\" ThreadID=\"5480\">\n    </Execution>\n    <Channel>System</Channel>\n    <Computer>jump01.offsec.lan</Computer>\n    <Security>\n    </Security>\n  </System>\n  <EventData>\n    <Data Name=\"param1\">PSEXESVC</Data>\n    <Data Name=\"param2\">running</Data>\n    <Binary>500053004500580045005300560043002F0034000000</Binary>\n  </EventData>\n</Event>\n",
  "json": "{\"Event\":{\"#attributes\":{\"xmlns\":\"http://schemas.microsoft.com/win/2004/08/events/event\"},\"System\":{\"Provider\":{\"#attributes\":{\"Name\":\"Service Control Manager\",\"Guid\":\"{555908d1-a6d7-4695-8e1e-26931d2012f4}\",\"EventSourceName\":\"Service Control Manager\"}},\"EventID\":{\"#attributes\":{\"Qualifiers\":16384},\"#text\":7036},\"Version\":0,\"Level\":4,\"Task\":0,\"Opcode\":0,\"Keywords\":\"0x8080000000000000\",\"TimeCreated\":{\"#attributes\":{\"SystemTime\":\"2021-04-21T09:27:56.102184Z\"}},\"EventRecordID\":471481,\"Correlation\":null,\"Execution\":{\"#attributes\":{\"ProcessID\":708,\"ThreadID\":5480}},\"Channel\":\"System\",\"Computer\":\"jump01.offsec.lan\",\"Security\":null},\"EventData\":{\"param1\":\"PSEXESVC\",\"param2\":\"running\",\"Binary\":\"500053004500580045005300560043002F0034000000\"}}}",
  "xml_fields": {
    "provider": "Service Control Manager",
    "event_id": "7036",
    "timestamp": "2021-04-21T09:27:56.102184Z",
    "event_record_id": "471481",
    "level": "4",
    "task": "0",
    "opcode": "0",
    "keywords": "0x8080000000000000",
    "channel": "System",
    "computer": "jump01.offsec.lan",
    "param1": "PSEXESVC",
    "param2": "running",
    "Binary": "500053004500580045005300560043002F0034000000"
  },
  "json_fields": {
    "provider": "Service Control Manager",
    "channel": "System",
    "event_id": "7036",
    "timestamp": "2021-04-21T09:27:56.102184Z",
    "event_record_id": "471481",
    "level": "4",
    "task": "0",
    "opcode": "0",
    "keywords": "0x8080000000000000",
    "computer": "jump01.offsec.lan",
    "param1": "PSEXESVC",
    "param2": "running",
    "Binary": "500053004500580045005300560043002F0034000000"
  }
}