{
  "event_id": "7040",
  "provider": "Service Control Manager",
  "channel": "System",
  "source_file": "D:\\visual code file\\Project_4\\Event-Analyzer\\test\\Logs\\System.evtx",
  "event_record_id": 1001,
  "xml": "<?xml version=\"1.0\" encoding=\"utf-8\"?>\n<Event xmlns=\"http://schemas.microsoft.com/win/2004/08/events/event\">\n  <System>\n    <Provider Name=\"Service Control Manager\" Guid=\"{555908d1-a6d7-4695-8e1e-26931d2012f4}\" EventSourceName=\"Service Control Manager\">\n    </Provider>\n    <EventID Qualifiers=\"16384\">7040</EventID>\n    <Version>0</Version>\n    <Level>4</Level>\n    <Task>0</Task>\n    <Opcode>0</Opcode>\n    <Keywords>0x8080000000000000</Keywords>\n    <TimeCreated SystemTime=\"2025-01-24T10:29:51.696596Z\">\n    </TimeCreated>\n    <EventRecordID>1001</EventRecordID>\n    <Correlation>\n    </Correlation>\n    <Execution ProcessID=\"664\" ThreadID=\"1348\">\n    </Execution>\n    <Channel>System</Channel>\n    <Computer>CTO-FILESVR</Computer>\n    <Security UserID=\"S-1-5-18\">\n    </Security>\n  </System>\n  <EventData>\n    <Data Name=\"param1\">Background Intelligent Transfer Service</Data>\n    <Data Name=\"param2\">demand start</Data>\n    <Data Name=\"param3\">auto start</Data>\n    <Data Name=\"param4\">BITS</Data>\n  </EventData>\n</Event>\n",
  "json": "{\"Event\":{\"#attributes\":{\"xmlns\":\"http://schemas.microsoft.com/win/2004/08/events/event\"},\"System\":{\"Provider\":{\"#attributes\":{\"Name\":\"Service Control Manager\",\"Guid\":\"{555908d1-a6d7-4695-8e1e-26931d2012f4}\",\"EventSourceName\":\"Service Control Manager\"}},\"EventID\":{\"#attributes\":{\"Qualifiers\":16384},\"#text\":7040},\"Version\":0,\"Level\":4,\"Task\":0,\"Opcode\":0,\"Keywords\":\"0x8080000000000000\",\"TimeCreated\":{\"#attributes\":{\"SystemTime\":\"2025-01-24T10:29:51.696596Z\"}},\"EventRecordID\":1001,\"Correlation\":null,\"Execution\":{\"#attributes\":{\"ProcessID\":664,\"ThreadID\":1348}},\"Channel\":\"System\",\"Computer\":\"CTO-FILESVR\",\"Security\":{\"#attributes\":{\"UserID\":\"S-1-5-18\"}}},\"EventData\":{\"param1\":\"Background Intelligent Transfer Service\",\"param2\":\"demand start\",\"param3\":\"auto start\",\"param4\":\"BITS\"}}}",
  "xml_fields": {
    "provider": "Service Control Manager",
    "event_id": "7040",
    "timestamp": "2025-01-24T10:29:51.696596Z",
    "event_record_id": "1001",
    "level": "4",
    "task": "0",
    "opcode": "0",
    "keywords": "0x8080000000000000",
    "channel": "System",
    "computer": "CTO-FILESVR",
    "param1": "Background Intelligent Transfer Service",
    "param2": "demand start",
    "param3": "auto start",
    "param4": "BITS"
  },
  "json_fields": {
    "provider": "Service Control Manager",
    "channel": "System",
    "event_id": "7040",
    "timestamp": "2025-01-24T10:29:51.696596Z",
    "event_record_id": "1001",
    "level": "4",
    "task": "0",
    "opcode": "0",
    "keywords": "0x8080000000000000",
    "computer": "CTO-FILESVR",
    "param1": "Background Intelligent Transfer Service",
    "param2": "demand start",
    "param3": "auto start",
    "param4": "BITS"
  }
}