{
  "event_id": "7042",
  "provider": "Service Control Manager",
  "channel": "System",
  "source_file": "D:\\visual code file\\Project_4\\Event-Analyzer\\test\\Benign\\win2022-evtx\\System.evtx",
  "event_record_id": 682,
  "xml": "<?xml version=\"1.0\" encoding=\"utf-8\"?>\n<Event xmlns=\"http://schemas.microsoft.com/win/2004/08/events/event\">\n  <System>\n    <Provider Name=\"Service Control Manager\" Guid=\"{555908d1-a6d7-4695-8e1e-26931d2012f4}\" EventSourceName=\"Service Control Manager\">\n    </Provider>\n    <EventID Qualifiers=\"16384\">7042</EventID>\n    <Version>0</Version>\n    <Level>4</Level>\n    <Task>0</Task>\n    <Opcode>0</Opcode>\n    <Keywords>0x8080000000000000</Keywords>\n    <TimeCreated SystemTime=\"2022-03-04T12:32:53.983774Z\">\n    </TimeCreated>\n    <EventRecordID>682</EventRecordID>\n    <Correlation>\n    </Correlation>\n    <Execution ProcessID=\"604\" ThreadID=\"1972\">\n    </Execution>\n    <Channel>System</Channel>\n    <Computer>WIN-TKC15D7KHUR</Computer>\n    <Security UserID=\"S-1-5-18\">\n    </Security>\n  </System>\n  <EventData>\n    <Data Name=\"param1\">TCP/IP NetBIOS Helper</Data>\n    <Data Name=\"param2\">stop</Data>\n    <Data Name=\"param3\">0x40030011</Data>\n    <Data Name=\"param4\">Operating System: Network Connectivity (Planned)</Data>\n    <Data Name=\"param5\">None</Data>\n    <Binary>6C006D0068006F007300740073000000</Binary>\n  </EventData>\n</Event>\n",
  "json": "{\"Event\":{\"#attributes\":{\"xmlns\":\"http://schemas.microsoft.com/win/2004/08/events/event\"},\"System\":{\"Provider\":{\"#attributes\":{\"Name\":\"Service Control Manager\",\"Guid\":\"{555908d1-a6d7-4695-8e1e-26931d2012f4}\",\"EventSourceName\":\"Service Control Manager\"}},\"EventID\":{\"#attributes\":{\"Qualifiers\":16384},\"#text\":7042},\"Version\":0,\"Level\":4,\"Task\":0,\"Opcode\":0,\"Keywords\":\"0x8080000000000000\",\"TimeCreated\":{\"#attributes\":{\"SystemTime\":\"2022-03-04T12:32:53.983774Z\"}},\"EventRecordID\":682,\"Correlation\":null,\"Execution\":{\"#attributes\":{\"ProcessID\":604,\"ThreadID\":1972}},\"Channel\":\"System\",\"Computer\":\"WIN-TKC15D7KHUR\",\"Security\":{\"#attributes\":{\"UserID\":\"S-1-5-18\"}}},\"EventData\":{\"param1\":\"TCP/IP NetBIOS Helper\",\"param2\":\"stop\",\"param3\":\"0x40030011\",\"param4\":\"Operating System: Network Connectivity (Planned)\",\"param5\":\"None\",\"Binary\":\"6C006D0068006F007300740073000000\"}}}",
  "xml_fields": {
    "provider": "Service Control Manager",
    "event_id": "7042",
    "timestamp": "2022-03-04T12:32:53.983774Z",
    "event_record_id": "682",
    "level": "4",
    "task": "0",
    "opcode": "0",
    "keywords": "0x8080000000000000",
    "channel": "System",
    "computer": "WIN-TKC15D7KHUR",
    "param1": "TCP/IP NetBIOS Helper",
    "param2": "stop",
    "param3": "0x40030011",
    "param4": "Operating System: Network Connectivity (Planned)",
    "param5": "None",
    "Binary": "6C006D0068006F007300740073000000"
  },
  "json_fields": {
    "provider": "Service Control Manager",
    "channel": "System",
    "event_id": "7042",
    "timestamp": "2022-03-04T12:32:53.983774Z",
    "event_record_id": "682",
    "level": "4",
    "task": "0",
    "opcode": "0",
    "keywords": "0x8080000000000000",
    "computer": "WIN-TKC15D7KHUR",
    "param1": "TCP/IP NetBIOS Helper",
    "param2": "stop",
    "param3": "0x40030011",
    "param4": "Operating System: Network Connectivity (Planned)",
    "param5": "None",
    "Binary": "6C006D0068006F007300740073000000"
  }
}