{
  "event_id": "7045",
  "provider": "Service Control Manager",
  "channel": "System",
  "source_file": "D:\\visual code file\\Project_4\\Event-Analyzer\\test\\Malicious\\EVTX-to-MITRE-Attack-master\\TA0003-Persistence\\T1543.003-Create or Modify System Process-Windows Service\\ID7045-4697-SMBexec service registration.evtx",
  "event_record_id": 1,
  "xml": "<?xml version=\"1.0\" encoding=\"utf-8\"?>\n<Event xmlns=\"http://schemas.microsoft.com/win/2004/08/events/event\">\n  <System>\n    <Provider Name=\"Service Control Manager\" Guid=\"{555908d1-a6d7-4695-8e1e-26931d2012f4}\" EventSourceName=\"Service Control Manager\">\n    </Provider>\n    <EventID Qualifiers=\"16384\">7045</EventID>\n    <Version>0</Version>\n    <Level>4</Level>\n    <Task>0</Task>\n    <Opcode>0</Opcode>\n    <Keywords>0x8080000000000000</Keywords>\n    <TimeCreated SystemTime=\"2021-12-13T12:55:45.250084Z\">\n    </TimeCreated>\n    <EventRecordID>1467331</EventRecordID>\n    <Correlation>\n    </Correlation>\n    <Execution ProcessID=\"580\" ThreadID=\"4544\">\n    </Execution>\n    <Channel>System</Channel>\n    <Computer>rootdc1.offsec.lan</Computer>\n    <Security UserID=\"S-1-5-21-4230534742-2542757381-3142984815-1111\">\n    </Security>\n  </System>\n  <EventData>\n    <Data Name=\"ServiceName\">BTOBTO</Data>\n    <Data Name=\"ImagePath\">%COMSPEC% /Q /c echo cd  ^&gt; \\\\127.0.0.1\\C$\\__output 2^&gt;^&amp;1 &gt; %TEMP%\\execute.bat &amp; %COMSPEC% /Q /c %TEMP%\\execute.bat &amp; del %TEMP%\\execute.bat</Data>\n    <Data Name=\"ServiceType\">user mode service</Data>\n    <Data Name=\"StartType\">demand start</Data>\n    <Data Name=\"AccountName\">LocalSystem</Data>\n  </EventData>\n</Event>\n",
  "json": "{\"Event\":{\"#attributes\":{\"xmlns\":\"http://schemas.microsoft.com/win/2004/08/events/event\"},\"System\":{\"Provider\":{\"#attributes\":{\"Name\":\"Service Control Manager\",\"Guid\":\"{555908d1-a6d7-4695-8e1e-26931d2012f4}\",\"EventSourceName\":\"Service Control Manager\"}},\"EventID\":{\"#attributes\":{\"Qualifiers\":16384},\"#text\":7045},\"Version\":0,\"Level\":4,\"Task\":0,\"Opcode\":0,\"Keywords\":\"0x8080000000000000\",\"TimeCreated\":{\"#attributes\":{\"SystemTime\":\"2021-12-13T12:55:45.250084Z\"}},\"EventRecordID\":1467331,\"Correlation\":null,\"Execution\":{\"#attributes\":{\"ProcessID\":580,\"ThreadID\":4544}},\"Channel\":\"System\",\"Computer\":\"rootdc1.offsec.lan\",\"Security\":{\"#attributes\":{\"UserID\":\"S-1-5-21-4230534742-2542757381-3142984815-1111\"}}},\"EventData\":{\"ServiceName\":\"BTOBTO\",\"ImagePath\":\"%COMSPEC% /Q /c echo cd  ^> \\\\\\\\127.0.0.1\\\\C$\\\\__output 2^>^&1 > %TEMP%\\\\execute.bat & %COMSPEC% /Q /c %TEMP%\\\\execute.bat & del %TEMP%\\\\execute.bat\",\"ServiceType\":\"user mode service\",\"StartType\":\"demand start\",\"AccountName\":\"LocalSystem\"}}}",
  "xml_fields": {
    "provider": "Service Control Manager",
    "event_id": "7045",
    "timestamp": "2021-12-13T12:55:45.250084Z",
    "event_record_id": "1467331",
    "level": "4",
    "task": "0",
    "opcode": "0",
    "keywords": "0x8080000000000000",
    "channel": "System",
    "computer": "rootdc1.offsec.lan",
    "ServiceName": "BTOBTO",
    "ImagePath": "%COMSPEC% /Q /c echo cd  ^> \\\\127.0.0.1\\C$\\__output 2^>^&1 > %TEMP%\\execute.bat & %COMSPEC% /Q /c %TEMP%\\execute.bat & del %TEMP%\\execute.bat",
    "ServiceType": "user mode service",
    "StartType": "demand start",
    "AccountName": "LocalSystem"
  },
  "json_fields": {
    "provider": "Service Control Manager",
    "channel": "System",
    "event_id": "7045",
    "timestamp": "2021-12-13T12:55:45.250084Z",
    "event_record_id": "1467331",
    "level": "4",
    "task": "0",
    "opcode": "0",
    "keywords": "0x8080000000000000",
    "computer": "rootdc1.offsec.lan",
    "ServiceName": "BTOBTO",
    "ImagePath": "%COMSPEC% /Q /c echo cd  ^> \\\\127.0.0.1\\C$\\__output 2^>^&1 > %TEMP%\\execute.bat & %COMSPEC% /Q /c %TEMP%\\execute.bat & del %TEMP%\\execute.bat",
    "ServiceType": "user mode service",
    "StartType": "demand start",
    "AccountName": "LocalSystem"
  }
}