{
  "event_id": "70",
  "provider": "Microsoft-Windows-RemoteDesktopServices-RdpCoreTS",
  "channel": "Microsoft-Windows-RemoteDesktopServices-RdpCoreTS/Operational",
  "source_file": "D:\\visual code file\\Project_4\\Event-Analyzer\\test\\Logs\\Microsoft-Windows-RemoteDesktopServices-RdpCoreTS%4Operational.evtx",
  "event_record_id": 4,
  "xml": "<?xml version=\"1.0\" encoding=\"utf-8\"?>\n<Event xmlns=\"http://schemas.microsoft.com/win/2004/08/events/event\">\n  <System>\n    <Provider Name=\"Microsoft-Windows-RemoteDesktopServices-RdpCoreTS\" Guid=\"1139C61B-B549-4251-8ED3-27250A1EDEC8\">\n    </Provider>\n    <EventID>70</EventID>\n    <Version>0</Version>\n    <Level>4</Level>\n    <Task>4</Task>\n    <Opcode>13</Opcode>\n    <Keywords>0x4000000000000000</Keywords>\n    <TimeCreated SystemTime=\"2025-01-24T10:05:30.846272Z\">\n    </TimeCreated>\n    <EventRecordID>4</EventRecordID>\n    <Correlation ActivityID=\"F462FEB3-0C80-41E9-B69E-823073160000\">\n    </Correlation>\n    <Execution ProcessID=\"9408\" ThreadID=\"8232\">\n    </Execution>\n    <Channel>Microsoft-Windows-RemoteDesktopServices-RdpCoreTS/Operational</Channel>\n    <Computer>cyberjunkie-test</Computer>\n    <Security UserID=\"S-1-5-20\">\n    </Security>\n  </System>\n  <EventData>\n    <Data Name=\"DisplayDriverName\">rdpudd.dll</Data>\n  </EventData>\n</Event>\n",
  "json": "{\"Event\":{\"#attributes\":{\"xmlns\":\"http://schemas.microsoft.com/win/2004/08/events/event\"},\"System\":{\"Provider\":{\"#attributes\":{\"Name\":\"Microsoft-Windows-RemoteDesktopServices-RdpCoreTS\",\"Guid\":\"1139C61B-B549-4251-8ED3-27250A1EDEC8\"}},\"EventID\":70,\"Version\":0,\"Level\":4,\"Task\":4,\"Opcode\":13,\"Keywords\":\"0x4000000000000000\",\"TimeCreated\":{\"#attributes\":{\"SystemTime\":\"2025-01-24T10:05:30.846272Z\"}},\"EventRecordID\":4,\"Correlation\":{\"#attributes\":{\"ActivityID\":\"F462FEB3-0C80-41E9-B69E-823073160000\"}},\"Execution\":{\"#attributes\":{\"ProcessID\":9408,\"ThreadID\":8232}},\"Channel\":\"Microsoft-Windows-RemoteDesktopServices-RdpCoreTS/Operational\",\"Computer\":\"cyberjunkie-test\",\"Security\":{\"#attributes\":{\"UserID\":\"S-1-5-20\"}}},\"EventData\":{\"DisplayDriverName\":\"rdpudd.dll\"}}}",
  "xml_fields": {
    "provider": "Microsoft-Windows-RemoteDesktopServices-RdpCoreTS",
    "event_id": "70",
    "timestamp": "2025-01-24T10:05:30.846272Z",
    "event_record_id": "4",
    "level": "4",
    "task": "4",
    "opcode": "13",
    "keywords": "0x4000000000000000",
    "channel": "Microsoft-Windows-RemoteDesktopServices-RdpCoreTS/Operational",
    "computer": "cyberjunkie-test",
    "DisplayDriverName": "rdpudd.dll"
  },
  "json_fields": {
    "provider": "Microsoft-Windows-RemoteDesktopServices-RdpCoreTS",
    "channel": "Microsoft-Windows-RemoteDesktopServices-RdpCoreTS/Operational",
    "event_id": "70",
    "timestamp": "2025-01-24T10:05:30.846272Z",
    "event_record_id": "4",
    "level": "4",
    "task": "4",
    "opcode": "13",
    "keywords": "0x4000000000000000",
    "computer": "cyberjunkie-test",
    "DisplayDriverName": "rdpudd.dll"
  }
}