{
  "event_id": "713",
  "provider": "Microsoft-Windows-AppModel-Exec",
  "channel": "Microsoft-Windows-Privacy-Auditing/Operational",
  "source_file": "D:\\visual code file\\Project_4\\Event-Analyzer\\test\\Logs\\Microsoft-Windows-Privacy-Auditing%4Operational.evtx",
  "event_record_id": 81,
  "xml": "<?xml version=\"1.0\" encoding=\"utf-8\"?>\n<Event xmlns=\"http://schemas.microsoft.com/win/2004/08/events/event\">\n  <System>\n    <Provider Name=\"Microsoft-Windows-AppModel-Exec\" Guid=\"EB65A492-86C0-406A-BACE-9912D595BD69\">\n    </Provider>\n    <EventID>713</EventID>\n    <Version>0</Version>\n    <Level>4</Level>\n    <Task>73</Task>\n    <Opcode>0</Opcode>\n    <Keywords>0x8000200000000000</Keywords>\n    <TimeCreated SystemTime=\"2024-11-04T12:48:48.302322Z\">\n    </TimeCreated>\n    <EventRecordID>81</EventRecordID>\n    <Correlation>\n    </Correlation>\n    <Execution ProcessID=\"7900\" ThreadID=\"8092\">\n    </Execution>\n    <Channel>Microsoft-Windows-Privacy-Auditing/Operational</Channel>\n    <Computer>DESKTOP-P9H5FTA</Computer>\n    <Security UserID=\"S-1-5-21-3088055692-629932344-1786574096-1001\">\n    </Security>\n  </System>\n  <EventData>\n    <Data Name=\"CallerUserSid\">S-1-5-21-3088055692-629932344-1786574096-1001</Data>\n    <Data Name=\"CallerProcessName\">identity_helper.exe</Data>\n    <Data Name=\"CallerPackageFamilyName\">Microsoft.MicrosoftEdge.Stable_8wekyb3d8bbwe</Data>\n    <Data Name=\"OldConsentValue\">0</Data>\n    <Data Name=\"NewConsentValue\">8</Data>\n    <Data Name=\"IsSetByHigherAuthority\">false</Data>\n    <Data Name=\"EffectiveConsentValue\">8</Data>\n    <Data Name=\"TargetUserSid\">S-1-5-21-3088055692-629932344-1786574096-1001</Data>\n    <Data Name=\"TargetPackageFamilyName\">Microsoft.MicrosoftEdge.Stable_8wekyb3d8bbwe</Data>\n    <Data Name=\"HRESULT\">0</Data>\n  </EventData>\n</Event>\n",
  "json": "{\"Event\":{\"#attributes\":{\"xmlns\":\"http://schemas.microsoft.com/win/2004/08/events/event\"},\"System\":{\"Provider\":{\"#attributes\":{\"Name\":\"Microsoft-Windows-AppModel-Exec\",\"Guid\":\"EB65A492-86C0-406A-BACE-9912D595BD69\"}},\"EventID\":713,\"Version\":0,\"Level\":4,\"Task\":73,\"Opcode\":0,\"Keywords\":\"0x8000200000000000\",\"TimeCreated\":{\"#attributes\":{\"SystemTime\":\"2024-11-04T12:48:48.302322Z\"}},\"EventRecordID\":81,\"Correlation\":null,\"Execution\":{\"#attributes\":{\"ProcessID\":7900,\"ThreadID\":8092}},\"Channel\":\"Microsoft-Windows-Privacy-Auditing/Operational\",\"Computer\":\"DESKTOP-P9H5FTA\",\"Security\":{\"#attributes\":{\"UserID\":\"S-1-5-21-3088055692-629932344-1786574096-1001\"}}},\"EventData\":{\"CallerUserSid\":\"S-1-5-21-3088055692-629932344-1786574096-1001\",\"CallerProcessName\":\"identity_helper.exe\",\"CallerPackageFamilyName\":\"Microsoft.MicrosoftEdge.Stable_8wekyb3d8bbwe\",\"OldConsentValue\":0,\"NewConsentValue\":8,\"IsSetByHigherAuthority\":false,\"EffectiveConsentValue\":8,\"TargetUserSid\":\"S-1-5-21-3088055692-629932344-1786574096-1001\",\"TargetPackageFamilyName\":\"Microsoft.MicrosoftEdge.Stable_8wekyb3d8bbwe\",\"HRESULT\":0}}}",
  "xml_fields": {
    "provider": "Microsoft-Windows-AppModel-Exec",
    "event_id": "713",
    "timestamp": "2024-11-04T12:48:48.302322Z",
    "event_record_id": "81",
    "level": "4",
    "task": "73",
    "opcode": "0",
    "keywords": "0x8000200000000000",
    "channel": "Microsoft-Windows-Privacy-Auditing/Operational",
    "computer": "DESKTOP-P9H5FTA",
    "CallerUserSid": "S-1-5-21-3088055692-629932344-1786574096-1001",
    "CallerProcessName": "identity_helper.exe",
    "CallerPackageFamilyName": "Microsoft.MicrosoftEdge.Stable_8wekyb3d8bbwe",
    "OldConsentValue": "0",
    "NewConsentValue": "8",
    "IsSetByHigherAuthority": "false",
    "EffectiveConsentValue": "8",
    "TargetUserSid": "S-1-5-21-3088055692-629932344-1786574096-1001",
    "TargetPackageFamilyName": "Microsoft.MicrosoftEdge.Stable_8wekyb3d8bbwe",
    "HRESULT": "0"
  },
  "json_fields": {
    "provider": "Microsoft-Windows-AppModel-Exec",
    "channel": "Microsoft-Windows-Privacy-Auditing/Operational",
    "event_id": "713",
    "timestamp": "2024-11-04T12:48:48.302322Z",
    "event_record_id": "81",
    "level": "4",
    "task": "73",
    "opcode": "0",
    "keywords": "0x8000200000000000",
    "computer": "DESKTOP-P9H5FTA",
    "CallerUserSid": "S-1-5-21-3088055692-629932344-1786574096-1001",
    "CallerProcessName": "identity_helper.exe",
    "CallerPackageFamilyName": "Microsoft.MicrosoftEdge.Stable_8wekyb3d8bbwe",
    "OldConsentValue": "0",
    "NewConsentValue": "8",
    "IsSetByHigherAuthority": "False",
    "EffectiveConsentValue": "8",
    "TargetUserSid": "S-1-5-21-3088055692-629932344-1786574096-1001",
    "TargetPackageFamilyName": "Microsoft.MicrosoftEdge.Stable_8wekyb3d8bbwe",
    "HRESULT": "0"
  }
}