{
  "event_id": "728",
  "provider": "Microsoft-Windows-AppXDeployment-Server",
  "channel": "Microsoft-Windows-AppXDeploymentServer/Operational",
  "source_file": "D:\\visual code file\\Project_4\\Event-Analyzer\\test\\Benign\\Logs_Client\\Microsoft-Windows-AppXDeploymentServer%4Operational.evtx",
  "event_record_id": 7629,
  "xml": "<?xml version=\"1.0\" encoding=\"utf-8\"?>\n<Event xmlns=\"http://schemas.microsoft.com/win/2004/08/events/event\">\n  <System>\n    <Provider Name=\"Microsoft-Windows-AppXDeployment-Server\" Guid=\"3F471139-ACB7-4A01-B7A7-FF5DA4BA2D43\">\n    </Provider>\n    <EventID>728</EventID>\n    <Version>0</Version>\n    <Level>3</Level>\n    <Task>3</Task>\n    <Opcode>0</Opcode>\n    <Keywords>0x4000000000000001</Keywords>\n    <TimeCreated SystemTime=\"2022-02-07T23:04:30.494421Z\">\n    </TimeCreated>\n    <EventRecordID>7629</EventRecordID>\n    <Correlation ActivityID=\"E8D83B58-1C76-0000-6942-D8E8761CD801\">\n    </Correlation>\n    <Execution ProcessID=\"2296\" ThreadID=\"3400\">\n    </Execution>\n    <Channel>Microsoft-Windows-AppXDeploymentServer/Operational</Channel>\n    <Computer>DESKTOP-A8CALR3</Computer>\n    <Security UserID=\"S-1-5-21-1402826787-2759305201-2932496751-1001\">\n    </Security>\n  </System>\n  <EventData>\n    <Data Name=\"ApplicationUserModelId\">Microsoft.Windows.ShellExperienceHost_cw5n1h2txyewy!App</Data>\n    <Data Name=\"ErrorCode\">0x80070015</Data>\n  </EventData>\n</Event>\n",
  "json": "{\"Event\":{\"#attributes\":{\"xmlns\":\"http://schemas.microsoft.com/win/2004/08/events/event\"},\"System\":{\"Provider\":{\"#attributes\":{\"Name\":\"Microsoft-Windows-AppXDeployment-Server\",\"Guid\":\"3F471139-ACB7-4A01-B7A7-FF5DA4BA2D43\"}},\"EventID\":728,\"Version\":0,\"Level\":3,\"Task\":3,\"Opcode\":0,\"Keywords\":\"0x4000000000000001\",\"TimeCreated\":{\"#attributes\":{\"SystemTime\":\"2022-02-07T23:04:30.494421Z\"}},\"EventRecordID\":7629,\"Correlation\":{\"#attributes\":{\"ActivityID\":\"E8D83B58-1C76-0000-6942-D8E8761CD801\"}},\"Execution\":{\"#attributes\":{\"ProcessID\":2296,\"ThreadID\":3400}},\"Channel\":\"Microsoft-Windows-AppXDeploymentServer/Operational\",\"Computer\":\"DESKTOP-A8CALR3\",\"Security\":{\"#attributes\":{\"UserID\":\"S-1-5-21-1402826787-2759305201-2932496751-1001\"}}},\"EventData\":{\"ApplicationUserModelId\":\"Microsoft.Windows.ShellExperienceHost_cw5n1h2txyewy!App\",\"ErrorCode\":\"0x80070015\"}}}",
  "xml_fields": {
    "provider": "Microsoft-Windows-AppXDeployment-Server",
    "event_id": "728",
    "timestamp": "2022-02-07T23:04:30.494421Z",
    "event_record_id": "7629",
    "level": "3",
    "task": "3",
    "opcode": "0",
    "keywords": "0x4000000000000001",
    "channel": "Microsoft-Windows-AppXDeploymentServer/Operational",
    "computer": "DESKTOP-A8CALR3",
    "ApplicationUserModelId": "Microsoft.Windows.ShellExperienceHost_cw5n1h2txyewy!App",
    "ErrorCode": "0x80070015"
  },
  "json_fields": {
    "provider": "Microsoft-Windows-AppXDeployment-Server",
    "channel": "Microsoft-Windows-AppXDeploymentServer/Operational",
    "event_id": "728",
    "timestamp": "2022-02-07T23:04:30.494421Z",
    "event_record_id": "7629",
    "level": "3",
    "task": "3",
    "opcode": "0",
    "keywords": "0x4000000000000001",
    "computer": "DESKTOP-A8CALR3",
    "ApplicationUserModelId": "Microsoft.Windows.ShellExperienceHost_cw5n1h2txyewy!App",
    "ErrorCode": "0x80070015"
  }
}