{
  "event_id": "7326",
  "provider": "Microsoft-Windows-GroupPolicy",
  "channel": "Microsoft-Windows-GroupPolicy/Operational",
  "source_file": "D:\\visual code file\\Project_4\\Event-Analyzer\\test\\Benign\\Win2022-AD\\Microsoft-Windows-GroupPolicy%4Operational.evtx",
  "event_record_id": 514,
  "xml": "<?xml version=\"1.0\" encoding=\"utf-8\"?>\n<Event xmlns=\"http://schemas.microsoft.com/win/2004/08/events/event\">\n  <System>\n    <Provider Name=\"Microsoft-Windows-GroupPolicy\" Guid=\"AEA1B4FA-97D1-45F2-A64C-4D69FFFD92C9\">\n    </Provider>\n    <EventID>7326</EventID>\n    <Version>0</Version>\n    <Level>2</Level>\n    <Task>0</Task>\n    <Opcode>0</Opcode>\n    <Keywords>0x4000000000000000</Keywords>\n    <TimeCreated SystemTime=\"2022-04-07T16:54:20.564196Z\">\n    </TimeCreated>\n    <EventRecordID>514</EventRecordID>\n    <Correlation ActivityID=\"4EAE1C53-AE1E-4B00-8001-CA2AA5ED5F18\">\n    </Correlation>\n    <Execution ProcessID=\"1352\" ThreadID=\"3688\">\n    </Execution>\n    <Channel>Microsoft-Windows-GroupPolicy/Operational</Channel>\n    <Computer>WIN-FPV0DSIC9O6.sigma.fr</Computer>\n    <Security UserID=\"S-1-5-18\">\n    </Security>\n  </System>\n  <EventData>\n    <Data Name=\"DCDiscoveryTimeInMilliSeconds\">4078</Data>\n    <Data Name=\"ErrorCode\">58</Data>\n  </EventData>\n</Event>\n",
  "json": "{\"Event\":{\"#attributes\":{\"xmlns\":\"http://schemas.microsoft.com/win/2004/08/events/event\"},\"System\":{\"Provider\":{\"#attributes\":{\"Name\":\"Microsoft-Windows-GroupPolicy\",\"Guid\":\"AEA1B4FA-97D1-45F2-A64C-4D69FFFD92C9\"}},\"EventID\":7326,\"Version\":0,\"Level\":2,\"Task\":0,\"Opcode\":0,\"Keywords\":\"0x4000000000000000\",\"TimeCreated\":{\"#attributes\":{\"SystemTime\":\"2022-04-07T16:54:20.564196Z\"}},\"EventRecordID\":514,\"Correlation\":{\"#attributes\":{\"ActivityID\":\"4EAE1C53-AE1E-4B00-8001-CA2AA5ED5F18\"}},\"Execution\":{\"#attributes\":{\"ProcessID\":1352,\"ThreadID\":3688}},\"Channel\":\"Microsoft-Windows-GroupPolicy/Operational\",\"Computer\":\"WIN-FPV0DSIC9O6.sigma.fr\",\"Security\":{\"#attributes\":{\"UserID\":\"S-1-5-18\"}}},\"EventData\":{\"DCDiscoveryTimeInMilliSeconds\":4078,\"ErrorCode\":58}}}",
  "xml_fields": {
    "provider": "Microsoft-Windows-GroupPolicy",
    "event_id": "7326",
    "timestamp": "2022-04-07T16:54:20.564196Z",
    "event_record_id": "514",
    "level": "2",
    "task": "0",
    "opcode": "0",
    "keywords": "0x4000000000000000",
    "channel": "Microsoft-Windows-GroupPolicy/Operational",
    "computer": "WIN-FPV0DSIC9O6.sigma.fr",
    "DCDiscoveryTimeInMilliSeconds": "4078",
    "ErrorCode": "58"
  },
  "json_fields": {
    "provider": "Microsoft-Windows-GroupPolicy",
    "channel": "Microsoft-Windows-GroupPolicy/Operational",
    "event_id": "7326",
    "timestamp": "2022-04-07T16:54:20.564196Z",
    "event_record_id": "514",
    "level": "2",
    "task": "0",
    "opcode": "0",
    "keywords": "0x4000000000000000",
    "computer": "WIN-FPV0DSIC9O6.sigma.fr",
    "DCDiscoveryTimeInMilliSeconds": "4078",
    "ErrorCode": "58"
  }
}