{
  "event_id": "770",
  "provider": "Microsoft-Windows-DNS-Server-Service",
  "channel": "DNS Server",
  "source_file": "D:\\visual code file\\Project_4\\Event-Analyzer\\test\\Malicious\\EVTX-to-MITRE-Attack-master\\TA0003-Persistence\\T1574-Hijack Execution Flow\\ID770-Success DLL loaded by DNS server.evtx",
  "event_record_id": 2,
  "xml": "<?xml version=\"1.0\" encoding=\"utf-8\"?>\n<Event xmlns=\"http://schemas.microsoft.com/win/2004/08/events/event\">\n  <System>\n    <Provider Name=\"Microsoft-Windows-DNS-Server-Service\" Guid=\"71A551F5-C893-4849-886B-B5EC8502641E\">\n    </Provider>\n    <EventID>770</EventID>\n    <Version>0</Version>\n    <Level>4</Level>\n    <Task>0</Task>\n    <Opcode>0</Opcode>\n    <Keywords>0x8000000000008000</Keywords>\n    <TimeCreated SystemTime=\"2021-05-18T21:33:49.548065Z\">\n    </TimeCreated>\n    <EventRecordID>11684</EventRecordID>\n    <Correlation>\n    </Correlation>\n    <Execution ProcessID=\"180\" ThreadID=\"4116\">\n    </Execution>\n    <Channel>DNS Server</Channel>\n    <Computer>rootdc1.offsec.lan</Computer>\n    <Security UserID=\"S-1-5-18\">\n    </Security>\n  </System>\n  <EventData Name=\"DNS_EVENT_PLUGIN_DLL_LOAD_OK\">\n    <Data Name=\"param1\">C:\\TOOLS\\Mimikatz-fev-2020\\mimilib.dll</Data>\n    <Data Name=\"param2\">rootdc1.offsec.lan</Data>\n  </EventData>\n</Event>\n",
  "json": "{\"Event\":{\"#attributes\":{\"xmlns\":\"http://schemas.microsoft.com/win/2004/08/events/event\"},\"System\":{\"Provider\":{\"#attributes\":{\"Name\":\"Microsoft-Windows-DNS-Server-Service\",\"Guid\":\"71A551F5-C893-4849-886B-B5EC8502641E\"}},\"EventID\":770,\"Version\":0,\"Level\":4,\"Task\":0,\"Opcode\":0,\"Keywords\":\"0x8000000000008000\",\"TimeCreated\":{\"#attributes\":{\"SystemTime\":\"2021-05-18T21:33:49.548065Z\"}},\"EventRecordID\":11684,\"Correlation\":null,\"Execution\":{\"#attributes\":{\"ProcessID\":180,\"ThreadID\":4116}},\"Channel\":\"DNS Server\",\"Computer\":\"rootdc1.offsec.lan\",\"Security\":{\"#attributes\":{\"UserID\":\"S-1-5-18\"}}},\"EventData\":{\"#attributes\":{\"Name\":\"DNS_EVENT_PLUGIN_DLL_LOAD_OK\"},\"param1\":\"C:\\\\TOOLS\\\\Mimikatz-fev-2020\\\\mimilib.dll\",\"param2\":\"rootdc1.offsec.lan\"}}}",
  "xml_fields": {
    "provider": "Microsoft-Windows-DNS-Server-Service",
    "event_id": "770",
    "timestamp": "2021-05-18T21:33:49.548065Z",
    "event_record_id": "11684",
    "level": "4",
    "task": "0",
    "opcode": "0",
    "keywords": "0x8000000000008000",
    "channel": "DNS Server",
    "computer": "rootdc1.offsec.lan",
    "param1": "C:\\TOOLS\\Mimikatz-fev-2020\\mimilib.dll",
    "param2": "rootdc1.offsec.lan"
  },
  "json_fields": {
    "provider": "Microsoft-Windows-DNS-Server-Service",
    "channel": "DNS Server",
    "event_id": "770",
    "timestamp": "2021-05-18T21:33:49.548065Z",
    "event_record_id": "11684",
    "level": "4",
    "task": "0",
    "opcode": "0",
    "keywords": "0x8000000000008000",
    "computer": "rootdc1.offsec.lan",
    "param1": "C:\\TOOLS\\Mimikatz-fev-2020\\mimilib.dll",
    "param2": "rootdc1.offsec.lan"
  }
}