{
  "event_id": "7750",
  "provider": "Microsoft-Windows-AppXDeployment-Server",
  "channel": "Microsoft-Windows-AppXDeploymentServer/Operational",
  "source_file": "D:\\visual code file\\Project_4\\Event-Analyzer\\test\\Benign\\Logs_Win11_2023\\Microsoft-Windows-AppXDeploymentServer%4Operational.evtx",
  "event_record_id": 4439,
  "xml": "<?xml version=\"1.0\" encoding=\"utf-8\"?>\n<Event xmlns=\"http://schemas.microsoft.com/win/2004/08/events/event\">\n  <System>\n    <Provider Name=\"Microsoft-Windows-AppXDeployment-Server\" Guid=\"3F471139-ACB7-4A01-B7A7-FF5DA4BA2D43\">\n    </Provider>\n    <EventID>7750</EventID>\n    <Version>0</Version>\n    <Level>3</Level>\n    <Task>0</Task>\n    <Opcode>0</Opcode>\n    <Keywords>0x4000000002000000</Keywords>\n    <TimeCreated SystemTime=\"2023-10-25T22:53:28.577854Z\">\n    </TimeCreated>\n    <EventRecordID>4439</EventRecordID>\n    <Correlation ActivityID=\"D5BBEBF4-0795-0000-B505-BCD59507DA01\">\n    </Correlation>\n    <Execution ProcessID=\"5348\" ThreadID=\"7452\">\n    </Execution>\n    <Channel>Microsoft-Windows-AppXDeploymentServer/Operational</Channel>\n    <Computer>WinDevEval</Computer>\n    <Security UserID=\"S-1-5-21-2533829718-189860685-2477588761-500\">\n    </Security>\n  </System>\n  <EventData>\n    <Data Name=\"PackageName\">AppxManifest.xml</Data>\n    <Data Name=\"ErrorCode\">0x80070005</Data>\n    <Data Name=\"ErrorText\">Access is denied.\r\n</Data>\n  </EventData>\n</Event>\n",
  "json": "{\"Event\":{\"#attributes\":{\"xmlns\":\"http://schemas.microsoft.com/win/2004/08/events/event\"},\"System\":{\"Provider\":{\"#attributes\":{\"Name\":\"Microsoft-Windows-AppXDeployment-Server\",\"Guid\":\"3F471139-ACB7-4A01-B7A7-FF5DA4BA2D43\"}},\"EventID\":7750,\"Version\":0,\"Level\":3,\"Task\":0,\"Opcode\":0,\"Keywords\":\"0x4000000002000000\",\"TimeCreated\":{\"#attributes\":{\"SystemTime\":\"2023-10-25T22:53:28.577854Z\"}},\"EventRecordID\":4439,\"Correlation\":{\"#attributes\":{\"ActivityID\":\"D5BBEBF4-0795-0000-B505-BCD59507DA01\"}},\"Execution\":{\"#attributes\":{\"ProcessID\":5348,\"ThreadID\":7452}},\"Channel\":\"Microsoft-Windows-AppXDeploymentServer/Operational\",\"Computer\":\"WinDevEval\",\"Security\":{\"#attributes\":{\"UserID\":\"S-1-5-21-2533829718-189860685-2477588761-500\"}}},\"EventData\":{\"PackageName\":\"AppxManifest.xml\",\"ErrorCode\":\"0x80070005\",\"ErrorText\":\"Access is denied.\\r\\n\"}}}",
  "xml_fields": {
    "provider": "Microsoft-Windows-AppXDeployment-Server",
    "event_id": "7750",
    "timestamp": "2023-10-25T22:53:28.577854Z",
    "event_record_id": "4439",
    "level": "3",
    "task": "0",
    "opcode": "0",
    "keywords": "0x4000000002000000",
    "channel": "Microsoft-Windows-AppXDeploymentServer/Operational",
    "computer": "WinDevEval",
    "PackageName": "AppxManifest.xml",
    "ErrorCode": "0x80070005",
    "ErrorText": "Access is denied.\n"
  },
  "json_fields": {
    "provider": "Microsoft-Windows-AppXDeployment-Server",
    "channel": "Microsoft-Windows-AppXDeploymentServer/Operational",
    "event_id": "7750",
    "timestamp": "2023-10-25T22:53:28.577854Z",
    "event_record_id": "4439",
    "level": "3",
    "task": "0",
    "opcode": "0",
    "keywords": "0x4000000002000000",
    "computer": "WinDevEval",
    "PackageName": "AppxManifest.xml",
    "ErrorCode": "0x80070005",
    "ErrorText": "Access is denied.\r\n"
  }
}