{
  "event_id": "781",
  "provider": "Microsoft-Windows-Complus",
  "channel": "Application",
  "source_file": "D:\\visual code file\\Project_4\\Event-Analyzer\\test\\Logs\\Application.evtx",
  "event_record_id": 182,
  "xml": "<?xml version=\"1.0\" encoding=\"utf-8\"?>\n<Event xmlns=\"http://schemas.microsoft.com/win/2004/08/events/event\">\n  <System>\n    <Provider Name=\"Microsoft-Windows-Complus\" Guid=\"{0f177893-4a9c-4709-b921-f432d67f43d5}\" EventSourceName=\"COM+\">\n    </Provider>\n    <EventID Qualifiers=\"16384\">781</EventID>\n    <Version>0</Version>\n    <Level>4</Level>\n    <Task>0</Task>\n    <Opcode>0</Opcode>\n    <Keywords>0x80000000000000</Keywords>\n    <TimeCreated SystemTime=\"2025-01-06T12:17:57.881656Z\">\n    </TimeCreated>\n    <EventRecordID>182</EventRecordID>\n    <Correlation>\n    </Correlation>\n    <Execution ProcessID=\"0\" ThreadID=\"0\">\n    </Execution>\n    <Channel>Application</Channel>\n    <Computer>DESKTOP-P9H5FTA</Computer>\n    <Security>\n    </Security>\n  </System>\n  <EventData>\n    <Data Name=\"param1\">86400</Data>\n    <Data Name=\"param2\">SuppressDuplicateDuration</Data>\n    <Data Name=\"param3\">Software\\Microsoft\\COM3\\Eventlog</Data>\n  </EventData>\n</Event>\n",
  "json": "{\"Event\":{\"#attributes\":{\"xmlns\":\"http://schemas.microsoft.com/win/2004/08/events/event\"},\"System\":{\"Provider\":{\"#attributes\":{\"Name\":\"Microsoft-Windows-Complus\",\"Guid\":\"{0f177893-4a9c-4709-b921-f432d67f43d5}\",\"EventSourceName\":\"COM+\"}},\"EventID\":{\"#attributes\":{\"Qualifiers\":16384},\"#text\":781},\"Version\":0,\"Level\":4,\"Task\":0,\"Opcode\":0,\"Keywords\":\"0x80000000000000\",\"TimeCreated\":{\"#attributes\":{\"SystemTime\":\"2025-01-06T12:17:57.881656Z\"}},\"EventRecordID\":182,\"Correlation\":null,\"Execution\":{\"#attributes\":{\"ProcessID\":0,\"ThreadID\":0}},\"Channel\":\"Application\",\"Computer\":\"DESKTOP-P9H5FTA\",\"Security\":null},\"EventData\":{\"param1\":\"86400\",\"param2\":\"SuppressDuplicateDuration\",\"param3\":\"Software\\\\Microsoft\\\\COM3\\\\Eventlog\"}}}",
  "xml_fields": {
    "provider": "Microsoft-Windows-Complus",
    "event_id": "781",
    "timestamp": "2025-01-06T12:17:57.881656Z",
    "event_record_id": "182",
    "level": "4",
    "task": "0",
    "opcode": "0",
    "keywords": "0x80000000000000",
    "channel": "Application",
    "computer": "DESKTOP-P9H5FTA",
    "param1": "86400",
    "param2": "SuppressDuplicateDuration",
    "param3": "Software\\Microsoft\\COM3\\Eventlog"
  },
  "json_fields": {
    "provider": "Microsoft-Windows-Complus",
    "channel": "Application",
    "event_id": "781",
    "timestamp": "2025-01-06T12:17:57.881656Z",
    "event_record_id": "182",
    "level": "4",
    "task": "0",
    "opcode": "0",
    "keywords": "0x80000000000000",
    "computer": "DESKTOP-P9H5FTA",
    "param1": "86400",
    "param2": "SuppressDuplicateDuration",
    "param3": "Software\\Microsoft\\COM3\\Eventlog"
  }
}