{
  "event_id": "7",
  "provider": "AuroraAgent",
  "channel": "Application",
  "source_file": "D:\\visual code file\\Project_4\\Event-Analyzer\\test\\Benign\\win2022-0-20348-azure\\Application.evtx",
  "event_record_id": 690,
  "xml": "<?xml version=\"1.0\" encoding=\"utf-8\"?>\n<Event xmlns=\"http://schemas.microsoft.com/win/2004/08/events/event\">\n  <System>\n    <Provider Name=\"AuroraAgent\">\n    </Provider>\n    <EventID Qualifiers=\"0\">7</EventID>\n    <Version>0</Version>\n    <Level>4</Level>\n    <Task>0</Task>\n    <Opcode>0</Opcode>\n    <Keywords>0x80000000000000</Keywords>\n    <TimeCreated SystemTime=\"2022-09-18T10:49:40.513613Z\">\n    </TimeCreated>\n    <EventRecordID>690</EventRecordID>\n    <Correlation>\n    </Correlation>\n    <Execution ProcessID=\"0\" ThreadID=\"0\">\n    </Execution>\n    <Channel>Application</Channel>\n    <Computer>Agamemnon</Computer>\n    <Security>\n    </Security>\n  </System>\n  <EventData>\n    <Data>Sigma rule match found: Suspicious WSMAN Provider Image Loads (see Details tab for more information)</Data>\n    <Data>Module: Sigma</Data>\n    <Data>Rule_Title: Suspicious WSMAN Provider Image Loads</Data>\n    <Data>Rule_Author: Roberto Rodriguez (Cyb3rWard0g), OTR (Open Threat Research)</Data>\n    <Data>Rule_Description: Detects signs of potential use of the WSMAN provider from uncommon processes locally and remote execution.</Data>\n    <Data>Rule_FalsePositives: Unknown</Data>\n    <Data>Rule_Id: ad1f4bb9-8dfb-4765-adb6-2a7cfb6c0f94</Data>\n    <Data>Rule_Level: medium</Data>\n    <Data>Rule_Link: https://github.com/SigmaHQ/sigma/blob/0.22-120-geb87ed8f4/rules/windows/image_load/image_load_wsman_provider_image_load.yml</Data>\n    <Data>Rule_Modified: 2022/07/18</Data>\n    <Data>Rule_Path: public\\windows\\image_load\\image_load_wsman_provider_image_load.yml</Data>\n    <Data>Rule_References: https://twitter.com/chadtilbury/status/1275851297770610688, https://bohops.com/2020/05/12/ws-management-com-another-approach-for-winrm-lateral-movement/, https://docs.microsoft.com/en-us/windows/win32/winrm/windows-remote-management-architecture, https://github.com/bohops/WSMan-WinRM</Data>\n    <Data>Rule_Sigtype: public</Data>\n    <Data>CommandLine: \"C:\\Windows\\system32\\WindowsPowerShell\\v1.0\\PowerShell_ISE.exe\" </Data>\n    <Data>Company: Microsoft Corporation</Data>\n    <Data>Computer: Agamemnon</Data>\n    <Data>Correlation_ActivityID: {00000000-0000-0000-0000-000000000000}</Data>\n    <Data>DefaultBase: 0x7FFE05DF0000</Data>\n    <Data>Description:  </Data>\n    <Data>EventID: 5</Data>\n    <Data>Execution_ProcessID: 1400</Data>\n    <Data>Execution_ThreadID: 8712</Data>\n    <Data>FileAge: 09d13h37m05s</Data>\n    <Data>FileCreationDate: 2022-09-08T21:12:35</Data>\n    <Data>FileVersion: 10.0.20348.1</Data>\n    <Data>Hashes: MD5=CD313ABA28B7D373339DC4B932693740,SHA1=3F306A5EF51624D5A40FDD919E2A208007D4A3C9,SHA256=7182A05FDD6F3403B98C94E1EA0B0924C25D4933E1E1FD46EA3463A982987EDB</Data>\n    <Data>Image: C:\\Windows\\System32\\WindowsPowerShell\\v1.0\\powershell_ise.exe</Data>\n    <Data>ImageBase: 0x7FFE05DF0000</Data>\n    <Data>ImageCheckSum: 0</Data>\n    <Data>ImageLoaded: C:\\Windows\\assembly\\NativeImages_v4.0.30319_64\\Microsoft.We0722664#\\769cb254b6920ac368fa1bf30987ff78\\Microsoft.WSMan.Management.ni.dll</Data>\n    <Data>ImageName: \\Device\\HarddiskVolume4\\Windows\\assembly\\NativeImages_v4.0.30319_64\\Microsoft.We0722664#\\769cb254b6920ac368fa1bf30987ff78\\Microsoft.WSMan.Management.ni.dll</Data>\n    <Data>ImageSize: 0x9A000</Data>\n    <Data>Keywords: 0x8000000000000040</Data>\n    <Data>Level: 4</Data>\n    <Data>Match_Strings: \\Microsoft.WSMan.Management.ni.dll in ImageLoaded, Microsoft.WSMan.Management.dll in OriginalFileName</Data>\n    <Data>Opcode: 0</Data>\n    <Data>OriginalFileName: Microsoft.WSMan.Management.dll</Data>\n    <Data>ProcessId: 1400</Data>\n    <Data>Product: Microsoft (R) Windows (R) Operating System</Data>\n    <Data>Provider_Guid: {22FB2CD6-0E7B-422B-A0C7-2FAD1FD0E716}</Data>\n    <Data>Provider_Name: Microsoft-Windows-Kernel-Process</Data>\n    <Data>Security_UserID: S-1-5-21-3574161147-2844031704-266979156-500</Data>\n    <Data>Task: 5</Data>\n    <Data>TimeCreated_SystemTime: 2022-09-18T10:49:40.3078282Z</Data>\n    <Data>TimeDateStamp: 4219768375</Data>\n    <Data>Timestamp: 2103-09-20T21:52:55</Data>\n    <Data>Version: 0</Data>\n    <Data>Winversion: 20348</Data>\n    <Binary></Binary>\n  </EventData>\n</Event>\n",
  "json": "{\"Event\":{\"#attributes\":{\"xmlns\":\"http://schemas.microsoft.com/win/2004/08/events/event\"},\"System\":{\"Provider\":{\"#attributes\":{\"Name\":\"AuroraAgent\"}},\"EventID\":{\"#attributes\":{\"Qualifiers\":0},\"#text\":7},\"Version\":0,\"Level\":4,\"Task\":0,\"Opcode\":0,\"Keywords\":\"0x80000000000000\",\"TimeCreated\":{\"#attributes\":{\"SystemTime\":\"2022-09-18T10:49:40.513613Z\"}},\"EventRecordID\":690,\"Correlation\":null,\"Execution\":{\"#attributes\":{\"ProcessID\":0,\"ThreadID\":0}},\"Channel\":\"Application\",\"Computer\":\"Agamemnon\",\"Security\":null},\"EventData\":{\"Data\":{\"#text\":[\"Sigma rule match found: Suspicious WSMAN Provider Image Loads (see Details tab for more information)\",\"Module: Sigma\",\"Rule_Title: Suspicious WSMAN Provider Image Loads\",\"Rule_Author: Roberto Rodriguez (Cyb3rWard0g), OTR (Open Threat Research)\",\"Rule_Description: Detects signs of potential use of the WSMAN provider from uncommon processes locally and remote execution.\",\"Rule_FalsePositives: Unknown\",\"Rule_Id: ad1f4bb9-8dfb-4765-adb6-2a7cfb6c0f94\",\"Rule_Level: medium\",\"Rule_Link: https://github.com/SigmaHQ/sigma/blob/0.22-120-geb87ed8f4/rules/windows/image_load/image_load_wsman_provider_image_load.yml\",\"Rule_Modified: 2022/07/18\",\"Rule_Path: public\\\\windows\\\\image_load\\\\image_load_wsman_provider_image_load.yml\",\"Rule_References: https://twitter.com/chadtilbury/status/1275851297770610688, https://bohops.com/2020/05/12/ws-management-com-another-approach-for-winrm-lateral-movement/, https://docs.microsoft.com/en-us/windows/win32/winrm/windows-remote-management-architecture, https://github.com/bohops/WSMan-WinRM\",\"Rule_Sigtype: public\",\"CommandLine: \\\"C:\\\\Windows\\\\system32\\\\WindowsPowerShell\\\\v1.0\\\\PowerShell_ISE.exe\\\" \",\"Company: Microsoft Corporation\",\"Computer: Agamemnon\",\"Correlation_ActivityID: {00000000-0000-0000-0000-000000000000}\",\"DefaultBase: 0x7FFE05DF0000\",\"Description:  \",\"EventID: 5\",\"Execution_ProcessID: 1400\",\"Execution_ThreadID: 8712\",\"FileAge: 09d13h37m05s\",\"FileCreationDate: 2022-09-08T21:12:35\",\"FileVersion: 10.0.20348.1\",\"Hashes: MD5=CD313ABA28B7D373339DC4B932693740,SHA1=3F306A5EF51624D5A40FDD919E2A208007D4A3C9,SHA256=7182A05FDD6F3403B98C94E1EA0B0924C25D4933E1E1FD46EA3463A982987EDB\",\"Image: C:\\\\Windows\\\\System32\\\\WindowsPowerShell\\\\v1.0\\\\powershell_ise.exe\",\"ImageBase: 0x7FFE05DF0000\",\"ImageCheckSum: 0\",\"ImageLoaded: C:\\\\Windows\\\\assembly\\\\NativeImages_v4.0.30319_64\\\\Microsoft.We0722664#\\\\769cb254b6920ac368fa1bf30987ff78\\\\Microsoft.WSMan.Management.ni.dll\",\"ImageName: \\\\Device\\\\HarddiskVolume4\\\\Windows\\\\assembly\\\\NativeImages_v4.0.30319_64\\\\Microsoft.We0722664#\\\\769cb254b6920ac368fa1bf30987ff78\\\\Microsoft.WSMan.Management.ni.dll\",\"ImageSize: 0x9A000\",\"Keywords: 0x8000000000000040\",\"Level: 4\",\"Match_Strings: \\\\Microsoft.WSMan.Management.ni.dll in ImageLoaded, Microsoft.WSMan.Management.dll in OriginalFileName\",\"Opcode: 0\",\"OriginalFileName: Microsoft.WSMan.Management.dll\",\"ProcessId: 1400\",\"Product: Microsoft (R) Windows (R) Operating System\",\"Provider_Guid: {22FB2CD6-0E7B-422B-A0C7-2FAD1FD0E716}\",\"Provider_Name: Microsoft-Windows-Kernel-Process\",\"Security_UserID: S-1-5-21-3574161147-2844031704-266979156-500\",\"Task: 5\",\"TimeCreated_SystemTime: 2022-09-18T10:49:40.3078282Z\",\"TimeDateStamp: 4219768375\",\"Timestamp: 2103-09-20T21:52:55\",\"Version: 0\",\"Winversion: 20348\"]},\"Binary\":null}}}",
  "xml_fields": {
    "provider": "AuroraAgent",
    "event_id": "7",
    "timestamp": "2022-09-18T10:49:40.513613Z",
    "event_record_id": "690",
    "level": "4",
    "task": "0",
    "opcode": "0",
    "keywords": "0x80000000000000",
    "channel": "Application",
    "computer": "Agamemnon",
    "_data_0": "Sigma rule match found: Suspicious WSMAN Provider Image Loads (see Details tab for more information)",
    "_data_1": "Module: Sigma",
    "_data_2": "Rule_Title: Suspicious WSMAN Provider Image Loads",
    "_data_3": "Rule_Author: Roberto Rodriguez (Cyb3rWard0g), OTR (Open Threat Research)",
    "_data_4": "Rule_Description: Detects signs of potential use of the WSMAN provider from uncommon processes locally and remote execution.",
    "_data_5": "Rule_FalsePositives: Unknown",
    "_data_6": "Rule_Id: ad1f4bb9-8dfb-4765-adb6-2a7cfb6c0f94",
    "_data_7": "Rule_Level: medium",
    "_data_8": "Rule_Link: https://github.com/SigmaHQ/sigma/blob/0.22-120-geb87ed8f4/rules/windows/image_load/image_load_wsman_provider_image_load.yml",
    "_data_9": "Rule_Modified: 2022/07/18",
    "_data_10": "Rule_Path: public\\windows\\image_load\\image_load_wsman_provider_image_load.yml",
    "_data_11": "Rule_References: https://twitter.com/chadtilbury/status/1275851297770610688, https://bohops.com/2020/05/12/ws-management-com-another-approach-for-winrm-lateral-movement/, https://docs.microsoft.com/en-us/windows/win32/winrm/windows-remote-management-architecture, https://github.com/bohops/WSMan-WinRM",
    "_data_12": "Rule_Sigtype: public",
    "_data_13": "CommandLine: \"C:\\Windows\\system32\\WindowsPowerShell\\v1.0\\PowerShell_ISE.exe\" ",
    "_data_14": "Company: Microsoft Corporation",
    "_data_15": "Computer: Agamemnon",
    "_data_16": "Correlation_ActivityID: {00000000-0000-0000-0000-000000000000}",
    "_data_17": "DefaultBase: 0x7FFE05DF0000",
    "_data_18": "Description:  ",
    "_data_19": "EventID: 5",
    "_data_20": "Execution_ProcessID: 1400",
    "_data_21": "Execution_ThreadID: 8712",
    "_data_22": "FileAge: 09d13h37m05s",
    "_data_23": "FileCreationDate: 2022-09-08T21:12:35",
    "_data_24": "FileVersion: 10.0.20348.1",
    "_data_25": "Hashes: MD5=CD313ABA28B7D373339DC4B932693740,SHA1=3F306A5EF51624D5A40FDD919E2A208007D4A3C9,SHA256=7182A05FDD6F3403B98C94E1EA0B0924C25D4933E1E1FD46EA3463A982987EDB",
    "_data_26": "Image: C:\\Windows\\System32\\WindowsPowerShell\\v1.0\\powershell_ise.exe",
    "_data_27": "ImageBase: 0x7FFE05DF0000",
    "_data_28": "ImageCheckSum: 0",
    "_data_29": "ImageLoaded: C:\\Windows\\assembly\\NativeImages_v4.0.30319_64\\Microsoft.We0722664#\\769cb254b6920ac368fa1bf30987ff78\\Microsoft.WSMan.Management.ni.dll",
    "_data_30": "ImageName: \\Device\\HarddiskVolume4\\Windows\\assembly\\NativeImages_v4.0.30319_64\\Microsoft.We0722664#\\769cb254b6920ac368fa1bf30987ff78\\Microsoft.WSMan.Management.ni.dll",
    "_data_31": "ImageSize: 0x9A000",
    "_data_32": "Keywords: 0x8000000000000040",
    "_data_33": "Level: 4",
    "_data_34": "Match_Strings: \\Microsoft.WSMan.Management.ni.dll in ImageLoaded, Microsoft.WSMan.Management.dll in OriginalFileName",
    "_data_35": "Opcode: 0",
    "_data_36": "OriginalFileName: Microsoft.WSMan.Management.dll",
    "_data_37": "ProcessId: 1400",
    "_data_38": "Product: Microsoft (R) Windows (R) Operating System",
    "_data_39": "Provider_Guid: {22FB2CD6-0E7B-422B-A0C7-2FAD1FD0E716}",
    "_data_40": "Provider_Name: Microsoft-Windows-Kernel-Process",
    "_data_41": "Security_UserID: S-1-5-21-3574161147-2844031704-266979156-500",
    "_data_42": "Task: 5",
    "_data_43": "TimeCreated_SystemTime: 2022-09-18T10:49:40.3078282Z",
    "_data_44": "TimeDateStamp: 4219768375",
    "_data_45": "Timestamp: 2103-09-20T21:52:55",
    "_data_46": "Version: 0",
    "_data_47": "Winversion: 20348"
  },
  "json_fields": {
    "provider": "AuroraAgent",
    "channel": "Application",
    "event_id": "7",
    "timestamp": "2022-09-18T10:49:40.513613Z",
    "event_record_id": "690",
    "level": "4",
    "task": "0",
    "opcode": "0",
    "keywords": "0x80000000000000",
    "computer": "Agamemnon",
    "_data_0": "Sigma rule match found: Suspicious WSMAN Provider Image Loads (see Details tab for more information)",
    "_data_1": "Module: Sigma",
    "_data_2": "Rule_Title: Suspicious WSMAN Provider Image Loads",
    "_data_3": "Rule_Author: Roberto Rodriguez (Cyb3rWard0g), OTR (Open Threat Research)",
    "_data_4": "Rule_Description: Detects signs of potential use of the WSMAN provider from uncommon processes locally and remote execution.",
    "_data_5": "Rule_FalsePositives: Unknown",
    "_data_6": "Rule_Id: ad1f4bb9-8dfb-4765-adb6-2a7cfb6c0f94",
    "_data_7": "Rule_Level: medium",
    "_data_8": "Rule_Link: https://github.com/SigmaHQ/sigma/blob/0.22-120-geb87ed8f4/rules/windows/image_load/image_load_wsman_provider_image_load.yml",
    "_data_9": "Rule_Modified: 2022/07/18",
    "_data_10": "Rule_Path: public\\windows\\image_load\\image_load_wsman_provider_image_load.yml",
    "_data_11": "Rule_References: https://twitter.com/chadtilbury/status/1275851297770610688, https://bohops.com/2020/05/12/ws-management-com-another-approach-for-winrm-lateral-movement/, https://docs.microsoft.com/en-us/windows/win32/winrm/windows-remote-management-architecture, https://github.com/bohops/WSMan-WinRM",
    "_data_12": "Rule_Sigtype: public",
    "_data_13": "CommandLine: \"C:\\Windows\\system32\\WindowsPowerShell\\v1.0\\PowerShell_ISE.exe\" ",
    "_data_14": "Company: Microsoft Corporation",
    "_data_15": "Computer: Agamemnon",
    "_data_16": "Correlation_ActivityID: {00000000-0000-0000-0000-000000000000}",
    "_data_17": "DefaultBase: 0x7FFE05DF0000",
    "_data_18": "Description:  ",
    "_data_19": "EventID: 5",
    "_data_20": "Execution_ProcessID: 1400",
    "_data_21": "Execution_ThreadID: 8712",
    "_data_22": "FileAge: 09d13h37m05s",
    "_data_23": "FileCreationDate: 2022-09-08T21:12:35",
    "_data_24": "FileVersion: 10.0.20348.1",
    "_data_25": "Hashes: MD5=CD313ABA28B7D373339DC4B932693740,SHA1=3F306A5EF51624D5A40FDD919E2A208007D4A3C9,SHA256=7182A05FDD6F3403B98C94E1EA0B0924C25D4933E1E1FD46EA3463A982987EDB",
    "_data_26": "Image: C:\\Windows\\System32\\WindowsPowerShell\\v1.0\\powershell_ise.exe",
    "_data_27": "ImageBase: 0x7FFE05DF0000",
    "_data_28": "ImageCheckSum: 0",
    "_data_29": "ImageLoaded: C:\\Windows\\assembly\\NativeImages_v4.0.30319_64\\Microsoft.We0722664#\\769cb254b6920ac368fa1bf30987ff78\\Microsoft.WSMan.Management.ni.dll",
    "_data_30": "ImageName: \\Device\\HarddiskVolume4\\Windows\\assembly\\NativeImages_v4.0.30319_64\\Microsoft.We0722664#\\769cb254b6920ac368fa1bf30987ff78\\Microsoft.WSMan.Management.ni.dll",
    "_data_31": "ImageSize: 0x9A000",
    "_data_32": "Keywords: 0x8000000000000040",
    "_data_33": "Level: 4",
    "_data_34": "Match_Strings: \\Microsoft.WSMan.Management.ni.dll in ImageLoaded, Microsoft.WSMan.Management.dll in OriginalFileName",
    "_data_35": "Opcode: 0",
    "_data_36": "OriginalFileName: Microsoft.WSMan.Management.dll",
    "_data_37": "ProcessId: 1400",
    "_data_38": "Product: Microsoft (R) Windows (R) Operating System",
    "_data_39": "Provider_Guid: {22FB2CD6-0E7B-422B-A0C7-2FAD1FD0E716}",
    "_data_40": "Provider_Name: Microsoft-Windows-Kernel-Process",
    "_data_41": "Security_UserID: S-1-5-21-3574161147-2844031704-266979156-500",
    "_data_42": "Task: 5",
    "_data_43": "TimeCreated_SystemTime: 2022-09-18T10:49:40.3078282Z",
    "_data_44": "TimeDateStamp: 4219768375",
    "_data_45": "Timestamp: 2103-09-20T21:52:55",
    "_data_46": "Version: 0",
    "_data_47": "Winversion: 20348"
  }
}