{
  "event_id": "7",
  "provider": "Microsoft-Windows-OfflineFiles",
  "channel": "Microsoft-Windows-OfflineFiles/Operational",
  "source_file": "D:\\visual code file\\Project_4\\Event-Analyzer\\test\\Benign\\win7-x86\\Microsoft-Windows-OfflineFiles%4Operational.evtx",
  "event_record_id": 3,
  "xml": "<?xml version=\"1.0\" encoding=\"utf-8\"?>\n<Event xmlns=\"http://schemas.microsoft.com/win/2004/08/events/event\">\n  <System>\n    <Provider Name=\"Microsoft-Windows-OfflineFiles\" Guid=\"95353826-4FBE-41D4-9C42-F521C6E86360\">\n    </Provider>\n    <EventID>7</EventID>\n    <Version>0</Version>\n    <Level>4</Level>\n    <Task>0</Task>\n    <Opcode>0</Opcode>\n    <Keywords>0x4000000000000008</Keywords>\n    <TimeCreated SystemTime=\"2022-04-04T10:09:21.645609Z\">\n    </TimeCreated>\n    <EventRecordID>3</EventRecordID>\n    <Correlation>\n    </Correlation>\n    <Execution ProcessID=\"880\" ThreadID=\"1032\">\n    </Execution>\n    <Channel>Microsoft-Windows-OfflineFiles/Operational</Channel>\n    <Computer>evtx-PC</Computer>\n    <Security UserID=\"S-1-5-18\">\n    </Security>\n  </System>\n  <UserData>\n    <Info xmlns:auto-ns3=\"http://schemas.microsoft.com/win/2004/08/events\" xmlns=\"UserSessionNs\">\n      <Account>evtx-PC\\evtx</Account>\n      <Session>1</Session>\n    </Info>\n  </UserData>\n</Event>\n",
  "json": "{\"Event\":{\"#attributes\":{\"xmlns\":\"http://schemas.microsoft.com/win/2004/08/events/event\"},\"System\":{\"Provider\":{\"#attributes\":{\"Name\":\"Microsoft-Windows-OfflineFiles\",\"Guid\":\"95353826-4FBE-41D4-9C42-F521C6E86360\"}},\"EventID\":7,\"Version\":0,\"Level\":4,\"Task\":0,\"Opcode\":0,\"Keywords\":\"0x4000000000000008\",\"TimeCreated\":{\"#attributes\":{\"SystemTime\":\"2022-04-04T10:09:21.645609Z\"}},\"EventRecordID\":3,\"Correlation\":null,\"Execution\":{\"#attributes\":{\"ProcessID\":880,\"ThreadID\":1032}},\"Channel\":\"Microsoft-Windows-OfflineFiles/Operational\",\"Computer\":\"evtx-PC\",\"Security\":{\"#attributes\":{\"UserID\":\"S-1-5-18\"}}},\"UserData\":{\"Info\":{\"#attributes\":{\"xmlns:auto-ns3\":\"http://schemas.microsoft.com/win/2004/08/events\",\"xmlns\":\"UserSessionNs\"},\"Account\":\"evtx-PC\\\\evtx\",\"Session\":1}}}}",
  "xml_fields": {
    "provider": "Microsoft-Windows-OfflineFiles",
    "event_id": "7",
    "timestamp": "2022-04-04T10:09:21.645609Z",
    "event_record_id": "3",
    "level": "4",
    "task": "0",
    "opcode": "0",
    "keywords": "0x4000000000000008",
    "channel": "Microsoft-Windows-OfflineFiles/Operational",
    "computer": "evtx-PC",
    "Account": "evtx-PC\\evtx",
    "Session": "1"
  },
  "json_fields": {
    "provider": "Microsoft-Windows-OfflineFiles",
    "channel": "Microsoft-Windows-OfflineFiles/Operational",
    "event_id": "7",
    "timestamp": "2022-04-04T10:09:21.645609Z",
    "event_record_id": "3",
    "level": "4",
    "task": "0",
    "opcode": "0",
    "keywords": "0x4000000000000008",
    "computer": "evtx-PC",
    "Account": "evtx-PC\\evtx",
    "Session": "1"
  }
}