{
  "event_id": "7",
  "provider": "Microsoft-Windows-Sysmon",
  "channel": "Microsoft-Windows-Sysmon/Operational",
  "source_file": "D:\\visual code file\\Project_4\\Event-Analyzer\\test\\Malicious\\EVTX-to-MITRE-Attack-master\\TA0006-Credential Access\\T1003-Credential dumping\\ID1-LSASS dump with LSASSY (SYSMON).evtx",
  "event_record_id": 5,
  "xml": "<?xml version=\"1.0\" encoding=\"utf-8\"?>\n<Event xmlns=\"http://schemas.microsoft.com/win/2004/08/events/event\">\n  <System>\n    <Provider Name=\"Microsoft-Windows-Sysmon\" Guid=\"5770385F-C22A-43E0-BF4C-06F5698FFBD9\">\n    </Provider>\n    <EventID>7</EventID>\n    <Version>3</Version>\n    <Level>4</Level>\n    <Task>7</Task>\n    <Opcode>0</Opcode>\n    <Keywords>0x8000000000000000</Keywords>\n    <TimeCreated SystemTime=\"2021-10-20T14:18:55.871079Z\">\n    </TimeCreated>\n    <EventRecordID>71670</EventRecordID>\n    <Correlation>\n    </Correlation>\n    <Execution ProcessID=\"1152\" ThreadID=\"1764\">\n    </Execution>\n    <Channel>Microsoft-Windows-Sysmon/Operational</Channel>\n    <Computer>FS03.offsec.lan</Computer>\n    <Security UserID=\"S-1-5-18\">\n    </Security>\n  </System>\n  <EventData>\n    <Data Name=\"RuleName\">technique_id=T1086,technique_name=PowerShell</Data>\n    <Data Name=\"UtcTime\">2021-10-20 14:18:55.871</Data>\n    <Data Name=\"ProcessGuid\">7CF65FC7-254F-6170-9402-000000001200</Data>\n    <Data Name=\"ProcessId\">2508</Data>\n    <Data Name=\"Image\">C:\\Windows\\System32\\WindowsPowerShell\\v1.0\\powershell.exe</Data>\n    <Data Name=\"ImageLoaded\">C:\\Windows\\assembly\\NativeImages_v4.0.30319_64\\System.Manaa57fc8cc#\\3e50931f5376ebab490b124f3f46dd45\\System.Management.Automation.ni.dll</Data>\n    <Data Name=\"FileVersion\">6.3.9600.19170</Data>\n    <Data Name=\"Description\">System.Management.Automation</Data>\n    <Data Name=\"Product\">Microsoft (R) Windows (R) Operating System</Data>\n    <Data Name=\"Company\">Microsoft Corporation</Data>\n    <Data Name=\"OriginalFileName\">System.Management.Automation.dll</Data>\n    <Data Name=\"Hashes\">SHA1=BFDFC46117000B652897F1DE8084FBB9EAA66384,MD5=6EF679145F15A8E54FBF9B23A25A6F21,SHA256=240674945FF5175A14E5DF6DEB2AECD04231911DE9103CA34F6D327C4FF86732,IMPHASH=00000000000000000000000000000000</Data>\n    <Data Name=\"Signed\">false</Data>\n    <Data Name=\"Signature\">-</Data>\n    <Data Name=\"SignatureStatus\">Unavailable</Data>\n  </EventData>\n</Event>\n",
  "json": "{\"Event\":{\"#attributes\":{\"xmlns\":\"http://schemas.microsoft.com/win/2004/08/events/event\"},\"System\":{\"Provider\":{\"#attributes\":{\"Name\":\"Microsoft-Windows-Sysmon\",\"Guid\":\"5770385F-C22A-43E0-BF4C-06F5698FFBD9\"}},\"EventID\":7,\"Version\":3,\"Level\":4,\"Task\":7,\"Opcode\":0,\"Keywords\":\"0x8000000000000000\",\"TimeCreated\":{\"#attributes\":{\"SystemTime\":\"2021-10-20T14:18:55.871079Z\"}},\"EventRecordID\":71670,\"Correlation\":null,\"Execution\":{\"#attributes\":{\"ProcessID\":1152,\"ThreadID\":1764}},\"Channel\":\"Microsoft-Windows-Sysmon/Operational\",\"Computer\":\"FS03.offsec.lan\",\"Security\":{\"#attributes\":{\"UserID\":\"S-1-5-18\"}}},\"EventData\":{\"RuleName\":\"technique_id=T1086,technique_name=PowerShell\",\"UtcTime\":\"2021-10-20 14:18:55.871\",\"ProcessGuid\":\"7CF65FC7-254F-6170-9402-000000001200\",\"ProcessId\":2508,\"Image\":\"C:\\\\Windows\\\\System32\\\\WindowsPowerShell\\\\v1.0\\\\powershell.exe\",\"ImageLoaded\":\"C:\\\\Windows\\\\assembly\\\\NativeImages_v4.0.30319_64\\\\System.Manaa57fc8cc#\\\\3e50931f5376ebab490b124f3f46dd45\\\\System.Management.Automation.ni.dll\",\"FileVersion\":\"6.3.9600.19170\",\"Description\":\"System.Management.Automation\",\"Product\":\"Microsoft (R) Windows (R) Operating System\",\"Company\":\"Microsoft Corporation\",\"OriginalFileName\":\"System.Management.Automation.dll\",\"Hashes\":\"SHA1=BFDFC46117000B652897F1DE8084FBB9EAA66384,MD5=6EF679145F15A8E54FBF9B23A25A6F21,SHA256=240674945FF5175A14E5DF6DEB2AECD04231911DE9103CA34F6D327C4FF86732,IMPHASH=00000000000000000000000000000000\",\"Signed\":\"false\",\"Signature\":\"-\",\"SignatureStatus\":\"Unavailable\"}}}",
  "xml_fields": {
    "provider": "Microsoft-Windows-Sysmon",
    "event_id": "7",
    "timestamp": "2021-10-20T14:18:55.871079Z",
    "event_record_id": "71670",
    "level": "4",
    "task": "7",
    "opcode": "0",
    "keywords": "0x8000000000000000",
    "channel": "Microsoft-Windows-Sysmon/Operational",
    "computer": "FS03.offsec.lan",
    "RuleName": "technique_id=T1086,technique_name=PowerShell",
    "UtcTime": "2021-10-20 14:18:55.871",
    "ProcessGuid": "7CF65FC7-254F-6170-9402-000000001200",
    "ProcessId": "2508",
    "Image": "C:\\Windows\\System32\\WindowsPowerShell\\v1.0\\powershell.exe",
    "ImageLoaded": "C:\\Windows\\assembly\\NativeImages_v4.0.30319_64\\System.Manaa57fc8cc#\\3e50931f5376ebab490b124f3f46dd45\\System.Management.Automation.ni.dll",
    "FileVersion": "6.3.9600.19170",
    "Description": "System.Management.Automation",
    "Product": "Microsoft (R) Windows (R) Operating System",
    "Company": "Microsoft Corporation",
    "OriginalFileName": "System.Management.Automation.dll",
    "Hashes": "SHA1=BFDFC46117000B652897F1DE8084FBB9EAA66384,MD5=6EF679145F15A8E54FBF9B23A25A6F21,SHA256=240674945FF5175A14E5DF6DEB2AECD04231911DE9103CA34F6D327C4FF86732,IMPHASH=00000000000000000000000000000000",
    "Signed": "false",
    "Signature": "-",
    "SignatureStatus": "Unavailable"
  },
  "json_fields": {
    "provider": "Microsoft-Windows-Sysmon",
    "channel": "Microsoft-Windows-Sysmon/Operational",
    "event_id": "7",
    "timestamp": "2021-10-20T14:18:55.871079Z",
    "event_record_id": "71670",
    "level": "4",
    "task": "7",
    "opcode": "0",
    "keywords": "0x8000000000000000",
    "computer": "FS03.offsec.lan",
    "RuleName": "technique_id=T1086,technique_name=PowerShell",
    "UtcTime": "2021-10-20 14:18:55.871",
    "ProcessGuid": "7CF65FC7-254F-6170-9402-000000001200",
    "ProcessId": "2508",
    "Image": "C:\\Windows\\System32\\WindowsPowerShell\\v1.0\\powershell.exe",
    "ImageLoaded": "C:\\Windows\\assembly\\NativeImages_v4.0.30319_64\\System.Manaa57fc8cc#\\3e50931f5376ebab490b124f3f46dd45\\System.Management.Automation.ni.dll",
    "FileVersion": "6.3.9600.19170",
    "Description": "System.Management.Automation",
    "Product": "Microsoft (R) Windows (R) Operating System",
    "Company": "Microsoft Corporation",
    "OriginalFileName": "System.Management.Automation.dll",
    "Hashes": "SHA1=BFDFC46117000B652897F1DE8084FBB9EAA66384,MD5=6EF679145F15A8E54FBF9B23A25A6F21,SHA256=240674945FF5175A14E5DF6DEB2AECD04231911DE9103CA34F6D327C4FF86732,IMPHASH=00000000000000000000000000000000",
    "Signed": "false",
    "Signature": "-",
    "SignatureStatus": "Unavailable"
  }
}