{
  "event_id": "7",
  "provider": "Microsoft-Windows-BootEvent-Collector",
  "channel": "Microsoft-Windows-BootEvent-Collector/Admin",
  "source_file": "D:\\visual code file\\Project_4\\Event-Analyzer\\test\\Benign\\win2022-0-20348-azure\\Microsoft-Windows-BootEvent-Collector%4Admin.evtx",
  "event_record_id": 1,
  "xml": "<?xml version=\"1.0\" encoding=\"utf-8\"?>\n<Event xmlns=\"http://schemas.microsoft.com/win/2004/08/events/event\">\n  <System>\n    <Provider Name=\"Microsoft-Windows-BootEvent-Collector\" Guid=\"520A0597-4E86-47D6-896F-CB4F252B1698\">\n    </Provider>\n    <EventID>7</EventID>\n    <Version>0</Version>\n    <Level>4</Level>\n    <Task>0</Task>\n    <Opcode>0</Opcode>\n    <Keywords>0x8000000000000000</Keywords>\n    <TimeCreated SystemTime=\"2022-09-18T09:53:00.842409Z\">\n    </TimeCreated>\n    <EventRecordID>1</EventRecordID>\n    <Correlation>\n    </Correlation>\n    <Execution ProcessID=\"4748\" ThreadID=\"2884\">\n    </Execution>\n    <Channel>Microsoft-Windows-BootEvent-Collector/Admin</Channel>\n    <Computer>Agamemnon</Computer>\n    <Security UserID=\"S-1-5-20\">\n    </Security>\n  </System>\n  <EventData>\n    <Data Name=\"Text\">I Collector:720904:0x800b0008: The minimal log severity level has been set to \"INFO\".\n</Data>\n    <Data Name=\"Code\">720904</Data>\n    <Data Name=\"NestedCodeCount\">1</Data>\n    <Data Name=\"NestedCode\">720904</Data>\n  </EventData>\n</Event>\n",
  "json": "{\"Event\":{\"#attributes\":{\"xmlns\":\"http://schemas.microsoft.com/win/2004/08/events/event\"},\"System\":{\"Provider\":{\"#attributes\":{\"Name\":\"Microsoft-Windows-BootEvent-Collector\",\"Guid\":\"520A0597-4E86-47D6-896F-CB4F252B1698\"}},\"EventID\":7,\"Version\":0,\"Level\":4,\"Task\":0,\"Opcode\":0,\"Keywords\":\"0x8000000000000000\",\"TimeCreated\":{\"#attributes\":{\"SystemTime\":\"2022-09-18T09:53:00.842409Z\"}},\"EventRecordID\":1,\"Correlation\":null,\"Execution\":{\"#attributes\":{\"ProcessID\":4748,\"ThreadID\":2884}},\"Channel\":\"Microsoft-Windows-BootEvent-Collector/Admin\",\"Computer\":\"Agamemnon\",\"Security\":{\"#attributes\":{\"UserID\":\"S-1-5-20\"}}},\"EventData\":{\"Text\":\"I Collector:720904:0x800b0008: The minimal log severity level has been set to \\\"INFO\\\".\\n\",\"Code\":720904,\"NestedCodeCount\":1,\"NestedCode\":\"720904\"}}}",
  "xml_fields": {
    "provider": "Microsoft-Windows-BootEvent-Collector",
    "event_id": "7",
    "timestamp": "2022-09-18T09:53:00.842409Z",
    "event_record_id": "1",
    "level": "4",
    "task": "0",
    "opcode": "0",
    "keywords": "0x8000000000000000",
    "channel": "Microsoft-Windows-BootEvent-Collector/Admin",
    "computer": "Agamemnon",
    "Text": "I Collector:720904:0x800b0008: The minimal log severity level has been set to \"INFO\".\n",
    "Code": "720904",
    "NestedCodeCount": "1",
    "NestedCode": "720904"
  },
  "json_fields": {
    "provider": "Microsoft-Windows-BootEvent-Collector",
    "channel": "Microsoft-Windows-BootEvent-Collector/Admin",
    "event_id": "7",
    "timestamp": "2022-09-18T09:53:00.842409Z",
    "event_record_id": "1",
    "level": "4",
    "task": "0",
    "opcode": "0",
    "keywords": "0x8000000000000000",
    "computer": "Agamemnon",
    "Text": "I Collector:720904:0x800b0008: The minimal log severity level has been set to \"INFO\".\n",
    "Code": "720904",
    "NestedCodeCount": "1",
    "NestedCode": "720904"
  }
}