{
  "event_id": "7",
  "provider": "Microsoft-Windows-Servicing",
  "channel": "Setup",
  "source_file": "D:\\visual code file\\Project_4\\Event-Analyzer\\test\\Malicious\\EVTX-to-MITRE-Attack-master\\TA0005-Defense Evasion\\T1562.001-Impair Defenses-Disable or Modify tool\\ID8-Module Virtualization disabled (Credential Guard).evtx",
  "event_record_id": 21,
  "xml": "<?xml version=\"1.0\" encoding=\"utf-8\"?>\n<Event xmlns=\"http://schemas.microsoft.com/win/2004/08/events/event\">\n  <System>\n    <Provider Name=\"Microsoft-Windows-Servicing\" Guid=\"BD12F3B8-FC40-4A61-A307-B7A013A069C1\">\n    </Provider>\n    <EventID>7</EventID>\n    <Version>0</Version>\n    <Level>0</Level>\n    <Task>1</Task>\n    <Opcode>0</Opcode>\n    <Keywords>0x8000000000000000</Keywords>\n    <TimeCreated SystemTime=\"2022-11-07T12:09:32.977518Z\">\n    </TimeCreated>\n    <EventRecordID>171</EventRecordID>\n    <Correlation ActivityID=\"A4E2DD2A-0926-4960-9ED8-8D5E47892BA8\">\n    </Correlation>\n    <Execution ProcessID=\"19712\" ThreadID=\"13896\">\n    </Execution>\n    <Channel>Setup</Channel>\n    <Computer>N900B7FFD.kapsch.co.at</Computer>\n    <Security UserID=\"S-1-5-18\">\n    </Security>\n  </System>\n  <UserData>\n    <CbsUpdateChangeState xmlns=\"http://manifests.microsoft.com/win/2004/08/windows/setup_provider\">\n      <UpdateName>Microsoft-Windows-Subsystem-Linux</UpdateName>\n      <PackageIdentifier>Microsoft-Windows-Lxss-Optional</PackageIdentifier>\n      <ErrorCode></ErrorCode>\n      <Client>DISM Package Manager Provider</Client>\n    </CbsUpdateChangeState>\n  </UserData>\n</Event>\n",
  "json": "{\"Event\":{\"#attributes\":{\"xmlns\":\"http://schemas.microsoft.com/win/2004/08/events/event\"},\"System\":{\"Provider\":{\"#attributes\":{\"Name\":\"Microsoft-Windows-Servicing\",\"Guid\":\"BD12F3B8-FC40-4A61-A307-B7A013A069C1\"}},\"EventID\":7,\"Version\":0,\"Level\":0,\"Task\":1,\"Opcode\":0,\"Keywords\":\"0x8000000000000000\",\"TimeCreated\":{\"#attributes\":{\"SystemTime\":\"2022-11-07T12:09:32.977518Z\"}},\"EventRecordID\":171,\"Correlation\":{\"#attributes\":{\"ActivityID\":\"A4E2DD2A-0926-4960-9ED8-8D5E47892BA8\"}},\"Execution\":{\"#attributes\":{\"ProcessID\":19712,\"ThreadID\":13896}},\"Channel\":\"Setup\",\"Computer\":\"N900B7FFD.kapsch.co.at\",\"Security\":{\"#attributes\":{\"UserID\":\"S-1-5-18\"}}},\"UserData\":{\"CbsUpdateChangeState\":{\"#attributes\":{\"xmlns\":\"http://manifests.microsoft.com/win/2004/08/windows/setup_provider\"},\"UpdateName\":\"Microsoft-Windows-Subsystem-Linux\",\"PackageIdentifier\":\"Microsoft-Windows-Lxss-Optional\",\"ErrorCode\":null,\"Client\":\"DISM Package Manager Provider\"}}}}",
  "xml_fields": {
    "provider": "Microsoft-Windows-Servicing",
    "event_id": "7",
    "timestamp": "2022-11-07T12:09:32.977518Z",
    "event_record_id": "171",
    "level": "0",
    "task": "1",
    "opcode": "0",
    "keywords": "0x8000000000000000",
    "channel": "Setup",
    "computer": "N900B7FFD.kapsch.co.at",
    "UpdateName": "Microsoft-Windows-Subsystem-Linux",
    "PackageIdentifier": "Microsoft-Windows-Lxss-Optional",
    "Client": "DISM Package Manager Provider"
  },
  "json_fields": {
    "provider": "Microsoft-Windows-Servicing",
    "channel": "Setup",
    "event_id": "7",
    "timestamp": "2022-11-07T12:09:32.977518Z",
    "event_record_id": "171",
    "level": "0",
    "task": "1",
    "opcode": "0",
    "keywords": "0x8000000000000000",
    "computer": "N900B7FFD.kapsch.co.at",
    "UpdateName": "Microsoft-Windows-Subsystem-Linux",
    "PackageIdentifier": "Microsoft-Windows-Lxss-Optional",
    "Client": "DISM Package Manager Provider"
  }
}