{
  "event_id": "8000",
  "provider": "Microsoft-Windows-Store",
  "channel": "Microsoft-Windows-Store/Operational",
  "source_file": "D:\\visual code file\\Project_4\\Event-Analyzer\\test\\Logs\\Microsoft-Windows-Store%4Operational.evtx",
  "event_record_id": 1,
  "xml": "<?xml version=\"1.0\" encoding=\"utf-8\"?>\n<Event xmlns=\"http://schemas.microsoft.com/win/2004/08/events/event\">\n  <System>\n    <Provider Name=\"Microsoft-Windows-Store\" Guid=\"9C2A37F3-E5FD-5CAE-BCD1-43DAFEEE1FF0\">\n    </Provider>\n    <EventID>8000</EventID>\n    <Version>0</Version>\n    <Level>4</Level>\n    <Task>8000</Task>\n    <Opcode>0</Opcode>\n    <Keywords>0x8000100000000000</Keywords>\n    <TimeCreated SystemTime=\"2024-11-04T12:35:00.532175Z\">\n    </TimeCreated>\n    <EventRecordID>1</EventRecordID>\n    <Correlation>\n    </Correlation>\n    <Execution ProcessID=\"764\" ThreadID=\"1784\">\n    </Execution>\n    <Channel>Microsoft-Windows-Store/Operational</Channel>\n    <Computer>DESKTOP-P9H5FTA</Computer>\n    <Security UserID=\"S-1-5-18\">\n    </Security>\n  </System>\n  <EventData>\n    <Data Name=\"Process Name\">C:\\Windows\\system32\\svchost.exe</Data>\n    <Data Name=\"Module Name\">C:\\Windows\\SYSTEM32\\licensemanagerapi.dll</Data>\n    <Data Name=\"Build Name\">19041.1.amd64fre.vb_release.191206-1406</Data>\n  </EventData>\n</Event>\n",
  "json": "{\"Event\":{\"#attributes\":{\"xmlns\":\"http://schemas.microsoft.com/win/2004/08/events/event\"},\"System\":{\"Provider\":{\"#attributes\":{\"Name\":\"Microsoft-Windows-Store\",\"Guid\":\"9C2A37F3-E5FD-5CAE-BCD1-43DAFEEE1FF0\"}},\"EventID\":8000,\"Version\":0,\"Level\":4,\"Task\":8000,\"Opcode\":0,\"Keywords\":\"0x8000100000000000\",\"TimeCreated\":{\"#attributes\":{\"SystemTime\":\"2024-11-04T12:35:00.532175Z\"}},\"EventRecordID\":1,\"Correlation\":null,\"Execution\":{\"#attributes\":{\"ProcessID\":764,\"ThreadID\":1784}},\"Channel\":\"Microsoft-Windows-Store/Operational\",\"Computer\":\"DESKTOP-P9H5FTA\",\"Security\":{\"#attributes\":{\"UserID\":\"S-1-5-18\"}}},\"EventData\":{\"Process Name\":\"C:\\\\Windows\\\\system32\\\\svchost.exe\",\"Module Name\":\"C:\\\\Windows\\\\SYSTEM32\\\\licensemanagerapi.dll\",\"Build Name\":\"19041.1.amd64fre.vb_release.191206-1406\"}}}",
  "xml_fields": {
    "provider": "Microsoft-Windows-Store",
    "event_id": "8000",
    "timestamp": "2024-11-04T12:35:00.532175Z",
    "event_record_id": "1",
    "level": "4",
    "task": "8000",
    "opcode": "0",
    "keywords": "0x8000100000000000",
    "channel": "Microsoft-Windows-Store/Operational",
    "computer": "DESKTOP-P9H5FTA",
    "Process Name": "C:\\Windows\\system32\\svchost.exe",
    "Module Name": "C:\\Windows\\SYSTEM32\\licensemanagerapi.dll",
    "Build Name": "19041.1.amd64fre.vb_release.191206-1406"
  },
  "json_fields": {
    "provider": "Microsoft-Windows-Store",
    "channel": "Microsoft-Windows-Store/Operational",
    "event_id": "8000",
    "timestamp": "2024-11-04T12:35:00.532175Z",
    "event_record_id": "1",
    "level": "4",
    "task": "8000",
    "opcode": "0",
    "keywords": "0x8000100000000000",
    "computer": "DESKTOP-P9H5FTA",
    "Process Name": "C:\\Windows\\system32\\svchost.exe",
    "Module Name": "C:\\Windows\\SYSTEM32\\licensemanagerapi.dll",
    "Build Name": "19041.1.amd64fre.vb_release.191206-1406"
  }
}