{
  "event_id": "8000",
  "provider": "Microsoft-Windows-UserPnp",
  "channel": "Microsoft-Windows-UserPnp/DeviceInstall",
  "source_file": "D:\\visual code file\\Project_4\\Event-Analyzer\\test\\Benign\\Logs_Win11_2023\\Microsoft-Windows-UserPnp%4DeviceInstall.evtx",
  "event_record_id": 21,
  "xml": "<?xml version=\"1.0\" encoding=\"utf-8\"?>\n<Event xmlns=\"http://schemas.microsoft.com/win/2004/08/events/event\">\n  <System>\n    <Provider Name=\"Microsoft-Windows-UserPnp\" Guid=\"96F4A050-7E31-453C-88BE-9634F4E02139\">\n    </Provider>\n    <EventID>8000</EventID>\n    <Version>0</Version>\n    <Level>3</Level>\n    <Task>0</Task>\n    <Opcode>0</Opcode>\n    <Keywords>0x800000000000002</Keywords>\n    <TimeCreated SystemTime=\"2023-10-25T22:50:39.873740Z\">\n    </TimeCreated>\n    <EventRecordID>21</EventRecordID>\n    <Correlation>\n    </Correlation>\n    <Execution ProcessID=\"3600\" ThreadID=\"1060\">\n    </Execution>\n    <Channel>Microsoft-Windows-UserPnp/DeviceInstall</Channel>\n    <Computer>WinDevEval</Computer>\n    <Security UserID=\"S-1-5-18\">\n    </Security>\n  </System>\n  <UserData>\n    <ERR_DEVICE_ID xmlns=\"http://manifests.microsoft.com/win/2004/08/windows/userpnp\">\n      <DeviceId>ACPI\\VMW0003\\4&amp;1BD7F811&amp;0</DeviceId>\n    </ERR_DEVICE_ID>\n  </UserData>\n</Event>\n",
  "json": "{\"Event\":{\"#attributes\":{\"xmlns\":\"http://schemas.microsoft.com/win/2004/08/events/event\"},\"System\":{\"Provider\":{\"#attributes\":{\"Name\":\"Microsoft-Windows-UserPnp\",\"Guid\":\"96F4A050-7E31-453C-88BE-9634F4E02139\"}},\"EventID\":8000,\"Version\":0,\"Level\":3,\"Task\":0,\"Opcode\":0,\"Keywords\":\"0x800000000000002\",\"TimeCreated\":{\"#attributes\":{\"SystemTime\":\"2023-10-25T22:50:39.873740Z\"}},\"EventRecordID\":21,\"Correlation\":null,\"Execution\":{\"#attributes\":{\"ProcessID\":3600,\"ThreadID\":1060}},\"Channel\":\"Microsoft-Windows-UserPnp/DeviceInstall\",\"Computer\":\"WinDevEval\",\"Security\":{\"#attributes\":{\"UserID\":\"S-1-5-18\"}}},\"UserData\":{\"ERR_DEVICE_ID\":{\"#attributes\":{\"xmlns\":\"http://manifests.microsoft.com/win/2004/08/windows/userpnp\"},\"DeviceId\":\"ACPI\\\\VMW0003\\\\4&1BD7F811&0\"}}}}",
  "xml_fields": {
    "provider": "Microsoft-Windows-UserPnp",
    "event_id": "8000",
    "timestamp": "2023-10-25T22:50:39.873740Z",
    "event_record_id": "21",
    "level": "3",
    "task": "0",
    "opcode": "0",
    "keywords": "0x800000000000002",
    "channel": "Microsoft-Windows-UserPnp/DeviceInstall",
    "computer": "WinDevEval",
    "DeviceId": "ACPI\\VMW0003\\4&1BD7F811&0"
  },
  "json_fields": {
    "provider": "Microsoft-Windows-UserPnp",
    "channel": "Microsoft-Windows-UserPnp/DeviceInstall",
    "event_id": "8000",
    "timestamp": "2023-10-25T22:50:39.873740Z",
    "event_record_id": "21",
    "level": "3",
    "task": "0",
    "opcode": "0",
    "keywords": "0x800000000000002",
    "computer": "WinDevEval",
    "DeviceId": "ACPI\\VMW0003\\4&1BD7F811&0"
  }
}