{
  "event_id": "8001",
  "provider": "Microsoft-Windows-AppLocker",
  "channel": "Microsoft-Windows-AppLocker/EXE and DLL",
  "source_file": "D:\\visual code file\\Project_4\\Event-Analyzer\\test\\Benign\\Logs_Win11_2023\\Microsoft-Windows-AppLocker%4EXE and DLL.evtx",
  "event_record_id": 1,
  "xml": "<?xml version=\"1.0\" encoding=\"utf-8\"?>\n<Event xmlns=\"http://schemas.microsoft.com/win/2004/08/events/event\">\n  <System>\n    <Provider Name=\"Microsoft-Windows-AppLocker\" Guid=\"CBDA4DBF-8D5D-4F69-9578-BE14AA540D22\">\n    </Provider>\n    <EventID>8001</EventID>\n    <Version>0</Version>\n    <Level>4</Level>\n    <Task>0</Task>\n    <Opcode>0</Opcode>\n    <Keywords>0x8000000000000000</Keywords>\n    <TimeCreated SystemTime=\"2023-10-26T04:19:17.862435Z\">\n    </TimeCreated>\n    <EventRecordID>1</EventRecordID>\n    <Correlation>\n    </Correlation>\n    <Execution ProcessID=\"3348\" ThreadID=\"2384\">\n    </Execution>\n    <Channel>Microsoft-Windows-AppLocker/EXE and DLL</Channel>\n    <Computer>WIN-OQ6R0RVA4NF</Computer>\n    <Security UserID=\"S-1-5-18\">\n    </Security>\n  </System>\n  <EventData>\n  </EventData>\n</Event>\n",
  "json": "{\"Event\":{\"#attributes\":{\"xmlns\":\"http://schemas.microsoft.com/win/2004/08/events/event\"},\"System\":{\"Provider\":{\"#attributes\":{\"Name\":\"Microsoft-Windows-AppLocker\",\"Guid\":\"CBDA4DBF-8D5D-4F69-9578-BE14AA540D22\"}},\"EventID\":8001,\"Version\":0,\"Level\":4,\"Task\":0,\"Opcode\":0,\"Keywords\":\"0x8000000000000000\",\"TimeCreated\":{\"#attributes\":{\"SystemTime\":\"2023-10-26T04:19:17.862435Z\"}},\"EventRecordID\":1,\"Correlation\":null,\"Execution\":{\"#attributes\":{\"ProcessID\":3348,\"ThreadID\":2384}},\"Channel\":\"Microsoft-Windows-AppLocker/EXE and DLL\",\"Computer\":\"WIN-OQ6R0RVA4NF\",\"Security\":{\"#attributes\":{\"UserID\":\"S-1-5-18\"}}},\"EventData\":null}}",
  "xml_fields": {
    "provider": "Microsoft-Windows-AppLocker",
    "event_id": "8001",
    "timestamp": "2023-10-26T04:19:17.862435Z",
    "event_record_id": "1",
    "level": "4",
    "task": "0",
    "opcode": "0",
    "keywords": "0x8000000000000000",
    "channel": "Microsoft-Windows-AppLocker/EXE and DLL",
    "computer": "WIN-OQ6R0RVA4NF"
  },
  "json_fields": {
    "provider": "Microsoft-Windows-AppLocker",
    "channel": "Microsoft-Windows-AppLocker/EXE and DLL",
    "event_id": "8001",
    "timestamp": "2023-10-26T04:19:17.862435Z",
    "event_record_id": "1",
    "level": "4",
    "task": "0",
    "opcode": "0",
    "keywords": "0x8000000000000000",
    "computer": "WIN-OQ6R0RVA4NF"
  }
}