{
  "event_id": "8001",
  "provider": "Microsoft-Windows-Store",
  "channel": "Microsoft-Windows-Store/Operational",
  "source_file": "D:\\visual code file\\Project_4\\Event-Analyzer\\test\\Logs\\Microsoft-Windows-Store%4Operational.evtx",
  "event_record_id": 3,
  "xml": "<?xml version=\"1.0\" encoding=\"utf-8\"?>\n<Event xmlns=\"http://schemas.microsoft.com/win/2004/08/events/event\">\n  <System>\n    <Provider Name=\"Microsoft-Windows-Store\" Guid=\"9C2A37F3-E5FD-5CAE-BCD1-43DAFEEE1FF0\">\n    </Provider>\n    <EventID>8001</EventID>\n    <Version>0</Version>\n    <Level>4</Level>\n    <Task>8001</Task>\n    <Opcode>14</Opcode>\n    <Keywords>0x8000100000000000</Keywords>\n    <TimeCreated SystemTime=\"2024-11-04T12:35:09.583474Z\">\n    </TimeCreated>\n    <EventRecordID>3</EventRecordID>\n    <Correlation>\n    </Correlation>\n    <Execution ProcessID=\"6248\" ThreadID=\"6264\">\n    </Execution>\n    <Channel>Microsoft-Windows-Store/Operational</Channel>\n    <Computer>DESKTOP-P9H5FTA</Computer>\n    <Security UserID=\"S-1-5-19\">\n    </Security>\n  </System>\n  <EventData>\n    <Data Name=\"Message\">License Manager starting...</Data>\n    <Data Name=\"Function\">ServiceInitializeImpl</Data>\n    <Data Name=\"Source\">onecoreuap\\enduser\\winstore\\licensemanager\\lib\\service.cpp</Data>\n    <Data Name=\"Line Number\">1906</Data>\n  </EventData>\n</Event>\n",
  "json": "{\"Event\":{\"#attributes\":{\"xmlns\":\"http://schemas.microsoft.com/win/2004/08/events/event\"},\"System\":{\"Provider\":{\"#attributes\":{\"Name\":\"Microsoft-Windows-Store\",\"Guid\":\"9C2A37F3-E5FD-5CAE-BCD1-43DAFEEE1FF0\"}},\"EventID\":8001,\"Version\":0,\"Level\":4,\"Task\":8001,\"Opcode\":14,\"Keywords\":\"0x8000100000000000\",\"TimeCreated\":{\"#attributes\":{\"SystemTime\":\"2024-11-04T12:35:09.583474Z\"}},\"EventRecordID\":3,\"Correlation\":null,\"Execution\":{\"#attributes\":{\"ProcessID\":6248,\"ThreadID\":6264}},\"Channel\":\"Microsoft-Windows-Store/Operational\",\"Computer\":\"DESKTOP-P9H5FTA\",\"Security\":{\"#attributes\":{\"UserID\":\"S-1-5-19\"}}},\"EventData\":{\"Message\":\"License Manager starting...\",\"Function\":\"ServiceInitializeImpl\",\"Source\":\"onecoreuap\\\\enduser\\\\winstore\\\\licensemanager\\\\lib\\\\service.cpp\",\"Line Number\":1906}}}",
  "xml_fields": {
    "provider": "Microsoft-Windows-Store",
    "event_id": "8001",
    "timestamp": "2024-11-04T12:35:09.583474Z",
    "event_record_id": "3",
    "level": "4",
    "task": "8001",
    "opcode": "14",
    "keywords": "0x8000100000000000",
    "channel": "Microsoft-Windows-Store/Operational",
    "computer": "DESKTOP-P9H5FTA",
    "Message": "License Manager starting...",
    "Function": "ServiceInitializeImpl",
    "Source": "onecoreuap\\enduser\\winstore\\licensemanager\\lib\\service.cpp",
    "Line Number": "1906"
  },
  "json_fields": {
    "provider": "Microsoft-Windows-Store",
    "channel": "Microsoft-Windows-Store/Operational",
    "event_id": "8001",
    "timestamp": "2024-11-04T12:35:09.583474Z",
    "event_record_id": "3",
    "level": "4",
    "task": "8001",
    "opcode": "14",
    "keywords": "0x8000100000000000",
    "computer": "DESKTOP-P9H5FTA",
    "Message": "License Manager starting...",
    "Function": "ServiceInitializeImpl",
    "Source": "onecoreuap\\enduser\\winstore\\licensemanager\\lib\\service.cpp",
    "Line Number": "1906"
  }
}