{
  "event_id": "8002",
  "provider": "Microsoft-Windows-Store",
  "channel": "Microsoft-Windows-Store/Operational",
  "source_file": "D:\\visual code file\\Project_4\\Event-Analyzer\\test\\Logs\\Microsoft-Windows-Store%4Operational.evtx",
  "event_record_id": 10,
  "xml": "<?xml version=\"1.0\" encoding=\"utf-8\"?>\n<Event xmlns=\"http://schemas.microsoft.com/win/2004/08/events/event\">\n  <System>\n    <Provider Name=\"Microsoft-Windows-Store\" Guid=\"9C2A37F3-E5FD-5CAE-BCD1-43DAFEEE1FF0\">\n    </Provider>\n    <EventID>8002</EventID>\n    <Version>0</Version>\n    <Level>3</Level>\n    <Task>8001</Task>\n    <Opcode>13</Opcode>\n    <Keywords>0x8000100000000000</Keywords>\n    <TimeCreated SystemTime=\"2024-11-04T12:35:09.605728Z\">\n    </TimeCreated>\n    <EventRecordID>10</EventRecordID>\n    <Correlation>\n    </Correlation>\n    <Execution ProcessID=\"6248\" ThreadID=\"6284\">\n    </Execution>\n    <Channel>Microsoft-Windows-Store/Operational</Channel>\n    <Computer>DESKTOP-P9H5FTA</Computer>\n    <Security UserID=\"S-1-5-19\">\n    </Security>\n  </System>\n  <EventData>\n    <Data Name=\"Message\">Capturing identity for LocalService, this probably isn't intended</Data>\n    <Data Name=\"Function\">StoredIdentity::StoredIdentity</Data>\n    <Data Name=\"Source\">onecoreuap\\enduser\\winstore\\licensemanager\\lib\\identity.cpp</Data>\n    <Data Name=\"Line Number\">607</Data>\n  </EventData>\n</Event>\n",
  "json": "{\"Event\":{\"#attributes\":{\"xmlns\":\"http://schemas.microsoft.com/win/2004/08/events/event\"},\"System\":{\"Provider\":{\"#attributes\":{\"Name\":\"Microsoft-Windows-Store\",\"Guid\":\"9C2A37F3-E5FD-5CAE-BCD1-43DAFEEE1FF0\"}},\"EventID\":8002,\"Version\":0,\"Level\":3,\"Task\":8001,\"Opcode\":13,\"Keywords\":\"0x8000100000000000\",\"TimeCreated\":{\"#attributes\":{\"SystemTime\":\"2024-11-04T12:35:09.605728Z\"}},\"EventRecordID\":10,\"Correlation\":null,\"Execution\":{\"#attributes\":{\"ProcessID\":6248,\"ThreadID\":6284}},\"Channel\":\"Microsoft-Windows-Store/Operational\",\"Computer\":\"DESKTOP-P9H5FTA\",\"Security\":{\"#attributes\":{\"UserID\":\"S-1-5-19\"}}},\"EventData\":{\"Message\":\"Capturing identity for LocalService, this probably isn't intended\",\"Function\":\"StoredIdentity::StoredIdentity\",\"Source\":\"onecoreuap\\\\enduser\\\\winstore\\\\licensemanager\\\\lib\\\\identity.cpp\",\"Line Number\":607}}}",
  "xml_fields": {
    "provider": "Microsoft-Windows-Store",
    "event_id": "8002",
    "timestamp": "2024-11-04T12:35:09.605728Z",
    "event_record_id": "10",
    "level": "3",
    "task": "8001",
    "opcode": "13",
    "keywords": "0x8000100000000000",
    "channel": "Microsoft-Windows-Store/Operational",
    "computer": "DESKTOP-P9H5FTA",
    "Message": "Capturing identity for LocalService, this probably isn't intended",
    "Function": "StoredIdentity::StoredIdentity",
    "Source": "onecoreuap\\enduser\\winstore\\licensemanager\\lib\\identity.cpp",
    "Line Number": "607"
  },
  "json_fields": {
    "provider": "Microsoft-Windows-Store",
    "channel": "Microsoft-Windows-Store/Operational",
    "event_id": "8002",
    "timestamp": "2024-11-04T12:35:09.605728Z",
    "event_record_id": "10",
    "level": "3",
    "task": "8001",
    "opcode": "13",
    "keywords": "0x8000100000000000",
    "computer": "DESKTOP-P9H5FTA",
    "Message": "Capturing identity for LocalService, this probably isn't intended",
    "Function": "StoredIdentity::StoredIdentity",
    "Source": "onecoreuap\\enduser\\winstore\\licensemanager\\lib\\identity.cpp",
    "Line Number": "607"
  }
}