{
  "event_id": "8003",
  "provider": "Microsoft-Windows-Store",
  "channel": "Microsoft-Windows-Store/Operational",
  "source_file": "D:\\visual code file\\Project_4\\Event-Analyzer\\test\\Logs\\Microsoft-Windows-Store%4Operational.evtx",
  "event_record_id": 732,
  "xml": "<?xml version=\"1.0\" encoding=\"utf-8\"?>\n<Event xmlns=\"http://schemas.microsoft.com/win/2004/08/events/event\">\n  <System>\n    <Provider Name=\"Microsoft-Windows-Store\" Guid=\"9C2A37F3-E5FD-5CAE-BCD1-43DAFEEE1FF0\">\n    </Provider>\n    <EventID>8003</EventID>\n    <Version>0</Version>\n    <Level>2</Level>\n    <Task>8001</Task>\n    <Opcode>12</Opcode>\n    <Keywords>0x8000100000000000</Keywords>\n    <TimeCreated SystemTime=\"2024-11-04T12:48:54.702885Z\">\n    </TimeCreated>\n    <EventRecordID>732</EventRecordID>\n    <Correlation>\n    </Correlation>\n    <Execution ProcessID=\"6416\" ThreadID=\"7568\">\n    </Execution>\n    <Channel>Microsoft-Windows-Store/Operational</Channel>\n    <Computer>DESKTOP-P9H5FTA</Computer>\n    <Security UserID=\"S-1-5-19\">\n    </Security>\n  </System>\n  <EventData>\n    <Data Name=\"Message\">Satisfaction error from service: 4096: Users do not possess any satisfying entitlements for the operating system content id in question. (Corr: EEqSvvRXOkqZ02Kd.1, Svr: ent-dffffcd5f-lq7kn), token broker error: 0x00000000, number of MSA tickets: 0, number of AAD tickets: 0</Data>\n    <Data Name=\"Function\">LogSatisfactionError</Data>\n    <Data Name=\"Source\">onecoreuap\\enduser\\winstore\\licensemanager\\lib\\telemetry.cpp</Data>\n    <Data Name=\"Line Number\">177</Data>\n  </EventData>\n</Event>\n",
  "json": "{\"Event\":{\"#attributes\":{\"xmlns\":\"http://schemas.microsoft.com/win/2004/08/events/event\"},\"System\":{\"Provider\":{\"#attributes\":{\"Name\":\"Microsoft-Windows-Store\",\"Guid\":\"9C2A37F3-E5FD-5CAE-BCD1-43DAFEEE1FF0\"}},\"EventID\":8003,\"Version\":0,\"Level\":2,\"Task\":8001,\"Opcode\":12,\"Keywords\":\"0x8000100000000000\",\"TimeCreated\":{\"#attributes\":{\"SystemTime\":\"2024-11-04T12:48:54.702885Z\"}},\"EventRecordID\":732,\"Correlation\":null,\"Execution\":{\"#attributes\":{\"ProcessID\":6416,\"ThreadID\":7568}},\"Channel\":\"Microsoft-Windows-Store/Operational\",\"Computer\":\"DESKTOP-P9H5FTA\",\"Security\":{\"#attributes\":{\"UserID\":\"S-1-5-19\"}}},\"EventData\":{\"Message\":\"Satisfaction error from service: 4096: Users do not possess any satisfying entitlements for the operating system content id in question. (Corr: EEqSvvRXOkqZ02Kd.1, Svr: ent-dffffcd5f-lq7kn), token broker error: 0x00000000, number of MSA tickets: 0, number of AAD tickets: 0\",\"Function\":\"LogSatisfactionError\",\"Source\":\"onecoreuap\\\\enduser\\\\winstore\\\\licensemanager\\\\lib\\\\telemetry.cpp\",\"Line Number\":177}}}",
  "xml_fields": {
    "provider": "Microsoft-Windows-Store",
    "event_id": "8003",
    "timestamp": "2024-11-04T12:48:54.702885Z",
    "event_record_id": "732",
    "level": "2",
    "task": "8001",
    "opcode": "12",
    "keywords": "0x8000100000000000",
    "channel": "Microsoft-Windows-Store/Operational",
    "computer": "DESKTOP-P9H5FTA",
    "Message": "Satisfaction error from service: 4096: Users do not possess any satisfying entitlements for the operating system content id in question. (Corr: EEqSvvRXOkqZ02Kd.1, Svr: ent-dffffcd5f-lq7kn), token broker error: 0x00000000, number of MSA tickets: 0, number of AAD tickets: 0",
    "Function": "LogSatisfactionError",
    "Source": "onecoreuap\\enduser\\winstore\\licensemanager\\lib\\telemetry.cpp",
    "Line Number": "177"
  },
  "json_fields": {
    "provider": "Microsoft-Windows-Store",
    "channel": "Microsoft-Windows-Store/Operational",
    "event_id": "8003",
    "timestamp": "2024-11-04T12:48:54.702885Z",
    "event_record_id": "732",
    "level": "2",
    "task": "8001",
    "opcode": "12",
    "keywords": "0x8000100000000000",
    "computer": "DESKTOP-P9H5FTA",
    "Message": "Satisfaction error from service: 4096: Users do not possess any satisfying entitlements for the operating system content id in question. (Corr: EEqSvvRXOkqZ02Kd.1, Svr: ent-dffffcd5f-lq7kn), token broker error: 0x00000000, number of MSA tickets: 0, number of AAD tickets: 0",
    "Function": "LogSatisfactionError",
    "Source": "onecoreuap\\enduser\\winstore\\licensemanager\\lib\\telemetry.cpp",
    "Line Number": "177"
  }
}