{
  "event_id": "8004",
  "provider": "Microsoft-Windows-GroupPolicy",
  "channel": "Microsoft-Windows-GroupPolicy/Operational",
  "source_file": "D:\\visual code file\\Project_4\\Event-Analyzer\\test\\Benign\\Logs_Win11\\Microsoft-Windows-GroupPolicy%4Operational.evtx",
  "event_record_id": 85,
  "xml": "<?xml version=\"1.0\" encoding=\"utf-8\"?>\n<Event xmlns=\"http://schemas.microsoft.com/win/2004/08/events/event\">\n  <System>\n    <Provider Name=\"Microsoft-Windows-GroupPolicy\" Guid=\"AEA1B4FA-97D1-45F2-A64C-4D69FFFD92C9\">\n    </Provider>\n    <EventID>8004</EventID>\n    <Version>1</Version>\n    <Level>4</Level>\n    <Task>0</Task>\n    <Opcode>2</Opcode>\n    <Keywords>0x4000000000000000</Keywords>\n    <TimeCreated SystemTime=\"2022-03-01T16:58:35.987731Z\">\n    </TimeCreated>\n    <EventRecordID>85</EventRecordID>\n    <Correlation ActivityID=\"AA4AE3CE-BB15-46CE-981C-A252B5A76663\">\n    </Correlation>\n    <Execution ProcessID=\"2376\" ThreadID=\"4504\">\n    </Execution>\n    <Channel>Microsoft-Windows-GroupPolicy/Operational</Channel>\n    <Computer>DESKTOP-6D0DBMB</Computer>\n    <Security UserID=\"S-1-5-18\">\n    </Security>\n  </System>\n  <EventData>\n    <Data Name=\"PolicyElaspedTimeInSeconds\">0</Data>\n    <Data Name=\"ErrorCode\">0</Data>\n    <Data Name=\"PrincipalSamName\">WORKGROUP\\WIN-KPO4DDU11AB$</Data>\n    <Data Name=\"IsMachine\">1</Data>\n    <Data Name=\"IsConnectivityFailure\">false</Data>\n  </EventData>\n</Event>\n",
  "json": "{\"Event\":{\"#attributes\":{\"xmlns\":\"http://schemas.microsoft.com/win/2004/08/events/event\"},\"System\":{\"Provider\":{\"#attributes\":{\"Name\":\"Microsoft-Windows-GroupPolicy\",\"Guid\":\"AEA1B4FA-97D1-45F2-A64C-4D69FFFD92C9\"}},\"EventID\":8004,\"Version\":1,\"Level\":4,\"Task\":0,\"Opcode\":2,\"Keywords\":\"0x4000000000000000\",\"TimeCreated\":{\"#attributes\":{\"SystemTime\":\"2022-03-01T16:58:35.987731Z\"}},\"EventRecordID\":85,\"Correlation\":{\"#attributes\":{\"ActivityID\":\"AA4AE3CE-BB15-46CE-981C-A252B5A76663\"}},\"Execution\":{\"#attributes\":{\"ProcessID\":2376,\"ThreadID\":4504}},\"Channel\":\"Microsoft-Windows-GroupPolicy/Operational\",\"Computer\":\"DESKTOP-6D0DBMB\",\"Security\":{\"#attributes\":{\"UserID\":\"S-1-5-18\"}}},\"EventData\":{\"PolicyElaspedTimeInSeconds\":0,\"ErrorCode\":0,\"PrincipalSamName\":\"WORKGROUP\\\\WIN-KPO4DDU11AB$\",\"IsMachine\":1,\"IsConnectivityFailure\":false}}}",
  "xml_fields": {
    "provider": "Microsoft-Windows-GroupPolicy",
    "event_id": "8004",
    "timestamp": "2022-03-01T16:58:35.987731Z",
    "event_record_id": "85",
    "level": "4",
    "task": "0",
    "opcode": "2",
    "keywords": "0x4000000000000000",
    "channel": "Microsoft-Windows-GroupPolicy/Operational",
    "computer": "DESKTOP-6D0DBMB",
    "PolicyElaspedTimeInSeconds": "0",
    "ErrorCode": "0",
    "PrincipalSamName": "WORKGROUP\\WIN-KPO4DDU11AB$",
    "IsMachine": "1",
    "IsConnectivityFailure": "false"
  },
  "json_fields": {
    "provider": "Microsoft-Windows-GroupPolicy",
    "channel": "Microsoft-Windows-GroupPolicy/Operational",
    "event_id": "8004",
    "timestamp": "2022-03-01T16:58:35.987731Z",
    "event_record_id": "85",
    "level": "4",
    "task": "0",
    "opcode": "2",
    "keywords": "0x4000000000000000",
    "computer": "DESKTOP-6D0DBMB",
    "PolicyElaspedTimeInSeconds": "0",
    "ErrorCode": "0",
    "PrincipalSamName": "WORKGROUP\\WIN-KPO4DDU11AB$",
    "IsMachine": "1",
    "IsConnectivityFailure": "False"
  }
}