{
  "event_id": "8005",
  "provider": "Microsoft-Windows-UserPnp",
  "channel": "Microsoft-Windows-UserPnp/DeviceInstall",
  "source_file": "D:\\visual code file\\Project_4\\Event-Analyzer\\test\\Logs\\Microsoft-Windows-UserPnp%4DeviceInstall.evtx",
  "event_record_id": 4,
  "xml": "<?xml version=\"1.0\" encoding=\"utf-8\"?>\n<Event xmlns=\"http://schemas.microsoft.com/win/2004/08/events/event\">\n  <System>\n    <Provider Name=\"Microsoft-Windows-UserPnp\" Guid=\"96F4A050-7E31-453C-88BE-9634F4E02139\">\n    </Provider>\n    <EventID>8005</EventID>\n    <Version>0</Version>\n    <Level>4</Level>\n    <Task>0</Task>\n    <Opcode>0</Opcode>\n    <Keywords>0x800000000000002</Keywords>\n    <TimeCreated SystemTime=\"2024-11-04T12:39:49.657061Z\">\n    </TimeCreated>\n    <EventRecordID>4</EventRecordID>\n    <Correlation>\n    </Correlation>\n    <Execution ProcessID=\"336\" ThreadID=\"3564\">\n    </Execution>\n    <Channel>Microsoft-Windows-UserPnp/DeviceInstall</Channel>\n    <Computer>DESKTOP-P9H5FTA</Computer>\n    <Security UserID=\"S-1-5-18\">\n    </Security>\n  </System>\n  <EventData>\n  </EventData>\n</Event>\n",
  "json": "{\"Event\":{\"#attributes\":{\"xmlns\":\"http://schemas.microsoft.com/win/2004/08/events/event\"},\"System\":{\"Provider\":{\"#attributes\":{\"Name\":\"Microsoft-Windows-UserPnp\",\"Guid\":\"96F4A050-7E31-453C-88BE-9634F4E02139\"}},\"EventID\":8005,\"Version\":0,\"Level\":4,\"Task\":0,\"Opcode\":0,\"Keywords\":\"0x800000000000002\",\"TimeCreated\":{\"#attributes\":{\"SystemTime\":\"2024-11-04T12:39:49.657061Z\"}},\"EventRecordID\":4,\"Correlation\":null,\"Execution\":{\"#attributes\":{\"ProcessID\":336,\"ThreadID\":3564}},\"Channel\":\"Microsoft-Windows-UserPnp/DeviceInstall\",\"Computer\":\"DESKTOP-P9H5FTA\",\"Security\":{\"#attributes\":{\"UserID\":\"S-1-5-18\"}}},\"EventData\":null}}",
  "xml_fields": {
    "provider": "Microsoft-Windows-UserPnp",
    "event_id": "8005",
    "timestamp": "2024-11-04T12:39:49.657061Z",
    "event_record_id": "4",
    "level": "4",
    "task": "0",
    "opcode": "0",
    "keywords": "0x800000000000002",
    "channel": "Microsoft-Windows-UserPnp/DeviceInstall",
    "computer": "DESKTOP-P9H5FTA"
  },
  "json_fields": {
    "provider": "Microsoft-Windows-UserPnp",
    "channel": "Microsoft-Windows-UserPnp/DeviceInstall",
    "event_id": "8005",
    "timestamp": "2024-11-04T12:39:49.657061Z",
    "event_record_id": "4",
    "level": "4",
    "task": "0",
    "opcode": "0",
    "keywords": "0x800000000000002",
    "computer": "DESKTOP-P9H5FTA"
  }
}