{
  "event_id": "8006",
  "provider": "Microsoft-Windows-GroupPolicy",
  "channel": "Microsoft-Windows-GroupPolicy/Operational",
  "source_file": "D:\\visual code file\\Project_4\\Event-Analyzer\\test\\Benign\\Win2022-AD\\Microsoft-Windows-GroupPolicy%4Operational.evtx",
  "event_record_id": 325,
  "xml": "<?xml version=\"1.0\" encoding=\"utf-8\"?>\n<Event xmlns=\"http://schemas.microsoft.com/win/2004/08/events/event\">\n  <System>\n    <Provider Name=\"Microsoft-Windows-GroupPolicy\" Guid=\"AEA1B4FA-97D1-45F2-A64C-4D69FFFD92C9\">\n    </Provider>\n    <EventID>8006</EventID>\n    <Version>1</Version>\n    <Level>4</Level>\n    <Task>0</Task>\n    <Opcode>2</Opcode>\n    <Keywords>0x4000000000000000</Keywords>\n    <TimeCreated SystemTime=\"2022-04-07T08:23:36.213823Z\">\n    </TimeCreated>\n    <EventRecordID>325</EventRecordID>\n    <Correlation ActivityID=\"290945D3-E762-4D27-8053-DFC714BC947C\">\n    </Correlation>\n    <Execution ProcessID=\"1336\" ThreadID=\"3508\">\n    </Execution>\n    <Channel>Microsoft-Windows-GroupPolicy/Operational</Channel>\n    <Computer>WIN-FPV0DSIC9O6.sigma.fr</Computer>\n    <Security UserID=\"S-1-5-18\">\n    </Security>\n  </System>\n  <EventData>\n    <Data Name=\"PolicyElaspedTimeInSeconds\">0</Data>\n    <Data Name=\"ErrorCode\">0</Data>\n    <Data Name=\"PrincipalSamName\">SIGMA\\WIN-FPV0DSIC9O6$</Data>\n    <Data Name=\"IsMachine\">1</Data>\n    <Data Name=\"IsConnectivityFailure\">false</Data>\n  </EventData>\n</Event>\n",
  "json": "{\"Event\":{\"#attributes\":{\"xmlns\":\"http://schemas.microsoft.com/win/2004/08/events/event\"},\"System\":{\"Provider\":{\"#attributes\":{\"Name\":\"Microsoft-Windows-GroupPolicy\",\"Guid\":\"AEA1B4FA-97D1-45F2-A64C-4D69FFFD92C9\"}},\"EventID\":8006,\"Version\":1,\"Level\":4,\"Task\":0,\"Opcode\":2,\"Keywords\":\"0x4000000000000000\",\"TimeCreated\":{\"#attributes\":{\"SystemTime\":\"2022-04-07T08:23:36.213823Z\"}},\"EventRecordID\":325,\"Correlation\":{\"#attributes\":{\"ActivityID\":\"290945D3-E762-4D27-8053-DFC714BC947C\"}},\"Execution\":{\"#attributes\":{\"ProcessID\":1336,\"ThreadID\":3508}},\"Channel\":\"Microsoft-Windows-GroupPolicy/Operational\",\"Computer\":\"WIN-FPV0DSIC9O6.sigma.fr\",\"Security\":{\"#attributes\":{\"UserID\":\"S-1-5-18\"}}},\"EventData\":{\"PolicyElaspedTimeInSeconds\":0,\"ErrorCode\":0,\"PrincipalSamName\":\"SIGMA\\\\WIN-FPV0DSIC9O6$\",\"IsMachine\":1,\"IsConnectivityFailure\":false}}}",
  "xml_fields": {
    "provider": "Microsoft-Windows-GroupPolicy",
    "event_id": "8006",
    "timestamp": "2022-04-07T08:23:36.213823Z",
    "event_record_id": "325",
    "level": "4",
    "task": "0",
    "opcode": "2",
    "keywords": "0x4000000000000000",
    "channel": "Microsoft-Windows-GroupPolicy/Operational",
    "computer": "WIN-FPV0DSIC9O6.sigma.fr",
    "PolicyElaspedTimeInSeconds": "0",
    "ErrorCode": "0",
    "PrincipalSamName": "SIGMA\\WIN-FPV0DSIC9O6$",
    "IsMachine": "1",
    "IsConnectivityFailure": "false"
  },
  "json_fields": {
    "provider": "Microsoft-Windows-GroupPolicy",
    "channel": "Microsoft-Windows-GroupPolicy/Operational",
    "event_id": "8006",
    "timestamp": "2022-04-07T08:23:36.213823Z",
    "event_record_id": "325",
    "level": "4",
    "task": "0",
    "opcode": "2",
    "keywords": "0x4000000000000000",
    "computer": "WIN-FPV0DSIC9O6.sigma.fr",
    "PolicyElaspedTimeInSeconds": "0",
    "ErrorCode": "0",
    "PrincipalSamName": "SIGMA\\WIN-FPV0DSIC9O6$",
    "IsMachine": "1",
    "IsConnectivityFailure": "False"
  }
}