{
  "event_id": "800",
  "provider": "Microsoft-Windows-DeviceManagement-Enterprise-Diagnostics-Provider",
  "channel": "Microsoft-Windows-DeviceManagement-Enterprise-Diagnostics-Provider/Operational",
  "source_file": "D:\\visual code file\\Project_4\\Event-Analyzer\\test\\Benign\\Logs_Win11_2023\\Microsoft-Windows-DeviceManagement-Enterprise-Diagnostics-Provider%4Operational.evtx",
  "event_record_id": 5,
  "xml": "<?xml version=\"1.0\" encoding=\"utf-8\"?>\n<Event xmlns=\"http://schemas.microsoft.com/win/2004/08/events/event\">\n  <System>\n    <Provider Name=\"Microsoft-Windows-DeviceManagement-Enterprise-Diagnostics-Provider\" Guid=\"3DA494E4-0FE2-415C-B895-FB5265C5C83B\">\n    </Provider>\n    <EventID>800</EventID>\n    <Version>0</Version>\n    <Level>4</Level>\n    <Task>0</Task>\n    <Opcode>0</Opcode>\n    <Keywords>0x4000000000000000</Keywords>\n    <TimeCreated SystemTime=\"2023-10-26T04:20:38.660830Z\">\n    </TimeCreated>\n    <EventRecordID>5</EventRecordID>\n    <Correlation ActivityID=\"271EE974-07C3-0002-0150-1F27C307DA01\">\n    </Correlation>\n    <Execution ProcessID=\"716\" ThreadID=\"3532\">\n    </Execution>\n    <Channel>Microsoft-Windows-DeviceManagement-Enterprise-Diagnostics-Provider/Operational</Channel>\n    <Computer>WIN-OQ6R0RVA4NF</Computer>\n    <Security UserID=\"S-1-5-18\">\n    </Security>\n  </System>\n  <EventData>\n    <Data Name=\"Message1\">Power/Policy/Settings/Processor/SchemePersonality/381b4222-f694-41f0-9685-ff5bb260df2e/DefaultPowerSchemeValues/CPMinCores/AcValue</Data>\n    <Data Name=\"HexInt1\">0xa3bc0865</Data>\n    <Data Name=\"HexInt2\">0x41c64e6d</Data>\n  </EventData>\n</Event>\n",
  "json": "{\"Event\":{\"#attributes\":{\"xmlns\":\"http://schemas.microsoft.com/win/2004/08/events/event\"},\"System\":{\"Provider\":{\"#attributes\":{\"Name\":\"Microsoft-Windows-DeviceManagement-Enterprise-Diagnostics-Provider\",\"Guid\":\"3DA494E4-0FE2-415C-B895-FB5265C5C83B\"}},\"EventID\":800,\"Version\":0,\"Level\":4,\"Task\":0,\"Opcode\":0,\"Keywords\":\"0x4000000000000000\",\"TimeCreated\":{\"#attributes\":{\"SystemTime\":\"2023-10-26T04:20:38.660830Z\"}},\"EventRecordID\":5,\"Correlation\":{\"#attributes\":{\"ActivityID\":\"271EE974-07C3-0002-0150-1F27C307DA01\"}},\"Execution\":{\"#attributes\":{\"ProcessID\":716,\"ThreadID\":3532}},\"Channel\":\"Microsoft-Windows-DeviceManagement-Enterprise-Diagnostics-Provider/Operational\",\"Computer\":\"WIN-OQ6R0RVA4NF\",\"Security\":{\"#attributes\":{\"UserID\":\"S-1-5-18\"}}},\"EventData\":{\"Message1\":\"Power/Policy/Settings/Processor/SchemePersonality/381b4222-f694-41f0-9685-ff5bb260df2e/DefaultPowerSchemeValues/CPMinCores/AcValue\",\"HexInt1\":\"0xa3bc0865\",\"HexInt2\":\"0x41c64e6d\"}}}",
  "xml_fields": {
    "provider": "Microsoft-Windows-DeviceManagement-Enterprise-Diagnostics-Provider",
    "event_id": "800",
    "timestamp": "2023-10-26T04:20:38.660830Z",
    "event_record_id": "5",
    "level": "4",
    "task": "0",
    "opcode": "0",
    "keywords": "0x4000000000000000",
    "channel": "Microsoft-Windows-DeviceManagement-Enterprise-Diagnostics-Provider/Operational",
    "computer": "WIN-OQ6R0RVA4NF",
    "Message1": "Power/Policy/Settings/Processor/SchemePersonality/381b4222-f694-41f0-9685-ff5bb260df2e/DefaultPowerSchemeValues/CPMinCores/AcValue",
    "HexInt1": "0xa3bc0865",
    "HexInt2": "0x41c64e6d"
  },
  "json_fields": {
    "provider": "Microsoft-Windows-DeviceManagement-Enterprise-Diagnostics-Provider",
    "channel": "Microsoft-Windows-DeviceManagement-Enterprise-Diagnostics-Provider/Operational",
    "event_id": "800",
    "timestamp": "2023-10-26T04:20:38.660830Z",
    "event_record_id": "5",
    "level": "4",
    "task": "0",
    "opcode": "0",
    "keywords": "0x4000000000000000",
    "computer": "WIN-OQ6R0RVA4NF",
    "Message1": "Power/Policy/Settings/Processor/SchemePersonality/381b4222-f694-41f0-9685-ff5bb260df2e/DefaultPowerSchemeValues/CPMinCores/AcValue",
    "HexInt1": "0xa3bc0865",
    "HexInt2": "0x41c64e6d"
  }
}