{
  "event_id": "800",
  "provider": "PowerShell",
  "channel": "Windows PowerShell",
  "source_file": "D:\\visual code file\\Project_4\\Event-Analyzer\\test\\Malicious\\EVTX-to-MITRE-Attack-master\\TA0040-Impact\\T1490-Inhibit System Recovery\\ID800-4103-4104-Delete VSS backup (PowerShell).evtx",
  "event_record_id": 1,
  "xml": "<?xml version=\"1.0\" encoding=\"utf-8\"?>\n<Event xmlns=\"http://schemas.microsoft.com/win/2004/08/events/event\">\n  <System>\n    <Provider Name=\"PowerShell\">\n    </Provider>\n    <EventID Qualifiers=\"0\">800</EventID>\n    <Level>4</Level>\n    <Task>8</Task>\n    <Keywords>0x80000000000000</Keywords>\n    <TimeCreated SystemTime=\"2021-12-19T15:13:49.000000Z\">\n    </TimeCreated>\n    <EventRecordID>48590</EventRecordID>\n    <Channel>Windows PowerShell</Channel>\n    <Computer>FS03.offsec.lan</Computer>\n    <Security>\n    </Security>\n  </System>\n  <EventData>\n    <Data>Get-WmiObject Win32_Shadowcopy | ForEach-Object {$_.Delete();}</Data>\n    <Data>\tDetailSequence=1\r\n\tDetailTotal=1\r\n\r\n\tSequenceNumber=53\r\n\r\n\tUserId=OFFSEC\\admmig\r\n\tHostName=ConsoleHost\r\n\tHostVersion=4.0\r\n\tHostId=e16c2105-d67f-4bd5-b52f-ba22bff6ffac\r\n\tHostApplication=C:\\Windows\\System32\\WindowsPowerShell\\v1.0\\powershell.exe\r\n\tEngineVersion=4.0\r\n\tRunspaceId=20dcb711-97b2-47ff-9947-2c346e212ef7\r\n\tPipelineId=25\r\n\tScriptName=\r\n\tCommandLine=Get-WmiObject Win32_Shadowcopy | ForEach-Object {$_.Delete();}</Data>\n    <Data>CommandInvocation(Get-WmiObject): \"Get-WmiObject\"\r\nParameterBinding(Get-WmiObject): name=\"Class\"; value=\"Win32_Shadowcopy\"\r\nCommandInvocation(ForEach-Object): \"ForEach-Object\"\r\nParameterBinding(ForEach-Object): name=\"Process\"; value=\"$_.Delete();\"\r\n</Data>\n    <Binary></Binary>\n  </EventData>\n</Event>\n",
  "json": "{\"Event\":{\"#attributes\":{\"xmlns\":\"http://schemas.microsoft.com/win/2004/08/events/event\"},\"System\":{\"Provider\":{\"#attributes\":{\"Name\":\"PowerShell\"}},\"EventID\":{\"#attributes\":{\"Qualifiers\":0},\"#text\":800},\"Level\":4,\"Task\":8,\"Keywords\":\"0x80000000000000\",\"TimeCreated\":{\"#attributes\":{\"SystemTime\":\"2021-12-19T15:13:49.000000Z\"}},\"EventRecordID\":48590,\"Channel\":\"Windows PowerShell\",\"Computer\":\"FS03.offsec.lan\",\"Security\":null},\"EventData\":{\"Data\":{\"#text\":[\"Get-WmiObject Win32_Shadowcopy | ForEach-Object {$_.Delete();}\",\"\\tDetailSequence=1\\r\\n\\tDetailTotal=1\\r\\n\\r\\n\\tSequenceNumber=53\\r\\n\\r\\n\\tUserId=OFFSEC\\\\admmig\\r\\n\\tHostName=ConsoleHost\\r\\n\\tHostVersion=4.0\\r\\n\\tHostId=e16c2105-d67f-4bd5-b52f-ba22bff6ffac\\r\\n\\tHostApplication=C:\\\\Windows\\\\System32\\\\WindowsPowerShell\\\\v1.0\\\\powershell.exe\\r\\n\\tEngineVersion=4.0\\r\\n\\tRunspaceId=20dcb711-97b2-47ff-9947-2c346e212ef7\\r\\n\\tPipelineId=25\\r\\n\\tScriptName=\\r\\n\\tCommandLine=Get-WmiObject Win32_Shadowcopy | ForEach-Object {$_.Delete();}\",\"CommandInvocation(Get-WmiObject): \\\"Get-WmiObject\\\"\\r\\nParameterBinding(Get-WmiObject): name=\\\"Class\\\"; value=\\\"Win32_Shadowcopy\\\"\\r\\nCommandInvocation(ForEach-Object): \\\"ForEach-Object\\\"\\r\\nParameterBinding(ForEach-Object): name=\\\"Process\\\"; value=\\\"$_.Delete();\\\"\\r\\n\"]},\"Binary\":null}}}",
  "xml_fields": {
    "provider": "PowerShell",
    "event_id": "800",
    "timestamp": "2021-12-19T15:13:49.000000Z",
    "event_record_id": "48590",
    "level": "4",
    "task": "8",
    "keywords": "0x80000000000000",
    "channel": "Windows PowerShell",
    "computer": "FS03.offsec.lan",
    "_data_0": "Get-WmiObject Win32_Shadowcopy | ForEach-Object {$_.Delete();}",
    "_data_1": "\tDetailSequence=1\n\tDetailTotal=1\n\n\tSequenceNumber=53\n\n\tUserId=OFFSEC\\admmig\n\tHostName=ConsoleHost\n\tHostVersion=4.0\n\tHostId=e16c2105-d67f-4bd5-b52f-ba22bff6ffac\n\tHostApplication=C:\\Windows\\System32\\WindowsPowerShell\\v1.0\\powershell.exe\n\tEngineVersion=4.0\n\tRunspaceId=20dcb711-97b2-47ff-9947-2c346e212ef7\n\tPipelineId=25\n\tScriptName=\n\tCommandLine=Get-WmiObject Win32_Shadowcopy | ForEach-Object {$_.Delete();}",
    "_data_2": "CommandInvocation(Get-WmiObject): \"Get-WmiObject\"\nParameterBinding(Get-WmiObject): name=\"Class\"; value=\"Win32_Shadowcopy\"\nCommandInvocation(ForEach-Object): \"ForEach-Object\"\nParameterBinding(ForEach-Object): name=\"Process\"; value=\"$_.Delete();\"\n"
  },
  "json_fields": {
    "provider": "PowerShell",
    "channel": "Windows PowerShell",
    "event_id": "800",
    "timestamp": "2021-12-19T15:13:49.000000Z",
    "event_record_id": "48590",
    "level": "4",
    "task": "8",
    "keywords": "0x80000000000000",
    "computer": "FS03.offsec.lan",
    "_data_0": "Get-WmiObject Win32_Shadowcopy | ForEach-Object {$_.Delete();}",
    "_data_1": "\tDetailSequence=1\r\n\tDetailTotal=1\r\n\r\n\tSequenceNumber=53\r\n\r\n\tUserId=OFFSEC\\admmig\r\n\tHostName=ConsoleHost\r\n\tHostVersion=4.0\r\n\tHostId=e16c2105-d67f-4bd5-b52f-ba22bff6ffac\r\n\tHostApplication=C:\\Windows\\System32\\WindowsPowerShell\\v1.0\\powershell.exe\r\n\tEngineVersion=4.0\r\n\tRunspaceId=20dcb711-97b2-47ff-9947-2c346e212ef7\r\n\tPipelineId=25\r\n\tScriptName=\r\n\tCommandLine=Get-WmiObject Win32_Shadowcopy | ForEach-Object {$_.Delete();}",
    "_data_2": "CommandInvocation(Get-WmiObject): \"Get-WmiObject\"\r\nParameterBinding(Get-WmiObject): name=\"Class\"; value=\"Win32_Shadowcopy\"\r\nCommandInvocation(ForEach-Object): \"ForEach-Object\"\r\nParameterBinding(ForEach-Object): name=\"Process\"; value=\"$_.Delete();\"\r\n"
  }
}