{
  "event_id": "8011",
  "provider": "Microsoft-Windows-Store",
  "channel": "Microsoft-Windows-Store/Operational",
  "source_file": "D:\\visual code file\\Project_4\\Event-Analyzer\\test\\Logs\\Microsoft-Windows-Store%4Operational.evtx",
  "event_record_id": 13,
  "xml": "<?xml version=\"1.0\" encoding=\"utf-8\"?>\n<Event xmlns=\"http://schemas.microsoft.com/win/2004/08/events/event\">\n  <System>\n    <Provider Name=\"Microsoft-Windows-Store\" Guid=\"9C2A37F3-E5FD-5CAE-BCD1-43DAFEEE1FF0\">\n    </Provider>\n    <EventID>8011</EventID>\n    <Version>0</Version>\n    <Level>5</Level>\n    <Task>8002</Task>\n    <Opcode>16</Opcode>\n    <Keywords>0x8000200000000000</Keywords>\n    <TimeCreated SystemTime=\"2024-11-04T12:35:09.611144Z\">\n    </TimeCreated>\n    <EventRecordID>13</EventRecordID>\n    <Correlation>\n    </Correlation>\n    <Execution ProcessID=\"6248\" ThreadID=\"6280\">\n    </Execution>\n    <Channel>Microsoft-Windows-Store/Operational</Channel>\n    <Computer>DESKTOP-P9H5FTA</Computer>\n    <Security UserID=\"S-1-5-19\">\n    </Security>\n  </System>\n  <EventData>\n    <Data Name=\"State Machine\">0x28a40a29b18</Data>\n    <Data Name=\"Thread ID\">6280</Data>\n    <Data Name=\"State Machine Name\">RootMachine</Data>\n    <Data Name=\"Event Name\">Root:Connect</Data>\n    <Data Name=\"Current State\">Root:Initial</Data>\n  </EventData>\n</Event>\n",
  "json": "{\"Event\":{\"#attributes\":{\"xmlns\":\"http://schemas.microsoft.com/win/2004/08/events/event\"},\"System\":{\"Provider\":{\"#attributes\":{\"Name\":\"Microsoft-Windows-Store\",\"Guid\":\"9C2A37F3-E5FD-5CAE-BCD1-43DAFEEE1FF0\"}},\"EventID\":8011,\"Version\":0,\"Level\":5,\"Task\":8002,\"Opcode\":16,\"Keywords\":\"0x8000200000000000\",\"TimeCreated\":{\"#attributes\":{\"SystemTime\":\"2024-11-04T12:35:09.611144Z\"}},\"EventRecordID\":13,\"Correlation\":null,\"Execution\":{\"#attributes\":{\"ProcessID\":6248,\"ThreadID\":6280}},\"Channel\":\"Microsoft-Windows-Store/Operational\",\"Computer\":\"DESKTOP-P9H5FTA\",\"Security\":{\"#attributes\":{\"UserID\":\"S-1-5-19\"}}},\"EventData\":{\"State Machine\":\"0x28a40a29b18\",\"Thread ID\":6280,\"State Machine Name\":\"RootMachine\",\"Event Name\":\"Root:Connect\",\"Current State\":\"Root:Initial\"}}}",
  "xml_fields": {
    "provider": "Microsoft-Windows-Store",
    "event_id": "8011",
    "timestamp": "2024-11-04T12:35:09.611144Z",
    "event_record_id": "13",
    "level": "5",
    "task": "8002",
    "opcode": "16",
    "keywords": "0x8000200000000000",
    "channel": "Microsoft-Windows-Store/Operational",
    "computer": "DESKTOP-P9H5FTA",
    "State Machine": "0x28a40a29b18",
    "Thread ID": "6280",
    "State Machine Name": "RootMachine",
    "Event Name": "Root:Connect",
    "Current State": "Root:Initial"
  },
  "json_fields": {
    "provider": "Microsoft-Windows-Store",
    "channel": "Microsoft-Windows-Store/Operational",
    "event_id": "8011",
    "timestamp": "2024-11-04T12:35:09.611144Z",
    "event_record_id": "13",
    "level": "5",
    "task": "8002",
    "opcode": "16",
    "keywords": "0x8000200000000000",
    "computer": "DESKTOP-P9H5FTA",
    "State Machine": "0x28a40a29b18",
    "Thread ID": "6280",
    "State Machine Name": "RootMachine",
    "Event Name": "Root:Connect",
    "Current State": "Root:Initial"
  }
}