{
  "event_id": "8025",
  "provider": "Microsoft-Windows-HelloForBusiness",
  "channel": "Microsoft-Windows-HelloForBusiness/Operational",
  "source_file": "D:\\visual code file\\Project_4\\Event-Analyzer\\test\\Logs\\Microsoft-Windows-HelloForBusiness%4Operational.evtx",
  "event_record_id": 5,
  "xml": "<?xml version=\"1.0\" encoding=\"utf-8\"?>\n<Event xmlns=\"http://schemas.microsoft.com/win/2004/08/events/event\">\n  <System>\n    <Provider Name=\"Microsoft-Windows-HelloForBusiness\" Guid=\"906B8A99-63CE-58D7-86AB-10989BBD5567\">\n    </Provider>\n    <EventID>8025</EventID>\n    <Version>0</Version>\n    <Level>16</Level>\n    <Task>6</Task>\n    <Opcode>12</Opcode>\n    <Keywords>0x8000000000000001</Keywords>\n    <TimeCreated SystemTime=\"2024-11-04T12:48:55.426046Z\">\n    </TimeCreated>\n    <EventRecordID>5</EventRecordID>\n    <Correlation>\n    </Correlation>\n    <Execution ProcessID=\"1728\" ThreadID=\"7444\">\n    </Execution>\n    <Channel>Microsoft-Windows-HelloForBusiness/Operational</Channel>\n    <Computer>DESKTOP-P9H5FTA</Computer>\n    <Security UserID=\"S-1-5-18\">\n    </Security>\n  </System>\n  <EventData>\n    <Data Name=\"ServiceName\">Microsoft Passport</Data>\n  </EventData>\n</Event>\n",
  "json": "{\"Event\":{\"#attributes\":{\"xmlns\":\"http://schemas.microsoft.com/win/2004/08/events/event\"},\"System\":{\"Provider\":{\"#attributes\":{\"Name\":\"Microsoft-Windows-HelloForBusiness\",\"Guid\":\"906B8A99-63CE-58D7-86AB-10989BBD5567\"}},\"EventID\":8025,\"Version\":0,\"Level\":16,\"Task\":6,\"Opcode\":12,\"Keywords\":\"0x8000000000000001\",\"TimeCreated\":{\"#attributes\":{\"SystemTime\":\"2024-11-04T12:48:55.426046Z\"}},\"EventRecordID\":5,\"Correlation\":null,\"Execution\":{\"#attributes\":{\"ProcessID\":1728,\"ThreadID\":7444}},\"Channel\":\"Microsoft-Windows-HelloForBusiness/Operational\",\"Computer\":\"DESKTOP-P9H5FTA\",\"Security\":{\"#attributes\":{\"UserID\":\"S-1-5-18\"}}},\"EventData\":{\"ServiceName\":\"Microsoft Passport\"}}}",
  "xml_fields": {
    "provider": "Microsoft-Windows-HelloForBusiness",
    "event_id": "8025",
    "timestamp": "2024-11-04T12:48:55.426046Z",
    "event_record_id": "5",
    "level": "16",
    "task": "6",
    "opcode": "12",
    "keywords": "0x8000000000000001",
    "channel": "Microsoft-Windows-HelloForBusiness/Operational",
    "computer": "DESKTOP-P9H5FTA",
    "ServiceName": "Microsoft Passport"
  },
  "json_fields": {
    "provider": "Microsoft-Windows-HelloForBusiness",
    "channel": "Microsoft-Windows-HelloForBusiness/Operational",
    "event_id": "8025",
    "timestamp": "2024-11-04T12:48:55.426046Z",
    "event_record_id": "5",
    "level": "16",
    "task": "6",
    "opcode": "12",
    "keywords": "0x8000000000000001",
    "computer": "DESKTOP-P9H5FTA",
    "ServiceName": "Microsoft Passport"
  }
}