{
  "event_id": "8028",
  "provider": "Microsoft-Windows-AppLocker",
  "channel": "Microsoft-Windows-AppLocker/MSI and Script",
  "source_file": "D:\\visual code file\\Project_4\\Event-Analyzer\\test\\Benign\\Logs_Win11_2023\\Microsoft-Windows-AppLocker%4MSI and Script.evtx",
  "event_record_id": 232,
  "xml": "<?xml version=\"1.0\" encoding=\"utf-8\"?>\n<Event xmlns=\"http://schemas.microsoft.com/win/2004/08/events/event\">\n  <System>\n    <Provider Name=\"Microsoft-Windows-AppLocker\" Guid=\"CBDA4DBF-8D5D-4F69-9578-BE14AA540D22\">\n    </Provider>\n    <EventID>8028</EventID>\n    <Version>0</Version>\n    <Level>3</Level>\n    <Task>0</Task>\n    <Opcode>0</Opcode>\n    <Keywords>0x4000000000000000</Keywords>\n    <TimeCreated SystemTime=\"2023-11-06T00:08:26.805332Z\">\n    </TimeCreated>\n    <EventRecordID>232</EventRecordID>\n    <Correlation ActivityID=\"E4DB489E-1037-0002-3574-E2E43710DA01\">\n    </Correlation>\n    <Execution ProcessID=\"7200\" ThreadID=\"11804\">\n    </Execution>\n    <Channel>Microsoft-Windows-AppLocker/MSI and Script</Channel>\n    <Computer>WinDev2310Eval</Computer>\n    <Security UserID=\"S-1-5-21-1992711665-1655669231-58201500-1000\">\n    </Security>\n  </System>\n  <EventData>\n    <Data Name=\"FilePathLength\">90</Data>\n    <Data Name=\"FilePath\">C:\\ProgramData\\Package Cache\\{9754C7FC-FBAA-4ABF-8BC9-1B101D079104}v1.2.158.786\\loc.en.mst</Data>\n    <Data Name=\"Sha1Hash\">B6B15369A326A07FE05C8B890998E056BE709E8F</Data>\n    <Data Name=\"Sha256Hash\">D229DE96A19E2760A8EA7E30B2C412580D2F7C21C503BB619477854A0631A72F</Data>\n    <Data Name=\"Result\">-790036478</Data>\n    <Data Name=\"USN\">307180832</Data>\n    <Data Name=\"Sha1CatalogHash\">B6B15369A326A07FE05C8B890998E056BE709E8F</Data>\n    <Data Name=\"Sha256CatalogHash\">D4AB47BCB9F319996DC9277827C9D39A2E5DE9EEDB4B3C5DB596CC51461849F5</Data>\n    <Data Name=\"UserWriteable\">false</Data>\n  </EventData>\n</Event>\n",
  "json": "{\"Event\":{\"#attributes\":{\"xmlns\":\"http://schemas.microsoft.com/win/2004/08/events/event\"},\"System\":{\"Provider\":{\"#attributes\":{\"Name\":\"Microsoft-Windows-AppLocker\",\"Guid\":\"CBDA4DBF-8D5D-4F69-9578-BE14AA540D22\"}},\"EventID\":8028,\"Version\":0,\"Level\":3,\"Task\":0,\"Opcode\":0,\"Keywords\":\"0x4000000000000000\",\"TimeCreated\":{\"#attributes\":{\"SystemTime\":\"2023-11-06T00:08:26.805332Z\"}},\"EventRecordID\":232,\"Correlation\":{\"#attributes\":{\"ActivityID\":\"E4DB489E-1037-0002-3574-E2E43710DA01\"}},\"Execution\":{\"#attributes\":{\"ProcessID\":7200,\"ThreadID\":11804}},\"Channel\":\"Microsoft-Windows-AppLocker/MSI and Script\",\"Computer\":\"WinDev2310Eval\",\"Security\":{\"#attributes\":{\"UserID\":\"S-1-5-21-1992711665-1655669231-58201500-1000\"}}},\"EventData\":{\"FilePathLength\":90,\"FilePath\":\"C:\\\\ProgramData\\\\Package Cache\\\\{9754C7FC-FBAA-4ABF-8BC9-1B101D079104}v1.2.158.786\\\\loc.en.mst\",\"Sha1Hash\":\"B6B15369A326A07FE05C8B890998E056BE709E8F\",\"Sha256Hash\":\"D229DE96A19E2760A8EA7E30B2C412580D2F7C21C503BB619477854A0631A72F\",\"Result\":-790036478,\"USN\":307180832,\"Sha1CatalogHash\":\"B6B15369A326A07FE05C8B890998E056BE709E8F\",\"Sha256CatalogHash\":\"D4AB47BCB9F319996DC9277827C9D39A2E5DE9EEDB4B3C5DB596CC51461849F5\",\"UserWriteable\":false}}}",
  "xml_fields": {
    "provider": "Microsoft-Windows-AppLocker",
    "event_id": "8028",
    "timestamp": "2023-11-06T00:08:26.805332Z",
    "event_record_id": "232",
    "level": "3",
    "task": "0",
    "opcode": "0",
    "keywords": "0x4000000000000000",
    "channel": "Microsoft-Windows-AppLocker/MSI and Script",
    "computer": "WinDev2310Eval",
    "FilePathLength": "90",
    "FilePath": "C:\\ProgramData\\Package Cache\\{9754C7FC-FBAA-4ABF-8BC9-1B101D079104}v1.2.158.786\\loc.en.mst",
    "Sha1Hash": "B6B15369A326A07FE05C8B890998E056BE709E8F",
    "Sha256Hash": "D229DE96A19E2760A8EA7E30B2C412580D2F7C21C503BB619477854A0631A72F",
    "Result": "-790036478",
    "USN": "307180832",
    "Sha1CatalogHash": "B6B15369A326A07FE05C8B890998E056BE709E8F",
    "Sha256CatalogHash": "D4AB47BCB9F319996DC9277827C9D39A2E5DE9EEDB4B3C5DB596CC51461849F5",
    "UserWriteable": "false"
  },
  "json_fields": {
    "provider": "Microsoft-Windows-AppLocker",
    "channel": "Microsoft-Windows-AppLocker/MSI and Script",
    "event_id": "8028",
    "timestamp": "2023-11-06T00:08:26.805332Z",
    "event_record_id": "232",
    "level": "3",
    "task": "0",
    "opcode": "0",
    "keywords": "0x4000000000000000",
    "computer": "WinDev2310Eval",
    "FilePathLength": "90",
    "FilePath": "C:\\ProgramData\\Package Cache\\{9754C7FC-FBAA-4ABF-8BC9-1B101D079104}v1.2.158.786\\loc.en.mst",
    "Sha1Hash": "B6B15369A326A07FE05C8B890998E056BE709E8F",
    "Sha256Hash": "D229DE96A19E2760A8EA7E30B2C412580D2F7C21C503BB619477854A0631A72F",
    "Result": "-790036478",
    "USN": "307180832",
    "Sha1CatalogHash": "B6B15369A326A07FE05C8B890998E056BE709E8F",
    "Sha256CatalogHash": "D4AB47BCB9F319996DC9277827C9D39A2E5DE9EEDB4B3C5DB596CC51461849F5",
    "UserWriteable": "False"
  }
}