{
  "event_id": "8037",
  "provider": "Microsoft-Windows-AppLocker",
  "channel": "Microsoft-Windows-AppLocker/MSI and Script",
  "source_file": "D:\\visual code file\\Project_4\\Event-Analyzer\\test\\Benign\\Logs_Win11_2023\\Microsoft-Windows-AppLocker%4MSI and Script.evtx",
  "event_record_id": 1,
  "xml": "<?xml version=\"1.0\" encoding=\"utf-8\"?>\n<Event xmlns=\"http://schemas.microsoft.com/win/2004/08/events/event\">\n  <System>\n    <Provider Name=\"Microsoft-Windows-AppLocker\" Guid=\"CBDA4DBF-8D5D-4F69-9578-BE14AA540D22\">\n    </Provider>\n    <EventID>8037</EventID>\n    <Version>0</Version>\n    <Level>4</Level>\n    <Task>0</Task>\n    <Opcode>0</Opcode>\n    <Keywords>0x4000000000000000</Keywords>\n    <TimeCreated SystemTime=\"2023-10-25T21:41:24.081311Z\">\n    </TimeCreated>\n    <EventRecordID>1</EventRecordID>\n    <Correlation ActivityID=\"8865F308-078B-0003-444D-66888B07DA01\">\n    </Correlation>\n    <Execution ProcessID=\"5068\" ThreadID=\"5188\">\n    </Execution>\n    <Channel>Microsoft-Windows-AppLocker/MSI and Script</Channel>\n    <Computer>WinDevEval</Computer>\n    <Security UserID=\"S-1-5-18\">\n    </Security>\n  </System>\n  <EventData>\n    <Data Name=\"FilePathLength\">71</Data>\n    <Data Name=\"FilePath\">C:\\Windows\\TEMP\\A3A97DEC-515A-4ECD-947A-3D5CF4EE6AEC\\UpdHealthTools.msi</Data>\n    <Data Name=\"Sha1Hash\">944F5CE6CDED2DE64695FBB632A657B450D18312</Data>\n    <Data Name=\"Sha256Hash\">E4EF1E3DD68673888707F9D77FA94B2C8D48AE159AE9F48322B6EA39B3AD3D14</Data>\n    <Data Name=\"Result\">0</Data>\n    <Data Name=\"USN\">192044896</Data>\n    <Data Name=\"Sha1CatalogHash\">944F5CE6CDED2DE64695FBB632A657B450D18312</Data>\n    <Data Name=\"Sha256CatalogHash\">C32E593316352326E588E28B49BAF04A219732C7A5286EA5B7D3C1B69784A21A</Data>\n    <Data Name=\"UserWriteable\">false</Data>\n  </EventData>\n</Event>\n",
  "json": "{\"Event\":{\"#attributes\":{\"xmlns\":\"http://schemas.microsoft.com/win/2004/08/events/event\"},\"System\":{\"Provider\":{\"#attributes\":{\"Name\":\"Microsoft-Windows-AppLocker\",\"Guid\":\"CBDA4DBF-8D5D-4F69-9578-BE14AA540D22\"}},\"EventID\":8037,\"Version\":0,\"Level\":4,\"Task\":0,\"Opcode\":0,\"Keywords\":\"0x4000000000000000\",\"TimeCreated\":{\"#attributes\":{\"SystemTime\":\"2023-10-25T21:41:24.081311Z\"}},\"EventRecordID\":1,\"Correlation\":{\"#attributes\":{\"ActivityID\":\"8865F308-078B-0003-444D-66888B07DA01\"}},\"Execution\":{\"#attributes\":{\"ProcessID\":5068,\"ThreadID\":5188}},\"Channel\":\"Microsoft-Windows-AppLocker/MSI and Script\",\"Computer\":\"WinDevEval\",\"Security\":{\"#attributes\":{\"UserID\":\"S-1-5-18\"}}},\"EventData\":{\"FilePathLength\":71,\"FilePath\":\"C:\\\\Windows\\\\TEMP\\\\A3A97DEC-515A-4ECD-947A-3D5CF4EE6AEC\\\\UpdHealthTools.msi\",\"Sha1Hash\":\"944F5CE6CDED2DE64695FBB632A657B450D18312\",\"Sha256Hash\":\"E4EF1E3DD68673888707F9D77FA94B2C8D48AE159AE9F48322B6EA39B3AD3D14\",\"Result\":0,\"USN\":192044896,\"Sha1CatalogHash\":\"944F5CE6CDED2DE64695FBB632A657B450D18312\",\"Sha256CatalogHash\":\"C32E593316352326E588E28B49BAF04A219732C7A5286EA5B7D3C1B69784A21A\",\"UserWriteable\":false}}}",
  "xml_fields": {
    "provider": "Microsoft-Windows-AppLocker",
    "event_id": "8037",
    "timestamp": "2023-10-25T21:41:24.081311Z",
    "event_record_id": "1",
    "level": "4",
    "task": "0",
    "opcode": "0",
    "keywords": "0x4000000000000000",
    "channel": "Microsoft-Windows-AppLocker/MSI and Script",
    "computer": "WinDevEval",
    "FilePathLength": "71",
    "FilePath": "C:\\Windows\\TEMP\\A3A97DEC-515A-4ECD-947A-3D5CF4EE6AEC\\UpdHealthTools.msi",
    "Sha1Hash": "944F5CE6CDED2DE64695FBB632A657B450D18312",
    "Sha256Hash": "E4EF1E3DD68673888707F9D77FA94B2C8D48AE159AE9F48322B6EA39B3AD3D14",
    "Result": "0",
    "USN": "192044896",
    "Sha1CatalogHash": "944F5CE6CDED2DE64695FBB632A657B450D18312",
    "Sha256CatalogHash": "C32E593316352326E588E28B49BAF04A219732C7A5286EA5B7D3C1B69784A21A",
    "UserWriteable": "false"
  },
  "json_fields": {
    "provider": "Microsoft-Windows-AppLocker",
    "channel": "Microsoft-Windows-AppLocker/MSI and Script",
    "event_id": "8037",
    "timestamp": "2023-10-25T21:41:24.081311Z",
    "event_record_id": "1",
    "level": "4",
    "task": "0",
    "opcode": "0",
    "keywords": "0x4000000000000000",
    "computer": "WinDevEval",
    "FilePathLength": "71",
    "FilePath": "C:\\Windows\\TEMP\\A3A97DEC-515A-4ECD-947A-3D5CF4EE6AEC\\UpdHealthTools.msi",
    "Sha1Hash": "944F5CE6CDED2DE64695FBB632A657B450D18312",
    "Sha256Hash": "E4EF1E3DD68673888707F9D77FA94B2C8D48AE159AE9F48322B6EA39B3AD3D14",
    "Result": "0",
    "USN": "192044896",
    "Sha1CatalogHash": "944F5CE6CDED2DE64695FBB632A657B450D18312",
    "Sha256CatalogHash": "C32E593316352326E588E28B49BAF04A219732C7A5286EA5B7D3C1B69784A21A",
    "UserWriteable": "False"
  }
}