{
  "event_id": "8043",
  "provider": "Microsoft-Windows-AppLocker",
  "channel": "Microsoft-Windows-AppLocker/EXE and DLL",
  "source_file": "D:\\visual code file\\Project_4\\Event-Analyzer\\test\\Benign\\Logs_Win11_2023\\Microsoft-Windows-AppLocker%4EXE and DLL.evtx",
  "event_record_id": 3,
  "xml": "<?xml version=\"1.0\" encoding=\"utf-8\"?>\n<Event xmlns=\"http://schemas.microsoft.com/win/2004/08/events/event\">\n  <System>\n    <Provider Name=\"Microsoft-Windows-AppLocker\" Guid=\"CBDA4DBF-8D5D-4F69-9578-BE14AA540D22\">\n    </Provider>\n    <EventID>8043</EventID>\n    <Version>0</Version>\n    <Level>4</Level>\n    <Task>0</Task>\n    <Opcode>0</Opcode>\n    <Keywords>0x8000000000000000</Keywords>\n    <TimeCreated SystemTime=\"2023-10-25T21:33:36.974496Z\">\n    </TimeCreated>\n    <EventRecordID>3</EventRecordID>\n    <Correlation>\n    </Correlation>\n    <Execution ProcessID=\"1964\" ThreadID=\"1136\">\n    </Execution>\n    <Channel>Microsoft-Windows-AppLocker/EXE and DLL</Channel>\n    <Computer>WinDevEval</Computer>\n    <Security UserID=\"S-1-5-18\">\n    </Security>\n  </System>\n  <UserData>\n    <RegisterUninstallStringEventData xmlns=\"http://schemas.microsoft.com/schemas/event/Microsoft.Windows/1.0.0.0\">\n      <UninstallStringLength>156</UninstallStringLength>\n      <UninstallString>\"C:\\Program Files (x86)\\Microsoft\\Edge\\Application\\118.0.2088.61\\Installer\\setup.exe\" --uninstall --msedge --channel=stable --system-level --verbose-logging</UninstallString>\n      <UninstallerPathLength>95</UninstallerPathLength>\n      <UninstallerPath>\\DosDevices\\C:\\Program Files (x86)\\Microsoft\\Edge\\Application\\118.0.2088.61\\Installer\\setup.exe</UninstallerPath>\n      <ProcessNameLength>141</ProcessNameLength>\n      <ProcessName>\\Device\\HarddiskVolume4\\Program Files (x86)\\Microsoft\\EdgeUpdate\\Install\\{FDEC30A3-57E5-470D-8819-DD7C8BA39C6F}\\EDGEMITMP_16BF3.tmp\\setup.exe</ProcessName>\n      <SessionId>61D09C9A-7A45-BDB4-6696-66E4C94C43F1</SessionId>\n      <SubSessionId>7F2551CF-2302-0704-7349-97CF1315F710</SubSessionId>\n      <Status>0x0</Status>\n    </RegisterUninstallStringEventData>\n  </UserData>\n</Event>\n",
  "json": "{\"Event\":{\"#attributes\":{\"xmlns\":\"http://schemas.microsoft.com/win/2004/08/events/event\"},\"System\":{\"Provider\":{\"#attributes\":{\"Name\":\"Microsoft-Windows-AppLocker\",\"Guid\":\"CBDA4DBF-8D5D-4F69-9578-BE14AA540D22\"}},\"EventID\":8043,\"Version\":0,\"Level\":4,\"Task\":0,\"Opcode\":0,\"Keywords\":\"0x8000000000000000\",\"TimeCreated\":{\"#attributes\":{\"SystemTime\":\"2023-10-25T21:33:36.974496Z\"}},\"EventRecordID\":3,\"Correlation\":null,\"Execution\":{\"#attributes\":{\"ProcessID\":1964,\"ThreadID\":1136}},\"Channel\":\"Microsoft-Windows-AppLocker/EXE and DLL\",\"Computer\":\"WinDevEval\",\"Security\":{\"#attributes\":{\"UserID\":\"S-1-5-18\"}}},\"UserData\":{\"RegisterUninstallStringEventData\":{\"#attributes\":{\"xmlns\":\"http://schemas.microsoft.com/schemas/event/Microsoft.Windows/1.0.0.0\"},\"UninstallStringLength\":156,\"UninstallString\":\"\\\"C:\\\\Program Files (x86)\\\\Microsoft\\\\Edge\\\\Application\\\\118.0.2088.61\\\\Installer\\\\setup.exe\\\" --uninstall --msedge --channel=stable --system-level --verbose-logging\",\"UninstallerPathLength\":95,\"UninstallerPath\":\"\\\\DosDevices\\\\C:\\\\Program Files (x86)\\\\Microsoft\\\\Edge\\\\Application\\\\118.0.2088.61\\\\Installer\\\\setup.exe\",\"ProcessNameLength\":141,\"ProcessName\":\"\\\\Device\\\\HarddiskVolume4\\\\Program Files (x86)\\\\Microsoft\\\\EdgeUpdate\\\\Install\\\\{FDEC30A3-57E5-470D-8819-DD7C8BA39C6F}\\\\EDGEMITMP_16BF3.tmp\\\\setup.exe\",\"SessionId\":\"61D09C9A-7A45-BDB4-6696-66E4C94C43F1\",\"SubSessionId\":\"7F2551CF-2302-0704-7349-97CF1315F710\",\"Status\":\"0x0\"}}}}",
  "xml_fields": {
    "provider": "Microsoft-Windows-AppLocker",
    "event_id": "8043",
    "timestamp": "2023-10-25T21:33:36.974496Z",
    "event_record_id": "3",
    "level": "4",
    "task": "0",
    "opcode": "0",
    "keywords": "0x8000000000000000",
    "channel": "Microsoft-Windows-AppLocker/EXE and DLL",
    "computer": "WinDevEval",
    "UninstallStringLength": "156",
    "UninstallString": "\"C:\\Program Files (x86)\\Microsoft\\Edge\\Application\\118.0.2088.61\\Installer\\setup.exe\" --uninstall --msedge --channel=stable --system-level --verbose-logging",
    "UninstallerPathLength": "95",
    "UninstallerPath": "\\DosDevices\\C:\\Program Files (x86)\\Microsoft\\Edge\\Application\\118.0.2088.61\\Installer\\setup.exe",
    "ProcessNameLength": "141",
    "ProcessName": "\\Device\\HarddiskVolume4\\Program Files (x86)\\Microsoft\\EdgeUpdate\\Install\\{FDEC30A3-57E5-470D-8819-DD7C8BA39C6F}\\EDGEMITMP_16BF3.tmp\\setup.exe",
    "SessionId": "61D09C9A-7A45-BDB4-6696-66E4C94C43F1",
    "SubSessionId": "7F2551CF-2302-0704-7349-97CF1315F710",
    "Status": "0x0"
  },
  "json_fields": {
    "provider": "Microsoft-Windows-AppLocker",
    "channel": "Microsoft-Windows-AppLocker/EXE and DLL",
    "event_id": "8043",
    "timestamp": "2023-10-25T21:33:36.974496Z",
    "event_record_id": "3",
    "level": "4",
    "task": "0",
    "opcode": "0",
    "keywords": "0x8000000000000000",
    "computer": "WinDevEval",
    "UninstallStringLength": "156",
    "UninstallString": "\"C:\\Program Files (x86)\\Microsoft\\Edge\\Application\\118.0.2088.61\\Installer\\setup.exe\" --uninstall --msedge --channel=stable --system-level --verbose-logging",
    "UninstallerPathLength": "95",
    "UninstallerPath": "\\DosDevices\\C:\\Program Files (x86)\\Microsoft\\Edge\\Application\\118.0.2088.61\\Installer\\setup.exe",
    "ProcessNameLength": "141",
    "ProcessName": "\\Device\\HarddiskVolume4\\Program Files (x86)\\Microsoft\\EdgeUpdate\\Install\\{FDEC30A3-57E5-470D-8819-DD7C8BA39C6F}\\EDGEMITMP_16BF3.tmp\\setup.exe",
    "SessionId": "61D09C9A-7A45-BDB4-6696-66E4C94C43F1",
    "SubSessionId": "7F2551CF-2302-0704-7349-97CF1315F710",
    "Status": "0x0"
  }
}