{
  "event_id": "808",
  "provider": "Microsoft-Windows-TaskScheduler",
  "channel": "Microsoft-Windows-TaskScheduler/Maintenance",
  "source_file": "D:\\visual code file\\Project_4\\Event-Analyzer\\test\\Logs\\Microsoft-Windows-TaskScheduler%4Maintenance.evtx",
  "event_record_id": 1,
  "xml": "<?xml version=\"1.0\" encoding=\"utf-8\"?>\n<Event xmlns=\"http://schemas.microsoft.com/win/2004/08/events/event\">\n  <System>\n    <Provider Name=\"Microsoft-Windows-TaskScheduler\" Guid=\"DE7B24EA-73C8-4A09-985D-5BDADCFA9017\">\n    </Provider>\n    <EventID>808</EventID>\n    <Version>0</Version>\n    <Level>3</Level>\n    <Task>808</Task>\n    <Opcode>0</Opcode>\n    <Keywords>0x800000000000000</Keywords>\n    <TimeCreated SystemTime=\"2024-11-05T01:33:10.516560Z\">\n    </TimeCreated>\n    <EventRecordID>1</EventRecordID>\n    <Correlation>\n    </Correlation>\n    <Execution ProcessID=\"1920\" ThreadID=\"1528\">\n    </Execution>\n    <Channel>Microsoft-Windows-TaskScheduler/Maintenance</Channel>\n    <Computer>WIN-5LCFHVCO531</Computer>\n    <Security UserID=\"S-1-5-18\">\n    </Security>\n  </System>\n  <EventData Name=\"MaintenanceTaskWakeupRequested\">\n    <Data Name=\"Task\">NT TASK\\Microsoft\\Windows\\.NET Framework\\.NET Framework NGEN v4.0.30319 Critical</Data>\n  </EventData>\n</Event>\n",
  "json": "{\"Event\":{\"#attributes\":{\"xmlns\":\"http://schemas.microsoft.com/win/2004/08/events/event\"},\"System\":{\"Provider\":{\"#attributes\":{\"Name\":\"Microsoft-Windows-TaskScheduler\",\"Guid\":\"DE7B24EA-73C8-4A09-985D-5BDADCFA9017\"}},\"EventID\":808,\"Version\":0,\"Level\":3,\"Task\":808,\"Opcode\":0,\"Keywords\":\"0x800000000000000\",\"TimeCreated\":{\"#attributes\":{\"SystemTime\":\"2024-11-05T01:33:10.516560Z\"}},\"EventRecordID\":1,\"Correlation\":null,\"Execution\":{\"#attributes\":{\"ProcessID\":1920,\"ThreadID\":1528}},\"Channel\":\"Microsoft-Windows-TaskScheduler/Maintenance\",\"Computer\":\"WIN-5LCFHVCO531\",\"Security\":{\"#attributes\":{\"UserID\":\"S-1-5-18\"}}},\"EventData\":{\"#attributes\":{\"Name\":\"MaintenanceTaskWakeupRequested\"},\"Task\":\"NT TASK\\\\Microsoft\\\\Windows\\\\.NET Framework\\\\.NET Framework NGEN v4.0.30319 Critical\"}}}",
  "xml_fields": {
    "provider": "Microsoft-Windows-TaskScheduler",
    "event_id": "808",
    "timestamp": "2024-11-05T01:33:10.516560Z",
    "event_record_id": "1",
    "level": "3",
    "task": "808",
    "opcode": "0",
    "keywords": "0x800000000000000",
    "channel": "Microsoft-Windows-TaskScheduler/Maintenance",
    "computer": "WIN-5LCFHVCO531",
    "Task": "NT TASK\\Microsoft\\Windows\\.NET Framework\\.NET Framework NGEN v4.0.30319 Critical"
  },
  "json_fields": {
    "provider": "Microsoft-Windows-TaskScheduler",
    "channel": "Microsoft-Windows-TaskScheduler/Maintenance",
    "event_id": "808",
    "timestamp": "2024-11-05T01:33:10.516560Z",
    "event_record_id": "1",
    "level": "3",
    "task": "808",
    "opcode": "0",
    "keywords": "0x800000000000000",
    "computer": "WIN-5LCFHVCO531",
    "Task": "NT TASK\\Microsoft\\Windows\\.NET Framework\\.NET Framework NGEN v4.0.30319 Critical"
  }
}