{
  "event_id": "8101",
  "provider": "Microsoft-Windows-AppXDeployment-Server",
  "channel": "Microsoft-Windows-AppXDeploymentServer/Operational",
  "source_file": "D:\\visual code file\\Project_4\\Event-Analyzer\\test\\Logs\\Microsoft-Windows-AppXDeploymentServer%4Operational.evtx",
  "event_record_id": 14269,
  "xml": "<?xml version=\"1.0\" encoding=\"utf-8\"?>\n<Event xmlns=\"http://schemas.microsoft.com/win/2004/08/events/event\">\n  <System>\n    <Provider Name=\"Microsoft-Windows-AppXDeployment-Server\" Guid=\"3F471139-ACB7-4A01-B7A7-FF5DA4BA2D43\">\n    </Provider>\n    <EventID>8101</EventID>\n    <Version>0</Version>\n    <Level>5</Level>\n    <Task>49</Task>\n    <Opcode>0</Opcode>\n    <Keywords>0x4000000000000001</Keywords>\n    <TimeCreated SystemTime=\"2025-01-24T10:52:56.745074Z\">\n    </TimeCreated>\n    <EventRecordID>14269</EventRecordID>\n    <Correlation ActivityID=\"B61EC021-6E4D-0002-DFC9-1EB64D6EDB01\">\n    </Correlation>\n    <Execution ProcessID=\"1320\" ThreadID=\"5240\">\n    </Execution>\n    <Channel>Microsoft-Windows-AppXDeploymentServer/Operational</Channel>\n    <Computer>CTO-FILESVR</Computer>\n    <Security UserID=\"S-1-5-18\">\n    </Security>\n  </System>\n  <EventData>\n    <Data Name=\"PackageFullName\">Microsoft.UI.Xaml.2.7_7.2409.9001.0_x86__8wekyb3d8bbwe</Data>\n    <Data Name=\"Flags\">0x5</Data>\n  </EventData>\n</Event>\n",
  "json": "{\"Event\":{\"#attributes\":{\"xmlns\":\"http://schemas.microsoft.com/win/2004/08/events/event\"},\"System\":{\"Provider\":{\"#attributes\":{\"Name\":\"Microsoft-Windows-AppXDeployment-Server\",\"Guid\":\"3F471139-ACB7-4A01-B7A7-FF5DA4BA2D43\"}},\"EventID\":8101,\"Version\":0,\"Level\":5,\"Task\":49,\"Opcode\":0,\"Keywords\":\"0x4000000000000001\",\"TimeCreated\":{\"#attributes\":{\"SystemTime\":\"2025-01-24T10:52:56.745074Z\"}},\"EventRecordID\":14269,\"Correlation\":{\"#attributes\":{\"ActivityID\":\"B61EC021-6E4D-0002-DFC9-1EB64D6EDB01\"}},\"Execution\":{\"#attributes\":{\"ProcessID\":1320,\"ThreadID\":5240}},\"Channel\":\"Microsoft-Windows-AppXDeploymentServer/Operational\",\"Computer\":\"CTO-FILESVR\",\"Security\":{\"#attributes\":{\"UserID\":\"S-1-5-18\"}}},\"EventData\":{\"PackageFullName\":\"Microsoft.UI.Xaml.2.7_7.2409.9001.0_x86__8wekyb3d8bbwe\",\"Flags\":\"0x5\"}}}",
  "xml_fields": {
    "provider": "Microsoft-Windows-AppXDeployment-Server",
    "event_id": "8101",
    "timestamp": "2025-01-24T10:52:56.745074Z",
    "event_record_id": "14269",
    "level": "5",
    "task": "49",
    "opcode": "0",
    "keywords": "0x4000000000000001",
    "channel": "Microsoft-Windows-AppXDeploymentServer/Operational",
    "computer": "CTO-FILESVR",
    "PackageFullName": "Microsoft.UI.Xaml.2.7_7.2409.9001.0_x86__8wekyb3d8bbwe",
    "Flags": "0x5"
  },
  "json_fields": {
    "provider": "Microsoft-Windows-AppXDeployment-Server",
    "channel": "Microsoft-Windows-AppXDeploymentServer/Operational",
    "event_id": "8101",
    "timestamp": "2025-01-24T10:52:56.745074Z",
    "event_record_id": "14269",
    "level": "5",
    "task": "49",
    "opcode": "0",
    "keywords": "0x4000000000000001",
    "computer": "CTO-FILESVR",
    "PackageFullName": "Microsoft.UI.Xaml.2.7_7.2409.9001.0_x86__8wekyb3d8bbwe",
    "Flags": "0x5"
  }
}