{
  "event_id": "811",
  "provider": "Microsoft-Windows-Winlogon",
  "channel": "Microsoft-Windows-Winlogon/Operational",
  "source_file": "D:\\visual code file\\Project_4\\Event-Analyzer\\test\\Logs\\Microsoft-Windows-Winlogon%4Operational.evtx",
  "event_record_id": 1,
  "xml": "<?xml version=\"1.0\" encoding=\"utf-8\"?>\n<Event xmlns=\"http://schemas.microsoft.com/win/2004/08/events/event\">\n  <System>\n    <Provider Name=\"Microsoft-Windows-Winlogon\" Guid=\"DBE9B383-7CF3-4331-91CC-A3CB16A3B538\">\n    </Provider>\n    <EventID>811</EventID>\n    <Version>0</Version>\n    <Level>4</Level>\n    <Task>811</Task>\n    <Opcode>1</Opcode>\n    <Keywords>0x4000000000010000</Keywords>\n    <TimeCreated SystemTime=\"2024-11-04T12:34:55.739893Z\">\n    </TimeCreated>\n    <EventRecordID>1</EventRecordID>\n    <Correlation>\n    </Correlation>\n    <Execution ProcessID=\"592\" ThreadID=\"1116\">\n    </Execution>\n    <Channel>Microsoft-Windows-Winlogon/Operational</Channel>\n    <Computer>DESKTOP-P9H5FTA</Computer>\n    <Security UserID=\"S-1-5-18\">\n    </Security>\n  </System>\n  <EventData>\n    <Data Name=\"Event\">0</Data>\n    <Data Name=\"SubscriberName\">TrustedInstaller</Data>\n  </EventData>\n</Event>\n",
  "json": "{\"Event\":{\"#attributes\":{\"xmlns\":\"http://schemas.microsoft.com/win/2004/08/events/event\"},\"System\":{\"Provider\":{\"#attributes\":{\"Name\":\"Microsoft-Windows-Winlogon\",\"Guid\":\"DBE9B383-7CF3-4331-91CC-A3CB16A3B538\"}},\"EventID\":811,\"Version\":0,\"Level\":4,\"Task\":811,\"Opcode\":1,\"Keywords\":\"0x4000000000010000\",\"TimeCreated\":{\"#attributes\":{\"SystemTime\":\"2024-11-04T12:34:55.739893Z\"}},\"EventRecordID\":1,\"Correlation\":null,\"Execution\":{\"#attributes\":{\"ProcessID\":592,\"ThreadID\":1116}},\"Channel\":\"Microsoft-Windows-Winlogon/Operational\",\"Computer\":\"DESKTOP-P9H5FTA\",\"Security\":{\"#attributes\":{\"UserID\":\"S-1-5-18\"}}},\"EventData\":{\"Event\":0,\"SubscriberName\":\"TrustedInstaller\"}}}",
  "xml_fields": {
    "provider": "Microsoft-Windows-Winlogon",
    "event_id": "811",
    "timestamp": "2024-11-04T12:34:55.739893Z",
    "event_record_id": "1",
    "level": "4",
    "task": "811",
    "opcode": "1",
    "keywords": "0x4000000000010000",
    "channel": "Microsoft-Windows-Winlogon/Operational",
    "computer": "DESKTOP-P9H5FTA",
    "Event": "0",
    "SubscriberName": "TrustedInstaller"
  },
  "json_fields": {
    "provider": "Microsoft-Windows-Winlogon",
    "channel": "Microsoft-Windows-Winlogon/Operational",
    "event_id": "811",
    "timestamp": "2024-11-04T12:34:55.739893Z",
    "event_record_id": "1",
    "level": "4",
    "task": "811",
    "opcode": "1",
    "keywords": "0x4000000000010000",
    "computer": "DESKTOP-P9H5FTA",
    "Event": "0",
    "SubscriberName": "TrustedInstaller"
  }
}