{
  "event_id": "813",
  "provider": "Microsoft-Windows-DeviceManagement-Enterprise-Diagnostics-Provider",
  "channel": "Microsoft-Windows-DeviceManagement-Enterprise-Diagnostics-Provider/Admin",
  "source_file": "D:\\visual code file\\Project_4\\Event-Analyzer\\test\\Benign\\Logs_Client\\Microsoft-Windows-DeviceManagement-Enterprise-Diagnostics-Provider%4Admin.evtx",
  "event_record_id": 1,
  "xml": "<?xml version=\"1.0\" encoding=\"utf-8\"?>\n<Event xmlns=\"http://schemas.microsoft.com/win/2004/08/events/event\">\n  <System>\n    <Provider Name=\"Microsoft-Windows-DeviceManagement-Enterprise-Diagnostics-Provider\" Guid=\"3DA494E4-0FE2-415C-B895-FB5265C5C83B\">\n    </Provider>\n    <EventID>813</EventID>\n    <Version>0</Version>\n    <Level>4</Level>\n    <Task>0</Task>\n    <Opcode>0</Opcode>\n    <Keywords>0x8000000000000000</Keywords>\n    <TimeCreated SystemTime=\"2022-02-07T10:53:55.013170Z\">\n    </TimeCreated>\n    <EventRecordID>1</EventRecordID>\n    <Correlation ActivityID=\"C1DD7440-1C10-0000-8B89-DDC1101CD801\">\n    </Correlation>\n    <Execution ProcessID=\"2880\" ThreadID=\"2876\">\n    </Execution>\n    <Channel>Microsoft-Windows-DeviceManagement-Enterprise-Diagnostics-Provider/Admin</Channel>\n    <Computer>WIN-VR474TJ38H3</Computer>\n    <Security UserID=\"S-1-5-18\">\n    </Security>\n  </System>\n  <EventData>\n    <Data Name=\"Message1\">Power/Controls/EnergyEstimationEnabled</Data>\n    <Data Name=\"Message2\">knobs</Data>\n    <Data Name=\"Message3\">1e05dd5d-a022-46c5-963c-b20de341170f</Data>\n    <Data Name=\"Message4\">device</Data>\n    <Data Name=\"HexInt1\">0x1</Data>\n    <Data Name=\"HexInt2\">0x1</Data>\n    <Data Name=\"HexInt3\">0x0</Data>\n  </EventData>\n</Event>\n",
  "json": "{\"Event\":{\"#attributes\":{\"xmlns\":\"http://schemas.microsoft.com/win/2004/08/events/event\"},\"System\":{\"Provider\":{\"#attributes\":{\"Name\":\"Microsoft-Windows-DeviceManagement-Enterprise-Diagnostics-Provider\",\"Guid\":\"3DA494E4-0FE2-415C-B895-FB5265C5C83B\"}},\"EventID\":813,\"Version\":0,\"Level\":4,\"Task\":0,\"Opcode\":0,\"Keywords\":\"0x8000000000000000\",\"TimeCreated\":{\"#attributes\":{\"SystemTime\":\"2022-02-07T10:53:55.013170Z\"}},\"EventRecordID\":1,\"Correlation\":{\"#attributes\":{\"ActivityID\":\"C1DD7440-1C10-0000-8B89-DDC1101CD801\"}},\"Execution\":{\"#attributes\":{\"ProcessID\":2880,\"ThreadID\":2876}},\"Channel\":\"Microsoft-Windows-DeviceManagement-Enterprise-Diagnostics-Provider/Admin\",\"Computer\":\"WIN-VR474TJ38H3\",\"Security\":{\"#attributes\":{\"UserID\":\"S-1-5-18\"}}},\"EventData\":{\"Message1\":\"Power/Controls/EnergyEstimationEnabled\",\"Message2\":\"knobs\",\"Message3\":\"1e05dd5d-a022-46c5-963c-b20de341170f\",\"Message4\":\"device\",\"HexInt1\":\"0x1\",\"HexInt2\":\"0x1\",\"HexInt3\":\"0x0\"}}}",
  "xml_fields": {
    "provider": "Microsoft-Windows-DeviceManagement-Enterprise-Diagnostics-Provider",
    "event_id": "813",
    "timestamp": "2022-02-07T10:53:55.013170Z",
    "event_record_id": "1",
    "level": "4",
    "task": "0",
    "opcode": "0",
    "keywords": "0x8000000000000000",
    "channel": "Microsoft-Windows-DeviceManagement-Enterprise-Diagnostics-Provider/Admin",
    "computer": "WIN-VR474TJ38H3",
    "Message1": "Power/Controls/EnergyEstimationEnabled",
    "Message2": "knobs",
    "Message3": "1e05dd5d-a022-46c5-963c-b20de341170f",
    "Message4": "device",
    "HexInt1": "0x1",
    "HexInt2": "0x1",
    "HexInt3": "0x0"
  },
  "json_fields": {
    "provider": "Microsoft-Windows-DeviceManagement-Enterprise-Diagnostics-Provider",
    "channel": "Microsoft-Windows-DeviceManagement-Enterprise-Diagnostics-Provider/Admin",
    "event_id": "813",
    "timestamp": "2022-02-07T10:53:55.013170Z",
    "event_record_id": "1",
    "level": "4",
    "task": "0",
    "opcode": "0",
    "keywords": "0x8000000000000000",
    "computer": "WIN-VR474TJ38H3",
    "Message1": "Power/Controls/EnergyEstimationEnabled",
    "Message2": "knobs",
    "Message3": "1e05dd5d-a022-46c5-963c-b20de341170f",
    "Message4": "device",
    "HexInt1": "0x1",
    "HexInt2": "0x1",
    "HexInt3": "0x0"
  }
}