{
  "event_id": "8194",
  "provider": "Microsoft-Windows-PowerShell",
  "channel": "Microsoft-Windows-PowerShell/Operational",
  "source_file": "D:\\visual code file\\Project_4\\Event-Analyzer\\test\\Benign\\win2022-0-20348-azure\\Microsoft-Windows-PowerShell%4Operational.evtx",
  "event_record_id": 15,
  "xml": "<?xml version=\"1.0\" encoding=\"utf-8\"?>\n<Event xmlns=\"http://schemas.microsoft.com/win/2004/08/events/event\">\n  <System>\n    <Provider Name=\"Microsoft-Windows-PowerShell\" Guid=\"A0C1853B-5C40-4B15-8766-3CF1C58F985A\">\n    </Provider>\n    <EventID>8194</EventID>\n    <Version>1</Version>\n    <Level>5</Level>\n    <Task>1</Task>\n    <Opcode>16</Opcode>\n    <Keywords>0x0</Keywords>\n    <TimeCreated SystemTime=\"2022-09-18T09:47:13.374683Z\">\n    </TimeCreated>\n    <EventRecordID>15</EventRecordID>\n    <Correlation ActivityID=\"1A75463C-9592-4179-9503-AADA9BD3B9ED\">\n    </Correlation>\n    <Execution ProcessID=\"3852\" ThreadID=\"8144\">\n    </Execution>\n    <Channel>Microsoft-Windows-PowerShell/Operational</Channel>\n    <Computer>Agamemnon</Computer>\n    <Security UserID=\"S-1-5-21-3574161147-2844031704-266979156-500\">\n    </Security>\n  </System>\n  <EventData>\n    <Data Name=\"InstanceId\">1a75463c-9592-4179-9503-aada9bd3b9ed</Data>\n    <Data Name=\"MaxRunspaces\">2</Data>\n    <Data Name=\"MinRunspaces\">10</Data>\n  </EventData>\n</Event>\n",
  "json": "{\"Event\":{\"#attributes\":{\"xmlns\":\"http://schemas.microsoft.com/win/2004/08/events/event\"},\"System\":{\"Provider\":{\"#attributes\":{\"Name\":\"Microsoft-Windows-PowerShell\",\"Guid\":\"A0C1853B-5C40-4B15-8766-3CF1C58F985A\"}},\"EventID\":8194,\"Version\":1,\"Level\":5,\"Task\":1,\"Opcode\":16,\"Keywords\":\"0x0\",\"TimeCreated\":{\"#attributes\":{\"SystemTime\":\"2022-09-18T09:47:13.374683Z\"}},\"EventRecordID\":15,\"Correlation\":{\"#attributes\":{\"ActivityID\":\"1A75463C-9592-4179-9503-AADA9BD3B9ED\"}},\"Execution\":{\"#attributes\":{\"ProcessID\":3852,\"ThreadID\":8144}},\"Channel\":\"Microsoft-Windows-PowerShell/Operational\",\"Computer\":\"Agamemnon\",\"Security\":{\"#attributes\":{\"UserID\":\"S-1-5-21-3574161147-2844031704-266979156-500\"}}},\"EventData\":{\"InstanceId\":\"1a75463c-9592-4179-9503-aada9bd3b9ed\",\"MaxRunspaces\":\"2\",\"MinRunspaces\":\"10\"}}}",
  "xml_fields": {
    "provider": "Microsoft-Windows-PowerShell",
    "event_id": "8194",
    "timestamp": "2022-09-18T09:47:13.374683Z",
    "event_record_id": "15",
    "level": "5",
    "task": "1",
    "opcode": "16",
    "keywords": "0x0",
    "channel": "Microsoft-Windows-PowerShell/Operational",
    "computer": "Agamemnon",
    "InstanceId": "1a75463c-9592-4179-9503-aada9bd3b9ed",
    "MaxRunspaces": "2",
    "MinRunspaces": "10"
  },
  "json_fields": {
    "provider": "Microsoft-Windows-PowerShell",
    "channel": "Microsoft-Windows-PowerShell/Operational",
    "event_id": "8194",
    "timestamp": "2022-09-18T09:47:13.374683Z",
    "event_record_id": "15",
    "level": "5",
    "task": "1",
    "opcode": "16",
    "keywords": "0x0",
    "computer": "Agamemnon",
    "InstanceId": "1a75463c-9592-4179-9503-aada9bd3b9ed",
    "MaxRunspaces": "2",
    "MinRunspaces": "10"
  }
}