{
  "event_id": "8196",
  "provider": "Microsoft-Windows-Crypto-DPAPI",
  "channel": "Microsoft-Windows-Crypto-DPAPI/Operational",
  "source_file": "D:\\visual code file\\Project_4\\Event-Analyzer\\test\\Benign\\Win2022-AD\\Microsoft-Windows-Crypto-DPAPI%4Operational.evtx",
  "event_record_id": 25,
  "xml": "<?xml version=\"1.0\" encoding=\"utf-8\"?>\n<Event xmlns=\"http://schemas.microsoft.com/win/2004/08/events/event\">\n  <System>\n    <Provider Name=\"Microsoft-Windows-Crypto-DPAPI\" Guid=\"89FE8F40-CDCE-464E-8217-15EF97D4C7C3\">\n    </Provider>\n    <EventID>8196</EventID>\n    <Version>0</Version>\n    <Level>2</Level>\n    <Task>2</Task>\n    <Opcode>0</Opcode>\n    <Keywords>0x8000000000000002</Keywords>\n    <TimeCreated SystemTime=\"2022-04-07T08:18:33.398223Z\">\n    </TimeCreated>\n    <EventRecordID>25</EventRecordID>\n    <Correlation ActivityID=\"7AAB4249-4A57-0000-F449-AB7A574AD801\">\n    </Correlation>\n    <Execution ProcessID=\"648\" ThreadID=\"4060\">\n    </Execution>\n    <Channel>Microsoft-Windows-Crypto-DPAPI/Operational</Channel>\n    <Computer>WIN-FPV0DSIC9O6.sigma.fr</Computer>\n    <Security UserID=\"S-1-5-18\">\n    </Security>\n  </System>\n  <EventData>\n  </EventData>\n</Event>\n",
  "json": "{\"Event\":{\"#attributes\":{\"xmlns\":\"http://schemas.microsoft.com/win/2004/08/events/event\"},\"System\":{\"Provider\":{\"#attributes\":{\"Name\":\"Microsoft-Windows-Crypto-DPAPI\",\"Guid\":\"89FE8F40-CDCE-464E-8217-15EF97D4C7C3\"}},\"EventID\":8196,\"Version\":0,\"Level\":2,\"Task\":2,\"Opcode\":0,\"Keywords\":\"0x8000000000000002\",\"TimeCreated\":{\"#attributes\":{\"SystemTime\":\"2022-04-07T08:18:33.398223Z\"}},\"EventRecordID\":25,\"Correlation\":{\"#attributes\":{\"ActivityID\":\"7AAB4249-4A57-0000-F449-AB7A574AD801\"}},\"Execution\":{\"#attributes\":{\"ProcessID\":648,\"ThreadID\":4060}},\"Channel\":\"Microsoft-Windows-Crypto-DPAPI/Operational\",\"Computer\":\"WIN-FPV0DSIC9O6.sigma.fr\",\"Security\":{\"#attributes\":{\"UserID\":\"S-1-5-18\"}}},\"EventData\":null}}",
  "xml_fields": {
    "provider": "Microsoft-Windows-Crypto-DPAPI",
    "event_id": "8196",
    "timestamp": "2022-04-07T08:18:33.398223Z",
    "event_record_id": "25",
    "level": "2",
    "task": "2",
    "opcode": "0",
    "keywords": "0x8000000000000002",
    "channel": "Microsoft-Windows-Crypto-DPAPI/Operational",
    "computer": "WIN-FPV0DSIC9O6.sigma.fr"
  },
  "json_fields": {
    "provider": "Microsoft-Windows-Crypto-DPAPI",
    "channel": "Microsoft-Windows-Crypto-DPAPI/Operational",
    "event_id": "8196",
    "timestamp": "2022-04-07T08:18:33.398223Z",
    "event_record_id": "25",
    "level": "2",
    "task": "2",
    "opcode": "0",
    "keywords": "0x8000000000000002",
    "computer": "WIN-FPV0DSIC9O6.sigma.fr"
  }
}