{
  "event_id": "821",
  "provider": "Microsoft-Windows-AppXDeployment-Server",
  "channel": "Microsoft-Windows-AppXDeploymentServer/Operational",
  "source_file": "D:\\visual code file\\Project_4\\Event-Analyzer\\test\\Logs\\Microsoft-Windows-AppXDeploymentServer%4Operational.evtx",
  "event_record_id": 13831,
  "xml": "<?xml version=\"1.0\" encoding=\"utf-8\"?>\n<Event xmlns=\"http://schemas.microsoft.com/win/2004/08/events/event\">\n  <System>\n    <Provider Name=\"Microsoft-Windows-AppXDeployment-Server\" Guid=\"3F471139-ACB7-4A01-B7A7-FF5DA4BA2D43\">\n    </Provider>\n    <EventID>821</EventID>\n    <Version>0</Version>\n    <Level>5</Level>\n    <Task>6</Task>\n    <Opcode>0</Opcode>\n    <Keywords>0x4000000000000001</Keywords>\n    <TimeCreated SystemTime=\"2025-01-24T10:52:50.212941Z\">\n    </TimeCreated>\n    <EventRecordID>13831</EventRecordID>\n    <Correlation ActivityID=\"B61EC021-6E4D-0000-3EC8-1EB64D6EDB01\">\n    </Correlation>\n    <Execution ProcessID=\"4820\" ThreadID=\"4860\">\n    </Execution>\n    <Channel>Microsoft-Windows-AppXDeploymentServer/Operational</Channel>\n    <Computer>CTO-FILESVR</Computer>\n    <Security UserID=\"S-1-5-18\">\n    </Security>\n  </System>\n  <EventData>\n    <Data Name=\"UserSid\">S-1-5-21-3088055692-629932344-1786574096-1003</Data>\n    <Data Name=\"MainPackageFullName\">Microsoft.Windows.CallingShellApp_10.0.19041.4239_neutral_neutral_cw5n1h2txyewy</Data>\n    <Data Name=\"ErrorCode\">0x0</Data>\n  </EventData>\n</Event>\n",
  "json": "{\"Event\":{\"#attributes\":{\"xmlns\":\"http://schemas.microsoft.com/win/2004/08/events/event\"},\"System\":{\"Provider\":{\"#attributes\":{\"Name\":\"Microsoft-Windows-AppXDeployment-Server\",\"Guid\":\"3F471139-ACB7-4A01-B7A7-FF5DA4BA2D43\"}},\"EventID\":821,\"Version\":0,\"Level\":5,\"Task\":6,\"Opcode\":0,\"Keywords\":\"0x4000000000000001\",\"TimeCreated\":{\"#attributes\":{\"SystemTime\":\"2025-01-24T10:52:50.212941Z\"}},\"EventRecordID\":13831,\"Correlation\":{\"#attributes\":{\"ActivityID\":\"B61EC021-6E4D-0000-3EC8-1EB64D6EDB01\"}},\"Execution\":{\"#attributes\":{\"ProcessID\":4820,\"ThreadID\":4860}},\"Channel\":\"Microsoft-Windows-AppXDeploymentServer/Operational\",\"Computer\":\"CTO-FILESVR\",\"Security\":{\"#attributes\":{\"UserID\":\"S-1-5-18\"}}},\"EventData\":{\"UserSid\":\"S-1-5-21-3088055692-629932344-1786574096-1003\",\"MainPackageFullName\":\"Microsoft.Windows.CallingShellApp_10.0.19041.4239_neutral_neutral_cw5n1h2txyewy\",\"ErrorCode\":\"0x0\"}}}",
  "xml_fields": {
    "provider": "Microsoft-Windows-AppXDeployment-Server",
    "event_id": "821",
    "timestamp": "2025-01-24T10:52:50.212941Z",
    "event_record_id": "13831",
    "level": "5",
    "task": "6",
    "opcode": "0",
    "keywords": "0x4000000000000001",
    "channel": "Microsoft-Windows-AppXDeploymentServer/Operational",
    "computer": "CTO-FILESVR",
    "UserSid": "S-1-5-21-3088055692-629932344-1786574096-1003",
    "MainPackageFullName": "Microsoft.Windows.CallingShellApp_10.0.19041.4239_neutral_neutral_cw5n1h2txyewy",
    "ErrorCode": "0x0"
  },
  "json_fields": {
    "provider": "Microsoft-Windows-AppXDeployment-Server",
    "channel": "Microsoft-Windows-AppXDeploymentServer/Operational",
    "event_id": "821",
    "timestamp": "2025-01-24T10:52:50.212941Z",
    "event_record_id": "13831",
    "level": "5",
    "task": "6",
    "opcode": "0",
    "keywords": "0x4000000000000001",
    "computer": "CTO-FILESVR",
    "UserSid": "S-1-5-21-3088055692-629932344-1786574096-1003",
    "MainPackageFullName": "Microsoft.Windows.CallingShellApp_10.0.19041.4239_neutral_neutral_cw5n1h2txyewy",
    "ErrorCode": "0x0"
  }
}