{
  "event_id": "823",
  "provider": "Microsoft-Windows-PrintService",
  "channel": "Microsoft-Windows-PrintService/Admin",
  "source_file": "D:\\visual code file\\Project_4\\Event-Analyzer\\test\\Malicious\\EVTX-to-MITRE-Attack-master\\TA0004-Privilege Escalation\\T1574-DLL side-loading\\ID316,300,301,316,823,848-Mimispool printer server instal.evtx",
  "event_record_id": 1,
  "xml": "<?xml version=\"1.0\" encoding=\"utf-8\"?>\n<Event xmlns=\"http://schemas.microsoft.com/win/2004/08/events/event\">\n  <System>\n    <Provider Name=\"Microsoft-Windows-PrintService\" Guid=\"747EF6FD-E535-4D16-B510-42C90F6873A1\">\n    </Provider>\n    <EventID>823</EventID>\n    <Version>0</Version>\n    <Level>4</Level>\n    <Task>49</Task>\n    <Opcode>11</Opcode>\n    <Keywords>0x8000000000020000</Keywords>\n    <TimeCreated SystemTime=\"2021-10-27T10:09:16.280929Z\">\n    </TimeCreated>\n    <EventRecordID>4</EventRecordID>\n    <Correlation>\n    </Correlation>\n    <Execution ProcessID=\"2552\" ThreadID=\"4012\">\n    </Execution>\n    <Channel>Microsoft-Windows-PrintService/Admin</Channel>\n    <Computer>fs03vuln.offsec.lan</Computer>\n    <Security UserID=\"S-1-5-21-4230534742-2542757381-3142984815-1111\">\n    </Security>\n  </System>\n  <UserData>\n    <ChangingDefaultPrinter xmlns=\"http://manifests.microsoft.com/win/2005/08/windows/printing/spooler/core/events\">\n      <DefaultPrinterSelectedBySpooler>1</DefaultPrinterSelectedBySpooler>\n      <OldDefaultPrinter>-</OldDefaultPrinter>\n      <NewDefaultPrinter>Kiwi Legit Printer</NewDefaultPrinter>\n      <Status>0x0</Status>\n      <Module>spoolsv.exe</Module>\n    </ChangingDefaultPrinter>\n  </UserData>\n</Event>\n",
  "json": "{\"Event\":{\"#attributes\":{\"xmlns\":\"http://schemas.microsoft.com/win/2004/08/events/event\"},\"System\":{\"Provider\":{\"#attributes\":{\"Name\":\"Microsoft-Windows-PrintService\",\"Guid\":\"747EF6FD-E535-4D16-B510-42C90F6873A1\"}},\"EventID\":823,\"Version\":0,\"Level\":4,\"Task\":49,\"Opcode\":11,\"Keywords\":\"0x8000000000020000\",\"TimeCreated\":{\"#attributes\":{\"SystemTime\":\"2021-10-27T10:09:16.280929Z\"}},\"EventRecordID\":4,\"Correlation\":null,\"Execution\":{\"#attributes\":{\"ProcessID\":2552,\"ThreadID\":4012}},\"Channel\":\"Microsoft-Windows-PrintService/Admin\",\"Computer\":\"fs03vuln.offsec.lan\",\"Security\":{\"#attributes\":{\"UserID\":\"S-1-5-21-4230534742-2542757381-3142984815-1111\"}}},\"UserData\":{\"ChangingDefaultPrinter\":{\"#attributes\":{\"xmlns\":\"http://manifests.microsoft.com/win/2005/08/windows/printing/spooler/core/events\"},\"DefaultPrinterSelectedBySpooler\":1,\"OldDefaultPrinter\":\"-\",\"NewDefaultPrinter\":\"Kiwi Legit Printer\",\"Status\":\"0x0\",\"Module\":\"spoolsv.exe\"}}}}",
  "xml_fields": {
    "provider": "Microsoft-Windows-PrintService",
    "event_id": "823",
    "timestamp": "2021-10-27T10:09:16.280929Z",
    "event_record_id": "4",
    "level": "4",
    "task": "49",
    "opcode": "11",
    "keywords": "0x8000000000020000",
    "channel": "Microsoft-Windows-PrintService/Admin",
    "computer": "fs03vuln.offsec.lan",
    "DefaultPrinterSelectedBySpooler": "1",
    "OldDefaultPrinter": "-",
    "NewDefaultPrinter": "Kiwi Legit Printer",
    "Status": "0x0",
    "Module": "spoolsv.exe"
  },
  "json_fields": {
    "provider": "Microsoft-Windows-PrintService",
    "channel": "Microsoft-Windows-PrintService/Admin",
    "event_id": "823",
    "timestamp": "2021-10-27T10:09:16.280929Z",
    "event_record_id": "4",
    "level": "4",
    "task": "49",
    "opcode": "11",
    "keywords": "0x8000000000020000",
    "computer": "fs03vuln.offsec.lan",
    "DefaultPrinterSelectedBySpooler": "1",
    "OldDefaultPrinter": "-",
    "NewDefaultPrinter": "Kiwi Legit Printer",
    "Status": "0x0",
    "Module": "spoolsv.exe"
  }
}