{
  "event_id": "845",
  "provider": "Microsoft-Windows-AppXDeployment-Server",
  "channel": "Microsoft-Windows-AppXDeploymentServer/Operational",
  "source_file": "D:\\visual code file\\Project_4\\Event-Analyzer\\test\\Benign\\win2022-0-20348-azure\\Microsoft-Windows-AppXDeploymentServer%4Operational.evtx",
  "event_record_id": 497,
  "xml": "<?xml version=\"1.0\" encoding=\"utf-8\"?>\n<Event xmlns=\"http://schemas.microsoft.com/win/2004/08/events/event\">\n  <System>\n    <Provider Name=\"Microsoft-Windows-AppXDeployment-Server\" Guid=\"3F471139-ACB7-4A01-B7A7-FF5DA4BA2D43\">\n    </Provider>\n    <EventID>845</EventID>\n    <Version>0</Version>\n    <Level>2</Level>\n    <Task>3</Task>\n    <Opcode>0</Opcode>\n    <Keywords>0x4000000000000001</Keywords>\n    <TimeCreated SystemTime=\"2022-09-08T21:03:56.404451Z\">\n    </TimeCreated>\n    <EventRecordID>497</EventRecordID>\n    <Correlation ActivityID=\"2D2A63B6-C3C6-0000-F7A1-2A2DC6C3D801\">\n    </Correlation>\n    <Execution ProcessID=\"2332\" ThreadID=\"3120\">\n    </Execution>\n    <Channel>Microsoft-Windows-AppXDeploymentServer/Operational</Channel>\n    <Computer>WIN-06FB45IHQ35</Computer>\n    <Security UserID=\"S-1-5-18\">\n    </Security>\n  </System>\n  <EventData>\n    <Data Name=\"PackageMoniker\">Microsoft.MicrosoftEdge.Stable_86.0.622.38_neutral__8wekyb3d8bbwe</Data>\n  </EventData>\n</Event>\n",
  "json": "{\"Event\":{\"#attributes\":{\"xmlns\":\"http://schemas.microsoft.com/win/2004/08/events/event\"},\"System\":{\"Provider\":{\"#attributes\":{\"Name\":\"Microsoft-Windows-AppXDeployment-Server\",\"Guid\":\"3F471139-ACB7-4A01-B7A7-FF5DA4BA2D43\"}},\"EventID\":845,\"Version\":0,\"Level\":2,\"Task\":3,\"Opcode\":0,\"Keywords\":\"0x4000000000000001\",\"TimeCreated\":{\"#attributes\":{\"SystemTime\":\"2022-09-08T21:03:56.404451Z\"}},\"EventRecordID\":497,\"Correlation\":{\"#attributes\":{\"ActivityID\":\"2D2A63B6-C3C6-0000-F7A1-2A2DC6C3D801\"}},\"Execution\":{\"#attributes\":{\"ProcessID\":2332,\"ThreadID\":3120}},\"Channel\":\"Microsoft-Windows-AppXDeploymentServer/Operational\",\"Computer\":\"WIN-06FB45IHQ35\",\"Security\":{\"#attributes\":{\"UserID\":\"S-1-5-18\"}}},\"EventData\":{\"PackageMoniker\":\"Microsoft.MicrosoftEdge.Stable_86.0.622.38_neutral__8wekyb3d8bbwe\"}}}",
  "xml_fields": {
    "provider": "Microsoft-Windows-AppXDeployment-Server",
    "event_id": "845",
    "timestamp": "2022-09-08T21:03:56.404451Z",
    "event_record_id": "497",
    "level": "2",
    "task": "3",
    "opcode": "0",
    "keywords": "0x4000000000000001",
    "channel": "Microsoft-Windows-AppXDeploymentServer/Operational",
    "computer": "WIN-06FB45IHQ35",
    "PackageMoniker": "Microsoft.MicrosoftEdge.Stable_86.0.622.38_neutral__8wekyb3d8bbwe"
  },
  "json_fields": {
    "provider": "Microsoft-Windows-AppXDeployment-Server",
    "channel": "Microsoft-Windows-AppXDeploymentServer/Operational",
    "event_id": "845",
    "timestamp": "2022-09-08T21:03:56.404451Z",
    "event_record_id": "497",
    "level": "2",
    "task": "3",
    "opcode": "0",
    "keywords": "0x4000000000000001",
    "computer": "WIN-06FB45IHQ35",
    "PackageMoniker": "Microsoft.MicrosoftEdge.Stable_86.0.622.38_neutral__8wekyb3d8bbwe"
  }
}