{
  "event_id": "857",
  "provider": "Microsoft-Windows-AppXDeployment-Server",
  "channel": "Microsoft-Windows-AppXDeploymentServer/Operational",
  "source_file": "D:\\visual code file\\Project_4\\Event-Analyzer\\test\\Benign\\Logs_Win11\\Microsoft-Windows-AppXDeploymentServer%4Operational.evtx",
  "event_record_id": 1184,
  "xml": "<?xml version=\"1.0\" encoding=\"utf-8\"?>\n<Event xmlns=\"http://schemas.microsoft.com/win/2004/08/events/event\">\n  <System>\n    <Provider Name=\"Microsoft-Windows-AppXDeployment-Server\" Guid=\"3F471139-ACB7-4A01-B7A7-FF5DA4BA2D43\">\n    </Provider>\n    <EventID>857</EventID>\n    <Version>0</Version>\n    <Level>5</Level>\n    <Task>6</Task>\n    <Opcode>0</Opcode>\n    <Keywords>0x4000000000000001</Keywords>\n    <TimeCreated SystemTime=\"2022-03-01T16:45:00.809636Z\">\n    </TimeCreated>\n    <EventRecordID>1184</EventRecordID>\n    <Correlation ActivityID=\"7F58167F-2D8B-0007-6018-587F8B2DD801\">\n    </Correlation>\n    <Execution ProcessID=\"5072\" ThreadID=\"5060\">\n    </Execution>\n    <Channel>Microsoft-Windows-AppXDeploymentServer/Operational</Channel>\n    <Computer>DESKTOP-6D0DBMB</Computer>\n    <Security UserID=\"S-1-5-21-1671613982-9707084-2312793148-1000\">\n    </Security>\n  </System>\n  <EventData>\n    <Data Name=\"Error\">0x0</Data>\n    <Data Name=\"PackageFamilyName\">windows.immersivecontrolpanel_cw5n1h2txyewy</Data>\n    <Data Name=\"FoundState\">false</Data>\n    <Data Name=\"ErrorCode\">0x0</Data>\n  </EventData>\n</Event>\n",
  "json": "{\"Event\":{\"#attributes\":{\"xmlns\":\"http://schemas.microsoft.com/win/2004/08/events/event\"},\"System\":{\"Provider\":{\"#attributes\":{\"Name\":\"Microsoft-Windows-AppXDeployment-Server\",\"Guid\":\"3F471139-ACB7-4A01-B7A7-FF5DA4BA2D43\"}},\"EventID\":857,\"Version\":0,\"Level\":5,\"Task\":6,\"Opcode\":0,\"Keywords\":\"0x4000000000000001\",\"TimeCreated\":{\"#attributes\":{\"SystemTime\":\"2022-03-01T16:45:00.809636Z\"}},\"EventRecordID\":1184,\"Correlation\":{\"#attributes\":{\"ActivityID\":\"7F58167F-2D8B-0007-6018-587F8B2DD801\"}},\"Execution\":{\"#attributes\":{\"ProcessID\":5072,\"ThreadID\":5060}},\"Channel\":\"Microsoft-Windows-AppXDeploymentServer/Operational\",\"Computer\":\"DESKTOP-6D0DBMB\",\"Security\":{\"#attributes\":{\"UserID\":\"S-1-5-21-1671613982-9707084-2312793148-1000\"}}},\"EventData\":{\"Error\":\"0x0\",\"PackageFamilyName\":\"windows.immersivecontrolpanel_cw5n1h2txyewy\",\"FoundState\":false,\"ErrorCode\":\"0x0\"}}}",
  "xml_fields": {
    "provider": "Microsoft-Windows-AppXDeployment-Server",
    "event_id": "857",
    "timestamp": "2022-03-01T16:45:00.809636Z",
    "event_record_id": "1184",
    "level": "5",
    "task": "6",
    "opcode": "0",
    "keywords": "0x4000000000000001",
    "channel": "Microsoft-Windows-AppXDeploymentServer/Operational",
    "computer": "DESKTOP-6D0DBMB",
    "Error": "0x0",
    "PackageFamilyName": "windows.immersivecontrolpanel_cw5n1h2txyewy",
    "FoundState": "false",
    "ErrorCode": "0x0"
  },
  "json_fields": {
    "provider": "Microsoft-Windows-AppXDeployment-Server",
    "channel": "Microsoft-Windows-AppXDeploymentServer/Operational",
    "event_id": "857",
    "timestamp": "2022-03-01T16:45:00.809636Z",
    "event_record_id": "1184",
    "level": "5",
    "task": "6",
    "opcode": "0",
    "keywords": "0x4000000000000001",
    "computer": "DESKTOP-6D0DBMB",
    "Error": "0x0",
    "PackageFamilyName": "windows.immersivecontrolpanel_cw5n1h2txyewy",
    "FoundState": "False",
    "ErrorCode": "0x0"
  }
}