{
  "event_id": "866",
  "provider": "Microsoft-Windows-AppXDeployment-Server",
  "channel": "Microsoft-Windows-AppXDeploymentServer/Operational",
  "source_file": "D:\\visual code file\\Project_4\\Event-Analyzer\\test\\Benign\\Logs_Win11_2023\\Microsoft-Windows-AppXDeploymentServer%4Operational.evtx",
  "event_record_id": 6088,
  "xml": "<?xml version=\"1.0\" encoding=\"utf-8\"?>\n<Event xmlns=\"http://schemas.microsoft.com/win/2004/08/events/event\">\n  <System>\n    <Provider Name=\"Microsoft-Windows-AppXDeployment-Server\" Guid=\"3F471139-ACB7-4A01-B7A7-FF5DA4BA2D43\">\n    </Provider>\n    <EventID>866</EventID>\n    <Version>0</Version>\n    <Level>2</Level>\n    <Task>3</Task>\n    <Opcode>0</Opcode>\n    <Keywords>0x4000400000000001</Keywords>\n    <TimeCreated SystemTime=\"2023-11-06T06:22:44.277802Z\">\n    </TimeCreated>\n    <EventRecordID>6088</EventRecordID>\n    <Correlation ActivityID=\"626F7C94-1079-0000-A09A-6F627910DA01\">\n    </Correlation>\n    <Execution ProcessID=\"1532\" ThreadID=\"1636\">\n    </Execution>\n    <Channel>Microsoft-Windows-AppXDeploymentServer/Operational</Channel>\n    <Computer>WinDev2310Eval</Computer>\n    <Security UserID=\"S-1-5-18\">\n    </Security>\n  </System>\n  <EventData>\n    <Data Name=\"PackageName\">Microsoft.MicrosoftEdge.Stable_118.0.2088.61_neutral__8wekyb3d8bbwe</Data>\n    <Data Name=\"DeploymentOptions\">0x10000020</Data>\n  </EventData>\n</Event>\n",
  "json": "{\"Event\":{\"#attributes\":{\"xmlns\":\"http://schemas.microsoft.com/win/2004/08/events/event\"},\"System\":{\"Provider\":{\"#attributes\":{\"Name\":\"Microsoft-Windows-AppXDeployment-Server\",\"Guid\":\"3F471139-ACB7-4A01-B7A7-FF5DA4BA2D43\"}},\"EventID\":866,\"Version\":0,\"Level\":2,\"Task\":3,\"Opcode\":0,\"Keywords\":\"0x4000400000000001\",\"TimeCreated\":{\"#attributes\":{\"SystemTime\":\"2023-11-06T06:22:44.277802Z\"}},\"EventRecordID\":6088,\"Correlation\":{\"#attributes\":{\"ActivityID\":\"626F7C94-1079-0000-A09A-6F627910DA01\"}},\"Execution\":{\"#attributes\":{\"ProcessID\":1532,\"ThreadID\":1636}},\"Channel\":\"Microsoft-Windows-AppXDeploymentServer/Operational\",\"Computer\":\"WinDev2310Eval\",\"Security\":{\"#attributes\":{\"UserID\":\"S-1-5-18\"}}},\"EventData\":{\"PackageName\":\"Microsoft.MicrosoftEdge.Stable_118.0.2088.61_neutral__8wekyb3d8bbwe\",\"DeploymentOptions\":\"0x10000020\"}}}",
  "xml_fields": {
    "provider": "Microsoft-Windows-AppXDeployment-Server",
    "event_id": "866",
    "timestamp": "2023-11-06T06:22:44.277802Z",
    "event_record_id": "6088",
    "level": "2",
    "task": "3",
    "opcode": "0",
    "keywords": "0x4000400000000001",
    "channel": "Microsoft-Windows-AppXDeploymentServer/Operational",
    "computer": "WinDev2310Eval",
    "PackageName": "Microsoft.MicrosoftEdge.Stable_118.0.2088.61_neutral__8wekyb3d8bbwe",
    "DeploymentOptions": "0x10000020"
  },
  "json_fields": {
    "provider": "Microsoft-Windows-AppXDeployment-Server",
    "channel": "Microsoft-Windows-AppXDeploymentServer/Operational",
    "event_id": "866",
    "timestamp": "2023-11-06T06:22:44.277802Z",
    "event_record_id": "6088",
    "level": "2",
    "task": "3",
    "opcode": "0",
    "keywords": "0x4000400000000001",
    "computer": "WinDev2310Eval",
    "PackageName": "Microsoft.MicrosoftEdge.Stable_118.0.2088.61_neutral__8wekyb3d8bbwe",
    "DeploymentOptions": "0x10000020"
  }
}