{
  "event_id": "86",
  "provider": "Microsoft-Windows-CertificateServicesClient-CertEnroll",
  "channel": "Application",
  "source_file": "D:\\visual code file\\Project_4\\Event-Analyzer\\test\\Benign\\Logs_Win11\\Application.evtx",
  "event_record_id": 724,
  "xml": "<?xml version=\"1.0\" encoding=\"utf-8\"?>\n<Event xmlns=\"http://schemas.microsoft.com/win/2004/08/events/event\">\n  <System>\n    <Provider Name=\"Microsoft-Windows-CertificateServicesClient-CertEnroll\" Guid=\"{54164045-7C50-4905-963F-E5BC1EEF0CCA}\" EventSourceName=\"CertEnroll\">\n    </Provider>\n    <EventID Qualifiers=\"49754\">86</EventID>\n    <Version>0</Version>\n    <Level>2</Level>\n    <Task>0</Task>\n    <Opcode>0</Opcode>\n    <Keywords>0x80000000000000</Keywords>\n    <TimeCreated SystemTime=\"2022-03-01T19:17:49.300628Z\">\n    </TimeCreated>\n    <EventRecordID>724</EventRecordID>\n    <Correlation>\n    </Correlation>\n    <Execution ProcessID=\"2508\" ThreadID=\"0\">\n    </Execution>\n    <Channel>Application</Channel>\n    <Computer>DESKTOP-6D0DBMB</Computer>\n    <Security UserID=\"S-1-5-18\">\n    </Security>\n  </System>\n  <EventData>\n    <Data Name=\"Context\">Syst\u00e8me local</Data>\n    <Data Name=\"Url\">https://VMW-KeyId-e7286866ba6366b54d95a3bc555d89931e800152.microsoftaik.azure.net/templates/Aik/scep</Data>\n    <Data Name=\"MessageText\">GetCACaps\nGetCACaps: Not Found\n{\"Message\":\"The authority \\\"vmw-keyid-e7286866ba6366b54d95a3bc555d89931e800152.microsoftaik.azure.net\\\" does not exist.\"}\nHTTP/1.1 404 Not Found\nDate: Tue, 01 Mar 2022 19:17:49 GMT\nContent-Length: 121\nContent-Type: application/json; charset=utf-8\nX-Content-Type-Options: nosniff\nStrict-Transport-Security: max-age=31536000;includeSubDomains\nx-ms-request-id: 07abe409-5f87-4a2a-8370-5361e9a5bb9e\n</Data>\n    <Data Name=\"Method\">GET(703ms)</Data>\n    <Data Name=\"Stage\">GetCACaps</Data>\n    <Data Name=\"ErrorCode\">Non trouv\u00e9 (404). 0x80190194 (-2145844844 HTTP_E_STATUS_NOT_FOUND)</Data>\n  </EventData>\n</Event>\n",
  "json": "{\"Event\":{\"#attributes\":{\"xmlns\":\"http://schemas.microsoft.com/win/2004/08/events/event\"},\"System\":{\"Provider\":{\"#attributes\":{\"Name\":\"Microsoft-Windows-CertificateServicesClient-CertEnroll\",\"Guid\":\"{54164045-7C50-4905-963F-E5BC1EEF0CCA}\",\"EventSourceName\":\"CertEnroll\"}},\"EventID\":{\"#attributes\":{\"Qualifiers\":49754},\"#text\":86},\"Version\":0,\"Level\":2,\"Task\":0,\"Opcode\":0,\"Keywords\":\"0x80000000000000\",\"TimeCreated\":{\"#attributes\":{\"SystemTime\":\"2022-03-01T19:17:49.300628Z\"}},\"EventRecordID\":724,\"Correlation\":null,\"Execution\":{\"#attributes\":{\"ProcessID\":2508,\"ThreadID\":0}},\"Channel\":\"Application\",\"Computer\":\"DESKTOP-6D0DBMB\",\"Security\":{\"#attributes\":{\"UserID\":\"S-1-5-18\"}}},\"EventData\":{\"Context\":\"Syst\u00e8me local\",\"Url\":\"https://VMW-KeyId-e7286866ba6366b54d95a3bc555d89931e800152.microsoftaik.azure.net/templates/Aik/scep\",\"MessageText\":\"GetCACaps\\nGetCACaps: Not Found\\n{\\\"Message\\\":\\\"The authority \\\\\\\"vmw-keyid-e7286866ba6366b54d95a3bc555d89931e800152.microsoftaik.azure.net\\\\\\\" does not exist.\\\"}\\nHTTP/1.1 404 Not Found\\nDate: Tue, 01 Mar 2022 19:17:49 GMT\\nContent-Length: 121\\nContent-Type: application/json; charset=utf-8\\nX-Content-Type-Options: nosniff\\nStrict-Transport-Security: max-age=31536000;includeSubDomains\\nx-ms-request-id: 07abe409-5f87-4a2a-8370-5361e9a5bb9e\\n\",\"Method\":\"GET(703ms)\",\"Stage\":\"GetCACaps\",\"ErrorCode\":\"Non trouv\u00e9 (404). 0x80190194 (-2145844844 HTTP_E_STATUS_NOT_FOUND)\"}}}",
  "xml_fields": {
    "provider": "Microsoft-Windows-CertificateServicesClient-CertEnroll",
    "event_id": "86",
    "timestamp": "2022-03-01T19:17:49.300628Z",
    "event_record_id": "724",
    "level": "2",
    "task": "0",
    "opcode": "0",
    "keywords": "0x80000000000000",
    "channel": "Application",
    "computer": "DESKTOP-6D0DBMB",
    "Context": "Syst\u00e8me local",
    "Url": "https://VMW-KeyId-e7286866ba6366b54d95a3bc555d89931e800152.microsoftaik.azure.net/templates/Aik/scep",
    "MessageText": "GetCACaps\nGetCACaps: Not Found\n{\"Message\":\"The authority \\\"vmw-keyid-e7286866ba6366b54d95a3bc555d89931e800152.microsoftaik.azure.net\\\" does not exist.\"}\nHTTP/1.1 404 Not Found\nDate: Tue, 01 Mar 2022 19:17:49 GMT\nContent-Length: 121\nContent-Type: application/json; charset=utf-8\nX-Content-Type-Options: nosniff\nStrict-Transport-Security: max-age=31536000;includeSubDomains\nx-ms-request-id: 07abe409-5f87-4a2a-8370-5361e9a5bb9e\n",
    "Method": "GET(703ms)",
    "Stage": "GetCACaps",
    "ErrorCode": "Non trouv\u00e9 (404). 0x80190194 (-2145844844 HTTP_E_STATUS_NOT_FOUND)"
  },
  "json_fields": {
    "provider": "Microsoft-Windows-CertificateServicesClient-CertEnroll",
    "channel": "Application",
    "event_id": "86",
    "timestamp": "2022-03-01T19:17:49.300628Z",
    "event_record_id": "724",
    "level": "2",
    "task": "0",
    "opcode": "0",
    "keywords": "0x80000000000000",
    "computer": "DESKTOP-6D0DBMB",
    "Context": "Syst\u00e8me local",
    "Url": "https://VMW-KeyId-e7286866ba6366b54d95a3bc555d89931e800152.microsoftaik.azure.net/templates/Aik/scep",
    "MessageText": "GetCACaps\nGetCACaps: Not Found\n{\"Message\":\"The authority \\\"vmw-keyid-e7286866ba6366b54d95a3bc555d89931e800152.microsoftaik.azure.net\\\" does not exist.\"}\nHTTP/1.1 404 Not Found\nDate: Tue, 01 Mar 2022 19:17:49 GMT\nContent-Length: 121\nContent-Type: application/json; charset=utf-8\nX-Content-Type-Options: nosniff\nStrict-Transport-Security: max-age=31536000;includeSubDomains\nx-ms-request-id: 07abe409-5f87-4a2a-8370-5361e9a5bb9e\n",
    "Method": "GET(703ms)",
    "Stage": "GetCACaps",
    "ErrorCode": "Non trouv\u00e9 (404). 0x80190194 (-2145844844 HTTP_E_STATUS_NOT_FOUND)"
  }
}