{
  "event_id": "8761",
  "provider": "Microsoft-Windows-AppXDeployment-Server",
  "channel": "Microsoft-Windows-AppXDeploymentServer/Operational",
  "source_file": "D:\\visual code file\\Project_4\\Event-Analyzer\\test\\Benign\\Logs_Client\\Microsoft-Windows-AppXDeploymentServer%4Operational.evtx",
  "event_record_id": 7374,
  "xml": "<?xml version=\"1.0\" encoding=\"utf-8\"?>\n<Event xmlns=\"http://schemas.microsoft.com/win/2004/08/events/event\">\n  <System>\n    <Provider Name=\"Microsoft-Windows-AppXDeployment-Server\" Guid=\"3F471139-ACB7-4A01-B7A7-FF5DA4BA2D43\">\n    </Provider>\n    <EventID>8761</EventID>\n    <Version>0</Version>\n    <Level>2</Level>\n    <Task>3</Task>\n    <Opcode>0</Opcode>\n    <Keywords>0x4000000000000001</Keywords>\n    <TimeCreated SystemTime=\"2022-02-07T16:33:57.749192Z\">\n    </TimeCreated>\n    <EventRecordID>7374</EventRecordID>\n    <Correlation ActivityID=\"50F926D5-1C1B-0000-DC9B-FA501B1CD801\">\n    </Correlation>\n    <Execution ProcessID=\"3820\" ThreadID=\"2000\">\n    </Execution>\n    <Channel>Microsoft-Windows-AppXDeploymentServer/Operational</Channel>\n    <Computer>DESKTOP-A8CALR3</Computer>\n    <Security UserID=\"S-1-5-18\">\n    </Security>\n  </System>\n  <EventData>\n    <Data Name=\"ErrorCode\">0x8007010b</Data>\n  </EventData>\n</Event>\n",
  "json": "{\"Event\":{\"#attributes\":{\"xmlns\":\"http://schemas.microsoft.com/win/2004/08/events/event\"},\"System\":{\"Provider\":{\"#attributes\":{\"Name\":\"Microsoft-Windows-AppXDeployment-Server\",\"Guid\":\"3F471139-ACB7-4A01-B7A7-FF5DA4BA2D43\"}},\"EventID\":8761,\"Version\":0,\"Level\":2,\"Task\":3,\"Opcode\":0,\"Keywords\":\"0x4000000000000001\",\"TimeCreated\":{\"#attributes\":{\"SystemTime\":\"2022-02-07T16:33:57.749192Z\"}},\"EventRecordID\":7374,\"Correlation\":{\"#attributes\":{\"ActivityID\":\"50F926D5-1C1B-0000-DC9B-FA501B1CD801\"}},\"Execution\":{\"#attributes\":{\"ProcessID\":3820,\"ThreadID\":2000}},\"Channel\":\"Microsoft-Windows-AppXDeploymentServer/Operational\",\"Computer\":\"DESKTOP-A8CALR3\",\"Security\":{\"#attributes\":{\"UserID\":\"S-1-5-18\"}}},\"EventData\":{\"ErrorCode\":\"0x8007010b\"}}}",
  "xml_fields": {
    "provider": "Microsoft-Windows-AppXDeployment-Server",
    "event_id": "8761",
    "timestamp": "2022-02-07T16:33:57.749192Z",
    "event_record_id": "7374",
    "level": "2",
    "task": "3",
    "opcode": "0",
    "keywords": "0x4000000000000001",
    "channel": "Microsoft-Windows-AppXDeploymentServer/Operational",
    "computer": "DESKTOP-A8CALR3",
    "ErrorCode": "0x8007010b"
  },
  "json_fields": {
    "provider": "Microsoft-Windows-AppXDeployment-Server",
    "channel": "Microsoft-Windows-AppXDeploymentServer/Operational",
    "event_id": "8761",
    "timestamp": "2022-02-07T16:33:57.749192Z",
    "event_record_id": "7374",
    "level": "2",
    "task": "3",
    "opcode": "0",
    "keywords": "0x4000000000000001",
    "computer": "DESKTOP-A8CALR3",
    "ErrorCode": "0x8007010b"
  }
}