{
  "event_id": "8",
  "provider": "Microsoft-Windows-Sysmon",
  "channel": "Microsoft-Windows-Sysmon/Operational",
  "source_file": "D:\\visual code file\\Project_4\\Event-Analyzer\\test\\Malicious\\EVTX-ATTACK-SAMPLES\\Credential Access\\CA_keefarce_keepass_credump.evtx",
  "event_record_id": 4,
  "xml": "<?xml version=\"1.0\" encoding=\"utf-8\"?>\n<Event xmlns=\"http://schemas.microsoft.com/win/2004/08/events/event\">\n  <System>\n    <Provider Name=\"Microsoft-Windows-Sysmon\" Guid=\"5770385F-C22A-43E0-BF4C-06F5698FFBD9\">\n    </Provider>\n    <EventID>8</EventID>\n    <Version>2</Version>\n    <Level>4</Level>\n    <Task>8</Task>\n    <Opcode>0</Opcode>\n    <Keywords>0x8000000000000000</Keywords>\n    <TimeCreated SystemTime=\"2019-04-27T18:47:00.062474Z\">\n    </TimeCreated>\n    <EventRecordID>7023</EventRecordID>\n    <Correlation>\n    </Correlation>\n    <Execution ProcessID=\"1816\" ThreadID=\"1228\">\n    </Execution>\n    <Channel>Microsoft-Windows-Sysmon/Operational</Channel>\n    <Computer>IEWIN7</Computer>\n    <Security UserID=\"S-1-5-18\">\n    </Security>\n  </System>\n  <EventData>\n    <Data Name=\"RuleName\"></Data>\n    <Data Name=\"UtcTime\">2019-04-27 18:47:00.062</Data>\n    <Data Name=\"SourceProcessGuid\">365ABB72-A3A4-5CC4-0000-001084960C00</Data>\n    <Data Name=\"SourceProcessId\">1288</Data>\n    <Data Name=\"SourceImage\">C:\\Users\\Public\\KeeFarce.exe</Data>\n    <Data Name=\"TargetProcessGuid\">365ABB72-A201-5CC4-0000-00104F500800</Data>\n    <Data Name=\"TargetProcessId\">2364</Data>\n    <Data Name=\"TargetImage\">C:\\Program Files\\KeePass Password Safe 2\\KeePass.exe</Data>\n    <Data Name=\"NewThreadId\">1920</Data>\n    <Data Name=\"StartAddress\">0x5A801260</Data>\n    <Data Name=\"StartModule\">C:\\Users\\Public\\BootstrapDLL.dll</Data>\n    <Data Name=\"StartFunction\">LoadManagedProject</Data>\n  </EventData>\n</Event>\n",
  "json": "{\"Event\":{\"#attributes\":{\"xmlns\":\"http://schemas.microsoft.com/win/2004/08/events/event\"},\"System\":{\"Provider\":{\"#attributes\":{\"Name\":\"Microsoft-Windows-Sysmon\",\"Guid\":\"5770385F-C22A-43E0-BF4C-06F5698FFBD9\"}},\"EventID\":8,\"Version\":2,\"Level\":4,\"Task\":8,\"Opcode\":0,\"Keywords\":\"0x8000000000000000\",\"TimeCreated\":{\"#attributes\":{\"SystemTime\":\"2019-04-27T18:47:00.062474Z\"}},\"EventRecordID\":7023,\"Correlation\":null,\"Execution\":{\"#attributes\":{\"ProcessID\":1816,\"ThreadID\":1228}},\"Channel\":\"Microsoft-Windows-Sysmon/Operational\",\"Computer\":\"IEWIN7\",\"Security\":{\"#attributes\":{\"UserID\":\"S-1-5-18\"}}},\"EventData\":{\"RuleName\":\"\",\"UtcTime\":\"2019-04-27 18:47:00.062\",\"SourceProcessGuid\":\"365ABB72-A3A4-5CC4-0000-001084960C00\",\"SourceProcessId\":1288,\"SourceImage\":\"C:\\\\Users\\\\Public\\\\KeeFarce.exe\",\"TargetProcessGuid\":\"365ABB72-A201-5CC4-0000-00104F500800\",\"TargetProcessId\":2364,\"TargetImage\":\"C:\\\\Program Files\\\\KeePass Password Safe 2\\\\KeePass.exe\",\"NewThreadId\":1920,\"StartAddress\":\"0x5A801260\",\"StartModule\":\"C:\\\\Users\\\\Public\\\\BootstrapDLL.dll\",\"StartFunction\":\"LoadManagedProject\"}}}",
  "xml_fields": {
    "provider": "Microsoft-Windows-Sysmon",
    "event_id": "8",
    "timestamp": "2019-04-27T18:47:00.062474Z",
    "event_record_id": "7023",
    "level": "4",
    "task": "8",
    "opcode": "0",
    "keywords": "0x8000000000000000",
    "channel": "Microsoft-Windows-Sysmon/Operational",
    "computer": "IEWIN7",
    "RuleName": "",
    "UtcTime": "2019-04-27 18:47:00.062",
    "SourceProcessGuid": "365ABB72-A3A4-5CC4-0000-001084960C00",
    "SourceProcessId": "1288",
    "SourceImage": "C:\\Users\\Public\\KeeFarce.exe",
    "TargetProcessGuid": "365ABB72-A201-5CC4-0000-00104F500800",
    "TargetProcessId": "2364",
    "TargetImage": "C:\\Program Files\\KeePass Password Safe 2\\KeePass.exe",
    "NewThreadId": "1920",
    "StartAddress": "0x5A801260",
    "StartModule": "C:\\Users\\Public\\BootstrapDLL.dll",
    "StartFunction": "LoadManagedProject"
  },
  "json_fields": {
    "provider": "Microsoft-Windows-Sysmon",
    "channel": "Microsoft-Windows-Sysmon/Operational",
    "event_id": "8",
    "timestamp": "2019-04-27T18:47:00.062474Z",
    "event_record_id": "7023",
    "level": "4",
    "task": "8",
    "opcode": "0",
    "keywords": "0x8000000000000000",
    "computer": "IEWIN7",
    "RuleName": "",
    "UtcTime": "2019-04-27 18:47:00.062",
    "SourceProcessGuid": "365ABB72-A3A4-5CC4-0000-001084960C00",
    "SourceProcessId": "1288",
    "SourceImage": "C:\\Users\\Public\\KeeFarce.exe",
    "TargetProcessGuid": "365ABB72-A201-5CC4-0000-00104F500800",
    "TargetProcessId": "2364",
    "TargetImage": "C:\\Program Files\\KeePass Password Safe 2\\KeePass.exe",
    "NewThreadId": "1920",
    "StartAddress": "0x5A801260",
    "StartModule": "C:\\Users\\Public\\BootstrapDLL.dll",
    "StartFunction": "LoadManagedProject"
  }
}