{
  "event_id": "8",
  "provider": "Microsoft-Windows-Servicing",
  "channel": "Setup",
  "source_file": "D:\\visual code file\\Project_4\\Event-Analyzer\\test\\Logs\\Setup.evtx",
  "event_record_id": 10,
  "xml": "<?xml version=\"1.0\" encoding=\"utf-8\"?>\n<Event xmlns=\"http://schemas.microsoft.com/win/2004/08/events/event\">\n  <System>\n    <Provider Name=\"Microsoft-Windows-Servicing\" Guid=\"BD12F3B8-FC40-4A61-A307-B7A013A069C1\">\n    </Provider>\n    <EventID>8</EventID>\n    <Version>0</Version>\n    <Level>0</Level>\n    <Task>1</Task>\n    <Opcode>0</Opcode>\n    <Keywords>0x8000000000000000</Keywords>\n    <TimeCreated SystemTime=\"2025-01-24T10:06:11.082656Z\">\n    </TimeCreated>\n    <EventRecordID>10</EventRecordID>\n    <Correlation>\n    </Correlation>\n    <Execution ProcessID=\"3788\" ThreadID=\"4404\">\n    </Execution>\n    <Channel>Setup</Channel>\n    <Computer>CTO-FILESVR</Computer>\n    <Security UserID=\"S-1-5-18\">\n    </Security>\n  </System>\n  <UserData>\n    <CbsUpdateChangeState xmlns=\"http://manifests.microsoft.com/win/2004/08/windows/setup_provider\">\n      <UpdateName>Windows-Defender-Default-Definitions</UpdateName>\n      <PackageIdentifier>Windows-Defender-Client</PackageIdentifier>\n      <ErrorCode></ErrorCode>\n      <Client>DISM Package Manager Provider</Client>\n    </CbsUpdateChangeState>\n  </UserData>\n</Event>\n",
  "json": "{\"Event\":{\"#attributes\":{\"xmlns\":\"http://schemas.microsoft.com/win/2004/08/events/event\"},\"System\":{\"Provider\":{\"#attributes\":{\"Name\":\"Microsoft-Windows-Servicing\",\"Guid\":\"BD12F3B8-FC40-4A61-A307-B7A013A069C1\"}},\"EventID\":8,\"Version\":0,\"Level\":0,\"Task\":1,\"Opcode\":0,\"Keywords\":\"0x8000000000000000\",\"TimeCreated\":{\"#attributes\":{\"SystemTime\":\"2025-01-24T10:06:11.082656Z\"}},\"EventRecordID\":10,\"Correlation\":null,\"Execution\":{\"#attributes\":{\"ProcessID\":3788,\"ThreadID\":4404}},\"Channel\":\"Setup\",\"Computer\":\"CTO-FILESVR\",\"Security\":{\"#attributes\":{\"UserID\":\"S-1-5-18\"}}},\"UserData\":{\"CbsUpdateChangeState\":{\"#attributes\":{\"xmlns\":\"http://manifests.microsoft.com/win/2004/08/windows/setup_provider\"},\"UpdateName\":\"Windows-Defender-Default-Definitions\",\"PackageIdentifier\":\"Windows-Defender-Client\",\"ErrorCode\":null,\"Client\":\"DISM Package Manager Provider\"}}}}",
  "xml_fields": {
    "provider": "Microsoft-Windows-Servicing",
    "event_id": "8",
    "timestamp": "2025-01-24T10:06:11.082656Z",
    "event_record_id": "10",
    "level": "0",
    "task": "1",
    "opcode": "0",
    "keywords": "0x8000000000000000",
    "channel": "Setup",
    "computer": "CTO-FILESVR",
    "UpdateName": "Windows-Defender-Default-Definitions",
    "PackageIdentifier": "Windows-Defender-Client",
    "Client": "DISM Package Manager Provider"
  },
  "json_fields": {
    "provider": "Microsoft-Windows-Servicing",
    "channel": "Setup",
    "event_id": "8",
    "timestamp": "2025-01-24T10:06:11.082656Z",
    "event_record_id": "10",
    "level": "0",
    "task": "1",
    "opcode": "0",
    "keywords": "0x8000000000000000",
    "computer": "CTO-FILESVR",
    "UpdateName": "Windows-Defender-Default-Definitions",
    "PackageIdentifier": "Windows-Defender-Client",
    "Client": "DISM Package Manager Provider"
  }
}