{
  "event_id": "8",
  "provider": "Microsoft-Windows-StorageManagement",
  "channel": "Microsoft-Windows-StorageManagement/Operational",
  "source_file": "D:\\visual code file\\Project_4\\Event-Analyzer\\test\\Benign\\Logs_Win11\\Microsoft-Windows-StorageManagement%4Operational.evtx",
  "event_record_id": 1,
  "xml": "<?xml version=\"1.0\" encoding=\"utf-8\"?>\n<Event xmlns=\"http://schemas.microsoft.com/win/2004/08/events/event\">\n  <System>\n    <Provider Name=\"Microsoft-Windows-StorageManagement\" Guid=\"7E58E69A-E361-4F06-B880-AD2F4B64C944\">\n    </Provider>\n    <EventID>8</EventID>\n    <Version>1</Version>\n    <Level>4</Level>\n    <Task>0</Task>\n    <Opcode>0</Opcode>\n    <Keywords>0x8000000000000000</Keywords>\n    <TimeCreated SystemTime=\"2022-03-02T18:08:50.678418Z\">\n    </TimeCreated>\n    <EventRecordID>1</EventRecordID>\n    <Correlation>\n    </Correlation>\n    <Execution ProcessID=\"9648\" ThreadID=\"9960\">\n    </Execution>\n    <Channel>Microsoft-Windows-StorageManagement/Operational</Channel>\n    <Computer>DESKTOP-6D0DBMB</Computer>\n    <Security UserID=\"S-1-5-20\">\n    </Security>\n  </System>\n  <EventData>\n    <Data Name=\"LoadTime_msecs\">0</Data>\n  </EventData>\n</Event>\n",
  "json": "{\"Event\":{\"#attributes\":{\"xmlns\":\"http://schemas.microsoft.com/win/2004/08/events/event\"},\"System\":{\"Provider\":{\"#attributes\":{\"Name\":\"Microsoft-Windows-StorageManagement\",\"Guid\":\"7E58E69A-E361-4F06-B880-AD2F4B64C944\"}},\"EventID\":8,\"Version\":1,\"Level\":4,\"Task\":0,\"Opcode\":0,\"Keywords\":\"0x8000000000000000\",\"TimeCreated\":{\"#attributes\":{\"SystemTime\":\"2022-03-02T18:08:50.678418Z\"}},\"EventRecordID\":1,\"Correlation\":null,\"Execution\":{\"#attributes\":{\"ProcessID\":9648,\"ThreadID\":9960}},\"Channel\":\"Microsoft-Windows-StorageManagement/Operational\",\"Computer\":\"DESKTOP-6D0DBMB\",\"Security\":{\"#attributes\":{\"UserID\":\"S-1-5-20\"}}},\"EventData\":{\"LoadTime_msecs\":0}}}",
  "xml_fields": {
    "provider": "Microsoft-Windows-StorageManagement",
    "event_id": "8",
    "timestamp": "2022-03-02T18:08:50.678418Z",
    "event_record_id": "1",
    "level": "4",
    "task": "0",
    "opcode": "0",
    "keywords": "0x8000000000000000",
    "channel": "Microsoft-Windows-StorageManagement/Operational",
    "computer": "DESKTOP-6D0DBMB",
    "LoadTime_msecs": "0"
  },
  "json_fields": {
    "provider": "Microsoft-Windows-StorageManagement",
    "channel": "Microsoft-Windows-StorageManagement/Operational",
    "event_id": "8",
    "timestamp": "2022-03-02T18:08:50.678418Z",
    "event_record_id": "1",
    "level": "4",
    "task": "0",
    "opcode": "0",
    "keywords": "0x8000000000000000",
    "computer": "DESKTOP-6D0DBMB",
    "LoadTime_msecs": "0"
  }
}