{
  "event_id": "9521",
  "provider": "Microsoft-Windows-AppXDeployment-Server",
  "channel": "Microsoft-Windows-AppXDeploymentServer/Operational",
  "source_file": "D:\\visual code file\\Project_4\\Event-Analyzer\\test\\Benign\\Logs_Win11_2023\\Microsoft-Windows-AppXDeploymentServer%4Operational.evtx",
  "event_record_id": 8495,
  "xml": "<?xml version=\"1.0\" encoding=\"utf-8\"?>\n<Event xmlns=\"http://schemas.microsoft.com/win/2004/08/events/event\">\n  <System>\n    <Provider Name=\"Microsoft-Windows-AppXDeployment-Server\" Guid=\"3F471139-ACB7-4A01-B7A7-FF5DA4BA2D43\">\n    </Provider>\n    <EventID>9521</EventID>\n    <Version>0</Version>\n    <Level>3</Level>\n    <Task>0</Task>\n    <Opcode>0</Opcode>\n    <Keywords>0x4000080000000000</Keywords>\n    <TimeCreated SystemTime=\"2023-11-05T22:33:32.152464Z\">\n    </TimeCreated>\n    <EventRecordID>8495</EventRecordID>\n    <Correlation ActivityID=\"E4DB489E-1037-0000-617A-DBE43710DA01\">\n    </Correlation>\n    <Execution ProcessID=\"4660\" ThreadID=\"5424\">\n    </Execution>\n    <Channel>Microsoft-Windows-AppXDeploymentServer/Operational</Channel>\n    <Computer>WinDev2310Eval</Computer>\n    <Security UserID=\"S-1-5-21-1992711665-1655669231-58201500-1000\">\n    </Security>\n  </System>\n  <EventData>\n    <Data Name=\"SearchString\">C:\\Program Files\\WindowsApps\\MicrosoftCorporationII.QuickAssist_2.0.5.0_x64__8wekyb3d8bbwe\\*.sccd</Data>\n    <Data Name=\"HresultCode\">0x80004005</Data>\n    <Data Name=\"ErrorCode\">0x2</Data>\n    <Data Name=\"Index\">0</Data>\n  </EventData>\n</Event>\n",
  "json": "{\"Event\":{\"#attributes\":{\"xmlns\":\"http://schemas.microsoft.com/win/2004/08/events/event\"},\"System\":{\"Provider\":{\"#attributes\":{\"Name\":\"Microsoft-Windows-AppXDeployment-Server\",\"Guid\":\"3F471139-ACB7-4A01-B7A7-FF5DA4BA2D43\"}},\"EventID\":9521,\"Version\":0,\"Level\":3,\"Task\":0,\"Opcode\":0,\"Keywords\":\"0x4000080000000000\",\"TimeCreated\":{\"#attributes\":{\"SystemTime\":\"2023-11-05T22:33:32.152464Z\"}},\"EventRecordID\":8495,\"Correlation\":{\"#attributes\":{\"ActivityID\":\"E4DB489E-1037-0000-617A-DBE43710DA01\"}},\"Execution\":{\"#attributes\":{\"ProcessID\":4660,\"ThreadID\":5424}},\"Channel\":\"Microsoft-Windows-AppXDeploymentServer/Operational\",\"Computer\":\"WinDev2310Eval\",\"Security\":{\"#attributes\":{\"UserID\":\"S-1-5-21-1992711665-1655669231-58201500-1000\"}}},\"EventData\":{\"SearchString\":\"C:\\\\Program Files\\\\WindowsApps\\\\MicrosoftCorporationII.QuickAssist_2.0.5.0_x64__8wekyb3d8bbwe\\\\*.sccd\",\"HresultCode\":\"0x80004005\",\"ErrorCode\":\"0x2\",\"Index\":0}}}",
  "xml_fields": {
    "provider": "Microsoft-Windows-AppXDeployment-Server",
    "event_id": "9521",
    "timestamp": "2023-11-05T22:33:32.152464Z",
    "event_record_id": "8495",
    "level": "3",
    "task": "0",
    "opcode": "0",
    "keywords": "0x4000080000000000",
    "channel": "Microsoft-Windows-AppXDeploymentServer/Operational",
    "computer": "WinDev2310Eval",
    "SearchString": "C:\\Program Files\\WindowsApps\\MicrosoftCorporationII.QuickAssist_2.0.5.0_x64__8wekyb3d8bbwe\\*.sccd",
    "HresultCode": "0x80004005",
    "ErrorCode": "0x2",
    "Index": "0"
  },
  "json_fields": {
    "provider": "Microsoft-Windows-AppXDeployment-Server",
    "channel": "Microsoft-Windows-AppXDeploymentServer/Operational",
    "event_id": "9521",
    "timestamp": "2023-11-05T22:33:32.152464Z",
    "event_record_id": "8495",
    "level": "3",
    "task": "0",
    "opcode": "0",
    "keywords": "0x4000080000000000",
    "computer": "WinDev2310Eval",
    "SearchString": "C:\\Program Files\\WindowsApps\\MicrosoftCorporationII.QuickAssist_2.0.5.0_x64__8wekyb3d8bbwe\\*.sccd",
    "HresultCode": "0x80004005",
    "ErrorCode": "0x2",
    "Index": "0"
  }
}