{
  "event_id": "9708",
  "provider": "Microsoft-Windows-Shell-Core",
  "channel": "Microsoft-Windows-Shell-Core/Operational",
  "source_file": "D:\\visual code file\\Project_4\\Event-Analyzer\\test\\Logs\\Microsoft-Windows-Shell-Core%4Operational.evtx",
  "event_record_id": 2020,
  "xml": "<?xml version=\"1.0\" encoding=\"utf-8\"?>\n<Event xmlns=\"http://schemas.microsoft.com/win/2004/08/events/event\">\n  <System>\n    <Provider Name=\"Microsoft-Windows-Shell-Core\" Guid=\"30336ED4-E327-447C-9DE0-51B652C86108\">\n    </Provider>\n    <EventID>9708</EventID>\n    <Version>0</Version>\n    <Level>4</Level>\n    <Task>9707</Task>\n    <Opcode>2</Opcode>\n    <Keywords>0x2000000004010000</Keywords>\n    <TimeCreated SystemTime=\"2025-01-24T10:06:38.418147Z\">\n    </TimeCreated>\n    <EventRecordID>2020</EventRecordID>\n    <Correlation>\n    </Correlation>\n    <Execution ProcessID=\"4824\" ThreadID=\"7876\">\n    </Execution>\n    <Channel>Microsoft-Windows-Shell-Core/Operational</Channel>\n    <Computer>CTO-FILESVR</Computer>\n    <Security UserID=\"S-1-5-21-3088055692-629932344-1786574096-1002\">\n    </Security>\n  </System>\n  <EventData>\n    <Data Name=\"PID\">11316</Data>\n    <Data Name=\"Command\">OneDrive.exe\" /background</Data>\n  </EventData>\n</Event>\n",
  "json": "{\"Event\":{\"#attributes\":{\"xmlns\":\"http://schemas.microsoft.com/win/2004/08/events/event\"},\"System\":{\"Provider\":{\"#attributes\":{\"Name\":\"Microsoft-Windows-Shell-Core\",\"Guid\":\"30336ED4-E327-447C-9DE0-51B652C86108\"}},\"EventID\":9708,\"Version\":0,\"Level\":4,\"Task\":9707,\"Opcode\":2,\"Keywords\":\"0x2000000004010000\",\"TimeCreated\":{\"#attributes\":{\"SystemTime\":\"2025-01-24T10:06:38.418147Z\"}},\"EventRecordID\":2020,\"Correlation\":null,\"Execution\":{\"#attributes\":{\"ProcessID\":4824,\"ThreadID\":7876}},\"Channel\":\"Microsoft-Windows-Shell-Core/Operational\",\"Computer\":\"CTO-FILESVR\",\"Security\":{\"#attributes\":{\"UserID\":\"S-1-5-21-3088055692-629932344-1786574096-1002\"}}},\"EventData\":{\"PID\":11316,\"Command\":\"OneDrive.exe\\\" /background\"}}}",
  "xml_fields": {
    "provider": "Microsoft-Windows-Shell-Core",
    "event_id": "9708",
    "timestamp": "2025-01-24T10:06:38.418147Z",
    "event_record_id": "2020",
    "level": "4",
    "task": "9707",
    "opcode": "2",
    "keywords": "0x2000000004010000",
    "channel": "Microsoft-Windows-Shell-Core/Operational",
    "computer": "CTO-FILESVR",
    "PID": "11316",
    "Command": "OneDrive.exe\" /background"
  },
  "json_fields": {
    "provider": "Microsoft-Windows-Shell-Core",
    "channel": "Microsoft-Windows-Shell-Core/Operational",
    "event_id": "9708",
    "timestamp": "2025-01-24T10:06:38.418147Z",
    "event_record_id": "2020",
    "level": "4",
    "task": "9707",
    "opcode": "2",
    "keywords": "0x2000000004010000",
    "computer": "CTO-FILESVR",
    "PID": "11316",
    "Command": "OneDrive.exe\" /background"
  }
}