{
  "event_id": "97",
  "provider": "Microsoft-Windows-RemoteDesktopServices-RdpCoreTS",
  "channel": "Microsoft-Windows-RemoteDesktopServices-RdpCoreTS/Operational",
  "source_file": "D:\\visual code file\\Project_4\\Event-Analyzer\\test\\Benign\\win2022-0-20348-azure\\Microsoft-Windows-RemoteDesktopServices-RdpCoreTS%4Operational.evtx",
  "event_record_id": 172,
  "xml": "<?xml version=\"1.0\" encoding=\"utf-8\"?>\n<Event xmlns=\"http://schemas.microsoft.com/win/2004/08/events/event\">\n  <System>\n    <Provider Name=\"Microsoft-Windows-RemoteDesktopServices-RdpCoreTS\" Guid=\"1139C61B-B549-4251-8ED3-27250A1EDEC8\">\n    </Provider>\n    <EventID>97</EventID>\n    <Version>0</Version>\n    <Level>3</Level>\n    <Task>4</Task>\n    <Opcode>14</Opcode>\n    <Keywords>0x4000000000000000</Keywords>\n    <TimeCreated SystemTime=\"2022-09-18T09:17:07.279670Z\">\n    </TimeCreated>\n    <EventRecordID>172</EventRecordID>\n    <Correlation ActivityID=\"F42040D6-2D13-45C3-BAB2-E30B809A0000\">\n    </Correlation>\n    <Execution ProcessID=\"2364\" ThreadID=\"2752\">\n    </Execution>\n    <Channel>Microsoft-Windows-RemoteDesktopServices-RdpCoreTS/Operational</Channel>\n    <Computer>Agamemnon</Computer>\n    <Security UserID=\"S-1-5-20\">\n    </Security>\n  </System>\n  <EventData>\n    <Data Name=\"ComponentName\">WD</Data>\n    <Data Name=\"ErrorCode\">303</Data>\n  </EventData>\n</Event>\n",
  "json": "{\"Event\":{\"#attributes\":{\"xmlns\":\"http://schemas.microsoft.com/win/2004/08/events/event\"},\"System\":{\"Provider\":{\"#attributes\":{\"Name\":\"Microsoft-Windows-RemoteDesktopServices-RdpCoreTS\",\"Guid\":\"1139C61B-B549-4251-8ED3-27250A1EDEC8\"}},\"EventID\":97,\"Version\":0,\"Level\":3,\"Task\":4,\"Opcode\":14,\"Keywords\":\"0x4000000000000000\",\"TimeCreated\":{\"#attributes\":{\"SystemTime\":\"2022-09-18T09:17:07.279670Z\"}},\"EventRecordID\":172,\"Correlation\":{\"#attributes\":{\"ActivityID\":\"F42040D6-2D13-45C3-BAB2-E30B809A0000\"}},\"Execution\":{\"#attributes\":{\"ProcessID\":2364,\"ThreadID\":2752}},\"Channel\":\"Microsoft-Windows-RemoteDesktopServices-RdpCoreTS/Operational\",\"Computer\":\"Agamemnon\",\"Security\":{\"#attributes\":{\"UserID\":\"S-1-5-20\"}}},\"EventData\":{\"ComponentName\":\"WD\",\"ErrorCode\":303}}}",
  "xml_fields": {
    "provider": "Microsoft-Windows-RemoteDesktopServices-RdpCoreTS",
    "event_id": "97",
    "timestamp": "2022-09-18T09:17:07.279670Z",
    "event_record_id": "172",
    "level": "3",
    "task": "4",
    "opcode": "14",
    "keywords": "0x4000000000000000",
    "channel": "Microsoft-Windows-RemoteDesktopServices-RdpCoreTS/Operational",
    "computer": "Agamemnon",
    "ComponentName": "WD",
    "ErrorCode": "303"
  },
  "json_fields": {
    "provider": "Microsoft-Windows-RemoteDesktopServices-RdpCoreTS",
    "channel": "Microsoft-Windows-RemoteDesktopServices-RdpCoreTS/Operational",
    "event_id": "97",
    "timestamp": "2022-09-18T09:17:07.279670Z",
    "event_record_id": "172",
    "level": "3",
    "task": "4",
    "opcode": "14",
    "keywords": "0x4000000000000000",
    "computer": "Agamemnon",
    "ComponentName": "WD",
    "ErrorCode": "303"
  }
}