{
  "event_id": "98",
  "provider": "Microsoft-Windows-Ntfs",
  "channel": "System",
  "source_file": "D:\\visual code file\\Project_4\\Event-Analyzer\\test\\Logs\\System.evtx",
  "event_record_id": 1113,
  "xml": "<?xml version=\"1.0\" encoding=\"utf-8\"?>\n<Event xmlns=\"http://schemas.microsoft.com/win/2004/08/events/event\">\n  <System>\n    <Provider Name=\"Microsoft-Windows-Ntfs\" Guid=\"3FF37A1C-A68D-4D6E-8C9B-F79E8B16C482\">\n    </Provider>\n    <EventID>98</EventID>\n    <Version>0</Version>\n    <Level>4</Level>\n    <Task>0</Task>\n    <Opcode>0</Opcode>\n    <Keywords>0x8000000000000002</Keywords>\n    <TimeCreated SystemTime=\"2025-01-24T10:50:03.040392Z\">\n    </TimeCreated>\n    <EventRecordID>1113</EventRecordID>\n    <Correlation>\n    </Correlation>\n    <Execution ProcessID=\"4\" ThreadID=\"292\">\n    </Execution>\n    <Channel>System</Channel>\n    <Computer>CTO-FILESVR</Computer>\n    <Security UserID=\"S-1-5-18\">\n    </Security>\n  </System>\n  <EventData>\n    <Data Name=\"DriveName\">C:</Data>\n    <Data Name=\"DeviceName\">\\Device\\HarddiskVolume3</Data>\n    <Data Name=\"CorruptionActionState\">0</Data>\n  </EventData>\n</Event>\n",
  "json": "{\"Event\":{\"#attributes\":{\"xmlns\":\"http://schemas.microsoft.com/win/2004/08/events/event\"},\"System\":{\"Provider\":{\"#attributes\":{\"Name\":\"Microsoft-Windows-Ntfs\",\"Guid\":\"3FF37A1C-A68D-4D6E-8C9B-F79E8B16C482\"}},\"EventID\":98,\"Version\":0,\"Level\":4,\"Task\":0,\"Opcode\":0,\"Keywords\":\"0x8000000000000002\",\"TimeCreated\":{\"#attributes\":{\"SystemTime\":\"2025-01-24T10:50:03.040392Z\"}},\"EventRecordID\":1113,\"Correlation\":null,\"Execution\":{\"#attributes\":{\"ProcessID\":4,\"ThreadID\":292}},\"Channel\":\"System\",\"Computer\":\"CTO-FILESVR\",\"Security\":{\"#attributes\":{\"UserID\":\"S-1-5-18\"}}},\"EventData\":{\"DriveName\":\"C:\",\"DeviceName\":\"\\\\Device\\\\HarddiskVolume3\",\"CorruptionActionState\":0}}}",
  "xml_fields": {
    "provider": "Microsoft-Windows-Ntfs",
    "event_id": "98",
    "timestamp": "2025-01-24T10:50:03.040392Z",
    "event_record_id": "1113",
    "level": "4",
    "task": "0",
    "opcode": "0",
    "keywords": "0x8000000000000002",
    "channel": "System",
    "computer": "CTO-FILESVR",
    "DriveName": "C:",
    "DeviceName": "\\Device\\HarddiskVolume3",
    "CorruptionActionState": "0"
  },
  "json_fields": {
    "provider": "Microsoft-Windows-Ntfs",
    "channel": "System",
    "event_id": "98",
    "timestamp": "2025-01-24T10:50:03.040392Z",
    "event_record_id": "1113",
    "level": "4",
    "task": "0",
    "opcode": "0",
    "keywords": "0x8000000000000002",
    "computer": "CTO-FILESVR",
    "DriveName": "C:",
    "DeviceName": "\\Device\\HarddiskVolume3",
    "CorruptionActionState": "0"
  }
}