{
  "event_id": "99",
  "provider": "AuroraAgent",
  "channel": "Application",
  "source_file": "D:\\visual code file\\Project_4\\Event-Analyzer\\test\\Benign\\win2022-0-20348-azure\\Application.evtx",
  "event_record_id": 692,
  "xml": "<?xml version=\"1.0\" encoding=\"utf-8\"?>\n<Event xmlns=\"http://schemas.microsoft.com/win/2004/08/events/event\">\n  <System>\n    <Provider Name=\"AuroraAgent\">\n    </Provider>\n    <EventID Qualifiers=\"0\">99</EventID>\n    <Version>0</Version>\n    <Level>4</Level>\n    <Task>0</Task>\n    <Opcode>0</Opcode>\n    <Keywords>0x80000000000000</Keywords>\n    <TimeCreated SystemTime=\"2022-09-18T10:49:48.859714Z\">\n    </TimeCreated>\n    <EventRecordID>692</EventRecordID>\n    <Correlation>\n    </Correlation>\n    <Execution ProcessID=\"0\" ThreadID=\"0\">\n    </Execution>\n    <Channel>Application</Channel>\n    <Computer>Agamemnon</Computer>\n    <Security>\n    </Security>\n  </System>\n  <EventData>\n    <Data>Sigma rule match found: Alternate PowerShell Hosts (see Details tab for more information)</Data>\n    <Data>Module: Sigma</Data>\n    <Data>Rule_Title: Alternate PowerShell Hosts</Data>\n    <Data>Rule_Author: Roberto Rodriguez @Cyb3rWard0g</Data>\n    <Data>Rule_Description: Detects alternate PowerShell hosts potentially bypassing detections looking for powershell.exe</Data>\n    <Data>Rule_FalsePositives: Programs using PowerShell directly without invocation of a dedicated interpreter, MSP Detection Searcher, Citrix ConfigSync.ps1</Data>\n    <Data>Rule_Id: 64e8e417-c19a-475a-8d19-98ea705394cc</Data>\n    <Data>Rule_Level: medium</Data>\n    <Data>Rule_Link: https://github.com/SigmaHQ/sigma/blob/0.22-120-geb87ed8f4/rules/windows/powershell/powershell_module/posh_pm_alternate_powershell_hosts.yml</Data>\n    <Data>Rule_Modified: 2022/04/21</Data>\n    <Data>Rule_Path: public\\windows\\powershell\\powershell_module\\posh_pm_alternate_powershell_hosts.yml</Data>\n    <Data>Rule_References: https://threathunterplaybook.com/hunts/windows/190610-PwshAlternateHosts/notebook.html</Data>\n    <Data>Rule_Sigtype: public</Data>\n    <Data>Computer: Agamemnon</Data>\n    <Data>ContextInfo:         Severity = Informational\r\n        Host Name = Windows PowerShell ISE Host\r\n        Host Version = 5.1.20348.859\r\n        Host ID = 9053798f-2b6b-43d5-aba3-5c9ccbdc7289\r\n        Host Application = C:\\Windows\\system32\\WindowsPowerShell\\v1.0\\PowerShell_ISE.exe\r\n        Engine Version = 5.1.20348.859\r\n        Runspace ID = db1249bd-22f8-4876-b58c-ebd8d0aebd18\r\n        Pipeline ID = 51\r\n        Command Name = Update-Help\r\n        Command Type = Cmdlet\r\n        Script Name = \r\n        Command Path = \r\n        Sequence Number = 174\r\n        User = Agamemnon\\neo\r\n        Connected User = \r\n        Shell ID = Microsoft.PowerShell\r\n</Data>\n    <Data>Correlation_ActivityID: {7A1A5327-347A-0000-374E-6B2144CBD801}</Data>\n    <Data>EventID: 4103</Data>\n    <Data>Execution_ProcessID: 1400</Data>\n    <Data>Execution_ThreadID: 8712</Data>\n    <Data>Keywords: 0x0</Data>\n    <Data>Level: 4</Data>\n    <Data>Match_Strings: '' in ContextInfo</Data>\n    <Data>Opcode: 20</Data>\n    <Data>Payload: Update-Help has completed successfully.\r\n</Data>\n    <Data>Provider_Guid: {A0C1853B-5C40-4B15-8766-3CF1C58F985A}</Data>\n    <Data>Provider_Name: Microsoft-Windows-PowerShell</Data>\n    <Data>Security_UserID: S-1-5-21-3574161147-2844031704-266979156-500</Data>\n    <Data>Task: 106</Data>\n    <Data>TimeCreated_SystemTime: 2022-09-18T10:49:48.3167756Z</Data>\n    <Data>UserData: </Data>\n    <Data>Version: 1</Data>\n    <Data>Winversion: 20348</Data>\n    <Binary></Binary>\n  </EventData>\n</Event>\n",
  "json": "{\"Event\":{\"#attributes\":{\"xmlns\":\"http://schemas.microsoft.com/win/2004/08/events/event\"},\"System\":{\"Provider\":{\"#attributes\":{\"Name\":\"AuroraAgent\"}},\"EventID\":{\"#attributes\":{\"Qualifiers\":0},\"#text\":99},\"Version\":0,\"Level\":4,\"Task\":0,\"Opcode\":0,\"Keywords\":\"0x80000000000000\",\"TimeCreated\":{\"#attributes\":{\"SystemTime\":\"2022-09-18T10:49:48.859714Z\"}},\"EventRecordID\":692,\"Correlation\":null,\"Execution\":{\"#attributes\":{\"ProcessID\":0,\"ThreadID\":0}},\"Channel\":\"Application\",\"Computer\":\"Agamemnon\",\"Security\":null},\"EventData\":{\"Data\":{\"#text\":[\"Sigma rule match found: Alternate PowerShell Hosts (see Details tab for more information)\",\"Module: Sigma\",\"Rule_Title: Alternate PowerShell Hosts\",\"Rule_Author: Roberto Rodriguez @Cyb3rWard0g\",\"Rule_Description: Detects alternate PowerShell hosts potentially bypassing detections looking for powershell.exe\",\"Rule_FalsePositives: Programs using PowerShell directly without invocation of a dedicated interpreter, MSP Detection Searcher, Citrix ConfigSync.ps1\",\"Rule_Id: 64e8e417-c19a-475a-8d19-98ea705394cc\",\"Rule_Level: medium\",\"Rule_Link: https://github.com/SigmaHQ/sigma/blob/0.22-120-geb87ed8f4/rules/windows/powershell/powershell_module/posh_pm_alternate_powershell_hosts.yml\",\"Rule_Modified: 2022/04/21\",\"Rule_Path: public\\\\windows\\\\powershell\\\\powershell_module\\\\posh_pm_alternate_powershell_hosts.yml\",\"Rule_References: https://threathunterplaybook.com/hunts/windows/190610-PwshAlternateHosts/notebook.html\",\"Rule_Sigtype: public\",\"Computer: Agamemnon\",\"ContextInfo:         Severity = Informational\\r\\n        Host Name = Windows PowerShell ISE Host\\r\\n        Host Version = 5.1.20348.859\\r\\n        Host ID = 9053798f-2b6b-43d5-aba3-5c9ccbdc7289\\r\\n        Host Application = C:\\\\Windows\\\\system32\\\\WindowsPowerShell\\\\v1.0\\\\PowerShell_ISE.exe\\r\\n        Engine Version = 5.1.20348.859\\r\\n        Runspace ID = db1249bd-22f8-4876-b58c-ebd8d0aebd18\\r\\n        Pipeline ID = 51\\r\\n        Command Name = Update-Help\\r\\n        Command Type = Cmdlet\\r\\n        Script Name = \\r\\n        Command Path = \\r\\n        Sequence Number = 174\\r\\n        User = Agamemnon\\\\neo\\r\\n        Connected User = \\r\\n        Shell ID = Microsoft.PowerShell\\r\\n\",\"Correlation_ActivityID: {7A1A5327-347A-0000-374E-6B2144CBD801}\",\"EventID: 4103\",\"Execution_ProcessID: 1400\",\"Execution_ThreadID: 8712\",\"Keywords: 0x0\",\"Level: 4\",\"Match_Strings: '' in ContextInfo\",\"Opcode: 20\",\"Payload: Update-Help has completed successfully.\\r\\n\",\"Provider_Guid: {A0C1853B-5C40-4B15-8766-3CF1C58F985A}\",\"Provider_Name: Microsoft-Windows-PowerShell\",\"Security_UserID: S-1-5-21-3574161147-2844031704-266979156-500\",\"Task: 106\",\"TimeCreated_SystemTime: 2022-09-18T10:49:48.3167756Z\",\"UserData: \",\"Version: 1\",\"Winversion: 20348\"]},\"Binary\":null}}}",
  "xml_fields": {
    "provider": "AuroraAgent",
    "event_id": "99",
    "timestamp": "2022-09-18T10:49:48.859714Z",
    "event_record_id": "692",
    "level": "4",
    "task": "0",
    "opcode": "0",
    "keywords": "0x80000000000000",
    "channel": "Application",
    "computer": "Agamemnon",
    "_data_0": "Sigma rule match found: Alternate PowerShell Hosts (see Details tab for more information)",
    "_data_1": "Module: Sigma",
    "_data_2": "Rule_Title: Alternate PowerShell Hosts",
    "_data_3": "Rule_Author: Roberto Rodriguez @Cyb3rWard0g",
    "_data_4": "Rule_Description: Detects alternate PowerShell hosts potentially bypassing detections looking for powershell.exe",
    "_data_5": "Rule_FalsePositives: Programs using PowerShell directly without invocation of a dedicated interpreter, MSP Detection Searcher, Citrix ConfigSync.ps1",
    "_data_6": "Rule_Id: 64e8e417-c19a-475a-8d19-98ea705394cc",
    "_data_7": "Rule_Level: medium",
    "_data_8": "Rule_Link: https://github.com/SigmaHQ/sigma/blob/0.22-120-geb87ed8f4/rules/windows/powershell/powershell_module/posh_pm_alternate_powershell_hosts.yml",
    "_data_9": "Rule_Modified: 2022/04/21",
    "_data_10": "Rule_Path: public\\windows\\powershell\\powershell_module\\posh_pm_alternate_powershell_hosts.yml",
    "_data_11": "Rule_References: https://threathunterplaybook.com/hunts/windows/190610-PwshAlternateHosts/notebook.html",
    "_data_12": "Rule_Sigtype: public",
    "_data_13": "Computer: Agamemnon",
    "_data_14": "ContextInfo:         Severity = Informational\n        Host Name = Windows PowerShell ISE Host\n        Host Version = 5.1.20348.859\n        Host ID = 9053798f-2b6b-43d5-aba3-5c9ccbdc7289\n        Host Application = C:\\Windows\\system32\\WindowsPowerShell\\v1.0\\PowerShell_ISE.exe\n        Engine Version = 5.1.20348.859\n        Runspace ID = db1249bd-22f8-4876-b58c-ebd8d0aebd18\n        Pipeline ID = 51\n        Command Name = Update-Help\n        Command Type = Cmdlet\n        Script Name = \n        Command Path = \n        Sequence Number = 174\n        User = Agamemnon\\neo\n        Connected User = \n        Shell ID = Microsoft.PowerShell\n",
    "_data_15": "Correlation_ActivityID: {7A1A5327-347A-0000-374E-6B2144CBD801}",
    "_data_16": "EventID: 4103",
    "_data_17": "Execution_ProcessID: 1400",
    "_data_18": "Execution_ThreadID: 8712",
    "_data_19": "Keywords: 0x0",
    "_data_20": "Level: 4",
    "_data_21": "Match_Strings: '' in ContextInfo",
    "_data_22": "Opcode: 20",
    "_data_23": "Payload: Update-Help has completed successfully.\n",
    "_data_24": "Provider_Guid: {A0C1853B-5C40-4B15-8766-3CF1C58F985A}",
    "_data_25": "Provider_Name: Microsoft-Windows-PowerShell",
    "_data_26": "Security_UserID: S-1-5-21-3574161147-2844031704-266979156-500",
    "_data_27": "Task: 106",
    "_data_28": "TimeCreated_SystemTime: 2022-09-18T10:49:48.3167756Z",
    "_data_29": "UserData: ",
    "_data_30": "Version: 1",
    "_data_31": "Winversion: 20348"
  },
  "json_fields": {
    "provider": "AuroraAgent",
    "channel": "Application",
    "event_id": "99",
    "timestamp": "2022-09-18T10:49:48.859714Z",
    "event_record_id": "692",
    "level": "4",
    "task": "0",
    "opcode": "0",
    "keywords": "0x80000000000000",
    "computer": "Agamemnon",
    "_data_0": "Sigma rule match found: Alternate PowerShell Hosts (see Details tab for more information)",
    "_data_1": "Module: Sigma",
    "_data_2": "Rule_Title: Alternate PowerShell Hosts",
    "_data_3": "Rule_Author: Roberto Rodriguez @Cyb3rWard0g",
    "_data_4": "Rule_Description: Detects alternate PowerShell hosts potentially bypassing detections looking for powershell.exe",
    "_data_5": "Rule_FalsePositives: Programs using PowerShell directly without invocation of a dedicated interpreter, MSP Detection Searcher, Citrix ConfigSync.ps1",
    "_data_6": "Rule_Id: 64e8e417-c19a-475a-8d19-98ea705394cc",
    "_data_7": "Rule_Level: medium",
    "_data_8": "Rule_Link: https://github.com/SigmaHQ/sigma/blob/0.22-120-geb87ed8f4/rules/windows/powershell/powershell_module/posh_pm_alternate_powershell_hosts.yml",
    "_data_9": "Rule_Modified: 2022/04/21",
    "_data_10": "Rule_Path: public\\windows\\powershell\\powershell_module\\posh_pm_alternate_powershell_hosts.yml",
    "_data_11": "Rule_References: https://threathunterplaybook.com/hunts/windows/190610-PwshAlternateHosts/notebook.html",
    "_data_12": "Rule_Sigtype: public",
    "_data_13": "Computer: Agamemnon",
    "_data_14": "ContextInfo:         Severity = Informational\r\n        Host Name = Windows PowerShell ISE Host\r\n        Host Version = 5.1.20348.859\r\n        Host ID = 9053798f-2b6b-43d5-aba3-5c9ccbdc7289\r\n        Host Application = C:\\Windows\\system32\\WindowsPowerShell\\v1.0\\PowerShell_ISE.exe\r\n        Engine Version = 5.1.20348.859\r\n        Runspace ID = db1249bd-22f8-4876-b58c-ebd8d0aebd18\r\n        Pipeline ID = 51\r\n        Command Name = Update-Help\r\n        Command Type = Cmdlet\r\n        Script Name = \r\n        Command Path = \r\n        Sequence Number = 174\r\n        User = Agamemnon\\neo\r\n        Connected User = \r\n        Shell ID = Microsoft.PowerShell\r\n",
    "_data_15": "Correlation_ActivityID: {7A1A5327-347A-0000-374E-6B2144CBD801}",
    "_data_16": "EventID: 4103",
    "_data_17": "Execution_ProcessID: 1400",
    "_data_18": "Execution_ThreadID: 8712",
    "_data_19": "Keywords: 0x0",
    "_data_20": "Level: 4",
    "_data_21": "Match_Strings: '' in ContextInfo",
    "_data_22": "Opcode: 20",
    "_data_23": "Payload: Update-Help has completed successfully.\r\n",
    "_data_24": "Provider_Guid: {A0C1853B-5C40-4B15-8766-3CF1C58F985A}",
    "_data_25": "Provider_Name: Microsoft-Windows-PowerShell",
    "_data_26": "Security_UserID: S-1-5-21-3574161147-2844031704-266979156-500",
    "_data_27": "Task: 106",
    "_data_28": "TimeCreated_SystemTime: 2022-09-18T10:49:48.3167756Z",
    "_data_29": "UserData: ",
    "_data_30": "Version: 1",
    "_data_31": "Winversion: 20348"
  }
}