{
  "event_id": "9",
  "provider": "Microsoft-Windows-RPC",
  "channel": "None",
  "source_file": "D:\\visual code file\\Project_4\\Event-Analyzer\\test\\Malicious\\EVTX-ATTACK-SAMPLES\\Credential Access\\CA_PetiPotam_etw_rpc_efsr_5_6.evtx",
  "event_record_id": 1660,
  "xml": "<?xml version=\"1.0\" encoding=\"utf-8\"?>\n<Event xmlns=\"http://schemas.microsoft.com/win/2004/08/events/event\">\n  <System>\n    <Provider Name=\"Microsoft-Windows-RPC\" Guid=\"{6ad52b32-d609-4be9-ae07-ce8dae937e39}\">\n    </Provider>\n    <EventID>9</EventID>\n    <Version>1</Version>\n    <Level>5</Level>\n    <Task>0</Task>\n    <Opcode>0</Opcode>\n    <Keywords>0x4000000000000000</Keywords>\n    <TimeCreated SystemTime=\"2021-08-17T12:26:51.409985Z\">\n    </TimeCreated>\n    <EventRecordID>23550</EventRecordID>\n    <Correlation ActivityID=\"079B8F3E-9A9A-460B-B940-12D7F79D4017\">\n    </Correlation>\n    <Execution ProcessID=\"8212\" ThreadID=\"23588\">\n    </Execution>\n    <Channel>\n    </Channel>\n    <Computer>LAPTOP-JU4M3I0E</Computer>\n    <Security>\n    </Security>\n  </System>\n  <EventData>\n    <Data Name=\"Status\">1722</Data>\n  </EventData>\n</Event>\n",
  "json": "{\"Event\":{\"#attributes\":{\"xmlns\":\"http://schemas.microsoft.com/win/2004/08/events/event\"},\"System\":{\"Provider\":{\"#attributes\":{\"Name\":\"Microsoft-Windows-RPC\",\"Guid\":\"{6ad52b32-d609-4be9-ae07-ce8dae937e39}\"}},\"EventID\":9,\"Version\":1,\"Level\":5,\"Task\":0,\"Opcode\":0,\"Keywords\":\"0x4000000000000000\",\"TimeCreated\":{\"#attributes\":{\"SystemTime\":\"2021-08-17T12:26:51.409985Z\"}},\"EventRecordID\":23550,\"Correlation\":{\"#attributes\":{\"ActivityID\":\"079B8F3E-9A9A-460B-B940-12D7F79D4017\"}},\"Execution\":{\"#attributes\":{\"ProcessID\":8212,\"ThreadID\":23588}},\"Channel\":null,\"Computer\":\"LAPTOP-JU4M3I0E\",\"Security\":null},\"EventData\":{\"Status\":1722}}}",
  "xml_fields": {
    "provider": "Microsoft-Windows-RPC",
    "event_id": "9",
    "timestamp": "2021-08-17T12:26:51.409985Z",
    "event_record_id": "23550",
    "level": "5",
    "task": "0",
    "opcode": "0",
    "keywords": "0x4000000000000000",
    "channel": "\n    ",
    "computer": "LAPTOP-JU4M3I0E",
    "Status": "1722"
  },
  "json_fields": {
    "provider": "Microsoft-Windows-RPC",
    "event_id": "9",
    "timestamp": "2021-08-17T12:26:51.409985Z",
    "event_record_id": "23550",
    "level": "5",
    "task": "0",
    "opcode": "0",
    "keywords": "0x4000000000000000",
    "computer": "LAPTOP-JU4M3I0E",
    "Status": "1722"
  }
}