{
  "event_id": "9",
  "provider": "Microsoft-Windows-Ntfs",
  "channel": "Microsoft-Windows-Ntfs/Operational",
  "source_file": "D:\\visual code file\\Project_4\\Event-Analyzer\\test\\Benign\\Logs_Win11\\Microsoft-Windows-Ntfs%4Operational.evtx",
  "event_record_id": 1,
  "xml": "<?xml version=\"1.0\" encoding=\"utf-8\"?>\n<Event xmlns=\"http://schemas.microsoft.com/win/2004/08/events/event\">\n  <System>\n    <Provider Name=\"Microsoft-Windows-Ntfs\" Guid=\"3FF37A1C-A68D-4D6E-8C9B-F79E8B16C482\">\n    </Provider>\n    <EventID>9</EventID>\n    <Version>0</Version>\n    <Level>4</Level>\n    <Task>0</Task>\n    <Opcode>0</Opcode>\n    <Keywords>0x4000000000200000</Keywords>\n    <TimeCreated SystemTime=\"2022-03-01T16:42:05.532411Z\">\n    </TimeCreated>\n    <EventRecordID>1</EventRecordID>\n    <Correlation>\n    </Correlation>\n    <Execution ProcessID=\"4\" ThreadID=\"200\">\n    </Execution>\n    <Channel>Microsoft-Windows-Ntfs/Operational</Channel>\n    <Computer>WIN-KPO4DDU11AB</Computer>\n    <Security UserID=\"S-1-5-18\">\n    </Security>\n  </System>\n  <EventData>\n    <Data Name=\"VolumeCorrelationId\">4A4B25B1-8AA6-412B-8C46-2E87F31C2941</Data>\n    <Data Name=\"VolumeIdLength\">2</Data>\n    <Data Name=\"VolumeId\">C:</Data>\n    <Data Name=\"VolumeLabelLength\">0</Data>\n    <Data Name=\"VolumeLabel\"></Data>\n    <Data Name=\"DeviceNameLength\">23</Data>\n    <Data Name=\"DeviceName\">\\Device\\HarddiskVolume3</Data>\n    <Data Name=\"DeviceGuid\">7B6F1752-BD95-6E22-E3A5-6EE8419ECAD7</Data>\n    <Data Name=\"VendorIdLength\">0</Data>\n    <Data Name=\"VendorId\"></Data>\n    <Data Name=\"ProductIdLength\">24</Data>\n    <Data Name=\"ProductId\">VMware Virtual NVMe Disk</Data>\n    <Data Name=\"ProductRevisionLength\">3</Data>\n    <Data Name=\"ProductRevision\">1.0</Data>\n    <Data Name=\"DeviceSerialNumberLength\">16</Data>\n    <Data Name=\"DeviceSerialNumber\">VMWare NVME_0000</Data>\n    <Data Name=\"BusType\">17</Data>\n    <Data Name=\"AdapterSerialNumberLength\">16</Data>\n    <Data Name=\"AdapterSerialNumber\">VMWare NVME_0000</Data>\n    <Data Name=\"DurationUs\">7282</Data>\n    <Data Name=\"InputFlags\">0xe</Data>\n    <Data Name=\"Reason\">1</Data>\n    <Data Name=\"Flags\">0x10</Data>\n  </EventData>\n</Event>\n",
  "json": "{\"Event\":{\"#attributes\":{\"xmlns\":\"http://schemas.microsoft.com/win/2004/08/events/event\"},\"System\":{\"Provider\":{\"#attributes\":{\"Name\":\"Microsoft-Windows-Ntfs\",\"Guid\":\"3FF37A1C-A68D-4D6E-8C9B-F79E8B16C482\"}},\"EventID\":9,\"Version\":0,\"Level\":4,\"Task\":0,\"Opcode\":0,\"Keywords\":\"0x4000000000200000\",\"TimeCreated\":{\"#attributes\":{\"SystemTime\":\"2022-03-01T16:42:05.532411Z\"}},\"EventRecordID\":1,\"Correlation\":null,\"Execution\":{\"#attributes\":{\"ProcessID\":4,\"ThreadID\":200}},\"Channel\":\"Microsoft-Windows-Ntfs/Operational\",\"Computer\":\"WIN-KPO4DDU11AB\",\"Security\":{\"#attributes\":{\"UserID\":\"S-1-5-18\"}}},\"EventData\":{\"VolumeCorrelationId\":\"4A4B25B1-8AA6-412B-8C46-2E87F31C2941\",\"VolumeIdLength\":2,\"VolumeId\":\"C:\",\"VolumeLabelLength\":0,\"VolumeLabel\":\"\",\"DeviceNameLength\":23,\"DeviceName\":\"\\\\Device\\\\HarddiskVolume3\",\"DeviceGuid\":\"7B6F1752-BD95-6E22-E3A5-6EE8419ECAD7\",\"VendorIdLength\":0,\"VendorId\":\"\",\"ProductIdLength\":24,\"ProductId\":\"VMware Virtual NVMe Disk\",\"ProductRevisionLength\":3,\"ProductRevision\":\"1.0\",\"DeviceSerialNumberLength\":16,\"DeviceSerialNumber\":\"VMWare NVME_0000\",\"BusType\":17,\"AdapterSerialNumberLength\":16,\"AdapterSerialNumber\":\"VMWare NVME_0000\",\"DurationUs\":7282,\"InputFlags\":\"0xe\",\"Reason\":1,\"Flags\":\"0x10\"}}}",
  "xml_fields": {
    "provider": "Microsoft-Windows-Ntfs",
    "event_id": "9",
    "timestamp": "2022-03-01T16:42:05.532411Z",
    "event_record_id": "1",
    "level": "4",
    "task": "0",
    "opcode": "0",
    "keywords": "0x4000000000200000",
    "channel": "Microsoft-Windows-Ntfs/Operational",
    "computer": "WIN-KPO4DDU11AB",
    "VolumeCorrelationId": "4A4B25B1-8AA6-412B-8C46-2E87F31C2941",
    "VolumeIdLength": "2",
    "VolumeId": "C:",
    "VolumeLabelLength": "0",
    "VolumeLabel": "",
    "DeviceNameLength": "23",
    "DeviceName": "\\Device\\HarddiskVolume3",
    "DeviceGuid": "7B6F1752-BD95-6E22-E3A5-6EE8419ECAD7",
    "VendorIdLength": "0",
    "VendorId": "",
    "ProductIdLength": "24",
    "ProductId": "VMware Virtual NVMe Disk",
    "ProductRevisionLength": "3",
    "ProductRevision": "1.0",
    "DeviceSerialNumberLength": "16",
    "DeviceSerialNumber": "VMWare NVME_0000",
    "BusType": "17",
    "AdapterSerialNumberLength": "16",
    "AdapterSerialNumber": "VMWare NVME_0000",
    "DurationUs": "7282",
    "InputFlags": "0xe",
    "Reason": "1",
    "Flags": "0x10"
  },
  "json_fields": {
    "provider": "Microsoft-Windows-Ntfs",
    "channel": "Microsoft-Windows-Ntfs/Operational",
    "event_id": "9",
    "timestamp": "2022-03-01T16:42:05.532411Z",
    "event_record_id": "1",
    "level": "4",
    "task": "0",
    "opcode": "0",
    "keywords": "0x4000000000200000",
    "computer": "WIN-KPO4DDU11AB",
    "VolumeCorrelationId": "4A4B25B1-8AA6-412B-8C46-2E87F31C2941",
    "VolumeIdLength": "2",
    "VolumeId": "C:",
    "VolumeLabelLength": "0",
    "VolumeLabel": "",
    "DeviceNameLength": "23",
    "DeviceName": "\\Device\\HarddiskVolume3",
    "DeviceGuid": "7B6F1752-BD95-6E22-E3A5-6EE8419ECAD7",
    "VendorIdLength": "0",
    "VendorId": "",
    "ProductIdLength": "24",
    "ProductId": "VMware Virtual NVMe Disk",
    "ProductRevisionLength": "3",
    "ProductRevision": "1.0",
    "DeviceSerialNumberLength": "16",
    "DeviceSerialNumber": "VMWare NVME_0000",
    "BusType": "17",
    "AdapterSerialNumberLength": "16",
    "AdapterSerialNumber": "VMWare NVME_0000",
    "DurationUs": "7282",
    "InputFlags": "0xe",
    "Reason": "1",
    "Flags": "0x10"
  }
}