{
  "event_id": "9",
  "provider": "Microsoft-Windows-Sysmon",
  "channel": "Microsoft-Windows-Sysmon/Operational",
  "source_file": "D:\\visual code file\\Project_4\\Event-Analyzer\\test\\Benign\\Logs_Client\\Microsoft-Windows-Sysmon%4Operational.evtx",
  "event_record_id": 841889,
  "xml": "<?xml version=\"1.0\" encoding=\"utf-8\"?>\n<Event xmlns=\"http://schemas.microsoft.com/win/2004/08/events/event\">\n  <System>\n    <Provider Name=\"Microsoft-Windows-Sysmon\" Guid=\"5770385F-C22A-43E0-BF4C-06F5698FFBD9\">\n    </Provider>\n    <EventID>9</EventID>\n    <Version>2</Version>\n    <Level>4</Level>\n    <Task>9</Task>\n    <Opcode>0</Opcode>\n    <Keywords>0x8000000000000000</Keywords>\n    <TimeCreated SystemTime=\"2022-02-08T11:41:19.353566Z\">\n    </TimeCreated>\n    <EventRecordID>841889</EventRecordID>\n    <Correlation>\n    </Correlation>\n    <Execution ProcessID=\"2364\" ThreadID=\"2792\">\n    </Execution>\n    <Channel>Microsoft-Windows-Sysmon/Operational</Channel>\n    <Computer>DESKTOP-A8CALR3</Computer>\n    <Security UserID=\"S-1-5-18\">\n    </Security>\n  </System>\n  <EventData>\n    <Data Name=\"RuleName\">-</Data>\n    <Data Name=\"UtcTime\">2022-02-08 11:41:19.341</Data>\n    <Data Name=\"ProcessGuid\">50A1B328-23E8-6202-EB03-000000000000</Data>\n    <Data Name=\"ProcessId\">4</Data>\n    <Data Name=\"Image\">System</Data>\n    <Data Name=\"Device\">\\Device\\HarddiskVolume3</Data>\n    <Data Name=\"User\">NT AUTHORITY\\SYSTEM</Data>\n  </EventData>\n</Event>\n",
  "json": "{\"Event\":{\"#attributes\":{\"xmlns\":\"http://schemas.microsoft.com/win/2004/08/events/event\"},\"System\":{\"Provider\":{\"#attributes\":{\"Name\":\"Microsoft-Windows-Sysmon\",\"Guid\":\"5770385F-C22A-43E0-BF4C-06F5698FFBD9\"}},\"EventID\":9,\"Version\":2,\"Level\":4,\"Task\":9,\"Opcode\":0,\"Keywords\":\"0x8000000000000000\",\"TimeCreated\":{\"#attributes\":{\"SystemTime\":\"2022-02-08T11:41:19.353566Z\"}},\"EventRecordID\":841889,\"Correlation\":null,\"Execution\":{\"#attributes\":{\"ProcessID\":2364,\"ThreadID\":2792}},\"Channel\":\"Microsoft-Windows-Sysmon/Operational\",\"Computer\":\"DESKTOP-A8CALR3\",\"Security\":{\"#attributes\":{\"UserID\":\"S-1-5-18\"}}},\"EventData\":{\"RuleName\":\"-\",\"UtcTime\":\"2022-02-08 11:41:19.341\",\"ProcessGuid\":\"50A1B328-23E8-6202-EB03-000000000000\",\"ProcessId\":4,\"Image\":\"System\",\"Device\":\"\\\\Device\\\\HarddiskVolume3\",\"User\":\"NT AUTHORITY\\\\SYSTEM\"}}}",
  "xml_fields": {
    "provider": "Microsoft-Windows-Sysmon",
    "event_id": "9",
    "timestamp": "2022-02-08T11:41:19.353566Z",
    "event_record_id": "841889",
    "level": "4",
    "task": "9",
    "opcode": "0",
    "keywords": "0x8000000000000000",
    "channel": "Microsoft-Windows-Sysmon/Operational",
    "computer": "DESKTOP-A8CALR3",
    "RuleName": "-",
    "UtcTime": "2022-02-08 11:41:19.341",
    "ProcessGuid": "50A1B328-23E8-6202-EB03-000000000000",
    "ProcessId": "4",
    "Image": "System",
    "Device": "\\Device\\HarddiskVolume3",
    "User": "NT AUTHORITY\\SYSTEM"
  },
  "json_fields": {
    "provider": "Microsoft-Windows-Sysmon",
    "channel": "Microsoft-Windows-Sysmon/Operational",
    "event_id": "9",
    "timestamp": "2022-02-08T11:41:19.353566Z",
    "event_record_id": "841889",
    "level": "4",
    "task": "9",
    "opcode": "0",
    "keywords": "0x8000000000000000",
    "computer": "DESKTOP-A8CALR3",
    "RuleName": "-",
    "UtcTime": "2022-02-08 11:41:19.341",
    "ProcessGuid": "50A1B328-23E8-6202-EB03-000000000000",
    "ProcessId": "4",
    "Image": "System",
    "Device": "\\Device\\HarddiskVolume3",
    "User": "NT AUTHORITY\\SYSTEM"
  }
}