{
  "event_id": "9",
  "provider": "Microsoft-Windows-ServerManager-MultiMachine",
  "channel": "Microsoft-Windows-ServerManager-MultiMachine/Operational",
  "source_file": "D:\\visual code file\\Project_4\\Event-Analyzer\\test\\Benign\\win2022-0-20348-azure\\Microsoft-Windows-ServerManager-MultiMachine%4Operational.evtx",
  "event_record_id": 897,
  "xml": "<?xml version=\"1.0\" encoding=\"utf-8\"?>\n<Event xmlns=\"http://schemas.microsoft.com/win/2004/08/events/event\">\n  <System>\n    <Provider Name=\"Microsoft-Windows-ServerManager-MultiMachine\" Guid=\"D8D37081-10BD-4A89-A971-1CDA6899BDB3\">\n    </Provider>\n    <EventID>9</EventID>\n    <Version>0</Version>\n    <Level>4</Level>\n    <Task>12</Task>\n    <Opcode>1</Opcode>\n    <Keywords>0x2000000000000000</Keywords>\n    <TimeCreated SystemTime=\"2022-09-18T09:55:54.035232Z\">\n    </TimeCreated>\n    <EventRecordID>897</EventRecordID>\n    <Correlation ActivityID=\"E6DBB05E-746C-4ABB-BAB6-11B2D4129815\">\n    </Correlation>\n    <Execution ProcessID=\"6028\" ThreadID=\"5948\">\n    </Execution>\n    <Channel>Microsoft-Windows-ServerManager-MultiMachine/Operational</Channel>\n    <Computer>Agamemnon</Computer>\n    <Security UserID=\"S-1-5-21-3574161147-2844031704-266979156-500\">\n    </Security>\n  </System>\n  <EventData>\n    <Data Name=\"ID\">C7A84648-A103-4D0F-998D-0ED57E01A4AA</Data>\n    <Data Name=\"Command\">ServerManagerShell\\Add-_InternalWindowsRole</Data>\n    <Data Name=\"Target\">localhost</Data>\n    <Data Name=\"State\">Completed</Data>\n  </EventData>\n</Event>\n",
  "json": "{\"Event\":{\"#attributes\":{\"xmlns\":\"http://schemas.microsoft.com/win/2004/08/events/event\"},\"System\":{\"Provider\":{\"#attributes\":{\"Name\":\"Microsoft-Windows-ServerManager-MultiMachine\",\"Guid\":\"D8D37081-10BD-4A89-A971-1CDA6899BDB3\"}},\"EventID\":9,\"Version\":0,\"Level\":4,\"Task\":12,\"Opcode\":1,\"Keywords\":\"0x2000000000000000\",\"TimeCreated\":{\"#attributes\":{\"SystemTime\":\"2022-09-18T09:55:54.035232Z\"}},\"EventRecordID\":897,\"Correlation\":{\"#attributes\":{\"ActivityID\":\"E6DBB05E-746C-4ABB-BAB6-11B2D4129815\"}},\"Execution\":{\"#attributes\":{\"ProcessID\":6028,\"ThreadID\":5948}},\"Channel\":\"Microsoft-Windows-ServerManager-MultiMachine/Operational\",\"Computer\":\"Agamemnon\",\"Security\":{\"#attributes\":{\"UserID\":\"S-1-5-21-3574161147-2844031704-266979156-500\"}}},\"EventData\":{\"ID\":\"C7A84648-A103-4D0F-998D-0ED57E01A4AA\",\"Command\":\"ServerManagerShell\\\\Add-_InternalWindowsRole\",\"Target\":\"localhost\",\"State\":\"Completed\"}}}",
  "xml_fields": {
    "provider": "Microsoft-Windows-ServerManager-MultiMachine",
    "event_id": "9",
    "timestamp": "2022-09-18T09:55:54.035232Z",
    "event_record_id": "897",
    "level": "4",
    "task": "12",
    "opcode": "1",
    "keywords": "0x2000000000000000",
    "channel": "Microsoft-Windows-ServerManager-MultiMachine/Operational",
    "computer": "Agamemnon",
    "ID": "C7A84648-A103-4D0F-998D-0ED57E01A4AA",
    "Command": "ServerManagerShell\\Add-_InternalWindowsRole",
    "Target": "localhost",
    "State": "Completed"
  },
  "json_fields": {
    "provider": "Microsoft-Windows-ServerManager-MultiMachine",
    "channel": "Microsoft-Windows-ServerManager-MultiMachine/Operational",
    "event_id": "9",
    "timestamp": "2022-09-18T09:55:54.035232Z",
    "event_record_id": "897",
    "level": "4",
    "task": "12",
    "opcode": "1",
    "keywords": "0x2000000000000000",
    "computer": "Agamemnon",
    "ID": "C7A84648-A103-4D0F-998D-0ED57E01A4AA",
    "Command": "ServerManagerShell\\Add-_InternalWindowsRole",
    "Target": "localhost",
    "State": "Completed"
  }
}