{
  "event_id": "9",
  "provider": "Microsoft-Windows-Crypto-NCrypt",
  "channel": "Microsoft-Windows-Crypto-NCrypt/Operational",
  "source_file": "D:\\visual code file\\Project_4\\Event-Analyzer\\test\\Logs\\Microsoft-Windows-Crypto-NCrypt%4Operational.evtx",
  "event_record_id": 2,
  "xml": "<?xml version=\"1.0\" encoding=\"utf-8\"?>\n<Event xmlns=\"http://schemas.microsoft.com/win/2004/08/events/event\">\n  <System>\n    <Provider Name=\"Microsoft-Windows-Crypto-NCrypt\" Guid=\"E8ED09DC-100C-45E2-9FC8-B53399EC1F70\">\n    </Provider>\n    <EventID>9</EventID>\n    <Version>0</Version>\n    <Level>5</Level>\n    <Task>9</Task>\n    <Opcode>0</Opcode>\n    <Keywords>0x8000000000000001</Keywords>\n    <TimeCreated SystemTime=\"2024-11-05T01:34:16.634701Z\">\n    </TimeCreated>\n    <EventRecordID>2</EventRecordID>\n    <Correlation ActivityID=\"CC60C7CA-2F22-0001-B1C8-60CC222FDB01\">\n    </Correlation>\n    <Execution ProcessID=\"652\" ThreadID=\"704\">\n    </Execution>\n    <Channel>Microsoft-Windows-Crypto-NCrypt/Operational</Channel>\n    <Computer>DESKTOP-P9H5FTA</Computer>\n    <Security UserID=\"S-1-5-18\">\n    </Security>\n  </System>\n  <EventData>\n    <Data Name=\"ProviderName\">Microsoft Software Key Storage Provider</Data>\n    <Data Name=\"KeyModificationType\">0x1</Data>\n    <Data Name=\"Flags\">0x0</Data>\n    <Data Name=\"KeyName\">4d4af5d1-e639-4bdd-b5c8-f1a6f481fa40</Data>\n    <Data Name=\"KeyFileName\">bc492a5a656976e3eacc1a896d2e0b87_74e48708-489c-4126-ae15-7c3645ca6c65</Data>\n    <Data Name=\"ProcessName\">C:\\Windows\\System32\\svchost.exe</Data>\n    <Data Name=\"ProcessId\">0x5ac</Data>\n    <Data Name=\"ThreadId\">0x2c0</Data>\n    <Data Name=\"UserId\">S-1-5-18</Data>\n    <Data Name=\"ServiceTag\">wlidsvc</Data>\n    <Data Name=\"Status\">0x0</Data>\n  </EventData>\n</Event>\n",
  "json": "{\"Event\":{\"#attributes\":{\"xmlns\":\"http://schemas.microsoft.com/win/2004/08/events/event\"},\"System\":{\"Provider\":{\"#attributes\":{\"Name\":\"Microsoft-Windows-Crypto-NCrypt\",\"Guid\":\"E8ED09DC-100C-45E2-9FC8-B53399EC1F70\"}},\"EventID\":9,\"Version\":0,\"Level\":5,\"Task\":9,\"Opcode\":0,\"Keywords\":\"0x8000000000000001\",\"TimeCreated\":{\"#attributes\":{\"SystemTime\":\"2024-11-05T01:34:16.634701Z\"}},\"EventRecordID\":2,\"Correlation\":{\"#attributes\":{\"ActivityID\":\"CC60C7CA-2F22-0001-B1C8-60CC222FDB01\"}},\"Execution\":{\"#attributes\":{\"ProcessID\":652,\"ThreadID\":704}},\"Channel\":\"Microsoft-Windows-Crypto-NCrypt/Operational\",\"Computer\":\"DESKTOP-P9H5FTA\",\"Security\":{\"#attributes\":{\"UserID\":\"S-1-5-18\"}}},\"EventData\":{\"ProviderName\":\"Microsoft Software Key Storage Provider\",\"KeyModificationType\":\"0x1\",\"Flags\":\"0x0\",\"KeyName\":\"4d4af5d1-e639-4bdd-b5c8-f1a6f481fa40\",\"KeyFileName\":\"bc492a5a656976e3eacc1a896d2e0b87_74e48708-489c-4126-ae15-7c3645ca6c65\",\"ProcessName\":\"C:\\\\Windows\\\\System32\\\\svchost.exe\",\"ProcessId\":\"0x5ac\",\"ThreadId\":\"0x2c0\",\"UserId\":\"S-1-5-18\",\"ServiceTag\":\"wlidsvc\",\"Status\":\"0x0\"}}}",
  "xml_fields": {
    "provider": "Microsoft-Windows-Crypto-NCrypt",
    "event_id": "9",
    "timestamp": "2024-11-05T01:34:16.634701Z",
    "event_record_id": "2",
    "level": "5",
    "task": "9",
    "opcode": "0",
    "keywords": "0x8000000000000001",
    "channel": "Microsoft-Windows-Crypto-NCrypt/Operational",
    "computer": "DESKTOP-P9H5FTA",
    "ProviderName": "Microsoft Software Key Storage Provider",
    "KeyModificationType": "0x1",
    "Flags": "0x0",
    "KeyName": "4d4af5d1-e639-4bdd-b5c8-f1a6f481fa40",
    "KeyFileName": "bc492a5a656976e3eacc1a896d2e0b87_74e48708-489c-4126-ae15-7c3645ca6c65",
    "ProcessName": "C:\\Windows\\System32\\svchost.exe",
    "ProcessId": "0x5ac",
    "ThreadId": "0x2c0",
    "UserId": "S-1-5-18",
    "ServiceTag": "wlidsvc",
    "Status": "0x0"
  },
  "json_fields": {
    "provider": "Microsoft-Windows-Crypto-NCrypt",
    "channel": "Microsoft-Windows-Crypto-NCrypt/Operational",
    "event_id": "9",
    "timestamp": "2024-11-05T01:34:16.634701Z",
    "event_record_id": "2",
    "level": "5",
    "task": "9",
    "opcode": "0",
    "keywords": "0x8000000000000001",
    "computer": "DESKTOP-P9H5FTA",
    "ProviderName": "Microsoft Software Key Storage Provider",
    "KeyModificationType": "0x1",
    "Flags": "0x0",
    "KeyName": "4d4af5d1-e639-4bdd-b5c8-f1a6f481fa40",
    "KeyFileName": "bc492a5a656976e3eacc1a896d2e0b87_74e48708-489c-4126-ae15-7c3645ca6c65",
    "ProcessName": "C:\\Windows\\System32\\svchost.exe",
    "ProcessId": "0x5ac",
    "ThreadId": "0x2c0",
    "UserId": "S-1-5-18",
    "ServiceTag": "wlidsvc",
    "Status": "0x0"
  }
}